Hash Join  (cost=2684.49..574564.35 rows=17849 width=285) (actual time=11280.645..11280.645 rows=0 loops=1)
  Hash Cond: (catalog_sales.cs_sold_date_sk = date_dim.d_date_sk)
  ->  Seq Scan on catalog_sales  (cost=0.00..517696.36 rows=14401336 width=167) (actual time=0.416..9627.164 rows=14401261 loops=1)
  ->  Hash  (cost=2683.36..2683.36 rows=91 width=118) (actual time=22.707..22.707 rows=92 loops=1)
        Buckets: 1024  Batches: 1  Memory Usage: 14kB
        ->  Seq Scan on date_dim  (cost=0.00..2683.36 rows=91 width=118) (actual time=11.768..22.679 rows=92 loops=1)
              Filter: ((d_moy >= 3) AND (d_moy <= 5) AND (d_year = 2004))
              Rows Removed by Filter: 72957
Total runtime: 11280.708 ms
