Hash Join  (cost=23221.21..939890.77 rows=407 width=878) (actual time=618.114..14187.358 rows=20571 loops=1)
  Hash Cond: (store_sales.ss_addr_sk = customer_address.ca_address_sk)
  ->  Hash Join  (cost=11559.58..926038.79 rows=1167 width=733) (actual time=218.651..13745.840 rows=58703 loops=1)
        Hash Cond: (store_sales.ss_item_sk = item.i_item_sk)
        ->  Hash Join  (cost=2501.12..915536.87 rows=11675 width=229) (actual time=19.543..12426.875 rows=592470 loops=1)
              Hash Cond: (store_sales.ss_sold_date_sk = date_dim.d_date_sk)
              ->  Seq Scan on store_sales  (cost=0.00..804916.00 rows=28800800 width=111) (actual time=0.008..8995.587 rows=28800991 loops=1)
              ->  Hash  (cost=2500.73..2500.73 rows=31 width=118) (actual time=17.698..17.698 rows=31 loops=1)
                    Buckets: 1024  Batches: 1  Memory Usage: 5kB
                    ->  Seq Scan on date_dim  (cost=0.00..2500.73 rows=31 width=118) (actual time=8.699..17.685 rows=31 loops=1)
                          Filter: ((d_year = 1998) AND (d_moy = 8))
                          Rows Removed by Filter: 73018
        ->  Hash  (cost=8273.00..8273.00 rows=10197 width=504) (actual time=189.865..189.865 rows=10149 loops=1)
              Buckets: 1024  Batches: 8  Memory Usage: 687kB
              ->  Seq Scan on item  (cost=0.00..8273.00 rows=10197 width=504) (actual time=0.012..179.694 rows=10149 loops=1)
                    Filter: (i_category = 'Children'::bpchar)
                    Rows Removed by Filter: 91851
  ->  Hash  (cost=8560.00..8560.00 rows=91250 width=145) (actual time=149.533..149.533 rows=90666 loops=1)
        Buckets: 1024  Batches: 32  Memory Usage: 504kB
        ->  Seq Scan on customer_address  (cost=0.00..8560.00 rows=91250 width=145) (actual time=0.006..114.374 rows=90666 loops=1)
              Filter: (ca_gmt_offset = (-5)::numeric)
              Rows Removed by Filter: 159334
Total runtime: 14188.366 ms
