Hash Join  (cost=2504.98..916704.48 rows=128050 width=229) (actual time=18.466..12447.220 rows=5511570 loops=1)
  Hash Cond: (store_sales.ss_sold_date_sk = d1.d_date_sk)
  ->  Seq Scan on store_sales  (cost=0.00..804916.00 rows=28800800 width=111) (actual time=0.008..6073.768 rows=28800991 loops=1)
  ->  Hash  (cost=2500.73..2500.73 rows=340 width=118) (actual time=18.328..18.328 rows=365 loops=1)
        Buckets: 1024  Batches: 1  Memory Usage: 55kB
        ->  Seq Scan on date_dim d1  (cost=0.00..2500.73 rows=340 width=118) (actual time=8.038..18.248 rows=365 loops=1)
              Filter: ((d_month_seq >= 1181) AND (d_month_seq <= 1192))
              Rows Removed by Filter: 72684
Total runtime: 12677.092 ms
