Hash Join  (cost=10775.91..297578.69 rows=7 width=788) (actual time=204.749..2661.648 rows=384 loops=1)
  Hash Cond: (web_sales.ws_sold_date_sk = date_dim.d_date_sk)
  ->  Hash Join  (cost=8274.11..295053.27 rows=6280 width=670) (actual time=183.253..2640.739 rows=14223 loops=1)
        Hash Cond: (web_sales.ws_item_sk = item.i_item_sk)
        ->  Seq Scan on web_sales  (cost=0.00..259724.99 rows=7197699 width=166) (actual time=0.052..1638.328 rows=7197566 loops=1)
        ->  Hash  (cost=8273.00..8273.00 rows=89 width=504) (actual time=182.704..182.704 rows=198 loops=1)
              Buckets: 1024  Batches: 1  Memory Usage: 104kB
              ->  Seq Scan on item  (cost=0.00..8273.00 rows=89 width=504) (actual time=2.823..182.536 rows=198 loops=1)
                    Filter: (i_manufact_id = 248)
                    Rows Removed by Filter: 101802
  ->  Hash  (cost=2500.73..2500.73 rows=85 width=118) (actual time=17.567..17.567 rows=91 loops=1)
        Buckets: 1024  Batches: 1  Memory Usage: 14kB
        ->  Seq Scan on date_dim  (cost=0.00..2500.73 rows=85 width=118) (actual time=7.874..17.535 rows=91 loops=1)
              Filter: ((d_date >= '2000-02-02'::date) AND (d_date <= '2000-05-02'::date))
              Rows Removed by Filter: 72958
Total runtime: 2661.825 ms
