Hash Join  (cost=2505.02..574879.15 rows=67276 width=285) (actual time=2441.967..12025.607 rows=2859345 loops=1)
  Hash Cond: (catalog_sales.cs_sold_date_sk = date_dim.d_date_sk)
  ->  Seq Scan on catalog_sales  (cost=0.00..517696.36 rows=14401336 width=167) (actual time=0.196..8326.548 rows=14401261 loops=1)
  ->  Hash  (cost=2500.73..2500.73 rows=343 width=118) (actual time=18.204..18.204 rows=366 loops=1)
        Buckets: 1024  Batches: 1  Memory Usage: 56kB
        ->  Seq Scan on date_dim  (cost=0.00..2500.73 rows=343 width=118) (actual time=7.965..18.121 rows=366 loops=1)
              Filter: ((d_month_seq >= 1191) AND (d_month_seq <= 1202))
              Rows Removed by Filter: 72683
Total runtime: 12143.858 ms
