Seq Scan on item  (cost=0.00..15158.00 rows=24 width=504) (actual time=1.621..101.572 rows=25 loops=1)
  Filter: (((i_category = 'Women'::bpchar) AND ((i_color = 'olive'::bpchar) OR (i_color = 'grey'::bpchar)) AND ((i_units = 'Bundle'::bpchar) OR (i_units = 'Cup'::bpchar)) AND ((i_size = 'petite'::bpchar) OR (i_size = 'small'::bpchar))) OR ((i_category = 'Women'::bpchar) AND ((i_color = 'hot'::bpchar) OR (i_color = 'thistle'::bpchar)) AND ((i_units = 'Box'::bpchar) OR (i_units = 'Each'::bpchar)) AND ((i_size = 'large'::bpchar) OR (i_size = 'medium'::bpchar))) OR ((i_category = 'Men'::bpchar) AND ((i_color = 'chiffon'::bpchar) OR (i_color = 'yellow'::bpchar)) AND ((i_units = 'Carton'::bpchar) OR (i_units = 'Dozen'::bpchar)) AND ((i_size = 'NA'::bpchar) OR (i_size = 'extra_large'::bpchar))) OR ((i_category = 'Men'::bpchar) AND ((i_color = 'bisque'::bpchar) OR (i_color = 'turquoise'::bpchar)) AND ((i_units = 'Case'::bpchar) OR (i_units = 'Tsp'::bpchar)) AND ((i_size = 'petite'::bpchar) OR (i_size = 'small'::bpchar))))
  Rows Removed by Filter: 101975
Total runtime: 101.615 ms
