Seq Scan on item  (cost=0.00..15158.00 rows=33 width=504) (actual time=1.071..102.828 rows=21 loops=1)
  Filter: (((i_category = 'Women'::bpchar) AND ((i_color = 'chocolate'::bpchar) OR (i_color = 'lemon'::bpchar)) AND ((i_units = 'Unknown'::bpchar) OR (i_units = 'Oz'::bpchar)) AND ((i_size = 'petite'::bpchar) OR (i_size = 'small'::bpchar))) OR ((i_category = 'Women'::bpchar) AND ((i_color = 'light'::bpchar) OR (i_color = 'ivory'::bpchar)) AND ((i_units = 'Ounce'::bpchar) OR (i_units = 'Ton'::bpchar)) AND ((i_size = 'large'::bpchar) OR (i_size = 'medium'::bpchar))) OR ((i_category = 'Men'::bpchar) AND ((i_color = 'rose'::bpchar) OR (i_color = 'sandy'::bpchar)) AND ((i_units = 'Pound'::bpchar) OR (i_units = 'Lb'::bpchar)) AND ((i_size = 'NA'::bpchar) OR (i_size = 'extra_large'::bpchar))) OR ((i_category = 'Men'::bpchar) AND ((i_color = 'wheat'::bpchar) OR (i_color = 'burnished'::bpchar)) AND ((i_units = 'Dram'::bpchar) OR (i_units = 'Pallet'::bpchar)) AND ((i_size = 'petite'::bpchar) OR (i_size = 'small'::bpchar))))
  Rows Removed by Filter: 101979
Total runtime: 102.875 ms
