Hash Join  (cost=2969.26..960876.67 rows=11424 width=533) (actual time=38.771..13616.626 rows=12452 loops=1)
  Hash Cond: (store_sales.ss_hdemo_sk = household_demographics.hd_demo_sk)
  ->  Hash Join  (cost=2721.86..960234.70 rows=74753 width=501) (actual time=26.593..13598.799 rows=74521 loops=1)
        Hash Cond: (store_sales.ss_store_sk = store.s_store_sk)
        ->  Hash Join  (cost=2715.41..957341.09 rows=570568 width=214) (actual time=24.528..13487.330 rows=551977 loops=1)
              Hash Cond: (store_sales.ss_sold_time_sk = time_dim.t_time_sk)
              ->  Seq Scan on store_sales  (cost=0.00..804916.00 rows=28800800 width=111) (actual time=0.004..9856.647 rows=28800991 loops=1)
              ->  Hash  (cost=2693.00..2693.00 rows=1793 width=103) (actual time=23.929..23.929 rows=1800 loops=1)
                    Buckets: 1024  Batches: 1  Memory Usage: 243kB
                    ->  Seq Scan on time_dim  (cost=0.00..2693.00 rows=1793 width=103) (actual time=7.706..23.583 rows=1800 loops=1)
                          Filter: ((t_minute >= 30) AND (t_hour = 8))
                          Rows Removed by Filter: 84600
        ->  Hash  (cost=6.28..6.28 rows=14 width=287) (actual time=0.040..0.040 rows=14 loops=1)
              Buckets: 1024  Batches: 1  Memory Usage: 5kB
              ->  Seq Scan on store  (cost=0.00..6.28 rows=14 width=287) (actual time=0.004..0.036 rows=14 loops=1)
                    Filter: ((s_store_name)::text = 'ese'::text)
                    Rows Removed by Filter: 88
  ->  Hash  (cost=233.00..233.00 rows=1152 width=32) (actual time=2.163..2.163 rows=1200 loops=1)
        Buckets: 1024  Batches: 1  Memory Usage: 75kB
        ->  Seq Scan on household_demographics  (cost=0.00..233.00 rows=1152 width=32) (actual time=0.009..2.013 rows=1200 loops=1)
              Filter: (((hd_dep_count = 4) AND (hd_vehicle_count <= 6)) OR ((hd_dep_count = (-1)) AND (hd_vehicle_count <= 1)) OR ((hd_dep_count = 0) AND (hd_vehicle_count <= 2)))
              Rows Removed by Filter: 6000
Total runtime: 13617.480 ms
