Hash Join  (cost=2969.30..960891.74 rows=11443 width=533) (actual time=24.607..9510.215 rows=24150 loops=1)
  Hash Cond: (store_sales.ss_hdemo_sk = household_demographics.hd_demo_sk)
  ->  Hash Join  (cost=2721.90..960249.12 rows=74878 width=501) (actual time=22.422..9481.135 rows=146497 loops=1)
        Hash Cond: (store_sales.ss_store_sk = store.s_store_sk)
        ->  Hash Join  (cost=2715.45..957350.68 rows=571523 width=214) (actual time=21.957..9286.986 rows=1100338 loops=1)
              Hash Cond: (store_sales.ss_sold_time_sk = time_dim.t_time_sk)
              ->  Seq Scan on store_sales  (cost=0.00..804916.00 rows=28800800 width=111) (actual time=0.004..5834.758 rows=28800991 loops=1)
              ->  Hash  (cost=2693.00..2693.00 rows=1796 width=103) (actual time=21.764..21.764 rows=1800 loops=1)
                    Buckets: 1024  Batches: 1  Memory Usage: 243kB
                    ->  Seq Scan on time_dim  (cost=0.00..2693.00 rows=1796 width=103) (actual time=10.708..21.432 rows=1800 loops=1)
                          Filter: ((t_minute < 30) AND (t_hour = 12))
                          Rows Removed by Filter: 84600
        ->  Hash  (cost=6.28..6.28 rows=14 width=287) (actual time=0.039..0.039 rows=14 loops=1)
              Buckets: 1024  Batches: 1  Memory Usage: 5kB
              ->  Seq Scan on store  (cost=0.00..6.28 rows=14 width=287) (actual time=0.004..0.035 rows=14 loops=1)
                    Filter: ((s_store_name)::text = 'ese'::text)
                    Rows Removed by Filter: 88
  ->  Hash  (cost=233.00..233.00 rows=1152 width=32) (actual time=2.177..2.177 rows=1200 loops=1)
        Buckets: 1024  Batches: 1  Memory Usage: 75kB
        ->  Seq Scan on household_demographics  (cost=0.00..233.00 rows=1152 width=32) (actual time=0.007..2.051 rows=1200 loops=1)
              Filter: (((hd_dep_count = 4) AND (hd_vehicle_count <= 6)) OR ((hd_dep_count = (-1)) AND (hd_vehicle_count <= 1)) OR ((hd_dep_count = 0) AND (hd_vehicle_count <= 2)))
              Rows Removed by Filter: 6000
Total runtime: 9511.493 ms
