Hash Join  (cost=2501.12..915536.87 rows=11675 width=229) (actual time=17.588..8891.026 rows=638929 loops=1)
  Hash Cond: (store_sales.ss_sold_date_sk = date_dim.d_date_sk)
  ->  Seq Scan on store_sales  (cost=0.00..804916.00 rows=28800800 width=111) (actual time=0.007..5838.190 rows=28800991 loops=1)
  ->  Hash  (cost=2500.73..2500.73 rows=31 width=118) (actual time=17.454..17.454 rows=32 loops=1)
        Buckets: 1024  Batches: 1  Memory Usage: 5kB
        ->  Seq Scan on date_dim  (cost=0.00..2500.73 rows=31 width=118) (actual time=7.701..17.445 rows=32 loops=1)
              Filter: ((d_date >= '1998-08-14'::date) AND (d_date <= '1998-09-14'::date))
              Rows Removed by Filter: 73017
Total runtime: 8917.950 ms
