Hash Join  (cost=2501.12..289248.02 rows=3054 width=284) (actual time=19.314..5620.042 rows=163875 loops=1)
  Hash Cond: (web_sales.ws_sold_date_sk = date_dim.d_date_sk)
  ->  Seq Scan on web_sales  (cost=0.00..259724.99 rows=7197699 width=166) (actual time=0.194..4647.257 rows=7197566 loops=1)
  ->  Hash  (cost=2500.73..2500.73 rows=31 width=118) (actual time=17.999..17.999 rows=32 loops=1)
        Buckets: 1024  Batches: 1  Memory Usage: 5kB
        ->  Seq Scan on date_dim  (cost=0.00..2500.73 rows=31 width=118) (actual time=8.070..17.987 rows=32 loops=1)
              Filter: ((d_date >= '1998-08-14'::date) AND (d_date <= '1998-09-14'::date))
              Rows Removed by Filter: 73017
Total runtime: 5628.642 ms
