Hash Join  (cost=2501.12..25675.27 rows=291 width=232) (actual time=17.969..408.838 rows=5253 loops=1)
  Hash Cond: (web_returns.wr_returned_date_sk = date_dim.d_date_sk)
  ->  Seq Scan on web_returns  (cost=0.00..20474.17 rows=719217 width=114) (actual time=0.205..309.333 rows=719217 loops=1)
  ->  Hash  (cost=2500.73..2500.73 rows=31 width=118) (actual time=17.386..17.386 rows=32 loops=1)
        Buckets: 1024  Batches: 1  Memory Usage: 5kB
        ->  Seq Scan on date_dim  (cost=0.00..2500.73 rows=31 width=118) (actual time=7.604..17.373 rows=32 loops=1)
              Filter: ((d_date >= '1998-08-14'::date) AND (d_date <= '1998-09-14'::date))
              Rows Removed by Filter: 73017
Total runtime: 410.179 ms
