Hash Join  (cost=2501.12..289248.02 rows=3054 width=284) (actual time=18.291..2722.406 rows=243139 loops=1)
  Hash Cond: (web_sales.ws_sold_date_sk = date_dim.d_date_sk)
  ->  Seq Scan on web_sales  (cost=0.00..259724.99 rows=7197699 width=166) (actual time=0.042..1850.497 rows=7197566 loops=1)
  ->  Hash  (cost=2500.73..2500.73 rows=31 width=118) (actual time=18.231..18.231 rows=31 loops=1)
        Buckets: 1024  Batches: 1  Memory Usage: 5kB
        ->  Seq Scan on date_dim  (cost=0.00..2500.73 rows=31 width=118) (actual time=9.341..18.223 rows=31 loops=1)
              Filter: ((d_moy = 12) AND (d_year = 2002))
              Rows Removed by Filter: 73018
Total runtime: 2732.663 ms
