[
  {
    "Plan": {
      "Node Type": "Hash Join",
      "Parallel Aware": false,
      "Join Type": "Inner",
      "Startup Cost": 1077581.26,
      "Total Cost": 1174757.04,
      "Plan Rows": 1,
      "Plan Width": 330,
      "Actual Startup Time": 8107.101,
      "Actual Total Time": 9577.321,
      "Actual Rows": 1006377,
      "Actual Loops": 1,
      "Hash Cond": "(t.t_id = ci.ci_movie_id)",
      "Plans": [
        {
          "Node Type": "Seq Scan",
          "Parent Relationship": "Outer",
          "Parallel Aware": false,
          "Relation Name": "title",
          "Alias": "t",
          "Startup Cost": 0.00,
          "Total Cost": 91057.10,
          "Plan Rows": 1631645,
          "Plan Width": 94,
          "Actual Startup Time": 0.052,
          "Actual Total Time": 462.405,
          "Actual Rows": 1617190,
          "Actual Loops": 1,
          "Filter": "(t_production_year > 2005)",
          "Rows Removed by Filter": 1786020
        },
        {
          "Node Type": "Hash",
          "Parent Relationship": "Inner",
          "Parallel Aware": false,
          "Startup Cost": 1077581.25,
          "Total Cost": 1077581.25,
          "Plan Rows": 1,
          "Plan Width": 236,
          "Actual Startup Time": 8106.068,
          "Actual Total Time": 8106.068,
          "Actual Rows": 1729426,
          "Actual Loops": 1,
          "Hash Buckets": 32768,
          "Original Hash Buckets": 1024,
          "Hash Batches": 64,
          "Original Hash Batches": 1,
          "Peak Memory Usage": 3841,
          "Plans": [
            {
              "Node Type": "Hash Join",
              "Parent Relationship": "Outer",
              "Parallel Aware": false,
              "Join Type": "Inner",
              "Startup Cost": 94333.49,
              "Total Cost": 1077581.25,
              "Plan Rows": 1,
              "Plan Width": 236,
              "Actual Startup Time": 535.795,
              "Actual Total Time": 7547.848,
              "Actual Rows": 1729426,
              "Actual Loops": 1,
              "Hash Cond": "(ci.ci_role_id = rt.rt_id)",
              "Plans": [
                {
                  "Node Type": "Hash Join",
                  "Parent Relationship": "Outer",
                  "Parallel Aware": false,
                  "Join Type": "Inner",
                  "Startup Cost": 94314.57,
                  "Total Cost": 1077562.24,
                  "Plan Rows": 18,
                  "Plan Width": 150,
                  "Actual Startup Time": 535.772,
                  "Actual Total Time": 7162.046,
                  "Actual Rows": 2576462,
                  "Actual Loops": 1,
                  "Hash Cond": "(ci.ci_person_role_id = chn.cn_id)",
                  "Plans": [
                    {
                      "Node Type": "Seq Scan",
                      "Parent Relationship": "Outer",
                      "Parallel Aware": false,
                      "Relation Name": "cast_info",
                      "Alias": "ci",
                      "Startup Cost": 0.00,
                      "Total Cost": 805680.36,
                      "Plan Rows": 47351236,
                      "Plan Width": 42,
                      "Actual Startup Time": 0.028,
                      "Actual Total Time": 3313.032,
                      "Actual Rows": 47373957,
                      "Actual Loops": 1
                    },
                    {
                      "Node Type": "Hash",
                      "Parent Relationship": "Inner",
                      "Parallel Aware": false,
                      "Startup Cost": 94314.53,
                      "Total Cost": 94314.53,
                      "Plan Rows": 3,
                      "Plan Width": 108,
                      "Actual Startup Time": 535.730,
                      "Actual Total Time": 535.730,
                      "Actual Rows": 57,
                      "Actual Loops": 1,
                      "Hash Buckets": 1024,
                      "Original Hash Buckets": 1024,
                      "Hash Batches": 1,
                      "Original Hash Batches": 1,
                      "Peak Memory Usage": 13,
                      "Plans": [
                        {
                          "Node Type": "Seq Scan",
                          "Parent Relationship": "Outer",
                          "Parallel Aware": false,
                          "Relation Name": "char_name",
                          "Alias": "chn",
                          "Startup Cost": 0.00,
                          "Total Cost": 94314.53,
                          "Plan Rows": 3,
                          "Plan Width": 108,
                          "Actual Startup Time": 18.100,
                          "Actual Total Time": 535.671,
                          "Actual Rows": 57,
                          "Actual Loops": 1,
                          "Filter": "(cn_name = ANY ('{Himself,Herself,Narrator}'::text[]))",
                          "Rows Removed by Filter": 3715521
                        }
                      ]
                    }
                  ]
                },
                {
                  "Node Type": "Hash",
                  "Parent Relationship": "Inner",
                  "Parallel Aware": false,
                  "Startup Cost": 18.88,
                  "Total Cost": 18.88,
                  "Plan Rows": 4,
                  "Plan Width": 86,
                  "Actual Startup Time": 0.016,
                  "Actual Total Time": 0.016,
                  "Actual Rows": 1,
                  "Actual Loops": 1,
                  "Hash Buckets": 1024,
                  "Original Hash Buckets": 1024,
                  "Hash Batches": 1,
                  "Original Hash Batches": 1,
                  "Peak Memory Usage": 9,
                  "Plans": [
                    {
                      "Node Type": "Seq Scan",
                      "Parent Relationship": "Outer",
                      "Parallel Aware": false,
                      "Relation Name": "role_type",
                      "Alias": "rt",
                      "Startup Cost": 0.00,
                      "Total Cost": 18.88,
                      "Plan Rows": 4,
                      "Plan Width": 86,
                      "Actual Startup Time": 0.009,
                      "Actual Total Time": 0.013,
                      "Actual Rows": 1,
                      "Actual Loops": 1,
                      "Filter": "((rt_role)::text = 'actor'::text)",
                      "Rows Removed by Filter": 11
                    }
                  ]
                }
              ]
            }
          ]
        }
      ]
    },
    "Planning Time": 66.021,
    "Triggers": [
    ],
    "Execution Time": 9605.940
  }
]
