[
  {
    "Plan": {
      "Node Type": "Hash Join",
      "Parallel Aware": false,
      "Join Type": "Inner",
      "Startup Cost": 1072936.57,
      "Total Cost": 1167471.08,
      "Plan Rows": 1,
      "Plan Width": 330,
      "Actual Startup Time": 8008.562,
      "Actual Total Time": 9105.554,
      "Actual Rows": 478342,
      "Actual Loops": 1,
      "Hash Cond": "(t.t_id = ci.ci_movie_id)",
      "Plans": [
        {
          "Node Type": "Seq Scan",
          "Parent Relationship": "Outer",
          "Parallel Aware": false,
          "Relation Name": "title",
          "Alias": "t",
          "Startup Cost": 0.00,
          "Total Cost": 91057.10,
          "Plan Rows": 927308,
          "Plan Width": 94,
          "Actual Startup Time": 0.033,
          "Actual Total Time": 431.706,
          "Actual Rows": 927086,
          "Actual Loops": 1,
          "Filter": "(t_production_year > 2010)",
          "Rows Removed by Filter": 2476124
        },
        {
          "Node Type": "Hash",
          "Parent Relationship": "Inner",
          "Parallel Aware": false,
          "Startup Cost": 1072936.56,
          "Total Cost": 1072936.56,
          "Plan Rows": 1,
          "Plan Width": 236,
          "Actual Startup Time": 8007.259,
          "Actual Total Time": 8007.259,
          "Actual Rows": 1659520,
          "Actual Loops": 1,
          "Hash Buckets": 32768,
          "Original Hash Buckets": 1024,
          "Hash Batches": 64,
          "Original Hash Batches": 1,
          "Peak Memory Usage": 3841,
          "Plans": [
            {
              "Node Type": "Hash Join",
              "Parent Relationship": "Outer",
              "Parallel Aware": false,
              "Join Type": "Inner",
              "Startup Cost": 89688.89,
              "Total Cost": 1072936.56,
              "Plan Rows": 1,
              "Plan Width": 236,
              "Actual Startup Time": 451.135,
              "Actual Total Time": 7469.127,
              "Actual Rows": 1659520,
              "Actual Loops": 1,
              "Hash Cond": "(ci.ci_role_id = rt.rt_id)",
              "Plans": [
                {
                  "Node Type": "Hash Join",
                  "Parent Relationship": "Outer",
                  "Parallel Aware": false,
                  "Join Type": "Inner",
                  "Startup Cost": 89669.96,
                  "Total Cost": 1072917.58,
                  "Plan Rows": 12,
                  "Plan Width": 150,
                  "Actual Startup Time": 451.127,
                  "Actual Total Time": 7095.042,
                  "Actual Rows": 2493856,
                  "Actual Loops": 1,
                  "Hash Cond": "(ci.ci_person_role_id = chn.cn_id)",
                  "Plans": [
                    {
                      "Node Type": "Seq Scan",
                      "Parent Relationship": "Outer",
                      "Parallel Aware": false,
                      "Relation Name": "cast_info",
                      "Alias": "ci",
                      "Startup Cost": 0.00,
                      "Total Cost": 805680.36,
                      "Plan Rows": 47351236,
                      "Plan Width": 42,
                      "Actual Startup Time": 0.011,
                      "Actual Total Time": 3339.163,
                      "Actual Rows": 47373957,
                      "Actual Loops": 1
                    },
                    {
                      "Node Type": "Hash",
                      "Parent Relationship": "Inner",
                      "Parallel Aware": false,
                      "Startup Cost": 89669.94,
                      "Total Cost": 89669.94,
                      "Plan Rows": 2,
                      "Plan Width": 108,
                      "Actual Startup Time": 451.105,
                      "Actual Total Time": 451.105,
                      "Actual Rows": 46,
                      "Actual Loops": 1,
                      "Hash Buckets": 1024,
                      "Original Hash Buckets": 1024,
                      "Hash Batches": 1,
                      "Original Hash Batches": 1,
                      "Peak Memory Usage": 12,
                      "Plans": [
                        {
                          "Node Type": "Seq Scan",
                          "Parent Relationship": "Outer",
                          "Parallel Aware": false,
                          "Relation Name": "char_name",
                          "Alias": "chn",
                          "Startup Cost": 0.00,
                          "Total Cost": 89669.94,
                          "Plan Rows": 2,
                          "Plan Width": 108,
                          "Actual Startup Time": 4.656,
                          "Actual Total Time": 451.062,
                          "Actual Rows": 46,
                          "Actual Loops": 1,
                          "Filter": "(cn_name = ANY ('{Himself,Herself}'::text[]))",
                          "Rows Removed by Filter": 3715532
                        }
                      ]
                    }
                  ]
                },
                {
                  "Node Type": "Hash",
                  "Parent Relationship": "Inner",
                  "Parallel Aware": false,
                  "Startup Cost": 18.88,
                  "Total Cost": 18.88,
                  "Plan Rows": 4,
                  "Plan Width": 86,
                  "Actual Startup Time": 0.006,
                  "Actual Total Time": 0.006,
                  "Actual Rows": 1,
                  "Actual Loops": 1,
                  "Hash Buckets": 1024,
                  "Original Hash Buckets": 1024,
                  "Hash Batches": 1,
                  "Original Hash Batches": 1,
                  "Peak Memory Usage": 9,
                  "Plans": [
                    {
                      "Node Type": "Seq Scan",
                      "Parent Relationship": "Outer",
                      "Parallel Aware": false,
                      "Relation Name": "role_type",
                      "Alias": "rt",
                      "Startup Cost": 0.00,
                      "Total Cost": 18.88,
                      "Plan Rows": 4,
                      "Plan Width": 86,
                      "Actual Startup Time": 0.003,
                      "Actual Total Time": 0.005,
                      "Actual Rows": 1,
                      "Actual Loops": 1,
                      "Filter": "((rt_role)::text = 'actor'::text)",
                      "Rows Removed by Filter": 11
                    }
                  ]
                }
              ]
            }
          ]
        }
      ]
    },
    "Planning Time": 0.258,
    "Triggers": [
    ],
    "Execution Time": 9119.088
  }
]
