[
  {
    "Plan": {
      "Node Type": "Hash Join",
      "Parallel Aware": false,
      "Join Type": "Inner",
      "Startup Cost": 1072943.56,
      "Total Cost": 1173156.32,
      "Plan Rows": 4,
      "Plan Width": 330,
      "Actual Startup Time": 6493.460,
      "Actual Total Time": 7117.192,
      "Actual Rows": 642,
      "Actual Loops": 1,
      "Hash Cond": "(ci.ci_role_id = rt.rt_id)",
      "Plans": [
        {
          "Node Type": "Hash Join",
          "Parent Relationship": "Outer",
          "Parallel Aware": false,
          "Join Type": "Inner",
          "Startup Cost": 1072917.58,
          "Total Cost": 1173130.29,
          "Plan Rows": 4,
          "Plan Width": 244,
          "Actual Startup Time": 6493.448,
          "Actual Total Time": 7116.947,
          "Actual Rows": 642,
          "Actual Loops": 1,
          "Hash Cond": "(t.t_id = ci.ci_movie_id)",
          "Plans": [
            {
              "Node Type": "Seq Scan",
              "Parent Relationship": "Outer",
              "Parallel Aware": false,
              "Relation Name": "title",
              "Alias": "t",
              "Startup Cost": 0.00,
              "Total Cost": 91057.10,
              "Plan Rows": 2441485,
              "Plan Width": 94,
              "Actual Startup Time": 0.027,
              "Actual Total Time": 454.587,
              "Actual Rows": 2440187,
              "Actual Loops": 1,
              "Filter": "(t_production_year > 1990)",
              "Rows Removed by Filter": 963023
            },
            {
              "Node Type": "Hash",
              "Parent Relationship": "Inner",
              "Parallel Aware": false,
              "Startup Cost": 1072917.51,
              "Total Cost": 1072917.51,
              "Plan Rows": 6,
              "Plan Width": 150,
              "Actual Startup Time": 6492.498,
              "Actual Total Time": 6492.498,
              "Actual Rows": 746,
              "Actual Loops": 1,
              "Hash Buckets": 1024,
              "Original Hash Buckets": 1024,
              "Hash Batches": 1,
              "Original Hash Batches": 1,
              "Peak Memory Usage": 99,
              "Plans": [
                {
                  "Node Type": "Hash Join",
                  "Parent Relationship": "Outer",
                  "Parallel Aware": false,
                  "Join Type": "Inner",
                  "Startup Cost": 89669.95,
                  "Total Cost": 1072917.51,
                  "Plan Rows": 6,
                  "Plan Width": 150,
                  "Actual Startup Time": 390.775,
                  "Actual Total Time": 6491.985,
                  "Actual Rows": 746,
                  "Actual Loops": 1,
                  "Hash Cond": "(ci.ci_person_role_id = chn.cn_id)",
                  "Plans": [
                    {
                      "Node Type": "Seq Scan",
                      "Parent Relationship": "Outer",
                      "Parallel Aware": false,
                      "Relation Name": "cast_info",
                      "Alias": "ci",
                      "Startup Cost": 0.00,
                      "Total Cost": 805680.36,
                      "Plan Rows": 47351236,
                      "Plan Width": 42,
                      "Actual Startup Time": 0.028,
                      "Actual Total Time": 3296.163,
                      "Actual Rows": 47373957,
                      "Actual Loops": 1
                    },
                    {
                      "Node Type": "Hash",
                      "Parent Relationship": "Inner",
                      "Parallel Aware": false,
                      "Startup Cost": 89669.94,
                      "Total Cost": 89669.94,
                      "Plan Rows": 1,
                      "Plan Width": 108,
                      "Actual Startup Time": 384.911,
                      "Actual Total Time": 384.911,
                      "Actual Rows": 2,
                      "Actual Loops": 1,
                      "Hash Buckets": 1024,
                      "Original Hash Buckets": 1024,
                      "Hash Batches": 1,
                      "Original Hash Batches": 1,
                      "Peak Memory Usage": 9,
                      "Plans": [
                        {
                          "Node Type": "Seq Scan",
                          "Parent Relationship": "Outer",
                          "Parallel Aware": false,
                          "Relation Name": "char_name",
                          "Alias": "chn",
                          "Startup Cost": 0.00,
                          "Total Cost": 89669.94,
                          "Plan Rows": 1,
                          "Plan Width": 108,
                          "Actual Startup Time": 8.594,
                          "Actual Total Time": 384.907,
                          "Actual Rows": 2,
                          "Actual Loops": 1,
                          "Filter": "(cn_name = 'Computer'::text)",
                          "Rows Removed by Filter": 3715576
                        }
                      ]
                    }
                  ]
                }
              ]
            }
          ]
        },
        {
          "Node Type": "Hash",
          "Parent Relationship": "Inner",
          "Parallel Aware": false,
          "Startup Cost": 17.10,
          "Total Cost": 17.10,
          "Plan Rows": 710,
          "Plan Width": 86,
          "Actual Startup Time": 0.007,
          "Actual Total Time": 0.007,
          "Actual Rows": 12,
          "Actual Loops": 1,
          "Hash Buckets": 1024,
          "Original Hash Buckets": 1024,
          "Hash Batches": 1,
          "Original Hash Batches": 1,
          "Peak Memory Usage": 9,
          "Plans": [
            {
              "Node Type": "Seq Scan",
              "Parent Relationship": "Outer",
              "Parallel Aware": false,
              "Relation Name": "role_type",
              "Alias": "rt",
              "Startup Cost": 0.00,
              "Total Cost": 17.10,
              "Plan Rows": 710,
              "Plan Width": 86,
              "Actual Startup Time": 0.004,
              "Actual Total Time": 0.005,
              "Actual Rows": 12,
              "Actual Loops": 1
            }
          ]
        }
      ]
    },
    "Planning Time": 0.262,
    "Triggers": [
    ],
    "Execution Time": 7117.257
  }
]
