[
  {
    "Plan": {
      "Node Type": "Hash Join",
      "Parallel Aware": false,
      "Join Type": "Inner",
      "Startup Cost": 115360.84,
      "Total Cost": 217873.23,
      "Plan Rows": 89,
      "Plan Width": 132,
      "Actual Startup Time": 903.922,
      "Actual Total Time": 1837.219,
      "Actual Rows": 38395,
      "Actual Loops": 1,
      "Hash Cond": "(t.t_id = mk.mk_movie_id)",
      "Plans": [
        {
          "Node Type": "Seq Scan",
          "Parent Relationship": "Outer",
          "Parallel Aware": false,
          "Relation Name": "title",
          "Alias": "t",
          "Startup Cost": 0.00,
          "Total Cost": 91057.10,
          "Plan Rows": 3054507,
          "Plan Width": 94,
          "Actual Startup Time": 0.010,
          "Actual Total Time": 520.913,
          "Actual Rows": 3047622,
          "Actual Loops": 1,
          "Filter": "(t_production_year > 1950)",
          "Rows Removed by Filter": 355588
        },
        {
          "Node Type": "Hash",
          "Parent Relationship": "Inner",
          "Parallel Aware": false,
          "Startup Cost": 115359.60,
          "Total Cost": 115359.60,
          "Plan Rows": 99,
          "Plan Width": 38,
          "Actual Startup Time": 903.721,
          "Actual Total Time": 903.721,
          "Actual Rows": 50151,
          "Actual Loops": 1,
          "Hash Buckets": 65536,
          "Original Hash Buckets": 1024,
          "Hash Batches": 1,
          "Original Hash Batches": 1,
          "Peak Memory Usage": 3842,
          "Plans": [
            {
              "Node Type": "Hash Join",
              "Parent Relationship": "Outer",
              "Parallel Aware": false,
              "Join Type": "Inner",
              "Startup Cost": 3686.86,
              "Total Cost": 115359.60,
              "Plan Rows": 99,
              "Plan Width": 38,
              "Actual Startup Time": 31.924,
              "Actual Total Time": 891.435,
              "Actual Rows": 50151,
              "Actual Loops": 1,
              "Hash Cond": "(mk.mk_keyword_id = k.k_id)",
              "Plans": [
                {
                  "Node Type": "Seq Scan",
                  "Parent Relationship": "Outer",
                  "Parallel Aware": false,
                  "Relation Name": "movie_keyword",
                  "Alias": "mk",
                  "Startup Cost": 0.00,
                  "Total Cost": 89810.27,
                  "Plan Rows": 5829727,
                  "Plan Width": 12,
                  "Actual Startup Time": 0.021,
                  "Actual Total Time": 414.957,
                  "Actual Rows": 5829736,
                  "Actual Loops": 1
                },
                {
                  "Node Type": "Hash",
                  "Parent Relationship": "Inner",
                  "Parallel Aware": false,
                  "Startup Cost": 3686.83,
                  "Total Cost": 3686.83,
                  "Plan Rows": 3,
                  "Plan Width": 26,
                  "Actual Startup Time": 31.817,
                  "Actual Total Time": 31.817,
                  "Actual Rows": 3,
                  "Actual Loops": 1,
                  "Hash Buckets": 1024,
                  "Original Hash Buckets": 1024,
                  "Hash Batches": 1,
                  "Original Hash Batches": 1,
                  "Peak Memory Usage": 9,
                  "Plans": [
                    {
                      "Node Type": "Seq Scan",
                      "Parent Relationship": "Outer",
                      "Parallel Aware": false,
                      "Relation Name": "keyword",
                      "Alias": "k",
                      "Startup Cost": 0.00,
                      "Total Cost": 3686.83,
                      "Plan Rows": 3,
                      "Plan Width": 26,
                      "Actual Startup Time": 0.752,
                      "Actual Total Time": 31.813,
                      "Actual Rows": 3,
                      "Actual Loops": 1,
                      "Filter": "(k_keyword = ANY ('{sequel,revenge,based-on-novel}'::text[]))",
                      "Rows Removed by Filter": 175839
                    }
                  ]
                }
              ]
            }
          ]
        }
      ]
    },
    "Planning Time": 50.349,
    "Triggers": [
    ],
    "Execution Time": 1838.452
  }
]
