[
  {
    "Plan": {
      "Node Type": "Hash Join",
      "Parallel Aware": false,
      "Join Type": "Inner",
      "Startup Cost": 174008.41,
      "Total Cost": 271990.43,
      "Plan Rows": 905961,
      "Plan Width": 196,
      "Actual Startup Time": 1068.977,
      "Actual Total Time": 1929.991,
      "Actual Rows": 825292,
      "Actual Loops": 1,
      "Hash Cond": "(ml.ml_link_type_id = lt.lt_id)",
      "Plans": [
        {
          "Node Type": "Hash Join",
          "Parent Relationship": "Outer",
          "Parallel Aware": false,
          "Join Type": "Inner",
          "Startup Cost": 173982.44,
          "Total Cost": 259507.49,
          "Plan Rows": 905961,
          "Plan Width": 110,
          "Actual Startup Time": 1068.963,
          "Actual Total Time": 1768.814,
          "Actual Rows": 825292,
          "Actual Loops": 1,
          "Hash Cond": "(ml.ml_movie_id = t.t_id)",
          "Plans": [
            {
              "Node Type": "Seq Scan",
              "Parent Relationship": "Outer",
              "Parallel Aware": false,
              "Relation Name": "movie_link",
              "Alias": "ml",
              "Startup Cost": 0.00,
              "Total Cost": 15552.04,
              "Plan Rows": 1009504,
              "Plan Width": 16,
              "Actual Startup Time": 0.026,
              "Actual Total Time": 71.609,
              "Actual Rows": 1009504,
              "Actual Loops": 1
            },
            {
              "Node Type": "Hash",
              "Parent Relationship": "Inner",
              "Parallel Aware": false,
              "Startup Cost": 91057.10,
              "Total Cost": 91057.10,
              "Plan Rows": 3054507,
              "Plan Width": 94,
              "Actual Startup Time": 1067.563,
              "Actual Total Time": 1067.563,
              "Actual Rows": 3047622,
              "Actual Loops": 1,
              "Hash Buckets": 32768,
              "Original Hash Buckets": 32768,
              "Hash Batches": 128,
              "Original Hash Batches": 128,
              "Peak Memory Usage": 2939,
              "Plans": [
                {
                  "Node Type": "Seq Scan",
                  "Parent Relationship": "Outer",
                  "Parallel Aware": false,
                  "Relation Name": "title",
                  "Alias": "t",
                  "Startup Cost": 0.00,
                  "Total Cost": 91057.10,
                  "Plan Rows": 3054507,
                  "Plan Width": 94,
                  "Actual Startup Time": 0.005,
                  "Actual Total Time": 530.460,
                  "Actual Rows": 3047622,
                  "Actual Loops": 1,
                  "Filter": "(t_production_year > 1950)",
                  "Rows Removed by Filter": 355588
                }
              ]
            }
          ]
        },
        {
          "Node Type": "Hash",
          "Parent Relationship": "Inner",
          "Parallel Aware": false,
          "Startup Cost": 17.10,
          "Total Cost": 17.10,
          "Plan Rows": 710,
          "Plan Width": 86,
          "Actual Startup Time": 0.009,
          "Actual Total Time": 0.009,
          "Actual Rows": 18,
          "Actual Loops": 1,
          "Hash Buckets": 1024,
          "Original Hash Buckets": 1024,
          "Hash Batches": 1,
          "Original Hash Batches": 1,
          "Peak Memory Usage": 9,
          "Plans": [
            {
              "Node Type": "Seq Scan",
              "Parent Relationship": "Outer",
              "Parallel Aware": false,
              "Relation Name": "link_type",
              "Alias": "lt",
              "Startup Cost": 0.00,
              "Total Cost": 17.10,
              "Plan Rows": 710,
              "Plan Width": 86,
              "Actual Startup Time": 0.004,
              "Actual Total Time": 0.005,
              "Actual Rows": 18,
              "Actual Loops": 1
            }
          ]
        }
      ]
    },
    "Planning Time": 0.172,
    "Triggers": [
    ],
    "Execution Time": 1954.272
  }
]
