[
  {
    "Plan": {
      "Node Type": "Hash Join",
      "Parallel Aware": false,
      "Join Type": "Inner",
      "Startup Cost": 89741.75,
      "Total Cost": 203786.42,
      "Plan Rows": 1158,
      "Plan Width": 295,
      "Actual Startup Time": 1906.202,
      "Actual Total Time": 2770.514,
      "Actual Rows": 124416,
      "Actual Loops": 1,
      "Hash Cond": "(t.t_id = mc.mc_movie_id)",
      "Plans": [
        {
          "Node Type": "Seq Scan",
          "Parent Relationship": "Outer",
          "Parallel Aware": false,
          "Relation Name": "title",
          "Alias": "t",
          "Startup Cost": 0.00,
          "Total Cost": 99566.12,
          "Plan Rows": 503199,
          "Plan Width": 94,
          "Actual Startup Time": 0.012,
          "Actual Total Time": 464.613,
          "Actual Rows": 489519,
          "Actual Loops": 1,
          "Filter": "((t_production_year >= 2005) AND (t_production_year <= 2008))",
          "Rows Removed by Filter": 2913691
        },
        {
          "Node Type": "Hash",
          "Parent Relationship": "Inner",
          "Parallel Aware": false,
          "Startup Cost": 89643.81,
          "Total Cost": 89643.81,
          "Plan Rows": 7835,
          "Plan Width": 201,
          "Actual Startup Time": 1904.527,
          "Actual Total Time": 1904.527,
          "Actual Rows": 903387,
          "Actual Loops": 1,
          "Hash Buckets": 32768,
          "Original Hash Buckets": 8192,
          "Hash Batches": 64,
          "Original Hash Batches": 1,
          "Peak Memory Usage": 3841,
          "Plans": [
            {
              "Node Type": "Hash Join",
              "Parent Relationship": "Outer",
              "Parallel Aware": false,
              "Join Type": "Inner",
              "Startup Cost": 10170.10,
              "Total Cost": 89643.81,
              "Plan Rows": 7835,
              "Plan Width": 201,
              "Actual Startup Time": 302.525,
              "Actual Total Time": 1596.313,
              "Actual Rows": 903387,
              "Actual Loops": 1,
              "Hash Cond": "(mc.mc_company_id = cn.cn1_id)",
              "Plans": [
                {
                  "Node Type": "Hash Join",
                  "Parent Relationship": "Outer",
                  "Parallel Aware": false,
                  "Join Type": "Inner",
                  "Startup Cost": 18.93,
                  "Total Cost": 77166.29,
                  "Plan Rows": 20799,
                  "Plan Width": 126,
                  "Actual Startup Time": 248.425,
                  "Actual Total Time": 869.258,
                  "Actual Rows": 2057101,
                  "Actual Loops": 1,
                  "Hash Cond": "(mc.mc_company_type_id = ct.ct_id)",
                  "Plans": [
                    {
                      "Node Type": "Seq Scan",
                      "Parent Relationship": "Outer",
                      "Parallel Aware": false,
                      "Relation Name": "movie_companies",
                      "Alias": "mc",
                      "Startup Cost": 0.00,
                      "Total Cost": 63095.09,
                      "Plan Rows": 3691809,
                      "Plan Width": 40,
                      "Actual Startup Time": 0.050,
                      "Actual Total Time": 278.050,
                      "Actual Rows": 3691809,
                      "Actual Loops": 1
                    },
                    {
                      "Node Type": "Hash",
                      "Parent Relationship": "Inner",
                      "Parallel Aware": false,
                      "Startup Cost": 18.88,
                      "Total Cost": 18.88,
                      "Plan Rows": 4,
                      "Plan Width": 86,
                      "Actual Startup Time": 0.007,
                      "Actual Total Time": 0.007,
                      "Actual Rows": 1,
                      "Actual Loops": 1,
                      "Hash Buckets": 1024,
                      "Original Hash Buckets": 1024,
                      "Hash Batches": 1,
                      "Original Hash Batches": 1,
                      "Peak Memory Usage": 9,
                      "Plans": [
                        {
                          "Node Type": "Seq Scan",
                          "Parent Relationship": "Outer",
                          "Parallel Aware": false,
                          "Relation Name": "company_type",
                          "Alias": "ct",
                          "Startup Cost": 0.00,
                          "Total Cost": 18.88,
                          "Plan Rows": 4,
                          "Plan Width": 86,
                          "Actual Startup Time": 0.004,
                          "Actual Total Time": 0.005,
                          "Actual Rows": 1,
                          "Actual Loops": 1,
                          "Filter": "((ct_kind)::text = 'production companies'::text)",
                          "Rows Removed by Filter": 3
                        }
                      ]
                    }
                  ]
                },
                {
                  "Node Type": "Hash",
                  "Parent Relationship": "Inner",
                  "Parallel Aware": false,
                  "Startup Cost": 7377.61,
                  "Total Cost": 7377.61,
                  "Plan Rows": 110045,
                  "Plan Width": 75,
                  "Actual Startup Time": 54.063,
                  "Actual Total Time": 54.063,
                  "Actual Rows": 110294,
                  "Actual Loops": 1,
                  "Hash Buckets": 65536,
                  "Original Hash Buckets": 65536,
                  "Hash Batches": 4,
                  "Original Hash Batches": 4,
                  "Peak Memory Usage": 3361,
                  "Plans": [
                    {
                      "Node Type": "Seq Scan",
                      "Parent Relationship": "Outer",
                      "Parallel Aware": false,
                      "Relation Name": "company_name",
                      "Alias": "cn",
                      "Startup Cost": 0.00,
                      "Total Cost": 7377.61,
                      "Plan Rows": 110045,
                      "Plan Width": 75,
                      "Actual Startup Time": 0.007,
                      "Actual Total Time": 36.961,
                      "Actual Rows": 110294,
                      "Actual Loops": 1,
                      "Filter": "((cn1_country_code)::text = '[us]'::text)",
                      "Rows Removed by Filter": 181835
                    }
                  ]
                }
              ]
            }
          ]
        }
      ]
    },
    "Planning Time": 0.446,
    "Triggers": [
    ],
    "Execution Time": 2774.313
  }
]
