[
  {
    "Plan": {
      "Node Type": "Hash Join",
      "Parallel Aware": false,
      "Join Type": "Inner",
      "Startup Cost": 2.43,
      "Total Cost": 469500.06,
      "Plan Rows": 166895,
      "Plan Width": 92,
      "Actual Startup Time": 312.227,
      "Actual Total Time": 2899.694,
      "Actual Rows": 186392,
      "Actual Loops": 1,
      "Hash Cond": "(mi.mi_info_type_id = it1.it_id)",
      "Plans": [
        {
          "Node Type": "Seq Scan",
          "Parent Relationship": "Outer",
          "Parallel Aware": false,
          "Relation Name": "movie_info",
          "Alias": "mi",
          "Startup Cost": 0.00,
          "Total Cost": 397107.04,
          "Plan Rows": 18859104,
          "Plan Width": 74,
          "Actual Startup Time": 0.046,
          "Actual Total Time": 1485.161,
          "Actual Rows": 18813834,
          "Actual Loops": 1
        },
        {
          "Node Type": "Hash",
          "Parent Relationship": "Inner",
          "Parallel Aware": false,
          "Startup Cost": 2.41,
          "Total Cost": 2.41,
          "Plan Rows": 1,
          "Plan Width": 18,
          "Actual Startup Time": 0.016,
          "Actual Total Time": 0.016,
          "Actual Rows": 1,
          "Actual Loops": 1,
          "Hash Buckets": 1024,
          "Original Hash Buckets": 1024,
          "Hash Batches": 1,
          "Original Hash Batches": 1,
          "Peak Memory Usage": 9,
          "Plans": [
            {
              "Node Type": "Seq Scan",
              "Parent Relationship": "Outer",
              "Parallel Aware": false,
              "Relation Name": "info_type",
              "Alias": "it1",
              "Startup Cost": 0.00,
              "Total Cost": 2.41,
              "Plan Rows": 1,
              "Plan Width": 18,
              "Actual Startup Time": 0.014,
              "Actual Total Time": 0.015,
              "Actual Rows": 1,
              "Actual Loops": 1,
              "Filter": "((it_info)::text = 'budget'::text)",
              "Rows Removed by Filter": 112
            }
          ]
        }
      ]
    },
    "Planning Time": 0.122,
    "Triggers": [
    ],
    "Execution Time": 2905.216
  }
]
