[
  {
    "Plan": {
      "Node Type": "Hash Join",
      "Parallel Aware": false,
      "Join Type": "Inner",
      "Startup Cost": 131076.42,
      "Total Cost": 653575.19,
      "Plan Rows": 147652,
      "Plan Width": 168,
      "Actual Startup Time": 1936.624,
      "Actual Total Time": 4079.223,
      "Actual Rows": 114390,
      "Actual Loops": 1,
      "Hash Cond": "(mi.mi_movie_id = t.t_id)",
      "Plans": [
        {
          "Node Type": "Seq Scan",
          "Parent Relationship": "Outer",
          "Parallel Aware": false,
          "Relation Name": "movie_info",
          "Alias": "mi",
          "Startup Cost": 0.00,
          "Total Cost": 491402.56,
          "Plan Rows": 432984,
          "Plan Width": 74,
          "Actual Startup Time": 410.272,
          "Actual Total Time": 3086.282,
          "Actual Rows": 432219,
          "Actual Loops": 1,
          "Filter": "(mi_info = ANY ('{Drama,Horror,Western,Family}'::text[]))",
          "Rows Removed by Filter": 18381615
        },
        {
          "Node Type": "Hash",
          "Parent Relationship": "Inner",
          "Parallel Aware": false,
          "Startup Cost": 99566.12,
          "Total Cost": 99566.12,
          "Plan Rows": 1160664,
          "Plan Width": 94,
          "Actual Startup Time": 747.018,
          "Actual Total Time": 747.018,
          "Actual Rows": 1159238,
          "Actual Loops": 1,
          "Hash Buckets": 32768,
          "Original Hash Buckets": 32768,
          "Hash Batches": 64,
          "Original Hash Batches": 64,
          "Peak Memory Usage": 2310,
          "Plans": [
            {
              "Node Type": "Seq Scan",
              "Parent Relationship": "Outer",
              "Parallel Aware": false,
              "Relation Name": "title",
              "Alias": "t",
              "Startup Cost": 0.00,
              "Total Cost": 99566.12,
              "Plan Rows": 1160664,
              "Plan Width": 94,
              "Actual Startup Time": 0.009,
              "Actual Total Time": 535.332,
              "Actual Rows": 1159238,
              "Actual Loops": 1,
              "Filter": "((t_production_year >= 2000) AND (t_production_year <= 2010))",
              "Rows Removed by Filter": 2243972
            }
          ]
        }
      ]
    },
    "Planning Time": 0.208,
    "Triggers": [
    ],
    "Execution Time": 4083.197
  }
]
