[
  {
    "Plan": {
      "Node Type": "Hash Join",
      "Parallel Aware": false,
      "Join Type": "Inner",
      "Startup Cost": 36651.48,
      "Total Cost": 142032.76,
      "Plan Rows": 1184,
      "Plan Width": 162,
      "Actual Startup Time": 467.011,
      "Actual Total Time": 1371.934,
      "Actual Rows": 112806,
      "Actual Loops": 1,
      "Hash Cond": "(t.t_id = mi_idx.mii_movie_id)",
      "Plans": [
        {
          "Node Type": "Seq Scan",
          "Parent Relationship": "Outer",
          "Parallel Aware": false,
          "Relation Name": "title",
          "Alias": "t",
          "Startup Cost": 0.00,
          "Total Cost": 99566.12,
          "Plan Rows": 1160664,
          "Plan Width": 94,
          "Actual Startup Time": 0.008,
          "Actual Total Time": 527.276,
          "Actual Rows": 1159238,
          "Actual Loops": 1,
          "Filter": "((t_production_year >= 2000) AND (t_production_year <= 2010))",
          "Rows Removed by Filter": 2243972
        },
        {
          "Node Type": "Hash",
          "Parent Relationship": "Inner",
          "Parallel Aware": false,
          "Startup Cost": 36608.10,
          "Total Cost": 36608.10,
          "Plan Rows": 3471,
          "Plan Width": 68,
          "Actual Startup Time": 466.658,
          "Actual Total Time": 466.658,
          "Actual Rows": 298112,
          "Actual Loops": 1,
          "Hash Buckets": 65536,
          "Original Hash Buckets": 4096,
          "Hash Batches": 8,
          "Original Hash Batches": 1,
          "Peak Memory Usage": 3585,
          "Plans": [
            {
              "Node Type": "Hash Join",
              "Parent Relationship": "Outer",
              "Parallel Aware": false,
              "Join Type": "Inner",
              "Startup Cost": 2.43,
              "Total Cost": 36608.10,
              "Plan Rows": 3471,
              "Plan Width": 68,
              "Actual Startup Time": 0.066,
              "Actual Total Time": 400.208,
              "Actual Rows": 298112,
              "Actual Loops": 1,
              "Hash Cond": "(mi_idx.mii_info_type_id = it2.it_id)",
              "Plans": [
                {
                  "Node Type": "Seq Scan",
                  "Parent Relationship": "Outer",
                  "Parallel Aware": false,
                  "Relation Name": "movie_info_idx",
                  "Alias": "mi_idx",
                  "Startup Cost": 0.00,
                  "Total Cost": 35100.04,
                  "Plan Rows": 392246,
                  "Plan Width": 50,
                  "Actual Startup Time": 0.039,
                  "Actual Total Time": 333.764,
                  "Actual Rows": 398810,
                  "Actual Loops": 1,
                  "Filter": "(mii_info > '7.0'::text)",
                  "Rows Removed by Filter": 1524393
                },
                {
                  "Node Type": "Hash",
                  "Parent Relationship": "Inner",
                  "Parallel Aware": false,
                  "Startup Cost": 2.41,
                  "Total Cost": 2.41,
                  "Plan Rows": 1,
                  "Plan Width": 18,
                  "Actual Startup Time": 0.023,
                  "Actual Total Time": 0.023,
                  "Actual Rows": 1,
                  "Actual Loops": 1,
                  "Hash Buckets": 1024,
                  "Original Hash Buckets": 1024,
                  "Hash Batches": 1,
                  "Original Hash Batches": 1,
                  "Peak Memory Usage": 9,
                  "Plans": [
                    {
                      "Node Type": "Seq Scan",
                      "Parent Relationship": "Outer",
                      "Parallel Aware": false,
                      "Relation Name": "info_type",
                      "Alias": "it2",
                      "Startup Cost": 0.00,
                      "Total Cost": 2.41,
                      "Plan Rows": 1,
                      "Plan Width": 18,
                      "Actual Startup Time": 0.019,
                      "Actual Total Time": 0.021,
                      "Actual Rows": 1,
                      "Actual Loops": 1,
                      "Filter": "((it_info)::text = 'rating'::text)",
                      "Rows Removed by Filter": 112
                    }
                  ]
                }
              ]
            }
          ]
        }
      ]
    },
    "Planning Time": 0.212,
    "Triggers": [
    ],
    "Execution Time": 1375.460
  }
]
