[
  {
    "Plan": {
      "Node Type": "Hash Join",
      "Parallel Aware": false,
      "Join Type": "Inner",
      "Startup Cost": 89741.75,
      "Total Cost": 193687.08,
      "Plan Rows": 2672,
      "Plan Width": 295,
      "Actual Startup Time": 2153.982,
      "Actual Total Time": 3424.306,
      "Actual Rows": 294770,
      "Actual Loops": 1,
      "Hash Cond": "(t.t_id = mc.mc_movie_id)",
      "Plans": [
        {
          "Node Type": "Seq Scan",
          "Parent Relationship": "Outer",
          "Parallel Aware": false,
          "Relation Name": "title",
          "Alias": "t",
          "Startup Cost": 0.00,
          "Total Cost": 99566.12,
          "Plan Rows": 1160664,
          "Plan Width": 94,
          "Actual Startup Time": 0.011,
          "Actual Total Time": 546.148,
          "Actual Rows": 1159238,
          "Actual Loops": 1,
          "Filter": "((t_production_year >= 2000) AND (t_production_year <= 2010))",
          "Rows Removed by Filter": 2243972
        },
        {
          "Node Type": "Hash",
          "Parent Relationship": "Inner",
          "Parallel Aware": false,
          "Startup Cost": 89643.81,
          "Total Cost": 89643.81,
          "Plan Rows": 7835,
          "Plan Width": 201,
          "Actual Startup Time": 2152.997,
          "Actual Total Time": 2152.997,
          "Actual Rows": 903387,
          "Actual Loops": 1,
          "Hash Buckets": 32768,
          "Original Hash Buckets": 8192,
          "Hash Batches": 64,
          "Original Hash Batches": 1,
          "Peak Memory Usage": 3841,
          "Plans": [
            {
              "Node Type": "Hash Join",
              "Parent Relationship": "Outer",
              "Parallel Aware": false,
              "Join Type": "Inner",
              "Startup Cost": 10170.10,
              "Total Cost": 89643.81,
              "Plan Rows": 7835,
              "Plan Width": 201,
              "Actual Startup Time": 353.066,
              "Actual Total Time": 1819.262,
              "Actual Rows": 903387,
              "Actual Loops": 1,
              "Hash Cond": "(mc.mc_company_id = cn.cn1_id)",
              "Plans": [
                {
                  "Node Type": "Hash Join",
                  "Parent Relationship": "Outer",
                  "Parallel Aware": false,
                  "Join Type": "Inner",
                  "Startup Cost": 18.93,
                  "Total Cost": 77166.29,
                  "Plan Rows": 20799,
                  "Plan Width": 126,
                  "Actual Startup Time": 295.788,
                  "Actual Total Time": 981.997,
                  "Actual Rows": 2057101,
                  "Actual Loops": 1,
                  "Hash Cond": "(mc.mc_company_type_id = ct.ct_id)",
                  "Plans": [
                    {
                      "Node Type": "Seq Scan",
                      "Parent Relationship": "Outer",
                      "Parallel Aware": false,
                      "Relation Name": "movie_companies",
                      "Alias": "mc",
                      "Startup Cost": 0.00,
                      "Total Cost": 63095.09,
                      "Plan Rows": 3691809,
                      "Plan Width": 40,
                      "Actual Startup Time": 0.032,
                      "Actual Total Time": 318.994,
                      "Actual Rows": 3691809,
                      "Actual Loops": 1
                    },
                    {
                      "Node Type": "Hash",
                      "Parent Relationship": "Inner",
                      "Parallel Aware": false,
                      "Startup Cost": 18.88,
                      "Total Cost": 18.88,
                      "Plan Rows": 4,
                      "Plan Width": 86,
                      "Actual Startup Time": 0.007,
                      "Actual Total Time": 0.007,
                      "Actual Rows": 1,
                      "Actual Loops": 1,
                      "Hash Buckets": 1024,
                      "Original Hash Buckets": 1024,
                      "Hash Batches": 1,
                      "Original Hash Batches": 1,
                      "Peak Memory Usage": 9,
                      "Plans": [
                        {
                          "Node Type": "Seq Scan",
                          "Parent Relationship": "Outer",
                          "Parallel Aware": false,
                          "Relation Name": "company_type",
                          "Alias": "ct",
                          "Startup Cost": 0.00,
                          "Total Cost": 18.88,
                          "Plan Rows": 4,
                          "Plan Width": 86,
                          "Actual Startup Time": 0.004,
                          "Actual Total Time": 0.005,
                          "Actual Rows": 1,
                          "Actual Loops": 1,
                          "Filter": "((ct_kind)::text = 'production companies'::text)",
                          "Rows Removed by Filter": 3
                        }
                      ]
                    }
                  ]
                },
                {
                  "Node Type": "Hash",
                  "Parent Relationship": "Inner",
                  "Parallel Aware": false,
                  "Startup Cost": 7377.61,
                  "Total Cost": 7377.61,
                  "Plan Rows": 110045,
                  "Plan Width": 75,
                  "Actual Startup Time": 57.240,
                  "Actual Total Time": 57.240,
                  "Actual Rows": 110294,
                  "Actual Loops": 1,
                  "Hash Buckets": 65536,
                  "Original Hash Buckets": 65536,
                  "Hash Batches": 4,
                  "Original Hash Batches": 4,
                  "Peak Memory Usage": 3361,
                  "Plans": [
                    {
                      "Node Type": "Seq Scan",
                      "Parent Relationship": "Outer",
                      "Parallel Aware": false,
                      "Relation Name": "company_name",
                      "Alias": "cn",
                      "Startup Cost": 0.00,
                      "Total Cost": 7377.61,
                      "Plan Rows": 110045,
                      "Plan Width": 75,
                      "Actual Startup Time": 0.008,
                      "Actual Total Time": 38.842,
                      "Actual Rows": 110294,
                      "Actual Loops": 1,
                      "Filter": "((cn1_country_code)::text = '[us]'::text)",
                      "Rows Removed by Filter": 181835
                    }
                  ]
                }
              ]
            }
          ]
        }
      ]
    },
    "Planning Time": 0.440,
    "Triggers": [
    ],
    "Execution Time": 3434.065
  }
]
