[
  {
    "Plan": {
      "Node Type": "Hash Join",
      "Parallel Aware": false,
      "Join Type": "Inner",
      "Startup Cost": 2.43,
      "Total Cost": 37676.66,
      "Plan Rows": 17019,
      "Plan Width": 68,
      "Actual Startup Time": 0.050,
      "Actual Total Time": 376.542,
      "Actual Rows": 640981,
      "Actual Loops": 1,
      "Hash Cond": "(miidx.mii_info_type_id = it.it_id)",
      "Plans": [
        {
          "Node Type": "Seq Scan",
          "Parent Relationship": "Outer",
          "Parallel Aware": false,
          "Relation Name": "movie_info_idx",
          "Alias": "miidx",
          "Startup Cost": 0.00,
          "Total Cost": 30292.03,
          "Plan Rows": 1923203,
          "Plan Width": 50,
          "Actual Startup Time": 0.030,
          "Actual Total Time": 135.146,
          "Actual Rows": 1923203,
          "Actual Loops": 1
        },
        {
          "Node Type": "Hash",
          "Parent Relationship": "Inner",
          "Parallel Aware": false,
          "Startup Cost": 2.41,
          "Total Cost": 2.41,
          "Plan Rows": 1,
          "Plan Width": 18,
          "Actual Startup Time": 0.014,
          "Actual Total Time": 0.014,
          "Actual Rows": 1,
          "Actual Loops": 1,
          "Hash Buckets": 1024,
          "Original Hash Buckets": 1024,
          "Hash Batches": 1,
          "Original Hash Batches": 1,
          "Peak Memory Usage": 9,
          "Plans": [
            {
              "Node Type": "Seq Scan",
              "Parent Relationship": "Outer",
              "Parallel Aware": false,
              "Relation Name": "info_type",
              "Alias": "it",
              "Startup Cost": 0.00,
              "Total Cost": 2.41,
              "Plan Rows": 1,
              "Plan Width": 18,
              "Actual Startup Time": 0.012,
              "Actual Total Time": 0.013,
              "Actual Rows": 1,
              "Actual Loops": 1,
              "Filter": "((it_info)::text = 'rating'::text)",
              "Rows Removed by Filter": 112
            }
          ]
        }
      ]
    },
    "Planning Time": 0.104,
    "Triggers": [
    ],
    "Execution Time": 395.110
  }
]
