[
  {
    "Plan": {
      "Node Type": "Hash Join",
      "Parallel Aware": false,
      "Join Type": "Inner",
      "Startup Cost": 173034.11,
      "Total Cost": 180962.33,
      "Plan Rows": 38,
      "Plan Width": 347,
      "Actual Startup Time": 3258.695,
      "Actual Total Time": 3586.819,
      "Actual Rows": 266966,
      "Actual Loops": 1,
      "Hash Cond": "(cn.cn1_id = mc.mc_company_id)",
      "Plans": [
        {
          "Node Type": "Seq Scan",
          "Parent Relationship": "Outer",
          "Parallel Aware": false,
          "Relation Name": "company_name",
          "Alias": "cn",
          "Startup Cost": 0.00,
          "Total Cost": 7377.61,
          "Plan Rows": 110045,
          "Plan Width": 75,
          "Actual Startup Time": 0.006,
          "Actual Total Time": 34.608,
          "Actual Rows": 110294,
          "Actual Loops": 1,
          "Filter": "((cn1_country_code)::text = '[us]'::text)",
          "Rows Removed by Filter": 181835
        },
        {
          "Node Type": "Hash",
          "Parent Relationship": "Inner",
          "Parallel Aware": false,
          "Startup Cost": 173032.83,
          "Total Cost": 173032.83,
          "Plan Rows": 102,
          "Plan Width": 272,
          "Actual Startup Time": 3258.375,
          "Actual Total Time": 3258.375,
          "Actual Rows": 789211,
          "Actual Loops": 1,
          "Hash Buckets": 32768,
          "Original Hash Buckets": 1024,
          "Hash Batches": 64,
          "Original Hash Batches": 1,
          "Peak Memory Usage": 3841,
          "Plans": [
            {
              "Node Type": "Hash Join",
              "Parent Relationship": "Outer",
              "Parallel Aware": false,
              "Join Type": "Inner",
              "Startup Cost": 77449.09,
              "Total Cost": 173032.83,
              "Plan Rows": 102,
              "Plan Width": 272,
              "Actual Startup Time": 1700.962,
              "Actual Total Time": 2945.503,
              "Actual Rows": 789211,
              "Actual Loops": 1,
              "Hash Cond": "(t.t_id = mc.mc_movie_id)",
              "Plans": [
                {
                  "Node Type": "Hash Join",
                  "Parent Relationship": "Outer",
                  "Parallel Aware": false,
                  "Join Type": "Inner",
                  "Startup Cost": 22.81,
                  "Total Cost": 95501.26,
                  "Plan Rows": 16684,
                  "Plan Width": 146,
                  "Actual Startup Time": 339.446,
                  "Actual Total Time": 726.985,
                  "Actual Rows": 853262,
                  "Actual Loops": 1,
                  "Hash Cond": "(t.t_kind_id = kt.kt_id)",
                  "Plans": [
                    {
                      "Node Type": "Seq Scan",
                      "Parent Relationship": "Outer",
                      "Parallel Aware": false,
                      "Relation Name": "title",
                      "Alias": "t",
                      "Startup Cost": 0.00,
                      "Total Cost": 82548.08,
                      "Plan Rows": 3403608,
                      "Plan Width": 94,
                      "Actual Startup Time": 0.004,
                      "Actual Total Time": 304.479,
                      "Actual Rows": 3403210,
                      "Actual Loops": 1
                    },
                    {
                      "Node Type": "Hash",
                      "Parent Relationship": "Inner",
                      "Parallel Aware": false,
                      "Startup Cost": 22.75,
                      "Total Cost": 22.75,
                      "Plan Rows": 5,
                      "Plan Width": 52,
                      "Actual Startup Time": 0.005,
                      "Actual Total Time": 0.005,
                      "Actual Rows": 1,
                      "Actual Loops": 1,
                      "Hash Buckets": 1024,
                      "Original Hash Buckets": 1024,
                      "Hash Batches": 1,
                      "Original Hash Batches": 1,
                      "Peak Memory Usage": 9,
                      "Plans": [
                        {
                          "Node Type": "Seq Scan",
                          "Parent Relationship": "Outer",
                          "Parallel Aware": false,
                          "Relation Name": "kind_type",
                          "Alias": "kt",
                          "Startup Cost": 0.00,
                          "Total Cost": 22.75,
                          "Plan Rows": 5,
                          "Plan Width": 52,
                          "Actual Startup Time": 0.003,
                          "Actual Total Time": 0.004,
                          "Actual Rows": 1,
                          "Actual Loops": 1,
                          "Filter": "((kt_kind)::text = 'movie'::text)",
                          "Rows Removed by Filter": 6
                        }
                      ]
                    }
                  ]
                },
                {
                  "Node Type": "Hash",
                  "Parent Relationship": "Inner",
                  "Parallel Aware": false,
                  "Startup Cost": 77166.29,
                  "Total Cost": 77166.29,
                  "Plan Rows": 20799,
                  "Plan Width": 126,
                  "Actual Startup Time": 1326.026,
                  "Actual Total Time": 1326.026,
                  "Actual Rows": 2057101,
                  "Actual Loops": 1,
                  "Hash Buckets": 65536,
                  "Original Hash Buckets": 32768,
                  "Hash Batches": 64,
                  "Original Hash Batches": 1,
                  "Peak Memory Usage": 3585,
                  "Plans": [
                    {
                      "Node Type": "Hash Join",
                      "Parent Relationship": "Outer",
                      "Parallel Aware": false,
                      "Join Type": "Inner",
                      "Startup Cost": 18.93,
                      "Total Cost": 77166.29,
                      "Plan Rows": 20799,
                      "Plan Width": 126,
                      "Actual Startup Time": 252.088,
                      "Actual Total Time": 881.449,
                      "Actual Rows": 2057101,
                      "Actual Loops": 1,
                      "Hash Cond": "(mc.mc_company_type_id = ct.ct_id)",
                      "Plans": [
                        {
                          "Node Type": "Seq Scan",
                          "Parent Relationship": "Outer",
                          "Parallel Aware": false,
                          "Relation Name": "movie_companies",
                          "Alias": "mc",
                          "Startup Cost": 0.00,
                          "Total Cost": 63095.09,
                          "Plan Rows": 3691809,
                          "Plan Width": 40,
                          "Actual Startup Time": 0.019,
                          "Actual Total Time": 280.252,
                          "Actual Rows": 3691809,
                          "Actual Loops": 1
                        },
                        {
                          "Node Type": "Hash",
                          "Parent Relationship": "Inner",
                          "Parallel Aware": false,
                          "Startup Cost": 18.88,
                          "Total Cost": 18.88,
                          "Plan Rows": 4,
                          "Plan Width": 86,
                          "Actual Startup Time": 0.007,
                          "Actual Total Time": 0.008,
                          "Actual Rows": 1,
                          "Actual Loops": 1,
                          "Hash Buckets": 1024,
                          "Original Hash Buckets": 1024,
                          "Hash Batches": 1,
                          "Original Hash Batches": 1,
                          "Peak Memory Usage": 9,
                          "Plans": [
                            {
                              "Node Type": "Seq Scan",
                              "Parent Relationship": "Outer",
                              "Parallel Aware": false,
                              "Relation Name": "company_type",
                              "Alias": "ct",
                              "Startup Cost": 0.00,
                              "Total Cost": 18.88,
                              "Plan Rows": 4,
                              "Plan Width": 86,
                              "Actual Startup Time": 0.005,
                              "Actual Total Time": 0.006,
                              "Actual Rows": 1,
                              "Actual Loops": 1,
                              "Filter": "((ct_kind)::text = 'production companies'::text)",
                              "Rows Removed by Filter": 3
                            }
                          ]
                        }
                      ]
                    }
                  ]
                }
              ]
            }
          ]
        }
      ]
    },
    "Planning Time": 0.337,
    "Triggers": [
    ],
    "Execution Time": 3594.281
  }
]
