[
  {
    "Plan": {
      "Node Type": "Hash Join",
      "Parallel Aware": false,
      "Join Type": "Inner",
      "Startup Cost": 98566.28,
      "Total Cost": 210239.87,
      "Plan Rows": 1,
      "Plan Width": 184,
      "Actual Startup Time": 838.291,
      "Actual Total Time": 1517.488,
      "Actual Rows": 4482,
      "Actual Loops": 1,
      "Hash Cond": "(mk.mk_movie_id = t.t_id)",
      "Plans": [
        {
          "Node Type": "Hash Join",
          "Parent Relationship": "Outer",
          "Parallel Aware": false,
          "Join Type": "Inner",
          "Startup Cost": 3906.68,
          "Total Cost": 115579.76,
          "Plan Rows": 133,
          "Plan Width": 38,
          "Actual Startup Time": 35.441,
          "Actual Total Time": 874.958,
          "Actual Rows": 43641,
          "Actual Loops": 1,
          "Hash Cond": "(mk.mk_keyword_id = k.k_id)",
          "Plans": [
            {
              "Node Type": "Seq Scan",
              "Parent Relationship": "Outer",
              "Parallel Aware": false,
              "Relation Name": "movie_keyword",
              "Alias": "mk",
              "Startup Cost": 0.00,
              "Total Cost": 89810.27,
              "Plan Rows": 5829727,
              "Plan Width": 12,
              "Actual Startup Time": 0.028,
              "Actual Total Time": 410.390,
              "Actual Rows": 5829736,
              "Actual Loops": 1
            },
            {
              "Node Type": "Hash",
              "Parent Relationship": "Inner",
              "Parallel Aware": false,
              "Startup Cost": 3906.63,
              "Total Cost": 3906.63,
              "Plan Rows": 4,
              "Plan Width": 26,
              "Actual Startup Time": 35.352,
              "Actual Total Time": 35.352,
              "Actual Rows": 3,
              "Actual Loops": 1,
              "Hash Buckets": 1024,
              "Original Hash Buckets": 1024,
              "Hash Batches": 1,
              "Original Hash Batches": 1,
              "Peak Memory Usage": 9,
              "Plans": [
                {
                  "Node Type": "Seq Scan",
                  "Parent Relationship": "Outer",
                  "Parallel Aware": false,
                  "Relation Name": "keyword",
                  "Alias": "k",
                  "Startup Cost": 0.00,
                  "Total Cost": 3906.63,
                  "Plan Rows": 4,
                  "Plan Width": 26,
                  "Actual Startup Time": 3.762,
                  "Actual Total Time": 35.350,
                  "Actual Rows": 3,
                  "Actual Loops": 1,
                  "Filter": "(k_keyword = ANY ('{murder,murder-in-title,blood,violence}'::text[]))",
                  "Rows Removed by Filter": 175839
                }
              ]
            }
          ]
        },
        {
          "Node Type": "Hash",
          "Parent Relationship": "Inner",
          "Parallel Aware": false,
          "Startup Cost": 94602.78,
          "Total Cost": 94602.78,
          "Plan Rows": 4546,
          "Plan Width": 146,
          "Actual Startup Time": 597.998,
          "Actual Total Time": 597.998,
          "Actual Rows": 236956,
          "Actual Loops": 1,
          "Hash Buckets": 32768,
          "Original Hash Buckets": 8192,
          "Hash Batches": 8,
          "Original Hash Batches": 1,
          "Peak Memory Usage": 3841,
          "Plans": [
            {
              "Node Type": "Hash Join",
              "Parent Relationship": "Outer",
              "Parallel Aware": false,
              "Join Type": "Inner",
              "Startup Cost": 22.81,
              "Total Cost": 94602.78,
              "Plan Rows": 4546,
              "Plan Width": 146,
              "Actual Startup Time": 279.690,
              "Actual Total Time": 526.293,
              "Actual Rows": 236956,
              "Actual Loops": 1,
              "Hash Cond": "(t.t_kind_id = kt.kt_id)",
              "Plans": [
                {
                  "Node Type": "Seq Scan",
                  "Parent Relationship": "Outer",
                  "Parallel Aware": false,
                  "Relation Name": "title",
                  "Alias": "t",
                  "Startup Cost": 0.00,
                  "Total Cost": 91057.10,
                  "Plan Rows": 927308,
                  "Plan Width": 94,
                  "Actual Startup Time": 0.007,
                  "Actual Total Time": 431.657,
                  "Actual Rows": 927086,
                  "Actual Loops": 1,
                  "Filter": "(t_production_year > 2010)",
                  "Rows Removed by Filter": 2476124
                },
                {
                  "Node Type": "Hash",
                  "Parent Relationship": "Inner",
                  "Parallel Aware": false,
                  "Startup Cost": 22.75,
                  "Total Cost": 22.75,
                  "Plan Rows": 5,
                  "Plan Width": 52,
                  "Actual Startup Time": 0.005,
                  "Actual Total Time": 0.005,
                  "Actual Rows": 1,
                  "Actual Loops": 1,
                  "Hash Buckets": 1024,
                  "Original Hash Buckets": 1024,
                  "Hash Batches": 1,
                  "Original Hash Batches": 1,
                  "Peak Memory Usage": 9,
                  "Plans": [
                    {
                      "Node Type": "Seq Scan",
                      "Parent Relationship": "Outer",
                      "Parallel Aware": false,
                      "Relation Name": "kind_type",
                      "Alias": "kt",
                      "Startup Cost": 0.00,
                      "Total Cost": 22.75,
                      "Plan Rows": 5,
                      "Plan Width": 52,
                      "Actual Startup Time": 0.003,
                      "Actual Total Time": 0.004,
                      "Actual Rows": 1,
                      "Actual Loops": 1,
                      "Filter": "((kt_kind)::text = 'movie'::text)",
                      "Rows Removed by Filter": 6
                    }
                  ]
                }
              ]
            }
          ]
        }
      ]
    },
    "Planning Time": 0.287,
    "Triggers": [
    ],
    "Execution Time": 1517.696
  }
]
