[
  {
    "Plan": {
      "Node Type": "Hash Join",
      "Parallel Aware": false,
      "Join Type": "Inner",
      "Startup Cost": 42348.04,
      "Total Cost": 136950.95,
      "Plan Rows": 22,
      "Plan Width": 214,
      "Actual Startup Time": 1055.808,
      "Actual Total Time": 1458.642,
      "Actual Rows": 45223,
      "Actual Loops": 1,
      "Hash Cond": "(t.t_id = mi_idx.mii_movie_id)",
      "Plans": [
        {
          "Node Type": "Hash Join",
          "Parent Relationship": "Outer",
          "Parallel Aware": false,
          "Join Type": "Inner",
          "Startup Cost": 22.81,
          "Total Cost": 94602.78,
          "Plan Rows": 4546,
          "Plan Width": 146,
          "Actual Startup Time": 298.573,
          "Actual Total Time": 545.249,
          "Actual Rows": 236956,
          "Actual Loops": 1,
          "Hash Cond": "(t.t_kind_id = kt.kt_id)",
          "Plans": [
            {
              "Node Type": "Seq Scan",
              "Parent Relationship": "Outer",
              "Parallel Aware": false,
              "Relation Name": "title",
              "Alias": "t",
              "Startup Cost": 0.00,
              "Total Cost": 91057.10,
              "Plan Rows": 927308,
              "Plan Width": 94,
              "Actual Startup Time": 0.007,
              "Actual Total Time": 448.998,
              "Actual Rows": 927086,
              "Actual Loops": 1,
              "Filter": "(t_production_year > 2010)",
              "Rows Removed by Filter": 2476124
            },
            {
              "Node Type": "Hash",
              "Parent Relationship": "Inner",
              "Parallel Aware": false,
              "Startup Cost": 22.75,
              "Total Cost": 22.75,
              "Plan Rows": 5,
              "Plan Width": 52,
              "Actual Startup Time": 0.005,
              "Actual Total Time": 0.005,
              "Actual Rows": 1,
              "Actual Loops": 1,
              "Hash Buckets": 1024,
              "Original Hash Buckets": 1024,
              "Hash Batches": 1,
              "Original Hash Batches": 1,
              "Peak Memory Usage": 9,
              "Plans": [
                {
                  "Node Type": "Seq Scan",
                  "Parent Relationship": "Outer",
                  "Parallel Aware": false,
                  "Relation Name": "kind_type",
                  "Alias": "kt",
                  "Startup Cost": 0.00,
                  "Total Cost": 22.75,
                  "Plan Rows": 5,
                  "Plan Width": 52,
                  "Actual Startup Time": 0.003,
                  "Actual Total Time": 0.004,
                  "Actual Rows": 1,
                  "Actual Loops": 1,
                  "Filter": "((kt_kind)::text = 'movie'::text)",
                  "Rows Removed by Filter": 6
                }
              ]
            }
          ]
        },
        {
          "Node Type": "Hash",
          "Parent Relationship": "Inner",
          "Parallel Aware": false,
          "Startup Cost": 42122.91,
          "Total Cost": 42122.91,
          "Plan Rows": 16185,
          "Plan Width": 68,
          "Actual Startup Time": 724.202,
          "Actual Total Time": 724.202,
          "Actual Rows": 588699,
          "Actual Loops": 1,
          "Hash Buckets": 65536,
          "Original Hash Buckets": 16384,
          "Hash Batches": 16,
          "Original Hash Batches": 1,
          "Peak Memory Usage": 3585,
          "Plans": [
            {
              "Node Type": "Hash Join",
              "Parent Relationship": "Outer",
              "Parallel Aware": false,
              "Join Type": "Inner",
              "Startup Cost": 2.43,
              "Total Cost": 42122.91,
              "Plan Rows": 16185,
              "Plan Width": 68,
              "Actual Startup Time": 0.040,
              "Actual Total Time": 595.707,
              "Actual Rows": 588699,
              "Actual Loops": 1,
              "Hash Cond": "(mi_idx.mii_info_type_id = it2.it_id)",
              "Plans": [
                {
                  "Node Type": "Seq Scan",
                  "Parent Relationship": "Outer",
                  "Parallel Aware": false,
                  "Relation Name": "movie_info_idx",
                  "Alias": "mi_idx",
                  "Startup Cost": 0.00,
                  "Total Cost": 35100.04,
                  "Plan Rows": 1828960,
                  "Plan Width": 50,
                  "Actual Startup Time": 0.021,
                  "Actual Total Time": 394.325,
                  "Actual Rows": 1826429,
                  "Actual Loops": 1,
                  "Filter": "(mii_info < '8.5'::text)",
                  "Rows Removed by Filter": 96774
                },
                {
                  "Node Type": "Hash",
                  "Parent Relationship": "Inner",
                  "Parallel Aware": false,
                  "Startup Cost": 2.41,
                  "Total Cost": 2.41,
                  "Plan Rows": 1,
                  "Plan Width": 18,
                  "Actual Startup Time": 0.013,
                  "Actual Total Time": 0.013,
                  "Actual Rows": 1,
                  "Actual Loops": 1,
                  "Hash Buckets": 1024,
                  "Original Hash Buckets": 1024,
                  "Hash Batches": 1,
                  "Original Hash Batches": 1,
                  "Peak Memory Usage": 9,
                  "Plans": [
                    {
                      "Node Type": "Seq Scan",
                      "Parent Relationship": "Outer",
                      "Parallel Aware": false,
                      "Relation Name": "info_type",
                      "Alias": "it2",
                      "Startup Cost": 0.00,
                      "Total Cost": 2.41,
                      "Plan Rows": 1,
                      "Plan Width": 18,
                      "Actual Startup Time": 0.011,
                      "Actual Total Time": 0.012,
                      "Actual Rows": 1,
                      "Actual Loops": 1,
                      "Filter": "((it_info)::text = 'rating'::text)",
                      "Rows Removed by Filter": 112
                    }
                  ]
                }
              ]
            }
          ]
        }
      ]
    },
    "Planning Time": 0.288,
    "Triggers": [
    ],
    "Execution Time": 1460.062
  }
]
