[
  {
    "Plan": {
      "Node Type": "Hash Join",
      "Parallel Aware": false,
      "Join Type": "Inner",
      "Startup Cost": 156376.40,
      "Total Cost": 411615.83,
      "Plan Rows": 829915,
      "Plan Width": 295,
      "Actual Startup Time": 938.019,
      "Actual Total Time": 3724.794,
      "Actual Rows": 815315,
      "Actual Loops": 1,
      "Hash Cond": "(mc.mc_company_type_id = ct.ct_id)",
      "Plans": [
        {
          "Node Type": "Hash Join",
          "Parent Relationship": "Outer",
          "Parallel Aware": false,
          "Join Type": "Inner",
          "Startup Cost": 156350.43,
          "Total Cost": 400178.52,
          "Plan Rows": 829915,
          "Plan Width": 209,
          "Actual Startup Time": 938.008,
          "Actual Total Time": 3545.062,
          "Actual Rows": 815315,
          "Actual Loops": 1,
          "Hash Cond": "(mc.mc_movie_id = t.t_id)",
          "Plans": [
            {
              "Node Type": "Hash Join",
              "Parent Relationship": "Outer",
              "Parallel Aware": false,
              "Join Type": "Inner",
              "Startup Cost": 10151.17,
              "Total Cost": 160081.60,
              "Plan Rows": 1390705,
              "Plan Width": 115,
              "Actual Startup Time": 51.923,
              "Actual Total Time": 1399.480,
              "Actual Rows": 1641668,
              "Actual Loops": 1,
              "Hash Cond": "(mc.mc_company_id = cn.cn1_id)",
              "Plans": [
                {
                  "Node Type": "Seq Scan",
                  "Parent Relationship": "Outer",
                  "Parallel Aware": false,
                  "Relation Name": "movie_companies",
                  "Alias": "mc",
                  "Startup Cost": 0.00,
                  "Total Cost": 63095.09,
                  "Plan Rows": 3691809,
                  "Plan Width": 40,
                  "Actual Startup Time": 0.035,
                  "Actual Total Time": 289.941,
                  "Actual Rows": 3691809,
                  "Actual Loops": 1
                },
                {
                  "Node Type": "Hash",
                  "Parent Relationship": "Inner",
                  "Parallel Aware": false,
                  "Startup Cost": 7377.61,
                  "Total Cost": 7377.61,
                  "Plan Rows": 110045,
                  "Plan Width": 75,
                  "Actual Startup Time": 51.851,
                  "Actual Total Time": 51.851,
                  "Actual Rows": 110294,
                  "Actual Loops": 1,
                  "Hash Buckets": 65536,
                  "Original Hash Buckets": 65536,
                  "Hash Batches": 4,
                  "Original Hash Batches": 4,
                  "Peak Memory Usage": 3361,
                  "Plans": [
                    {
                      "Node Type": "Seq Scan",
                      "Parent Relationship": "Outer",
                      "Parallel Aware": false,
                      "Relation Name": "company_name",
                      "Alias": "cn",
                      "Startup Cost": 0.00,
                      "Total Cost": 7377.61,
                      "Plan Rows": 110045,
                      "Plan Width": 75,
                      "Actual Startup Time": 0.008,
                      "Actual Total Time": 35.346,
                      "Actual Rows": 110294,
                      "Actual Loops": 1,
                      "Filter": "((cn1_country_code)::text = '[us]'::text)",
                      "Rows Removed by Filter": 181835
                    }
                  ]
                }
              ]
            },
            {
              "Node Type": "Hash",
              "Parent Relationship": "Inner",
              "Parallel Aware": false,
              "Startup Cost": 91057.10,
              "Total Cost": 91057.10,
              "Plan Rows": 2031132,
              "Plan Width": 94,
              "Actual Startup Time": 884.630,
              "Actual Total Time": 884.631,
              "Actual Rows": 2027079,
              "Actual Loops": 1,
              "Hash Buckets": 32768,
              "Original Hash Buckets": 32768,
              "Hash Batches": 128,
              "Original Hash Batches": 128,
              "Peak Memory Usage": 2044,
              "Plans": [
                {
                  "Node Type": "Seq Scan",
                  "Parent Relationship": "Outer",
                  "Parallel Aware": false,
                  "Relation Name": "title",
                  "Alias": "t",
                  "Startup Cost": 0.00,
                  "Total Cost": 91057.10,
                  "Plan Rows": 2031132,
                  "Plan Width": 94,
                  "Actual Startup Time": 0.011,
                  "Actual Total Time": 519.097,
                  "Actual Rows": 2027079,
                  "Actual Loops": 1,
                  "Filter": "(t_production_year > 2000)",
                  "Rows Removed by Filter": 1376131
                }
              ]
            }
          ]
        },
        {
          "Node Type": "Hash",
          "Parent Relationship": "Inner",
          "Parallel Aware": false,
          "Startup Cost": 17.10,
          "Total Cost": 17.10,
          "Plan Rows": 710,
          "Plan Width": 86,
          "Actual Startup Time": 0.006,
          "Actual Total Time": 0.006,
          "Actual Rows": 4,
          "Actual Loops": 1,
          "Hash Buckets": 1024,
          "Original Hash Buckets": 1024,
          "Hash Batches": 1,
          "Original Hash Batches": 1,
          "Peak Memory Usage": 9,
          "Plans": [
            {
              "Node Type": "Seq Scan",
              "Parent Relationship": "Outer",
              "Parallel Aware": false,
              "Relation Name": "company_type",
              "Alias": "ct",
              "Startup Cost": 0.00,
              "Total Cost": 17.10,
              "Plan Rows": 710,
              "Plan Width": 86,
              "Actual Startup Time": 0.004,
              "Actual Total Time": 0.004,
              "Actual Rows": 4,
              "Actual Loops": 1
            }
          ]
        }
      ]
    },
    "Planning Time": 0.255,
    "Triggers": [
    ],
    "Execution Time": 3750.218
  }
]
