[
  {
    "Plan": {
      "Node Type": "Hash Join",
      "Parallel Aware": false,
      "Join Type": "Inner",
      "Startup Cost": 85073.59,
      "Total Cost": 187658.85,
      "Plan Rows": 3,
      "Plan Width": 295,
      "Actual Startup Time": 589.279,
      "Actual Total Time": 1194.092,
      "Actual Rows": 952,
      "Actual Loops": 1,
      "Hash Cond": "(mc.mc_company_type_id = ct.ct_id)",
      "Plans": [
        {
          "Node Type": "Hash Join",
          "Parent Relationship": "Outer",
          "Parallel Aware": false,
          "Join Type": "Inner",
          "Startup Cost": 85047.61,
          "Total Cost": 187632.83,
          "Plan Rows": 3,
          "Plan Width": 209,
          "Actual Startup Time": 589.268,
          "Actual Total Time": 1193.675,
          "Actual Rows": 952,
          "Actual Loops": 1,
          "Hash Cond": "(t.t_id = mc.mc_movie_id)",
          "Plans": [
            {
              "Node Type": "Seq Scan",
              "Parent Relationship": "Outer",
              "Parallel Aware": false,
              "Relation Name": "title",
              "Alias": "t",
              "Startup Cost": 0.00,
              "Total Cost": 99566.12,
              "Plan Rows": 805084,
              "Plan Width": 94,
              "Actual Startup Time": 0.006,
              "Actual Total Time": 507.428,
              "Actual Rows": 794372,
              "Actual Loops": 1,
              "Filter": "((t_production_year >= 2005) AND (t_production_year <= 2010))",
              "Rows Removed by Filter": 2608838
            },
            {
              "Node Type": "Hash",
              "Parent Relationship": "Inner",
              "Parallel Aware": false,
              "Startup Cost": 85047.45,
              "Total Cost": 85047.45,
              "Plan Rows": 13,
              "Plan Width": 115,
              "Actual Startup Time": 588.585,
              "Actual Total Time": 588.585,
              "Actual Rows": 3951,
              "Actual Loops": 1,
              "Hash Buckets": 4096,
              "Original Hash Buckets": 1024,
              "Hash Batches": 1,
              "Original Hash Batches": 1,
              "Peak Memory Usage": 591,
              "Plans": [
                {
                  "Node Type": "Hash Join",
                  "Parent Relationship": "Outer",
                  "Parallel Aware": false,
                  "Join Type": "Inner",
                  "Startup Cost": 8107.95,
                  "Total Cost": 85047.45,
                  "Plan Rows": 13,
                  "Plan Width": 115,
                  "Actual Startup Time": 33.423,
                  "Actual Total Time": 587.130,
                  "Actual Rows": 3951,
                  "Actual Loops": 1,
                  "Hash Cond": "(mc.mc_company_id = cn.cn1_id)",
                  "Plans": [
                    {
                      "Node Type": "Seq Scan",
                      "Parent Relationship": "Outer",
                      "Parallel Aware": false,
                      "Relation Name": "movie_companies",
                      "Alias": "mc",
                      "Startup Cost": 0.00,
                      "Total Cost": 63095.09,
                      "Plan Rows": 3691809,
                      "Plan Width": 40,
                      "Actual Startup Time": 0.027,
                      "Actual Total Time": 277.073,
                      "Actual Rows": 3691809,
                      "Actual Loops": 1
                    },
                    {
                      "Node Type": "Hash",
                      "Parent Relationship": "Inner",
                      "Parallel Aware": false,
                      "Startup Cost": 8107.93,
                      "Total Cost": 8107.93,
                      "Plan Rows": 1,
                      "Plan Width": 75,
                      "Actual Startup Time": 33.389,
                      "Actual Total Time": 33.389,
                      "Actual Rows": 1,
                      "Actual Loops": 1,
                      "Hash Buckets": 1024,
                      "Original Hash Buckets": 1024,
                      "Hash Batches": 1,
                      "Original Hash Batches": 1,
                      "Peak Memory Usage": 9,
                      "Plans": [
                        {
                          "Node Type": "Seq Scan",
                          "Parent Relationship": "Outer",
                          "Parallel Aware": false,
                          "Relation Name": "company_name",
                          "Alias": "cn",
                          "Startup Cost": 0.00,
                          "Total Cost": 8107.93,
                          "Plan Rows": 1,
                          "Plan Width": 75,
                          "Actual Startup Time": 7.626,
                          "Actual Total Time": 33.386,
                          "Actual Rows": 1,
                          "Actual Loops": 1,
                          "Filter": "(((cn1_country_code)::text = '[us]'::text) AND (cn1_name = 'YouTube'::text))",
                          "Rows Removed by Filter": 292128
                        }
                      ]
                    }
                  ]
                }
              ]
            }
          ]
        },
        {
          "Node Type": "Hash",
          "Parent Relationship": "Inner",
          "Parallel Aware": false,
          "Startup Cost": 17.10,
          "Total Cost": 17.10,
          "Plan Rows": 710,
          "Plan Width": 86,
          "Actual Startup Time": 0.005,
          "Actual Total Time": 0.005,
          "Actual Rows": 4,
          "Actual Loops": 1,
          "Hash Buckets": 1024,
          "Original Hash Buckets": 1024,
          "Hash Batches": 1,
          "Original Hash Batches": 1,
          "Peak Memory Usage": 9,
          "Plans": [
            {
              "Node Type": "Seq Scan",
              "Parent Relationship": "Outer",
              "Parallel Aware": false,
              "Relation Name": "company_type",
              "Alias": "ct",
              "Startup Cost": 0.00,
              "Total Cost": 17.10,
              "Plan Rows": 710,
              "Plan Width": 86,
              "Actual Startup Time": 0.003,
              "Actual Total Time": 0.004,
              "Actual Rows": 4,
              "Actual Loops": 1
            }
          ]
        }
      ]
    },
    "Planning Time": 0.281,
    "Triggers": [
    ],
    "Execution Time": 1194.186
  }
]
