[
  {
    "Plan": {
      "Node Type": "Hash Join",
      "Parallel Aware": false,
      "Join Type": "Inner",
      "Startup Cost": 121423.67,
      "Total Cost": 162445.86,
      "Plan Rows": 100693,
      "Plan Width": 209,
      "Actual Startup Time": 669.381,
      "Actual Total Time": 966.929,
      "Actual Rows": 51641,
      "Actual Loops": 1,
      "Hash Cond": "(at.at_movie_id = t.t_id)",
      "Plans": [
        {
          "Node Type": "Seq Scan",
          "Parent Relationship": "Outer",
          "Parallel Aware": false,
          "Relation Name": "aka_title",
          "Alias": "at",
          "Startup Cost": 0.00,
          "Total Cost": 11658.92,
          "Plan Rows": 425692,
          "Plan Width": 115,
          "Actual Startup Time": 0.033,
          "Actual Total Time": 46.800,
          "Actual Rows": 425692,
          "Actual Loops": 1
        },
        {
          "Node Type": "Hash",
          "Parent Relationship": "Inner",
          "Parallel Aware": false,
          "Startup Cost": 99566.12,
          "Total Cost": 99566.12,
          "Plan Rows": 805084,
          "Plan Width": 94,
          "Actual Startup Time": 668.937,
          "Actual Total Time": 668.937,
          "Actual Rows": 794372,
          "Actual Loops": 1,
          "Hash Buckets": 32768,
          "Original Hash Buckets": 32768,
          "Hash Batches": 32,
          "Original Hash Batches": 32,
          "Peak Memory Usage": 3079,
          "Plans": [
            {
              "Node Type": "Seq Scan",
              "Parent Relationship": "Outer",
              "Parallel Aware": false,
              "Relation Name": "title",
              "Alias": "t",
              "Startup Cost": 0.00,
              "Total Cost": 99566.12,
              "Plan Rows": 805084,
              "Plan Width": 94,
              "Actual Startup Time": 0.009,
              "Actual Total Time": 523.301,
              "Actual Rows": 794372,
              "Actual Loops": 1,
              "Filter": "((t_production_year >= 2005) AND (t_production_year <= 2010))",
              "Rows Removed by Filter": 2608838
            }
          ]
        }
      ]
    },
    "Planning Time": 0.127,
    "Triggers": [
    ],
    "Execution Time": 968.670
  }
]
