[
  {
    "Plan": {
      "Node Type": "Hash Join",
      "Parallel Aware": false,
      "Join Type": "Inner",
      "Startup Cost": 127852.11,
      "Total Cost": 387989.02,
      "Plan Rows": 1378954,
      "Plan Width": 132,
      "Actual Startup Time": 682.712,
      "Actual Total Time": 3297.167,
      "Actual Rows": 1306101,
      "Actual Loops": 1,
      "Hash Cond": "(mk.mk_keyword_id = k.k_id)",
      "Plans": [
        {
          "Node Type": "Hash Join",
          "Parent Relationship": "Outer",
          "Parallel Aware": false,
          "Join Type": "Inner",
          "Startup Cost": 121423.67,
          "Total Cost": 315610.96,
          "Plan Rows": 1378954,
          "Plan Width": 106,
          "Actual Startup Time": 649.819,
          "Actual Total Time": 2523.331,
          "Actual Rows": 1306101,
          "Actual Loops": 1,
          "Hash Cond": "(mk.mk_movie_id = t.t_id)",
          "Plans": [
            {
              "Node Type": "Seq Scan",
              "Parent Relationship": "Outer",
              "Parallel Aware": false,
              "Relation Name": "movie_keyword",
              "Alias": "mk",
              "Startup Cost": 0.00,
              "Total Cost": 89810.27,
              "Plan Rows": 5829727,
              "Plan Width": 12,
              "Actual Startup Time": 0.030,
              "Actual Total Time": 433.915,
              "Actual Rows": 5829736,
              "Actual Loops": 1
            },
            {
              "Node Type": "Hash",
              "Parent Relationship": "Inner",
              "Parallel Aware": false,
              "Startup Cost": 99566.12,
              "Total Cost": 99566.12,
              "Plan Rows": 805084,
              "Plan Width": 94,
              "Actual Startup Time": 649.419,
              "Actual Total Time": 649.419,
              "Actual Rows": 794372,
              "Actual Loops": 1,
              "Hash Buckets": 32768,
              "Original Hash Buckets": 32768,
              "Hash Batches": 32,
              "Original Hash Batches": 32,
              "Peak Memory Usage": 3081,
              "Plans": [
                {
                  "Node Type": "Seq Scan",
                  "Parent Relationship": "Outer",
                  "Parallel Aware": false,
                  "Relation Name": "title",
                  "Alias": "t",
                  "Startup Cost": 0.00,
                  "Total Cost": 99566.12,
                  "Plan Rows": 805084,
                  "Plan Width": 94,
                  "Actual Startup Time": 0.009,
                  "Actual Total Time": 508.094,
                  "Actual Rows": 794372,
                  "Actual Loops": 1,
                  "Filter": "((t_production_year >= 2005) AND (t_production_year <= 2010))",
                  "Rows Removed by Filter": 2608838
                }
              ]
            }
          ]
        },
        {
          "Node Type": "Hash",
          "Parent Relationship": "Inner",
          "Parallel Aware": false,
          "Startup Cost": 3027.42,
          "Total Cost": 3027.42,
          "Plan Rows": 175842,
          "Plan Width": 26,
          "Actual Startup Time": 32.831,
          "Actual Total Time": 32.831,
          "Actual Rows": 175842,
          "Actual Loops": 1,
          "Hash Buckets": 65536,
          "Original Hash Buckets": 65536,
          "Hash Batches": 4,
          "Original Hash Batches": 4,
          "Peak Memory Usage": 3069,
          "Plans": [
            {
              "Node Type": "Seq Scan",
              "Parent Relationship": "Outer",
              "Parallel Aware": false,
              "Relation Name": "keyword",
              "Alias": "k",
              "Startup Cost": 0.00,
              "Total Cost": 3027.42,
              "Plan Rows": 175842,
              "Plan Width": 26,
              "Actual Startup Time": 0.007,
              "Actual Total Time": 11.772,
              "Actual Rows": 175842,
              "Actual Loops": 1
            }
          ]
        }
      ]
    },
    "Planning Time": 0.198,
    "Triggers": [
    ],
    "Execution Time": 3335.731
  }
]
