[
  {
    "Plan": {
      "Node Type": "Hash Join",
      "Parallel Aware": false,
      "Join Type": "Inner",
      "Startup Cost": 157342.09,
      "Total Cost": 669525.37,
      "Plan Rows": 119718,
      "Plan Width": 186,
      "Actual Startup Time": 3219.784,
      "Actual Total Time": 6824.031,
      "Actual Rows": 3038371,
      "Actual Loops": 1,
      "Hash Cond": "(mi.mi_movie_id = t.t_id)",
      "Plans": [
        {
          "Node Type": "Hash Join",
          "Parent Relationship": "Outer",
          "Parallel Aware": false,
          "Join Type": "Inner",
          "Startup Cost": 2.43,
          "Total Cost": 469500.06,
          "Plan Rows": 166895,
          "Plan Width": 92,
          "Actual Startup Time": 2248.634,
          "Actual Total Time": 3494.745,
          "Actual Rows": 3990198,
          "Actual Loops": 1,
          "Hash Cond": "(mi.mi_info_type_id = it1.it_id)",
          "Plans": [
            {
              "Node Type": "Seq Scan",
              "Parent Relationship": "Outer",
              "Parallel Aware": false,
              "Relation Name": "movie_info",
              "Alias": "mi",
              "Startup Cost": 0.00,
              "Total Cost": 397107.04,
              "Plan Rows": 18859104,
              "Plan Width": 74,
              "Actual Startup Time": 0.021,
              "Actual Total Time": 1500.963,
              "Actual Rows": 18813834,
              "Actual Loops": 1
            },
            {
              "Node Type": "Hash",
              "Parent Relationship": "Inner",
              "Parallel Aware": false,
              "Startup Cost": 2.41,
              "Total Cost": 2.41,
              "Plan Rows": 1,
              "Plan Width": 18,
              "Actual Startup Time": 0.018,
              "Actual Total Time": 0.019,
              "Actual Rows": 1,
              "Actual Loops": 1,
              "Hash Buckets": 1024,
              "Original Hash Buckets": 1024,
              "Hash Batches": 1,
              "Original Hash Batches": 1,
              "Peak Memory Usage": 9,
              "Plans": [
                {
                  "Node Type": "Seq Scan",
                  "Parent Relationship": "Outer",
                  "Parallel Aware": false,
                  "Relation Name": "info_type",
                  "Alias": "it1",
                  "Startup Cost": 0.00,
                  "Total Cost": 2.41,
                  "Plan Rows": 1,
                  "Plan Width": 18,
                  "Actual Startup Time": 0.005,
                  "Actual Total Time": 0.013,
                  "Actual Rows": 1,
                  "Actual Loops": 1,
                  "Filter": "((it_info)::text = 'release dates'::text)",
                  "Rows Removed by Filter": 112
                }
              ]
            }
          ]
        },
        {
          "Node Type": "Hash",
          "Parent Relationship": "Inner",
          "Parallel Aware": false,
          "Startup Cost": 91057.10,
          "Total Cost": 91057.10,
          "Plan Rows": 2441485,
          "Plan Width": 94,
          "Actual Startup Time": 970.291,
          "Actual Total Time": 970.291,
          "Actual Rows": 2440187,
          "Actual Loops": 1,
          "Hash Buckets": 32768,
          "Original Hash Buckets": 32768,
          "Hash Batches": 128,
          "Original Hash Batches": 128,
          "Peak Memory Usage": 2412,
          "Plans": [
            {
              "Node Type": "Seq Scan",
              "Parent Relationship": "Outer",
              "Parallel Aware": false,
              "Relation Name": "title",
              "Alias": "t",
              "Startup Cost": 0.00,
              "Total Cost": 91057.10,
              "Plan Rows": 2441485,
              "Plan Width": 94,
              "Actual Startup Time": 0.022,
              "Actual Total Time": 519.964,
              "Actual Rows": 2440187,
              "Actual Loops": 1,
              "Filter": "(t_production_year > 1990)",
              "Rows Removed by Filter": 963023
            }
          ]
        }
      ]
    },
    "Planning Time": 0.181,
    "Triggers": [
    ],
    "Execution Time": 6910.594
  }
]
