[
  {
    "Plan": {
      "Node Type": "Hash Join",
      "Parallel Aware": false,
      "Join Type": "Inner",
      "Startup Cost": 357037.81,
      "Total Cost": 2346221.38,
      "Plan Rows": 1554646,
      "Plan Width": 211,
      "Actual Startup Time": 2021.515,
      "Actual Total Time": 18970.228,
      "Actual Rows": 1691365,
      "Actual Loops": 1,
      "Hash Cond": "(ci.ci_person_id = n.n_id)",
      "Plans": [
        {
          "Node Type": "Hash Join",
          "Parent Relationship": "Outer",
          "Parallel Aware": false,
          "Join Type": "Inner",
          "Startup Cost": 102599.97,
          "Total Cost": 1935376.92,
          "Plan Rows": 1554646,
          "Plan Width": 136,
          "Actual Startup Time": 471.460,
          "Actual Total Time": 15608.849,
          "Actual Rows": 1691365,
          "Actual Loops": 1,
          "Hash Cond": "(ci.ci_movie_id = t.t_id)",
          "Plans": [
            {
              "Node Type": "Seq Scan",
              "Parent Relationship": "Outer",
              "Parallel Aware": false,
              "Relation Name": "cast_info",
              "Alias": "ci",
              "Startup Cost": 0.00,
              "Total Cost": 805680.36,
              "Plan Rows": 47351236,
              "Plan Width": 42,
              "Actual Startup Time": 0.056,
              "Actual Total Time": 3618.706,
              "Actual Rows": 47373957,
              "Actual Loops": 1
            },
            {
              "Node Type": "Hash",
              "Parent Relationship": "Inner",
              "Parallel Aware": false,
              "Startup Cost": 99566.12,
              "Total Cost": 99566.12,
              "Plan Rows": 111748,
              "Plan Width": 94,
              "Actual Startup Time": 470.624,
              "Actual Total Time": 470.624,
              "Actual Rows": 111296,
              "Actual Loops": 1,
              "Hash Buckets": 32768,
              "Original Hash Buckets": 32768,
              "Hash Batches": 4,
              "Original Hash Batches": 4,
              "Peak Memory Usage": 3407,
              "Plans": [
                {
                  "Node Type": "Seq Scan",
                  "Parent Relationship": "Outer",
                  "Parallel Aware": false,
                  "Relation Name": "title",
                  "Alias": "t",
                  "Startup Cost": 0.00,
                  "Total Cost": 99566.12,
                  "Plan Rows": 111748,
                  "Plan Width": 94,
                  "Actual Startup Time": 0.029,
                  "Actual Total Time": 446.291,
                  "Actual Rows": 111296,
                  "Actual Loops": 1,
                  "Filter": "((t_episode_nr >= 50) AND (t_episode_nr < 100))",
                  "Rows Removed by Filter": 3291914
                }
              ]
            }
          ]
        },
        {
          "Node Type": "Hash",
          "Parent Relationship": "Inner",
          "Parallel Aware": false,
          "Startup Cost": 122408.15,
          "Total Cost": 122408.15,
          "Plan Rows": 5240215,
          "Plan Width": 75,
          "Actual Startup Time": 1504.466,
          "Actual Total Time": 1504.466,
          "Actual Rows": 5240860,
          "Actual Loops": 1,
          "Hash Buckets": 65536,
          "Original Hash Buckets": 65536,
          "Hash Batches": 256,
          "Original Hash Batches": 256,
          "Peak Memory Usage": 2716,
          "Plans": [
            {
              "Node Type": "Seq Scan",
              "Parent Relationship": "Outer",
              "Parallel Aware": false,
              "Relation Name": "name",
              "Alias": "n",
              "Startup Cost": 0.00,
              "Total Cost": 122408.15,
              "Plan Rows": 5240215,
              "Plan Width": 75,
              "Actual Startup Time": 0.011,
              "Actual Total Time": 504.441,
              "Actual Rows": 5240860,
              "Actual Loops": 1
            }
          ]
        }
      ]
    },
    "Planning Time": 57.913,
    "Triggers": [
    ],
    "Execution Time": 19022.635
  }
]
