[
  {
    "Plan": {
      "Node Type": "Hash Join",
      "Parallel Aware": false,
      "Join Type": "Inner",
      "Startup Cost": 381686.70,
      "Total Cost": 3541000.33,
      "Plan Rows": 18546196,
      "Plan Width": 211,
      "Actual Startup Time": 2165.096,
      "Actual Total Time": 76944.497,
      "Actual Rows": 22038572,
      "Actual Loops": 1,
      "Hash Cond": "(ci.ci_person_id = n.n_id)",
      "Plans": [
        {
          "Node Type": "Hash Join",
          "Parent Relationship": "Outer",
          "Parallel Aware": false,
          "Join Type": "Inner",
          "Startup Cost": 127248.86,
          "Total Cost": 2147832.32,
          "Plan Rows": 18546196,
          "Plan Width": 136,
          "Actual Startup Time": 652.649,
          "Actual Total Time": 36638.432,
          "Actual Rows": 22038572,
          "Actual Loops": 1,
          "Hash Cond": "(ci.ci_movie_id = t.t_id)",
          "Plans": [
            {
              "Node Type": "Seq Scan",
              "Parent Relationship": "Outer",
              "Parallel Aware": false,
              "Relation Name": "cast_info",
              "Alias": "ci",
              "Startup Cost": 0.00,
              "Total Cost": 805680.36,
              "Plan Rows": 47351236,
              "Plan Width": 42,
              "Actual Startup Time": 0.033,
              "Actual Total Time": 4475.619,
              "Actual Rows": 47373957,
              "Actual Loops": 1
            },
            {
              "Node Type": "Hash",
              "Parent Relationship": "Inner",
              "Parallel Aware": false,
              "Startup Cost": 91057.10,
              "Total Cost": 91057.10,
              "Plan Rows": 1333101,
              "Plan Width": 94,
              "Actual Startup Time": 651.691,
              "Actual Total Time": 651.691,
              "Actual Rows": 1343597,
              "Actual Loops": 1,
              "Hash Buckets": 32768,
              "Original Hash Buckets": 32768,
              "Hash Batches": 64,
              "Original Hash Batches": 64,
              "Peak Memory Usage": 2734,
              "Plans": [
                {
                  "Node Type": "Seq Scan",
                  "Parent Relationship": "Outer",
                  "Parallel Aware": false,
                  "Relation Name": "title",
                  "Alias": "t",
                  "Startup Cost": 0.00,
                  "Total Cost": 91057.10,
                  "Plan Rows": 1333101,
                  "Plan Width": 94,
                  "Actual Startup Time": 0.010,
                  "Actual Total Time": 437.369,
                  "Actual Rows": 1343597,
                  "Actual Loops": 1,
                  "Filter": "(t_episode_nr < 100)",
                  "Rows Removed by Filter": 2059613
                }
              ]
            }
          ]
        },
        {
          "Node Type": "Hash",
          "Parent Relationship": "Inner",
          "Parallel Aware": false,
          "Startup Cost": 122408.15,
          "Total Cost": 122408.15,
          "Plan Rows": 5240215,
          "Plan Width": 75,
          "Actual Startup Time": 1467.094,
          "Actual Total Time": 1467.094,
          "Actual Rows": 5240860,
          "Actual Loops": 1,
          "Hash Buckets": 65536,
          "Original Hash Buckets": 65536,
          "Hash Batches": 256,
          "Original Hash Batches": 256,
          "Peak Memory Usage": 2716,
          "Plans": [
            {
              "Node Type": "Seq Scan",
              "Parent Relationship": "Outer",
              "Parallel Aware": false,
              "Relation Name": "name",
              "Alias": "n",
              "Startup Cost": 0.00,
              "Total Cost": 122408.15,
              "Plan Rows": 5240215,
              "Plan Width": 75,
              "Actual Startup Time": 0.038,
              "Actual Total Time": 496.719,
              "Actual Rows": 5240860,
              "Actual Loops": 1
            }
          ]
        }
      ]
    },
    "Planning Time": 0.178,
    "Triggers": [
    ],
    "Execution Time": 77583.867
  }
]
