[
  {
    "Plan": {
      "Node Type": "Hash Join",
      "Parallel Aware": false,
      "Join Type": "Inner",
      "Startup Cost": 137400.04,
      "Total Cost": 366412.61,
      "Plan Rows": 544701,
      "Plan Width": 209,
      "Actual Startup Time": 730.425,
      "Actual Total Time": 3109.834,
      "Actual Rows": 613980,
      "Actual Loops": 1,
      "Hash Cond": "(mc.mc_movie_id = t.t_id)",
      "Plans": [
        {
          "Node Type": "Hash Join",
          "Parent Relationship": "Outer",
          "Parallel Aware": false,
          "Join Type": "Inner",
          "Startup Cost": 10151.17,
          "Total Cost": 160081.60,
          "Plan Rows": 1390705,
          "Plan Width": 115,
          "Actual Startup Time": 50.674,
          "Actual Total Time": 1339.047,
          "Actual Rows": 1641668,
          "Actual Loops": 1,
          "Hash Cond": "(mc.mc_company_id = cn.cn1_id)",
          "Plans": [
            {
              "Node Type": "Seq Scan",
              "Parent Relationship": "Outer",
              "Parallel Aware": false,
              "Relation Name": "movie_companies",
              "Alias": "mc",
              "Startup Cost": 0.00,
              "Total Cost": 63095.09,
              "Plan Rows": 3691809,
              "Plan Width": 40,
              "Actual Startup Time": 0.019,
              "Actual Total Time": 284.263,
              "Actual Rows": 3691809,
              "Actual Loops": 1
            },
            {
              "Node Type": "Hash",
              "Parent Relationship": "Inner",
              "Parallel Aware": false,
              "Startup Cost": 7377.61,
              "Total Cost": 7377.61,
              "Plan Rows": 110045,
              "Plan Width": 75,
              "Actual Startup Time": 50.624,
              "Actual Total Time": 50.624,
              "Actual Rows": 110294,
              "Actual Loops": 1,
              "Hash Buckets": 65536,
              "Original Hash Buckets": 65536,
              "Hash Batches": 4,
              "Original Hash Batches": 4,
              "Peak Memory Usage": 3361,
              "Plans": [
                {
                  "Node Type": "Seq Scan",
                  "Parent Relationship": "Outer",
                  "Parallel Aware": false,
                  "Relation Name": "company_name",
                  "Alias": "cn",
                  "Startup Cost": 0.00,
                  "Total Cost": 7377.61,
                  "Plan Rows": 110045,
                  "Plan Width": 75,
                  "Actual Startup Time": 0.005,
                  "Actual Total Time": 34.893,
                  "Actual Rows": 110294,
                  "Actual Loops": 1,
                  "Filter": "((cn1_country_code)::text = '[us]'::text)",
                  "Rows Removed by Filter": 181835
                }
              ]
            }
          ]
        },
        {
          "Node Type": "Hash",
          "Parent Relationship": "Inner",
          "Parallel Aware": false,
          "Startup Cost": 91057.10,
          "Total Cost": 91057.10,
          "Plan Rows": 1333101,
          "Plan Width": 94,
          "Actual Startup Time": 678.876,
          "Actual Total Time": 678.876,
          "Actual Rows": 1343597,
          "Actual Loops": 1,
          "Hash Buckets": 32768,
          "Original Hash Buckets": 32768,
          "Hash Batches": 64,
          "Original Hash Batches": 64,
          "Peak Memory Usage": 2734,
          "Plans": [
            {
              "Node Type": "Seq Scan",
              "Parent Relationship": "Outer",
              "Parallel Aware": false,
              "Relation Name": "title",
              "Alias": "t",
              "Startup Cost": 0.00,
              "Total Cost": 91057.10,
              "Plan Rows": 1333101,
              "Plan Width": 94,
              "Actual Startup Time": 0.007,
              "Actual Total Time": 440.031,
              "Actual Rows": 1343597,
              "Actual Loops": 1,
              "Filter": "(t_episode_nr < 100)",
              "Rows Removed by Filter": 2059613
            }
          ]
        }
      ]
    },
    "Planning Time": 0.192,
    "Triggers": [
    ],
    "Execution Time": 3129.010
  }
]
