[
  {
    "Plan": {
      "Node Type": "Hash Join",
      "Parallel Aware": false,
      "Join Type": "Inner",
      "Startup Cost": 136071.11,
      "Total Cost": 345888.13,
      "Plan Rows": 396627,
      "Plan Width": 209,
      "Actual Startup Time": 665.313,
      "Actual Total Time": 2354.868,
      "Actual Rows": 473222,
      "Actual Loops": 1,
      "Hash Cond": "(mc.mc_company_id = cn.cn1_id)",
      "Plans": [
        {
          "Node Type": "Hash Join",
          "Parent Relationship": "Outer",
          "Parallel Aware": false,
          "Join Type": "Inner",
          "Startup Cost": 125919.93,
          "Total Cost": 285294.31,
          "Plan Rows": 1052900,
          "Plan Width": 134,
          "Actual Startup Time": 613.490,
          "Actual Total Time": 1954.783,
          "Actual Rows": 811664,
          "Actual Loops": 1,
          "Hash Cond": "(mc.mc_movie_id = t.t_id)",
          "Plans": [
            {
              "Node Type": "Seq Scan",
              "Parent Relationship": "Outer",
              "Parallel Aware": false,
              "Relation Name": "movie_companies",
              "Alias": "mc",
              "Startup Cost": 0.00,
              "Total Cost": 63095.09,
              "Plan Rows": 3691809,
              "Plan Width": 40,
              "Actual Startup Time": 0.022,
              "Actual Total Time": 279.530,
              "Actual Rows": 3691809,
              "Actual Loops": 1
            },
            {
              "Node Type": "Hash",
              "Parent Relationship": "Inner",
              "Parallel Aware": false,
              "Startup Cost": 99566.12,
              "Total Cost": 99566.12,
              "Plan Rows": 970705,
              "Plan Width": 94,
              "Actual Startup Time": 613.379,
              "Actual Total Time": 613.379,
              "Actual Rows": 984858,
              "Actual Loops": 1,
              "Hash Buckets": 32768,
              "Original Hash Buckets": 32768,
              "Hash Batches": 64,
              "Original Hash Batches": 64,
              "Peak Memory Usage": 2071,
              "Plans": [
                {
                  "Node Type": "Seq Scan",
                  "Parent Relationship": "Outer",
                  "Parallel Aware": false,
                  "Relation Name": "title",
                  "Alias": "t",
                  "Startup Cost": 0.00,
                  "Total Cost": 99566.12,
                  "Plan Rows": 970705,
                  "Plan Width": 94,
                  "Actual Startup Time": 0.007,
                  "Actual Total Time": 454.850,
                  "Actual Rows": 984858,
                  "Actual Loops": 1,
                  "Filter": "((t_episode_nr >= 5) AND (t_episode_nr < 100))",
                  "Rows Removed by Filter": 2418352
                }
              ]
            }
          ]
        },
        {
          "Node Type": "Hash",
          "Parent Relationship": "Inner",
          "Parallel Aware": false,
          "Startup Cost": 7377.61,
          "Total Cost": 7377.61,
          "Plan Rows": 110045,
          "Plan Width": 75,
          "Actual Startup Time": 50.643,
          "Actual Total Time": 50.643,
          "Actual Rows": 110294,
          "Actual Loops": 1,
          "Hash Buckets": 65536,
          "Original Hash Buckets": 65536,
          "Hash Batches": 4,
          "Original Hash Batches": 4,
          "Peak Memory Usage": 3361,
          "Plans": [
            {
              "Node Type": "Seq Scan",
              "Parent Relationship": "Outer",
              "Parallel Aware": false,
              "Relation Name": "company_name",
              "Alias": "cn",
              "Startup Cost": 0.00,
              "Total Cost": 7377.61,
              "Plan Rows": 110045,
              "Plan Width": 75,
              "Actual Startup Time": 0.007,
              "Actual Total Time": 34.740,
              "Actual Rows": 110294,
              "Actual Loops": 1,
              "Filter": "((cn1_country_code)::text = '[us]'::text)",
              "Rows Removed by Filter": 181835
            }
          ]
        }
      ]
    },
    "Planning Time": 0.207,
    "Triggers": [
    ],
    "Execution Time": 2370.206
  }
]
