[
  {
    "Plan": {
      "Node Type": "Hash Join",
      "Parallel Aware": false,
      "Join Type": "Inner",
      "Startup Cost": 366316.87,
      "Total Cost": 1526185.15,
      "Plan Rows": 1374913,
      "Plan Width": 211,
      "Actual Startup Time": 4200.070,
      "Actual Total Time": 9054.220,
      "Actual Rows": 1349830,
      "Actual Loops": 1,
      "Hash Cond": "(ci.ci_movie_id = t.t_id)",
      "Plans": [
        {
          "Node Type": "Hash Join",
          "Parent Relationship": "Outer",
          "Parallel Aware": false,
          "Join Type": "Inner",
          "Startup Cost": 191365.69,
          "Total Cost": 1230695.63,
          "Plan Rows": 1374913,
          "Plan Width": 117,
          "Actual Startup Time": 3174.841,
          "Actual Total Time": 6669.343,
          "Actual Rows": 1349830,
          "Actual Loops": 1,
          "Hash Cond": "(ci.ci_person_id = n.n_id)",
          "Plans": [
            {
              "Node Type": "Seq Scan",
              "Parent Relationship": "Outer",
              "Parallel Aware": false,
              "Relation Name": "cast_info",
              "Alias": "ci",
              "Startup Cost": 0.00,
              "Total Cost": 924058.45,
              "Plan Rows": 3249873,
              "Plan Width": 42,
              "Actual Startup Time": 25.289,
              "Actual Total Time": 4494.482,
              "Actual Rows": 3310985,
              "Actual Loops": 1,
              "Filter": "(ci_note = ANY ('{(producer),\"(executive producer)\"}'::text[]))",
              "Rows Removed by Filter": 44062972
            },
            {
              "Node Type": "Hash",
              "Parent Relationship": "Inner",
              "Parallel Aware": false,
              "Startup Cost": 135508.69,
              "Total Cost": 135508.69,
              "Plan Rows": 2216960,
              "Plan Width": 75,
              "Actual Startup Time": 1012.596,
              "Actual Total Time": 1012.596,
              "Actual Rows": 2203740,
              "Actual Loops": 1,
              "Hash Buckets": 65536,
              "Original Hash Buckets": 65536,
              "Hash Batches": 128,
              "Original Hash Batches": 128,
              "Peak Memory Usage": 2366,
              "Plans": [
                {
                  "Node Type": "Seq Scan",
                  "Parent Relationship": "Outer",
                  "Parallel Aware": false,
                  "Relation Name": "name",
                  "Alias": "n",
                  "Startup Cost": 0.00,
                  "Total Cost": 135508.69,
                  "Plan Rows": 2216960,
                  "Plan Width": 75,
                  "Actual Startup Time": 0.022,
                  "Actual Total Time": 647.519,
                  "Actual Rows": 2203740,
                  "Actual Loops": 1,
                  "Filter": "((n_gender)::text = 'm'::text)",
                  "Rows Removed by Filter": 3037120
                }
              ]
            }
          ]
        },
        {
          "Node Type": "Hash",
          "Parent Relationship": "Inner",
          "Parallel Aware": false,
          "Startup Cost": 82548.08,
          "Total Cost": 82548.08,
          "Plan Rows": 3403608,
          "Plan Width": 94,
          "Actual Startup Time": 1002.131,
          "Actual Total Time": 1002.131,
          "Actual Rows": 3403210,
          "Actual Loops": 1,
          "Hash Buckets": 32768,
          "Original Hash Buckets": 32768,
          "Hash Batches": 128,
          "Original Hash Batches": 128,
          "Peak Memory Usage": 3224,
          "Plans": [
            {
              "Node Type": "Seq Scan",
              "Parent Relationship": "Outer",
              "Parallel Aware": false,
              "Relation Name": "title",
              "Alias": "t",
              "Startup Cost": 0.00,
              "Total Cost": 82548.08,
              "Plan Rows": 3403608,
              "Plan Width": 94,
              "Actual Startup Time": 0.006,
              "Actual Total Time": 332.427,
              "Actual Rows": 3403210,
              "Actual Loops": 1
            }
          ]
        }
      ]
    },
    "Planning Time": 0.253,
    "Triggers": [
    ],
    "Execution Time": 9092.695
  }
]
