[
  {
    "Plan": {
      "Node Type": "Hash Join",
      "Parallel Aware": false,
      "Join Type": "Inner",
      "Startup Cost": 299188.27,
      "Total Cost": 1485576.11,
      "Plan Rows": 128760,
      "Plan Width": 211,
      "Actual Startup Time": 4995.959,
      "Actual Total Time": 7251.741,
      "Actual Rows": 63595,
      "Actual Loops": 1,
      "Hash Cond": "(ci.ci_movie_id = t.t_id)",
      "Plans": [
        {
          "Node Type": "Hash Join",
          "Parent Relationship": "Outer",
          "Parallel Aware": false,
          "Join Type": "Inner",
          "Startup Cost": 165942.06,
          "Total Cost": 1319124.55,
          "Plan Rows": 353265,
          "Plan Width": 117,
          "Actual Startup Time": 2367.058,
          "Actual Total Time": 6367.080,
          "Actual Rows": 141179,
          "Actual Loops": 1,
          "Hash Cond": "(ci.ci_person_id = n.n_id)",
          "Plans": [
            {
              "Node Type": "Seq Scan",
              "Parent Relationship": "Outer",
              "Parallel Aware": false,
              "Relation Name": "cast_info",
              "Alias": "ci",
              "Startup Cost": 0.00,
              "Total Cost": 1101625.58,
              "Plan Rows": 1532602,
              "Plan Width": 42,
              "Actual Startup Time": 35.065,
              "Actual Total Time": 5139.438,
              "Actual Rows": 1504458,
              "Actual Loops": 1,
              "Filter": "(ci_note = ANY ('{(writer),\"(head writer)\",\"(written by)\",(story),\"(story editor)\"}'::text[]))",
              "Rows Removed by Filter": 45869499
            },
            {
              "Node Type": "Hash",
              "Parent Relationship": "Inner",
              "Parallel Aware": false,
              "Startup Cost": 135508.69,
              "Total Cost": 135508.69,
              "Plan Rows": 1207870,
              "Plan Width": 75,
              "Actual Startup Time": 815.764,
              "Actual Total Time": 815.764,
              "Actual Rows": 1204907,
              "Actual Loops": 1,
              "Hash Buckets": 65536,
              "Original Hash Buckets": 65536,
              "Hash Batches": 64,
              "Original Hash Batches": 64,
              "Peak Memory Usage": 2537,
              "Plans": [
                {
                  "Node Type": "Seq Scan",
                  "Parent Relationship": "Outer",
                  "Parallel Aware": false,
                  "Relation Name": "name",
                  "Alias": "n",
                  "Startup Cost": 0.00,
                  "Total Cost": 135508.69,
                  "Plan Rows": 1207870,
                  "Plan Width": 75,
                  "Actual Startup Time": 276.371,
                  "Actual Total Time": 615.669,
                  "Actual Rows": 1204907,
                  "Actual Loops": 1,
                  "Filter": "((n_gender)::text = 'f'::text)",
                  "Rows Removed by Filter": 4035953
                }
              ]
            }
          ]
        },
        {
          "Node Type": "Hash",
          "Parent Relationship": "Inner",
          "Parallel Aware": false,
          "Startup Cost": 99566.12,
          "Total Cost": 99566.12,
          "Plan Rows": 1240567,
          "Plan Width": 94,
          "Actual Startup Time": 688.185,
          "Actual Total Time": 688.185,
          "Actual Rows": 1237077,
          "Actual Loops": 1,
          "Hash Buckets": 32768,
          "Original Hash Buckets": 32768,
          "Hash Batches": 64,
          "Original Hash Batches": 64,
          "Peak Memory Usage": 2459,
          "Plans": [
            {
              "Node Type": "Seq Scan",
              "Parent Relationship": "Outer",
              "Parallel Aware": false,
              "Relation Name": "title",
              "Alias": "t",
              "Startup Cost": 0.00,
              "Total Cost": 99566.12,
              "Plan Rows": 1240567,
              "Plan Width": 94,
              "Actual Startup Time": 0.011,
              "Actual Total Time": 484.808,
              "Actual Rows": 1237077,
              "Actual Loops": 1,
              "Filter": "((t_production_year >= 2008) AND (t_production_year <= 2014))",
              "Rows Removed by Filter": 2166133
            }
          ]
        }
      ]
    },
    "Planning Time": 0.406,
    "Triggers": [
    ],
    "Execution Time": 7253.732
  }
]
