[
  {
    "Plan": {
      "Node Type": "Hash Join",
      "Parallel Aware": false,
      "Join Type": "Inner",
      "Startup Cost": 133248.63,
      "Total Cost": 596109.37,
      "Plan Rows": 335,
      "Plan Width": 186,
      "Actual Startup Time": 1751.338,
      "Actual Total Time": 3463.645,
      "Actual Rows": 50484,
      "Actual Loops": 1,
      "Hash Cond": "(mi.mi_movie_id = t.t_id)",
      "Plans": [
        {
          "Node Type": "Hash Join",
          "Parent Relationship": "Outer",
          "Parallel Aware": false,
          "Join Type": "Inner",
          "Startup Cost": 2.43,
          "Total Cost": 444655.37,
          "Plan Rows": 918,
          "Plan Width": 92,
          "Actual Startup Time": 1019.334,
          "Actual Total Time": 2575.714,
          "Actual Rows": 104382,
          "Actual Loops": 1,
          "Hash Cond": "(mi.mi_info_type_id = it1.it_id)",
          "Plans": [
            {
              "Node Type": "Seq Scan",
              "Parent Relationship": "Outer",
              "Parallel Aware": false,
              "Relation Name": "movie_info",
              "Alias": "mi",
              "Startup Cost": 0.00,
              "Total Cost": 444254.80,
              "Plan Rows": 103725,
              "Plan Width": 74,
              "Actual Startup Time": 357.063,
              "Actual Total Time": 2554.366,
              "Actual Rows": 105181,
              "Actual Loops": 1,
              "Filter": "(mi_info = ANY ('{Horror,Thriller}'::text[]))",
              "Rows Removed by Filter": 18708653
            },
            {
              "Node Type": "Hash",
              "Parent Relationship": "Inner",
              "Parallel Aware": false,
              "Startup Cost": 2.41,
              "Total Cost": 2.41,
              "Plan Rows": 1,
              "Plan Width": 18,
              "Actual Startup Time": 0.017,
              "Actual Total Time": 0.017,
              "Actual Rows": 1,
              "Actual Loops": 1,
              "Hash Buckets": 1024,
              "Original Hash Buckets": 1024,
              "Hash Batches": 1,
              "Original Hash Batches": 1,
              "Peak Memory Usage": 9,
              "Plans": [
                {
                  "Node Type": "Seq Scan",
                  "Parent Relationship": "Outer",
                  "Parallel Aware": false,
                  "Relation Name": "info_type",
                  "Alias": "it1",
                  "Startup Cost": 0.00,
                  "Total Cost": 2.41,
                  "Plan Rows": 1,
                  "Plan Width": 18,
                  "Actual Startup Time": 0.009,
                  "Actual Total Time": 0.016,
                  "Actual Rows": 1,
                  "Actual Loops": 1,
                  "Filter": "((it_info)::text = 'genres'::text)",
                  "Rows Removed by Filter": 112
                }
              ]
            }
          ]
        },
        {
          "Node Type": "Hash",
          "Parent Relationship": "Inner",
          "Parallel Aware": false,
          "Startup Cost": 99566.12,
          "Total Cost": 99566.12,
          "Plan Rows": 1240567,
          "Plan Width": 94,
          "Actual Startup Time": 730.257,
          "Actual Total Time": 730.257,
          "Actual Rows": 1237077,
          "Actual Loops": 1,
          "Hash Buckets": 32768,
          "Original Hash Buckets": 32768,
          "Hash Batches": 64,
          "Original Hash Batches": 64,
          "Peak Memory Usage": 2467,
          "Plans": [
            {
              "Node Type": "Seq Scan",
              "Parent Relationship": "Outer",
              "Parallel Aware": false,
              "Relation Name": "title",
              "Alias": "t",
              "Startup Cost": 0.00,
              "Total Cost": 99566.12,
              "Plan Rows": 1240567,
              "Plan Width": 94,
              "Actual Startup Time": 0.007,
              "Actual Total Time": 487.899,
              "Actual Rows": 1237077,
              "Actual Loops": 1,
              "Filter": "((t_production_year >= 2008) AND (t_production_year <= 2014))",
              "Rows Removed by Filter": 2166133
            }
          ]
        }
      ]
    },
    "Planning Time": 0.217,
    "Triggers": [
    ],
    "Execution Time": 3465.280
  }
]
