[
  {
    "Plan": {
      "Node Type": "Hash Join",
      "Parallel Aware": false,
      "Join Type": "Inner",
      "Startup Cost": 127270.04,
      "Total Cost": 270973.33,
      "Plan Rows": 121813,
      "Plan Width": 209,
      "Actual Startup Time": 649.825,
      "Actual Total Time": 1874.983,
      "Actual Rows": 114469,
      "Actual Loops": 1,
      "Hash Cond": "(mc.mc_company_id = cn.cn1_id)",
      "Plans": [
        {
          "Node Type": "Hash Join",
          "Parent Relationship": "Outer",
          "Parallel Aware": false,
          "Join Type": "Inner",
          "Startup Cost": 117118.87,
          "Total Cost": 244361.39,
          "Plan Rows": 323368,
          "Plan Width": 134,
          "Actual Startup Time": 597.512,
          "Actual Total Time": 1681.077,
          "Actual Rows": 320481,
          "Actual Loops": 1,
          "Hash Cond": "(mc.mc_movie_id = t.t_id)",
          "Plans": [
            {
              "Node Type": "Seq Scan",
              "Parent Relationship": "Outer",
              "Parallel Aware": false,
              "Relation Name": "movie_companies",
              "Alias": "mc",
              "Startup Cost": 0.00,
              "Total Cost": 81554.13,
              "Plan Rows": 1702322,
              "Plan Width": 40,
              "Actual Startup Time": 0.050,
              "Actual Total Time": 559.086,
              "Actual Rows": 1771145,
              "Actual Loops": 1,
              "Filter": "((mc_note < 'EMPTYSTRING'::text) OR (mc_note > 'EMPTYSTRING'::text))",
              "Rows Removed by Filter": 1920664
            },
            {
              "Node Type": "Hash",
              "Parent Relationship": "Inner",
              "Parallel Aware": false,
              "Startup Cost": 99566.12,
              "Total Cost": 99566.12,
              "Plan Rows": 646540,
              "Plan Width": 94,
              "Actual Startup Time": 597.018,
              "Actual Total Time": 597.018,
              "Actual Rows": 633833,
              "Actual Loops": 1,
              "Hash Buckets": 32768,
              "Original Hash Buckets": 32768,
              "Hash Batches": 32,
              "Original Hash Batches": 32,
              "Peak Memory Usage": 2494,
              "Plans": [
                {
                  "Node Type": "Seq Scan",
                  "Parent Relationship": "Outer",
                  "Parallel Aware": false,
                  "Relation Name": "title",
                  "Alias": "t",
                  "Startup Cost": 0.00,
                  "Total Cost": 99566.12,
                  "Plan Rows": 646540,
                  "Plan Width": 94,
                  "Actual Startup Time": 0.007,
                  "Actual Total Time": 488.991,
                  "Actual Rows": 633833,
                  "Actual Loops": 1,
                  "Filter": "((t_production_year >= 2005) AND (t_production_year <= 2009))",
                  "Rows Removed by Filter": 2769377
                }
              ]
            }
          ]
        },
        {
          "Node Type": "Hash",
          "Parent Relationship": "Inner",
          "Parallel Aware": false,
          "Startup Cost": 7377.61,
          "Total Cost": 7377.61,
          "Plan Rows": 110045,
          "Plan Width": 75,
          "Actual Startup Time": 52.197,
          "Actual Total Time": 52.197,
          "Actual Rows": 110294,
          "Actual Loops": 1,
          "Hash Buckets": 65536,
          "Original Hash Buckets": 65536,
          "Hash Batches": 4,
          "Original Hash Batches": 4,
          "Peak Memory Usage": 3361,
          "Plans": [
            {
              "Node Type": "Seq Scan",
              "Parent Relationship": "Outer",
              "Parallel Aware": false,
              "Relation Name": "company_name",
              "Alias": "cn",
              "Startup Cost": 0.00,
              "Total Cost": 7377.61,
              "Plan Rows": 110045,
              "Plan Width": 75,
              "Actual Startup Time": 0.008,
              "Actual Total Time": 35.734,
              "Actual Rows": 110294,
              "Actual Loops": 1,
              "Filter": "((cn1_country_code)::text = '[us]'::text)",
              "Rows Removed by Filter": 181835
            }
          ]
        }
      ]
    },
    "Planning Time": 0.281,
    "Triggers": [
    ],
    "Execution Time": 1878.352
  }
]
