[
  {
    "Plan": {
      "Node Type": "Hash Join",
      "Parallel Aware": false,
      "Join Type": "Inner",
      "Startup Cost": 107131.76,
      "Total Cost": 586362.84,
      "Plan Rows": 13660,
      "Plan Width": 186,
      "Actual Startup Time": 2718.423,
      "Actual Total Time": 5288.431,
      "Actual Rows": 367270,
      "Actual Loops": 1,
      "Hash Cond": "(mi.mi_movie_id = t.t_id)",
      "Plans": [
        {
          "Node Type": "Hash Join",
          "Parent Relationship": "Outer",
          "Parallel Aware": false,
          "Join Type": "Inner",
          "Startup Cost": 2.43,
          "Total Cost": 469500.06,
          "Plan Rows": 166895,
          "Plan Width": 92,
          "Actual Startup Time": 2192.747,
          "Actual Total Time": 3416.525,
          "Actual Rows": 3990198,
          "Actual Loops": 1,
          "Hash Cond": "(mi.mi_info_type_id = it.it_id)",
          "Plans": [
            {
              "Node Type": "Seq Scan",
              "Parent Relationship": "Outer",
              "Parallel Aware": false,
              "Relation Name": "movie_info",
              "Alias": "mi",
              "Startup Cost": 0.00,
              "Total Cost": 397107.04,
              "Plan Rows": 18859104,
              "Plan Width": 74,
              "Actual Startup Time": 0.027,
              "Actual Total Time": 1464.015,
              "Actual Rows": 18813834,
              "Actual Loops": 1
            },
            {
              "Node Type": "Hash",
              "Parent Relationship": "Inner",
              "Parallel Aware": false,
              "Startup Cost": 2.41,
              "Total Cost": 2.41,
              "Plan Rows": 1,
              "Plan Width": 18,
              "Actual Startup Time": 0.021,
              "Actual Total Time": 0.021,
              "Actual Rows": 1,
              "Actual Loops": 1,
              "Hash Buckets": 1024,
              "Original Hash Buckets": 1024,
              "Hash Batches": 1,
              "Original Hash Batches": 1,
              "Peak Memory Usage": 9,
              "Plans": [
                {
                  "Node Type": "Seq Scan",
                  "Parent Relationship": "Outer",
                  "Parallel Aware": false,
                  "Relation Name": "info_type",
                  "Alias": "it",
                  "Startup Cost": 0.00,
                  "Total Cost": 2.41,
                  "Plan Rows": 1,
                  "Plan Width": 18,
                  "Actual Startup Time": 0.009,
                  "Actual Total Time": 0.020,
                  "Actual Rows": 1,
                  "Actual Loops": 1,
                  "Filter": "((it_info)::text = 'release dates'::text)",
                  "Rows Removed by Filter": 112
                }
              ]
            }
          ]
        },
        {
          "Node Type": "Hash",
          "Parent Relationship": "Inner",
          "Parallel Aware": false,
          "Startup Cost": 99566.12,
          "Total Cost": 99566.12,
          "Plan Rows": 278577,
          "Plan Width": 94,
          "Actual Startup Time": 525.039,
          "Actual Total Time": 525.039,
          "Actual Rows": 267844,
          "Actual Loops": 1,
          "Hash Buckets": 32768,
          "Original Hash Buckets": 32768,
          "Hash Batches": 16,
          "Original Hash Batches": 16,
          "Peak Memory Usage": 2158,
          "Plans": [
            {
              "Node Type": "Seq Scan",
              "Parent Relationship": "Outer",
              "Parallel Aware": false,
              "Relation Name": "title",
              "Alias": "t",
              "Startup Cost": 0.00,
              "Total Cost": 99566.12,
              "Plan Rows": 278577,
              "Plan Width": 94,
              "Actual Startup Time": 0.008,
              "Actual Total Time": 470.804,
              "Actual Rows": 267844,
              "Actual Loops": 1,
              "Filter": "((t_production_year >= 2007) AND (t_production_year <= 2008))",
              "Rows Removed by Filter": 3135366
            }
          ]
        }
      ]
    },
    "Planning Time": 0.295,
    "Triggers": [
    ],
    "Execution Time": 5298.909
  }
]
