[
  {
    "Plan": {
      "Node Type": "Hash Join",
      "Parallel Aware": false,
      "Join Type": "Inner",
      "Startup Cost": 117280.51,
      "Total Cost": 274481.92,
      "Plan Rows": 113826,
      "Plan Width": 209,
      "Actual Startup Time": 561.800,
      "Actual Total Time": 1846.308,
      "Actual Rows": 108600,
      "Actual Loops": 1,
      "Hash Cond": "(mc.mc_company_id = cn.cn1_id)",
      "Plans": [
        {
          "Node Type": "Hash Join",
          "Parent Relationship": "Outer",
          "Parallel Aware": false,
          "Join Type": "Inner",
          "Startup Cost": 107129.33,
          "Total Cost": 248857.37,
          "Plan Rows": 302166,
          "Plan Width": 134,
          "Actual Startup Time": 510.436,
          "Actual Total Time": 1669.927,
          "Actual Rows": 262553,
          "Actual Loops": 1,
          "Hash Cond": "(mc.mc_movie_id = t.t_id)",
          "Plans": [
            {
              "Node Type": "Seq Scan",
              "Parent Relationship": "Outer",
              "Parallel Aware": false,
              "Relation Name": "movie_companies",
              "Alias": "mc",
              "Startup Cost": 0.00,
              "Total Cost": 63095.09,
              "Plan Rows": 3691809,
              "Plan Width": 40,
              "Actual Startup Time": 0.029,
              "Actual Total Time": 293.644,
              "Actual Rows": 3691809,
              "Actual Loops": 1
            },
            {
              "Node Type": "Hash",
              "Parent Relationship": "Inner",
              "Parallel Aware": false,
              "Startup Cost": 99566.12,
              "Total Cost": 99566.12,
              "Plan Rows": 278577,
              "Plan Width": 94,
              "Actual Startup Time": 510.075,
              "Actual Total Time": 510.075,
              "Actual Rows": 267844,
              "Actual Loops": 1,
              "Hash Buckets": 32768,
              "Original Hash Buckets": 32768,
              "Hash Batches": 16,
              "Original Hash Batches": 16,
              "Peak Memory Usage": 2152,
              "Plans": [
                {
                  "Node Type": "Seq Scan",
                  "Parent Relationship": "Outer",
                  "Parallel Aware": false,
                  "Relation Name": "title",
                  "Alias": "t",
                  "Startup Cost": 0.00,
                  "Total Cost": 99566.12,
                  "Plan Rows": 278577,
                  "Plan Width": 94,
                  "Actual Startup Time": 0.008,
                  "Actual Total Time": 459.431,
                  "Actual Rows": 267844,
                  "Actual Loops": 1,
                  "Filter": "((t_production_year >= 2007) AND (t_production_year <= 2008))",
                  "Rows Removed by Filter": 3135366
                }
              ]
            }
          ]
        },
        {
          "Node Type": "Hash",
          "Parent Relationship": "Inner",
          "Parallel Aware": false,
          "Startup Cost": 7377.61,
          "Total Cost": 7377.61,
          "Plan Rows": 110045,
          "Plan Width": 75,
          "Actual Startup Time": 50.954,
          "Actual Total Time": 50.954,
          "Actual Rows": 110294,
          "Actual Loops": 1,
          "Hash Buckets": 65536,
          "Original Hash Buckets": 65536,
          "Hash Batches": 4,
          "Original Hash Batches": 4,
          "Peak Memory Usage": 3361,
          "Plans": [
            {
              "Node Type": "Seq Scan",
              "Parent Relationship": "Outer",
              "Parallel Aware": false,
              "Relation Name": "company_name",
              "Alias": "cn",
              "Startup Cost": 0.00,
              "Total Cost": 7377.61,
              "Plan Rows": 110045,
              "Plan Width": 75,
              "Actual Startup Time": 0.007,
              "Actual Total Time": 34.859,
              "Actual Rows": 110294,
              "Actual Loops": 1,
              "Filter": "((cn1_country_code)::text = '[us]'::text)",
              "Rows Removed by Filter": 181835
            }
          ]
        }
      ]
    },
    "Planning Time": 0.227,
    "Triggers": [
    ],
    "Execution Time": 1849.792
  }
]
