[
  {
    "Plan": {
      "Node Type": "Hash Join",
      "Parallel Aware": false,
      "Join Type": "Inner",
      "Startup Cost": 121442.60,
      "Total Cost": 211283.15,
      "Plan Rows": 4920,
      "Plan Width": 220,
      "Actual Startup Time": 863.569,
      "Actual Total Time": 2275.066,
      "Actual Rows": 458060,
      "Actual Loops": 1,
      "Hash Cond": "(mc.mc_movie_id = t.t_id)",
      "Plans": [
        {
          "Node Type": "Hash Join",
          "Parent Relationship": "Outer",
          "Parallel Aware": false,
          "Join Type": "Inner",
          "Startup Cost": 18.93,
          "Total Cost": 77166.29,
          "Plan Rows": 20799,
          "Plan Width": 126,
          "Actual Startup Time": 250.479,
          "Actual Total Time": 838.999,
          "Actual Rows": 2057101,
          "Actual Loops": 1,
          "Hash Cond": "(mc.mc_company_type_id = ct.ct_id)",
          "Plans": [
            {
              "Node Type": "Seq Scan",
              "Parent Relationship": "Outer",
              "Parallel Aware": false,
              "Relation Name": "movie_companies",
              "Alias": "mc",
              "Startup Cost": 0.00,
              "Total Cost": 63095.09,
              "Plan Rows": 3691809,
              "Plan Width": 40,
              "Actual Startup Time": 0.026,
              "Actual Total Time": 270.186,
              "Actual Rows": 3691809,
              "Actual Loops": 1
            },
            {
              "Node Type": "Hash",
              "Parent Relationship": "Inner",
              "Parallel Aware": false,
              "Startup Cost": 18.88,
              "Total Cost": 18.88,
              "Plan Rows": 4,
              "Plan Width": 86,
              "Actual Startup Time": 0.006,
              "Actual Total Time": 0.006,
              "Actual Rows": 1,
              "Actual Loops": 1,
              "Hash Buckets": 1024,
              "Original Hash Buckets": 1024,
              "Hash Batches": 1,
              "Original Hash Batches": 1,
              "Peak Memory Usage": 9,
              "Plans": [
                {
                  "Node Type": "Seq Scan",
                  "Parent Relationship": "Outer",
                  "Parallel Aware": false,
                  "Relation Name": "company_type",
                  "Alias": "ct",
                  "Startup Cost": 0.00,
                  "Total Cost": 18.88,
                  "Plan Rows": 4,
                  "Plan Width": 86,
                  "Actual Startup Time": 0.004,
                  "Actual Total Time": 0.005,
                  "Actual Rows": 1,
                  "Actual Loops": 1,
                  "Filter": "((ct_kind)::text = 'production companies'::text)",
                  "Rows Removed by Filter": 3
                }
              ]
            }
          ]
        },
        {
          "Node Type": "Hash",
          "Parent Relationship": "Inner",
          "Parallel Aware": false,
          "Startup Cost": 99566.12,
          "Total Cost": 99566.12,
          "Plan Rows": 805084,
          "Plan Width": 94,
          "Actual Startup Time": 612.690,
          "Actual Total Time": 612.690,
          "Actual Rows": 794372,
          "Actual Loops": 1,
          "Hash Buckets": 32768,
          "Original Hash Buckets": 32768,
          "Hash Batches": 32,
          "Original Hash Batches": 32,
          "Peak Memory Usage": 3072,
          "Plans": [
            {
              "Node Type": "Seq Scan",
              "Parent Relationship": "Outer",
              "Parallel Aware": false,
              "Relation Name": "title",
              "Alias": "t",
              "Startup Cost": 0.00,
              "Total Cost": 99566.12,
              "Plan Rows": 805084,
              "Plan Width": 94,
              "Actual Startup Time": 0.009,
              "Actual Total Time": 484.188,
              "Actual Rows": 794372,
              "Actual Loops": 1,
              "Filter": "((t_production_year >= 2005) AND (t_production_year <= 2010))",
              "Rows Removed by Filter": 2608838
            }
          ]
        }
      ]
    },
    "Planning Time": 0.159,
    "Triggers": [
    ],
    "Execution Time": 2288.511
  }
]
