[
  {
    "Plan": {
      "Node Type": "Hash Join",
      "Parallel Aware": false,
      "Join Type": "Inner",
      "Startup Cost": 121426.10,
      "Total Cost": 171398.41,
      "Plan Rows": 4026,
      "Plan Width": 162,
      "Actual Startup Time": 917.893,
      "Actual Total Time": 942.288,
      "Actual Rows": 5,
      "Actual Loops": 1,
      "Hash Cond": "(mi_idx.mii_movie_id = t.t_id)",
      "Plans": [
        {
          "Node Type": "Hash Join",
          "Parent Relationship": "Outer",
          "Parallel Aware": false,
          "Join Type": "Inner",
          "Startup Cost": 2.43,
          "Total Cost": 37676.66,
          "Plan Rows": 17019,
          "Plan Width": 68,
          "Actual Startup Time": 276.529,
          "Actual Total Time": 276.533,
          "Actual Rows": 10,
          "Actual Loops": 1,
          "Hash Cond": "(mi_idx.mii_info_type_id = it.it_id)",
          "Plans": [
            {
              "Node Type": "Seq Scan",
              "Parent Relationship": "Outer",
              "Parallel Aware": false,
              "Relation Name": "movie_info_idx",
              "Alias": "mi_idx",
              "Startup Cost": 0.00,
              "Total Cost": 30292.03,
              "Plan Rows": 1923203,
              "Plan Width": 50,
              "Actual Startup Time": 0.035,
              "Actual Total Time": 133.193,
              "Actual Rows": 1923203,
              "Actual Loops": 1
            },
            {
              "Node Type": "Hash",
              "Parent Relationship": "Inner",
              "Parallel Aware": false,
              "Startup Cost": 2.41,
              "Total Cost": 2.41,
              "Plan Rows": 1,
              "Plan Width": 18,
              "Actual Startup Time": 0.026,
              "Actual Total Time": 0.026,
              "Actual Rows": 1,
              "Actual Loops": 1,
              "Hash Buckets": 1024,
              "Original Hash Buckets": 1024,
              "Hash Batches": 1,
              "Original Hash Batches": 1,
              "Peak Memory Usage": 9,
              "Plans": [
                {
                  "Node Type": "Seq Scan",
                  "Parent Relationship": "Outer",
                  "Parallel Aware": false,
                  "Relation Name": "info_type",
                  "Alias": "it",
                  "Startup Cost": 0.00,
                  "Total Cost": 2.41,
                  "Plan Rows": 1,
                  "Plan Width": 18,
                  "Actual Startup Time": 0.023,
                  "Actual Total Time": 0.024,
                  "Actual Rows": 1,
                  "Actual Loops": 1,
                  "Filter": "((it_info)::text = 'bottom 10 rank'::text)",
                  "Rows Removed by Filter": 112
                }
              ]
            }
          ]
        },
        {
          "Node Type": "Hash",
          "Parent Relationship": "Inner",
          "Parallel Aware": false,
          "Startup Cost": 99566.12,
          "Total Cost": 99566.12,
          "Plan Rows": 805084,
          "Plan Width": 94,
          "Actual Startup Time": 641.283,
          "Actual Total Time": 641.283,
          "Actual Rows": 794372,
          "Actual Loops": 1,
          "Hash Buckets": 32768,
          "Original Hash Buckets": 32768,
          "Hash Batches": 32,
          "Original Hash Batches": 32,
          "Peak Memory Usage": 3072,
          "Plans": [
            {
              "Node Type": "Seq Scan",
              "Parent Relationship": "Outer",
              "Parallel Aware": false,
              "Relation Name": "title",
              "Alias": "t",
              "Startup Cost": 0.00,
              "Total Cost": 99566.12,
              "Plan Rows": 805084,
              "Plan Width": 94,
              "Actual Startup Time": 0.009,
              "Actual Total Time": 504.988,
              "Actual Rows": 794372,
              "Actual Loops": 1,
              "Filter": "((t_production_year >= 2005) AND (t_production_year <= 2010))",
              "Rows Removed by Filter": 2608838
            }
          ]
        }
      ]
    },
    "Planning Time": 0.198,
    "Triggers": [
    ],
    "Execution Time": 942.325
  }
]
