[
  {
    "Plan": {
      "Node Type": "Hash Join",
      "Parallel Aware": false,
      "Join Type": "Inner",
      "Startup Cost": 102871.21,
      "Total Cost": 214799.41,
      "Plan Rows": 25646,
      "Plan Width": 158,
      "Actual Startup Time": 1225.001,
      "Actual Total Time": 3164.213,
      "Actual Rows": 2823587,
      "Actual Loops": 1,
      "Hash Cond": "(mk.mk_movie_id = t.t_id)",
      "Plans": [
        {
          "Node Type": "Seq Scan",
          "Parent Relationship": "Outer",
          "Parallel Aware": false,
          "Relation Name": "movie_keyword",
          "Alias": "mk",
          "Startup Cost": 0.00,
          "Total Cost": 89810.27,
          "Plan Rows": 5829727,
          "Plan Width": 12,
          "Actual Startup Time": 0.019,
          "Actual Total Time": 435.265,
          "Actual Rows": 5829736,
          "Actual Loops": 1
        },
        {
          "Node Type": "Hash",
          "Parent Relationship": "Inner",
          "Parallel Aware": false,
          "Startup Cost": 102684.04,
          "Total Cost": 102684.04,
          "Plan Rows": 14973,
          "Plan Width": 146,
          "Actual Startup Time": 967.476,
          "Actual Total Time": 967.476,
          "Actual Rows": 655709,
          "Actual Loops": 1,
          "Hash Buckets": 32768,
          "Original Hash Buckets": 16384,
          "Hash Batches": 32,
          "Original Hash Batches": 1,
          "Peak Memory Usage": 3841,
          "Plans": [
            {
              "Node Type": "Hash Join",
              "Parent Relationship": "Outer",
              "Parallel Aware": false,
              "Join Type": "Inner",
              "Startup Cost": 22.81,
              "Total Cost": 102684.04,
              "Plan Rows": 14973,
              "Plan Width": 146,
              "Actual Startup Time": 401.641,
              "Actual Total Time": 781.761,
              "Actual Rows": 655709,
              "Actual Loops": 1,
              "Hash Cond": "(t.t_kind_id = kt.kt_id)",
              "Plans": [
                {
                  "Node Type": "Seq Scan",
                  "Parent Relationship": "Outer",
                  "Parallel Aware": false,
                  "Relation Name": "title",
                  "Alias": "t",
                  "Startup Cost": 0.00,
                  "Total Cost": 91057.10,
                  "Plan Rows": 3054507,
                  "Plan Width": 94,
                  "Actual Startup Time": 0.005,
                  "Actual Total Time": 493.831,
                  "Actual Rows": 3047622,
                  "Actual Loops": 1,
                  "Filter": "(t_production_year > 1950)",
                  "Rows Removed by Filter": 355588
                },
                {
                  "Node Type": "Hash",
                  "Parent Relationship": "Inner",
                  "Parallel Aware": false,
                  "Startup Cost": 22.75,
                  "Total Cost": 22.75,
                  "Plan Rows": 5,
                  "Plan Width": 52,
                  "Actual Startup Time": 0.005,
                  "Actual Total Time": 0.005,
                  "Actual Rows": 1,
                  "Actual Loops": 1,
                  "Hash Buckets": 1024,
                  "Original Hash Buckets": 1024,
                  "Hash Batches": 1,
                  "Original Hash Batches": 1,
                  "Peak Memory Usage": 9,
                  "Plans": [
                    {
                      "Node Type": "Seq Scan",
                      "Parent Relationship": "Outer",
                      "Parallel Aware": false,
                      "Relation Name": "kind_type",
                      "Alias": "kt",
                      "Startup Cost": 0.00,
                      "Total Cost": 22.75,
                      "Plan Rows": 5,
                      "Plan Width": 52,
                      "Actual Startup Time": 0.003,
                      "Actual Total Time": 0.003,
                      "Actual Rows": 1,
                      "Actual Loops": 1,
                      "Filter": "((kt_kind)::text = 'movie'::text)",
                      "Rows Removed by Filter": 6
                    }
                  ]
                }
              ]
            }
          ]
        }
      ]
    },
    "Planning Time": 0.173,
    "Triggers": [
    ],
    "Execution Time": 3244.104
  }
]
