[
  {
    "Plan": {
      "Node Type": "Hash Join",
      "Parallel Aware": false,
      "Join Type": "Inner",
      "Startup Cost": 1175452.29,
      "Total Cost": 1317511.41,
      "Plan Rows": 1,
      "Plan Width": 371,
      "Actual Startup Time": 7552.349,
      "Actual Total Time": 8980.017,
      "Actual Rows": 13397,
      "Actual Loops": 1,
      "Hash Cond": "(t.t_kind_id = kt.kt_id)",
      "Plans": [
        {
          "Node Type": "Hash Join",
          "Parent Relationship": "Outer",
          "Parallel Aware": false,
          "Join Type": "Inner",
          "Startup Cost": 1175429.48,
          "Total Cost": 1317488.54,
          "Plan Rows": 11,
          "Plan Width": 319,
          "Actual Startup Time": 7552.338,
          "Actual Total Time": 8975.466,
          "Actual Rows": 22322,
          "Actual Loops": 1,
          "Hash Cond": "(n.n_id = ci.ci_person_id)",
          "Plans": [
            {
              "Node Type": "Seq Scan",
              "Parent Relationship": "Outer",
              "Parallel Aware": false,
              "Relation Name": "name",
              "Alias": "n",
              "Startup Cost": 0.00,
              "Total Cost": 122408.15,
              "Plan Rows": 5240215,
              "Plan Width": 75,
              "Actual Startup Time": 0.025,
              "Actual Total Time": 477.229,
              "Actual Rows": 5240860,
              "Actual Loops": 1
            },
            {
              "Node Type": "Hash",
              "Parent Relationship": "Inner",
              "Parallel Aware": false,
              "Startup Cost": 1175429.34,
              "Total Cost": 1175429.34,
              "Plan Rows": 11,
              "Plan Width": 244,
              "Actual Startup Time": 7552.178,
              "Actual Total Time": 7552.178,
              "Actual Rows": 22322,
              "Actual Loops": 1,
              "Hash Buckets": 32768,
              "Original Hash Buckets": 1024,
              "Hash Batches": 2,
              "Original Hash Batches": 1,
              "Peak Memory Usage": 3841,
              "Plans": [
                {
                  "Node Type": "Hash Join",
                  "Parent Relationship": "Outer",
                  "Parallel Aware": false,
                  "Join Type": "Inner",
                  "Startup Cost": 1072917.73,
                  "Total Cost": 1175429.34,
                  "Plan Rows": 11,
                  "Plan Width": 244,
                  "Actual Startup Time": 6752.429,
                  "Actual Total Time": 7542.600,
                  "Actual Rows": 22322,
                  "Actual Loops": 1,
                  "Hash Cond": "(t.t_id = ci.ci_movie_id)",
                  "Plans": [
                    {
                      "Node Type": "Seq Scan",
                      "Parent Relationship": "Outer",
                      "Parallel Aware": false,
                      "Relation Name": "title",
                      "Alias": "t",
                      "Startup Cost": 0.00,
                      "Total Cost": 91057.10,
                      "Plan Rows": 3054507,
                      "Plan Width": 94,
                      "Actual Startup Time": 0.021,
                      "Actual Total Time": 482.390,
                      "Actual Rows": 3047622,
                      "Actual Loops": 1,
                      "Filter": "(t_production_year > 1950)",
                      "Rows Removed by Filter": 355588
                    },
                    {
                      "Node Type": "Hash",
                      "Parent Relationship": "Inner",
                      "Parallel Aware": false,
                      "Startup Cost": 1072917.58,
                      "Total Cost": 1072917.58,
                      "Plan Rows": 12,
                      "Plan Width": 150,
                      "Actual Startup Time": 6752.339,
                      "Actual Total Time": 6752.339,
                      "Actual Rows": 22696,
                      "Actual Loops": 1,
                      "Hash Buckets": 32768,
                      "Original Hash Buckets": 1024,
                      "Hash Batches": 1,
                      "Original Hash Batches": 1,
                      "Peak Memory Usage": 2724,
                      "Plans": [
                        {
                          "Node Type": "Hash Join",
                          "Parent Relationship": "Outer",
                          "Parallel Aware": false,
                          "Join Type": "Inner",
                          "Startup Cost": 89669.96,
                          "Total Cost": 1072917.58,
                          "Plan Rows": 12,
                          "Plan Width": 150,
                          "Actual Startup Time": 480.775,
                          "Actual Total Time": 6744.779,
                          "Actual Rows": 22696,
                          "Actual Loops": 1,
                          "Hash Cond": "(ci.ci_person_role_id = chn.cn_id)",
                          "Plans": [
                            {
                              "Node Type": "Seq Scan",
                              "Parent Relationship": "Outer",
                              "Parallel Aware": false,
                              "Relation Name": "cast_info",
                              "Alias": "ci",
                              "Startup Cost": 0.00,
                              "Total Cost": 805680.36,
                              "Plan Rows": 47351236,
                              "Plan Width": 42,
                              "Actual Startup Time": 0.011,
                              "Actual Total Time": 3386.277,
                              "Actual Rows": 47373957,
                              "Actual Loops": 1
                            },
                            {
                              "Node Type": "Hash",
                              "Parent Relationship": "Inner",
                              "Parallel Aware": false,
                              "Startup Cost": 89669.94,
                              "Total Cost": 89669.94,
                              "Plan Rows": 2,
                              "Plan Width": 108,
                              "Actual Startup Time": 480.753,
                              "Actual Total Time": 480.753,
                              "Actual Rows": 4,
                              "Actual Loops": 1,
                              "Hash Buckets": 1024,
                              "Original Hash Buckets": 1024,
                              "Hash Batches": 1,
                              "Original Hash Batches": 1,
                              "Peak Memory Usage": 9,
                              "Plans": [
                                {
                                  "Node Type": "Seq Scan",
                                  "Parent Relationship": "Outer",
                                  "Parallel Aware": false,
                                  "Relation Name": "char_name",
                                  "Alias": "chn",
                                  "Startup Cost": 0.00,
                                  "Total Cost": 89669.94,
                                  "Plan Rows": 2,
                                  "Plan Width": 108,
                                  "Actual Startup Time": 7.654,
                                  "Actual Total Time": 480.742,
                                  "Actual Rows": 4,
                                  "Actual Loops": 1,
                                  "Filter": "(cn_name = ANY ('{Alex,Zombie}'::text[]))",
                                  "Rows Removed by Filter": 3715574
                                }
                              ]
                            }
                          ]
                        }
                      ]
                    }
                  ]
                }
              ]
            }
          ]
        },
        {
          "Node Type": "Hash",
          "Parent Relationship": "Inner",
          "Parallel Aware": false,
          "Startup Cost": 22.75,
          "Total Cost": 22.75,
          "Plan Rows": 5,
          "Plan Width": 52,
          "Actual Startup Time": 0.008,
          "Actual Total Time": 0.008,
          "Actual Rows": 1,
          "Actual Loops": 1,
          "Hash Buckets": 1024,
          "Original Hash Buckets": 1024,
          "Hash Batches": 1,
          "Original Hash Batches": 1,
          "Peak Memory Usage": 9,
          "Plans": [
            {
              "Node Type": "Seq Scan",
              "Parent Relationship": "Outer",
              "Parallel Aware": false,
              "Relation Name": "kind_type",
              "Alias": "kt",
              "Startup Cost": 0.00,
              "Total Cost": 22.75,
              "Plan Rows": 5,
              "Plan Width": 52,
              "Actual Startup Time": 0.006,
              "Actual Total Time": 0.008,
              "Actual Rows": 1,
              "Actual Loops": 1,
              "Filter": "((kt_kind)::text = 'movie'::text)",
              "Rows Removed by Filter": 6
            }
          ]
        }
      ]
    },
    "Planning Time": 0.364,
    "Triggers": [
    ],
    "Execution Time": 8980.832
  }
]
