[
  {
    "Plan": {
      "Node Type": "Hash Join",
      "Parallel Aware": false,
      "Join Type": "Inner",
      "Startup Cost": 2647.29,
      "Total Cost": 105168.21,
      "Plan Rows": 3,
      "Plan Width": 248,
      "Actual Startup Time": 779.235,
      "Actual Total Time": 1377.423,
      "Actual Rows": 28583,
      "Actual Loops": 1,
      "Hash Cond": "(t.t_kind_id = kt.kt_id)",
      "Plans": [
        {
          "Node Type": "Hash Join",
          "Parent Relationship": "Outer",
          "Parallel Aware": false,
          "Join Type": "Inner",
          "Startup Cost": 2624.48,
          "Total Cost": 105142.81,
          "Plan Rows": 683,
          "Plan Width": 196,
          "Actual Startup Time": 43.207,
          "Actual Total Time": 1366.538,
          "Actual Rows": 72639,
          "Actual Loops": 1,
          "Hash Cond": "(t.t_id = cc.cc_movie_id)",
          "Plans": [
            {
              "Node Type": "Seq Scan",
              "Parent Relationship": "Outer",
              "Parallel Aware": false,
              "Relation Name": "title",
              "Alias": "t",
              "Startup Cost": 0.00,
              "Total Cost": 91057.10,
              "Plan Rows": 3054507,
              "Plan Width": 94,
              "Actual Startup Time": 0.005,
              "Actual Total Time": 558.845,
              "Actual Rows": 3047622,
              "Actual Loops": 1,
              "Filter": "(t_production_year > 1950)",
              "Rows Removed by Filter": 355588
            },
            {
              "Node Type": "Hash",
              "Parent Relationship": "Inner",
              "Parallel Aware": false,
              "Startup Cost": 2614.97,
              "Total Cost": 2614.97,
              "Plan Rows": 761,
              "Plan Width": 102,
              "Actual Startup Time": 42.994,
              "Actual Total Time": 42.994,
              "Actual Rows": 85941,
              "Actual Loops": 1,
              "Hash Buckets": 65536,
              "Original Hash Buckets": 1024,
              "Hash Batches": 2,
              "Original Hash Batches": 1,
              "Peak Memory Usage": 3585,
              "Plans": [
                {
                  "Node Type": "Hash Join",
                  "Parent Relationship": "Outer",
                  "Parallel Aware": false,
                  "Join Type": "Inner",
                  "Startup Cost": 18.93,
                  "Total Cost": 2614.97,
                  "Plan Rows": 761,
                  "Plan Width": 102,
                  "Actual Startup Time": 0.010,
                  "Actual Total Time": 28.973,
                  "Actual Rows": 85941,
                  "Actual Loops": 1,
                  "Hash Cond": "(cc.cc_subject_id = cct1.cct_id)",
                  "Plans": [
                    {
                      "Node Type": "Seq Scan",
                      "Parent Relationship": "Outer",
                      "Parallel Aware": false,
                      "Relation Name": "complete_cast",
                      "Alias": "cc",
                      "Startup Cost": 0.00,
                      "Total Cost": 2081.86,
                      "Plan Rows": 135086,
                      "Plan Width": 16,
                      "Actual Startup Time": 0.004,
                      "Actual Total Time": 8.058,
                      "Actual Rows": 135086,
                      "Actual Loops": 1
                    },
                    {
                      "Node Type": "Hash",
                      "Parent Relationship": "Inner",
                      "Parallel Aware": false,
                      "Startup Cost": 18.88,
                      "Total Cost": 18.88,
                      "Plan Rows": 4,
                      "Plan Width": 86,
                      "Actual Startup Time": 0.002,
                      "Actual Total Time": 0.002,
                      "Actual Rows": 1,
                      "Actual Loops": 1,
                      "Hash Buckets": 1024,
                      "Original Hash Buckets": 1024,
                      "Hash Batches": 1,
                      "Original Hash Batches": 1,
                      "Peak Memory Usage": 9,
                      "Plans": [
                        {
                          "Node Type": "Seq Scan",
                          "Parent Relationship": "Outer",
                          "Parallel Aware": false,
                          "Relation Name": "comp_cast_type",
                          "Alias": "cct1",
                          "Startup Cost": 0.00,
                          "Total Cost": 18.88,
                          "Plan Rows": 4,
                          "Plan Width": 86,
                          "Actual Startup Time": 0.002,
                          "Actual Total Time": 0.002,
                          "Actual Rows": 1,
                          "Actual Loops": 1,
                          "Filter": "((cct_kind)::text = 'cast'::text)",
                          "Rows Removed by Filter": 3
                        }
                      ]
                    }
                  ]
                }
              ]
            }
          ]
        },
        {
          "Node Type": "Hash",
          "Parent Relationship": "Inner",
          "Parallel Aware": false,
          "Startup Cost": 22.75,
          "Total Cost": 22.75,
          "Plan Rows": 5,
          "Plan Width": 52,
          "Actual Startup Time": 0.007,
          "Actual Total Time": 0.007,
          "Actual Rows": 1,
          "Actual Loops": 1,
          "Hash Buckets": 1024,
          "Original Hash Buckets": 1024,
          "Hash Batches": 1,
          "Original Hash Batches": 1,
          "Peak Memory Usage": 9,
          "Plans": [
            {
              "Node Type": "Seq Scan",
              "Parent Relationship": "Outer",
              "Parallel Aware": false,
              "Relation Name": "kind_type",
              "Alias": "kt",
              "Startup Cost": 0.00,
              "Total Cost": 22.75,
              "Plan Rows": 5,
              "Plan Width": 52,
              "Actual Startup Time": 0.005,
              "Actual Total Time": 0.006,
              "Actual Rows": 1,
              "Actual Loops": 1,
              "Filter": "((kt_kind)::text = 'movie'::text)",
              "Rows Removed by Filter": 6
            }
          ]
        }
      ]
    },
    "Planning Time": 0.235,
    "Triggers": [
    ],
    "Execution Time": 1378.583
  }
]
