[
  {
    "Plan": {
      "Node Type": "Hash Join",
      "Parallel Aware": false,
      "Join Type": "Inner",
      "Startup Cost": 4785.94,
      "Total Cost": 116460.34,
      "Plan Rows": 265,
      "Plan Width": 38,
      "Actual Startup Time": 33.903,
      "Actual Total Time": 881.701,
      "Actual Rows": 41997,
      "Actual Loops": 1,
      "Hash Cond": "(mk.mk_keyword_id = k.k_id)",
      "Plans": [
        {
          "Node Type": "Seq Scan",
          "Parent Relationship": "Outer",
          "Parallel Aware": false,
          "Relation Name": "movie_keyword",
          "Alias": "mk",
          "Startup Cost": 0.00,
          "Total Cost": 89810.27,
          "Plan Rows": 5829727,
          "Plan Width": 12,
          "Actual Startup Time": 0.047,
          "Actual Total Time": 414.968,
          "Actual Rows": 5829736,
          "Actual Loops": 1
        },
        {
          "Node Type": "Hash",
          "Parent Relationship": "Inner",
          "Parallel Aware": false,
          "Startup Cost": 4785.84,
          "Total Cost": 4785.84,
          "Plan Rows": 8,
          "Plan Width": 26,
          "Actual Startup Time": 33.740,
          "Actual Total Time": 33.740,
          "Actual Rows": 8,
          "Actual Loops": 1,
          "Hash Buckets": 1024,
          "Original Hash Buckets": 1024,
          "Hash Batches": 1,
          "Original Hash Batches": 1,
          "Peak Memory Usage": 9,
          "Plans": [
            {
              "Node Type": "Seq Scan",
              "Parent Relationship": "Outer",
              "Parallel Aware": false,
              "Relation Name": "keyword",
              "Alias": "k",
              "Startup Cost": 0.00,
              "Total Cost": 4785.84,
              "Plan Rows": 8,
              "Plan Width": 26,
              "Actual Startup Time": 0.213,
              "Actual Total Time": 33.735,
              "Actual Rows": 8,
              "Actual Loops": 1,
              "Filter": "(k_keyword = ANY ('{superhero,sequel,second-part,marvel-comics,based-on-comic,tv-special,fight,violence}'::text[]))",
              "Rows Removed by Filter": 175834
            }
          ]
        }
      ]
    },
    "Planning Time": 0.181,
    "Triggers": [
    ],
    "Execution Time": 883.038
  }
]
