[
  {
    "Plan": {
      "Node Type": "Hash Join",
      "Parallel Aware": false,
      "Join Type": "Inner",
      "Startup Cost": 98920.69,
      "Total Cost": 210762.98,
      "Plan Rows": 17054,
      "Plan Width": 158,
      "Actual Startup Time": 1057.535,
      "Actual Total Time": 2623.972,
      "Actual Rows": 1349381,
      "Actual Loops": 1,
      "Hash Cond": "(mk.mk_movie_id = t.t_id)",
      "Plans": [
        {
          "Node Type": "Seq Scan",
          "Parent Relationship": "Outer",
          "Parallel Aware": false,
          "Relation Name": "movie_keyword",
          "Alias": "mk",
          "Startup Cost": 0.00,
          "Total Cost": 89810.27,
          "Plan Rows": 5829727,
          "Plan Width": 12,
          "Actual Startup Time": 0.035,
          "Actual Total Time": 443.927,
          "Actual Rows": 5829736,
          "Actual Loops": 1
        },
        {
          "Node Type": "Hash",
          "Parent Relationship": "Inner",
          "Parallel Aware": false,
          "Startup Cost": 98796.23,
          "Total Cost": 98796.23,
          "Plan Rows": 9957,
          "Plan Width": 146,
          "Actual Startup Time": 771.993,
          "Actual Total Time": 771.993,
          "Actual Rows": 426358,
          "Actual Loops": 1,
          "Hash Buckets": 32768,
          "Original Hash Buckets": 16384,
          "Hash Batches": 16,
          "Original Hash Batches": 1,
          "Peak Memory Usage": 3841,
          "Plans": [
            {
              "Node Type": "Hash Join",
              "Parent Relationship": "Outer",
              "Parallel Aware": false,
              "Join Type": "Inner",
              "Startup Cost": 22.81,
              "Total Cost": 98796.23,
              "Plan Rows": 9957,
              "Plan Width": 146,
              "Actual Startup Time": 333.374,
              "Actual Total Time": 647.448,
              "Actual Rows": 426358,
              "Actual Loops": 1,
              "Hash Cond": "(t.t_kind_id = kt.kt_id)",
              "Plans": [
                {
                  "Node Type": "Seq Scan",
                  "Parent Relationship": "Outer",
                  "Parallel Aware": false,
                  "Relation Name": "title",
                  "Alias": "t",
                  "Startup Cost": 0.00,
                  "Total Cost": 91057.10,
                  "Plan Rows": 2031132,
                  "Plan Width": 94,
                  "Actual Startup Time": 0.005,
                  "Actual Total Time": 458.123,
                  "Actual Rows": 2027079,
                  "Actual Loops": 1,
                  "Filter": "(t_production_year > 2000)",
                  "Rows Removed by Filter": 1376131
                },
                {
                  "Node Type": "Hash",
                  "Parent Relationship": "Inner",
                  "Parallel Aware": false,
                  "Startup Cost": 22.75,
                  "Total Cost": 22.75,
                  "Plan Rows": 5,
                  "Plan Width": 52,
                  "Actual Startup Time": 0.005,
                  "Actual Total Time": 0.005,
                  "Actual Rows": 1,
                  "Actual Loops": 1,
                  "Hash Buckets": 1024,
                  "Original Hash Buckets": 1024,
                  "Hash Batches": 1,
                  "Original Hash Batches": 1,
                  "Peak Memory Usage": 9,
                  "Plans": [
                    {
                      "Node Type": "Seq Scan",
                      "Parent Relationship": "Outer",
                      "Parallel Aware": false,
                      "Relation Name": "kind_type",
                      "Alias": "kt",
                      "Startup Cost": 0.00,
                      "Total Cost": 22.75,
                      "Plan Rows": 5,
                      "Plan Width": 52,
                      "Actual Startup Time": 0.003,
                      "Actual Total Time": 0.004,
                      "Actual Rows": 1,
                      "Actual Loops": 1,
                      "Filter": "((kt_kind)::text = 'movie'::text)",
                      "Rows Removed by Filter": 6
                    }
                  ]
                }
              ]
            }
          ]
        }
      ]
    },
    "Planning Time": 0.198,
    "Triggers": [
    ],
    "Execution Time": 2662.647
  }
]
