[
  {
    "Plan": {
      "Node Type": "Hash Join",
      "Parallel Aware": false,
      "Join Type": "Inner",
      "Startup Cost": 5225.57,
      "Total Cost": 116900.64,
      "Plan Rows": 332,
      "Plan Width": 38,
      "Actual Startup Time": 41.577,
      "Actual Total Time": 857.747,
      "Actual Rows": 30175,
      "Actual Loops": 1,
      "Hash Cond": "(mk.mk_keyword_id = k.k_id)",
      "Plans": [
        {
          "Node Type": "Seq Scan",
          "Parent Relationship": "Outer",
          "Parallel Aware": false,
          "Relation Name": "movie_keyword",
          "Alias": "mk",
          "Startup Cost": 0.00,
          "Total Cost": 89810.27,
          "Plan Rows": 5829727,
          "Plan Width": 12,
          "Actual Startup Time": 0.050,
          "Actual Total Time": 400.646,
          "Actual Rows": 5829736,
          "Actual Loops": 1
        },
        {
          "Node Type": "Hash",
          "Parent Relationship": "Inner",
          "Parallel Aware": false,
          "Startup Cost": 5225.44,
          "Total Cost": 5225.44,
          "Plan Rows": 10,
          "Plan Width": 26,
          "Actual Startup Time": 41.435,
          "Actual Total Time": 41.435,
          "Actual Rows": 10,
          "Actual Loops": 1,
          "Hash Buckets": 1024,
          "Original Hash Buckets": 1024,
          "Hash Batches": 1,
          "Original Hash Batches": 1,
          "Peak Memory Usage": 9,
          "Plans": [
            {
              "Node Type": "Seq Scan",
              "Parent Relationship": "Outer",
              "Parallel Aware": false,
              "Relation Name": "keyword",
              "Alias": "k",
              "Startup Cost": 0.00,
              "Total Cost": 5225.44,
              "Plan Rows": 10,
              "Plan Width": 26,
              "Actual Startup Time": 0.209,
              "Actual Total Time": 41.428,
              "Actual Rows": 10,
              "Actual Loops": 1,
              "Filter": "(k_keyword = ANY ('{superhero,marvel-comics,based-on-comic,tv-special,fight,violence,magnet,web,claw,laser}'::text[]))",
              "Rows Removed by Filter": 175832
            }
          ]
        }
      ]
    },
    "Planning Time": 0.273,
    "Triggers": [
    ],
    "Execution Time": 858.688
  }
]
