[
  {
    "Plan": {
      "Node Type": "Hash Join",
      "Parallel Aware": false,
      "Join Type": "Inner",
      "Startup Cost": 131076.42,
      "Total Cost": 596509.45,
      "Plan Rows": 43732,
      "Plan Width": 168,
      "Actual Startup Time": 1456.574,
      "Actual Total Time": 3341.114,
      "Actual Rows": 50645,
      "Actual Loops": 1,
      "Hash Cond": "(mi.mi_movie_id = t.t_id)",
      "Plans": [
        {
          "Node Type": "Seq Scan",
          "Parent Relationship": "Outer",
          "Parallel Aware": false,
          "Relation Name": "movie_info",
          "Alias": "mi",
          "Startup Cost": 0.00,
          "Total Cost": 444254.80,
          "Plan Rows": 128242,
          "Plan Width": 74,
          "Actual Startup Time": 347.485,
          "Actual Total Time": 2502.348,
          "Actual Rows": 137191,
          "Actual Loops": 1,
          "Filter": "(mi_info = ANY ('{Germany,German}'::text[]))",
          "Rows Removed by Filter": 18676643
        },
        {
          "Node Type": "Hash",
          "Parent Relationship": "Inner",
          "Parallel Aware": false,
          "Startup Cost": 99566.12,
          "Total Cost": 99566.12,
          "Plan Rows": 1160664,
          "Plan Width": 94,
          "Actual Startup Time": 687.944,
          "Actual Total Time": 687.944,
          "Actual Rows": 1159238,
          "Actual Loops": 1,
          "Hash Buckets": 32768,
          "Original Hash Buckets": 32768,
          "Hash Batches": 64,
          "Original Hash Batches": 64,
          "Peak Memory Usage": 2310,
          "Plans": [
            {
              "Node Type": "Seq Scan",
              "Parent Relationship": "Outer",
              "Parallel Aware": false,
              "Relation Name": "title",
              "Alias": "t",
              "Startup Cost": 0.00,
              "Total Cost": 99566.12,
              "Plan Rows": 1160664,
              "Plan Width": 94,
              "Actual Startup Time": 0.010,
              "Actual Total Time": 496.987,
              "Actual Rows": 1159238,
              "Actual Loops": 1,
              "Filter": "((t_production_year >= 2000) AND (t_production_year <= 2010))",
              "Rows Removed by Filter": 2243972
            }
          ]
        }
      ]
    },
    "Planning Time": 0.130,
    "Triggers": [
    ],
    "Execution Time": 3342.709
  }
]
