[
  {
    "Plan": {
      "Node Type": "Hash Join",
      "Parallel Aware": false,
      "Join Type": "Inner",
      "Startup Cost": 131102.39,
      "Total Cost": 185478.04,
      "Plan Rows": 344251,
      "Plan Width": 196,
      "Actual Startup Time": 727.160,
      "Actual Total Time": 1268.189,
      "Actual Rows": 391011,
      "Actual Loops": 1,
      "Hash Cond": "(ml.ml_link_type_id = lt.lt_id)",
      "Plans": [
        {
          "Node Type": "Hash Join",
          "Parent Relationship": "Outer",
          "Parallel Aware": false,
          "Join Type": "Inner",
          "Startup Cost": 131076.42,
          "Total Cost": 180718.61,
          "Plan Rows": 344251,
          "Plan Width": 110,
          "Actual Startup Time": 727.142,
          "Actual Total Time": 1188.947,
          "Actual Rows": 391011,
          "Actual Loops": 1,
          "Hash Cond": "(ml.ml_movie_id = t.t_id)",
          "Plans": [
            {
              "Node Type": "Seq Scan",
              "Parent Relationship": "Outer",
              "Parallel Aware": false,
              "Relation Name": "movie_link",
              "Alias": "ml",
              "Startup Cost": 0.00,
              "Total Cost": 15552.04,
              "Plan Rows": 1009504,
              "Plan Width": 16,
              "Actual Startup Time": 0.054,
              "Actual Total Time": 77.672,
              "Actual Rows": 1009504,
              "Actual Loops": 1
            },
            {
              "Node Type": "Hash",
              "Parent Relationship": "Inner",
              "Parallel Aware": false,
              "Startup Cost": 99566.12,
              "Total Cost": 99566.12,
              "Plan Rows": 1160664,
              "Plan Width": 94,
              "Actual Startup Time": 726.317,
              "Actual Total Time": 726.317,
              "Actual Rows": 1159238,
              "Actual Loops": 1,
              "Hash Buckets": 32768,
              "Original Hash Buckets": 32768,
              "Hash Batches": 64,
              "Original Hash Batches": 64,
              "Peak Memory Usage": 2308,
              "Plans": [
                {
                  "Node Type": "Seq Scan",
                  "Parent Relationship": "Outer",
                  "Parallel Aware": false,
                  "Relation Name": "title",
                  "Alias": "t",
                  "Startup Cost": 0.00,
                  "Total Cost": 99566.12,
                  "Plan Rows": 1160664,
                  "Plan Width": 94,
                  "Actual Startup Time": 0.009,
                  "Actual Total Time": 518.693,
                  "Actual Rows": 1159238,
                  "Actual Loops": 1,
                  "Filter": "((t_production_year >= 2000) AND (t_production_year <= 2010))",
                  "Rows Removed by Filter": 2243972
                }
              ]
            }
          ]
        },
        {
          "Node Type": "Hash",
          "Parent Relationship": "Inner",
          "Parallel Aware": false,
          "Startup Cost": 17.10,
          "Total Cost": 17.10,
          "Plan Rows": 710,
          "Plan Width": 86,
          "Actual Startup Time": 0.012,
          "Actual Total Time": 0.012,
          "Actual Rows": 18,
          "Actual Loops": 1,
          "Hash Buckets": 1024,
          "Original Hash Buckets": 1024,
          "Hash Batches": 1,
          "Original Hash Batches": 1,
          "Peak Memory Usage": 9,
          "Plans": [
            {
              "Node Type": "Seq Scan",
              "Parent Relationship": "Outer",
              "Parallel Aware": false,
              "Relation Name": "link_type",
              "Alias": "lt",
              "Startup Cost": 0.00,
              "Total Cost": 17.10,
              "Plan Rows": 710,
              "Plan Width": 86,
              "Actual Startup Time": 0.005,
              "Actual Total Time": 0.009,
              "Actual Rows": 18,
              "Actual Loops": 1
            }
          ]
        }
      ]
    },
    "Planning Time": 0.237,
    "Triggers": [
    ],
    "Execution Time": 1279.473
  }
]
