[
  {
    "Plan": {
      "Node Type": "Hash Join",
      "Parallel Aware": false,
      "Join Type": "Inner",
      "Startup Cost": 157343.08,
      "Total Cost": 233948.06,
      "Plan Rows": 630923,
      "Plan Width": 196,
      "Actual Startup Time": 972.283,
      "Actual Total Time": 1743.668,
      "Actual Rows": 749861,
      "Actual Loops": 1,
      "Hash Cond": "(ml.ml_link_type_id = lt.lt_id)",
      "Plans": [
        {
          "Node Type": "Hash Join",
          "Parent Relationship": "Outer",
          "Parallel Aware": false,
          "Join Type": "Inner",
          "Startup Cost": 157317.11,
          "Total Cost": 225246.90,
          "Plan Rows": 630923,
          "Plan Width": 110,
          "Actual Startup Time": 972.272,
          "Actual Total Time": 1599.556,
          "Actual Rows": 749861,
          "Actual Loops": 1,
          "Hash Cond": "(ml.ml_movie_id = t.t_id)",
          "Plans": [
            {
              "Node Type": "Seq Scan",
              "Parent Relationship": "Outer",
              "Parallel Aware": false,
              "Relation Name": "movie_link",
              "Alias": "ml",
              "Startup Cost": 0.00,
              "Total Cost": 15552.04,
              "Plan Rows": 1009504,
              "Plan Width": 16,
              "Actual Startup Time": 0.025,
              "Actual Total Time": 77.125,
              "Actual Rows": 1009504,
              "Actual Loops": 1
            },
            {
              "Node Type": "Hash",
              "Parent Relationship": "Inner",
              "Parallel Aware": false,
              "Startup Cost": 99566.12,
              "Total Cost": 99566.12,
              "Plan Rows": 2127199,
              "Plan Width": 94,
              "Actual Startup Time": 970.664,
              "Actual Total Time": 970.664,
              "Actual Rows": 2125717,
              "Actual Loops": 1,
              "Hash Buckets": 32768,
              "Original Hash Buckets": 32768,
              "Hash Batches": 128,
              "Original Hash Batches": 128,
              "Peak Memory Usage": 2122,
              "Plans": [
                {
                  "Node Type": "Seq Scan",
                  "Parent Relationship": "Outer",
                  "Parallel Aware": false,
                  "Relation Name": "title",
                  "Alias": "t",
                  "Startup Cost": 0.00,
                  "Total Cost": 99566.12,
                  "Plan Rows": 2127199,
                  "Plan Width": 94,
                  "Actual Startup Time": 0.006,
                  "Actual Total Time": 577.111,
                  "Actual Rows": 2125717,
                  "Actual Loops": 1,
                  "Filter": "((t_production_year >= 1950) AND (t_production_year <= 2010))",
                  "Rows Removed by Filter": 1277493
                }
              ]
            }
          ]
        },
        {
          "Node Type": "Hash",
          "Parent Relationship": "Inner",
          "Parallel Aware": false,
          "Startup Cost": 17.10,
          "Total Cost": 17.10,
          "Plan Rows": 710,
          "Plan Width": 86,
          "Actual Startup Time": 0.008,
          "Actual Total Time": 0.008,
          "Actual Rows": 18,
          "Actual Loops": 1,
          "Hash Buckets": 1024,
          "Original Hash Buckets": 1024,
          "Hash Batches": 1,
          "Original Hash Batches": 1,
          "Peak Memory Usage": 9,
          "Plans": [
            {
              "Node Type": "Seq Scan",
              "Parent Relationship": "Outer",
              "Parallel Aware": false,
              "Relation Name": "link_type",
              "Alias": "lt",
              "Startup Cost": 0.00,
              "Total Cost": 17.10,
              "Plan Rows": 710,
              "Plan Width": 86,
              "Actual Startup Time": 0.004,
              "Actual Total Time": 0.004,
              "Actual Rows": 18,
              "Actual Loops": 1
            }
          ]
        }
      ]
    },
    "Planning Time": 0.165,
    "Triggers": [
    ],
    "Execution Time": 1764.925
  }
]
