[
  {
    "Plan": {
      "Node Type": "Hash Join",
      "Parallel Aware": false,
      "Join Type": "Inner",
      "Startup Cost": 81228.06,
      "Total Cost": 188771.19,
      "Plan Rows": 1,
      "Plan Width": 295,
      "Actual Startup Time": 301.325,
      "Actual Total Time": 301.325,
      "Actual Rows": 0,
      "Actual Loops": 1,
      "Hash Cond": "(t.t_id = mc.mc_movie_id)",
      "Plans": [
        {
          "Node Type": "Seq Scan",
          "Parent Relationship": "Outer",
          "Parallel Aware": false,
          "Relation Name": "title",
          "Alias": "t",
          "Startup Cost": 0.00,
          "Total Cost": 99566.12,
          "Plan Rows": 2127199,
          "Plan Width": 94,
          "Actual Startup Time": 0.007,
          "Actual Total Time": 0.007,
          "Actual Rows": 1,
          "Actual Loops": 1,
          "Filter": "((t_production_year >= 1950) AND (t_production_year <= 2010))",
          "Rows Removed by Filter": 0
        },
        {
          "Node Type": "Hash",
          "Parent Relationship": "Inner",
          "Parallel Aware": false,
          "Startup Cost": 81228.05,
          "Total Cost": 81228.05,
          "Plan Rows": 1,
          "Plan Width": 201,
          "Actual Startup Time": 301.315,
          "Actual Total Time": 301.315,
          "Actual Rows": 0,
          "Actual Loops": 1,
          "Hash Buckets": 1024,
          "Original Hash Buckets": 1024,
          "Hash Batches": 1,
          "Original Hash Batches": 1,
          "Peak Memory Usage": 8,
          "Plans": [
            {
              "Node Type": "Hash Join",
              "Parent Relationship": "Outer",
              "Parallel Aware": false,
              "Join Type": "Inner",
              "Startup Cost": 72344.35,
              "Total Cost": 81228.05,
              "Plan Rows": 1,
              "Plan Width": 201,
              "Actual Startup Time": 301.315,
              "Actual Total Time": 301.315,
              "Actual Rows": 0,
              "Actual Loops": 1,
              "Hash Cond": "(cn.cn1_id = mc.mc_company_id)",
              "Plans": [
                {
                  "Node Type": "Seq Scan",
                  "Parent Relationship": "Outer",
                  "Parallel Aware": false,
                  "Relation Name": "company_name",
                  "Alias": "cn",
                  "Startup Cost": 0.00,
                  "Total Cost": 8107.93,
                  "Plan Rows": 206867,
                  "Plan Width": 75,
                  "Actual Startup Time": 0.006,
                  "Actual Total Time": 0.006,
                  "Actual Rows": 1,
                  "Actual Loops": 1,
                  "Filter": "(((cn1_country_code)::text < '[pl]'::text) OR ((cn1_country_code)::text > '[pl]'::text))",
                  "Rows Removed by Filter": 0
                },
                {
                  "Node Type": "Hash",
                  "Parent Relationship": "Inner",
                  "Parallel Aware": false,
                  "Startup Cost": 72344.34,
                  "Total Cost": 72344.34,
                  "Plan Rows": 1,
                  "Plan Width": 126,
                  "Actual Startup Time": 301.308,
                  "Actual Total Time": 301.308,
                  "Actual Rows": 0,
                  "Actual Loops": 1,
                  "Hash Buckets": 1024,
                  "Original Hash Buckets": 1024,
                  "Hash Batches": 1,
                  "Original Hash Batches": 1,
                  "Peak Memory Usage": 8,
                  "Plans": [
                    {
                      "Node Type": "Hash Join",
                      "Parent Relationship": "Outer",
                      "Parallel Aware": false,
                      "Join Type": "Inner",
                      "Startup Cost": 18.93,
                      "Total Cost": 72344.34,
                      "Plan Rows": 1,
                      "Plan Width": 126,
                      "Actual Startup Time": 301.308,
                      "Actual Total Time": 301.308,
                      "Actual Rows": 0,
                      "Actual Loops": 1,
                      "Hash Cond": "(mc.mc_company_type_id = ct.ct_id)",
                      "Plans": [
                        {
                          "Node Type": "Seq Scan",
                          "Parent Relationship": "Outer",
                          "Parallel Aware": false,
                          "Relation Name": "movie_companies",
                          "Alias": "mc",
                          "Startup Cost": 0.00,
                          "Total Cost": 72324.61,
                          "Plan Rows": 211,
                          "Plan Width": 40,
                          "Actual Startup Time": 301.307,
                          "Actual Total Time": 301.307,
                          "Actual Rows": 0,
                          "Actual Loops": 1,
                          "Filter": "(mc_note = 'EMPTYSTRING'::text)",
                          "Rows Removed by Filter": 3691809
                        },
                        {
                          "Node Type": "Hash",
                          "Parent Relationship": "Inner",
                          "Parallel Aware": false,
                          "Startup Cost": 18.88,
                          "Total Cost": 18.88,
                          "Plan Rows": 4,
                          "Plan Width": 86,
                          "Actual Startup Time": 0.000,
                          "Actual Total Time": 0.000,
                          "Actual Rows": 0,
                          "Actual Loops": 0,
                          "Plans": [
                            {
                              "Node Type": "Seq Scan",
                              "Parent Relationship": "Outer",
                              "Parallel Aware": false,
                              "Relation Name": "company_type",
                              "Alias": "ct",
                              "Startup Cost": 0.00,
                              "Total Cost": 18.88,
                              "Plan Rows": 4,
                              "Plan Width": 86,
                              "Actual Startup Time": 0.000,
                              "Actual Total Time": 0.000,
                              "Actual Rows": 0,
                              "Actual Loops": 0,
                              "Filter": "((ct_kind)::text = 'production companies'::text)",
                              "Rows Removed by Filter": 0
                            }
                          ]
                        }
                      ]
                    }
                  ]
                }
              ]
            }
          ]
        }
      ]
    },
    "Planning Time": 0.286,
    "Triggers": [
    ],
    "Execution Time": 301.360
  }
]
