[
  {
    "Plan": {
      "Node Type": "Hash Join",
      "Parallel Aware": false,
      "Join Type": "Inner",
      "Startup Cost": 41089.99,
      "Total Cost": 136937.80,
      "Plan Rows": 47,
      "Plan Width": 214,
      "Actual Startup Time": 883.483,
      "Actual Total Time": 1264.215,
      "Actual Rows": 41212,
      "Actual Loops": 1,
      "Hash Cond": "(t.t_id = mi_idx.mii_movie_id)",
      "Plans": [
        {
          "Node Type": "Hash Join",
          "Parent Relationship": "Outer",
          "Parallel Aware": false,
          "Join Type": "Inner",
          "Startup Cost": 22.88,
          "Total Cost": 95809.96,
          "Plan Rows": 12051,
          "Plan Width": 146,
          "Actual Startup Time": 301.349,
          "Actual Total Time": 558.465,
          "Actual Rows": 303452,
          "Actual Loops": 1,
          "Hash Cond": "(t.t_kind_id = kt.kt_id)",
          "Plans": [
            {
              "Node Type": "Seq Scan",
              "Parent Relationship": "Outer",
              "Parallel Aware": false,
              "Relation Name": "title",
              "Alias": "t",
              "Startup Cost": 0.00,
              "Total Cost": 91057.10,
              "Plan Rows": 1229192,
              "Plan Width": 94,
              "Actual Startup Time": 0.007,
              "Actual Total Time": 435.250,
              "Actual Rows": 1231939,
              "Actual Loops": 1,
              "Filter": "(t_production_year > 2008)",
              "Rows Removed by Filter": 2171271
            },
            {
              "Node Type": "Hash",
              "Parent Relationship": "Inner",
              "Parallel Aware": false,
              "Startup Cost": 22.75,
              "Total Cost": 22.75,
              "Plan Rows": 10,
              "Plan Width": 52,
              "Actual Startup Time": 0.006,
              "Actual Total Time": 0.006,
              "Actual Rows": 1,
              "Actual Loops": 1,
              "Hash Buckets": 1024,
              "Original Hash Buckets": 1024,
              "Hash Batches": 1,
              "Original Hash Batches": 1,
              "Peak Memory Usage": 9,
              "Plans": [
                {
                  "Node Type": "Seq Scan",
                  "Parent Relationship": "Outer",
                  "Parallel Aware": false,
                  "Relation Name": "kind_type",
                  "Alias": "kt",
                  "Startup Cost": 0.00,
                  "Total Cost": 22.75,
                  "Plan Rows": 10,
                  "Plan Width": 52,
                  "Actual Startup Time": 0.004,
                  "Actual Total Time": 0.005,
                  "Actual Rows": 1,
                  "Actual Loops": 1,
                  "Filter": "((kt_kind)::text = ANY ('{movie,episode}'::text[]))",
                  "Rows Removed by Filter": 6
                }
              ]
            }
          ]
        },
        {
          "Node Type": "Hash",
          "Parent Relationship": "Inner",
          "Parallel Aware": false,
          "Startup Cost": 40900.04,
          "Total Cost": 40900.04,
          "Plan Rows": 13366,
          "Plan Width": 68,
          "Actual Startup Time": 548.581,
          "Actual Total Time": 548.581,
          "Actual Rows": 321541,
          "Actual Loops": 1,
          "Hash Buckets": 65536,
          "Original Hash Buckets": 16384,
          "Hash Batches": 8,
          "Original Hash Batches": 1,
          "Peak Memory Usage": 3585,
          "Plans": [
            {
              "Node Type": "Hash Join",
              "Parent Relationship": "Outer",
              "Parallel Aware": false,
              "Join Type": "Inner",
              "Startup Cost": 2.43,
              "Total Cost": 40900.04,
              "Plan Rows": 13366,
              "Plan Width": 68,
              "Actual Startup Time": 0.057,
              "Actual Total Time": 483.895,
              "Actual Rows": 321541,
              "Actual Loops": 1,
              "Hash Cond": "(mi_idx.mii_info_type_id = it2.it_id)",
              "Plans": [
                {
                  "Node Type": "Seq Scan",
                  "Parent Relationship": "Outer",
                  "Parallel Aware": false,
                  "Relation Name": "movie_info_idx",
                  "Alias": "mi_idx",
                  "Startup Cost": 0.00,
                  "Total Cost": 35100.04,
                  "Plan Rows": 1510379,
                  "Plan Width": 50,
                  "Actual Startup Time": 0.039,
                  "Actual Total Time": 352.661,
                  "Actual Rows": 1503065,
                  "Actual Loops": 1,
                  "Filter": "(mii_info < '7.0'::text)",
                  "Rows Removed by Filter": 420138
                },
                {
                  "Node Type": "Hash",
                  "Parent Relationship": "Inner",
                  "Parallel Aware": false,
                  "Startup Cost": 2.41,
                  "Total Cost": 2.41,
                  "Plan Rows": 1,
                  "Plan Width": 18,
                  "Actual Startup Time": 0.015,
                  "Actual Total Time": 0.015,
                  "Actual Rows": 1,
                  "Actual Loops": 1,
                  "Hash Buckets": 1024,
                  "Original Hash Buckets": 1024,
                  "Hash Batches": 1,
                  "Original Hash Batches": 1,
                  "Peak Memory Usage": 9,
                  "Plans": [
                    {
                      "Node Type": "Seq Scan",
                      "Parent Relationship": "Outer",
                      "Parallel Aware": false,
                      "Relation Name": "info_type",
                      "Alias": "it2",
                      "Startup Cost": 0.00,
                      "Total Cost": 2.41,
                      "Plan Rows": 1,
                      "Plan Width": 18,
                      "Actual Startup Time": 0.012,
                      "Actual Total Time": 0.014,
                      "Actual Rows": 1,
                      "Actual Loops": 1,
                      "Filter": "((it_info)::text = 'rating'::text)",
                      "Rows Removed by Filter": 112
                    }
                  ]
                }
              ]
            }
          ]
        }
      ]
    },
    "Planning Time": 0.331,
    "Triggers": [
    ],
    "Execution Time": 1265.550
  }
]
