[
  {
    "Plan": {
      "Node Type": "Hash Join",
      "Parallel Aware": false,
      "Join Type": "Inner",
      "Startup Cost": 108070.82,
      "Total Cost": 188051.59,
      "Plan Rows": 7060,
      "Plan Width": 347,
      "Actual Startup Time": 840.755,
      "Actual Total Time": 2224.758,
      "Actual Rows": 254809,
      "Actual Loops": 1,
      "Hash Cond": "(mc.mc_company_type_id = ct.ct_id)",
      "Plans": [
        {
          "Node Type": "Hash Join",
          "Parent Relationship": "Outer",
          "Parallel Aware": false,
          "Join Type": "Inner",
          "Startup Cost": 108044.84,
          "Total Cost": 187928.54,
          "Plan Rows": 7060,
          "Plan Width": 261,
          "Actual Startup Time": 840.741,
          "Actual Total Time": 2172.045,
          "Actual Rows": 254809,
          "Actual Loops": 1,
          "Hash Cond": "(mc.mc_company_id = cn.cn1_id)",
          "Plans": [
            {
              "Node Type": "Hash Join",
              "Parent Relationship": "Outer",
              "Parallel Aware": false,
              "Join Type": "Inner",
              "Startup Cost": 95960.59,
              "Total Cost": 173030.68,
              "Plan Rows": 13071,
              "Plan Width": 186,
              "Actual Startup Time": 759.630,
              "Actual Total Time": 1840.720,
              "Actual Rows": 401206,
              "Actual Loops": 1,
              "Hash Cond": "(mc.mc_movie_id = t.t_id)",
              "Plans": [
                {
                  "Node Type": "Seq Scan",
                  "Parent Relationship": "Outer",
                  "Parallel Aware": false,
                  "Relation Name": "movie_companies",
                  "Alias": "mc",
                  "Startup Cost": 0.00,
                  "Total Cost": 63095.09,
                  "Plan Rows": 3691809,
                  "Plan Width": 40,
                  "Actual Startup Time": 0.028,
                  "Actual Total Time": 279.845,
                  "Actual Rows": 3691809,
                  "Actual Loops": 1
                },
                {
                  "Node Type": "Hash",
                  "Parent Relationship": "Inner",
                  "Parallel Aware": false,
                  "Startup Cost": 95809.96,
                  "Total Cost": 95809.96,
                  "Plan Rows": 12051,
                  "Plan Width": 146,
                  "Actual Startup Time": 636.434,
                  "Actual Total Time": 636.434,
                  "Actual Rows": 303452,
                  "Actual Loops": 1,
                  "Hash Buckets": 32768,
                  "Original Hash Buckets": 16384,
                  "Hash Batches": 16,
                  "Original Hash Batches": 1,
                  "Peak Memory Usage": 3841,
                  "Plans": [
                    {
                      "Node Type": "Hash Join",
                      "Parent Relationship": "Outer",
                      "Parallel Aware": false,
                      "Join Type": "Inner",
                      "Startup Cost": 22.88,
                      "Total Cost": 95809.96,
                      "Plan Rows": 12051,
                      "Plan Width": 146,
                      "Actual Startup Time": 292.072,
                      "Actual Total Time": 549.361,
                      "Actual Rows": 303452,
                      "Actual Loops": 1,
                      "Hash Cond": "(t.t_kind_id = kt.kt_id)",
                      "Plans": [
                        {
                          "Node Type": "Seq Scan",
                          "Parent Relationship": "Outer",
                          "Parallel Aware": false,
                          "Relation Name": "title",
                          "Alias": "t",
                          "Startup Cost": 0.00,
                          "Total Cost": 91057.10,
                          "Plan Rows": 1229192,
                          "Plan Width": 94,
                          "Actual Startup Time": 0.008,
                          "Actual Total Time": 430.565,
                          "Actual Rows": 1231939,
                          "Actual Loops": 1,
                          "Filter": "(t_production_year > 2008)",
                          "Rows Removed by Filter": 2171271
                        },
                        {
                          "Node Type": "Hash",
                          "Parent Relationship": "Inner",
                          "Parallel Aware": false,
                          "Startup Cost": 22.75,
                          "Total Cost": 22.75,
                          "Plan Rows": 10,
                          "Plan Width": 52,
                          "Actual Startup Time": 0.020,
                          "Actual Total Time": 0.020,
                          "Actual Rows": 1,
                          "Actual Loops": 1,
                          "Hash Buckets": 1024,
                          "Original Hash Buckets": 1024,
                          "Hash Batches": 1,
                          "Original Hash Batches": 1,
                          "Peak Memory Usage": 9,
                          "Plans": [
                            {
                              "Node Type": "Seq Scan",
                              "Parent Relationship": "Outer",
                              "Parallel Aware": false,
                              "Relation Name": "kind_type",
                              "Alias": "kt",
                              "Startup Cost": 0.00,
                              "Total Cost": 22.75,
                              "Plan Rows": 10,
                              "Plan Width": 52,
                              "Actual Startup Time": 0.018,
                              "Actual Total Time": 0.019,
                              "Actual Rows": 1,
                              "Actual Loops": 1,
                              "Filter": "((kt_kind)::text = ANY ('{movie,episode}'::text[]))",
                              "Rows Removed by Filter": 6
                            }
                          ]
                        }
                      ]
                    }
                  ]
                }
              ]
            },
            {
              "Node Type": "Hash",
              "Parent Relationship": "Inner",
              "Parallel Aware": false,
              "Startup Cost": 8107.93,
              "Total Cost": 8107.93,
              "Plan Rows": 157785,
              "Plan Width": 75,
              "Actual Startup Time": 80.004,
              "Actual Total Time": 80.004,
              "Actual Rows": 158359,
              "Actual Loops": 1,
              "Hash Buckets": 65536,
              "Original Hash Buckets": 65536,
              "Hash Batches": 8,
              "Original Hash Batches": 8,
              "Peak Memory Usage": 2559,
              "Plans": [
                {
                  "Node Type": "Seq Scan",
                  "Parent Relationship": "Outer",
                  "Parallel Aware": false,
                  "Relation Name": "company_name",
                  "Alias": "cn",
                  "Startup Cost": 0.00,
                  "Total Cost": 8107.93,
                  "Plan Rows": 157785,
                  "Plan Width": 75,
                  "Actual Startup Time": 0.011,
                  "Actual Total Time": 56.241,
                  "Actual Rows": 158359,
                  "Actual Loops": 1,
                  "Filter": "(((cn1_country_code)::text < '[us]'::text) OR ((cn1_country_code)::text > '[us]'::text))",
                  "Rows Removed by Filter": 133770
                }
              ]
            }
          ]
        },
        {
          "Node Type": "Hash",
          "Parent Relationship": "Inner",
          "Parallel Aware": false,
          "Startup Cost": 17.10,
          "Total Cost": 17.10,
          "Plan Rows": 710,
          "Plan Width": 86,
          "Actual Startup Time": 0.009,
          "Actual Total Time": 0.009,
          "Actual Rows": 4,
          "Actual Loops": 1,
          "Hash Buckets": 1024,
          "Original Hash Buckets": 1024,
          "Hash Batches": 1,
          "Original Hash Batches": 1,
          "Peak Memory Usage": 9,
          "Plans": [
            {
              "Node Type": "Seq Scan",
              "Parent Relationship": "Outer",
              "Parallel Aware": false,
              "Relation Name": "company_type",
              "Alias": "ct",
              "Startup Cost": 0.00,
              "Total Cost": 17.10,
              "Plan Rows": 710,
              "Plan Width": 86,
              "Actual Startup Time": 0.006,
              "Actual Total Time": 0.007,
              "Actual Rows": 4,
              "Actual Loops": 1
            }
          ]
        }
      ]
    },
    "Planning Time": 0.642,
    "Triggers": [
    ],
    "Execution Time": 2232.209
  }
]
