[
  {
    "Plan": {
      "Node Type": "Hash Join",
      "Parallel Aware": false,
      "Join Type": "Inner",
      "Startup Cost": 107501.68,
      "Total Cost": 187361.95,
      "Plan Rows": 6237,
      "Plan Width": 347,
      "Actual Startup Time": 807.835,
      "Actual Total Time": 2106.999,
      "Actual Rows": 218430,
      "Actual Loops": 1,
      "Hash Cond": "(mc.mc_company_type_id = ct.ct_id)",
      "Plans": [
        {
          "Node Type": "Hash Join",
          "Parent Relationship": "Outer",
          "Parallel Aware": false,
          "Join Type": "Inner",
          "Startup Cost": 107475.70,
          "Total Cost": 187250.22,
          "Plan Rows": 6237,
          "Plan Width": 261,
          "Actual Startup Time": 807.824,
          "Actual Total Time": 2061.616,
          "Actual Rows": 218430,
          "Actual Loops": 1,
          "Hash Cond": "(mc.mc_company_id = cn.cn1_id)",
          "Plans": [
            {
              "Node Type": "Hash Join",
              "Parent Relationship": "Outer",
              "Parallel Aware": false,
              "Join Type": "Inner",
              "Startup Cost": 95391.46,
              "Total Cost": 172446.30,
              "Plan Rows": 11547,
              "Plan Width": 186,
              "Actual Startup Time": 730.209,
              "Actual Total Time": 1766.017,
              "Actual Rows": 346927,
              "Actual Loops": 1,
              "Hash Cond": "(mc.mc_movie_id = t.t_id)",
              "Plans": [
                {
                  "Node Type": "Seq Scan",
                  "Parent Relationship": "Outer",
                  "Parallel Aware": false,
                  "Relation Name": "movie_companies",
                  "Alias": "mc",
                  "Startup Cost": 0.00,
                  "Total Cost": 63095.09,
                  "Plan Rows": 3691809,
                  "Plan Width": 40,
                  "Actual Startup Time": 0.035,
                  "Actual Total Time": 274.236,
                  "Actual Rows": 3691809,
                  "Actual Loops": 1
                },
                {
                  "Node Type": "Hash",
                  "Parent Relationship": "Inner",
                  "Parallel Aware": false,
                  "Startup Cost": 95258.38,
                  "Total Cost": 95258.38,
                  "Plan Rows": 10646,
                  "Plan Width": 146,
                  "Actual Startup Time": 609.049,
                  "Actual Total Time": 609.049,
                  "Actual Rows": 272927,
                  "Actual Loops": 1,
                  "Hash Buckets": 32768,
                  "Original Hash Buckets": 16384,
                  "Hash Batches": 16,
                  "Original Hash Batches": 1,
                  "Peak Memory Usage": 3841,
                  "Plans": [
                    {
                      "Node Type": "Hash Join",
                      "Parent Relationship": "Outer",
                      "Parallel Aware": false,
                      "Join Type": "Inner",
                      "Startup Cost": 22.88,
                      "Total Cost": 95258.38,
                      "Plan Rows": 10646,
                      "Plan Width": 146,
                      "Actual Startup Time": 283.706,
                      "Actual Total Time": 530.083,
                      "Actual Rows": 272927,
                      "Actual Loops": 1,
                      "Hash Cond": "(t.t_kind_id = kt.kt_id)",
                      "Plans": [
                        {
                          "Node Type": "Seq Scan",
                          "Parent Relationship": "Outer",
                          "Parallel Aware": false,
                          "Relation Name": "title",
                          "Alias": "t",
                          "Startup Cost": 0.00,
                          "Total Cost": 91057.10,
                          "Plan Rows": 1085852,
                          "Plan Width": 94,
                          "Actual Startup Time": 0.010,
                          "Actual Total Time": 421.626,
                          "Actual Rows": 1087625,
                          "Actual Loops": 1,
                          "Filter": "(t_production_year > 2009)",
                          "Rows Removed by Filter": 2315585
                        },
                        {
                          "Node Type": "Hash",
                          "Parent Relationship": "Inner",
                          "Parallel Aware": false,
                          "Startup Cost": 22.75,
                          "Total Cost": 22.75,
                          "Plan Rows": 10,
                          "Plan Width": 52,
                          "Actual Startup Time": 0.010,
                          "Actual Total Time": 0.011,
                          "Actual Rows": 1,
                          "Actual Loops": 1,
                          "Hash Buckets": 1024,
                          "Original Hash Buckets": 1024,
                          "Hash Batches": 1,
                          "Original Hash Batches": 1,
                          "Peak Memory Usage": 9,
                          "Plans": [
                            {
                              "Node Type": "Seq Scan",
                              "Parent Relationship": "Outer",
                              "Parallel Aware": false,
                              "Relation Name": "kind_type",
                              "Alias": "kt",
                              "Startup Cost": 0.00,
                              "Total Cost": 22.75,
                              "Plan Rows": 10,
                              "Plan Width": 52,
                              "Actual Startup Time": 0.007,
                              "Actual Total Time": 0.009,
                              "Actual Rows": 1,
                              "Actual Loops": 1,
                              "Filter": "((kt_kind)::text = ANY ('{movie,episode}'::text[]))",
                              "Rows Removed by Filter": 6
                            }
                          ]
                        }
                      ]
                    }
                  ]
                }
              ]
            },
            {
              "Node Type": "Hash",
              "Parent Relationship": "Inner",
              "Parallel Aware": false,
              "Startup Cost": 8107.93,
              "Total Cost": 8107.93,
              "Plan Rows": 157785,
              "Plan Width": 75,
              "Actual Startup Time": 76.585,
              "Actual Total Time": 76.585,
              "Actual Rows": 158359,
              "Actual Loops": 1,
              "Hash Buckets": 65536,
              "Original Hash Buckets": 65536,
              "Hash Batches": 8,
              "Original Hash Batches": 8,
              "Peak Memory Usage": 2559,
              "Plans": [
                {
                  "Node Type": "Seq Scan",
                  "Parent Relationship": "Outer",
                  "Parallel Aware": false,
                  "Relation Name": "company_name",
                  "Alias": "cn",
                  "Startup Cost": 0.00,
                  "Total Cost": 8107.93,
                  "Plan Rows": 157785,
                  "Plan Width": 75,
                  "Actual Startup Time": 0.007,
                  "Actual Total Time": 53.638,
                  "Actual Rows": 158359,
                  "Actual Loops": 1,
                  "Filter": "(((cn1_country_code)::text < '[us]'::text) OR ((cn1_country_code)::text > '[us]'::text))",
                  "Rows Removed by Filter": 133770
                }
              ]
            }
          ]
        },
        {
          "Node Type": "Hash",
          "Parent Relationship": "Inner",
          "Parallel Aware": false,
          "Startup Cost": 17.10,
          "Total Cost": 17.10,
          "Plan Rows": 710,
          "Plan Width": 86,
          "Actual Startup Time": 0.006,
          "Actual Total Time": 0.006,
          "Actual Rows": 4,
          "Actual Loops": 1,
          "Hash Buckets": 1024,
          "Original Hash Buckets": 1024,
          "Hash Batches": 1,
          "Original Hash Batches": 1,
          "Peak Memory Usage": 9,
          "Plans": [
            {
              "Node Type": "Seq Scan",
              "Parent Relationship": "Outer",
              "Parallel Aware": false,
              "Relation Name": "company_type",
              "Alias": "ct",
              "Startup Cost": 0.00,
              "Total Cost": 17.10,
              "Plan Rows": 710,
              "Plan Width": 86,
              "Actual Startup Time": 0.004,
              "Actual Total Time": 0.004,
              "Actual Rows": 4,
              "Actual Loops": 1
            }
          ]
        }
      ]
    },
    "Planning Time": 0.394,
    "Triggers": [
    ],
    "Execution Time": 2113.269
  }
]
