[
  {
    "Plan": {
      "Node Type": "Hash Join",
      "Parallel Aware": false,
      "Join Type": "Inner",
      "Startup Cost": 109668.80,
      "Total Cost": 189989.35,
      "Plan Rows": 9372,
      "Plan Width": 347,
      "Actual Startup Time": 900.829,
      "Actual Total Time": 2434.704,
      "Actual Rows": 343629,
      "Actual Loops": 1,
      "Hash Cond": "(mc.mc_company_type_id = ct.ct_id)",
      "Plans": [
        {
          "Node Type": "Hash Join",
          "Parent Relationship": "Outer",
          "Parallel Aware": false,
          "Join Type": "Inner",
          "Startup Cost": 109642.82,
          "Total Cost": 189834.51,
          "Plan Rows": 9372,
          "Plan Width": 261,
          "Actual Startup Time": 900.819,
          "Actual Total Time": 2363.236,
          "Actual Rows": 343629,
          "Actual Loops": 1,
          "Hash Cond": "(mc.mc_company_id = cn.cn1_id)",
          "Plans": [
            {
              "Node Type": "Hash Join",
              "Parent Relationship": "Outer",
              "Parallel Aware": false,
              "Join Type": "Inner",
              "Startup Cost": 97558.58,
              "Total Cost": 174671.47,
              "Plan Rows": 17352,
              "Plan Width": 186,
              "Actual Startup Time": 820.147,
              "Actual Total Time": 1954.413,
              "Actual Rows": 532839,
              "Actual Loops": 1,
              "Hash Cond": "(mc.mc_movie_id = t.t_id)",
              "Plans": [
                {
                  "Node Type": "Seq Scan",
                  "Parent Relationship": "Outer",
                  "Parallel Aware": false,
                  "Relation Name": "movie_companies",
                  "Alias": "mc",
                  "Startup Cost": 0.00,
                  "Total Cost": 63095.09,
                  "Plan Rows": 3691809,
                  "Plan Width": 40,
                  "Actual Startup Time": 0.030,
                  "Actual Total Time": 278.075,
                  "Actual Rows": 3691809,
                  "Actual Loops": 1
                },
                {
                  "Node Type": "Hash",
                  "Parent Relationship": "Inner",
                  "Parallel Aware": false,
                  "Startup Cost": 97358.61,
                  "Total Cost": 97358.61,
                  "Plan Rows": 15997,
                  "Plan Width": 146,
                  "Actual Startup Time": 696.078,
                  "Actual Total Time": 696.078,
                  "Actual Rows": 364451,
                  "Actual Loops": 1,
                  "Hash Buckets": 32768,
                  "Original Hash Buckets": 16384,
                  "Hash Batches": 16,
                  "Original Hash Batches": 1,
                  "Peak Memory Usage": 3841,
                  "Plans": [
                    {
                      "Node Type": "Hash Join",
                      "Parent Relationship": "Outer",
                      "Parallel Aware": false,
                      "Join Type": "Inner",
                      "Startup Cost": 22.88,
                      "Total Cost": 97358.61,
                      "Plan Rows": 15997,
                      "Plan Width": 146,
                      "Actual Startup Time": 313.614,
                      "Actual Total Time": 594.040,
                      "Actual Rows": 364451,
                      "Actual Loops": 1,
                      "Hash Cond": "(t.t_kind_id = kt.kt_id)",
                      "Plans": [
                        {
                          "Node Type": "Seq Scan",
                          "Parent Relationship": "Outer",
                          "Parallel Aware": false,
                          "Relation Name": "title",
                          "Alias": "t",
                          "Startup Cost": 0.00,
                          "Total Cost": 91057.10,
                          "Plan Rows": 1631645,
                          "Plan Width": 94,
                          "Actual Startup Time": 0.021,
                          "Actual Total Time": 441.303,
                          "Actual Rows": 1617190,
                          "Actual Loops": 1,
                          "Filter": "(t_production_year > 2005)",
                          "Rows Removed by Filter": 1786020
                        },
                        {
                          "Node Type": "Hash",
                          "Parent Relationship": "Inner",
                          "Parallel Aware": false,
                          "Startup Cost": 22.75,
                          "Total Cost": 22.75,
                          "Plan Rows": 10,
                          "Plan Width": 52,
                          "Actual Startup Time": 0.006,
                          "Actual Total Time": 0.006,
                          "Actual Rows": 1,
                          "Actual Loops": 1,
                          "Hash Buckets": 1024,
                          "Original Hash Buckets": 1024,
                          "Hash Batches": 1,
                          "Original Hash Batches": 1,
                          "Peak Memory Usage": 9,
                          "Plans": [
                            {
                              "Node Type": "Seq Scan",
                              "Parent Relationship": "Outer",
                              "Parallel Aware": false,
                              "Relation Name": "kind_type",
                              "Alias": "kt",
                              "Startup Cost": 0.00,
                              "Total Cost": 22.75,
                              "Plan Rows": 10,
                              "Plan Width": 52,
                              "Actual Startup Time": 0.005,
                              "Actual Total Time": 0.006,
                              "Actual Rows": 1,
                              "Actual Loops": 1,
                              "Filter": "((kt_kind)::text = ANY ('{movie,episode}'::text[]))",
                              "Rows Removed by Filter": 6
                            }
                          ]
                        }
                      ]
                    }
                  ]
                }
              ]
            },
            {
              "Node Type": "Hash",
              "Parent Relationship": "Inner",
              "Parallel Aware": false,
              "Startup Cost": 8107.93,
              "Total Cost": 8107.93,
              "Plan Rows": 157785,
              "Plan Width": 75,
              "Actual Startup Time": 79.629,
              "Actual Total Time": 79.629,
              "Actual Rows": 158359,
              "Actual Loops": 1,
              "Hash Buckets": 65536,
              "Original Hash Buckets": 65536,
              "Hash Batches": 8,
              "Original Hash Batches": 8,
              "Peak Memory Usage": 2559,
              "Plans": [
                {
                  "Node Type": "Seq Scan",
                  "Parent Relationship": "Outer",
                  "Parallel Aware": false,
                  "Relation Name": "company_name",
                  "Alias": "cn",
                  "Startup Cost": 0.00,
                  "Total Cost": 8107.93,
                  "Plan Rows": 157785,
                  "Plan Width": 75,
                  "Actual Startup Time": 0.007,
                  "Actual Total Time": 55.359,
                  "Actual Rows": 158359,
                  "Actual Loops": 1,
                  "Filter": "(((cn1_country_code)::text < '[us]'::text) OR ((cn1_country_code)::text > '[us]'::text))",
                  "Rows Removed by Filter": 133770
                }
              ]
            }
          ]
        },
        {
          "Node Type": "Hash",
          "Parent Relationship": "Inner",
          "Parallel Aware": false,
          "Startup Cost": 17.10,
          "Total Cost": 17.10,
          "Plan Rows": 710,
          "Plan Width": 86,
          "Actual Startup Time": 0.005,
          "Actual Total Time": 0.005,
          "Actual Rows": 4,
          "Actual Loops": 1,
          "Hash Buckets": 1024,
          "Original Hash Buckets": 1024,
          "Hash Batches": 1,
          "Original Hash Batches": 1,
          "Peak Memory Usage": 9,
          "Plans": [
            {
              "Node Type": "Seq Scan",
              "Parent Relationship": "Outer",
              "Parallel Aware": false,
              "Relation Name": "company_type",
              "Alias": "ct",
              "Startup Cost": 0.00,
              "Total Cost": 17.10,
              "Plan Rows": 710,
              "Plan Width": 86,
              "Actual Startup Time": 0.004,
              "Actual Total Time": 0.004,
              "Actual Rows": 4,
              "Actual Loops": 1
            }
          ]
        }
      ]
    },
    "Planning Time": 0.369,
    "Triggers": [
    ],
    "Execution Time": 2444.630
  }
]
