[
  {
    "Plan": {
      "Node Type": "Hash Join",
      "Parallel Aware": false,
      "Join Type": "Inner",
      "Startup Cost": 105349.13,
      "Total Cost": 219396.91,
      "Plan Rows": 17054,
      "Plan Width": 184,
      "Actual Startup Time": 1105.871,
      "Actual Total Time": 3439.146,
      "Actual Rows": 1349381,
      "Actual Loops": 1,
      "Hash Cond": "(mk.mk_keyword_id = k.k_id)",
      "Plans": [
        {
          "Node Type": "Hash Join",
          "Parent Relationship": "Outer",
          "Parallel Aware": false,
          "Join Type": "Inner",
          "Startup Cost": 98920.69,
          "Total Cost": 210762.98,
          "Plan Rows": 17054,
          "Plan Width": 158,
          "Actual Startup Time": 1071.859,
          "Actual Total Time": 2650.705,
          "Actual Rows": 1349381,
          "Actual Loops": 1,
          "Hash Cond": "(mk.mk_movie_id = t.t_id)",
          "Plans": [
            {
              "Node Type": "Seq Scan",
              "Parent Relationship": "Outer",
              "Parallel Aware": false,
              "Relation Name": "movie_keyword",
              "Alias": "mk",
              "Startup Cost": 0.00,
              "Total Cost": 89810.27,
              "Plan Rows": 5829727,
              "Plan Width": 12,
              "Actual Startup Time": 0.030,
              "Actual Total Time": 434.021,
              "Actual Rows": 5829736,
              "Actual Loops": 1
            },
            {
              "Node Type": "Hash",
              "Parent Relationship": "Inner",
              "Parallel Aware": false,
              "Startup Cost": 98796.23,
              "Total Cost": 98796.23,
              "Plan Rows": 9957,
              "Plan Width": 146,
              "Actual Startup Time": 799.952,
              "Actual Total Time": 799.952,
              "Actual Rows": 426358,
              "Actual Loops": 1,
              "Hash Buckets": 32768,
              "Original Hash Buckets": 16384,
              "Hash Batches": 16,
              "Original Hash Batches": 1,
              "Peak Memory Usage": 3841,
              "Plans": [
                {
                  "Node Type": "Hash Join",
                  "Parent Relationship": "Outer",
                  "Parallel Aware": false,
                  "Join Type": "Inner",
                  "Startup Cost": 22.81,
                  "Total Cost": 98796.23,
                  "Plan Rows": 9957,
                  "Plan Width": 146,
                  "Actual Startup Time": 346.179,
                  "Actual Total Time": 671.935,
                  "Actual Rows": 426358,
                  "Actual Loops": 1,
                  "Hash Cond": "(t.t_kind_id = kt.kt_id)",
                  "Plans": [
                    {
                      "Node Type": "Seq Scan",
                      "Parent Relationship": "Outer",
                      "Parallel Aware": false,
                      "Relation Name": "title",
                      "Alias": "t",
                      "Startup Cost": 0.00,
                      "Total Cost": 91057.10,
                      "Plan Rows": 2031132,
                      "Plan Width": 94,
                      "Actual Startup Time": 0.008,
                      "Actual Total Time": 477.947,
                      "Actual Rows": 2027079,
                      "Actual Loops": 1,
                      "Filter": "(t_production_year > 2000)",
                      "Rows Removed by Filter": 1376131
                    },
                    {
                      "Node Type": "Hash",
                      "Parent Relationship": "Inner",
                      "Parallel Aware": false,
                      "Startup Cost": 22.75,
                      "Total Cost": 22.75,
                      "Plan Rows": 5,
                      "Plan Width": 52,
                      "Actual Startup Time": 0.006,
                      "Actual Total Time": 0.006,
                      "Actual Rows": 1,
                      "Actual Loops": 1,
                      "Hash Buckets": 1024,
                      "Original Hash Buckets": 1024,
                      "Hash Batches": 1,
                      "Original Hash Batches": 1,
                      "Peak Memory Usage": 9,
                      "Plans": [
                        {
                          "Node Type": "Seq Scan",
                          "Parent Relationship": "Outer",
                          "Parallel Aware": false,
                          "Relation Name": "kind_type",
                          "Alias": "kt",
                          "Startup Cost": 0.00,
                          "Total Cost": 22.75,
                          "Plan Rows": 5,
                          "Plan Width": 52,
                          "Actual Startup Time": 0.004,
                          "Actual Total Time": 0.005,
                          "Actual Rows": 1,
                          "Actual Loops": 1,
                          "Filter": "((kt_kind)::text = 'movie'::text)",
                          "Rows Removed by Filter": 6
                        }
                      ]
                    }
                  ]
                }
              ]
            }
          ]
        },
        {
          "Node Type": "Hash",
          "Parent Relationship": "Inner",
          "Parallel Aware": false,
          "Startup Cost": 3027.42,
          "Total Cost": 3027.42,
          "Plan Rows": 175842,
          "Plan Width": 26,
          "Actual Startup Time": 33.947,
          "Actual Total Time": 33.948,
          "Actual Rows": 175842,
          "Actual Loops": 1,
          "Hash Buckets": 65536,
          "Original Hash Buckets": 65536,
          "Hash Batches": 4,
          "Original Hash Batches": 4,
          "Peak Memory Usage": 3069,
          "Plans": [
            {
              "Node Type": "Seq Scan",
              "Parent Relationship": "Outer",
              "Parallel Aware": false,
              "Relation Name": "keyword",
              "Alias": "k",
              "Startup Cost": 0.00,
              "Total Cost": 3027.42,
              "Plan Rows": 175842,
              "Plan Width": 26,
              "Actual Startup Time": 0.006,
              "Actual Total Time": 12.314,
              "Actual Rows": 175842,
              "Actual Loops": 1
            }
          ]
        }
      ]
    },
    "Planning Time": 0.260,
    "Triggers": [
    ],
    "Execution Time": 3478.045
  }
]
