[
  {
    "Plan": {
      "Node Type": "Hash Join",
      "Parallel Aware": false,
      "Join Type": "Inner",
      "Startup Cost": 109097.84,
      "Total Cost": 188250.33,
      "Plan Rows": 4068,
      "Plan Width": 347,
      "Actual Startup Time": 954.233,
      "Actual Total Time": 2594.369,
      "Actual Rows": 220406,
      "Actual Loops": 1,
      "Hash Cond": "(mc.mc_company_type_id = ct.ct_id)",
      "Plans": [
        {
          "Node Type": "Hash Join",
          "Parent Relationship": "Outer",
          "Parallel Aware": false,
          "Join Type": "Inner",
          "Startup Cost": 109071.87,
          "Total Cost": 188168.42,
          "Plan Rows": 4068,
          "Plan Width": 261,
          "Actual Startup Time": 954.222,
          "Actual Total Time": 2543.066,
          "Actual Rows": 220406,
          "Actual Loops": 1,
          "Hash Cond": "(mc.mc_company_id = cn.cn1_id)",
          "Plans": [
            {
              "Node Type": "Hash Join",
              "Parent Relationship": "Outer",
              "Parallel Aware": false,
              "Join Type": "Inner",
              "Startup Cost": 98920.69,
              "Total Cost": 175968.06,
              "Plan Rows": 10800,
              "Plan Width": 186,
              "Actual Startup Time": 896.814,
              "Actual Total Time": 2112.359,
              "Actual Rows": 677207,
              "Actual Loops": 1,
              "Hash Cond": "(mc.mc_movie_id = t.t_id)",
              "Plans": [
                {
                  "Node Type": "Seq Scan",
                  "Parent Relationship": "Outer",
                  "Parallel Aware": false,
                  "Relation Name": "movie_companies",
                  "Alias": "mc",
                  "Startup Cost": 0.00,
                  "Total Cost": 63095.09,
                  "Plan Rows": 3691809,
                  "Plan Width": 40,
                  "Actual Startup Time": 0.028,
                  "Actual Total Time": 276.801,
                  "Actual Rows": 3691809,
                  "Actual Loops": 1
                },
                {
                  "Node Type": "Hash",
                  "Parent Relationship": "Inner",
                  "Parallel Aware": false,
                  "Startup Cost": 98796.23,
                  "Total Cost": 98796.23,
                  "Plan Rows": 9957,
                  "Plan Width": 146,
                  "Actual Startup Time": 774.765,
                  "Actual Total Time": 774.765,
                  "Actual Rows": 426358,
                  "Actual Loops": 1,
                  "Hash Buckets": 32768,
                  "Original Hash Buckets": 16384,
                  "Hash Batches": 16,
                  "Original Hash Batches": 1,
                  "Peak Memory Usage": 3841,
                  "Plans": [
                    {
                      "Node Type": "Hash Join",
                      "Parent Relationship": "Outer",
                      "Parallel Aware": false,
                      "Join Type": "Inner",
                      "Startup Cost": 22.81,
                      "Total Cost": 98796.23,
                      "Plan Rows": 9957,
                      "Plan Width": 146,
                      "Actual Startup Time": 346.949,
                      "Actual Total Time": 654.122,
                      "Actual Rows": 426358,
                      "Actual Loops": 1,
                      "Hash Cond": "(t.t_kind_id = kt.kt_id)",
                      "Plans": [
                        {
                          "Node Type": "Seq Scan",
                          "Parent Relationship": "Outer",
                          "Parallel Aware": false,
                          "Relation Name": "title",
                          "Alias": "t",
                          "Startup Cost": 0.00,
                          "Total Cost": 91057.10,
                          "Plan Rows": 2031132,
                          "Plan Width": 94,
                          "Actual Startup Time": 0.007,
                          "Actual Total Time": 467.095,
                          "Actual Rows": 2027079,
                          "Actual Loops": 1,
                          "Filter": "(t_production_year > 2000)",
                          "Rows Removed by Filter": 1376131
                        },
                        {
                          "Node Type": "Hash",
                          "Parent Relationship": "Inner",
                          "Parallel Aware": false,
                          "Startup Cost": 22.75,
                          "Total Cost": 22.75,
                          "Plan Rows": 5,
                          "Plan Width": 52,
                          "Actual Startup Time": 0.005,
                          "Actual Total Time": 0.005,
                          "Actual Rows": 1,
                          "Actual Loops": 1,
                          "Hash Buckets": 1024,
                          "Original Hash Buckets": 1024,
                          "Hash Batches": 1,
                          "Original Hash Batches": 1,
                          "Peak Memory Usage": 9,
                          "Plans": [
                            {
                              "Node Type": "Seq Scan",
                              "Parent Relationship": "Outer",
                              "Parallel Aware": false,
                              "Relation Name": "kind_type",
                              "Alias": "kt",
                              "Startup Cost": 0.00,
                              "Total Cost": 22.75,
                              "Plan Rows": 5,
                              "Plan Width": 52,
                              "Actual Startup Time": 0.004,
                              "Actual Total Time": 0.004,
                              "Actual Rows": 1,
                              "Actual Loops": 1,
                              "Filter": "((kt_kind)::text = 'movie'::text)",
                              "Rows Removed by Filter": 6
                            }
                          ]
                        }
                      ]
                    }
                  ]
                }
              ]
            },
            {
              "Node Type": "Hash",
              "Parent Relationship": "Inner",
              "Parallel Aware": false,
              "Startup Cost": 7377.61,
              "Total Cost": 7377.61,
              "Plan Rows": 110045,
              "Plan Width": 75,
              "Actual Startup Time": 57.377,
              "Actual Total Time": 57.377,
              "Actual Rows": 110294,
              "Actual Loops": 1,
              "Hash Buckets": 65536,
              "Original Hash Buckets": 65536,
              "Hash Batches": 4,
              "Original Hash Batches": 4,
              "Peak Memory Usage": 3361,
              "Plans": [
                {
                  "Node Type": "Seq Scan",
                  "Parent Relationship": "Outer",
                  "Parallel Aware": false,
                  "Relation Name": "company_name",
                  "Alias": "cn",
                  "Startup Cost": 0.00,
                  "Total Cost": 7377.61,
                  "Plan Rows": 110045,
                  "Plan Width": 75,
                  "Actual Startup Time": 0.005,
                  "Actual Total Time": 38.853,
                  "Actual Rows": 110294,
                  "Actual Loops": 1,
                  "Filter": "((cn1_country_code)::text = '[us]'::text)",
                  "Rows Removed by Filter": 181835
                }
              ]
            }
          ]
        },
        {
          "Node Type": "Hash",
          "Parent Relationship": "Inner",
          "Parallel Aware": false,
          "Startup Cost": 17.10,
          "Total Cost": 17.10,
          "Plan Rows": 710,
          "Plan Width": 86,
          "Actual Startup Time": 0.006,
          "Actual Total Time": 0.006,
          "Actual Rows": 4,
          "Actual Loops": 1,
          "Hash Buckets": 1024,
          "Original Hash Buckets": 1024,
          "Hash Batches": 1,
          "Original Hash Batches": 1,
          "Peak Memory Usage": 9,
          "Plans": [
            {
              "Node Type": "Seq Scan",
              "Parent Relationship": "Outer",
              "Parallel Aware": false,
              "Relation Name": "company_type",
              "Alias": "ct",
              "Startup Cost": 0.00,
              "Total Cost": 17.10,
              "Plan Rows": 710,
              "Plan Width": 86,
              "Actual Startup Time": 0.004,
              "Actual Total Time": 0.004,
              "Actual Rows": 4,
              "Actual Loops": 1
            }
          ]
        }
      ]
    },
    "Planning Time": 0.385,
    "Triggers": [
    ],
    "Execution Time": 2601.452
  }
]
