[
  {
    "Plan": {
      "Node Type": "Hash Join",
      "Parallel Aware": false,
      "Join Type": "Inner",
      "Startup Cost": 2678.24,
      "Total Cost": 101369.32,
      "Plan Rows": 6,
      "Plan Width": 248,
      "Actual Startup Time": 585.857,
      "Actual Total Time": 1035.207,
      "Actual Rows": 6234,
      "Actual Loops": 1,
      "Hash Cond": "(t.t_kind_id = kt.kt_id)",
      "Plans": [
        {
          "Node Type": "Hash Join",
          "Parent Relationship": "Outer",
          "Parallel Aware": false,
          "Join Type": "Inner",
          "Startup Cost": 2655.43,
          "Total Cost": 101341.76,
          "Plan Rows": 1249,
          "Plan Width": 196,
          "Actual Startup Time": 62.598,
          "Actual Total Time": 1031.437,
          "Actual Rows": 37874,
          "Actual Loops": 1,
          "Hash Cond": "(t.t_id = cc.cc_movie_id)",
          "Plans": [
            {
              "Node Type": "Seq Scan",
              "Parent Relationship": "Outer",
              "Parallel Aware": false,
              "Relation Name": "title",
              "Alias": "t",
              "Startup Cost": 0.00,
              "Total Cost": 91057.10,
              "Plan Rows": 2031132,
              "Plan Width": 94,
              "Actual Startup Time": 0.005,
              "Actual Total Time": 469.932,
              "Actual Rows": 2027079,
              "Actual Loops": 1,
              "Filter": "(t_production_year > 2000)",
              "Rows Removed by Filter": 1376131
            },
            {
              "Node Type": "Hash",
              "Parent Relationship": "Inner",
              "Parallel Aware": false,
              "Startup Cost": 2629.26,
              "Total Cost": 2629.26,
              "Plan Rows": 2093,
              "Plan Width": 102,
              "Actual Startup Time": 62.387,
              "Actual Total Time": 62.387,
              "Actual Rows": 135086,
              "Actual Loops": 1,
              "Hash Buckets": 65536,
              "Original Hash Buckets": 4096,
              "Hash Batches": 4,
              "Original Hash Batches": 1,
              "Peak Memory Usage": 3585,
              "Plans": [
                {
                  "Node Type": "Hash Join",
                  "Parent Relationship": "Outer",
                  "Parallel Aware": false,
                  "Join Type": "Inner",
                  "Startup Cost": 19.90,
                  "Total Cost": 2629.26,
                  "Plan Rows": 2093,
                  "Plan Width": 102,
                  "Actual Startup Time": 0.011,
                  "Actual Total Time": 36.940,
                  "Actual Rows": 135086,
                  "Actual Loops": 1,
                  "Hash Cond": "(cc.cc_subject_id = cct1.cct_id)",
                  "Plans": [
                    {
                      "Node Type": "Seq Scan",
                      "Parent Relationship": "Outer",
                      "Parallel Aware": false,
                      "Relation Name": "complete_cast",
                      "Alias": "cc",
                      "Startup Cost": 0.00,
                      "Total Cost": 2081.86,
                      "Plan Rows": 135086,
                      "Plan Width": 16,
                      "Actual Startup Time": 0.004,
                      "Actual Total Time": 8.619,
                      "Actual Rows": 135086,
                      "Actual Loops": 1
                    },
                    {
                      "Node Type": "Hash",
                      "Parent Relationship": "Inner",
                      "Parallel Aware": false,
                      "Startup Cost": 19.76,
                      "Total Cost": 19.76,
                      "Plan Rows": 11,
                      "Plan Width": 86,
                      "Actual Startup Time": 0.004,
                      "Actual Total Time": 0.004,
                      "Actual Rows": 3,
                      "Actual Loops": 1,
                      "Hash Buckets": 1024,
                      "Original Hash Buckets": 1024,
                      "Hash Batches": 1,
                      "Original Hash Batches": 1,
                      "Peak Memory Usage": 9,
                      "Plans": [
                        {
                          "Node Type": "Seq Scan",
                          "Parent Relationship": "Outer",
                          "Parallel Aware": false,
                          "Relation Name": "comp_cast_type",
                          "Alias": "cct1",
                          "Startup Cost": 0.00,
                          "Total Cost": 19.76,
                          "Plan Rows": 11,
                          "Plan Width": 86,
                          "Actual Startup Time": 0.002,
                          "Actual Total Time": 0.004,
                          "Actual Rows": 3,
                          "Actual Loops": 1,
                          "Filter": "((cct_kind)::text = ANY ('{cast,crew,complete+verified}'::text[]))",
                          "Rows Removed by Filter": 1
                        }
                      ]
                    }
                  ]
                }
              ]
            }
          ]
        },
        {
          "Node Type": "Hash",
          "Parent Relationship": "Inner",
          "Parallel Aware": false,
          "Startup Cost": 22.75,
          "Total Cost": 22.75,
          "Plan Rows": 5,
          "Plan Width": 52,
          "Actual Startup Time": 0.007,
          "Actual Total Time": 0.007,
          "Actual Rows": 1,
          "Actual Loops": 1,
          "Hash Buckets": 1024,
          "Original Hash Buckets": 1024,
          "Hash Batches": 1,
          "Original Hash Batches": 1,
          "Peak Memory Usage": 9,
          "Plans": [
            {
              "Node Type": "Seq Scan",
              "Parent Relationship": "Outer",
              "Parallel Aware": false,
              "Relation Name": "kind_type",
              "Alias": "kt",
              "Startup Cost": 0.00,
              "Total Cost": 22.75,
              "Plan Rows": 5,
              "Plan Width": 52,
              "Actual Startup Time": 0.005,
              "Actual Total Time": 0.006,
              "Actual Rows": 1,
              "Actual Loops": 1,
              "Filter": "((kt_kind)::text = 'movie'::text)",
              "Rows Removed by Filter": 6
            }
          ]
        }
      ]
    },
    "Planning Time": 0.226,
    "Triggers": [
    ],
    "Execution Time": 1035.529
  }
]
