[
  {
    "Plan": {
      "Node Type": "Hash Join",
      "Parallel Aware": false,
      "Join Type": "Inner",
      "Startup Cost": 112521.49,
      "Total Cost": 253492.41,
      "Plan Rows": 19560,
      "Plan Width": 347,
      "Actual Startup Time": 1128.362,
      "Actual Total Time": 3345.321,
      "Actual Rows": 448058,
      "Actual Loops": 1,
      "Hash Cond": "(mc.mc_company_type_id = ct.ct_id)",
      "Plans": [
        {
          "Node Type": "Hash Join",
          "Parent Relationship": "Outer",
          "Parallel Aware": false,
          "Join Type": "Inner",
          "Startup Cost": 112495.51,
          "Total Cost": 253197.48,
          "Plan Rows": 19560,
          "Plan Width": 261,
          "Actual Startup Time": 1128.347,
          "Actual Total Time": 3240.368,
          "Actual Rows": 448058,
          "Actual Loops": 1,
          "Hash Cond": "(mc.mc_company_id = cn.cn1_id)",
          "Plans": [
            {
              "Node Type": "Hash Join",
              "Parent Relationship": "Outer",
              "Parallel Aware": false,
              "Join Type": "Inner",
              "Startup Cost": 102344.34,
              "Total Cost": 238517.97,
              "Plan Rows": 51926,
              "Plan Width": 186,
              "Actual Startup Time": 1073.636,
              "Actual Total Time": 2526.089,
              "Actual Rows": 1212905,
              "Actual Loops": 1,
              "Hash Cond": "(mc.mc_movie_id = t.t_id)",
              "Plans": [
                {
                  "Node Type": "Seq Scan",
                  "Parent Relationship": "Outer",
                  "Parallel Aware": false,
                  "Relation Name": "movie_companies",
                  "Alias": "mc",
                  "Startup Cost": 0.00,
                  "Total Cost": 63095.09,
                  "Plan Rows": 3691809,
                  "Plan Width": 40,
                  "Actual Startup Time": 0.013,
                  "Actual Total Time": 283.691,
                  "Actual Rows": 3691809,
                  "Actual Loops": 1
                },
                {
                  "Node Type": "Hash",
                  "Parent Relationship": "Inner",
                  "Parallel Aware": false,
                  "Startup Cost": 100716.94,
                  "Total Cost": 100716.94,
                  "Plan Rows": 47872,
                  "Plan Width": 146,
                  "Actual Startup Time": 937.515,
                  "Actual Total Time": 937.515,
                  "Actual Rows": 713861,
                  "Actual Loops": 1,
                  "Hash Buckets": 32768,
                  "Original Hash Buckets": 32768,
                  "Hash Batches": 32,
                  "Original Hash Batches": 4,
                  "Peak Memory Usage": 3841,
                  "Plans": [
                    {
                      "Node Type": "Hash Join",
                      "Parent Relationship": "Outer",
                      "Parallel Aware": false,
                      "Join Type": "Inner",
                      "Startup Cost": 25.55,
                      "Total Cost": 100716.94,
                      "Plan Rows": 47872,
                      "Plan Width": 146,
                      "Actual Startup Time": 367.668,
                      "Actual Total Time": 734.918,
                      "Actual Rows": 713861,
                      "Actual Loops": 1,
                      "Hash Cond": "(t.t_kind_id = kt.kt_id)",
                      "Plans": [
                        {
                          "Node Type": "Seq Scan",
                          "Parent Relationship": "Outer",
                          "Parallel Aware": false,
                          "Relation Name": "title",
                          "Alias": "t",
                          "Startup Cost": 0.00,
                          "Total Cost": 91057.10,
                          "Plan Rows": 2441485,
                          "Plan Width": 94,
                          "Actual Startup Time": 0.007,
                          "Actual Total Time": 476.978,
                          "Actual Rows": 2440187,
                          "Actual Loops": 1,
                          "Filter": "(t_production_year > 1990)",
                          "Rows Removed by Filter": 963023
                        },
                        {
                          "Node Type": "Hash",
                          "Parent Relationship": "Inner",
                          "Parallel Aware": false,
                          "Startup Cost": 25.30,
                          "Total Cost": 25.30,
                          "Plan Rows": 20,
                          "Plan Width": 52,
                          "Actual Startup Time": 0.006,
                          "Actual Total Time": 0.006,
                          "Actual Rows": 4,
                          "Actual Loops": 1,
                          "Hash Buckets": 1024,
                          "Original Hash Buckets": 1024,
                          "Hash Batches": 1,
                          "Original Hash Batches": 1,
                          "Peak Memory Usage": 9,
                          "Plans": [
                            {
                              "Node Type": "Seq Scan",
                              "Parent Relationship": "Outer",
                              "Parallel Aware": false,
                              "Relation Name": "kind_type",
                              "Alias": "kt",
                              "Startup Cost": 0.00,
                              "Total Cost": 25.30,
                              "Plan Rows": 20,
                              "Plan Width": 52,
                              "Actual Startup Time": 0.004,
                              "Actual Total Time": 0.005,
                              "Actual Rows": 4,
                              "Actual Loops": 1,
                              "Filter": "((kt_kind)::text = ANY ('{movie,\"tv movie\",\"video movie\",\"video game\"}'::text[]))",
                              "Rows Removed by Filter": 3
                            }
                          ]
                        }
                      ]
                    }
                  ]
                }
              ]
            },
            {
              "Node Type": "Hash",
              "Parent Relationship": "Inner",
              "Parallel Aware": false,
              "Startup Cost": 7377.61,
              "Total Cost": 7377.61,
              "Plan Rows": 110045,
              "Plan Width": 75,
              "Actual Startup Time": 54.552,
              "Actual Total Time": 54.552,
              "Actual Rows": 110294,
              "Actual Loops": 1,
              "Hash Buckets": 65536,
              "Original Hash Buckets": 65536,
              "Hash Batches": 4,
              "Original Hash Batches": 4,
              "Peak Memory Usage": 3361,
              "Plans": [
                {
                  "Node Type": "Seq Scan",
                  "Parent Relationship": "Outer",
                  "Parallel Aware": false,
                  "Relation Name": "company_name",
                  "Alias": "cn",
                  "Startup Cost": 0.00,
                  "Total Cost": 7377.61,
                  "Plan Rows": 110045,
                  "Plan Width": 75,
                  "Actual Startup Time": 0.009,
                  "Actual Total Time": 36.885,
                  "Actual Rows": 110294,
                  "Actual Loops": 1,
                  "Filter": "((cn1_country_code)::text = '[us]'::text)",
                  "Rows Removed by Filter": 181835
                }
              ]
            }
          ]
        },
        {
          "Node Type": "Hash",
          "Parent Relationship": "Inner",
          "Parallel Aware": false,
          "Startup Cost": 17.10,
          "Total Cost": 17.10,
          "Plan Rows": 710,
          "Plan Width": 86,
          "Actual Startup Time": 0.010,
          "Actual Total Time": 0.010,
          "Actual Rows": 4,
          "Actual Loops": 1,
          "Hash Buckets": 1024,
          "Original Hash Buckets": 1024,
          "Hash Batches": 1,
          "Original Hash Batches": 1,
          "Peak Memory Usage": 9,
          "Plans": [
            {
              "Node Type": "Seq Scan",
              "Parent Relationship": "Outer",
              "Parallel Aware": false,
              "Relation Name": "company_type",
              "Alias": "ct",
              "Startup Cost": 0.00,
              "Total Cost": 17.10,
              "Plan Rows": 710,
              "Plan Width": 86,
              "Actual Startup Time": 0.007,
              "Actual Total Time": 0.008,
              "Actual Rows": 4,
              "Actual Loops": 1
            }
          ]
        }
      ]
    },
    "Planning Time": 0.434,
    "Triggers": [
    ],
    "Execution Time": 3359.684
  }
]
