[
  {
    "Plan": {
      "Node Type": "Hash Join",
      "Parallel Aware": false,
      "Join Type": "Inner",
      "Startup Cost": 115360.84,
      "Total Cost": 211054.75,
      "Plan Rows": 27,
      "Plan Width": 132,
      "Actual Startup Time": 843.583,
      "Actual Total Time": 1365.707,
      "Actual Rows": 956,
      "Actual Loops": 1,
      "Hash Cond": "(t.t_id = mk.mk_movie_id)",
      "Plans": [
        {
          "Node Type": "Seq Scan",
          "Parent Relationship": "Outer",
          "Parallel Aware": false,
          "Relation Name": "title",
          "Alias": "t",
          "Startup Cost": 0.00,
          "Total Cost": 91057.10,
          "Plan Rows": 927308,
          "Plan Width": 94,
          "Actual Startup Time": 0.006,
          "Actual Total Time": 431.214,
          "Actual Rows": 927086,
          "Actual Loops": 1,
          "Filter": "(t_production_year > 2010)",
          "Rows Removed by Filter": 2476124
        },
        {
          "Node Type": "Hash",
          "Parent Relationship": "Inner",
          "Parallel Aware": false,
          "Startup Cost": 115359.60,
          "Total Cost": 115359.60,
          "Plan Rows": 99,
          "Plan Width": 38,
          "Actual Startup Time": 840.941,
          "Actual Total Time": 840.941,
          "Actual Rows": 9733,
          "Actual Loops": 1,
          "Hash Buckets": 16384,
          "Original Hash Buckets": 1024,
          "Hash Batches": 1,
          "Original Hash Batches": 1,
          "Peak Memory Usage": 751,
          "Plans": [
            {
              "Node Type": "Hash Join",
              "Parent Relationship": "Outer",
              "Parallel Aware": false,
              "Join Type": "Inner",
              "Startup Cost": 3686.86,
              "Total Cost": 115359.60,
              "Plan Rows": 99,
              "Plan Width": 38,
              "Actual Startup Time": 20.426,
              "Actual Total Time": 838.218,
              "Actual Rows": 9733,
              "Actual Loops": 1,
              "Hash Cond": "(mk.mk_keyword_id = k.k_id)",
              "Plans": [
                {
                  "Node Type": "Seq Scan",
                  "Parent Relationship": "Outer",
                  "Parallel Aware": false,
                  "Relation Name": "movie_keyword",
                  "Alias": "mk",
                  "Startup Cost": 0.00,
                  "Total Cost": 89810.27,
                  "Plan Rows": 5829727,
                  "Plan Width": 12,
                  "Actual Startup Time": 0.010,
                  "Actual Total Time": 398.281,
                  "Actual Rows": 5829736,
                  "Actual Loops": 1
                },
                {
                  "Node Type": "Hash",
                  "Parent Relationship": "Inner",
                  "Parallel Aware": false,
                  "Startup Cost": 3686.83,
                  "Total Cost": 3686.83,
                  "Plan Rows": 3,
                  "Plan Width": 26,
                  "Actual Startup Time": 19.979,
                  "Actual Total Time": 19.979,
                  "Actual Rows": 3,
                  "Actual Loops": 1,
                  "Hash Buckets": 1024,
                  "Original Hash Buckets": 1024,
                  "Hash Batches": 1,
                  "Original Hash Batches": 1,
                  "Peak Memory Usage": 9,
                  "Plans": [
                    {
                      "Node Type": "Seq Scan",
                      "Parent Relationship": "Outer",
                      "Parallel Aware": false,
                      "Relation Name": "keyword",
                      "Alias": "k",
                      "Startup Cost": 0.00,
                      "Total Cost": 3686.83,
                      "Plan Rows": 3,
                      "Plan Width": 26,
                      "Actual Startup Time": 0.011,
                      "Actual Total Time": 19.977,
                      "Actual Rows": 3,
                      "Actual Loops": 1,
                      "Filter": "(k_keyword = ANY ('{hero,martial-arts,hand-to-hand-combat}'::text[]))",
                      "Rows Removed by Filter": 175839
                    }
                  ]
                }
              ]
            }
          ]
        }
      ]
    },
    "Planning Time": 0.258,
    "Triggers": [
    ],
    "Execution Time": 1365.782
  }
]
