[
  {
    "Plan": {
      "Node Type": "Hash Join",
      "Parallel Aware": false,
      "Join Type": "Inner",
      "Startup Cost": 85047.61,
      "Total Cost": 179582.16,
      "Plan Rows": 4,
      "Plan Width": 209,
      "Actual Startup Time": 623.260,
      "Actual Total Time": 1019.881,
      "Actual Rows": 173,
      "Actual Loops": 1,
      "Hash Cond": "(t.t_id = mc.mc_movie_id)",
      "Plans": [
        {
          "Node Type": "Seq Scan",
          "Parent Relationship": "Outer",
          "Parallel Aware": false,
          "Relation Name": "title",
          "Alias": "t",
          "Startup Cost": 0.00,
          "Total Cost": 91057.10,
          "Plan Rows": 927308,
          "Plan Width": 94,
          "Actual Startup Time": 0.010,
          "Actual Total Time": 407.612,
          "Actual Rows": 927086,
          "Actual Loops": 1,
          "Filter": "(t_production_year > 2010)",
          "Rows Removed by Filter": 2476124
        },
        {
          "Node Type": "Hash",
          "Parent Relationship": "Inner",
          "Parallel Aware": false,
          "Startup Cost": 85047.45,
          "Total Cost": 85047.45,
          "Plan Rows": 13,
          "Plan Width": 115,
          "Actual Startup Time": 554.343,
          "Actual Total Time": 554.343,
          "Actual Rows": 317,
          "Actual Loops": 1,
          "Hash Buckets": 1024,
          "Original Hash Buckets": 1024,
          "Hash Batches": 1,
          "Original Hash Batches": 1,
          "Peak Memory Usage": 50,
          "Plans": [
            {
              "Node Type": "Hash Join",
              "Parent Relationship": "Outer",
              "Parallel Aware": false,
              "Join Type": "Inner",
              "Startup Cost": 8107.95,
              "Total Cost": 85047.45,
              "Plan Rows": 13,
              "Plan Width": 115,
              "Actual Startup Time": 56.709,
              "Actual Total Time": 554.238,
              "Actual Rows": 317,
              "Actual Loops": 1,
              "Hash Cond": "(mc.mc_company_id = cn.cn1_id)",
              "Plans": [
                {
                  "Node Type": "Seq Scan",
                  "Parent Relationship": "Outer",
                  "Parallel Aware": false,
                  "Relation Name": "movie_companies",
                  "Alias": "mc",
                  "Startup Cost": 0.00,
                  "Total Cost": 63095.09,
                  "Plan Rows": 3691809,
                  "Plan Width": 40,
                  "Actual Startup Time": 0.015,
                  "Actual Total Time": 255.935,
                  "Actual Rows": 3691809,
                  "Actual Loops": 1
                },
                {
                  "Node Type": "Hash",
                  "Parent Relationship": "Inner",
                  "Parallel Aware": false,
                  "Startup Cost": 8107.93,
                  "Total Cost": 8107.93,
                  "Plan Rows": 1,
                  "Plan Width": 75,
                  "Actual Startup Time": 33.639,
                  "Actual Total Time": 33.639,
                  "Actual Rows": 1,
                  "Actual Loops": 1,
                  "Hash Buckets": 1024,
                  "Original Hash Buckets": 1024,
                  "Hash Batches": 1,
                  "Original Hash Batches": 1,
                  "Peak Memory Usage": 9,
                  "Plans": [
                    {
                      "Node Type": "Seq Scan",
                      "Parent Relationship": "Outer",
                      "Parallel Aware": false,
                      "Relation Name": "company_name",
                      "Alias": "cn",
                      "Startup Cost": 0.00,
                      "Total Cost": 8107.93,
                      "Plan Rows": 1,
                      "Plan Width": 75,
                      "Actual Startup Time": 7.005,
                      "Actual Total Time": 33.635,
                      "Actual Rows": 1,
                      "Actual Loops": 1,
                      "Filter": "(((cn1_country_code)::text = '[us]'::text) AND (cn1_name = 'DreamWorks Animation'::text))",
                      "Rows Removed by Filter": 292128
                    }
                  ]
                }
              ]
            }
          ]
        }
      ]
    },
    "Planning Time": 0.343,
    "Triggers": [
    ],
    "Execution Time": 1019.944
  }
]
