[
  {
    "Plan": {
      "Node Type": "Hash Join",
      "Parallel Aware": false,
      "Join Type": "Inner",
      "Startup Cost": 115801.98,
      "Total Cost": 211115.25,
      "Plan Rows": 166,
      "Plan Width": 132,
      "Actual Startup Time": 906.552,
      "Actual Total Time": 1987.444,
      "Actual Rows": 73773,
      "Actual Loops": 1,
      "Hash Cond": "(t.t_id = mk.mk_movie_id)",
      "Plans": [
        {
          "Node Type": "Seq Scan",
          "Parent Relationship": "Outer",
          "Parallel Aware": false,
          "Relation Name": "title",
          "Alias": "t",
          "Startup Cost": 0.00,
          "Total Cost": 82548.08,
          "Plan Rows": 3403608,
          "Plan Width": 94,
          "Actual Startup Time": 0.006,
          "Actual Total Time": 319.310,
          "Actual Rows": 3403210,
          "Actual Loops": 1
        },
        {
          "Node Type": "Hash",
          "Parent Relationship": "Inner",
          "Parallel Aware": false,
          "Startup Cost": 115799.90,
          "Total Cost": 115799.90,
          "Plan Rows": 166,
          "Plan Width": 38,
          "Actual Startup Time": 906.444,
          "Actual Total Time": 906.444,
          "Actual Rows": 73773,
          "Actual Loops": 1,
          "Hash Buckets": 65536,
          "Original Hash Buckets": 1024,
          "Hash Batches": 2,
          "Original Hash Batches": 1,
          "Peak Memory Usage": 3585,
          "Plans": [
            {
              "Node Type": "Hash Join",
              "Parent Relationship": "Outer",
              "Parallel Aware": false,
              "Join Type": "Inner",
              "Startup Cost": 4126.49,
              "Total Cost": 115799.90,
              "Plan Rows": 166,
              "Plan Width": 38,
              "Actual Startup Time": 26.611,
              "Actual Total Time": 875.100,
              "Actual Rows": 73773,
              "Actual Loops": 1,
              "Hash Cond": "(mk.mk_keyword_id = k.k_id)",
              "Plans": [
                {
                  "Node Type": "Seq Scan",
                  "Parent Relationship": "Outer",
                  "Parallel Aware": false,
                  "Relation Name": "movie_keyword",
                  "Alias": "mk",
                  "Startup Cost": 0.00,
                  "Total Cost": 89810.27,
                  "Plan Rows": 5829727,
                  "Plan Width": 12,
                  "Actual Startup Time": 0.030,
                  "Actual Total Time": 406.842,
                  "Actual Rows": 5829736,
                  "Actual Loops": 1
                },
                {
                  "Node Type": "Hash",
                  "Parent Relationship": "Inner",
                  "Parallel Aware": false,
                  "Startup Cost": 4126.43,
                  "Total Cost": 4126.43,
                  "Plan Rows": 5,
                  "Plan Width": 26,
                  "Actual Startup Time": 26.532,
                  "Actual Total Time": 26.532,
                  "Actual Rows": 5,
                  "Actual Loops": 1,
                  "Hash Buckets": 1024,
                  "Original Hash Buckets": 1024,
                  "Hash Batches": 1,
                  "Original Hash Batches": 1,
                  "Peak Memory Usage": 9,
                  "Plans": [
                    {
                      "Node Type": "Seq Scan",
                      "Parent Relationship": "Outer",
                      "Parallel Aware": false,
                      "Relation Name": "keyword",
                      "Alias": "k",
                      "Startup Cost": 0.00,
                      "Total Cost": 4126.43,
                      "Plan Rows": 5,
                      "Plan Width": 26,
                      "Actual Startup Time": 0.775,
                      "Actual Total Time": 26.527,
                      "Actual Rows": 5,
                      "Actual Loops": 1,
                      "Filter": "(k_keyword = ANY ('{murder,blood,gore,death,female-nudity}'::text[]))",
                      "Rows Removed by Filter": 175837
                    }
                  ]
                }
              ]
            }
          ]
        }
      ]
    },
    "Planning Time": 0.194,
    "Triggers": [
    ],
    "Execution Time": 1989.862
  }
]
