[
  {
    "Plan": {
      "Node Type": "Hash Join",
      "Parallel Aware": false,
      "Join Type": "Inner",
      "Startup Cost": 307598.14,
      "Total Cost": 1507983.84,
      "Plan Rows": 176654,
      "Plan Width": 211,
      "Actual Startup Time": 3311.560,
      "Actual Total Time": 7872.196,
      "Actual Rows": 142145,
      "Actual Loops": 1,
      "Hash Cond": "(ci.ci_person_id = n.n_id)",
      "Plans": [
        {
          "Node Type": "Hash Join",
          "Parent Relationship": "Outer",
          "Parallel Aware": false,
          "Join Type": "Inner",
          "Startup Cost": 116232.45,
          "Total Cost": 1268306.84,
          "Plan Rows": 417555,
          "Plan Width": 136,
          "Actual Startup Time": 2019.922,
          "Actual Total Time": 6371.846,
          "Actual Rows": 365405,
          "Actual Loops": 1,
          "Hash Cond": "(ci.ci_movie_id = t.t_id)",
          "Plans": [
            {
              "Node Type": "Seq Scan",
              "Parent Relationship": "Outer",
              "Parallel Aware": false,
              "Relation Name": "cast_info",
              "Alias": "ci",
              "Startup Cost": 0.00,
              "Total Cost": 1101625.58,
              "Plan Rows": 1532602,
              "Plan Width": 42,
              "Actual Startup Time": 47.602,
              "Actual Total Time": 5242.936,
              "Actual Rows": 1504458,
              "Actual Loops": 1,
              "Filter": "(ci_note = ANY ('{(writer),\"(head writer)\",\"(written by)\",(story),\"(story editor)\"}'::text[]))",
              "Rows Removed by Filter": 45869499
            },
            {
              "Node Type": "Hash",
              "Parent Relationship": "Inner",
              "Parallel Aware": false,
              "Startup Cost": 91057.10,
              "Total Cost": 91057.10,
              "Plan Rows": 927308,
              "Plan Width": 94,
              "Actual Startup Time": 574.750,
              "Actual Total Time": 574.750,
              "Actual Rows": 927086,
              "Actual Loops": 1,
              "Hash Buckets": 32768,
              "Original Hash Buckets": 32768,
              "Hash Batches": 32,
              "Original Hash Batches": 32,
              "Peak Memory Usage": 3557,
              "Plans": [
                {
                  "Node Type": "Seq Scan",
                  "Parent Relationship": "Outer",
                  "Parallel Aware": false,
                  "Relation Name": "title",
                  "Alias": "t",
                  "Startup Cost": 0.00,
                  "Total Cost": 91057.10,
                  "Plan Rows": 927308,
                  "Plan Width": 94,
                  "Actual Startup Time": 0.007,
                  "Actual Total Time": 428.804,
                  "Actual Rows": 927086,
                  "Actual Loops": 1,
                  "Filter": "(t_production_year > 2010)",
                  "Rows Removed by Filter": 2476124
                }
              ]
            }
          ]
        },
        {
          "Node Type": "Hash",
          "Parent Relationship": "Inner",
          "Parallel Aware": false,
          "Startup Cost": 135508.69,
          "Total Cost": 135508.69,
          "Plan Rows": 2216960,
          "Plan Width": 75,
          "Actual Startup Time": 1072.898,
          "Actual Total Time": 1072.898,
          "Actual Rows": 2203740,
          "Actual Loops": 1,
          "Hash Buckets": 65536,
          "Original Hash Buckets": 65536,
          "Hash Batches": 128,
          "Original Hash Batches": 128,
          "Peak Memory Usage": 2366,
          "Plans": [
            {
              "Node Type": "Seq Scan",
              "Parent Relationship": "Outer",
              "Parallel Aware": false,
              "Relation Name": "name",
              "Alias": "n",
              "Startup Cost": 0.00,
              "Total Cost": 135508.69,
              "Plan Rows": 2216960,
              "Plan Width": 75,
              "Actual Startup Time": 0.022,
              "Actual Total Time": 698.581,
              "Actual Rows": 2203740,
              "Actual Loops": 1,
              "Filter": "((n_gender)::text = 'm'::text)",
              "Rows Removed by Filter": 3037120
            }
          ]
        }
      ]
    },
    "Planning Time": 0.250,
    "Triggers": [
    ],
    "Execution Time": 7876.635
  }
]
