[
  {
    "Plan": {
      "Node Type": "Hash Join",
      "Parallel Aware": false,
      "Join Type": "Inner",
      "Startup Cost": 116234.88,
      "Total Cost": 168003.30,
      "Plan Rows": 4637,
      "Plan Width": 162,
      "Actual Startup Time": 624.083,
      "Actual Total Time": 1369.569,
      "Actual Rows": 124160,
      "Actual Loops": 1,
      "Hash Cond": "(mi_idx.mii_movie_id = t.t_id)",
      "Plans": [
        {
          "Node Type": "Hash Join",
          "Parent Relationship": "Outer",
          "Parallel Aware": false,
          "Join Type": "Inner",
          "Startup Cost": 2.43,
          "Total Cost": 37676.66,
          "Plan Rows": 17019,
          "Plan Width": 68,
          "Actual Startup Time": 0.037,
          "Actual Total Time": 403.745,
          "Actual Rows": 640981,
          "Actual Loops": 1,
          "Hash Cond": "(mi_idx.mii_info_type_id = it2.it_id)",
          "Plans": [
            {
              "Node Type": "Seq Scan",
              "Parent Relationship": "Outer",
              "Parallel Aware": false,
              "Relation Name": "movie_info_idx",
              "Alias": "mi_idx",
              "Startup Cost": 0.00,
              "Total Cost": 30292.03,
              "Plan Rows": 1923203,
              "Plan Width": 50,
              "Actual Startup Time": 0.019,
              "Actual Total Time": 143.050,
              "Actual Rows": 1923203,
              "Actual Loops": 1
            },
            {
              "Node Type": "Hash",
              "Parent Relationship": "Inner",
              "Parallel Aware": false,
              "Startup Cost": 2.41,
              "Total Cost": 2.41,
              "Plan Rows": 1,
              "Plan Width": 18,
              "Actual Startup Time": 0.014,
              "Actual Total Time": 0.014,
              "Actual Rows": 1,
              "Actual Loops": 1,
              "Hash Buckets": 1024,
              "Original Hash Buckets": 1024,
              "Hash Batches": 1,
              "Original Hash Batches": 1,
              "Peak Memory Usage": 9,
              "Plans": [
                {
                  "Node Type": "Seq Scan",
                  "Parent Relationship": "Outer",
                  "Parallel Aware": false,
                  "Relation Name": "info_type",
                  "Alias": "it2",
                  "Startup Cost": 0.00,
                  "Total Cost": 2.41,
                  "Plan Rows": 1,
                  "Plan Width": 18,
                  "Actual Startup Time": 0.012,
                  "Actual Total Time": 0.014,
                  "Actual Rows": 1,
                  "Actual Loops": 1,
                  "Filter": "((it_info)::text = 'votes'::text)",
                  "Rows Removed by Filter": 112
                }
              ]
            }
          ]
        },
        {
          "Node Type": "Hash",
          "Parent Relationship": "Inner",
          "Parallel Aware": false,
          "Startup Cost": 91057.10,
          "Total Cost": 91057.10,
          "Plan Rows": 927308,
          "Plan Width": 94,
          "Actual Startup Time": 623.353,
          "Actual Total Time": 623.353,
          "Actual Rows": 927086,
          "Actual Loops": 1,
          "Hash Buckets": 32768,
          "Original Hash Buckets": 32768,
          "Hash Batches": 32,
          "Original Hash Batches": 32,
          "Peak Memory Usage": 3557,
          "Plans": [
            {
              "Node Type": "Seq Scan",
              "Parent Relationship": "Outer",
              "Parallel Aware": false,
              "Relation Name": "title",
              "Alias": "t",
              "Startup Cost": 0.00,
              "Total Cost": 91057.10,
              "Plan Rows": 927308,
              "Plan Width": 94,
              "Actual Startup Time": 0.004,
              "Actual Total Time": 462.459,
              "Actual Rows": 927086,
              "Actual Loops": 1,
              "Filter": "(t_production_year > 2010)",
              "Rows Removed by Filter": 2476124
            }
          ]
        }
      ]
    },
    "Planning Time": 0.189,
    "Triggers": [
    ],
    "Execution Time": 1373.349
  }
]
