[
  {
    "Plan": {
      "Node Type": "Hash Join",
      "Parallel Aware": false,
      "Join Type": "Inner",
      "Startup Cost": 115801.98,
      "Total Cost": 213814.34,
      "Plan Rows": 45,
      "Plan Width": 132,
      "Actual Startup Time": 882.271,
      "Actual Total Time": 1540.013,
      "Actual Rows": 9587,
      "Actual Loops": 1,
      "Hash Cond": "(t.t_id = mk.mk_movie_id)",
      "Plans": [
        {
          "Node Type": "Seq Scan",
          "Parent Relationship": "Outer",
          "Parallel Aware": false,
          "Relation Name": "title",
          "Alias": "t",
          "Startup Cost": 0.00,
          "Total Cost": 91057.10,
          "Plan Rows": 927308,
          "Plan Width": 94,
          "Actual Startup Time": 0.007,
          "Actual Total Time": 443.059,
          "Actual Rows": 927086,
          "Actual Loops": 1,
          "Filter": "(t_production_year > 2010)",
          "Rows Removed by Filter": 2476124
        },
        {
          "Node Type": "Hash",
          "Parent Relationship": "Inner",
          "Parallel Aware": false,
          "Startup Cost": 115799.90,
          "Total Cost": 115799.90,
          "Plan Rows": 166,
          "Plan Width": 38,
          "Actual Startup Time": 881.812,
          "Actual Total Time": 881.812,
          "Actual Rows": 73773,
          "Actual Loops": 1,
          "Hash Buckets": 65536,
          "Original Hash Buckets": 1024,
          "Hash Batches": 2,
          "Original Hash Batches": 1,
          "Peak Memory Usage": 3585,
          "Plans": [
            {
              "Node Type": "Hash Join",
              "Parent Relationship": "Outer",
              "Parallel Aware": false,
              "Join Type": "Inner",
              "Startup Cost": 4126.49,
              "Total Cost": 115799.90,
              "Plan Rows": 166,
              "Plan Width": 38,
              "Actual Startup Time": 24.771,
              "Actual Total Time": 863.122,
              "Actual Rows": 73773,
              "Actual Loops": 1,
              "Hash Cond": "(mk.mk_keyword_id = k.k_id)",
              "Plans": [
                {
                  "Node Type": "Seq Scan",
                  "Parent Relationship": "Outer",
                  "Parallel Aware": false,
                  "Relation Name": "movie_keyword",
                  "Alias": "mk",
                  "Startup Cost": 0.00,
                  "Total Cost": 89810.27,
                  "Plan Rows": 5829727,
                  "Plan Width": 12,
                  "Actual Startup Time": 0.019,
                  "Actual Total Time": 404.035,
                  "Actual Rows": 5829736,
                  "Actual Loops": 1
                },
                {
                  "Node Type": "Hash",
                  "Parent Relationship": "Inner",
                  "Parallel Aware": false,
                  "Startup Cost": 4126.43,
                  "Total Cost": 4126.43,
                  "Plan Rows": 5,
                  "Plan Width": 26,
                  "Actual Startup Time": 24.711,
                  "Actual Total Time": 24.711,
                  "Actual Rows": 5,
                  "Actual Loops": 1,
                  "Hash Buckets": 1024,
                  "Original Hash Buckets": 1024,
                  "Hash Batches": 1,
                  "Original Hash Batches": 1,
                  "Peak Memory Usage": 9,
                  "Plans": [
                    {
                      "Node Type": "Seq Scan",
                      "Parent Relationship": "Outer",
                      "Parallel Aware": false,
                      "Relation Name": "keyword",
                      "Alias": "k",
                      "Startup Cost": 0.00,
                      "Total Cost": 4126.43,
                      "Plan Rows": 5,
                      "Plan Width": 26,
                      "Actual Startup Time": 0.548,
                      "Actual Total Time": 24.709,
                      "Actual Rows": 5,
                      "Actual Loops": 1,
                      "Filter": "(k_keyword = ANY ('{murder,blood,gore,death,female-nudity}'::text[]))",
                      "Rows Removed by Filter": 175837
                    }
                  ]
                }
              ]
            }
          ]
        }
      ]
    },
    "Planning Time": 0.188,
    "Triggers": [
    ],
    "Execution Time": 1540.362
  }
]
