[
  {
    "Plan": {
      "Node Type": "Hash Join",
      "Parallel Aware": false,
      "Join Type": "Inner",
      "Startup Cost": 174953.61,
      "Total Cost": 764446.32,
      "Plan Rows": 2259,
      "Plan Width": 186,
      "Actual Startup Time": 2315.435,
      "Actual Total Time": 5136.931,
      "Actual Rows": 253926,
      "Actual Loops": 1,
      "Hash Cond": "(mi.mi_movie_id = t.t_id)",
      "Plans": [
        {
          "Node Type": "Hash Join",
          "Parent Relationship": "Outer",
          "Parallel Aware": false,
          "Join Type": "Inner",
          "Startup Cost": 2.43,
          "Total Cost": 539532.44,
          "Plan Rows": 2259,
          "Plan Width": 92,
          "Actual Startup Time": 1387.178,
          "Actual Total Time": 3742.410,
          "Actual Rows": 253926,
          "Actual Loops": 1,
          "Hash Cond": "(mi.mi_info_type_id = it1.it_id)",
          "Plans": [
            {
              "Node Type": "Seq Scan",
              "Parent Relationship": "Outer",
              "Parallel Aware": false,
              "Relation Name": "movie_info",
              "Alias": "mi",
              "Startup Cost": 0.00,
              "Total Cost": 538550.32,
              "Plan Rows": 255227,
              "Plan Width": 74,
              "Actual Startup Time": 474.201,
              "Actual Total Time": 3690.776,
              "Actual Rows": 256312,
              "Actual Loops": 1,
              "Filter": "(mi_info = ANY ('{Horror,Action,Sci-Fi,Thriller,Crime,War}'::text[]))",
              "Rows Removed by Filter": 18557522
            },
            {
              "Node Type": "Hash",
              "Parent Relationship": "Inner",
              "Parallel Aware": false,
              "Startup Cost": 2.41,
              "Total Cost": 2.41,
              "Plan Rows": 1,
              "Plan Width": 18,
              "Actual Startup Time": 0.025,
              "Actual Total Time": 0.025,
              "Actual Rows": 1,
              "Actual Loops": 1,
              "Hash Buckets": 1024,
              "Original Hash Buckets": 1024,
              "Hash Batches": 1,
              "Original Hash Batches": 1,
              "Peak Memory Usage": 9,
              "Plans": [
                {
                  "Node Type": "Seq Scan",
                  "Parent Relationship": "Outer",
                  "Parallel Aware": false,
                  "Relation Name": "info_type",
                  "Alias": "it1",
                  "Startup Cost": 0.00,
                  "Total Cost": 2.41,
                  "Plan Rows": 1,
                  "Plan Width": 18,
                  "Actual Startup Time": 0.012,
                  "Actual Total Time": 0.022,
                  "Actual Rows": 1,
                  "Actual Loops": 1,
                  "Filter": "((it_info)::text = 'genres'::text)",
                  "Rows Removed by Filter": 112
                }
              ]
            }
          ]
        },
        {
          "Node Type": "Hash",
          "Parent Relationship": "Inner",
          "Parallel Aware": false,
          "Startup Cost": 82548.08,
          "Total Cost": 82548.08,
          "Plan Rows": 3403608,
          "Plan Width": 94,
          "Actual Startup Time": 926.707,
          "Actual Total Time": 926.707,
          "Actual Rows": 3403210,
          "Actual Loops": 1,
          "Hash Buckets": 32768,
          "Original Hash Buckets": 32768,
          "Hash Batches": 128,
          "Original Hash Batches": 128,
          "Peak Memory Usage": 3241,
          "Plans": [
            {
              "Node Type": "Seq Scan",
              "Parent Relationship": "Outer",
              "Parallel Aware": false,
              "Relation Name": "title",
              "Alias": "t",
              "Startup Cost": 0.00,
              "Total Cost": 82548.08,
              "Plan Rows": 3403608,
              "Plan Width": 94,
              "Actual Startup Time": 0.005,
              "Actual Total Time": 313.910,
              "Actual Rows": 3403210,
              "Actual Loops": 1
            }
          ]
        }
      ]
    },
    "Planning Time": 0.218,
    "Triggers": [
    ],
    "Execution Time": 5144.508
  }
]
