[
  {
    "Plan": {
      "Node Type": "Hash Join",
      "Parallel Aware": false,
      "Join Type": "Inner",
      "Startup Cost": 2637.37,
      "Total Cost": 106045.14,
      "Plan Rows": 400,
      "Plan Width": 196,
      "Actual Startup Time": 59.568,
      "Actual Total Time": 901.229,
      "Actual Rows": 75894,
      "Actual Loops": 1,
      "Hash Cond": "(t.t_id = cc.cc_movie_id)",
      "Plans": [
        {
          "Node Type": "Seq Scan",
          "Parent Relationship": "Outer",
          "Parallel Aware": false,
          "Relation Name": "title",
          "Alias": "t",
          "Startup Cost": 0.00,
          "Total Cost": 99566.12,
          "Plan Rows": 1023375,
          "Plan Width": 94,
          "Actual Startup Time": 0.006,
          "Actual Total Time": 533.026,
          "Actual Rows": 1025724,
          "Actual Loops": 1,
          "Filter": "((t_production_year >= 1950) AND (t_production_year <= 2000))",
          "Rows Removed by Filter": 2377486
        },
        {
          "Node Type": "Hash",
          "Parent Relationship": "Inner",
          "Parallel Aware": false,
          "Startup Cost": 2620.72,
          "Total Cost": 2620.72,
          "Plan Rows": 1332,
          "Plan Width": 102,
          "Actual Startup Time": 59.419,
          "Actual Total Time": 59.419,
          "Actual Rows": 135086,
          "Actual Loops": 1,
          "Hash Buckets": 65536,
          "Original Hash Buckets": 2048,
          "Hash Batches": 4,
          "Original Hash Batches": 1,
          "Peak Memory Usage": 3585,
          "Plans": [
            {
              "Node Type": "Hash Join",
              "Parent Relationship": "Outer",
              "Parallel Aware": false,
              "Join Type": "Inner",
              "Startup Cost": 18.96,
              "Total Cost": 2620.72,
              "Plan Rows": 1332,
              "Plan Width": 102,
              "Actual Startup Time": 0.011,
              "Actual Total Time": 35.671,
              "Actual Rows": 135086,
              "Actual Loops": 1,
              "Hash Cond": "(cc.cc_subject_id = cct1.cct_id)",
              "Plans": [
                {
                  "Node Type": "Seq Scan",
                  "Parent Relationship": "Outer",
                  "Parallel Aware": false,
                  "Relation Name": "complete_cast",
                  "Alias": "cc",
                  "Startup Cost": 0.00,
                  "Total Cost": 2081.86,
                  "Plan Rows": 135086,
                  "Plan Width": 16,
                  "Actual Startup Time": 0.004,
                  "Actual Total Time": 8.119,
                  "Actual Rows": 135086,
                  "Actual Loops": 1
                },
                {
                  "Node Type": "Hash",
                  "Parent Relationship": "Inner",
                  "Parallel Aware": false,
                  "Startup Cost": 18.88,
                  "Total Cost": 18.88,
                  "Plan Rows": 7,
                  "Plan Width": 86,
                  "Actual Startup Time": 0.004,
                  "Actual Total Time": 0.004,
                  "Actual Rows": 2,
                  "Actual Loops": 1,
                  "Hash Buckets": 1024,
                  "Original Hash Buckets": 1024,
                  "Hash Batches": 1,
                  "Original Hash Batches": 1,
                  "Peak Memory Usage": 9,
                  "Plans": [
                    {
                      "Node Type": "Seq Scan",
                      "Parent Relationship": "Outer",
                      "Parallel Aware": false,
                      "Relation Name": "comp_cast_type",
                      "Alias": "cct1",
                      "Startup Cost": 0.00,
                      "Total Cost": 18.88,
                      "Plan Rows": 7,
                      "Plan Width": 86,
                      "Actual Startup Time": 0.002,
                      "Actual Total Time": 0.003,
                      "Actual Rows": 2,
                      "Actual Loops": 1,
                      "Filter": "((cct_kind)::text = ANY ('{cast,crew}'::text[]))",
                      "Rows Removed by Filter": 2
                    }
                  ]
                }
              ]
            }
          ]
        }
      ]
    },
    "Planning Time": 0.155,
    "Triggers": [
    ],
    "Execution Time": 903.682
  }
]
