[
  {
    "Plan": {
      "Node Type": "Hash Join",
      "Parallel Aware": false,
      "Join Type": "Inner",
      "Startup Cost": 127349.31,
      "Total Cost": 638508.29,
      "Plan Rows": 44563,
      "Plan Width": 168,
      "Actual Startup Time": 1104.962,
      "Actual Total Time": 3872.276,
      "Actual Rows": 56823,
      "Actual Loops": 1,
      "Hash Cond": "(mi.mi_movie_id = t.t_id)",
      "Plans": [
        {
          "Node Type": "Seq Scan",
          "Parent Relationship": "Outer",
          "Parallel Aware": false,
          "Relation Name": "movie_info",
          "Alias": "mi",
          "Startup Cost": 0.00,
          "Total Cost": 491402.56,
          "Plan Rows": 148211,
          "Plan Width": 74,
          "Actual Startup Time": 425.612,
          "Actual Total Time": 3048.259,
          "Actual Rows": 161417,
          "Actual Loops": 1,
          "Filter": "(mi_info = ANY ('{Sweden,Germany,Swedish,German}'::text[]))",
          "Rows Removed by Filter": 18652417
        },
        {
          "Node Type": "Hash",
          "Parent Relationship": "Inner",
          "Parallel Aware": false,
          "Startup Cost": 99566.12,
          "Total Cost": 99566.12,
          "Plan Rows": 1023375,
          "Plan Width": 94,
          "Actual Startup Time": 676.389,
          "Actual Total Time": 676.389,
          "Actual Rows": 1025724,
          "Actual Loops": 1,
          "Hash Buckets": 32768,
          "Original Hash Buckets": 32768,
          "Hash Batches": 64,
          "Original Hash Batches": 64,
          "Peak Memory Usage": 2058,
          "Plans": [
            {
              "Node Type": "Seq Scan",
              "Parent Relationship": "Outer",
              "Parallel Aware": false,
              "Relation Name": "title",
              "Alias": "t",
              "Startup Cost": 0.00,
              "Total Cost": 99566.12,
              "Plan Rows": 1023375,
              "Plan Width": 94,
              "Actual Startup Time": 0.009,
              "Actual Total Time": 504.901,
              "Actual Rows": 1025724,
              "Actual Loops": 1,
              "Filter": "((t_production_year >= 1950) AND (t_production_year <= 2000))",
              "Rows Removed by Filter": 2377486
            }
          ]
        }
      ]
    },
    "Planning Time": 0.222,
    "Triggers": [
    ],
    "Execution Time": 3873.977
  }
]
