[
  {
    "Plan": {
      "Node Type": "Hash Join",
      "Parallel Aware": false,
      "Join Type": "Inner",
      "Startup Cost": 92611.49,
      "Total Cost": 123030.56,
      "Plan Rows": 16690,
      "Plan Width": 196,
      "Actual Startup Time": 395.170,
      "Actual Total Time": 605.596,
      "Actual Rows": 21512,
      "Actual Loops": 1,
      "Hash Cond": "(ml.ml_link_type_id = lt.lt_id)",
      "Plans": [
        {
          "Node Type": "Hash Join",
          "Parent Relationship": "Outer",
          "Parallel Aware": false,
          "Join Type": "Inner",
          "Startup Cost": 92585.51,
          "Total Cost": 122775.09,
          "Plan Rows": 16690,
          "Plan Width": 110,
          "Actual Startup Time": 395.159,
          "Actual Total Time": 601.420,
          "Actual Rows": 21512,
          "Actual Loops": 1,
          "Hash Cond": "(ml.ml_movie_id = t.t_id)",
          "Plans": [
            {
              "Node Type": "Seq Scan",
              "Parent Relationship": "Outer",
              "Parallel Aware": false,
              "Relation Name": "movie_link",
              "Alias": "ml",
              "Startup Cost": 0.00,
              "Total Cost": 15552.04,
              "Plan Rows": 1009504,
              "Plan Width": 16,
              "Actual Startup Time": 0.009,
              "Actual Total Time": 69.539,
              "Actual Rows": 1009504,
              "Actual Loops": 1
            },
            {
              "Node Type": "Hash",
              "Parent Relationship": "Inner",
              "Parallel Aware": false,
              "Startup Cost": 91057.10,
              "Total Cost": 91057.10,
              "Plan Rows": 56273,
              "Plan Width": 94,
              "Actual Startup Time": 395.048,
              "Actual Total Time": 395.048,
              "Actual Rows": 51447,
              "Actual Loops": 1,
              "Hash Buckets": 32768,
              "Original Hash Buckets": 32768,
              "Hash Batches": 2,
              "Original Hash Batches": 2,
              "Peak Memory Usage": 3120,
              "Plans": [
                {
                  "Node Type": "Seq Scan",
                  "Parent Relationship": "Outer",
                  "Parallel Aware": false,
                  "Relation Name": "title",
                  "Alias": "t",
                  "Startup Cost": 0.00,
                  "Total Cost": 91057.10,
                  "Plan Rows": 56273,
                  "Plan Width": 94,
                  "Actual Startup Time": 0.006,
                  "Actual Total Time": 383.076,
                  "Actual Rows": 51447,
                  "Actual Loops": 1,
                  "Filter": "(t_production_year = 1998)",
                  "Rows Removed by Filter": 3351763
                }
              ]
            }
          ]
        },
        {
          "Node Type": "Hash",
          "Parent Relationship": "Inner",
          "Parallel Aware": false,
          "Startup Cost": 17.10,
          "Total Cost": 17.10,
          "Plan Rows": 710,
          "Plan Width": 86,
          "Actual Startup Time": 0.007,
          "Actual Total Time": 0.007,
          "Actual Rows": 18,
          "Actual Loops": 1,
          "Hash Buckets": 1024,
          "Original Hash Buckets": 1024,
          "Hash Batches": 1,
          "Original Hash Batches": 1,
          "Peak Memory Usage": 9,
          "Plans": [
            {
              "Node Type": "Seq Scan",
              "Parent Relationship": "Outer",
              "Parallel Aware": false,
              "Relation Name": "link_type",
              "Alias": "lt",
              "Startup Cost": 0.00,
              "Total Cost": 17.10,
              "Plan Rows": 710,
              "Plan Width": 86,
              "Actual Startup Time": 0.003,
              "Actual Total Time": 0.004,
              "Actual Rows": 18,
              "Actual Loops": 1
            }
          ]
        }
      ]
    },
    "Planning Time": 0.148,
    "Triggers": [
    ],
    "Execution Time": 606.252
  }
]
