[
  {
    "Plan": {
      "Node Type": "Hash Join",
      "Parallel Aware": false,
      "Join Type": "Inner",
      "Startup Cost": 157317.11,
      "Total Cost": 837226.38,
      "Plan Rows": 673343,
      "Plan Width": 168,
      "Actual Startup Time": 1471.667,
      "Actual Total Time": 5942.743,
      "Actual Rows": 772914,
      "Actual Loops": 1,
      "Hash Cond": "(mi.mi_movie_id = t.t_id)",
      "Plans": [
        {
          "Node Type": "Seq Scan",
          "Parent Relationship": "Outer",
          "Parallel Aware": false,
          "Relation Name": "movie_info",
          "Alias": "mi",
          "Startup Cost": 0.00,
          "Total Cost": 609271.96,
          "Plan Rows": 1077377,
          "Plan Width": 74,
          "Actual Startup Time": 557.800,
          "Actual Total Time": 4407.827,
          "Actual Rows": 1174261,
          "Actual Loops": 1,
          "Filter": "(mi_info = ANY ('{Sweden,Norway,Germany,Denmark,Swedish,Denish,Norwegian,German,English}'::text[]))",
          "Rows Removed by Filter": 17639573
        },
        {
          "Node Type": "Hash",
          "Parent Relationship": "Inner",
          "Parallel Aware": false,
          "Startup Cost": 99566.12,
          "Total Cost": 99566.12,
          "Plan Rows": 2127199,
          "Plan Width": 94,
          "Actual Startup Time": 911.534,
          "Actual Total Time": 911.534,
          "Actual Rows": 2125717,
          "Actual Loops": 1,
          "Hash Buckets": 32768,
          "Original Hash Buckets": 32768,
          "Hash Batches": 128,
          "Original Hash Batches": 128,
          "Peak Memory Usage": 2128,
          "Plans": [
            {
              "Node Type": "Seq Scan",
              "Parent Relationship": "Outer",
              "Parallel Aware": false,
              "Relation Name": "title",
              "Alias": "t",
              "Startup Cost": 0.00,
              "Total Cost": 99566.12,
              "Plan Rows": 2127199,
              "Plan Width": 94,
              "Actual Startup Time": 0.009,
              "Actual Total Time": 549.658,
              "Actual Rows": 2125717,
              "Actual Loops": 1,
              "Filter": "((t_production_year >= 1950) AND (t_production_year <= 2010))",
              "Rows Removed by Filter": 1277493
            }
          ]
        }
      ]
    },
    "Planning Time": 0.170,
    "Triggers": [
    ],
    "Execution Time": 5964.164
  }
]
