[
  {
    "Plan": {
      "Node Type": "Hash Join",
      "Parallel Aware": false,
      "Join Type": "Inner",
      "Startup Cost": 42348.10,
      "Total Cost": 141321.59,
      "Plan Rows": 95,
      "Plan Width": 214,
      "Actual Startup Time": 1057.218,
      "Actual Total Time": 1584.660,
      "Actual Rows": 121465,
      "Actual Loops": 1,
      "Hash Cond": "(t.t_id = mi_idx.mii_movie_id)",
      "Plans": [
        {
          "Node Type": "Hash Join",
          "Parent Relationship": "Outer",
          "Parallel Aware": false,
          "Join Type": "Inner",
          "Startup Cost": 22.88,
          "Total Cost": 98895.85,
          "Plan Rows": 19913,
          "Plan Width": 146,
          "Actual Startup Time": 337.089,
          "Actual Total Time": 640.496,
          "Actual Rows": 426358,
          "Actual Loops": 1,
          "Hash Cond": "(t.t_kind_id = kt.kt_id)",
          "Plans": [
            {
              "Node Type": "Seq Scan",
              "Parent Relationship": "Outer",
              "Parallel Aware": false,
              "Relation Name": "title",
              "Alias": "t",
              "Startup Cost": 0.00,
              "Total Cost": 91057.10,
              "Plan Rows": 2031132,
              "Plan Width": 94,
              "Actual Startup Time": 0.010,
              "Actual Total Time": 454.442,
              "Actual Rows": 2027079,
              "Actual Loops": 1,
              "Filter": "(t_production_year > 2000)",
              "Rows Removed by Filter": 1376131
            },
            {
              "Node Type": "Hash",
              "Parent Relationship": "Inner",
              "Parallel Aware": false,
              "Startup Cost": 22.75,
              "Total Cost": 22.75,
              "Plan Rows": 10,
              "Plan Width": 52,
              "Actual Startup Time": 0.007,
              "Actual Total Time": 0.007,
              "Actual Rows": 1,
              "Actual Loops": 1,
              "Hash Buckets": 1024,
              "Original Hash Buckets": 1024,
              "Hash Batches": 1,
              "Original Hash Batches": 1,
              "Peak Memory Usage": 9,
              "Plans": [
                {
                  "Node Type": "Seq Scan",
                  "Parent Relationship": "Outer",
                  "Parallel Aware": false,
                  "Relation Name": "kind_type",
                  "Alias": "kt",
                  "Startup Cost": 0.00,
                  "Total Cost": 22.75,
                  "Plan Rows": 10,
                  "Plan Width": 52,
                  "Actual Startup Time": 0.004,
                  "Actual Total Time": 0.006,
                  "Actual Rows": 1,
                  "Actual Loops": 1,
                  "Filter": "((kt_kind)::text = ANY ('{movie,episode}'::text[]))",
                  "Rows Removed by Filter": 6
                }
              ]
            }
          ]
        },
        {
          "Node Type": "Hash",
          "Parent Relationship": "Inner",
          "Parallel Aware": false,
          "Startup Cost": 42122.91,
          "Total Cost": 42122.91,
          "Plan Rows": 16185,
          "Plan Width": 68,
          "Actual Startup Time": 682.692,
          "Actual Total Time": 682.692,
          "Actual Rows": 588699,
          "Actual Loops": 1,
          "Hash Buckets": 65536,
          "Original Hash Buckets": 16384,
          "Hash Batches": 16,
          "Original Hash Batches": 1,
          "Peak Memory Usage": 3585,
          "Plans": [
            {
              "Node Type": "Hash Join",
              "Parent Relationship": "Outer",
              "Parallel Aware": false,
              "Join Type": "Inner",
              "Startup Cost": 2.43,
              "Total Cost": 42122.91,
              "Plan Rows": 16185,
              "Plan Width": 68,
              "Actual Startup Time": 0.029,
              "Actual Total Time": 561.610,
              "Actual Rows": 588699,
              "Actual Loops": 1,
              "Hash Cond": "(mi_idx.mii_info_type_id = it2.it_id)",
              "Plans": [
                {
                  "Node Type": "Seq Scan",
                  "Parent Relationship": "Outer",
                  "Parallel Aware": false,
                  "Relation Name": "movie_info_idx",
                  "Alias": "mi_idx",
                  "Startup Cost": 0.00,
                  "Total Cost": 35100.04,
                  "Plan Rows": 1828960,
                  "Plan Width": 50,
                  "Actual Startup Time": 0.012,
                  "Actual Total Time": 370.244,
                  "Actual Rows": 1826429,
                  "Actual Loops": 1,
                  "Filter": "(mii_info < '8.5'::text)",
                  "Rows Removed by Filter": 96774
                },
                {
                  "Node Type": "Hash",
                  "Parent Relationship": "Inner",
                  "Parallel Aware": false,
                  "Startup Cost": 2.41,
                  "Total Cost": 2.41,
                  "Plan Rows": 1,
                  "Plan Width": 18,
                  "Actual Startup Time": 0.014,
                  "Actual Total Time": 0.014,
                  "Actual Rows": 1,
                  "Actual Loops": 1,
                  "Hash Buckets": 1024,
                  "Original Hash Buckets": 1024,
                  "Hash Batches": 1,
                  "Original Hash Batches": 1,
                  "Peak Memory Usage": 9,
                  "Plans": [
                    {
                      "Node Type": "Seq Scan",
                      "Parent Relationship": "Outer",
                      "Parallel Aware": false,
                      "Relation Name": "info_type",
                      "Alias": "it2",
                      "Startup Cost": 0.00,
                      "Total Cost": 2.41,
                      "Plan Rows": 1,
                      "Plan Width": 18,
                      "Actual Startup Time": 0.012,
                      "Actual Total Time": 0.013,
                      "Actual Rows": 1,
                      "Actual Loops": 1,
                      "Filter": "((it_info)::text = 'rating'::text)",
                      "Rows Removed by Filter": 112
                    }
                  ]
                }
              ]
            }
          ]
        }
      ]
    },
    "Planning Time": 0.438,
    "Triggers": [
    ],
    "Execution Time": 1588.246
  }
]
