[
  {
    "Plan": {
      "Node Type": "Hash Join",
      "Parallel Aware": false,
      "Join Type": "Inner",
      "Startup Cost": 97561.00,
      "Total Cost": 589529.00,
      "Plan Rows": 6,
      "Plan Width": 238,
      "Actual Startup Time": 1664.121,
      "Actual Total Time": 3801.405,
      "Actual Rows": 14976,
      "Actual Loops": 1,
      "Hash Cond": "(mi.mi_info_type_id = it1.it_id)",
      "Plans": [
        {
          "Node Type": "Hash Join",
          "Parent Relationship": "Outer",
          "Parallel Aware": false,
          "Join Type": "Inner",
          "Startup Cost": 97558.58,
          "Total Cost": 589523.90,
          "Plan Rows": 697,
          "Plan Width": 220,
          "Actual Startup Time": 1664.100,
          "Actual Total Time": 3797.418,
          "Actual Rows": 28150,
          "Actual Loops": 1,
          "Hash Cond": "(mi.mi_movie_id = t.t_id)",
          "Plans": [
            {
              "Node Type": "Seq Scan",
              "Parent Relationship": "Outer",
              "Parallel Aware": false,
              "Relation Name": "movie_info",
              "Alias": "mi",
              "Startup Cost": 0.00,
              "Total Cost": 491402.56,
              "Plan Rows": 148211,
              "Plan Width": 74,
              "Actual Startup Time": 400.934,
              "Actual Total Time": 3010.845,
              "Actual Rows": 161417,
              "Actual Loops": 1,
              "Filter": "(mi_info = ANY ('{Sweden,Germany,Swedish,German}'::text[]))",
              "Rows Removed by Filter": 18652417
            },
            {
              "Node Type": "Hash",
              "Parent Relationship": "Inner",
              "Parallel Aware": false,
              "Startup Cost": 97358.61,
              "Total Cost": 97358.61,
              "Plan Rows": 15997,
              "Plan Width": 146,
              "Actual Startup Time": 688.610,
              "Actual Total Time": 688.610,
              "Actual Rows": 364451,
              "Actual Loops": 1,
              "Hash Buckets": 32768,
              "Original Hash Buckets": 16384,
              "Hash Batches": 16,
              "Original Hash Batches": 1,
              "Peak Memory Usage": 3841,
              "Plans": [
                {
                  "Node Type": "Hash Join",
                  "Parent Relationship": "Outer",
                  "Parallel Aware": false,
                  "Join Type": "Inner",
                  "Startup Cost": 22.88,
                  "Total Cost": 97358.61,
                  "Plan Rows": 15997,
                  "Plan Width": 146,
                  "Actual Startup Time": 306.175,
                  "Actual Total Time": 584.513,
                  "Actual Rows": 364451,
                  "Actual Loops": 1,
                  "Hash Cond": "(t.t_kind_id = kt.kt_id)",
                  "Plans": [
                    {
                      "Node Type": "Seq Scan",
                      "Parent Relationship": "Outer",
                      "Parallel Aware": false,
                      "Relation Name": "title",
                      "Alias": "t",
                      "Startup Cost": 0.00,
                      "Total Cost": 91057.10,
                      "Plan Rows": 1631645,
                      "Plan Width": 94,
                      "Actual Startup Time": 0.008,
                      "Actual Total Time": 434.431,
                      "Actual Rows": 1617190,
                      "Actual Loops": 1,
                      "Filter": "(t_production_year > 2005)",
                      "Rows Removed by Filter": 1786020
                    },
                    {
                      "Node Type": "Hash",
                      "Parent Relationship": "Inner",
                      "Parallel Aware": false,
                      "Startup Cost": 22.75,
                      "Total Cost": 22.75,
                      "Plan Rows": 10,
                      "Plan Width": 52,
                      "Actual Startup Time": 0.007,
                      "Actual Total Time": 0.008,
                      "Actual Rows": 1,
                      "Actual Loops": 1,
                      "Hash Buckets": 1024,
                      "Original Hash Buckets": 1024,
                      "Hash Batches": 1,
                      "Original Hash Batches": 1,
                      "Peak Memory Usage": 9,
                      "Plans": [
                        {
                          "Node Type": "Seq Scan",
                          "Parent Relationship": "Outer",
                          "Parallel Aware": false,
                          "Relation Name": "kind_type",
                          "Alias": "kt",
                          "Startup Cost": 0.00,
                          "Total Cost": 22.75,
                          "Plan Rows": 10,
                          "Plan Width": 52,
                          "Actual Startup Time": 0.004,
                          "Actual Total Time": 0.005,
                          "Actual Rows": 1,
                          "Actual Loops": 1,
                          "Filter": "((kt_kind)::text = ANY ('{movie,episode}'::text[]))",
                          "Rows Removed by Filter": 6
                        }
                      ]
                    }
                  ]
                }
              ]
            }
          ]
        },
        {
          "Node Type": "Hash",
          "Parent Relationship": "Inner",
          "Parallel Aware": false,
          "Startup Cost": 2.41,
          "Total Cost": 2.41,
          "Plan Rows": 1,
          "Plan Width": 18,
          "Actual Startup Time": 0.016,
          "Actual Total Time": 0.016,
          "Actual Rows": 1,
          "Actual Loops": 1,
          "Hash Buckets": 1024,
          "Original Hash Buckets": 1024,
          "Hash Batches": 1,
          "Original Hash Batches": 1,
          "Peak Memory Usage": 9,
          "Plans": [
            {
              "Node Type": "Seq Scan",
              "Parent Relationship": "Outer",
              "Parallel Aware": false,
              "Relation Name": "info_type",
              "Alias": "it1",
              "Startup Cost": 0.00,
              "Total Cost": 2.41,
              "Plan Rows": 1,
              "Plan Width": 18,
              "Actual Startup Time": 0.007,
              "Actual Total Time": 0.015,
              "Actual Rows": 1,
              "Actual Loops": 1,
              "Filter": "((it_info)::text = 'countries'::text)",
              "Rows Removed by Filter": 112
            }
          ]
        }
      ]
    },
    "Planning Time": 0.298,
    "Triggers": [
    ],
    "Execution Time": 3801.885
  }
]
