[
  {
    "Plan": {
      "Node Type": "Hash Join",
      "Parallel Aware": false,
      "Join Type": "Inner",
      "Startup Cost": 2647.36,
      "Total Cost": 99828.18,
      "Plan Rows": 4,
      "Plan Width": 248,
      "Actual Startup Time": 496.944,
      "Actual Total Time": 724.544,
      "Actual Rows": 909,
      "Actual Loops": 1,
      "Hash Cond": "(t.t_kind_id = kt.kt_id)",
      "Plans": [
        {
          "Node Type": "Hash Join",
          "Parent Relationship": "Outer",
          "Parallel Aware": false,
          "Join Type": "Inner",
          "Startup Cost": 2624.48,
          "Total Cost": 99803.90,
          "Plan Rows": 365,
          "Plan Width": 196,
          "Actual Startup Time": 31.930,
          "Actual Total Time": 723.419,
          "Actual Rows": 10966,
          "Actual Loops": 1,
          "Hash Cond": "(t.t_id = cc.cc_movie_id)",
          "Plans": [
            {
              "Node Type": "Seq Scan",
              "Parent Relationship": "Outer",
              "Parallel Aware": false,
              "Relation Name": "title",
              "Alias": "t",
              "Startup Cost": 0.00,
              "Total Cost": 91057.10,
              "Plan Rows": 1631645,
              "Plan Width": 94,
              "Actual Startup Time": 0.005,
              "Actual Total Time": 471.847,
              "Actual Rows": 1617190,
              "Actual Loops": 1,
              "Filter": "(t_production_year > 2005)",
              "Rows Removed by Filter": 1786020
            },
            {
              "Node Type": "Hash",
              "Parent Relationship": "Inner",
              "Parallel Aware": false,
              "Startup Cost": 2614.97,
              "Total Cost": 2614.97,
              "Plan Rows": 761,
              "Plan Width": 102,
              "Actual Startup Time": 31.755,
              "Actual Total Time": 31.755,
              "Actual Rows": 49145,
              "Actual Loops": 1,
              "Hash Buckets": 65536,
              "Original Hash Buckets": 1024,
              "Hash Batches": 1,
              "Original Hash Batches": 1,
              "Peak Memory Usage": 3248,
              "Plans": [
                {
                  "Node Type": "Hash Join",
                  "Parent Relationship": "Outer",
                  "Parallel Aware": false,
                  "Join Type": "Inner",
                  "Startup Cost": 18.93,
                  "Total Cost": 2614.97,
                  "Plan Rows": 761,
                  "Plan Width": 102,
                  "Actual Startup Time": 11.774,
                  "Actual Total Time": 24.908,
                  "Actual Rows": 49145,
                  "Actual Loops": 1,
                  "Hash Cond": "(cc.cc_subject_id = cct1.cct_id)",
                  "Plans": [
                    {
                      "Node Type": "Seq Scan",
                      "Parent Relationship": "Outer",
                      "Parallel Aware": false,
                      "Relation Name": "complete_cast",
                      "Alias": "cc",
                      "Startup Cost": 0.00,
                      "Total Cost": 2081.86,
                      "Plan Rows": 135086,
                      "Plan Width": 16,
                      "Actual Startup Time": 0.005,
                      "Actual Total Time": 8.472,
                      "Actual Rows": 135086,
                      "Actual Loops": 1
                    },
                    {
                      "Node Type": "Hash",
                      "Parent Relationship": "Inner",
                      "Parallel Aware": false,
                      "Startup Cost": 18.88,
                      "Total Cost": 18.88,
                      "Plan Rows": 4,
                      "Plan Width": 86,
                      "Actual Startup Time": 0.003,
                      "Actual Total Time": 0.003,
                      "Actual Rows": 1,
                      "Actual Loops": 1,
                      "Hash Buckets": 1024,
                      "Original Hash Buckets": 1024,
                      "Hash Batches": 1,
                      "Original Hash Batches": 1,
                      "Peak Memory Usage": 9,
                      "Plans": [
                        {
                          "Node Type": "Seq Scan",
                          "Parent Relationship": "Outer",
                          "Parallel Aware": false,
                          "Relation Name": "comp_cast_type",
                          "Alias": "cct1",
                          "Startup Cost": 0.00,
                          "Total Cost": 18.88,
                          "Plan Rows": 4,
                          "Plan Width": 86,
                          "Actual Startup Time": 0.003,
                          "Actual Total Time": 0.003,
                          "Actual Rows": 1,
                          "Actual Loops": 1,
                          "Filter": "((cct_kind)::text = 'crew'::text)",
                          "Rows Removed by Filter": 3
                        }
                      ]
                    }
                  ]
                }
              ]
            }
          ]
        },
        {
          "Node Type": "Hash",
          "Parent Relationship": "Inner",
          "Parallel Aware": false,
          "Startup Cost": 22.75,
          "Total Cost": 22.75,
          "Plan Rows": 10,
          "Plan Width": 52,
          "Actual Startup Time": 0.007,
          "Actual Total Time": 0.007,
          "Actual Rows": 1,
          "Actual Loops": 1,
          "Hash Buckets": 1024,
          "Original Hash Buckets": 1024,
          "Hash Batches": 1,
          "Original Hash Batches": 1,
          "Peak Memory Usage": 9,
          "Plans": [
            {
              "Node Type": "Seq Scan",
              "Parent Relationship": "Outer",
              "Parallel Aware": false,
              "Relation Name": "kind_type",
              "Alias": "kt",
              "Startup Cost": 0.00,
              "Total Cost": 22.75,
              "Plan Rows": 10,
              "Plan Width": 52,
              "Actual Startup Time": 0.005,
              "Actual Total Time": 0.006,
              "Actual Rows": 1,
              "Actual Loops": 1,
              "Filter": "((kt_kind)::text = ANY ('{movie,episode}'::text[]))",
              "Rows Removed by Filter": 6
            }
          ]
        }
      ]
    },
    "Planning Time": 0.241,
    "Triggers": [
    ],
    "Execution Time": 724.650
  }
]
