[
  {
    "Plan": {
      "Node Type": "Hash Join",
      "Parallel Aware": false,
      "Join Type": "Inner",
      "Startup Cost": 165944.49,
      "Total Cost": 294270.20,
      "Plan Rows": 7090,
      "Plan Width": 220,
      "Actual Startup Time": 846.736,
      "Actual Total Time": 4664.216,
      "Actual Rows": 258812,
      "Actual Loops": 1,
      "Hash Cond": "(pi.pi_person_id = n.n_id)",
      "Plans": [
        {
          "Node Type": "Hash Join",
          "Parent Relationship": "Outer",
          "Parallel Aware": false,
          "Join Type": "Inner",
          "Startup Cost": 2.43,
          "Total Cost": 111484.89,
          "Plan Rows": 30758,
          "Plan Width": 145,
          "Actual Startup Time": 0.046,
          "Actual Total Time": 3127.500,
          "Actual Rows": 784059,
          "Actual Loops": 1,
          "Hash Cond": "(pi.pi_info_type_id = it3.it_id)",
          "Plans": [
            {
              "Node Type": "Seq Scan",
              "Parent Relationship": "Outer",
              "Parallel Aware": false,
              "Relation Name": "person_info",
              "Alias": "pi",
              "Startup Cost": 0.00,
              "Total Cost": 98141.28,
              "Plan Rows": 3475628,
              "Plan Width": 127,
              "Actual Startup Time": 0.021,
              "Actual Total Time": 2454.721,
              "Actual Rows": 3473132,
              "Actual Loops": 1
            },
            {
              "Node Type": "Hash",
              "Parent Relationship": "Inner",
              "Parallel Aware": false,
              "Startup Cost": 2.41,
              "Total Cost": 2.41,
              "Plan Rows": 1,
              "Plan Width": 18,
              "Actual Startup Time": 0.018,
              "Actual Total Time": 0.018,
              "Actual Rows": 1,
              "Actual Loops": 1,
              "Hash Buckets": 1024,
              "Original Hash Buckets": 1024,
              "Hash Batches": 1,
              "Original Hash Batches": 1,
              "Peak Memory Usage": 9,
              "Plans": [
                {
                  "Node Type": "Seq Scan",
                  "Parent Relationship": "Outer",
                  "Parallel Aware": false,
                  "Relation Name": "info_type",
                  "Alias": "it3",
                  "Startup Cost": 0.00,
                  "Total Cost": 2.41,
                  "Plan Rows": 1,
                  "Plan Width": 18,
                  "Actual Startup Time": 0.009,
                  "Actual Total Time": 0.017,
                  "Actual Rows": 1,
                  "Actual Loops": 1,
                  "Filter": "((it_info)::text = 'trivia'::text)",
                  "Rows Removed by Filter": 112
                }
              ]
            }
          ]
        },
        {
          "Node Type": "Hash",
          "Parent Relationship": "Inner",
          "Parallel Aware": false,
          "Startup Cost": 135508.69,
          "Total Cost": 135508.69,
          "Plan Rows": 1207870,
          "Plan Width": 75,
          "Actual Startup Time": 845.602,
          "Actual Total Time": 845.602,
          "Actual Rows": 1204907,
          "Actual Loops": 1,
          "Hash Buckets": 65536,
          "Original Hash Buckets": 65536,
          "Hash Batches": 64,
          "Original Hash Batches": 64,
          "Peak Memory Usage": 2541,
          "Plans": [
            {
              "Node Type": "Seq Scan",
              "Parent Relationship": "Outer",
              "Parallel Aware": false,
              "Relation Name": "name",
              "Alias": "n",
              "Startup Cost": 0.00,
              "Total Cost": 135508.69,
              "Plan Rows": 1207870,
              "Plan Width": 75,
              "Actual Startup Time": 284.292,
              "Actual Total Time": 646.678,
              "Actual Rows": 1204907,
              "Actual Loops": 1,
              "Filter": "((n_gender)::text = 'f'::text)",
              "Rows Removed by Filter": 4035953
            }
          ]
        }
      ]
    },
    "Planning Time": 40.862,
    "Triggers": [
    ],
    "Execution Time": 4672.055
  }
]
