[
  {
    "Plan": {
      "Node Type": "Hash Join",
      "Parallel Aware": false,
      "Join Type": "Inner",
      "Startup Cost": 111542.28,
      "Total Cost": 223214.23,
      "Plan Rows": 1,
      "Plan Width": 132,
      "Actual Startup Time": 1148.917,
      "Actual Total Time": 1325.563,
      "Actual Rows": 1,
      "Actual Loops": 1,
      "Hash Cond": "(mk.mk_keyword_id = k.k_id)",
      "Plans": [
        {
          "Node Type": "Hash Join",
          "Parent Relationship": "Outer",
          "Parallel Aware": false,
          "Join Type": "Inner",
          "Startup Cost": 108075.24,
          "Total Cost": 219747.13,
          "Plan Rows": 14,
          "Plan Width": 106,
          "Actual Startup Time": 1133.265,
          "Actual Total Time": 1309.913,
          "Actual Rows": 156,
          "Actual Loops": 1,
          "Hash Cond": "(mk.mk_movie_id = t.t_id)",
          "Plans": [
            {
              "Node Type": "Seq Scan",
              "Parent Relationship": "Outer",
              "Parallel Aware": false,
              "Relation Name": "movie_keyword",
              "Alias": "mk",
              "Startup Cost": 0.00,
              "Total Cost": 89810.27,
              "Plan Rows": 5829727,
              "Plan Width": 12,
              "Actual Startup Time": 0.015,
              "Actual Total Time": 392.971,
              "Actual Rows": 5829736,
              "Actual Loops": 1
            },
            {
              "Node Type": "Hash",
              "Parent Relationship": "Inner",
              "Parallel Aware": false,
              "Startup Cost": 108075.14,
              "Total Cost": 108075.14,
              "Plan Rows": 8,
              "Plan Width": 94,
              "Actual Startup Time": 527.194,
              "Actual Total Time": 527.194,
              "Actual Rows": 3,
              "Actual Loops": 1,
              "Hash Buckets": 1024,
              "Original Hash Buckets": 1024,
              "Hash Batches": 1,
              "Original Hash Batches": 1,
              "Peak Memory Usage": 9,
              "Plans": [
                {
                  "Node Type": "Seq Scan",
                  "Parent Relationship": "Outer",
                  "Parallel Aware": false,
                  "Relation Name": "title",
                  "Alias": "t",
                  "Startup Cost": 0.00,
                  "Total Cost": 108075.14,
                  "Plan Rows": 8,
                  "Plan Width": 94,
                  "Actual Startup Time": 14.607,
                  "Actual Total Time": 527.188,
                  "Actual Rows": 3,
                  "Actual Loops": 1,
                  "Filter": "((t_production_year >= 2000) AND (t_production_year <= 2010) AND (t_title = 'Shrek 2'::text))",
                  "Rows Removed by Filter": 3403207
                }
              ]
            }
          ]
        },
        {
          "Node Type": "Hash",
          "Parent Relationship": "Inner",
          "Parallel Aware": false,
          "Startup Cost": 3467.03,
          "Total Cost": 3467.03,
          "Plan Rows": 1,
          "Plan Width": 26,
          "Actual Startup Time": 15.639,
          "Actual Total Time": 15.639,
          "Actual Rows": 1,
          "Actual Loops": 1,
          "Hash Buckets": 1024,
          "Original Hash Buckets": 1024,
          "Hash Batches": 1,
          "Original Hash Batches": 1,
          "Peak Memory Usage": 9,
          "Plans": [
            {
              "Node Type": "Seq Scan",
              "Parent Relationship": "Outer",
              "Parallel Aware": false,
              "Relation Name": "keyword",
              "Alias": "k",
              "Startup Cost": 0.00,
              "Total Cost": 3467.03,
              "Plan Rows": 1,
              "Plan Width": 26,
              "Actual Startup Time": 0.876,
              "Actual Total Time": 15.636,
              "Actual Rows": 1,
              "Actual Loops": 1,
              "Filter": "(k_keyword = 'computer-animation'::text)",
              "Rows Removed by Filter": 175841
            }
          ]
        }
      ]
    },
    "Planning Time": 0.320,
    "Triggers": [
    ],
    "Execution Time": 1325.601
  }
]
