[
  {
    "Plan": {
      "Node Type": "Hash Join",
      "Parallel Aware": false,
      "Join Type": "Inner",
      "Startup Cost": 185014.62,
      "Total Cost": 192804.91,
      "Plan Rows": 1,
      "Plan Width": 209,
      "Actual Startup Time": 1001.833,
      "Actual Total Time": 1042.168,
      "Actual Rows": 7,
      "Actual Loops": 1,
      "Hash Cond": "(cn.cn1_id = mc.mc_company_id)",
      "Plans": [
        {
          "Node Type": "Seq Scan",
          "Parent Relationship": "Outer",
          "Parallel Aware": false,
          "Relation Name": "company_name",
          "Alias": "cn",
          "Startup Cost": 0.00,
          "Total Cost": 7377.61,
          "Plan Rows": 110045,
          "Plan Width": 75,
          "Actual Startup Time": 0.006,
          "Actual Total Time": 34.279,
          "Actual Rows": 110294,
          "Actual Loops": 1,
          "Filter": "((cn1_country_code)::text = '[us]'::text)",
          "Rows Removed by Filter": 181835
        },
        {
          "Node Type": "Hash",
          "Parent Relationship": "Inner",
          "Parallel Aware": false,
          "Startup Cost": 185014.58,
          "Total Cost": 185014.58,
          "Plan Rows": 3,
          "Plan Width": 134,
          "Actual Startup Time": 1001.465,
          "Actual Total Time": 1001.465,
          "Actual Rows": 25,
          "Actual Loops": 1,
          "Hash Buckets": 1024,
          "Original Hash Buckets": 1024,
          "Hash Batches": 1,
          "Original Hash Batches": 1,
          "Peak Memory Usage": 12,
          "Plans": [
            {
              "Node Type": "Hash Join",
              "Parent Relationship": "Outer",
              "Parallel Aware": false,
              "Join Type": "Inner",
              "Startup Cost": 108075.18,
              "Total Cost": 185014.58,
              "Plan Rows": 3,
              "Plan Width": 134,
              "Actual Startup Time": 680.443,
              "Actual Total Time": 1001.449,
              "Actual Rows": 25,
              "Actual Loops": 1,
              "Hash Cond": "(mc.mc_movie_id = t.t_id)",
              "Plans": [
                {
                  "Node Type": "Seq Scan",
                  "Parent Relationship": "Outer",
                  "Parallel Aware": false,
                  "Relation Name": "movie_companies",
                  "Alias": "mc",
                  "Startup Cost": 0.00,
                  "Total Cost": 63095.09,
                  "Plan Rows": 3691809,
                  "Plan Width": 40,
                  "Actual Startup Time": 0.010,
                  "Actual Total Time": 259.223,
                  "Actual Rows": 3691809,
                  "Actual Loops": 1
                },
                {
                  "Node Type": "Hash",
                  "Parent Relationship": "Inner",
                  "Parallel Aware": false,
                  "Startup Cost": 108075.14,
                  "Total Cost": 108075.14,
                  "Plan Rows": 3,
                  "Plan Width": 94,
                  "Actual Startup Time": 488.606,
                  "Actual Total Time": 488.606,
                  "Actual Rows": 2,
                  "Actual Loops": 1,
                  "Hash Buckets": 1024,
                  "Original Hash Buckets": 1024,
                  "Hash Batches": 1,
                  "Original Hash Batches": 1,
                  "Peak Memory Usage": 9,
                  "Plans": [
                    {
                      "Node Type": "Seq Scan",
                      "Parent Relationship": "Outer",
                      "Parallel Aware": false,
                      "Relation Name": "title",
                      "Alias": "t",
                      "Startup Cost": 0.00,
                      "Total Cost": 108075.14,
                      "Plan Rows": 3,
                      "Plan Width": 94,
                      "Actual Startup Time": 440.686,
                      "Actual Total Time": 488.600,
                      "Actual Rows": 2,
                      "Actual Loops": 1,
                      "Filter": "((t_production_year >= 2000) AND (t_production_year <= 2005) AND (t_title = 'Shrek 2'::text))",
                      "Rows Removed by Filter": 3403208
                    }
                  ]
                }
              ]
            }
          ]
        }
      ]
    },
    "Planning Time": 0.225,
    "Triggers": [
    ],
    "Execution Time": 1042.201
  }
]
