[
  {
    "Plan": {
      "Node Type": "Hash Join",
      "Parallel Aware": false,
      "Join Type": "Inner",
      "Startup Cost": 111542.22,
      "Total Cost": 223214.04,
      "Plan Rows": 1,
      "Plan Width": 132,
      "Actual Startup Time": 1076.201,
      "Actual Total Time": 1258.196,
      "Actual Rows": 1,
      "Actual Loops": 1,
      "Hash Cond": "(mk.mk_keyword_id = k.k_id)",
      "Plans": [
        {
          "Node Type": "Hash Join",
          "Parent Relationship": "Outer",
          "Parallel Aware": false,
          "Join Type": "Inner",
          "Startup Cost": 108075.18,
          "Total Cost": 219746.97,
          "Plan Rows": 5,
          "Plan Width": 106,
          "Actual Startup Time": 1061.401,
          "Actual Total Time": 1243.393,
          "Actual Rows": 156,
          "Actual Loops": 1,
          "Hash Cond": "(mk.mk_movie_id = t.t_id)",
          "Plans": [
            {
              "Node Type": "Seq Scan",
              "Parent Relationship": "Outer",
              "Parallel Aware": false,
              "Relation Name": "movie_keyword",
              "Alias": "mk",
              "Startup Cost": 0.00,
              "Total Cost": 89810.27,
              "Plan Rows": 5829727,
              "Plan Width": 12,
              "Actual Startup Time": 0.014,
              "Actual Total Time": 393.491,
              "Actual Rows": 5829736,
              "Actual Loops": 1
            },
            {
              "Node Type": "Hash",
              "Parent Relationship": "Inner",
              "Parallel Aware": false,
              "Startup Cost": 108075.14,
              "Total Cost": 108075.14,
              "Plan Rows": 3,
              "Plan Width": 94,
              "Actual Startup Time": 457.407,
              "Actual Total Time": 457.407,
              "Actual Rows": 2,
              "Actual Loops": 1,
              "Hash Buckets": 1024,
              "Original Hash Buckets": 1024,
              "Hash Batches": 1,
              "Original Hash Batches": 1,
              "Peak Memory Usage": 9,
              "Plans": [
                {
                  "Node Type": "Seq Scan",
                  "Parent Relationship": "Outer",
                  "Parallel Aware": false,
                  "Relation Name": "title",
                  "Alias": "t",
                  "Startup Cost": 0.00,
                  "Total Cost": 108075.14,
                  "Plan Rows": 3,
                  "Plan Width": 94,
                  "Actual Startup Time": 414.369,
                  "Actual Total Time": 457.402,
                  "Actual Rows": 2,
                  "Actual Loops": 1,
                  "Filter": "((t_production_year >= 2000) AND (t_production_year <= 2005) AND (t_title = 'Shrek 2'::text))",
                  "Rows Removed by Filter": 3403208
                }
              ]
            }
          ]
        },
        {
          "Node Type": "Hash",
          "Parent Relationship": "Inner",
          "Parallel Aware": false,
          "Startup Cost": 3467.03,
          "Total Cost": 3467.03,
          "Plan Rows": 1,
          "Plan Width": 26,
          "Actual Startup Time": 14.788,
          "Actual Total Time": 14.788,
          "Actual Rows": 1,
          "Actual Loops": 1,
          "Hash Buckets": 1024,
          "Original Hash Buckets": 1024,
          "Hash Batches": 1,
          "Original Hash Batches": 1,
          "Peak Memory Usage": 9,
          "Plans": [
            {
              "Node Type": "Seq Scan",
              "Parent Relationship": "Outer",
              "Parallel Aware": false,
              "Relation Name": "keyword",
              "Alias": "k",
              "Startup Cost": 0.00,
              "Total Cost": 3467.03,
              "Plan Rows": 1,
              "Plan Width": 26,
              "Actual Startup Time": 0.875,
              "Actual Total Time": 14.786,
              "Actual Rows": 1,
              "Actual Loops": 1,
              "Filter": "(k_keyword = 'computer-animation'::text)",
              "Rows Removed by Filter": 175841
            }
          ]
        }
      ]
    },
    "Planning Time": 0.209,
    "Triggers": [
    ],
    "Execution Time": 1258.225
  }
]
