[
  {
    "Plan": {
      "Node Type": "Hash Join",
      "Parallel Aware": false,
      "Join Type": "Inner",
      "Startup Cost": 2624.48,
      "Total Cost": 110699.65,
      "Plan Rows": 1,
      "Plan Width": 196,
      "Actual Startup Time": 522.392,
      "Actual Total Time": 522.426,
      "Actual Rows": 1,
      "Actual Loops": 1,
      "Hash Cond": "(t.t_id = cc.cc_movie_id)",
      "Plans": [
        {
          "Node Type": "Seq Scan",
          "Parent Relationship": "Outer",
          "Parallel Aware": false,
          "Relation Name": "title",
          "Alias": "t",
          "Startup Cost": 0.00,
          "Total Cost": 108075.14,
          "Plan Rows": 3,
          "Plan Width": 94,
          "Actual Startup Time": 428.684,
          "Actual Total Time": 474.570,
          "Actual Rows": 2,
          "Actual Loops": 1,
          "Filter": "((t_production_year >= 2000) AND (t_production_year <= 2005) AND (t_title = 'Shrek 2'::text))",
          "Rows Removed by Filter": 3403208
        },
        {
          "Node Type": "Hash",
          "Parent Relationship": "Inner",
          "Parallel Aware": false,
          "Startup Cost": 2614.97,
          "Total Cost": 2614.97,
          "Plan Rows": 761,
          "Plan Width": 102,
          "Actual Startup Time": 45.060,
          "Actual Total Time": 45.060,
          "Actual Rows": 85941,
          "Actual Loops": 1,
          "Hash Buckets": 65536,
          "Original Hash Buckets": 1024,
          "Hash Batches": 2,
          "Original Hash Batches": 1,
          "Peak Memory Usage": 3585,
          "Plans": [
            {
              "Node Type": "Hash Join",
              "Parent Relationship": "Outer",
              "Parallel Aware": false,
              "Join Type": "Inner",
              "Startup Cost": 18.93,
              "Total Cost": 2614.97,
              "Plan Rows": 761,
              "Plan Width": 102,
              "Actual Startup Time": 0.018,
              "Actual Total Time": 30.562,
              "Actual Rows": 85941,
              "Actual Loops": 1,
              "Hash Cond": "(cc.cc_subject_id = cct1.cct_id)",
              "Plans": [
                {
                  "Node Type": "Seq Scan",
                  "Parent Relationship": "Outer",
                  "Parallel Aware": false,
                  "Relation Name": "complete_cast",
                  "Alias": "cc",
                  "Startup Cost": 0.00,
                  "Total Cost": 2081.86,
                  "Plan Rows": 135086,
                  "Plan Width": 16,
                  "Actual Startup Time": 0.008,
                  "Actual Total Time": 8.507,
                  "Actual Rows": 135086,
                  "Actual Loops": 1
                },
                {
                  "Node Type": "Hash",
                  "Parent Relationship": "Inner",
                  "Parallel Aware": false,
                  "Startup Cost": 18.88,
                  "Total Cost": 18.88,
                  "Plan Rows": 4,
                  "Plan Width": 86,
                  "Actual Startup Time": 0.006,
                  "Actual Total Time": 0.006,
                  "Actual Rows": 1,
                  "Actual Loops": 1,
                  "Hash Buckets": 1024,
                  "Original Hash Buckets": 1024,
                  "Hash Batches": 1,
                  "Original Hash Batches": 1,
                  "Peak Memory Usage": 9,
                  "Plans": [
                    {
                      "Node Type": "Seq Scan",
                      "Parent Relationship": "Outer",
                      "Parallel Aware": false,
                      "Relation Name": "comp_cast_type",
                      "Alias": "cct1",
                      "Startup Cost": 0.00,
                      "Total Cost": 18.88,
                      "Plan Rows": 4,
                      "Plan Width": 86,
                      "Actual Startup Time": 0.004,
                      "Actual Total Time": 0.005,
                      "Actual Rows": 1,
                      "Actual Loops": 1,
                      "Filter": "((cct_kind)::text = 'cast'::text)",
                      "Rows Removed by Filter": 3
                    }
                  ]
                }
              ]
            }
          ]
        }
      ]
    },
    "Planning Time": 0.170,
    "Triggers": [
    ],
    "Execution Time": 522.456
  }
]
