[
  {
    "Plan": {
      "Node Type": "Hash Join",
      "Parallel Aware": false,
      "Join Type": "Inner",
      "Startup Cost": 1240287.94,
      "Total Cost": 1380326.16,
      "Plan Rows": 1,
      "Plan Width": 405,
      "Actual Startup Time": 6318.864,
      "Actual Total Time": 6635.091,
      "Actual Rows": 956,
      "Actual Loops": 1,
      "Hash Cond": "(ci.ci_role_id = rt.rt_id)",
      "Plans": [
        {
          "Node Type": "Hash Join",
          "Parent Relationship": "Outer",
          "Parallel Aware": false,
          "Join Type": "Inner",
          "Startup Cost": 1240269.01,
          "Total Cost": 1380307.22,
          "Plan Rows": 1,
          "Plan Width": 319,
          "Actual Startup Time": 6318.852,
          "Actual Total Time": 6634.912,
          "Actual Rows": 956,
          "Actual Loops": 1,
          "Hash Cond": "(n.n_id = ci.ci_person_id)",
          "Plans": [
            {
              "Node Type": "Seq Scan",
              "Parent Relationship": "Outer",
              "Parallel Aware": false,
              "Relation Name": "name",
              "Alias": "n",
              "Startup Cost": 0.00,
              "Total Cost": 135508.69,
              "Plan Rows": 1207870,
              "Plan Width": 75,
              "Actual Startup Time": 275.845,
              "Actual Total Time": 593.316,
              "Actual Rows": 1204907,
              "Actual Loops": 1,
              "Filter": "((n_gender)::text = 'f'::text)",
              "Rows Removed by Filter": 4035953
            },
            {
              "Node Type": "Hash",
              "Parent Relationship": "Inner",
              "Parallel Aware": false,
              "Startup Cost": 1240269.00,
              "Total Cost": 1240269.00,
              "Plan Rows": 1,
              "Plan Width": 244,
              "Actual Startup Time": 5965.015,
              "Actual Total Time": 5965.015,
              "Actual Rows": 960,
              "Actual Loops": 1,
              "Hash Buckets": 1024,
              "Original Hash Buckets": 1024,
              "Hash Batches": 1,
              "Original Hash Batches": 1,
              "Peak Memory Usage": 206,
              "Plans": [
                {
                  "Node Type": "Hash Join",
                  "Parent Relationship": "Outer",
                  "Parallel Aware": false,
                  "Join Type": "Inner",
                  "Startup Cost": 1136350.38,
                  "Total Cost": 1240269.00,
                  "Plan Rows": 1,
                  "Plan Width": 244,
                  "Actual Startup Time": 5432.011,
                  "Actual Total Time": 5964.610,
                  "Actual Rows": 960,
                  "Actual Loops": 1,
                  "Hash Cond": "(t.t_id = ci.ci_movie_id)",
                  "Plans": [
                    {
                      "Node Type": "Seq Scan",
                      "Parent Relationship": "Outer",
                      "Parallel Aware": false,
                      "Relation Name": "title",
                      "Alias": "t",
                      "Startup Cost": 0.00,
                      "Total Cost": 99566.12,
                      "Plan Rows": 1160664,
                      "Plan Width": 94,
                      "Actual Startup Time": 0.009,
                      "Actual Total Time": 473.138,
                      "Actual Rows": 1159238,
                      "Actual Loops": 1,
                      "Filter": "((t_production_year >= 2000) AND (t_production_year <= 2010))",
                      "Rows Removed by Filter": 2243972
                    },
                    {
                      "Node Type": "Hash",
                      "Parent Relationship": "Inner",
                      "Parallel Aware": false,
                      "Startup Cost": 1136350.37,
                      "Total Cost": 1136350.37,
                      "Plan Rows": 1,
                      "Plan Width": 150,
                      "Actual Startup Time": 5408.168,
                      "Actual Total Time": 5408.168,
                      "Actual Rows": 1378,
                      "Actual Loops": 1,
                      "Hash Buckets": 2048,
                      "Original Hash Buckets": 1024,
                      "Hash Batches": 1,
                      "Original Hash Batches": 1,
                      "Peak Memory Usage": 175,
                      "Plans": [
                        {
                          "Node Type": "Hash Join",
                          "Parent Relationship": "Outer",
                          "Parallel Aware": false,
                          "Join Type": "Inner",
                          "Startup Cost": 89669.96,
                          "Total Cost": 1136350.37,
                          "Plan Rows": 1,
                          "Plan Width": 150,
                          "Actual Startup Time": 478.923,
                          "Actual Total Time": 5407.762,
                          "Actual Rows": 1378,
                          "Actual Loops": 1,
                          "Hash Cond": "(ci.ci_person_role_id = chn.cn_id)",
                          "Plans": [
                            {
                              "Node Type": "Seq Scan",
                              "Parent Relationship": "Outer",
                              "Parallel Aware": false,
                              "Relation Name": "cast_info",
                              "Alias": "ci",
                              "Startup Cost": 0.00,
                              "Total Cost": 1042436.54,
                              "Plan Rows": 1131695,
                              "Plan Width": 42,
                              "Actual Startup Time": 0.011,
                              "Actual Total Time": 4899.309,
                              "Actual Rows": 1150048,
                              "Actual Loops": 1,
                              "Filter": "(ci_note = ANY ('{(voice),\"(voice: Japanese version)\",\"(voice) (uncredited)\",\"(voice: English version)\"}'::text[]))",
                              "Rows Removed by Filter": 46223909
                            },
                            {
                              "Node Type": "Hash",
                              "Parent Relationship": "Inner",
                              "Parallel Aware": false,
                              "Startup Cost": 89669.94,
                              "Total Cost": 89669.94,
                              "Plan Rows": 2,
                              "Plan Width": 108,
                              "Actual Startup Time": 442.896,
                              "Actual Total Time": 442.896,
                              "Actual Rows": 2,
                              "Actual Loops": 1,
                              "Hash Buckets": 1024,
                              "Original Hash Buckets": 1024,
                              "Hash Batches": 1,
                              "Original Hash Batches": 1,
                              "Peak Memory Usage": 9,
                              "Plans": [
                                {
                                  "Node Type": "Seq Scan",
                                  "Parent Relationship": "Outer",
                                  "Parallel Aware": false,
                                  "Relation Name": "char_name",
                                  "Alias": "chn",
                                  "Startup Cost": 0.00,
                                  "Total Cost": 89669.94,
                                  "Plan Rows": 2,
                                  "Plan Width": 108,
                                  "Actual Startup Time": 6.751,
                                  "Actual Total Time": 442.892,
                                  "Actual Rows": 2,
                                  "Actual Loops": 1,
                                  "Filter": "(cn_name = ANY ('{Pikachu,Zoey}'::text[]))",
                                  "Rows Removed by Filter": 3715576
                                }
                              ]
                            }
                          ]
                        }
                      ]
                    }
                  ]
                }
              ]
            }
          ]
        },
        {
          "Node Type": "Hash",
          "Parent Relationship": "Inner",
          "Parallel Aware": false,
          "Startup Cost": 18.88,
          "Total Cost": 18.88,
          "Plan Rows": 4,
          "Plan Width": 86,
          "Actual Startup Time": 0.007,
          "Actual Total Time": 0.007,
          "Actual Rows": 1,
          "Actual Loops": 1,
          "Hash Buckets": 1024,
          "Original Hash Buckets": 1024,
          "Hash Batches": 1,
          "Original Hash Batches": 1,
          "Peak Memory Usage": 9,
          "Plans": [
            {
              "Node Type": "Seq Scan",
              "Parent Relationship": "Outer",
              "Parallel Aware": false,
              "Relation Name": "role_type",
              "Alias": "rt",
              "Startup Cost": 0.00,
              "Total Cost": 18.88,
              "Plan Rows": 4,
              "Plan Width": 86,
              "Actual Startup Time": 0.005,
              "Actual Total Time": 0.006,
              "Actual Rows": 1,
              "Actual Loops": 1,
              "Filter": "((rt_role)::text = 'actress'::text)",
              "Rows Removed by Filter": 11
            }
          ]
        }
      ]
    },
    "Planning Time": 0.415,
    "Triggers": [
    ],
    "Execution Time": 6635.149
  }
]
