[
  {
    "Plan": {
      "Node Type": "Hash Join",
      "Parallel Aware": false,
      "Join Type": "Inner",
      "Startup Cost": 85944.91,
      "Total Cost": 299083.88,
      "Plan Rows": 39632,
      "Plan Width": 209,
      "Actual Startup Time": 651.136,
      "Actual Total Time": 1900.747,
      "Actual Rows": 82842,
      "Actual Loops": 1,
      "Hash Cond": "(t.t_id = mc.mc_movie_id)",
      "Plans": [
        {
          "Node Type": "Seq Scan",
          "Parent Relationship": "Outer",
          "Parallel Aware": false,
          "Relation Name": "title",
          "Alias": "t",
          "Startup Cost": 0.00,
          "Total Cost": 82548.08,
          "Plan Rows": 3403608,
          "Plan Width": 94,
          "Actual Startup Time": 0.006,
          "Actual Total Time": 333.062,
          "Actual Rows": 3403210,
          "Actual Loops": 1
        },
        {
          "Node Type": "Hash",
          "Parent Relationship": "Inner",
          "Parallel Aware": false,
          "Startup Cost": 84752.51,
          "Total Cost": 84752.51,
          "Plan Rows": 39632,
          "Plan Width": 115,
          "Actual Startup Time": 650.933,
          "Actual Total Time": 650.933,
          "Actual Rows": 82842,
          "Actual Loops": 1,
          "Hash Buckets": 32768,
          "Original Hash Buckets": 32768,
          "Hash Batches": 4,
          "Original Hash Batches": 2,
          "Peak Memory Usage": 3841,
          "Plans": [
            {
              "Node Type": "Hash Join",
              "Parent Relationship": "Outer",
              "Parallel Aware": false,
              "Join Type": "Inner",
              "Startup Cost": 7416.81,
              "Total Cost": 84752.51,
              "Plan Rows": 39632,
              "Plan Width": 115,
              "Actual Startup Time": 31.935,
              "Actual Total Time": 621.938,
              "Actual Rows": 82842,
              "Actual Loops": 1,
              "Hash Cond": "(mc.mc_company_id = cn.cn1_id)",
              "Plans": [
                {
                  "Node Type": "Seq Scan",
                  "Parent Relationship": "Outer",
                  "Parallel Aware": false,
                  "Relation Name": "movie_companies",
                  "Alias": "mc",
                  "Startup Cost": 0.00,
                  "Total Cost": 63095.09,
                  "Plan Rows": 3691809,
                  "Plan Width": 40,
                  "Actual Startup Time": 0.018,
                  "Actual Total Time": 257.422,
                  "Actual Rows": 3691809,
                  "Actual Loops": 1
                },
                {
                  "Node Type": "Hash",
                  "Parent Relationship": "Inner",
                  "Parallel Aware": false,
                  "Startup Cost": 7377.61,
                  "Total Cost": 7377.61,
                  "Plan Rows": 3136,
                  "Plan Width": 75,
                  "Actual Startup Time": 31.906,
                  "Actual Total Time": 31.906,
                  "Actual Rows": 3017,
                  "Actual Loops": 1,
                  "Hash Buckets": 4096,
                  "Original Hash Buckets": 4096,
                  "Hash Batches": 1,
                  "Original Hash Batches": 1,
                  "Peak Memory Usage": 338,
                  "Plans": [
                    {
                      "Node Type": "Seq Scan",
                      "Parent Relationship": "Outer",
                      "Parallel Aware": false,
                      "Relation Name": "company_name",
                      "Alias": "cn",
                      "Startup Cost": 0.00,
                      "Total Cost": 7377.61,
                      "Plan Rows": 3136,
                      "Plan Width": 75,
                      "Actual Startup Time": 0.019,
                      "Actual Total Time": 31.466,
                      "Actual Rows": 3017,
                      "Actual Loops": 1,
                      "Filter": "((cn1_country_code)::text = '[nl]'::text)",
                      "Rows Removed by Filter": 289112
                    }
                  ]
                }
              ]
            }
          ]
        }
      ]
    },
    "Planning Time": 0.213,
    "Triggers": [
    ],
    "Execution Time": 1903.362
  }
]
