[
  {
    "Plan": {
      "Node Type": "Hash Join",
      "Parallel Aware": false,
      "Join Type": "Inner",
      "Startup Cost": 84402.18,
      "Total Cost": 179750.06,
      "Plan Rows": 3627,
      "Plan Width": 209,
      "Actual Startup Time": 1038.699,
      "Actual Total Time": 1086.978,
      "Actual Rows": 5,
      "Actual Loops": 1,
      "Hash Cond": "(t.t_id = mc.mc_movie_id)",
      "Plans": [
        {
          "Node Type": "Seq Scan",
          "Parent Relationship": "Outer",
          "Parallel Aware": false,
          "Relation Name": "title",
          "Alias": "t",
          "Startup Cost": 0.00,
          "Total Cost": 82548.08,
          "Plan Rows": 3403608,
          "Plan Width": 94,
          "Actual Startup Time": 0.005,
          "Actual Total Time": 293.285,
          "Actual Rows": 3403210,
          "Actual Loops": 1
        },
        {
          "Node Type": "Hash",
          "Parent Relationship": "Inner",
          "Parallel Aware": false,
          "Startup Cost": 84356.84,
          "Total Cost": 84356.84,
          "Plan Rows": 3627,
          "Plan Width": 115,
          "Actual Startup Time": 566.921,
          "Actual Total Time": 566.921,
          "Actual Rows": 5,
          "Actual Loops": 1,
          "Hash Buckets": 4096,
          "Original Hash Buckets": 4096,
          "Hash Batches": 1,
          "Original Hash Batches": 1,
          "Peak Memory Usage": 33,
          "Plans": [
            {
              "Node Type": "Hash Join",
              "Parent Relationship": "Outer",
              "Parallel Aware": false,
              "Join Type": "Inner",
              "Startup Cost": 7381.20,
              "Total Cost": 84356.84,
              "Plan Rows": 3627,
              "Plan Width": 115,
              "Actual Startup Time": 230.622,
              "Actual Total Time": 566.915,
              "Actual Rows": 5,
              "Actual Loops": 1,
              "Hash Cond": "(mc.mc_company_id = cn.cn1_id)",
              "Plans": [
                {
                  "Node Type": "Seq Scan",
                  "Parent Relationship": "Outer",
                  "Parallel Aware": false,
                  "Relation Name": "movie_companies",
                  "Alias": "mc",
                  "Startup Cost": 0.00,
                  "Total Cost": 63095.09,
                  "Plan Rows": 3691809,
                  "Plan Width": 40,
                  "Actual Startup Time": 0.010,
                  "Actual Total Time": 261.055,
                  "Actual Rows": 3691809,
                  "Actual Loops": 1
                },
                {
                  "Node Type": "Hash",
                  "Parent Relationship": "Inner",
                  "Parallel Aware": false,
                  "Startup Cost": 7377.61,
                  "Total Cost": 7377.61,
                  "Plan Rows": 287,
                  "Plan Width": 75,
                  "Actual Startup Time": 30.023,
                  "Actual Total Time": 30.023,
                  "Actual Rows": 2,
                  "Actual Loops": 1,
                  "Hash Buckets": 1024,
                  "Original Hash Buckets": 1024,
                  "Hash Batches": 1,
                  "Original Hash Batches": 1,
                  "Peak Memory Usage": 9,
                  "Plans": [
                    {
                      "Node Type": "Seq Scan",
                      "Parent Relationship": "Outer",
                      "Parallel Aware": false,
                      "Relation Name": "company_name",
                      "Alias": "cn",
                      "Startup Cost": 0.00,
                      "Total Cost": 7377.61,
                      "Plan Rows": 287,
                      "Plan Width": 75,
                      "Actual Startup Time": 5.909,
                      "Actual Total Time": 30.020,
                      "Actual Rows": 2,
                      "Actual Loops": 1,
                      "Filter": "((cn1_country_code)::text = '[sm]'::text)",
                      "Rows Removed by Filter": 292127
                    }
                  ]
                }
              ]
            }
          ]
        }
      ]
    },
    "Planning Time": 0.216,
    "Triggers": [
    ],
    "Execution Time": 1087.009
  }
]
