[
  {
    "Plan": {
      "Node Type": "Hash Join",
      "Parallel Aware": false,
      "Join Type": "Inner",
      "Startup Cost": 146201.68,
      "Total Cost": 620645.69,
      "Plan Rows": 548,
      "Plan Width": 186,
      "Actual Startup Time": 1858.433,
      "Actual Total Time": 3647.313,
      "Actual Rows": 77017,
      "Actual Loops": 1,
      "Hash Cond": "(mi.mi_movie_id = t.t_id)",
      "Plans": [
        {
          "Node Type": "Hash Join",
          "Parent Relationship": "Outer",
          "Parallel Aware": false,
          "Join Type": "Inner",
          "Startup Cost": 2.43,
          "Total Cost": 444655.37,
          "Plan Rows": 918,
          "Plan Width": 92,
          "Actual Startup Time": 1017.413,
          "Actual Total Time": 2571.980,
          "Actual Rows": 104382,
          "Actual Loops": 1,
          "Hash Cond": "(mi.mi_info_type_id = it1.it_id)",
          "Plans": [
            {
              "Node Type": "Seq Scan",
              "Parent Relationship": "Outer",
              "Parallel Aware": false,
              "Relation Name": "movie_info",
              "Alias": "mi",
              "Startup Cost": 0.00,
              "Total Cost": 444254.80,
              "Plan Rows": 103725,
              "Plan Width": 74,
              "Actual Startup Time": 355.561,
              "Actual Total Time": 2549.826,
              "Actual Rows": 105181,
              "Actual Loops": 1,
              "Filter": "(mi_info = ANY ('{Horror,Thriller}'::text[]))",
              "Rows Removed by Filter": 18708653
            },
            {
              "Node Type": "Hash",
              "Parent Relationship": "Inner",
              "Parallel Aware": false,
              "Startup Cost": 2.41,
              "Total Cost": 2.41,
              "Plan Rows": 1,
              "Plan Width": 18,
              "Actual Startup Time": 0.018,
              "Actual Total Time": 0.018,
              "Actual Rows": 1,
              "Actual Loops": 1,
              "Hash Buckets": 1024,
              "Original Hash Buckets": 1024,
              "Hash Batches": 1,
              "Original Hash Batches": 1,
              "Peak Memory Usage": 9,
              "Plans": [
                {
                  "Node Type": "Seq Scan",
                  "Parent Relationship": "Outer",
                  "Parallel Aware": false,
                  "Relation Name": "info_type",
                  "Alias": "it1",
                  "Startup Cost": 0.00,
                  "Total Cost": 2.41,
                  "Plan Rows": 1,
                  "Plan Width": 18,
                  "Actual Startup Time": 0.009,
                  "Actual Total Time": 0.016,
                  "Actual Rows": 1,
                  "Actual Loops": 1,
                  "Filter": "((it_info)::text = 'genres'::text)",
                  "Rows Removed by Filter": 112
                }
              ]
            }
          ]
        },
        {
          "Node Type": "Hash",
          "Parent Relationship": "Inner",
          "Parallel Aware": false,
          "Startup Cost": 91057.10,
          "Total Cost": 91057.10,
          "Plan Rows": 2031132,
          "Plan Width": 94,
          "Actual Startup Time": 838.841,
          "Actual Total Time": 838.841,
          "Actual Rows": 2027079,
          "Actual Loops": 1,
          "Hash Buckets": 32768,
          "Original Hash Buckets": 32768,
          "Hash Batches": 128,
          "Original Hash Batches": 128,
          "Peak Memory Usage": 2055,
          "Plans": [
            {
              "Node Type": "Seq Scan",
              "Parent Relationship": "Outer",
              "Parallel Aware": false,
              "Relation Name": "title",
              "Alias": "t",
              "Startup Cost": 0.00,
              "Total Cost": 91057.10,
              "Plan Rows": 2031132,
              "Plan Width": 94,
              "Actual Startup Time": 0.007,
              "Actual Total Time": 483.438,
              "Actual Rows": 2027079,
              "Actual Loops": 1,
              "Filter": "(t_production_year > 2000)",
              "Rows Removed by Filter": 1376131
            }
          ]
        }
      ]
    },
    "Planning Time": 0.196,
    "Triggers": [
    ],
    "Execution Time": 3649.611
  }
]
