[
  {
    "Plan": {
      "Node Type": "Hash Join",
      "Parallel Aware": false,
      "Join Type": "Inner",
      "Startup Cost": 337564.94,
      "Total Cost": 1568084.77,
      "Plan Rows": 386934,
      "Plan Width": 211,
      "Actual Startup Time": 3766.086,
      "Actual Total Time": 8341.798,
      "Actual Rows": 413991,
      "Actual Loops": 1,
      "Hash Cond": "(ci.ci_movie_id = t.t_id)",
      "Plans": [
        {
          "Node Type": "Hash Join",
          "Parent Relationship": "Outer",
          "Parallel Aware": false,
          "Join Type": "Inner",
          "Startup Cost": 191365.69,
          "Total Cost": 1362225.21,
          "Plan Rows": 648393,
          "Plan Width": 117,
          "Actual Startup Time": 2699.573,
          "Actual Total Time": 6845.305,
          "Actual Rows": 687685,
          "Actual Loops": 1,
          "Hash Cond": "(ci.ci_person_id = n.n_id)",
          "Plans": [
            {
              "Node Type": "Seq Scan",
              "Parent Relationship": "Outer",
              "Parallel Aware": false,
              "Relation Name": "cast_info",
              "Alias": "ci",
              "Startup Cost": 0.00,
              "Total Cost": 1101625.58,
              "Plan Rows": 1532602,
              "Plan Width": 42,
              "Actual Startup Time": 38.089,
              "Actual Total Time": 5176.430,
              "Actual Rows": 1504458,
              "Actual Loops": 1,
              "Filter": "(ci_note = ANY ('{(writer),\"(head writer)\",\"(written by)\",(story),\"(story editor)\"}'::text[]))",
              "Rows Removed by Filter": 45869499
            },
            {
              "Node Type": "Hash",
              "Parent Relationship": "Inner",
              "Parallel Aware": false,
              "Startup Cost": 135508.69,
              "Total Cost": 135508.69,
              "Plan Rows": 2216960,
              "Plan Width": 75,
              "Actual Startup Time": 1029.056,
              "Actual Total Time": 1029.056,
              "Actual Rows": 2203740,
              "Actual Loops": 1,
              "Hash Buckets": 65536,
              "Original Hash Buckets": 65536,
              "Hash Batches": 128,
              "Original Hash Batches": 128,
              "Peak Memory Usage": 2366,
              "Plans": [
                {
                  "Node Type": "Seq Scan",
                  "Parent Relationship": "Outer",
                  "Parallel Aware": false,
                  "Relation Name": "name",
                  "Alias": "n",
                  "Startup Cost": 0.00,
                  "Total Cost": 135508.69,
                  "Plan Rows": 2216960,
                  "Plan Width": 75,
                  "Actual Startup Time": 0.011,
                  "Actual Total Time": 657.614,
                  "Actual Rows": 2203740,
                  "Actual Loops": 1,
                  "Filter": "((n_gender)::text = 'm'::text)",
                  "Rows Removed by Filter": 3037120
                }
              ]
            }
          ]
        },
        {
          "Node Type": "Hash",
          "Parent Relationship": "Inner",
          "Parallel Aware": false,
          "Startup Cost": 91057.10,
          "Total Cost": 91057.10,
          "Plan Rows": 2031132,
          "Plan Width": 94,
          "Actual Startup Time": 860.796,
          "Actual Total Time": 860.796,
          "Actual Rows": 2027079,
          "Actual Loops": 1,
          "Hash Buckets": 32768,
          "Original Hash Buckets": 32768,
          "Hash Batches": 128,
          "Original Hash Batches": 128,
          "Peak Memory Usage": 2044,
          "Plans": [
            {
              "Node Type": "Seq Scan",
              "Parent Relationship": "Outer",
              "Parallel Aware": false,
              "Relation Name": "title",
              "Alias": "t",
              "Startup Cost": 0.00,
              "Total Cost": 91057.10,
              "Plan Rows": 2031132,
              "Plan Width": 94,
              "Actual Startup Time": 0.007,
              "Actual Total Time": 499.417,
              "Actual Rows": 2027079,
              "Actual Loops": 1,
              "Filter": "(t_production_year > 2000)",
              "Rows Removed by Filter": 1376131
            }
          ]
        }
      ]
    },
    "Planning Time": 0.220,
    "Triggers": [
    ],
    "Execution Time": 8353.943
  }
]
