[
  {
    "Plan": {
      "Node Type": "Hash Join",
      "Parallel Aware": false,
      "Join Type": "Inner",
      "Startup Cost": 429389.02,
      "Total Cost": 1781864.67,
      "Plan Rows": 1532602,
      "Plan Width": 211,
      "Actual Startup Time": 4267.996,
      "Actual Total Time": 10174.727,
      "Actual Rows": 1504458,
      "Actual Loops": 1,
      "Hash Cond": "(ci.ci_movie_id = t.t_id)",
      "Plans": [
        {
          "Node Type": "Hash Join",
          "Parent Relationship": "Outer",
          "Parallel Aware": false,
          "Join Type": "Inner",
          "Startup Cost": 254437.84,
          "Total Cost": 1478268.71,
          "Plan Rows": 1532602,
          "Plan Width": 117,
          "Actual Startup Time": 2998.894,
          "Actual Total Time": 7705.502,
          "Actual Rows": 1504458,
          "Actual Loops": 1,
          "Hash Cond": "(ci.ci_person_id = n.n_id)",
          "Plans": [
            {
              "Node Type": "Seq Scan",
              "Parent Relationship": "Outer",
              "Parallel Aware": false,
              "Relation Name": "cast_info",
              "Alias": "ci",
              "Startup Cost": 0.00,
              "Total Cost": 1101625.58,
              "Plan Rows": 1532602,
              "Plan Width": 42,
              "Actual Startup Time": 36.874,
              "Actual Total Time": 5144.409,
              "Actual Rows": 1504458,
              "Actual Loops": 1,
              "Filter": "(ci_note = ANY ('{(writer),\"(head writer)\",\"(written by)\",(story),\"(story editor)\"}'::text[]))",
              "Rows Removed by Filter": 45869499
            },
            {
              "Node Type": "Hash",
              "Parent Relationship": "Inner",
              "Parallel Aware": false,
              "Startup Cost": 122408.15,
              "Total Cost": 122408.15,
              "Plan Rows": 5240215,
              "Plan Width": 75,
              "Actual Startup Time": 1461.763,
              "Actual Total Time": 1461.763,
              "Actual Rows": 5240860,
              "Actual Loops": 1,
              "Hash Buckets": 65536,
              "Original Hash Buckets": 65536,
              "Hash Batches": 256,
              "Original Hash Batches": 256,
              "Peak Memory Usage": 2716,
              "Plans": [
                {
                  "Node Type": "Seq Scan",
                  "Parent Relationship": "Outer",
                  "Parallel Aware": false,
                  "Relation Name": "name",
                  "Alias": "n",
                  "Startup Cost": 0.00,
                  "Total Cost": 122408.15,
                  "Plan Rows": 5240215,
                  "Plan Width": 75,
                  "Actual Startup Time": 0.008,
                  "Actual Total Time": 490.724,
                  "Actual Rows": 5240860,
                  "Actual Loops": 1
                }
              ]
            }
          ]
        },
        {
          "Node Type": "Hash",
          "Parent Relationship": "Inner",
          "Parallel Aware": false,
          "Startup Cost": 82548.08,
          "Total Cost": 82548.08,
          "Plan Rows": 3403608,
          "Plan Width": 94,
          "Actual Startup Time": 962.946,
          "Actual Total Time": 962.946,
          "Actual Rows": 3403210,
          "Actual Loops": 1,
          "Hash Buckets": 32768,
          "Original Hash Buckets": 32768,
          "Hash Batches": 128,
          "Original Hash Batches": 128,
          "Peak Memory Usage": 3224,
          "Plans": [
            {
              "Node Type": "Seq Scan",
              "Parent Relationship": "Outer",
              "Parallel Aware": false,
              "Relation Name": "title",
              "Alias": "t",
              "Startup Cost": 0.00,
              "Total Cost": 82548.08,
              "Plan Rows": 3403608,
              "Plan Width": 94,
              "Actual Startup Time": 0.006,
              "Actual Total Time": 333.867,
              "Actual Rows": 3403210,
              "Actual Loops": 1
            }
          ]
        }
      ]
    },
    "Planning Time": 0.210,
    "Triggers": [
    ],
    "Execution Time": 10217.000
  }
]
