[
  {
    "Plan": {
      "Node Type": "Hash Join",
      "Parallel Aware": false,
      "Join Type": "Inner",
      "Startup Cost": 115400.17,
      "Total Cost": 216853.40,
      "Plan Rows": 11,
      "Plan Width": 342,
      "Actual Startup Time": 1134.333,
      "Actual Total Time": 1639.021,
      "Actual Rows": 2440,
      "Actual Loops": 1,
      "Hash Cond": "(t2.t_id = ml.ml_linked_movie_id)",
      "Plans": [
        {
          "Node Type": "Seq Scan",
          "Parent Relationship": "Outer",
          "Parallel Aware": false,
          "Relation Name": "title",
          "Alias": "t2",
          "Startup Cost": 0.00,
          "Total Cost": 99566.12,
          "Plan Rows": 503199,
          "Plan Width": 94,
          "Actual Startup Time": 0.023,
          "Actual Total Time": 445.690,
          "Actual Rows": 489519,
          "Actual Loops": 1,
          "Filter": "((t_production_year >= 2005) AND (t_production_year <= 2008))",
          "Rows Removed by Filter": 2913691
        },
        {
          "Node Type": "Hash",
          "Parent Relationship": "Inner",
          "Parallel Aware": false,
          "Startup Cost": 115399.21,
          "Total Cost": 115399.21,
          "Plan Rows": 77,
          "Plan Width": 248,
          "Actual Startup Time": 1133.460,
          "Actual Total Time": 1133.460,
          "Actual Rows": 22548,
          "Actual Loops": 1,
          "Hash Buckets": 32768,
          "Original Hash Buckets": 1024,
          "Hash Batches": 1,
          "Original Hash Batches": 1,
          "Peak Memory Usage": 4068,
          "Plans": [
            {
              "Node Type": "Hash Join",
              "Parent Relationship": "Outer",
              "Parallel Aware": false,
              "Join Type": "Inner",
              "Startup Cost": 19732.29,
              "Total Cost": 115399.21,
              "Plan Rows": 77,
              "Plan Width": 248,
              "Actual Startup Time": 436.684,
              "Actual Total Time": 1125.480,
              "Actual Rows": 22548,
              "Actual Loops": 1,
              "Hash Cond": "(t1.t_id = ml.ml_movie_id)",
              "Plans": [
                {
                  "Node Type": "Hash Join",
                  "Parent Relationship": "Outer",
                  "Parallel Aware": false,
                  "Join Type": "Inner",
                  "Startup Cost": 22.81,
                  "Total Cost": 95501.26,
                  "Plan Rows": 16684,
                  "Plan Width": 146,
                  "Actual Startup Time": 0.033,
                  "Actual Total Time": 552.937,
                  "Actual Rows": 120193,
                  "Actual Loops": 1,
                  "Hash Cond": "(t1.t_kind_id = kt1.kt_id)",
                  "Plans": [
                    {
                      "Node Type": "Seq Scan",
                      "Parent Relationship": "Outer",
                      "Parallel Aware": false,
                      "Relation Name": "title",
                      "Alias": "t1",
                      "Startup Cost": 0.00,
                      "Total Cost": 82548.08,
                      "Plan Rows": 3403608,
                      "Plan Width": 94,
                      "Actual Startup Time": 0.006,
                      "Actual Total Time": 274.853,
                      "Actual Rows": 3403210,
                      "Actual Loops": 1
                    },
                    {
                      "Node Type": "Hash",
                      "Parent Relationship": "Inner",
                      "Parallel Aware": false,
                      "Startup Cost": 22.75,
                      "Total Cost": 22.75,
                      "Plan Rows": 5,
                      "Plan Width": 52,
                      "Actual Startup Time": 0.013,
                      "Actual Total Time": 0.013,
                      "Actual Rows": 1,
                      "Actual Loops": 1,
                      "Hash Buckets": 1024,
                      "Original Hash Buckets": 1024,
                      "Hash Batches": 1,
                      "Original Hash Batches": 1,
                      "Peak Memory Usage": 9,
                      "Plans": [
                        {
                          "Node Type": "Seq Scan",
                          "Parent Relationship": "Outer",
                          "Parallel Aware": false,
                          "Relation Name": "kind_type",
                          "Alias": "kt1",
                          "Startup Cost": 0.00,
                          "Total Cost": 22.75,
                          "Plan Rows": 5,
                          "Plan Width": 52,
                          "Actual Startup Time": 0.008,
                          "Actual Total Time": 0.010,
                          "Actual Rows": 1,
                          "Actual Loops": 1,
                          "Filter": "((kt_kind)::text = 'tv series'::text)",
                          "Rows Removed by Filter": 6
                        }
                      ]
                    }
                  ]
                },
                {
                  "Node Type": "Hash",
                  "Parent Relationship": "Inner",
                  "Parallel Aware": false,
                  "Startup Cost": 19513.98,
                  "Total Cost": 19513.98,
                  "Plan Rows": 15640,
                  "Plan Width": 102,
                  "Actual Startup Time": 435.694,
                  "Actual Total Time": 435.694,
                  "Actual Rows": 858984,
                  "Actual Loops": 1,
                  "Hash Buckets": 65536,
                  "Original Hash Buckets": 16384,
                  "Hash Batches": 16,
                  "Original Hash Batches": 1,
                  "Peak Memory Usage": 3672,
                  "Plans": [
                    {
                      "Node Type": "Hash Join",
                      "Parent Relationship": "Outer",
                      "Parallel Aware": false,
                      "Join Type": "Inner",
                      "Startup Cost": 19.90,
                      "Total Cost": 19513.98,
                      "Plan Rows": 15640,
                      "Plan Width": 102,
                      "Actual Startup Time": 0.082,
                      "Actual Total Time": 270.249,
                      "Actual Rows": 858984,
                      "Actual Loops": 1,
                      "Hash Cond": "(ml.ml_link_type_id = lt.lt_id)",
                      "Plans": [
                        {
                          "Node Type": "Seq Scan",
                          "Parent Relationship": "Outer",
                          "Parallel Aware": false,
                          "Relation Name": "movie_link",
                          "Alias": "ml",
                          "Startup Cost": 0.00,
                          "Total Cost": 15552.04,
                          "Plan Rows": 1009504,
                          "Plan Width": 16,
                          "Actual Startup Time": 0.030,
                          "Actual Total Time": 75.168,
                          "Actual Rows": 1009504,
                          "Actual Loops": 1
                        },
                        {
                          "Node Type": "Hash",
                          "Parent Relationship": "Inner",
                          "Parallel Aware": false,
                          "Startup Cost": 19.76,
                          "Total Cost": 19.76,
                          "Plan Rows": 11,
                          "Plan Width": 86,
                          "Actual Startup Time": 0.045,
                          "Actual Total Time": 0.045,
                          "Actual Rows": 2,
                          "Actual Loops": 1,
                          "Hash Buckets": 1024,
                          "Original Hash Buckets": 1024,
                          "Hash Batches": 1,
                          "Original Hash Batches": 1,
                          "Peak Memory Usage": 9,
                          "Plans": [
                            {
                              "Node Type": "Seq Scan",
                              "Parent Relationship": "Outer",
                              "Parallel Aware": false,
                              "Relation Name": "link_type",
                              "Alias": "lt",
                              "Startup Cost": 0.00,
                              "Total Cost": 19.76,
                              "Plan Rows": 11,
                              "Plan Width": 86,
                              "Actual Startup Time": 0.035,
                              "Actual Total Time": 0.044,
                              "Actual Rows": 2,
                              "Actual Loops": 1,
                              "Filter": "((lt_link)::text = ANY ('{sequel,follows,\"followed by\"}'::text[]))",
                              "Rows Removed by Filter": 16
                            }
                          ]
                        }
                      ]
                    }
                  ]
                }
              ]
            }
          ]
        }
      ]
    },
    "Planning Time": 0.990,
    "Triggers": [
    ],
    "Execution Time": 1639.237
  }
]
