[
  {
    "Plan": {
      "Node Type": "Hash Join",
      "Parallel Aware": false,
      "Join Type": "Inner",
      "Startup Cost": 38857.68,
      "Total Cost": 142947.25,
      "Plan Rows": 28,
      "Plan Width": 214,
      "Actual Startup Time": 385.788,
      "Actual Total Time": 939.551,
      "Actual Rows": 1147,
      "Actual Loops": 1,
      "Hash Cond": "(t2.t_id = mi_idx2.mii_movie_id)",
      "Plans": [
        {
          "Node Type": "Hash Join",
          "Parent Relationship": "Outer",
          "Parallel Aware": false,
          "Join Type": "Inner",
          "Startup Cost": 22.88,
          "Total Cost": 104055.27,
          "Plan Rows": 11379,
          "Plan Width": 146,
          "Actual Startup Time": 0.021,
          "Actual Total Time": 546.750,
          "Actual Rows": 42496,
          "Actual Loops": 1,
          "Hash Cond": "(t2.t_kind_id = kt2.kt_id)",
          "Plans": [
            {
              "Node Type": "Seq Scan",
              "Parent Relationship": "Outer",
              "Parallel Aware": false,
              "Relation Name": "title",
              "Alias": "t2",
              "Startup Cost": 0.00,
              "Total Cost": 99566.12,
              "Plan Rows": 1160664,
              "Plan Width": 94,
              "Actual Startup Time": 0.007,
              "Actual Total Time": 475.580,
              "Actual Rows": 1159238,
              "Actual Loops": 1,
              "Filter": "((t_production_year >= 2000) AND (t_production_year <= 2010))",
              "Rows Removed by Filter": 2243972
            },
            {
              "Node Type": "Hash",
              "Parent Relationship": "Inner",
              "Parallel Aware": false,
              "Startup Cost": 22.75,
              "Total Cost": 22.75,
              "Plan Rows": 10,
              "Plan Width": 52,
              "Actual Startup Time": 0.005,
              "Actual Total Time": 0.005,
              "Actual Rows": 1,
              "Actual Loops": 1,
              "Hash Buckets": 1024,
              "Original Hash Buckets": 1024,
              "Hash Batches": 1,
              "Original Hash Batches": 1,
              "Peak Memory Usage": 9,
              "Plans": [
                {
                  "Node Type": "Seq Scan",
                  "Parent Relationship": "Outer",
                  "Parallel Aware": false,
                  "Relation Name": "kind_type",
                  "Alias": "kt2",
                  "Startup Cost": 0.00,
                  "Total Cost": 22.75,
                  "Plan Rows": 10,
                  "Plan Width": 52,
                  "Actual Startup Time": 0.003,
                  "Actual Total Time": 0.004,
                  "Actual Rows": 1,
                  "Actual Loops": 1,
                  "Filter": "((kt_kind)::text = ANY ('{\"tv series\",episode}'::text[]))",
                  "Rows Removed by Filter": 6
                }
              ]
            }
          ]
        },
        {
          "Node Type": "Hash",
          "Parent Relationship": "Inner",
          "Parallel Aware": false,
          "Startup Cost": 38730.25,
          "Total Cost": 38730.25,
          "Plan Rows": 8364,
          "Plan Width": 68,
          "Actual Startup Time": 385.338,
          "Actual Total Time": 385.339,
          "Actual Rows": 17824,
          "Actual Loops": 1,
          "Hash Buckets": 32768,
          "Original Hash Buckets": 16384,
          "Hash Batches": 1,
          "Original Hash Batches": 1,
          "Peak Memory Usage": 1301,
          "Plans": [
            {
              "Node Type": "Hash Join",
              "Parent Relationship": "Outer",
              "Parallel Aware": false,
              "Join Type": "Inner",
              "Startup Cost": 2.43,
              "Total Cost": 38730.25,
              "Plan Rows": 8364,
              "Plan Width": 68,
              "Actual Startup Time": 0.091,
              "Actual Total Time": 381.159,
              "Actual Rows": 17824,
              "Actual Loops": 1,
              "Hash Cond": "(mi_idx2.mii_info_type_id = it2.it_id)",
              "Plans": [
                {
                  "Node Type": "Seq Scan",
                  "Parent Relationship": "Outer",
                  "Parallel Aware": false,
                  "Relation Name": "movie_info_idx",
                  "Alias": "mi_idx2",
                  "Startup Cost": 0.00,
                  "Total Cost": 35100.04,
                  "Plan Rows": 945107,
                  "Plan Width": 50,
                  "Actual Startup Time": 0.010,
                  "Actual Total Time": 326.723,
                  "Actual Rows": 941986,
                  "Actual Loops": 1,
                  "Filter": "(mii_info < '3.5'::text)",
                  "Rows Removed by Filter": 981217
                },
                {
                  "Node Type": "Hash",
                  "Parent Relationship": "Inner",
                  "Parallel Aware": false,
                  "Startup Cost": 2.41,
                  "Total Cost": 2.41,
                  "Plan Rows": 1,
                  "Plan Width": 18,
                  "Actual Startup Time": 0.011,
                  "Actual Total Time": 0.011,
                  "Actual Rows": 1,
                  "Actual Loops": 1,
                  "Hash Buckets": 1024,
                  "Original Hash Buckets": 1024,
                  "Hash Batches": 1,
                  "Original Hash Batches": 1,
                  "Peak Memory Usage": 9,
                  "Plans": [
                    {
                      "Node Type": "Seq Scan",
                      "Parent Relationship": "Outer",
                      "Parallel Aware": false,
                      "Relation Name": "info_type",
                      "Alias": "it2",
                      "Startup Cost": 0.00,
                      "Total Cost": 2.41,
                      "Plan Rows": 1,
                      "Plan Width": 18,
                      "Actual Startup Time": 0.009,
                      "Actual Total Time": 0.010,
                      "Actual Rows": 1,
                      "Actual Loops": 1,
                      "Filter": "((it_info)::text = 'rating'::text)",
                      "Rows Removed by Filter": 112
                    }
                  ]
                }
              ]
            }
          ]
        }
      ]
    },
    "Planning Time": 0.273,
    "Triggers": [
    ],
    "Execution Time": 939.659
  }
]
