[
  {
    "Plan": {
      "Node Type": "Hash Join",
      "Parallel Aware": false,
      "Join Type": "Inner",
      "Startup Cost": 115756.50,
      "Total Cost": 219675.63,
      "Plan Rows": 52,
      "Plan Width": 342,
      "Actual Startup Time": 1190.430,
      "Actual Total Time": 1805.383,
      "Actual Rows": 6734,
      "Actual Loops": 1,
      "Hash Cond": "(t2.t_id = ml.ml_linked_movie_id)",
      "Plans": [
        {
          "Node Type": "Seq Scan",
          "Parent Relationship": "Outer",
          "Parallel Aware": false,
          "Relation Name": "title",
          "Alias": "t2",
          "Startup Cost": 0.00,
          "Total Cost": 99566.12,
          "Plan Rows": 1160664,
          "Plan Width": 94,
          "Actual Startup Time": 0.007,
          "Actual Total Time": 484.517,
          "Actual Rows": 1159238,
          "Actual Loops": 1,
          "Filter": "((t_production_year >= 2000) AND (t_production_year <= 2010))",
          "Rows Removed by Filter": 2243972
        },
        {
          "Node Type": "Hash",
          "Parent Relationship": "Inner",
          "Parallel Aware": false,
          "Startup Cost": 115754.59,
          "Total Cost": 115754.59,
          "Plan Rows": 153,
          "Plan Width": 248,
          "Actual Startup Time": 1190.330,
          "Actual Total Time": 1190.330,
          "Actual Rows": 22548,
          "Actual Loops": 1,
          "Hash Buckets": 32768,
          "Original Hash Buckets": 1024,
          "Hash Batches": 1,
          "Original Hash Batches": 1,
          "Peak Memory Usage": 4068,
          "Plans": [
            {
              "Node Type": "Hash Join",
              "Parent Relationship": "Outer",
              "Parallel Aware": false,
              "Join Type": "Inner",
              "Startup Cost": 19732.36,
              "Total Cost": 115754.59,
              "Plan Rows": 153,
              "Plan Width": 248,
              "Actual Startup Time": 419.984,
              "Actual Total Time": 1182.459,
              "Actual Rows": 22548,
              "Actual Loops": 1,
              "Hash Cond": "(t1.t_id = ml.ml_movie_id)",
              "Plans": [
                {
                  "Node Type": "Hash Join",
                  "Parent Relationship": "Outer",
                  "Parallel Aware": false,
                  "Join Type": "Inner",
                  "Startup Cost": 22.88,
                  "Total Cost": 95668.18,
                  "Plan Rows": 33369,
                  "Plan Width": 146,
                  "Actual Startup Time": 0.011,
                  "Actual Total Time": 581.322,
                  "Actual Rows": 120193,
                  "Actual Loops": 1,
                  "Hash Cond": "(t1.t_kind_id = kt1.kt_id)",
                  "Plans": [
                    {
                      "Node Type": "Seq Scan",
                      "Parent Relationship": "Outer",
                      "Parallel Aware": false,
                      "Relation Name": "title",
                      "Alias": "t1",
                      "Startup Cost": 0.00,
                      "Total Cost": 82548.08,
                      "Plan Rows": 3403608,
                      "Plan Width": 94,
                      "Actual Startup Time": 0.002,
                      "Actual Total Time": 289.295,
                      "Actual Rows": 3403210,
                      "Actual Loops": 1
                    },
                    {
                      "Node Type": "Hash",
                      "Parent Relationship": "Inner",
                      "Parallel Aware": false,
                      "Startup Cost": 22.75,
                      "Total Cost": 22.75,
                      "Plan Rows": 10,
                      "Plan Width": 52,
                      "Actual Startup Time": 0.005,
                      "Actual Total Time": 0.005,
                      "Actual Rows": 1,
                      "Actual Loops": 1,
                      "Hash Buckets": 1024,
                      "Original Hash Buckets": 1024,
                      "Hash Batches": 1,
                      "Original Hash Batches": 1,
                      "Peak Memory Usage": 9,
                      "Plans": [
                        {
                          "Node Type": "Seq Scan",
                          "Parent Relationship": "Outer",
                          "Parallel Aware": false,
                          "Relation Name": "kind_type",
                          "Alias": "kt1",
                          "Startup Cost": 0.00,
                          "Total Cost": 22.75,
                          "Plan Rows": 10,
                          "Plan Width": 52,
                          "Actual Startup Time": 0.004,
                          "Actual Total Time": 0.005,
                          "Actual Rows": 1,
                          "Actual Loops": 1,
                          "Filter": "((kt_kind)::text = ANY ('{\"tv series\",episode}'::text[]))",
                          "Rows Removed by Filter": 6
                        }
                      ]
                    }
                  ]
                },
                {
                  "Node Type": "Hash",
                  "Parent Relationship": "Inner",
                  "Parallel Aware": false,
                  "Startup Cost": 19513.98,
                  "Total Cost": 19513.98,
                  "Plan Rows": 15640,
                  "Plan Width": 102,
                  "Actual Startup Time": 419.070,
                  "Actual Total Time": 419.070,
                  "Actual Rows": 858984,
                  "Actual Loops": 1,
                  "Hash Buckets": 65536,
                  "Original Hash Buckets": 16384,
                  "Hash Batches": 16,
                  "Original Hash Batches": 1,
                  "Peak Memory Usage": 3672,
                  "Plans": [
                    {
                      "Node Type": "Hash Join",
                      "Parent Relationship": "Outer",
                      "Parallel Aware": false,
                      "Join Type": "Inner",
                      "Startup Cost": 19.90,
                      "Total Cost": 19513.98,
                      "Plan Rows": 15640,
                      "Plan Width": 102,
                      "Actual Startup Time": 0.018,
                      "Actual Total Time": 255.889,
                      "Actual Rows": 858984,
                      "Actual Loops": 1,
                      "Hash Cond": "(ml.ml_link_type_id = lt.lt_id)",
                      "Plans": [
                        {
                          "Node Type": "Seq Scan",
                          "Parent Relationship": "Outer",
                          "Parallel Aware": false,
                          "Relation Name": "movie_link",
                          "Alias": "ml",
                          "Startup Cost": 0.00,
                          "Total Cost": 15552.04,
                          "Plan Rows": 1009504,
                          "Plan Width": 16,
                          "Actual Startup Time": 0.010,
                          "Actual Total Time": 70.517,
                          "Actual Rows": 1009504,
                          "Actual Loops": 1
                        },
                        {
                          "Node Type": "Hash",
                          "Parent Relationship": "Inner",
                          "Parallel Aware": false,
                          "Startup Cost": 19.76,
                          "Total Cost": 19.76,
                          "Plan Rows": 11,
                          "Plan Width": 86,
                          "Actual Startup Time": 0.005,
                          "Actual Total Time": 0.005,
                          "Actual Rows": 2,
                          "Actual Loops": 1,
                          "Hash Buckets": 1024,
                          "Original Hash Buckets": 1024,
                          "Hash Batches": 1,
                          "Original Hash Batches": 1,
                          "Peak Memory Usage": 9,
                          "Plans": [
                            {
                              "Node Type": "Seq Scan",
                              "Parent Relationship": "Outer",
                              "Parallel Aware": false,
                              "Relation Name": "link_type",
                              "Alias": "lt",
                              "Startup Cost": 0.00,
                              "Total Cost": 19.76,
                              "Plan Rows": 11,
                              "Plan Width": 86,
                              "Actual Startup Time": 0.003,
                              "Actual Total Time": 0.005,
                              "Actual Rows": 2,
                              "Actual Loops": 1,
                              "Filter": "((lt_link)::text = ANY ('{sequel,follows,\"followed by\"}'::text[]))",
                              "Rows Removed by Filter": 16
                            }
                          ]
                        }
                      ]
                    }
                  ]
                }
              ]
            }
          ]
        }
      ]
    },
    "Planning Time": 0.316,
    "Triggers": [
    ],
    "Execution Time": 1805.645
  }
]
