[
  {
    "Plan": {
      "Node Type": "Hash Join",
      "Parallel Aware": false,
      "Join Type": "Inner",
      "Startup Cost": 118205.41,
      "Total Cost": 199798.93,
      "Plan Rows": 12343,
      "Plan Width": 261,
      "Actual Startup Time": 634.213,
      "Actual Total Time": 1637.823,
      "Actual Rows": 99489,
      "Actual Loops": 1,
      "Hash Cond": "(mc2.mc_company_id = cn2.cn1_id)",
      "Plans": [
        {
          "Node Type": "Hash Join",
          "Parent Relationship": "Outer",
          "Parallel Aware": false,
          "Join Type": "Inner",
          "Startup Cost": 104197.51,
          "Total Cost": 181260.32,
          "Plan Rows": 12343,
          "Plan Width": 186,
          "Actual Startup Time": 566.117,
          "Actual Total Time": 1472.265,
          "Actual Rows": 99489,
          "Actual Loops": 1,
          "Hash Cond": "(mc2.mc_movie_id = t2.t_id)",
          "Plans": [
            {
              "Node Type": "Seq Scan",
              "Parent Relationship": "Outer",
              "Parallel Aware": false,
              "Relation Name": "movie_companies",
              "Alias": "mc2",
              "Startup Cost": 0.00,
              "Total Cost": 63095.09,
              "Plan Rows": 3691809,
              "Plan Width": 40,
              "Actual Startup Time": 0.013,
              "Actual Total Time": 272.198,
              "Actual Rows": 3691809,
              "Actual Loops": 1
            },
            {
              "Node Type": "Hash",
              "Parent Relationship": "Inner",
              "Parallel Aware": false,
              "Startup Cost": 104055.27,
              "Total Cost": 104055.27,
              "Plan Rows": 11379,
              "Plan Width": 146,
              "Actual Startup Time": 566.048,
              "Actual Total Time": 566.049,
              "Actual Rows": 42496,
              "Actual Loops": 1,
              "Hash Buckets": 32768,
              "Original Hash Buckets": 16384,
              "Hash Batches": 2,
              "Original Hash Batches": 1,
              "Peak Memory Usage": 3841,
              "Plans": [
                {
                  "Node Type": "Hash Join",
                  "Parent Relationship": "Outer",
                  "Parallel Aware": false,
                  "Join Type": "Inner",
                  "Startup Cost": 22.88,
                  "Total Cost": 104055.27,
                  "Plan Rows": 11379,
                  "Plan Width": 146,
                  "Actual Startup Time": 0.024,
                  "Actual Total Time": 549.700,
                  "Actual Rows": 42496,
                  "Actual Loops": 1,
                  "Hash Cond": "(t2.t_kind_id = kt2.kt_id)",
                  "Plans": [
                    {
                      "Node Type": "Seq Scan",
                      "Parent Relationship": "Outer",
                      "Parallel Aware": false,
                      "Relation Name": "title",
                      "Alias": "t2",
                      "Startup Cost": 0.00,
                      "Total Cost": 99566.12,
                      "Plan Rows": 1160664,
                      "Plan Width": 94,
                      "Actual Startup Time": 0.008,
                      "Actual Total Time": 476.886,
                      "Actual Rows": 1159238,
                      "Actual Loops": 1,
                      "Filter": "((t_production_year >= 2000) AND (t_production_year <= 2010))",
                      "Rows Removed by Filter": 2243972
                    },
                    {
                      "Node Type": "Hash",
                      "Parent Relationship": "Inner",
                      "Parallel Aware": false,
                      "Startup Cost": 22.75,
                      "Total Cost": 22.75,
                      "Plan Rows": 10,
                      "Plan Width": 52,
                      "Actual Startup Time": 0.007,
                      "Actual Total Time": 0.007,
                      "Actual Rows": 1,
                      "Actual Loops": 1,
                      "Hash Buckets": 1024,
                      "Original Hash Buckets": 1024,
                      "Hash Batches": 1,
                      "Original Hash Batches": 1,
                      "Peak Memory Usage": 9,
                      "Plans": [
                        {
                          "Node Type": "Seq Scan",
                          "Parent Relationship": "Outer",
                          "Parallel Aware": false,
                          "Relation Name": "kind_type",
                          "Alias": "kt2",
                          "Startup Cost": 0.00,
                          "Total Cost": 22.75,
                          "Plan Rows": 10,
                          "Plan Width": 52,
                          "Actual Startup Time": 0.005,
                          "Actual Total Time": 0.006,
                          "Actual Rows": 1,
                          "Actual Loops": 1,
                          "Filter": "((kt_kind)::text = ANY ('{\"tv series\",episode}'::text[]))",
                          "Rows Removed by Filter": 6
                        }
                      ]
                    }
                  ]
                }
              ]
            }
          ]
        },
        {
          "Node Type": "Hash",
          "Parent Relationship": "Inner",
          "Parallel Aware": false,
          "Startup Cost": 6647.29,
          "Total Cost": 6647.29,
          "Plan Rows": 292129,
          "Plan Width": 75,
          "Actual Startup Time": 68.049,
          "Actual Total Time": 68.049,
          "Actual Rows": 292129,
          "Actual Loops": 1,
          "Hash Buckets": 65536,
          "Original Hash Buckets": 65536,
          "Hash Batches": 16,
          "Original Hash Batches": 16,
          "Peak Memory Usage": 2389,
          "Plans": [
            {
              "Node Type": "Seq Scan",
              "Parent Relationship": "Outer",
              "Parallel Aware": false,
              "Relation Name": "company_name",
              "Alias": "cn2",
              "Startup Cost": 0.00,
              "Total Cost": 6647.29,
              "Plan Rows": 292129,
              "Plan Width": 75,
              "Actual Startup Time": 0.005,
              "Actual Total Time": 22.329,
              "Actual Rows": 292129,
              "Actual Loops": 1
            }
          ]
        }
      ]
    },
    "Planning Time": 0.267,
    "Triggers": [
    ],
    "Execution Time": 1640.944
  }
]
