[
  {
    "Plan": {
      "Node Type": "Hash Join",
      "Parallel Aware": false,
      "Join Type": "Inner",
      "Startup Cost": 122660.90,
      "Total Cost": 396511.79,
      "Plan Rows": 1588301,
      "Plan Width": 132,
      "Actual Startup Time": 638.390,
      "Actual Total Time": 2898.099,
      "Actual Rows": 869360,
      "Actual Loops": 1,
      "Hash Cond": "(mk.mk_keyword_id = k.k_id)",
      "Plans": [
        {
          "Node Type": "Hash Join",
          "Parent Relationship": "Outer",
          "Parallel Aware": false,
          "Join Type": "Inner",
          "Startup Cost": 116232.45,
          "Total Cost": 314303.21,
          "Plan Rows": 1588301,
          "Plan Width": 106,
          "Actual Startup Time": 604.684,
          "Actual Total Time": 2373.186,
          "Actual Rows": 869360,
          "Actual Loops": 1,
          "Hash Cond": "(mk.mk_movie_id = t.t_id)",
          "Plans": [
            {
              "Node Type": "Seq Scan",
              "Parent Relationship": "Outer",
              "Parallel Aware": false,
              "Relation Name": "movie_keyword",
              "Alias": "mk",
              "Startup Cost": 0.00,
              "Total Cost": 89810.27,
              "Plan Rows": 5829727,
              "Plan Width": 12,
              "Actual Startup Time": 0.019,
              "Actual Total Time": 432.678,
              "Actual Rows": 5829736,
              "Actual Loops": 1
            },
            {
              "Node Type": "Hash",
              "Parent Relationship": "Inner",
              "Parallel Aware": false,
              "Startup Cost": 91057.10,
              "Total Cost": 91057.10,
              "Plan Rows": 927308,
              "Plan Width": 94,
              "Actual Startup Time": 604.100,
              "Actual Total Time": 604.100,
              "Actual Rows": 927086,
              "Actual Loops": 1,
              "Hash Buckets": 32768,
              "Original Hash Buckets": 32768,
              "Hash Batches": 32,
              "Original Hash Batches": 32,
              "Peak Memory Usage": 3564,
              "Plans": [
                {
                  "Node Type": "Seq Scan",
                  "Parent Relationship": "Outer",
                  "Parallel Aware": false,
                  "Relation Name": "title",
                  "Alias": "t",
                  "Startup Cost": 0.00,
                  "Total Cost": 91057.10,
                  "Plan Rows": 927308,
                  "Plan Width": 94,
                  "Actual Startup Time": 0.008,
                  "Actual Total Time": 444.445,
                  "Actual Rows": 927086,
                  "Actual Loops": 1,
                  "Filter": "(t_production_year > 2010)",
                  "Rows Removed by Filter": 2476124
                }
              ]
            }
          ]
        },
        {
          "Node Type": "Hash",
          "Parent Relationship": "Inner",
          "Parallel Aware": false,
          "Startup Cost": 3027.42,
          "Total Cost": 3027.42,
          "Plan Rows": 175842,
          "Plan Width": 26,
          "Actual Startup Time": 33.678,
          "Actual Total Time": 33.678,
          "Actual Rows": 175842,
          "Actual Loops": 1,
          "Hash Buckets": 65536,
          "Original Hash Buckets": 65536,
          "Hash Batches": 4,
          "Original Hash Batches": 4,
          "Peak Memory Usage": 3069,
          "Plans": [
            {
              "Node Type": "Seq Scan",
              "Parent Relationship": "Outer",
              "Parallel Aware": false,
              "Relation Name": "keyword",
              "Alias": "k",
              "Startup Cost": 0.00,
              "Total Cost": 3027.42,
              "Plan Rows": 175842,
              "Plan Width": 26,
              "Actual Startup Time": 0.006,
              "Actual Total Time": 12.047,
              "Actual Rows": 175842,
              "Actual Loops": 1
            }
          ]
        }
      ]
    },
    "Planning Time": 0.217,
    "Triggers": [
    ],
    "Execution Time": 2923.684
  }
]
