[
  {
    "Plan": {
      "Node Type": "Hash Join",
      "Parallel Aware": false,
      "Join Type": "Inner",
      "Startup Cost": 116232.45,
      "Total Cost": 574088.37,
      "Plan Rows": 131,
      "Plan Width": 168,
      "Actual Startup Time": 1348.939,
      "Actual Total Time": 2813.759,
      "Actual Rows": 547,
      "Actual Loops": 1,
      "Hash Cond": "(mi.mi_movie_id = t.t_id)",
      "Plans": [
        {
          "Node Type": "Seq Scan",
          "Parent Relationship": "Outer",
          "Parallel Aware": false,
          "Relation Name": "movie_info",
          "Alias": "mi",
          "Startup Cost": 0.00,
          "Total Cost": 444254.80,
          "Plan Rows": 482,
          "Plan Width": 74,
          "Actual Startup Time": 713.982,
          "Actual Total Time": 2117.420,
          "Actual Rows": 2717,
          "Actual Loops": 1,
          "Filter": "(mi_info = 'Bulgaria'::text)",
          "Rows Removed by Filter": 18811117
        },
        {
          "Node Type": "Hash",
          "Parent Relationship": "Inner",
          "Parallel Aware": false,
          "Startup Cost": 91057.10,
          "Total Cost": 91057.10,
          "Plan Rows": 927308,
          "Plan Width": 94,
          "Actual Startup Time": 609.878,
          "Actual Total Time": 609.878,
          "Actual Rows": 927086,
          "Actual Loops": 1,
          "Hash Buckets": 32768,
          "Original Hash Buckets": 32768,
          "Hash Batches": 32,
          "Original Hash Batches": 32,
          "Peak Memory Usage": 3563,
          "Plans": [
            {
              "Node Type": "Seq Scan",
              "Parent Relationship": "Outer",
              "Parallel Aware": false,
              "Relation Name": "title",
              "Alias": "t",
              "Startup Cost": 0.00,
              "Total Cost": 91057.10,
              "Plan Rows": 927308,
              "Plan Width": 94,
              "Actual Startup Time": 0.008,
              "Actual Total Time": 447.672,
              "Actual Rows": 927086,
              "Actual Loops": 1,
              "Filter": "(t_production_year > 2010)",
              "Rows Removed by Filter": 2476124
            }
          ]
        }
      ]
    },
    "Planning Time": 0.138,
    "Triggers": [
    ],
    "Execution Time": 2813.811
  }
]
