[
  {
    "Plan": {
      "Node Type": "Hash Join",
      "Parallel Aware": false,
      "Join Type": "Inner",
      "Startup Cost": 157339.66,
      "Total Cost": 857843.00,
      "Plan Rows": 609032,
      "Plan Width": 168,
      "Actual Startup Time": 1564.238,
      "Actual Total Time": 6140.554,
      "Actual Rows": 620587,
      "Actual Loops": 1,
      "Hash Cond": "(mi.mi_movie_id = t.t_id)",
      "Plans": [
        {
          "Node Type": "Seq Scan",
          "Parent Relationship": "Outer",
          "Parallel Aware": false,
          "Relation Name": "movie_info",
          "Alias": "mi",
          "Startup Cost": 0.00,
          "Total Cost": 632845.84,
          "Plan Rows": 849035,
          "Plan Width": 74,
          "Actual Startup Time": 616.240,
          "Actual Total Time": 4644.555,
          "Actual Rows": 871271,
          "Actual Loops": 1,
          "Filter": "(mi_info = ANY ('{Sweden,Norway,Germany,Denmark,Swedish,Denish,Norwegian,German,USA,American}'::text[]))",
          "Rows Removed by Filter": 17942563
        },
        {
          "Node Type": "Hash",
          "Parent Relationship": "Inner",
          "Parallel Aware": false,
          "Startup Cost": 91057.10,
          "Total Cost": 91057.10,
          "Plan Rows": 2441485,
          "Plan Width": 94,
          "Actual Startup Time": 944.687,
          "Actual Total Time": 944.687,
          "Actual Rows": 2440187,
          "Actual Loops": 1,
          "Hash Buckets": 32768,
          "Original Hash Buckets": 32768,
          "Hash Batches": 128,
          "Original Hash Batches": 128,
          "Peak Memory Usage": 2412,
          "Plans": [
            {
              "Node Type": "Seq Scan",
              "Parent Relationship": "Outer",
              "Parallel Aware": false,
              "Relation Name": "title",
              "Alias": "t",
              "Startup Cost": 0.00,
              "Total Cost": 91057.10,
              "Plan Rows": 2441485,
              "Plan Width": 94,
              "Actual Startup Time": 0.009,
              "Actual Total Time": 507.174,
              "Actual Rows": 2440187,
              "Actual Loops": 1,
              "Filter": "(t_production_year > 1990)",
              "Rows Removed by Filter": 963023
            }
          ]
        }
      ]
    },
    "Planning Time": 0.195,
    "Triggers": [
    ],
    "Execution Time": 6158.089
  }
]
