[
  {
    "Plan": {
      "Node Type": "Hash Join",
      "Parallel Aware": false,
      "Join Type": "Inner",
      "Startup Cost": 141783.11,
      "Total Cost": 501947.02,
      "Plan Rows": 2794695,
      "Plan Width": 132,
      "Actual Startup Time": 753.565,
      "Actual Total Time": 4043.234,
      "Actual Rows": 1979687,
      "Actual Loops": 1,
      "Hash Cond": "(mk.mk_keyword_id = k.k_id)",
      "Plans": [
        {
          "Node Type": "Hash Join",
          "Parent Relationship": "Outer",
          "Parallel Aware": false,
          "Join Type": "Inner",
          "Startup Cost": 135354.66,
          "Total Cost": 363094.52,
          "Plan Rows": 2794695,
          "Plan Width": 106,
          "Actual Startup Time": 719.161,
          "Actual Total Time": 2863.216,
          "Actual Rows": 1979687,
          "Actual Loops": 1,
          "Hash Cond": "(mk.mk_movie_id = t.t_id)",
          "Plans": [
            {
              "Node Type": "Seq Scan",
              "Parent Relationship": "Outer",
              "Parallel Aware": false,
              "Relation Name": "movie_keyword",
              "Alias": "mk",
              "Startup Cost": 0.00,
              "Total Cost": 89810.27,
              "Plan Rows": 5829727,
              "Plan Width": 12,
              "Actual Startup Time": 0.013,
              "Actual Total Time": 419.208,
              "Actual Rows": 5829736,
              "Actual Loops": 1
            },
            {
              "Node Type": "Hash",
              "Parent Relationship": "Inner",
              "Parallel Aware": false,
              "Startup Cost": 91057.10,
              "Total Cost": 91057.10,
              "Plan Rows": 1631645,
              "Plan Width": 94,
              "Actual Startup Time": 718.444,
              "Actual Total Time": 718.444,
              "Actual Rows": 1617190,
              "Actual Loops": 1,
              "Hash Buckets": 32768,
              "Original Hash Buckets": 32768,
              "Hash Batches": 64,
              "Original Hash Batches": 64,
              "Peak Memory Usage": 3155,
              "Plans": [
                {
                  "Node Type": "Seq Scan",
                  "Parent Relationship": "Outer",
                  "Parallel Aware": false,
                  "Relation Name": "title",
                  "Alias": "t",
                  "Startup Cost": 0.00,
                  "Total Cost": 91057.10,
                  "Plan Rows": 1631645,
                  "Plan Width": 94,
                  "Actual Startup Time": 0.008,
                  "Actual Total Time": 455.069,
                  "Actual Rows": 1617190,
                  "Actual Loops": 1,
                  "Filter": "(t_production_year > 2005)",
                  "Rows Removed by Filter": 1786020
                }
              ]
            }
          ]
        },
        {
          "Node Type": "Hash",
          "Parent Relationship": "Inner",
          "Parallel Aware": false,
          "Startup Cost": 3027.42,
          "Total Cost": 3027.42,
          "Plan Rows": 175842,
          "Plan Width": 26,
          "Actual Startup Time": 34.364,
          "Actual Total Time": 34.364,
          "Actual Rows": 175842,
          "Actual Loops": 1,
          "Hash Buckets": 65536,
          "Original Hash Buckets": 65536,
          "Hash Batches": 4,
          "Original Hash Batches": 4,
          "Peak Memory Usage": 3069,
          "Plans": [
            {
              "Node Type": "Seq Scan",
              "Parent Relationship": "Outer",
              "Parallel Aware": false,
              "Relation Name": "keyword",
              "Alias": "k",
              "Startup Cost": 0.00,
              "Total Cost": 3027.42,
              "Plan Rows": 175842,
              "Plan Width": 26,
              "Actual Startup Time": 0.007,
              "Actual Total Time": 12.493,
              "Actual Rows": 175842,
              "Actual Loops": 1
            }
          ]
        }
      ]
    },
    "Planning Time": 0.212,
    "Triggers": [
    ],
    "Execution Time": 4101.832
  }
]
