[
  {
    "Plan": {
      "Node Type": "Hash Join",
      "Parallel Aware": false,
      "Join Type": "Inner",
      "Startup Cost": 35180.55,
      "Total Cost": 130874.67,
      "Plan Rows": 48,
      "Plan Width": 162,
      "Actual Startup Time": 336.024,
      "Actual Total Time": 943.812,
      "Actual Rows": 3586,
      "Actual Loops": 1,
      "Hash Cond": "(t.t_id = mi_idx.mii_movie_id)",
      "Plans": [
        {
          "Node Type": "Seq Scan",
          "Parent Relationship": "Outer",
          "Parallel Aware": false,
          "Relation Name": "title",
          "Alias": "t",
          "Startup Cost": 0.00,
          "Total Cost": 91057.10,
          "Plan Rows": 927308,
          "Plan Width": 94,
          "Actual Startup Time": 0.007,
          "Actual Total Time": 480.212,
          "Actual Rows": 927086,
          "Actual Loops": 1,
          "Filter": "(t_production_year > 2010)",
          "Rows Removed by Filter": 2476124
        },
        {
          "Node Type": "Hash",
          "Parent Relationship": "Inner",
          "Parallel Aware": false,
          "Startup Cost": 35178.36,
          "Total Cost": 35178.36,
          "Plan Rows": 175,
          "Plan Width": 68,
          "Actual Startup Time": 334.184,
          "Actual Total Time": 334.184,
          "Actual Rows": 10122,
          "Actual Loops": 1,
          "Hash Buckets": 16384,
          "Original Hash Buckets": 1024,
          "Hash Batches": 1,
          "Original Hash Batches": 1,
          "Peak Memory Usage": 722,
          "Plans": [
            {
              "Node Type": "Hash Join",
              "Parent Relationship": "Outer",
              "Parallel Aware": false,
              "Join Type": "Inner",
              "Startup Cost": 2.43,
              "Total Cost": 35178.36,
              "Plan Rows": 175,
              "Plan Width": 68,
              "Actual Startup Time": 0.201,
              "Actual Total Time": 331.847,
              "Actual Rows": 10122,
              "Actual Loops": 1,
              "Hash Cond": "(mi_idx.mii_info_type_id = it.it_id)",
              "Plans": [
                {
                  "Node Type": "Seq Scan",
                  "Parent Relationship": "Outer",
                  "Parallel Aware": false,
                  "Relation Name": "movie_info_idx",
                  "Alias": "mi_idx",
                  "Startup Cost": 0.00,
                  "Total Cost": 35100.04,
                  "Plan Rows": 19773,
                  "Plan Width": 50,
                  "Actual Startup Time": 0.097,
                  "Actual Total Time": 328.503,
                  "Actual Rows": 20824,
                  "Actual Loops": 1,
                  "Filter": "(mii_info > '9.0'::text)",
                  "Rows Removed by Filter": 1902379
                },
                {
                  "Node Type": "Hash",
                  "Parent Relationship": "Inner",
                  "Parallel Aware": false,
                  "Startup Cost": 2.41,
                  "Total Cost": 2.41,
                  "Plan Rows": 1,
                  "Plan Width": 18,
                  "Actual Startup Time": 0.021,
                  "Actual Total Time": 0.021,
                  "Actual Rows": 1,
                  "Actual Loops": 1,
                  "Hash Buckets": 1024,
                  "Original Hash Buckets": 1024,
                  "Hash Batches": 1,
                  "Original Hash Batches": 1,
                  "Peak Memory Usage": 9,
                  "Plans": [
                    {
                      "Node Type": "Seq Scan",
                      "Parent Relationship": "Outer",
                      "Parallel Aware": false,
                      "Relation Name": "info_type",
                      "Alias": "it",
                      "Startup Cost": 0.00,
                      "Total Cost": 2.41,
                      "Plan Rows": 1,
                      "Plan Width": 18,
                      "Actual Startup Time": 0.018,
                      "Actual Total Time": 0.020,
                      "Actual Rows": 1,
                      "Actual Loops": 1,
                      "Filter": "((it_info)::text = 'rating'::text)",
                      "Rows Removed by Filter": 112
                    }
                  ]
                }
              ]
            }
          ]
        }
      ]
    },
    "Planning Time": 0.262,
    "Triggers": [
    ],
    "Execution Time": 944.009
  }
]
