[
  {
    "Plan": {
      "Node Type": "Hash Join",
      "Parallel Aware": false,
      "Join Type": "Inner",
      "Startup Cost": 39891.66,
      "Total Cost": 143233.16,
      "Plan Rows": 7698,
      "Plan Width": 162,
      "Actual Startup Time": 685.962,
      "Actual Total Time": 2030.525,
      "Actual Rows": 444508,
      "Actual Loops": 1,
      "Hash Cond": "(t.t_id = mi_idx.mii_movie_id)",
      "Plans": [
        {
          "Node Type": "Seq Scan",
          "Parent Relationship": "Outer",
          "Parallel Aware": false,
          "Relation Name": "title",
          "Alias": "t",
          "Startup Cost": 0.00,
          "Total Cost": 91057.10,
          "Plan Rows": 2441485,
          "Plan Width": 94,
          "Actual Startup Time": 0.008,
          "Actual Total Time": 486.359,
          "Actual Rows": 2440187,
          "Actual Loops": 1,
          "Filter": "(t_production_year > 1990)",
          "Rows Removed by Filter": 963023
        },
        {
          "Node Type": "Hash",
          "Parent Relationship": "Inner",
          "Parallel Aware": false,
          "Startup Cost": 39757.51,
          "Total Cost": 39757.51,
          "Plan Rows": 10732,
          "Plan Width": 68,
          "Actual Startup Time": 685.776,
          "Actual Total Time": 685.776,
          "Actual Rows": 638007,
          "Actual Loops": 1,
          "Hash Buckets": 65536,
          "Original Hash Buckets": 16384,
          "Hash Batches": 16,
          "Original Hash Batches": 1,
          "Peak Memory Usage": 3585,
          "Plans": [
            {
              "Node Type": "Hash Join",
              "Parent Relationship": "Outer",
              "Parallel Aware": false,
              "Join Type": "Inner",
              "Startup Cost": 2.43,
              "Total Cost": 39757.51,
              "Plan Rows": 10732,
              "Plan Width": 68,
              "Actual Startup Time": 0.030,
              "Actual Total Time": 547.370,
              "Actual Rows": 638007,
              "Actual Loops": 1,
              "Hash Cond": "(mi_idx.mii_info_type_id = it.it_id)",
              "Plans": [
                {
                  "Node Type": "Seq Scan",
                  "Parent Relationship": "Outer",
                  "Parallel Aware": false,
                  "Relation Name": "movie_info_idx",
                  "Alias": "mi_idx",
                  "Startup Cost": 0.00,
                  "Total Cost": 35100.04,
                  "Plan Rows": 1212726,
                  "Plan Width": 50,
                  "Actual Startup Time": 0.012,
                  "Actual Total Time": 377.886,
                  "Actual Rows": 1220134,
                  "Actual Loops": 1,
                  "Filter": "(mii_info > '2.0'::text)",
                  "Rows Removed by Filter": 703069
                },
                {
                  "Node Type": "Hash",
                  "Parent Relationship": "Inner",
                  "Parallel Aware": false,
                  "Startup Cost": 2.41,
                  "Total Cost": 2.41,
                  "Plan Rows": 1,
                  "Plan Width": 18,
                  "Actual Startup Time": 0.014,
                  "Actual Total Time": 0.014,
                  "Actual Rows": 1,
                  "Actual Loops": 1,
                  "Hash Buckets": 1024,
                  "Original Hash Buckets": 1024,
                  "Hash Batches": 1,
                  "Original Hash Batches": 1,
                  "Peak Memory Usage": 9,
                  "Plans": [
                    {
                      "Node Type": "Seq Scan",
                      "Parent Relationship": "Outer",
                      "Parallel Aware": false,
                      "Relation Name": "info_type",
                      "Alias": "it",
                      "Startup Cost": 0.00,
                      "Total Cost": 2.41,
                      "Plan Rows": 1,
                      "Plan Width": 18,
                      "Actual Startup Time": 0.011,
                      "Actual Total Time": 0.013,
                      "Actual Rows": 1,
                      "Actual Loops": 1,
                      "Filter": "((it_info)::text = 'rating'::text)",
                      "Rows Removed by Filter": 112
                    }
                  ]
                }
              ]
            }
          ]
        }
      ]
    },
    "Planning Time": 0.223,
    "Triggers": [
    ],
    "Execution Time": 2044.043
  }
]
