[
  {
    "Plan": {
      "Node Type": "Hash Join",
      "Parallel Aware": false,
      "Join Type": "Inner",
      "Startup Cost": 163768.11,
      "Total Cost": 589692.71,
      "Plan Rows": 4181795,
      "Plan Width": 132,
      "Actual Startup Time": 978.252,
      "Actual Total Time": 6060.394,
      "Actual Rows": 3690336,
      "Actual Loops": 1,
      "Hash Cond": "(mk.mk_movie_id = t.t_id)",
      "Plans": [
        {
          "Node Type": "Hash Join",
          "Parent Relationship": "Outer",
          "Parallel Aware": false,
          "Join Type": "Inner",
          "Startup Cost": 6428.44,
          "Total Cost": 234532.46,
          "Plan Rows": 5829727,
          "Plan Width": 38,
          "Actual Startup Time": 36.238,
          "Actual Total Time": 2445.270,
          "Actual Rows": 5829736,
          "Actual Loops": 1,
          "Hash Cond": "(mk.mk_keyword_id = k.k_id)",
          "Plans": [
            {
              "Node Type": "Seq Scan",
              "Parent Relationship": "Outer",
              "Parallel Aware": false,
              "Relation Name": "movie_keyword",
              "Alias": "mk",
              "Startup Cost": 0.00,
              "Total Cost": 89810.27,
              "Plan Rows": 5829727,
              "Plan Width": 12,
              "Actual Startup Time": 0.013,
              "Actual Total Time": 423.637,
              "Actual Rows": 5829736,
              "Actual Loops": 1
            },
            {
              "Node Type": "Hash",
              "Parent Relationship": "Inner",
              "Parallel Aware": false,
              "Startup Cost": 3027.42,
              "Total Cost": 3027.42,
              "Plan Rows": 175842,
              "Plan Width": 26,
              "Actual Startup Time": 36.192,
              "Actual Total Time": 36.192,
              "Actual Rows": 175842,
              "Actual Loops": 1,
              "Hash Buckets": 65536,
              "Original Hash Buckets": 65536,
              "Hash Batches": 4,
              "Original Hash Batches": 4,
              "Peak Memory Usage": 3069,
              "Plans": [
                {
                  "Node Type": "Seq Scan",
                  "Parent Relationship": "Outer",
                  "Parallel Aware": false,
                  "Relation Name": "keyword",
                  "Alias": "k",
                  "Startup Cost": 0.00,
                  "Total Cost": 3027.42,
                  "Plan Rows": 175842,
                  "Plan Width": 26,
                  "Actual Startup Time": 0.005,
                  "Actual Total Time": 13.960,
                  "Actual Rows": 175842,
                  "Actual Loops": 1
                }
              ]
            }
          ]
        },
        {
          "Node Type": "Hash",
          "Parent Relationship": "Inner",
          "Parallel Aware": false,
          "Startup Cost": 91057.10,
          "Total Cost": 91057.10,
          "Plan Rows": 2441485,
          "Plan Width": 94,
          "Actual Startup Time": 936.626,
          "Actual Total Time": 936.626,
          "Actual Rows": 2440187,
          "Actual Loops": 1,
          "Hash Buckets": 32768,
          "Original Hash Buckets": 32768,
          "Hash Batches": 128,
          "Original Hash Batches": 128,
          "Peak Memory Usage": 2412,
          "Plans": [
            {
              "Node Type": "Seq Scan",
              "Parent Relationship": "Outer",
              "Parallel Aware": false,
              "Relation Name": "title",
              "Alias": "t",
              "Startup Cost": 0.00,
              "Total Cost": 91057.10,
              "Plan Rows": 2441485,
              "Plan Width": 94,
              "Actual Startup Time": 0.007,
              "Actual Total Time": 488.312,
              "Actual Rows": 2440187,
              "Actual Loops": 1,
              "Filter": "(t_production_year > 1990)",
              "Rows Removed by Filter": 963023
            }
          ]
        }
      ]
    },
    "Planning Time": 0.203,
    "Triggers": [
    ],
    "Execution Time": 6163.333
  }
]
