[
  {
    "Plan": {
      "Node Type": "Hash Join",
      "Parallel Aware": false,
      "Join Type": "Inner",
      "Startup Cost": 135358.21,
      "Total Cost": 751232.36,
      "Plan Rows": 71974,
      "Plan Width": 186,
      "Actual Startup Time": 2048.323,
      "Actual Total Time": 5225.810,
      "Actual Rows": 71878,
      "Actual Loops": 1,
      "Hash Cond": "(mi.mi_info_type_id = it.it_id)",
      "Plans": [
        {
          "Node Type": "Hash Join",
          "Parent Relationship": "Outer",
          "Parallel Aware": false,
          "Join Type": "Inner",
          "Startup Cost": 135354.66,
          "Total Cost": 750239.17,
          "Plan Rows": 71974,
          "Plan Width": 168,
          "Actual Startup Time": 2048.296,
          "Actual Total Time": 5211.428,
          "Actual Rows": 71878,
          "Actual Loops": 1,
          "Hash Cond": "(mi.mi_movie_id = t.t_id)",
          "Plans": [
            {
              "Node Type": "Seq Scan",
              "Parent Relationship": "Outer",
              "Parallel Aware": false,
              "Relation Name": "movie_info",
              "Alias": "mi",
              "Startup Cost": 0.00,
              "Total Cost": 585698.08,
              "Plan Rows": 150138,
              "Plan Width": 74,
              "Actual Startup Time": 574.383,
              "Actual Total Time": 4223.833,
              "Actual Rows": 185032,
              "Actual Loops": 1,
              "Filter": "(mi_info = ANY ('{Sweden,Norway,Germany,Denmark,Swedish,Denish,Norwegian,German}'::text[]))",
              "Rows Removed by Filter": 18628802
            },
            {
              "Node Type": "Hash",
              "Parent Relationship": "Inner",
              "Parallel Aware": false,
              "Startup Cost": 91057.10,
              "Total Cost": 91057.10,
              "Plan Rows": 1631645,
              "Plan Width": 94,
              "Actual Startup Time": 768.919,
              "Actual Total Time": 768.919,
              "Actual Rows": 1617190,
              "Actual Loops": 1,
              "Hash Buckets": 32768,
              "Original Hash Buckets": 32768,
              "Hash Batches": 64,
              "Original Hash Batches": 64,
              "Peak Memory Usage": 3154,
              "Plans": [
                {
                  "Node Type": "Seq Scan",
                  "Parent Relationship": "Outer",
                  "Parallel Aware": false,
                  "Relation Name": "title",
                  "Alias": "t",
                  "Startup Cost": 0.00,
                  "Total Cost": 91057.10,
                  "Plan Rows": 1631645,
                  "Plan Width": 94,
                  "Actual Startup Time": 0.012,
                  "Actual Total Time": 483.402,
                  "Actual Rows": 1617190,
                  "Actual Loops": 1,
                  "Filter": "(t_production_year > 2005)",
                  "Rows Removed by Filter": 1786020
                }
              ]
            }
          ]
        },
        {
          "Node Type": "Hash",
          "Parent Relationship": "Inner",
          "Parallel Aware": false,
          "Startup Cost": 2.13,
          "Total Cost": 2.13,
          "Plan Rows": 113,
          "Plan Width": 18,
          "Actual Startup Time": 0.023,
          "Actual Total Time": 0.023,
          "Actual Rows": 113,
          "Actual Loops": 1,
          "Hash Buckets": 1024,
          "Original Hash Buckets": 1024,
          "Hash Batches": 1,
          "Original Hash Batches": 1,
          "Peak Memory Usage": 14,
          "Plans": [
            {
              "Node Type": "Seq Scan",
              "Parent Relationship": "Outer",
              "Parallel Aware": false,
              "Relation Name": "info_type",
              "Alias": "it",
              "Startup Cost": 0.00,
              "Total Cost": 2.13,
              "Plan Rows": 113,
              "Plan Width": 18,
              "Actual Startup Time": 0.005,
              "Actual Total Time": 0.012,
              "Actual Rows": 113,
              "Actual Loops": 1
            }
          ]
        }
      ]
    },
    "Planning Time": 0.230,
    "Triggers": [
    ],
    "Execution Time": 5227.872
  }
]
