[
  {
    "Plan": {
      "Node Type": "Hash Join",
      "Parallel Aware": false,
      "Join Type": "Inner",
      "Startup Cost": 116235.99,
      "Total Cost": 598963.97,
      "Plan Rows": 190413,
      "Plan Width": 186,
      "Actual Startup Time": 1471.066,
      "Actual Total Time": 3577.211,
      "Actual Rows": 185130,
      "Actual Loops": 1,
      "Hash Cond": "(mi.mi_info_type_id = it.it_id)",
      "Plans": [
        {
          "Node Type": "Hash Join",
          "Parent Relationship": "Outer",
          "Parallel Aware": false,
          "Join Type": "Inner",
          "Startup Cost": 116232.45,
          "Total Cost": 596342.24,
          "Plan Rows": 190413,
          "Plan Width": 168,
          "Actual Startup Time": 1471.038,
          "Actual Total Time": 3538.456,
          "Actual Rows": 185130,
          "Actual Loops": 1,
          "Hash Cond": "(mi.mi_movie_id = t.t_id)",
          "Plans": [
            {
              "Node Type": "Seq Scan",
              "Parent Relationship": "Outer",
              "Parallel Aware": false,
              "Relation Name": "movie_info",
              "Alias": "mi",
              "Startup Cost": 0.00,
              "Total Cost": 444254.80,
              "Plan Rows": 698897,
              "Plan Width": 74,
              "Actual Startup Time": 369.739,
              "Actual Total Time": 2600.576,
              "Actual Rows": 686239,
              "Actual Loops": 1,
              "Filter": "(mi_info = ANY ('{USA,America}'::text[]))",
              "Rows Removed by Filter": 18127595
            },
            {
              "Node Type": "Hash",
              "Parent Relationship": "Inner",
              "Parallel Aware": false,
              "Startup Cost": 91057.10,
              "Total Cost": 91057.10,
              "Plan Rows": 927308,
              "Plan Width": 94,
              "Actual Startup Time": 645.928,
              "Actual Total Time": 645.928,
              "Actual Rows": 927086,
              "Actual Loops": 1,
              "Hash Buckets": 32768,
              "Original Hash Buckets": 32768,
              "Hash Batches": 32,
              "Original Hash Batches": 32,
              "Peak Memory Usage": 3563,
              "Plans": [
                {
                  "Node Type": "Seq Scan",
                  "Parent Relationship": "Outer",
                  "Parallel Aware": false,
                  "Relation Name": "title",
                  "Alias": "t",
                  "Startup Cost": 0.00,
                  "Total Cost": 91057.10,
                  "Plan Rows": 927308,
                  "Plan Width": 94,
                  "Actual Startup Time": 0.010,
                  "Actual Total Time": 456.432,
                  "Actual Rows": 927086,
                  "Actual Loops": 1,
                  "Filter": "(t_production_year > 2010)",
                  "Rows Removed by Filter": 2476124
                }
              ]
            }
          ]
        },
        {
          "Node Type": "Hash",
          "Parent Relationship": "Inner",
          "Parallel Aware": false,
          "Startup Cost": 2.13,
          "Total Cost": 2.13,
          "Plan Rows": 113,
          "Plan Width": 18,
          "Actual Startup Time": 0.023,
          "Actual Total Time": 0.023,
          "Actual Rows": 113,
          "Actual Loops": 1,
          "Hash Buckets": 1024,
          "Original Hash Buckets": 1024,
          "Hash Batches": 1,
          "Original Hash Batches": 1,
          "Peak Memory Usage": 14,
          "Plans": [
            {
              "Node Type": "Seq Scan",
              "Parent Relationship": "Outer",
              "Parallel Aware": false,
              "Relation Name": "info_type",
              "Alias": "it",
              "Startup Cost": 0.00,
              "Total Cost": 2.13,
              "Plan Rows": 113,
              "Plan Width": 18,
              "Actual Startup Time": 0.005,
              "Actual Total Time": 0.014,
              "Actual Rows": 113,
              "Actual Loops": 1
            }
          ]
        }
      ]
    },
    "Planning Time": 0.215,
    "Triggers": [
    ],
    "Execution Time": 3582.608
  }
]
