[
  {
    "Plan": {
      "Node Type": "Hash Join",
      "Parallel Aware": false,
      "Join Type": "Inner",
      "Startup Cost": 370670.29,
      "Total Cost": 3141210.06,
      "Plan Rows": 12900775,
      "Plan Width": 211,
      "Actual Startup Time": 2108.002,
      "Actual Total Time": 45949.695,
      "Actual Rows": 13662713,
      "Actual Loops": 1,
      "Hash Cond": "(ci.ci_person_id = n.n_id)",
      "Plans": [
        {
          "Node Type": "Hash Join",
          "Parent Relationship": "Outer",
          "Parallel Aware": false,
          "Join Type": "Inner",
          "Startup Cost": 116232.45,
          "Total Cost": 2074417.69,
          "Plan Rows": 12900775,
          "Plan Width": 136,
          "Actual Startup Time": 605.471,
          "Actual Total Time": 30665.784,
          "Actual Rows": 13662713,
          "Actual Loops": 1,
          "Hash Cond": "(ci.ci_movie_id = t.t_id)",
          "Plans": [
            {
              "Node Type": "Seq Scan",
              "Parent Relationship": "Outer",
              "Parallel Aware": false,
              "Relation Name": "cast_info",
              "Alias": "ci",
              "Startup Cost": 0.00,
              "Total Cost": 805680.36,
              "Plan Rows": 47351236,
              "Plan Width": 42,
              "Actual Startup Time": 0.025,
              "Actual Total Time": 4632.459,
              "Actual Rows": 47373957,
              "Actual Loops": 1
            },
            {
              "Node Type": "Hash",
              "Parent Relationship": "Inner",
              "Parallel Aware": false,
              "Startup Cost": 91057.10,
              "Total Cost": 91057.10,
              "Plan Rows": 927308,
              "Plan Width": 94,
              "Actual Startup Time": 605.128,
              "Actual Total Time": 605.128,
              "Actual Rows": 927086,
              "Actual Loops": 1,
              "Hash Buckets": 32768,
              "Original Hash Buckets": 32768,
              "Hash Batches": 32,
              "Original Hash Batches": 32,
              "Peak Memory Usage": 3557,
              "Plans": [
                {
                  "Node Type": "Seq Scan",
                  "Parent Relationship": "Outer",
                  "Parallel Aware": false,
                  "Relation Name": "title",
                  "Alias": "t",
                  "Startup Cost": 0.00,
                  "Total Cost": 91057.10,
                  "Plan Rows": 927308,
                  "Plan Width": 94,
                  "Actual Startup Time": 0.008,
                  "Actual Total Time": 448.819,
                  "Actual Rows": 927086,
                  "Actual Loops": 1,
                  "Filter": "(t_production_year > 2010)",
                  "Rows Removed by Filter": 2476124
                }
              ]
            }
          ]
        },
        {
          "Node Type": "Hash",
          "Parent Relationship": "Inner",
          "Parallel Aware": false,
          "Startup Cost": 122408.15,
          "Total Cost": 122408.15,
          "Plan Rows": 5240215,
          "Plan Width": 75,
          "Actual Startup Time": 1496.237,
          "Actual Total Time": 1496.237,
          "Actual Rows": 5240860,
          "Actual Loops": 1,
          "Hash Buckets": 65536,
          "Original Hash Buckets": 65536,
          "Hash Batches": 256,
          "Original Hash Batches": 256,
          "Peak Memory Usage": 2716,
          "Plans": [
            {
              "Node Type": "Seq Scan",
              "Parent Relationship": "Outer",
              "Parallel Aware": false,
              "Relation Name": "name",
              "Alias": "n",
              "Startup Cost": 0.00,
              "Total Cost": 122408.15,
              "Plan Rows": 5240215,
              "Plan Width": 75,
              "Actual Startup Time": 0.010,
              "Actual Total Time": 503.244,
              "Actual Rows": 5240860,
              "Actual Loops": 1
            }
          ]
        }
      ]
    },
    "Planning Time": 0.249,
    "Triggers": [
    ],
    "Execution Time": 46346.060
  }
]
