[
  {
    "Plan": {
      "Node Type": "Hash Join",
      "Parallel Aware": false,
      "Join Type": "Inner",
      "Startup Cost": 19484.56,
      "Total Cost": 124279.53,
      "Plan Rows": 635,
      "Plan Width": 196,
      "Actual Startup Time": 191.760,
      "Actual Total Time": 826.945,
      "Actual Rows": 26373,
      "Actual Loops": 1,
      "Hash Cond": "(t.t_id = ml.ml_linked_movie_id)",
      "Plans": [
        {
          "Node Type": "Seq Scan",
          "Parent Relationship": "Outer",
          "Parallel Aware": false,
          "Relation Name": "title",
          "Alias": "t",
          "Startup Cost": 0.00,
          "Total Cost": 99566.12,
          "Plan Rows": 379818,
          "Plan Width": 94,
          "Actual Startup Time": 0.007,
          "Actual Total Time": 490.210,
          "Actual Rows": 386419,
          "Actual Loops": 1,
          "Filter": "((t_production_year >= 1980) AND (t_production_year <= 1995))",
          "Rows Removed by Filter": 3016791
        },
        {
          "Node Type": "Hash",
          "Parent Relationship": "Inner",
          "Parallel Aware": false,
          "Startup Cost": 19413.48,
          "Total Cost": 19413.48,
          "Plan Rows": 5687,
          "Plan Width": 102,
          "Actual Startup Time": 191.004,
          "Actual Total Time": 191.005,
          "Actual Rows": 148000,
          "Actual Loops": 1,
          "Hash Buckets": 65536,
          "Original Hash Buckets": 8192,
          "Hash Batches": 4,
          "Original Hash Batches": 1,
          "Peak Memory Usage": 3585,
          "Plans": [
            {
              "Node Type": "Hash Join",
              "Parent Relationship": "Outer",
              "Parallel Aware": false,
              "Join Type": "Inner",
              "Startup Cost": 18.93,
              "Total Cost": 19413.48,
              "Plan Rows": 5687,
              "Plan Width": 102,
              "Actual Startup Time": 0.036,
              "Actual Total Time": 160.916,
              "Actual Rows": 148000,
              "Actual Loops": 1,
              "Hash Cond": "(ml.ml_link_type_id = lt.lt_id)",
              "Plans": [
                {
                  "Node Type": "Seq Scan",
                  "Parent Relationship": "Outer",
                  "Parallel Aware": false,
                  "Relation Name": "movie_link",
                  "Alias": "ml",
                  "Startup Cost": 0.00,
                  "Total Cost": 15552.04,
                  "Plan Rows": 1009504,
                  "Plan Width": 16,
                  "Actual Startup Time": 0.022,
                  "Actual Total Time": 69.290,
                  "Actual Rows": 1009504,
                  "Actual Loops": 1
                },
                {
                  "Node Type": "Hash",
                  "Parent Relationship": "Inner",
                  "Parallel Aware": false,
                  "Startup Cost": 18.88,
                  "Total Cost": 18.88,
                  "Plan Rows": 4,
                  "Plan Width": 86,
                  "Actual Startup Time": 0.009,
                  "Actual Total Time": 0.009,
                  "Actual Rows": 1,
                  "Actual Loops": 1,
                  "Hash Buckets": 1024,
                  "Original Hash Buckets": 1024,
                  "Hash Batches": 1,
                  "Original Hash Batches": 1,
                  "Peak Memory Usage": 9,
                  "Plans": [
                    {
                      "Node Type": "Seq Scan",
                      "Parent Relationship": "Outer",
                      "Parallel Aware": false,
                      "Relation Name": "link_type",
                      "Alias": "lt",
                      "Startup Cost": 0.00,
                      "Total Cost": 18.88,
                      "Plan Rows": 4,
                      "Plan Width": 86,
                      "Actual Startup Time": 0.006,
                      "Actual Total Time": 0.008,
                      "Actual Rows": 1,
                      "Actual Loops": 1,
                      "Filter": "((lt_link)::text = 'version of'::text)",
                      "Rows Removed by Filter": 17
                    }
                  ]
                }
              ]
            }
          ]
        }
      ]
    },
    "Planning Time": 0.167,
    "Triggers": [
    ],
    "Execution Time": 827.817
  }
]
