[
  {
    "Plan": {
      "Node Type": "Hash Join",
      "Parallel Aware": false,
      "Join Type": "Inner",
      "Startup Cost": 191365.69,
      "Total Cost": 291419.58,
      "Plan Rows": 453937,
      "Plan Width": 188,
      "Actual Startup Time": 1056.311,
      "Actual Total Time": 1772.341,
      "Actual Rows": 462732,
      "Actual Loops": 1,
      "Hash Cond": "(an.an_person_id = n.n_id)",
      "Plans": [
        {
          "Node Type": "Seq Scan",
          "Parent Relationship": "Outer",
          "Parallel Aware": false,
          "Relation Name": "aka_name",
          "Alias": "an",
          "Startup Cost": 0.00,
          "Total Cost": 24282.68,
          "Plan Rows": 1072968,
          "Plan Width": 113,
          "Actual Startup Time": 0.012,
          "Actual Total Time": 97.021,
          "Actual Rows": 1072968,
          "Actual Loops": 1
        },
        {
          "Node Type": "Hash",
          "Parent Relationship": "Inner",
          "Parallel Aware": false,
          "Startup Cost": 135508.69,
          "Total Cost": 135508.69,
          "Plan Rows": 2216960,
          "Plan Width": 75,
          "Actual Startup Time": 1055.032,
          "Actual Total Time": 1055.032,
          "Actual Rows": 2203740,
          "Actual Loops": 1,
          "Hash Buckets": 65536,
          "Original Hash Buckets": 65536,
          "Hash Batches": 128,
          "Original Hash Batches": 128,
          "Peak Memory Usage": 2352,
          "Plans": [
            {
              "Node Type": "Seq Scan",
              "Parent Relationship": "Outer",
              "Parallel Aware": false,
              "Relation Name": "name",
              "Alias": "n",
              "Startup Cost": 0.00,
              "Total Cost": 135508.69,
              "Plan Rows": 2216960,
              "Plan Width": 75,
              "Actual Startup Time": 0.008,
              "Actual Total Time": 686.207,
              "Actual Rows": 2203740,
              "Actual Loops": 1,
              "Filter": "((n_gender)::text = 'm'::text)",
              "Rows Removed by Filter": 3037120
            }
          ]
        }
      ]
    },
    "Planning Time": 0.132,
    "Triggers": [
    ],
    "Execution Time": 1786.302
  }
]
