[
  {
    "Plan": {
      "Node Type": "Hash Join",
      "Parallel Aware": false,
      "Join Type": "Inner",
      "Startup Cost": 106832.90,
      "Total Cost": 250655.19,
      "Plan Rows": 1,
      "Plan Width": 220,
      "Actual Startup Time": 332.663,
      "Actual Total Time": 1073.278,
      "Actual Rows": 36,
      "Actual Loops": 1,
      "Hash Cond": "(n.n_id = pi.pi_person_id)",
      "Plans": [
        {
          "Node Type": "Seq Scan",
          "Parent Relationship": "Outer",
          "Parallel Aware": false,
          "Relation Name": "name",
          "Alias": "n",
          "Startup Cost": 0.00,
          "Total Cost": 135508.69,
          "Plan Rows": 2216960,
          "Plan Width": 75,
          "Actual Startup Time": 0.020,
          "Actual Total Time": 634.180,
          "Actual Rows": 2203740,
          "Actual Loops": 1,
          "Filter": "((n_gender)::text = 'm'::text)",
          "Rows Removed by Filter": 3037120
        },
        {
          "Node Type": "Hash",
          "Parent Relationship": "Inner",
          "Parallel Aware": false,
          "Startup Cost": 106832.88,
          "Total Cost": 106832.88,
          "Plan Rows": 1,
          "Plan Width": 145,
          "Actual Startup Time": 315.202,
          "Actual Total Time": 315.202,
          "Actual Rows": 59,
          "Actual Loops": 1,
          "Hash Buckets": 1024,
          "Original Hash Buckets": 1024,
          "Hash Batches": 1,
          "Original Hash Batches": 1,
          "Peak Memory Usage": 53,
          "Plans": [
            {
              "Node Type": "Hash Join",
              "Parent Relationship": "Outer",
              "Parallel Aware": false,
              "Join Type": "Inner",
              "Startup Cost": 2.43,
              "Total Cost": 106832.88,
              "Plan Rows": 1,
              "Plan Width": 145,
              "Actual Startup Time": 2.964,
              "Actual Total Time": 315.123,
              "Actual Rows": 59,
              "Actual Loops": 1,
              "Hash Cond": "(pi.pi_info_type_id = it.it_id)",
              "Plans": [
                {
                  "Node Type": "Seq Scan",
                  "Parent Relationship": "Outer",
                  "Parallel Aware": false,
                  "Relation Name": "person_info",
                  "Alias": "pi",
                  "Startup Cost": 0.00,
                  "Total Cost": 106830.35,
                  "Plan Rows": 26,
                  "Plan Width": 127,
                  "Actual Startup Time": 2.938,
                  "Actual Total Time": 315.006,
                  "Actual Rows": 59,
                  "Actual Loops": 1,
                  "Filter": "(pi_note = 'Volker Boehm'::text)",
                  "Rows Removed by Filter": 3473073
                },
                {
                  "Node Type": "Hash",
                  "Parent Relationship": "Inner",
                  "Parallel Aware": false,
                  "Startup Cost": 2.41,
                  "Total Cost": 2.41,
                  "Plan Rows": 1,
                  "Plan Width": 18,
                  "Actual Startup Time": 0.017,
                  "Actual Total Time": 0.017,
                  "Actual Rows": 1,
                  "Actual Loops": 1,
                  "Hash Buckets": 1024,
                  "Original Hash Buckets": 1024,
                  "Hash Batches": 1,
                  "Original Hash Batches": 1,
                  "Peak Memory Usage": 9,
                  "Plans": [
                    {
                      "Node Type": "Seq Scan",
                      "Parent Relationship": "Outer",
                      "Parallel Aware": false,
                      "Relation Name": "info_type",
                      "Alias": "it",
                      "Startup Cost": 0.00,
                      "Total Cost": 2.41,
                      "Plan Rows": 1,
                      "Plan Width": 18,
                      "Actual Startup Time": 0.008,
                      "Actual Total Time": 0.014,
                      "Actual Rows": 1,
                      "Actual Loops": 1,
                      "Filter": "((it_info)::text = 'mini biography'::text)",
                      "Rows Removed by Filter": 112
                    }
                  ]
                }
              ]
            }
          ]
        }
      ]
    },
    "Planning Time": 0.187,
    "Triggers": [
    ],
    "Execution Time": 1073.306
  }
]
