[
  {
    "Plan": {
      "Node Type": "Hash Join",
      "Parallel Aware": false,
      "Join Type": "Inner",
      "Startup Cost": 293118.59,
      "Total Cost": 2203357.44,
      "Plan Rows": 474055,
      "Plan Width": 211,
      "Actual Startup Time": 1515.243,
      "Actual Total Time": 16573.440,
      "Actual Rows": 713203,
      "Actual Loops": 1,
      "Hash Cond": "(ci.ci_person_id = n.n_id)",
      "Plans": [
        {
          "Node Type": "Hash Join",
          "Parent Relationship": "Outer",
          "Parallel Aware": false,
          "Join Type": "Inner",
          "Startup Cost": 101752.91,
          "Total Cost": 1929731.60,
          "Plan Rows": 1120520,
          "Plan Width": 136,
          "Actual Startup Time": 481.898,
          "Actual Total Time": 14461.090,
          "Actual Rows": 1307004,
          "Actual Loops": 1,
          "Hash Cond": "(ci.ci_movie_id = t.t_id)",
          "Plans": [
            {
              "Node Type": "Seq Scan",
              "Parent Relationship": "Outer",
              "Parallel Aware": false,
              "Relation Name": "cast_info",
              "Alias": "ci",
              "Startup Cost": 0.00,
              "Total Cost": 805680.36,
              "Plan Rows": 47351236,
              "Plan Width": 42,
              "Actual Startup Time": 0.013,
              "Actual Total Time": 3690.592,
              "Actual Rows": 47373957,
              "Actual Loops": 1
            },
            {
              "Node Type": "Hash",
              "Parent Relationship": "Inner",
              "Parallel Aware": false,
              "Startup Cost": 99566.12,
              "Total Cost": 99566.12,
              "Plan Rows": 80543,
              "Plan Width": 94,
              "Actual Startup Time": 481.547,
              "Actual Total Time": 481.547,
              "Actual Rows": 88088,
              "Actual Loops": 1,
              "Hash Buckets": 32768,
              "Original Hash Buckets": 32768,
              "Hash Batches": 4,
              "Original Hash Batches": 4,
              "Peak Memory Usage": 2733,
              "Plans": [
                {
                  "Node Type": "Seq Scan",
                  "Parent Relationship": "Outer",
                  "Parallel Aware": false,
                  "Relation Name": "title",
                  "Alias": "t",
                  "Startup Cost": 0.00,
                  "Total Cost": 99566.12,
                  "Plan Rows": 80543,
                  "Plan Width": 94,
                  "Actual Startup Time": 0.009,
                  "Actual Total Time": 462.595,
                  "Actual Rows": 88088,
                  "Actual Loops": 1,
                  "Filter": "((t_production_year >= 1980) AND (t_production_year <= 1984))",
                  "Rows Removed by Filter": 3315122
                }
              ]
            }
          ]
        },
        {
          "Node Type": "Hash",
          "Parent Relationship": "Inner",
          "Parallel Aware": false,
          "Startup Cost": 135508.69,
          "Total Cost": 135508.69,
          "Plan Rows": 2216960,
          "Plan Width": 75,
          "Actual Startup Time": 1032.605,
          "Actual Total Time": 1032.605,
          "Actual Rows": 2203740,
          "Actual Loops": 1,
          "Hash Buckets": 65536,
          "Original Hash Buckets": 65536,
          "Hash Batches": 128,
          "Original Hash Batches": 128,
          "Peak Memory Usage": 2366,
          "Plans": [
            {
              "Node Type": "Seq Scan",
              "Parent Relationship": "Outer",
              "Parallel Aware": false,
              "Relation Name": "name",
              "Alias": "n",
              "Startup Cost": 0.00,
              "Total Cost": 135508.69,
              "Plan Rows": 2216960,
              "Plan Width": 75,
              "Actual Startup Time": 0.009,
              "Actual Total Time": 659.436,
              "Actual Rows": 2203740,
              "Actual Loops": 1,
              "Filter": "((n_gender)::text = 'm'::text)",
              "Rows Removed by Filter": 3037120
            }
          ]
        }
      ]
    },
    "Planning Time": 0.176,
    "Triggers": [
    ],
    "Execution Time": 16594.176
  }
]
