[
  {
    "Plan": {
      "Node Type": "Hash Join",
      "Parallel Aware": false,
      "Join Type": "Inner",
      "Startup Cost": 194444.02,
      "Total Cost": 271960.92,
      "Plan Rows": 159558,
      "Plan Width": 188,
      "Actual Startup Time": 1559.481,
      "Actual Total Time": 2078.808,
      "Actual Rows": 190722,
      "Actual Loops": 1,
      "Hash Cond": "(an.an_person_id = n.n_id)",
      "Plans": [
        {
          "Node Type": "Seq Scan",
          "Parent Relationship": "Outer",
          "Parallel Aware": false,
          "Relation Name": "aka_name",
          "Alias": "an",
          "Startup Cost": 0.00,
          "Total Cost": 24282.68,
          "Plan Rows": 1072968,
          "Plan Width": 113,
          "Actual Startup Time": 0.011,
          "Actual Total Time": 101.190,
          "Actual Rows": 1072968,
          "Actual Loops": 1
        },
        {
          "Node Type": "Hash",
          "Parent Relationship": "Inner",
          "Parallel Aware": false,
          "Startup Cost": 174810.30,
          "Total Cost": 174810.30,
          "Plan Rows": 779258,
          "Plan Width": 75,
          "Actual Startup Time": 1559.148,
          "Actual Total Time": 1559.148,
          "Actual Rows": 910014,
          "Actual Loops": 1,
          "Hash Buckets": 65536,
          "Original Hash Buckets": 65536,
          "Hash Batches": 32,
          "Original Hash Batches": 32,
          "Peak Memory Usage": 3543,
          "Plans": [
            {
              "Node Type": "Seq Scan",
              "Parent Relationship": "Outer",
              "Parallel Aware": false,
              "Relation Name": "name",
              "Alias": "n",
              "Startup Cost": 0.00,
              "Total Cost": 174810.30,
              "Plan Rows": 779258,
              "Plan Width": 75,
              "Actual Startup Time": 0.008,
              "Actual Total Time": 1415.491,
              "Actual Rows": 910014,
              "Actual Loops": 1,
              "Filter": "(((n_name_pcode_cf)::text >= 'A'::text) AND ((n_name_pcode_cf)::text <= 'F'::text) AND (((n_gender)::text = 'm'::text) OR ((n_gender)::text = 'f'::text)))",
              "Rows Removed by Filter": 4330846
            }
          ]
        }
      ]
    },
    "Planning Time": 0.170,
    "Triggers": [
    ],
    "Execution Time": 2084.250
  }
]
