[
  {
    "Plan": {
      "Node Type": "Hash Join",
      "Parallel Aware": false,
      "Join Type": "Inner",
      "Startup Cost": 341191.99,
      "Total Cost": 2581264.86,
      "Plan Rows": 3595429,
      "Plan Width": 211,
      "Actual Startup Time": 2868.927,
      "Actual Total Time": 31400.289,
      "Actual Rows": 5158599,
      "Actual Loops": 1,
      "Hash Cond": "(ci.ci_movie_id = t.t_id)",
      "Plans": [
        {
          "Node Type": "Hash Join",
          "Parent Relationship": "Outer",
          "Parallel Aware": false,
          "Join Type": "Inner",
          "Startup Cost": 194444.02,
          "Total Cost": 2090345.24,
          "Plan Rows": 7041472,
          "Plan Width": 117,
          "Actual Startup Time": 2015.319,
          "Actual Total Time": 22066.672,
          "Actual Rows": 9210548,
          "Actual Loops": 1,
          "Hash Cond": "(ci.ci_person_id = n.n_id)",
          "Plans": [
            {
              "Node Type": "Seq Scan",
              "Parent Relationship": "Outer",
              "Parallel Aware": false,
              "Relation Name": "cast_info",
              "Alias": "ci",
              "Startup Cost": 0.00,
              "Total Cost": 805680.36,
              "Plan Rows": 47351236,
              "Plan Width": 42,
              "Actual Startup Time": 0.013,
              "Actual Total Time": 4001.051,
              "Actual Rows": 47373957,
              "Actual Loops": 1
            },
            {
              "Node Type": "Hash",
              "Parent Relationship": "Inner",
              "Parallel Aware": false,
              "Startup Cost": 174810.30,
              "Total Cost": 174810.30,
              "Plan Rows": 779258,
              "Plan Width": 75,
              "Actual Startup Time": 1541.662,
              "Actual Total Time": 1541.662,
              "Actual Rows": 910014,
              "Actual Loops": 1,
              "Hash Buckets": 65536,
              "Original Hash Buckets": 65536,
              "Hash Batches": 32,
              "Original Hash Batches": 32,
              "Peak Memory Usage": 3552,
              "Plans": [
                {
                  "Node Type": "Seq Scan",
                  "Parent Relationship": "Outer",
                  "Parallel Aware": false,
                  "Relation Name": "name",
                  "Alias": "n",
                  "Startup Cost": 0.00,
                  "Total Cost": 174810.30,
                  "Plan Rows": 779258,
                  "Plan Width": 75,
                  "Actual Startup Time": 0.013,
                  "Actual Total Time": 1393.588,
                  "Actual Rows": 910014,
                  "Actual Loops": 1,
                  "Filter": "(((n_name_pcode_cf)::text >= 'A'::text) AND ((n_name_pcode_cf)::text <= 'F'::text) AND (((n_gender)::text = 'm'::text) OR ((n_gender)::text = 'f'::text)))",
                  "Rows Removed by Filter": 4330846
                }
              ]
            }
          ]
        },
        {
          "Node Type": "Hash",
          "Parent Relationship": "Inner",
          "Parallel Aware": false,
          "Startup Cost": 99566.12,
          "Total Cost": 99566.12,
          "Plan Rows": 1737908,
          "Plan Width": 94,
          "Actual Startup Time": 850.216,
          "Actual Total Time": 850.216,
          "Actual Rows": 1739087,
          "Actual Loops": 1,
          "Hash Buckets": 32768,
          "Original Hash Buckets": 32768,
          "Hash Batches": 64,
          "Original Hash Batches": 64,
          "Peak Memory Usage": 3312,
          "Plans": [
            {
              "Node Type": "Seq Scan",
              "Parent Relationship": "Outer",
              "Parallel Aware": false,
              "Relation Name": "title",
              "Alias": "t",
              "Startup Cost": 0.00,
              "Total Cost": 99566.12,
              "Plan Rows": 1737908,
              "Plan Width": 94,
              "Actual Startup Time": 0.007,
              "Actual Total Time": 558.997,
              "Actual Rows": 1739087,
              "Actual Loops": 1,
              "Filter": "((t_production_year >= 1980) AND (t_production_year <= 2010))",
              "Rows Removed by Filter": 1664123
            }
          ]
        }
      ]
    },
    "Planning Time": 0.244,
    "Triggers": [
    ],
    "Execution Time": 31551.696
  }
]
