[
  {
    "Plan": {
      "Node Type": "Hash Join",
      "Parallel Aware": false,
      "Join Type": "Inner",
      "Startup Cost": 1179010.84,
      "Total Cost": 1451531.41,
      "Plan Rows": 720,
      "Plan Width": 297,
      "Actual Startup Time": 5549.955,
      "Actual Total Time": 7028.278,
      "Actual Rows": 46557,
      "Actual Loops": 1,
      "Hash Cond": "(ci.ci_person_id = n1.n_id)",
      "Plans": [
        {
          "Node Type": "Hash Join",
          "Parent Relationship": "Outer",
          "Parallel Aware": false,
          "Join Type": "Inner",
          "Startup Cost": 924573.01,
          "Total Cost": 1130509.08,
          "Plan Rows": 720,
          "Plan Width": 222,
          "Actual Startup Time": 4004.334,
          "Actual Total Time": 5003.341,
          "Actual Rows": 46557,
          "Actual Loops": 1,
          "Hash Cond": "(t.t_id = ci.ci_movie_id)",
          "Plans": [
            {
              "Node Type": "Seq Scan",
              "Parent Relationship": "Outer",
              "Parallel Aware": false,
              "Relation Name": "title",
              "Alias": "t",
              "Startup Cost": 0.00,
              "Total Cost": 82548.08,
              "Plan Rows": 3403608,
              "Plan Width": 94,
              "Actual Startup Time": 0.006,
              "Actual Total Time": 319.532,
              "Actual Rows": 3403210,
              "Actual Loops": 1
            },
            {
              "Node Type": "Hash",
              "Parent Relationship": "Inner",
              "Parallel Aware": false,
              "Startup Cost": 924564.01,
              "Total Cost": 924564.01,
              "Plan Rows": 720,
              "Plan Width": 128,
              "Actual Startup Time": 4004.083,
              "Actual Total Time": 4004.083,
              "Actual Rows": 46557,
              "Actual Loops": 1,
              "Hash Buckets": 65536,
              "Original Hash Buckets": 1024,
              "Hash Batches": 2,
              "Original Hash Batches": 1,
              "Peak Memory Usage": 3585,
              "Plans": [
                {
                  "Node Type": "Hash Join",
                  "Parent Relationship": "Outer",
                  "Parallel Aware": false,
                  "Join Type": "Inner",
                  "Startup Cost": 18.93,
                  "Total Cost": 924564.01,
                  "Plan Rows": 720,
                  "Plan Width": 128,
                  "Actual Startup Time": 200.048,
                  "Actual Total Time": 3992.242,
                  "Actual Rows": 46557,
                  "Actual Loops": 1,
                  "Hash Cond": "(ci.ci_role_id = rt.rt_id)",
                  "Plans": [
                    {
                      "Node Type": "Seq Scan",
                      "Parent Relationship": "Outer",
                      "Parallel Aware": false,
                      "Relation Name": "cast_info",
                      "Alias": "ci",
                      "Startup Cost": 0.00,
                      "Total Cost": 924058.45,
                      "Plan Rows": 127848,
                      "Plan Width": 42,
                      "Actual Startup Time": 0.055,
                      "Actual Total Time": 3946.512,
                      "Actual Rows": 118142,
                      "Actual Loops": 1,
                      "Filter": "(ci_note = '(voice: English version)'::text)",
                      "Rows Removed by Filter": 47255815
                    },
                    {
                      "Node Type": "Hash",
                      "Parent Relationship": "Inner",
                      "Parallel Aware": false,
                      "Startup Cost": 18.88,
                      "Total Cost": 18.88,
                      "Plan Rows": 4,
                      "Plan Width": 86,
                      "Actual Startup Time": 31.006,
                      "Actual Total Time": 31.006,
                      "Actual Rows": 1,
                      "Actual Loops": 1,
                      "Hash Buckets": 1024,
                      "Original Hash Buckets": 1024,
                      "Hash Batches": 1,
                      "Original Hash Batches": 1,
                      "Peak Memory Usage": 9,
                      "Plans": [
                        {
                          "Node Type": "Seq Scan",
                          "Parent Relationship": "Outer",
                          "Parallel Aware": false,
                          "Relation Name": "role_type",
                          "Alias": "rt",
                          "Startup Cost": 0.00,
                          "Total Cost": 18.88,
                          "Plan Rows": 4,
                          "Plan Width": 86,
                          "Actual Startup Time": 31.000,
                          "Actual Total Time": 31.003,
                          "Actual Rows": 1,
                          "Actual Loops": 1,
                          "Filter": "((rt_role)::text = 'actress'::text)",
                          "Rows Removed by Filter": 11
                        }
                      ]
                    }
                  ]
                }
              ]
            }
          ]
        },
        {
          "Node Type": "Hash",
          "Parent Relationship": "Inner",
          "Parallel Aware": false,
          "Startup Cost": 122408.15,
          "Total Cost": 122408.15,
          "Plan Rows": 5240215,
          "Plan Width": 75,
          "Actual Startup Time": 1511.989,
          "Actual Total Time": 1511.989,
          "Actual Rows": 5240860,
          "Actual Loops": 1,
          "Hash Buckets": 65536,
          "Original Hash Buckets": 65536,
          "Hash Batches": 256,
          "Original Hash Batches": 256,
          "Peak Memory Usage": 2716,
          "Plans": [
            {
              "Node Type": "Seq Scan",
              "Parent Relationship": "Outer",
              "Parallel Aware": false,
              "Relation Name": "name",
              "Alias": "n1",
              "Startup Cost": 0.00,
              "Total Cost": 122408.15,
              "Plan Rows": 5240215,
              "Plan Width": 75,
              "Actual Startup Time": 0.011,
              "Actual Total Time": 490.950,
              "Actual Rows": 5240860,
              "Actual Loops": 1
            }
          ]
        }
      ]
    },
    "Planning Time": 0.234,
    "Triggers": [
    ],
    "Execution Time": 7030.029
  }
]
