[
  {
    "Plan": {
      "Node Type": "Hash Join",
      "Parallel Aware": false,
      "Join Type": "Inner",
      "Startup Cost": 114055.53,
      "Total Cost": 199652.97,
      "Plan Rows": 7446,
      "Plan Width": 209,
      "Actual Startup Time": 535.192,
      "Actual Total Time": 1316.057,
      "Actual Rows": 12469,
      "Actual Loops": 1,
      "Hash Cond": "(mc.mc_movie_id = t.t_id)",
      "Plans": [
        {
          "Node Type": "Hash Join",
          "Parent Relationship": "Outer",
          "Parallel Aware": false,
          "Join Type": "Inner",
          "Startup Cost": 7474.62,
          "Total Cost": 85394.80,
          "Plan Rows": 98080,
          "Plan Width": 115,
          "Actual Startup Time": 30.369,
          "Actual Total Time": 713.263,
          "Actual Rows": 162480,
          "Actual Loops": 1,
          "Hash Cond": "(mc.mc_company_id = cn.cn1_id)",
          "Plans": [
            {
              "Node Type": "Seq Scan",
              "Parent Relationship": "Outer",
              "Parallel Aware": false,
              "Relation Name": "movie_companies",
              "Alias": "mc",
              "Startup Cost": 0.00,
              "Total Cost": 63095.09,
              "Plan Rows": 3691809,
              "Plan Width": 40,
              "Actual Startup Time": 0.012,
              "Actual Total Time": 277.446,
              "Actual Rows": 3691809,
              "Actual Loops": 1
            },
            {
              "Node Type": "Hash",
              "Parent Relationship": "Inner",
              "Parallel Aware": false,
              "Startup Cost": 7377.61,
              "Total Cost": 7377.61,
              "Plan Rows": 7761,
              "Plan Width": 75,
              "Actual Startup Time": 30.261,
              "Actual Total Time": 30.261,
              "Actual Rows": 7920,
              "Actual Loops": 1,
              "Hash Buckets": 8192,
              "Original Hash Buckets": 8192,
              "Hash Batches": 1,
              "Original Hash Batches": 1,
              "Peak Memory Usage": 842,
              "Plans": [
                {
                  "Node Type": "Seq Scan",
                  "Parent Relationship": "Outer",
                  "Parallel Aware": false,
                  "Relation Name": "company_name",
                  "Alias": "cn",
                  "Startup Cost": 0.00,
                  "Total Cost": 7377.61,
                  "Plan Rows": 7761,
                  "Plan Width": 75,
                  "Actual Startup Time": 0.007,
                  "Actual Total Time": 29.347,
                  "Actual Rows": 7920,
                  "Actual Loops": 1,
                  "Filter": "((cn1_country_code)::text = '[jp]'::text)",
                  "Rows Removed by Filter": 284209
                }
              ]
            }
          ]
        },
        {
          "Node Type": "Hash",
          "Parent Relationship": "Inner",
          "Parallel Aware": false,
          "Startup Cost": 99566.12,
          "Total Cost": 99566.12,
          "Plan Rows": 258383,
          "Plan Width": 94,
          "Actual Startup Time": 504.628,
          "Actual Total Time": 504.628,
          "Actual Rows": 248638,
          "Actual Loops": 1,
          "Hash Buckets": 32768,
          "Original Hash Buckets": 32768,
          "Hash Batches": 16,
          "Original Hash Batches": 16,
          "Peak Memory Usage": 2002,
          "Plans": [
            {
              "Node Type": "Seq Scan",
              "Parent Relationship": "Outer",
              "Parallel Aware": false,
              "Relation Name": "title",
              "Alias": "t",
              "Startup Cost": 0.00,
              "Total Cost": 99566.12,
              "Plan Rows": 258383,
              "Plan Width": 94,
              "Actual Startup Time": 0.012,
              "Actual Total Time": 457.105,
              "Actual Rows": 248638,
              "Actual Loops": 1,
              "Filter": "((t_production_year >= 2006) AND (t_production_year <= 2007))",
              "Rows Removed by Filter": 3154572
            }
          ]
        }
      ]
    },
    "Planning Time": 0.205,
    "Triggers": [
    ],
    "Execution Time": 1316.431
  }
]
