[
  {
    "Plan": {
      "Node Type": "Hash Join",
      "Parallel Aware": false,
      "Join Type": "Inner",
      "Startup Cost": 1247041.50,
      "Total Cost": 1387079.73,
      "Plan Rows": 1,
      "Plan Width": 405,
      "Actual Startup Time": 6772.963,
      "Actual Total Time": 7309.855,
      "Actual Rows": 5675,
      "Actual Loops": 1,
      "Hash Cond": "(ci.ci_role_id = rt.rt_id)",
      "Plans": [
        {
          "Node Type": "Hash Join",
          "Parent Relationship": "Outer",
          "Parallel Aware": false,
          "Join Type": "Inner",
          "Startup Cost": 1247022.58,
          "Total Cost": 1387060.79,
          "Plan Rows": 1,
          "Plan Width": 319,
          "Actual Startup Time": 6772.947,
          "Actual Total Time": 7308.349,
          "Actual Rows": 5675,
          "Actual Loops": 1,
          "Hash Cond": "(n.n_id = ci.ci_person_id)",
          "Plans": [
            {
              "Node Type": "Seq Scan",
              "Parent Relationship": "Outer",
              "Parallel Aware": false,
              "Relation Name": "name",
              "Alias": "n",
              "Startup Cost": 0.00,
              "Total Cost": 135508.69,
              "Plan Rows": 1207870,
              "Plan Width": 75,
              "Actual Startup Time": 280.397,
              "Actual Total Time": 609.003,
              "Actual Rows": 1204907,
              "Actual Loops": 1,
              "Filter": "((n_gender)::text = 'f'::text)",
              "Rows Removed by Filter": 4035953
            },
            {
              "Node Type": "Hash",
              "Parent Relationship": "Inner",
              "Parallel Aware": false,
              "Startup Cost": 1247022.57,
              "Total Cost": 1247022.57,
              "Plan Rows": 1,
              "Plan Width": 244,
              "Actual Startup Time": 6492.174,
              "Actual Total Time": 6492.174,
              "Actual Rows": 26158,
              "Actual Loops": 1,
              "Hash Buckets": 32768,
              "Original Hash Buckets": 1024,
              "Hash Batches": 2,
              "Original Hash Batches": 1,
              "Peak Memory Usage": 3841,
              "Plans": [
                {
                  "Node Type": "Hash Join",
                  "Parent Relationship": "Outer",
                  "Parallel Aware": false,
                  "Join Type": "Inner",
                  "Startup Cost": 1140994.99,
                  "Total Cost": 1247022.57,
                  "Plan Rows": 1,
                  "Plan Width": 244,
                  "Actual Startup Time": 5610.290,
                  "Actual Total Time": 6479.387,
                  "Actual Rows": 26158,
                  "Actual Loops": 1,
                  "Hash Cond": "(t.t_id = ci.ci_movie_id)",
                  "Plans": [
                    {
                      "Node Type": "Seq Scan",
                      "Parent Relationship": "Outer",
                      "Parallel Aware": false,
                      "Relation Name": "title",
                      "Alias": "t",
                      "Startup Cost": 0.00,
                      "Total Cost": 99566.12,
                      "Plan Rows": 1723053,
                      "Plan Width": 94,
                      "Actual Startup Time": 0.009,
                      "Actual Total Time": 491.935,
                      "Actual Rows": 1710753,
                      "Actual Loops": 1,
                      "Filter": "((t_production_year >= 2005) AND (t_production_year <= 2015))",
                      "Rows Removed by Filter": 1692457
                    },
                    {
                      "Node Type": "Hash",
                      "Parent Relationship": "Inner",
                      "Parallel Aware": false,
                      "Startup Cost": 1140994.98,
                      "Total Cost": 1140994.98,
                      "Plan Rows": 1,
                      "Plan Width": 150,
                      "Actual Startup Time": 5610.110,
                      "Actual Total Time": 5610.110,
                      "Actual Rows": 51980,
                      "Actual Loops": 1,
                      "Hash Buckets": 32768,
                      "Original Hash Buckets": 1024,
                      "Hash Batches": 2,
                      "Original Hash Batches": 1,
                      "Peak Memory Usage": 3841,
                      "Plans": [
                        {
                          "Node Type": "Hash Join",
                          "Parent Relationship": "Outer",
                          "Parallel Aware": false,
                          "Join Type": "Inner",
                          "Startup Cost": 94314.57,
                          "Total Cost": 1140994.98,
                          "Plan Rows": 1,
                          "Plan Width": 150,
                          "Actual Startup Time": 595.439,
                          "Actual Total Time": 5591.655,
                          "Actual Rows": 51980,
                          "Actual Loops": 1,
                          "Hash Cond": "(ci.ci_person_role_id = chn.cn_id)",
                          "Plans": [
                            {
                              "Node Type": "Seq Scan",
                              "Parent Relationship": "Outer",
                              "Parallel Aware": false,
                              "Relation Name": "cast_info",
                              "Alias": "ci",
                              "Startup Cost": 0.00,
                              "Total Cost": 1042436.54,
                              "Plan Rows": 1131695,
                              "Plan Width": 42,
                              "Actual Startup Time": 0.011,
                              "Actual Total Time": 4917.419,
                              "Actual Rows": 1150048,
                              "Actual Loops": 1,
                              "Filter": "(ci_note = ANY ('{(voice),\"(voice: Japanese version)\",\"(voice) (uncredited)\",\"(voice: English version)\"}'::text[]))",
                              "Rows Removed by Filter": 46223909
                            },
                            {
                              "Node Type": "Hash",
                              "Parent Relationship": "Inner",
                              "Parallel Aware": false,
                              "Startup Cost": 94314.53,
                              "Total Cost": 94314.53,
                              "Plan Rows": 3,
                              "Plan Width": 108,
                              "Actual Startup Time": 595.084,
                              "Actual Total Time": 595.085,
                              "Actual Rows": 57,
                              "Actual Loops": 1,
                              "Hash Buckets": 1024,
                              "Original Hash Buckets": 1024,
                              "Hash Batches": 1,
                              "Original Hash Batches": 1,
                              "Peak Memory Usage": 13,
                              "Plans": [
                                {
                                  "Node Type": "Seq Scan",
                                  "Parent Relationship": "Outer",
                                  "Parallel Aware": false,
                                  "Relation Name": "char_name",
                                  "Alias": "chn",
                                  "Startup Cost": 0.00,
                                  "Total Cost": 94314.53,
                                  "Plan Rows": 3,
                                  "Plan Width": 108,
                                  "Actual Startup Time": 4.964,
                                  "Actual Total Time": 595.049,
                                  "Actual Rows": 57,
                                  "Actual Loops": 1,
                                  "Filter": "(cn_name = ANY ('{Himself,Herself,Narrator}'::text[]))",
                                  "Rows Removed by Filter": 3715521
                                }
                              ]
                            }
                          ]
                        }
                      ]
                    }
                  ]
                }
              ]
            }
          ]
        },
        {
          "Node Type": "Hash",
          "Parent Relationship": "Inner",
          "Parallel Aware": false,
          "Startup Cost": 18.88,
          "Total Cost": 18.88,
          "Plan Rows": 4,
          "Plan Width": 86,
          "Actual Startup Time": 0.011,
          "Actual Total Time": 0.011,
          "Actual Rows": 1,
          "Actual Loops": 1,
          "Hash Buckets": 1024,
          "Original Hash Buckets": 1024,
          "Hash Batches": 1,
          "Original Hash Batches": 1,
          "Peak Memory Usage": 9,
          "Plans": [
            {
              "Node Type": "Seq Scan",
              "Parent Relationship": "Outer",
              "Parallel Aware": false,
              "Relation Name": "role_type",
              "Alias": "rt",
              "Startup Cost": 0.00,
              "Total Cost": 18.88,
              "Plan Rows": 4,
              "Plan Width": 86,
              "Actual Startup Time": 0.009,
              "Actual Total Time": 0.010,
              "Actual Rows": 1,
              "Actual Loops": 1,
              "Filter": "((rt_role)::text = 'actress'::text)",
              "Rows Removed by Filter": 11
            }
          ]
        }
      ]
    },
    "Planning Time": 29.032,
    "Triggers": [
    ],
    "Execution Time": 7310.128
  }
]
