[
  {
    "Plan": {
      "Node Type": "Hash Join",
      "Parallel Aware": false,
      "Join Type": "Inner",
      "Startup Cost": 156496.46,
      "Total Cost": 394553.76,
      "Plan Rows": 704035,
      "Plan Width": 209,
      "Actual Startup Time": 874.193,
      "Actual Total Time": 3398.542,
      "Actual Rows": 676621,
      "Actual Loops": 1,
      "Hash Cond": "(mc.mc_movie_id = t.t_id)",
      "Plans": [
        {
          "Node Type": "Hash Join",
          "Parent Relationship": "Outer",
          "Parallel Aware": false,
          "Join Type": "Inner",
          "Startup Cost": 10151.17,
          "Total Cost": 160081.60,
          "Plan Rows": 1390705,
          "Plan Width": 115,
          "Actual Startup Time": 50.308,
          "Actual Total Time": 1350.471,
          "Actual Rows": 1641668,
          "Actual Loops": 1,
          "Hash Cond": "(mc.mc_company_id = cn.cn1_id)",
          "Plans": [
            {
              "Node Type": "Seq Scan",
              "Parent Relationship": "Outer",
              "Parallel Aware": false,
              "Relation Name": "movie_companies",
              "Alias": "mc",
              "Startup Cost": 0.00,
              "Total Cost": 63095.09,
              "Plan Rows": 3691809,
              "Plan Width": 40,
              "Actual Startup Time": 0.021,
              "Actual Total Time": 286.360,
              "Actual Rows": 3691809,
              "Actual Loops": 1
            },
            {
              "Node Type": "Hash",
              "Parent Relationship": "Inner",
              "Parallel Aware": false,
              "Startup Cost": 7377.61,
              "Total Cost": 7377.61,
              "Plan Rows": 110045,
              "Plan Width": 75,
              "Actual Startup Time": 50.257,
              "Actual Total Time": 50.257,
              "Actual Rows": 110294,
              "Actual Loops": 1,
              "Hash Buckets": 65536,
              "Original Hash Buckets": 65536,
              "Hash Batches": 4,
              "Original Hash Batches": 4,
              "Peak Memory Usage": 3361,
              "Plans": [
                {
                  "Node Type": "Seq Scan",
                  "Parent Relationship": "Outer",
                  "Parallel Aware": false,
                  "Relation Name": "company_name",
                  "Alias": "cn",
                  "Startup Cost": 0.00,
                  "Total Cost": 7377.61,
                  "Plan Rows": 110045,
                  "Plan Width": 75,
                  "Actual Startup Time": 0.006,
                  "Actual Total Time": 34.439,
                  "Actual Rows": 110294,
                  "Actual Loops": 1,
                  "Filter": "((cn1_country_code)::text = '[us]'::text)",
                  "Rows Removed by Filter": 181835
                }
              ]
            }
          ]
        },
        {
          "Node Type": "Hash",
          "Parent Relationship": "Inner",
          "Parallel Aware": false,
          "Startup Cost": 99566.12,
          "Total Cost": 99566.12,
          "Plan Rows": 1723053,
          "Plan Width": 94,
          "Actual Startup Time": 822.317,
          "Actual Total Time": 822.317,
          "Actual Rows": 1710753,
          "Actual Loops": 1,
          "Hash Buckets": 32768,
          "Original Hash Buckets": 32768,
          "Hash Batches": 64,
          "Original Hash Batches": 64,
          "Peak Memory Usage": 3307,
          "Plans": [
            {
              "Node Type": "Seq Scan",
              "Parent Relationship": "Outer",
              "Parallel Aware": false,
              "Relation Name": "title",
              "Alias": "t",
              "Startup Cost": 0.00,
              "Total Cost": 99566.12,
              "Plan Rows": 1723053,
              "Plan Width": 94,
              "Actual Startup Time": 0.007,
              "Actual Total Time": 532.368,
              "Actual Rows": 1710753,
              "Actual Loops": 1,
              "Filter": "((t_production_year >= 2005) AND (t_production_year <= 2015))",
              "Rows Removed by Filter": 1692457
            }
          ]
        }
      ]
    },
    "Planning Time": 0.223,
    "Triggers": [
    ],
    "Execution Time": 3419.799
  }
]
