[
  {
    "Plan": {
      "Node Type": "Hash Join",
      "Parallel Aware": false,
      "Join Type": "Inner",
      "Startup Cost": 1118982.39,
      "Total Cost": 1259020.61,
      "Plan Rows": 1,
      "Plan Width": 405,
      "Actual Startup Time": 5265.629,
      "Actual Total Time": 5665.549,
      "Actual Rows": 607,
      "Actual Loops": 1,
      "Hash Cond": "(ci.ci_role_id = rt.rt_id)",
      "Plans": [
        {
          "Node Type": "Hash Join",
          "Parent Relationship": "Outer",
          "Parallel Aware": false,
          "Join Type": "Inner",
          "Startup Cost": 1118963.46,
          "Total Cost": 1259001.67,
          "Plan Rows": 1,
          "Plan Width": 319,
          "Actual Startup Time": 5265.616,
          "Actual Total Time": 5665.352,
          "Actual Rows": 607,
          "Actual Loops": 1,
          "Hash Cond": "(n.n_id = ci.ci_person_id)",
          "Plans": [
            {
              "Node Type": "Seq Scan",
              "Parent Relationship": "Outer",
              "Parallel Aware": false,
              "Relation Name": "name",
              "Alias": "n",
              "Startup Cost": 0.00,
              "Total Cost": 135508.69,
              "Plan Rows": 1207870,
              "Plan Width": 75,
              "Actual Startup Time": 285.729,
              "Actual Total Time": 605.676,
              "Actual Rows": 1204907,
              "Actual Loops": 1,
              "Filter": "((n_gender)::text = 'f'::text)",
              "Rows Removed by Filter": 4035953
            },
            {
              "Node Type": "Hash",
              "Parent Relationship": "Inner",
              "Parallel Aware": false,
              "Startup Cost": 1118963.45,
              "Total Cost": 1118963.45,
              "Plan Rows": 1,
              "Plan Width": 244,
              "Actual Startup Time": 4978.692,
              "Actual Total Time": 4978.692,
              "Actual Rows": 2576,
              "Actual Loops": 1,
              "Hash Buckets": 4096,
              "Original Hash Buckets": 1024,
              "Hash Batches": 1,
              "Original Hash Batches": 1,
              "Peak Memory Usage": 526,
              "Plans": [
                {
                  "Node Type": "Hash Join",
                  "Parent Relationship": "Outer",
                  "Parallel Aware": false,
                  "Join Type": "Inner",
                  "Startup Cost": 1017220.59,
                  "Total Cost": 1118963.45,
                  "Plan Rows": 1,
                  "Plan Width": 244,
                  "Actual Startup Time": 4471.048,
                  "Actual Total Time": 4977.443,
                  "Actual Rows": 2576,
                  "Actual Loops": 1,
                  "Hash Cond": "(t.t_id = ci.ci_movie_id)",
                  "Plans": [
                    {
                      "Node Type": "Seq Scan",
                      "Parent Relationship": "Outer",
                      "Parallel Aware": false,
                      "Relation Name": "title",
                      "Alias": "t",
                      "Startup Cost": 0.00,
                      "Total Cost": 99566.12,
                      "Plan Rows": 580461,
                      "Plan Width": 94,
                      "Actual Startup Time": 0.009,
                      "Actual Total Time": 444.647,
                      "Actual Rows": 572697,
                      "Actual Loops": 1,
                      "Filter": "((t_production_year >= 2007) AND (t_production_year <= 2010))",
                      "Rows Removed by Filter": 2830513
                    },
                    {
                      "Node Type": "Hash",
                      "Parent Relationship": "Inner",
                      "Parallel Aware": false,
                      "Startup Cost": 1017220.58,
                      "Total Cost": 1017220.58,
                      "Plan Rows": 1,
                      "Plan Width": 150,
                      "Actual Startup Time": 4470.583,
                      "Actual Total Time": 4470.583,
                      "Actual Rows": 9924,
                      "Actual Loops": 1,
                      "Hash Buckets": 16384,
                      "Original Hash Buckets": 1024,
                      "Hash Batches": 1,
                      "Original Hash Batches": 1,
                      "Peak Memory Usage": 1300,
                      "Plans": [
                        {
                          "Node Type": "Hash Join",
                          "Parent Relationship": "Outer",
                          "Parallel Aware": false,
                          "Join Type": "Inner",
                          "Startup Cost": 89669.96,
                          "Total Cost": 1017220.58,
                          "Plan Rows": 1,
                          "Plan Width": 150,
                          "Actual Startup Time": 474.430,
                          "Actual Total Time": 4466.941,
                          "Actual Rows": 9924,
                          "Actual Loops": 1,
                          "Hash Cond": "(ci.ci_person_role_id = chn.cn_id)",
                          "Plans": [
                            {
                              "Node Type": "Seq Scan",
                              "Parent Relationship": "Outer",
                              "Parallel Aware": false,
                              "Relation Name": "cast_info",
                              "Alias": "ci",
                              "Startup Cost": 0.00,
                              "Total Cost": 924058.45,
                              "Plan Rows": 931241,
                              "Plan Width": 42,
                              "Actual Startup Time": 0.009,
                              "Actual Total Time": 3935.833,
                              "Actual Rows": 946584,
                              "Actual Loops": 1,
                              "Filter": "(ci_note = '(voice)'::text)",
                              "Rows Removed by Filter": 46427373
                            },
                            {
                              "Node Type": "Hash",
                              "Parent Relationship": "Inner",
                              "Parallel Aware": false,
                              "Startup Cost": 89669.94,
                              "Total Cost": 89669.94,
                              "Plan Rows": 2,
                              "Plan Width": 108,
                              "Actual Startup Time": 473.686,
                              "Actual Total Time": 473.686,
                              "Actual Rows": 46,
                              "Actual Loops": 1,
                              "Hash Buckets": 1024,
                              "Original Hash Buckets": 1024,
                              "Hash Batches": 1,
                              "Original Hash Batches": 1,
                              "Peak Memory Usage": 12,
                              "Plans": [
                                {
                                  "Node Type": "Seq Scan",
                                  "Parent Relationship": "Outer",
                                  "Parallel Aware": false,
                                  "Relation Name": "char_name",
                                  "Alias": "chn",
                                  "Startup Cost": 0.00,
                                  "Total Cost": 89669.94,
                                  "Plan Rows": 2,
                                  "Plan Width": 108,
                                  "Actual Startup Time": 4.516,
                                  "Actual Total Time": 473.623,
                                  "Actual Rows": 46,
                                  "Actual Loops": 1,
                                  "Filter": "(cn_name = ANY ('{Himself,Herself}'::text[]))",
                                  "Rows Removed by Filter": 3715532
                                }
                              ]
                            }
                          ]
                        }
                      ]
                    }
                  ]
                }
              ]
            }
          ]
        },
        {
          "Node Type": "Hash",
          "Parent Relationship": "Inner",
          "Parallel Aware": false,
          "Startup Cost": 18.88,
          "Total Cost": 18.88,
          "Plan Rows": 4,
          "Plan Width": 86,
          "Actual Startup Time": 0.008,
          "Actual Total Time": 0.008,
          "Actual Rows": 1,
          "Actual Loops": 1,
          "Hash Buckets": 1024,
          "Original Hash Buckets": 1024,
          "Hash Batches": 1,
          "Original Hash Batches": 1,
          "Peak Memory Usage": 9,
          "Plans": [
            {
              "Node Type": "Seq Scan",
              "Parent Relationship": "Outer",
              "Parallel Aware": false,
              "Relation Name": "role_type",
              "Alias": "rt",
              "Startup Cost": 0.00,
              "Total Cost": 18.88,
              "Plan Rows": 4,
              "Plan Width": 86,
              "Actual Startup Time": 0.006,
              "Actual Total Time": 0.007,
              "Actual Rows": 1,
              "Actual Loops": 1,
              "Filter": "((rt_role)::text = 'actress'::text)",
              "Rows Removed by Filter": 11
            }
          ]
        }
      ]
    },
    "Planning Time": 0.417,
    "Triggers": [
    ],
    "Execution Time": 5665.628
  }
]
