[
  {
    "Plan": {
      "Node Type": "Hash Join",
      "Parallel Aware": false,
      "Join Type": "Inner",
      "Startup Cost": 125476.06,
      "Total Cost": 305627.35,
      "Plan Rows": 237175,
      "Plan Width": 209,
      "Actual Startup Time": 620.448,
      "Actual Total Time": 2181.511,
      "Actual Rows": 230641,
      "Actual Loops": 1,
      "Hash Cond": "(mc.mc_company_id = cn.cn1_id)",
      "Plans": [
        {
          "Node Type": "Hash Join",
          "Parent Relationship": "Outer",
          "Parallel Aware": false,
          "Join Type": "Inner",
          "Startup Cost": 115324.88,
          "Total Cost": 264749.38,
          "Plan Rows": 629612,
          "Plan Width": 134,
          "Actual Startup Time": 569.380,
          "Actual Total Time": 1871.466,
          "Actual Rows": 563933,
          "Actual Loops": 1,
          "Hash Cond": "(mc.mc_movie_id = t.t_id)",
          "Plans": [
            {
              "Node Type": "Seq Scan",
              "Parent Relationship": "Outer",
              "Parallel Aware": false,
              "Relation Name": "movie_companies",
              "Alias": "mc",
              "Startup Cost": 0.00,
              "Total Cost": 63095.09,
              "Plan Rows": 3691809,
              "Plan Width": 40,
              "Actual Startup Time": 0.023,
              "Actual Total Time": 294.509,
              "Actual Rows": 3691809,
              "Actual Loops": 1
            },
            {
              "Node Type": "Hash",
              "Parent Relationship": "Inner",
              "Parallel Aware": false,
              "Startup Cost": 99566.12,
              "Total Cost": 99566.12,
              "Plan Rows": 580461,
              "Plan Width": 94,
              "Actual Startup Time": 568.993,
              "Actual Total Time": 568.993,
              "Actual Rows": 572697,
              "Actual Loops": 1,
              "Hash Buckets": 32768,
              "Original Hash Buckets": 32768,
              "Hash Batches": 32,
              "Original Hash Batches": 32,
              "Peak Memory Usage": 2288,
              "Plans": [
                {
                  "Node Type": "Seq Scan",
                  "Parent Relationship": "Outer",
                  "Parallel Aware": false,
                  "Relation Name": "title",
                  "Alias": "t",
                  "Startup Cost": 0.00,
                  "Total Cost": 99566.12,
                  "Plan Rows": 580461,
                  "Plan Width": 94,
                  "Actual Startup Time": 0.011,
                  "Actual Total Time": 470.374,
                  "Actual Rows": 572697,
                  "Actual Loops": 1,
                  "Filter": "((t_production_year >= 2007) AND (t_production_year <= 2010))",
                  "Rows Removed by Filter": 2830513
                }
              ]
            }
          ]
        },
        {
          "Node Type": "Hash",
          "Parent Relationship": "Inner",
          "Parallel Aware": false,
          "Startup Cost": 7377.61,
          "Total Cost": 7377.61,
          "Plan Rows": 110045,
          "Plan Width": 75,
          "Actual Startup Time": 50.519,
          "Actual Total Time": 50.519,
          "Actual Rows": 110294,
          "Actual Loops": 1,
          "Hash Buckets": 65536,
          "Original Hash Buckets": 65536,
          "Hash Batches": 4,
          "Original Hash Batches": 4,
          "Peak Memory Usage": 3361,
          "Plans": [
            {
              "Node Type": "Seq Scan",
              "Parent Relationship": "Outer",
              "Parallel Aware": false,
              "Relation Name": "company_name",
              "Alias": "cn",
              "Startup Cost": 0.00,
              "Total Cost": 7377.61,
              "Plan Rows": 110045,
              "Plan Width": 75,
              "Actual Startup Time": 0.007,
              "Actual Total Time": 34.771,
              "Actual Rows": 110294,
              "Actual Loops": 1,
              "Filter": "((cn1_country_code)::text = '[us]'::text)",
              "Rows Removed by Filter": 181835
            }
          ]
        }
      ]
    },
    "Planning Time": 0.245,
    "Triggers": [
    ],
    "Execution Time": 2188.385
  }
]
