[
  {
    "Plan": {
      "Node Type": "Hash Join",
      "Parallel Aware": false,
      "Join Type": "Inner",
      "Startup Cost": 63446.84,
      "Total Cost": 120749.73,
      "Plan Rows": 48,
      "Plan Width": 0,
      "Actual Startup Time": 595.826,
      "Actual Total Time": 776.287,
      "Actual Rows": 1828,
      "Actual Loops": 1,
      "Hash Cond": "(catalog_sales.cs_item_sk = item.i_item_sk)",
      "Plans": [
        {
          "Node Type": "Hash Join",
          "Parent Relationship": "Outer",
          "Parallel Aware": false,
          "Join Type": "Inner",
          "Startup Cost": 61805.84,
          "Total Cost": 119108.07,
          "Plan Rows": 48,
          "Plan Width": 4,
          "Actual Startup Time": 568.162,
          "Actual Total Time": 747.796,
          "Actual Rows": 1828,
          "Actual Loops": 1,
          "Hash Cond": "(catalog_sales.cs_bill_customer_sk = customer.c_customer_sk)",
          "Plans": [
            {
              "Node Type": "Hash Join",
              "Parent Relationship": "Outer",
              "Parallel Aware": false,
              "Join Type": "Inner",
              "Startup Cost": 54653.66,
              "Total Cost": 111953.53,
              "Plan Rows": 500,
              "Plan Width": 8,
              "Actual Startup Time": 465.349,
              "Actual Total Time": 654.287,
              "Actual Rows": 19369,
              "Actual Loops": 1,
              "Hash Cond": "(catalog_sales.cs_bill_cdemo_sk = customer_demographics.cd_demo_sk)",
              "Plans": [
                {
                  "Node Type": "Hash Join",
                  "Parent Relationship": "Outer",
                  "Parallel Aware": false,
                  "Join Type": "Inner",
                  "Startup Cost": 2322.65,
                  "Total Cost": 59590.92,
                  "Plan Rows": 7093,
                  "Plan Width": 12,
                  "Actual Startup Time": 142.353,
                  "Actual Total Time": 305.767,
                  "Actual Rows": 268715,
                  "Actual Loops": 1,
                  "Hash Cond": "(catalog_sales.cs_sold_date_sk = date_dim.d_date_sk)",
                  "Plans": [
                    {
                      "Node Type": "Seq Scan",
                      "Parent Relationship": "Outer",
                      "Parallel Aware": false,
                      "Relation Name": "catalog_sales",
                      "Alias": "catalog_sales",
                      "Startup Cost": 0.00,
                      "Total Cost": 51844.70,
                      "Plan Rows": 1427370,
                      "Plan Width": 16,
                      "Actual Startup Time": 0.008,
                      "Actual Total Time": 133.954,
                      "Actual Rows": 1343336,
                      "Actual Loops": 1
                    },
                    {
                      "Node Type": "Hash",
                      "Parent Relationship": "Inner",
                      "Parallel Aware": false,
                      "Startup Cost": 2318.11,
                      "Total Cost": 2318.11,
                      "Plan Rows": 363,
                      "Plan Width": 4,
                      "Actual Startup Time": 10.354,
                      "Actual Total Time": 10.354,
                      "Actual Rows": 365,
                      "Actual Loops": 1,
                      "Hash Buckets": 1024,
                      "Original Hash Buckets": 1024,
                      "Hash Batches": 1,
                      "Original Hash Batches": 1,
                      "Peak Memory Usage": 21,
                      "Plans": [
                        {
                          "Node Type": "Seq Scan",
                          "Parent Relationship": "Outer",
                          "Parallel Aware": false,
                          "Relation Name": "date_dim",
                          "Alias": "date_dim",
                          "Startup Cost": 0.00,
                          "Total Cost": 2318.11,
                          "Plan Rows": 363,
                          "Plan Width": 4,
                          "Actual Startup Time": 5.002,
                          "Actual Total Time": 10.302,
                          "Actual Rows": 365,
                          "Actual Loops": 1,
                          "Filter": "(d_year = 2001)",
                          "Rows Removed by Filter": 72684
                        }
                      ]
                    }
                  ]
                },
                {
                  "Node Type": "Hash",
                  "Parent Relationship": "Inner",
                  "Parallel Aware": false,
                  "Startup Cost": 50640.00,
                  "Total Cost": 50640.00,
                  "Plan Rows": 135281,
                  "Plan Width": 4,
                  "Actual Startup Time": 321.760,
                  "Actual Total Time": 321.760,
                  "Actual Rows": 137200,
                  "Actual Loops": 1,
                  "Hash Buckets": 262144,
                  "Original Hash Buckets": 262144,
                  "Hash Batches": 1,
                  "Original Hash Batches": 1,
                  "Peak Memory Usage": 6872,
                  "Plans": [
                    {
                      "Node Type": "Seq Scan",
                      "Parent Relationship": "Outer",
                      "Parallel Aware": false,
                      "Relation Name": "customer_demographics",
                      "Alias": "customer_demographics",
                      "Startup Cost": 0.00,
                      "Total Cost": 50640.00,
                      "Plan Rows": 135281,
                      "Plan Width": 4,
                      "Actual Startup Time": 0.015,
                      "Actual Total Time": 289.674,
                      "Actual Rows": 137200,
                      "Actual Loops": 1,
                      "Filter": "((cd_gender = 'F'::bpchar) AND (cd_education_status = '4 yr Degree'::bpchar))",
                      "Rows Removed by Filter": 1783600
                    }
                  ]
                }
              ]
            },
            {
              "Node Type": "Hash",
              "Parent Relationship": "Inner",
              "Parallel Aware": false,
              "Startup Cost": 7031.78,
              "Total Cost": 7031.78,
              "Plan Rows": 9632,
              "Plan Width": 4,
              "Actual Startup Time": 91.499,
              "Actual Total Time": 91.499,
              "Actual Rows": 9358,
              "Actual Loops": 1,
              "Hash Buckets": 16384,
              "Original Hash Buckets": 16384,
              "Hash Batches": 1,
              "Original Hash Batches": 1,
              "Peak Memory Usage": 457,
              "Plans": [
                {
                  "Node Type": "Hash Join",
                  "Parent Relationship": "Outer",
                  "Parallel Aware": false,
                  "Join Type": "Inner",
                  "Startup Cost": 2148.69,
                  "Total Cost": 7031.78,
                  "Plan Rows": 9632,
                  "Plan Width": 4,
                  "Actual Startup Time": 49.607,
                  "Actual Total Time": 89.099,
                  "Actual Rows": 9358,
                  "Actual Loops": 1,
                  "Hash Cond": "(customer.c_current_addr_sk = customer_address.ca_address_sk)",
                  "Plans": [
                    {
                      "Node Type": "Seq Scan",
                      "Parent Relationship": "Outer",
                      "Parallel Aware": false,
                      "Relation Name": "customer",
                      "Alias": "customer",
                      "Startup Cost": 0.00,
                      "Total Cost": 4605.00,
                      "Plan Rows": 48473,
                      "Plan Width": 8,
                      "Actual Startup Time": 0.028,
                      "Actual Total Time": 28.247,
                      "Actual Rows": 47269,
                      "Actual Loops": 1,
                      "Filter": "(c_birth_month = ANY ('{6,5,12,4,3,7}'::integer[]))",
                      "Rows Removed by Filter": 47467
                    },
                    {
                      "Node Type": "Hash",
                      "Parent Relationship": "Inner",
                      "Parallel Aware": false,
                      "Startup Cost": 2024.50,
                      "Total Cost": 2024.50,
                      "Plan Rows": 9935,
                      "Plan Width": 4,
                      "Actual Startup Time": 49.534,
                      "Actual Total Time": 49.534,
                      "Actual Rows": 9924,
                      "Actual Loops": 1,
                      "Hash Buckets": 16384,
                      "Original Hash Buckets": 16384,
                      "Hash Batches": 1,
                      "Original Hash Batches": 1,
                      "Peak Memory Usage": 477,
                      "Plans": [
                        {
                          "Node Type": "Seq Scan",
                          "Parent Relationship": "Outer",
                          "Parallel Aware": false,
                          "Relation Name": "customer_address",
                          "Alias": "customer_address",
                          "Startup Cost": 0.00,
                          "Total Cost": 2024.50,
                          "Plan Rows": 9935,
                          "Plan Width": 4,
                          "Actual Startup Time": 0.022,
                          "Actual Total Time": 45.296,
                          "Actual Rows": 9924,
                          "Actual Loops": 1,
                          "Filter": "(ca_state = ANY ('{TN,IL,GA,MO,CO,OH,NM}'::bpchar[]))",
                          "Rows Removed by Filter": 40076
                        }
                      ]
                    }
                  ]
                }
              ]
            }
          ]
        },
        {
          "Node Type": "Hash",
          "Parent Relationship": "Inner",
          "Parallel Aware": false,
          "Startup Cost": 1416.00,
          "Total Cost": 1416.00,
          "Plan Rows": 18000,
          "Plan Width": 4,
          "Actual Startup Time": 27.552,
          "Actual Total Time": 27.552,
          "Actual Rows": 18000,
          "Actual Loops": 1,
          "Hash Buckets": 32768,
          "Original Hash Buckets": 32768,
          "Hash Batches": 1,
          "Original Hash Batches": 1,
          "Peak Memory Usage": 889,
          "Plans": [
            {
              "Node Type": "Seq Scan",
              "Parent Relationship": "Outer",
              "Parallel Aware": false,
              "Relation Name": "item",
              "Alias": "item",
              "Startup Cost": 0.00,
              "Total Cost": 1416.00,
              "Plan Rows": 18000,
              "Plan Width": 4,
              "Actual Startup Time": 0.021,
              "Actual Total Time": 14.444,
              "Actual Rows": 18000,
              "Actual Loops": 1
            }
          ]
        }
      ]
    },
    "Planning Time": 60.065,
    "Triggers": [
    ],
    "Execution Time": 776.561
  }
]
