[
  {
    "Plan": {
      "Node Type": "Aggregate",
      "Strategy": "Hashed",
      "Startup Cost": 283259.04,
      "Total Cost": 283259.05,
      "Plan Rows": 1,
      "Plan Width": 11,
      "Actual Startup Time": 1743.147,
      "Actual Total Time": 1743.147,
      "Actual Rows": 2,
      "Actual Loops": 1,
      "Plans": [
        {
          "Node Type": "Hash Join",
          "Parent Relationship": "Outer",
          "Join Type": "Inner",
          "Startup Cost": 59845.00,
          "Total Cost": 282604.62,
          "Plan Rows": 261768,
          "Plan Width": 11,
          "Actual Startup Time": 345.420,
          "Actual Total Time": 1704.710,
          "Actual Rows": 260978,
          "Actual Loops": 1,
          "Hash Cond": "(lineitem.l_orderkey = orders.o_orderkey)",
          "Plans": [
            {
              "Node Type": "Seq Scan",
              "Parent Relationship": "Outer",
              "Relation Name": "lineitem",
              "Alias": "lineitem",
              "Startup Cost": 0.00,
              "Total Cost": 217524.26,
              "Plan Rows": 261768,
              "Plan Width": 15,
              "Actual Startup Time": 0.063,
              "Actual Total Time": 1194.392,
              "Actual Rows": 260978,
              "Actual Loops": 1,
              "Filter": "((l_shipmode = ANY ('{TRUCK,AIR}'::bpchar[])) AND (l_receiptdate >= '1997-01-01'::date) AND (l_receiptdate < '1998-01-01'::date))",
              "Rows Removed by Filter": 5740237
            },
            {
              "Node Type": "Hash",
              "Parent Relationship": "Inner",
              "Startup Cost": 41095.00,
              "Total Cost": 41095.00,
              "Plan Rows": 1500000,
              "Plan Width": 4,
              "Actual Startup Time": 344.516,
              "Actual Total Time": 344.516,
              "Actual Rows": 1500000,
              "Actual Loops": 1,
              "Hash Buckets": 262144,
              "Hash Batches": 1,
              "Original Hash Batches": 1,
              "Peak Memory Usage": 52735,
              "Plans": [
                {
                  "Node Type": "Seq Scan",
                  "Parent Relationship": "Outer",
                  "Relation Name": "orders",
                  "Alias": "orders",
                  "Startup Cost": 0.00,
                  "Total Cost": 41095.00,
                  "Plan Rows": 1500000,
                  "Plan Width": 4,
                  "Actual Startup Time": 0.003,
                  "Actual Total Time": 146.034,
                  "Actual Rows": 1500000,
                  "Actual Loops": 1
                }
              ]
            }
          ]
        }
      ]
    },
    "Triggers": [
    ],
    "Total Runtime": 1747.578
  }
]
