[
  {
    "Plan": {
      "Node Type": "Hash Join",
      "Join Type": "Inner",
      "Startup Cost": 1.32,
      "Total Cost": 364.82,
      "Plan Rows": 400,
      "Plan Width": 578,
      "Actual Startup Time": 0.029,
      "Actual Total Time": 2.476,
      "Actual Rows": 413,
      "Actual Loops": 1,
      "Hash Cond": "(supplier.s_nationkey = nation.n_nationkey)",
      "Plans": [
        {
          "Node Type": "Seq Scan",
          "Parent Relationship": "Outer",
          "Relation Name": "supplier",
          "Alias": "supplier",
          "Startup Cost": 0.00,
          "Total Cost": 322.00,
          "Plan Rows": 10000,
          "Plan Width": 144,
          "Actual Startup Time": 0.004,
          "Actual Total Time": 1.087,
          "Actual Rows": 10000,
          "Actual Loops": 1
        },
        {
          "Node Type": "Hash",
          "Parent Relationship": "Inner",
          "Startup Cost": 1.31,
          "Total Cost": 1.31,
          "Plan Rows": 1,
          "Plan Width": 434,
          "Actual Startup Time": 0.010,
          "Actual Total Time": 0.010,
          "Actual Rows": 1,
          "Actual Loops": 1,
          "Hash Buckets": 1024,
          "Hash Batches": 1,
          "Original Hash Batches": 1,
          "Peak Memory Usage": 1,
          "Plans": [
            {
              "Node Type": "Seq Scan",
              "Parent Relationship": "Outer",
              "Relation Name": "nation",
              "Alias": "nation",
              "Startup Cost": 0.00,
              "Total Cost": 1.31,
              "Plan Rows": 1,
              "Plan Width": 434,
              "Actual Startup Time": 0.005,
              "Actual Total Time": 0.010,
              "Actual Rows": 1,
              "Actual Loops": 1,
              "Filter": "(n_name = 'ARGENTINA'::bpchar)",
              "Rows Removed by Filter": 24
            }
          ]
        }
      ]
    },
    "Triggers": [
    ],
    "Total Runtime": 2.525
  }
]
