[
  {
    "Plan": {
      "Node Type": "Nested Loop",
      "Parallel Aware": false,
      "Join Type": "Inner",
      "Startup Cost": 5.40,
      "Total Cost": 8107.07,
      "Plan Rows": 2,
      "Plan Width": 787,
      "Actual Startup Time": 34.095,
      "Actual Total Time": 222.344,
      "Actual Rows": 63,
      "Actual Loops": 1,
      "Plans": [
        {
          "Node Type": "Nested Loop",
          "Parent Relationship": "Outer",
          "Parallel Aware": false,
          "Join Type": "Inner",
          "Startup Cost": 5.11,
          "Total Cost": 7685.03,
          "Plan Rows": 1281,
          "Plan Width": 669,
          "Actual Startup Time": 30.042,
          "Actual Total Time": 204.814,
          "Actual Rows": 2664,
          "Actual Loops": 1,
          "Plans": [
            {
              "Node Type": "Seq Scan",
              "Parent Relationship": "Outer",
              "Parallel Aware": false,
              "Relation Name": "item",
              "Alias": "item",
              "Startup Cost": 0.00,
              "Total Cost": 2205.00,
              "Plan Rows": 16,
              "Plan Width": 503,
              "Actual Startup Time": 29.582,
              "Actual Total Time": 172.247,
              "Actual Rows": 36,
              "Actual Loops": 1,
              "Filter": "(i_manufact_id = 291)",
              "Rows Removed by Filter": 17964
            },
            {
              "Node Type": "Bitmap Heap Scan",
              "Parent Relationship": "Inner",
              "Parallel Aware": false,
              "Relation Name": "catalog_sales",
              "Alias": "catalog_sales",
              "Startup Cost": 5.11,
              "Total Cost": 341.62,
              "Plan Rows": 88,
              "Plan Width": 166,
              "Actual Startup Time": 0.085,
              "Actual Total Time": 0.766,
              "Actual Rows": 74,
              "Actual Loops": 36,
              "Recheck Cond": "(cs_item_sk = item.i_item_sk)",
              "Rows Removed by Index Recheck": 0,
              "Exact Heap Blocks": 2686,
              "Lossy Heap Blocks": 0,
              "Plans": [
                {
                  "Node Type": "Bitmap Index Scan",
                  "Parent Relationship": "Outer",
                  "Parallel Aware": false,
                  "Index Name": "catalog_sales_pkey",
                  "Startup Cost": 0.00,
                  "Total Cost": 5.09,
                  "Plan Rows": 88,
                  "Plan Width": 0,
                  "Actual Startup Time": 0.051,
                  "Actual Total Time": 0.051,
                  "Actual Rows": 75,
                  "Actual Loops": 36,
                  "Index Cond": "(cs_item_sk = item.i_item_sk)"
                }
              ]
            }
          ]
        },
        {
          "Node Type": "Index Scan",
          "Parent Relationship": "Inner",
          "Parallel Aware": false,
          "Scan Direction": "Forward",
          "Index Name": "date_dim_pkey",
          "Relation Name": "date_dim",
          "Alias": "date_dim",
          "Startup Cost": 0.29,
          "Total Cost": 0.32,
          "Plan Rows": 1,
          "Plan Width": 118,
          "Actual Startup Time": 0.006,
          "Actual Total Time": 0.006,
          "Actual Rows": 0,
          "Actual Loops": 2664,
          "Index Cond": "(d_date_sk = catalog_sales.cs_sold_date_sk)",
          "Rows Removed by Index Recheck": 0,
          "Filter": "((d_date >= '2000-03-22'::date) AND (d_date <= '2000-06-22'::date))",
          "Rows Removed by Filter": 1
        }
      ]
    },
    "Planning Time": 1.121,
    "Triggers": [
    ],
    "Execution Time": 222.456
  }
]
