[
  {
    "Plan": {
      "Node Type": "Hash Join",
      "Parallel Aware": false,
      "Join Type": "Inner",
      "Startup Cost": 2506.91,
      "Total Cost": 39628.88,
      "Plan Rows": 4,
      "Plan Width": 732,
      "Actual Startup Time": 21.443,
      "Actual Total Time": 102.439,
      "Actual Rows": 224,
      "Actual Loops": 1,
      "Hash Cond": "(store_sales.ss_sold_date_sk = date_dim.d_date_sk)",
      "Plans": [
        {
          "Node Type": "Nested Loop",
          "Parent Relationship": "Outer",
          "Parallel Aware": false,
          "Join Type": "Inner",
          "Startup Cost": 5.79,
          "Total Cost": 37094.12,
          "Plan Rows": 8961,
          "Plan Width": 614,
          "Actual Startup Time": 0.539,
          "Actual Total Time": 79.635,
          "Actual Rows": 8802,
          "Actual Loops": 1,
          "Plans": [
            {
              "Node Type": "Seq Scan",
              "Parent Relationship": "Outer",
              "Parallel Aware": false,
              "Relation Name": "item",
              "Alias": "item",
              "Startup Cost": 0.00,
              "Total Cost": 2205.00,
              "Plan Rows": 56,
              "Plan Width": 503,
              "Actual Startup Time": 0.486,
              "Actual Total Time": 10.053,
              "Actual Rows": 56,
              "Actual Loops": 1,
              "Filter": "(i_manager_id = 91)",
              "Rows Removed by Filter": 17944
            },
            {
              "Node Type": "Bitmap Heap Scan",
              "Parent Relationship": "Inner",
              "Parallel Aware": false,
              "Relation Name": "store_sales",
              "Alias": "store_sales",
              "Startup Cost": 5.79,
              "Total Cost": 621.27,
              "Plan Rows": 175,
              "Plan Width": 111,
              "Actual Startup Time": 0.079,
              "Actual Total Time": 1.124,
              "Actual Rows": 157,
              "Actual Loops": 56,
              "Recheck Cond": "(ss_item_sk = item.i_item_sk)",
              "Rows Removed by Index Recheck": 0,
              "Exact Heap Blocks": 9660,
              "Lossy Heap Blocks": 0,
              "Plans": [
                {
                  "Node Type": "Bitmap Index Scan",
                  "Parent Relationship": "Outer",
                  "Parallel Aware": false,
                  "Index Name": "store_sales_pkey",
                  "Startup Cost": 0.00,
                  "Total Cost": 5.74,
                  "Plan Rows": 175,
                  "Plan Width": 0,
                  "Actual Startup Time": 0.045,
                  "Actual Total Time": 0.045,
                  "Actual Rows": 173,
                  "Actual Loops": 56,
                  "Index Cond": "(ss_item_sk = item.i_item_sk)"
                }
              ]
            }
          ]
        },
        {
          "Node Type": "Hash",
          "Parent Relationship": "Inner",
          "Parallel Aware": false,
          "Startup Cost": 2500.73,
          "Total Cost": 2500.73,
          "Plan Rows": 31,
          "Plan Width": 118,
          "Actual Startup Time": 20.724,
          "Actual Total Time": 20.724,
          "Actual Rows": 31,
          "Actual Loops": 1,
          "Hash Buckets": 1024,
          "Original Hash Buckets": 1024,
          "Hash Batches": 1,
          "Original Hash Batches": 1,
          "Peak Memory Usage": 13,
          "Plans": [
            {
              "Node Type": "Seq Scan",
              "Parent Relationship": "Outer",
              "Parallel Aware": false,
              "Relation Name": "date_dim",
              "Alias": "date_dim",
              "Startup Cost": 0.00,
              "Total Cost": 2500.73,
              "Plan Rows": 31,
              "Plan Width": 118,
              "Actual Startup Time": 11.170,
              "Actual Total Time": 20.708,
              "Actual Rows": 31,
              "Actual Loops": 1,
              "Filter": "((d_moy = 12) AND (d_year = 2002))",
              "Rows Removed by Filter": 73018
            }
          ]
        }
      ]
    },
    "Planning Time": 0.571,
    "Triggers": [
    ],
    "Execution Time": 102.558
  }
]
