[
  {
    "Plan": {
      "Node Type": "Nested Loop",
      "Parallel Aware": false,
      "Join Type": "Inner",
      "Startup Cost": 2501.66,
      "Total Cost": 59929.75,
      "Plan Rows": 20,
      "Plan Width": 932,
      "Actual Startup Time": 201.273,
      "Actual Total Time": 580.471,
      "Actual Rows": 490,
      "Actual Loops": 1,
      "Plans": [
        {
          "Node Type": "Nested Loop",
          "Parent Relationship": "Outer",
          "Parallel Aware": false,
          "Join Type": "Inner",
          "Startup Cost": 2501.37,
          "Total Cost": 59911.64,
          "Plan Rows": 56,
          "Plan Width": 787,
          "Actual Startup Time": 201.261,
          "Actual Total Time": 573.455,
          "Actual Rows": 1277,
          "Actual Loops": 1,
          "Plans": [
            {
              "Node Type": "Hash Join",
              "Parent Relationship": "Outer",
              "Parallel Aware": false,
              "Join Type": "Inner",
              "Startup Cost": 2501.08,
              "Total Cost": 59732.87,
              "Plan Rows": 553,
              "Plan Width": 284,
              "Actual Startup Time": 200.493,
              "Actual Total Time": 519.600,
              "Actual Rows": 13224,
              "Actual Loops": 1,
              "Hash Cond": "(catalog_sales.cs_sold_date_sk = date_dim.d_date_sk)",
              "Plans": [
                {
                  "Node Type": "Seq Scan",
                  "Parent Relationship": "Outer",
                  "Parallel Aware": false,
                  "Relation Name": "catalog_sales",
                  "Alias": "catalog_sales",
                  "Startup Cost": 0.00,
                  "Total Cost": 51820.48,
                  "Plan Rows": 1441548,
                  "Plan Width": 166,
                  "Actual Startup Time": 0.013,
                  "Actual Total Time": 283.632,
                  "Actual Rows": 1427357,
                  "Actual Loops": 1
                },
                {
                  "Node Type": "Hash",
                  "Parent Relationship": "Inner",
                  "Parallel Aware": false,
                  "Startup Cost": 2500.73,
                  "Total Cost": 2500.73,
                  "Plan Rows": 28,
                  "Plan Width": 118,
                  "Actual Startup Time": 19.133,
                  "Actual Total Time": 19.133,
                  "Actual Rows": 29,
                  "Actual Loops": 1,
                  "Hash Buckets": 1024,
                  "Original Hash Buckets": 1024,
                  "Hash Batches": 1,
                  "Original Hash Batches": 1,
                  "Peak Memory Usage": 13,
                  "Plans": [
                    {
                      "Node Type": "Seq Scan",
                      "Parent Relationship": "Outer",
                      "Parallel Aware": false,
                      "Relation Name": "date_dim",
                      "Alias": "date_dim",
                      "Startup Cost": 0.00,
                      "Total Cost": 2500.73,
                      "Plan Rows": 28,
                      "Plan Width": 118,
                      "Actual Startup Time": 10.586,
                      "Actual Total Time": 19.119,
                      "Actual Rows": 29,
                      "Actual Loops": 1,
                      "Filter": "((d_year = 2000) AND (d_moy = 2))",
                      "Rows Removed by Filter": 73020
                    }
                  ]
                }
              ]
            },
            {
              "Node Type": "Index Scan",
              "Parent Relationship": "Inner",
              "Parallel Aware": false,
              "Scan Direction": "Forward",
              "Index Name": "item_pkey",
              "Relation Name": "item",
              "Alias": "item",
              "Startup Cost": 0.29,
              "Total Cost": 0.31,
              "Plan Rows": 1,
              "Plan Width": 503,
              "Actual Startup Time": 0.004,
              "Actual Total Time": 0.004,
              "Actual Rows": 0,
              "Actual Loops": 13224,
              "Index Cond": "(i_item_sk = catalog_sales.cs_item_sk)",
              "Rows Removed by Index Recheck": 0,
              "Filter": "(i_category = 'Home'::bpchar)",
              "Rows Removed by Filter": 1
            }
          ]
        },
        {
          "Node Type": "Index Scan",
          "Parent Relationship": "Inner",
          "Parallel Aware": false,
          "Scan Direction": "Forward",
          "Index Name": "customer_address_pkey",
          "Relation Name": "customer_address",
          "Alias": "customer_address",
          "Startup Cost": 0.29,
          "Total Cost": 0.31,
          "Plan Rows": 1,
          "Plan Width": 145,
          "Actual Startup Time": 0.005,
          "Actual Total Time": 0.005,
          "Actual Rows": 0,
          "Actual Loops": 1277,
          "Index Cond": "(ca_address_sk = catalog_sales.cs_bill_addr_sk)",
          "Rows Removed by Index Recheck": 0,
          "Filter": "(ca_gmt_offset = '-5'::numeric)",
          "Rows Removed by Filter": 1
        }
      ]
    },
    "Planning Time": 0.761,
    "Triggers": [
    ],
    "Execution Time": 580.663
  }
]
