[
  {
    "Plan": {
      "Node Type": "Nested Loop",
      "Parallel Aware": false,
      "Join Type": "Inner",
      "Startup Cost": 2501.66,
      "Total Cost": 31262.35,
      "Plan Rows": 10,
      "Plan Width": 932,
      "Actual Startup Time": 28.286,
      "Actual Total Time": 338.543,
      "Actual Rows": 220,
      "Actual Loops": 1,
      "Plans": [
        {
          "Node Type": "Nested Loop",
          "Parent Relationship": "Outer",
          "Parallel Aware": false,
          "Join Type": "Inner",
          "Startup Cost": 2501.37,
          "Total Cost": 31253.20,
          "Plan Rows": 28,
          "Plan Width": 787,
          "Actual Startup Time": 24.989,
          "Actual Total Time": 334.243,
          "Actual Rows": 635,
          "Actual Loops": 1,
          "Plans": [
            {
              "Node Type": "Hash Join",
              "Parent Relationship": "Outer",
              "Parallel Aware": false,
              "Join Type": "Inner",
              "Startup Cost": 2501.08,
              "Total Cost": 31162.37,
              "Plan Rows": 276,
              "Plan Width": 284,
              "Actual Startup Time": 24.940,
              "Actual Total Time": 297.880,
              "Actual Rows": 6723,
              "Actual Loops": 1,
              "Hash Cond": "(web_sales.ws_sold_date_sk = date_dim.d_date_sk)",
              "Plans": [
                {
                  "Node Type": "Seq Scan",
                  "Parent Relationship": "Outer",
                  "Parallel Aware": false,
                  "Relation Name": "web_sales",
                  "Alias": "web_sales",
                  "Startup Cost": 0.00,
                  "Total Cost": 25960.84,
                  "Plan Rows": 719384,
                  "Plan Width": 166,
                  "Actual Startup Time": 0.023,
                  "Actual Total Time": 155.738,
                  "Actual Rows": 719071,
                  "Actual Loops": 1
                },
                {
                  "Node Type": "Hash",
                  "Parent Relationship": "Inner",
                  "Parallel Aware": false,
                  "Startup Cost": 2500.73,
                  "Total Cost": 2500.73,
                  "Plan Rows": 28,
                  "Plan Width": 118,
                  "Actual Startup Time": 24.812,
                  "Actual Total Time": 24.812,
                  "Actual Rows": 29,
                  "Actual Loops": 1,
                  "Hash Buckets": 1024,
                  "Original Hash Buckets": 1024,
                  "Hash Batches": 1,
                  "Original Hash Batches": 1,
                  "Peak Memory Usage": 13,
                  "Plans": [
                    {
                      "Node Type": "Seq Scan",
                      "Parent Relationship": "Outer",
                      "Parallel Aware": false,
                      "Relation Name": "date_dim",
                      "Alias": "date_dim",
                      "Startup Cost": 0.00,
                      "Total Cost": 2500.73,
                      "Plan Rows": 28,
                      "Plan Width": 118,
                      "Actual Startup Time": 13.425,
                      "Actual Total Time": 24.798,
                      "Actual Rows": 29,
                      "Actual Loops": 1,
                      "Filter": "((d_year = 2000) AND (d_moy = 2))",
                      "Rows Removed by Filter": 73020
                    }
                  ]
                }
              ]
            },
            {
              "Node Type": "Index Scan",
              "Parent Relationship": "Inner",
              "Parallel Aware": false,
              "Scan Direction": "Forward",
              "Index Name": "item_pkey",
              "Relation Name": "item",
              "Alias": "item",
              "Startup Cost": 0.29,
              "Total Cost": 0.32,
              "Plan Rows": 1,
              "Plan Width": 503,
              "Actual Startup Time": 0.005,
              "Actual Total Time": 0.005,
              "Actual Rows": 0,
              "Actual Loops": 6723,
              "Index Cond": "(i_item_sk = web_sales.ws_item_sk)",
              "Rows Removed by Index Recheck": 0,
              "Filter": "(i_category = 'Home'::bpchar)",
              "Rows Removed by Filter": 1
            }
          ]
        },
        {
          "Node Type": "Index Scan",
          "Parent Relationship": "Inner",
          "Parallel Aware": false,
          "Scan Direction": "Forward",
          "Index Name": "customer_address_pkey",
          "Relation Name": "customer_address",
          "Alias": "customer_address",
          "Startup Cost": 0.29,
          "Total Cost": 0.32,
          "Plan Rows": 1,
          "Plan Width": 145,
          "Actual Startup Time": 0.006,
          "Actual Total Time": 0.006,
          "Actual Rows": 0,
          "Actual Loops": 635,
          "Index Cond": "(ca_address_sk = web_sales.ws_bill_addr_sk)",
          "Rows Removed by Index Recheck": 0,
          "Filter": "(ca_gmt_offset = '-5'::numeric)",
          "Rows Removed by Filter": 1
        }
      ]
    },
    "Planning Time": 0.967,
    "Triggers": [
    ],
    "Execution Time": 338.775
  }
]
