[
  {
    "Plan": {
      "Node Type": "Hash Join",
      "Join Type": "Inner",
      "Startup Cost": 2780.78,
      "Total Cost": 96568.52,
      "Plan Rows": 2450,
      "Plan Width": 552,
      "Actual Startup Time": 9.156,
      "Actual Total Time": 647.628,
      "Actual Rows": 112454,
      "Actual Loops": 1,
      "Hash Cond": "(store_sales.ss_store_sk = store.s_store_sk)",
      "Plans": [
        {
          "Node Type": "Hash Join",
          "Parent Relationship": "Outer",
          "Join Type": "Inner",
          "Startup Cost": 2779.45,
          "Total Cost": 96532.20,
          "Plan Rows": 2800,
          "Plan Width": 265,
          "Actual Startup Time": 9.142,
          "Actual Total Time": 601.658,
          "Actual Rows": 112454,
          "Actual Loops": 1,
          "Hash Cond": "(store_sales.ss_hdemo_sk = household_demographics.hd_demo_sk)",
          "Plans": [
            {
              "Node Type": "Hash Join",
              "Parent Relationship": "Outer",
              "Join Type": "Inner",
              "Startup Cost": 2595.95,
              "Total Cost": 96261.94,
              "Plan Rows": 11751,
              "Plan Width": 233,
              "Actual Startup Time": 8.251,
              "Actual Total Time": 549.746,
              "Actual Rows": 454963,
              "Actual Loops": 1,
              "Hash Cond": "(store_sales.ss_sold_date_sk = date_dim.d_date_sk)",
              "Plans": [
                {
                  "Node Type": "Seq Scan",
                  "Parent Relationship": "Outer",
                  "Relation Name": "store_sales",
                  "Alias": "store_sales",
                  "Startup Cost": 0.00,
                  "Total Cost": 82746.99,
                  "Plan Rows": 2880399,
                  "Plan Width": 115,
                  "Actual Startup Time": 0.006,
                  "Actual Total Time": 225.832,
                  "Actual Rows": 2622614,
                  "Actual Loops": 1
                },
                {
                  "Node Type": "Hash",
                  "Parent Relationship": "Inner",
                  "Startup Cost": 2592.05,
                  "Total Cost": 2592.05,
                  "Plan Rows": 312,
                  "Plan Width": 118,
                  "Actual Startup Time": 8.238,
                  "Actual Total Time": 8.238,
                  "Actual Rows": 314,
                  "Actual Loops": 1,
                  "Hash Buckets": 1024,
                  "Hash Batches": 1,
                  "Original Hash Batches": 1,
                  "Peak Memory Usage": 48,
                  "Plans": [
                    {
                      "Node Type": "Seq Scan",
                      "Parent Relationship": "Outer",
                      "Relation Name": "date_dim",
                      "Alias": "date_dim",
                      "Startup Cost": 0.00,
                      "Total Cost": 2592.05,
                      "Plan Rows": 312,
                      "Plan Width": 118,
                      "Actual Startup Time": 4.139,
                      "Actual Total Time": 8.214,
                      "Actual Rows": 314,
                      "Actual Loops": 1,
                      "Filter": "((d_dow = ANY ('{6,0}'::integer[])) AND (d_year = ANY ('{2000,2001,2002}'::integer[])))",
                      "Rows Removed by Filter": 72735
                    }
                  ]
                }
              ]
            },
            {
              "Node Type": "Hash",
              "Parent Relationship": "Inner",
              "Startup Cost": 161.00,
              "Total Cost": 161.00,
              "Plan Rows": 1800,
              "Plan Width": 32,
              "Actual Startup Time": 0.861,
              "Actual Total Time": 0.861,
              "Actual Rows": 1800,
              "Actual Loops": 1,
              "Hash Buckets": 1024,
              "Hash Batches": 1,
              "Original Hash Batches": 1,
              "Peak Memory Usage": 113,
              "Plans": [
                {
                  "Node Type": "Seq Scan",
                  "Parent Relationship": "Outer",
                  "Relation Name": "household_demographics",
                  "Alias": "household_demographics",
                  "Startup Cost": 0.00,
                  "Total Cost": 161.00,
                  "Plan Rows": 1800,
                  "Plan Width": 32,
                  "Actual Startup Time": 0.090,
                  "Actual Total Time": 0.748,
                  "Actual Rows": 1800,
                  "Actual Loops": 1,
                  "Filter": "((hd_dep_count = 8) OR (hd_vehicle_count = (-1)))",
                  "Rows Removed by Filter": 5400
                }
              ]
            }
          ]
        },
        {
          "Node Type": "Hash",
          "Parent Relationship": "Inner",
          "Startup Cost": 1.20,
          "Total Cost": 1.20,
          "Plan Rows": 11,
          "Plan Width": 287,
          "Actual Startup Time": 0.008,
          "Actual Total Time": 0.008,
          "Actual Rows": 12,
          "Actual Loops": 1,
          "Hash Buckets": 1024,
          "Hash Batches": 1,
          "Original Hash Batches": 1,
          "Peak Memory Usage": 4,
          "Plans": [
            {
              "Node Type": "Seq Scan",
              "Parent Relationship": "Outer",
              "Relation Name": "store",
              "Alias": "store",
              "Startup Cost": 0.00,
              "Total Cost": 1.20,
              "Plan Rows": 11,
              "Plan Width": 287,
              "Actual Startup Time": 0.003,
              "Actual Total Time": 0.007,
              "Actual Rows": 12,
              "Actual Loops": 1,
              "Filter": "((s_city)::text = ANY ('{Midway,Fairview,Fairview,Fairview,Fairview}'::text[]))",
              "Rows Removed by Filter": 0
            }
          ]
        }
      ]
    },
    "Triggers": [
    ],
    "Total Runtime": 650.407
  }
]
