[
  {
    "Plan": {
      "Node Type": "Hash Join",
      "Join Type": "Inner",
      "Startup Cost": 1904.03,
      "Total Cost": 6215.96,
      "Plan Rows": 738,
      "Plan Width": 390,
      "Actual Startup Time": 7.725,
      "Actual Total Time": 23.903,
      "Actual Rows": 737,
      "Actual Loops": 1,
      "Hash Cond": "(customer.c_current_addr_sk = customer_address.ca_address_sk)",
      "Plans": [
        {
          "Node Type": "Seq Scan",
          "Parent Relationship": "Outer",
          "Relation Name": "customer",
          "Alias": "customer",
          "Startup Cost": 0.00,
          "Total Cost": 3922.31,
          "Plan Rows": 101931,
          "Plan Width": 245,
          "Actual Startup Time": 0.003,
          "Actual Total Time": 7.421,
          "Actual Rows": 100000,
          "Actual Loops": 1
        },
        {
          "Node Type": "Hash",
          "Parent Relationship": "Inner",
          "Startup Cost": 1899.50,
          "Total Cost": 1899.50,
          "Plan Rows": 362,
          "Plan Width": 145,
          "Actual Startup Time": 7.714,
          "Actual Total Time": 7.714,
          "Actual Rows": 382,
          "Actual Loops": 1,
          "Hash Buckets": 1024,
          "Hash Batches": 1,
          "Original Hash Batches": 1,
          "Peak Memory Usage": 68,
          "Plans": [
            {
              "Node Type": "Seq Scan",
              "Parent Relationship": "Outer",
              "Relation Name": "customer_address",
              "Alias": "customer_address",
              "Startup Cost": 0.00,
              "Total Cost": 1899.50,
              "Plan Rows": 362,
              "Plan Width": 145,
              "Actual Startup Time": 0.065,
              "Actual Total Time": 7.677,
              "Actual Rows": 382,
              "Actual Loops": 1,
              "Filter": "((ca_county)::text = ANY ('{\"Yellowstone County\",\"Montgomery County\",\"Divide County\",\"Cedar County\",\"Manassas Park city\"}'::text[]))",
              "Rows Removed by Filter": 49618
            }
          ]
        }
      ]
    },
    "Triggers": [
    ],
    "Total Runtime": 23.945
  }
]
