[
  {
    "Plan": {
      "Node Type": "Hash Join",
      "Join Type": "Inner",
      "Startup Cost": 2684.85,
      "Total Cost": 31524.10,
      "Plan Rows": 1172,
      "Plan Width": 289,
      "Actual Startup Time": 8.484,
      "Actual Total Time": 126.411,
      "Actual Rows": 27954,
      "Actual Loops": 1,
      "Hash Cond": "(web_sales.ws_sold_date_sk = date_dim.d_date_sk)",
      "Plans": [
        {
          "Node Type": "Seq Scan",
          "Parent Relationship": "Outer",
          "Relation Name": "web_sales",
          "Alias": "web_sales",
          "Startup Cost": 0.00,
          "Total Cost": 26129.84,
          "Plan Rows": 719384,
          "Plan Width": 171,
          "Actual Startup Time": 0.008,
          "Actual Total Time": 68.221,
          "Actual Rows": 719071,
          "Actual Loops": 1
        },
        {
          "Node Type": "Hash",
          "Parent Relationship": "Inner",
          "Startup Cost": 2683.36,
          "Total Cost": 2683.36,
          "Plan Rows": 119,
          "Plan Width": 118,
          "Actual Startup Time": 8.437,
          "Actual Total Time": 8.437,
          "Actual Rows": 121,
          "Actual Loops": 1,
          "Hash Buckets": 1024,
          "Hash Batches": 1,
          "Original Hash Batches": 1,
          "Peak Memory Usage": 19,
          "Plans": [
            {
              "Node Type": "Seq Scan",
              "Parent Relationship": "Outer",
              "Relation Name": "date_dim",
              "Alias": "date_dim",
              "Startup Cost": 0.00,
              "Total Cost": 2683.36,
              "Plan Rows": 119,
              "Plan Width": 118,
              "Actual Startup Time": 4.277,
              "Actual Total Time": 8.427,
              "Actual Rows": 121,
              "Actual Loops": 1,
              "Filter": "((d_moy >= 2) AND (d_moy <= 5) AND (d_year = 2000))",
              "Rows Removed by Filter": 72928
            }
          ]
        }
      ]
    },
    "Triggers": [
    ],
    "Total Runtime": 127.101
  }
]
