[
  {
    "Plan": {
      "Node Type": "Hash Join",
      "Join Type": "Inner",
      "Startup Cost": 1832.75,
      "Total Cost": 6741.96,
      "Plan Rows": 9500,
      "Plan Width": 390,
      "Actual Startup Time": 8.760,
      "Actual Total Time": 36.480,
      "Actual Rows": 9097,
      "Actual Loops": 1,
      "Hash Cond": "(c.c_current_addr_sk = ca.ca_address_sk)",
      "Plans": [
        {
          "Node Type": "Seq Scan",
          "Parent Relationship": "Outer",
          "Relation Name": "customer",
          "Alias": "c",
          "Startup Cost": 0.00,
          "Total Cost": 3922.31,
          "Plan Rows": 101931,
          "Plan Width": 245,
          "Actual Startup Time": 0.002,
          "Actual Total Time": 8.559,
          "Actual Rows": 100000,
          "Actual Loops": 1
        },
        {
          "Node Type": "Hash",
          "Parent Relationship": "Inner",
          "Startup Cost": 1774.50,
          "Total Cost": 1774.50,
          "Plan Rows": 4660,
          "Plan Width": 145,
          "Actual Startup Time": 8.752,
          "Actual Total Time": 8.752,
          "Actual Rows": 4611,
          "Actual Loops": 1,
          "Hash Buckets": 1024,
          "Hash Batches": 1,
          "Original Hash Batches": 1,
          "Peak Memory Usage": 799,
          "Plans": [
            {
              "Node Type": "Seq Scan",
              "Parent Relationship": "Outer",
              "Relation Name": "customer_address",
              "Alias": "ca",
              "Startup Cost": 0.00,
              "Total Cost": 1774.50,
              "Plan Rows": 4660,
              "Plan Width": 145,
              "Actual Startup Time": 0.004,
              "Actual Total Time": 8.385,
              "Actual Rows": 4611,
              "Actual Loops": 1,
              "Filter": "(ca_state = ANY ('{SD,KY,MO}'::bpchar[]))",
              "Rows Removed by Filter": 45389
            }
          ]
        }
      ]
    },
    "Triggers": [
    ],
    "Total Runtime": 36.755
  }
]
