[
  {
    "Plan": {
      "Node Type": "Hash Join",
      "Join Type": "Inner",
      "Startup Cost": 2684.49,
      "Total Cost": 96267.25,
      "Plan Rows": 3427,
      "Plan Width": 233,
      "Actual Startup Time": 388.179,
      "Actual Total Time": 388.179,
      "Actual Rows": 0,
      "Actual Loops": 1,
      "Hash Cond": "(store_sales.ss_sold_date_sk = date_dim.d_date_sk)",
      "Plans": [
        {
          "Node Type": "Seq Scan",
          "Parent Relationship": "Outer",
          "Relation Name": "store_sales",
          "Alias": "store_sales",
          "Startup Cost": 0.00,
          "Total Cost": 82746.99,
          "Plan Rows": 2880399,
          "Plan Width": 115,
          "Actual Startup Time": 0.008,
          "Actual Total Time": 232.906,
          "Actual Rows": 2622614,
          "Actual Loops": 1
        },
        {
          "Node Type": "Hash",
          "Parent Relationship": "Inner",
          "Startup Cost": 2683.36,
          "Total Cost": 2683.36,
          "Plan Rows": 91,
          "Plan Width": 118,
          "Actual Startup Time": 8.664,
          "Actual Total Time": 8.664,
          "Actual Rows": 92,
          "Actual Loops": 1,
          "Hash Buckets": 1024,
          "Hash Batches": 1,
          "Original Hash Batches": 1,
          "Peak Memory Usage": 14,
          "Plans": [
            {
              "Node Type": "Seq Scan",
              "Parent Relationship": "Outer",
              "Relation Name": "date_dim",
              "Alias": "date_dim",
              "Startup Cost": 0.00,
              "Total Cost": 2683.36,
              "Plan Rows": 91,
              "Plan Width": 118,
              "Actual Startup Time": 4.530,
              "Actual Total Time": 8.655,
              "Actual Rows": 92,
              "Actual Loops": 1,
              "Filter": "((d_moy >= 3) AND (d_moy <= 5) AND (d_year = 2004))",
              "Rows Removed by Filter": 72957
            }
          ]
        }
      ]
    },
    "Triggers": [
    ],
    "Total Runtime": 388.210
  }
]
