[
  {
    "Plan": {
      "Node Type": "Nested Loop",
      "Join Type": "Inner",
      "Startup Cost": 2501.48,
      "Total Cost": 273075.75,
      "Plan Rows": 5,
      "Plan Width": 641,
      "Actual Startup Time": 1153.055,
      "Actual Total Time": 1559.815,
      "Actual Rows": 66,
      "Actual Loops": 1,
      "Join Filter": "(inventory.inv_item_sk = item.i_item_sk)",
      "Rows Removed by Join Filter": 1094286,
      "Plans": [
        {
          "Node Type": "Hash Join",
          "Parent Relationship": "Outer",
          "Join Type": "Inner",
          "Startup Cost": 2501.48,
          "Total Cost": 270034.34,
          "Plan Rows": 3706,
          "Plan Width": 138,
          "Actual Startup Time": 1146.036,
          "Actual Total Time": 1442.876,
          "Actual Rows": 136794,
          "Actual Loops": 1,
          "Hash Cond": "(inventory.inv_date_sk = date_dim.d_date_sk)",
          "Plans": [
            {
              "Node Type": "Seq Scan",
              "Parent Relationship": "Outer",
              "Relation Name": "inventory",
              "Alias": "inventory",
              "Startup Cost": 0.00,
              "Total Cost": 250576.66,
              "Plan Rows": 4511769,
              "Plan Width": 20,
              "Actual Startup Time": 0.012,
              "Actual Total Time": 1193.223,
              "Actual Rows": 4469511,
              "Actual Loops": 1,
              "Filter": "((inv_quantity_on_hand >= 100) AND (inv_quantity_on_hand <= 500))",
              "Rows Removed by Filter": 7275489
            },
            {
              "Node Type": "Hash",
              "Parent Relationship": "Inner",
              "Startup Cost": 2500.73,
              "Total Cost": 2500.73,
              "Plan Rows": 60,
              "Plan Width": 118,
              "Actual Startup Time": 6.374,
              "Actual Total Time": 6.374,
              "Actual Rows": 60,
              "Actual Loops": 1,
              "Hash Buckets": 1024,
              "Hash Batches": 1,
              "Original Hash Batches": 1,
              "Peak Memory Usage": 10,
              "Plans": [
                {
                  "Node Type": "Seq Scan",
                  "Parent Relationship": "Outer",
                  "Relation Name": "date_dim",
                  "Alias": "date_dim",
                  "Startup Cost": 0.00,
                  "Total Cost": 2500.73,
                  "Plan Rows": 60,
                  "Plan Width": 118,
                  "Actual Startup Time": 2.901,
                  "Actual Total Time": 6.369,
                  "Actual Rows": 60,
                  "Actual Loops": 1,
                  "Filter": "((d_date >= '2002-01-18'::date) AND (d_date <= '2002-03-18'::date))",
                  "Rows Removed by Filter": 72989
                }
              ]
            }
          ]
        },
        {
          "Node Type": "Materialize",
          "Parent Relationship": "Inner",
          "Startup Cost": 0.00,
          "Total Cost": 1596.13,
          "Plan Rows": 26,
          "Plan Width": 503,
          "Actual Startup Time": 0.000,
          "Actual Total Time": 0.000,
          "Actual Rows": 8,
          "Actual Loops": 136794,
          "Plans": [
            {
              "Node Type": "Seq Scan",
              "Parent Relationship": "Outer",
              "Relation Name": "item",
              "Alias": "item",
              "Startup Cost": 0.00,
              "Total Cost": 1596.00,
              "Plan Rows": 26,
              "Plan Width": 503,
              "Actual Startup Time": 0.038,
              "Actual Total Time": 4.809,
              "Actual Rows": 8,
              "Actual Loops": 1,
              "Filter": "((i_current_price >= 4::numeric) AND (i_current_price <= 10::numeric) AND (i_manufact_id = ANY ('{744,691,853,946}'::integer[])))",
              "Rows Removed by Filter": 17992
            }
          ]
        }
      ]
    },
    "Triggers": [
    ],
    "Total Runtime": 1559.861
  }
]
