[
  {
    "Plan": {
      "Node Type": "Hash Join",
      "Join Type": "Inner",
      "Startup Cost": 60172.39,
      "Total Cost": 62975.83,
      "Plan Rows": 235,
      "Plan Width": 496,
      "Actual Startup Time": 391.969,
      "Actual Total Time": 420.543,
      "Actual Rows": 12762,
      "Actual Loops": 1,
      "Hash Cond": "(time_dim.t_time_sk = catalog_sales.cs_sold_time_sk)",
      "Plans": [
        {
          "Node Type": "Seq Scan",
          "Parent Relationship": "Outer",
          "Relation Name": "time_dim",
          "Alias": "time_dim",
          "Startup Cost": 0.00,
          "Total Cost": 2693.00,
          "Plan Rows": 28824,
          "Plan Width": 103,
          "Actual Startup Time": 3.176,
          "Actual Total Time": 8.081,
          "Actual Rows": 28801,
          "Actual Loops": 1,
          "Filter": "((t_time >= 46185) AND (t_time <= 74985))",
          "Rows Removed by Filter": 57599
        },
        {
          "Node Type": "Hash",
          "Parent Relationship": "Inner",
          "Startup Cost": 60163.53,
          "Total Cost": 60163.53,
          "Plan Rows": 709,
          "Plan Width": 393,
          "Actual Startup Time": 388.361,
          "Actual Total Time": 388.361,
          "Actual Rows": 28326,
          "Actual Loops": 1,
          "Hash Buckets": 1024,
          "Hash Batches": 16,
          "Original Hash Batches": 1,
          "Peak Memory Usage": 1025,
          "Plans": [
            {
              "Node Type": "Hash Join",
              "Parent Relationship": "Outer",
              "Join Type": "Inner",
              "Startup Cost": 2323.93,
              "Total Cost": 60163.53,
              "Plan Rows": 709,
              "Plan Width": 393,
              "Actual Startup Time": 34.555,
              "Actual Total Time": 363.144,
              "Actual Rows": 28326,
              "Actual Loops": 1,
              "Hash Cond": "(catalog_sales.cs_ship_mode_sk = ship_mode.sm_ship_mode_sk)",
              "Plans": [
                {
                  "Node Type": "Hash Join",
                  "Parent Relationship": "Outer",
                  "Join Type": "Inner",
                  "Startup Cost": 2322.65,
                  "Total Cost": 60128.44,
                  "Plan Rows": 7127,
                  "Plan Width": 288,
                  "Actual Startup Time": 34.388,
                  "Actual Total Time": 340.474,
                  "Actual Rows": 284321,
                  "Actual Loops": 1,
                  "Hash Cond": "(catalog_sales.cs_sold_date_sk = date_dim.d_date_sk)",
                  "Plans": [
                    {
                      "Node Type": "Seq Scan",
                      "Parent Relationship": "Outer",
                      "Relation Name": "catalog_sales",
                      "Alias": "catalog_sales",
                      "Startup Cost": 0.00,
                      "Total Cost": 52328.65,
                      "Plan Rows": 1441565,
                      "Plan Width": 170,
                      "Actual Startup Time": 0.008,
                      "Actual Total Time": 136.117,
                      "Actual Rows": 1427357,
                      "Actual Loops": 1
                    },
                    {
                      "Node Type": "Hash",
                      "Parent Relationship": "Inner",
                      "Startup Cost": 2318.11,
                      "Total Cost": 2318.11,
                      "Plan Rows": 363,
                      "Plan Width": 118,
                      "Actual Startup Time": 6.698,
                      "Actual Total Time": 6.698,
                      "Actual Rows": 365,
                      "Actual Loops": 1,
                      "Hash Buckets": 1024,
                      "Hash Batches": 1,
                      "Original Hash Batches": 1,
                      "Peak Memory Usage": 55,
                      "Plans": [
                        {
                          "Node Type": "Seq Scan",
                          "Parent Relationship": "Outer",
                          "Relation Name": "date_dim",
                          "Alias": "date_dim",
                          "Startup Cost": 0.00,
                          "Total Cost": 2318.11,
                          "Plan Rows": 363,
                          "Plan Width": 118,
                          "Actual Startup Time": 3.204,
                          "Actual Total Time": 6.671,
                          "Actual Rows": 365,
                          "Actual Loops": 1,
                          "Filter": "(d_year = 1999)",
                          "Rows Removed by Filter": 72684
                        }
                      ]
                    }
                  ]
                },
                {
                  "Node Type": "Hash",
                  "Parent Relationship": "Inner",
                  "Startup Cost": 1.25,
                  "Total Cost": 1.25,
                  "Plan Rows": 2,
                  "Plan Width": 105,
                  "Actual Startup Time": 0.007,
                  "Actual Total Time": 0.007,
                  "Actual Rows": 2,
                  "Actual Loops": 1,
                  "Hash Buckets": 1024,
                  "Hash Batches": 1,
                  "Original Hash Batches": 1,
                  "Peak Memory Usage": 1,
                  "Plans": [
                    {
                      "Node Type": "Seq Scan",
                      "Parent Relationship": "Outer",
                      "Relation Name": "ship_mode",
                      "Alias": "ship_mode",
                      "Startup Cost": 0.00,
                      "Total Cost": 1.25,
                      "Plan Rows": 2,
                      "Plan Width": 105,
                      "Actual Startup Time": 0.004,
                      "Actual Total Time": 0.006,
                      "Actual Rows": 2,
                      "Actual Loops": 1,
                      "Filter": "(sm_carrier = ANY ('{DIAMOND,ZOUROS}'::bpchar[]))",
                      "Rows Removed by Filter": 18
                    }
                  ]
                }
              ]
            }
          ]
        }
      ]
    },
    "Triggers": [
    ],
    "Total Runtime": 420.936
  }
]
