[
  {
    "Plan": {
      "Node Type": "Hash Join",
      "Join Type": "Inner",
      "Startup Cost": 2504.13,
      "Total Cost": 96155.07,
      "Plan Rows": 10245,
      "Plan Width": 233,
      "Actual Startup Time": 8.851,
      "Actual Total Time": 492.829,
      "Actual Rows": 292091,
      "Actual Loops": 1,
      "Hash Cond": "(store_sales.ss_sold_date_sk = date_dim.d_date_sk)",
      "Plans": [
        {
          "Node Type": "Seq Scan",
          "Parent Relationship": "Outer",
          "Relation Name": "store_sales",
          "Alias": "store_sales",
          "Startup Cost": 0.00,
          "Total Cost": 82746.99,
          "Plan Rows": 2880399,
          "Plan Width": 115,
          "Actual Startup Time": 0.007,
          "Actual Total Time": 222.304,
          "Actual Rows": 2622614,
          "Actual Loops": 1
        },
        {
          "Node Type": "Hash",
          "Parent Relationship": "Inner",
          "Startup Cost": 2500.73,
          "Total Cost": 2500.73,
          "Plan Rows": 272,
          "Plan Width": 118,
          "Actual Startup Time": 8.826,
          "Actual Total Time": 8.826,
          "Actual Rows": 274,
          "Actual Loops": 1,
          "Hash Buckets": 1024,
          "Hash Batches": 1,
          "Original Hash Batches": 1,
          "Peak Memory Usage": 42,
          "Plans": [
            {
              "Node Type": "Seq Scan",
              "Parent Relationship": "Outer",
              "Relation Name": "date_dim",
              "Alias": "date_dim",
              "Startup Cost": 0.00,
              "Total Cost": 2500.73,
              "Plan Rows": 272,
              "Plan Width": 118,
              "Actual Startup Time": 4.533,
              "Actual Total Time": 8.804,
              "Actual Rows": 274,
              "Actual Loops": 1,
              "Filter": "((d_qoy < 4) AND (d_year = 2001))",
              "Rows Removed by Filter": 72775
            }
          ]
        }
      ]
    },
    "Triggers": [
    ],
    "Total Runtime": 499.762
  }
]
