[
  {
    "Plan": {
      "Node Type": "Hash Join",
      "Join Type": "Inner",
      "Startup Cost": 2505.18,
      "Total Cost": 238972.85,
      "Plan Rows": 57239,
      "Plan Width": 138,
      "Actual Startup Time": 503.381,
      "Actual Total Time": 1876.220,
      "Actual Rows": 2385000,
      "Actual Loops": 1,
      "Hash Cond": "(inventory.inv_date_sk = date_dim.d_date_sk)",
      "Plans": [
        {
          "Node Type": "Seq Scan",
          "Parent Relationship": "Outer",
          "Relation Name": "inventory",
          "Alias": "inventory",
          "Startup Cost": 0.00,
          "Total Cost": 191851.11,
          "Plan Rows": 11745111,
          "Plan Width": 20,
          "Actual Startup Time": 0.011,
          "Actual Total Time": 678.579,
          "Actual Rows": 11745000,
          "Actual Loops": 1
        },
        {
          "Node Type": "Hash",
          "Parent Relationship": "Inner",
          "Startup Cost": 2500.73,
          "Total Cost": 2500.73,
          "Plan Rows": 356,
          "Plan Width": 118,
          "Actual Startup Time": 6.793,
          "Actual Total Time": 6.793,
          "Actual Rows": 366,
          "Actual Loops": 1,
          "Hash Buckets": 1024,
          "Hash Batches": 1,
          "Original Hash Batches": 1,
          "Peak Memory Usage": 56,
          "Plans": [
            {
              "Node Type": "Seq Scan",
              "Parent Relationship": "Outer",
              "Relation Name": "date_dim",
              "Alias": "date_dim",
              "Startup Cost": 0.00,
              "Total Cost": 2500.73,
              "Plan Rows": 356,
              "Plan Width": 118,
              "Actual Startup Time": 2.932,
              "Actual Total Time": 6.762,
              "Actual Rows": 366,
              "Actual Loops": 1,
              "Filter": "((d_month_seq >= 1199) AND (d_month_seq <= 1210))",
              "Rows Removed by Filter": 72683
            }
          ]
        }
      ]
    },
    "Triggers": [
    ],
    "Total Runtime": 1930.121
  }
]
