[
  {
    "Plan": {
      "Node Type": "Hash Join",
      "Join Type": "Inner",
      "Startup Cost": 2501.87,
      "Total Cost": 60524.62,
      "Plan Rows": 689,
      "Plan Width": 288,
      "Actual Startup Time": 10.654,
      "Actual Total Time": 354.378,
      "Actual Rows": 16001,
      "Actual Loops": 1,
      "Hash Cond": "(catalog_sales.cs_sold_date_sk = date_dim.d_date_sk)",
      "Plans": [
        {
          "Node Type": "Seq Scan",
          "Parent Relationship": "Outer",
          "Relation Name": "catalog_sales",
          "Alias": "catalog_sales",
          "Startup Cost": 0.00,
          "Total Cost": 55932.56,
          "Plan Rows": 555545,
          "Plan Width": 170,
          "Actual Startup Time": 0.011,
          "Actual Total Time": 311.834,
          "Actual Rows": 552937,
          "Actual Loops": 1,
          "Filter": "(cs_sales_price > 50::numeric)",
          "Rows Removed by Filter": 874420
        },
        {
          "Node Type": "Hash",
          "Parent Relationship": "Inner",
          "Startup Cost": 2500.73,
          "Total Cost": 2500.73,
          "Plan Rows": 91,
          "Plan Width": 118,
          "Actual Startup Time": 7.676,
          "Actual Total Time": 7.676,
          "Actual Rows": 91,
          "Actual Loops": 1,
          "Hash Buckets": 1024,
          "Hash Batches": 1,
          "Original Hash Batches": 1,
          "Peak Memory Usage": 14,
          "Plans": [
            {
              "Node Type": "Seq Scan",
              "Parent Relationship": "Outer",
              "Relation Name": "date_dim",
              "Alias": "date_dim",
              "Startup Cost": 0.00,
              "Total Cost": 2500.73,
              "Plan Rows": 91,
              "Plan Width": 118,
              "Actual Startup Time": 3.743,
              "Actual Total Time": 7.668,
              "Actual Rows": 91,
              "Actual Loops": 1,
              "Filter": "((d_qoy = 2) AND (d_year = 1998))",
              "Rows Removed by Filter": 72958
            }
          ]
        }
      ]
    },
    "Triggers": [
    ],
    "Total Runtime": 354.811
  }
]
