[
  {
    "Plan": {
      "Node Type": "Hash Join",
      "Join Type": "Inner",
      "Startup Cost": 2964.69,
      "Total Cost": 100020.80,
      "Plan Rows": 714,
      "Plan Width": 537,
      "Actual Startup Time": 12.124,
      "Actual Total Time": 623.234,
      "Actual Rows": 2863,
      "Actual Loops": 1,
      "Hash Cond": "(store_sales.ss_hdemo_sk = household_demographics.hd_demo_sk)",
      "Plans": [
        {
          "Node Type": "Hash Join",
          "Parent Relationship": "Outer",
          "Join Type": "Inner",
          "Startup Cost": 2717.29,
          "Total Cost": 99748.69,
          "Plan Rows": 4684,
          "Plan Width": 505,
          "Actual Startup Time": 7.699,
          "Actual Total Time": 620.232,
          "Actual Rows": 17664,
          "Actual Loops": 1,
          "Hash Cond": "(store_sales.ss_sold_time_sk = time_dim.t_time_sk)",
          "Plans": [
            {
              "Node Type": "Hash Join",
              "Parent Relationship": "Outer",
              "Join Type": "Inner",
              "Startup Cost": 1.16,
              "Total Cost": 95840.37,
              "Plan Rows": 229072,
              "Plan Width": 402,
              "Actual Startup Time": 0.025,
              "Actual Total Time": 580.278,
              "Actual Rows": 436964,
              "Actual Loops": 1,
              "Hash Cond": "(store_sales.ss_store_sk = store.s_store_sk)",
              "Plans": [
                {
                  "Node Type": "Seq Scan",
                  "Parent Relationship": "Outer",
                  "Relation Name": "store_sales",
                  "Alias": "store_sales",
                  "Startup Cost": 0.00,
                  "Total Cost": 82746.99,
                  "Plan Rows": 2880399,
                  "Plan Width": 115,
                  "Actual Startup Time": 0.007,
                  "Actual Total Time": 221.733,
                  "Actual Rows": 2622614,
                  "Actual Loops": 1
                },
                {
                  "Node Type": "Hash",
                  "Parent Relationship": "Inner",
                  "Startup Cost": 1.15,
                  "Total Cost": 1.15,
                  "Plan Rows": 1,
                  "Plan Width": 287,
                  "Actual Startup Time": 0.003,
                  "Actual Total Time": 0.003,
                  "Actual Rows": 1,
                  "Actual Loops": 1,
                  "Hash Buckets": 1024,
                  "Hash Batches": 1,
                  "Original Hash Batches": 1,
                  "Peak Memory Usage": 1,
                  "Plans": [
                    {
                      "Node Type": "Seq Scan",
                      "Parent Relationship": "Outer",
                      "Relation Name": "store",
                      "Alias": "store",
                      "Startup Cost": 0.00,
                      "Total Cost": 1.15,
                      "Plan Rows": 1,
                      "Plan Width": 287,
                      "Actual Startup Time": 0.002,
                      "Actual Total Time": 0.003,
                      "Actual Rows": 1,
                      "Actual Loops": 1,
                      "Filter": "((s_store_name)::text = 'ese'::text)",
                      "Rows Removed by Filter": 11
                    }
                  ]
                }
              ]
            },
            {
              "Node Type": "Hash",
              "Parent Relationship": "Inner",
              "Startup Cost": 2693.00,
              "Total Cost": 2693.00,
              "Plan Rows": 1850,
              "Plan Width": 103,
              "Actual Startup Time": 7.644,
              "Actual Total Time": 7.644,
              "Actual Rows": 1800,
              "Actual Loops": 1,
              "Hash Buckets": 1024,
              "Hash Batches": 1,
              "Original Hash Batches": 1,
              "Peak Memory Usage": 243,
              "Plans": [
                {
                  "Node Type": "Seq Scan",
                  "Parent Relationship": "Outer",
                  "Relation Name": "time_dim",
                  "Alias": "time_dim",
                  "Startup Cost": 0.00,
                  "Total Cost": 2693.00,
                  "Plan Rows": 1850,
                  "Plan Width": 103,
                  "Actual Startup Time": 2.812,
                  "Actual Total Time": 7.555,
                  "Actual Rows": 1800,
                  "Actual Loops": 1,
                  "Filter": "((t_minute < 30) AND (t_hour = 9))",
                  "Rows Removed by Filter": 84600
                }
              ]
            }
          ]
        },
        {
          "Node Type": "Hash",
          "Parent Relationship": "Inner",
          "Startup Cost": 233.00,
          "Total Cost": 233.00,
          "Plan Rows": 1152,
          "Plan Width": 32,
          "Actual Startup Time": 1.008,
          "Actual Total Time": 1.008,
          "Actual Rows": 1200,
          "Actual Loops": 1,
          "Hash Buckets": 1024,
          "Hash Batches": 1,
          "Original Hash Batches": 1,
          "Peak Memory Usage": 75,
          "Plans": [
            {
              "Node Type": "Seq Scan",
              "Parent Relationship": "Outer",
              "Relation Name": "household_demographics",
              "Alias": "household_demographics",
              "Startup Cost": 0.00,
              "Total Cost": 233.00,
              "Plan Rows": 1152,
              "Plan Width": 32,
              "Actual Startup Time": 0.004,
              "Actual Total Time": 0.916,
              "Actual Rows": 1200,
              "Actual Loops": 1,
              "Filter": "(((hd_dep_count = 4) AND (hd_vehicle_count <= 6)) OR ((hd_dep_count = (-1)) AND (hd_vehicle_count <= 1)) OR ((hd_dep_count = 0) AND (hd_vehicle_count <= 2)))",
              "Rows Removed by Filter": 6000
            }
          ]
        }
      ]
    },
    "Triggers": [
    ],
    "Total Runtime": 623.357
  }
]
