[
  {
    "Plan": {
      "Node Type": "Hash Join",
      "Join Type": "Inner",
      "Startup Cost": 4001.30,
      "Total Cost": 97570.30,
      "Plan Rows": 56,
      "Plan Width": 1191,
      "Actual Startup Time": 11.238,
      "Actual Total Time": 440.186,
      "Actual Rows": 4340,
      "Actual Loops": 1,
      "Hash Cond": "(store_sales.ss_store_sk = store.s_store_sk)",
      "Plans": [
        {
          "Node Type": "Hash Join",
          "Parent Relationship": "Outer",
          "Join Type": "Inner",
          "Startup Cost": 4000.00,
          "Total Cost": 97568.22,
          "Plan Rows": 59,
          "Plan Width": 904,
          "Actual Startup Time": 11.224,
          "Actual Total Time": 437.322,
          "Actual Rows": 4340,
          "Actual Loops": 1,
          "Hash Cond": "(store_sales.ss_promo_sk = promotion.p_promo_sk)",
          "Plans": [
            {
              "Node Type": "Hash Join",
              "Parent Relationship": "Outer",
              "Join Type": "Inner",
              "Startup Cost": 3984.77,
              "Total Cost": 97551.96,
              "Plan Rows": 118,
              "Plan Width": 736,
              "Actual Startup Time": 11.117,
              "Actual Total Time": 434.563,
              "Actual Rows": 8219,
              "Actual Loops": 1,
              "Hash Cond": "(store_sales.ss_item_sk = item.i_item_sk)",
              "Plans": [
                {
                  "Node Type": "Hash Join",
                  "Parent Relationship": "Outer",
                  "Join Type": "Inner",
                  "Startup Cost": 2501.12,
                  "Total Cost": 96061.29,
                  "Plan Rows": 1168,
                  "Plan Width": 233,
                  "Actual Startup Time": 6.538,
                  "Actual Total Time": 416.208,
                  "Actual Rows": 84564,
                  "Actual Loops": 1,
                  "Hash Cond": "(store_sales.ss_sold_date_sk = date_dim.d_date_sk)",
                  "Plans": [
                    {
                      "Node Type": "Seq Scan",
                      "Parent Relationship": "Outer",
                      "Relation Name": "store_sales",
                      "Alias": "store_sales",
                      "Startup Cost": 0.00,
                      "Total Cost": 82746.99,
                      "Plan Rows": 2880399,
                      "Plan Width": 115,
                      "Actual Startup Time": 0.017,
                      "Actual Total Time": 229.627,
                      "Actual Rows": 2622614,
                      "Actual Loops": 1
                    },
                    {
                      "Node Type": "Hash",
                      "Parent Relationship": "Inner",
                      "Startup Cost": 2500.73,
                      "Total Cost": 2500.73,
                      "Plan Rows": 31,
                      "Plan Width": 118,
                      "Actual Startup Time": 6.448,
                      "Actual Total Time": 6.448,
                      "Actual Rows": 30,
                      "Actual Loops": 1,
                      "Hash Buckets": 1024,
                      "Hash Batches": 1,
                      "Original Hash Batches": 1,
                      "Peak Memory Usage": 5,
                      "Plans": [
                        {
                          "Node Type": "Seq Scan",
                          "Parent Relationship": "Outer",
                          "Relation Name": "date_dim",
                          "Alias": "date_dim",
                          "Startup Cost": 0.00,
                          "Total Cost": 2500.73,
                          "Plan Rows": 31,
                          "Plan Width": 118,
                          "Actual Startup Time": 3.271,
                          "Actual Total Time": 6.447,
                          "Actual Rows": 30,
                          "Actual Loops": 1,
                          "Filter": "((d_year = 2000) AND (d_moy = 11))",
                          "Rows Removed by Filter": 73019
                        }
                      ]
                    }
                  ]
                },
                {
                  "Node Type": "Hash",
                  "Parent Relationship": "Inner",
                  "Startup Cost": 1461.00,
                  "Total Cost": 1461.00,
                  "Plan Rows": 1812,
                  "Plan Width": 503,
                  "Actual Startup Time": 4.448,
                  "Actual Total Time": 4.448,
                  "Actual Rows": 1812,
                  "Actual Loops": 1,
                  "Hash Buckets": 1024,
                  "Hash Batches": 1,
                  "Original Hash Batches": 1,
                  "Peak Memory Usage": 964,
                  "Plans": [
                    {
                      "Node Type": "Seq Scan",
                      "Parent Relationship": "Outer",
                      "Relation Name": "item",
                      "Alias": "item",
                      "Startup Cost": 0.00,
                      "Total Cost": 1461.00,
                      "Plan Rows": 1812,
                      "Plan Width": 503,
                      "Actual Startup Time": 0.014,
                      "Actual Total Time": 4.271,
                      "Actual Rows": 1812,
                      "Actual Loops": 1,
                      "Filter": "(i_category = 'Electronics'::bpchar)",
                      "Rows Removed by Filter": 16188
                    }
                  ]
                }
              ]
            },
            {
              "Node Type": "Hash",
              "Parent Relationship": "Inner",
              "Startup Cost": 13.25,
              "Total Cost": 13.25,
              "Plan Rows": 158,
              "Plan Width": 168,
              "Actual Startup Time": 0.072,
              "Actual Total Time": 0.072,
              "Actual Rows": 158,
              "Actual Loops": 1,
              "Hash Buckets": 1024,
              "Hash Batches": 1,
              "Original Hash Batches": 1,
              "Peak Memory Usage": 32,
              "Plans": [
                {
                  "Node Type": "Seq Scan",
                  "Parent Relationship": "Outer",
                  "Relation Name": "promotion",
                  "Alias": "promotion",
                  "Startup Cost": 0.00,
                  "Total Cost": 13.25,
                  "Plan Rows": 158,
                  "Plan Width": 168,
                  "Actual Startup Time": 0.003,
                  "Actual Total Time": 0.058,
                  "Actual Rows": 158,
                  "Actual Loops": 1,
                  "Filter": "((p_channel_dmail = 'Y'::bpchar) OR (p_channel_email = 'Y'::bpchar) OR (p_channel_tv = 'Y'::bpchar))",
                  "Rows Removed by Filter": 142
                }
              ]
            }
          ]
        },
        {
          "Node Type": "Hash",
          "Parent Relationship": "Inner",
          "Startup Cost": 1.15,
          "Total Cost": 1.15,
          "Plan Rows": 12,
          "Plan Width": 287,
          "Actual Startup Time": 0.008,
          "Actual Total Time": 0.008,
          "Actual Rows": 12,
          "Actual Loops": 1,
          "Hash Buckets": 1024,
          "Hash Batches": 1,
          "Original Hash Batches": 1,
          "Peak Memory Usage": 4,
          "Plans": [
            {
              "Node Type": "Seq Scan",
              "Parent Relationship": "Outer",
              "Relation Name": "store",
              "Alias": "store",
              "Startup Cost": 0.00,
              "Total Cost": 1.15,
              "Plan Rows": 12,
              "Plan Width": 287,
              "Actual Startup Time": 0.003,
              "Actual Total Time": 0.006,
              "Actual Rows": 12,
              "Actual Loops": 1,
              "Filter": "(s_gmt_offset = (-5)::numeric)",
              "Rows Removed by Filter": 0
            }
          ]
        }
      ]
    },
    "Triggers": [
    ],
    "Total Runtime": 440.440
  }
]
