[
  {
    "Plan": {
      "Node Type": "Hash Join",
      "Join Type": "Inner",
      "Startup Cost": 115708.86,
      "Total Cost": 120582.99,
      "Plan Rows": 240,
      "Plan Width": 589,
      "Actual Startup Time": 839.446,
      "Actual Total Time": 888.172,
      "Actual Rows": 10211,
      "Actual Loops": 1,
      "Hash Cond": "(customer.c_customer_sk = catalog_sales.cs_bill_customer_sk)",
      "Plans": [
        {
          "Node Type": "Seq Scan",
          "Parent Relationship": "Outer",
          "Relation Name": "customer",
          "Alias": "customer",
          "Startup Cost": 0.00,
          "Total Cost": 4686.79,
          "Plan Rows": 49318,
          "Plan Width": 245,
          "Actual Startup Time": 0.003,
          "Actual Total Time": 17.211,
          "Actual Rows": 48616,
          "Actual Loops": 1,
          "Filter": "(c_birth_month = ANY ('{6,5,12,4,3,7}'::integer[]))",
          "Rows Removed by Filter": 51384
        },
        {
          "Node Type": "Hash",
          "Parent Relationship": "Inner",
          "Startup Cost": 115702.62,
          "Total Cost": 115702.62,
          "Plan Rows": 499,
          "Plan Width": 344,
          "Actual Startup Time": 839.366,
          "Actual Total Time": 839.366,
          "Actual Rows": 20450,
          "Actual Loops": 1,
          "Hash Buckets": 1024,
          "Hash Batches": 16,
          "Original Hash Batches": 1,
          "Peak Memory Usage": 1025,
          "Plans": [
            {
              "Node Type": "Hash Join",
              "Parent Relationship": "Outer",
              "Join Type": "Inner",
              "Startup Cost": 55973.39,
              "Total Cost": 115702.62,
              "Plan Rows": 499,
              "Plan Width": 344,
              "Actual Startup Time": 379.252,
              "Actual Total Time": 824.331,
              "Actual Rows": 20450,
              "Actual Loops": 1,
              "Hash Cond": "(catalog_sales.cs_bill_cdemo_sk = customer_demographics.cd_demo_sk)",
              "Plans": [
                {
                  "Node Type": "Hash Join",
                  "Parent Relationship": "Outer",
                  "Join Type": "Inner",
                  "Startup Cost": 2322.65,
                  "Total Cost": 60128.44,
                  "Plan Rows": 7127,
                  "Plan Width": 288,
                  "Actual Startup Time": 123.917,
                  "Actual Total Time": 336.145,
                  "Actual Rows": 285299,
                  "Actual Loops": 1,
                  "Hash Cond": "(catalog_sales.cs_sold_date_sk = date_dim.d_date_sk)",
                  "Plans": [
                    {
                      "Node Type": "Seq Scan",
                      "Parent Relationship": "Outer",
                      "Relation Name": "catalog_sales",
                      "Alias": "catalog_sales",
                      "Startup Cost": 0.00,
                      "Total Cost": 52328.65,
                      "Plan Rows": 1441565,
                      "Plan Width": 170,
                      "Actual Startup Time": 0.005,
                      "Actual Total Time": 138.068,
                      "Actual Rows": 1427357,
                      "Actual Loops": 1
                    },
                    {
                      "Node Type": "Hash",
                      "Parent Relationship": "Inner",
                      "Startup Cost": 2318.11,
                      "Total Cost": 2318.11,
                      "Plan Rows": 363,
                      "Plan Width": 118,
                      "Actual Startup Time": 5.515,
                      "Actual Total Time": 5.515,
                      "Actual Rows": 365,
                      "Actual Loops": 1,
                      "Hash Buckets": 1024,
                      "Hash Batches": 1,
                      "Original Hash Batches": 1,
                      "Peak Memory Usage": 55,
                      "Plans": [
                        {
                          "Node Type": "Seq Scan",
                          "Parent Relationship": "Outer",
                          "Relation Name": "date_dim",
                          "Alias": "date_dim",
                          "Startup Cost": 0.00,
                          "Total Cost": 2318.11,
                          "Plan Rows": 363,
                          "Plan Width": 118,
                          "Actual Startup Time": 2.802,
                          "Actual Total Time": 5.490,
                          "Actual Rows": 365,
                          "Actual Loops": 1,
                          "Filter": "(d_year = 2001)",
                          "Rows Removed by Filter": 72684
                        }
                      ]
                    }
                  ]
                },
                {
                  "Node Type": "Hash",
                  "Parent Relationship": "Inner",
                  "Startup Cost": 50640.00,
                  "Total Cost": 50640.00,
                  "Plan Rows": 135179,
                  "Plan Width": 56,
                  "Actual Startup Time": 254.201,
                  "Actual Total Time": 254.201,
                  "Actual Rows": 137200,
                  "Actual Loops": 1,
                  "Hash Buckets": 2048,
                  "Hash Batches": 16,
                  "Original Hash Batches": 16,
                  "Peak Memory Usage": 787,
                  "Plans": [
                    {
                      "Node Type": "Seq Scan",
                      "Parent Relationship": "Outer",
                      "Relation Name": "customer_demographics",
                      "Alias": "customer_demographics",
                      "Startup Cost": 0.00,
                      "Total Cost": 50640.00,
                      "Plan Rows": 135179,
                      "Plan Width": 56,
                      "Actual Startup Time": 0.009,
                      "Actual Total Time": 236.235,
                      "Actual Rows": 137200,
                      "Actual Loops": 1,
                      "Filter": "((cd_gender = 'F'::bpchar) AND (cd_education_status = '4 yr Degree'::bpchar))",
                      "Rows Removed by Filter": 1783600
                    }
                  ]
                }
              ]
            }
          ]
        }
      ]
    },
    "Triggers": [
    ],
    "Total Runtime": 888.521
  }
]
