[
  {
    "Plan": {
      "Node Type": "Hash Join",
      "Join Type": "Inner",
      "Startup Cost": 61729.39,
      "Total Cost": 63509.87,
      "Plan Rows": 2,
      "Plan Width": 936,
      "Actual Startup Time": 237.803,
      "Actual Total Time": 246.771,
      "Actual Rows": 47,
      "Actual Loops": 1,
      "Hash Cond": "(customer_address.ca_address_sk = catalog_sales.cs_bill_addr_sk)",
      "Plans": [
        {
          "Node Type": "Seq Scan",
          "Parent Relationship": "Outer",
          "Relation Name": "customer_address",
          "Alias": "customer_address",
          "Startup Cost": 0.00,
          "Total Cost": 1712.00,
          "Plan Rows": 18255,
          "Plan Width": 145,
          "Actual Startup Time": 0.004,
          "Actual Total Time": 8.072,
          "Actual Rows": 18246,
          "Actual Loops": 1,
          "Filter": "(ca_gmt_offset = (-5)::numeric)",
          "Rows Removed by Filter": 31754
        },
        {
          "Node Type": "Hash",
          "Parent Relationship": "Inner",
          "Startup Cost": 61729.33,
          "Total Cost": 61729.33,
          "Plan Rows": 5,
          "Plan Width": 791,
          "Actual Startup Time": 237.738,
          "Actual Total Time": 237.738,
          "Actual Rows": 120,
          "Actual Loops": 1,
          "Hash Buckets": 1024,
          "Hash Batches": 1,
          "Original Hash Batches": 1,
          "Peak Memory Usage": 100,
          "Plans": [
            {
              "Node Type": "Hash Join",
              "Parent Relationship": "Outer",
              "Join Type": "Inner",
              "Startup Cost": 3986.66,
              "Total Cost": 61729.33,
              "Plan Rows": 5,
              "Plan Width": 791,
              "Actual Startup Time": 12.228,
              "Actual Total Time": 237.597,
              "Actual Rows": 120,
              "Actual Loops": 1,
              "Hash Cond": "(catalog_sales.cs_item_sk = item.i_item_sk)",
              "Plans": [
                {
                  "Node Type": "Hash Join",
                  "Parent Relationship": "Outer",
                  "Join Type": "Inner",
                  "Startup Cost": 2501.11,
                  "Total Cost": 60241.52,
                  "Plan Rows": 589,
                  "Plan Width": 288,
                  "Actual Startup Time": 6.650,
                  "Actual Total Time": 231.212,
                  "Actual Rows": 14004,
                  "Actual Loops": 1,
                  "Hash Cond": "(catalog_sales.cs_sold_date_sk = date_dim.d_date_sk)",
                  "Plans": [
                    {
                      "Node Type": "Seq Scan",
                      "Parent Relationship": "Outer",
                      "Relation Name": "catalog_sales",
                      "Alias": "catalog_sales",
                      "Startup Cost": 0.00,
                      "Total Cost": 52328.65,
                      "Plan Rows": 1441565,
                      "Plan Width": 170,
                      "Actual Startup Time": 0.007,
                      "Actual Total Time": 139.344,
                      "Actual Rows": 1427357,
                      "Actual Loops": 1
                    },
                    {
                      "Node Type": "Hash",
                      "Parent Relationship": "Inner",
                      "Startup Cost": 2500.73,
                      "Total Cost": 2500.73,
                      "Plan Rows": 30,
                      "Plan Width": 118,
                      "Actual Startup Time": 6.637,
                      "Actual Total Time": 6.637,
                      "Actual Rows": 31,
                      "Actual Loops": 1,
                      "Hash Buckets": 1024,
                      "Hash Batches": 1,
                      "Original Hash Batches": 1,
                      "Peak Memory Usage": 5,
                      "Plans": [
                        {
                          "Node Type": "Seq Scan",
                          "Parent Relationship": "Outer",
                          "Relation Name": "date_dim",
                          "Alias": "date_dim",
                          "Startup Cost": 0.00,
                          "Total Cost": 2500.73,
                          "Plan Rows": 30,
                          "Plan Width": 118,
                          "Actual Startup Time": 3.244,
                          "Actual Total Time": 6.634,
                          "Actual Rows": 31,
                          "Actual Loops": 1,
                          "Filter": "((d_year = 1998) AND (d_moy = 1))",
                          "Rows Removed by Filter": 73018
                        }
                      ]
                    }
                  ]
                },
                {
                  "Node Type": "Hash",
                  "Parent Relationship": "Inner",
                  "Startup Cost": 1483.50,
                  "Total Cost": 1483.50,
                  "Plan Rows": 164,
                  "Plan Width": 503,
                  "Actual Startup Time": 5.514,
                  "Actual Total Time": 5.514,
                  "Actual Rows": 164,
                  "Actual Loops": 1,
                  "Hash Buckets": 1024,
                  "Hash Batches": 1,
                  "Original Hash Batches": 1,
                  "Peak Memory Usage": 88,
                  "Plans": [
                    {
                      "Node Type": "Seq Scan",
                      "Parent Relationship": "Outer",
                      "Relation Name": "item",
                      "Alias": "item",
                      "Startup Cost": 0.00,
                      "Total Cost": 1483.50,
                      "Plan Rows": 164,
                      "Plan Width": 503,
                      "Actual Startup Time": 0.050,
                      "Actual Total Time": 5.492,
                      "Actual Rows": 164,
                      "Actual Loops": 1,
                      "Filter": "(i_color = ANY ('{almond,dodger,dim}'::bpchar[]))",
                      "Rows Removed by Filter": 17836
                    }
                  ]
                }
              ]
            }
          ]
        }
      ]
    },
    "Triggers": [
    ],
    "Total Runtime": 246.854
  }
]
