[
  {
    "Plan": {
      "Node Type": "Hash Join",
      "Join Type": "Inner",
      "Startup Cost": 1911.11,
      "Total Cost": 6230.57,
      "Plan Rows": 207,
      "Plan Width": 434,
      "Actual Startup Time": 6.476,
      "Actual Total Time": 22.816,
      "Actual Rows": 132,
      "Actual Loops": 1,
      "Hash Cond": "(customer.c_current_hdemo_sk = household_demographics.hd_demo_sk)",
      "Plans": [
        {
          "Node Type": "Hash Join",
          "Parent Relationship": "Outer",
          "Join Type": "Inner",
          "Startup Cost": 1717.25,
          "Total Cost": 6030.36,
          "Plan Rows": 856,
          "Plan Width": 390,
          "Actual Startup Time": 5.278,
          "Actual Total Time": 21.474,
          "Actual Rows": 756,
          "Actual Loops": 1,
          "Hash Cond": "(customer.c_current_addr_sk = customer_address.ca_address_sk)",
          "Plans": [
            {
              "Node Type": "Seq Scan",
              "Parent Relationship": "Outer",
              "Relation Name": "customer",
              "Alias": "customer",
              "Startup Cost": 0.00,
              "Total Cost": 3922.31,
              "Plan Rows": 101931,
              "Plan Width": 245,
              "Actual Startup Time": 0.002,
              "Actual Total Time": 7.302,
              "Actual Rows": 100000,
              "Actual Loops": 1
            },
            {
              "Node Type": "Hash",
              "Parent Relationship": "Inner",
              "Startup Cost": 1712.00,
              "Total Cost": 1712.00,
              "Plan Rows": 420,
              "Plan Width": 145,
              "Actual Startup Time": 5.273,
              "Actual Total Time": 5.273,
              "Actual Rows": 420,
              "Actual Loops": 1,
              "Hash Buckets": 1024,
              "Hash Batches": 1,
              "Original Hash Batches": 1,
              "Peak Memory Usage": 73,
              "Plans": [
                {
                  "Node Type": "Seq Scan",
                  "Parent Relationship": "Outer",
                  "Relation Name": "customer_address",
                  "Alias": "customer_address",
                  "Startup Cost": 0.00,
                  "Total Cost": 1712.00,
                  "Plan Rows": 420,
                  "Plan Width": 145,
                  "Actual Startup Time": 0.022,
                  "Actual Total Time": 5.234,
                  "Actual Rows": 420,
                  "Actual Loops": 1,
                  "Filter": "((ca_city)::text = 'Antioch'::text)",
                  "Rows Removed by Filter": 49580
                }
              ]
            }
          ]
        },
        {
          "Node Type": "Hash",
          "Parent Relationship": "Inner",
          "Startup Cost": 171.36,
          "Total Cost": 171.36,
          "Plan Rows": 1800,
          "Plan Width": 44,
          "Actual Startup Time": 1.194,
          "Actual Total Time": 1.194,
          "Actual Rows": 1440,
          "Actual Loops": 1,
          "Hash Buckets": 1024,
          "Hash Batches": 1,
          "Original Hash Batches": 1,
          "Peak Memory Usage": 107,
          "Plans": [
            {
              "Node Type": "Hash Join",
              "Parent Relationship": "Outer",
              "Join Type": "Inner",
              "Startup Cost": 1.36,
              "Total Cost": 171.36,
              "Plan Rows": 1800,
              "Plan Width": 44,
              "Actual Startup Time": 0.009,
              "Actual Total Time": 0.983,
              "Actual Rows": 1440,
              "Actual Loops": 1,
              "Hash Cond": "(household_demographics.hd_income_band_sk = income_band.ib_income_band_sk)",
              "Plans": [
                {
                  "Node Type": "Seq Scan",
                  "Parent Relationship": "Outer",
                  "Relation Name": "household_demographics",
                  "Alias": "household_demographics",
                  "Startup Cost": 0.00,
                  "Total Cost": 125.00,
                  "Plan Rows": 7200,
                  "Plan Width": 32,
                  "Actual Startup Time": 0.002,
                  "Actual Total Time": 0.334,
                  "Actual Rows": 7200,
                  "Actual Loops": 1
                },
                {
                  "Node Type": "Hash",
                  "Parent Relationship": "Inner",
                  "Startup Cost": 1.30,
                  "Total Cost": 1.30,
                  "Plan Rows": 5,
                  "Plan Width": 12,
                  "Actual Startup Time": 0.005,
                  "Actual Total Time": 0.005,
                  "Actual Rows": 4,
                  "Actual Loops": 1,
                  "Hash Buckets": 1024,
                  "Hash Batches": 1,
                  "Original Hash Batches": 1,
                  "Peak Memory Usage": 1,
                  "Plans": [
                    {
                      "Node Type": "Seq Scan",
                      "Parent Relationship": "Outer",
                      "Relation Name": "income_band",
                      "Alias": "income_band",
                      "Startup Cost": 0.00,
                      "Total Cost": 1.30,
                      "Plan Rows": 5,
                      "Plan Width": 12,
                      "Actual Startup Time": 0.002,
                      "Actual Total Time": 0.004,
                      "Actual Rows": 4,
                      "Actual Loops": 1,
                      "Filter": "((ib_lower_bound >= 9901) AND (ib_upper_bound <= 59901))",
                      "Rows Removed by Filter": 16
                    }
                  ]
                }
              ]
            }
          ]
        }
      ]
    },
    "Triggers": [
    ],
    "Total Runtime": 22.859
  }
]
