[
  {
    "Plan": {
      "Node Type": "Hash Join",
      "Join Type": "Inner",
      "Startup Cost": 2505.48,
      "Total Cost": 60314.61,
      "Plan Rows": 7461,
      "Plan Width": 288,
      "Actual Startup Time": 123.447,
      "Actual Total Time": 333.705,
      "Actual Rows": 285377,
      "Actual Loops": 1,
      "Hash Cond": "(catalog_sales.cs_sold_date_sk = date_dim.d_date_sk)",
      "Plans": [
        {
          "Node Type": "Seq Scan",
          "Parent Relationship": "Outer",
          "Relation Name": "catalog_sales",
          "Alias": "catalog_sales",
          "Startup Cost": 0.00,
          "Total Cost": 52328.65,
          "Plan Rows": 1441565,
          "Plan Width": 170,
          "Actual Startup Time": 0.009,
          "Actual Total Time": 136.052,
          "Actual Rows": 1427357,
          "Actual Loops": 1
        },
        {
          "Node Type": "Hash",
          "Parent Relationship": "Inner",
          "Startup Cost": 2500.73,
          "Total Cost": 2500.73,
          "Plan Rows": 380,
          "Plan Width": 118,
          "Actual Startup Time": 6.431,
          "Actual Total Time": 6.431,
          "Actual Rows": 365,
          "Actual Loops": 1,
          "Hash Buckets": 1024,
          "Hash Batches": 1,
          "Original Hash Batches": 1,
          "Peak Memory Usage": 55,
          "Plans": [
            {
              "Node Type": "Seq Scan",
              "Parent Relationship": "Outer",
              "Relation Name": "date_dim",
              "Alias": "date_dim",
              "Startup Cost": 0.00,
              "Total Cost": 2500.73,
              "Plan Rows": 380,
              "Plan Width": 118,
              "Actual Startup Time": 2.968,
              "Actual Total Time": 6.400,
              "Actual Rows": 365,
              "Actual Loops": 1,
              "Filter": "((d_month_seq >= 1214) AND (d_month_seq <= 1225))",
              "Rows Removed by Filter": 72684
            }
          ]
        }
      ]
    },
    "Triggers": [
    ],
    "Total Runtime": 340.443
  }
]
