[
  {
    "Plan": {
      "Node Type": "Hash Join",
      "Join Type": "Inner",
      "Startup Cost": 2327.20,
      "Total Cost": 96149.51,
      "Plan Rows": 27382,
      "Plan Width": 233,
      "Actual Startup Time": 7.598,
      "Actual Total Time": 792.794,
      "Actual Rows": 1043934,
      "Actual Loops": 1,
      "Hash Cond": "(store_sales.ss_sold_date_sk = date_dim.d_date_sk)",
      "Plans": [
        {
          "Node Type": "Seq Scan",
          "Parent Relationship": "Outer",
          "Relation Name": "store_sales",
          "Alias": "store_sales",
          "Startup Cost": 0.00,
          "Total Cost": 82746.99,
          "Plan Rows": 2880399,
          "Plan Width": 115,
          "Actual Startup Time": 0.011,
          "Actual Total Time": 227.119,
          "Actual Rows": 2622614,
          "Actual Loops": 1
        },
        {
          "Node Type": "Hash",
          "Parent Relationship": "Inner",
          "Startup Cost": 2318.11,
          "Total Cost": 2318.11,
          "Plan Rows": 727,
          "Plan Width": 118,
          "Actual Startup Time": 7.577,
          "Actual Total Time": 7.577,
          "Actual Rows": 730,
          "Actual Loops": 1,
          "Hash Buckets": 1024,
          "Hash Batches": 1,
          "Original Hash Batches": 1,
          "Peak Memory Usage": 110,
          "Plans": [
            {
              "Node Type": "Seq Scan",
              "Parent Relationship": "Outer",
              "Relation Name": "date_dim",
              "Alias": "date_dim",
              "Startup Cost": 0.00,
              "Total Cost": 2318.11,
              "Plan Rows": 727,
              "Plan Width": 118,
              "Actual Startup Time": 3.640,
              "Actual Total Time": 7.519,
              "Actual Rows": 730,
              "Actual Loops": 1,
              "Filter": "(d_year = ANY ('{1998,1999}'::integer[]))",
              "Rows Removed by Filter": 72319
            }
          ]
        }
      ]
    },
    "Triggers": [
    ],
    "Total Runtime": 816.942
  }
]
