[
  {
    "Plan": {
      "Node Type": "Hash Join",
      "Join Type": "Inner",
      "Startup Cost": 7328.02,
      "Total Cost": 101268.50,
      "Plan Rows": 5,
      "Plan Width": 839,
      "Actual Startup Time": 33.053,
      "Actual Total Time": 447.857,
      "Actual Rows": 644,
      "Actual Loops": 1,
      "Hash Cond": "(store_sales.ss_sold_time_sk = time_dim.t_time_sk)",
      "Plans": [
        {
          "Node Type": "Hash Join",
          "Parent Relationship": "Outer",
          "Join Type": "Inner",
          "Startup Cost": 3966.12,
          "Total Cost": 97530.35,
          "Plan Rows": 20,
          "Plan Width": 736,
          "Actual Startup Time": 10.914,
          "Actual Total Time": 430.534,
          "Actual Rows": 1625,
          "Actual Loops": 1,
          "Hash Cond": "(store_sales.ss_item_sk = item.i_item_sk)",
          "Plans": [
            {
              "Node Type": "Hash Join",
              "Parent Relationship": "Outer",
              "Join Type": "Inner",
              "Startup Cost": 2501.11,
              "Total Cost": 96060.90,
              "Plan Rows": 1130,
              "Plan Width": 233,
              "Actual Startup Time": 6.700,
              "Actual Total Time": 418.637,
              "Actual Rows": 89862,
              "Actual Loops": 1,
              "Hash Cond": "(store_sales.ss_sold_date_sk = date_dim.d_date_sk)",
              "Plans": [
                {
                  "Node Type": "Seq Scan",
                  "Parent Relationship": "Outer",
                  "Relation Name": "store_sales",
                  "Alias": "store_sales",
                  "Startup Cost": 0.00,
                  "Total Cost": 82746.99,
                  "Plan Rows": 2880399,
                  "Plan Width": 115,
                  "Actual Startup Time": 0.008,
                  "Actual Total Time": 230.989,
                  "Actual Rows": 2622614,
                  "Actual Loops": 1
                },
                {
                  "Node Type": "Hash",
                  "Parent Relationship": "Inner",
                  "Startup Cost": 2500.73,
                  "Total Cost": 2500.73,
                  "Plan Rows": 30,
                  "Plan Width": 118,
                  "Actual Startup Time": 6.685,
                  "Actual Total Time": 6.685,
                  "Actual Rows": 31,
                  "Actual Loops": 1,
                  "Hash Buckets": 1024,
                  "Hash Batches": 1,
                  "Original Hash Batches": 1,
                  "Peak Memory Usage": 5,
                  "Plans": [
                    {
                      "Node Type": "Seq Scan",
                      "Parent Relationship": "Outer",
                      "Relation Name": "date_dim",
                      "Alias": "date_dim",
                      "Startup Cost": 0.00,
                      "Total Cost": 2500.73,
                      "Plan Rows": 30,
                      "Plan Width": 118,
                      "Actual Startup Time": 3.450,
                      "Actual Total Time": 6.682,
                      "Actual Rows": 31,
                      "Actual Loops": 1,
                      "Filter": "((d_moy = 12) AND (d_year = 2002))",
                      "Rows Removed by Filter": 73018
                    }
                  ]
                }
              ]
            },
            {
              "Node Type": "Hash",
              "Parent Relationship": "Inner",
              "Startup Cost": 1461.00,
              "Total Cost": 1461.00,
              "Plan Rows": 321,
              "Plan Width": 503,
              "Actual Startup Time": 4.166,
              "Actual Total Time": 4.166,
              "Actual Rows": 321,
              "Actual Loops": 1,
              "Hash Buckets": 1024,
              "Hash Batches": 1,
              "Original Hash Batches": 1,
              "Peak Memory Usage": 172,
              "Plans": [
                {
                  "Node Type": "Seq Scan",
                  "Parent Relationship": "Outer",
                  "Relation Name": "item",
                  "Alias": "item",
                  "Startup Cost": 0.00,
                  "Total Cost": 1461.00,
                  "Plan Rows": 321,
                  "Plan Width": 503,
                  "Actual Startup Time": 0.013,
                  "Actual Total Time": 4.115,
                  "Actual Rows": 321,
                  "Actual Loops": 1,
                  "Filter": "(i_manager_id = 1)",
                  "Rows Removed by Filter": 17679
                }
              ]
            }
          ]
        },
        {
          "Node Type": "Hash",
          "Parent Relationship": "Inner",
          "Startup Cost": 2693.00,
          "Total Cost": 2693.00,
          "Plan Rows": 23752,
          "Plan Width": 103,
          "Actual Startup Time": 12.026,
          "Actual Total Time": 12.026,
          "Actual Rows": 25200,
          "Actual Loops": 1,
          "Hash Buckets": 1024,
          "Hash Batches": 4,
          "Original Hash Batches": 4,
          "Peak Memory Usage": 865,
          "Plans": [
            {
              "Node Type": "Seq Scan",
              "Parent Relationship": "Outer",
              "Relation Name": "time_dim",
              "Alias": "time_dim",
              "Startup Cost": 0.00,
              "Total Cost": 2693.00,
              "Plan Rows": 23752,
              "Plan Width": 103,
              "Actual Startup Time": 1.365,
              "Actual Total Time": 8.968,
              "Actual Rows": 25200,
              "Actual Loops": 1,
              "Filter": "((t_meal_time = 'breakfast'::bpchar) OR (t_meal_time = 'dinner'::bpchar))",
              "Rows Removed by Filter": 61200
            }
          ]
        }
      ]
    },
    "Triggers": [
    ],
    "Total Runtime": 447.936
  }
]
