[
  {
    "Plan": {
      "Node Type": "Hash Join",
      "Join Type": "Inner",
      "Startup Cost": 2504.95,
      "Total Cost": 96180.36,
      "Plan Rows": 12693,
      "Plan Width": 233,
      "Actual Startup Time": 6.502,
      "Actual Total Time": 620.362,
      "Actual Rows": 522806,
      "Actual Loops": 1,
      "Hash Cond": "(store_sales.ss_sold_date_sk = date_dim.d_date_sk)",
      "Plans": [
        {
          "Node Type": "Seq Scan",
          "Parent Relationship": "Outer",
          "Relation Name": "store_sales",
          "Alias": "store_sales",
          "Startup Cost": 0.00,
          "Total Cost": 82746.99,
          "Plan Rows": 2880399,
          "Plan Width": 115,
          "Actual Startup Time": 0.007,
          "Actual Total Time": 235.075,
          "Actual Rows": 2622614,
          "Actual Loops": 1
        },
        {
          "Node Type": "Hash",
          "Parent Relationship": "Inner",
          "Startup Cost": 2500.73,
          "Total Cost": 2500.73,
          "Plan Rows": 337,
          "Plan Width": 118,
          "Actual Startup Time": 6.477,
          "Actual Total Time": 6.477,
          "Actual Rows": 365,
          "Actual Loops": 1,
          "Hash Buckets": 1024,
          "Hash Batches": 1,
          "Original Hash Batches": 1,
          "Peak Memory Usage": 55,
          "Plans": [
            {
              "Node Type": "Seq Scan",
              "Parent Relationship": "Outer",
              "Relation Name": "date_dim",
              "Alias": "date_dim",
              "Startup Cost": 0.00,
              "Total Cost": 2500.73,
              "Plan Rows": 337,
              "Plan Width": 118,
              "Actual Startup Time": 2.841,
              "Actual Total Time": 6.452,
              "Actual Rows": 365,
              "Actual Loops": 1,
              "Filter": "((d_month_seq >= 1223) AND (d_month_seq <= 1234))",
              "Rows Removed by Filter": 72684
            }
          ]
        }
      ]
    },
    "Triggers": [
    ],
    "Total Runtime": 633.480
  }
]
