[
  {
    "Plan": {
      "Node Type": "Hash Join",
      "Join Type": "Inner",
      "Startup Cost": 2509.86,
      "Total Cost": 96333.30,
      "Plan Rows": 27495,
      "Plan Width": 233,
      "Actual Startup Time": 7.836,
      "Actual Total Time": 1032.892,
      "Actual Rows": 1567816,
      "Actual Loops": 1,
      "Hash Cond": "(store_sales.ss_sold_date_sk = date_dim.d_date_sk)",
      "Plans": [
        {
          "Node Type": "Seq Scan",
          "Parent Relationship": "Outer",
          "Relation Name": "store_sales",
          "Alias": "store_sales",
          "Startup Cost": 0.00,
          "Total Cost": 82746.99,
          "Plan Rows": 2880399,
          "Plan Width": 115,
          "Actual Startup Time": 0.011,
          "Actual Total Time": 238.087,
          "Actual Rows": 2622614,
          "Actual Loops": 1
        },
        {
          "Node Type": "Hash",
          "Parent Relationship": "Inner",
          "Startup Cost": 2500.73,
          "Total Cost": 2500.73,
          "Plan Rows": 730,
          "Plan Width": 118,
          "Actual Startup Time": 7.817,
          "Actual Total Time": 7.817,
          "Actual Rows": 1096,
          "Actual Loops": 1,
          "Hash Buckets": 1024,
          "Hash Batches": 1,
          "Original Hash Batches": 1,
          "Peak Memory Usage": 165,
          "Plans": [
            {
              "Node Type": "Seq Scan",
              "Parent Relationship": "Outer",
              "Relation Name": "date_dim",
              "Alias": "date_dim",
              "Startup Cost": 0.00,
              "Total Cost": 2500.73,
              "Plan Rows": 730,
              "Plan Width": 118,
              "Actual Startup Time": 3.429,
              "Actual Total Time": 7.729,
              "Actual Rows": 1096,
              "Actual Loops": 1,
              "Filter": "((d_year >= 1999) AND (d_year <= 2001))",
              "Rows Removed by Filter": 71953
            }
          ]
        }
      ]
    },
    "Triggers": [
    ],
    "Total Runtime": 1070.550
  }
]
