[
  {
    "Plan": {
      "Node Type": "Hash Join",
      "Join Type": "Inner",
      "Startup Cost": 2500.91,
      "Total Cost": 4830.78,
      "Plan Rows": 13,
      "Plan Width": 236,
      "Actual Startup Time": 6.812,
      "Actual Total Time": 15.741,
      "Actual Rows": 530,
      "Actual Loops": 1,
      "Hash Cond": "(web_returns.wr_returned_date_sk = date_dim.d_date_sk)",
      "Plans": [
        {
          "Node Type": "Seq Scan",
          "Parent Relationship": "Outer",
          "Relation Name": "web_returns",
          "Alias": "web_returns",
          "Startup Cost": 0.00,
          "Total Cost": 2060.63,
          "Plan Rows": 71763,
          "Plan Width": 118,
          "Actual Startup Time": 0.003,
          "Actual Total Time": 4.527,
          "Actual Rows": 71763,
          "Actual Loops": 1
        },
        {
          "Node Type": "Hash",
          "Parent Relationship": "Inner",
          "Startup Cost": 2500.73,
          "Total Cost": 2500.73,
          "Plan Rows": 14,
          "Plan Width": 118,
          "Actual Startup Time": 6.786,
          "Actual Total Time": 6.786,
          "Actual Rows": 15,
          "Actual Loops": 1,
          "Hash Buckets": 1024,
          "Hash Batches": 1,
          "Original Hash Batches": 1,
          "Peak Memory Usage": 3,
          "Plans": [
            {
              "Node Type": "Seq Scan",
              "Parent Relationship": "Outer",
              "Relation Name": "date_dim",
              "Alias": "date_dim",
              "Startup Cost": 0.00,
              "Total Cost": 2500.73,
              "Plan Rows": 14,
              "Plan Width": 118,
              "Actual Startup Time": 3.012,
              "Actual Total Time": 6.784,
              "Actual Rows": 15,
              "Actual Loops": 1,
              "Filter": "((d_date >= '2001-08-21'::date) AND (d_date <= '2001-09-04'::date))",
              "Rows Removed by Filter": 73034
            }
          ]
        }
      ]
    },
    "Triggers": [
    ],
    "Total Runtime": 15.783
  }
]
