[
  {
    "Plan": {
      "Node Type": "Hash Join",
      "Join Type": "Inner",
      "Startup Cost": 2500.91,
      "Total Cost": 60238.18,
      "Plan Rows": 275,
      "Plan Width": 288,
      "Actual Startup Time": 151.995,
      "Actual Total Time": 232.561,
      "Actual Rows": 15626,
      "Actual Loops": 1,
      "Hash Cond": "(catalog_sales.cs_sold_date_sk = date_dim.d_date_sk)",
      "Plans": [
        {
          "Node Type": "Seq Scan",
          "Parent Relationship": "Outer",
          "Relation Name": "catalog_sales",
          "Alias": "catalog_sales",
          "Startup Cost": 0.00,
          "Total Cost": 52328.65,
          "Plan Rows": 1441565,
          "Plan Width": 170,
          "Actual Startup Time": 0.009,
          "Actual Total Time": 141.194,
          "Actual Rows": 1427357,
          "Actual Loops": 1
        },
        {
          "Node Type": "Hash",
          "Parent Relationship": "Inner",
          "Startup Cost": 2500.73,
          "Total Cost": 2500.73,
          "Plan Rows": 14,
          "Plan Width": 118,
          "Actual Startup Time": 6.534,
          "Actual Total Time": 6.534,
          "Actual Rows": 15,
          "Actual Loops": 1,
          "Hash Buckets": 1024,
          "Hash Batches": 1,
          "Original Hash Batches": 1,
          "Peak Memory Usage": 3,
          "Plans": [
            {
              "Node Type": "Seq Scan",
              "Parent Relationship": "Outer",
              "Relation Name": "date_dim",
              "Alias": "date_dim",
              "Startup Cost": 0.00,
              "Total Cost": 2500.73,
              "Plan Rows": 14,
              "Plan Width": 118,
              "Actual Startup Time": 3.001,
              "Actual Total Time": 6.532,
              "Actual Rows": 15,
              "Actual Loops": 1,
              "Filter": "((d_date >= '2001-08-21'::date) AND (d_date <= '2001-09-04'::date))",
              "Rows Removed by Filter": 73034
            }
          ]
        }
      ]
    },
    "Triggers": [
    ],
    "Total Runtime": 232.987
  }
]
