[
  {
    "Plan": {
      "Node Type": "Hash Join",
      "Join Type": "Inner",
      "Startup Cost": 1596.33,
      "Total Cost": 59351.66,
      "Plan Rows": 2082,
      "Plan Width": 673,
      "Actual Startup Time": 6.728,
      "Actual Total Time": 278.044,
      "Actual Rows": 564,
      "Actual Loops": 1,
      "Hash Cond": "(catalog_sales.cs_item_sk = item.i_item_sk)",
      "Plans": [
        {
          "Node Type": "Seq Scan",
          "Parent Relationship": "Outer",
          "Relation Name": "catalog_sales",
          "Alias": "catalog_sales",
          "Startup Cost": 0.00,
          "Total Cost": 52328.65,
          "Plan Rows": 1441565,
          "Plan Width": 170,
          "Actual Startup Time": 0.007,
          "Actual Total Time": 140.678,
          "Actual Rows": 1427357,
          "Actual Loops": 1
        },
        {
          "Node Type": "Hash",
          "Parent Relationship": "Inner",
          "Startup Cost": 1596.00,
          "Total Cost": 1596.00,
          "Plan Rows": 26,
          "Plan Width": 503,
          "Actual Startup Time": 4.947,
          "Actual Total Time": 4.947,
          "Actual Rows": 8,
          "Actual Loops": 1,
          "Hash Buckets": 1024,
          "Hash Batches": 1,
          "Original Hash Batches": 1,
          "Peak Memory Usage": 5,
          "Plans": [
            {
              "Node Type": "Seq Scan",
              "Parent Relationship": "Outer",
              "Relation Name": "item",
              "Alias": "item",
              "Startup Cost": 0.00,
              "Total Cost": 1596.00,
              "Plan Rows": 26,
              "Plan Width": 503,
              "Actual Startup Time": 0.034,
              "Actual Total Time": 4.942,
              "Actual Rows": 8,
              "Actual Loops": 1,
              "Filter": "((i_current_price >= 4::numeric) AND (i_current_price <= 10::numeric) AND (i_manufact_id = ANY ('{744,691,853,946}'::integer[])))",
              "Rows Removed by Filter": 17992
            }
          ]
        }
      ]
    },
    "Triggers": [
    ],
    "Total Runtime": 278.094
  }
]
