[
  {
    "Plan": {
      "Node Type": "Hash Join",
      "Join Type": "Inner",
      "Startup Cost": 2322.65,
      "Total Cost": 35733.82,
      "Plan Rows": 114,
      "Plan Width": 289,
      "Actual Startup Time": 6.398,
      "Actual Total Time": 210.698,
      "Actual Rows": 5101,
      "Actual Loops": 1,
      "Hash Cond": "(web_sales.ws_sold_date_sk = date_dim.d_date_sk)",
      "Plans": [
        {
          "Node Type": "Seq Scan",
          "Parent Relationship": "Outer",
          "Relation Name": "web_sales",
          "Alias": "web_sales",
          "Startup Cost": 0.00,
          "Total Cost": 33323.68,
          "Plan Rows": 23027,
          "Plan Width": 171,
          "Actual Startup Time": 0.040,
          "Actual Total Time": 200.114,
          "Actual Rows": 25626,
          "Actual Loops": 1,
          "Filter": "((ws_sales_price >= 50.00) AND (ws_sales_price <= 200.00) AND (ws_net_profit >= 50::numeric) AND (ws_net_profit <= 300::numeric))",
          "Rows Removed by Filter": 693445
        },
        {
          "Node Type": "Hash",
          "Parent Relationship": "Inner",
          "Startup Cost": 2318.11,
          "Total Cost": 2318.11,
          "Plan Rows": 363,
          "Plan Width": 118,
          "Actual Startup Time": 6.305,
          "Actual Total Time": 6.305,
          "Actual Rows": 365,
          "Actual Loops": 1,
          "Hash Buckets": 1024,
          "Hash Batches": 1,
          "Original Hash Batches": 1,
          "Peak Memory Usage": 55,
          "Plans": [
            {
              "Node Type": "Seq Scan",
              "Parent Relationship": "Outer",
              "Relation Name": "date_dim",
              "Alias": "date_dim",
              "Startup Cost": 0.00,
              "Total Cost": 2318.11,
              "Plan Rows": 363,
              "Plan Width": 118,
              "Actual Startup Time": 3.201,
              "Actual Total Time": 6.275,
              "Actual Rows": 365,
              "Actual Loops": 1,
              "Filter": "(d_year = 2002)",
              "Rows Removed by Filter": 72684
            }
          ]
        }
      ]
    },
    "Triggers": [
    ],
    "Total Runtime": 210.907
  }
]
