[
  {
    "Plan": {
      "Node Type": "Hash Join",
      "Join Type": "Inner",
      "Startup Cost": 2412.81,
      "Total Cost": 11231.43,
      "Plan Rows": 1030,
      "Plan Width": 220,
      "Actual Startup Time": 12.864,
      "Actual Total Time": 65.931,
      "Actual Rows": 40686,
      "Actual Loops": 1,
      "Hash Cond": "(store_returns.sr_returned_date_sk = date_dim.d_date_sk)",
      "Plans": [
        {
          "Node Type": "Seq Scan",
          "Parent Relationship": "Outer",
          "Relation Name": "store_returns",
          "Alias": "store_returns",
          "Startup Cost": 0.00,
          "Total Cost": 7730.14,
          "Plan Rows": 287514,
          "Plan Width": 102,
          "Actual Startup Time": 0.008,
          "Actual Total Time": 21.775,
          "Actual Rows": 277502,
          "Actual Loops": 1
        },
        {
          "Node Type": "Hash",
          "Parent Relationship": "Inner",
          "Startup Cost": 2409.42,
          "Total Cost": 2409.42,
          "Plan Rows": 271,
          "Plan Width": 118,
          "Actual Startup Time": 12.850,
          "Actual Total Time": 12.850,
          "Actual Rows": 274,
          "Actual Loops": 1,
          "Hash Buckets": 1024,
          "Hash Batches": 1,
          "Original Hash Batches": 1,
          "Peak Memory Usage": 42,
          "Plans": [
            {
              "Node Type": "Seq Scan",
              "Parent Relationship": "Outer",
              "Relation Name": "date_dim",
              "Alias": "date_dim",
              "Startup Cost": 0.00,
              "Total Cost": 2409.42,
              "Plan Rows": 271,
              "Plan Width": 118,
              "Actual Startup Time": 6.588,
              "Actual Total Time": 12.833,
              "Actual Rows": 274,
              "Actual Loops": 1,
              "Filter": "(d_quarter_name = ANY ('{2001Q1,2001Q2,2001Q3}'::bpchar[]))",
              "Rows Removed by Filter": 72775
            }
          ]
        }
      ]
    },
    "Triggers": [
    ],
    "Total Runtime": 66.865
  }
]
