[
  {
    "Plan": {
      "Node Type": "Hash Join",
      "Join Type": "Inner",
      "Startup Cost": 2501.11,
      "Total Cost": 109212.47,
      "Plan Rows": 247,
      "Plan Width": 233,
      "Actual Startup Time": 6.228,
      "Actual Total Time": 655.064,
      "Actual Rows": 22855,
      "Actual Loops": 1,
      "Hash Cond": "(store_sales.ss_sold_date_sk = date_dim.d_date_sk)",
      "Plans": [
        {
          "Node Type": "Seq Scan",
          "Parent Relationship": "Outer",
          "Relation Name": "store_sales",
          "Alias": "store_sales",
          "Startup Cost": 0.00,
          "Total Cost": 104349.98,
          "Plan Rows": 629041,
          "Plan Width": 115,
          "Actual Startup Time": 0.011,
          "Actual Total Time": 604.232,
          "Actual Rows": 678719,
          "Actual Loops": 1,
          "Filter": "((ss_net_profit > 1::numeric) AND (ss_net_paid > 0::numeric) AND (ss_quantity > 0))",
          "Rows Removed by Filter": 1943895
        },
        {
          "Node Type": "Hash",
          "Parent Relationship": "Inner",
          "Startup Cost": 2500.73,
          "Total Cost": 2500.73,
          "Plan Rows": 30,
          "Plan Width": 118,
          "Actual Startup Time": 6.057,
          "Actual Total Time": 6.057,
          "Actual Rows": 31,
          "Actual Loops": 1,
          "Hash Buckets": 1024,
          "Hash Batches": 1,
          "Original Hash Batches": 1,
          "Peak Memory Usage": 5,
          "Plans": [
            {
              "Node Type": "Seq Scan",
              "Parent Relationship": "Outer",
              "Relation Name": "date_dim",
              "Alias": "date_dim",
              "Startup Cost": 0.00,
              "Total Cost": 2500.73,
              "Plan Rows": 30,
              "Plan Width": 118,
              "Actual Startup Time": 3.084,
              "Actual Total Time": 6.051,
              "Actual Rows": 31,
              "Actual Loops": 1,
              "Filter": "((d_year = 2000) AND (d_moy = 12))",
              "Rows Removed by Filter": 73018
            }
          ]
        }
      ]
    },
    "Triggers": [
    ],
    "Total Runtime": 655.763
  }
]
