[
  {
    "Plan": {
      "Node Type": "Hash Join",
      "Join Type": "Inner",
      "Startup Cost": 2684.88,
      "Total Cost": 11497.84,
      "Plan Rows": 464,
      "Plan Width": 220,
      "Actual Startup Time": 9.197,
      "Actual Total Time": 56.082,
      "Actual Rows": 15613,
      "Actual Loops": 1,
      "Hash Cond": "(store_returns.sr_returned_date_sk = date_dim.d_date_sk)",
      "Plans": [
        {
          "Node Type": "Seq Scan",
          "Parent Relationship": "Outer",
          "Relation Name": "store_returns",
          "Alias": "store_returns",
          "Startup Cost": 0.00,
          "Total Cost": 7730.14,
          "Plan Rows": 287514,
          "Plan Width": 102,
          "Actual Startup Time": 0.011,
          "Actual Total Time": 24.076,
          "Actual Rows": 277502,
          "Actual Loops": 1
        },
        {
          "Node Type": "Hash",
          "Parent Relationship": "Inner",
          "Startup Cost": 2683.36,
          "Total Cost": 2683.36,
          "Plan Rows": 122,
          "Plan Width": 118,
          "Actual Startup Time": 9.177,
          "Actual Total Time": 9.177,
          "Actual Rows": 122,
          "Actual Loops": 1,
          "Hash Buckets": 1024,
          "Hash Batches": 1,
          "Original Hash Batches": 1,
          "Peak Memory Usage": 19,
          "Plans": [
            {
              "Node Type": "Seq Scan",
              "Parent Relationship": "Outer",
              "Relation Name": "date_dim",
              "Alias": "date_dim",
              "Startup Cost": 0.00,
              "Total Cost": 2683.36,
              "Plan Rows": 122,
              "Plan Width": 118,
              "Actual Startup Time": 4.583,
              "Actual Total Time": 9.149,
              "Actual Rows": 122,
              "Actual Loops": 1,
              "Filter": "((d_moy >= 4) AND (d_moy <= 7) AND (d_year = 1999))",
              "Rows Removed by Filter": 72927
            }
          ]
        }
      ]
    },
    "Triggers": [
    ],
    "Total Runtime": 56.528
  }
]
