[
  {
    "Plan": {
      "Node Type": "Hash Join",
      "Join Type": "Inner",
      "Startup Cost": 3803.00,
      "Total Cost": 97369.62,
      "Plan Rows": 118,
      "Plan Width": 736,
      "Actual Startup Time": 10.114,
      "Actual Total Time": 418.252,
      "Actual Rows": 2636,
      "Actual Loops": 1,
      "Hash Cond": "(store_sales.ss_item_sk = item.i_item_sk)",
      "Plans": [
        {
          "Node Type": "Hash Join",
          "Parent Relationship": "Outer",
          "Join Type": "Inner",
          "Startup Cost": 2318.49,
          "Total Cost": 95878.27,
          "Plan Rows": 1130,
          "Plan Width": 233,
          "Actual Startup Time": 5.786,
          "Actual Total Time": 407.736,
          "Actual Rows": 25855,
          "Actual Loops": 1,
          "Hash Cond": "(store_sales.ss_sold_date_sk = date_dim.d_date_sk)",
          "Plans": [
            {
              "Node Type": "Seq Scan",
              "Parent Relationship": "Outer",
              "Relation Name": "store_sales",
              "Alias": "store_sales",
              "Startup Cost": 0.00,
              "Total Cost": 82746.99,
              "Plan Rows": 2880399,
              "Plan Width": 115,
              "Actual Startup Time": 0.007,
              "Actual Total Time": 242.934,
              "Actual Rows": 2622614,
              "Actual Loops": 1
            },
            {
              "Node Type": "Hash",
              "Parent Relationship": "Inner",
              "Startup Cost": 2318.11,
              "Total Cost": 2318.11,
              "Plan Rows": 30,
              "Plan Width": 118,
              "Actual Startup Time": 5.700,
              "Actual Total Time": 5.700,
              "Actual Rows": 31,
              "Actual Loops": 1,
              "Hash Buckets": 1024,
              "Hash Batches": 1,
              "Original Hash Batches": 1,
              "Peak Memory Usage": 5,
              "Plans": [
                {
                  "Node Type": "Seq Scan",
                  "Parent Relationship": "Outer",
                  "Relation Name": "date_dim",
                  "Alias": "date_dim",
                  "Startup Cost": 0.00,
                  "Total Cost": 2318.11,
                  "Plan Rows": 30,
                  "Plan Width": 118,
                  "Actual Startup Time": 2.810,
                  "Actual Total Time": 5.698,
                  "Actual Rows": 31,
                  "Actual Loops": 1,
                  "Filter": "(d_month_seq = 1180)",
                  "Rows Removed by Filter": 73018
                }
              ]
            }
          ]
        },
        {
          "Node Type": "Hash",
          "Parent Relationship": "Inner",
          "Startup Cost": 1461.00,
          "Total Cost": 1461.00,
          "Plan Rows": 1881,
          "Plan Width": 503,
          "Actual Startup Time": 4.316,
          "Actual Total Time": 4.316,
          "Actual Rows": 1842,
          "Actual Loops": 1,
          "Hash Buckets": 1024,
          "Hash Batches": 1,
          "Original Hash Batches": 1,
          "Peak Memory Usage": 980,
          "Plans": [
            {
              "Node Type": "Seq Scan",
              "Parent Relationship": "Outer",
              "Relation Name": "item",
              "Alias": "item",
              "Startup Cost": 0.00,
              "Total Cost": 1461.00,
              "Plan Rows": 1881,
              "Plan Width": 503,
              "Actual Startup Time": 0.005,
              "Actual Total Time": 4.018,
              "Actual Rows": 1842,
              "Actual Loops": 1,
              "Filter": "(i_current_price > 11.424)",
              "Rows Removed by Filter": 16158
            }
          ]
        }
      ]
    },
    "Triggers": [
    ],
    "Total Runtime": 418.443
  }
]
