[
  {
    "Plan": {
      "Node Type": "Hash Join",
      "Join Type": "Inner",
      "Startup Cost": 2501.12,
      "Total Cost": 11310.62,
      "Plan Rows": 118,
      "Plan Width": 220,
      "Actual Startup Time": 6.214,
      "Actual Total Time": 43.379,
      "Actual Rows": 2939,
      "Actual Loops": 1,
      "Hash Cond": "(store_returns.sr_returned_date_sk = date_dim.d_date_sk)",
      "Plans": [
        {
          "Node Type": "Seq Scan",
          "Parent Relationship": "Outer",
          "Relation Name": "store_returns",
          "Alias": "store_returns",
          "Startup Cost": 0.00,
          "Total Cost": 7730.14,
          "Plan Rows": 287514,
          "Plan Width": 102,
          "Actual Startup Time": 0.009,
          "Actual Total Time": 21.429,
          "Actual Rows": 277502,
          "Actual Loops": 1
        },
        {
          "Node Type": "Hash",
          "Parent Relationship": "Inner",
          "Startup Cost": 2500.73,
          "Total Cost": 2500.73,
          "Plan Rows": 31,
          "Plan Width": 118,
          "Actual Startup Time": 6.195,
          "Actual Total Time": 6.195,
          "Actual Rows": 31,
          "Actual Loops": 1,
          "Hash Buckets": 1024,
          "Hash Batches": 1,
          "Original Hash Batches": 1,
          "Peak Memory Usage": 5,
          "Plans": [
            {
              "Node Type": "Seq Scan",
              "Parent Relationship": "Outer",
              "Relation Name": "date_dim",
              "Alias": "date_dim",
              "Startup Cost": 0.00,
              "Total Cost": 2500.73,
              "Plan Rows": 31,
              "Plan Width": 118,
              "Actual Startup Time": 3.100,
              "Actual Total Time": 6.190,
              "Actual Rows": 31,
              "Actual Loops": 1,
              "Filter": "((d_year = 2000) AND (d_moy = 8))",
              "Rows Removed by Filter": 73018
            }
          ]
        }
      ]
    },
    "Triggers": [
    ],
    "Total Runtime": 43.484
  }
]
