[
  {
    "Plan": {
      "Node Type": "Nested Loop",
      "Join Type": "Inner",
      "Startup Cost": 2087.63,
      "Total Cost": 167915.98,
      "Plan Rows": 1,
      "Plan Width": 753,
      "Actual Startup Time": 3585.816,
      "Actual Total Time": 9775.252,
      "Actual Rows": 1,
      "Actual Loops": 1,
      "Join Filter": "(store_sales.ss_cdemo_sk = customer_demographics.cd_demo_sk)",
      "Rows Removed by Join Filter": 2304959,
      "Plans": [
        {
          "Node Type": "Nested Loop",
          "Parent Relationship": "Outer",
          "Join Type": "Inner",
          "Startup Cost": 2087.63,
          "Total Cost": 116600.08,
          "Plan Rows": 1,
          "Plan Width": 697,
          "Actual Startup Time": 202.164,
          "Actual Total Time": 559.966,
          "Actual Rows": 42,
          "Actual Loops": 1,
          "Join Filter": "(store_sales.ss_sold_date_sk = date_dim.d_date_sk)",
          "Rows Removed by Join Filter": 83543,
          "Plans": [
            {
              "Node Type": "Seq Scan",
              "Parent Relationship": "Outer",
              "Relation Name": "date_dim",
              "Alias": "date_dim",
              "Startup Cost": 0.00,
              "Total Cost": 2318.11,
              "Plan Rows": 363,
              "Plan Width": 118,
              "Actual Startup Time": 3.335,
              "Actual Total Time": 6.353,
              "Actual Rows": 365,
              "Actual Loops": 1,
              "Filter": "(d_year = 2001)",
              "Rows Removed by Filter": 72684
            },
            {
              "Node Type": "Materialize",
              "Parent Relationship": "Inner",
              "Startup Cost": 2087.63,
              "Total Cost": 113748.60,
              "Plan Rows": 98,
              "Plan Width": 579,
              "Actual Startup Time": 0.068,
              "Actual Total Time": 1.502,
              "Actual Rows": 229,
              "Actual Loops": 365,
              "Plans": [
                {
                  "Node Type": "Hash Join",
                  "Parent Relationship": "Outer",
                  "Join Type": "Inner",
                  "Startup Cost": 2087.63,
                  "Total Cost": 113748.11,
                  "Plan Rows": 98,
                  "Plan Width": 579,
                  "Actual Startup Time": 24.825,
                  "Actual Total Time": 545.220,
                  "Actual Rows": 229,
                  "Actual Loops": 1,
                  "Hash Cond": "(store_sales.ss_store_sk = store.s_store_sk)",
                  "Plans": [
                    {
                      "Node Type": "Hash Join",
                      "Parent Relationship": "Outer",
                      "Join Type": "Inner",
                      "Startup Cost": 2086.36,
                      "Total Cost": 113745.48,
                      "Plan Rows": 103,
                      "Plan Width": 292,
                      "Actual Startup Time": 24.816,
                      "Actual Total Time": 545.048,
                      "Actual Rows": 229,
                      "Actual Loops": 1,
                      "Hash Cond": "(store_sales.ss_addr_sk = customer_address.ca_address_sk)",
                      "Plans": [
                        {
                          "Node Type": "Hash Join",
                          "Parent Relationship": "Outer",
                          "Join Type": "Inner",
                          "Startup Cost": 152.00,
                          "Total Cost": 111798.04,
                          "Plan Rows": 1927,
                          "Plan Width": 147,
                          "Actual Startup Time": 0.816,
                          "Actual Total Time": 533.641,
                          "Actual Rows": 3768,
                          "Actual Loops": 1,
                          "Hash Cond": "(store_sales.ss_hdemo_sk = household_demographics.hd_demo_sk)",
                          "Plans": [
                            {
                              "Node Type": "Seq Scan",
                              "Parent Relationship": "Outer",
                              "Relation Name": "store_sales",
                              "Alias": "store_sales",
                              "Startup Cost": 0.00,
                              "Total Cost": 111550.98,
                              "Plan Rows": 20211,
                              "Plan Width": 115,
                              "Actual Startup Time": 0.028,
                              "Actual Total Time": 527.895,
                              "Actual Rows": 37129,
                              "Actual Loops": 1,
                              "Filter": "((ss_sales_price >= 50.00) AND (ss_sales_price <= 100.00) AND (ss_net_profit >= 150::numeric) AND (ss_net_profit <= 300::numeric))",
                              "Rows Removed by Filter": 2585485
                            },
                            {
                              "Node Type": "Hash",
                              "Parent Relationship": "Inner",
                              "Startup Cost": 143.00,
                              "Total Cost": 143.00,
                              "Plan Rows": 720,
                              "Plan Width": 32,
                              "Actual Startup Time": 0.548,
                              "Actual Total Time": 0.548,
                              "Actual Rows": 720,
                              "Actual Loops": 1,
                              "Hash Buckets": 1024,
                              "Hash Batches": 1,
                              "Original Hash Batches": 1,
                              "Peak Memory Usage": 45,
                              "Plans": [
                                {
                                  "Node Type": "Seq Scan",
                                  "Parent Relationship": "Outer",
                                  "Relation Name": "household_demographics",
                                  "Alias": "household_demographics",
                                  "Startup Cost": 0.00,
                                  "Total Cost": 143.00,
                                  "Plan Rows": 720,
                                  "Plan Width": 32,
                                  "Actual Startup Time": 0.007,
                                  "Actual Total Time": 0.493,
                                  "Actual Rows": 720,
                                  "Actual Loops": 1,
                                  "Filter": "(hd_dep_count = 1)",
                                  "Rows Removed by Filter": 6480
                                }
                              ]
                            }
                          ]
                        },
                        {
                          "Node Type": "Hash",
                          "Parent Relationship": "Inner",
                          "Startup Cost": 1899.50,
                          "Total Cost": 1899.50,
                          "Plan Rows": 2789,
                          "Plan Width": 145,
                          "Actual Startup Time": 10.076,
                          "Actual Total Time": 10.076,
                          "Actual Rows": 2895,
                          "Actual Loops": 1,
                          "Hash Buckets": 1024,
                          "Hash Batches": 1,
                          "Original Hash Batches": 1,
                          "Peak Memory Usage": 506,
                          "Plans": [
                            {
                              "Node Type": "Seq Scan",
                              "Parent Relationship": "Outer",
                              "Relation Name": "customer_address",
                              "Alias": "customer_address",
                              "Startup Cost": 0.00,
                              "Total Cost": 1899.50,
                              "Plan Rows": 2789,
                              "Plan Width": 145,
                              "Actual Startup Time": 0.006,
                              "Actual Total Time": 9.863,
                              "Actual Rows": 2895,
                              "Actual Loops": 1,
                              "Filter": "(((ca_country)::text = 'United States'::text) AND (ca_state = ANY ('{MS,OH,NV}'::bpchar[])))",
                              "Rows Removed by Filter": 47105
                            }
                          ]
                        }
                      ]
                    },
                    {
                      "Node Type": "Hash",
                      "Parent Relationship": "Inner",
                      "Startup Cost": 1.12,
                      "Total Cost": 1.12,
                      "Plan Rows": 12,
                      "Plan Width": 287,
                      "Actual Startup Time": 0.004,
                      "Actual Total Time": 0.004,
                      "Actual Rows": 12,
                      "Actual Loops": 1,
                      "Hash Buckets": 1024,
                      "Hash Batches": 1,
                      "Original Hash Batches": 1,
                      "Peak Memory Usage": 4,
                      "Plans": [
                        {
                          "Node Type": "Seq Scan",
                          "Parent Relationship": "Outer",
                          "Relation Name": "store",
                          "Alias": "store",
                          "Startup Cost": 0.00,
                          "Total Cost": 1.12,
                          "Plan Rows": 12,
                          "Plan Width": 287,
                          "Actual Startup Time": 0.001,
                          "Actual Total Time": 0.002,
                          "Actual Rows": 12,
                          "Actual Loops": 1
                        }
                      ]
                    }
                  ]
                }
              ]
            }
          ]
        },
        {
          "Node Type": "Seq Scan",
          "Parent Relationship": "Inner",
          "Relation Name": "customer_demographics",
          "Alias": "customer_demographics",
          "Startup Cost": 0.00,
          "Total Cost": 50640.00,
          "Plan Rows": 54072,
          "Plan Width": 56,
          "Actual Startup Time": 0.006,
          "Actual Total Time": 215.775,
          "Actual Rows": 54880,
          "Actual Loops": 42,
          "Filter": "((cd_marital_status = 'U'::bpchar) AND (cd_education_status = '4 yr Degree'::bpchar))",
          "Rows Removed by Filter": 1865920
        }
      ]
    },
    "Triggers": [
    ],
    "Total Runtime": 9775.361
  }
]
