[
  {
    "Plan": {
      "Node Type": "Hash Join",
      "Join Type": "Inner",
      "Startup Cost": 116483.48,
      "Total Cost": 167327.92,
      "Plan Rows": 1,
      "Plan Width": 434,
      "Actual Startup Time": 697.694,
      "Actual Total Time": 926.669,
      "Actual Rows": 104,
      "Actual Loops": 1,
      "Hash Cond": "(customer_demographics.cd_demo_sk = store_sales.ss_cdemo_sk)",
      "Plans": [
        {
          "Node Type": "Seq Scan",
          "Parent Relationship": "Outer",
          "Relation Name": "customer_demographics",
          "Alias": "customer_demographics",
          "Startup Cost": 0.00,
          "Total Cost": 50640.00,
          "Plan Rows": 54513,
          "Plan Width": 56,
          "Actual Startup Time": 0.007,
          "Actual Total Time": 220.015,
          "Actual Rows": 54880,
          "Actual Loops": 1,
          "Filter": "((cd_marital_status = 'S'::bpchar) AND (cd_education_status = '4 yr Degree'::bpchar))",
          "Rows Removed by Filter": 1865920
        },
        {
          "Node Type": "Hash",
          "Parent Relationship": "Inner",
          "Startup Cost": 116482.83,
          "Total Cost": 116482.83,
          "Plan Rows": 52,
          "Plan Width": 378,
          "Actual Startup Time": 694.330,
          "Actual Total Time": 694.330,
          "Actual Rows": 4644,
          "Actual Loops": 1,
          "Hash Buckets": 1024,
          "Hash Batches": 2,
          "Original Hash Batches": 1,
          "Peak Memory Usage": 1025,
          "Plans": [
            {
              "Node Type": "Hash Join",
              "Parent Relationship": "Outer",
              "Join Type": "Inner",
              "Startup Cost": 4263.45,
              "Total Cost": 116482.83,
              "Plan Rows": 52,
              "Plan Width": 378,
              "Actual Startup Time": 18.564,
              "Actual Total Time": 689.505,
              "Actual Rows": 4644,
              "Actual Loops": 1,
              "Hash Cond": "(store_sales.ss_addr_sk = customer_address.ca_address_sk)",
              "Plans": [
                {
                  "Node Type": "Hash Join",
                  "Parent Relationship": "Outer",
                  "Join Type": "Inner",
                  "Startup Cost": 2322.65,
                  "Total Cost": 114536.34,
                  "Plan Rows": 828,
                  "Plan Width": 233,
                  "Actual Startup Time": 7.063,
                  "Actual Total Time": 663.091,
                  "Actual Rows": 68952,
                  "Actual Loops": 1,
                  "Hash Cond": "(store_sales.ss_sold_date_sk = date_dim.d_date_sk)",
                  "Plans": [
                    {
                      "Node Type": "Seq Scan",
                      "Parent Relationship": "Outer",
                      "Relation Name": "store_sales",
                      "Alias": "store_sales",
                      "Startup Cost": 0.00,
                      "Total Cost": 111550.98,
                      "Plan Rows": 174514,
                      "Plan Width": 115,
                      "Actual Startup Time": 0.018,
                      "Actual Total Time": 607.360,
                      "Actual Rows": 344493,
                      "Actual Loops": 1,
                      "Filter": "((ss_sales_price >= 50.00) AND (ss_sales_price <= 200.00) AND (ss_net_profit >= 0::numeric) AND (ss_net_profit <= 2000::numeric))",
                      "Rows Removed by Filter": 2278121
                    },
                    {
                      "Node Type": "Hash",
                      "Parent Relationship": "Inner",
                      "Startup Cost": 2318.11,
                      "Total Cost": 2318.11,
                      "Plan Rows": 363,
                      "Plan Width": 118,
                      "Actual Startup Time": 6.986,
                      "Actual Total Time": 6.986,
                      "Actual Rows": 365,
                      "Actual Loops": 1,
                      "Hash Buckets": 1024,
                      "Hash Batches": 1,
                      "Original Hash Batches": 1,
                      "Peak Memory Usage": 55,
                      "Plans": [
                        {
                          "Node Type": "Seq Scan",
                          "Parent Relationship": "Outer",
                          "Relation Name": "date_dim",
                          "Alias": "date_dim",
                          "Startup Cost": 0.00,
                          "Total Cost": 2318.11,
                          "Plan Rows": 363,
                          "Plan Width": 118,
                          "Actual Startup Time": 3.431,
                          "Actual Total Time": 6.949,
                          "Actual Rows": 365,
                          "Actual Loops": 1,
                          "Filter": "(d_year = 1998)",
                          "Rows Removed by Filter": 72684
                        }
                      ]
                    }
                  ]
                },
                {
                  "Node Type": "Hash",
                  "Parent Relationship": "Inner",
                  "Startup Cost": 1899.50,
                  "Total Cost": 1899.50,
                  "Plan Rows": 3304,
                  "Plan Width": 145,
                  "Actual Startup Time": 11.278,
                  "Actual Total Time": 11.278,
                  "Actual Rows": 3322,
                  "Actual Loops": 1,
                  "Hash Buckets": 1024,
                  "Hash Batches": 1,
                  "Original Hash Batches": 1,
                  "Peak Memory Usage": 582,
                  "Plans": [
                    {
                      "Node Type": "Seq Scan",
                      "Parent Relationship": "Outer",
                      "Relation Name": "customer_address",
                      "Alias": "customer_address",
                      "Startup Cost": 0.00,
                      "Total Cost": 1899.50,
                      "Plan Rows": 3304,
                      "Plan Width": 145,
                      "Actual Startup Time": 0.006,
                      "Actual Total Time": 10.978,
                      "Actual Rows": 3322,
                      "Actual Loops": 1,
                      "Filter": "(((ca_country)::text = 'United States'::text) AND (ca_state = ANY ('{AK,IA,NE}'::bpchar[])))",
                      "Rows Removed by Filter": 46678
                    }
                  ]
                }
              ]
            }
          ]
        }
      ]
    },
    "Triggers": [
    ],
    "Total Runtime": 926.748
  }
]
