[
  {
    "Plan": {
      "Node Type": "Nested Loop",
      "Join Type": "Inner",
      "Startup Cost": 2501.11,
      "Total Cost": 33041.25,
      "Plan Rows": 1,
      "Plan Width": 792,
      "Actual Startup Time": 17.014,
      "Actual Total Time": 441.868,
      "Actual Rows": 150,
      "Actual Loops": 1,
      "Join Filter": "(web_sales.ws_item_sk = item.i_item_sk)",
      "Rows Removed by Join Filter": 3356517,
      "Plans": [
        {
          "Node Type": "Hash Join",
          "Parent Relationship": "Outer",
          "Join Type": "Inner",
          "Startup Cost": 2501.11,
          "Total Cost": 31331.59,
          "Plan Rows": 295,
          "Plan Width": 289,
          "Actual Startup Time": 7.449,
          "Actual Total Time": 127.269,
          "Actual Rows": 7313,
          "Actual Loops": 1,
          "Hash Cond": "(web_sales.ws_sold_date_sk = date_dim.d_date_sk)",
          "Plans": [
            {
              "Node Type": "Seq Scan",
              "Parent Relationship": "Outer",
              "Relation Name": "web_sales",
              "Alias": "web_sales",
              "Startup Cost": 0.00,
              "Total Cost": 26129.84,
              "Plan Rows": 719384,
              "Plan Width": 171,
              "Actual Startup Time": 0.007,
              "Actual Total Time": 73.018,
              "Actual Rows": 719071,
              "Actual Loops": 1
            },
            {
              "Node Type": "Hash",
              "Parent Relationship": "Inner",
              "Startup Cost": 2500.73,
              "Total Cost": 2500.73,
              "Plan Rows": 30,
              "Plan Width": 118,
              "Actual Startup Time": 7.272,
              "Actual Total Time": 7.272,
              "Actual Rows": 31,
              "Actual Loops": 1,
              "Hash Buckets": 1024,
              "Hash Batches": 1,
              "Original Hash Batches": 1,
              "Peak Memory Usage": 5,
              "Plans": [
                {
                  "Node Type": "Seq Scan",
                  "Parent Relationship": "Outer",
                  "Relation Name": "date_dim",
                  "Alias": "date_dim",
                  "Startup Cost": 0.00,
                  "Total Cost": 2500.73,
                  "Plan Rows": 30,
                  "Plan Width": 118,
                  "Actual Startup Time": 3.780,
                  "Actual Total Time": 7.267,
                  "Actual Rows": 31,
                  "Actual Loops": 1,
                  "Filter": "((d_moy = 5) AND (d_year = 2001))",
                  "Rows Removed by Filter": 73018
                }
              ]
            }
          ]
        },
        {
          "Node Type": "Materialize",
          "Parent Relationship": "Inner",
          "Startup Cost": 0.00,
          "Total Cost": 1506.23,
          "Plan Rows": 46,
          "Plan Width": 503,
          "Actual Startup Time": 0.000,
          "Actual Total Time": 0.015,
          "Actual Rows": 459,
          "Actual Loops": 7313,
          "Plans": [
            {
              "Node Type": "Seq Scan",
              "Parent Relationship": "Outer",
              "Relation Name": "item",
              "Alias": "item",
              "Startup Cost": 0.00,
              "Total Cost": 1506.00,
              "Plan Rows": 46,
              "Plan Width": 503,
              "Actual Startup Time": 0.004,
              "Actual Total Time": 4.514,
              "Actual Rows": 459,
              "Actual Loops": 1,
              "Filter": "((i_category = 'Children'::bpchar) AND (i_class = 'toddlers'::bpchar))",
              "Rows Removed by Filter": 17541
            }
          ]
        }
      ]
    },
    "Triggers": [
    ],
    "Total Runtime": 441.930
  }
]
