[
  {
    "Plan": {
      "Node Type": "Hash Join",
      "Join Type": "Inner",
      "Startup Cost": 1463.90,
      "Total Cost": 95366.13,
      "Plan Rows": 5230,
      "Plan Width": 905,
      "Actual Startup Time": 4.176,
      "Actual Total Time": 416.017,
      "Actual Rows": 6814,
      "Actual Loops": 1,
      "Hash Cond": "(store_sales.ss_store_sk = store.s_store_sk)",
      "Plans": [
        {
          "Node Type": "Hash Join",
          "Parent Relationship": "Outer",
          "Join Type": "Inner",
          "Startup Cost": 1462.71,
          "Total Cost": 95230.43,
          "Plan Rows": 21923,
          "Plan Width": 618,
          "Actual Startup Time": 4.166,
          "Actual Total Time": 411.704,
          "Actual Rows": 20409,
          "Actual Loops": 1,
          "Hash Cond": "(store_sales.ss_item_sk = item.i_item_sk)",
          "Plans": [
            {
              "Node Type": "Seq Scan",
              "Parent Relationship": "Outer",
              "Relation Name": "store_sales",
              "Alias": "store_sales",
              "Startup Cost": 0.00,
              "Total Cost": 82746.99,
              "Plan Rows": 2880399,
              "Plan Width": 115,
              "Actual Startup Time": 0.006,
              "Actual Total Time": 234.830,
              "Actual Rows": 2622614,
              "Actual Loops": 1
            },
            {
              "Node Type": "Hash",
              "Parent Relationship": "Inner",
              "Startup Cost": 1461.00,
              "Total Cost": 1461.00,
              "Plan Rows": 137,
              "Plan Width": 503,
              "Actual Startup Time": 4.136,
              "Actual Total Time": 4.136,
              "Actual Rows": 137,
              "Actual Loops": 1,
              "Hash Buckets": 1024,
              "Hash Batches": 1,
              "Original Hash Batches": 1,
              "Peak Memory Usage": 73,
              "Plans": [
                {
                  "Node Type": "Seq Scan",
                  "Parent Relationship": "Outer",
                  "Relation Name": "item",
                  "Alias": "item",
                  "Startup Cost": 0.00,
                  "Total Cost": 1461.00,
                  "Plan Rows": 137,
                  "Plan Width": 503,
                  "Actual Startup Time": 0.040,
                  "Actual Total Time": 4.118,
                  "Actual Rows": 137,
                  "Actual Loops": 1,
                  "Filter": "(i_color = 'lawn'::bpchar)",
                  "Rows Removed by Filter": 17863
                }
              ]
            }
          ]
        },
        {
          "Node Type": "Hash",
          "Parent Relationship": "Inner",
          "Startup Cost": 1.15,
          "Total Cost": 1.15,
          "Plan Rows": 3,
          "Plan Width": 287,
          "Actual Startup Time": 0.005,
          "Actual Total Time": 0.005,
          "Actual Rows": 3,
          "Actual Loops": 1,
          "Hash Buckets": 1024,
          "Hash Batches": 1,
          "Original Hash Batches": 1,
          "Peak Memory Usage": 1,
          "Plans": [
            {
              "Node Type": "Seq Scan",
              "Parent Relationship": "Outer",
              "Relation Name": "store",
              "Alias": "store",
              "Startup Cost": 0.00,
              "Total Cost": 1.15,
              "Plan Rows": 3,
              "Plan Width": 287,
              "Actual Startup Time": 0.002,
              "Actual Total Time": 0.004,
              "Actual Rows": 3,
              "Actual Loops": 1,
              "Filter": "(s_market_id = 8)",
              "Rows Removed by Filter": 9
            }
          ]
        }
      ]
    },
    "Triggers": [
    ],
    "Total Runtime": 416.347
  }
]
