[
  {
    "Plan": {
      "Node Type": "Hash Join",
      "Join Type": "Inner",
      "Startup Cost": 2683.47,
      "Total Cost": 31511.89,
      "Plan Rows": 89,
      "Plan Width": 289,
      "Actual Startup Time": 6.987,
      "Actual Total Time": 183.073,
      "Actual Rows": 142476,
      "Actual Loops": 1,
      "Hash Cond": "(web_sales.ws_sold_date_sk = date_dim.d_date_sk)",
      "Plans": [
        {
          "Node Type": "Seq Scan",
          "Parent Relationship": "Outer",
          "Relation Name": "web_sales",
          "Alias": "web_sales",
          "Startup Cost": 0.00,
          "Total Cost": 26129.84,
          "Plan Rows": 719384,
          "Plan Width": 171,
          "Actual Startup Time": 0.008,
          "Actual Total Time": 72.048,
          "Actual Rows": 719071,
          "Actual Loops": 1
        },
        {
          "Node Type": "Hash",
          "Parent Relationship": "Inner",
          "Startup Cost": 2683.36,
          "Total Cost": 2683.36,
          "Plan Rows": 9,
          "Plan Width": 118,
          "Actual Startup Time": 6.973,
          "Actual Total Time": 6.973,
          "Actual Rows": 365,
          "Actual Loops": 1,
          "Hash Buckets": 1024,
          "Hash Batches": 1,
          "Original Hash Batches": 1,
          "Peak Memory Usage": 55,
          "Plans": [
            {
              "Node Type": "Seq Scan",
              "Parent Relationship": "Outer",
              "Relation Name": "date_dim",
              "Alias": "date_dim",
              "Startup Cost": 0.00,
              "Total Cost": 2683.36,
              "Plan Rows": 9,
              "Plan Width": 118,
              "Actual Startup Time": 3.158,
              "Actual Total Time": 6.949,
              "Actual Rows": 365,
              "Actual Loops": 1,
              "Filter": "((d_week_seq >= 5114) AND (d_week_seq <= 5375) AND (d_year = 2002))",
              "Rows Removed by Filter": 72684
            }
          ]
        }
      ]
    },
    "Triggers": [
    ],
    "Total Runtime": 186.588
  }
]
