[
  {
    "Plan": {
      "Node Type": "Hash Join",
      "Join Type": "Inner",
      "Startup Cost": 4021.03,
      "Total Cost": 61771.34,
      "Plan Rows": 66,
      "Plan Width": 791,
      "Actual Startup Time": 13.808,
      "Actual Total Time": 253.388,
      "Actual Rows": 1643,
      "Actual Loops": 1,
      "Hash Cond": "(catalog_sales.cs_item_sk = item.i_item_sk)",
      "Plans": [
        {
          "Node Type": "Hash Join",
          "Parent Relationship": "Outer",
          "Join Type": "Inner",
          "Startup Cost": 2501.43,
          "Total Cost": 60246.95,
          "Plan Rows": 1100,
          "Plan Width": 288,
          "Actual Startup Time": 8.017,
          "Actual Total Time": 245.107,
          "Actual Rows": 27073,
          "Actual Loops": 1,
          "Hash Cond": "(catalog_sales.cs_sold_date_sk = date_dim.d_date_sk)",
          "Plans": [
            {
              "Node Type": "Seq Scan",
              "Parent Relationship": "Outer",
              "Relation Name": "catalog_sales",
              "Alias": "catalog_sales",
              "Startup Cost": 0.00,
              "Total Cost": 52328.65,
              "Plan Rows": 1441565,
              "Plan Width": 170,
              "Actual Startup Time": 0.008,
              "Actual Total Time": 146.792,
              "Actual Rows": 1427357,
              "Actual Loops": 1
            },
            {
              "Node Type": "Hash",
              "Parent Relationship": "Inner",
              "Startup Cost": 2500.73,
              "Total Cost": 2500.73,
              "Plan Rows": 56,
              "Plan Width": 118,
              "Actual Startup Time": 6.792,
              "Actual Total Time": 6.792,
              "Actual Rows": 60,
              "Actual Loops": 1,
              "Hash Buckets": 1024,
              "Hash Batches": 1,
              "Original Hash Batches": 1,
              "Peak Memory Usage": 10,
              "Plans": [
                {
                  "Node Type": "Seq Scan",
                  "Parent Relationship": "Outer",
                  "Relation Name": "date_dim",
                  "Alias": "date_dim",
                  "Startup Cost": 0.00,
                  "Total Cost": 2500.73,
                  "Plan Rows": 56,
                  "Plan Width": 118,
                  "Actual Startup Time": 2.977,
                  "Actual Total Time": 6.785,
                  "Actual Rows": 60,
                  "Actual Loops": 1,
                  "Filter": "((d_date >= '1998-02-08'::date) AND (d_date <= '1998-04-08'::date))",
                  "Rows Removed by Filter": 72989
                }
              ]
            }
          ]
        },
        {
          "Node Type": "Hash",
          "Parent Relationship": "Inner",
          "Startup Cost": 1506.00,
          "Total Cost": 1506.00,
          "Plan Rows": 1088,
          "Plan Width": 503,
          "Actual Startup Time": 5.239,
          "Actual Total Time": 5.239,
          "Actual Rows": 1104,
          "Actual Loops": 1,
          "Hash Buckets": 1024,
          "Hash Batches": 1,
          "Original Hash Batches": 1,
          "Peak Memory Usage": 587,
          "Plans": [
            {
              "Node Type": "Seq Scan",
              "Parent Relationship": "Outer",
              "Relation Name": "item",
              "Alias": "item",
              "Startup Cost": 0.00,
              "Total Cost": 1506.00,
              "Plan Rows": 1088,
              "Plan Width": 503,
              "Actual Startup Time": 0.005,
              "Actual Total Time": 5.036,
              "Actual Rows": 1104,
              "Actual Loops": 1,
              "Filter": "((i_current_price >= 0.99) AND (i_current_price <= 1.49))",
              "Rows Removed by Filter": 16896
            }
          ]
        }
      ]
    },
    "Triggers": [
    ],
    "Total Runtime": 253.504
  }
]
