[
  {
    "Plan": {
      "Node Type": "Hash Join",
      "Join Type": "Inner",
      "Startup Cost": 60339.78,
      "Total Cost": 107578.65,
      "Plan Rows": 229,
      "Plan Width": 376,
      "Actual Startup Time": 441.855,
      "Actual Total Time": 761.120,
      "Actual Rows": 9889,
      "Actual Loops": 1,
      "Hash Cond": "(customer_demographics.cd_demo_sk = catalog_sales.cs_bill_cdemo_sk)",
      "Plans": [
        {
          "Node Type": "Seq Scan",
          "Parent Relationship": "Outer",
          "Relation Name": "customer_demographics",
          "Alias": "customer_demographics",
          "Startup Cost": 0.00,
          "Total Cost": 45838.00,
          "Plan Rows": 372955,
          "Plan Width": 56,
          "Actual Startup Time": 0.004,
          "Actual Total Time": 216.556,
          "Actual Rows": 384160,
          "Actual Loops": 1,
          "Filter": "(cd_marital_status = 'M'::bpchar)",
          "Rows Removed by Filter": 1536640
        },
        {
          "Node Type": "Hash",
          "Parent Relationship": "Inner",
          "Startup Cost": 60325.00,
          "Total Cost": 60325.00,
          "Plan Rows": 1183,
          "Plan Width": 320,
          "Actual Startup Time": 441.385,
          "Actual Total Time": 441.385,
          "Actual Rows": 48164,
          "Actual Loops": 1,
          "Hash Buckets": 1024,
          "Hash Batches": 32,
          "Original Hash Batches": 1,
          "Peak Memory Usage": 1025,
          "Plans": [
            {
              "Node Type": "Hash Join",
              "Parent Relationship": "Outer",
              "Join Type": "Inner",
              "Startup Cost": 2480.65,
              "Total Cost": 60325.00,
              "Plan Rows": 1183,
              "Plan Width": 320,
              "Actual Startup Time": 8.058,
              "Actual Total Time": 399.862,
              "Actual Rows": 48164,
              "Actual Loops": 1,
              "Hash Cond": "(catalog_sales.cs_bill_hdemo_sk = household_demographics.hd_demo_sk)",
              "Plans": [
                {
                  "Node Type": "Hash Join",
                  "Parent Relationship": "Outer",
                  "Join Type": "Inner",
                  "Startup Cost": 2322.65,
                  "Total Cost": 60128.44,
                  "Plan Rows": 7127,
                  "Plan Width": 288,
                  "Actual Startup Time": 7.309,
                  "Actual Total Time": 368.924,
                  "Actual Rows": 284281,
                  "Actual Loops": 1,
                  "Hash Cond": "(catalog_sales.cs_sold_date_sk = date_dim.d_date_sk)",
                  "Plans": [
                    {
                      "Node Type": "Seq Scan",
                      "Parent Relationship": "Outer",
                      "Relation Name": "catalog_sales",
                      "Alias": "catalog_sales",
                      "Startup Cost": 0.00,
                      "Total Cost": 52328.65,
                      "Plan Rows": 1441565,
                      "Plan Width": 170,
                      "Actual Startup Time": 0.008,
                      "Actual Total Time": 151.442,
                      "Actual Rows": 1427357,
                      "Actual Loops": 1
                    },
                    {
                      "Node Type": "Hash",
                      "Parent Relationship": "Inner",
                      "Startup Cost": 2318.11,
                      "Total Cost": 2318.11,
                      "Plan Rows": 363,
                      "Plan Width": 118,
                      "Actual Startup Time": 7.295,
                      "Actual Total Time": 7.295,
                      "Actual Rows": 365,
                      "Actual Loops": 1,
                      "Hash Buckets": 1024,
                      "Hash Batches": 1,
                      "Original Hash Batches": 1,
                      "Peak Memory Usage": 55,
                      "Plans": [
                        {
                          "Node Type": "Seq Scan",
                          "Parent Relationship": "Outer",
                          "Relation Name": "date_dim",
                          "Alias": "date_dim",
                          "Startup Cost": 0.00,
                          "Total Cost": 2318.11,
                          "Plan Rows": 363,
                          "Plan Width": 118,
                          "Actual Startup Time": 3.595,
                          "Actual Total Time": 7.263,
                          "Actual Rows": 365,
                          "Actual Loops": 1,
                          "Filter": "(d_year = 1998)",
                          "Rows Removed by Filter": 72684
                        }
                      ]
                    }
                  ]
                },
                {
                  "Node Type": "Hash",
                  "Parent Relationship": "Inner",
                  "Startup Cost": 143.00,
                  "Total Cost": 143.00,
                  "Plan Rows": 1200,
                  "Plan Width": 32,
                  "Actual Startup Time": 0.711,
                  "Actual Total Time": 0.711,
                  "Actual Rows": 1200,
                  "Actual Loops": 1,
                  "Hash Buckets": 1024,
                  "Hash Batches": 1,
                  "Original Hash Batches": 1,
                  "Peak Memory Usage": 75,
                  "Plans": [
                    {
                      "Node Type": "Seq Scan",
                      "Parent Relationship": "Outer",
                      "Relation Name": "household_demographics",
                      "Alias": "household_demographics",
                      "Startup Cost": 0.00,
                      "Total Cost": 143.00,
                      "Plan Rows": 1200,
                      "Plan Width": 32,
                      "Actual Startup Time": 0.006,
                      "Actual Total Time": 0.619,
                      "Actual Rows": 1200,
                      "Actual Loops": 1,
                      "Filter": "(hd_buy_potential = 'from1001to5000'::bpchar)",
                      "Rows Removed by Filter": 6000
                    }
                  ]
                }
              ]
            }
          ]
        }
      ]
    },
    "Triggers": [
    ],
    "Total Runtime": 761.474
  }
]
