[
  {
    "Plan": {
      "Node Type": "Nested Loop",
      "Join Type": "Inner",
      "Startup Cost": 2093.55,
      "Total Cost": 167453.05,
      "Plan Rows": 1,
      "Plan Width": 753,
      "Actual Startup Time": 2303.511,
      "Actual Total Time": 3590.992,
      "Actual Rows": 1,
      "Actual Loops": 1,
      "Join Filter": "(store_sales.ss_cdemo_sk = customer_demographics.cd_demo_sk)",
      "Rows Removed by Join Filter": 768319,
      "Plans": [
        {
          "Node Type": "Nested Loop",
          "Parent Relationship": "Outer",
          "Join Type": "Inner",
          "Startup Cost": 2093.55,
          "Total Cost": 116148.10,
          "Plan Rows": 1,
          "Plan Width": 697,
          "Actual Startup Time": 494.884,
          "Actual Total Time": 499.477,
          "Actual Rows": 14,
          "Actual Loops": 1,
          "Join Filter": "(store_sales.ss_sold_date_sk = date_dim.d_date_sk)",
          "Rows Removed by Join Filter": 17141,
          "Plans": [
            {
              "Node Type": "Seq Scan",
              "Parent Relationship": "Outer",
              "Relation Name": "date_dim",
              "Alias": "date_dim",
              "Startup Cost": 0.00,
              "Total Cost": 2318.11,
              "Plan Rows": 363,
              "Plan Width": 118,
              "Actual Startup Time": 3.556,
              "Actual Total Time": 6.855,
              "Actual Rows": 365,
              "Actual Loops": 1,
              "Filter": "(d_year = 2001)",
              "Rows Removed by Filter": 72684
            },
            {
              "Node Type": "Materialize",
              "Parent Relationship": "Inner",
              "Startup Cost": 2093.55,
              "Total Cost": 113672.16,
              "Plan Rows": 29,
              "Plan Width": 579,
              "Actual Startup Time": 0.038,
              "Actual Total Time": 1.347,
              "Actual Rows": 47,
              "Actual Loops": 365,
              "Plans": [
                {
                  "Node Type": "Hash Join",
                  "Parent Relationship": "Outer",
                  "Join Type": "Inner",
                  "Startup Cost": 2093.55,
                  "Total Cost": 113672.01,
                  "Plan Rows": 29,
                  "Plan Width": 579,
                  "Actual Startup Time": 13.849,
                  "Actual Total Time": 490.802,
                  "Actual Rows": 47,
                  "Actual Loops": 1,
                  "Hash Cond": "(store_sales.ss_store_sk = store.s_store_sk)",
                  "Plans": [
                    {
                      "Node Type": "Hash Join",
                      "Parent Relationship": "Outer",
                      "Join Type": "Inner",
                      "Startup Cost": 2092.28,
                      "Total Cost": 113670.34,
                      "Plan Rows": 30,
                      "Plan Width": 292,
                      "Actual Startup Time": 13.840,
                      "Actual Total Time": 490.720,
                      "Actual Rows": 47,
                      "Actual Loops": 1,
                      "Hash Cond": "(store_sales.ss_addr_sk = customer_address.ca_address_sk)",
                      "Plans": [
                        {
                          "Node Type": "Hash Join",
                          "Parent Relationship": "Outer",
                          "Join Type": "Inner",
                          "Startup Cost": 152.00,
                          "Total Cost": 111726.75,
                          "Plan Rows": 482,
                          "Plan Width": 147,
                          "Actual Startup Time": 1.768,
                          "Actual Total Time": 478.952,
                          "Actual Rows": 641,
                          "Actual Loops": 1,
                          "Hash Cond": "(store_sales.ss_hdemo_sk = household_demographics.hd_demo_sk)",
                          "Plans": [
                            {
                              "Node Type": "Seq Scan",
                              "Parent Relationship": "Outer",
                              "Relation Name": "store_sales",
                              "Alias": "store_sales",
                              "Startup Cost": 0.00,
                              "Total Cost": 111550.98,
                              "Plan Rows": 5054,
                              "Plan Width": 115,
                              "Actual Startup Time": 0.093,
                              "Actual Total Time": 476.857,
                              "Actual Rows": 6119,
                              "Actual Loops": 1,
                              "Filter": "((ss_sales_price >= 100.00) AND (ss_sales_price <= 150.00) AND (ss_net_profit >= 100::numeric) AND (ss_net_profit <= 200::numeric))",
                              "Rows Removed by Filter": 2616495
                            },
                            {
                              "Node Type": "Hash",
                              "Parent Relationship": "Inner",
                              "Startup Cost": 143.00,
                              "Total Cost": 143.00,
                              "Plan Rows": 720,
                              "Plan Width": 32,
                              "Actual Startup Time": 0.583,
                              "Actual Total Time": 0.583,
                              "Actual Rows": 720,
                              "Actual Loops": 1,
                              "Hash Buckets": 1024,
                              "Hash Batches": 1,
                              "Original Hash Batches": 1,
                              "Peak Memory Usage": 45,
                              "Plans": [
                                {
                                  "Node Type": "Seq Scan",
                                  "Parent Relationship": "Outer",
                                  "Relation Name": "household_demographics",
                                  "Alias": "household_demographics",
                                  "Startup Cost": 0.00,
                                  "Total Cost": 143.00,
                                  "Plan Rows": 720,
                                  "Plan Width": 32,
                                  "Actual Startup Time": 0.020,
                                  "Actual Total Time": 0.536,
                                  "Actual Rows": 720,
                                  "Actual Loops": 1,
                                  "Filter": "(hd_dep_count = 3)",
                                  "Rows Removed by Filter": 6480
                                }
                              ]
                            }
                          ]
                        },
                        {
                          "Node Type": "Hash",
                          "Parent Relationship": "Inner",
                          "Startup Cost": 1899.50,
                          "Total Cost": 1899.50,
                          "Plan Rows": 3262,
                          "Plan Width": 145,
                          "Actual Startup Time": 11.367,
                          "Actual Total Time": 11.367,
                          "Actual Rows": 3318,
                          "Actual Loops": 1,
                          "Hash Buckets": 1024,
                          "Hash Batches": 1,
                          "Original Hash Batches": 1,
                          "Peak Memory Usage": 580,
                          "Plans": [
                            {
                              "Node Type": "Seq Scan",
                              "Parent Relationship": "Outer",
                              "Relation Name": "customer_address",
                              "Alias": "customer_address",
                              "Startup Cost": 0.00,
                              "Total Cost": 1899.50,
                              "Plan Rows": 3262,
                              "Plan Width": 145,
                              "Actual Startup Time": 0.006,
                              "Actual Total Time": 11.096,
                              "Actual Rows": 3318,
                              "Actual Loops": 1,
                              "Filter": "(((ca_country)::text = 'United States'::text) AND (ca_state = ANY ('{ND,IL,AL}'::bpchar[])))",
                              "Rows Removed by Filter": 46682
                            }
                          ]
                        }
                      ]
                    },
                    {
                      "Node Type": "Hash",
                      "Parent Relationship": "Inner",
                      "Startup Cost": 1.12,
                      "Total Cost": 1.12,
                      "Plan Rows": 12,
                      "Plan Width": 287,
                      "Actual Startup Time": 0.004,
                      "Actual Total Time": 0.004,
                      "Actual Rows": 12,
                      "Actual Loops": 1,
                      "Hash Buckets": 1024,
                      "Hash Batches": 1,
                      "Original Hash Batches": 1,
                      "Peak Memory Usage": 4,
                      "Plans": [
                        {
                          "Node Type": "Seq Scan",
                          "Parent Relationship": "Outer",
                          "Relation Name": "store",
                          "Alias": "store",
                          "Startup Cost": 0.00,
                          "Total Cost": 1.12,
                          "Plan Rows": 12,
                          "Plan Width": 287,
                          "Actual Startup Time": 0.001,
                          "Actual Total Time": 0.002,
                          "Actual Rows": 12,
                          "Actual Loops": 1
                        }
                      ]
                    }
                  ]
                }
              ]
            }
          ]
        },
        {
          "Node Type": "Seq Scan",
          "Parent Relationship": "Inner",
          "Relation Name": "customer_demographics",
          "Alias": "customer_demographics",
          "Startup Cost": 0.00,
          "Total Cost": 50640.00,
          "Plan Rows": 53196,
          "Plan Width": 56,
          "Actual Startup Time": 0.005,
          "Actual Total Time": 217.159,
          "Actual Rows": 54880,
          "Actual Loops": 14,
          "Filter": "((cd_marital_status = 'M'::bpchar) AND (cd_education_status = '2 yr Degree'::bpchar))",
          "Rows Removed by Filter": 1865920
        }
      ]
    },
    "Triggers": [
    ],
    "Total Runtime": 3591.101
  }
]
