[
  {
    "Plan": {
      "Node Type": "Nested Loop",
      "Join Type": "Inner",
      "Startup Cost": 2475.92,
      "Total Cost": 168326.97,
      "Plan Rows": 1,
      "Plan Width": 753,
      "Actual Startup Time": 1067.507,
      "Actual Total Time": 14292.751,
      "Actual Rows": 3,
      "Actual Loops": 1,
      "Join Filter": "(store_sales.ss_cdemo_sk = customer_demographics.cd_demo_sk)",
      "Rows Removed by Join Filter": 3402557,
      "Plans": [
        {
          "Node Type": "Nested Loop",
          "Parent Relationship": "Outer",
          "Join Type": "Inner",
          "Startup Cost": 2475.92,
          "Total Cost": 117011.07,
          "Plan Rows": 1,
          "Plan Width": 697,
          "Actual Startup Time": 654.652,
          "Actual Total Time": 1626.260,
          "Actual Rows": 62,
          "Actual Loops": 1,
          "Join Filter": "(store_sales.ss_addr_sk = customer_address.ca_address_sk)",
          "Rows Removed by Join Filter": 4954132,
          "Plans": [
            {
              "Node Type": "Seq Scan",
              "Parent Relationship": "Outer",
              "Relation Name": "customer_address",
              "Alias": "customer_address",
              "Startup Cost": 0.00,
              "Total Cost": 1899.50,
              "Plan Rows": 3912,
              "Plan Width": 145,
              "Actual Startup Time": 0.011,
              "Actual Total Time": 11.404,
              "Actual Rows": 4018,
              "Actual Loops": 1,
              "Filter": "(((ca_country)::text = 'United States'::text) AND (ca_state = ANY ('{MN,IA,OK}'::bpchar[])))",
              "Rows Removed by Filter": 45982
            },
            {
              "Node Type": "Materialize",
              "Parent Relationship": "Inner",
              "Startup Cost": 2475.92,
              "Total Cost": 114172.73,
              "Plan Rows": 16,
              "Plan Width": 552,
              "Actual Startup Time": 0.003,
              "Actual Total Time": 0.305,
              "Actual Rows": 1233,
              "Actual Loops": 4018,
              "Plans": [
                {
                  "Node Type": "Hash Join",
                  "Parent Relationship": "Outer",
                  "Join Type": "Inner",
                  "Startup Cost": 2475.92,
                  "Total Cost": 114172.65,
                  "Plan Rows": 16,
                  "Plan Width": 552,
                  "Actual Startup Time": 6.881,
                  "Actual Total Time": 575.942,
                  "Actual Rows": 1233,
                  "Actual Loops": 1,
                  "Hash Cond": "(store_sales.ss_store_sk = store.s_store_sk)",
                  "Plans": [
                    {
                      "Node Type": "Hash Join",
                      "Parent Relationship": "Outer",
                      "Join Type": "Inner",
                      "Startup Cost": 2474.65,
                      "Total Cost": 114171.16,
                      "Plan Rows": 17,
                      "Plan Width": 265,
                      "Actual Startup Time": 6.873,
                      "Actual Total Time": 575.093,
                      "Actual Rows": 1233,
                      "Actual Loops": 1,
                      "Hash Cond": "(store_sales.ss_hdemo_sk = household_demographics.hd_demo_sk)",
                      "Plans": [
                        {
                          "Node Type": "Hash Join",
                          "Parent Relationship": "Outer",
                          "Join Type": "Inner",
                          "Startup Cost": 2322.65,
                          "Total Cost": 114018.31,
                          "Plan Rows": 181,
                          "Plan Width": 233,
                          "Actual Startup Time": 6.058,
                          "Actual Total Time": 572.709,
                          "Actual Rows": 12049,
                          "Actual Loops": 1,
                          "Hash Cond": "(store_sales.ss_sold_date_sk = date_dim.d_date_sk)",
                          "Plans": [
                            {
                              "Node Type": "Seq Scan",
                              "Parent Relationship": "Outer",
                              "Relation Name": "store_sales",
                              "Alias": "store_sales",
                              "Startup Cost": 0.00,
                              "Total Cost": 111550.98,
                              "Plan Rows": 38098,
                              "Plan Width": 115,
                              "Actual Startup Time": 0.020,
                              "Actual Total Time": 556.347,
                              "Actual Rows": 60056,
                              "Actual Loops": 1,
                              "Filter": "((ss_sales_price >= 50.00) AND (ss_sales_price <= 100.00) AND (ss_net_profit >= 50::numeric) AND (ss_net_profit <= 250::numeric))",
                              "Rows Removed by Filter": 2562558
                            },
                            {
                              "Node Type": "Hash",
                              "Parent Relationship": "Inner",
                              "Startup Cost": 2318.11,
                              "Total Cost": 2318.11,
                              "Plan Rows": 363,
                              "Plan Width": 118,
                              "Actual Startup Time": 6.020,
                              "Actual Total Time": 6.020,
                              "Actual Rows": 365,
                              "Actual Loops": 1,
                              "Hash Buckets": 1024,
                              "Hash Batches": 1,
                              "Original Hash Batches": 1,
                              "Peak Memory Usage": 55,
                              "Plans": [
                                {
                                  "Node Type": "Seq Scan",
                                  "Parent Relationship": "Outer",
                                  "Relation Name": "date_dim",
                                  "Alias": "date_dim",
                                  "Startup Cost": 0.00,
                                  "Total Cost": 2318.11,
                                  "Plan Rows": 363,
                                  "Plan Width": 118,
                                  "Actual Startup Time": 3.071,
                                  "Actual Total Time": 5.992,
                                  "Actual Rows": 365,
                                  "Actual Loops": 1,
                                  "Filter": "(d_year = 2001)",
                                  "Rows Removed by Filter": 72684
                                }
                              ]
                            }
                          ]
                        },
                        {
                          "Node Type": "Hash",
                          "Parent Relationship": "Inner",
                          "Startup Cost": 143.00,
                          "Total Cost": 143.00,
                          "Plan Rows": 720,
                          "Plan Width": 32,
                          "Actual Startup Time": 0.600,
                          "Actual Total Time": 0.600,
                          "Actual Rows": 720,
                          "Actual Loops": 1,
                          "Hash Buckets": 1024,
                          "Hash Batches": 1,
                          "Original Hash Batches": 1,
                          "Peak Memory Usage": 45,
                          "Plans": [
                            {
                              "Node Type": "Seq Scan",
                              "Parent Relationship": "Outer",
                              "Relation Name": "household_demographics",
                              "Alias": "household_demographics",
                              "Startup Cost": 0.00,
                              "Total Cost": 143.00,
                              "Plan Rows": 720,
                              "Plan Width": 32,
                              "Actual Startup Time": 0.009,
                              "Actual Total Time": 0.537,
                              "Actual Rows": 720,
                              "Actual Loops": 1,
                              "Filter": "(hd_dep_count = 1)",
                              "Rows Removed by Filter": 6480
                            }
                          ]
                        }
                      ]
                    },
                    {
                      "Node Type": "Hash",
                      "Parent Relationship": "Inner",
                      "Startup Cost": 1.12,
                      "Total Cost": 1.12,
                      "Plan Rows": 12,
                      "Plan Width": 287,
                      "Actual Startup Time": 0.004,
                      "Actual Total Time": 0.004,
                      "Actual Rows": 12,
                      "Actual Loops": 1,
                      "Hash Buckets": 1024,
                      "Hash Batches": 1,
                      "Original Hash Batches": 1,
                      "Peak Memory Usage": 4,
                      "Plans": [
                        {
                          "Node Type": "Seq Scan",
                          "Parent Relationship": "Outer",
                          "Relation Name": "store",
                          "Alias": "store",
                          "Startup Cost": 0.00,
                          "Total Cost": 1.12,
                          "Plan Rows": 12,
                          "Plan Width": 287,
                          "Actual Startup Time": 0.001,
                          "Actual Total Time": 0.001,
                          "Actual Rows": 12,
                          "Actual Loops": 1
                        }
                      ]
                    }
                  ]
                }
              ]
            }
          ]
        },
        {
          "Node Type": "Seq Scan",
          "Parent Relationship": "Inner",
          "Relation Name": "customer_demographics",
          "Alias": "customer_demographics",
          "Startup Cost": 0.00,
          "Total Cost": 50640.00,
          "Plan Rows": 54072,
          "Plan Width": 56,
          "Actual Startup Time": 0.006,
          "Actual Total Time": 201.046,
          "Actual Rows": 54880,
          "Actual Loops": 62,
          "Filter": "((cd_marital_status = 'U'::bpchar) AND (cd_education_status = '4 yr Degree'::bpchar))",
          "Rows Removed by Filter": 1865920
        }
      ]
    },
    "Triggers": [
    ],
    "Total Runtime": 14293.006
  }
]
