[
  {
    "Plan": {
      "Node Type": "Hash Join",
      "Parallel Aware": false,
      "Join Type": "Inner",
      "Startup Cost": 5924.17,
      "Total Cost": 63130.89,
      "Plan Rows": 22,
      "Plan Width": 0,
      "Actual Startup Time": 42.674,
      "Actual Total Time": 263.510,
      "Actual Rows": 1037,
      "Actual Loops": 1,
      "Hash Cond": "(catalog_sales.cs_bill_addr_sk = customer_address.ca_address_sk)",
      "Plans": [
        {
          "Node Type": "Hash Join",
          "Parent Relationship": "Outer",
          "Parallel Aware": false,
          "Join Type": "Inner",
          "Startup Cost": 3984.45,
          "Total Cost": 61190.72,
          "Plan Rows": 60,
          "Plan Width": 4,
          "Actual Startup Time": 28.816,
          "Actual Total Time": 248.971,
          "Actual Rows": 2813,
          "Actual Loops": 1,
          "Hash Cond": "(catalog_sales.cs_item_sk = item.i_item_sk)",
          "Plans": [
            {
              "Node Type": "Hash Join",
              "Parent Relationship": "Outer",
              "Parallel Aware": false,
              "Join Type": "Inner",
              "Startup Cost": 2501.12,
              "Total Cost": 59704.52,
              "Plan Rows": 606,
              "Plan Width": 8,
              "Actual Startup Time": 12.800,
              "Actual Total Time": 240.009,
              "Actual Rows": 29193,
              "Actual Loops": 1,
              "Hash Cond": "(catalog_sales.cs_sold_date_sk = date_dim.d_date_sk)",
              "Plans": [
                {
                  "Node Type": "Seq Scan",
                  "Parent Relationship": "Outer",
                  "Parallel Aware": false,
                  "Relation Name": "catalog_sales",
                  "Alias": "catalog_sales",
                  "Startup Cost": 0.00,
                  "Total Cost": 51844.70,
                  "Plan Rows": 1427370,
                  "Plan Width": 12,
                  "Actual Startup Time": 0.006,
                  "Actual Total Time": 121.705,
                  "Actual Rows": 1343336,
                  "Actual Loops": 1
                },
                {
                  "Node Type": "Hash",
                  "Parent Relationship": "Inner",
                  "Parallel Aware": false,
                  "Startup Cost": 2500.73,
                  "Total Cost": 2500.73,
                  "Plan Rows": 31,
                  "Plan Width": 4,
                  "Actual Startup Time": 8.903,
                  "Actual Total Time": 8.903,
                  "Actual Rows": 31,
                  "Actual Loops": 1,
                  "Hash Buckets": 1024,
                  "Original Hash Buckets": 1024,
                  "Hash Batches": 1,
                  "Original Hash Batches": 1,
                  "Peak Memory Usage": 10,
                  "Plans": [
                    {
                      "Node Type": "Seq Scan",
                      "Parent Relationship": "Outer",
                      "Parallel Aware": false,
                      "Relation Name": "date_dim",
                      "Alias": "date_dim",
                      "Startup Cost": 0.00,
                      "Total Cost": 2500.73,
                      "Plan Rows": 31,
                      "Plan Width": 4,
                      "Actual Startup Time": 4.317,
                      "Actual Total Time": 8.899,
                      "Actual Rows": 31,
                      "Actual Loops": 1,
                      "Filter": "((d_year = 1998) AND (d_moy = 8))",
                      "Rows Removed by Filter": 73018
                    }
                  ]
                }
              ]
            },
            {
              "Node Type": "Hash",
              "Parent Relationship": "Inner",
              "Parallel Aware": false,
              "Startup Cost": 1461.00,
              "Total Cost": 1461.00,
              "Plan Rows": 1786,
              "Plan Width": 4,
              "Actual Startup Time": 5.809,
              "Actual Total Time": 5.809,
              "Actual Rows": 1786,
              "Actual Loops": 1,
              "Hash Buckets": 2048,
              "Original Hash Buckets": 2048,
              "Hash Batches": 1,
              "Original Hash Batches": 1,
              "Peak Memory Usage": 79,
              "Plans": [
                {
                  "Node Type": "Seq Scan",
                  "Parent Relationship": "Outer",
                  "Parallel Aware": false,
                  "Relation Name": "item",
                  "Alias": "item",
                  "Startup Cost": 0.00,
                  "Total Cost": 1461.00,
                  "Plan Rows": 1786,
                  "Plan Width": 4,
                  "Actual Startup Time": 0.009,
                  "Actual Total Time": 5.543,
                  "Actual Rows": 1786,
                  "Actual Loops": 1,
                  "Filter": "(i_category = 'Children'::bpchar)",
                  "Rows Removed by Filter": 16214
                }
              ]
            }
          ]
        },
        {
          "Node Type": "Hash",
          "Parent Relationship": "Inner",
          "Parallel Aware": false,
          "Startup Cost": 1712.00,
          "Total Cost": 1712.00,
          "Plan Rows": 18218,
          "Plan Width": 4,
          "Actual Startup Time": 13.831,
          "Actual Total Time": 13.831,
          "Actual Rows": 18246,
          "Actual Loops": 1,
          "Hash Buckets": 32768,
          "Original Hash Buckets": 32768,
          "Hash Batches": 1,
          "Original Hash Batches": 1,
          "Peak Memory Usage": 898,
          "Plans": [
            {
              "Node Type": "Seq Scan",
              "Parent Relationship": "Outer",
              "Parallel Aware": false,
              "Relation Name": "customer_address",
              "Alias": "customer_address",
              "Startup Cost": 0.00,
              "Total Cost": 1712.00,
              "Plan Rows": 18218,
              "Plan Width": 4,
              "Actual Startup Time": 0.017,
              "Actual Total Time": 11.404,
              "Actual Rows": 18246,
              "Actual Loops": 1,
              "Filter": "(ca_gmt_offset = '-5'::numeric)",
              "Rows Removed by Filter": 31754
            }
          ]
        }
      ]
    },
    "Planning Time": 2.262,
    "Triggers": [
    ],
    "Execution Time": 263.581
  }
]
