[
  {
    "Plan": {
      "Node Type": "Hash Join",
      "Parallel Aware": false,
      "Join Type": "Inner",
      "Startup Cost": 82371.16,
      "Total Cost": 147395.58,
      "Plan Rows": 5354,
      "Plan Width": 0,
      "Actual Startup Time": 691.531,
      "Actual Total Time": 1140.215,
      "Actual Rows": 149712,
      "Actual Loops": 1,
      "Hash Cond": "(customer.c_current_cdemo_sk = customer_demographics.cd_demo_sk)",
      "Plans": [
        {
          "Node Type": "Hash Join",
          "Parent Relationship": "Outer",
          "Parallel Aware": false,
          "Join Type": "Inner",
          "Startup Cost": 9821.16,
          "Total Cost": 67219.27,
          "Plan Rows": 5354,
          "Plan Width": 4,
          "Actual Startup Time": 178.701,
          "Actual Total Time": 366.968,
          "Actual Rows": 149712,
          "Actual Loops": 1,
          "Hash Cond": "(customer.c_current_addr_sk = customer_address.ca_address_sk)",
          "Plans": [
            {
              "Node Type": "Hash Join",
              "Parent Relationship": "Outer",
              "Parallel Aware": false,
              "Join Type": "Inner",
              "Startup Cost": 7609.16,
              "Total Cost": 64933.65,
              "Plan Rows": 5354,
              "Plan Width": 8,
              "Actual Startup Time": 166.268,
              "Actual Total Time": 322.633,
              "Actual Rows": 149712,
              "Actual Loops": 1,
              "Hash Cond": "(catalog_sales.cs_ship_customer_sk = customer.c_customer_sk)",
              "Plans": [
                {
                  "Node Type": "Hash Join",
                  "Parent Relationship": "Outer",
                  "Parallel Aware": false,
                  "Join Type": "Inner",
                  "Startup Cost": 2504.16,
                  "Total Cost": 59755.04,
                  "Plan Rows": 5354,
                  "Plan Width": 4,
                  "Actual Startup Time": 134.564,
                  "Actual Total Time": 258.399,
                  "Actual Rows": 149712,
                  "Actual Loops": 1,
                  "Hash Cond": "(catalog_sales.cs_sold_date_sk = date_dim.d_date_sk)",
                  "Plans": [
                    {
                      "Node Type": "Seq Scan",
                      "Parent Relationship": "Outer",
                      "Parallel Aware": false,
                      "Relation Name": "catalog_sales",
                      "Alias": "catalog_sales",
                      "Startup Cost": 0.00,
                      "Total Cost": 51844.70,
                      "Plan Rows": 1427370,
                      "Plan Width": 8,
                      "Actual Startup Time": 0.006,
                      "Actual Total Time": 122.813,
                      "Actual Rows": 1343336,
                      "Actual Loops": 1
                    },
                    {
                      "Node Type": "Hash",
                      "Parent Relationship": "Inner",
                      "Parallel Aware": false,
                      "Startup Cost": 2500.73,
                      "Total Cost": 2500.73,
                      "Plan Rows": 274,
                      "Plan Width": 4,
                      "Actual Startup Time": 11.802,
                      "Actual Total Time": 11.802,
                      "Actual Rows": 274,
                      "Actual Loops": 1,
                      "Hash Buckets": 1024,
                      "Original Hash Buckets": 1024,
                      "Hash Batches": 1,
                      "Original Hash Batches": 1,
                      "Peak Memory Usage": 18,
                      "Plans": [
                        {
                          "Node Type": "Seq Scan",
                          "Parent Relationship": "Outer",
                          "Parallel Aware": false,
                          "Relation Name": "date_dim",
                          "Alias": "date_dim",
                          "Startup Cost": 0.00,
                          "Total Cost": 2500.73,
                          "Plan Rows": 274,
                          "Plan Width": 4,
                          "Actual Startup Time": 6.175,
                          "Actual Total Time": 11.774,
                          "Actual Rows": 274,
                          "Actual Loops": 1,
                          "Filter": "((d_qoy < 4) AND (d_year = 2001))",
                          "Rows Removed by Filter": 72775
                        }
                      ]
                    }
                  ]
                },
                {
                  "Node Type": "Hash",
                  "Parent Relationship": "Inner",
                  "Parallel Aware": false,
                  "Startup Cost": 3855.00,
                  "Total Cost": 3855.00,
                  "Plan Rows": 100000,
                  "Plan Width": 12,
                  "Actual Startup Time": 31.639,
                  "Actual Total Time": 31.639,
                  "Actual Rows": 94736,
                  "Actual Loops": 1,
                  "Hash Buckets": 131072,
                  "Original Hash Buckets": 131072,
                  "Hash Batches": 1,
                  "Original Hash Batches": 1,
                  "Peak Memory Usage": 5095,
                  "Plans": [
                    {
                      "Node Type": "Seq Scan",
                      "Parent Relationship": "Outer",
                      "Parallel Aware": false,
                      "Relation Name": "customer",
                      "Alias": "customer",
                      "Startup Cost": 0.00,
                      "Total Cost": 3855.00,
                      "Plan Rows": 100000,
                      "Plan Width": 12,
                      "Actual Startup Time": 0.009,
                      "Actual Total Time": 15.372,
                      "Actual Rows": 94736,
                      "Actual Loops": 1
                    }
                  ]
                }
              ]
            },
            {
              "Node Type": "Hash",
              "Parent Relationship": "Inner",
              "Parallel Aware": false,
              "Startup Cost": 1587.00,
              "Total Cost": 1587.00,
              "Plan Rows": 50000,
              "Plan Width": 4,
              "Actual Startup Time": 12.406,
              "Actual Total Time": 12.406,
              "Actual Rows": 50000,
              "Actual Loops": 1,
              "Hash Buckets": 65536,
              "Original Hash Buckets": 65536,
              "Hash Batches": 1,
              "Original Hash Batches": 1,
              "Peak Memory Usage": 2270,
              "Plans": [
                {
                  "Node Type": "Seq Scan",
                  "Parent Relationship": "Outer",
                  "Parallel Aware": false,
                  "Relation Name": "customer_address",
                  "Alias": "customer_address",
                  "Startup Cost": 0.00,
                  "Total Cost": 1587.00,
                  "Plan Rows": 50000,
                  "Plan Width": 4,
                  "Actual Startup Time": 0.004,
                  "Actual Total Time": 6.271,
                  "Actual Rows": 50000,
                  "Actual Loops": 1
                }
              ]
            }
          ]
        },
        {
          "Node Type": "Hash",
          "Parent Relationship": "Inner",
          "Parallel Aware": false,
          "Startup Cost": 41036.00,
          "Total Cost": 41036.00,
          "Plan Rows": 1920800,
          "Plan Width": 4,
          "Actual Startup Time": 505.319,
          "Actual Total Time": 505.319,
          "Actual Rows": 1920800,
          "Actual Loops": 1,
          "Hash Buckets": 2097152,
          "Original Hash Buckets": 2097152,
          "Hash Batches": 4,
          "Original Hash Batches": 4,
          "Peak Memory Usage": 33254,
          "Plans": [
            {
              "Node Type": "Seq Scan",
              "Parent Relationship": "Outer",
              "Parallel Aware": false,
              "Relation Name": "customer_demographics",
              "Alias": "customer_demographics",
              "Startup Cost": 0.00,
              "Total Cost": 41036.00,
              "Plan Rows": 1920800,
              "Plan Width": 4,
              "Actual Startup Time": 0.011,
              "Actual Total Time": 203.545,
              "Actual Rows": 1920800,
              "Actual Loops": 1
            }
          ]
        }
      ]
    },
    "Planning Time": 0.371,
    "Triggers": [
    ],
    "Execution Time": 1145.638
  }
]
