[
  {
    "Plan": {
      "Node Type": "Hash Join",
      "Parallel Aware": false,
      "Join Type": "Inner",
      "Startup Cost": 62558.52,
      "Total Cost": 119857.76,
      "Plan Rows": 11,
      "Plan Width": 0,
      "Actual Startup Time": 504.226,
      "Actual Total Time": 673.867,
      "Actual Rows": 321,
      "Actual Loops": 1,
      "Hash Cond": "(catalog_sales.cs_bill_cdemo_sk = customer_demographics.cd_demo_sk)",
      "Plans": [
        {
          "Node Type": "Hash Join",
          "Parent Relationship": "Outer",
          "Parallel Aware": false,
          "Join Type": "Inner",
          "Startup Cost": 10227.51,
          "Total Cost": 67526.06,
          "Plan Rows": 155,
          "Plan Width": 4,
          "Actual Startup Time": 193.056,
          "Actual Total Time": 365.732,
          "Actual Rows": 5885,
          "Actual Loops": 1,
          "Hash Cond": "(catalog_sales.cs_item_sk = item.i_item_sk)",
          "Plans": [
            {
              "Node Type": "Hash Join",
              "Parent Relationship": "Outer",
              "Parallel Aware": false,
              "Join Type": "Inner",
              "Startup Cost": 8586.51,
              "Total Cost": 65882.93,
              "Plan Rows": 155,
              "Plan Width": 8,
              "Actual Startup Time": 186.880,
              "Actual Total Time": 357.125,
              "Actual Rows": 5885,
              "Actual Loops": 1,
              "Hash Cond": "(catalog_sales.cs_bill_customer_sk = customer.c_customer_sk)",
              "Plans": [
                {
                  "Node Type": "Hash Join",
                  "Parent Relationship": "Outer",
                  "Parallel Aware": false,
                  "Join Type": "Inner",
                  "Startup Cost": 2322.65,
                  "Total Cost": 59590.92,
                  "Plan Rows": 7093,
                  "Plan Width": 12,
                  "Actual Startup Time": 140.070,
                  "Actual Total Time": 298.902,
                  "Actual Rows": 268715,
                  "Actual Loops": 1,
                  "Hash Cond": "(catalog_sales.cs_sold_date_sk = date_dim.d_date_sk)",
                  "Plans": [
                    {
                      "Node Type": "Seq Scan",
                      "Parent Relationship": "Outer",
                      "Parallel Aware": false,
                      "Relation Name": "catalog_sales",
                      "Alias": "catalog_sales",
                      "Startup Cost": 0.00,
                      "Total Cost": 51844.70,
                      "Plan Rows": 1427370,
                      "Plan Width": 16,
                      "Actual Startup Time": 0.009,
                      "Actual Total Time": 128.521,
                      "Actual Rows": 1343336,
                      "Actual Loops": 1
                    },
                    {
                      "Node Type": "Hash",
                      "Parent Relationship": "Inner",
                      "Parallel Aware": false,
                      "Startup Cost": 2318.11,
                      "Total Cost": 2318.11,
                      "Plan Rows": 363,
                      "Plan Width": 4,
                      "Actual Startup Time": 10.516,
                      "Actual Total Time": 10.516,
                      "Actual Rows": 365,
                      "Actual Loops": 1,
                      "Hash Buckets": 1024,
                      "Original Hash Buckets": 1024,
                      "Hash Batches": 1,
                      "Original Hash Batches": 1,
                      "Peak Memory Usage": 21,
                      "Plans": [
                        {
                          "Node Type": "Seq Scan",
                          "Parent Relationship": "Outer",
                          "Parallel Aware": false,
                          "Relation Name": "date_dim",
                          "Alias": "date_dim",
                          "Startup Cost": 0.00,
                          "Total Cost": 2318.11,
                          "Plan Rows": 363,
                          "Plan Width": 4,
                          "Actual Startup Time": 5.791,
                          "Actual Total Time": 10.476,
                          "Actual Rows": 365,
                          "Actual Loops": 1,
                          "Filter": "(d_year = 2001)",
                          "Rows Removed by Filter": 72684
                        }
                      ]
                    }
                  ]
                },
                {
                  "Node Type": "Hash",
                  "Parent Relationship": "Inner",
                  "Parallel Aware": false,
                  "Startup Cost": 6236.47,
                  "Total Cost": 6236.47,
                  "Plan Rows": 2191,
                  "Plan Width": 4,
                  "Actual Startup Time": 36.183,
                  "Actual Total Time": 36.183,
                  "Actual Rows": 2122,
                  "Actual Loops": 1,
                  "Hash Buckets": 4096,
                  "Original Hash Buckets": 4096,
                  "Hash Batches": 1,
                  "Original Hash Batches": 1,
                  "Peak Memory Usage": 107,
                  "Plans": [
                    {
                      "Node Type": "Hash Join",
                      "Parent Relationship": "Outer",
                      "Parallel Aware": false,
                      "Join Type": "Inner",
                      "Startup Cost": 1893.22,
                      "Total Cost": 6236.47,
                      "Plan Rows": 2191,
                      "Plan Width": 4,
                      "Actual Startup Time": 12.101,
                      "Actual Total Time": 35.709,
                      "Actual Rows": 2122,
                      "Actual Loops": 1,
                      "Hash Cond": "(customer.c_current_addr_sk = customer_address.ca_address_sk)",
                      "Plans": [
                        {
                          "Node Type": "Seq Scan",
                          "Parent Relationship": "Outer",
                          "Parallel Aware": false,
                          "Relation Name": "customer",
                          "Alias": "customer",
                          "Startup Cost": 0.00,
                          "Total Cost": 4230.00,
                          "Plan Rows": 24357,
                          "Plan Width": 8,
                          "Actual Startup Time": 0.017,
                          "Actual Total Time": 20.263,
                          "Actual Rows": 23777,
                          "Actual Loops": 1,
                          "Filter": "(c_birth_month = ANY ('{4,3,7}'::integer[]))",
                          "Rows Removed by Filter": 70959
                        },
                        {
                          "Node Type": "Hash",
                          "Parent Relationship": "Inner",
                          "Parallel Aware": false,
                          "Startup Cost": 1837.00,
                          "Total Cost": 1837.00,
                          "Plan Rows": 4498,
                          "Plan Width": 4,
                          "Actual Startup Time": 12.072,
                          "Actual Total Time": 12.072,
                          "Actual Rows": 4464,
                          "Actual Loops": 1,
                          "Hash Buckets": 8192,
                          "Original Hash Buckets": 8192,
                          "Hash Batches": 1,
                          "Original Hash Batches": 1,
                          "Peak Memory Usage": 221,
                          "Plans": [
                            {
                              "Node Type": "Seq Scan",
                              "Parent Relationship": "Outer",
                              "Parallel Aware": false,
                              "Relation Name": "customer_address",
                              "Alias": "customer_address",
                              "Startup Cost": 0.00,
                              "Total Cost": 1837.00,
                              "Plan Rows": 4498,
                              "Plan Width": 4,
                              "Actual Startup Time": 0.007,
                              "Actual Total Time": 11.373,
                              "Actual Rows": 4464,
                              "Actual Loops": 1,
                              "Filter": "(ca_state = ANY ('{MO,CO,OH,NM}'::bpchar[]))",
                              "Rows Removed by Filter": 45536
                            }
                          ]
                        }
                      ]
                    }
                  ]
                }
              ]
            },
            {
              "Node Type": "Hash",
              "Parent Relationship": "Inner",
              "Parallel Aware": false,
              "Startup Cost": 1416.00,
              "Total Cost": 1416.00,
              "Plan Rows": 18000,
              "Plan Width": 4,
              "Actual Startup Time": 6.161,
              "Actual Total Time": 6.161,
              "Actual Rows": 18000,
              "Actual Loops": 1,
              "Hash Buckets": 32768,
              "Original Hash Buckets": 32768,
              "Hash Batches": 1,
              "Original Hash Batches": 1,
              "Peak Memory Usage": 889,
              "Plans": [
                {
                  "Node Type": "Seq Scan",
                  "Parent Relationship": "Outer",
                  "Parallel Aware": false,
                  "Relation Name": "item",
                  "Alias": "item",
                  "Startup Cost": 0.00,
                  "Total Cost": 1416.00,
                  "Plan Rows": 18000,
                  "Plan Width": 4,
                  "Actual Startup Time": 0.006,
                  "Actual Total Time": 3.453,
                  "Actual Rows": 18000,
                  "Actual Loops": 1
                }
              ]
            }
          ]
        },
        {
          "Node Type": "Hash",
          "Parent Relationship": "Inner",
          "Parallel Aware": false,
          "Startup Cost": 50640.00,
          "Total Cost": 50640.00,
          "Plan Rows": 135281,
          "Plan Width": 4,
          "Actual Startup Time": 306.569,
          "Actual Total Time": 306.569,
          "Actual Rows": 137200,
          "Actual Loops": 1,
          "Hash Buckets": 262144,
          "Original Hash Buckets": 262144,
          "Hash Batches": 1,
          "Original Hash Batches": 1,
          "Peak Memory Usage": 6872,
          "Plans": [
            {
              "Node Type": "Seq Scan",
              "Parent Relationship": "Outer",
              "Parallel Aware": false,
              "Relation Name": "customer_demographics",
              "Alias": "customer_demographics",
              "Startup Cost": 0.00,
              "Total Cost": 50640.00,
              "Plan Rows": 135281,
              "Plan Width": 4,
              "Actual Startup Time": 0.015,
              "Actual Total Time": 275.558,
              "Actual Rows": 137200,
              "Actual Loops": 1,
              "Filter": "((cd_gender = 'F'::bpchar) AND (cd_education_status = '4 yr Degree'::bpchar))",
              "Rows Removed by Filter": 1783600
            }
          ]
        }
      ]
    },
    "Planning Time": 0.534,
    "Triggers": [
    ],
    "Execution Time": 673.968
  }
]
