[
  {
    "Plan": {
      "Node Type": "Hash Join",
      "Parallel Aware": false,
      "Join Type": "Inner",
      "Startup Cost": 61443.11,
      "Total Cost": 108714.30,
      "Plan Rows": 234,
      "Plan Width": 0,
      "Actual Startup Time": 347.629,
      "Actual Total Time": 627.035,
      "Actual Rows": 9240,
      "Actual Loops": 1,
      "Hash Cond": "(catalog_sales.cs_item_sk = item.i_item_sk)",
      "Plans": [
        {
          "Node Type": "Hash Join",
          "Parent Relationship": "Outer",
          "Parallel Aware": false,
          "Join Type": "Inner",
          "Startup Cost": 59802.11,
          "Total Cost": 107070.09,
          "Plan Rows": 234,
          "Plan Width": 4,
          "Actual Startup Time": 328.401,
          "Actual Total Time": 604.204,
          "Actual Rows": 9240,
          "Actual Loops": 1,
          "Hash Cond": "(customer_demographics.cd_demo_sk = catalog_sales.cs_bill_cdemo_sk)",
          "Plans": [
            {
              "Node Type": "Seq Scan",
              "Parent Relationship": "Outer",
              "Parallel Aware": false,
              "Relation Name": "customer_demographics",
              "Alias": "customer_demographics",
              "Startup Cost": 0.00,
              "Total Cost": 45838.00,
              "Plan Rows": 380703,
              "Plan Width": 4,
              "Actual Startup Time": 0.029,
              "Actual Total Time": 225.992,
              "Actual Rows": 384160,
              "Actual Loops": 1,
              "Filter": "(cd_marital_status = 'M'::bpchar)",
              "Rows Removed by Filter": 1536640
            },
            {
              "Node Type": "Hash",
              "Parent Relationship": "Inner",
              "Parallel Aware": false,
              "Startup Cost": 59787.34,
              "Total Cost": 59787.34,
              "Plan Rows": 1182,
              "Plan Width": 8,
              "Actual Startup Time": 328.287,
              "Actual Total Time": 328.287,
              "Actual Rows": 45398,
              "Actual Loops": 1,
              "Hash Buckets": 65536,
              "Original Hash Buckets": 2048,
              "Hash Batches": 1,
              "Original Hash Batches": 1,
              "Peak Memory Usage": 2286,
              "Plans": [
                {
                  "Node Type": "Hash Join",
                  "Parent Relationship": "Outer",
                  "Parallel Aware": false,
                  "Join Type": "Inner",
                  "Startup Cost": 2480.65,
                  "Total Cost": 59787.34,
                  "Plan Rows": 1182,
                  "Plan Width": 8,
                  "Actual Startup Time": 21.384,
                  "Actual Total Time": 321.550,
                  "Actual Rows": 45398,
                  "Actual Loops": 1,
                  "Hash Cond": "(catalog_sales.cs_bill_hdemo_sk = household_demographics.hd_demo_sk)",
                  "Plans": [
                    {
                      "Node Type": "Hash Join",
                      "Parent Relationship": "Outer",
                      "Parallel Aware": false,
                      "Join Type": "Inner",
                      "Startup Cost": 2322.65,
                      "Total Cost": 59590.92,
                      "Plan Rows": 7093,
                      "Plan Width": 12,
                      "Actual Startup Time": 18.220,
                      "Actual Total Time": 293.671,
                      "Actual Rows": 267377,
                      "Actual Loops": 1,
                      "Hash Cond": "(catalog_sales.cs_sold_date_sk = date_dim.d_date_sk)",
                      "Plans": [
                        {
                          "Node Type": "Seq Scan",
                          "Parent Relationship": "Outer",
                          "Parallel Aware": false,
                          "Relation Name": "catalog_sales",
                          "Alias": "catalog_sales",
                          "Startup Cost": 0.00,
                          "Total Cost": 51844.70,
                          "Plan Rows": 1427370,
                          "Plan Width": 16,
                          "Actual Startup Time": 0.009,
                          "Actual Total Time": 123.009,
                          "Actual Rows": 1343336,
                          "Actual Loops": 1
                        },
                        {
                          "Node Type": "Hash",
                          "Parent Relationship": "Inner",
                          "Parallel Aware": false,
                          "Startup Cost": 2318.11,
                          "Total Cost": 2318.11,
                          "Plan Rows": 363,
                          "Plan Width": 4,
                          "Actual Startup Time": 18.194,
                          "Actual Total Time": 18.194,
                          "Actual Rows": 365,
                          "Actual Loops": 1,
                          "Hash Buckets": 1024,
                          "Original Hash Buckets": 1024,
                          "Hash Batches": 1,
                          "Original Hash Batches": 1,
                          "Peak Memory Usage": 21,
                          "Plans": [
                            {
                              "Node Type": "Seq Scan",
                              "Parent Relationship": "Outer",
                              "Parallel Aware": false,
                              "Relation Name": "date_dim",
                              "Alias": "date_dim",
                              "Startup Cost": 0.00,
                              "Total Cost": 2318.11,
                              "Plan Rows": 363,
                              "Plan Width": 4,
                              "Actual Startup Time": 11.676,
                              "Actual Total Time": 18.112,
                              "Actual Rows": 365,
                              "Actual Loops": 1,
                              "Filter": "(d_year = 1998)",
                              "Rows Removed by Filter": 72684
                            }
                          ]
                        }
                      ]
                    },
                    {
                      "Node Type": "Hash",
                      "Parent Relationship": "Inner",
                      "Parallel Aware": false,
                      "Startup Cost": 143.00,
                      "Total Cost": 143.00,
                      "Plan Rows": 1200,
                      "Plan Width": 4,
                      "Actual Startup Time": 3.133,
                      "Actual Total Time": 3.133,
                      "Actual Rows": 1200,
                      "Actual Loops": 1,
                      "Hash Buckets": 2048,
                      "Original Hash Buckets": 2048,
                      "Hash Batches": 1,
                      "Original Hash Batches": 1,
                      "Peak Memory Usage": 59,
                      "Plans": [
                        {
                          "Node Type": "Seq Scan",
                          "Parent Relationship": "Outer",
                          "Parallel Aware": false,
                          "Relation Name": "household_demographics",
                          "Alias": "household_demographics",
                          "Startup Cost": 0.00,
                          "Total Cost": 143.00,
                          "Plan Rows": 1200,
                          "Plan Width": 4,
                          "Actual Startup Time": 0.027,
                          "Actual Total Time": 2.653,
                          "Actual Rows": 1200,
                          "Actual Loops": 1,
                          "Filter": "(hd_buy_potential = 'from1001to5000'::bpchar)",
                          "Rows Removed by Filter": 6000
                        }
                      ]
                    }
                  ]
                }
              ]
            }
          ]
        },
        {
          "Node Type": "Hash",
          "Parent Relationship": "Inner",
          "Parallel Aware": false,
          "Startup Cost": 1416.00,
          "Total Cost": 1416.00,
          "Plan Rows": 18000,
          "Plan Width": 4,
          "Actual Startup Time": 19.160,
          "Actual Total Time": 19.160,
          "Actual Rows": 18000,
          "Actual Loops": 1,
          "Hash Buckets": 32768,
          "Original Hash Buckets": 32768,
          "Hash Batches": 1,
          "Original Hash Batches": 1,
          "Peak Memory Usage": 889,
          "Plans": [
            {
              "Node Type": "Seq Scan",
              "Parent Relationship": "Outer",
              "Parallel Aware": false,
              "Relation Name": "item",
              "Alias": "item",
              "Startup Cost": 0.00,
              "Total Cost": 1416.00,
              "Plan Rows": 18000,
              "Plan Width": 4,
              "Actual Startup Time": 0.026,
              "Actual Total Time": 10.062,
              "Actual Rows": 18000,
              "Actual Loops": 1
            }
          ]
        }
      ]
    },
    "Planning Time": 31.016,
    "Triggers": [
    ],
    "Execution Time": 627.791
  }
]
