[
  {
    "Plan": {
      "Node Type": "Aggregate",
      "Strategy": "Hashed",
      "Startup Cost": 1506.22,
      "Total Cost": 1506.27,
      "Plan Rows": 5,
      "Plan Width": 4,
      "Actual Startup Time": 15.689,
      "Actual Total Time": 15.689,
      "Actual Rows": 0,
      "Actual Loops": 1,
      "Plans": [
        {
          "Node Type": "Seq Scan",
          "Parent Relationship": "Outer",
          "Relation Name": "item",
          "Alias": "item",
          "Startup Cost": 0.00,
          "Total Cost": 1506.00,
          "Plan Rows": 90,
          "Plan Width": 4,
          "Actual Startup Time": 15.687,
          "Actual Total Time": 15.687,
          "Actual Rows": 0,
          "Actual Loops": 1,
          "Filter": "((i_current_price < 1.2) AND (i_current_price >= 1.4))",
          "Rows Removed by Filter": 18000
        }
      ]
    },
    "Triggers": [
    ],
    "Total Runtime": 15.734
  }
]
