[
  {
    "Plan": {
      "Node Type": "Aggregate",
      "Strategy": "Hashed",
      "Startup Cost": 2907867.19,
      "Total Cost": 2907946.22,
      "Plan Rows": 7903,
      "Plan Width": 102,
      "Actual Startup Time": 133630.488,
      "Actual Total Time": 133637.163,
      "Actual Rows": 30217,
      "Actual Loops": 1,
      "Group Key": ["item.i_item_desc"],
      "Plans": [
        {
          "Node Type": "Hash Join",
          "Parent Relationship": "Outer",
          "Join Type": "Inner",
          "Startup Cost": 20997.51,
          "Total Cost": 2907847.44,
          "Plan Rows": 7903,
          "Plan Width": 102,
          "Actual Startup Time": 1490.588,
          "Actual Total Time": 133482.200,
          "Actual Rows": 210862,
          "Actual Loops": 1,
          "Hash Cond": "(web_sales.ws_item_sk = item.i_item_sk)",
          "Plans": [
            {
              "Node Type": "Hash Join",
              "Parent Relationship": "Outer",
              "Join Type": "Inner",
              "Startup Cost": 2501.07,
              "Total Cost": 2887958.19,
              "Plan Rows": 26607,
              "Plan Width": 4,
              "Actual Startup Time": 8.095,
              "Actual Total Time": 131333.559,
              "Actual Rows": 705707,
              "Actual Loops": 1,
              "Hash Cond": "(web_sales.ws_sold_date_sk = date_dim.d_date_sk)",
              "Plans": [
                {
                  "Node Type": "Seq Scan",
                  "Parent Relationship": "Outer",
                  "Relation Name": "web_sales",
                  "Alias": "web_sales",
                  "Startup Cost": 0.00,
                  "Total Cost": 2615186.40,
                  "Plan Rows": 72001240,
                  "Plan Width": 8,
                  "Actual Startup Time": 0.002,
                  "Actual Total Time": 121821.433,
                  "Actual Rows": 71969891,
                  "Actual Loops": 1
                },
                {
                  "Node Type": "Hash",
                  "Parent Relationship": "Inner",
                  "Startup Cost": 2500.73,
                  "Total Cost": 2500.73,
                  "Plan Rows": 27,
                  "Plan Width": 4,
                  "Actual Startup Time": 8.039,
                  "Actual Total Time": 8.039,
                  "Actual Rows": 31,
                  "Actual Loops": 1,
                  "Hash Buckets": 1024,
                  "Original Hash Buckets": 1024,
                  "Hash Batches": 1,
                  "Original Hash Batches": 1,
                  "Peak Memory Usage": 10,
                  "Plans": [
                    {
                      "Node Type": "Seq Scan",
                      "Parent Relationship": "Outer",
                      "Relation Name": "date_dim",
                      "Alias": "date_dim",
                      "Startup Cost": 0.00,
                      "Total Cost": 2500.73,
                      "Plan Rows": 27,
                      "Plan Width": 4,
                      "Actual Startup Time": 3.447,
                      "Actual Total Time": 8.032,
                      "Actual Rows": 31,
                      "Actual Loops": 1,
                      "Filter": "((d_date >= '2001-01-12'::date) AND (d_date <= '2001-02-11'::date))",
                      "Rows Removed by Filter": 73018
                    }
                  ]
                }
              ]
            },
            {
              "Node Type": "Hash",
              "Parent Relationship": "Inner",
              "Startup Cost": 16733.00,
              "Total Cost": 16733.00,
              "Plan Rows": 60595,
              "Plan Width": 106,
              "Actual Startup Time": 1479.788,
              "Actual Total Time": 1479.788,
              "Actual Rows": 61071,
              "Actual Loops": 1,
              "Hash Buckets": 32768,
              "Original Hash Buckets": 32768,
              "Hash Batches": 4,
              "Original Hash Batches": 4,
              "Peak Memory Usage": 2358,
              "Plans": [
                {
                  "Node Type": "Seq Scan",
                  "Parent Relationship": "Outer",
                  "Relation Name": "item",
                  "Alias": "item",
                  "Startup Cost": 0.00,
                  "Total Cost": 16733.00,
                  "Plan Rows": 60595,
                  "Plan Width": 106,
                  "Actual Startup Time": 0.009,
                  "Actual Total Time": 1447.233,
                  "Actual Rows": 61071,
                  "Actual Loops": 1,
                  "Filter": "(i_category = ANY ('{Jewelry,Sports,Books}'::bpchar[]))",
                  "Rows Removed by Filter": 142929
                }
              ]
            }
          ]
        }
      ]
    },
    "Planning Time": 3.975,
    "Triggers": [
    ],
    "Execution Time": 133638.510
  }
]
