[
  {
    "Plan": {
      "Node Type": "Hash Join",
      "Join Type": "Inner",
      "Startup Cost": 22024.86,
      "Total Cost": 9463664.67,
      "Plan Rows": 2749294,
      "Plan Width": 12,
      "Actual Startup Time": 124.180,
      "Actual Total Time": 472600.454,
      "Actual Rows": 157106416,
      "Actual Loops": 1,
      "Hash Cond": "(store_sales.ss_item_sk = iss.i_item_sk)",
      "Plans": [
        {
          "Node Type": "Hash Join",
          "Parent Relationship": "Outer",
          "Join Type": "Inner",
          "Startup Cost": 2509.86,
          "Total Cost": 9383869.88,
          "Plan Rows": 2749294,
          "Plan Width": 4,
          "Actual Startup Time": 11.269,
          "Actual Total Time": 365807.352,
          "Actual Rows": 157106416,
          "Actual Loops": 1,
          "Hash Cond": "(store_sales.ss_sold_date_sk = d1.d_date_sk)",
          "Plans": [
            {
              "Node Type": "Seq Scan",
              "Parent Relationship": "Outer",
              "Relation Name": "store_sales",
              "Alias": "store_sales",
              "Startup Cost": 0.00,
              "Total Cost": 8273878.24,
              "Plan Rows": 287997024,
              "Plan Width": 8,
              "Actual Startup Time": 0.017,
              "Actual Total Time": 300582.232,
              "Actual Rows": 262286141,
              "Actual Loops": 1
            },
            {
              "Node Type": "Hash",
              "Parent Relationship": "Inner",
              "Startup Cost": 2500.73,
              "Total Cost": 2500.73,
              "Plan Rows": 730,
              "Plan Width": 4,
              "Actual Startup Time": 11.233,
              "Actual Total Time": 11.233,
              "Actual Rows": 1096,
              "Actual Loops": 1,
              "Hash Buckets": 2048,
              "Original Hash Buckets": 1024,
              "Hash Batches": 1,
              "Original Hash Batches": 1,
              "Peak Memory Usage": 55,
              "Plans": [
                {
                  "Node Type": "Seq Scan",
                  "Parent Relationship": "Outer",
                  "Relation Name": "date_dim",
                  "Alias": "d1",
                  "Startup Cost": 0.00,
                  "Total Cost": 2500.73,
                  "Plan Rows": 730,
                  "Plan Width": 4,
                  "Actual Startup Time": 4.963,
                  "Actual Total Time": 11.090,
                  "Actual Rows": 1096,
                  "Actual Loops": 1,
                  "Filter": "((d_year >= 1998) AND (d_year <= 2000))",
                  "Rows Removed by Filter": 71953
                }
              ]
            }
          ]
        },
        {
          "Node Type": "Hash",
          "Parent Relationship": "Inner",
          "Startup Cost": 15968.00,
          "Total Cost": 15968.00,
          "Plan Rows": 204000,
          "Plan Width": 16,
          "Actual Startup Time": 112.347,
          "Actual Total Time": 112.347,
          "Actual Rows": 204000,
          "Actual Loops": 1,
          "Hash Buckets": 131072,
          "Original Hash Buckets": 131072,
          "Hash Batches": 4,
          "Original Hash Batches": 4,
          "Peak Memory Usage": 3430,
          "Plans": [
            {
              "Node Type": "Seq Scan",
              "Parent Relationship": "Outer",
              "Relation Name": "item",
              "Alias": "iss",
              "Startup Cost": 0.00,
              "Total Cost": 15968.00,
              "Plan Rows": 204000,
              "Plan Width": 16,
              "Actual Startup Time": 0.002,
              "Actual Total Time": 76.983,
              "Actual Rows": 204000,
              "Actual Loops": 1
            }
          ]
        }
      ]
    },
    "Planning Time": 0.602,
    "Triggers": [
    ],
    "Execution Time": 477747.785
  }
]
