[
  {
    "Plan": {
      "Node Type": "Aggregate",
      "Strategy": "Hashed",
      "Startup Cost": 9357838.92,
      "Total Cost": 9357840.91,
      "Plan Rows": 199,
      "Plan Width": 17,
      "Actual Startup Time": 480839.232,
      "Actual Total Time": 480839.286,
      "Actual Rows": 198,
      "Actual Loops": 1,
      "Group Key": ["store.s_store_id"],
      "Plans": [
        {
          "Node Type": "Hash Join",
          "Parent Relationship": "Outer",
          "Join Type": "Inner",
          "Startup Cost": 2527.92,
          "Total Cost": 9357705.49,
          "Plan Rows": 53372,
          "Plan Width": 17,
          "Actual Startup Time": 43.773,
          "Actual Total Time": 479867.146,
          "Actual Rows": 2788333,
          "Actual Loops": 1,
          "Hash Cond": "(store_sales.ss_store_sk = store.s_store_sk)",
          "Plans": [
            {
              "Node Type": "Hash Join",
              "Parent Relationship": "Outer",
              "Join Type": "Inner",
              "Startup Cost": 2500.92,
              "Total Cost": 9356932.92,
              "Plan Rows": 56492,
              "Plan Width": 4,
              "Actual Startup Time": 10.228,
              "Actual Total Time": 478845.522,
              "Actual Rows": 2831200,
              "Actual Loops": 1,
              "Hash Cond": "(store_sales.ss_sold_date_sk = date_dim.d_date_sk)",
              "Plans": [
                {
                  "Node Type": "Seq Scan",
                  "Parent Relationship": "Outer",
                  "Relation Name": "store_sales",
                  "Alias": "store_sales",
                  "Startup Cost": 0.00,
                  "Total Cost": 8273878.24,
                  "Plan Rows": 287997024,
                  "Plan Width": 8,
                  "Actual Startup Time": 0.009,
                  "Actual Total Time": 444721.022,
                  "Actual Rows": 262286141,
                  "Actual Loops": 1
                },
                {
                  "Node Type": "Hash",
                  "Parent Relationship": "Inner",
                  "Startup Cost": 2500.73,
                  "Total Cost": 2500.73,
                  "Plan Rows": 15,
                  "Plan Width": 4,
                  "Actual Startup Time": 10.017,
                  "Actual Total Time": 10.017,
                  "Actual Rows": 15,
                  "Actual Loops": 1,
                  "Hash Buckets": 1024,
                  "Original Hash Buckets": 1024,
                  "Hash Batches": 1,
                  "Original Hash Batches": 1,
                  "Peak Memory Usage": 9,
                  "Plans": [
                    {
                      "Node Type": "Seq Scan",
                      "Parent Relationship": "Outer",
                      "Relation Name": "date_dim",
                      "Alias": "date_dim",
                      "Startup Cost": 0.00,
                      "Total Cost": 2500.73,
                      "Plan Rows": 15,
                      "Plan Width": 4,
                      "Actual Startup Time": 4.512,
                      "Actual Total Time": 10.007,
                      "Actual Rows": 15,
                      "Actual Loops": 1,
                      "Filter": "((d_date >= '1998-08-04'::date) AND (d_date <= '1998-08-18'::date))",
                      "Rows Removed by Filter": 73034
                    }
                  ]
                }
              ]
            },
            {
              "Node Type": "Hash",
              "Parent Relationship": "Inner",
              "Startup Cost": 22.02,
              "Total Cost": 22.02,
              "Plan Rows": 398,
              "Plan Width": 21,
              "Actual Startup Time": 33.520,
              "Actual Total Time": 33.520,
              "Actual Rows": 398,
              "Actual Loops": 1,
              "Hash Buckets": 1024,
              "Original Hash Buckets": 1024,
              "Hash Batches": 1,
              "Original Hash Batches": 1,
              "Peak Memory Usage": 30,
              "Plans": [
                {
                  "Node Type": "Seq Scan",
                  "Parent Relationship": "Outer",
                  "Relation Name": "store",
                  "Alias": "store",
                  "Startup Cost": 0.00,
                  "Total Cost": 22.02,
                  "Plan Rows": 398,
                  "Plan Width": 21,
                  "Actual Startup Time": 0.005,
                  "Actual Total Time": 33.434,
                  "Actual Rows": 398,
                  "Actual Loops": 1,
                  "Filter": "(s_rec_start_date >= '1997-03-13'::date)",
                  "Rows Removed by Filter": 4
                }
              ]
            }
          ]
        }
      ]
    },
    "Planning Time": 29.696,
    "Triggers": [
    ],
    "Execution Time": 480839.396
  }
]
