[
  {
    "Plan": {
      "Node Type": "Aggregate",
      "Strategy": "Hashed",
      "Startup Cost": 18903709.77,
      "Total Cost": 18903737.67,
      "Plan Rows": 2790,
      "Plan Width": 21,
      "Actual Startup Time": 732520.137,
      "Actual Total Time": 732521.112,
      "Actual Rows": 5164,
      "Actual Loops": 1,
      "Group Key": ["customer.c_first_name"],
      "Plans": [
        {
          "Node Type": "Hash Join",
          "Parent Relationship": "Outer",
          "Join Type": "Inner",
          "Startup Cost": 124534.94,
          "Total Cost": 18271417.51,
          "Plan Rows": 252916902,
          "Plan Width": 21,
          "Actual Startup Time": 994.646,
          "Actual Total Time": 682367.074,
          "Actual Rows": 253121898,
          "Actual Loops": 1,
          "Hash Cond": "(store_sales.ss_sold_date_sk = date_dim.d_date_sk)",
          "Plans": [
            {
              "Node Type": "Hash Join",
              "Parent Relationship": "Outer",
              "Join Type": "Inner",
              "Startup Cost": 121486.34,
              "Total Cost": 14746347.93,
              "Plan Rows": 264760523,
              "Plan Width": 25,
              "Actual Startup Time": 970.822,
              "Actual Total Time": 633527.921,
              "Actual Rows": 253121898,
              "Actual Loops": 1,
              "Hash Cond": "(store_sales.ss_customer_sk = customer.c_customer_sk)",
              "Plans": [
                {
                  "Node Type": "Seq Scan",
                  "Parent Relationship": "Outer",
                  "Relation Name": "store_sales",
                  "Alias": "store_sales",
                  "Startup Cost": 0.00,
                  "Total Cost": 8273878.24,
                  "Plan Rows": 287997024,
                  "Plan Width": 8,
                  "Actual Startup Time": 0.026,
                  "Actual Total Time": 454058.572,
                  "Actual Rows": 262286141,
                  "Actual Loops": 1
                },
                {
                  "Node Type": "Hash",
                  "Parent Relationship": "Inner",
                  "Startup Cost": 83542.76,
                  "Total Cost": 83542.76,
                  "Plan Rows": 1962286,
                  "Plan Width": 25,
                  "Actual Startup Time": 944.069,
                  "Actual Total Time": 944.069,
                  "Actual Rows": 1930014,
                  "Actual Loops": 1,
                  "Hash Buckets": 65536,
                  "Original Hash Buckets": 65536,
                  "Hash Batches": 64,
                  "Original Hash Batches": 64,
                  "Peak Memory Usage": 2278,
                  "Plans": [
                    {
                      "Node Type": "Seq Scan",
                      "Parent Relationship": "Outer",
                      "Relation Name": "customer",
                      "Alias": "customer",
                      "Startup Cost": 0.00,
                      "Total Cost": 83542.76,
                      "Plan Rows": 1962286,
                      "Plan Width": 25,
                      "Actual Startup Time": 0.014,
                      "Actual Total Time": 553.974,
                      "Actual Rows": 1930014,
                      "Actual Loops": 1,
                      "Filter": "(c_birth_year >= 1924)",
                      "Rows Removed by Filter": 69986
                    }
                  ]
                }
              ]
            },
            {
              "Node Type": "Hash",
              "Parent Relationship": "Inner",
              "Startup Cost": 2135.49,
              "Total Cost": 2135.49,
              "Plan Rows": 73049,
              "Plan Width": 4,
              "Actual Startup Time": 23.420,
              "Actual Total Time": 23.420,
              "Actual Rows": 73049,
              "Actual Loops": 1,
              "Hash Buckets": 131072,
              "Original Hash Buckets": 131072,
              "Hash Batches": 1,
              "Original Hash Batches": 1,
              "Peak Memory Usage": 3593,
              "Plans": [
                {
                  "Node Type": "Seq Scan",
                  "Parent Relationship": "Outer",
                  "Relation Name": "date_dim",
                  "Alias": "date_dim",
                  "Startup Cost": 0.00,
                  "Total Cost": 2135.49,
                  "Plan Rows": 73049,
                  "Plan Width": 4,
                  "Actual Startup Time": 0.005,
                  "Actual Total Time": 11.491,
                  "Actual Rows": 73049,
                  "Actual Loops": 1
                }
              ]
            }
          ]
        }
      ]
    },
    "Planning Time": 0.740,
    "Triggers": [
    ],
    "Execution Time": 732521.389
  }
]
