[
  {
    "Plan": {
      "Node Type": "Aggregate",
      "Strategy": "Hashed",
      "Startup Cost": 9548914.86,
      "Total Cost": 9548915.36,
      "Plan Rows": 50,
      "Plan Width": 3,
      "Actual Startup Time": 473597.134,
      "Actual Total Time": 473597.139,
      "Actual Rows": 52,
      "Actual Loops": 1,
      "Group Key": ["a.ca_state"],
      "Plans": [
        {
          "Node Type": "Hash Join",
          "Parent Relationship": "Outer",
          "Join Type": "Inner",
          "Startup Cost": 181109.83,
          "Total Cost": 9548888.52,
          "Plan Rows": 10536,
          "Plan Width": 3,
          "Actual Startup Time": 4429.212,
          "Actual Total Time": 473555.308,
          "Actual Rows": 231354,
          "Actual Loops": 1,
          "Hash Cond": "(c.c_current_addr_sk = a.ca_address_sk)",
          "Plans": [
            {
              "Node Type": "Hash Join",
              "Parent Relationship": "Outer",
              "Join Type": "Inner",
              "Startup Cost": 130950.92,
              "Total Cost": 9494705.54,
              "Plan Rows": 10855,
              "Plan Width": 4,
              "Actual Startup Time": 823.856,
              "Actual Total Time": 469557.152,
              "Actual Rows": 238499,
              "Actual Loops": 1,
              "Hash Cond": "(s.ss_customer_sk = c.c_customer_sk)",
              "Plans": [
                {
                  "Node Type": "Hash Join",
                  "Parent Relationship": "Outer",
                  "Join Type": "Inner",
                  "Startup Cost": 19052.95,
                  "Total Cost": 9374587.20,
                  "Plan Rows": 11363,
                  "Plan Width": 4,
                  "Actual Startup Time": 82.131,
                  "Actual Total Time": 467760.869,
                  "Actual Rows": 238499,
                  "Actual Loops": 1,
                  "Hash Cond": "(s.ss_item_sk = i.i_item_sk)",
                  "Plans": [
                    {
                      "Node Type": "Hash Join",
                      "Parent Relationship": "Outer",
                      "Join Type": "Inner",
                      "Startup Cost": 2318.49,
                      "Total Cost": 9357315.42,
                      "Plan Rows": 112985,
                      "Plan Width": 8,
                      "Actual Startup Time": 8.089,
                      "Actual Total Time": 466901.144,
                      "Actual Rows": 2405757,
                      "Actual Loops": 1,
                      "Hash Cond": "(s.ss_sold_date_sk = d.d_date_sk)",
                      "Plans": [
                        {
                          "Node Type": "Seq Scan",
                          "Parent Relationship": "Outer",
                          "Relation Name": "store_sales",
                          "Alias": "s",
                          "Startup Cost": 0.00,
                          "Total Cost": 8273878.24,
                          "Plan Rows": 287997024,
                          "Plan Width": 12,
                          "Actual Startup Time": 0.022,
                          "Actual Total Time": 431778.742,
                          "Actual Rows": 262286141,
                          "Actual Loops": 1
                        },
                        {
                          "Node Type": "Hash",
                          "Parent Relationship": "Inner",
                          "Startup Cost": 2318.11,
                          "Total Cost": 2318.11,
                          "Plan Rows": 30,
                          "Plan Width": 4,
                          "Actual Startup Time": 7.995,
                          "Actual Total Time": 7.995,
                          "Actual Rows": 29,
                          "Actual Loops": 1,
                          "Hash Buckets": 1024,
                          "Original Hash Buckets": 1024,
                          "Hash Batches": 1,
                          "Original Hash Batches": 1,
                          "Peak Memory Usage": 10,
                          "Plans": [
                            {
                              "Node Type": "Seq Scan",
                              "Parent Relationship": "Outer",
                              "Relation Name": "date_dim",
                              "Alias": "d",
                              "Startup Cost": 0.00,
                              "Total Cost": 2318.11,
                              "Plan Rows": 30,
                              "Plan Width": 4,
                              "Actual Startup Time": 3.961,
                              "Actual Total Time": 7.980,
                              "Actual Rows": 29,
                              "Actual Loops": 1,
                              "Filter": "(d_month_seq = 1201)",
                              "Rows Removed by Filter": 73020
                            }
                          ]
                        }
                      ]
                    },
                    {
                      "Node Type": "Hash",
                      "Parent Relationship": "Inner",
                      "Startup Cost": 16478.00,
                      "Total Cost": 16478.00,
                      "Plan Rows": 20517,
                      "Plan Width": 4,
                      "Actual Startup Time": 73.914,
                      "Actual Total Time": 73.914,
                      "Actual Rows": 20362,
                      "Actual Loops": 1,
                      "Hash Buckets": 32768,
                      "Original Hash Buckets": 32768,
                      "Hash Batches": 1,
                      "Original Hash Batches": 1,
                      "Peak Memory Usage": 972,
                      "Plans": [
                        {
                          "Node Type": "Seq Scan",
                          "Parent Relationship": "Outer",
                          "Relation Name": "item",
                          "Alias": "i",
                          "Startup Cost": 0.00,
                          "Total Cost": 16478.00,
                          "Plan Rows": 20517,
                          "Plan Width": 4,
                          "Actual Startup Time": 0.014,
                          "Actual Total Time": 70.142,
                          "Actual Rows": 20362,
                          "Actual Loops": 1,
                          "Filter": "(i_current_price > 10.8)",
                          "Rows Removed by Filter": 183638
                        }
                      ]
                    }
                  ]
                },
                {
                  "Node Type": "Hash",
                  "Parent Relationship": "Inner",
                  "Startup Cost": 78445.21,
                  "Total Cost": 78445.21,
                  "Plan Rows": 2039021,
                  "Plan Width": 8,
                  "Actual Startup Time": 721.788,
                  "Actual Total Time": 721.788,
                  "Actual Rows": 2000000,
                  "Actual Loops": 1,
                  "Hash Buckets": 131072,
                  "Original Hash Buckets": 131072,
                  "Hash Batches": 32,
                  "Original Hash Batches": 32,
                  "Peak Memory Usage": 3487,
                  "Plans": [
                    {
                      "Node Type": "Seq Scan",
                      "Parent Relationship": "Outer",
                      "Relation Name": "customer",
                      "Alias": "c",
                      "Startup Cost": 0.00,
                      "Total Cost": 78445.21,
                      "Plan Rows": 2039021,
                      "Plan Width": 8,
                      "Actual Startup Time": 0.012,
                      "Actual Total Time": 390.692,
                      "Actual Rows": 2000000,
                      "Actual Loops": 1
                    }
                  ]
                }
              ]
            },
            {
              "Node Type": "Hash",
              "Parent Relationship": "Inner",
              "Startup Cost": 34234.00,
              "Total Cost": 34234.00,
              "Plan Rows": 970633,
              "Plan Width": 7,
              "Actual Startup Time": 3525.269,
              "Actual Total Time": 3525.269,
              "Actual Rows": 969869,
              "Actual Loops": 1,
              "Hash Buckets": 131072,
              "Original Hash Buckets": 131072,
              "Hash Batches": 16,
              "Original Hash Batches": 16,
              "Peak Memory Usage": 3394,
              "Plans": [
                {
                  "Node Type": "Seq Scan",
                  "Parent Relationship": "Outer",
                  "Relation Name": "customer_address",
                  "Alias": "a",
                  "Startup Cost": 0.00,
                  "Total Cost": 34234.00,
                  "Plan Rows": 970633,
                  "Plan Width": 7,
                  "Actual Startup Time": 3.061,
                  "Actual Total Time": 3327.908,
                  "Actual Rows": 969869,
                  "Actual Loops": 1,
                  "Filter": "(ca_gmt_offset >= '-10.00'::numeric)",
                  "Rows Removed by Filter": 30131
                }
              ]
            }
          ]
        }
      ]
    },
    "Planning Time": 1.387,
    "Triggers": [
    ],
    "Execution Time": 473597.318
  }
]
