[
  {
    "Plan": {
      "Node Type": "Aggregate",
      "Strategy": "Hashed",
      "Startup Cost": 5917854.36,
      "Total Cost": 5917856.88,
      "Plan Rows": 252,
      "Plan Width": 11,
      "Actual Startup Time": 287570.627,
      "Actual Total Time": 287570.727,
      "Actual Rows": 966,
      "Actual Loops": 1,
      "Group Key": ["customer_address.ca_zip"],
      "Plans": [
        {
          "Node Type": "Hash Join",
          "Parent Relationship": "Outer",
          "Join Type": "Inner",
          "Startup Cost": 146068.53,
          "Total Cost": 5917820.27,
          "Plan Rows": 13638,
          "Plan Width": 11,
          "Actual Startup Time": 281009.298,
          "Actual Total Time": 287510.732,
          "Actual Rows": 325043,
          "Actual Loops": 1,
          "Hash Cond": "(catalog_sales.cs_bill_customer_sk = customer.c_customer_sk)",
          "Plans": [
            {
              "Node Type": "Hash Join",
              "Parent Relationship": "Outer",
              "Join Type": "Inner",
              "Startup Cost": 2501.86,
              "Total Cost": 5771302.14,
              "Plan Rows": 176554,
              "Plan Width": 4,
              "Actual Startup Time": 277535.349,
              "Actual Total Time": 283308.334,
              "Actual Rows": 4098990,
              "Actual Loops": 1,
              "Hash Cond": "(catalog_sales.cs_sold_date_sk = date_dim.d_date_sk)",
              "Plans": [
                {
                  "Node Type": "Seq Scan",
                  "Parent Relationship": "Outer",
                  "Relation Name": "catalog_sales",
                  "Alias": "catalog_sales",
                  "Startup Cost": 0.00,
                  "Total Cost": 5227045.72,
                  "Plan Rows": 143997072,
                  "Plan Width": 8,
                  "Actual Startup Time": 0.011,
                  "Actual Total Time": 264392.852,
                  "Actual Rows": 142569081,
                  "Actual Loops": 1
                },
                {
                  "Node Type": "Hash",
                  "Parent Relationship": "Inner",
                  "Startup Cost": 2500.73,
                  "Total Cost": 2500.73,
                  "Plan Rows": 90,
                  "Plan Width": 4,
                  "Actual Startup Time": 12.564,
                  "Actual Total Time": 12.564,
                  "Actual Rows": 91,
                  "Actual Loops": 1,
                  "Hash Buckets": 1024,
                  "Original Hash Buckets": 1024,
                  "Hash Batches": 1,
                  "Original Hash Batches": 1,
                  "Peak Memory Usage": 12,
                  "Plans": [
                    {
                      "Node Type": "Seq Scan",
                      "Parent Relationship": "Outer",
                      "Relation Name": "date_dim",
                      "Alias": "date_dim",
                      "Startup Cost": 0.00,
                      "Total Cost": 2500.73,
                      "Plan Rows": 90,
                      "Plan Width": 4,
                      "Actual Startup Time": 6.597,
                      "Actual Total Time": 12.547,
                      "Actual Rows": 91,
                      "Actual Loops": 1,
                      "Filter": "((d_qoy = 2) AND (d_year = 2000))",
                      "Rows Removed by Filter": 72958
                    }
                  ]
                }
              ]
            },
            {
              "Node Type": "Hash",
              "Parent Relationship": "Inner",
              "Startup Cost": 140815.82,
              "Total Cost": 140815.82,
              "Plan Rows": 158228,
              "Plan Width": 15,
              "Actual Startup Time": 3451.739,
              "Actual Total Time": 3451.739,
              "Actual Rows": 159292,
              "Actual Loops": 1,
              "Hash Buckets": 131072,
              "Original Hash Buckets": 131072,
              "Hash Batches": 4,
              "Original Hash Batches": 4,
              "Peak Memory Usage": 2863,
              "Plans": [
                {
                  "Node Type": "Hash Join",
                  "Parent Relationship": "Outer",
                  "Join Type": "Inner",
                  "Startup Cost": 36833.00,
                  "Total Cost": 140815.82,
                  "Plan Rows": 158228,
                  "Plan Width": 15,
                  "Actual Startup Time": 328.264,
                  "Actual Total Time": 3410.774,
                  "Actual Rows": 159292,
                  "Actual Loops": 1,
                  "Hash Cond": "(customer.c_current_addr_sk = customer_address.ca_address_sk)",
                  "Plans": [
                    {
                      "Node Type": "Seq Scan",
                      "Parent Relationship": "Outer",
                      "Relation Name": "customer",
                      "Alias": "customer",
                      "Startup Cost": 0.00,
                      "Total Cost": 78445.21,
                      "Plan Rows": 2039021,
                      "Plan Width": 8,
                      "Actual Startup Time": 0.005,
                      "Actual Total Time": 2249.557,
                      "Actual Rows": 2000000,
                      "Actual Loops": 1
                    },
                    {
                      "Node Type": "Hash",
                      "Parent Relationship": "Inner",
                      "Startup Cost": 35484.00,
                      "Total Cost": 35484.00,
                      "Plan Rows": 77600,
                      "Plan Width": 15,
                      "Actual Startup Time": 325.052,
                      "Actual Total Time": 325.052,
                      "Actual Rows": 79721,
                      "Actual Loops": 1,
                      "Hash Buckets": 131072,
                      "Original Hash Buckets": 131072,
                      "Hash Batches": 2,
                      "Original Hash Batches": 2,
                      "Peak Memory Usage": 2887,
                      "Plans": [
                        {
                          "Node Type": "Seq Scan",
                          "Parent Relationship": "Outer",
                          "Relation Name": "customer_address",
                          "Alias": "customer_address",
                          "Startup Cost": 0.00,
                          "Total Cost": 35484.00,
                          "Plan Rows": 77600,
                          "Plan Width": 15,
                          "Actual Startup Time": 0.016,
                          "Actual Total Time": 304.007,
                          "Actual Rows": 79721,
                          "Actual Loops": 1,
                          "Filter": "(ca_state = ANY ('{CA,WA,GA}'::bpchar[]))",
                          "Rows Removed by Filter": 920279
                        }
                      ]
                    }
                  ]
                }
              ]
            }
          ]
        }
      ]
    },
    "Planning Time": 0.684,
    "Triggers": [
    ],
    "Execution Time": 287570.842
  }
]
