[
  {
    "Plan": {
      "Node Type": "Hash Join",
      "Join Type": "Inner",
      "Startup Cost": 2322.68,
      "Total Cost": 885773.93,
      "Plan Rows": 138790,
      "Plan Width": 4,
      "Actual Startup Time": 15.519,
      "Actual Total Time": 46084.294,
      "Actual Rows": 5580151,
      "Actual Loops": 1,
      "Hash Cond": "(store_returns.sr_returned_date_sk = date_dim.d_date_sk)",
      "Plans": [
        {
          "Node Type": "Seq Scan",
          "Parent Relationship": "Outer",
          "Relation Name": "store_returns",
          "Alias": "store_returns",
          "Startup Cost": 0.00,
          "Total Cost": 774081.80,
          "Plan Rows": 28795080,
          "Plan Width": 8,
          "Actual Startup Time": 3.498,
          "Actual Total Time": 42676.666,
          "Actual Rows": 27787616,
          "Actual Loops": 1
        },
        {
          "Node Type": "Hash",
          "Parent Relationship": "Inner",
          "Startup Cost": 2318.11,
          "Total Cost": 2318.11,
          "Plan Rows": 365,
          "Plan Width": 4,
          "Actual Startup Time": 11.988,
          "Actual Total Time": 11.988,
          "Actual Rows": 366,
          "Actual Loops": 1,
          "Hash Buckets": 1024,
          "Original Hash Buckets": 1024,
          "Hash Batches": 1,
          "Original Hash Batches": 1,
          "Peak Memory Usage": 21,
          "Plans": [
            {
              "Node Type": "Seq Scan",
              "Parent Relationship": "Outer",
              "Relation Name": "date_dim",
              "Alias": "date_dim",
              "Startup Cost": 0.00,
              "Total Cost": 2318.11,
              "Plan Rows": 365,
              "Plan Width": 4,
              "Actual Startup Time": 6.985,
              "Actual Total Time": 11.899,
              "Actual Rows": 366,
              "Actual Loops": 1,
              "Filter": "(d_year = 2000)",
              "Rows Removed by Filter": 72683
            }
          ]
        }
      ]
    },
    "Planning Time": 5.806,
    "Triggers": [
    ],
    "Execution Time": 46262.254
  }
]
