[
  {
    "Plan": {
      "Node Type": "Aggregate",
      "Strategy": "Hashed",
      "Startup Cost": 2905647.19,
      "Total Cost": 2905658.48,
      "Plan Rows": 1129,
      "Plan Width": 6,
      "Actual Startup Time": 133164.088,
      "Actual Total Time": 133165.088,
      "Actual Rows": 3641,
      "Actual Loops": 1,
      "Group Key": ["item.i_current_price"],
      "Plans": [
        {
          "Node Type": "Hash Join",
          "Parent Relationship": "Outer",
          "Join Type": "Inner",
          "Startup Cost": 19991.51,
          "Total Cost": 2905627.44,
          "Plan Rows": 7903,
          "Plan Width": 6,
          "Actual Startup Time": 1489.113,
          "Actual Total Time": 132958.646,
          "Actual Rows": 210862,
          "Actual Loops": 1,
          "Hash Cond": "(web_sales.ws_item_sk = item.i_item_sk)",
          "Plans": [
            {
              "Node Type": "Hash Join",
              "Parent Relationship": "Outer",
              "Join Type": "Inner",
              "Startup Cost": 2501.07,
              "Total Cost": 2887958.19,
              "Plan Rows": 26607,
              "Plan Width": 4,
              "Actual Startup Time": 10.475,
              "Actual Total Time": 131151.206,
              "Actual Rows": 705707,
              "Actual Loops": 1,
              "Hash Cond": "(web_sales.ws_sold_date_sk = date_dim.d_date_sk)",
              "Plans": [
                {
                  "Node Type": "Seq Scan",
                  "Parent Relationship": "Outer",
                  "Relation Name": "web_sales",
                  "Alias": "web_sales",
                  "Startup Cost": 0.00,
                  "Total Cost": 2615186.40,
                  "Plan Rows": 72001240,
                  "Plan Width": 8,
                  "Actual Startup Time": 0.380,
                  "Actual Total Time": 122140.970,
                  "Actual Rows": 71969891,
                  "Actual Loops": 1
                },
                {
                  "Node Type": "Hash",
                  "Parent Relationship": "Inner",
                  "Startup Cost": 2500.73,
                  "Total Cost": 2500.73,
                  "Plan Rows": 27,
                  "Plan Width": 4,
                  "Actual Startup Time": 10.058,
                  "Actual Total Time": 10.058,
                  "Actual Rows": 31,
                  "Actual Loops": 1,
                  "Hash Buckets": 1024,
                  "Original Hash Buckets": 1024,
                  "Hash Batches": 1,
                  "Original Hash Batches": 1,
                  "Peak Memory Usage": 10,
                  "Plans": [
                    {
                      "Node Type": "Seq Scan",
                      "Parent Relationship": "Outer",
                      "Relation Name": "date_dim",
                      "Alias": "date_dim",
                      "Startup Cost": 0.00,
                      "Total Cost": 2500.73,
                      "Plan Rows": 27,
                      "Plan Width": 4,
                      "Actual Startup Time": 3.599,
                      "Actual Total Time": 10.049,
                      "Actual Rows": 31,
                      "Actual Loops": 1,
                      "Filter": "((d_date >= '2001-01-12'::date) AND (d_date <= '2001-02-11'::date))",
                      "Rows Removed by Filter": 73018
                    }
                  ]
                }
              ]
            },
            {
              "Node Type": "Hash",
              "Parent Relationship": "Inner",
              "Startup Cost": 16733.00,
              "Total Cost": 16733.00,
              "Plan Rows": 60595,
              "Plan Width": 10,
              "Actual Startup Time": 1478.374,
              "Actual Total Time": 1478.374,
              "Actual Rows": 61071,
              "Actual Loops": 1,
              "Hash Buckets": 65536,
              "Original Hash Buckets": 65536,
              "Hash Batches": 1,
              "Original Hash Batches": 1,
              "Peak Memory Usage": 3136,
              "Plans": [
                {
                  "Node Type": "Seq Scan",
                  "Parent Relationship": "Outer",
                  "Relation Name": "item",
                  "Alias": "item",
                  "Startup Cost": 0.00,
                  "Total Cost": 16733.00,
                  "Plan Rows": 60595,
                  "Plan Width": 10,
                  "Actual Startup Time": 0.012,
                  "Actual Total Time": 1458.892,
                  "Actual Rows": 61071,
                  "Actual Loops": 1,
                  "Filter": "(i_category = ANY ('{Jewelry,Sports,Books}'::bpchar[]))",
                  "Rows Removed by Filter": 142929
                }
              ]
            }
          ]
        }
      ]
    },
    "Planning Time": 2.999,
    "Triggers": [
    ],
    "Execution Time": 133165.404
  }
]
