[
  {
    "Plan": {
      "Node Type": "Aggregate",
      "Strategy": "Hashed",
      "Startup Cost": 5792148.06,
      "Total Cost": 5792148.16,
      "Plan Rows": 10,
      "Plan Width": 4,
      "Actual Startup Time": 273394.688,
      "Actual Total Time": 273394.691,
      "Actual Rows": 11,
      "Actual Loops": 1,
      "Group Key": ["item.i_category_id"],
      "Plans": [
        {
          "Node Type": "Hash Join",
          "Parent Relationship": "Outer",
          "Join Type": "Inner",
          "Startup Cost": 22315.86,
          "Total Cost": 5792001.41,
          "Plan Rows": 58661,
          "Plan Width": 4,
          "Actual Startup Time": 155831.433,
          "Actual Total Time": 272687.070,
          "Actual Rows": 4655396,
          "Actual Loops": 1,
          "Hash Cond": "(catalog_sales.cs_item_sk = item.i_item_sk)",
          "Plans": [
            {
              "Node Type": "Hash Join",
              "Parent Relationship": "Outer",
              "Join Type": "Inner",
              "Startup Cost": 2501.11,
              "Total Cost": 5770124.36,
              "Plan Rows": 58851,
              "Plan Width": 4,
              "Actual Startup Time": 155712.723,
              "Actual Total Time": 269445.506,
              "Actual Rows": 4666864,
              "Actual Loops": 1,
              "Hash Cond": "(catalog_sales.cs_sold_date_sk = date_dim.d_date_sk)",
              "Plans": [
                {
                  "Node Type": "Seq Scan",
                  "Parent Relationship": "Outer",
                  "Relation Name": "catalog_sales",
                  "Alias": "catalog_sales",
                  "Startup Cost": 0.00,
                  "Total Cost": 5227045.72,
                  "Plan Rows": 143997072,
                  "Plan Width": 8,
                  "Actual Startup Time": 0.006,
                  "Actual Total Time": 252458.592,
                  "Actual Rows": 142569081,
                  "Actual Loops": 1
                },
                {
                  "Node Type": "Hash",
                  "Parent Relationship": "Inner",
                  "Startup Cost": 2500.73,
                  "Total Cost": 2500.73,
                  "Plan Rows": 30,
                  "Plan Width": 4,
                  "Actual Startup Time": 11.452,
                  "Actual Total Time": 11.452,
                  "Actual Rows": 30,
                  "Actual Loops": 1,
                  "Hash Buckets": 1024,
                  "Original Hash Buckets": 1024,
                  "Hash Batches": 1,
                  "Original Hash Batches": 1,
                  "Peak Memory Usage": 10,
                  "Plans": [
                    {
                      "Node Type": "Seq Scan",
                      "Parent Relationship": "Outer",
                      "Relation Name": "date_dim",
                      "Alias": "date_dim",
                      "Startup Cost": 0.00,
                      "Total Cost": 2500.73,
                      "Plan Rows": 30,
                      "Plan Width": 4,
                      "Actual Startup Time": 5.385,
                      "Actual Total Time": 11.442,
                      "Actual Rows": 30,
                      "Actual Loops": 1,
                      "Filter": "((d_year = 2000) AND (d_moy = 11))",
                      "Rows Removed by Filter": 73019
                    }
                  ]
                }
              ]
            },
            {
              "Node Type": "Hash",
              "Parent Relationship": "Inner",
              "Startup Cost": 16478.00,
              "Total Cost": 16478.00,
              "Plan Rows": 203340,
              "Plan Width": 8,
              "Actual Startup Time": 117.333,
              "Actual Total Time": 117.333,
              "Actual Rows": 203478,
              "Actual Loops": 1,
              "Hash Buckets": 131072,
              "Original Hash Buckets": 131072,
              "Hash Batches": 4,
              "Original Hash Batches": 4,
              "Peak Memory Usage": 3026,
              "Plans": [
                {
                  "Node Type": "Seq Scan",
                  "Parent Relationship": "Outer",
                  "Relation Name": "item",
                  "Alias": "item",
                  "Startup Cost": 0.00,
                  "Total Cost": 16478.00,
                  "Plan Rows": 203340,
                  "Plan Width": 8,
                  "Actual Startup Time": 0.009,
                  "Actual Total Time": 82.042,
                  "Actual Rows": 203478,
                  "Actual Loops": 1,
                  "Filter": "(i_rec_start_date >= '1997-10-27'::date)",
                  "Rows Removed by Filter": 522
                }
              ]
            }
          ]
        }
      ]
    },
    "Planning Time": 1.615,
    "Triggers": [
    ],
    "Execution Time": 273394.931
  }
]
