[
  {
    "Plan": {
      "Node Type": "Aggregate",
      "Strategy": "Hashed",
      "Startup Cost": 2500.80,
      "Total Cost": 2500.82,
      "Plan Rows": 1,
      "Plan Width": 4,
      "Actual Startup Time": 11.576,
      "Actual Total Time": 11.576,
      "Actual Rows": 1,
      "Actual Loops": 1,
      "Group Key": ["d_month_seq"],
      "Plans": [
        {
          "Node Type": "Seq Scan",
          "Parent Relationship": "Outer",
          "Relation Name": "date_dim",
          "Alias": "date_dim",
          "Startup Cost": 0.00,
          "Total Cost": 2500.73,
          "Plan Rows": 28,
          "Plan Width": 4,
          "Actual Startup Time": 5.164,
          "Actual Total Time": 11.564,
          "Actual Rows": 29,
          "Actual Loops": 1,
          "Filter": "((d_year = 2000) AND (d_moy = 2))",
          "Rows Removed by Filter": 73020
        }
      ]
    },
    "Planning Time": 0.176,
    "Triggers": [
    ],
    "Execution Time": 11.609
  }
]
