[
  {
    "Plan": {
      "Node Type": "Aggregate",
      "Strategy": "Hashed",
      "Startup Cost": 9849845.96,
      "Total Cost": 9850138.34,
      "Plan Rows": 29238,
      "Plan Width": 6,
      "Actual Startup Time": 348999.616,
      "Actual Total Time": 349315.173,
      "Actual Rows": 1215814,
      "Actual Loops": 1,
      "Group Key": ["ss_net_paid_inc_tax"],
      "Plans": [
        {
          "Node Type": "Seq Scan",
          "Parent Relationship": "Outer",
          "Relation Name": "store_sales",
          "Alias": "store_sales",
          "Startup Cost": 0.00,
          "Total Cost": 9713863.36,
          "Plan Rows": 54393038,
          "Plan Width": 6,
          "Actual Startup Time": 0.019,
          "Actual Total Time": 309369.437,
          "Actual Rows": 52434903,
          "Actual Loops": 1,
          "Filter": "((ss_quantity >= 61) AND (ss_quantity <= 80))",
          "Rows Removed by Filter": 209851238
        }
      ]
    },
    "Planning Time": 0.293,
    "Triggers": [
    ],
    "Execution Time": 349354.064
  }
]
