[
  {
    "Plan": {
      "Node Type": "Hash Join",
      "Join Type": "Inner",
      "Startup Cost": 2509.86,
      "Total Cost": 5783865.10,
      "Plan Rows": 1432050,
      "Plan Width": 10,
      "Actual Startup Time": 19382.205,
      "Actual Total Time": 213630.260,
      "Actual Rows": 85234227,
      "Actual Loops": 1,
      "Hash Cond": "(catalog_sales.cs_sold_date_sk = date_dim.d_date_sk)",
      "Plans": [
        {
          "Node Type": "Seq Scan",
          "Parent Relationship": "Outer",
          "Relation Name": "catalog_sales",
          "Alias": "catalog_sales",
          "Startup Cost": 0.00,
          "Total Cost": 5227045.72,
          "Plan Rows": 143997072,
          "Plan Width": 14,
          "Actual Startup Time": 0.008,
          "Actual Total Time": 169851.044,
          "Actual Rows": 142569081,
          "Actual Loops": 1
        },
        {
          "Node Type": "Hash",
          "Parent Relationship": "Inner",
          "Startup Cost": 2500.73,
          "Total Cost": 2500.73,
          "Plan Rows": 730,
          "Plan Width": 4,
          "Actual Startup Time": 11.659,
          "Actual Total Time": 11.659,
          "Actual Rows": 1096,
          "Actual Loops": 1,
          "Hash Buckets": 2048,
          "Original Hash Buckets": 1024,
          "Hash Batches": 1,
          "Original Hash Batches": 1,
          "Peak Memory Usage": 55,
          "Plans": [
            {
              "Node Type": "Seq Scan",
              "Parent Relationship": "Outer",
              "Relation Name": "date_dim",
              "Alias": "date_dim",
              "Startup Cost": 0.00,
              "Total Cost": 2500.73,
              "Plan Rows": 730,
              "Plan Width": 4,
              "Actual Startup Time": 5.394,
              "Actual Total Time": 11.454,
              "Actual Rows": 1096,
              "Actual Loops": 1,
              "Filter": "((d_year >= 1998) AND (d_year <= 2000))",
              "Rows Removed by Filter": 71953
            }
          ]
        }
      ]
    },
    "Planning Time": 0.464,
    "Triggers": [
    ],
    "Execution Time": 217312.405
  }
]
