[
  {
    "Plan": {
      "Node Type": "Aggregate",
      "Strategy": "Hashed",
      "Startup Cost": 5482582.65,
      "Total Cost": 5482582.67,
      "Plan Rows": 2,
      "Plan Width": 2,
      "Actual Startup Time": 234651.507,
      "Actual Total Time": 234651.507,
      "Actual Rows": 3,
      "Actual Loops": 1,
      "Group Key": ["customer.c_preferred_cust_flag"],
      "Plans": [
        {
          "Node Type": "Hash Join",
          "Parent Relationship": "Outer",
          "Join Type": "Inner",
          "Startup Cost": 118785.94,
          "Total Cost": 5309417.17,
          "Plan Rows": 69266194,
          "Plan Width": 2,
          "Actual Startup Time": 927.532,
          "Actual Total Time": 223656.534,
          "Actual Rows": 69449263,
          "Actual Loops": 1,
          "Hash Cond": "(web_sales.ws_sold_date_sk = date_dim.d_date_sk)",
          "Plans": [
            {
              "Node Type": "Hash Join",
              "Parent Relationship": "Outer",
              "Join Type": "Inner",
              "Startup Cost": 115737.34,
              "Total Cost": 4353906.44,
              "Plan Rows": 69280050,
              "Plan Width": 6,
              "Actual Startup Time": 903.362,
              "Actual Total Time": 210263.669,
              "Actual Rows": 69449263,
              "Actual Loops": 1,
              "Hash Cond": "(web_sales.ws_bill_customer_sk = customer.c_customer_sk)",
              "Plans": [
                {
                  "Node Type": "Seq Scan",
                  "Parent Relationship": "Outer",
                  "Relation Name": "web_sales",
                  "Alias": "web_sales",
                  "Startup Cost": 0.00,
                  "Total Cost": 2615186.40,
                  "Plan Rows": 72001240,
                  "Plan Width": 8,
                  "Actual Startup Time": 0.034,
                  "Actual Total Time": 165923.113,
                  "Actual Rows": 71969891,
                  "Actual Loops": 1
                },
                {
                  "Node Type": "Hash",
                  "Parent Relationship": "Inner",
                  "Startup Cost": 83542.76,
                  "Total Cost": 83542.76,
                  "Plan Rows": 1962286,
                  "Plan Width": 6,
                  "Actual Startup Time": 860.275,
                  "Actual Total Time": 860.275,
                  "Actual Rows": 1930014,
                  "Actual Loops": 1,
                  "Hash Buckets": 131072,
                  "Original Hash Buckets": 131072,
                  "Hash Batches": 32,
                  "Original Hash Batches": 32,
                  "Peak Memory Usage": 3394,
                  "Plans": [
                    {
                      "Node Type": "Seq Scan",
                      "Parent Relationship": "Outer",
                      "Relation Name": "customer",
                      "Alias": "customer",
                      "Startup Cost": 0.00,
                      "Total Cost": 83542.76,
                      "Plan Rows": 1962286,
                      "Plan Width": 6,
                      "Actual Startup Time": 0.012,
                      "Actual Total Time": 537.906,
                      "Actual Rows": 1930014,
                      "Actual Loops": 1,
                      "Filter": "(c_birth_year >= 1924)",
                      "Rows Removed by Filter": 69986
                    }
                  ]
                }
              ]
            },
            {
              "Node Type": "Hash",
              "Parent Relationship": "Inner",
              "Startup Cost": 2135.49,
              "Total Cost": 2135.49,
              "Plan Rows": 73049,
              "Plan Width": 4,
              "Actual Startup Time": 23.661,
              "Actual Total Time": 23.661,
              "Actual Rows": 73049,
              "Actual Loops": 1,
              "Hash Buckets": 131072,
              "Original Hash Buckets": 131072,
              "Hash Batches": 1,
              "Original Hash Batches": 1,
              "Peak Memory Usage": 3593,
              "Plans": [
                {
                  "Node Type": "Seq Scan",
                  "Parent Relationship": "Outer",
                  "Relation Name": "date_dim",
                  "Alias": "date_dim",
                  "Startup Cost": 0.00,
                  "Total Cost": 2135.49,
                  "Plan Rows": 73049,
                  "Plan Width": 4,
                  "Actual Startup Time": 0.004,
                  "Actual Total Time": 11.471,
                  "Actual Rows": 73049,
                  "Actual Loops": 1
                }
              ]
            }
          ]
        }
      ]
    },
    "Planning Time": 0.827,
    "Triggers": [
    ],
    "Execution Time": 234651.656
  }
]
