[
  {
    "Plan": {
      "Node Type": "Aggregate",
      "Strategy": "Hashed",
      "Startup Cost": 9365155.75,
      "Total Cost": 9365155.85,
      "Plan Rows": 10,
      "Plan Width": 4,
      "Actual Startup Time": 324721.694,
      "Actual Total Time": 324721.695,
      "Actual Rows": 10,
      "Actual Loops": 1,
      "Group Key": ["store.s_store_name"],
      "Plans": [
        {
          "Node Type": "Hash Join",
          "Parent Relationship": "Outer",
          "Join Type": "Inner",
          "Startup Cost": 2528.87,
          "Total Cost": 9364346.27,
          "Plan Rows": 323792,
          "Plan Width": 4,
          "Actual Startup Time": 17.935,
          "Actual Total Time": 322946.054,
          "Actual Rows": 7840366,
          "Actual Loops": 1,
          "Hash Cond": "(store_sales.ss_store_sk = store.s_store_sk)",
          "Plans": [
            {
              "Node Type": "Hash Join",
              "Parent Relationship": "Outer",
              "Join Type": "Inner",
              "Startup Cost": 2501.87,
              "Total Cost": 9359796.15,
              "Plan Rows": 342720,
              "Plan Width": 4,
              "Actual Startup Time": 16.070,
              "Actual Total Time": 320938.715,
              "Actual Rows": 7959465,
              "Actual Loops": 1,
              "Hash Cond": "(store_sales.ss_sold_date_sk = date_dim.d_date_sk)",
              "Plans": [
                {
                  "Node Type": "Seq Scan",
                  "Parent Relationship": "Outer",
                  "Relation Name": "store_sales",
                  "Alias": "store_sales",
                  "Startup Cost": 0.00,
                  "Total Cost": 8273878.24,
                  "Plan Rows": 287997024,
                  "Plan Width": 8,
                  "Actual Startup Time": 0.006,
                  "Actual Total Time": 294095.059,
                  "Actual Rows": 262286141,
                  "Actual Loops": 1
                },
                {
                  "Node Type": "Hash",
                  "Parent Relationship": "Inner",
                  "Startup Cost": 2500.73,
                  "Total Cost": 2500.73,
                  "Plan Rows": 91,
                  "Plan Width": 4,
                  "Actual Startup Time": 16.020,
                  "Actual Total Time": 16.020,
                  "Actual Rows": 91,
                  "Actual Loops": 1,
                  "Hash Buckets": 1024,
                  "Original Hash Buckets": 1024,
                  "Hash Batches": 1,
                  "Original Hash Batches": 1,
                  "Peak Memory Usage": 12,
                  "Plans": [
                    {
                      "Node Type": "Seq Scan",
                      "Parent Relationship": "Outer",
                      "Relation Name": "date_dim",
                      "Alias": "date_dim",
                      "Startup Cost": 0.00,
                      "Total Cost": 2500.73,
                      "Plan Rows": 91,
                      "Plan Width": 4,
                      "Actual Startup Time": 7.276,
                      "Actual Total Time": 16.002,
                      "Actual Rows": 91,
                      "Actual Loops": 1,
                      "Filter": "((d_qoy = 1) AND (d_year = 2002))",
                      "Rows Removed by Filter": 72958
                    }
                  ]
                }
              ]
            },
            {
              "Node Type": "Hash",
              "Parent Relationship": "Inner",
              "Startup Cost": 22.02,
              "Total Cost": 22.02,
              "Plan Rows": 398,
              "Plan Width": 8,
              "Actual Startup Time": 1.847,
              "Actual Total Time": 1.847,
              "Actual Rows": 398,
              "Actual Loops": 1,
              "Hash Buckets": 1024,
              "Original Hash Buckets": 1024,
              "Hash Batches": 1,
              "Original Hash Batches": 1,
              "Peak Memory Usage": 25,
              "Plans": [
                {
                  "Node Type": "Seq Scan",
                  "Parent Relationship": "Outer",
                  "Relation Name": "store",
                  "Alias": "store",
                  "Startup Cost": 0.00,
                  "Total Cost": 22.02,
                  "Plan Rows": 398,
                  "Plan Width": 8,
                  "Actual Startup Time": 0.004,
                  "Actual Total Time": 1.763,
                  "Actual Rows": 398,
                  "Actual Loops": 1,
                  "Filter": "(s_rec_start_date >= '1997-03-13'::date)",
                  "Rows Removed by Filter": 4
                }
              ]
            }
          ]
        }
      ]
    },
    "Planning Time": 2.632,
    "Triggers": [
    ],
    "Execution Time": 324721.761
  }
]
