[
  {
    "Plan": {
      "Node Type": "Aggregate",
      "Strategy": "Hashed",
      "Startup Cost": 9852101.93,
      "Total Cost": 9852399.16,
      "Plan Rows": 29723,
      "Plan Width": 6,
      "Actual Startup Time": 474585.656,
      "Actual Total Time": 474682.738,
      "Actual Rows": 317099,
      "Actual Loops": 1,
      "Group Key": ["ss_net_paid_inc_tax"],
      "Plans": [
        {
          "Node Type": "Seq Scan",
          "Parent Relationship": "Outer",
          "Relation Name": "store_sales",
          "Alias": "store_sales",
          "Startup Cost": 0.00,
          "Total Cost": 9713863.36,
          "Plan Rows": 55295429,
          "Plan Width": 6,
          "Actual Startup Time": 0.013,
          "Actual Total Time": 436712.730,
          "Actual Rows": 52433111,
          "Actual Loops": 1,
          "Filter": "((ss_quantity >= 1) AND (ss_quantity <= 20))",
          "Rows Removed by Filter": 209853030
        }
      ]
    },
    "Planning Time": 0.303,
    "Triggers": [
    ],
    "Execution Time": 474699.061
  }
]
