[
  {
    "Plan": {
      "Node Type": "Aggregate",
      "Strategy": "Hashed",
      "Startup Cost": 9546518.69,
      "Total Cost": 9546518.87,
      "Plan Rows": 18,
      "Plan Width": 4,
      "Actual Startup Time": 388130.932,
      "Actual Total Time": 388131.009,
      "Actual Rows": 746,
      "Actual Loops": 1,
      "Group Key": ["item.i_manufact_id"],
      "Plans": [
        {
          "Node Type": "Hash Join",
          "Parent Relationship": "Outer",
          "Join Type": "Inner",
          "Startup Cost": 179089.52,
          "Total Cost": 9546514.11,
          "Plan Rows": 1833,
          "Plan Width": 4,
          "Actual Startup Time": 2063.000,
          "Actual Total Time": 388102.618,
          "Actual Rows": 153992,
          "Actual Loops": 1,
          "Hash Cond": "(customer.c_current_addr_sk = customer_address.ca_address_sk)",
          "Plans": [
            {
              "Node Type": "Hash Join",
              "Parent Relationship": "Outer",
              "Join Type": "Inner",
              "Startup Cost": 130948.51,
              "Total Cost": 9494424.90,
              "Plan Rows": 1833,
              "Plan Width": 8,
              "Actual Startup Time": 730.410,
              "Actual Total Time": 385086.936,
              "Actual Rows": 153992,
              "Actual Loops": 1,
              "Hash Cond": "(store_sales.ss_customer_sk = customer.c_customer_sk)",
              "Plans": [
                {
                  "Node Type": "Hash Join",
                  "Parent Relationship": "Outer",
                  "Join Type": "Inner",
                  "Startup Cost": 19050.54,
                  "Total Cost": 9374518.01,
                  "Plan Rows": 1919,
                  "Plan Width": 8,
                  "Actual Startup Time": 82.209,
                  "Actual Total Time": 375780.661,
                  "Actual Rows": 153992,
                  "Actual Loops": 1,
                  "Hash Cond": "(store_sales.ss_store_sk = store.s_store_sk)",
                  "Plans": [
                    {
                      "Node Type": "Hash Join",
                      "Parent Relationship": "Outer",
                      "Join Type": "Inner",
                      "Startup Cost": 19024.50,
                      "Total Cost": 9374465.23,
                      "Plan Rows": 2011,
                      "Plan Width": 12,
                      "Actual Startup Time": 82.070,
                      "Actual Total Time": 375651.711,
                      "Actual Rows": 153992,
                      "Actual Loops": 1,
                      "Hash Cond": "(store_sales.ss_item_sk = item.i_item_sk)",
                      "Plans": [
                        {
                          "Node Type": "Hash Join",
                          "Parent Relationship": "Outer",
                          "Join Type": "Inner",
                          "Startup Cost": 2501.11,
                          "Total Cost": 9357498.04,
                          "Plan Rows": 112985,
                          "Plan Width": 12,
                          "Actual Startup Time": 9.592,
                          "Actual Total Time": 373698.101,
                          "Actual Rows": 8397571,
                          "Actual Loops": 1,
                          "Hash Cond": "(store_sales.ss_sold_date_sk = date_dim.d_date_sk)",
                          "Plans": [
                            {
                              "Node Type": "Seq Scan",
                              "Parent Relationship": "Outer",
                              "Relation Name": "store_sales",
                              "Alias": "store_sales",
                              "Startup Cost": 0.00,
                              "Total Cost": 8273878.24,
                              "Plan Rows": 287997024,
                              "Plan Width": 16,
                              "Actual Startup Time": 0.011,
                              "Actual Total Time": 342147.984,
                              "Actual Rows": 262286141,
                              "Actual Loops": 1
                            },
                            {
                              "Node Type": "Hash",
                              "Parent Relationship": "Inner",
                              "Startup Cost": 2500.73,
                              "Total Cost": 2500.73,
                              "Plan Rows": 30,
                              "Plan Width": 4,
                              "Actual Startup Time": 9.570,
                              "Actual Total Time": 9.570,
                              "Actual Rows": 30,
                              "Actual Loops": 1,
                              "Hash Buckets": 1024,
                              "Original Hash Buckets": 1024,
                              "Hash Batches": 1,
                              "Original Hash Batches": 1,
                              "Peak Memory Usage": 10,
                              "Plans": [
                                {
                                  "Node Type": "Seq Scan",
                                  "Parent Relationship": "Outer",
                                  "Relation Name": "date_dim",
                                  "Alias": "date_dim",
                                  "Startup Cost": 0.00,
                                  "Total Cost": 2500.73,
                                  "Plan Rows": 30,
                                  "Plan Width": 4,
                                  "Actual Startup Time": 4.755,
                                  "Actual Total Time": 9.562,
                                  "Actual Rows": 30,
                                  "Actual Loops": 1,
                                  "Filter": "((d_moy = 11) AND (d_year = 1999))",
                                  "Rows Removed by Filter": 73019
                                }
                              ]
                            }
                          ]
                        },
                        {
                          "Node Type": "Hash",
                          "Parent Relationship": "Inner",
                          "Startup Cost": 16478.00,
                          "Total Cost": 16478.00,
                          "Plan Rows": 3631,
                          "Plan Width": 8,
                          "Actual Startup Time": 72.304,
                          "Actual Total Time": 72.304,
                          "Actual Rows": 3679,
                          "Actual Loops": 1,
                          "Hash Buckets": 4096,
                          "Original Hash Buckets": 4096,
                          "Hash Batches": 1,
                          "Original Hash Batches": 1,
                          "Peak Memory Usage": 176,
                          "Plans": [
                            {
                              "Node Type": "Seq Scan",
                              "Parent Relationship": "Outer",
                              "Relation Name": "item",
                              "Alias": "item",
                              "Startup Cost": 0.00,
                              "Total Cost": 16478.00,
                              "Plan Rows": 3631,
                              "Plan Width": 8,
                              "Actual Startup Time": 0.026,
                              "Actual Total Time": 71.591,
                              "Actual Rows": 3679,
                              "Actual Loops": 1,
                              "Filter": "(i_manager_id = 7)",
                              "Rows Removed by Filter": 200321
                            }
                          ]
                        }
                      ]
                    },
                    {
                      "Node Type": "Hash",
                      "Parent Relationship": "Inner",
                      "Startup Cost": 21.02,
                      "Total Cost": 21.02,
                      "Plan Rows": 402,
                      "Plan Width": 4,
                      "Actual Startup Time": 0.123,
                      "Actual Total Time": 0.123,
                      "Actual Rows": 402,
                      "Actual Loops": 1,
                      "Hash Buckets": 1024,
                      "Original Hash Buckets": 1024,
                      "Hash Batches": 1,
                      "Original Hash Batches": 1,
                      "Peak Memory Usage": 23,
                      "Plans": [
                        {
                          "Node Type": "Seq Scan",
                          "Parent Relationship": "Outer",
                          "Relation Name": "store",
                          "Alias": "store",
                          "Startup Cost": 0.00,
                          "Total Cost": 21.02,
                          "Plan Rows": 402,
                          "Plan Width": 4,
                          "Actual Startup Time": 0.003,
                          "Actual Total Time": 0.066,
                          "Actual Rows": 402,
                          "Actual Loops": 1
                        }
                      ]
                    }
                  ]
                },
                {
                  "Node Type": "Hash",
                  "Parent Relationship": "Inner",
                  "Startup Cost": 78445.21,
                  "Total Cost": 78445.21,
                  "Plan Rows": 2039021,
                  "Plan Width": 8,
                  "Actual Startup Time": 639.519,
                  "Actual Total Time": 639.519,
                  "Actual Rows": 2000000,
                  "Actual Loops": 1,
                  "Hash Buckets": 131072,
                  "Original Hash Buckets": 131072,
                  "Hash Batches": 32,
                  "Original Hash Batches": 32,
                  "Peak Memory Usage": 3487,
                  "Plans": [
                    {
                      "Node Type": "Seq Scan",
                      "Parent Relationship": "Outer",
                      "Relation Name": "customer",
                      "Alias": "customer",
                      "Startup Cost": 0.00,
                      "Total Cost": 78445.21,
                      "Plan Rows": 2039021,
                      "Plan Width": 8,
                      "Actual Startup Time": 0.010,
                      "Actual Total Time": 360.957,
                      "Actual Rows": 2000000,
                      "Actual Loops": 1
                    }
                  ]
                }
              ]
            },
            {
              "Node Type": "Hash",
              "Parent Relationship": "Inner",
              "Startup Cost": 31734.00,
              "Total Cost": 31734.00,
              "Plan Rows": 1000000,
              "Plan Width": 4,
              "Actual Startup Time": 555.740,
              "Actual Total Time": 555.740,
              "Actual Rows": 1000000,
              "Actual Loops": 1,
              "Hash Buckets": 131072,
              "Original Hash Buckets": 131072,
              "Hash Batches": 16,
              "Original Hash Batches": 16,
              "Peak Memory Usage": 3227,
              "Plans": [
                {
                  "Node Type": "Seq Scan",
                  "Parent Relationship": "Outer",
                  "Relation Name": "customer_address",
                  "Alias": "customer_address",
                  "Startup Cost": 0.00,
                  "Total Cost": 31734.00,
                  "Plan Rows": 1000000,
                  "Plan Width": 4,
                  "Actual Startup Time": 0.040,
                  "Actual Total Time": 154.559,
                  "Actual Rows": 1000000,
                  "Actual Loops": 1
                }
              ]
            }
          ]
        }
      ]
    },
    "Planning Time": 1.987,
    "Triggers": [
    ],
    "Execution Time": 388131.169
  }
]
