[
  {
    "Plan": {
      "Node Type": "Aggregate",
      "Strategy": "Hashed",
      "Startup Cost": 7561357.80,
      "Total Cost": 7561462.04,
      "Plan Rows": 10424,
      "Plan Width": 4,
      "Actual Startup Time": 387289.398,
      "Actual Total Time": 387289.476,
      "Actual Rows": 264,
      "Actual Loops": 1,
      "Group Key": ["date_dim.d_week_seq"],
      "Plans": [
        {
          "Node Type": "Hash Join",
          "Parent Relationship": "Outer",
          "Join Type": "Inner",
          "Startup Cost": 3231.14,
          "Total Cost": 7203139.42,
          "Plan Rows": 143287354,
          "Plan Width": 4,
          "Actual Startup Time": 25.533,
          "Actual Total Time": 358908.023,
          "Actual Rows": 142569081,
          "Actual Loops": 1,
          "Hash Cond": "(catalog_sales.cs_sold_date_sk = date_dim.d_date_sk)",
          "Plans": [
            {
              "Node Type": "Seq Scan",
              "Parent Relationship": "Outer",
              "Relation Name": "catalog_sales",
              "Alias": "catalog_sales",
              "Startup Cost": 0.00,
              "Total Cost": 5227045.72,
              "Plan Rows": 143997072,
              "Plan Width": 4,
              "Actual Startup Time": 0.009,
              "Actual Total Time": 316828.338,
              "Actual Rows": 142569081,
              "Actual Loops": 1
            },
            {
              "Node Type": "Hash",
              "Parent Relationship": "Inner",
              "Startup Cost": 2318.11,
              "Total Cost": 2318.11,
              "Plan Rows": 73042,
              "Plan Width": 8,
              "Actual Startup Time": 25.067,
              "Actual Total Time": 25.067,
              "Actual Rows": 73049,
              "Actual Loops": 1,
              "Hash Buckets": 131072,
              "Original Hash Buckets": 131072,
              "Hash Batches": 1,
              "Original Hash Batches": 1,
              "Peak Memory Usage": 3878,
              "Plans": [
                {
                  "Node Type": "Seq Scan",
                  "Parent Relationship": "Outer",
                  "Relation Name": "date_dim",
                  "Alias": "date_dim",
                  "Startup Cost": 0.00,
                  "Total Cost": 2318.11,
                  "Plan Rows": 73042,
                  "Plan Width": 8,
                  "Actual Startup Time": 0.005,
                  "Actual Total Time": 14.605,
                  "Actual Rows": 73049,
                  "Actual Loops": 1,
                  "Filter": "(d_year >= 1900)",
                  "Rows Removed by Filter": 0
                }
              ]
            }
          ]
        }
      ]
    },
    "Planning Time": 0.433,
    "Triggers": [
    ],
    "Execution Time": 387289.710
  }
]
