[
  {
    "Plan": {
      "Node Type": "Aggregate",
      "Strategy": "Hashed",
      "Startup Cost": 177689.06,
      "Total Cost": 177689.13,
      "Plan Rows": 7,
      "Plan Width": 4,
      "Actual Startup Time": 1233.742,
      "Actual Total Time": 1233.742,
      "Actual Rows": 7,
      "Actual Loops": 1,
      "Group Key": ["customer_demographics.cd_dep_count"],
      "Plans": [
        {
          "Node Type": "Hash Join",
          "Parent Relationship": "Outer",
          "Join Type": "Inner",
          "Startup Cost": 124478.69,
          "Total Cost": 177655.19,
          "Plan Rows": 13550,
          "Plan Width": 4,
          "Actual Startup Time": 722.704,
          "Actual Total Time": 1231.181,
          "Actual Rows": 14277,
          "Actual Loops": 1,
          "Hash Cond": "(customer_demographics.cd_demo_sk = c.c_current_cdemo_sk)",
          "Plans": [
            {
              "Node Type": "Seq Scan",
              "Parent Relationship": "Outer",
              "Relation Name": "customer_demographics",
              "Alias": "customer_demographics",
              "Startup Cost": 0.00,
              "Total Cost": 45838.00,
              "Plan Rows": 1920800,
              "Plan Width": 8,
              "Actual Startup Time": 0.004,
              "Actual Total Time": 307.167,
              "Actual Rows": 1920800,
              "Actual Loops": 1,
              "Filter": "(cd_dep_count >= 0)",
              "Rows Removed by Filter": 0
            },
            {
              "Node Type": "Hash",
              "Parent Relationship": "Inner",
              "Startup Cost": 124302.67,
              "Total Cost": 124302.67,
              "Plan Rows": 14081,
              "Plan Width": 4,
              "Actual Startup Time": 722.594,
              "Actual Total Time": 722.594,
              "Actual Rows": 14277,
              "Actual Loops": 1,
              "Hash Buckets": 16384,
              "Original Hash Buckets": 16384,
              "Hash Batches": 1,
              "Original Hash Batches": 1,
              "Peak Memory Usage": 630,
              "Plans": [
                {
                  "Node Type": "Hash Join",
                  "Parent Relationship": "Outer",
                  "Join Type": "Inner",
                  "Startup Cost": 38070.32,
                  "Total Cost": 124302.67,
                  "Plan Rows": 14081,
                  "Plan Width": 4,
                  "Actual Startup Time": 226.602,
                  "Actual Total Time": 719.202,
                  "Actual Rows": 14277,
                  "Actual Loops": 1,
                  "Hash Cond": "(c.c_current_addr_sk = ca.ca_address_sk)",
                  "Plans": [
                    {
                      "Node Type": "Seq Scan",
                      "Parent Relationship": "Outer",
                      "Relation Name": "customer",
                      "Alias": "c",
                      "Startup Cost": 0.00,
                      "Total Cost": 78445.21,
                      "Plan Rows": 2039021,
                      "Plan Width": 8,
                      "Actual Startup Time": 0.003,
                      "Actual Total Time": 251.142,
                      "Actual Rows": 2000000,
                      "Actual Loops": 1
                    },
                    {
                      "Node Type": "Hash",
                      "Parent Relationship": "Inner",
                      "Startup Cost": 37984.00,
                      "Total Cost": 37984.00,
                      "Plan Rows": 6906,
                      "Plan Width": 4,
                      "Actual Startup Time": 226.564,
                      "Actual Total Time": 226.564,
                      "Actual Rows": 7093,
                      "Actual Loops": 1,
                      "Hash Buckets": 8192,
                      "Original Hash Buckets": 8192,
                      "Hash Batches": 1,
                      "Original Hash Batches": 1,
                      "Peak Memory Usage": 314,
                      "Plans": [
                        {
                          "Node Type": "Seq Scan",
                          "Parent Relationship": "Outer",
                          "Relation Name": "customer_address",
                          "Alias": "ca",
                          "Startup Cost": 0.00,
                          "Total Cost": 37984.00,
                          "Plan Rows": 6906,
                          "Plan Width": 4,
                          "Actual Startup Time": 0.020,
                          "Actual Total Time": 224.914,
                          "Actual Rows": 7093,
                          "Actual Loops": 1,
                          "Filter": "((ca_county)::text = ANY ('{\"Walker County\",\"Richland County\",\"Gaines County\",\"Douglas County\",\"Dona Ana County\"}'::text[]))",
                          "Rows Removed by Filter": 992907
                        }
                      ]
                    }
                  ]
                }
              ]
            }
          ]
        }
      ]
    },
    "Planning Time": 0.525,
    "Triggers": [
    ],
    "Execution Time": 1233.812
  }
]
