[
  {
    "Plan": {
      "Node Type": "Group",
      "Startup Cost": 21455319.73,
      "Total Cost": 21801650.70,
      "Plan Rows": 1890140,
      "Plan Width": 51,
      "Actual Startup Time": 1020365.697,
      "Actual Total Time": 1174579.035,
      "Actual Rows": 1801170,
      "Actual Loops": 1,
      "Group Key": ["customer.c_email_address"],
      "Plans": [
        {
          "Node Type": "Sort",
          "Parent Relationship": "Outer",
          "Startup Cost": 21455319.73,
          "Total Cost": 21628485.21,
          "Plan Rows": 69266194,
          "Plan Width": 51,
          "Actual Startup Time": 1020365.694,
          "Actual Total Time": 1167182.501,
          "Actual Rows": 69449263,
          "Actual Loops": 1,
          "Sort Key": ["customer.c_email_address"],
          "Sort Method": "external merge",
          "Sort Space Used": 4078472,
          "Sort Space Type": "Disk",
          "Plans": [
            {
              "Node Type": "Hash Join",
              "Parent Relationship": "Outer",
              "Join Type": "Inner",
              "Startup Cost": 130282.94,
              "Total Cost": 5332411.17,
              "Plan Rows": 69266194,
              "Plan Width": 51,
              "Actual Startup Time": 1080.361,
              "Actual Total Time": 231946.839,
              "Actual Rows": 69449263,
              "Actual Loops": 1,
              "Hash Cond": "(web_sales.ws_sold_date_sk = date_dim.d_date_sk)",
              "Plans": [
                {
                  "Node Type": "Hash Join",
                  "Parent Relationship": "Outer",
                  "Join Type": "Inner",
                  "Startup Cost": 127234.34,
                  "Total Cost": 4376900.44,
                  "Plan Rows": 69280050,
                  "Plan Width": 55,
                  "Actual Startup Time": 1060.680,
                  "Actual Total Time": 217620.681,
                  "Actual Rows": 69449263,
                  "Actual Loops": 1,
                  "Hash Cond": "(web_sales.ws_bill_customer_sk = customer.c_customer_sk)",
                  "Plans": [
                    {
                      "Node Type": "Seq Scan",
                      "Parent Relationship": "Outer",
                      "Relation Name": "web_sales",
                      "Alias": "web_sales",
                      "Startup Cost": 0.00,
                      "Total Cost": 2615186.40,
                      "Plan Rows": 72001240,
                      "Plan Width": 8,
                      "Actual Startup Time": 0.026,
                      "Actual Total Time": 153133.497,
                      "Actual Rows": 71969891,
                      "Actual Loops": 1
                    },
                    {
                      "Node Type": "Hash",
                      "Parent Relationship": "Inner",
                      "Startup Cost": 83542.76,
                      "Total Cost": 83542.76,
                      "Plan Rows": 1962286,
                      "Plan Width": 55,
                      "Actual Startup Time": 1021.901,
                      "Actual Total Time": 1021.901,
                      "Actual Rows": 1930014,
                      "Actual Loops": 1,
                      "Hash Buckets": 65536,
                      "Original Hash Buckets": 65536,
                      "Hash Batches": 64,
                      "Original Hash Batches": 64,
                      "Peak Memory Usage": 3090,
                      "Plans": [
                        {
                          "Node Type": "Seq Scan",
                          "Parent Relationship": "Outer",
                          "Relation Name": "customer",
                          "Alias": "customer",
                          "Startup Cost": 0.00,
                          "Total Cost": 83542.76,
                          "Plan Rows": 1962286,
                          "Plan Width": 55,
                          "Actual Startup Time": 0.013,
                          "Actual Total Time": 559.833,
                          "Actual Rows": 1930014,
                          "Actual Loops": 1,
                          "Filter": "(c_birth_year >= 1924)",
                          "Rows Removed by Filter": 69986
                        }
                      ]
                    }
                  ]
                },
                {
                  "Node Type": "Hash",
                  "Parent Relationship": "Inner",
                  "Startup Cost": 2135.49,
                  "Total Cost": 2135.49,
                  "Plan Rows": 73049,
                  "Plan Width": 4,
                  "Actual Startup Time": 19.237,
                  "Actual Total Time": 19.237,
                  "Actual Rows": 73049,
                  "Actual Loops": 1,
                  "Hash Buckets": 131072,
                  "Original Hash Buckets": 131072,
                  "Hash Batches": 1,
                  "Original Hash Batches": 1,
                  "Peak Memory Usage": 3593,
                  "Plans": [
                    {
                      "Node Type": "Seq Scan",
                      "Parent Relationship": "Outer",
                      "Relation Name": "date_dim",
                      "Alias": "date_dim",
                      "Startup Cost": 0.00,
                      "Total Cost": 2135.49,
                      "Plan Rows": 73049,
                      "Plan Width": 4,
                      "Actual Startup Time": 0.004,
                      "Actual Total Time": 9.315,
                      "Actual Rows": 73049,
                      "Actual Loops": 1
                    }
                  ]
                }
              ]
            }
          ]
        }
      ]
    },
    "Planning Time": 0.483,
    "Triggers": [
    ],
    "Execution Time": 1175134.264
  }
]
