[
  {
    "Plan": {
      "Node Type": "Aggregate",
      "Strategy": "Hashed",
      "Startup Cost": 2907039.19,
      "Total Cost": 2907039.22,
      "Plan Rows": 3,
      "Plan Width": 51,
      "Actual Startup Time": 141291.011,
      "Actual Total Time": 141291.012,
      "Actual Rows": 3,
      "Actual Loops": 1,
      "Group Key": ["item.i_category"],
      "Plans": [
        {
          "Node Type": "Hash Join",
          "Parent Relationship": "Outer",
          "Join Type": "Inner",
          "Startup Cost": 20583.51,
          "Total Cost": 2907019.44,
          "Plan Rows": 7903,
          "Plan Width": 51,
          "Actual Startup Time": 129.854,
          "Actual Total Time": 141190.946,
          "Actual Rows": 210862,
          "Actual Loops": 1,
          "Hash Cond": "(web_sales.ws_item_sk = item.i_item_sk)",
          "Plans": [
            {
              "Node Type": "Hash Join",
              "Parent Relationship": "Outer",
              "Join Type": "Inner",
              "Startup Cost": 2501.07,
              "Total Cost": 2887958.19,
              "Plan Rows": 26607,
              "Plan Width": 4,
              "Actual Startup Time": 12.991,
              "Actual Total Time": 140121.278,
              "Actual Rows": 705707,
              "Actual Loops": 1,
              "Hash Cond": "(web_sales.ws_sold_date_sk = date_dim.d_date_sk)",
              "Plans": [
                {
                  "Node Type": "Seq Scan",
                  "Parent Relationship": "Outer",
                  "Relation Name": "web_sales",
                  "Alias": "web_sales",
                  "Startup Cost": 0.00,
                  "Total Cost": 2615186.40,
                  "Plan Rows": 72001240,
                  "Plan Width": 8,
                  "Actual Startup Time": 0.006,
                  "Actual Total Time": 134083.596,
                  "Actual Rows": 71969891,
                  "Actual Loops": 1
                },
                {
                  "Node Type": "Hash",
                  "Parent Relationship": "Inner",
                  "Startup Cost": 2500.73,
                  "Total Cost": 2500.73,
                  "Plan Rows": 27,
                  "Plan Width": 4,
                  "Actual Startup Time": 11.163,
                  "Actual Total Time": 11.163,
                  "Actual Rows": 31,
                  "Actual Loops": 1,
                  "Hash Buckets": 1024,
                  "Original Hash Buckets": 1024,
                  "Hash Batches": 1,
                  "Original Hash Batches": 1,
                  "Peak Memory Usage": 10,
                  "Plans": [
                    {
                      "Node Type": "Seq Scan",
                      "Parent Relationship": "Outer",
                      "Relation Name": "date_dim",
                      "Alias": "date_dim",
                      "Startup Cost": 0.00,
                      "Total Cost": 2500.73,
                      "Plan Rows": 27,
                      "Plan Width": 4,
                      "Actual Startup Time": 5.156,
                      "Actual Total Time": 11.153,
                      "Actual Rows": 31,
                      "Actual Loops": 1,
                      "Filter": "((d_date >= '2001-01-12'::date) AND (d_date <= '2001-02-11'::date))",
                      "Rows Removed by Filter": 73018
                    }
                  ]
                }
              ]
            },
            {
              "Node Type": "Hash",
              "Parent Relationship": "Inner",
              "Startup Cost": 16733.00,
              "Total Cost": 16733.00,
              "Plan Rows": 60595,
              "Plan Width": 55,
              "Actual Startup Time": 116.524,
              "Actual Total Time": 116.524,
              "Actual Rows": 61071,
              "Actual Loops": 1,
              "Hash Buckets": 65536,
              "Original Hash Buckets": 65536,
              "Hash Batches": 2,
              "Original Hash Batches": 2,
              "Peak Memory Usage": 3150,
              "Plans": [
                {
                  "Node Type": "Seq Scan",
                  "Parent Relationship": "Outer",
                  "Relation Name": "item",
                  "Alias": "item",
                  "Startup Cost": 0.00,
                  "Total Cost": 16733.00,
                  "Plan Rows": 60595,
                  "Plan Width": 55,
                  "Actual Startup Time": 0.009,
                  "Actual Total Time": 102.310,
                  "Actual Rows": 61071,
                  "Actual Loops": 1,
                  "Filter": "(i_category = ANY ('{Jewelry,Sports,Books}'::bpchar[]))",
                  "Rows Removed by Filter": 142929
                }
              ]
            }
          ]
        }
      ]
    },
    "Planning Time": 0.505,
    "Triggers": [
    ],
    "Execution Time": 141291.110
  }
]
