[
  {
    "Plan": {
      "Node Type": "Aggregate",
      "Strategy": "Hashed",
      "Startup Cost": 10826396.12,
      "Total Cost": 10826439.88,
      "Plan Rows": 4376,
      "Plan Width": 31,
      "Actual Startup Time": 522809.269,
      "Actual Total Time": 522810.215,
      "Actual Rows": 5001,
      "Actual Loops": 1,
      "Group Key": ["customer.c_last_name"],
      "Plans": [
        {
          "Node Type": "Hash Join",
          "Parent Relationship": "Outer",
          "Join Type": "Inner",
          "Startup Cost": 126450.94,
          "Total Cost": 10483211.57,
          "Plan Rows": 137273821,
          "Plan Width": 31,
          "Actual Startup Time": 1162.622,
          "Actual Total Time": 489578.019,
          "Actual Rows": 137579937,
          "Actual Loops": 1,
          "Hash Cond": "(catalog_sales.cs_sold_date_sk = date_dim.d_date_sk)",
          "Plans": [
            {
              "Node Type": "Hash Join",
              "Parent Relationship": "Outer",
              "Join Type": "Inner",
              "Startup Cost": 123402.34,
              "Total Cost": 8590147.76,
              "Plan Rows": 137940534,
              "Plan Width": 35,
              "Actual Startup Time": 1141.494,
              "Actual Total Time": 462760.616,
              "Actual Rows": 137579937,
              "Actual Loops": 1,
              "Hash Cond": "(catalog_sales.cs_bill_customer_sk = customer.c_customer_sk)",
              "Plans": [
                {
                  "Node Type": "Seq Scan",
                  "Parent Relationship": "Outer",
                  "Relation Name": "catalog_sales",
                  "Alias": "catalog_sales",
                  "Startup Cost": 0.00,
                  "Total Cost": 5227045.72,
                  "Plan Rows": 143997072,
                  "Plan Width": 8,
                  "Actual Startup Time": 0.031,
                  "Actual Total Time": 357227.619,
                  "Actual Rows": 142569081,
                  "Actual Loops": 1
                },
                {
                  "Node Type": "Hash",
                  "Parent Relationship": "Inner",
                  "Startup Cost": 83542.76,
                  "Total Cost": 83542.76,
                  "Plan Rows": 1962286,
                  "Plan Width": 35,
                  "Actual Startup Time": 934.774,
                  "Actual Total Time": 934.774,
                  "Actual Rows": 1930014,
                  "Actual Loops": 1,
                  "Hash Buckets": 65536,
                  "Original Hash Buckets": 65536,
                  "Hash Batches": 64,
                  "Original Hash Batches": 64,
                  "Peak Memory Usage": 2510,
                  "Plans": [
                    {
                      "Node Type": "Seq Scan",
                      "Parent Relationship": "Outer",
                      "Relation Name": "customer",
                      "Alias": "customer",
                      "Startup Cost": 0.00,
                      "Total Cost": 83542.76,
                      "Plan Rows": 1962286,
                      "Plan Width": 35,
                      "Actual Startup Time": 0.012,
                      "Actual Total Time": 509.260,
                      "Actual Rows": 1930014,
                      "Actual Loops": 1,
                      "Filter": "(c_birth_year >= 1924)",
                      "Rows Removed by Filter": 69986
                    }
                  ]
                }
              ]
            },
            {
              "Node Type": "Hash",
              "Parent Relationship": "Inner",
              "Startup Cost": 2135.49,
              "Total Cost": 2135.49,
              "Plan Rows": 73049,
              "Plan Width": 4,
              "Actual Startup Time": 20.606,
              "Actual Total Time": 20.606,
              "Actual Rows": 73049,
              "Actual Loops": 1,
              "Hash Buckets": 131072,
              "Original Hash Buckets": 131072,
              "Hash Batches": 1,
              "Original Hash Batches": 1,
              "Peak Memory Usage": 3593,
              "Plans": [
                {
                  "Node Type": "Seq Scan",
                  "Parent Relationship": "Outer",
                  "Relation Name": "date_dim",
                  "Alias": "date_dim",
                  "Startup Cost": 0.00,
                  "Total Cost": 2135.49,
                  "Plan Rows": 73049,
                  "Plan Width": 4,
                  "Actual Startup Time": 0.003,
                  "Actual Total Time": 10.047,
                  "Actual Rows": 73049,
                  "Actual Loops": 1
                }
              ]
            }
          ]
        }
      ]
    },
    "Planning Time": 0.719,
    "Triggers": [
    ],
    "Execution Time": 522810.567
  }
]
