[
  {
    "Plan": {
      "Node Type": "Hash Join",
      "Join Type": "Inner",
      "Startup Cost": 22024.86,
      "Total Cost": 2930920.33,
      "Plan Rows": 719386,
      "Plan Width": 12,
      "Actual Startup Time": 1489.102,
      "Actual Total Time": 144058.818,
      "Actual Rows": 43073270,
      "Actual Loops": 1,
      "Hash Cond": "(web_sales.ws_item_sk = iws.i_item_sk)",
      "Plans": [
        {
          "Node Type": "Hash Join",
          "Parent Relationship": "Outer",
          "Join Type": "Inner",
          "Startup Cost": 2509.86,
          "Total Cost": 2894894.77,
          "Plan Rows": 719386,
          "Plan Width": 4,
          "Actual Startup Time": 15.887,
          "Actual Total Time": 117764.389,
          "Actual Rows": 43073270,
          "Actual Loops": 1,
          "Hash Cond": "(web_sales.ws_sold_date_sk = d3.d_date_sk)",
          "Plans": [
            {
              "Node Type": "Seq Scan",
              "Parent Relationship": "Outer",
              "Relation Name": "web_sales",
              "Alias": "web_sales",
              "Startup Cost": 0.00,
              "Total Cost": 2615186.40,
              "Plan Rows": 72001240,
              "Plan Width": 8,
              "Actual Startup Time": 0.455,
              "Actual Total Time": 99127.740,
              "Actual Rows": 71969891,
              "Actual Loops": 1
            },
            {
              "Node Type": "Hash",
              "Parent Relationship": "Inner",
              "Startup Cost": 2500.73,
              "Total Cost": 2500.73,
              "Plan Rows": 730,
              "Plan Width": 4,
              "Actual Startup Time": 15.409,
              "Actual Total Time": 15.409,
              "Actual Rows": 1096,
              "Actual Loops": 1,
              "Hash Buckets": 2048,
              "Original Hash Buckets": 1024,
              "Hash Batches": 1,
              "Original Hash Batches": 1,
              "Peak Memory Usage": 55,
              "Plans": [
                {
                  "Node Type": "Seq Scan",
                  "Parent Relationship": "Outer",
                  "Relation Name": "date_dim",
                  "Alias": "d3",
                  "Startup Cost": 0.00,
                  "Total Cost": 2500.73,
                  "Plan Rows": 730,
                  "Plan Width": 4,
                  "Actual Startup Time": 8.238,
                  "Actual Total Time": 15.132,
                  "Actual Rows": 1096,
                  "Actual Loops": 1,
                  "Filter": "((d_year >= 1998) AND (d_year <= 2000))",
                  "Rows Removed by Filter": 71953
                }
              ]
            }
          ]
        },
        {
          "Node Type": "Hash",
          "Parent Relationship": "Inner",
          "Startup Cost": 15968.00,
          "Total Cost": 15968.00,
          "Plan Rows": 204000,
          "Plan Width": 16,
          "Actual Startup Time": 1472.684,
          "Actual Total Time": 1472.684,
          "Actual Rows": 204000,
          "Actual Loops": 1,
          "Hash Buckets": 131072,
          "Original Hash Buckets": 131072,
          "Hash Batches": 4,
          "Original Hash Batches": 4,
          "Peak Memory Usage": 3430,
          "Plans": [
            {
              "Node Type": "Seq Scan",
              "Parent Relationship": "Outer",
              "Relation Name": "item",
              "Alias": "iws",
              "Startup Cost": 0.00,
              "Total Cost": 15968.00,
              "Plan Rows": 204000,
              "Plan Width": 16,
              "Actual Startup Time": 0.002,
              "Actual Total Time": 1414.162,
              "Actual Rows": 204000,
              "Actual Loops": 1
            }
          ]
        }
      ]
    },
    "Planning Time": 3.077,
    "Triggers": [
    ],
    "Execution Time": 145466.699
  }
]
