[
  {
    "Plan": {
      "Node Type": "Aggregate",
      "Strategy": "Hashed",
      "Startup Cost": 202978.82,
      "Total Cost": 202978.83,
      "Plan Rows": 1,
      "Plan Width": 4,
      "Actual Startup Time": 950.204,
      "Actual Total Time": 950.204,
      "Actual Rows": 1,
      "Actual Loops": 1,
      "Plans": [
        {
          "Node Type": "Seq Scan",
          "Parent Relationship": "Outer",
          "Relation Name": "lineitem",
          "Alias": "lineitem",
          "Startup Cost": 0.00,
          "Total Cost": 202521.22,
          "Plan Rows": 91519,
          "Plan Width": 4,
          "Actual Startup Time": 0.015,
          "Actual Total Time": 933.461,
          "Actual Rows": 88436,
          "Actual Loops": 1,
          "Filter": "((l_shipdate <= '1998-12-01'::date) AND (l_shipdate >= '1998-09-01'::date))",
          "Rows Removed by Filter": 5912779
        }
      ]
    },
    "Triggers": [
    ],
    "Total Runtime": 950.238
  }
]
