[
  {
    "Plan": {
      "Node Type": "Aggregate",
      "Strategy": "Hashed",
      "Startup Cost": 264232.67,
      "Total Cost": 264793.51,
      "Plan Rows": 56084,
      "Plan Width": 248,
      "Actual Startup Time": 1554.759,
      "Actual Total Time": 1563.500,
      "Actual Rows": 35593,
      "Actual Loops": 1,
      "Plans": [
        {
          "Node Type": "Hash Join",
          "Parent Relationship": "Outer",
          "Join Type": "Inner",
          "Startup Cost": 56260.38,
          "Total Cost": 263251.20,
          "Plan Rows": 56084,
          "Plan Width": 248,
          "Actual Startup Time": 205.852,
          "Actual Total Time": 1483.784,
          "Actual Rows": 94907,
          "Actual Loops": 1,
          "Hash Cond": "(customer.c_nationkey = nation.n_nationkey)",
          "Plans": [
            {
              "Node Type": "Hash Join",
              "Parent Relationship": "Outer",
              "Join Type": "Inner",
              "Startup Cost": 56258.81,
              "Total Cost": 262478.48,
              "Plan Rows": 56084,
              "Plan Width": 148,
              "Actual Startup Time": 205.837,
              "Actual Total Time": 1465.968,
              "Actual Rows": 94907,
              "Actual Loops": 1,
              "Hash Cond": "(orders.o_custkey = customer.c_custkey)",
              "Plans": [
                {
                  "Node Type": "Hash Join",
                  "Parent Relationship": "Outer",
                  "Join Type": "Inner",
                  "Startup Cost": 49298.81,
                  "Total Cost": 254186.49,
                  "Plan Rows": 56084,
                  "Plan Width": 4,
                  "Actual Startup Time": 157.177,
                  "Actual Total Time": 1343.396,
                  "Actual Rows": 94907,
                  "Actual Loops": 1,
                  "Hash Cond": "(lineitem.l_orderkey = orders.o_orderkey)",
                  "Plans": [
                    {
                      "Node Type": "Seq Scan",
                      "Parent Relationship": "Outer",
                      "Relation Name": "lineitem",
                      "Alias": "lineitem",
                      "Startup Cost": 0.00,
                      "Total Cost": 187518.19,
                      "Plan Rows": 1494102,
                      "Plan Width": 4,
                      "Actual Startup Time": 0.008,
                      "Actual Total Time": 861.753,
                      "Actual Rows": 1478870,
                      "Actual Loops": 1,
                      "Filter": "(l_returnflag = 'R'::bpchar)",
                      "Rows Removed by Filter": 4522345
                    },
                    {
                      "Node Type": "Hash",
                      "Parent Relationship": "Inner",
                      "Startup Cost": 48595.00,
                      "Total Cost": 48595.00,
                      "Plan Rows": 56305,
                      "Plan Width": 8,
                      "Actual Startup Time": 157.009,
                      "Actual Total Time": 157.009,
                      "Actual Rows": 56506,
                      "Actual Loops": 1,
                      "Hash Buckets": 8192,
                      "Hash Batches": 1,
                      "Original Hash Batches": 1,
                      "Peak Memory Usage": 2208,
                      "Plans": [
                        {
                          "Node Type": "Seq Scan",
                          "Parent Relationship": "Outer",
                          "Relation Name": "orders",
                          "Alias": "orders",
                          "Startup Cost": 0.00,
                          "Total Cost": 48595.00,
                          "Plan Rows": 56305,
                          "Plan Width": 8,
                          "Actual Startup Time": 0.006,
                          "Actual Total Time": 150.958,
                          "Actual Rows": 56506,
                          "Actual Loops": 1,
                          "Filter": "((o_orderdate >= '1995-01-01'::date) AND (o_orderdate < '1995-04-01'::date))",
                          "Rows Removed by Filter": 1443494
                        }
                      ]
                    }
                  ]
                },
                {
                  "Node Type": "Hash",
                  "Parent Relationship": "Inner",
                  "Startup Cost": 5085.00,
                  "Total Cost": 5085.00,
                  "Plan Rows": 150000,
                  "Plan Width": 148,
                  "Actual Startup Time": 48.646,
                  "Actual Total Time": 48.646,
                  "Actual Rows": 150000,
                  "Actual Loops": 1,
                  "Hash Buckets": 16384,
                  "Hash Batches": 1,
                  "Original Hash Batches": 1,
                  "Peak Memory Usage": 26813,
                  "Plans": [
                    {
                      "Node Type": "Seq Scan",
                      "Parent Relationship": "Outer",
                      "Relation Name": "customer",
                      "Alias": "customer",
                      "Startup Cost": 0.00,
                      "Total Cost": 5085.00,
                      "Plan Rows": 150000,
                      "Plan Width": 148,
                      "Actual Startup Time": 0.002,
                      "Actual Total Time": 21.273,
                      "Actual Rows": 150000,
                      "Actual Loops": 1
                    }
                  ]
                }
              ]
            },
            {
              "Node Type": "Hash",
              "Parent Relationship": "Inner",
              "Startup Cost": 1.25,
              "Total Cost": 1.25,
              "Plan Rows": 25,
              "Plan Width": 108,
              "Actual Startup Time": 0.010,
              "Actual Total Time": 0.010,
              "Actual Rows": 25,
              "Actual Loops": 1,
              "Hash Buckets": 1024,
              "Hash Batches": 1,
              "Original Hash Batches": 1,
              "Peak Memory Usage": 2,
              "Plans": [
                {
                  "Node Type": "Seq Scan",
                  "Parent Relationship": "Outer",
                  "Relation Name": "nation",
                  "Alias": "nation",
                  "Startup Cost": 0.00,
                  "Total Cost": 1.25,
                  "Plan Rows": 25,
                  "Plan Width": 108,
                  "Actual Startup Time": 0.002,
                  "Actual Total Time": 0.007,
                  "Actual Rows": 25,
                  "Actual Loops": 1
                }
              ]
            }
          ]
        }
      ]
    },
    "Triggers": [
    ],
    "Total Runtime": 1564.434
  }
]
