[
  {
    "Plan": {
      "Node Type": "Aggregate",
      "Strategy": "Hashed",
      "Startup Cost": 29220.03,
      "Total Cost": 29539.39,
      "Plan Rows": 31936,
      "Plan Width": 4,
      "Actual Startup Time": 117.292,
      "Actual Total Time": 121.097,
      "Actual Rows": 30846,
      "Actual Loops": 1,
      "Plans": [
        {
          "Node Type": "Hash Join",
          "Parent Relationship": "Outer",
          "Join Type": "Inner",
          "Startup Cost": 369.82,
          "Total Cost": 29140.19,
          "Plan Rows": 31936,
          "Plan Width": 4,
          "Actual Startup Time": 1.524,
          "Actual Total Time": 111.474,
          "Actual Rows": 32880,
          "Actual Loops": 1,
          "Hash Cond": "(partsupp.ps_suppkey = supplier.s_suppkey)",
          "Plans": [
            {
              "Node Type": "Seq Scan",
              "Parent Relationship": "Outer",
              "Relation Name": "partsupp",
              "Alias": "partsupp",
              "Startup Cost": 0.00,
              "Total Cost": 25451.00,
              "Plan Rows": 800000,
              "Plan Width": 8,
              "Actual Startup Time": 0.003,
              "Actual Total Time": 53.223,
              "Actual Rows": 800000,
              "Actual Loops": 1
            },
            {
              "Node Type": "Hash",
              "Parent Relationship": "Inner",
              "Startup Cost": 364.82,
              "Total Cost": 364.82,
              "Plan Rows": 400,
              "Plan Width": 4,
              "Actual Startup Time": 1.516,
              "Actual Total Time": 1.516,
              "Actual Rows": 411,
              "Actual Loops": 1,
              "Hash Buckets": 1024,
              "Hash Batches": 1,
              "Original Hash Batches": 1,
              "Peak Memory Usage": 15,
              "Plans": [
                {
                  "Node Type": "Hash Join",
                  "Parent Relationship": "Outer",
                  "Join Type": "Inner",
                  "Startup Cost": 1.32,
                  "Total Cost": 364.82,
                  "Plan Rows": 400,
                  "Plan Width": 4,
                  "Actual Startup Time": 0.023,
                  "Actual Total Time": 1.478,
                  "Actual Rows": 411,
                  "Actual Loops": 1,
                  "Hash Cond": "(supplier.s_nationkey = nation.n_nationkey)",
                  "Plans": [
                    {
                      "Node Type": "Seq Scan",
                      "Parent Relationship": "Outer",
                      "Relation Name": "supplier",
                      "Alias": "supplier",
                      "Startup Cost": 0.00,
                      "Total Cost": 322.00,
                      "Plan Rows": 10000,
                      "Plan Width": 8,
                      "Actual Startup Time": 0.002,
                      "Actual Total Time": 0.735,
                      "Actual Rows": 10000,
                      "Actual Loops": 1
                    },
                    {
                      "Node Type": "Hash",
                      "Parent Relationship": "Inner",
                      "Startup Cost": 1.31,
                      "Total Cost": 1.31,
                      "Plan Rows": 1,
                      "Plan Width": 4,
                      "Actual Startup Time": 0.007,
                      "Actual Total Time": 0.007,
                      "Actual Rows": 1,
                      "Actual Loops": 1,
                      "Hash Buckets": 1024,
                      "Hash Batches": 1,
                      "Original Hash Batches": 1,
                      "Peak Memory Usage": 1,
                      "Plans": [
                        {
                          "Node Type": "Seq Scan",
                          "Parent Relationship": "Outer",
                          "Relation Name": "nation",
                          "Alias": "nation",
                          "Startup Cost": 0.00,
                          "Total Cost": 1.31,
                          "Plan Rows": 1,
                          "Plan Width": 4,
                          "Actual Startup Time": 0.005,
                          "Actual Total Time": 0.006,
                          "Actual Rows": 1,
                          "Actual Loops": 1,
                          "Filter": "(n_name = 'SAUDI ARABIA'::bpchar)",
                          "Rows Removed by Filter": 24
                        }
                      ]
                    }
                  ]
                }
              ]
            }
          ]
        }
      ]
    },
    "Triggers": [
    ],
    "Total Runtime": 121.860
  }
]
