[
  {
    "Plan": {
      "Node Type": "Aggregate",
      "Strategy": "Hashed",
      "Startup Cost": 187518.19,
      "Total Cost": 189432.08,
      "Plan Rows": 191389,
      "Plan Width": 4,
      "Actual Startup Time": 2219.292,
      "Actual Total Time": 2249.321,
      "Actual Rows": 200000,
      "Actual Loops": 1,
      "Plans": [
        {
          "Node Type": "Seq Scan",
          "Parent Relationship": "Outer",
          "Relation Name": "lineitem",
          "Alias": "lineitem",
          "Startup Cost": 0.00,
          "Total Cost": 172515.15,
          "Plan Rows": 6001215,
          "Plan Width": 4,
          "Actual Startup Time": 0.003,
          "Actual Total Time": 684.761,
          "Actual Rows": 6001215,
          "Actual Loops": 1
        }
      ]
    },
    "Triggers": [
    ],
    "Total Runtime": 2254.925
  }
]
