[
  {
    "Plan": {
      "Node Type": "Hash Join",
      "Join Type": "Inner",
      "Startup Cost": 14478.14,
      "Total Cost": 42534.53,
      "Plan Rows": 26,
      "Plan Width": 1281,
      "Actual Startup Time": 29.185,
      "Actual Total Time": 143.556,
      "Actual Rows": 131,
      "Actual Loops": 1,
      "Hash Cond": "(partsupp.ps_suppkey = supplier.s_suppkey)",
      "Plans": [
        {
          "Node Type": "Hash Join",
          "Parent Relationship": "Outer",
          "Join Type": "Inner",
          "Startup Cost": 14107.20,
          "Total Cost": 42160.90,
          "Plan Rows": 649,
          "Plan Width": 273,
          "Actual Startup Time": 21.467,
          "Actual Total Time": 140.888,
          "Actual Rows": 620,
          "Actual Loops": 1,
          "Hash Cond": "(partsupp.ps_partkey = part.p_partkey)",
          "Plans": [
            {
              "Node Type": "Seq Scan",
              "Parent Relationship": "Outer",
              "Relation Name": "partsupp",
              "Alias": "partsupp",
              "Startup Cost": 0.00,
              "Total Cost": 27451.00,
              "Plan Rows": 158989,
              "Plan Width": 143,
              "Actual Startup Time": 0.003,
              "Actual Total Time": 108.300,
              "Actual Rows": 160090,
              "Actual Loops": 1,
              "Filter": "(ps_supplycost >= 800::numeric)",
              "Rows Removed by Filter": 639910
            },
            {
              "Node Type": "Hash",
              "Parent Relationship": "Inner",
              "Startup Cost": 14097.00,
              "Total Cost": 14097.00,
              "Plan Rows": 816,
              "Plan Width": 130,
              "Actual Startup Time": 21.448,
              "Actual Total Time": 21.448,
              "Actual Rows": 769,
              "Actual Loops": 1,
              "Hash Buckets": 1024,
              "Hash Batches": 1,
              "Original Hash Batches": 1,
              "Peak Memory Usage": 125,
              "Plans": [
                {
                  "Node Type": "Seq Scan",
                  "Parent Relationship": "Outer",
                  "Relation Name": "part",
                  "Alias": "part",
                  "Startup Cost": 0.00,
                  "Total Cost": 14097.00,
                  "Plan Rows": 816,
                  "Plan Width": 130,
                  "Actual Startup Time": 0.005,
                  "Actual Total Time": 21.378,
                  "Actual Rows": 769,
                  "Actual Loops": 1,
                  "Filter": "((p_size = 25) AND ((p_type)::text = ANY ('{\"SMALL POLISHED STEEL\",\"LARGE ANODIZED STEEL\",\"STANDARD PLATED STEEL\",\"SMALL ANODIZED STEEL\",\"LARGE BRUSHED STEEL\",\"LARGE POLISHED STEEL\",\"SMALL PLATED STEEL\",\"ECONOMY BRUSHED STEEL\",\"LARGE PLATED STEEL\",\"PROMO BRUSHED STEEL\",\"MEDIUM POLISHED STEEL\",\"MEDIUM BRUSHED STEEL\",\"SMALL BRUSHED STEEL\",\"STANDARD BURNISHED STEEL\",\"PROMO ANODIZED STEEL\",\"MEDIUM PLATED STEEL\",\"STANDARD BRUSHED STEEL\",\"PROMO PLATED STEEL\",\"PROMO POLISHED STEEL\",\"STANDARD POLISHED STEEL\",\"ECONOMY PLATED STEEL\",\"STANDARD ANODIZED STEEL\",\"LARGE BURNISHED STEEL\",\"PROMO BURNISHED STEEL\",\"MEDIUM ANODIZED STEEL\",\"ECONOMY BURNISHED STEEL\",\"SMALL BURNISHED STEEL\",\"ECONOMY ANODIZED STEEL\",\"ECONOMY POLISHED STEEL\",\"MEDIUM BURNISHED STEEL\"}'::text[])))",
                  "Rows Removed by Filter": 199231
                }
              ]
            }
          ]
        },
        {
          "Node Type": "Hash",
          "Parent Relationship": "Inner",
          "Startup Cost": 365.94,
          "Total Cost": 365.94,
          "Plan Rows": 400,
          "Plan Width": 1008,
          "Actual Startup Time": 2.371,
          "Actual Total Time": 2.371,
          "Actual Rows": 1987,
          "Actual Loops": 1,
          "Hash Buckets": 1024,
          "Hash Batches": 1,
          "Original Hash Batches": 1,
          "Peak Memory Usage": 708,
          "Plans": [
            {
              "Node Type": "Hash Join",
              "Parent Relationship": "Outer",
              "Join Type": "Inner",
              "Startup Cost": 2.44,
              "Total Cost": 365.94,
              "Plan Rows": 400,
              "Plan Width": 1008,
              "Actual Startup Time": 0.019,
              "Actual Total Time": 1.821,
              "Actual Rows": 1987,
              "Actual Loops": 1,
              "Hash Cond": "(supplier.s_nationkey = nation.n_nationkey)",
              "Plans": [
                {
                  "Node Type": "Seq Scan",
                  "Parent Relationship": "Outer",
                  "Relation Name": "supplier",
                  "Alias": "supplier",
                  "Startup Cost": 0.00,
                  "Total Cost": 322.00,
                  "Plan Rows": 10000,
                  "Plan Width": 144,
                  "Actual Startup Time": 0.002,
                  "Actual Total Time": 0.755,
                  "Actual Rows": 10000,
                  "Actual Loops": 1
                },
                {
                  "Node Type": "Hash",
                  "Parent Relationship": "Inner",
                  "Startup Cost": 2.43,
                  "Total Cost": 2.43,
                  "Plan Rows": 1,
                  "Plan Width": 864,
                  "Actual Startup Time": 0.013,
                  "Actual Total Time": 0.013,
                  "Actual Rows": 5,
                  "Actual Loops": 1,
                  "Hash Buckets": 1024,
                  "Hash Batches": 1,
                  "Original Hash Batches": 1,
                  "Peak Memory Usage": 2,
                  "Plans": [
                    {
                      "Node Type": "Hash Join",
                      "Parent Relationship": "Outer",
                      "Join Type": "Inner",
                      "Startup Cost": 1.07,
                      "Total Cost": 2.43,
                      "Plan Rows": 1,
                      "Plan Width": 864,
                      "Actual Startup Time": 0.009,
                      "Actual Total Time": 0.012,
                      "Actual Rows": 5,
                      "Actual Loops": 1,
                      "Hash Cond": "(nation.n_regionkey = region.r_regionkey)",
                      "Plans": [
                        {
                          "Node Type": "Seq Scan",
                          "Parent Relationship": "Outer",
                          "Relation Name": "nation",
                          "Alias": "nation",
                          "Startup Cost": 0.00,
                          "Total Cost": 1.25,
                          "Plan Rows": 25,
                          "Plan Width": 434,
                          "Actual Startup Time": 0.002,
                          "Actual Total Time": 0.003,
                          "Actual Rows": 25,
                          "Actual Loops": 1
                        },
                        {
                          "Node Type": "Hash",
                          "Parent Relationship": "Inner",
                          "Startup Cost": 1.06,
                          "Total Cost": 1.06,
                          "Plan Rows": 1,
                          "Plan Width": 430,
                          "Actual Startup Time": 0.004,
                          "Actual Total Time": 0.004,
                          "Actual Rows": 1,
                          "Actual Loops": 1,
                          "Hash Buckets": 1024,
                          "Hash Batches": 1,
                          "Original Hash Batches": 1,
                          "Peak Memory Usage": 1,
                          "Plans": [
                            {
                              "Node Type": "Seq Scan",
                              "Parent Relationship": "Outer",
                              "Relation Name": "region",
                              "Alias": "region",
                              "Startup Cost": 0.00,
                              "Total Cost": 1.06,
                              "Plan Rows": 1,
                              "Plan Width": 430,
                              "Actual Startup Time": 0.003,
                              "Actual Total Time": 0.004,
                              "Actual Rows": 1,
                              "Actual Loops": 1,
                              "Filter": "(r_name = 'EUROPE'::bpchar)",
                              "Rows Removed by Filter": 4
                            }
                          ]
                        }
                      ]
                    }
                  ]
                }
              ]
            }
          ]
        }
      ]
    },
    "Triggers": [
    ],
    "Total Runtime": 143.612
  }
]
