[
  {
    "Plan": {
      "Node Type": "Aggregate",
      "Strategy": "Hashed",
      "Startup Cost": 204784.52,
      "Total Cost": 205073.25,
      "Plan Rows": 28873,
      "Plan Width": 4,
      "Actual Startup Time": 1186.204,
      "Actual Total Time": 1218.497,
      "Actual Rows": 197908,
      "Actual Loops": 1,
      "Plans": [
        {
          "Node Type": "Seq Scan",
          "Parent Relationship": "Outer",
          "Relation Name": "lineitem",
          "Alias": "lineitem",
          "Startup Cost": 0.00,
          "Total Cost": 202521.22,
          "Plan Rows": 905320,
          "Plan Width": 4,
          "Actual Startup Time": 0.011,
          "Actual Total Time": 881.704,
          "Actual Rows": 911395,
          "Actual Loops": 1,
          "Filter": "((l_shipdate >= '1997-01-01'::date) AND (l_shipdate < '1998-01-01'::date))",
          "Rows Removed by Filter": 5089820
        }
      ]
    },
    "Triggers": [
    ],
    "Total Runtime": 1223.681
  }
]
