[
  {
    "Plan": {
      "Node Type": "Aggregate",
      "Strategy": "Hashed",
      "Startup Cost": 5800.01,
      "Total Cost": 7160.02,
      "Plan Rows": 136002,
      "Plan Width": 16,
      "Actual Startup Time": 57.171,
      "Actual Total Time": 75.404,
      "Actual Rows": 136308,
      "Actual Loops": 1,
      "Plans": [
        {
          "Node Type": "Seq Scan",
          "Parent Relationship": "Outer",
          "Relation Name": "customer",
          "Alias": "customer",
          "Startup Cost": 0.00,
          "Total Cost": 5460.00,
          "Plan Rows": 136002,
          "Plan Width": 16,
          "Actual Startup Time": 0.008,
          "Actual Total Time": 29.166,
          "Actual Rows": 136308,
          "Actual Loops": 1,
          "Filter": "(c_acctbal > 0.0)",
          "Rows Removed by Filter": 13692
        }
      ]
    },
    "Triggers": [
    ],
    "Total Runtime": 79.227
  }
]
