[
  {
    "Plan": {
      "Node Type": "Hash Join",
      "Join Type": "Inner",
      "Startup Cost": 6960.00,
      "Total Cost": 83680.00,
      "Plan Rows": 1500000,
      "Plan Width": 266,
      "Actual Startup Time": 43.792,
      "Actual Total Time": 1285.060,
      "Actual Rows": 1500000,
      "Actual Loops": 1,
      "Hash Cond": "(orders.o_custkey = customer.c_custkey)",
      "Plans": [
        {
          "Node Type": "Seq Scan",
          "Parent Relationship": "Outer",
          "Relation Name": "orders",
          "Alias": "orders",
          "Startup Cost": 0.00,
          "Total Cost": 41095.00,
          "Plan Rows": 1500000,
          "Plan Width": 107,
          "Actual Startup Time": 0.005,
          "Actual Total Time": 99.784,
          "Actual Rows": 1500000,
          "Actual Loops": 1
        },
        {
          "Node Type": "Hash",
          "Parent Relationship": "Inner",
          "Startup Cost": 5085.00,
          "Total Cost": 5085.00,
          "Plan Rows": 150000,
          "Plan Width": 159,
          "Actual Startup Time": 43.751,
          "Actual Total Time": 43.751,
          "Actual Rows": 150000,
          "Actual Loops": 1,
          "Hash Buckets": 16384,
          "Hash Batches": 1,
          "Original Hash Batches": 1,
          "Peak Memory Usage": 28417,
          "Plans": [
            {
              "Node Type": "Seq Scan",
              "Parent Relationship": "Outer",
              "Relation Name": "customer",
              "Alias": "customer",
              "Startup Cost": 0.00,
              "Total Cost": 5085.00,
              "Plan Rows": 150000,
              "Plan Width": 159,
              "Actual Startup Time": 0.003,
              "Actual Total Time": 14.130,
              "Actual Rows": 150000,
              "Actual Loops": 1
            }
          ]
        }
      ]
    },
    "Triggers": [
    ],
    "Total Runtime": 1324.011
  }
]
