[
  {
    "Plan": {
      "Node Type": "Aggregate",
      "Strategy": "Hashed",
      "Startup Cost": 48733.42,
      "Total Cost": 48733.43,
      "Plan Rows": 1,
      "Plan Width": 16,
      "Actual Startup Time": 166.634,
      "Actual Total Time": 166.634,
      "Actual Rows": 5,
      "Actual Loops": 1,
      "Plans": [
        {
          "Node Type": "Seq Scan",
          "Parent Relationship": "Outer",
          "Relation Name": "orders",
          "Alias": "orders",
          "Startup Cost": 0.00,
          "Total Cost": 48595.00,
          "Plan Rows": 55369,
          "Plan Width": 16,
          "Actual Startup Time": 0.015,
          "Actual Total Time": 156.854,
          "Actual Rows": 56965,
          "Actual Loops": 1,
          "Filter": "((o_orderdate >= '1996-03-01'::date) AND (o_orderdate < '1996-06-01'::date))",
          "Rows Removed by Filter": 1443035
        }
      ]
    },
    "Triggers": [
    ],
    "Total Runtime": 166.663
  }
]
