[
  {
    "Plan": {
      "Node Type": "Aggregate",
      "Strategy": "Hashed",
      "Startup Cost": 252402.04,
      "Total Cost": 252402.29,
      "Plan Rows": 25,
      "Plan Width": 104,
      "Actual Startup Time": 3424.668,
      "Actual Total Time": 3424.668,
      "Actual Rows": 5,
      "Actual Loops": 1,
      "Plans": [
        {
          "Node Type": "Hash Join",
          "Parent Relationship": "Outer",
          "Join Type": "Inner",
          "Startup Cost": 55908.98,
          "Total Cost": 252398.40,
          "Plan Rows": 1455,
          "Plan Width": 104,
          "Actual Startup Time": 347.906,
          "Actual Total Time": 3421.880,
          "Actual Rows": 7367,
          "Actual Loops": 1,
          "Hash Cond": "((lineitem.l_suppkey = supplier.s_suppkey) AND (customer.c_nationkey = supplier.s_nationkey))",
          "Plans": [
            {
              "Node Type": "Hash Join",
              "Parent Relationship": "Outer",
              "Join Type": "Inner",
              "Startup Cost": 55436.98,
              "Total Cost": 250820.48,
              "Plan Rows": 36379,
              "Plan Width": 116,
              "Actual Startup Time": 345.196,
              "Actual Total Time": 3326.298,
              "Actual Rows": 182865,
              "Actual Loops": 1,
              "Hash Cond": "(lineitem.l_orderkey = orders.o_orderkey)",
              "Plans": [
                {
                  "Node Type": "Seq Scan",
                  "Parent Relationship": "Outer",
                  "Relation Name": "lineitem",
                  "Alias": "lineitem",
                  "Startup Cost": 0.00,
                  "Total Cost": 172515.15,
                  "Plan Rows": 6001215,
                  "Plan Width": 8,
                  "Actual Startup Time": 0.002,
                  "Actual Total Time": 535.920,
                  "Actual Rows": 6001215,
                  "Actual Loops": 1
                },
                {
                  "Node Type": "Hash",
                  "Parent Relationship": "Inner",
                  "Startup Cost": 55323.32,
                  "Total Cost": 55323.32,
                  "Plan Rows": 9093,
                  "Plan Width": 116,
                  "Actual Startup Time": 345.122,
                  "Actual Total Time": 345.122,
                  "Actual Rows": 45630,
                  "Actual Loops": 1,
                  "Hash Buckets": 1024,
                  "Hash Batches": 1,
                  "Original Hash Batches": 1,
                  "Peak Memory Usage": 3209,
                  "Plans": [
                    {
                      "Node Type": "Hash Join",
                      "Parent Relationship": "Outer",
                      "Join Type": "Inner",
                      "Startup Cost": 5784.94,
                      "Total Cost": 55323.32,
                      "Plan Rows": 9093,
                      "Plan Width": 116,
                      "Actual Startup Time": 30.979,
                      "Actual Total Time": 336.241,
                      "Actual Rows": 45630,
                      "Actual Loops": 1,
                      "Hash Cond": "(orders.o_custkey = customer.c_custkey)",
                      "Plans": [
                        {
                          "Node Type": "Seq Scan",
                          "Parent Relationship": "Outer",
                          "Relation Name": "orders",
                          "Alias": "orders",
                          "Startup Cost": 0.00,
                          "Total Cost": 48595.00,
                          "Plan Rows": 227320,
                          "Plan Width": 8,
                          "Actual Startup Time": 0.004,
                          "Actual Total Time": 164.446,
                          "Actual Rows": 228637,
                          "Actual Loops": 1,
                          "Filter": "((o_orderdate >= '1995-01-01'::date) AND (o_orderdate < '1996-01-01'::date))",
                          "Rows Removed by Filter": 1271363
                        },
                        {
                          "Node Type": "Hash",
                          "Parent Relationship": "Inner",
                          "Startup Cost": 5709.94,
                          "Total Cost": 5709.94,
                          "Plan Rows": 6000,
                          "Plan Width": 116,
                          "Actual Startup Time": 30.960,
                          "Actual Total Time": 30.960,
                          "Actual Rows": 29952,
                          "Actual Loops": 1,
                          "Hash Buckets": 1024,
                          "Hash Batches": 1,
                          "Original Hash Batches": 1,
                          "Peak Memory Usage": 2106,
                          "Plans": [
                            {
                              "Node Type": "Hash Join",
                              "Parent Relationship": "Outer",
                              "Join Type": "Inner",
                              "Startup Cost": 2.44,
                              "Total Cost": 5709.94,
                              "Plan Rows": 6000,
                              "Plan Width": 116,
                              "Actual Startup Time": 0.016,
                              "Actual Total Time": 26.174,
                              "Actual Rows": 29952,
                              "Actual Loops": 1,
                              "Hash Cond": "(customer.c_nationkey = nation.n_nationkey)",
                              "Plans": [
                                {
                                  "Node Type": "Seq Scan",
                                  "Parent Relationship": "Outer",
                                  "Relation Name": "customer",
                                  "Alias": "customer",
                                  "Startup Cost": 0.00,
                                  "Total Cost": 5085.00,
                                  "Plan Rows": 150000,
                                  "Plan Width": 8,
                                  "Actual Startup Time": 0.002,
                                  "Actual Total Time": 11.648,
                                  "Actual Rows": 150000,
                                  "Actual Loops": 1
                                },
                                {
                                  "Node Type": "Hash",
                                  "Parent Relationship": "Inner",
                                  "Startup Cost": 2.43,
                                  "Total Cost": 2.43,
                                  "Plan Rows": 1,
                                  "Plan Width": 108,
                                  "Actual Startup Time": 0.011,
                                  "Actual Total Time": 0.011,
                                  "Actual Rows": 5,
                                  "Actual Loops": 1,
                                  "Hash Buckets": 1024,
                                  "Hash Batches": 1,
                                  "Original Hash Batches": 1,
                                  "Peak Memory Usage": 1,
                                  "Plans": [
                                    {
                                      "Node Type": "Hash Join",
                                      "Parent Relationship": "Outer",
                                      "Join Type": "Inner",
                                      "Startup Cost": 1.07,
                                      "Total Cost": 2.43,
                                      "Plan Rows": 1,
                                      "Plan Width": 108,
                                      "Actual Startup Time": 0.006,
                                      "Actual Total Time": 0.010,
                                      "Actual Rows": 5,
                                      "Actual Loops": 1,
                                      "Hash Cond": "(nation.n_regionkey = region.r_regionkey)",
                                      "Plans": [
                                        {
                                          "Node Type": "Seq Scan",
                                          "Parent Relationship": "Outer",
                                          "Relation Name": "nation",
                                          "Alias": "nation",
                                          "Startup Cost": 0.00,
                                          "Total Cost": 1.25,
                                          "Plan Rows": 25,
                                          "Plan Width": 112,
                                          "Actual Startup Time": 0.001,
                                          "Actual Total Time": 0.003,
                                          "Actual Rows": 25,
                                          "Actual Loops": 1
                                        },
                                        {
                                          "Node Type": "Hash",
                                          "Parent Relationship": "Inner",
                                          "Startup Cost": 1.06,
                                          "Total Cost": 1.06,
                                          "Plan Rows": 1,
                                          "Plan Width": 4,
                                          "Actual Startup Time": 0.002,
                                          "Actual Total Time": 0.002,
                                          "Actual Rows": 1,
                                          "Actual Loops": 1,
                                          "Hash Buckets": 1024,
                                          "Hash Batches": 1,
                                          "Original Hash Batches": 1,
                                          "Peak Memory Usage": 1,
                                          "Plans": [
                                            {
                                              "Node Type": "Seq Scan",
                                              "Parent Relationship": "Outer",
                                              "Relation Name": "region",
                                              "Alias": "region",
                                              "Startup Cost": 0.00,
                                              "Total Cost": 1.06,
                                              "Plan Rows": 1,
                                              "Plan Width": 4,
                                              "Actual Startup Time": 0.001,
                                              "Actual Total Time": 0.001,
                                              "Actual Rows": 1,
                                              "Actual Loops": 1,
                                              "Filter": "(r_name = 'AMERICA'::bpchar)",
                                              "Rows Removed by Filter": 4
                                            }
                                          ]
                                        }
                                      ]
                                    }
                                  ]
                                }
                              ]
                            }
                          ]
                        }
                      ]
                    }
                  ]
                }
              ]
            },
            {
              "Node Type": "Hash",
              "Parent Relationship": "Inner",
              "Startup Cost": 322.00,
              "Total Cost": 322.00,
              "Plan Rows": 10000,
              "Plan Width": 8,
              "Actual Startup Time": 2.177,
              "Actual Total Time": 2.177,
              "Actual Rows": 10000,
              "Actual Loops": 1,
              "Hash Buckets": 1024,
              "Hash Batches": 1,
              "Original Hash Batches": 1,
              "Peak Memory Usage": 391,
              "Plans": [
                {
                  "Node Type": "Seq Scan",
                  "Parent Relationship": "Outer",
                  "Relation Name": "supplier",
                  "Alias": "supplier",
                  "Startup Cost": 0.00,
                  "Total Cost": 322.00,
                  "Plan Rows": 10000,
                  "Plan Width": 8,
                  "Actual Startup Time": 0.003,
                  "Actual Total Time": 1.217,
                  "Actual Rows": 10000,
                  "Actual Loops": 1
                }
              ]
            }
          ]
        }
      ]
    },
    "Triggers": [
    ],
    "Total Runtime": 3424.721
  }
]
