[
  {
    "Plan": {
      "Node Type": "Hash Join",
      "Parallel Aware": false,
      "Join Type": "Inner",
      "Startup Cost": 2323.84,
      "Total Cost": 93826.26,
      "Plan Rows": 1199,
      "Plan Width": 2041,
      "Actual Startup Time": 17.606,
      "Actual Total Time": 2104.157,
      "Actual Rows": 528057,
      "Actual Loops": 1,
      "Hash Cond": "(store_sales.ss_store_sk = store.s_store_sk)",
      "Plans": [
        {
          "Node Type": "Hash Join",
          "Parent Relationship": "Outer",
          "Parallel Aware": false,
          "Join Type": "Inner",
          "Startup Cost": 2322.68,
          "Total Cost": 93759.68,
          "Plan Rows": 14392,
          "Plan Width": 229,
          "Actual Startup Time": 17.569,
          "Actual Total Time": 1486.829,
          "Actual Rows": 528057,
          "Actual Loops": 1,
          "Hash Cond": "(store_sales.ss_sold_date_sk = date_dim.d_date_sk)",
          "Plans": [
            {
              "Node Type": "Seq Scan",
              "Parent Relationship": "Outer",
              "Parallel Aware": false,
              "Relation Name": "store_sales",
              "Alias": "store_sales",
              "Startup Cost": 0.00,
              "Total Cost": 80498.67,
              "Plan Rows": 2880267,
              "Plan Width": 111,
              "Actual Startup Time": 0.008,
              "Actual Total Time": 504.819,
              "Actual Rows": 2622614,
              "Actual Loops": 1
            },
            {
              "Node Type": "Hash",
              "Parent Relationship": "Inner",
              "Parallel Aware": false,
              "Startup Cost": 2318.11,
              "Total Cost": 2318.11,
              "Plan Rows": 365,
              "Plan Width": 118,
              "Actual Startup Time": 17.549,
              "Actual Total Time": 17.549,
              "Actual Rows": 366,
              "Actual Loops": 1,
              "Hash Buckets": 1024,
              "Original Hash Buckets": 1024,
              "Hash Batches": 1,
              "Original Hash Batches": 1,
              "Peak Memory Usage": 64,
              "Plans": [
                {
                  "Node Type": "Seq Scan",
                  "Parent Relationship": "Outer",
                  "Parallel Aware": false,
                  "Relation Name": "date_dim",
                  "Alias": "date_dim",
                  "Startup Cost": 0.00,
                  "Total Cost": 2318.11,
                  "Plan Rows": 365,
                  "Plan Width": 118,
                  "Actual Startup Time": 8.686,
                  "Actual Total Time": 17.485,
                  "Actual Rows": 366,
                  "Actual Loops": 1,
                  "Filter": "(d_year = 2000)",
                  "Rows Removed by Filter": 72683
                }
              ]
            }
          ]
        },
        {
          "Node Type": "Hash",
          "Parent Relationship": "Inner",
          "Parallel Aware": false,
          "Startup Cost": 1.15,
          "Total Cost": 1.15,
          "Plan Rows": 1,
          "Plan Width": 1812,
          "Actual Startup Time": 0.029,
          "Actual Total Time": 0.029,
          "Actual Rows": 12,
          "Actual Loops": 1,
          "Hash Buckets": 1024,
          "Original Hash Buckets": 1024,
          "Hash Batches": 1,
          "Original Hash Batches": 1,
          "Peak Memory Usage": 12,
          "Plans": [
            {
              "Node Type": "Seq Scan",
              "Parent Relationship": "Outer",
              "Parallel Aware": false,
              "Relation Name": "store",
              "Alias": "store",
              "Startup Cost": 0.00,
              "Total Cost": 1.15,
              "Plan Rows": 1,
              "Plan Width": 1812,
              "Actual Startup Time": 0.015,
              "Actual Total Time": 0.023,
              "Actual Rows": 12,
              "Actual Loops": 1,
              "Filter": "(s_gmt_offset = '-5'::numeric)",
              "Rows Removed by Filter": 0
            }
          ]
        }
      ]
    },
    "Planning Time": 0.387,
    "Triggers": [
    ],
    "Execution Time": 2126.566
  }
]
