[
  {
    "Plan": {
      "Node Type": "Hash Join",
      "Parallel Aware": false,
      "Join Type": "Inner",
      "Startup Cost": 2.39,
      "Total Cost": 28900.65,
      "Plan Rows": 23979,
      "Plan Width": 1878,
      "Actual Startup Time": 0.051,
      "Actual Total Time": 462.133,
      "Actual Rows": 95477,
      "Actual Loops": 1,
      "Hash Cond": "(web_sales.ws_web_site_sk = web_site.web_site_sk)",
      "Plans": [
        {
          "Node Type": "Seq Scan",
          "Parent Relationship": "Outer",
          "Parallel Aware": false,
          "Relation Name": "web_sales",
          "Alias": "web_sales",
          "Startup Cost": 0.00,
          "Total Cost": 25960.84,
          "Plan Rows": 719384,
          "Plan Width": 166,
          "Actual Startup Time": 0.010,
          "Actual Total Time": 157.115,
          "Actual Rows": 719071,
          "Actual Loops": 1
        },
        {
          "Node Type": "Hash",
          "Parent Relationship": "Inner",
          "Parallel Aware": false,
          "Startup Cost": 2.38,
          "Total Cost": 2.38,
          "Plan Rows": 1,
          "Plan Width": 1712,
          "Actual Startup Time": 0.030,
          "Actual Total Time": 0.030,
          "Actual Rows": 5,
          "Actual Loops": 1,
          "Hash Buckets": 1024,
          "Original Hash Buckets": 1024,
          "Hash Batches": 1,
          "Original Hash Batches": 1,
          "Peak Memory Usage": 10,
          "Plans": [
            {
              "Node Type": "Seq Scan",
              "Parent Relationship": "Outer",
              "Parallel Aware": false,
              "Relation Name": "web_site",
              "Alias": "web_site",
              "Startup Cost": 0.00,
              "Total Cost": 2.38,
              "Plan Rows": 1,
              "Plan Width": 1712,
              "Actual Startup Time": 0.019,
              "Actual Total Time": 0.028,
              "Actual Rows": 5,
              "Actual Loops": 1,
              "Filter": "(web_company_name = 'pri'::bpchar)",
              "Rows Removed by Filter": 25
            }
          ]
        }
      ]
    },
    "Planning Time": 0.382,
    "Triggers": [
    ],
    "Execution Time": 466.294
  }
]
