[
  {
    "Plan": {
      "Node Type": "Nested Loop",
      "Parallel Aware": false,
      "Join Type": "Inner",
      "Startup Cost": 5.06,
      "Total Cost": 6268.38,
      "Plan Rows": 1,
      "Plan Width": 787,
      "Actual Startup Time": 1.667,
      "Actual Total Time": 26.093,
      "Actual Rows": 19,
      "Actual Loops": 1,
      "Plans": [
        {
          "Node Type": "Nested Loop",
          "Parent Relationship": "Outer",
          "Parallel Aware": false,
          "Join Type": "Inner",
          "Startup Cost": 4.77,
          "Total Cost": 5988.20,
          "Plan Rows": 839,
          "Plan Width": 669,
          "Actual Startup Time": 0.043,
          "Actual Total Time": 23.278,
          "Actual Rows": 712,
          "Actual Loops": 1,
          "Plans": [
            {
              "Node Type": "Seq Scan",
              "Parent Relationship": "Outer",
              "Parallel Aware": false,
              "Relation Name": "item",
              "Alias": "item",
              "Startup Cost": 0.00,
              "Total Cost": 2385.00,
              "Plan Rows": 21,
              "Plan Width": 503,
              "Actual Startup Time": 0.011,
              "Actual Total Time": 18.182,
              "Actual Rows": 20,
              "Actual Loops": 1,
              "Filter": "(i_item_id = ANY ('{AAAAAAAACAAAAAAA,AAAAAAAACAAAAAAA,AAAAAAAAEAAAAAAA,AAAAAAAAHAAAAAAA,AAAAAAAAKAAAAAAA,AAAAAAAANAAAAAAA,AAAAAAAAABAAAAAA,AAAAAAAADBAAAAAA,AAAAAAAAGBAAAAAA,AAAAAAAAMBAAAAAA}'::bpchar[]))",
              "Rows Removed by Filter": 17980
            },
            {
              "Node Type": "Bitmap Heap Scan",
              "Parent Relationship": "Inner",
              "Parallel Aware": false,
              "Relation Name": "web_sales",
              "Alias": "web_sales",
              "Startup Cost": 4.77,
              "Total Cost": 171.14,
              "Plan Rows": 44,
              "Plan Width": 166,
              "Actual Startup Time": 0.023,
              "Actual Total Time": 0.218,
              "Actual Rows": 36,
              "Actual Loops": 20,
              "Recheck Cond": "(ws_item_sk = item.i_item_sk)",
              "Rows Removed by Index Recheck": 0,
              "Exact Heap Blocks": 712,
              "Lossy Heap Blocks": 0,
              "Plans": [
                {
                  "Node Type": "Bitmap Index Scan",
                  "Parent Relationship": "Outer",
                  "Parallel Aware": false,
                  "Index Name": "web_sales_pkey",
                  "Startup Cost": 0.00,
                  "Total Cost": 4.75,
                  "Plan Rows": 44,
                  "Plan Width": 0,
                  "Actual Startup Time": 0.013,
                  "Actual Total Time": 0.013,
                  "Actual Rows": 36,
                  "Actual Loops": 20,
                  "Index Cond": "(ws_item_sk = item.i_item_sk)"
                }
              ]
            }
          ]
        },
        {
          "Node Type": "Index Scan",
          "Parent Relationship": "Inner",
          "Parallel Aware": false,
          "Scan Direction": "Forward",
          "Index Name": "date_dim_pkey",
          "Relation Name": "date_dim",
          "Alias": "date_dim",
          "Startup Cost": 0.29,
          "Total Cost": 0.32,
          "Plan Rows": 1,
          "Plan Width": 118,
          "Actual Startup Time": 0.004,
          "Actual Total Time": 0.004,
          "Actual Rows": 0,
          "Actual Loops": 712,
          "Index Cond": "(d_date_sk = web_sales.ws_sold_date_sk)",
          "Rows Removed by Index Recheck": 0,
          "Filter": "((d_qoy = 2) AND (d_year = 1999))",
          "Rows Removed by Filter": 1
        }
      ]
    },
    "Planning Time": 0.681,
    "Triggers": [
    ],
    "Execution Time": 26.197
  }
]
