[
  {
    "Plan": {
      "Node Type": "Hash Join",
      "Join Type": "Inner",
      "Startup Cost": 1.17,
      "Total Cost": 72081.18,
      "Plan Rows": 1434549,
      "Plan Width": 580,
      "Actual Startup Time": 0.014,
      "Actual Total Time": 1001.321,
      "Actual Rows": 1427357,
      "Actual Loops": 1,
      "Hash Cond": "(catalog_sales.cs_call_center_sk = call_center.cc_call_center_sk)",
      "Plans": [
        {
          "Node Type": "Seq Scan",
          "Parent Relationship": "Outer",
          "Relation Name": "catalog_sales",
          "Alias": "catalog_sales",
          "Startup Cost": 0.00,
          "Total Cost": 52328.65,
          "Plan Rows": 1441565,
          "Plan Width": 170,
          "Actual Startup Time": 0.005,
          "Actual Total Time": 162.096,
          "Actual Rows": 1427357,
          "Actual Loops": 1
        },
        {
          "Node Type": "Hash",
          "Parent Relationship": "Inner",
          "Startup Cost": 1.10,
          "Total Cost": 1.10,
          "Plan Rows": 6,
          "Plan Width": 410,
          "Actual Startup Time": 0.005,
          "Actual Total Time": 0.005,
          "Actual Rows": 6,
          "Actual Loops": 1,
          "Hash Buckets": 1024,
          "Hash Batches": 1,
          "Original Hash Batches": 1,
          "Peak Memory Usage": 3,
          "Plans": [
            {
              "Node Type": "Seq Scan",
              "Parent Relationship": "Outer",
              "Relation Name": "call_center",
              "Alias": "call_center",
              "Startup Cost": 0.00,
              "Total Cost": 1.10,
              "Plan Rows": 6,
              "Plan Width": 410,
              "Actual Startup Time": 0.002,
              "Actual Total Time": 0.003,
              "Actual Rows": 6,
              "Actual Loops": 1,
              "Filter": "((cc_county)::text = ANY ('{\"Williamson County\",\"Williamson County\",\"Williamson County\",\"Williamson County\",\"Williamson County\"}'::text[]))",
              "Rows Removed by Filter": 0
            }
          ]
        }
      ]
    },
    "Triggers": [
    ],
    "Total Runtime": 1036.156
  }
]
