[
  {
    "Plan": {
      "Node Type": "Hash Join",
      "Join Type": "Inner",
      "Startup Cost": 2684.85,
      "Total Cost": 96278.15,
      "Plan Rows": 4482,
      "Plan Width": 233,
      "Actual Startup Time": 8.470,
      "Actual Total Time": 428.758,
      "Actual Rows": 100252,
      "Actual Loops": 1,
      "Hash Cond": "(store_sales.ss_sold_date_sk = date_dim.d_date_sk)",
      "Plans": [
        {
          "Node Type": "Seq Scan",
          "Parent Relationship": "Outer",
          "Relation Name": "store_sales",
          "Alias": "store_sales",
          "Startup Cost": 0.00,
          "Total Cost": 82746.99,
          "Plan Rows": 2880399,
          "Plan Width": 115,
          "Actual Startup Time": 0.008,
          "Actual Total Time": 231.480,
          "Actual Rows": 2622614,
          "Actual Loops": 1
        },
        {
          "Node Type": "Hash",
          "Parent Relationship": "Inner",
          "Startup Cost": 2683.36,
          "Total Cost": 2683.36,
          "Plan Rows": 119,
          "Plan Width": 118,
          "Actual Startup Time": 8.372,
          "Actual Total Time": 8.372,
          "Actual Rows": 121,
          "Actual Loops": 1,
          "Hash Buckets": 1024,
          "Hash Batches": 1,
          "Original Hash Batches": 1,
          "Peak Memory Usage": 19,
          "Plans": [
            {
              "Node Type": "Seq Scan",
              "Parent Relationship": "Outer",
              "Relation Name": "date_dim",
              "Alias": "date_dim",
              "Startup Cost": 0.00,
              "Total Cost": 2683.36,
              "Plan Rows": 119,
              "Plan Width": 118,
              "Actual Startup Time": 4.283,
              "Actual Total Time": 8.360,
              "Actual Rows": 121,
              "Actual Loops": 1,
              "Filter": "((d_moy >= 2) AND (d_moy <= 5) AND (d_year = 2000))",
              "Rows Removed by Filter": 72928
            }
          ]
        }
      ]
    },
    "Triggers": [
    ],
    "Total Runtime": 431.576
  }
]
