[
  {
    "Plan": {
      "Node Type": "Hash Join",
      "Join Type": "Inner",
      "Startup Cost": 2684.85,
      "Total Cost": 60442.73,
      "Plan Rows": 2337,
      "Plan Width": 288,
      "Actual Startup Time": 81.666,
      "Actual Total Time": 241.478,
      "Actual Rows": 55330,
      "Actual Loops": 1,
      "Hash Cond": "(catalog_sales.cs_sold_date_sk = date_dim.d_date_sk)",
      "Plans": [
        {
          "Node Type": "Seq Scan",
          "Parent Relationship": "Outer",
          "Relation Name": "catalog_sales",
          "Alias": "catalog_sales",
          "Startup Cost": 0.00,
          "Total Cost": 52328.65,
          "Plan Rows": 1441565,
          "Plan Width": 170,
          "Actual Startup Time": 0.008,
          "Actual Total Time": 134.528,
          "Actual Rows": 1427357,
          "Actual Loops": 1
        },
        {
          "Node Type": "Hash",
          "Parent Relationship": "Inner",
          "Startup Cost": 2683.36,
          "Total Cost": 2683.36,
          "Plan Rows": 119,
          "Plan Width": 118,
          "Actual Startup Time": 9.194,
          "Actual Total Time": 9.194,
          "Actual Rows": 121,
          "Actual Loops": 1,
          "Hash Buckets": 1024,
          "Hash Batches": 1,
          "Original Hash Batches": 1,
          "Peak Memory Usage": 19,
          "Plans": [
            {
              "Node Type": "Seq Scan",
              "Parent Relationship": "Outer",
              "Relation Name": "date_dim",
              "Alias": "date_dim",
              "Startup Cost": 0.00,
              "Total Cost": 2683.36,
              "Plan Rows": 119,
              "Plan Width": 118,
              "Actual Startup Time": 4.564,
              "Actual Total Time": 9.185,
              "Actual Rows": 121,
              "Actual Loops": 1,
              "Filter": "((d_moy >= 2) AND (d_moy <= 5) AND (d_year = 2000))",
              "Rows Removed by Filter": 72928
            }
          ]
        }
      ]
    },
    "Triggers": [
    ],
    "Total Runtime": 242.919
  }
]
