[
  {
    "Plan": {
      "Node Type": "Hash Join",
      "Join Type": "Inner",
      "Startup Cost": 2684.49,
      "Total Cost": 31520.98,
      "Plan Rows": 896,
      "Plan Width": 289,
      "Actual Startup Time": 122.954,
      "Actual Total Time": 122.954,
      "Actual Rows": 0,
      "Actual Loops": 1,
      "Hash Cond": "(web_sales.ws_sold_date_sk = date_dim.d_date_sk)",
      "Plans": [
        {
          "Node Type": "Seq Scan",
          "Parent Relationship": "Outer",
          "Relation Name": "web_sales",
          "Alias": "web_sales",
          "Startup Cost": 0.00,
          "Total Cost": 26129.84,
          "Plan Rows": 719384,
          "Plan Width": 171,
          "Actual Startup Time": 0.008,
          "Actual Total Time": 73.272,
          "Actual Rows": 719071,
          "Actual Loops": 1
        },
        {
          "Node Type": "Hash",
          "Parent Relationship": "Inner",
          "Startup Cost": 2683.36,
          "Total Cost": 2683.36,
          "Plan Rows": 91,
          "Plan Width": 118,
          "Actual Startup Time": 9.129,
          "Actual Total Time": 9.129,
          "Actual Rows": 92,
          "Actual Loops": 1,
          "Hash Buckets": 1024,
          "Hash Batches": 1,
          "Original Hash Batches": 1,
          "Peak Memory Usage": 14,
          "Plans": [
            {
              "Node Type": "Seq Scan",
              "Parent Relationship": "Outer",
              "Relation Name": "date_dim",
              "Alias": "date_dim",
              "Startup Cost": 0.00,
              "Total Cost": 2683.36,
              "Plan Rows": 91,
              "Plan Width": 118,
              "Actual Startup Time": 4.755,
              "Actual Total Time": 9.123,
              "Actual Rows": 92,
              "Actual Loops": 1,
              "Filter": "((d_moy >= 3) AND (d_moy <= 5) AND (d_year = 2004))",
              "Rows Removed by Filter": 72957
            }
          ]
        }
      ]
    },
    "Triggers": [
    ],
    "Total Runtime": 122.991
  }
]
