[
  {
    "Plan": {
      "Node Type": "Hash Join",
      "Join Type": "Inner",
      "Startup Cost": 2684.49,
      "Total Cost": 60436.88,
      "Plan Rows": 1787,
      "Plan Width": 288,
      "Actual Startup Time": 231.258,
      "Actual Total Time": 231.258,
      "Actual Rows": 0,
      "Actual Loops": 1,
      "Hash Cond": "(catalog_sales.cs_sold_date_sk = date_dim.d_date_sk)",
      "Plans": [
        {
          "Node Type": "Seq Scan",
          "Parent Relationship": "Outer",
          "Relation Name": "catalog_sales",
          "Alias": "catalog_sales",
          "Startup Cost": 0.00,
          "Total Cost": 52328.65,
          "Plan Rows": 1441565,
          "Plan Width": 170,
          "Actual Startup Time": 0.008,
          "Actual Total Time": 142.498,
          "Actual Rows": 1427357,
          "Actual Loops": 1
        },
        {
          "Node Type": "Hash",
          "Parent Relationship": "Inner",
          "Startup Cost": 2683.36,
          "Total Cost": 2683.36,
          "Plan Rows": 91,
          "Plan Width": 118,
          "Actual Startup Time": 9.071,
          "Actual Total Time": 9.071,
          "Actual Rows": 92,
          "Actual Loops": 1,
          "Hash Buckets": 1024,
          "Hash Batches": 1,
          "Original Hash Batches": 1,
          "Peak Memory Usage": 14,
          "Plans": [
            {
              "Node Type": "Seq Scan",
              "Parent Relationship": "Outer",
              "Relation Name": "date_dim",
              "Alias": "date_dim",
              "Startup Cost": 0.00,
              "Total Cost": 2683.36,
              "Plan Rows": 91,
              "Plan Width": 118,
              "Actual Startup Time": 4.793,
              "Actual Total Time": 9.062,
              "Actual Rows": 92,
              "Actual Loops": 1,
              "Filter": "((d_moy >= 3) AND (d_moy <= 5) AND (d_year = 2004))",
              "Rows Removed by Filter": 72957
            }
          ]
        }
      ]
    },
    "Triggers": [
    ],
    "Total Runtime": 231.295
  }
]
