[
  {
    "Plan": {
      "Node Type": "Hash Join",
      "Join Type": "Inner",
      "Startup Cost": 61729.45,
      "Total Cost": 63510.13,
      "Plan Rows": 22,
      "Plan Width": 936,
      "Actual Startup Time": 242.639,
      "Actual Total Time": 257.130,
      "Actual Rows": 1099,
      "Actual Loops": 1,
      "Hash Cond": "(customer_address.ca_address_sk = catalog_sales.cs_bill_addr_sk)",
      "Plans": [
        {
          "Node Type": "Seq Scan",
          "Parent Relationship": "Outer",
          "Relation Name": "customer_address",
          "Alias": "customer_address",
          "Startup Cost": 0.00,
          "Total Cost": 1712.00,
          "Plan Rows": 18255,
          "Plan Width": 145,
          "Actual Startup Time": 0.007,
          "Actual Total Time": 8.438,
          "Actual Rows": 18246,
          "Actual Loops": 1,
          "Filter": "(ca_gmt_offset = (-5)::numeric)",
          "Rows Removed by Filter": 31754
        },
        {
          "Node Type": "Hash",
          "Parent Relationship": "Inner",
          "Startup Cost": 61728.70,
          "Total Cost": 61728.70,
          "Plan Rows": 60,
          "Plan Width": 791,
          "Actual Startup Time": 242.530,
          "Actual Total Time": 242.530,
          "Actual Rows": 2968,
          "Actual Loops": 1,
          "Hash Buckets": 1024,
          "Hash Batches": 4,
          "Original Hash Batches": 1,
          "Peak Memory Usage": 1025,
          "Plans": [
            {
              "Node Type": "Hash Join",
              "Parent Relationship": "Outer",
              "Join Type": "Inner",
              "Startup Cost": 3984.45,
              "Total Cost": 61728.70,
              "Plan Rows": 60,
              "Plan Width": 791,
              "Actual Startup Time": 24.313,
              "Actual Total Time": 238.555,
              "Actual Rows": 2968,
              "Actual Loops": 1,
              "Hash Cond": "(catalog_sales.cs_item_sk = item.i_item_sk)",
              "Plans": [
                {
                  "Node Type": "Hash Join",
                  "Parent Relationship": "Outer",
                  "Join Type": "Inner",
                  "Startup Cost": 2501.12,
                  "Total Cost": 60241.73,
                  "Plan Rows": 609,
                  "Plan Width": 288,
                  "Actual Startup Time": 9.709,
                  "Actual Total Time": 229.921,
                  "Actual Rows": 30880,
                  "Actual Loops": 1,
                  "Hash Cond": "(catalog_sales.cs_sold_date_sk = date_dim.d_date_sk)",
                  "Plans": [
                    {
                      "Node Type": "Seq Scan",
                      "Parent Relationship": "Outer",
                      "Relation Name": "catalog_sales",
                      "Alias": "catalog_sales",
                      "Startup Cost": 0.00,
                      "Total Cost": 52328.65,
                      "Plan Rows": 1441565,
                      "Plan Width": 170,
                      "Actual Startup Time": 0.007,
                      "Actual Total Time": 136.670,
                      "Actual Rows": 1427357,
                      "Actual Loops": 1
                    },
                    {
                      "Node Type": "Hash",
                      "Parent Relationship": "Inner",
                      "Startup Cost": 2500.73,
                      "Total Cost": 2500.73,
                      "Plan Rows": 31,
                      "Plan Width": 118,
                      "Actual Startup Time": 6.063,
                      "Actual Total Time": 6.063,
                      "Actual Rows": 31,
                      "Actual Loops": 1,
                      "Hash Buckets": 1024,
                      "Hash Batches": 1,
                      "Original Hash Batches": 1,
                      "Peak Memory Usage": 5,
                      "Plans": [
                        {
                          "Node Type": "Seq Scan",
                          "Parent Relationship": "Outer",
                          "Relation Name": "date_dim",
                          "Alias": "date_dim",
                          "Startup Cost": 0.00,
                          "Total Cost": 2500.73,
                          "Plan Rows": 31,
                          "Plan Width": 118,
                          "Actual Startup Time": 2.975,
                          "Actual Total Time": 6.057,
                          "Actual Rows": 31,
                          "Actual Loops": 1,
                          "Filter": "((d_year = 1998) AND (d_moy = 8))",
                          "Rows Removed by Filter": 73018
                        }
                      ]
                    }
                  ]
                },
                {
                  "Node Type": "Hash",
                  "Parent Relationship": "Inner",
                  "Startup Cost": 1461.00,
                  "Total Cost": 1461.00,
                  "Plan Rows": 1786,
                  "Plan Width": 503,
                  "Actual Startup Time": 4.314,
                  "Actual Total Time": 4.314,
                  "Actual Rows": 1786,
                  "Actual Loops": 1,
                  "Hash Buckets": 1024,
                  "Hash Batches": 1,
                  "Original Hash Batches": 1,
                  "Peak Memory Usage": 956,
                  "Plans": [
                    {
                      "Node Type": "Seq Scan",
                      "Parent Relationship": "Outer",
                      "Relation Name": "item",
                      "Alias": "item",
                      "Startup Cost": 0.00,
                      "Total Cost": 1461.00,
                      "Plan Rows": 1786,
                      "Plan Width": 503,
                      "Actual Startup Time": 0.003,
                      "Actual Total Time": 4.116,
                      "Actual Rows": 1786,
                      "Actual Loops": 1,
                      "Filter": "(i_category = 'Children'::bpchar)",
                      "Rows Removed by Filter": 16214
                    }
                  ]
                }
              ]
            }
          ]
        }
      ]
    },
    "Triggers": [
    ],
    "Total Runtime": 257.257
  }
]
