[
  {
    "Plan": {
      "Node Type": "Hash Join",
      "Join Type": "Inner",
      "Startup Cost": 31208.63,
      "Total Cost": 34010.91,
      "Plan Rows": 119,
      "Plan Width": 497,
      "Actual Startup Time": 209.182,
      "Actual Total Time": 228.183,
      "Actual Rows": 6531,
      "Actual Loops": 1,
      "Hash Cond": "(time_dim.t_time_sk = web_sales.ws_sold_time_sk)",
      "Plans": [
        {
          "Node Type": "Seq Scan",
          "Parent Relationship": "Outer",
          "Relation Name": "time_dim",
          "Alias": "time_dim",
          "Startup Cost": 0.00,
          "Total Cost": 2693.00,
          "Plan Rows": 28824,
          "Plan Width": 103,
          "Actual Startup Time": 3.594,
          "Actual Total Time": 8.464,
          "Actual Rows": 28801,
          "Actual Loops": 1,
          "Filter": "((t_time >= 46185) AND (t_time <= 74985))",
          "Rows Removed by Filter": 57599
        },
        {
          "Node Type": "Hash",
          "Parent Relationship": "Inner",
          "Startup Cost": 31204.17,
          "Total Cost": 31204.17,
          "Plan Rows": 357,
          "Plan Width": 394,
          "Actual Startup Time": 205.337,
          "Actual Total Time": 205.337,
          "Actual Rows": 14245,
          "Actual Loops": 1,
          "Hash Buckets": 1024,
          "Hash Batches": 8,
          "Original Hash Batches": 1,
          "Peak Memory Usage": 1025,
          "Plans": [
            {
              "Node Type": "Hash Join",
              "Parent Relationship": "Outer",
              "Join Type": "Inner",
              "Startup Cost": 2323.93,
              "Total Cost": 31204.17,
              "Plan Rows": 357,
              "Plan Width": 394,
              "Actual Startup Time": 6.654,
              "Actual Total Time": 192.443,
              "Actual Rows": 14245,
              "Actual Loops": 1,
              "Hash Cond": "(web_sales.ws_ship_mode_sk = ship_mode.sm_ship_mode_sk)",
              "Plans": [
                {
                  "Node Type": "Hash Join",
                  "Parent Relationship": "Outer",
                  "Join Type": "Inner",
                  "Startup Cost": 2322.65,
                  "Total Cost": 31185.92,
                  "Plan Rows": 3574,
                  "Plan Width": 289,
                  "Actual Startup Time": 6.642,
                  "Actual Total Time": 180.785,
                  "Actual Rows": 142829,
                  "Actual Loops": 1,
                  "Hash Cond": "(web_sales.ws_sold_date_sk = date_dim.d_date_sk)",
                  "Plans": [
                    {
                      "Node Type": "Seq Scan",
                      "Parent Relationship": "Outer",
                      "Relation Name": "web_sales",
                      "Alias": "web_sales",
                      "Startup Cost": 0.00,
                      "Total Cost": 26129.84,
                      "Plan Rows": 719384,
                      "Plan Width": 171,
                      "Actual Startup Time": 0.005,
                      "Actual Total Time": 71.979,
                      "Actual Rows": 719071,
                      "Actual Loops": 1
                    },
                    {
                      "Node Type": "Hash",
                      "Parent Relationship": "Inner",
                      "Startup Cost": 2318.11,
                      "Total Cost": 2318.11,
                      "Plan Rows": 363,
                      "Plan Width": 118,
                      "Actual Startup Time": 6.633,
                      "Actual Total Time": 6.633,
                      "Actual Rows": 365,
                      "Actual Loops": 1,
                      "Hash Buckets": 1024,
                      "Hash Batches": 1,
                      "Original Hash Batches": 1,
                      "Peak Memory Usage": 55,
                      "Plans": [
                        {
                          "Node Type": "Seq Scan",
                          "Parent Relationship": "Outer",
                          "Relation Name": "date_dim",
                          "Alias": "date_dim",
                          "Startup Cost": 0.00,
                          "Total Cost": 2318.11,
                          "Plan Rows": 363,
                          "Plan Width": 118,
                          "Actual Startup Time": 3.260,
                          "Actual Total Time": 6.606,
                          "Actual Rows": 365,
                          "Actual Loops": 1,
                          "Filter": "(d_year = 1999)",
                          "Rows Removed by Filter": 72684
                        }
                      ]
                    }
                  ]
                },
                {
                  "Node Type": "Hash",
                  "Parent Relationship": "Inner",
                  "Startup Cost": 1.25,
                  "Total Cost": 1.25,
                  "Plan Rows": 2,
                  "Plan Width": 105,
                  "Actual Startup Time": 0.006,
                  "Actual Total Time": 0.006,
                  "Actual Rows": 2,
                  "Actual Loops": 1,
                  "Hash Buckets": 1024,
                  "Hash Batches": 1,
                  "Original Hash Batches": 1,
                  "Peak Memory Usage": 1,
                  "Plans": [
                    {
                      "Node Type": "Seq Scan",
                      "Parent Relationship": "Outer",
                      "Relation Name": "ship_mode",
                      "Alias": "ship_mode",
                      "Startup Cost": 0.00,
                      "Total Cost": 1.25,
                      "Plan Rows": 2,
                      "Plan Width": 105,
                      "Actual Startup Time": 0.004,
                      "Actual Total Time": 0.006,
                      "Actual Rows": 2,
                      "Actual Loops": 1,
                      "Filter": "(sm_carrier = ANY ('{DIAMOND,ZOUROS}'::bpchar[]))",
                      "Rows Removed by Filter": 18
                    }
                  ]
                }
              ]
            }
          ]
        }
      ]
    },
    "Triggers": [
    ],
    "Total Runtime": 228.412
  }
]
