[
  {
    "Plan": {
      "Node Type": "Hash Join",
      "Join Type": "Inner",
      "Startup Cost": 31335.28,
      "Total Cost": 32846.81,
      "Plan Rows": 89,
      "Plan Width": 792,
      "Actual Startup Time": 123.167,
      "Actual Total Time": 135.241,
      "Actual Rows": 2158,
      "Actual Loops": 1,
      "Hash Cond": "(item.i_item_sk = web_sales.ws_item_sk)",
      "Plans": [
        {
          "Node Type": "Seq Scan",
          "Parent Relationship": "Outer",
          "Relation Name": "item",
          "Alias": "item",
          "Startup Cost": 0.00,
          "Total Cost": 1483.50,
          "Plan Rows": 5429,
          "Plan Width": 503,
          "Actual Startup Time": 0.005,
          "Actual Total Time": 6.490,
          "Actual Rows": 5429,
          "Actual Loops": 1,
          "Filter": "(i_category = ANY ('{Children,Sports,Music}'::bpchar[]))",
          "Rows Removed by Filter": 12571
        },
        {
          "Node Type": "Hash",
          "Parent Relationship": "Inner",
          "Startup Cost": 31331.59,
          "Total Cost": 31331.59,
          "Plan Rows": 295,
          "Plan Width": 289,
          "Actual Startup Time": 123.095,
          "Actual Total Time": 123.095,
          "Actual Rows": 7111,
          "Actual Loops": 1,
          "Hash Buckets": 1024,
          "Hash Batches": 4,
          "Original Hash Batches": 1,
          "Peak Memory Usage": 1025,
          "Plans": [
            {
              "Node Type": "Hash Join",
              "Parent Relationship": "Outer",
              "Join Type": "Inner",
              "Startup Cost": 2501.11,
              "Total Cost": 31331.59,
              "Plan Rows": 295,
              "Plan Width": 289,
              "Actual Startup Time": 6.061,
              "Actual Total Time": 117.588,
              "Actual Rows": 7111,
              "Actual Loops": 1,
              "Hash Cond": "(web_sales.ws_sold_date_sk = date_dim.d_date_sk)",
              "Plans": [
                {
                  "Node Type": "Seq Scan",
                  "Parent Relationship": "Outer",
                  "Relation Name": "web_sales",
                  "Alias": "web_sales",
                  "Startup Cost": 0.00,
                  "Total Cost": 26129.84,
                  "Plan Rows": 719384,
                  "Plan Width": 171,
                  "Actual Startup Time": 0.007,
                  "Actual Total Time": 70.078,
                  "Actual Rows": 719071,
                  "Actual Loops": 1
                },
                {
                  "Node Type": "Hash",
                  "Parent Relationship": "Inner",
                  "Startup Cost": 2500.73,
                  "Total Cost": 2500.73,
                  "Plan Rows": 30,
                  "Plan Width": 118,
                  "Actual Startup Time": 6.021,
                  "Actual Total Time": 6.021,
                  "Actual Rows": 31,
                  "Actual Loops": 1,
                  "Hash Buckets": 1024,
                  "Hash Batches": 1,
                  "Original Hash Batches": 1,
                  "Peak Memory Usage": 5,
                  "Plans": [
                    {
                      "Node Type": "Seq Scan",
                      "Parent Relationship": "Outer",
                      "Relation Name": "date_dim",
                      "Alias": "date_dim",
                      "Startup Cost": 0.00,
                      "Total Cost": 2500.73,
                      "Plan Rows": 30,
                      "Plan Width": 118,
                      "Actual Startup Time": 2.763,
                      "Actual Total Time": 6.019,
                      "Actual Rows": 31,
                      "Actual Loops": 1,
                      "Filter": "((d_date >= '2002-04-01'::date) AND (d_date <= '2002-05-01'::date))",
                      "Rows Removed by Filter": 73018
                    }
                  ]
                }
              ]
            }
          ]
        }
      ]
    },
    "Triggers": [
    ],
    "Total Runtime": 135.360
  }
]
