[
  {
    "Plan": {
      "Node Type": "Hash Join",
      "Join Type": "Inner",
      "Startup Cost": 2960.38,
      "Total Cost": 96565.37,
      "Plan Rows": 625,
      "Plan Width": 552,
      "Actual Startup Time": 9.760,
      "Actual Total Time": 436.516,
      "Actual Rows": 24994,
      "Actual Loops": 1,
      "Hash Cond": "(store_sales.ss_store_sk = store.s_store_sk)",
      "Plans": [
        {
          "Node Type": "Hash Join",
          "Parent Relationship": "Outer",
          "Join Type": "Inner",
          "Startup Cost": 2959.08,
          "Total Cost": 96555.37,
          "Plan Rows": 655,
          "Plan Width": 265,
          "Actual Startup Time": 9.748,
          "Actual Total Time": 425.935,
          "Actual Rows": 24994,
          "Actual Loops": 1,
          "Hash Cond": "(store_sales.ss_hdemo_sk = household_demographics.hd_demo_sk)",
          "Plans": [
            {
              "Node Type": "Hash Join",
              "Parent Relationship": "Outer",
              "Join Type": "Inner",
              "Startup Cost": 2775.58,
              "Total Cost": 96351.57,
              "Plan Rows": 2750,
              "Plan Width": 233,
              "Actual Startup Time": 8.707,
              "Actual Total Time": 413.170,
              "Actual Rows": 101067,
              "Actual Loops": 1,
              "Hash Cond": "(store_sales.ss_sold_date_sk = date_dim.d_date_sk)",
              "Plans": [
                {
                  "Node Type": "Seq Scan",
                  "Parent Relationship": "Outer",
                  "Relation Name": "store_sales",
                  "Alias": "store_sales",
                  "Startup Cost": 0.00,
                  "Total Cost": 82746.99,
                  "Plan Rows": 2880399,
                  "Plan Width": 115,
                  "Actual Startup Time": 0.007,
                  "Actual Total Time": 220.410,
                  "Actual Rows": 2622614,
                  "Actual Loops": 1
                },
                {
                  "Node Type": "Hash",
                  "Parent Relationship": "Inner",
                  "Startup Cost": 2774.67,
                  "Total Cost": 2774.67,
                  "Plan Rows": 73,
                  "Plan Width": 118,
                  "Actual Startup Time": 8.663,
                  "Actual Total Time": 8.663,
                  "Actual Rows": 72,
                  "Actual Loops": 1,
                  "Hash Buckets": 1024,
                  "Hash Batches": 1,
                  "Original Hash Batches": 1,
                  "Peak Memory Usage": 11,
                  "Plans": [
                    {
                      "Node Type": "Seq Scan",
                      "Parent Relationship": "Outer",
                      "Relation Name": "date_dim",
                      "Alias": "date_dim",
                      "Startup Cost": 0.00,
                      "Total Cost": 2774.67,
                      "Plan Rows": 73,
                      "Plan Width": 118,
                      "Actual Startup Time": 4.280,
                      "Actual Total Time": 8.659,
                      "Actual Rows": 72,
                      "Actual Loops": 1,
                      "Filter": "((d_dom >= 1) AND (d_dom <= 2) AND (d_year = ANY ('{1998,1999,2000}'::integer[])))",
                      "Rows Removed by Filter": 72977
                    }
                  ]
                }
              ]
            },
            {
              "Node Type": "Hash",
              "Parent Relationship": "Inner",
              "Startup Cost": 161.00,
              "Total Cost": 161.00,
              "Plan Rows": 1800,
              "Plan Width": 32,
              "Actual Startup Time": 0.945,
              "Actual Total Time": 0.945,
              "Actual Rows": 1800,
              "Actual Loops": 1,
              "Hash Buckets": 1024,
              "Hash Batches": 1,
              "Original Hash Batches": 1,
              "Peak Memory Usage": 113,
              "Plans": [
                {
                  "Node Type": "Seq Scan",
                  "Parent Relationship": "Outer",
                  "Relation Name": "household_demographics",
                  "Alias": "household_demographics",
                  "Startup Cost": 0.00,
                  "Total Cost": 161.00,
                  "Plan Rows": 1800,
                  "Plan Width": 32,
                  "Actual Startup Time": 0.092,
                  "Actual Total Time": 0.821,
                  "Actual Rows": 1800,
                  "Actual Loops": 1,
                  "Filter": "((hd_dep_count = 9) OR (hd_vehicle_count = 3))",
                  "Rows Removed by Filter": 5400
                }
              ]
            }
          ]
        },
        {
          "Node Type": "Hash",
          "Parent Relationship": "Inner",
          "Startup Cost": 1.15,
          "Total Cost": 1.15,
          "Plan Rows": 12,
          "Plan Width": 287,
          "Actual Startup Time": 0.008,
          "Actual Total Time": 0.008,
          "Actual Rows": 12,
          "Actual Loops": 1,
          "Hash Buckets": 1024,
          "Hash Batches": 1,
          "Original Hash Batches": 1,
          "Peak Memory Usage": 4,
          "Plans": [
            {
              "Node Type": "Seq Scan",
              "Parent Relationship": "Outer",
              "Relation Name": "store",
              "Alias": "store",
              "Startup Cost": 0.00,
              "Total Cost": 1.15,
              "Plan Rows": 12,
              "Plan Width": 287,
              "Actual Startup Time": 0.003,
              "Actual Total Time": 0.007,
              "Actual Rows": 12,
              "Actual Loops": 1,
              "Filter": "((s_city)::text = ANY ('{Midway,Fairview}'::text[]))",
              "Rows Removed by Filter": 0
            }
          ]
        }
      ]
    },
    "Triggers": [
    ],
    "Total Runtime": 437.239
  }
]
