[
  {
    "Plan": {
      "Node Type": "Hash Join",
      "Join Type": "Inner",
      "Startup Cost": 6319.85,
      "Total Cost": 100279.08,
      "Plan Rows": 4,
      "Plan Width": 881,
      "Actual Startup Time": 30.739,
      "Actual Total Time": 412.964,
      "Actual Rows": 81,
      "Actual Loops": 1,
      "Hash Cond": "(store_sales.ss_addr_sk = customer_address.ca_address_sk)",
      "Plans": [
        {
          "Node Type": "Hash Join",
          "Parent Relationship": "Outer",
          "Join Type": "Inner",
          "Startup Cost": 3986.66,
          "Total Cost": 97550.78,
          "Plan Rows": 10,
          "Plan Width": 736,
          "Actual Startup Time": 13.132,
          "Actual Total Time": 398.482,
          "Actual Rows": 210,
          "Actual Loops": 1,
          "Hash Cond": "(store_sales.ss_item_sk = item.i_item_sk)",
          "Plans": [
            {
              "Node Type": "Hash Join",
              "Parent Relationship": "Outer",
              "Join Type": "Inner",
              "Startup Cost": 2501.11,
              "Total Cost": 96060.90,
              "Plan Rows": 1130,
              "Plan Width": 233,
              "Actual Startup Time": 7.140,
              "Actual Total Time": 391.541,
              "Actual Rows": 25026,
              "Actual Loops": 1,
              "Hash Cond": "(store_sales.ss_sold_date_sk = date_dim.d_date_sk)",
              "Plans": [
                {
                  "Node Type": "Seq Scan",
                  "Parent Relationship": "Outer",
                  "Relation Name": "store_sales",
                  "Alias": "store_sales",
                  "Startup Cost": 0.00,
                  "Total Cost": 82746.99,
                  "Plan Rows": 2880399,
                  "Plan Width": 115,
                  "Actual Startup Time": 0.015,
                  "Actual Total Time": 227.299,
                  "Actual Rows": 2622614,
                  "Actual Loops": 1
                },
                {
                  "Node Type": "Hash",
                  "Parent Relationship": "Inner",
                  "Startup Cost": 2500.73,
                  "Total Cost": 2500.73,
                  "Plan Rows": 30,
                  "Plan Width": 118,
                  "Actual Startup Time": 6.676,
                  "Actual Total Time": 6.676,
                  "Actual Rows": 31,
                  "Actual Loops": 1,
                  "Hash Buckets": 1024,
                  "Hash Batches": 1,
                  "Original Hash Batches": 1,
                  "Peak Memory Usage": 5,
                  "Plans": [
                    {
                      "Node Type": "Seq Scan",
                      "Parent Relationship": "Outer",
                      "Relation Name": "date_dim",
                      "Alias": "date_dim",
                      "Startup Cost": 0.00,
                      "Total Cost": 2500.73,
                      "Plan Rows": 30,
                      "Plan Width": 118,
                      "Actual Startup Time": 3.290,
                      "Actual Total Time": 6.656,
                      "Actual Rows": 31,
                      "Actual Loops": 1,
                      "Filter": "((d_year = 1998) AND (d_moy = 1))",
                      "Rows Removed by Filter": 73018
                    }
                  ]
                }
              ]
            },
            {
              "Node Type": "Hash",
              "Parent Relationship": "Inner",
              "Startup Cost": 1483.50,
              "Total Cost": 1483.50,
              "Plan Rows": 164,
              "Plan Width": 503,
              "Actual Startup Time": 5.021,
              "Actual Total Time": 5.021,
              "Actual Rows": 164,
              "Actual Loops": 1,
              "Hash Buckets": 1024,
              "Hash Batches": 1,
              "Original Hash Batches": 1,
              "Peak Memory Usage": 88,
              "Plans": [
                {
                  "Node Type": "Seq Scan",
                  "Parent Relationship": "Outer",
                  "Relation Name": "item",
                  "Alias": "item",
                  "Startup Cost": 0.00,
                  "Total Cost": 1483.50,
                  "Plan Rows": 164,
                  "Plan Width": 503,
                  "Actual Startup Time": 0.050,
                  "Actual Total Time": 4.997,
                  "Actual Rows": 164,
                  "Actual Loops": 1,
                  "Filter": "(i_color = ANY ('{almond,dodger,dim}'::bpchar[]))",
                  "Rows Removed by Filter": 17836
                }
              ]
            }
          ]
        },
        {
          "Node Type": "Hash",
          "Parent Relationship": "Inner",
          "Startup Cost": 1712.00,
          "Total Cost": 1712.00,
          "Plan Rows": 18255,
          "Plan Width": 145,
          "Actual Startup Time": 12.138,
          "Actual Total Time": 12.138,
          "Actual Rows": 18246,
          "Actual Loops": 1,
          "Hash Buckets": 1024,
          "Hash Batches": 4,
          "Original Hash Batches": 4,
          "Peak Memory Usage": 808,
          "Plans": [
            {
              "Node Type": "Seq Scan",
              "Parent Relationship": "Outer",
              "Relation Name": "customer_address",
              "Alias": "customer_address",
              "Startup Cost": 0.00,
              "Total Cost": 1712.00,
              "Plan Rows": 18255,
              "Plan Width": 145,
              "Actual Startup Time": 0.005,
              "Actual Total Time": 8.978,
              "Actual Rows": 18246,
              "Actual Loops": 1,
              "Filter": "(ca_gmt_offset = (-5)::numeric)",
              "Rows Removed by Filter": 31754
            }
          ]
        }
      ]
    },
    "Triggers": [
    ],
    "Total Runtime": 413.035
  }
]
