[
  {
    "Plan": {
      "Node Type": "Nested Loop",
      "Join Type": "Inner",
      "Startup Cost": 31335.28,
      "Total Cost": 34889.08,
      "Plan Rows": 1,
      "Plan Width": 937,
      "Actual Startup Time": 145.835,
      "Actual Total Time": 221.903,
      "Actual Rows": 21,
      "Actual Loops": 1,
      "Join Filter": "(web_sales.ws_item_sk = item.i_item_sk)",
      "Rows Removed by Join Filter": 411619,
      "Plans": [
        {
          "Node Type": "Seq Scan",
          "Parent Relationship": "Outer",
          "Relation Name": "item",
          "Alias": "item",
          "Startup Cost": 0.00,
          "Total Cost": 1483.50,
          "Plan Rows": 164,
          "Plan Width": 503,
          "Actual Startup Time": 0.048,
          "Actual Total Time": 5.804,
          "Actual Rows": 164,
          "Actual Loops": 1,
          "Filter": "(i_color = ANY ('{almond,dodger,dim}'::bpchar[]))",
          "Rows Removed by Filter": 17836
        },
        {
          "Node Type": "Materialize",
          "Parent Relationship": "Inner",
          "Startup Cost": 31335.28,
          "Total Cost": 33140.17,
          "Plan Rows": 108,
          "Plan Width": 434,
          "Actual Startup Time": 0.735,
          "Actual Total Time": 1.144,
          "Actual Rows": 2510,
          "Actual Loops": 164,
          "Plans": [
            {
              "Node Type": "Hash Join",
              "Parent Relationship": "Outer",
              "Join Type": "Inner",
              "Startup Cost": 31335.28,
              "Total Cost": 33139.63,
              "Plan Rows": 108,
              "Plan Width": 434,
              "Actual Startup Time": 120.240,
              "Actual Total Time": 136.227,
              "Actual Rows": 2510,
              "Actual Loops": 1,
              "Hash Cond": "(customer_address.ca_address_sk = web_sales.ws_bill_addr_sk)",
              "Plans": [
                {
                  "Node Type": "Seq Scan",
                  "Parent Relationship": "Outer",
                  "Relation Name": "customer_address",
                  "Alias": "customer_address",
                  "Startup Cost": 0.00,
                  "Total Cost": 1712.00,
                  "Plan Rows": 18255,
                  "Plan Width": 145,
                  "Actual Startup Time": 0.003,
                  "Actual Total Time": 9.001,
                  "Actual Rows": 18246,
                  "Actual Loops": 1,
                  "Filter": "(ca_gmt_offset = (-5)::numeric)",
                  "Rows Removed by Filter": 31754
                },
                {
                  "Node Type": "Hash",
                  "Parent Relationship": "Inner",
                  "Startup Cost": 31331.59,
                  "Total Cost": 31331.59,
                  "Plan Rows": 295,
                  "Plan Width": 289,
                  "Actual Startup Time": 120.086,
                  "Actual Total Time": 120.086,
                  "Actual Rows": 6974,
                  "Actual Loops": 1,
                  "Hash Buckets": 1024,
                  "Hash Batches": 4,
                  "Original Hash Batches": 1,
                  "Peak Memory Usage": 1025,
                  "Plans": [
                    {
                      "Node Type": "Hash Join",
                      "Parent Relationship": "Outer",
                      "Join Type": "Inner",
                      "Startup Cost": 2501.11,
                      "Total Cost": 31331.59,
                      "Plan Rows": 295,
                      "Plan Width": 289,
                      "Actual Startup Time": 6.249,
                      "Actual Total Time": 115.559,
                      "Actual Rows": 6974,
                      "Actual Loops": 1,
                      "Hash Cond": "(web_sales.ws_sold_date_sk = date_dim.d_date_sk)",
                      "Plans": [
                        {
                          "Node Type": "Seq Scan",
                          "Parent Relationship": "Outer",
                          "Relation Name": "web_sales",
                          "Alias": "web_sales",
                          "Startup Cost": 0.00,
                          "Total Cost": 26129.84,
                          "Plan Rows": 719384,
                          "Plan Width": 171,
                          "Actual Startup Time": 0.006,
                          "Actual Total Time": 68.582,
                          "Actual Rows": 719071,
                          "Actual Loops": 1
                        },
                        {
                          "Node Type": "Hash",
                          "Parent Relationship": "Inner",
                          "Startup Cost": 2500.73,
                          "Total Cost": 2500.73,
                          "Plan Rows": 30,
                          "Plan Width": 118,
                          "Actual Startup Time": 6.134,
                          "Actual Total Time": 6.134,
                          "Actual Rows": 31,
                          "Actual Loops": 1,
                          "Hash Buckets": 1024,
                          "Hash Batches": 1,
                          "Original Hash Batches": 1,
                          "Peak Memory Usage": 5,
                          "Plans": [
                            {
                              "Node Type": "Seq Scan",
                              "Parent Relationship": "Outer",
                              "Relation Name": "date_dim",
                              "Alias": "date_dim",
                              "Startup Cost": 0.00,
                              "Total Cost": 2500.73,
                              "Plan Rows": 30,
                              "Plan Width": 118,
                              "Actual Startup Time": 3.010,
                              "Actual Total Time": 6.132,
                              "Actual Rows": 31,
                              "Actual Loops": 1,
                              "Filter": "((d_year = 1998) AND (d_moy = 1))",
                              "Rows Removed by Filter": 73018
                            }
                          ]
                        }
                      ]
                    }
                  ]
                }
              ]
            }
          ]
        }
      ]
    },
    "Triggers": [
    ],
    "Total Runtime": 222.160
  }
]
