[
  {
    "Plan": {
      "Node Type": "Hash Join",
      "Join Type": "Inner",
      "Startup Cost": 2501.10,
      "Total Cost": 96060.50,
      "Plan Rows": 1092,
      "Plan Width": 233,
      "Actual Startup Time": 6.482,
      "Actual Total Time": 420.739,
      "Actual Rows": 62236,
      "Actual Loops": 1,
      "Hash Cond": "(store_sales.ss_sold_date_sk = date_dim.d_date_sk)",
      "Plans": [
        {
          "Node Type": "Seq Scan",
          "Parent Relationship": "Outer",
          "Relation Name": "store_sales",
          "Alias": "store_sales",
          "Startup Cost": 0.00,
          "Total Cost": 82746.99,
          "Plan Rows": 2880399,
          "Plan Width": 115,
          "Actual Startup Time": 0.008,
          "Actual Total Time": 233.079,
          "Actual Rows": 2622614,
          "Actual Loops": 1
        },
        {
          "Node Type": "Hash",
          "Parent Relationship": "Inner",
          "Startup Cost": 2500.73,
          "Total Cost": 2500.73,
          "Plan Rows": 29,
          "Plan Width": 118,
          "Actual Startup Time": 6.333,
          "Actual Total Time": 6.333,
          "Actual Rows": 32,
          "Actual Loops": 1,
          "Hash Buckets": 1024,
          "Hash Batches": 1,
          "Original Hash Batches": 1,
          "Peak Memory Usage": 5,
          "Plans": [
            {
              "Node Type": "Seq Scan",
              "Parent Relationship": "Outer",
              "Relation Name": "date_dim",
              "Alias": "date_dim",
              "Startup Cost": 0.00,
              "Total Cost": 2500.73,
              "Plan Rows": 29,
              "Plan Width": 118,
              "Actual Startup Time": 2.785,
              "Actual Total Time": 6.329,
              "Actual Rows": 32,
              "Actual Loops": 1,
              "Filter": "((d_date >= '1998-08-14'::date) AND (d_date <= '1998-09-14'::date))",
              "Rows Removed by Filter": 73017
            }
          ]
        }
      ]
    },
    "Triggers": [
    ],
    "Total Runtime": 422.367
  }
]
