[
  {
    "Plan": {
      "Node Type": "Hash Join",
      "Join Type": "Inner",
      "Startup Cost": 2501.10,
      "Total Cost": 4831.11,
      "Plan Rows": 27,
      "Plan Width": 236,
      "Actual Startup Time": 6.500,
      "Actual Total Time": 17.477,
      "Actual Rows": 540,
      "Actual Loops": 1,
      "Hash Cond": "(web_returns.wr_returned_date_sk = date_dim.d_date_sk)",
      "Plans": [
        {
          "Node Type": "Seq Scan",
          "Parent Relationship": "Outer",
          "Relation Name": "web_returns",
          "Alias": "web_returns",
          "Startup Cost": 0.00,
          "Total Cost": 2060.63,
          "Plan Rows": 71763,
          "Plan Width": 118,
          "Actual Startup Time": 0.007,
          "Actual Total Time": 6.845,
          "Actual Rows": 71763,
          "Actual Loops": 1
        },
        {
          "Node Type": "Hash",
          "Parent Relationship": "Inner",
          "Startup Cost": 2500.73,
          "Total Cost": 2500.73,
          "Plan Rows": 29,
          "Plan Width": 118,
          "Actual Startup Time": 6.449,
          "Actual Total Time": 6.449,
          "Actual Rows": 32,
          "Actual Loops": 1,
          "Hash Buckets": 1024,
          "Hash Batches": 1,
          "Original Hash Batches": 1,
          "Peak Memory Usage": 5,
          "Plans": [
            {
              "Node Type": "Seq Scan",
              "Parent Relationship": "Outer",
              "Relation Name": "date_dim",
              "Alias": "date_dim",
              "Startup Cost": 0.00,
              "Total Cost": 2500.73,
              "Plan Rows": 29,
              "Plan Width": 118,
              "Actual Startup Time": 2.778,
              "Actual Total Time": 6.445,
              "Actual Rows": 32,
              "Actual Loops": 1,
              "Filter": "((d_date >= '1998-08-14'::date) AND (d_date <= '1998-09-14'::date))",
              "Rows Removed by Filter": 73017
            }
          ]
        }
      ]
    },
    "Triggers": [
    ],
    "Total Runtime": 17.519
  }
]
