[
  {
    "Plan": {
      "Node Type": "Hash Join",
      "Join Type": "Inner",
      "Startup Cost": 2505.48,
      "Total Cost": 31370.42,
      "Plan Rows": 3741,
      "Plan Width": 289,
      "Actual Startup Time": 6.240,
      "Actual Total Time": 174.003,
      "Actual Rows": 146895,
      "Actual Loops": 1,
      "Hash Cond": "(web_sales.ws_sold_date_sk = date_dim.d_date_sk)",
      "Plans": [
        {
          "Node Type": "Seq Scan",
          "Parent Relationship": "Outer",
          "Relation Name": "web_sales",
          "Alias": "web_sales",
          "Startup Cost": 0.00,
          "Total Cost": 26129.84,
          "Plan Rows": 719384,
          "Plan Width": 171,
          "Actual Startup Time": 0.045,
          "Actual Total Time": 68.468,
          "Actual Rows": 719071,
          "Actual Loops": 1
        },
        {
          "Node Type": "Hash",
          "Parent Relationship": "Inner",
          "Startup Cost": 2500.73,
          "Total Cost": 2500.73,
          "Plan Rows": 380,
          "Plan Width": 118,
          "Actual Startup Time": 6.174,
          "Actual Total Time": 6.174,
          "Actual Rows": 365,
          "Actual Loops": 1,
          "Hash Buckets": 1024,
          "Hash Batches": 1,
          "Original Hash Batches": 1,
          "Peak Memory Usage": 55,
          "Plans": [
            {
              "Node Type": "Seq Scan",
              "Parent Relationship": "Outer",
              "Relation Name": "date_dim",
              "Alias": "date_dim",
              "Startup Cost": 0.00,
              "Total Cost": 2500.73,
              "Plan Rows": 380,
              "Plan Width": 118,
              "Actual Startup Time": 2.797,
              "Actual Total Time": 6.143,
              "Actual Rows": 365,
              "Actual Loops": 1,
              "Filter": "((d_month_seq >= 1214) AND (d_month_seq <= 1225))",
              "Rows Removed by Filter": 72684
            }
          ]
        }
      ]
    },
    "Triggers": [
    ],
    "Total Runtime": 177.490
  }
]
