[
  {
    "Plan": {
      "Node Type": "Hash Join",
      "Join Type": "Inner",
      "Startup Cost": 3053.90,
      "Total Cost": 60871.67,
      "Plan Rows": 8325,
      "Plan Width": 288,
      "Actual Startup Time": 36.738,
      "Actual Total Time": 377.506,
      "Actual Rows": 347208,
      "Actual Loops": 1,
      "Hash Cond": "(catalog_sales.cs_sold_date_sk = date_dim.d_date_sk)",
      "Plans": [
        {
          "Node Type": "Seq Scan",
          "Parent Relationship": "Outer",
          "Relation Name": "catalog_sales",
          "Alias": "catalog_sales",
          "Startup Cost": 0.00,
          "Total Cost": 52328.65,
          "Plan Rows": 1441565,
          "Plan Width": 170,
          "Actual Startup Time": 0.024,
          "Actual Total Time": 145.608,
          "Actual Rows": 1427357,
          "Actual Loops": 1
        },
        {
          "Node Type": "Hash",
          "Parent Relationship": "Inner",
          "Startup Cost": 3048.60,
          "Total Cost": 3048.60,
          "Plan Rows": 424,
          "Plan Width": 118,
          "Actual Startup Time": 10.151,
          "Actual Total Time": 10.151,
          "Actual Rows": 427,
          "Actual Loops": 1,
          "Hash Buckets": 1024,
          "Hash Batches": 1,
          "Original Hash Batches": 1,
          "Peak Memory Usage": 65,
          "Plans": [
            {
              "Node Type": "Seq Scan",
              "Parent Relationship": "Outer",
              "Relation Name": "date_dim",
              "Alias": "date_dim",
              "Startup Cost": 0.00,
              "Total Cost": 3048.60,
              "Plan Rows": 424,
              "Plan Width": 118,
              "Actual Startup Time": 4.846,
              "Actual Total Time": 10.125,
              "Actual Rows": 427,
              "Actual Loops": 1,
              "Filter": "((d_year = 1999) OR ((d_year = 1998) AND (d_moy = 12)) OR ((d_year = 2000) AND (d_moy = 1)))",
              "Rows Removed by Filter": 72622
            }
          ]
        }
      ]
    },
    "Triggers": [
    ],
    "Total Runtime": 385.762
  }
]
