[
  {
    "Plan": {
      "Node Type": "Hash Join",
      "Join Type": "Inner",
      "Startup Cost": 2518.91,
      "Total Cost": 96615.04,
      "Plan Rows": 54764,
      "Plan Width": 233,
      "Actual Startup Time": 8.436,
      "Actual Total Time": 1267.762,
      "Actual Rows": 2091616,
      "Actual Loops": 1,
      "Hash Cond": "(store_sales.ss_sold_date_sk = date_dim.d_date_sk)",
      "Plans": [
        {
          "Node Type": "Seq Scan",
          "Parent Relationship": "Outer",
          "Relation Name": "store_sales",
          "Alias": "store_sales",
          "Startup Cost": 0.00,
          "Total Cost": 82746.99,
          "Plan Rows": 2880399,
          "Plan Width": 115,
          "Actual Startup Time": 0.016,
          "Actual Total Time": 248.682,
          "Actual Rows": 2622614,
          "Actual Loops": 1
        },
        {
          "Node Type": "Hash",
          "Parent Relationship": "Inner",
          "Startup Cost": 2500.73,
          "Total Cost": 2500.73,
          "Plan Rows": 1454,
          "Plan Width": 118,
          "Actual Startup Time": 8.411,
          "Actual Total Time": 8.411,
          "Actual Rows": 1461,
          "Actual Loops": 1,
          "Hash Buckets": 1024,
          "Hash Batches": 1,
          "Original Hash Batches": 1,
          "Peak Memory Usage": 220,
          "Plans": [
            {
              "Node Type": "Seq Scan",
              "Parent Relationship": "Outer",
              "Relation Name": "date_dim",
              "Alias": "date_dim",
              "Startup Cost": 0.00,
              "Total Cost": 2500.73,
              "Plan Rows": 1454,
              "Plan Width": 118,
              "Actual Startup Time": 4.095,
              "Actual Total Time": 8.280,
              "Actual Rows": 1461,
              "Actual Loops": 1,
              "Filter": "(d_year = ANY ('{1999,2000,2001,2002}'::integer[]))",
              "Rows Removed by Filter": 71588
            }
          ]
        }
      ]
    },
    "Triggers": [
    ],
    "Total Runtime": 1318.881
  }
]
