[
  {
    "Plan": {
      "Node Type": "Hash Join",
      "Join Type": "Inner",
      "Startup Cost": 2501.11,
      "Total Cost": 60241.52,
      "Plan Rows": 589,
      "Plan Width": 288,
      "Actual Startup Time": 51.803,
      "Actual Total Time": 221.317,
      "Actual Rows": 13862,
      "Actual Loops": 1,
      "Hash Cond": "(catalog_sales.cs_sold_date_sk = date_dim.d_date_sk)",
      "Plans": [
        {
          "Node Type": "Seq Scan",
          "Parent Relationship": "Outer",
          "Relation Name": "catalog_sales",
          "Alias": "catalog_sales",
          "Startup Cost": 0.00,
          "Total Cost": 52328.65,
          "Plan Rows": 1441565,
          "Plan Width": 170,
          "Actual Startup Time": 0.015,
          "Actual Total Time": 135.234,
          "Actual Rows": 1427357,
          "Actual Loops": 1
        },
        {
          "Node Type": "Hash",
          "Parent Relationship": "Inner",
          "Startup Cost": 2500.73,
          "Total Cost": 2500.73,
          "Plan Rows": 30,
          "Plan Width": 118,
          "Actual Startup Time": 6.184,
          "Actual Total Time": 6.184,
          "Actual Rows": 30,
          "Actual Loops": 1,
          "Hash Buckets": 1024,
          "Hash Batches": 1,
          "Original Hash Batches": 1,
          "Peak Memory Usage": 5,
          "Plans": [
            {
              "Node Type": "Seq Scan",
              "Parent Relationship": "Outer",
              "Relation Name": "date_dim",
              "Alias": "date_dim",
              "Startup Cost": 0.00,
              "Total Cost": 2500.73,
              "Plan Rows": 30,
              "Plan Width": 118,
              "Actual Startup Time": 3.149,
              "Actual Total Time": 6.181,
              "Actual Rows": 30,
              "Actual Loops": 1,
              "Filter": "((d_year = 1999) AND (d_moy = 6))",
              "Rows Removed by Filter": 73019
            }
          ]
        }
      ]
    },
    "Triggers": [
    ],
    "Total Runtime": 221.673
  }
]
