[
  {
    "Plan": {
      "Node Type": "Hash Join",
      "Join Type": "Inner",
      "Startup Cost": 2509.86,
      "Total Cost": 31409.26,
      "Plan Rows": 7187,
      "Plan Width": 289,
      "Actual Startup Time": 7.051,
      "Actual Total Time": 301.377,
      "Actual Rows": 431982,
      "Actual Loops": 1,
      "Hash Cond": "(web_sales.ws_sold_date_sk = date_dim.d_date_sk)",
      "Plans": [
        {
          "Node Type": "Seq Scan",
          "Parent Relationship": "Outer",
          "Relation Name": "web_sales",
          "Alias": "web_sales",
          "Startup Cost": 0.00,
          "Total Cost": 26129.84,
          "Plan Rows": 719384,
          "Plan Width": 171,
          "Actual Startup Time": 0.007,
          "Actual Total Time": 71.694,
          "Actual Rows": 719071,
          "Actual Loops": 1
        },
        {
          "Node Type": "Hash",
          "Parent Relationship": "Inner",
          "Startup Cost": 2500.73,
          "Total Cost": 2500.73,
          "Plan Rows": 730,
          "Plan Width": 118,
          "Actual Startup Time": 7.038,
          "Actual Total Time": 7.038,
          "Actual Rows": 1096,
          "Actual Loops": 1,
          "Hash Buckets": 1024,
          "Hash Batches": 1,
          "Original Hash Batches": 1,
          "Peak Memory Usage": 165,
          "Plans": [
            {
              "Node Type": "Seq Scan",
              "Parent Relationship": "Outer",
              "Relation Name": "date_dim",
              "Alias": "date_dim",
              "Startup Cost": 0.00,
              "Total Cost": 2500.73,
              "Plan Rows": 730,
              "Plan Width": 118,
              "Actual Startup Time": 3.108,
              "Actual Total Time": 6.954,
              "Actual Rows": 1096,
              "Actual Loops": 1,
              "Filter": "((d_year >= 1999) AND (d_year <= 2001))",
              "Rows Removed by Filter": 71953
            }
          ]
        }
      ]
    },
    "Triggers": [
    ],
    "Total Runtime": 311.522
  }
]
