[
  {
    "Plan": {
      "Node Type": "Hash Join",
      "Join Type": "Inner",
      "Startup Cost": 2509.86,
      "Total Cost": 60387.71,
      "Plan Rows": 14333,
      "Plan Width": 288,
      "Actual Startup Time": 86.440,
      "Actual Total Time": 620.705,
      "Actual Rows": 855315,
      "Actual Loops": 1,
      "Hash Cond": "(catalog_sales.cs_sold_date_sk = date_dim.d_date_sk)",
      "Plans": [
        {
          "Node Type": "Seq Scan",
          "Parent Relationship": "Outer",
          "Relation Name": "catalog_sales",
          "Alias": "catalog_sales",
          "Startup Cost": 0.00,
          "Total Cost": 52328.65,
          "Plan Rows": 1441565,
          "Plan Width": 170,
          "Actual Startup Time": 0.014,
          "Actual Total Time": 151.797,
          "Actual Rows": 1427357,
          "Actual Loops": 1
        },
        {
          "Node Type": "Hash",
          "Parent Relationship": "Inner",
          "Startup Cost": 2500.73,
          "Total Cost": 2500.73,
          "Plan Rows": 730,
          "Plan Width": 118,
          "Actual Startup Time": 7.480,
          "Actual Total Time": 7.480,
          "Actual Rows": 1096,
          "Actual Loops": 1,
          "Hash Buckets": 1024,
          "Hash Batches": 1,
          "Original Hash Batches": 1,
          "Peak Memory Usage": 165,
          "Plans": [
            {
              "Node Type": "Seq Scan",
              "Parent Relationship": "Outer",
              "Relation Name": "date_dim",
              "Alias": "date_dim",
              "Startup Cost": 0.00,
              "Total Cost": 2500.73,
              "Plan Rows": 730,
              "Plan Width": 118,
              "Actual Startup Time": 3.312,
              "Actual Total Time": 7.396,
              "Actual Rows": 1096,
              "Actual Loops": 1,
              "Filter": "((d_year >= 2000) AND (d_year <= 2002))",
              "Rows Removed by Filter": 71953
            }
          ]
        }
      ]
    },
    "Triggers": [
    ],
    "Total Runtime": 641.153
  }
]
