[
  {
    "Plan": {
      "Node Type": "Hash Join",
      "Join Type": "Inner",
      "Startup Cost": 2501.87,
      "Total Cost": 60254.26,
      "Plan Rows": 1787,
      "Plan Width": 288,
      "Actual Startup Time": 10.800,
      "Actual Total Time": 250.559,
      "Actual Rows": 41035,
      "Actual Loops": 1,
      "Hash Cond": "(catalog_sales.cs_sold_date_sk = date_dim.d_date_sk)",
      "Plans": [
        {
          "Node Type": "Seq Scan",
          "Parent Relationship": "Outer",
          "Relation Name": "catalog_sales",
          "Alias": "catalog_sales",
          "Startup Cost": 0.00,
          "Total Cost": 52328.65,
          "Plan Rows": 1441565,
          "Plan Width": 170,
          "Actual Startup Time": 0.008,
          "Actual Total Time": 144.564,
          "Actual Rows": 1427357,
          "Actual Loops": 1
        },
        {
          "Node Type": "Hash",
          "Parent Relationship": "Inner",
          "Startup Cost": 2500.73,
          "Total Cost": 2500.73,
          "Plan Rows": 91,
          "Plan Width": 118,
          "Actual Startup Time": 8.666,
          "Actual Total Time": 8.666,
          "Actual Rows": 91,
          "Actual Loops": 1,
          "Hash Buckets": 1024,
          "Hash Batches": 1,
          "Original Hash Batches": 1,
          "Peak Memory Usage": 14,
          "Plans": [
            {
              "Node Type": "Seq Scan",
              "Parent Relationship": "Outer",
              "Relation Name": "date_dim",
              "Alias": "date_dim",
              "Startup Cost": 0.00,
              "Total Cost": 2500.73,
              "Plan Rows": 91,
              "Plan Width": 118,
              "Actual Startup Time": 4.285,
              "Actual Total Time": 8.656,
              "Actual Rows": 91,
              "Actual Loops": 1,
              "Filter": "((d_qoy = 2) AND (d_year = 1998))",
              "Rows Removed by Filter": 72958
            }
          ]
        }
      ]
    },
    "Triggers": [
    ],
    "Total Runtime": 251.624
  }
]
