[
  {
    "Plan": {
      "Node Type": "Hash Join",
      "Join Type": "Inner",
      "Startup Cost": 1483.94,
      "Total Cost": 101569.33,
      "Plan Rows": 293641,
      "Plan Width": 618,
      "Actual Startup Time": 4.558,
      "Actual Total Time": 622.949,
      "Actual Rows": 268715,
      "Actual Loops": 1,
      "Hash Cond": "(store_sales.ss_item_sk = item.i_item_sk)",
      "Plans": [
        {
          "Node Type": "Seq Scan",
          "Parent Relationship": "Outer",
          "Relation Name": "store_sales",
          "Alias": "store_sales",
          "Startup Cost": 0.00,
          "Total Cost": 82746.99,
          "Plan Rows": 2880399,
          "Plan Width": 115,
          "Actual Startup Time": 0.009,
          "Actual Total Time": 244.458,
          "Actual Rows": 2622614,
          "Actual Loops": 1
        },
        {
          "Node Type": "Hash",
          "Parent Relationship": "Inner",
          "Startup Cost": 1461.00,
          "Total Cost": 1461.00,
          "Plan Rows": 1835,
          "Plan Width": 503,
          "Actual Startup Time": 4.542,
          "Actual Total Time": 4.542,
          "Actual Rows": 1835,
          "Actual Loops": 1,
          "Hash Buckets": 1024,
          "Hash Batches": 1,
          "Original Hash Batches": 1,
          "Peak Memory Usage": 983,
          "Plans": [
            {
              "Node Type": "Seq Scan",
              "Parent Relationship": "Outer",
              "Relation Name": "item",
              "Alias": "item",
              "Startup Cost": 0.00,
              "Total Cost": 1461.00,
              "Plan Rows": 1835,
              "Plan Width": 503,
              "Actual Startup Time": 0.015,
              "Actual Total Time": 4.319,
              "Actual Rows": 1835,
              "Actual Loops": 1,
              "Filter": "(i_category = 'Shoes'::bpchar)",
              "Rows Removed by Filter": 16165
            }
          ]
        }
      ]
    },
    "Triggers": [
    ],
    "Total Runtime": 630.025
  }
]
