[
  {
    "Plan": {
      "Node Type": "Hash Join",
      "Join Type": "Inner",
      "Startup Cost": 2686.03,
      "Total Cost": 11502.48,
      "Plan Rows": 813,
      "Plan Width": 220,
      "Actual Startup Time": 9.461,
      "Actual Total Time": 61.363,
      "Actual Rows": 25933,
      "Actual Loops": 1,
      "Hash Cond": "(store_returns.sr_returned_date_sk = date_dim.d_date_sk)",
      "Plans": [
        {
          "Node Type": "Seq Scan",
          "Parent Relationship": "Outer",
          "Relation Name": "store_returns",
          "Alias": "store_returns",
          "Startup Cost": 0.00,
          "Total Cost": 7730.14,
          "Plan Rows": 287514,
          "Plan Width": 102,
          "Actual Startup Time": 0.008,
          "Actual Total Time": 23.902,
          "Actual Rows": 277502,
          "Actual Loops": 1
        },
        {
          "Node Type": "Hash",
          "Parent Relationship": "Inner",
          "Startup Cost": 2683.36,
          "Total Cost": 2683.36,
          "Plan Rows": 214,
          "Plan Width": 118,
          "Actual Startup Time": 9.445,
          "Actual Total Time": 9.445,
          "Actual Rows": 214,
          "Actual Loops": 1,
          "Hash Buckets": 1024,
          "Hash Batches": 1,
          "Original Hash Batches": 1,
          "Peak Memory Usage": 33,
          "Plans": [
            {
              "Node Type": "Seq Scan",
              "Parent Relationship": "Outer",
              "Relation Name": "date_dim",
              "Alias": "date_dim",
              "Startup Cost": 0.00,
              "Total Cost": 2683.36,
              "Plan Rows": 214,
              "Plan Width": 118,
              "Actual Startup Time": 4.748,
              "Actual Total Time": 9.422,
              "Actual Rows": 214,
              "Actual Loops": 1,
              "Filter": "((d_moy >= 4) AND (d_moy <= 10) AND (d_year = 2001))",
              "Rows Removed by Filter": 72835
            }
          ]
        }
      ]
    },
    "Triggers": [
    ],
    "Total Runtime": 62.073
  }
]
