[
  {
    "Plan": {
      "Node Type": "Hash Join",
      "Join Type": "Inner",
      "Startup Cost": 2686.03,
      "Total Cost": 60462.57,
      "Plan Rows": 4202,
      "Plan Width": 288,
      "Actual Startup Time": 130.665,
      "Actual Total Time": 281.338,
      "Actual Rows": 149704,
      "Actual Loops": 1,
      "Hash Cond": "(catalog_sales.cs_sold_date_sk = date_dim.d_date_sk)",
      "Plans": [
        {
          "Node Type": "Seq Scan",
          "Parent Relationship": "Outer",
          "Relation Name": "catalog_sales",
          "Alias": "catalog_sales",
          "Startup Cost": 0.00,
          "Total Cost": 52328.65,
          "Plan Rows": 1441565,
          "Plan Width": 170,
          "Actual Startup Time": 0.007,
          "Actual Total Time": 136.821,
          "Actual Rows": 1427357,
          "Actual Loops": 1
        },
        {
          "Node Type": "Hash",
          "Parent Relationship": "Inner",
          "Startup Cost": 2683.36,
          "Total Cost": 2683.36,
          "Plan Rows": 214,
          "Plan Width": 118,
          "Actual Startup Time": 9.274,
          "Actual Total Time": 9.274,
          "Actual Rows": 214,
          "Actual Loops": 1,
          "Hash Buckets": 1024,
          "Hash Batches": 1,
          "Original Hash Batches": 1,
          "Peak Memory Usage": 33,
          "Plans": [
            {
              "Node Type": "Seq Scan",
              "Parent Relationship": "Outer",
              "Relation Name": "date_dim",
              "Alias": "date_dim",
              "Startup Cost": 0.00,
              "Total Cost": 2683.36,
              "Plan Rows": 214,
              "Plan Width": 118,
              "Actual Startup Time": 4.631,
              "Actual Total Time": 9.253,
              "Actual Rows": 214,
              "Actual Loops": 1,
              "Filter": "((d_moy >= 4) AND (d_moy <= 10) AND (d_year = 2001))",
              "Rows Removed by Filter": 72835
            }
          ]
        }
      ]
    },
    "Triggers": [
    ],
    "Total Runtime": 284.947
  }
]
