[
  {
    "Plan": {
      "Node Type": "Hash Join",
      "Join Type": "Inner",
      "Startup Cost": 2500.91,
      "Total Cost": 11309.76,
      "Plan Rows": 53,
      "Plan Width": 220,
      "Actual Startup Time": 6.330,
      "Actual Total Time": 43.542,
      "Actual Rows": 1538,
      "Actual Loops": 1,
      "Hash Cond": "(store_returns.sr_returned_date_sk = date_dim.d_date_sk)",
      "Plans": [
        {
          "Node Type": "Seq Scan",
          "Parent Relationship": "Outer",
          "Relation Name": "store_returns",
          "Alias": "store_returns",
          "Startup Cost": 0.00,
          "Total Cost": 7730.14,
          "Plan Rows": 287514,
          "Plan Width": 102,
          "Actual Startup Time": 0.011,
          "Actual Total Time": 22.255,
          "Actual Rows": 277502,
          "Actual Loops": 1
        },
        {
          "Node Type": "Hash",
          "Parent Relationship": "Inner",
          "Startup Cost": 2500.73,
          "Total Cost": 2500.73,
          "Plan Rows": 14,
          "Plan Width": 118,
          "Actual Startup Time": 6.281,
          "Actual Total Time": 6.281,
          "Actual Rows": 15,
          "Actual Loops": 1,
          "Hash Buckets": 1024,
          "Hash Batches": 1,
          "Original Hash Batches": 1,
          "Peak Memory Usage": 3,
          "Plans": [
            {
              "Node Type": "Seq Scan",
              "Parent Relationship": "Outer",
              "Relation Name": "date_dim",
              "Alias": "date_dim",
              "Startup Cost": 0.00,
              "Total Cost": 2500.73,
              "Plan Rows": 14,
              "Plan Width": 118,
              "Actual Startup Time": 2.853,
              "Actual Total Time": 6.278,
              "Actual Rows": 15,
              "Actual Loops": 1,
              "Filter": "((d_date >= '2001-08-21'::date) AND (d_date <= '2001-09-04'::date))",
              "Rows Removed by Filter": 73034
            }
          ]
        }
      ]
    },
    "Triggers": [
    ],
    "Total Runtime": 43.631
  }
]
