[
  {
    "Plan": {
      "Node Type": "Hash Join",
      "Join Type": "Inner",
      "Startup Cost": 2500.91,
      "Total Cost": 96054.67,
      "Plan Rows": 527,
      "Plan Width": 233,
      "Actual Startup Time": 6.479,
      "Actual Total Time": 395.309,
      "Actual Rows": 29344,
      "Actual Loops": 1,
      "Hash Cond": "(store_sales.ss_sold_date_sk = date_dim.d_date_sk)",
      "Plans": [
        {
          "Node Type": "Seq Scan",
          "Parent Relationship": "Outer",
          "Relation Name": "store_sales",
          "Alias": "store_sales",
          "Startup Cost": 0.00,
          "Total Cost": 82746.99,
          "Plan Rows": 2880399,
          "Plan Width": 115,
          "Actual Startup Time": 0.014,
          "Actual Total Time": 229.937,
          "Actual Rows": 2622614,
          "Actual Loops": 1
        },
        {
          "Node Type": "Hash",
          "Parent Relationship": "Inner",
          "Startup Cost": 2500.73,
          "Total Cost": 2500.73,
          "Plan Rows": 14,
          "Plan Width": 118,
          "Actual Startup Time": 6.381,
          "Actual Total Time": 6.381,
          "Actual Rows": 15,
          "Actual Loops": 1,
          "Hash Buckets": 1024,
          "Hash Batches": 1,
          "Original Hash Batches": 1,
          "Peak Memory Usage": 3,
          "Plans": [
            {
              "Node Type": "Seq Scan",
              "Parent Relationship": "Outer",
              "Relation Name": "date_dim",
              "Alias": "date_dim",
              "Startup Cost": 0.00,
              "Total Cost": 2500.73,
              "Plan Rows": 14,
              "Plan Width": 118,
              "Actual Startup Time": 2.897,
              "Actual Total Time": 6.379,
              "Actual Rows": 15,
              "Actual Loops": 1,
              "Filter": "((d_date >= '2001-08-21'::date) AND (d_date <= '2001-09-04'::date))",
              "Rows Removed by Filter": 73034
            }
          ]
        }
      ]
    },
    "Triggers": [
    ],
    "Total Runtime": 396.133
  }
]
