[
  {
    "Plan": {
      "Node Type": "Hash Join",
      "Join Type": "Inner",
      "Startup Cost": 76100.41,
      "Total Cost": 83527.04,
      "Plan Rows": 1395,
      "Plan Width": 319,
      "Actual Startup Time": 451.957,
      "Actual Total Time": 497.023,
      "Actual Rows": 1615,
      "Actual Loops": 1,
      "Hash Cond": "(web_returns.wr_refunded_addr_sk = customer_address.ca_address_sk)",
      "Plans": [
        {
          "Node Type": "Hash Join",
          "Parent Relationship": "Outer",
          "Join Type": "Inner",
          "Startup Cost": 73387.95,
          "Total Cost": 80210.20,
          "Plan Rows": 5669,
          "Plan Width": 174,
          "Actual Startup Time": 430.970,
          "Actual Total Time": 471.926,
          "Actual Rows": 5831,
          "Actual Loops": 1,
          "Hash Cond": "(web_returns.wr_refunded_cdemo_sk = customer_demographics.cd_demo_sk)",
          "Plans": [
            {
              "Node Type": "Seq Scan",
              "Parent Relationship": "Outer",
              "Relation Name": "web_returns",
              "Alias": "web_returns",
              "Startup Cost": 0.00,
              "Total Cost": 2060.63,
              "Plan Rows": 71763,
              "Plan Width": 118,
              "Actual Startup Time": 0.002,
              "Actual Total Time": 5.091,
              "Actual Rows": 71763,
              "Actual Loops": 1
            },
            {
              "Node Type": "Hash",
              "Parent Relationship": "Inner",
              "Startup Cost": 69848.00,
              "Total Cost": 69848.00,
              "Plan Rows": 158956,
              "Plan Width": 56,
              "Actual Startup Time": 430.774,
              "Actual Total Time": 430.774,
              "Actual Rows": 164640,
              "Actual Loops": 1,
              "Hash Buckets": 2048,
              "Hash Batches": 16,
              "Original Hash Batches": 16,
              "Peak Memory Usage": 942,
              "Plans": [
                {
                  "Node Type": "Seq Scan",
                  "Parent Relationship": "Outer",
                  "Relation Name": "customer_demographics",
                  "Alias": "customer_demographics",
                  "Startup Cost": 0.00,
                  "Total Cost": 69848.00,
                  "Plan Rows": 158956,
                  "Plan Width": 56,
                  "Actual Startup Time": 0.004,
                  "Actual Total Time": 410.053,
                  "Actual Rows": 164640,
                  "Actual Loops": 1,
                  "Filter": "(((cd_marital_status = 'S'::bpchar) AND (cd_education_status = '4 yr Degree'::bpchar)) OR ((cd_marital_status = 'M'::bpchar) AND (cd_education_status = 'Primary'::bpchar)) OR ((cd_marital_status = 'U'::bpchar) AND (cd_education_status = '2 yr Degree'::bpchar)))",
                  "Rows Removed by Filter": 1756160
                }
              ]
            }
          ]
        },
        {
          "Node Type": "Hash",
          "Parent Relationship": "Inner",
          "Startup Cost": 2274.50,
          "Total Cost": 2274.50,
          "Plan Rows": 12877,
          "Plan Width": 145,
          "Actual Startup Time": 19.892,
          "Actual Total Time": 19.892,
          "Actual Rows": 14287,
          "Actual Loops": 1,
          "Hash Buckets": 1024,
          "Hash Batches": 4,
          "Original Hash Batches": 4,
          "Peak Memory Usage": 634,
          "Plans": [
            {
              "Node Type": "Seq Scan",
              "Parent Relationship": "Outer",
              "Relation Name": "customer_address",
              "Alias": "customer_address",
              "Startup Cost": 0.00,
              "Total Cost": 2274.50,
              "Plan Rows": 12877,
              "Plan Width": 145,
              "Actual Startup Time": 0.008,
              "Actual Total Time": 17.599,
              "Actual Rows": 14287,
              "Actual Loops": 1,
              "Filter": "(((ca_country)::text = 'United States'::text) AND ((ca_state = ANY ('{IL,MT,AR}'::bpchar[])) OR (ca_state = ANY ('{WI,TX,GA}'::bpchar[])) OR (ca_state = ANY ('{RI,KY,IN}'::bpchar[]))))",
              "Rows Removed by Filter": 35713
            }
          ]
        }
      ]
    },
    "Triggers": [
    ],
    "Total Runtime": 497.112
  }
]
