[
  {
    "Plan": {
      "Node Type": "Hash Join",
      "Join Type": "Inner",
      "Startup Cost": 2319.24,
      "Total Cost": 95901.62,
      "Plan Rows": 3390,
      "Plan Width": 233,
      "Actual Startup Time": 10.138,
      "Actual Total Time": 400.946,
      "Actual Rows": 76385,
      "Actual Loops": 1,
      "Hash Cond": "(store_sales.ss_sold_date_sk = date_dim.d_date_sk)",
      "Plans": [
        {
          "Node Type": "Seq Scan",
          "Parent Relationship": "Outer",
          "Relation Name": "store_sales",
          "Alias": "store_sales",
          "Startup Cost": 0.00,
          "Total Cost": 82746.99,
          "Plan Rows": 2880399,
          "Plan Width": 115,
          "Actual Startup Time": 0.008,
          "Actual Total Time": 221.911,
          "Actual Rows": 2622614,
          "Actual Loops": 1
        },
        {
          "Node Type": "Hash",
          "Parent Relationship": "Inner",
          "Startup Cost": 2318.11,
          "Total Cost": 2318.11,
          "Plan Rows": 90,
          "Plan Width": 118,
          "Actual Startup Time": 10.107,
          "Actual Total Time": 10.107,
          "Actual Rows": 91,
          "Actual Loops": 1,
          "Hash Buckets": 1024,
          "Hash Batches": 1,
          "Original Hash Batches": 1,
          "Peak Memory Usage": 14,
          "Plans": [
            {
              "Node Type": "Seq Scan",
              "Parent Relationship": "Outer",
              "Relation Name": "date_dim",
              "Alias": "date_dim",
              "Startup Cost": 0.00,
              "Total Cost": 2318.11,
              "Plan Rows": 90,
              "Plan Width": 118,
              "Actual Startup Time": 5.136,
              "Actual Total Time": 10.102,
              "Actual Rows": 91,
              "Actual Loops": 1,
              "Filter": "(d_quarter_name = '2001Q1'::bpchar)",
              "Rows Removed by Filter": 72958
            }
          ]
        }
      ]
    },
    "Triggers": [
    ],
    "Total Runtime": 402.777
  }
]
