[
  {
    "Plan": {
      "Node Type": "Hash Join",
      "Join Type": "Inner",
      "Startup Cost": 2501.11,
      "Total Cost": 35065.03,
      "Plan Rows": 114,
      "Plan Width": 289,
      "Actual Startup Time": 6.801,
      "Actual Total Time": 245.228,
      "Actual Rows": 9306,
      "Actual Loops": 1,
      "Hash Cond": "(web_sales.ws_sold_date_sk = date_dim.d_date_sk)",
      "Plans": [
        {
          "Node Type": "Seq Scan",
          "Parent Relationship": "Outer",
          "Relation Name": "web_sales",
          "Alias": "web_sales",
          "Startup Cost": 0.00,
          "Total Cost": 31525.22,
          "Plan Rows": 276682,
          "Plan Width": 171,
          "Actual Startup Time": 0.009,
          "Actual Total Time": 219.830,
          "Actual Rows": 279896,
          "Actual Loops": 1,
          "Filter": "((ws_net_profit > 1::numeric) AND (ws_net_paid > 0::numeric) AND (ws_quantity > 0))",
          "Rows Removed by Filter": 439175
        },
        {
          "Node Type": "Hash",
          "Parent Relationship": "Inner",
          "Startup Cost": 2500.73,
          "Total Cost": 2500.73,
          "Plan Rows": 30,
          "Plan Width": 118,
          "Actual Startup Time": 6.642,
          "Actual Total Time": 6.642,
          "Actual Rows": 31,
          "Actual Loops": 1,
          "Hash Buckets": 1024,
          "Hash Batches": 1,
          "Original Hash Batches": 1,
          "Peak Memory Usage": 5,
          "Plans": [
            {
              "Node Type": "Seq Scan",
              "Parent Relationship": "Outer",
              "Relation Name": "date_dim",
              "Alias": "date_dim",
              "Startup Cost": 0.00,
              "Total Cost": 2500.73,
              "Plan Rows": 30,
              "Plan Width": 118,
              "Actual Startup Time": 3.356,
              "Actual Total Time": 6.637,
              "Actual Rows": 31,
              "Actual Loops": 1,
              "Filter": "((d_year = 2000) AND (d_moy = 12))",
              "Rows Removed by Filter": 73018
            }
          ]
        }
      ]
    },
    "Triggers": [
    ],
    "Total Runtime": 245.540
  }
]
