[
  {
    "Plan": {
      "Node Type": "Hash Join",
      "Join Type": "Inner",
      "Startup Cost": 2501.88,
      "Total Cost": 31338.47,
      "Plan Rows": 906,
      "Plan Width": 289,
      "Actual Startup Time": 10.204,
      "Actual Total Time": 143.038,
      "Actual Rows": 37599,
      "Actual Loops": 1,
      "Hash Cond": "(web_sales.ws_sold_date_sk = date_dim.d_date_sk)",
      "Plans": [
        {
          "Node Type": "Seq Scan",
          "Parent Relationship": "Outer",
          "Relation Name": "web_sales",
          "Alias": "web_sales",
          "Startup Cost": 0.00,
          "Total Cost": 26129.84,
          "Plan Rows": 719384,
          "Plan Width": 171,
          "Actual Startup Time": 0.016,
          "Actual Total Time": 75.333,
          "Actual Rows": 719071,
          "Actual Loops": 1
        },
        {
          "Node Type": "Hash",
          "Parent Relationship": "Inner",
          "Startup Cost": 2500.73,
          "Total Cost": 2500.73,
          "Plan Rows": 92,
          "Plan Width": 118,
          "Actual Startup Time": 10.172,
          "Actual Total Time": 10.172,
          "Actual Rows": 92,
          "Actual Loops": 1,
          "Hash Buckets": 1024,
          "Hash Batches": 1,
          "Original Hash Batches": 1,
          "Peak Memory Usage": 14,
          "Plans": [
            {
              "Node Type": "Seq Scan",
              "Parent Relationship": "Outer",
              "Relation Name": "date_dim",
              "Alias": "date_dim",
              "Startup Cost": 0.00,
              "Total Cost": 2500.73,
              "Plan Rows": 92,
              "Plan Width": 118,
              "Actual Startup Time": 5.646,
              "Actual Total Time": 10.153,
              "Actual Rows": 92,
              "Actual Loops": 1,
              "Filter": "((d_qoy = 3) AND (d_year = 2000))",
              "Rows Removed by Filter": 72957
            }
          ]
        }
      ]
    },
    "Triggers": [
    ],
    "Total Runtime": 144.279
  }
]
