[
  {
    "Plan": {
      "Node Type": "Hash Join",
      "Join Type": "Inner",
      "Startup Cost": 1.45,
      "Total Cost": 8889.20,
      "Plan Rows": 7943,
      "Plan Width": 224,
      "Actual Startup Time": 0.046,
      "Actual Total Time": 48.667,
      "Actual Rows": 7649,
      "Actual Loops": 1,
      "Hash Cond": "(store_returns.sr_reason_sk = reason.r_reason_sk)",
      "Plans": [
        {
          "Node Type": "Seq Scan",
          "Parent Relationship": "Outer",
          "Relation Name": "store_returns",
          "Alias": "store_returns",
          "Startup Cost": 0.00,
          "Total Cost": 7730.14,
          "Plan Rows": 287514,
          "Plan Width": 102,
          "Actual Startup Time": 0.007,
          "Actual Total Time": 23.788,
          "Actual Rows": 277502,
          "Actual Loops": 1
        },
        {
          "Node Type": "Hash",
          "Parent Relationship": "Inner",
          "Startup Cost": 1.44,
          "Total Cost": 1.44,
          "Plan Rows": 1,
          "Plan Width": 122,
          "Actual Startup Time": 0.011,
          "Actual Total Time": 0.011,
          "Actual Rows": 1,
          "Actual Loops": 1,
          "Hash Buckets": 1024,
          "Hash Batches": 1,
          "Original Hash Batches": 1,
          "Peak Memory Usage": 1,
          "Plans": [
            {
              "Node Type": "Seq Scan",
              "Parent Relationship": "Outer",
              "Relation Name": "reason",
              "Alias": "reason",
              "Startup Cost": 0.00,
              "Total Cost": 1.44,
              "Plan Rows": 1,
              "Plan Width": 122,
              "Actual Startup Time": 0.007,
              "Actual Total Time": 0.009,
              "Actual Rows": 1,
              "Actual Loops": 1,
              "Filter": "(r_reason_desc = 'reason 25'::bpchar)",
              "Rows Removed by Filter": 34
            }
          ]
        }
      ]
    },
    "Triggers": [
    ],
    "Total Runtime": 48.920
  }
]
