[
  {
    "Plan": {
      "Node Type": "Hash Join",
      "Join Type": "Inner",
      "Startup Cost": 2423.05,
      "Total Cost": 60371.59,
      "Plan Rows": 21402,
      "Plan Width": 288,
      "Actual Startup Time": 39.430,
      "Actual Total Time": 626.966,
      "Actual Rows": 855776,
      "Actual Loops": 1,
      "Hash Cond": "(catalog_sales.cs_sold_date_sk = date_dim.d_date_sk)",
      "Plans": [
        {
          "Node Type": "Seq Scan",
          "Parent Relationship": "Outer",
          "Relation Name": "catalog_sales",
          "Alias": "catalog_sales",
          "Startup Cost": 0.00,
          "Total Cost": 52328.65,
          "Plan Rows": 1441565,
          "Plan Width": 170,
          "Actual Startup Time": 0.009,
          "Actual Total Time": 154.142,
          "Actual Rows": 1427357,
          "Actual Loops": 1
        },
        {
          "Node Type": "Hash",
          "Parent Relationship": "Inner",
          "Startup Cost": 2409.42,
          "Total Cost": 2409.42,
          "Plan Rows": 1090,
          "Plan Width": 118,
          "Actual Startup Time": 8.489,
          "Actual Total Time": 8.489,
          "Actual Rows": 1096,
          "Actual Loops": 1,
          "Hash Buckets": 1024,
          "Hash Batches": 1,
          "Original Hash Batches": 1,
          "Peak Memory Usage": 165,
          "Plans": [
            {
              "Node Type": "Seq Scan",
              "Parent Relationship": "Outer",
              "Relation Name": "date_dim",
              "Alias": "date_dim",
              "Startup Cost": 0.00,
              "Total Cost": 2409.42,
              "Plan Rows": 1090,
              "Plan Width": 118,
              "Actual Startup Time": 4.148,
              "Actual Total Time": 8.393,
              "Actual Rows": 1096,
              "Actual Loops": 1,
              "Filter": "(d_year = ANY ('{1999,2000,2001}'::integer[]))",
              "Rows Removed by Filter": 71953
            }
          ]
        }
      ]
    },
    "Triggers": [
    ],
    "Total Runtime": 648.178
  }
]
