[
  {
    "Plan": {
      "Node Type": "Nested Loop",
      "Join Type": "Inner",
      "Startup Cost": 1596.03,
      "Total Cost": 272018.55,
      "Plan Rows": 1,
      "Plan Width": 641,
      "Actual Startup Time": 15.921,
      "Actual Total Time": 1423.984,
      "Actual Rows": 39,
      "Actual Loops": 1,
      "Join Filter": "(inventory.inv_date_sk = date_dim.d_date_sk)",
      "Rows Removed by Join Filter": 48201,
      "Plans": [
        {
          "Node Type": "Hash Join",
          "Parent Relationship": "Outer",
          "Join Type": "Inner",
          "Startup Cost": 1596.03,
          "Total Cost": 269096.83,
          "Plan Rows": 501,
          "Plan Width": 523,
          "Actual Startup Time": 4.563,
          "Actual Total Time": 1413.361,
          "Actual Rows": 804,
          "Actual Loops": 1,
          "Hash Cond": "(inventory.inv_item_sk = item.i_item_sk)",
          "Plans": [
            {
              "Node Type": "Seq Scan",
              "Parent Relationship": "Outer",
              "Relation Name": "inventory",
              "Alias": "inventory",
              "Startup Cost": 0.00,
              "Total Cost": 250576.66,
              "Plan Rows": 4511769,
              "Plan Width": 20,
              "Actual Startup Time": 0.017,
              "Actual Total Time": 1198.616,
              "Actual Rows": 4469511,
              "Actual Loops": 1,
              "Filter": "((inv_quantity_on_hand >= 100) AND (inv_quantity_on_hand <= 500))",
              "Rows Removed by Filter": 7275489
            },
            {
              "Node Type": "Hash",
              "Parent Relationship": "Inner",
              "Startup Cost": 1596.00,
              "Total Cost": 1596.00,
              "Plan Rows": 2,
              "Plan Width": 503,
              "Actual Startup Time": 4.063,
              "Actual Total Time": 4.063,
              "Actual Rows": 4,
              "Actual Loops": 1,
              "Hash Buckets": 1024,
              "Hash Batches": 1,
              "Original Hash Batches": 1,
              "Peak Memory Usage": 3,
              "Plans": [
                {
                  "Node Type": "Seq Scan",
                  "Parent Relationship": "Outer",
                  "Relation Name": "item",
                  "Alias": "item",
                  "Startup Cost": 0.00,
                  "Total Cost": 1596.00,
                  "Plan Rows": 2,
                  "Plan Width": 503,
                  "Actual Startup Time": 1.153,
                  "Actual Total Time": 4.061,
                  "Actual Rows": 4,
                  "Actual Loops": 1,
                  "Filter": "((i_current_price >= 38::numeric) AND (i_current_price <= 68::numeric) AND (i_manufact_id = ANY ('{198,999,168,196}'::integer[])))",
                  "Rows Removed by Filter": 17996
                }
              ]
            }
          ]
        },
        {
          "Node Type": "Materialize",
          "Parent Relationship": "Inner",
          "Startup Cost": 0.00,
          "Total Cost": 2501.01,
          "Plan Rows": 56,
          "Plan Width": 118,
          "Actual Startup Time": 0.003,
          "Actual Total Time": 0.010,
          "Actual Rows": 60,
          "Actual Loops": 804,
          "Plans": [
            {
              "Node Type": "Seq Scan",
              "Parent Relationship": "Outer",
              "Relation Name": "date_dim",
              "Alias": "date_dim",
              "Startup Cost": 0.00,
              "Total Cost": 2500.73,
              "Plan Rows": 56,
              "Plan Width": 118,
              "Actual Startup Time": 2.722,
              "Actual Total Time": 6.090,
              "Actual Rows": 60,
              "Actual Loops": 1,
              "Filter": "((d_date >= '1998-01-06'::date) AND (d_date <= '1998-03-06'::date))",
              "Rows Removed by Filter": 72989
            }
          ]
        }
      ]
    },
    "Triggers": [
    ],
    "Total Runtime": 1424.026
  }
]
