[
  {
    "Plan": {
      "Node Type": "Hash Join",
      "Join Type": "Inner",
      "Startup Cost": 2318.20,
      "Total Cost": 95869.33,
      "Plan Rows": 264,
      "Plan Width": 233,
      "Actual Startup Time": 6.839,
      "Actual Total Time": 400.967,
      "Actual Rows": 20118,
      "Actual Loops": 1,
      "Hash Cond": "(store_sales.ss_sold_date_sk = date_dim.d_date_sk)",
      "Plans": [
        {
          "Node Type": "Seq Scan",
          "Parent Relationship": "Outer",
          "Relation Name": "store_sales",
          "Alias": "store_sales",
          "Startup Cost": 0.00,
          "Total Cost": 82746.99,
          "Plan Rows": 2880399,
          "Plan Width": 115,
          "Actual Startup Time": 0.009,
          "Actual Total Time": 239.714,
          "Actual Rows": 2622614,
          "Actual Loops": 1
        },
        {
          "Node Type": "Hash",
          "Parent Relationship": "Inner",
          "Startup Cost": 2318.11,
          "Total Cost": 2318.11,
          "Plan Rows": 7,
          "Plan Width": 118,
          "Actual Startup Time": 6.163,
          "Actual Total Time": 6.163,
          "Actual Rows": 7,
          "Actual Loops": 1,
          "Hash Buckets": 1024,
          "Hash Batches": 1,
          "Original Hash Batches": 1,
          "Peak Memory Usage": 2,
          "Plans": [
            {
              "Node Type": "Seq Scan",
              "Parent Relationship": "Outer",
              "Relation Name": "date_dim",
              "Alias": "date_dim",
              "Startup Cost": 0.00,
              "Total Cost": 2318.11,
              "Plan Rows": 7,
              "Plan Width": 118,
              "Actual Startup Time": 3.143,
              "Actual Total Time": 6.163,
              "Actual Rows": 7,
              "Actual Loops": 1,
              "Filter": "(d_week_seq = 5268)",
              "Rows Removed by Filter": 73042
            }
          ]
        }
      ]
    },
    "Triggers": [
    ],
    "Total Runtime": 401.556
  }
]
