[
  {
    "Plan": {
      "Node Type": "Hash Join",
      "Join Type": "Inner",
      "Startup Cost": 116312.69,
      "Total Cost": 167157.12,
      "Plan Rows": 1,
      "Plan Width": 434,
      "Actual Startup Time": 709.317,
      "Actual Total Time": 930.601,
      "Actual Rows": 176,
      "Actual Loops": 1,
      "Hash Cond": "(customer_demographics.cd_demo_sk = store_sales.ss_cdemo_sk)",
      "Plans": [
        {
          "Node Type": "Seq Scan",
          "Parent Relationship": "Outer",
          "Relation Name": "customer_demographics",
          "Alias": "customer_demographics",
          "Startup Cost": 0.00,
          "Total Cost": 50640.00,
          "Plan Rows": 54513,
          "Plan Width": 56,
          "Actual Startup Time": 0.008,
          "Actual Total Time": 221.640,
          "Actual Rows": 54880,
          "Actual Loops": 1,
          "Filter": "((cd_marital_status = 'S'::bpchar) AND (cd_education_status = '4 yr Degree'::bpchar))",
          "Rows Removed by Filter": 1865920
        },
        {
          "Node Type": "Hash",
          "Parent Relationship": "Inner",
          "Startup Cost": 116312.09,
          "Total Cost": 116312.09,
          "Plan Rows": 48,
          "Plan Width": 378,
          "Actual Startup Time": 695.503,
          "Actual Total Time": 695.503,
          "Actual Rows": 5509,
          "Actual Loops": 1,
          "Hash Buckets": 1024,
          "Hash Batches": 4,
          "Original Hash Batches": 1,
          "Peak Memory Usage": 1025,
          "Plans": [
            {
              "Node Type": "Hash Join",
              "Parent Relationship": "Outer",
              "Join Type": "Inner",
              "Startup Cost": 4273.89,
              "Total Cost": 116312.09,
              "Plan Rows": 48,
              "Plan Width": 378,
              "Actual Startup Time": 18.178,
              "Actual Total Time": 689.295,
              "Actual Rows": 5509,
              "Actual Loops": 1,
              "Hash Cond": "(store_sales.ss_addr_sk = customer_address.ca_address_sk)",
              "Plans": [
                {
                  "Node Type": "Hash Join",
                  "Parent Relationship": "Outer",
                  "Join Type": "Inner",
                  "Startup Cost": 2322.65,
                  "Total Cost": 114355.85,
                  "Plan Rows": 603,
                  "Plan Width": 233,
                  "Actual Startup Time": 6.745,
                  "Actual Total Time": 661.729,
                  "Actual Rows": 63799,
                  "Actual Loops": 1,
                  "Hash Cond": "(store_sales.ss_sold_date_sk = date_dim.d_date_sk)",
                  "Plans": [
                    {
                      "Node Type": "Seq Scan",
                      "Parent Relationship": "Outer",
                      "Relation Name": "store_sales",
                      "Alias": "store_sales",
                      "Startup Cost": 0.00,
                      "Total Cost": 111550.98,
                      "Plan Rows": 126984,
                      "Plan Width": 115,
                      "Actual Startup Time": 0.010,
                      "Actual Total Time": 609.562,
                      "Actual Rows": 319103,
                      "Actual Loops": 1,
                      "Filter": "((ss_sales_price >= 50.00) AND (ss_sales_price <= 200.00) AND (ss_net_profit >= 150::numeric) AND (ss_net_profit <= 3000::numeric))",
                      "Rows Removed by Filter": 2303511
                    },
                    {
                      "Node Type": "Hash",
                      "Parent Relationship": "Inner",
                      "Startup Cost": 2318.11,
                      "Total Cost": 2318.11,
                      "Plan Rows": 363,
                      "Plan Width": 118,
                      "Actual Startup Time": 6.688,
                      "Actual Total Time": 6.688,
                      "Actual Rows": 365,
                      "Actual Loops": 1,
                      "Hash Buckets": 1024,
                      "Hash Batches": 1,
                      "Original Hash Batches": 1,
                      "Peak Memory Usage": 55,
                      "Plans": [
                        {
                          "Node Type": "Seq Scan",
                          "Parent Relationship": "Outer",
                          "Relation Name": "date_dim",
                          "Alias": "date_dim",
                          "Startup Cost": 0.00,
                          "Total Cost": 2318.11,
                          "Plan Rows": 363,
                          "Plan Width": 118,
                          "Actual Startup Time": 3.264,
                          "Actual Total Time": 6.657,
                          "Actual Rows": 365,
                          "Actual Loops": 1,
                          "Filter": "(d_year = 1998)",
                          "Rows Removed by Filter": 72684
                        }
                      ]
                    }
                  ]
                },
                {
                  "Node Type": "Hash",
                  "Parent Relationship": "Inner",
                  "Startup Cost": 1899.50,
                  "Total Cost": 1899.50,
                  "Plan Rows": 4139,
                  "Plan Width": 145,
                  "Actual Startup Time": 11.022,
                  "Actual Total Time": 11.022,
                  "Actual Rows": 4164,
                  "Actual Loops": 1,
                  "Hash Buckets": 1024,
                  "Hash Batches": 1,
                  "Original Hash Batches": 1,
                  "Peak Memory Usage": 730,
                  "Plans": [
                    {
                      "Node Type": "Seq Scan",
                      "Parent Relationship": "Outer",
                      "Relation Name": "customer_address",
                      "Alias": "customer_address",
                      "Startup Cost": 0.00,
                      "Total Cost": 1899.50,
                      "Plan Rows": 4139,
                      "Plan Width": 145,
                      "Actual Startup Time": 0.010,
                      "Actual Total Time": 10.635,
                      "Actual Rows": 4164,
                      "Actual Loops": 1,
                      "Filter": "(((ca_country)::text = 'United States'::text) AND (ca_state = ANY ('{NY,VA,AR}'::bpchar[])))",
                      "Rows Removed by Filter": 45836
                    }
                  ]
                }
              ]
            }
          ]
        }
      ]
    },
    "Triggers": [
    ],
    "Total Runtime": 930.680
  }
]
