[
  {
    "Plan": {
      "Node Type": "Hash Join",
      "Join Type": "Inner",
      "Startup Cost": 116459.02,
      "Total Cost": 167303.45,
      "Plan Rows": 1,
      "Plan Width": 434,
      "Actual Startup Time": 691.558,
      "Actual Total Time": 914.086,
      "Actual Rows": 139,
      "Actual Loops": 1,
      "Hash Cond": "(customer_demographics.cd_demo_sk = store_sales.ss_cdemo_sk)",
      "Plans": [
        {
          "Node Type": "Seq Scan",
          "Parent Relationship": "Outer",
          "Relation Name": "customer_demographics",
          "Alias": "customer_demographics",
          "Startup Cost": 0.00,
          "Total Cost": 50640.00,
          "Plan Rows": 54513,
          "Plan Width": 56,
          "Actual Startup Time": 0.008,
          "Actual Total Time": 212.262,
          "Actual Rows": 54880,
          "Actual Loops": 1,
          "Filter": "((cd_marital_status = 'S'::bpchar) AND (cd_education_status = '4 yr Degree'::bpchar))",
          "Rows Removed by Filter": 1865920
        },
        {
          "Node Type": "Hash",
          "Parent Relationship": "Inner",
          "Startup Cost": 116458.44,
          "Total Cost": 116458.44,
          "Plan Rows": 46,
          "Plan Width": 378,
          "Actual Startup Time": 689.708,
          "Actual Total Time": 689.708,
          "Actual Rows": 4742,
          "Actual Loops": 1,
          "Hash Buckets": 1024,
          "Hash Batches": 2,
          "Original Hash Batches": 1,
          "Peak Memory Usage": 1025,
          "Plans": [
            {
              "Node Type": "Hash Join",
              "Parent Relationship": "Outer",
              "Join Type": "Inner",
              "Startup Cost": 4259.45,
              "Total Cost": 116458.44,
              "Plan Rows": 46,
              "Plan Width": 378,
              "Actual Startup Time": 19.713,
              "Actual Total Time": 685.036,
              "Actual Rows": 4742,
              "Actual Loops": 1,
              "Hash Cond": "(store_sales.ss_addr_sk = customer_address.ca_address_sk)",
              "Plans": [
                {
                  "Node Type": "Hash Join",
                  "Parent Relationship": "Outer",
                  "Join Type": "Inner",
                  "Startup Cost": 2322.65,
                  "Total Cost": 114516.16,
                  "Plan Rows": 803,
                  "Plan Width": 233,
                  "Actual Startup Time": 7.146,
                  "Actual Total Time": 659.895,
                  "Actual Rows": 79035,
                  "Actual Loops": 1,
                  "Hash Cond": "(store_sales.ss_sold_date_sk = date_dim.d_date_sk)",
                  "Plans": [
                    {
                      "Node Type": "Seq Scan",
                      "Parent Relationship": "Outer",
                      "Relation Name": "store_sales",
                      "Alias": "store_sales",
                      "Startup Cost": 0.00,
                      "Total Cost": 111550.98,
                      "Plan Rows": 169201,
                      "Plan Width": 115,
                      "Actual Startup Time": 0.025,
                      "Actual Total Time": 599.279,
                      "Actual Rows": 394869,
                      "Actual Loops": 1,
                      "Filter": "((ss_sales_price >= 50.00) AND (ss_sales_price <= 200.00) AND (ss_net_profit >= 50::numeric) AND (ss_net_profit <= 25000::numeric))",
                      "Rows Removed by Filter": 2227745
                    },
                    {
                      "Node Type": "Hash",
                      "Parent Relationship": "Inner",
                      "Startup Cost": 2318.11,
                      "Total Cost": 2318.11,
                      "Plan Rows": 363,
                      "Plan Width": 118,
                      "Actual Startup Time": 7.061,
                      "Actual Total Time": 7.061,
                      "Actual Rows": 365,
                      "Actual Loops": 1,
                      "Hash Buckets": 1024,
                      "Hash Batches": 1,
                      "Original Hash Batches": 1,
                      "Peak Memory Usage": 55,
                      "Plans": [
                        {
                          "Node Type": "Seq Scan",
                          "Parent Relationship": "Outer",
                          "Relation Name": "date_dim",
                          "Alias": "date_dim",
                          "Startup Cost": 0.00,
                          "Total Cost": 2318.11,
                          "Plan Rows": 363,
                          "Plan Width": 118,
                          "Actual Startup Time": 3.430,
                          "Actual Total Time": 7.027,
                          "Actual Rows": 365,
                          "Actual Loops": 1,
                          "Filter": "(d_year = 1998)",
                          "Rows Removed by Filter": 72684
                        }
                      ]
                    }
                  ]
                },
                {
                  "Node Type": "Hash",
                  "Parent Relationship": "Inner",
                  "Startup Cost": 1899.50,
                  "Total Cost": 1899.50,
                  "Plan Rows": 2984,
                  "Plan Width": 145,
                  "Actual Startup Time": 11.282,
                  "Actual Total Time": 11.282,
                  "Actual Rows": 3067,
                  "Actual Loops": 1,
                  "Hash Buckets": 1024,
                  "Hash Batches": 1,
                  "Original Hash Batches": 1,
                  "Peak Memory Usage": 537,
                  "Plans": [
                    {
                      "Node Type": "Seq Scan",
                      "Parent Relationship": "Outer",
                      "Relation Name": "customer_address",
                      "Alias": "customer_address",
                      "Startup Cost": 0.00,
                      "Total Cost": 1899.50,
                      "Plan Rows": 2984,
                      "Plan Width": 145,
                      "Actual Startup Time": 0.004,
                      "Actual Total Time": 10.976,
                      "Actual Rows": 3067,
                      "Actual Loops": 1,
                      "Filter": "(((ca_country)::text = 'United States'::text) AND (ca_state = ANY ('{AZ,MI,NC}'::bpchar[])))",
                      "Rows Removed by Filter": 46933
                    }
                  ]
                }
              ]
            }
          ]
        }
      ]
    },
    "Triggers": [
    ],
    "Total Runtime": 914.165
  }
]
