[
  {
    "Plan": {
      "Node Type": "Hash Join",
      "Join Type": "Inner",
      "Startup Cost": 1732.78,
      "Total Cost": 6198.62,
      "Plan Rows": 3388,
      "Plan Width": 390,
      "Actual Startup Time": 6.837,
      "Actual Total Time": 31.523,
      "Actual Rows": 3200,
      "Actual Loops": 1,
      "Hash Cond": "(customer.c_current_addr_sk = customer_address.ca_address_sk)",
      "Plans": [
        {
          "Node Type": "Seq Scan",
          "Parent Relationship": "Outer",
          "Relation Name": "customer",
          "Alias": "customer",
          "Startup Cost": 0.00,
          "Total Cost": 3922.31,
          "Plan Rows": 101931,
          "Plan Width": 245,
          "Actual Startup Time": 0.014,
          "Actual Total Time": 12.863,
          "Actual Rows": 100000,
          "Actual Loops": 1
        },
        {
          "Node Type": "Hash",
          "Parent Relationship": "Inner",
          "Startup Cost": 1712.00,
          "Total Cost": 1712.00,
          "Plan Rows": 1662,
          "Plan Width": 145,
          "Actual Startup Time": 6.798,
          "Actual Total Time": 6.798,
          "Actual Rows": 1596,
          "Actual Loops": 1,
          "Hash Buckets": 1024,
          "Hash Batches": 1,
          "Original Hash Batches": 1,
          "Peak Memory Usage": 277,
          "Plans": [
            {
              "Node Type": "Seq Scan",
              "Parent Relationship": "Outer",
              "Relation Name": "customer_address",
              "Alias": "customer_address",
              "Startup Cost": 0.00,
              "Total Cost": 1712.00,
              "Plan Rows": 1662,
              "Plan Width": 145,
              "Actual Startup Time": 0.006,
              "Actual Total Time": 6.658,
              "Actual Rows": 1596,
              "Actual Loops": 1,
              "Filter": "(ca_state = 'IL'::bpchar)",
              "Rows Removed by Filter": 48404
            }
          ]
        }
      ]
    },
    "Triggers": [
    ],
    "Total Runtime": 31.648
  }
]
