[
  {
    "Plan": {
      "Node Type": "Hash Join",
      "Join Type": "Inner",
      "Startup Cost": 2501.40,
      "Total Cost": 96069.84,
      "Plan Rows": 1996,
      "Plan Width": 233,
      "Actual Startup Time": 15.010,
      "Actual Total Time": 464.377,
      "Actual Rows": 108348,
      "Actual Loops": 1,
      "Hash Cond": "(store_sales.ss_sold_date_sk = date_dim.d_date_sk)",
      "Plans": [
        {
          "Node Type": "Seq Scan",
          "Parent Relationship": "Outer",
          "Relation Name": "store_sales",
          "Alias": "store_sales",
          "Startup Cost": 0.00,
          "Total Cost": 82746.99,
          "Plan Rows": 2880399,
          "Plan Width": 115,
          "Actual Startup Time": 0.033,
          "Actual Total Time": 242.453,
          "Actual Rows": 2622614,
          "Actual Loops": 1
        },
        {
          "Node Type": "Hash",
          "Parent Relationship": "Inner",
          "Startup Cost": 2500.73,
          "Total Cost": 2500.73,
          "Plan Rows": 53,
          "Plan Width": 118,
          "Actual Startup Time": 14.954,
          "Actual Total Time": 14.954,
          "Actual Rows": 92,
          "Actual Loops": 1,
          "Hash Buckets": 1024,
          "Hash Batches": 1,
          "Original Hash Batches": 1,
          "Peak Memory Usage": 14,
          "Plans": [
            {
              "Node Type": "Seq Scan",
              "Parent Relationship": "Outer",
              "Relation Name": "date_dim",
              "Alias": "date_dim",
              "Startup Cost": 0.00,
              "Total Cost": 2500.73,
              "Plan Rows": 53,
              "Plan Width": 118,
              "Actual Startup Time": 7.511,
              "Actual Total Time": 14.929,
              "Actual Rows": 92,
              "Actual Loops": 1,
              "Filter": "((d_month_seq >= 1217) AND (d_month_seq <= 1219))",
              "Rows Removed by Filter": 72957
            }
          ]
        }
      ]
    },
    "Triggers": [
    ],
    "Total Runtime": 467.427
  }
]
