[
  {
    "Plan": {
      "Node Type": "Hash Join",
      "Join Type": "Inner",
      "Startup Cost": 2683.47,
      "Total Cost": 60419.76,
      "Plan Rows": 177,
      "Plan Width": 288,
      "Actual Startup Time": 125.464,
      "Actual Total Time": 347.873,
      "Actual Rows": 285299,
      "Actual Loops": 1,
      "Hash Cond": "(catalog_sales.cs_sold_date_sk = date_dim.d_date_sk)",
      "Plans": [
        {
          "Node Type": "Seq Scan",
          "Parent Relationship": "Outer",
          "Relation Name": "catalog_sales",
          "Alias": "catalog_sales",
          "Startup Cost": 0.00,
          "Total Cost": 52328.65,
          "Plan Rows": 1441565,
          "Plan Width": 170,
          "Actual Startup Time": 0.008,
          "Actual Total Time": 142.352,
          "Actual Rows": 1427357,
          "Actual Loops": 1
        },
        {
          "Node Type": "Hash",
          "Parent Relationship": "Inner",
          "Startup Cost": 2683.36,
          "Total Cost": 2683.36,
          "Plan Rows": 9,
          "Plan Width": 118,
          "Actual Startup Time": 6.990,
          "Actual Total Time": 6.990,
          "Actual Rows": 365,
          "Actual Loops": 1,
          "Hash Buckets": 1024,
          "Hash Batches": 1,
          "Original Hash Batches": 1,
          "Peak Memory Usage": 55,
          "Plans": [
            {
              "Node Type": "Seq Scan",
              "Parent Relationship": "Outer",
              "Relation Name": "date_dim",
              "Alias": "date_dim",
              "Startup Cost": 0.00,
              "Total Cost": 2683.36,
              "Plan Rows": 9,
              "Plan Width": 118,
              "Actual Startup Time": 3.253,
              "Actual Total Time": 6.961,
              "Actual Rows": 365,
              "Actual Loops": 1,
              "Filter": "((d_week_seq >= 5114) AND (d_week_seq <= 5376) AND (d_year = 2001))",
              "Rows Removed by Filter": 72684
            }
          ]
        }
      ]
    },
    "Triggers": [
    ],
    "Total Runtime": 355.062
  }
]
