[
  {
    "Plan": {
      "Node Type": "Nested Loop",
      "Join Type": "Inner",
      "Startup Cost": 2087.63,
      "Total Cost": 168140.31,
      "Plan Rows": 1,
      "Plan Width": 753,
      "Actual Startup Time": 3321.641,
      "Actual Total Time": 11631.909,
      "Actual Rows": 2,
      "Actual Loops": 1,
      "Join Filter": "(store_sales.ss_cdemo_sk = customer_demographics.cd_demo_sk)",
      "Rows Removed by Join Filter": 2963518,
      "Plans": [
        {
          "Node Type": "Nested Loop",
          "Parent Relationship": "Outer",
          "Join Type": "Inner",
          "Startup Cost": 2087.63,
          "Total Cost": 116797.70,
          "Plan Rows": 1,
          "Plan Width": 697,
          "Actual Startup Time": 207.938,
          "Actual Total Time": 591.278,
          "Actual Rows": 54,
          "Actual Loops": 1,
          "Join Filter": "(store_sales.ss_sold_date_sk = date_dim.d_date_sk)",
          "Rows Removed by Join Filter": 105796,
          "Plans": [
            {
              "Node Type": "Seq Scan",
              "Parent Relationship": "Outer",
              "Relation Name": "date_dim",
              "Alias": "date_dim",
              "Startup Cost": 0.00,
              "Total Cost": 2318.11,
              "Plan Rows": 363,
              "Plan Width": 118,
              "Actual Startup Time": 3.206,
              "Actual Total Time": 6.528,
              "Actual Rows": 365,
              "Actual Loops": 1,
              "Filter": "(d_year = 2001)",
              "Rows Removed by Filter": 72684
            },
            {
              "Node Type": "Materialize",
              "Parent Relationship": "Inner",
              "Startup Cost": 2087.63,
              "Total Cost": 113782.95,
              "Plan Rows": 128,
              "Plan Width": 579,
              "Actual Startup Time": 0.070,
              "Actual Total Time": 1.585,
              "Actual Rows": 290,
              "Actual Loops": 365,
              "Plans": [
                {
                  "Node Type": "Hash Join",
                  "Parent Relationship": "Outer",
                  "Join Type": "Inner",
                  "Startup Cost": 2087.63,
                  "Total Cost": 113782.31,
                  "Plan Rows": 128,
                  "Plan Width": 579,
                  "Actual Startup Time": 25.359,
                  "Actual Total Time": 574.670,
                  "Actual Rows": 290,
                  "Actual Loops": 1,
                  "Hash Cond": "(store_sales.ss_store_sk = store.s_store_sk)",
                  "Plans": [
                    {
                      "Node Type": "Hash Join",
                      "Parent Relationship": "Outer",
                      "Join Type": "Inner",
                      "Startup Cost": 2086.36,
                      "Total Cost": 113779.24,
                      "Plan Rows": 135,
                      "Plan Width": 292,
                      "Actual Startup Time": 25.349,
                      "Actual Total Time": 574.480,
                      "Actual Rows": 290,
                      "Actual Loops": 1,
                      "Hash Cond": "(store_sales.ss_addr_sk = customer_address.ca_address_sk)",
                      "Plans": [
                        {
                          "Node Type": "Hash Join",
                          "Parent Relationship": "Outer",
                          "Join Type": "Inner",
                          "Startup Cost": 152.00,
                          "Total Cost": 111827.73,
                          "Plan Rows": 2528,
                          "Plan Width": 147,
                          "Actual Startup Time": 0.815,
                          "Actual Total Time": 563.026,
                          "Actual Rows": 4640,
                          "Actual Loops": 1,
                          "Hash Cond": "(store_sales.ss_hdemo_sk = household_demographics.hd_demo_sk)",
                          "Plans": [
                            {
                              "Node Type": "Seq Scan",
                              "Parent Relationship": "Outer",
                              "Relation Name": "store_sales",
                              "Alias": "store_sales",
                              "Startup Cost": 0.00,
                              "Total Cost": 111550.98,
                              "Plan Rows": 26525,
                              "Plan Width": 115,
                              "Actual Startup Time": 0.049,
                              "Actual Total Time": 556.582,
                              "Actual Rows": 46312,
                              "Actual Loops": 1,
                              "Filter": "((ss_sales_price >= 50.00) AND (ss_sales_price <= 200.00) AND (ss_net_profit >= 150::numeric) AND (ss_net_profit <= 300::numeric))",
                              "Rows Removed by Filter": 2576302
                            },
                            {
                              "Node Type": "Hash",
                              "Parent Relationship": "Inner",
                              "Startup Cost": 143.00,
                              "Total Cost": 143.00,
                              "Plan Rows": 720,
                              "Plan Width": 32,
                              "Actual Startup Time": 0.545,
                              "Actual Total Time": 0.545,
                              "Actual Rows": 720,
                              "Actual Loops": 1,
                              "Hash Buckets": 1024,
                              "Hash Batches": 1,
                              "Original Hash Batches": 1,
                              "Peak Memory Usage": 45,
                              "Plans": [
                                {
                                  "Node Type": "Seq Scan",
                                  "Parent Relationship": "Outer",
                                  "Relation Name": "household_demographics",
                                  "Alias": "household_demographics",
                                  "Startup Cost": 0.00,
                                  "Total Cost": 143.00,
                                  "Plan Rows": 720,
                                  "Plan Width": 32,
                                  "Actual Startup Time": 0.008,
                                  "Actual Total Time": 0.496,
                                  "Actual Rows": 720,
                                  "Actual Loops": 1,
                                  "Filter": "(hd_dep_count = 1)",
                                  "Rows Removed by Filter": 6480
                                }
                              ]
                            }
                          ]
                        },
                        {
                          "Node Type": "Hash",
                          "Parent Relationship": "Inner",
                          "Startup Cost": 1899.50,
                          "Total Cost": 1899.50,
                          "Plan Rows": 2789,
                          "Plan Width": 145,
                          "Actual Startup Time": 9.969,
                          "Actual Total Time": 9.969,
                          "Actual Rows": 2895,
                          "Actual Loops": 1,
                          "Hash Buckets": 1024,
                          "Hash Batches": 1,
                          "Original Hash Batches": 1,
                          "Peak Memory Usage": 506,
                          "Plans": [
                            {
                              "Node Type": "Seq Scan",
                              "Parent Relationship": "Outer",
                              "Relation Name": "customer_address",
                              "Alias": "customer_address",
                              "Startup Cost": 0.00,
                              "Total Cost": 1899.50,
                              "Plan Rows": 2789,
                              "Plan Width": 145,
                              "Actual Startup Time": 0.005,
                              "Actual Total Time": 9.729,
                              "Actual Rows": 2895,
                              "Actual Loops": 1,
                              "Filter": "(((ca_country)::text = 'United States'::text) AND (ca_state = ANY ('{MS,OH,NV}'::bpchar[])))",
                              "Rows Removed by Filter": 47105
                            }
                          ]
                        }
                      ]
                    },
                    {
                      "Node Type": "Hash",
                      "Parent Relationship": "Inner",
                      "Startup Cost": 1.12,
                      "Total Cost": 1.12,
                      "Plan Rows": 12,
                      "Plan Width": 287,
                      "Actual Startup Time": 0.004,
                      "Actual Total Time": 0.004,
                      "Actual Rows": 12,
                      "Actual Loops": 1,
                      "Hash Buckets": 1024,
                      "Hash Batches": 1,
                      "Original Hash Batches": 1,
                      "Peak Memory Usage": 4,
                      "Plans": [
                        {
                          "Node Type": "Seq Scan",
                          "Parent Relationship": "Outer",
                          "Relation Name": "store",
                          "Alias": "store",
                          "Startup Cost": 0.00,
                          "Total Cost": 1.12,
                          "Plan Rows": 12,
                          "Plan Width": 287,
                          "Actual Startup Time": 0.002,
                          "Actual Total Time": 0.002,
                          "Actual Rows": 12,
                          "Actual Loops": 1
                        }
                      ]
                    }
                  ]
                }
              ]
            }
          ]
        },
        {
          "Node Type": "Seq Scan",
          "Parent Relationship": "Inner",
          "Relation Name": "customer_demographics",
          "Alias": "customer_demographics",
          "Startup Cost": 0.00,
          "Total Cost": 50640.00,
          "Plan Rows": 56209,
          "Plan Width": 56,
          "Actual Startup Time": 0.006,
          "Actual Total Time": 201.226,
          "Actual Rows": 54880,
          "Actual Loops": 54,
          "Filter": "((cd_marital_status = 'D'::bpchar) AND (cd_education_status = 'Advanced Degree'::bpchar))",
          "Rows Removed by Filter": 1865920
        }
      ]
    },
    "Triggers": [
    ],
    "Total Runtime": 11632.020
  }
]
