[
  {
    "Plan": {
      "Node Type": "Unique",
      "Parallel Aware": false,
      "Startup Cost": 25277.57,
      "Total Cost": 25282.95,
      "Plan Rows": 187,
      "Plan Width": 8,
      "Actual Startup Time": 146.499,
      "Actual Total Time": 146.590,
      "Actual Rows": 35,
      "Actual Loops": 1,
      "Plans": [
        {
          "Node Type": "Sort",
          "Parent Relationship": "Outer",
          "Parallel Aware": false,
          "Startup Cost": 25277.57,
          "Total Cost": 25279.36,
          "Plan Rows": 718,
          "Plan Width": 8,
          "Actual Startup Time": 146.498,
          "Actual Total Time": 146.538,
          "Actual Rows": 760,
          "Actual Loops": 1,
          "Sort Key": ["agep", "sex"],
          "Sort Method": "quicksort",
          "Sort Space Used": 60,
          "Sort Space Type": "Memory",
          "Plans": [
            {
              "Node Type": "Seq Scan",
              "Parent Relationship": "Outer",
              "Parallel Aware": false,
              "Relation Name": "jointable",
              "Alias": "jointable",
              "Startup Cost": 0.00,
              "Total Cost": 25243.51,
              "Plan Rows": 718,
              "Plan Width": 8,
              "Actual Startup Time": 12.207,
              "Actual Total Time": 146.352,
              "Actual Rows": 760,
              "Actual Loops": 1,
              "Filter": "((agep >= 18) AND (agep <= 114) AND (puma10 = 109))",
              "Rows Removed by Filter": 1014926
            }
          ]
        }
      ]
    },
    "Planning Time": 0.056,
    "Triggers": [
    ],
    "Execution Time": 146.608
  }
]
