[
  {
    "Plan": {
      "Node Type": "Unique",
      "Parallel Aware": false,
      "Startup Cost": 25256.28,
      "Total Cost": 25258.60,
      "Plan Rows": 63,
      "Plan Width": 8,
      "Actual Startup Time": 123.293,
      "Actual Total Time": 124.624,
      "Actual Rows": 5,
      "Actual Loops": 1,
      "Plans": [
        {
          "Node Type": "Sort",
          "Parent Relationship": "Outer",
          "Parallel Aware": false,
          "Startup Cost": 25256.28,
          "Total Cost": 25257.06,
          "Plan Rows": 309,
          "Plan Width": 8,
          "Actual Startup Time": 123.293,
          "Actual Total Time": 124.134,
          "Actual Rows": 475,
          "Actual Loops": 1,
          "Sort Key": ["relp", "ten"],
          "Sort Method": "quicksort",
          "Sort Space Used": 47,
          "Sort Space Type": "Memory",
          "Plans": [
            {
              "Node Type": "Seq Scan",
              "Parent Relationship": "Outer",
              "Parallel Aware": false,
              "Relation Name": "jointable",
              "Alias": "jointable",
              "Startup Cost": 0.00,
              "Total Cost": 25243.51,
              "Plan Rows": 309,
              "Plan Width": 8,
              "Actual Startup Time": 4.466,
              "Actual Total Time": 123.217,
              "Actual Rows": 475,
              "Actual Loops": 1,
              "Filter": "((agep >= 11) AND (agep <= 35) AND (puma10 = 115))",
              "Rows Removed by Filter": 1015211
            }
          ]
        }
      ]
    },
    "Planning Time": 0.071,
    "Triggers": [
    ],
    "Execution Time": 124.639
  }
]
