[
  {
    "Plan": {
      "Node Type": "Unique",
      "Parallel Aware": false,
      "Startup Cost": 27968.69,
      "Total Cost": 27984.67,
      "Plan Rows": 944,
      "Plan Width": 4,
      "Actual Startup Time": 125.965,
      "Actual Total Time": 126.344,
      "Actual Rows": 88,
      "Actual Loops": 1,
      "Plans": [
        {
          "Node Type": "Sort",
          "Parent Relationship": "Outer",
          "Parallel Aware": false,
          "Startup Cost": 27968.69,
          "Total Cost": 27976.68,
          "Plan Rows": 3195,
          "Plan Width": 4,
          "Actual Startup Time": 125.965,
          "Actual Total Time": 126.169,
          "Actual Rows": 3483,
          "Actual Loops": 1,
          "Sort Key": ["puma10"],
          "Sort Method": "quicksort",
          "Sort Space Used": 260,
          "Sort Space Type": "Memory",
          "Plans": [
            {
              "Node Type": "Seq Scan",
              "Parent Relationship": "Outer",
              "Parallel Aware": false,
              "Relation Name": "jointable",
              "Alias": "jointable",
              "Startup Cost": 0.00,
              "Total Cost": 27782.72,
              "Plan Rows": 3195,
              "Plan Width": 4,
              "Actual Startup Time": 1.931,
              "Actual Total Time": 125.468,
              "Actual Rows": 3483,
              "Actual Loops": 1,
              "Filter": "((agep >= 40) AND (agep <= 85) AND (sex = 1) AND (relp = 6))",
              "Rows Removed by Filter": 1012203
            }
          ]
        }
      ]
    },
    "Planning Time": 0.089,
    "Triggers": [
    ],
    "Execution Time": 126.363
  }
]
