[
  {
    "Plan": {
      "Node Type": "Aggregate",
      "Strategy": "Hashed",
      "Partial Mode": "Simple",
      "Parallel Aware": false,
      "Startup Cost": 330976.40,
      "Total Cost": 330978.91,
      "Plan Rows": 251,
      "Plan Width": 9,
      "Actual Startup Time": 4033.693,
      "Actual Total Time": 4033.703,
      "Actual Rows": 58,
      "Actual Loops": 1,
      "Group Key": ["t.t_series_years"],
      "Plans": [
        {
          "Node Type": "Hash Join",
          "Parent Relationship": "Outer",
          "Parallel Aware": false,
          "Join Type": "Inner",
          "Startup Cost": 119474.11,
          "Total Cost": 327529.02,
          "Plan Rows": 1378954,
          "Plan Width": 9,
          "Actual Startup Time": 831.824,
          "Actual Total Time": 3888.363,
          "Actual Rows": 1306101,
          "Actual Loops": 1,
          "Hash Cond": "(mk.mk_keyword_id = k.k_id)",
          "Plans": [
            {
              "Node Type": "Hash Join",
              "Parent Relationship": "Outer",
              "Parallel Aware": false,
              "Join Type": "Inner",
              "Startup Cost": 113561.67,
              "Total Cost": 288500.96,
              "Plan Rows": 1378954,
              "Plan Width": 13,
              "Actual Startup Time": 776.173,
              "Actual Total Time": 3346.159,
              "Actual Rows": 1306101,
              "Actual Loops": 1,
              "Hash Cond": "(mk.mk_movie_id = t.t_id)",
              "Plans": [
                {
                  "Node Type": "Seq Scan",
                  "Parent Relationship": "Outer",
                  "Parallel Aware": false,
                  "Relation Name": "movie_keyword",
                  "Alias": "mk",
                  "Startup Cost": 0.00,
                  "Total Cost": 89810.27,
                  "Plan Rows": 5829727,
                  "Plan Width": 8,
                  "Actual Startup Time": 0.030,
                  "Actual Total Time": 862.794,
                  "Actual Rows": 5829736,
                  "Actual Loops": 1
                },
                {
                  "Node Type": "Hash",
                  "Parent Relationship": "Inner",
                  "Parallel Aware": false,
                  "Startup Cost": 99566.12,
                  "Total Cost": 99566.12,
                  "Plan Rows": 805084,
                  "Plan Width": 13,
                  "Actual Startup Time": 775.761,
                  "Actual Total Time": 775.761,
                  "Actual Rows": 794372,
                  "Actual Loops": 1,
                  "Hash Buckets": 131072,
                  "Original Hash Buckets": 131072,
                  "Hash Batches": 16,
                  "Original Hash Batches": 16,
                  "Peak Memory Usage": 2814,
                  "Plans": [
                    {
                      "Node Type": "Seq Scan",
                      "Parent Relationship": "Outer",
                      "Parallel Aware": false,
                      "Relation Name": "title",
                      "Alias": "t",
                      "Startup Cost": 0.00,
                      "Total Cost": 99566.12,
                      "Plan Rows": 805084,
                      "Plan Width": 13,
                      "Actual Startup Time": 0.018,
                      "Actual Total Time": 637.069,
                      "Actual Rows": 794372,
                      "Actual Loops": 1,
                      "Filter": "((t_production_year >= 2005) AND (t_production_year <= 2010))",
                      "Rows Removed by Filter": 2608838
                    }
                  ]
                }
              ]
            },
            {
              "Node Type": "Hash",
              "Parent Relationship": "Inner",
              "Parallel Aware": false,
              "Startup Cost": 3027.42,
              "Total Cost": 3027.42,
              "Plan Rows": 175842,
              "Plan Width": 4,
              "Actual Startup Time": 55.560,
              "Actual Total Time": 55.560,
              "Actual Rows": 175842,
              "Actual Loops": 1,
              "Hash Buckets": 131072,
              "Original Hash Buckets": 131072,
              "Hash Batches": 4,
              "Original Hash Batches": 4,
              "Peak Memory Usage": 2580,
              "Plans": [
                {
                  "Node Type": "Seq Scan",
                  "Parent Relationship": "Outer",
                  "Parallel Aware": false,
                  "Relation Name": "keyword",
                  "Alias": "k",
                  "Startup Cost": 0.00,
                  "Total Cost": 3027.42,
                  "Plan Rows": 175842,
                  "Plan Width": 4,
                  "Actual Startup Time": 0.009,
                  "Actual Total Time": 23.223,
                  "Actual Rows": 175842,
                  "Actual Loops": 1
                }
              ]
            }
          ]
        }
      ]
    },
    "Planning Time": 0.337,
    "Triggers": [
    ],
    "Execution Time": 4033.753
  }
]
