[
  {
    "Plan": {
      "Node Type": "Aggregate",
      "Strategy": "Hashed",
      "Partial Mode": "Simple",
      "Parallel Aware": false,
      "Startup Cost": 211195.95,
      "Total Cost": 211196.08,
      "Plan Rows": 13,
      "Plan Width": 8,
      "Actual Startup Time": 1378.903,
      "Actual Total Time": 1378.985,
      "Actual Rows": 768,
      "Actual Loops": 1,
      "Group Key": ["t.t_production_year", "t.t_season_nr"],
      "Plans": [
        {
          "Node Type": "Hash Join",
          "Parent Relationship": "Outer",
          "Parallel Aware": false,
          "Join Type": "Inner",
          "Startup Cost": 115139.53,
          "Total Cost": 211195.89,
          "Plan Rows": 13,
          "Plan Width": 8,
          "Actual Startup Time": 816.260,
          "Actual Total Time": 1376.917,
          "Actual Rows": 7616,
          "Actual Loops": 1,
          "Hash Cond": "(t.t_id = mk.mk_movie_id)",
          "Plans": [
            {
              "Node Type": "Seq Scan",
              "Parent Relationship": "Outer",
              "Parallel Aware": false,
              "Relation Name": "title",
              "Alias": "t",
              "Startup Cost": 0.00,
              "Total Cost": 91057.10,
              "Plan Rows": 1333101,
              "Plan Width": 12,
              "Actual Startup Time": 0.027,
              "Actual Total Time": 418.120,
              "Actual Rows": 1343597,
              "Actual Loops": 1,
              "Filter": "(t_episode_nr < 100)",
              "Rows Removed by Filter": 2059613
            },
            {
              "Node Type": "Hash",
              "Parent Relationship": "Inner",
              "Parallel Aware": false,
              "Startup Cost": 115139.11,
              "Total Cost": 115139.11,
              "Plan Rows": 33,
              "Plan Width": 4,
              "Actual Startup Time": 816.158,
              "Actual Total Time": 816.158,
              "Actual Rows": 43773,
              "Actual Loops": 1,
              "Hash Buckets": 65536,
              "Original Hash Buckets": 1024,
              "Hash Batches": 1,
              "Original Hash Batches": 1,
              "Peak Memory Usage": 2051,
              "Plans": [
                {
                  "Node Type": "Hash Join",
                  "Parent Relationship": "Outer",
                  "Parallel Aware": false,
                  "Join Type": "Inner",
                  "Startup Cost": 3467.04,
                  "Total Cost": 115139.11,
                  "Plan Rows": 33,
                  "Plan Width": 4,
                  "Actual Startup Time": 14.156,
                  "Actual Total Time": 810.061,
                  "Actual Rows": 43773,
                  "Actual Loops": 1,
                  "Hash Cond": "(mk.mk_keyword_id = k.k_id)",
                  "Plans": [
                    {
                      "Node Type": "Seq Scan",
                      "Parent Relationship": "Outer",
                      "Parallel Aware": false,
                      "Relation Name": "movie_keyword",
                      "Alias": "mk",
                      "Startup Cost": 0.00,
                      "Total Cost": 89810.27,
                      "Plan Rows": 5829727,
                      "Plan Width": 8,
                      "Actual Startup Time": 0.009,
                      "Actual Total Time": 382.171,
                      "Actual Rows": 5829736,
                      "Actual Loops": 1
                    },
                    {
                      "Node Type": "Hash",
                      "Parent Relationship": "Inner",
                      "Parallel Aware": false,
                      "Startup Cost": 3467.03,
                      "Total Cost": 3467.03,
                      "Plan Rows": 1,
                      "Plan Width": 4,
                      "Actual Startup Time": 14.106,
                      "Actual Total Time": 14.106,
                      "Actual Rows": 1,
                      "Actual Loops": 1,
                      "Hash Buckets": 1024,
                      "Original Hash Buckets": 1024,
                      "Hash Batches": 1,
                      "Original Hash Batches": 1,
                      "Peak Memory Usage": 9,
                      "Plans": [
                        {
                          "Node Type": "Seq Scan",
                          "Parent Relationship": "Outer",
                          "Parallel Aware": false,
                          "Relation Name": "keyword",
                          "Alias": "k",
                          "Startup Cost": 0.00,
                          "Total Cost": 3467.03,
                          "Plan Rows": 1,
                          "Plan Width": 4,
                          "Actual Startup Time": 0.457,
                          "Actual Total Time": 14.104,
                          "Actual Rows": 1,
                          "Actual Loops": 1,
                          "Filter": "(k_keyword = 'character-name-in-title'::text)",
                          "Rows Removed by Filter": 175841
                        }
                      ]
                    }
                  ]
                }
              ]
            }
          ]
        }
      ]
    },
    "Planning Time": 0.189,
    "Triggers": [
    ],
    "Execution Time": 1379.032
  }
]
