[
  {
    "Plan": {
      "Node Type": "Aggregate",
      "Strategy": "Hashed",
      "Partial Mode": "Simple",
      "Parallel Aware": false,
      "Startup Cost": 218345.93,
      "Total Cost": 218346.02,
      "Plan Rows": 9,
      "Plan Width": 8,
      "Actual Startup Time": 1372.042,
      "Actual Total Time": 1372.113,
      "Actual Rows": 669,
      "Actual Loops": 1,
      "Group Key": ["t.t_production_year", "t.t_season_nr"],
      "Plans": [
        {
          "Node Type": "Hash Join",
          "Parent Relationship": "Outer",
          "Parallel Aware": false,
          "Join Type": "Inner",
          "Startup Cost": 115139.53,
          "Total Cost": 218345.88,
          "Plan Rows": 9,
          "Plan Width": 8,
          "Actual Startup Time": 829.424,
          "Actual Total Time": 1370.524,
          "Actual Rows": 5900,
          "Actual Loops": 1,
          "Hash Cond": "(t.t_id = mk.mk_movie_id)",
          "Plans": [
            {
              "Node Type": "Seq Scan",
              "Parent Relationship": "Outer",
              "Parallel Aware": false,
              "Relation Name": "title",
              "Alias": "t",
              "Startup Cost": 0.00,
              "Total Cost": 99566.12,
              "Plan Rows": 970705,
              "Plan Width": 12,
              "Actual Startup Time": 0.022,
              "Actual Total Time": 433.466,
              "Actual Rows": 984858,
              "Actual Loops": 1,
              "Filter": "((t_episode_nr >= 5) AND (t_episode_nr < 100))",
              "Rows Removed by Filter": 2418352
            },
            {
              "Node Type": "Hash",
              "Parent Relationship": "Inner",
              "Parallel Aware": false,
              "Startup Cost": 115139.11,
              "Total Cost": 115139.11,
              "Plan Rows": 33,
              "Plan Width": 4,
              "Actual Startup Time": 829.316,
              "Actual Total Time": 829.316,
              "Actual Rows": 43773,
              "Actual Loops": 1,
              "Hash Buckets": 65536,
              "Original Hash Buckets": 1024,
              "Hash Batches": 1,
              "Original Hash Batches": 1,
              "Peak Memory Usage": 2051,
              "Plans": [
                {
                  "Node Type": "Hash Join",
                  "Parent Relationship": "Outer",
                  "Parallel Aware": false,
                  "Join Type": "Inner",
                  "Startup Cost": 3467.04,
                  "Total Cost": 115139.11,
                  "Plan Rows": 33,
                  "Plan Width": 4,
                  "Actual Startup Time": 14.585,
                  "Actual Total Time": 823.074,
                  "Actual Rows": 43773,
                  "Actual Loops": 1,
                  "Hash Cond": "(mk.mk_keyword_id = k.k_id)",
                  "Plans": [
                    {
                      "Node Type": "Seq Scan",
                      "Parent Relationship": "Outer",
                      "Parallel Aware": false,
                      "Relation Name": "movie_keyword",
                      "Alias": "mk",
                      "Startup Cost": 0.00,
                      "Total Cost": 89810.27,
                      "Plan Rows": 5829727,
                      "Plan Width": 8,
                      "Actual Startup Time": 0.010,
                      "Actual Total Time": 394.244,
                      "Actual Rows": 5829736,
                      "Actual Loops": 1
                    },
                    {
                      "Node Type": "Hash",
                      "Parent Relationship": "Inner",
                      "Parallel Aware": false,
                      "Startup Cost": 3467.03,
                      "Total Cost": 3467.03,
                      "Plan Rows": 1,
                      "Plan Width": 4,
                      "Actual Startup Time": 14.522,
                      "Actual Total Time": 14.522,
                      "Actual Rows": 1,
                      "Actual Loops": 1,
                      "Hash Buckets": 1024,
                      "Original Hash Buckets": 1024,
                      "Hash Batches": 1,
                      "Original Hash Batches": 1,
                      "Peak Memory Usage": 9,
                      "Plans": [
                        {
                          "Node Type": "Seq Scan",
                          "Parent Relationship": "Outer",
                          "Parallel Aware": false,
                          "Relation Name": "keyword",
                          "Alias": "k",
                          "Startup Cost": 0.00,
                          "Total Cost": 3467.03,
                          "Plan Rows": 1,
                          "Plan Width": 4,
                          "Actual Startup Time": 0.471,
                          "Actual Total Time": 14.520,
                          "Actual Rows": 1,
                          "Actual Loops": 1,
                          "Filter": "(k_keyword = 'character-name-in-title'::text)",
                          "Rows Removed by Filter": 175841
                        }
                      ]
                    }
                  ]
                }
              ]
            }
          ]
        }
      ]
    },
    "Planning Time": 0.197,
    "Triggers": [
    ],
    "Execution Time": 1372.162
  }
]
