[
  {
    "Plan": {
      "Node Type": "Aggregate",
      "Strategy": "Hashed",
      "Partial Mode": "Simple",
      "Parallel Aware": false,
      "Startup Cost": 214725.03,
      "Total Cost": 214725.04,
      "Plan Rows": 1,
      "Plan Width": 5,
      "Actual Startup Time": 1544.144,
      "Actual Total Time": 1544.144,
      "Actual Rows": 3,
      "Actual Loops": 1,
      "Group Key": ["k.k_phonetic_code"],
      "Plans": [
        {
          "Node Type": "Hash Join",
          "Parent Relationship": "Outer",
          "Parallel Aware": false,
          "Join Type": "Inner",
          "Startup Cost": 103051.44,
          "Total Cost": 214725.03,
          "Plan Rows": 1,
          "Plan Width": 5,
          "Actual Startup Time": 891.695,
          "Actual Total Time": 1542.015,
          "Actual Rows": 13292,
          "Actual Loops": 1,
          "Hash Cond": "(mk.mk_movie_id = t.t_id)",
          "Plans": [
            {
              "Node Type": "Hash Join",
              "Parent Relationship": "Outer",
              "Parallel Aware": false,
              "Join Type": "Inner",
              "Startup Cost": 3906.68,
              "Total Cost": 115579.76,
              "Plan Rows": 133,
              "Plan Width": 9,
              "Actual Startup Time": 23.630,
              "Actual Total Time": 818.863,
              "Actual Rows": 43641,
              "Actual Loops": 1,
              "Hash Cond": "(mk.mk_keyword_id = k.k_id)",
              "Plans": [
                {
                  "Node Type": "Seq Scan",
                  "Parent Relationship": "Outer",
                  "Parallel Aware": false,
                  "Relation Name": "movie_keyword",
                  "Alias": "mk",
                  "Startup Cost": 0.00,
                  "Total Cost": 89810.27,
                  "Plan Rows": 5829727,
                  "Plan Width": 8,
                  "Actual Startup Time": 0.038,
                  "Actual Total Time": 382.742,
                  "Actual Rows": 5829736,
                  "Actual Loops": 1
                },
                {
                  "Node Type": "Hash",
                  "Parent Relationship": "Inner",
                  "Parallel Aware": false,
                  "Startup Cost": 3906.63,
                  "Total Cost": 3906.63,
                  "Plan Rows": 4,
                  "Plan Width": 9,
                  "Actual Startup Time": 23.540,
                  "Actual Total Time": 23.541,
                  "Actual Rows": 3,
                  "Actual Loops": 1,
                  "Hash Buckets": 1024,
                  "Original Hash Buckets": 1024,
                  "Hash Batches": 1,
                  "Original Hash Batches": 1,
                  "Peak Memory Usage": 9,
                  "Plans": [
                    {
                      "Node Type": "Seq Scan",
                      "Parent Relationship": "Outer",
                      "Parallel Aware": false,
                      "Relation Name": "keyword",
                      "Alias": "k",
                      "Startup Cost": 0.00,
                      "Total Cost": 3906.63,
                      "Plan Rows": 4,
                      "Plan Width": 9,
                      "Actual Startup Time": 1.573,
                      "Actual Total Time": 23.535,
                      "Actual Rows": 3,
                      "Actual Loops": 1,
                      "Filter": "(k_keyword = ANY ('{murder,murder-in-title,blood,violence}'::text[]))",
                      "Rows Removed by Filter": 175839
                    }
                  ]
                }
              ]
            },
            {
              "Node Type": "Hash",
              "Parent Relationship": "Inner",
              "Parallel Aware": false,
              "Startup Cost": 98895.85,
              "Total Cost": 98895.85,
              "Plan Rows": 19913,
              "Plan Width": 4,
              "Actual Startup Time": 675.709,
              "Actual Total Time": 675.709,
              "Actual Rows": 426358,
              "Actual Loops": 1,
              "Hash Buckets": 131072,
              "Original Hash Buckets": 32768,
              "Hash Batches": 8,
              "Original Hash Batches": 1,
              "Peak Memory Usage": 3073,
              "Plans": [
                {
                  "Node Type": "Hash Join",
                  "Parent Relationship": "Outer",
                  "Parallel Aware": false,
                  "Join Type": "Inner",
                  "Startup Cost": 22.88,
                  "Total Cost": 98895.85,
                  "Plan Rows": 19913,
                  "Plan Width": 4,
                  "Actual Startup Time": 338.991,
                  "Actual Total Time": 616.722,
                  "Actual Rows": 426358,
                  "Actual Loops": 1,
                  "Hash Cond": "(t.t_kind_id = kt.kt_id)",
                  "Plans": [
                    {
                      "Node Type": "Seq Scan",
                      "Parent Relationship": "Outer",
                      "Parallel Aware": false,
                      "Relation Name": "title",
                      "Alias": "t",
                      "Startup Cost": 0.00,
                      "Total Cost": 91057.10,
                      "Plan Rows": 2031132,
                      "Plan Width": 8,
                      "Actual Startup Time": 0.014,
                      "Actual Total Time": 454.221,
                      "Actual Rows": 2027079,
                      "Actual Loops": 1,
                      "Filter": "(t_production_year > 2000)",
                      "Rows Removed by Filter": 1376131
                    },
                    {
                      "Node Type": "Hash",
                      "Parent Relationship": "Inner",
                      "Parallel Aware": false,
                      "Startup Cost": 22.75,
                      "Total Cost": 22.75,
                      "Plan Rows": 10,
                      "Plan Width": 4,
                      "Actual Startup Time": 0.005,
                      "Actual Total Time": 0.005,
                      "Actual Rows": 1,
                      "Actual Loops": 1,
                      "Hash Buckets": 1024,
                      "Original Hash Buckets": 1024,
                      "Hash Batches": 1,
                      "Original Hash Batches": 1,
                      "Peak Memory Usage": 9,
                      "Plans": [
                        {
                          "Node Type": "Seq Scan",
                          "Parent Relationship": "Outer",
                          "Parallel Aware": false,
                          "Relation Name": "kind_type",
                          "Alias": "kt",
                          "Startup Cost": 0.00,
                          "Total Cost": 22.75,
                          "Plan Rows": 10,
                          "Plan Width": 4,
                          "Actual Startup Time": 0.003,
                          "Actual Total Time": 0.004,
                          "Actual Rows": 1,
                          "Actual Loops": 1,
                          "Filter": "((kt_kind)::text = ANY ('{movie,episode}'::text[]))",
                          "Rows Removed by Filter": 6
                        }
                      ]
                    }
                  ]
                }
              ]
            }
          ]
        }
      ]
    },
    "Planning Time": 0.427,
    "Triggers": [
    ],
    "Execution Time": 1544.188
  }
]
