[
  {
    "Plan": {
      "Node Type": "Aggregate",
      "Strategy": "Hashed",
      "Partial Mode": "Simple",
      "Parallel Aware": false,
      "Startup Cost": 211226.39,
      "Total Cost": 211226.40,
      "Plan Rows": 1,
      "Plan Width": 5,
      "Actual Startup Time": 1528.319,
      "Actual Total Time": 1528.320,
      "Actual Rows": 3,
      "Actual Loops": 1,
      "Group Key": ["k.k_phonetic_code"],
      "Plans": [
        {
          "Node Type": "Hash Join",
          "Parent Relationship": "Outer",
          "Parallel Aware": false,
          "Join Type": "Inner",
          "Startup Cost": 99552.80,
          "Total Cost": 211226.38,
          "Plan Rows": 1,
          "Plan Width": 5,
          "Actual Startup Time": 844.620,
          "Actual Total Time": 1525.266,
          "Actual Rows": 19080,
          "Actual Loops": 1,
          "Hash Cond": "(mk.mk_movie_id = t.t_id)",
          "Plans": [
            {
              "Node Type": "Hash Join",
              "Parent Relationship": "Outer",
              "Parallel Aware": false,
              "Join Type": "Inner",
              "Startup Cost": 3906.68,
              "Total Cost": 115579.76,
              "Plan Rows": 133,
              "Plan Width": 9,
              "Actual Startup Time": 25.299,
              "Actual Total Time": 849.415,
              "Actual Rows": 43641,
              "Actual Loops": 1,
              "Hash Cond": "(mk.mk_keyword_id = k.k_id)",
              "Plans": [
                {
                  "Node Type": "Seq Scan",
                  "Parent Relationship": "Outer",
                  "Parallel Aware": false,
                  "Relation Name": "movie_keyword",
                  "Alias": "mk",
                  "Startup Cost": 0.00,
                  "Total Cost": 89810.27,
                  "Plan Rows": 5829727,
                  "Plan Width": 8,
                  "Actual Startup Time": 0.044,
                  "Actual Total Time": 401.120,
                  "Actual Rows": 5829736,
                  "Actual Loops": 1
                },
                {
                  "Node Type": "Hash",
                  "Parent Relationship": "Inner",
                  "Parallel Aware": false,
                  "Startup Cost": 3906.63,
                  "Total Cost": 3906.63,
                  "Plan Rows": 4,
                  "Plan Width": 9,
                  "Actual Startup Time": 25.187,
                  "Actual Total Time": 25.187,
                  "Actual Rows": 3,
                  "Actual Loops": 1,
                  "Hash Buckets": 1024,
                  "Original Hash Buckets": 1024,
                  "Hash Batches": 1,
                  "Original Hash Batches": 1,
                  "Peak Memory Usage": 9,
                  "Plans": [
                    {
                      "Node Type": "Seq Scan",
                      "Parent Relationship": "Outer",
                      "Parallel Aware": false,
                      "Relation Name": "keyword",
                      "Alias": "k",
                      "Startup Cost": 0.00,
                      "Total Cost": 3906.63,
                      "Plan Rows": 4,
                      "Plan Width": 9,
                      "Actual Startup Time": 1.497,
                      "Actual Total Time": 25.179,
                      "Actual Rows": 3,
                      "Actual Loops": 1,
                      "Filter": "(k_keyword = ANY ('{murder,murder-in-title,blood,violence}'::text[]))",
                      "Rows Removed by Filter": 175839
                    }
                  ]
                }
              ]
            },
            {
              "Node Type": "Hash",
              "Parent Relationship": "Inner",
              "Parallel Aware": false,
              "Startup Cost": 95505.19,
              "Total Cost": 95505.19,
              "Plan Rows": 11274,
              "Plan Width": 4,
              "Actual Startup Time": 626.333,
              "Actual Total Time": 626.333,
              "Actual Rows": 402006,
              "Actual Loops": 1,
              "Hash Buckets": 131072,
              "Original Hash Buckets": 16384,
              "Hash Batches": 8,
              "Original Hash Batches": 1,
              "Peak Memory Usage": 3073,
              "Plans": [
                {
                  "Node Type": "Hash Join",
                  "Parent Relationship": "Outer",
                  "Parallel Aware": false,
                  "Join Type": "Inner",
                  "Startup Cost": 22.88,
                  "Total Cost": 95505.19,
                  "Plan Rows": 11274,
                  "Plan Width": 4,
                  "Actual Startup Time": 295.909,
                  "Actual Total Time": 565.214,
                  "Actual Rows": 402006,
                  "Actual Loops": 1,
                  "Hash Cond": "(t.t_kind_id = kt.kt_id)",
                  "Plans": [
                    {
                      "Node Type": "Seq Scan",
                      "Parent Relationship": "Outer",
                      "Parallel Aware": false,
                      "Relation Name": "title",
                      "Alias": "t",
                      "Startup Cost": 0.00,
                      "Total Cost": 91057.10,
                      "Plan Rows": 1149994,
                      "Plan Width": 8,
                      "Actual Startup Time": 0.015,
                      "Actual Total Time": 454.381,
                      "Actual Rows": 1149285,
                      "Actual Loops": 1,
                      "Filter": "(t_production_year < 2000)",
                      "Rows Removed by Filter": 2253925
                    },
                    {
                      "Node Type": "Hash",
                      "Parent Relationship": "Inner",
                      "Parallel Aware": false,
                      "Startup Cost": 22.75,
                      "Total Cost": 22.75,
                      "Plan Rows": 10,
                      "Plan Width": 4,
                      "Actual Startup Time": 0.006,
                      "Actual Total Time": 0.006,
                      "Actual Rows": 1,
                      "Actual Loops": 1,
                      "Hash Buckets": 1024,
                      "Original Hash Buckets": 1024,
                      "Hash Batches": 1,
                      "Original Hash Batches": 1,
                      "Peak Memory Usage": 9,
                      "Plans": [
                        {
                          "Node Type": "Seq Scan",
                          "Parent Relationship": "Outer",
                          "Parallel Aware": false,
                          "Relation Name": "kind_type",
                          "Alias": "kt",
                          "Startup Cost": 0.00,
                          "Total Cost": 22.75,
                          "Plan Rows": 10,
                          "Plan Width": 4,
                          "Actual Startup Time": 0.004,
                          "Actual Total Time": 0.005,
                          "Actual Rows": 1,
                          "Actual Loops": 1,
                          "Filter": "((kt_kind)::text = ANY ('{movie,episode}'::text[]))",
                          "Rows Removed by Filter": 6
                        }
                      ]
                    }
                  ]
                }
              ]
            }
          ]
        }
      ]
    },
    "Planning Time": 0.650,
    "Triggers": [
    ],
    "Execution Time": 1528.380
  }
]
