[
  {
    "Plan": {
      "Node Type": "Aggregate",
      "Strategy": "Hashed",
      "Partial Mode": "Simple",
      "Parallel Aware": false,
      "Startup Cost": 211099.49,
      "Total Cost": 211099.50,
      "Plan Rows": 1,
      "Plan Width": 5,
      "Actual Startup Time": 23.796,
      "Actual Total Time": 23.796,
      "Actual Rows": 0,
      "Actual Loops": 1,
      "Group Key": ["k.k_phonetic_code"],
      "Plans": [
        {
          "Node Type": "Hash Join",
          "Parent Relationship": "Outer",
          "Parallel Aware": false,
          "Join Type": "Inner",
          "Startup Cost": 99425.90,
          "Total Cost": 211099.49,
          "Plan Rows": 1,
          "Plan Width": 5,
          "Actual Startup Time": 23.795,
          "Actual Total Time": 23.796,
          "Actual Rows": 0,
          "Actual Loops": 1,
          "Hash Cond": "(mk.mk_movie_id = t.t_id)",
          "Plans": [
            {
              "Node Type": "Hash Join",
              "Parent Relationship": "Outer",
              "Parallel Aware": false,
              "Join Type": "Inner",
              "Startup Cost": 3906.68,
              "Total Cost": 115579.76,
              "Plan Rows": 133,
              "Plan Width": 9,
              "Actual Startup Time": 23.769,
              "Actual Total Time": 23.769,
              "Actual Rows": 1,
              "Actual Loops": 1,
              "Hash Cond": "(mk.mk_keyword_id = k.k_id)",
              "Plans": [
                {
                  "Node Type": "Seq Scan",
                  "Parent Relationship": "Outer",
                  "Parallel Aware": false,
                  "Relation Name": "movie_keyword",
                  "Alias": "mk",
                  "Startup Cost": 0.00,
                  "Total Cost": 89810.27,
                  "Plan Rows": 5829727,
                  "Plan Width": 8,
                  "Actual Startup Time": 0.030,
                  "Actual Total Time": 0.062,
                  "Actual Rows": 236,
                  "Actual Loops": 1
                },
                {
                  "Node Type": "Hash",
                  "Parent Relationship": "Inner",
                  "Parallel Aware": false,
                  "Startup Cost": 3906.63,
                  "Total Cost": 3906.63,
                  "Plan Rows": 4,
                  "Plan Width": 9,
                  "Actual Startup Time": 23.682,
                  "Actual Total Time": 23.682,
                  "Actual Rows": 3,
                  "Actual Loops": 1,
                  "Hash Buckets": 1024,
                  "Original Hash Buckets": 1024,
                  "Hash Batches": 1,
                  "Original Hash Batches": 1,
                  "Peak Memory Usage": 9,
                  "Plans": [
                    {
                      "Node Type": "Seq Scan",
                      "Parent Relationship": "Outer",
                      "Parallel Aware": false,
                      "Relation Name": "keyword",
                      "Alias": "k",
                      "Startup Cost": 0.00,
                      "Total Cost": 3906.63,
                      "Plan Rows": 4,
                      "Plan Width": 9,
                      "Actual Startup Time": 0.997,
                      "Actual Total Time": 23.680,
                      "Actual Rows": 3,
                      "Actual Loops": 1,
                      "Filter": "(k_keyword = ANY ('{murder,murder-in-title,blood,violence}'::text[]))",
                      "Rows Removed by Filter": 175839
                    }
                  ]
                }
              ]
            },
            {
              "Node Type": "Hash",
              "Parent Relationship": "Inner",
              "Parallel Aware": false,
              "Startup Cost": 95448.76,
              "Total Cost": 95448.76,
              "Plan Rows": 5637,
              "Plan Width": 4,
              "Actual Startup Time": 0.017,
              "Actual Total Time": 0.017,
              "Actual Rows": 0,
              "Actual Loops": 1,
              "Hash Buckets": 8192,
              "Original Hash Buckets": 8192,
              "Hash Batches": 1,
              "Original Hash Batches": 1,
              "Peak Memory Usage": 64,
              "Plans": [
                {
                  "Node Type": "Hash Join",
                  "Parent Relationship": "Outer",
                  "Parallel Aware": false,
                  "Join Type": "Inner",
                  "Startup Cost": 22.81,
                  "Total Cost": 95448.76,
                  "Plan Rows": 5637,
                  "Plan Width": 4,
                  "Actual Startup Time": 0.017,
                  "Actual Total Time": 0.017,
                  "Actual Rows": 0,
                  "Actual Loops": 1,
                  "Hash Cond": "(t.t_kind_id = kt.kt_id)",
                  "Plans": [
                    {
                      "Node Type": "Seq Scan",
                      "Parent Relationship": "Outer",
                      "Parallel Aware": false,
                      "Relation Name": "title",
                      "Alias": "t",
                      "Startup Cost": 0.00,
                      "Total Cost": 91057.10,
                      "Plan Rows": 1149994,
                      "Plan Width": 8,
                      "Actual Startup Time": 0.011,
                      "Actual Total Time": 0.011,
                      "Actual Rows": 1,
                      "Actual Loops": 1,
                      "Filter": "(t_production_year < 2000)",
                      "Rows Removed by Filter": 0
                    },
                    {
                      "Node Type": "Hash",
                      "Parent Relationship": "Inner",
                      "Parallel Aware": false,
                      "Startup Cost": 22.75,
                      "Total Cost": 22.75,
                      "Plan Rows": 5,
                      "Plan Width": 4,
                      "Actual Startup Time": 0.004,
                      "Actual Total Time": 0.004,
                      "Actual Rows": 0,
                      "Actual Loops": 1,
                      "Hash Buckets": 1024,
                      "Original Hash Buckets": 1024,
                      "Hash Batches": 1,
                      "Original Hash Batches": 1,
                      "Peak Memory Usage": 8,
                      "Plans": [
                        {
                          "Node Type": "Seq Scan",
                          "Parent Relationship": "Outer",
                          "Parallel Aware": false,
                          "Relation Name": "kind_type",
                          "Alias": "kt",
                          "Startup Cost": 0.00,
                          "Total Cost": 22.75,
                          "Plan Rows": 5,
                          "Plan Width": 4,
                          "Actual Startup Time": 0.004,
                          "Actual Total Time": 0.004,
                          "Actual Rows": 0,
                          "Actual Loops": 1,
                          "Filter": "((kt_kind)::text = 'episode'::text)",
                          "Rows Removed by Filter": 7
                        }
                      ]
                    }
                  ]
                }
              ]
            }
          ]
        }
      ]
    },
    "Planning Time": 0.272,
    "Triggers": [
    ],
    "Execution Time": 23.835
  }
]
