[
  {
    "Plan": {
      "Node Type": "Aggregate",
      "Strategy": "Hashed",
      "Partial Mode": "Simple",
      "Parallel Aware": false,
      "Startup Cost": 223214.23,
      "Total Cost": 223214.24,
      "Plan Rows": 1,
      "Plan Width": 8,
      "Actual Startup Time": 1918.236,
      "Actual Total Time": 1918.236,
      "Actual Rows": 1,
      "Actual Loops": 1,
      "Group Key": ["t.t_production_year", "t.t_season_nr"],
      "Plans": [
        {
          "Node Type": "Hash Join",
          "Parent Relationship": "Outer",
          "Parallel Aware": false,
          "Join Type": "Inner",
          "Startup Cost": 111542.28,
          "Total Cost": 223214.23,
          "Plan Rows": 1,
          "Plan Width": 8,
          "Actual Startup Time": 1694.975,
          "Actual Total Time": 1918.232,
          "Actual Rows": 1,
          "Actual Loops": 1,
          "Hash Cond": "(mk.mk_keyword_id = k.k_id)",
          "Plans": [
            {
              "Node Type": "Hash Join",
              "Parent Relationship": "Outer",
              "Parallel Aware": false,
              "Join Type": "Inner",
              "Startup Cost": 108075.24,
              "Total Cost": 219747.13,
              "Plan Rows": 14,
              "Plan Width": 12,
              "Actual Startup Time": 1667.898,
              "Actual Total Time": 1891.143,
              "Actual Rows": 156,
              "Actual Loops": 1,
              "Hash Cond": "(mk.mk_movie_id = t.t_id)",
              "Plans": [
                {
                  "Node Type": "Seq Scan",
                  "Parent Relationship": "Outer",
                  "Parallel Aware": false,
                  "Relation Name": "movie_keyword",
                  "Alias": "mk",
                  "Startup Cost": 0.00,
                  "Total Cost": 89810.27,
                  "Plan Rows": 5829727,
                  "Plan Width": 8,
                  "Actual Startup Time": 0.063,
                  "Actual Total Time": 564.881,
                  "Actual Rows": 5829736,
                  "Actual Loops": 1
                },
                {
                  "Node Type": "Hash",
                  "Parent Relationship": "Inner",
                  "Parallel Aware": false,
                  "Startup Cost": 108075.14,
                  "Total Cost": 108075.14,
                  "Plan Rows": 8,
                  "Plan Width": 12,
                  "Actual Startup Time": 760.008,
                  "Actual Total Time": 760.008,
                  "Actual Rows": 3,
                  "Actual Loops": 1,
                  "Hash Buckets": 1024,
                  "Original Hash Buckets": 1024,
                  "Hash Batches": 1,
                  "Original Hash Batches": 1,
                  "Peak Memory Usage": 9,
                  "Plans": [
                    {
                      "Node Type": "Seq Scan",
                      "Parent Relationship": "Outer",
                      "Parallel Aware": false,
                      "Relation Name": "title",
                      "Alias": "t",
                      "Startup Cost": 0.00,
                      "Total Cost": 108075.14,
                      "Plan Rows": 8,
                      "Plan Width": 12,
                      "Actual Startup Time": 18.437,
                      "Actual Total Time": 759.999,
                      "Actual Rows": 3,
                      "Actual Loops": 1,
                      "Filter": "((t_production_year >= 2000) AND (t_production_year <= 2010) AND (t_title = 'Shrek 2'::text))",
                      "Rows Removed by Filter": 3403207
                    }
                  ]
                }
              ]
            },
            {
              "Node Type": "Hash",
              "Parent Relationship": "Inner",
              "Parallel Aware": false,
              "Startup Cost": 3467.03,
              "Total Cost": 3467.03,
              "Plan Rows": 1,
              "Plan Width": 4,
              "Actual Startup Time": 27.062,
              "Actual Total Time": 27.062,
              "Actual Rows": 1,
              "Actual Loops": 1,
              "Hash Buckets": 1024,
              "Original Hash Buckets": 1024,
              "Hash Batches": 1,
              "Original Hash Batches": 1,
              "Peak Memory Usage": 9,
              "Plans": [
                {
                  "Node Type": "Seq Scan",
                  "Parent Relationship": "Outer",
                  "Parallel Aware": false,
                  "Relation Name": "keyword",
                  "Alias": "k",
                  "Startup Cost": 0.00,
                  "Total Cost": 3467.03,
                  "Plan Rows": 1,
                  "Plan Width": 4,
                  "Actual Startup Time": 2.129,
                  "Actual Total Time": 27.058,
                  "Actual Rows": 1,
                  "Actual Loops": 1,
                  "Filter": "(k_keyword = 'computer-animation'::text)",
                  "Rows Removed by Filter": 175841
                }
              ]
            }
          ]
        }
      ]
    },
    "Planning Time": 0.542,
    "Triggers": [
    ],
    "Execution Time": 1918.278
  }
]
