[
  {
    "Plan": {
      "Node Type": "Aggregate",
      "Strategy": "Hashed",
      "Partial Mode": "Simple",
      "Parallel Aware": false,
      "Startup Cost": 223214.05,
      "Total Cost": 223214.06,
      "Plan Rows": 1,
      "Plan Width": 8,
      "Actual Startup Time": 1569.483,
      "Actual Total Time": 1569.484,
      "Actual Rows": 1,
      "Actual Loops": 1,
      "Group Key": ["t.t_production_year", "t.t_season_nr"],
      "Plans": [
        {
          "Node Type": "Hash Join",
          "Parent Relationship": "Outer",
          "Parallel Aware": false,
          "Join Type": "Inner",
          "Startup Cost": 111542.22,
          "Total Cost": 223214.04,
          "Plan Rows": 1,
          "Plan Width": 8,
          "Actual Startup Time": 1351.762,
          "Actual Total Time": 1569.478,
          "Actual Rows": 1,
          "Actual Loops": 1,
          "Hash Cond": "(mk.mk_keyword_id = k.k_id)",
          "Plans": [
            {
              "Node Type": "Hash Join",
              "Parent Relationship": "Outer",
              "Parallel Aware": false,
              "Join Type": "Inner",
              "Startup Cost": 108075.18,
              "Total Cost": 219746.97,
              "Plan Rows": 5,
              "Plan Width": 12,
              "Actual Startup Time": 1327.031,
              "Actual Total Time": 1544.735,
              "Actual Rows": 156,
              "Actual Loops": 1,
              "Hash Cond": "(mk.mk_movie_id = t.t_id)",
              "Plans": [
                {
                  "Node Type": "Seq Scan",
                  "Parent Relationship": "Outer",
                  "Parallel Aware": false,
                  "Relation Name": "movie_keyword",
                  "Alias": "mk",
                  "Startup Cost": 0.00,
                  "Total Cost": 89810.27,
                  "Plan Rows": 5829727,
                  "Plan Width": 8,
                  "Actual Startup Time": 0.043,
                  "Actual Total Time": 456.342,
                  "Actual Rows": 5829736,
                  "Actual Loops": 1
                },
                {
                  "Node Type": "Hash",
                  "Parent Relationship": "Inner",
                  "Parallel Aware": false,
                  "Startup Cost": 108075.14,
                  "Total Cost": 108075.14,
                  "Plan Rows": 3,
                  "Plan Width": 12,
                  "Actual Startup Time": 634.557,
                  "Actual Total Time": 634.557,
                  "Actual Rows": 2,
                  "Actual Loops": 1,
                  "Hash Buckets": 1024,
                  "Original Hash Buckets": 1024,
                  "Hash Batches": 1,
                  "Original Hash Batches": 1,
                  "Peak Memory Usage": 9,
                  "Plans": [
                    {
                      "Node Type": "Seq Scan",
                      "Parent Relationship": "Outer",
                      "Parallel Aware": false,
                      "Relation Name": "title",
                      "Alias": "t",
                      "Startup Cost": 0.00,
                      "Total Cost": 108075.14,
                      "Plan Rows": 3,
                      "Plan Width": 12,
                      "Actual Startup Time": 566.745,
                      "Actual Total Time": 634.552,
                      "Actual Rows": 2,
                      "Actual Loops": 1,
                      "Filter": "((t_production_year >= 2000) AND (t_production_year <= 2005) AND (t_title = 'Shrek 2'::text))",
                      "Rows Removed by Filter": 3403208
                    }
                  ]
                }
              ]
            },
            {
              "Node Type": "Hash",
              "Parent Relationship": "Inner",
              "Parallel Aware": false,
              "Startup Cost": 3467.03,
              "Total Cost": 3467.03,
              "Plan Rows": 1,
              "Plan Width": 4,
              "Actual Startup Time": 24.719,
              "Actual Total Time": 24.719,
              "Actual Rows": 1,
              "Actual Loops": 1,
              "Hash Buckets": 1024,
              "Original Hash Buckets": 1024,
              "Hash Batches": 1,
              "Original Hash Batches": 1,
              "Peak Memory Usage": 9,
              "Plans": [
                {
                  "Node Type": "Seq Scan",
                  "Parent Relationship": "Outer",
                  "Parallel Aware": false,
                  "Relation Name": "keyword",
                  "Alias": "k",
                  "Startup Cost": 0.00,
                  "Total Cost": 3467.03,
                  "Plan Rows": 1,
                  "Plan Width": 4,
                  "Actual Startup Time": 1.062,
                  "Actual Total Time": 24.717,
                  "Actual Rows": 1,
                  "Actual Loops": 1,
                  "Filter": "(k_keyword = 'computer-animation'::text)",
                  "Rows Removed by Filter": 175841
                }
              ]
            }
          ]
        }
      ]
    },
    "Planning Time": 0.251,
    "Triggers": [
    ],
    "Execution Time": 1569.513
  }
]
