[
  {
    "Plan": {
      "Node Type": "Aggregate",
      "Strategy": "Hashed",
      "Partial Mode": "Simple",
      "Parallel Aware": false,
      "Startup Cost": 219058.30,
      "Total Cost": 219058.41,
      "Plan Rows": 11,
      "Plan Width": 8,
      "Actual Startup Time": 1563.459,
      "Actual Total Time": 1563.463,
      "Actual Rows": 17,
      "Actual Loops": 1,
      "Group Key": ["t.t_production_year", "t.t_season_nr"],
      "Plans": [
        {
          "Node Type": "Hash Join",
          "Parent Relationship": "Outer",
          "Parallel Aware": false,
          "Join Type": "Inner",
          "Startup Cost": 115139.53,
          "Total Cost": 219058.25,
          "Plan Rows": 11,
          "Plan Width": 8,
          "Actual Startup Time": 836.152,
          "Actual Total Time": 1563.138,
          "Actual Rows": 256,
          "Actual Loops": 1,
          "Hash Cond": "(t.t_id = mk.mk_movie_id)",
          "Plans": [
            {
              "Node Type": "Seq Scan",
              "Parent Relationship": "Outer",
              "Parallel Aware": false,
              "Relation Name": "title",
              "Alias": "t",
              "Startup Cost": 0.00,
              "Total Cost": 99566.12,
              "Plan Rows": 1160664,
              "Plan Width": 12,
              "Actual Startup Time": 0.031,
              "Actual Total Time": 630.877,
              "Actual Rows": 1159238,
              "Actual Loops": 1,
              "Filter": "((t_production_year >= 2000) AND (t_production_year <= 2010))",
              "Rows Removed by Filter": 2243972
            },
            {
              "Node Type": "Hash",
              "Parent Relationship": "Inner",
              "Parallel Aware": false,
              "Startup Cost": 115139.11,
              "Total Cost": 115139.11,
              "Plan Rows": 33,
              "Plan Width": 4,
              "Actual Startup Time": 835.298,
              "Actual Total Time": 835.298,
              "Actual Rows": 470,
              "Actual Loops": 1,
              "Hash Buckets": 1024,
              "Original Hash Buckets": 1024,
              "Hash Batches": 1,
              "Original Hash Batches": 1,
              "Peak Memory Usage": 25,
              "Plans": [
                {
                  "Node Type": "Hash Join",
                  "Parent Relationship": "Outer",
                  "Parallel Aware": false,
                  "Join Type": "Inner",
                  "Startup Cost": 3467.04,
                  "Total Cost": 115139.11,
                  "Plan Rows": 33,
                  "Plan Width": 4,
                  "Actual Startup Time": 22.733,
                  "Actual Total Time": 835.120,
                  "Actual Rows": 470,
                  "Actual Loops": 1,
                  "Hash Cond": "(mk.mk_keyword_id = k.k_id)",
                  "Plans": [
                    {
                      "Node Type": "Seq Scan",
                      "Parent Relationship": "Outer",
                      "Parallel Aware": false,
                      "Relation Name": "movie_keyword",
                      "Alias": "mk",
                      "Startup Cost": 0.00,
                      "Total Cost": 89810.27,
                      "Plan Rows": 5829727,
                      "Plan Width": 8,
                      "Actual Startup Time": 0.011,
                      "Actual Total Time": 397.859,
                      "Actual Rows": 5829736,
                      "Actual Loops": 1
                    },
                    {
                      "Node Type": "Hash",
                      "Parent Relationship": "Inner",
                      "Parallel Aware": false,
                      "Startup Cost": 3467.03,
                      "Total Cost": 3467.03,
                      "Plan Rows": 1,
                      "Plan Width": 4,
                      "Actual Startup Time": 16.159,
                      "Actual Total Time": 16.159,
                      "Actual Rows": 1,
                      "Actual Loops": 1,
                      "Hash Buckets": 1024,
                      "Original Hash Buckets": 1024,
                      "Hash Batches": 1,
                      "Original Hash Batches": 1,
                      "Peak Memory Usage": 9,
                      "Plans": [
                        {
                          "Node Type": "Seq Scan",
                          "Parent Relationship": "Outer",
                          "Parallel Aware": false,
                          "Relation Name": "keyword",
                          "Alias": "k",
                          "Startup Cost": 0.00,
                          "Total Cost": 3467.03,
                          "Plan Rows": 1,
                          "Plan Width": 4,
                          "Actual Startup Time": 0.979,
                          "Actual Total Time": 16.156,
                          "Actual Rows": 1,
                          "Actual Loops": 1,
                          "Filter": "(k_keyword = 'computer-animation'::text)",
                          "Rows Removed by Filter": 175841
                        }
                      ]
                    }
                  ]
                }
              ]
            }
          ]
        }
      ]
    },
    "Planning Time": 0.206,
    "Triggers": [
    ],
    "Execution Time": 1563.493
  }
]
