[
  {
    "Plan": {
      "Node Type": "Aggregate",
      "Strategy": "Hashed",
      "Partial Mode": "Simple",
      "Parallel Aware": false,
      "Startup Cost": 210452.72,
      "Total Cost": 210452.74,
      "Plan Rows": 2,
      "Plan Width": 17,
      "Actual Startup Time": 1517.418,
      "Actual Total Time": 1517.419,
      "Actual Rows": 2,
      "Actual Loops": 1,
      "Group Key": ["k.k_keyword"],
      "Plans": [
        {
          "Node Type": "Hash Join",
          "Parent Relationship": "Outer",
          "Parallel Aware": false,
          "Join Type": "Inner",
          "Startup Cost": 115140.28,
          "Total Cost": 210452.55,
          "Plan Rows": 66,
          "Plan Width": 17,
          "Actual Startup Time": 861.903,
          "Actual Total Time": 1513.597,
          "Actual Rows": 20499,
          "Actual Loops": 1,
          "Hash Cond": "(t.t_id = mk.mk_movie_id)",
          "Plans": [
            {
              "Node Type": "Seq Scan",
              "Parent Relationship": "Outer",
              "Parallel Aware": false,
              "Relation Name": "title",
              "Alias": "t",
              "Startup Cost": 0.00,
              "Total Cost": 82548.08,
              "Plan Rows": 3403608,
              "Plan Width": 4,
              "Actual Startup Time": 0.013,
              "Actual Total Time": 308.982,
              "Actual Rows": 3403210,
              "Actual Loops": 1
            },
            {
              "Node Type": "Hash",
              "Parent Relationship": "Inner",
              "Parallel Aware": false,
              "Startup Cost": 115139.46,
              "Total Cost": 115139.46,
              "Plan Rows": 66,
              "Plan Width": 21,
              "Actual Startup Time": 861.801,
              "Actual Total Time": 861.801,
              "Actual Rows": 20499,
              "Actual Loops": 1,
              "Hash Buckets": 32768,
              "Original Hash Buckets": 1024,
              "Hash Batches": 1,
              "Original Hash Batches": 1,
              "Peak Memory Usage": 1178,
              "Plans": [
                {
                  "Node Type": "Hash Join",
                  "Parent Relationship": "Outer",
                  "Parallel Aware": false,
                  "Join Type": "Inner",
                  "Startup Cost": 3467.05,
                  "Total Cost": 115139.46,
                  "Plan Rows": 66,
                  "Plan Width": 21,
                  "Actual Startup Time": 28.128,
                  "Actual Total Time": 857.420,
                  "Actual Rows": 20499,
                  "Actual Loops": 1,
                  "Hash Cond": "(mk.mk_keyword_id = k.k_id)",
                  "Plans": [
                    {
                      "Node Type": "Seq Scan",
                      "Parent Relationship": "Outer",
                      "Parallel Aware": false,
                      "Relation Name": "movie_keyword",
                      "Alias": "mk",
                      "Startup Cost": 0.00,
                      "Total Cost": 89810.27,
                      "Plan Rows": 5829727,
                      "Plan Width": 8,
                      "Actual Startup Time": 0.010,
                      "Actual Total Time": 403.926,
                      "Actual Rows": 5829736,
                      "Actual Loops": 1
                    },
                    {
                      "Node Type": "Hash",
                      "Parent Relationship": "Inner",
                      "Parallel Aware": false,
                      "Startup Cost": 3467.03,
                      "Total Cost": 3467.03,
                      "Plan Rows": 2,
                      "Plan Width": 21,
                      "Actual Startup Time": 27.815,
                      "Actual Total Time": 27.815,
                      "Actual Rows": 2,
                      "Actual Loops": 1,
                      "Hash Buckets": 1024,
                      "Original Hash Buckets": 1024,
                      "Hash Batches": 1,
                      "Original Hash Batches": 1,
                      "Peak Memory Usage": 9,
                      "Plans": [
                        {
                          "Node Type": "Seq Scan",
                          "Parent Relationship": "Outer",
                          "Parallel Aware": false,
                          "Relation Name": "keyword",
                          "Alias": "k",
                          "Startup Cost": 0.00,
                          "Total Cost": 3467.03,
                          "Plan Rows": 2,
                          "Plan Width": 21,
                          "Actual Startup Time": 1.601,
                          "Actual Total Time": 27.809,
                          "Actual Rows": 2,
                          "Actual Loops": 1,
                          "Filter": "(k_keyword = ANY ('{violence,blood}'::text[]))",
                          "Rows Removed by Filter": 175840
                        }
                      ]
                    }
                  ]
                }
              ]
            }
          ]
        }
      ]
    },
    "Planning Time": 0.948,
    "Triggers": [
    ],
    "Execution Time": 1517.509
  }
]
