[
  {
    "Plan": {
      "Node Type": "Aggregate",
      "Strategy": "Hashed",
      "Partial Mode": "Simple",
      "Parallel Aware": false,
      "Startup Cost": 210894.69,
      "Total Cost": 210894.73,
      "Plan Rows": 4,
      "Plan Width": 17,
      "Actual Startup Time": 1656.755,
      "Actual Total Time": 1656.755,
      "Actual Rows": 4,
      "Actual Loops": 1,
      "Group Key": ["k.k_keyword"],
      "Plans": [
        {
          "Node Type": "Hash Join",
          "Parent Relationship": "Outer",
          "Parallel Aware": false,
          "Join Type": "Inner",
          "Startup Cost": 115581.42,
          "Total Cost": 210894.36,
          "Plan Rows": 133,
          "Plan Width": 17,
          "Actual Startup Time": 876.178,
          "Actual Total Time": 1647.633,
          "Actual Rows": 47451,
          "Actual Loops": 1,
          "Hash Cond": "(t.t_id = mk.mk_movie_id)",
          "Plans": [
            {
              "Node Type": "Seq Scan",
              "Parent Relationship": "Outer",
              "Parallel Aware": false,
              "Relation Name": "title",
              "Alias": "t",
              "Startup Cost": 0.00,
              "Total Cost": 82548.08,
              "Plan Rows": 3403608,
              "Plan Width": 4,
              "Actual Startup Time": 0.016,
              "Actual Total Time": 317.970,
              "Actual Rows": 3403210,
              "Actual Loops": 1
            },
            {
              "Node Type": "Hash",
              "Parent Relationship": "Inner",
              "Parallel Aware": false,
              "Startup Cost": 115579.76,
              "Total Cost": 115579.76,
              "Plan Rows": 133,
              "Plan Width": 21,
              "Actual Startup Time": 876.095,
              "Actual Total Time": 876.095,
              "Actual Rows": 47451,
              "Actual Loops": 1,
              "Hash Buckets": 65536,
              "Original Hash Buckets": 1024,
              "Hash Batches": 1,
              "Original Hash Batches": 1,
              "Peak Memory Usage": 2764,
              "Plans": [
                {
                  "Node Type": "Hash Join",
                  "Parent Relationship": "Outer",
                  "Parallel Aware": false,
                  "Join Type": "Inner",
                  "Startup Cost": 3906.68,
                  "Total Cost": 115579.76,
                  "Plan Rows": 133,
                  "Plan Width": 21,
                  "Actual Startup Time": 43.817,
                  "Actual Total Time": 866.591,
                  "Actual Rows": 47451,
                  "Actual Loops": 1,
                  "Hash Cond": "(mk.mk_keyword_id = k.k_id)",
                  "Plans": [
                    {
                      "Node Type": "Seq Scan",
                      "Parent Relationship": "Outer",
                      "Parallel Aware": false,
                      "Relation Name": "movie_keyword",
                      "Alias": "mk",
                      "Startup Cost": 0.00,
                      "Total Cost": 89810.27,
                      "Plan Rows": 5829727,
                      "Plan Width": 8,
                      "Actual Startup Time": 0.013,
                      "Actual Total Time": 398.434,
                      "Actual Rows": 5829736,
                      "Actual Loops": 1
                    },
                    {
                      "Node Type": "Hash",
                      "Parent Relationship": "Inner",
                      "Parallel Aware": false,
                      "Startup Cost": 3906.63,
                      "Total Cost": 3906.63,
                      "Plan Rows": 4,
                      "Plan Width": 21,
                      "Actual Startup Time": 43.678,
                      "Actual Total Time": 43.678,
                      "Actual Rows": 4,
                      "Actual Loops": 1,
                      "Hash Buckets": 1024,
                      "Original Hash Buckets": 1024,
                      "Hash Batches": 1,
                      "Original Hash Batches": 1,
                      "Peak Memory Usage": 9,
                      "Plans": [
                        {
                          "Node Type": "Seq Scan",
                          "Parent Relationship": "Outer",
                          "Parallel Aware": false,
                          "Relation Name": "keyword",
                          "Alias": "k",
                          "Startup Cost": 0.00,
                          "Total Cost": 3906.63,
                          "Plan Rows": 4,
                          "Plan Width": 21,
                          "Actual Startup Time": 1.796,
                          "Actual Total Time": 43.668,
                          "Actual Rows": 4,
                          "Actual Loops": 1,
                          "Filter": "(k_keyword = ANY ('{gore,death,female-nudity,hospital}'::text[]))",
                          "Rows Removed by Filter": 175838
                        }
                      ]
                    }
                  ]
                }
              ]
            }
          ]
        }
      ]
    },
    "Planning Time": 0.628,
    "Triggers": [
    ],
    "Execution Time": 1656.827
  }
]
