[
  {
    "Plan": {
      "Node Type": "Aggregate",
      "Strategy": "Hashed",
      "Partial Mode": "Simple",
      "Parallel Aware": false,
      "Startup Cost": 211115.66,
      "Total Cost": 211115.71,
      "Plan Rows": 5,
      "Plan Width": 17,
      "Actual Startup Time": 1736.953,
      "Actual Total Time": 1736.954,
      "Actual Rows": 5,
      "Actual Loops": 1,
      "Group Key": ["k.k_keyword"],
      "Plans": [
        {
          "Node Type": "Hash Join",
          "Parent Relationship": "Outer",
          "Parallel Aware": false,
          "Join Type": "Inner",
          "Startup Cost": 115801.98,
          "Total Cost": 211115.25,
          "Plan Rows": 166,
          "Plan Width": 17,
          "Actual Startup Time": 897.271,
          "Actual Total Time": 1725.231,
          "Actual Rows": 61111,
          "Actual Loops": 1,
          "Hash Cond": "(t.t_id = mk.mk_movie_id)",
          "Plans": [
            {
              "Node Type": "Seq Scan",
              "Parent Relationship": "Outer",
              "Parallel Aware": false,
              "Relation Name": "title",
              "Alias": "t",
              "Startup Cost": 0.00,
              "Total Cost": 82548.08,
              "Plan Rows": 3403608,
              "Plan Width": 4,
              "Actual Startup Time": 0.006,
              "Actual Total Time": 324.232,
              "Actual Rows": 3403210,
              "Actual Loops": 1
            },
            {
              "Node Type": "Hash",
              "Parent Relationship": "Inner",
              "Parallel Aware": false,
              "Startup Cost": 115799.90,
              "Total Cost": 115799.90,
              "Plan Rows": 166,
              "Plan Width": 21,
              "Actual Startup Time": 897.189,
              "Actual Total Time": 897.189,
              "Actual Rows": 61111,
              "Actual Loops": 1,
              "Hash Buckets": 65536,
              "Original Hash Buckets": 1024,
              "Hash Batches": 1,
              "Original Hash Batches": 1,
              "Peak Memory Usage": 3365,
              "Plans": [
                {
                  "Node Type": "Hash Join",
                  "Parent Relationship": "Outer",
                  "Parallel Aware": false,
                  "Join Type": "Inner",
                  "Startup Cost": 4126.49,
                  "Total Cost": 115799.90,
                  "Plan Rows": 166,
                  "Plan Width": 21,
                  "Actual Startup Time": 35.269,
                  "Actual Total Time": 885.117,
                  "Actual Rows": 61111,
                  "Actual Loops": 1,
                  "Hash Cond": "(mk.mk_keyword_id = k.k_id)",
                  "Plans": [
                    {
                      "Node Type": "Seq Scan",
                      "Parent Relationship": "Outer",
                      "Parallel Aware": false,
                      "Relation Name": "movie_keyword",
                      "Alias": "mk",
                      "Startup Cost": 0.00,
                      "Total Cost": 89810.27,
                      "Plan Rows": 5829727,
                      "Plan Width": 8,
                      "Actual Startup Time": 0.005,
                      "Actual Total Time": 408.842,
                      "Actual Rows": 5829736,
                      "Actual Loops": 1
                    },
                    {
                      "Node Type": "Hash",
                      "Parent Relationship": "Inner",
                      "Parallel Aware": false,
                      "Startup Cost": 4126.43,
                      "Total Cost": 4126.43,
                      "Plan Rows": 5,
                      "Plan Width": 21,
                      "Actual Startup Time": 35.115,
                      "Actual Total Time": 35.115,
                      "Actual Rows": 5,
                      "Actual Loops": 1,
                      "Hash Buckets": 1024,
                      "Original Hash Buckets": 1024,
                      "Hash Batches": 1,
                      "Original Hash Batches": 1,
                      "Peak Memory Usage": 9,
                      "Plans": [
                        {
                          "Node Type": "Seq Scan",
                          "Parent Relationship": "Outer",
                          "Parallel Aware": false,
                          "Relation Name": "keyword",
                          "Alias": "k",
                          "Startup Cost": 0.00,
                          "Total Cost": 4126.43,
                          "Plan Rows": 5,
                          "Plan Width": 21,
                          "Actual Startup Time": 0.566,
                          "Actual Total Time": 35.111,
                          "Actual Rows": 5,
                          "Actual Loops": 1,
                          "Filter": "(k_keyword = ANY ('{violence,blood,gore,death,female-nudity}'::text[]))",
                          "Rows Removed by Filter": 175837
                        }
                      ]
                    }
                  ]
                }
              ]
            }
          ]
        }
      ]
    },
    "Planning Time": 0.199,
    "Triggers": [
    ],
    "Execution Time": 1736.988
  }
]
