[
  {
    "Plan": {
      "Node Type": "Aggregate",
      "Strategy": "Hashed",
      "Partial Mode": "Simple",
      "Parallel Aware": false,
      "Startup Cost": 210451.55,
      "Total Cost": 210451.88,
      "Plan Rows": 33,
      "Plan Width": 9,
      "Actual Startup Time": 2117.282,
      "Actual Total Time": 2117.303,
      "Actual Rows": 209,
      "Actual Loops": 1,
      "Group Key": ["t.t_series_years"],
      "Plans": [
        {
          "Node Type": "Hash Join",
          "Parent Relationship": "Outer",
          "Parallel Aware": false,
          "Join Type": "Inner",
          "Startup Cost": 115139.53,
          "Total Cost": 210451.47,
          "Plan Rows": 33,
          "Plan Width": 9,
          "Actual Startup Time": 1037.682,
          "Actual Total Time": 2110.382,
          "Actual Rows": 30388,
          "Actual Loops": 1,
          "Hash Cond": "(t.t_id = mk.mk_movie_id)",
          "Plans": [
            {
              "Node Type": "Seq Scan",
              "Parent Relationship": "Outer",
              "Parallel Aware": false,
              "Relation Name": "title",
              "Alias": "t",
              "Startup Cost": 0.00,
              "Total Cost": 82548.08,
              "Plan Rows": 3403608,
              "Plan Width": 13,
              "Actual Startup Time": 0.012,
              "Actual Total Time": 438.434,
              "Actual Rows": 3403210,
              "Actual Loops": 1
            },
            {
              "Node Type": "Hash",
              "Parent Relationship": "Inner",
              "Parallel Aware": false,
              "Startup Cost": 115139.11,
              "Total Cost": 115139.11,
              "Plan Rows": 33,
              "Plan Width": 4,
              "Actual Startup Time": 1036.427,
              "Actual Total Time": 1036.427,
              "Actual Rows": 30388,
              "Actual Loops": 1,
              "Hash Buckets": 32768,
              "Original Hash Buckets": 1024,
              "Hash Batches": 1,
              "Original Hash Batches": 1,
              "Peak Memory Usage": 1325,
              "Plans": [
                {
                  "Node Type": "Hash Join",
                  "Parent Relationship": "Outer",
                  "Parallel Aware": false,
                  "Join Type": "Inner",
                  "Startup Cost": 3467.04,
                  "Total Cost": 115139.11,
                  "Plan Rows": 33,
                  "Plan Width": 4,
                  "Actual Startup Time": 15.233,
                  "Actual Total Time": 1028.969,
                  "Actual Rows": 30388,
                  "Actual Loops": 1,
                  "Hash Cond": "(mk.mk_keyword_id = k.k_id)",
                  "Plans": [
                    {
                      "Node Type": "Seq Scan",
                      "Parent Relationship": "Outer",
                      "Parallel Aware": false,
                      "Relation Name": "movie_keyword",
                      "Alias": "mk",
                      "Startup Cost": 0.00,
                      "Total Cost": 89810.27,
                      "Plan Rows": 5829727,
                      "Plan Width": 8,
                      "Actual Startup Time": 0.008,
                      "Actual Total Time": 526.110,
                      "Actual Rows": 5829736,
                      "Actual Loops": 1
                    },
                    {
                      "Node Type": "Hash",
                      "Parent Relationship": "Inner",
                      "Parallel Aware": false,
                      "Startup Cost": 3467.03,
                      "Total Cost": 3467.03,
                      "Plan Rows": 1,
                      "Plan Width": 4,
                      "Actual Startup Time": 15.144,
                      "Actual Total Time": 15.144,
                      "Actual Rows": 1,
                      "Actual Loops": 1,
                      "Hash Buckets": 1024,
                      "Original Hash Buckets": 1024,
                      "Hash Batches": 1,
                      "Original Hash Batches": 1,
                      "Peak Memory Usage": 9,
                      "Plans": [
                        {
                          "Node Type": "Seq Scan",
                          "Parent Relationship": "Outer",
                          "Parallel Aware": false,
                          "Relation Name": "keyword",
                          "Alias": "k",
                          "Startup Cost": 0.00,
                          "Total Cost": 3467.03,
                          "Plan Rows": 1,
                          "Plan Width": 4,
                          "Actual Startup Time": 0.452,
                          "Actual Total Time": 15.141,
                          "Actual Rows": 1,
                          "Actual Loops": 1,
                          "Filter": "(k_keyword = 'based-on-novel'::text)",
                          "Rows Removed by Filter": 175841
                        }
                      ]
                    }
                  ]
                }
              ]
            }
          ]
        }
      ]
    },
    "Planning Time": 0.254,
    "Triggers": [
    ],
    "Execution Time": 2117.339
  }
]
