[
  {
    "Plan": {
      "Node Type": "Aggregate",
      "Strategy": "Hashed",
      "Partial Mode": "Simple",
      "Parallel Aware": false,
      "Startup Cost": 1167471.14,
      "Total Cost": 1167471.15,
      "Plan Rows": 1,
      "Plan Width": 38,
      "Actual Startup Time": 8978.990,
      "Actual Total Time": 8981.086,
      "Actual Rows": 14164,
      "Actual Loops": 1,
      "Group Key": ["ci.ci_note", "chn.cn_name", "t.t_production_year"],
      "Plans": [
        {
          "Node Type": "Hash Join",
          "Parent Relationship": "Outer",
          "Parallel Aware": false,
          "Join Type": "Inner",
          "Startup Cost": 1072936.62,
          "Total Cost": 1167471.13,
          "Plan Rows": 1,
          "Plan Width": 38,
          "Actual Startup Time": 7922.759,
          "Actual Total Time": 8879.308,
          "Actual Rows": 478342,
          "Actual Loops": 1,
          "Hash Cond": "(t.t_id = ci.ci_movie_id)",
          "Plans": [
            {
              "Node Type": "Seq Scan",
              "Parent Relationship": "Outer",
              "Parallel Aware": false,
              "Relation Name": "title",
              "Alias": "t",
              "Startup Cost": 0.00,
              "Total Cost": 91057.10,
              "Plan Rows": 927308,
              "Plan Width": 8,
              "Actual Startup Time": 0.007,
              "Actual Total Time": 446.614,
              "Actual Rows": 927086,
              "Actual Loops": 1,
              "Filter": "(t_production_year > 2010)",
              "Rows Removed by Filter": 2476124
            },
            {
              "Node Type": "Hash",
              "Parent Relationship": "Inner",
              "Parallel Aware": false,
              "Startup Cost": 1072936.61,
              "Total Cost": 1072936.61,
              "Plan Rows": 1,
              "Plan Width": 38,
              "Actual Startup Time": 7922.231,
              "Actual Total Time": 7922.231,
              "Actual Rows": 1659520,
              "Actual Loops": 1,
              "Hash Buckets": 131072,
              "Original Hash Buckets": 1024,
              "Hash Batches": 32,
              "Original Hash Batches": 1,
              "Peak Memory Usage": 3471,
              "Plans": [
                {
                  "Node Type": "Hash Join",
                  "Parent Relationship": "Outer",
                  "Parallel Aware": false,
                  "Join Type": "Inner",
                  "Startup Cost": 89688.89,
                  "Total Cost": 1072936.61,
                  "Plan Rows": 1,
                  "Plan Width": 38,
                  "Actual Startup Time": 471.103,
                  "Actual Total Time": 7590.567,
                  "Actual Rows": 1659520,
                  "Actual Loops": 1,
                  "Hash Cond": "(ci.ci_role_id = rt.rt_id)",
                  "Plans": [
                    {
                      "Node Type": "Hash Join",
                      "Parent Relationship": "Outer",
                      "Parallel Aware": false,
                      "Join Type": "Inner",
                      "Startup Cost": 89669.96,
                      "Total Cost": 1072917.58,
                      "Plan Rows": 25,
                      "Plan Width": 42,
                      "Actual Startup Time": 471.094,
                      "Actual Total Time": 7260.961,
                      "Actual Rows": 2493856,
                      "Actual Loops": 1,
                      "Hash Cond": "(ci.ci_person_role_id = chn.cn_id)",
                      "Plans": [
                        {
                          "Node Type": "Seq Scan",
                          "Parent Relationship": "Outer",
                          "Parallel Aware": false,
                          "Relation Name": "cast_info",
                          "Alias": "ci",
                          "Startup Cost": 0.00,
                          "Total Cost": 805680.36,
                          "Plan Rows": 47351236,
                          "Plan Width": 30,
                          "Actual Startup Time": 0.011,
                          "Actual Total Time": 3469.284,
                          "Actual Rows": 47373957,
                          "Actual Loops": 1
                        },
                        {
                          "Node Type": "Hash",
                          "Parent Relationship": "Inner",
                          "Parallel Aware": false,
                          "Startup Cost": 89669.94,
                          "Total Cost": 89669.94,
                          "Plan Rows": 2,
                          "Plan Width": 20,
                          "Actual Startup Time": 471.076,
                          "Actual Total Time": 471.076,
                          "Actual Rows": 46,
                          "Actual Loops": 1,
                          "Hash Buckets": 1024,
                          "Original Hash Buckets": 1024,
                          "Hash Batches": 1,
                          "Original Hash Batches": 1,
                          "Peak Memory Usage": 10,
                          "Plans": [
                            {
                              "Node Type": "Seq Scan",
                              "Parent Relationship": "Outer",
                              "Parallel Aware": false,
                              "Relation Name": "char_name",
                              "Alias": "chn",
                              "Startup Cost": 0.00,
                              "Total Cost": 89669.94,
                              "Plan Rows": 2,
                              "Plan Width": 20,
                              "Actual Startup Time": 5.061,
                              "Actual Total Time": 471.001,
                              "Actual Rows": 46,
                              "Actual Loops": 1,
                              "Filter": "(cn_name = ANY ('{Himself,Herself}'::text[]))",
                              "Rows Removed by Filter": 3715532
                            }
                          ]
                        }
                      ]
                    },
                    {
                      "Node Type": "Hash",
                      "Parent Relationship": "Inner",
                      "Parallel Aware": false,
                      "Startup Cost": 18.88,
                      "Total Cost": 18.88,
                      "Plan Rows": 4,
                      "Plan Width": 4,
                      "Actual Startup Time": 0.005,
                      "Actual Total Time": 0.005,
                      "Actual Rows": 1,
                      "Actual Loops": 1,
                      "Hash Buckets": 1024,
                      "Original Hash Buckets": 1024,
                      "Hash Batches": 1,
                      "Original Hash Batches": 1,
                      "Peak Memory Usage": 9,
                      "Plans": [
                        {
                          "Node Type": "Seq Scan",
                          "Parent Relationship": "Outer",
                          "Parallel Aware": false,
                          "Relation Name": "role_type",
                          "Alias": "rt",
                          "Startup Cost": 0.00,
                          "Total Cost": 18.88,
                          "Plan Rows": 4,
                          "Plan Width": 4,
                          "Actual Startup Time": 0.003,
                          "Actual Total Time": 0.004,
                          "Actual Rows": 1,
                          "Actual Loops": 1,
                          "Filter": "((rt_role)::text = 'actor'::text)",
                          "Rows Removed by Filter": 11
                        }
                      ]
                    }
                  ]
                }
              ]
            }
          ]
        }
      ]
    },
    "Planning Time": 0.274,
    "Triggers": [
    ],
    "Execution Time": 8981.569
  }
]
