[
  {
    "Plan": {
      "Node Type": "Unique",
      "Parallel Aware": false,
      "Startup Cost": 10005778723.60,
      "Total Cost": 10005917820.07,
      "Plan Rows": 18546196,
      "Plan Width": 19,
      "Actual Startup Time": 118161.814,
      "Actual Total Time": 144330.824,
      "Actual Rows": 8653548,
      "Actual Loops": 1,
      "Plans": [
        {
          "Node Type": "Sort",
          "Parent Relationship": "Outer",
          "Parallel Aware": false,
          "Startup Cost": 10005778723.60,
          "Total Cost": 10005825089.09,
          "Plan Rows": 18546196,
          "Plan Width": 19,
          "Actual Startup Time": 118161.814,
          "Actual Total Time": 141925.107,
          "Actual Rows": 22038572,
          "Actual Loops": 1,
          "Sort Key": ["n.n_name", "t.t_episode_nr"],
          "Sort Method": "external merge",
          "Sort Space Used": 667632,
          "Sort Space Type": "Disk",
          "Plans": [
            {
              "Node Type": "Hash Join",
              "Parent Relationship": "Outer",
              "Parallel Aware": false,
              "Join Type": "Inner",
              "Startup Cost": 331544.70,
              "Total Cost": 2398734.33,
              "Plan Rows": 18546196,
              "Plan Width": 19,
              "Actual Startup Time": 2139.730,
              "Actual Total Time": 29651.995,
              "Actual Rows": 22038572,
              "Actual Loops": 1,
              "Hash Cond": "(ci.ci_person_id = n.n_id)",
              "Plans": [
                {
                  "Node Type": "Hash Join",
                  "Parent Relationship": "Outer",
                  "Parallel Aware": false,
                  "Join Type": "Inner",
                  "Startup Cost": 112928.86,
                  "Total Cost": 1656778.32,
                  "Plan Rows": 18546196,
                  "Plan Width": 8,
                  "Actual Startup Time": 627.690,
                  "Actual Total Time": 19540.875,
                  "Actual Rows": 22038572,
                  "Actual Loops": 1,
                  "Hash Cond": "(ci.ci_movie_id = t.t_id)",
                  "Plans": [
                    {
                      "Node Type": "Seq Scan",
                      "Parent Relationship": "Outer",
                      "Parallel Aware": false,
                      "Relation Name": "cast_info",
                      "Alias": "ci",
                      "Startup Cost": 0.00,
                      "Total Cost": 805680.36,
                      "Plan Rows": 47351236,
                      "Plan Width": 8,
                      "Actual Startup Time": 0.028,
                      "Actual Total Time": 5318.735,
                      "Actual Rows": 47373957,
                      "Actual Loops": 1
                    },
                    {
                      "Node Type": "Hash",
                      "Parent Relationship": "Inner",
                      "Parallel Aware": false,
                      "Startup Cost": 91057.10,
                      "Total Cost": 91057.10,
                      "Plan Rows": 1333101,
                      "Plan Width": 8,
                      "Actual Startup Time": 627.148,
                      "Actual Total Time": 627.148,
                      "Actual Rows": 1343597,
                      "Actual Loops": 1,
                      "Hash Buckets": 131072,
                      "Original Hash Buckets": 131072,
                      "Hash Batches": 32,
                      "Original Hash Batches": 32,
                      "Peak Memory Usage": 2668,
                      "Plans": [
                        {
                          "Node Type": "Seq Scan",
                          "Parent Relationship": "Outer",
                          "Parallel Aware": false,
                          "Relation Name": "title",
                          "Alias": "t",
                          "Startup Cost": 0.00,
                          "Total Cost": 91057.10,
                          "Plan Rows": 1333101,
                          "Plan Width": 8,
                          "Actual Startup Time": 0.026,
                          "Actual Total Time": 447.555,
                          "Actual Rows": 1343597,
                          "Actual Loops": 1,
                          "Filter": "(t_episode_nr < 100)",
                          "Rows Removed by Filter": 2059613
                        }
                      ]
                    }
                  ]
                },
                {
                  "Node Type": "Hash",
                  "Parent Relationship": "Inner",
                  "Parallel Aware": false,
                  "Startup Cost": 122408.15,
                  "Total Cost": 122408.15,
                  "Plan Rows": 5240215,
                  "Plan Width": 19,
                  "Actual Startup Time": 1511.509,
                  "Actual Total Time": 1511.509,
                  "Actual Rows": 5240860,
                  "Actual Loops": 1,
                  "Hash Buckets": 65536,
                  "Original Hash Buckets": 65536,
                  "Hash Batches": 128,
                  "Original Hash Batches": 128,
                  "Peak Memory Usage": 2643,
                  "Plans": [
                    {
                      "Node Type": "Seq Scan",
                      "Parent Relationship": "Outer",
                      "Parallel Aware": false,
                      "Relation Name": "name",
                      "Alias": "n",
                      "Startup Cost": 0.00,
                      "Total Cost": 122408.15,
                      "Plan Rows": 5240215,
                      "Plan Width": 19,
                      "Actual Startup Time": 0.011,
                      "Actual Total Time": 636.210,
                      "Actual Rows": 5240860,
                      "Actual Loops": 1
                    }
                  ]
                }
              ]
            }
          ]
        }
      ]
    },
    "Planning Time": 0.195,
    "Triggers": [
    ],
    "Execution Time": 144654.084
  }
]
