[
  {
    "Plan": {
      "Node Type": "Unique",
      "Parallel Aware": false,
      "Startup Cost": 10001555366.78,
      "Total Cost": 10001565678.62,
      "Plan Rows": 1374913,
      "Plan Width": 19,
      "Actual Startup Time": 10859.812,
      "Actual Total Time": 11779.147,
      "Actual Rows": 401631,
      "Actual Loops": 1,
      "Plans": [
        {
          "Node Type": "Sort",
          "Parent Relationship": "Outer",
          "Parallel Aware": false,
          "Startup Cost": 10001555366.78,
          "Total Cost": 10001558804.06,
          "Plan Rows": 1374913,
          "Plan Width": 19,
          "Actual Startup Time": 10859.812,
          "Actual Total Time": 11642.514,
          "Actual Rows": 1349830,
          "Actual Loops": 1,
          "Sort Key": ["n.n_name", "t.t_episode_nr"],
          "Sort Method": "external merge",
          "Sort Space Used": 37496,
          "Sort Space Type": "Disk",
          "Plans": [
            {
              "Node Type": "Hash Join",
              "Parent Relationship": "Outer",
              "Parallel Aware": false,
              "Join Type": "Inner",
              "Startup Cost": 314599.87,
              "Total Cost": 1358789.15,
              "Plan Rows": 1374913,
              "Plan Width": 19,
              "Actual Startup Time": 5227.292,
              "Actual Total Time": 8282.060,
              "Actual Rows": 1349830,
              "Actual Loops": 1,
              "Hash Cond": "(ci.ci_movie_id = t.t_id)",
              "Plans": [
                {
                  "Node Type": "Hash Join",
                  "Parent Relationship": "Outer",
                  "Parallel Aware": false,
                  "Join Type": "Inner",
                  "Startup Cost": 176210.69,
                  "Total Cost": 1168647.63,
                  "Plan Rows": 1374913,
                  "Plan Width": 19,
                  "Actual Startup Time": 4177.864,
                  "Actual Total Time": 6471.621,
                  "Actual Rows": 1349830,
                  "Actual Loops": 1,
                  "Hash Cond": "(ci.ci_person_id = n.n_id)",
                  "Plans": [
                    {
                      "Node Type": "Seq Scan",
                      "Parent Relationship": "Outer",
                      "Parallel Aware": false,
                      "Relation Name": "cast_info",
                      "Alias": "ci",
                      "Startup Cost": 0.00,
                      "Total Cost": 924058.45,
                      "Plan Rows": 3249873,
                      "Plan Width": 8,
                      "Actual Startup Time": 115.727,
                      "Actual Total Time": 4456.538,
                      "Actual Rows": 3310985,
                      "Actual Loops": 1,
                      "Filter": "(ci_note = ANY ('{(producer),\"(executive producer)\"}'::text[]))",
                      "Rows Removed by Filter": 44062972
                    },
                    {
                      "Node Type": "Hash",
                      "Parent Relationship": "Inner",
                      "Parallel Aware": false,
                      "Startup Cost": 135508.69,
                      "Total Cost": 135508.69,
                      "Plan Rows": 2216960,
                      "Plan Width": 19,
                      "Actual Startup Time": 1044.712,
                      "Actual Total Time": 1044.712,
                      "Actual Rows": 2203740,
                      "Actual Loops": 1,
                      "Hash Buckets": 65536,
                      "Original Hash Buckets": 65536,
                      "Hash Batches": 64,
                      "Original Hash Batches": 64,
                      "Peak Memory Usage": 2298,
                      "Plans": [
                        {
                          "Node Type": "Seq Scan",
                          "Parent Relationship": "Outer",
                          "Parallel Aware": false,
                          "Relation Name": "name",
                          "Alias": "n",
                          "Startup Cost": 0.00,
                          "Total Cost": 135508.69,
                          "Plan Rows": 2216960,
                          "Plan Width": 19,
                          "Actual Startup Time": 0.017,
                          "Actual Total Time": 670.979,
                          "Actual Rows": 2203740,
                          "Actual Loops": 1,
                          "Filter": "((n_gender)::text = 'm'::text)",
                          "Rows Removed by Filter": 3037120
                        }
                      ]
                    }
                  ]
                },
                {
                  "Node Type": "Hash",
                  "Parent Relationship": "Inner",
                  "Parallel Aware": false,
                  "Startup Cost": 82548.08,
                  "Total Cost": 82548.08,
                  "Plan Rows": 3403608,
                  "Plan Width": 8,
                  "Actual Startup Time": 1045.478,
                  "Actual Total Time": 1045.478,
                  "Actual Rows": 3403210,
                  "Actual Loops": 1,
                  "Hash Buckets": 131072,
                  "Original Hash Buckets": 131072,
                  "Hash Batches": 64,
                  "Original Hash Batches": 64,
                  "Peak Memory Usage": 2997,
                  "Plans": [
                    {
                      "Node Type": "Seq Scan",
                      "Parent Relationship": "Outer",
                      "Parallel Aware": false,
                      "Relation Name": "title",
                      "Alias": "t",
                      "Startup Cost": 0.00,
                      "Total Cost": 82548.08,
                      "Plan Rows": 3403608,
                      "Plan Width": 8,
                      "Actual Startup Time": 0.042,
                      "Actual Total Time": 543.816,
                      "Actual Rows": 3403210,
                      "Actual Loops": 1
                    }
                  ]
                }
              ]
            }
          ]
        }
      ]
    },
    "Planning Time": 0.426,
    "Triggers": [
    ],
    "Execution Time": 11795.146
  }
]
