[
  {
    "Plan": {
      "Node Type": "Unique",
      "Parallel Aware": false,
      "Startup Cost": 10001432730.68,
      "Total Cost": 10001433696.38,
      "Plan Rows": 128760,
      "Plan Width": 19,
      "Actual Startup Time": 7301.632,
      "Actual Total Time": 7316.264,
      "Actual Rows": 41299,
      "Actual Loops": 1,
      "Plans": [
        {
          "Node Type": "Sort",
          "Parent Relationship": "Outer",
          "Parallel Aware": false,
          "Startup Cost": 10001432730.68,
          "Total Cost": 10001433052.58,
          "Plan Rows": 128760,
          "Plan Width": 19,
          "Actual Startup Time": 7301.632,
          "Actual Total Time": 7309.011,
          "Actual Rows": 63595,
          "Actual Loops": 1,
          "Sort Key": ["n.n_name", "t.t_episode_nr"],
          "Sort Method": "external merge",
          "Sort Space Used": 1832,
          "Sort Space Type": "Disk",
          "Plans": [
            {
              "Node Type": "Hash Join",
              "Parent Relationship": "Outer",
              "Parallel Aware": false,
              "Join Type": "Inner",
              "Startup Cost": 277604.27,
              "Total Cost": 1419160.11,
              "Plan Rows": 128760,
              "Plan Width": 19,
              "Actual Startup Time": 4442.805,
              "Actual Total Time": 7172.724,
              "Actual Rows": 63595,
              "Actual Loops": 1,
              "Hash Cond": "(ci.ci_movie_id = t.t_id)",
              "Plans": [
                {
                  "Node Type": "Hash Join",
                  "Parent Relationship": "Outer",
                  "Parallel Aware": false,
                  "Join Type": "Inner",
                  "Startup Cost": 157685.06,
                  "Total Cost": 1287642.55,
                  "Plan Rows": 353265,
                  "Plan Width": 19,
                  "Actual Startup Time": 3493.358,
                  "Actual Total Time": 6347.304,
                  "Actual Rows": 141179,
                  "Actual Loops": 1,
                  "Hash Cond": "(ci.ci_person_id = n.n_id)",
                  "Plans": [
                    {
                      "Node Type": "Seq Scan",
                      "Parent Relationship": "Outer",
                      "Parallel Aware": false,
                      "Relation Name": "cast_info",
                      "Alias": "ci",
                      "Startup Cost": 0.00,
                      "Total Cost": 1101625.58,
                      "Plan Rows": 1532602,
                      "Plan Width": 8,
                      "Actual Startup Time": 69.953,
                      "Actual Total Time": 5142.391,
                      "Actual Rows": 1504458,
                      "Actual Loops": 1,
                      "Filter": "(ci_note = ANY ('{(writer),\"(head writer)\",\"(written by)\",(story),\"(story editor)\"}'::text[]))",
                      "Rows Removed by Filter": 45869499
                    },
                    {
                      "Node Type": "Hash",
                      "Parent Relationship": "Inner",
                      "Parallel Aware": false,
                      "Startup Cost": 135508.69,
                      "Total Cost": 135508.69,
                      "Plan Rows": 1207870,
                      "Plan Width": 19,
                      "Actual Startup Time": 812.653,
                      "Actual Total Time": 812.653,
                      "Actual Rows": 1204907,
                      "Actual Loops": 1,
                      "Hash Buckets": 65536,
                      "Original Hash Buckets": 65536,
                      "Hash Batches": 32,
                      "Original Hash Batches": 32,
                      "Peak Memory Usage": 2480,
                      "Plans": [
                        {
                          "Node Type": "Seq Scan",
                          "Parent Relationship": "Outer",
                          "Parallel Aware": false,
                          "Relation Name": "name",
                          "Alias": "n",
                          "Startup Cost": 0.00,
                          "Total Cost": 135508.69,
                          "Plan Rows": 1207870,
                          "Plan Width": 19,
                          "Actual Startup Time": 265.201,
                          "Actual Total Time": 615.089,
                          "Actual Rows": 1204907,
                          "Actual Loops": 1,
                          "Filter": "((n_gender)::text = 'f'::text)",
                          "Rows Removed by Filter": 4035953
                        }
                      ]
                    }
                  ]
                },
                {
                  "Node Type": "Hash",
                  "Parent Relationship": "Inner",
                  "Parallel Aware": false,
                  "Startup Cost": 99566.12,
                  "Total Cost": 99566.12,
                  "Plan Rows": 1240567,
                  "Plan Width": 8,
                  "Actual Startup Time": 709.197,
                  "Actual Total Time": 709.197,
                  "Actual Rows": 1237077,
                  "Actual Loops": 1,
                  "Hash Buckets": 131072,
                  "Original Hash Buckets": 131072,
                  "Hash Batches": 32,
                  "Original Hash Batches": 32,
                  "Peak Memory Usage": 2459,
                  "Plans": [
                    {
                      "Node Type": "Seq Scan",
                      "Parent Relationship": "Outer",
                      "Parallel Aware": false,
                      "Relation Name": "title",
                      "Alias": "t",
                      "Startup Cost": 0.00,
                      "Total Cost": 99566.12,
                      "Plan Rows": 1240567,
                      "Plan Width": 8,
                      "Actual Startup Time": 0.055,
                      "Actual Total Time": 541.060,
                      "Actual Rows": 1237077,
                      "Actual Loops": 1,
                      "Filter": "((t_production_year >= 2008) AND (t_production_year <= 2014))",
                      "Rows Removed by Filter": 2166133
                    }
                  ]
                }
              ]
            }
          ]
        }
      ]
    },
    "Planning Time": 0.254,
    "Triggers": [
    ],
    "Execution Time": 7317.919
  }
]
