[
  {
    "Plan": {
      "Node Type": "Unique",
      "Parallel Aware": false,
      "Startup Cost": 10001562659.81,
      "Total Cost": 10001567522.75,
      "Plan Rows": 648393,
      "Plan Width": 19,
      "Actual Startup Time": 9536.422,
      "Actual Total Time": 10020.940,
      "Actual Rows": 290205,
      "Actual Loops": 1,
      "Plans": [
        {
          "Node Type": "Sort",
          "Parent Relationship": "Outer",
          "Parallel Aware": false,
          "Startup Cost": 10001562659.81,
          "Total Cost": 10001564280.79,
          "Plan Rows": 648393,
          "Plan Width": 19,
          "Actual Startup Time": 9536.421,
          "Actual Total Time": 9946.938,
          "Actual Rows": 687685,
          "Actual Loops": 1,
          "Sort Key": ["n.n_name", "t.t_episode_nr"],
          "Sort Method": "external merge",
          "Sort Space Used": 19344,
          "Sort Space Type": "Disk",
          "Plans": [
            {
              "Node Type": "Hash Join",
              "Parent Relationship": "Outer",
              "Parallel Aware": false,
              "Join Type": "Inner",
              "Startup Cost": 314599.87,
              "Total Cost": 1486768.78,
              "Plan Rows": 648393,
              "Plan Width": 19,
              "Actual Startup Time": 4980.351,
              "Actual Total Time": 8411.650,
              "Actual Rows": 687685,
              "Actual Loops": 1,
              "Hash Cond": "(ci.ci_movie_id = t.t_id)",
              "Plans": [
                {
                  "Node Type": "Hash Join",
                  "Parent Relationship": "Outer",
                  "Parallel Aware": false,
                  "Join Type": "Inner",
                  "Startup Cost": 176210.69,
                  "Total Cost": 1316947.21,
                  "Plan Rows": 648393,
                  "Plan Width": 19,
                  "Actual Startup Time": 3827.069,
                  "Actual Total Time": 6878.163,
                  "Actual Rows": 687685,
                  "Actual Loops": 1,
                  "Hash Cond": "(ci.ci_person_id = n.n_id)",
                  "Plans": [
                    {
                      "Node Type": "Seq Scan",
                      "Parent Relationship": "Outer",
                      "Parallel Aware": false,
                      "Relation Name": "cast_info",
                      "Alias": "ci",
                      "Startup Cost": 0.00,
                      "Total Cost": 1101625.58,
                      "Plan Rows": 1532602,
                      "Plan Width": 8,
                      "Actual Startup Time": 74.846,
                      "Actual Total Time": 5286.545,
                      "Actual Rows": 1504458,
                      "Actual Loops": 1,
                      "Filter": "(ci_note = ANY ('{(writer),\"(head writer)\",\"(written by)\",(story),\"(story editor)\"}'::text[]))",
                      "Rows Removed by Filter": 45869499
                    },
                    {
                      "Node Type": "Hash",
                      "Parent Relationship": "Inner",
                      "Parallel Aware": false,
                      "Startup Cost": 135508.69,
                      "Total Cost": 135508.69,
                      "Plan Rows": 2216960,
                      "Plan Width": 19,
                      "Actual Startup Time": 1056.008,
                      "Actual Total Time": 1056.008,
                      "Actual Rows": 2203740,
                      "Actual Loops": 1,
                      "Hash Buckets": 65536,
                      "Original Hash Buckets": 65536,
                      "Hash Batches": 64,
                      "Original Hash Batches": 64,
                      "Peak Memory Usage": 2298,
                      "Plans": [
                        {
                          "Node Type": "Seq Scan",
                          "Parent Relationship": "Outer",
                          "Parallel Aware": false,
                          "Relation Name": "name",
                          "Alias": "n",
                          "Startup Cost": 0.00,
                          "Total Cost": 135508.69,
                          "Plan Rows": 2216960,
                          "Plan Width": 19,
                          "Actual Startup Time": 0.022,
                          "Actual Total Time": 679.349,
                          "Actual Rows": 2203740,
                          "Actual Loops": 1,
                          "Filter": "((n_gender)::text = 'm'::text)",
                          "Rows Removed by Filter": 3037120
                        }
                      ]
                    }
                  ]
                },
                {
                  "Node Type": "Hash",
                  "Parent Relationship": "Inner",
                  "Parallel Aware": false,
                  "Startup Cost": 82548.08,
                  "Total Cost": 82548.08,
                  "Plan Rows": 3403608,
                  "Plan Width": 8,
                  "Actual Startup Time": 1058.835,
                  "Actual Total Time": 1058.835,
                  "Actual Rows": 3403210,
                  "Actual Loops": 1,
                  "Hash Buckets": 131072,
                  "Original Hash Buckets": 131072,
                  "Hash Batches": 64,
                  "Original Hash Batches": 64,
                  "Peak Memory Usage": 2997,
                  "Plans": [
                    {
                      "Node Type": "Seq Scan",
                      "Parent Relationship": "Outer",
                      "Parallel Aware": false,
                      "Relation Name": "title",
                      "Alias": "t",
                      "Startup Cost": 0.00,
                      "Total Cost": 82548.08,
                      "Plan Rows": 3403608,
                      "Plan Width": 8,
                      "Actual Startup Time": 0.032,
                      "Actual Total Time": 583.307,
                      "Actual Rows": 3403210,
                      "Actual Loops": 1
                    }
                  ]
                }
              ]
            }
          ]
        }
      ]
    },
    "Planning Time": 0.219,
    "Triggers": [
    ],
    "Execution Time": 10031.370
  }
]
