[
  {
    "Plan": {
      "Node Type": "Aggregate",
      "Strategy": "Hashed",
      "Partial Mode": "Simple",
      "Parallel Aware": false,
      "Startup Cost": 1263594.09,
      "Total Cost": 1263594.10,
      "Plan Rows": 1,
      "Plan Width": 17,
      "Actual Startup Time": 5683.106,
      "Actual Total Time": 5683.111,
      "Actual Rows": 43,
      "Actual Loops": 1,
      "Group Key": ["ci.ci_nr_order", "t.t_season_nr", "t.t_series_years"],
      "Plans": [
        {
          "Node Type": "Hash Join",
          "Parent Relationship": "Outer",
          "Parallel Aware": false,
          "Join Type": "Inner",
          "Startup Cost": 1121920.85,
          "Total Cost": 1263594.08,
          "Plan Rows": 1,
          "Plan Width": 17,
          "Actual Startup Time": 5271.893,
          "Actual Total Time": 5683.013,
          "Actual Rows": 296,
          "Actual Loops": 1,
          "Hash Cond": "(ci.ci_movie_id = t.t_id)",
          "Plans": [
            {
              "Node Type": "Hash Join",
              "Parent Relationship": "Outer",
              "Parallel Aware": false,
              "Join Type": "Inner",
              "Startup Cost": 1017239.51,
              "Total Cost": 1157277.74,
              "Plan Rows": 1,
              "Plan Width": 8,
              "Actual Startup Time": 4742.999,
              "Actual Total Time": 5142.519,
              "Actual Rows": 2417,
              "Actual Loops": 1,
              "Hash Cond": "(ci.ci_role_id = rt.rt_id)",
              "Plans": [
                {
                  "Node Type": "Hash Join",
                  "Parent Relationship": "Outer",
                  "Parallel Aware": false,
                  "Join Type": "Inner",
                  "Startup Cost": 1017220.59,
                  "Total Cost": 1157258.80,
                  "Plan Rows": 1,
                  "Plan Width": 12,
                  "Actual Startup Time": 4742.980,
                  "Actual Total Time": 5141.998,
                  "Actual Rows": 2417,
                  "Actual Loops": 1,
                  "Hash Cond": "(n.n_id = ci.ci_person_id)",
                  "Plans": [
                    {
                      "Node Type": "Seq Scan",
                      "Parent Relationship": "Outer",
                      "Parallel Aware": false,
                      "Relation Name": "name",
                      "Alias": "n",
                      "Startup Cost": 0.00,
                      "Total Cost": 135508.69,
                      "Plan Rows": 1207870,
                      "Plan Width": 4,
                      "Actual Startup Time": 284.859,
                      "Actual Total Time": 600.706,
                      "Actual Rows": 1204907,
                      "Actual Loops": 1,
                      "Filter": "((n_gender)::text = 'f'::text)",
                      "Rows Removed by Filter": 4035953
                    },
                    {
                      "Node Type": "Hash",
                      "Parent Relationship": "Inner",
                      "Parallel Aware": false,
                      "Startup Cost": 1017220.58,
                      "Total Cost": 1017220.58,
                      "Plan Rows": 1,
                      "Plan Width": 16,
                      "Actual Startup Time": 4457.845,
                      "Actual Total Time": 4457.845,
                      "Actual Rows": 9924,
                      "Actual Loops": 1,
                      "Hash Buckets": 16384,
                      "Original Hash Buckets": 1024,
                      "Hash Batches": 1,
                      "Original Hash Batches": 1,
                      "Peak Memory Usage": 564,
                      "Plans": [
                        {
                          "Node Type": "Hash Join",
                          "Parent Relationship": "Outer",
                          "Parallel Aware": false,
                          "Join Type": "Inner",
                          "Startup Cost": 89669.96,
                          "Total Cost": 1017220.58,
                          "Plan Rows": 1,
                          "Plan Width": 16,
                          "Actual Startup Time": 473.492,
                          "Actual Total Time": 4455.430,
                          "Actual Rows": 9924,
                          "Actual Loops": 1,
                          "Hash Cond": "(ci.ci_person_role_id = chn.cn_id)",
                          "Plans": [
                            {
                              "Node Type": "Seq Scan",
                              "Parent Relationship": "Outer",
                              "Parallel Aware": false,
                              "Relation Name": "cast_info",
                              "Alias": "ci",
                              "Startup Cost": 0.00,
                              "Total Cost": 924058.45,
                              "Plan Rows": 931241,
                              "Plan Width": 20,
                              "Actual Startup Time": 0.022,
                              "Actual Total Time": 3922.472,
                              "Actual Rows": 946584,
                              "Actual Loops": 1,
                              "Filter": "(ci_note = '(voice)'::text)",
                              "Rows Removed by Filter": 46427373
                            },
                            {
                              "Node Type": "Hash",
                              "Parent Relationship": "Inner",
                              "Parallel Aware": false,
                              "Startup Cost": 89669.94,
                              "Total Cost": 89669.94,
                              "Plan Rows": 2,
                              "Plan Width": 4,
                              "Actual Startup Time": 473.417,
                              "Actual Total Time": 473.417,
                              "Actual Rows": 46,
                              "Actual Loops": 1,
                              "Hash Buckets": 1024,
                              "Original Hash Buckets": 1024,
                              "Hash Batches": 1,
                              "Original Hash Batches": 1,
                              "Peak Memory Usage": 10,
                              "Plans": [
                                {
                                  "Node Type": "Seq Scan",
                                  "Parent Relationship": "Outer",
                                  "Parallel Aware": false,
                                  "Relation Name": "char_name",
                                  "Alias": "chn",
                                  "Startup Cost": 0.00,
                                  "Total Cost": 89669.94,
                                  "Plan Rows": 2,
                                  "Plan Width": 4,
                                  "Actual Startup Time": 5.284,
                                  "Actual Total Time": 473.348,
                                  "Actual Rows": 46,
                                  "Actual Loops": 1,
                                  "Filter": "(cn_name = ANY ('{Himself,Herself}'::text[]))",
                                  "Rows Removed by Filter": 3715532
                                }
                              ]
                            }
                          ]
                        }
                      ]
                    }
                  ]
                },
                {
                  "Node Type": "Hash",
                  "Parent Relationship": "Inner",
                  "Parallel Aware": false,
                  "Startup Cost": 18.88,
                  "Total Cost": 18.88,
                  "Plan Rows": 4,
                  "Plan Width": 4,
                  "Actual Startup Time": 0.010,
                  "Actual Total Time": 0.010,
                  "Actual Rows": 1,
                  "Actual Loops": 1,
                  "Hash Buckets": 1024,
                  "Original Hash Buckets": 1024,
                  "Hash Batches": 1,
                  "Original Hash Batches": 1,
                  "Peak Memory Usage": 9,
                  "Plans": [
                    {
                      "Node Type": "Seq Scan",
                      "Parent Relationship": "Outer",
                      "Parallel Aware": false,
                      "Relation Name": "role_type",
                      "Alias": "rt",
                      "Startup Cost": 0.00,
                      "Total Cost": 18.88,
                      "Plan Rows": 4,
                      "Plan Width": 4,
                      "Actual Startup Time": 0.007,
                      "Actual Total Time": 0.008,
                      "Actual Rows": 1,
                      "Actual Loops": 1,
                      "Filter": "((rt_role)::text = 'actress'::text)",
                      "Rows Removed by Filter": 11
                    }
                  ]
                }
              ]
            },
            {
              "Node Type": "Hash",
              "Parent Relationship": "Inner",
              "Parallel Aware": false,
              "Startup Cost": 99566.12,
              "Total Cost": 99566.12,
              "Plan Rows": 278577,
              "Plan Width": 17,
              "Actual Startup Time": 526.672,
              "Actual Total Time": 526.672,
              "Actual Rows": 267844,
              "Actual Loops": 1,
              "Hash Buckets": 65536,
              "Original Hash Buckets": 65536,
              "Hash Batches": 8,
              "Original Hash Batches": 8,
              "Peak Memory Usage": 1776,
              "Plans": [
                {
                  "Node Type": "Seq Scan",
                  "Parent Relationship": "Outer",
                  "Parallel Aware": false,
                  "Relation Name": "title",
                  "Alias": "t",
                  "Startup Cost": 0.00,
                  "Total Cost": 99566.12,
                  "Plan Rows": 278577,
                  "Plan Width": 17,
                  "Actual Startup Time": 0.070,
                  "Actual Total Time": 481.253,
                  "Actual Rows": 267844,
                  "Actual Loops": 1,
                  "Filter": "((t_production_year >= 2007) AND (t_production_year <= 2008))",
                  "Rows Removed by Filter": 3135366
                }
              ]
            }
          ]
        }
      ]
    },
    "Planning Time": 0.602,
    "Triggers": [
    ],
    "Execution Time": 5683.197
  }
]
