[
  {
    "Plan": {
      "Node Type": "Aggregate",
      "Strategy": "Hashed",
      "Partial Mode": "Simple",
      "Parallel Aware": false,
      "Startup Cost": 1317511.97,
      "Total Cost": 1317511.98,
      "Plan Rows": 1,
      "Plan Width": 19,
      "Actual Startup Time": 8389.404,
      "Actual Total Time": 8390.951,
      "Actual Rows": 12903,
      "Actual Loops": 1,
      "Group Key": ["n.n_name", "t.t_episode_nr"],
      "Plans": [
        {
          "Node Type": "Hash Join",
          "Parent Relationship": "Outer",
          "Parallel Aware": false,
          "Join Type": "Inner",
          "Startup Cost": 1175452.70,
          "Total Cost": 1317511.97,
          "Plan Rows": 1,
          "Plan Width": 19,
          "Actual Startup Time": 7444.596,
          "Actual Total Time": 8382.865,
          "Actual Rows": 13397,
          "Actual Loops": 1,
          "Hash Cond": "(t.t_kind_id = kt.kt_id)",
          "Plans": [
            {
              "Node Type": "Hash Join",
              "Parent Relationship": "Outer",
              "Parallel Aware": false,
              "Join Type": "Inner",
              "Startup Cost": 1175429.89,
              "Total Cost": 1317489.06,
              "Plan Rows": 22,
              "Plan Width": 23,
              "Actual Startup Time": 7444.580,
              "Actual Total Time": 8379.603,
              "Actual Rows": 22322,
              "Actual Loops": 1,
              "Hash Cond": "(n.n_id = ci.ci_person_id)",
              "Plans": [
                {
                  "Node Type": "Seq Scan",
                  "Parent Relationship": "Outer",
                  "Parallel Aware": false,
                  "Relation Name": "name",
                  "Alias": "n",
                  "Startup Cost": 0.00,
                  "Total Cost": 122408.15,
                  "Plan Rows": 5240215,
                  "Plan Width": 19,
                  "Actual Startup Time": 0.038,
                  "Actual Total Time": 440.255,
                  "Actual Rows": 5240860,
                  "Actual Loops": 1
                },
                {
                  "Node Type": "Hash",
                  "Parent Relationship": "Inner",
                  "Parallel Aware": false,
                  "Startup Cost": 1175429.61,
                  "Total Cost": 1175429.61,
                  "Plan Rows": 22,
                  "Plan Width": 12,
                  "Actual Startup Time": 7444.461,
                  "Actual Total Time": 7444.461,
                  "Actual Rows": 22322,
                  "Actual Loops": 1,
                  "Hash Buckets": 32768,
                  "Original Hash Buckets": 1024,
                  "Hash Batches": 1,
                  "Original Hash Batches": 1,
                  "Peak Memory Usage": 1151,
                  "Plans": [
                    {
                      "Node Type": "Hash Join",
                      "Parent Relationship": "Outer",
                      "Parallel Aware": false,
                      "Join Type": "Inner",
                      "Startup Cost": 1072917.89,
                      "Total Cost": 1175429.61,
                      "Plan Rows": 22,
                      "Plan Width": 12,
                      "Actual Startup Time": 6695.313,
                      "Actual Total Time": 7440.861,
                      "Actual Rows": 22322,
                      "Actual Loops": 1,
                      "Hash Cond": "(t.t_id = ci.ci_movie_id)",
                      "Plans": [
                        {
                          "Node Type": "Seq Scan",
                          "Parent Relationship": "Outer",
                          "Parallel Aware": false,
                          "Relation Name": "title",
                          "Alias": "t",
                          "Startup Cost": 0.00,
                          "Total Cost": 91057.10,
                          "Plan Rows": 3054507,
                          "Plan Width": 12,
                          "Actual Startup Time": 0.017,
                          "Actual Total Time": 484.590,
                          "Actual Rows": 3047622,
                          "Actual Loops": 1,
                          "Filter": "(t_production_year > 1950)",
                          "Rows Removed by Filter": 355588
                        },
                        {
                          "Node Type": "Hash",
                          "Parent Relationship": "Inner",
                          "Parallel Aware": false,
                          "Startup Cost": 1072917.58,
                          "Total Cost": 1072917.58,
                          "Plan Rows": 25,
                          "Plan Width": 8,
                          "Actual Startup Time": 6695.226,
                          "Actual Total Time": 6695.226,
                          "Actual Rows": 22696,
                          "Actual Loops": 1,
                          "Hash Buckets": 32768,
                          "Original Hash Buckets": 1024,
                          "Hash Batches": 1,
                          "Original Hash Batches": 1,
                          "Peak Memory Usage": 1143,
                          "Plans": [
                            {
                              "Node Type": "Hash Join",
                              "Parent Relationship": "Outer",
                              "Parallel Aware": false,
                              "Join Type": "Inner",
                              "Startup Cost": 89669.96,
                              "Total Cost": 1072917.58,
                              "Plan Rows": 25,
                              "Plan Width": 8,
                              "Actual Startup Time": 469.439,
                              "Actual Total Time": 6690.708,
                              "Actual Rows": 22696,
                              "Actual Loops": 1,
                              "Hash Cond": "(ci.ci_person_role_id = chn.cn_id)",
                              "Plans": [
                                {
                                  "Node Type": "Seq Scan",
                                  "Parent Relationship": "Outer",
                                  "Parallel Aware": false,
                                  "Relation Name": "cast_info",
                                  "Alias": "ci",
                                  "Startup Cost": 0.00,
                                  "Total Cost": 805680.36,
                                  "Plan Rows": 47351236,
                                  "Plan Width": 12,
                                  "Actual Startup Time": 0.014,
                                  "Actual Total Time": 3399.286,
                                  "Actual Rows": 47373957,
                                  "Actual Loops": 1
                                },
                                {
                                  "Node Type": "Hash",
                                  "Parent Relationship": "Inner",
                                  "Parallel Aware": false,
                                  "Startup Cost": 89669.94,
                                  "Total Cost": 89669.94,
                                  "Plan Rows": 2,
                                  "Plan Width": 4,
                                  "Actual Startup Time": 469.313,
                                  "Actual Total Time": 469.313,
                                  "Actual Rows": 4,
                                  "Actual Loops": 1,
                                  "Hash Buckets": 1024,
                                  "Original Hash Buckets": 1024,
                                  "Hash Batches": 1,
                                  "Original Hash Batches": 1,
                                  "Peak Memory Usage": 9,
                                  "Plans": [
                                    {
                                      "Node Type": "Seq Scan",
                                      "Parent Relationship": "Outer",
                                      "Parallel Aware": false,
                                      "Relation Name": "char_name",
                                      "Alias": "chn",
                                      "Startup Cost": 0.00,
                                      "Total Cost": 89669.94,
                                      "Plan Rows": 2,
                                      "Plan Width": 4,
                                      "Actual Startup Time": 13.416,
                                      "Actual Total Time": 469.302,
                                      "Actual Rows": 4,
                                      "Actual Loops": 1,
                                      "Filter": "(cn_name = ANY ('{Alex,Zombie}'::text[]))",
                                      "Rows Removed by Filter": 3715574
                                    }
                                  ]
                                }
                              ]
                            }
                          ]
                        }
                      ]
                    }
                  ]
                }
              ]
            },
            {
              "Node Type": "Hash",
              "Parent Relationship": "Inner",
              "Parallel Aware": false,
              "Startup Cost": 22.75,
              "Total Cost": 22.75,
              "Plan Rows": 5,
              "Plan Width": 4,
              "Actual Startup Time": 0.011,
              "Actual Total Time": 0.011,
              "Actual Rows": 1,
              "Actual Loops": 1,
              "Hash Buckets": 1024,
              "Original Hash Buckets": 1024,
              "Hash Batches": 1,
              "Original Hash Batches": 1,
              "Peak Memory Usage": 9,
              "Plans": [
                {
                  "Node Type": "Seq Scan",
                  "Parent Relationship": "Outer",
                  "Parallel Aware": false,
                  "Relation Name": "kind_type",
                  "Alias": "kt",
                  "Startup Cost": 0.00,
                  "Total Cost": 22.75,
                  "Plan Rows": 5,
                  "Plan Width": 4,
                  "Actual Startup Time": 0.008,
                  "Actual Total Time": 0.010,
                  "Actual Rows": 1,
                  "Actual Loops": 1,
                  "Filter": "((kt_kind)::text = 'movie'::text)",
                  "Rows Removed by Filter": 6
                }
              ]
            }
          ]
        }
      ]
    },
    "Planning Time": 0.717,
    "Triggers": [
    ],
    "Execution Time": 8391.354
  }
]
