[
  {
    "Plan": {
      "Node Type": "Aggregate",
      "Strategy": "Hashed",
      "Partial Mode": "Simple",
      "Parallel Aware": false,
      "Startup Cost": 1329825.88,
      "Total Cost": 1329825.89,
      "Plan Rows": 1,
      "Plan Width": 16,
      "Actual Startup Time": 6531.763,
      "Actual Total Time": 6531.766,
      "Actual Rows": 17,
      "Actual Loops": 1,
      "Group Key": ["chn.cn_name"],
      "Plans": [
        {
          "Node Type": "Hash Join",
          "Parent Relationship": "Outer",
          "Parallel Aware": false,
          "Join Type": "Inner",
          "Startup Cost": 1189787.67,
          "Total Cost": 1329825.88,
          "Plan Rows": 1,
          "Plan Width": 16,
          "Actual Startup Time": 6149.556,
          "Actual Total Time": 6531.729,
          "Actual Rows": 20,
          "Actual Loops": 1,
          "Hash Cond": "(n.n_id = ci.ci_person_id)",
          "Plans": [
            {
              "Node Type": "Seq Scan",
              "Parent Relationship": "Outer",
              "Parallel Aware": false,
              "Relation Name": "name",
              "Alias": "n",
              "Startup Cost": 0.00,
              "Total Cost": 135508.69,
              "Plan Rows": 1207870,
              "Plan Width": 4,
              "Actual Startup Time": 298.704,
              "Actual Total Time": 621.427,
              "Actual Rows": 1204907,
              "Actual Loops": 1,
              "Filter": "((n_gender)::text = 'f'::text)",
              "Rows Removed by Filter": 4035953
            },
            {
              "Node Type": "Hash",
              "Parent Relationship": "Inner",
              "Parallel Aware": false,
              "Startup Cost": 1189787.66,
              "Total Cost": 1189787.66,
              "Plan Rows": 1,
              "Plan Width": 20,
              "Actual Startup Time": 5844.156,
              "Actual Total Time": 5844.156,
              "Actual Rows": 20,
              "Actual Loops": 1,
              "Hash Buckets": 1024,
              "Original Hash Buckets": 1024,
              "Hash Batches": 1,
              "Original Hash Batches": 1,
              "Peak Memory Usage": 9,
              "Plans": [
                {
                  "Node Type": "Hash Join",
                  "Parent Relationship": "Outer",
                  "Parallel Aware": false,
                  "Join Type": "Inner",
                  "Startup Cost": 1095473.12,
                  "Total Cost": 1189787.66,
                  "Plan Rows": 1,
                  "Plan Width": 20,
                  "Actual Startup Time": 5306.513,
                  "Actual Total Time": 5844.129,
                  "Actual Rows": 20,
                  "Actual Loops": 1,
                  "Hash Cond": "(chn.cn_id = ci.ci_person_role_id)",
                  "Plans": [
                    {
                      "Node Type": "Seq Scan",
                      "Parent Relationship": "Outer",
                      "Parallel Aware": false,
                      "Relation Name": "char_name",
                      "Alias": "chn",
                      "Startup Cost": 0.00,
                      "Total Cost": 80380.75,
                      "Plan Rows": 3715675,
                      "Plan Width": 20,
                      "Actual Startup Time": 0.016,
                      "Actual Total Time": 296.148,
                      "Actual Rows": 3715578,
                      "Actual Loops": 1
                    },
                    {
                      "Node Type": "Hash",
                      "Parent Relationship": "Inner",
                      "Parallel Aware": false,
                      "Startup Cost": 1095473.10,
                      "Total Cost": 1095473.10,
                      "Plan Rows": 1,
                      "Plan Width": 8,
                      "Actual Startup Time": 5299.986,
                      "Actual Total Time": 5299.986,
                      "Actual Rows": 20,
                      "Actual Loops": 1,
                      "Hash Buckets": 1024,
                      "Original Hash Buckets": 1024,
                      "Hash Batches": 1,
                      "Original Hash Batches": 1,
                      "Peak Memory Usage": 9,
                      "Plans": [
                        {
                          "Node Type": "Hash Join",
                          "Parent Relationship": "Outer",
                          "Parallel Aware": false,
                          "Join Type": "Inner",
                          "Startup Cost": 108094.17,
                          "Total Cost": 1095473.10,
                          "Plan Rows": 1,
                          "Plan Width": 8,
                          "Actual Startup Time": 1903.357,
                          "Actual Total Time": 5299.970,
                          "Actual Rows": 20,
                          "Actual Loops": 1,
                          "Hash Cond": "(ci.ci_role_id = rt.rt_id)",
                          "Plans": [
                            {
                              "Node Type": "Hash Join",
                              "Parent Relationship": "Outer",
                              "Parallel Aware": false,
                              "Join Type": "Inner",
                              "Startup Cost": 108075.24,
                              "Total Cost": 1095454.16,
                              "Plan Rows": 3,
                              "Plan Width": 12,
                              "Actual Startup Time": 517.658,
                              "Actual Total Time": 5299.922,
                              "Actual Rows": 66,
                              "Actual Loops": 1,
                              "Hash Cond": "(ci.ci_movie_id = t.t_id)",
                              "Plans": [
                                {
                                  "Node Type": "Seq Scan",
                                  "Parent Relationship": "Outer",
                                  "Parallel Aware": false,
                                  "Relation Name": "cast_info",
                                  "Alias": "ci",
                                  "Startup Cost": 0.00,
                                  "Total Cost": 983247.49,
                                  "Plan Rows": 1101705,
                                  "Plan Width": 16,
                                  "Actual Startup Time": 0.013,
                                  "Actual Total Time": 4721.813,
                                  "Actual Rows": 1112141,
                                  "Actual Loops": 1,
                                  "Filter": "(ci_note = ANY ('{(voice),\"(voice) (uncredited)\",\"(voice: English version)\"}'::text[]))",
                                  "Rows Removed by Filter": 46261816
                                },
                                {
                                  "Node Type": "Hash",
                                  "Parent Relationship": "Inner",
                                  "Parallel Aware": false,
                                  "Startup Cost": 108075.14,
                                  "Total Cost": 108075.14,
                                  "Plan Rows": 8,
                                  "Plan Width": 4,
                                  "Actual Startup Time": 511.313,
                                  "Actual Total Time": 511.313,
                                  "Actual Rows": 3,
                                  "Actual Loops": 1,
                                  "Hash Buckets": 1024,
                                  "Original Hash Buckets": 1024,
                                  "Hash Batches": 1,
                                  "Original Hash Batches": 1,
                                  "Peak Memory Usage": 9,
                                  "Plans": [
                                    {
                                      "Node Type": "Seq Scan",
                                      "Parent Relationship": "Outer",
                                      "Parallel Aware": false,
                                      "Relation Name": "title",
                                      "Alias": "t",
                                      "Startup Cost": 0.00,
                                      "Total Cost": 108075.14,
                                      "Plan Rows": 8,
                                      "Plan Width": 4,
                                      "Actual Startup Time": 14.994,
                                      "Actual Total Time": 511.305,
                                      "Actual Rows": 3,
                                      "Actual Loops": 1,
                                      "Filter": "((t_production_year >= 2000) AND (t_production_year <= 2010) AND (t_title = 'Shrek 2'::text))",
                                      "Rows Removed by Filter": 3403207
                                    }
                                  ]
                                }
                              ]
                            },
                            {
                              "Node Type": "Hash",
                              "Parent Relationship": "Inner",
                              "Parallel Aware": false,
                              "Startup Cost": 18.88,
                              "Total Cost": 18.88,
                              "Plan Rows": 4,
                              "Plan Width": 4,
                              "Actual Startup Time": 0.008,
                              "Actual Total Time": 0.008,
                              "Actual Rows": 1,
                              "Actual Loops": 1,
                              "Hash Buckets": 1024,
                              "Original Hash Buckets": 1024,
                              "Hash Batches": 1,
                              "Original Hash Batches": 1,
                              "Peak Memory Usage": 9,
                              "Plans": [
                                {
                                  "Node Type": "Seq Scan",
                                  "Parent Relationship": "Outer",
                                  "Parallel Aware": false,
                                  "Relation Name": "role_type",
                                  "Alias": "rt",
                                  "Startup Cost": 0.00,
                                  "Total Cost": 18.88,
                                  "Plan Rows": 4,
                                  "Plan Width": 4,
                                  "Actual Startup Time": 0.005,
                                  "Actual Total Time": 0.006,
                                  "Actual Rows": 1,
                                  "Actual Loops": 1,
                                  "Filter": "((rt_role)::text = 'actress'::text)",
                                  "Rows Removed by Filter": 11
                                }
                              ]
                            }
                          ]
                        }
                      ]
                    }
                  ]
                }
              ]
            }
          ]
        }
      ]
    },
    "Planning Time": 2.352,
    "Triggers": [
    ],
    "Execution Time": 6531.893
  }
]
