[
  {
    "Plan": {
      "Node Type": "Aggregate",
      "Strategy": "Hashed",
      "Partial Mode": "Simple",
      "Parallel Aware": false,
      "Startup Cost": 1318440.62,
      "Total Cost": 1318447.82,
      "Plan Rows": 720,
      "Plan Width": 17,
      "Actual Startup Time": 7109.258,
      "Actual Total Time": 7109.326,
      "Actual Rows": 578,
      "Actual Loops": 1,
      "Group Key": ["ci.ci_nr_order", "t.t_season_nr", "t.t_series_years"],
      "Plans": [
        {
          "Node Type": "Hash Join",
          "Parent Relationship": "Outer",
          "Parallel Aware": false,
          "Join Type": "Inner",
          "Startup Cost": 353436.94,
          "Total Cost": 1318435.22,
          "Plan Rows": 720,
          "Plan Width": 17,
          "Actual Startup Time": 3914.267,
          "Actual Total Time": 7101.392,
          "Actual Rows": 46557,
          "Actual Loops": 1,
          "Hash Cond": "(ci.ci_movie_id = t.t_id)",
          "Plans": [
            {
              "Node Type": "Hash Join",
              "Parent Relationship": "Outer",
              "Parallel Aware": false,
              "Join Type": "Inner",
              "Startup Cost": 208399.76,
              "Total Cost": 1153436.34,
              "Plan Rows": 720,
              "Plan Width": 8,
              "Actual Startup Time": 2709.728,
              "Actual Total Time": 5754.032,
              "Actual Rows": 46557,
              "Actual Loops": 1,
              "Hash Cond": "(ci.ci_person_id = n1.n_id)",
              "Plans": [
                {
                  "Node Type": "Hash Join",
                  "Parent Relationship": "Outer",
                  "Parallel Aware": false,
                  "Join Type": "Inner",
                  "Startup Cost": 18.93,
                  "Total Cost": 924564.01,
                  "Plan Rows": 720,
                  "Plan Width": 12,
                  "Actual Startup Time": 1294.365,
                  "Actual Total Time": 4107.888,
                  "Actual Rows": 46557,
                  "Actual Loops": 1,
                  "Hash Cond": "(ci.ci_role_id = rt.rt_id)",
                  "Plans": [
                    {
                      "Node Type": "Seq Scan",
                      "Parent Relationship": "Outer",
                      "Parallel Aware": false,
                      "Relation Name": "cast_info",
                      "Alias": "ci",
                      "Startup Cost": 0.00,
                      "Total Cost": 924058.45,
                      "Plan Rows": 127848,
                      "Plan Width": 16,
                      "Actual Startup Time": 0.553,
                      "Actual Total Time": 4091.869,
                      "Actual Rows": 118142,
                      "Actual Loops": 1,
                      "Filter": "(ci_note = '(voice: English version)'::text)",
                      "Rows Removed by Filter": 47255815
                    },
                    {
                      "Node Type": "Hash",
                      "Parent Relationship": "Inner",
                      "Parallel Aware": false,
                      "Startup Cost": 18.88,
                      "Total Cost": 18.88,
                      "Plan Rows": 4,
                      "Plan Width": 4,
                      "Actual Startup Time": 0.006,
                      "Actual Total Time": 0.006,
                      "Actual Rows": 1,
                      "Actual Loops": 1,
                      "Hash Buckets": 1024,
                      "Original Hash Buckets": 1024,
                      "Hash Batches": 1,
                      "Original Hash Batches": 1,
                      "Peak Memory Usage": 9,
                      "Plans": [
                        {
                          "Node Type": "Seq Scan",
                          "Parent Relationship": "Outer",
                          "Parallel Aware": false,
                          "Relation Name": "role_type",
                          "Alias": "rt",
                          "Startup Cost": 0.00,
                          "Total Cost": 18.88,
                          "Plan Rows": 4,
                          "Plan Width": 4,
                          "Actual Startup Time": 0.004,
                          "Actual Total Time": 0.005,
                          "Actual Rows": 1,
                          "Actual Loops": 1,
                          "Filter": "((rt_role)::text = 'actress'::text)",
                          "Rows Removed by Filter": 11
                        }
                      ]
                    }
                  ]
                },
                {
                  "Node Type": "Hash",
                  "Parent Relationship": "Inner",
                  "Parallel Aware": false,
                  "Startup Cost": 122408.15,
                  "Total Cost": 122408.15,
                  "Plan Rows": 5240215,
                  "Plan Width": 4,
                  "Actual Startup Time": 1337.062,
                  "Actual Total Time": 1337.062,
                  "Actual Rows": 5240860,
                  "Actual Loops": 1,
                  "Hash Buckets": 131072,
                  "Original Hash Buckets": 131072,
                  "Hash Batches": 128,
                  "Original Hash Batches": 128,
                  "Peak Memory Usage": 2476,
                  "Plans": [
                    {
                      "Node Type": "Seq Scan",
                      "Parent Relationship": "Outer",
                      "Parallel Aware": false,
                      "Relation Name": "name",
                      "Alias": "n1",
                      "Startup Cost": 0.00,
                      "Total Cost": 122408.15,
                      "Plan Rows": 5240215,
                      "Plan Width": 4,
                      "Actual Startup Time": 0.024,
                      "Actual Total Time": 635.231,
                      "Actual Rows": 5240860,
                      "Actual Loops": 1
                    }
                  ]
                }
              ]
            },
            {
              "Node Type": "Hash",
              "Parent Relationship": "Inner",
              "Parallel Aware": false,
              "Startup Cost": 82548.08,
              "Total Cost": 82548.08,
              "Plan Rows": 3403608,
              "Plan Width": 17,
              "Actual Startup Time": 1140.200,
              "Actual Total Time": 1140.200,
              "Actual Rows": 3403210,
              "Actual Loops": 1,
              "Hash Buckets": 65536,
              "Original Hash Buckets": 65536,
              "Hash Batches": 64,
              "Original Hash Batches": 64,
              "Peak Memory Usage": 2499,
              "Plans": [
                {
                  "Node Type": "Seq Scan",
                  "Parent Relationship": "Outer",
                  "Parallel Aware": false,
                  "Relation Name": "title",
                  "Alias": "t",
                  "Startup Cost": 0.00,
                  "Total Cost": 82548.08,
                  "Plan Rows": 3403608,
                  "Plan Width": 17,
                  "Actual Startup Time": 0.045,
                  "Actual Total Time": 627.455,
                  "Actual Rows": 3403210,
                  "Actual Loops": 1
                }
              ]
            }
          ]
        }
      ]
    },
    "Planning Time": 0.533,
    "Triggers": [
    ],
    "Execution Time": 7109.394
  }
]
