[
  {
    "Plan": {
      "Node Type": "Hash Join",
      "Parallel Aware": false,
      "Join Type": "Inner",
      "Startup Cost": 59762.01,
      "Total Cost": 146470.30,
      "Plan Rows": 185,
      "Plan Width": 0,
      "Actual Startup Time": 295.373,
      "Actual Total Time": 834.004,
      "Actual Rows": 7596,
      "Actual Loops": 1,
      "Hash Cond": "(store_sales.ss_promo_sk = promotion.p_promo_sk)",
      "Plans": [
        {
          "Node Type": "Hash Join",
          "Parent Relationship": "Outer",
          "Parallel Aware": false,
          "Join Type": "Inner",
          "Startup Cost": 59745.76,
          "Total Cost": 146451.51,
          "Plan Rows": 185,
          "Plan Width": 4,
          "Actual Startup Time": 295.267,
          "Actual Total Time": 831.777,
          "Actual Rows": 7620,
          "Actual Loops": 1,
          "Hash Cond": "(store_sales.ss_item_sk = item.i_item_sk)",
          "Plans": [
            {
              "Node Type": "Hash Join",
              "Parent Relationship": "Outer",
              "Parallel Aware": false,
              "Join Type": "Inner",
              "Startup Cost": 58104.76,
              "Total Cost": 144807.96,
              "Plan Rows": 185,
              "Plan Width": 8,
              "Actual Startup Time": 290.098,
              "Actual Total Time": 823.381,
              "Actual Rows": 7620,
              "Actual Loops": 1,
              "Hash Cond": "(store_sales.ss_cdemo_sk = customer_demographics.cd_demo_sk)",
              "Plans": [
                {
                  "Node Type": "Hash Join",
                  "Parent Relationship": "Outer",
                  "Parallel Aware": false,
                  "Join Type": "Inner",
                  "Startup Cost": 2322.65,
                  "Total Cost": 88975.13,
                  "Plan Rows": 13032,
                  "Plan Width": 12,
                  "Actual Startup Time": 8.832,
                  "Actual Total Time": 500.902,
                  "Actual Rows": 493018,
                  "Actual Loops": 1,
                  "Hash Cond": "(store_sales.ss_sold_date_sk = date_dim.d_date_sk)",
                  "Plans": [
                    {
                      "Node Type": "Seq Scan",
                      "Parent Relationship": "Outer",
                      "Parallel Aware": false,
                      "Relation Name": "store_sales",
                      "Alias": "store_sales",
                      "Startup Cost": 0.00,
                      "Total Cost": 76687.57,
                      "Plan Rows": 2622557,
                      "Plan Width": 16,
                      "Actual Startup Time": 0.006,
                      "Actual Total Time": 212.785,
                      "Actual Rows": 2485280,
                      "Actual Loops": 1
                    },
                    {
                      "Node Type": "Hash",
                      "Parent Relationship": "Inner",
                      "Parallel Aware": false,
                      "Startup Cost": 2318.11,
                      "Total Cost": 2318.11,
                      "Plan Rows": 363,
                      "Plan Width": 4,
                      "Actual Startup Time": 8.803,
                      "Actual Total Time": 8.803,
                      "Actual Rows": 365,
                      "Actual Loops": 1,
                      "Hash Buckets": 1024,
                      "Original Hash Buckets": 1024,
                      "Hash Batches": 1,
                      "Original Hash Batches": 1,
                      "Peak Memory Usage": 21,
                      "Plans": [
                        {
                          "Node Type": "Seq Scan",
                          "Parent Relationship": "Outer",
                          "Parallel Aware": false,
                          "Relation Name": "date_dim",
                          "Alias": "date_dim",
                          "Startup Cost": 0.00,
                          "Total Cost": 2318.11,
                          "Plan Rows": 363,
                          "Plan Width": 4,
                          "Actual Startup Time": 4.262,
                          "Actual Total Time": 8.764,
                          "Actual Rows": 365,
                          "Actual Loops": 1,
                          "Filter": "(d_year = 2001)",
                          "Rows Removed by Filter": 72684
                        }
                      ]
                    }
                  ]
                },
                {
                  "Node Type": "Hash",
                  "Parent Relationship": "Inner",
                  "Parallel Aware": false,
                  "Startup Cost": 55442.00,
                  "Total Cost": 55442.00,
                  "Plan Rows": 27209,
                  "Plan Width": 4,
                  "Actual Startup Time": 281.214,
                  "Actual Total Time": 281.214,
                  "Actual Rows": 27440,
                  "Actual Loops": 1,
                  "Hash Buckets": 32768,
                  "Original Hash Buckets": 32768,
                  "Hash Batches": 1,
                  "Original Hash Batches": 1,
                  "Peak Memory Usage": 1221,
                  "Plans": [
                    {
                      "Node Type": "Seq Scan",
                      "Parent Relationship": "Outer",
                      "Parallel Aware": false,
                      "Relation Name": "customer_demographics",
                      "Alias": "customer_demographics",
                      "Startup Cost": 0.00,
                      "Total Cost": 55442.00,
                      "Plan Rows": 27209,
                      "Plan Width": 4,
                      "Actual Startup Time": 0.013,
                      "Actual Total Time": 274.233,
                      "Actual Rows": 27440,
                      "Actual Loops": 1,
                      "Filter": "((cd_gender = 'M'::bpchar) AND (cd_marital_status = 'M'::bpchar) AND (cd_education_status = '4 yr Degree'::bpchar))",
                      "Rows Removed by Filter": 1893360
                    }
                  ]
                }
              ]
            },
            {
              "Node Type": "Hash",
              "Parent Relationship": "Inner",
              "Parallel Aware": false,
              "Startup Cost": 1416.00,
              "Total Cost": 1416.00,
              "Plan Rows": 18000,
              "Plan Width": 4,
              "Actual Startup Time": 5.157,
              "Actual Total Time": 5.157,
              "Actual Rows": 18000,
              "Actual Loops": 1,
              "Hash Buckets": 32768,
              "Original Hash Buckets": 32768,
              "Hash Batches": 1,
              "Original Hash Batches": 1,
              "Peak Memory Usage": 889,
              "Plans": [
                {
                  "Node Type": "Seq Scan",
                  "Parent Relationship": "Outer",
                  "Parallel Aware": false,
                  "Relation Name": "item",
                  "Alias": "item",
                  "Startup Cost": 0.00,
                  "Total Cost": 1416.00,
                  "Plan Rows": 18000,
                  "Plan Width": 4,
                  "Actual Startup Time": 0.003,
                  "Actual Total Time": 3.002,
                  "Actual Rows": 18000,
                  "Actual Loops": 1
                }
              ]
            }
          ]
        },
        {
          "Node Type": "Hash",
          "Parent Relationship": "Inner",
          "Parallel Aware": false,
          "Startup Cost": 12.50,
          "Total Cost": 12.50,
          "Plan Rows": 300,
          "Plan Width": 4,
          "Actual Startup Time": 0.102,
          "Actual Total Time": 0.102,
          "Actual Rows": 299,
          "Actual Loops": 1,
          "Hash Buckets": 1024,
          "Original Hash Buckets": 1024,
          "Hash Batches": 1,
          "Original Hash Batches": 1,
          "Peak Memory Usage": 19,
          "Plans": [
            {
              "Node Type": "Seq Scan",
              "Parent Relationship": "Outer",
              "Parallel Aware": false,
              "Relation Name": "promotion",
              "Alias": "promotion",
              "Startup Cost": 0.00,
              "Total Cost": 12.50,
              "Plan Rows": 300,
              "Plan Width": 4,
              "Actual Startup Time": 0.006,
              "Actual Total Time": 0.075,
              "Actual Rows": 299,
              "Actual Loops": 1,
              "Filter": "((p_channel_email = 'N'::bpchar) OR (p_channel_event = 'N'::bpchar))",
              "Rows Removed by Filter": 1
            }
          ]
        }
      ]
    },
    "Planning Time": 0.405,
    "Triggers": [
    ],
    "Execution Time": 834.292
  }
]
