[
  {
    "Plan": {
      "Node Type": "Hash Join",
      "Parallel Aware": false,
      "Join Type": "Inner",
      "Startup Cost": 2505.06,
      "Total Cost": 89151.44,
      "Plan Rows": 12422,
      "Plan Width": 0,
      "Actual Startup Time": 9.640,
      "Actual Total Time": 476.492,
      "Actual Rows": 496547,
      "Actual Loops": 1,
      "Hash Cond": "(store_sales.ss_sold_date_sk = date_dim.d_date_sk)",
      "Plans": [
        {
          "Node Type": "Seq Scan",
          "Parent Relationship": "Outer",
          "Parallel Aware": false,
          "Relation Name": "store_sales",
          "Alias": "store_sales",
          "Startup Cost": 0.00,
          "Total Cost": 76687.57,
          "Plan Rows": 2622557,
          "Plan Width": 4,
          "Actual Startup Time": 0.008,
          "Actual Total Time": 214.125,
          "Actual Rows": 2485280,
          "Actual Loops": 1
        },
        {
          "Node Type": "Hash",
          "Parent Relationship": "Inner",
          "Parallel Aware": false,
          "Startup Cost": 2500.73,
          "Total Cost": 2500.73,
          "Plan Rows": 346,
          "Plan Width": 4,
          "Actual Startup Time": 9.620,
          "Actual Total Time": 9.620,
          "Actual Rows": 366,
          "Actual Loops": 1,
          "Hash Buckets": 1024,
          "Original Hash Buckets": 1024,
          "Hash Batches": 1,
          "Original Hash Batches": 1,
          "Peak Memory Usage": 21,
          "Plans": [
            {
              "Node Type": "Seq Scan",
              "Parent Relationship": "Outer",
              "Parallel Aware": false,
              "Relation Name": "date_dim",
              "Alias": "date_dim",
              "Startup Cost": 0.00,
              "Total Cost": 2500.73,
              "Plan Rows": 346,
              "Plan Width": 4,
              "Actual Startup Time": 4.728,
              "Actual Total Time": 9.575,
              "Actual Rows": 366,
              "Actual Loops": 1,
              "Filter": "((d_month_seq >= 1196) AND (d_month_seq <= 1207))",
              "Rows Removed by Filter": 72683
            }
          ]
        }
      ]
    },
    "Planning Time": 0.126,
    "Triggers": [
    ],
    "Execution Time": 492.230
  }
]
