[
  {
    "Plan": {
      "Node Type": "Unique",
      "Parallel Aware": false,
      "Startup Cost": 10000246665.82,
      "Total Cost": 10000246957.64,
      "Plan Rows": 48,
      "Plan Width": 32,
      "Actual Startup Time": 10764.165,
      "Actual Total Time": 15915.271,
      "Actual Rows": 60,
      "Actual Loops": 1,
      "Plans": [
        {
          "Node Type": "Sort",
          "Parent Relationship": "Outer",
          "Parallel Aware": false,
          "Startup Cost": 10000246665.82,
          "Total Cost": 10000246811.73,
          "Plan Rows": 58363,
          "Plan Width": 32,
          "Actual Startup Time": 10764.165,
          "Actual Total Time": 15150.484,
          "Actual Rows": 2340000,
          "Actual Loops": 1,
          "Sort Key": ["(ROW(warehouse.w_warehouse_name, date_dim.d_moy))"],
          "Sort Method": "external merge",
          "Sort Space Used": 116704,
          "Sort Space Type": "Disk",
          "Plans": [
            {
              "Node Type": "Hash Join",
              "Parent Relationship": "Outer",
              "Parallel Aware": false,
              "Join Type": "Inner",
              "Startup Cost": 3964.76,
              "Total Cost": 242045.59,
              "Plan Rows": 58363,
              "Plan Width": 32,
              "Actual Startup Time": 432.312,
              "Actual Total Time": 3974.937,
              "Actual Rows": 2340000,
              "Actual Loops": 1,
              "Hash Cond": "(inventory.inv_warehouse_sk = warehouse.w_warehouse_sk)",
              "Plans": [
                {
                  "Node Type": "Hash Join",
                  "Parent Relationship": "Outer",
                  "Parallel Aware": false,
                  "Join Type": "Inner",
                  "Startup Cost": 3963.65,
                  "Total Cost": 241241.98,
                  "Plan Rows": 58363,
                  "Plan Width": 8,
                  "Actual Startup Time": 432.284,
                  "Actual Total Time": 3144.535,
                  "Actual Rows": 2340000,
                  "Actual Loops": 1,
                  "Hash Cond": "(inventory.inv_item_sk = item.i_item_sk)",
                  "Plans": [
                    {
                      "Node Type": "Hash Join",
                      "Parent Relationship": "Outer",
                      "Parallel Aware": false,
                      "Join Type": "Inner",
                      "Startup Cost": 2322.65,
                      "Total Cost": 238798.49,
                      "Plan Rows": 58363,
                      "Plan Width": 12,
                      "Actual Startup Time": 423.338,
                      "Actual Total Time": 2474.208,
                      "Actual Rows": 2340000,
                      "Actual Loops": 1,
                      "Hash Cond": "(inventory.inv_date_sk = date_dim.d_date_sk)",
                      "Plans": [
                        {
                          "Node Type": "Seq Scan",
                          "Parent Relationship": "Outer",
                          "Parallel Aware": false,
                          "Relation Name": "inventory",
                          "Alias": "inventory",
                          "Startup Cost": 0.00,
                          "Total Cost": 191848.88,
                          "Plan Rows": 11744888,
                          "Plan Width": 12,
                          "Actual Startup Time": 0.021,
                          "Actual Total Time": 1066.779,
                          "Actual Rows": 11745000,
                          "Actual Loops": 1
                        },
                        {
                          "Node Type": "Hash",
                          "Parent Relationship": "Inner",
                          "Parallel Aware": false,
                          "Startup Cost": 2318.11,
                          "Total Cost": 2318.11,
                          "Plan Rows": 363,
                          "Plan Width": 8,
                          "Actual Startup Time": 10.959,
                          "Actual Total Time": 10.959,
                          "Actual Rows": 365,
                          "Actual Loops": 1,
                          "Hash Buckets": 1024,
                          "Original Hash Buckets": 1024,
                          "Hash Batches": 1,
                          "Original Hash Batches": 1,
                          "Peak Memory Usage": 23,
                          "Plans": [
                            {
                              "Node Type": "Seq Scan",
                              "Parent Relationship": "Outer",
                              "Parallel Aware": false,
                              "Relation Name": "date_dim",
                              "Alias": "date_dim",
                              "Startup Cost": 0.00,
                              "Total Cost": 2318.11,
                              "Plan Rows": 363,
                              "Plan Width": 8,
                              "Actual Startup Time": 5.914,
                              "Actual Total Time": 10.905,
                              "Actual Rows": 365,
                              "Actual Loops": 1,
                              "Filter": "(d_year = 1999)",
                              "Rows Removed by Filter": 72684
                            }
                          ]
                        }
                      ]
                    },
                    {
                      "Node Type": "Hash",
                      "Parent Relationship": "Inner",
                      "Parallel Aware": false,
                      "Startup Cost": 1416.00,
                      "Total Cost": 1416.00,
                      "Plan Rows": 18000,
                      "Plan Width": 4,
                      "Actual Startup Time": 8.913,
                      "Actual Total Time": 8.913,
                      "Actual Rows": 18000,
                      "Actual Loops": 1,
                      "Hash Buckets": 32768,
                      "Original Hash Buckets": 32768,
                      "Hash Batches": 1,
                      "Original Hash Batches": 1,
                      "Peak Memory Usage": 889,
                      "Plans": [
                        {
                          "Node Type": "Seq Scan",
                          "Parent Relationship": "Outer",
                          "Parallel Aware": false,
                          "Relation Name": "item",
                          "Alias": "item",
                          "Startup Cost": 0.00,
                          "Total Cost": 1416.00,
                          "Plan Rows": 18000,
                          "Plan Width": 4,
                          "Actual Startup Time": 0.005,
                          "Actual Total Time": 4.981,
                          "Actual Rows": 18000,
                          "Actual Loops": 1
                        }
                      ]
                    }
                  ]
                },
                {
                  "Node Type": "Hash",
                  "Parent Relationship": "Inner",
                  "Parallel Aware": false,
                  "Startup Cost": 1.05,
                  "Total Cost": 1.05,
                  "Plan Rows": 5,
                  "Plan Width": 22,
                  "Actual Startup Time": 0.014,
                  "Actual Total Time": 0.014,
                  "Actual Rows": 5,
                  "Actual Loops": 1,
                  "Hash Buckets": 1024,
                  "Original Hash Buckets": 1024,
                  "Hash Batches": 1,
                  "Original Hash Batches": 1,
                  "Peak Memory Usage": 9,
                  "Plans": [
                    {
                      "Node Type": "Seq Scan",
                      "Parent Relationship": "Outer",
                      "Parallel Aware": false,
                      "Relation Name": "warehouse",
                      "Alias": "warehouse",
                      "Startup Cost": 0.00,
                      "Total Cost": 1.05,
                      "Plan Rows": 5,
                      "Plan Width": 22,
                      "Actual Startup Time": 0.007,
                      "Actual Total Time": 0.010,
                      "Actual Rows": 5,
                      "Actual Loops": 1
                    }
                  ]
                }
              ]
            }
          ]
        }
      ]
    },
    "Planning Time": 1.158,
    "Triggers": [
    ],
    "Execution Time": 15934.095
  }
]
