[
  {
    "Plan": {
      "Node Type": "Unique",
      "Parallel Aware": false,
      "Startup Cost": 10000090604.49,
      "Total Cost": 10000090606.05,
      "Plan Rows": 312,
      "Plan Width": 32,
      "Actual Startup Time": 641.866,
      "Actual Total Time": 648.338,
      "Actual Rows": 2526,
      "Actual Loops": 1,
      "Plans": [
        {
          "Node Type": "Sort",
          "Parent Relationship": "Outer",
          "Parallel Aware": false,
          "Startup Cost": 10000090604.49,
          "Total Cost": 10000090605.27,
          "Plan Rows": 312,
          "Plan Width": 32,
          "Actual Startup Time": 641.865,
          "Actual Total Time": 643.452,
          "Actual Rows": 7240,
          "Actual Loops": 1,
          "Sort Key": ["(ROW(item.i_item_id, item.i_item_desc, item.i_category, item.i_class, item.i_current_price))"],
          "Sort Method": "quicksort",
          "Sort Space Used": 3088,
          "Sort Space Type": "Memory",
          "Plans": [
            {
              "Node Type": "Hash Join",
              "Parent Relationship": "Outer",
              "Parallel Aware": false,
              "Join Type": "Inner",
              "Startup Cost": 4051.97,
              "Total Cost": 90591.57,
              "Plan Rows": 312,
              "Plan Width": 32,
              "Actual Startup Time": 25.682,
              "Actual Total Time": 594.392,
              "Actual Rows": 7240,
              "Actual Loops": 1,
              "Hash Cond": "(store_sales.ss_item_sk = item.i_item_sk)",
              "Plans": [
                {
                  "Node Type": "Hash Join",
                  "Parent Relationship": "Outer",
                  "Parallel Aware": false,
                  "Join Type": "Inner",
                  "Startup Cost": 2501.10,
                  "Total Cost": 89033.67,
                  "Plan Rows": 1041,
                  "Plan Width": 4,
                  "Actual Startup Time": 9.728,
                  "Actual Total Time": 566.380,
                  "Actual Rows": 24266,
                  "Actual Loops": 1,
                  "Hash Cond": "(store_sales.ss_sold_date_sk = date_dim.d_date_sk)",
                  "Plans": [
                    {
                      "Node Type": "Seq Scan",
                      "Parent Relationship": "Outer",
                      "Parallel Aware": false,
                      "Relation Name": "store_sales",
                      "Alias": "store_sales",
                      "Startup Cost": 0.00,
                      "Total Cost": 76687.57,
                      "Plan Rows": 2622557,
                      "Plan Width": 8,
                      "Actual Startup Time": 0.016,
                      "Actual Total Time": 328.582,
                      "Actual Rows": 2485280,
                      "Actual Loops": 1
                    },
                    {
                      "Node Type": "Hash",
                      "Parent Relationship": "Inner",
                      "Parallel Aware": false,
                      "Startup Cost": 2500.73,
                      "Total Cost": 2500.73,
                      "Plan Rows": 29,
                      "Plan Width": 4,
                      "Actual Startup Time": 8.678,
                      "Actual Total Time": 8.678,
                      "Actual Rows": 31,
                      "Actual Loops": 1,
                      "Hash Buckets": 1024,
                      "Original Hash Buckets": 1024,
                      "Hash Batches": 1,
                      "Original Hash Batches": 1,
                      "Peak Memory Usage": 10,
                      "Plans": [
                        {
                          "Node Type": "Seq Scan",
                          "Parent Relationship": "Outer",
                          "Parallel Aware": false,
                          "Relation Name": "date_dim",
                          "Alias": "date_dim",
                          "Startup Cost": 0.00,
                          "Total Cost": 2500.73,
                          "Plan Rows": 29,
                          "Plan Width": 4,
                          "Actual Startup Time": 4.063,
                          "Actual Total Time": 8.668,
                          "Actual Rows": 31,
                          "Actual Loops": 1,
                          "Filter": "((d_date >= '1999-04-26'::date) AND (d_date <= '1999-05-26'::date))",
                          "Rows Removed by Filter": 73018
                        }
                      ]
                    }
                  ]
                },
                {
                  "Node Type": "Hash",
                  "Parent Relationship": "Inner",
                  "Parallel Aware": false,
                  "Startup Cost": 1483.50,
                  "Total Cost": 1483.50,
                  "Plan Rows": 5390,
                  "Plan Width": 231,
                  "Actual Startup Time": 15.943,
                  "Actual Total Time": 15.943,
                  "Actual Rows": 5390,
                  "Actual Loops": 1,
                  "Hash Buckets": 8192,
                  "Original Hash Buckets": 8192,
                  "Hash Batches": 1,
                  "Original Hash Batches": 1,
                  "Peak Memory Usage": 1465,
                  "Plans": [
                    {
                      "Node Type": "Seq Scan",
                      "Parent Relationship": "Outer",
                      "Parallel Aware": false,
                      "Relation Name": "item",
                      "Alias": "item",
                      "Startup Cost": 0.00,
                      "Total Cost": 1483.50,
                      "Plan Rows": 5390,
                      "Plan Width": 231,
                      "Actual Startup Time": 0.008,
                      "Actual Total Time": 13.437,
                      "Actual Rows": 5390,
                      "Actual Loops": 1,
                      "Filter": "(i_category = ANY ('{Music,Jewelry,Women}'::bpchar[]))",
                      "Rows Removed by Filter": 12610
                    }
                  ]
                }
              ]
            }
          ]
        }
      ]
    },
    "Planning Time": 0.247,
    "Triggers": [
    ],
    "Execution Time": 648.485
  }
]
