[
  {
    "Plan": {
      "Node Type": "Unique",
      "Parallel Aware": false,
      "Startup Cost": 10000090415.23,
      "Total Cost": 10000090416.16,
      "Plan Rows": 186,
      "Plan Width": 32,
      "Actual Startup Time": 604.096,
      "Actual Total Time": 604.128,
      "Actual Rows": 7,
      "Actual Loops": 1,
      "Plans": [
        {
          "Node Type": "Sort",
          "Parent Relationship": "Outer",
          "Parallel Aware": false,
          "Startup Cost": 10000090415.23,
          "Total Cost": 10000090415.70,
          "Plan Rows": 186,
          "Plan Width": 32,
          "Actual Startup Time": 604.095,
          "Actual Total Time": 604.099,
          "Actual Rows": 64,
          "Actual Loops": 1,
          "Sort Key": ["(ROW(dt.d_year, item.i_brand, item.i_brand_id))"],
          "Sort Method": "quicksort",
          "Sort Space Used": 34,
          "Sort Space Type": "Memory",
          "Plans": [
            {
              "Node Type": "Hash Join",
              "Parent Relationship": "Outer",
              "Parallel Aware": false,
              "Join Type": "Inner",
              "Startup Cost": 3852.15,
              "Total Cost": 90408.22,
              "Plan Rows": 186,
              "Plan Width": 32,
              "Actual Startup Time": 72.563,
              "Actual Total Time": 603.951,
              "Actual Rows": 64,
              "Actual Loops": 1,
              "Hash Cond": "(store_sales.ss_sold_date_sk = dt.d_date_sk)",
              "Plans": [
                {
                  "Node Type": "Hash Join",
                  "Parent Relationship": "Outer",
                  "Parallel Aware": false,
                  "Join Type": "Inner",
                  "Startup Cost": 1461.20,
                  "Total Cost": 88006.67,
                  "Plan Rows": 2331,
                  "Plan Width": 59,
                  "Actual Startup Time": 5.145,
                  "Actual Total Time": 588.369,
                  "Actual Rows": 399,
                  "Actual Loops": 1,
                  "Hash Cond": "(store_sales.ss_item_sk = item.i_item_sk)",
                  "Plans": [
                    {
                      "Node Type": "Seq Scan",
                      "Parent Relationship": "Outer",
                      "Parallel Aware": false,
                      "Relation Name": "store_sales",
                      "Alias": "store_sales",
                      "Startup Cost": 0.00,
                      "Total Cost": 76687.57,
                      "Plan Rows": 2622557,
                      "Plan Width": 8,
                      "Actual Startup Time": 0.025,
                      "Actual Total Time": 332.756,
                      "Actual Rows": 2485280,
                      "Actual Loops": 1
                    },
                    {
                      "Node Type": "Hash",
                      "Parent Relationship": "Inner",
                      "Parallel Aware": false,
                      "Startup Cost": 1461.00,
                      "Total Cost": 1461.00,
                      "Plan Rows": 16,
                      "Plan Width": 59,
                      "Actual Startup Time": 4.481,
                      "Actual Total Time": 4.481,
                      "Actual Rows": 3,
                      "Actual Loops": 1,
                      "Hash Buckets": 1024,
                      "Original Hash Buckets": 1024,
                      "Hash Batches": 1,
                      "Original Hash Batches": 1,
                      "Peak Memory Usage": 9,
                      "Plans": [
                        {
                          "Node Type": "Seq Scan",
                          "Parent Relationship": "Outer",
                          "Parallel Aware": false,
                          "Relation Name": "item",
                          "Alias": "item",
                          "Startup Cost": 0.00,
                          "Total Cost": 1461.00,
                          "Plan Rows": 16,
                          "Plan Width": 59,
                          "Actual Startup Time": 2.483,
                          "Actual Total Time": 4.475,
                          "Actual Rows": 3,
                          "Actual Loops": 1,
                          "Filter": "(i_manufact_id = 783)",
                          "Rows Removed by Filter": 17997
                        }
                      ]
                    }
                  ]
                },
                {
                  "Node Type": "Hash",
                  "Parent Relationship": "Inner",
                  "Parallel Aware": false,
                  "Startup Cost": 2318.11,
                  "Total Cost": 2318.11,
                  "Plan Rows": 5827,
                  "Plan Width": 8,
                  "Actual Startup Time": 15.113,
                  "Actual Total Time": 15.113,
                  "Actual Rows": 6000,
                  "Actual Loops": 1,
                  "Hash Buckets": 8192,
                  "Original Hash Buckets": 8192,
                  "Hash Batches": 1,
                  "Original Hash Batches": 1,
                  "Peak Memory Usage": 299,
                  "Plans": [
                    {
                      "Node Type": "Seq Scan",
                      "Parent Relationship": "Outer",
                      "Parallel Aware": false,
                      "Relation Name": "date_dim",
                      "Alias": "dt",
                      "Startup Cost": 0.00,
                      "Total Cost": 2318.11,
                      "Plan Rows": 5827,
                      "Plan Width": 8,
                      "Actual Startup Time": 0.047,
                      "Actual Total Time": 13.887,
                      "Actual Rows": 6000,
                      "Actual Loops": 1,
                      "Filter": "(d_moy = 11)",
                      "Rows Removed by Filter": 67049
                    }
                  ]
                }
              ]
            }
          ]
        }
      ]
    },
    "Planning Time": 0.205,
    "Triggers": [
    ],
    "Execution Time": 604.161
  }
]
