[
  {
    "Plan": {
      "Node Type": "Unique",
      "Parallel Aware": false,
      "Startup Cost": 10000090504.23,
      "Total Cost": 10000090504.33,
      "Plan Rows": 20,
      "Plan Width": 32,
      "Actual Startup Time": 580.154,
      "Actual Total Time": 580.819,
      "Actual Rows": 109,
      "Actual Loops": 1,
      "Plans": [
        {
          "Node Type": "Sort",
          "Parent Relationship": "Outer",
          "Parallel Aware": false,
          "Startup Cost": 10000090504.23,
          "Total Cost": 10000090504.28,
          "Plan Rows": 20,
          "Plan Width": 32,
          "Actual Startup Time": 580.153,
          "Actual Total Time": 580.253,
          "Actual Rows": 1421,
          "Actual Loops": 1,
          "Sort Key": ["(ROW(dt.d_year, item.i_brand, item.i_brand_id))"],
          "Sort Method": "quicksort",
          "Sort Space Used": 248,
          "Sort Space Type": "Memory",
          "Plans": [
            {
              "Node Type": "Hash Join",
              "Parent Relationship": "Outer",
              "Parallel Aware": false,
              "Join Type": "Inner",
              "Startup Cost": 3966.13,
              "Total Cost": 90503.80,
              "Plan Rows": 20,
              "Plan Width": 32,
              "Actual Startup Time": 25.707,
              "Actual Total Time": 575.812,
              "Actual Rows": 1421,
              "Actual Loops": 1,
              "Hash Cond": "(store_sales.ss_item_sk = item.i_item_sk)",
              "Plans": [
                {
                  "Node Type": "Hash Join",
                  "Parent Relationship": "Outer",
                  "Parallel Aware": false,
                  "Join Type": "Inner",
                  "Startup Cost": 2501.12,
                  "Total Cost": 89034.41,
                  "Plan Rows": 1113,
                  "Plan Width": 8,
                  "Actual Startup Time": 19.611,
                  "Actual Total Time": 559.546,
                  "Actual Rows": 84160,
                  "Actual Loops": 1,
                  "Hash Cond": "(store_sales.ss_sold_date_sk = dt.d_date_sk)",
                  "Plans": [
                    {
                      "Node Type": "Seq Scan",
                      "Parent Relationship": "Outer",
                      "Parallel Aware": false,
                      "Relation Name": "store_sales",
                      "Alias": "store_sales",
                      "Startup Cost": 0.00,
                      "Total Cost": 76687.57,
                      "Plan Rows": 2622557,
                      "Plan Width": 8,
                      "Actual Startup Time": 0.052,
                      "Actual Total Time": 308.388,
                      "Actual Rows": 2485280,
                      "Actual Loops": 1
                    },
                    {
                      "Node Type": "Hash",
                      "Parent Relationship": "Inner",
                      "Parallel Aware": false,
                      "Startup Cost": 2500.73,
                      "Total Cost": 2500.73,
                      "Plan Rows": 31,
                      "Plan Width": 8,
                      "Actual Startup Time": 19.345,
                      "Actual Total Time": 19.346,
                      "Actual Rows": 31,
                      "Actual Loops": 1,
                      "Hash Buckets": 1024,
                      "Original Hash Buckets": 1024,
                      "Hash Batches": 1,
                      "Original Hash Batches": 1,
                      "Peak Memory Usage": 10,
                      "Plans": [
                        {
                          "Node Type": "Seq Scan",
                          "Parent Relationship": "Outer",
                          "Parallel Aware": false,
                          "Relation Name": "date_dim",
                          "Alias": "dt",
                          "Startup Cost": 0.00,
                          "Total Cost": 2500.73,
                          "Plan Rows": 31,
                          "Plan Width": 8,
                          "Actual Startup Time": 11.275,
                          "Actual Total Time": 19.335,
                          "Actual Rows": 31,
                          "Actual Loops": 1,
                          "Filter": "((d_moy = 12) AND (d_year = 2000))",
                          "Rows Removed by Filter": 73018
                        }
                      ]
                    }
                  ]
                },
                {
                  "Node Type": "Hash",
                  "Parent Relationship": "Inner",
                  "Parallel Aware": false,
                  "Startup Cost": 1461.00,
                  "Total Cost": 1461.00,
                  "Plan Rows": 321,
                  "Plan Width": 59,
                  "Actual Startup Time": 6.086,
                  "Actual Total Time": 6.086,
                  "Actual Rows": 321,
                  "Actual Loops": 1,
                  "Hash Buckets": 1024,
                  "Original Hash Buckets": 1024,
                  "Hash Batches": 1,
                  "Original Hash Batches": 1,
                  "Peak Memory Usage": 37,
                  "Plans": [
                    {
                      "Node Type": "Seq Scan",
                      "Parent Relationship": "Outer",
                      "Parallel Aware": false,
                      "Relation Name": "item",
                      "Alias": "item",
                      "Startup Cost": 0.00,
                      "Total Cost": 1461.00,
                      "Plan Rows": 321,
                      "Plan Width": 59,
                      "Actual Startup Time": 0.023,
                      "Actual Total Time": 5.946,
                      "Actual Rows": 321,
                      "Actual Loops": 1,
                      "Filter": "(i_manager_id = 1)",
                      "Rows Removed by Filter": 17679
                    }
                  ]
                }
              ]
            }
          ]
        }
      ]
    },
    "Planning Time": 0.242,
    "Triggers": [
    ],
    "Execution Time": 580.855
  }
]
