[
  {
    "Plan": {
      "Node Type": "Unique",
      "Parallel Aware": false,
      "Startup Cost": 10000090501.95,
      "Total Cost": 10000090502.00,
      "Plan Rows": 10,
      "Plan Width": 32,
      "Actual Startup Time": 860.155,
      "Actual Total Time": 860.612,
      "Actual Rows": 76,
      "Actual Loops": 1,
      "Plans": [
        {
          "Node Type": "Sort",
          "Parent Relationship": "Outer",
          "Parallel Aware": false,
          "Startup Cost": 10000090501.95,
          "Total Cost": 10000090501.98,
          "Plan Rows": 10,
          "Plan Width": 32,
          "Actual Startup Time": 860.154,
          "Actual Total Time": 860.245,
          "Actual Rows": 872,
          "Actual Loops": 1,
          "Sort Key": ["(ROW(item.i_brand, item.i_brand_id))"],
          "Sort Method": "quicksort",
          "Sort Space Used": 147,
          "Sort Space Type": "Memory",
          "Plans": [
            {
              "Node Type": "Hash Join",
              "Parent Relationship": "Outer",
              "Parallel Aware": false,
              "Join Type": "Inner",
              "Startup Cost": 3964.22,
              "Total Cost": 90501.79,
              "Plan Rows": 10,
              "Plan Width": 32,
              "Actual Startup Time": 27.208,
              "Actual Total Time": 856.570,
              "Actual Rows": 872,
              "Actual Loops": 1,
              "Hash Cond": "(store_sales.ss_item_sk = item.i_item_sk)",
              "Plans": [
                {
                  "Node Type": "Hash Join",
                  "Parent Relationship": "Outer",
                  "Parallel Aware": false,
                  "Join Type": "Inner",
                  "Startup Cost": 2501.12,
                  "Total Cost": 89034.41,
                  "Plan Rows": 1113,
                  "Plan Width": 4,
                  "Actual Startup Time": 17.685,
                  "Actual Total Time": 830.847,
                  "Actual Rows": 84165,
                  "Actual Loops": 1,
                  "Hash Cond": "(store_sales.ss_sold_date_sk = date_dim.d_date_sk)",
                  "Plans": [
                    {
                      "Node Type": "Seq Scan",
                      "Parent Relationship": "Outer",
                      "Parallel Aware": false,
                      "Relation Name": "store_sales",
                      "Alias": "store_sales",
                      "Startup Cost": 0.00,
                      "Total Cost": 76687.57,
                      "Plan Rows": 2622557,
                      "Plan Width": 8,
                      "Actual Startup Time": 0.021,
                      "Actual Total Time": 458.755,
                      "Actual Rows": 2485280,
                      "Actual Loops": 1
                    },
                    {
                      "Node Type": "Hash",
                      "Parent Relationship": "Inner",
                      "Parallel Aware": false,
                      "Startup Cost": 2500.73,
                      "Total Cost": 2500.73,
                      "Plan Rows": 31,
                      "Plan Width": 4,
                      "Actual Startup Time": 17.587,
                      "Actual Total Time": 17.587,
                      "Actual Rows": 31,
                      "Actual Loops": 1,
                      "Hash Buckets": 1024,
                      "Original Hash Buckets": 1024,
                      "Hash Batches": 1,
                      "Original Hash Batches": 1,
                      "Peak Memory Usage": 10,
                      "Plans": [
                        {
                          "Node Type": "Seq Scan",
                          "Parent Relationship": "Outer",
                          "Parallel Aware": false,
                          "Relation Name": "date_dim",
                          "Alias": "date_dim",
                          "Startup Cost": 0.00,
                          "Total Cost": 2500.73,
                          "Plan Rows": 31,
                          "Plan Width": 4,
                          "Actual Startup Time": 9.113,
                          "Actual Total Time": 17.578,
                          "Actual Rows": 31,
                          "Actual Loops": 1,
                          "Filter": "((d_moy = 12) AND (d_year = 2001))",
                          "Rows Removed by Filter": 73018
                        }
                      ]
                    }
                  ]
                },
                {
                  "Node Type": "Hash",
                  "Parent Relationship": "Inner",
                  "Parallel Aware": false,
                  "Startup Cost": 1461.00,
                  "Total Cost": 1461.00,
                  "Plan Rows": 168,
                  "Plan Width": 59,
                  "Actual Startup Time": 9.031,
                  "Actual Total Time": 9.031,
                  "Actual Rows": 168,
                  "Actual Loops": 1,
                  "Hash Buckets": 1024,
                  "Original Hash Buckets": 1024,
                  "Hash Batches": 1,
                  "Original Hash Batches": 1,
                  "Peak Memory Usage": 24,
                  "Plans": [
                    {
                      "Node Type": "Seq Scan",
                      "Parent Relationship": "Outer",
                      "Parallel Aware": false,
                      "Relation Name": "item",
                      "Alias": "item",
                      "Startup Cost": 0.00,
                      "Total Cost": 1461.00,
                      "Plan Rows": 168,
                      "Plan Width": 59,
                      "Actual Startup Time": 0.022,
                      "Actual Total Time": 8.943,
                      "Actual Rows": 168,
                      "Actual Loops": 1,
                      "Filter": "(i_manager_id = 40)",
                      "Rows Removed by Filter": 17832
                    }
                  ]
                }
              ]
            }
          ]
        }
      ]
    },
    "Planning Time": 0.344,
    "Triggers": [
    ],
    "Execution Time": 860.659
  }
]
