[
  {
    "Plan": {
      "Node Type": "Aggregate",
      "Strategy": "Hashed",
      "Partial Mode": "Simple",
      "Parallel Aware": false,
      "Startup Cost": 31231.88,
      "Total Cost": 31233.84,
      "Plan Rows": 196,
      "Plan Width": 4,
      "Actual Startup Time": 254.697,
      "Actual Total Time": 254.698,
      "Actual Rows": 2,
      "Actual Loops": 1,
      "Group Key": ["date_dim.d_year"],
      "Plans": [
        {
          "Node Type": "Hash Join",
          "Parent Relationship": "Outer",
          "Parallel Aware": false,
          "Join Type": "Inner",
          "Startup Cost": 2327.20,
          "Total Cost": 31213.99,
          "Plan Rows": 7156,
          "Plan Width": 4,
          "Actual Startup Time": 10.600,
          "Actual Total Time": 213.736,
          "Actual Rows": 257810,
          "Actual Loops": 1,
          "Hash Cond": "(web_sales.ws_sold_date_sk = date_dim.d_date_sk)",
          "Plans": [
            {
              "Node Type": "Seq Scan",
              "Parent Relationship": "Outer",
              "Parallel Aware": false,
              "Relation Name": "web_sales",
              "Alias": "web_sales",
              "Startup Cost": 0.00,
              "Total Cost": 26118.71,
              "Plan Rows": 719071,
              "Plan Width": 4,
              "Actual Startup Time": 0.035,
              "Actual Total Time": 99.811,
              "Actual Rows": 648065,
              "Actual Loops": 1
            },
            {
              "Node Type": "Hash",
              "Parent Relationship": "Inner",
              "Parallel Aware": false,
              "Startup Cost": 2318.11,
              "Total Cost": 2318.11,
              "Plan Rows": 727,
              "Plan Width": 8,
              "Actual Startup Time": 10.553,
              "Actual Total Time": 10.553,
              "Actual Rows": 730,
              "Actual Loops": 1,
              "Hash Buckets": 1024,
              "Original Hash Buckets": 1024,
              "Hash Batches": 1,
              "Original Hash Batches": 1,
              "Peak Memory Usage": 37,
              "Plans": [
                {
                  "Node Type": "Seq Scan",
                  "Parent Relationship": "Outer",
                  "Parallel Aware": false,
                  "Relation Name": "date_dim",
                  "Alias": "date_dim",
                  "Startup Cost": 0.00,
                  "Total Cost": 2318.11,
                  "Plan Rows": 727,
                  "Plan Width": 8,
                  "Actual Startup Time": 4.781,
                  "Actual Total Time": 10.440,
                  "Actual Rows": 730,
                  "Actual Loops": 1,
                  "Filter": "(d_year = ANY ('{1998,1999}'::integer[]))",
                  "Rows Removed by Filter": 72319
                }
              ]
            }
          ]
        }
      ]
    },
    "Planning Time": 0.100,
    "Triggers": [
    ],
    "Execution Time": 254.725
  }
]
