[
  {
    "Plan": {
      "Node Type": "Unique",
      "Parallel Aware": false,
      "Startup Cost": 10000062628.21,
      "Total Cost": 10000062669.63,
      "Plan Rows": 8285,
      "Plan Width": 32,
      "Actual Startup Time": 3199.920,
      "Actual Total Time": 4621.205,
      "Actual Rows": 11890,
      "Actual Loops": 1,
      "Plans": [
        {
          "Node Type": "Sort",
          "Parent Relationship": "Outer",
          "Parallel Aware": false,
          "Startup Cost": 10000062628.21,
          "Total Cost": 10000062648.92,
          "Plan Rows": 8285,
          "Plan Width": 32,
          "Actual Startup Time": 3199.918,
          "Actual Total Time": 4447.681,
          "Actual Rows": 327470,
          "Actual Loops": 1,
          "Sort Key": ["(ROW(item.i_category, item.i_brand, date_dim.d_year, date_dim.d_moy))"],
          "Sort Method": "external merge",
          "Sort Space Used": 46592,
          "Sort Space Type": "Disk",
          "Plans": [
            {
              "Node Type": "Hash Join",
              "Parent Relationship": "Outer",
              "Parallel Aware": false,
              "Join Type": "Inner",
              "Startup Cost": 4694.90,
              "Total Cost": 62089.01,
              "Plan Rows": 8285,
              "Plan Width": 32,
              "Actual Startup Time": 23.466,
              "Actual Total Time": 653.429,
              "Actual Rows": 327470,
              "Actual Loops": 1,
              "Hash Cond": "(catalog_sales.cs_item_sk = item.i_item_sk)",
              "Plans": [
                {
                  "Node Type": "Hash Join",
                  "Parent Relationship": "Outer",
                  "Parallel Aware": false,
                  "Join Type": "Inner",
                  "Startup Cost": 3053.90,
                  "Total Cost": 60334.09,
                  "Plan Rows": 8285,
                  "Plan Width": 12,
                  "Actual Startup Time": 14.367,
                  "Actual Total Time": 434.456,
                  "Actual Rows": 327470,
                  "Actual Loops": 1,
                  "Hash Cond": "(catalog_sales.cs_sold_date_sk = date_dim.d_date_sk)",
                  "Plans": [
                    {
                      "Node Type": "Seq Scan",
                      "Parent Relationship": "Outer",
                      "Parallel Aware": false,
                      "Relation Name": "catalog_sales",
                      "Alias": "catalog_sales",
                      "Startup Cost": 0.00,
                      "Total Cost": 51844.70,
                      "Plan Rows": 1427370,
                      "Plan Width": 8,
                      "Actual Startup Time": 0.015,
                      "Actual Total Time": 212.496,
                      "Actual Rows": 1343425,
                      "Actual Loops": 1
                    },
                    {
                      "Node Type": "Hash",
                      "Parent Relationship": "Inner",
                      "Parallel Aware": false,
                      "Startup Cost": 3048.60,
                      "Total Cost": 3048.60,
                      "Plan Rows": 424,
                      "Plan Width": 12,
                      "Actual Startup Time": 14.342,
                      "Actual Total Time": 14.342,
                      "Actual Rows": 427,
                      "Actual Loops": 1,
                      "Hash Buckets": 1024,
                      "Original Hash Buckets": 1024,
                      "Hash Batches": 1,
                      "Original Hash Batches": 1,
                      "Peak Memory Usage": 27,
                      "Plans": [
                        {
                          "Node Type": "Seq Scan",
                          "Parent Relationship": "Outer",
                          "Parallel Aware": false,
                          "Relation Name": "date_dim",
                          "Alias": "date_dim",
                          "Startup Cost": 0.00,
                          "Total Cost": 3048.60,
                          "Plan Rows": 424,
                          "Plan Width": 12,
                          "Actual Startup Time": 6.944,
                          "Actual Total Time": 14.288,
                          "Actual Rows": 427,
                          "Actual Loops": 1,
                          "Filter": "((d_year = 1999) OR ((d_year = 1998) AND (d_moy = 12)) OR ((d_year = 2000) AND (d_moy = 1)))",
                          "Rows Removed by Filter": 72622
                        }
                      ]
                    }
                  ]
                },
                {
                  "Node Type": "Hash",
                  "Parent Relationship": "Inner",
                  "Parallel Aware": false,
                  "Startup Cost": 1416.00,
                  "Total Cost": 1416.00,
                  "Plan Rows": 18000,
                  "Plan Width": 106,
                  "Actual Startup Time": 9.077,
                  "Actual Total Time": 9.077,
                  "Actual Rows": 18000,
                  "Actual Loops": 1,
                  "Hash Buckets": 32768,
                  "Original Hash Buckets": 32768,
                  "Hash Batches": 1,
                  "Original Hash Batches": 1,
                  "Peak Memory Usage": 2713,
                  "Plans": [
                    {
                      "Node Type": "Seq Scan",
                      "Parent Relationship": "Outer",
                      "Parallel Aware": false,
                      "Relation Name": "item",
                      "Alias": "item",
                      "Startup Cost": 0.00,
                      "Total Cost": 1416.00,
                      "Plan Rows": 18000,
                      "Plan Width": 106,
                      "Actual Startup Time": 0.007,
                      "Actual Total Time": 5.371,
                      "Actual Rows": 18000,
                      "Actual Loops": 1
                    }
                  ]
                }
              ]
            }
          ]
        }
      ]
    },
    "Planning Time": 0.222,
    "Triggers": [
    ],
    "Execution Time": 4627.916
  }
]
