[
  {
    "Plan": {
      "Node Type": "Unique",
      "Parallel Aware": false,
      "Startup Cost": 10000062671.19,
      "Total Cost": 10000062742.51,
      "Plan Rows": 1800,
      "Plan Width": 32,
      "Actual Startup Time": 3929.927,
      "Actual Total Time": 5160.614,
      "Actual Rows": 3837,
      "Actual Loops": 1,
      "Plans": [
        {
          "Node Type": "Sort",
          "Parent Relationship": "Outer",
          "Parallel Aware": false,
          "Startup Cost": 10000062671.19,
          "Total Cost": 10000062706.85,
          "Plan Rows": 14264,
          "Plan Width": 32,
          "Actual Startup Time": 3929.927,
          "Actual Total Time": 4893.156,
          "Actual Rows": 805817,
          "Actual Loops": 1,
          "Sort Key": ["(ROW(ics.i_brand_id, ics.i_class_id, ics.i_category_id))"],
          "Sort Method": "external merge",
          "Sort Space Used": 33800,
          "Sort Space Type": "Disk",
          "Plans": [
            {
              "Node Type": "Hash Join",
              "Parent Relationship": "Outer",
              "Parallel Aware": false,
              "Join Type": "Inner",
              "Startup Cost": 4150.86,
              "Total Cost": 61686.97,
              "Plan Rows": 14264,
              "Plan Width": 32,
              "Actual Startup Time": 20.758,
              "Actual Total Time": 931.106,
              "Actual Rows": 805817,
              "Actual Loops": 1,
              "Hash Cond": "(catalog_sales.cs_item_sk = ics.i_item_sk)",
              "Plans": [
                {
                  "Node Type": "Hash Join",
                  "Parent Relationship": "Outer",
                  "Parallel Aware": false,
                  "Join Type": "Inner",
                  "Startup Cost": 2509.86,
                  "Total Cost": 59849.84,
                  "Plan Rows": 14264,
                  "Plan Width": 4,
                  "Actual Startup Time": 11.605,
                  "Actual Total Time": 529.872,
                  "Actual Rows": 805817,
                  "Actual Loops": 1,
                  "Hash Cond": "(catalog_sales.cs_sold_date_sk = d2.d_date_sk)",
                  "Plans": [
                    {
                      "Node Type": "Seq Scan",
                      "Parent Relationship": "Outer",
                      "Parallel Aware": false,
                      "Relation Name": "catalog_sales",
                      "Alias": "catalog_sales",
                      "Startup Cost": 0.00,
                      "Total Cost": 51844.70,
                      "Plan Rows": 1427370,
                      "Plan Width": 8,
                      "Actual Startup Time": 0.024,
                      "Actual Total Time": 217.756,
                      "Actual Rows": 1343425,
                      "Actual Loops": 1
                    },
                    {
                      "Node Type": "Hash",
                      "Parent Relationship": "Inner",
                      "Parallel Aware": false,
                      "Startup Cost": 2500.73,
                      "Total Cost": 2500.73,
                      "Plan Rows": 730,
                      "Plan Width": 4,
                      "Actual Startup Time": 11.568,
                      "Actual Total Time": 11.568,
                      "Actual Rows": 1096,
                      "Actual Loops": 1,
                      "Hash Buckets": 2048,
                      "Original Hash Buckets": 1024,
                      "Hash Batches": 1,
                      "Original Hash Batches": 1,
                      "Peak Memory Usage": 55,
                      "Plans": [
                        {
                          "Node Type": "Seq Scan",
                          "Parent Relationship": "Outer",
                          "Parallel Aware": false,
                          "Relation Name": "date_dim",
                          "Alias": "d2",
                          "Startup Cost": 0.00,
                          "Total Cost": 2500.73,
                          "Plan Rows": 730,
                          "Plan Width": 4,
                          "Actual Startup Time": 4.598,
                          "Actual Total Time": 11.423,
                          "Actual Rows": 1096,
                          "Actual Loops": 1,
                          "Filter": "((d_year >= 1999) AND (d_year <= 2001))",
                          "Rows Removed by Filter": 71953
                        }
                      ]
                    }
                  ]
                },
                {
                  "Node Type": "Hash",
                  "Parent Relationship": "Inner",
                  "Parallel Aware": false,
                  "Startup Cost": 1416.00,
                  "Total Cost": 1416.00,
                  "Plan Rows": 18000,
                  "Plan Width": 16,
                  "Actual Startup Time": 9.125,
                  "Actual Total Time": 9.125,
                  "Actual Rows": 18000,
                  "Actual Loops": 1,
                  "Hash Buckets": 32768,
                  "Original Hash Buckets": 32768,
                  "Hash Batches": 1,
                  "Original Hash Batches": 1,
                  "Peak Memory Usage": 1100,
                  "Plans": [
                    {
                      "Node Type": "Seq Scan",
                      "Parent Relationship": "Outer",
                      "Parallel Aware": false,
                      "Relation Name": "item",
                      "Alias": "ics",
                      "Startup Cost": 0.00,
                      "Total Cost": 1416.00,
                      "Plan Rows": 18000,
                      "Plan Width": 16,
                      "Actual Startup Time": 0.004,
                      "Actual Total Time": 5.685,
                      "Actual Rows": 18000,
                      "Actual Loops": 1
                    }
                  ]
                }
              ]
            }
          ]
        }
      ]
    },
    "Planning Time": 0.167,
    "Triggers": [
    ],
    "Execution Time": 5165.741
  }
]
