[
  {
    "Plan": {
      "Node Type": "Unique",
      "Parallel Aware": false,
      "Startup Cost": 10000033597.05,
      "Total Cost": 10000033632.98,
      "Plan Rows": 1800,
      "Plan Width": 32,
      "Actual Startup Time": 1760.168,
      "Actual Total Time": 2554.191,
      "Actual Rows": 3837,
      "Actual Loops": 1,
      "Plans": [
        {
          "Node Type": "Sort",
          "Parent Relationship": "Outer",
          "Parallel Aware": false,
          "Startup Cost": 10000033597.05,
          "Total Cost": 10000033615.02,
          "Plan Rows": 7186,
          "Plan Width": 32,
          "Actual Startup Time": 1760.167,
          "Actual Total Time": 2403.154,
          "Actual Rows": 390147,
          "Actual Loops": 1,
          "Sort Key": ["(ROW(iws.i_brand_id, iws.i_class_id, iws.i_category_id))"],
          "Sort Method": "external merge",
          "Sort Space Used": 16344,
          "Sort Space Type": "Disk",
          "Plans": [
            {
              "Node Type": "Hash Join",
              "Parent Relationship": "Outer",
              "Parallel Aware": false,
              "Join Type": "Inner",
              "Startup Cost": 4150.86,
              "Total Cost": 33136.75,
              "Plan Rows": 7186,
              "Plan Width": 32,
              "Actual Startup Time": 25.341,
              "Actual Total Time": 477.830,
              "Actual Rows": 390147,
              "Actual Loops": 1,
              "Hash Cond": "(web_sales.ws_item_sk = iws.i_item_sk)",
              "Plans": [
                {
                  "Node Type": "Hash Join",
                  "Parent Relationship": "Outer",
                  "Parallel Aware": false,
                  "Join Type": "Inner",
                  "Startup Cost": 2509.86,
                  "Total Cost": 31396.95,
                  "Plan Rows": 7186,
                  "Plan Width": 4,
                  "Actual Startup Time": 12.799,
                  "Actual Total Time": 258.688,
                  "Actual Rows": 390147,
                  "Actual Loops": 1,
                  "Hash Cond": "(web_sales.ws_sold_date_sk = d3.d_date_sk)",
                  "Plans": [
                    {
                      "Node Type": "Seq Scan",
                      "Parent Relationship": "Outer",
                      "Parallel Aware": false,
                      "Relation Name": "web_sales",
                      "Alias": "web_sales",
                      "Startup Cost": 0.00,
                      "Total Cost": 26118.71,
                      "Plan Rows": 719071,
                      "Plan Width": 8,
                      "Actual Startup Time": 0.055,
                      "Actual Total Time": 108.475,
                      "Actual Rows": 648065,
                      "Actual Loops": 1
                    },
                    {
                      "Node Type": "Hash",
                      "Parent Relationship": "Inner",
                      "Parallel Aware": false,
                      "Startup Cost": 2500.73,
                      "Total Cost": 2500.73,
                      "Plan Rows": 730,
                      "Plan Width": 4,
                      "Actual Startup Time": 12.724,
                      "Actual Total Time": 12.724,
                      "Actual Rows": 1096,
                      "Actual Loops": 1,
                      "Hash Buckets": 2048,
                      "Original Hash Buckets": 1024,
                      "Hash Batches": 1,
                      "Original Hash Batches": 1,
                      "Peak Memory Usage": 55,
                      "Plans": [
                        {
                          "Node Type": "Seq Scan",
                          "Parent Relationship": "Outer",
                          "Parallel Aware": false,
                          "Relation Name": "date_dim",
                          "Alias": "d3",
                          "Startup Cost": 0.00,
                          "Total Cost": 2500.73,
                          "Plan Rows": 730,
                          "Plan Width": 4,
                          "Actual Startup Time": 5.833,
                          "Actual Total Time": 12.578,
                          "Actual Rows": 1096,
                          "Actual Loops": 1,
                          "Filter": "((d_year >= 1999) AND (d_year <= 2001))",
                          "Rows Removed by Filter": 71953
                        }
                      ]
                    }
                  ]
                },
                {
                  "Node Type": "Hash",
                  "Parent Relationship": "Inner",
                  "Parallel Aware": false,
                  "Startup Cost": 1416.00,
                  "Total Cost": 1416.00,
                  "Plan Rows": 18000,
                  "Plan Width": 16,
                  "Actual Startup Time": 12.526,
                  "Actual Total Time": 12.526,
                  "Actual Rows": 18000,
                  "Actual Loops": 1,
                  "Hash Buckets": 32768,
                  "Original Hash Buckets": 32768,
                  "Hash Batches": 1,
                  "Original Hash Batches": 1,
                  "Peak Memory Usage": 1100,
                  "Plans": [
                    {
                      "Node Type": "Seq Scan",
                      "Parent Relationship": "Outer",
                      "Parallel Aware": false,
                      "Relation Name": "item",
                      "Alias": "iws",
                      "Startup Cost": 0.00,
                      "Total Cost": 1416.00,
                      "Plan Rows": 18000,
                      "Plan Width": 16,
                      "Actual Startup Time": 0.005,
                      "Actual Total Time": 7.651,
                      "Actual Rows": 18000,
                      "Actual Loops": 1
                    }
                  ]
                }
              ]
            }
          ]
        }
      ]
    },
    "Planning Time": 0.218,
    "Triggers": [
    ],
    "Execution Time": 2557.935
  }
]
