[
  {
    "Plan": {
      "Node Type": "Aggregate",
      "Strategy": "Hashed",
      "Partial Mode": "Simple",
      "Parallel Aware": false,
      "Startup Cost": 32813.32,
      "Total Cost": 32813.47,
      "Plan Rows": 15,
      "Plan Width": 17,
      "Actual Startup Time": 162.805,
      "Actual Total Time": 162.807,
      "Actual Rows": 15,
      "Actual Loops": 1,
      "Group Key": ["web_site.web_site_id"],
      "Plans": [
        {
          "Node Type": "Hash Join",
          "Parent Relationship": "Outer",
          "Parallel Aware": false,
          "Join Type": "Inner",
          "Startup Cost": 3993.36,
          "Total Cost": 32813.28,
          "Plan Rows": 17,
          "Plan Width": 17,
          "Actual Startup Time": 14.732,
          "Actual Total Time": 162.421,
          "Actual Rows": 800,
          "Actual Loops": 1,
          "Hash Cond": "(web_sales.ws_promo_sk = promotion.p_promo_sk)",
          "Plans": [
            {
              "Node Type": "Hash Join",
              "Parent Relationship": "Outer",
              "Parallel Aware": false,
              "Join Type": "Inner",
              "Startup Cost": 3977.93,
              "Total Cost": 32797.62,
              "Plan Rows": 17,
              "Plan Width": 21,
              "Actual Startup Time": 14.609,
              "Actual Total Time": 161.888,
              "Actual Rows": 814,
              "Actual Loops": 1,
              "Hash Cond": "(web_sales.ws_web_site_sk = web_site.web_site_sk)",
              "Plans": [
                {
                  "Node Type": "Hash Join",
                  "Parent Relationship": "Outer",
                  "Parallel Aware": false,
                  "Join Type": "Inner",
                  "Startup Cost": 3975.26,
                  "Total Cost": 32794.71,
                  "Plan Rows": 17,
                  "Plan Width": 8,
                  "Actual Startup Time": 14.592,
                  "Actual Total Time": 161.522,
                  "Actual Rows": 814,
                  "Actual Loops": 1,
                  "Hash Cond": "(web_sales.ws_item_sk = item.i_item_sk)",
                  "Plans": [
                    {
                      "Node Type": "Hash Join",
                      "Parent Relationship": "Outer",
                      "Parallel Aware": false,
                      "Join Type": "Inner",
                      "Startup Cost": 2501.11,
                      "Total Cost": 31319.29,
                      "Plan Rows": 295,
                      "Plan Width": 12,
                      "Actual Startup Time": 8.795,
                      "Actual Total Time": 153.676,
                      "Actual Rows": 14313,
                      "Actual Loops": 1,
                      "Hash Cond": "(web_sales.ws_sold_date_sk = date_dim.d_date_sk)",
                      "Plans": [
                        {
                          "Node Type": "Seq Scan",
                          "Parent Relationship": "Outer",
                          "Parallel Aware": false,
                          "Relation Name": "web_sales",
                          "Alias": "web_sales",
                          "Startup Cost": 0.00,
                          "Total Cost": 26118.71,
                          "Plan Rows": 719071,
                          "Plan Width": 16,
                          "Actual Startup Time": 0.012,
                          "Actual Total Time": 88.727,
                          "Actual Rows": 648065,
                          "Actual Loops": 1
                        },
                        {
                          "Node Type": "Hash",
                          "Parent Relationship": "Inner",
                          "Parallel Aware": false,
                          "Startup Cost": 2500.73,
                          "Total Cost": 2500.73,
                          "Plan Rows": 30,
                          "Plan Width": 4,
                          "Actual Startup Time": 8.741,
                          "Actual Total Time": 8.741,
                          "Actual Rows": 32,
                          "Actual Loops": 1,
                          "Hash Buckets": 1024,
                          "Original Hash Buckets": 1024,
                          "Hash Batches": 1,
                          "Original Hash Batches": 1,
                          "Peak Memory Usage": 10,
                          "Plans": [
                            {
                              "Node Type": "Seq Scan",
                              "Parent Relationship": "Outer",
                              "Parallel Aware": false,
                              "Relation Name": "date_dim",
                              "Alias": "date_dim",
                              "Startup Cost": 0.00,
                              "Total Cost": 2500.73,
                              "Plan Rows": 30,
                              "Plan Width": 4,
                              "Actual Startup Time": 3.870,
                              "Actual Total Time": 8.738,
                              "Actual Rows": 32,
                              "Actual Loops": 1,
                              "Filter": "((d_date >= '1999-08-25'::date) AND (d_date <= '1999-09-25'::date))",
                              "Rows Removed by Filter": 73017
                            }
                          ]
                        }
                      ]
                    },
                    {
                      "Node Type": "Hash",
                      "Parent Relationship": "Inner",
                      "Parallel Aware": false,
                      "Startup Cost": 1461.00,
                      "Total Cost": 1461.00,
                      "Plan Rows": 1052,
                      "Plan Width": 4,
                      "Actual Startup Time": 5.518,
                      "Actual Total Time": 5.518,
                      "Actual Rows": 1055,
                      "Actual Loops": 1,
                      "Hash Buckets": 2048,
                      "Original Hash Buckets": 2048,
                      "Hash Batches": 1,
                      "Original Hash Batches": 1,
                      "Peak Memory Usage": 54,
                      "Plans": [
                        {
                          "Node Type": "Seq Scan",
                          "Parent Relationship": "Outer",
                          "Parallel Aware": false,
                          "Relation Name": "item",
                          "Alias": "item",
                          "Startup Cost": 0.00,
                          "Total Cost": 1461.00,
                          "Plan Rows": 1052,
                          "Plan Width": 4,
                          "Actual Startup Time": 0.007,
                          "Actual Total Time": 5.320,
                          "Actual Rows": 1055,
                          "Actual Loops": 1,
                          "Filter": "(i_current_price > '50'::numeric)",
                          "Rows Removed by Filter": 16945
                        }
                      ]
                    }
                  ]
                },
                {
                  "Node Type": "Hash",
                  "Parent Relationship": "Inner",
                  "Parallel Aware": false,
                  "Startup Cost": 2.30,
                  "Total Cost": 2.30,
                  "Plan Rows": 30,
                  "Plan Width": 21,
                  "Actual Startup Time": 0.014,
                  "Actual Total Time": 0.014,
                  "Actual Rows": 30,
                  "Actual Loops": 1,
                  "Hash Buckets": 1024,
                  "Original Hash Buckets": 1024,
                  "Hash Batches": 1,
                  "Original Hash Batches": 1,
                  "Peak Memory Usage": 10,
                  "Plans": [
                    {
                      "Node Type": "Seq Scan",
                      "Parent Relationship": "Outer",
                      "Parallel Aware": false,
                      "Relation Name": "web_site",
                      "Alias": "web_site",
                      "Startup Cost": 0.00,
                      "Total Cost": 2.30,
                      "Plan Rows": 30,
                      "Plan Width": 21,
                      "Actual Startup Time": 0.003,
                      "Actual Total Time": 0.008,
                      "Actual Rows": 30,
                      "Actual Loops": 1
                    }
                  ]
                }
              ]
            },
            {
              "Node Type": "Hash",
              "Parent Relationship": "Inner",
              "Parallel Aware": false,
              "Startup Cost": 11.75,
              "Total Cost": 11.75,
              "Plan Rows": 294,
              "Plan Width": 4,
              "Actual Startup Time": 0.120,
              "Actual Total Time": 0.120,
              "Actual Rows": 294,
              "Actual Loops": 1,
              "Hash Buckets": 1024,
              "Original Hash Buckets": 1024,
              "Hash Batches": 1,
              "Original Hash Batches": 1,
              "Peak Memory Usage": 19,
              "Plans": [
                {
                  "Node Type": "Seq Scan",
                  "Parent Relationship": "Outer",
                  "Parallel Aware": false,
                  "Relation Name": "promotion",
                  "Alias": "promotion",
                  "Startup Cost": 0.00,
                  "Total Cost": 11.75,
                  "Plan Rows": 294,
                  "Plan Width": 4,
                  "Actual Startup Time": 0.007,
                  "Actual Total Time": 0.085,
                  "Actual Rows": 294,
                  "Actual Loops": 1,
                  "Filter": "(p_channel_tv = 'N'::bpchar)",
                  "Rows Removed by Filter": 6
                }
              ]
            }
          ]
        }
      ]
    },
    "Planning Time": 17.694,
    "Triggers": [
    ],
    "Execution Time": 162.849
  }
]
