[
  {
    "Plan": {
      "Node Type": "Aggregate",
      "Strategy": "Hashed",
      "Partial Mode": "Simple",
      "Parallel Aware": false,
      "Startup Cost": 89182.49,
      "Total Cost": 89185.90,
      "Plan Rows": 341,
      "Plan Width": 4,
      "Actual Startup Time": 682.422,
      "Actual Total Time": 682.426,
      "Actual Rows": 53,
      "Actual Loops": 1,
      "Group Key": ["date_dim.d_week_seq"],
      "Plans": [
        {
          "Node Type": "Hash Join",
          "Parent Relationship": "Outer",
          "Parallel Aware": false,
          "Join Type": "Inner",
          "Startup Cost": 2505.06,
          "Total Cost": 89151.44,
          "Plan Rows": 12422,
          "Plan Width": 4,
          "Actual Startup Time": 9.088,
          "Actual Total Time": 606.561,
          "Actual Rows": 496547,
          "Actual Loops": 1,
          "Hash Cond": "(store_sales.ss_sold_date_sk = date_dim.d_date_sk)",
          "Plans": [
            {
              "Node Type": "Seq Scan",
              "Parent Relationship": "Outer",
              "Parallel Aware": false,
              "Relation Name": "store_sales",
              "Alias": "store_sales",
              "Startup Cost": 0.00,
              "Total Cost": 76687.57,
              "Plan Rows": 2622557,
              "Plan Width": 4,
              "Actual Startup Time": 0.024,
              "Actual Total Time": 307.097,
              "Actual Rows": 2485280,
              "Actual Loops": 1
            },
            {
              "Node Type": "Hash",
              "Parent Relationship": "Inner",
              "Parallel Aware": false,
              "Startup Cost": 2500.73,
              "Total Cost": 2500.73,
              "Plan Rows": 346,
              "Plan Width": 8,
              "Actual Startup Time": 9.052,
              "Actual Total Time": 9.052,
              "Actual Rows": 366,
              "Actual Loops": 1,
              "Hash Buckets": 1024,
              "Original Hash Buckets": 1024,
              "Hash Batches": 1,
              "Original Hash Batches": 1,
              "Peak Memory Usage": 23,
              "Plans": [
                {
                  "Node Type": "Seq Scan",
                  "Parent Relationship": "Outer",
                  "Parallel Aware": false,
                  "Relation Name": "date_dim",
                  "Alias": "date_dim",
                  "Startup Cost": 0.00,
                  "Total Cost": 2500.73,
                  "Plan Rows": 346,
                  "Plan Width": 8,
                  "Actual Startup Time": 4.056,
                  "Actual Total Time": 9.000,
                  "Actual Rows": 366,
                  "Actual Loops": 1,
                  "Filter": "((d_month_seq >= 1196) AND (d_month_seq <= 1207))",
                  "Rows Removed by Filter": 72683
                }
              ]
            }
          ]
        }
      ]
    },
    "Planning Time": 0.141,
    "Triggers": [
    ],
    "Execution Time": 682.457
  }
]
