[
  {
    "Plan": {
      "Node Type": "Aggregate",
      "Strategy": "Hashed",
      "Partial Mode": "Simple",
      "Parallel Aware": false,
      "Startup Cost": 33557.42,
      "Total Cost": 33566.48,
      "Plan Rows": 906,
      "Plan Width": 22,
      "Actual Startup Time": 203.282,
      "Actual Total Time": 203.463,
      "Actual Rows": 1193,
      "Actual Loops": 1,
      "Group Key": ["customer_address.ca_county", "date_dim.d_qoy", "date_dim.d_year"],
      "Plans": [
        {
          "Node Type": "Hash Join",
          "Parent Relationship": "Outer",
          "Parallel Aware": false,
          "Join Type": "Inner",
          "Startup Cost": 4713.89,
          "Total Cost": 33550.63,
          "Plan Rows": 906,
          "Plan Width": 22,
          "Actual Startup Time": 33.971,
          "Actual Total Time": 193.546,
          "Actual Rows": 33578,
          "Actual Loops": 1,
          "Hash Cond": "(web_sales.ws_bill_addr_sk = customer_address.ca_address_sk)",
          "Plans": [
            {
              "Node Type": "Hash Join",
              "Parent Relationship": "Outer",
              "Parallel Aware": false,
              "Join Type": "Inner",
              "Startup Cost": 2501.88,
              "Total Cost": 31326.17,
              "Plan Rows": 906,
              "Plan Width": 12,
              "Actual Startup Time": 11.498,
              "Actual Total Time": 162.844,
              "Actual Rows": 33579,
              "Actual Loops": 1,
              "Hash Cond": "(web_sales.ws_sold_date_sk = date_dim.d_date_sk)",
              "Plans": [
                {
                  "Node Type": "Seq Scan",
                  "Parent Relationship": "Outer",
                  "Parallel Aware": false,
                  "Relation Name": "web_sales",
                  "Alias": "web_sales",
                  "Startup Cost": 0.00,
                  "Total Cost": 26118.71,
                  "Plan Rows": 719071,
                  "Plan Width": 8,
                  "Actual Startup Time": 0.014,
                  "Actual Total Time": 90.763,
                  "Actual Rows": 648065,
                  "Actual Loops": 1
                },
                {
                  "Node Type": "Hash",
                  "Parent Relationship": "Inner",
                  "Parallel Aware": false,
                  "Startup Cost": 2500.73,
                  "Total Cost": 2500.73,
                  "Plan Rows": 92,
                  "Plan Width": 12,
                  "Actual Startup Time": 11.472,
                  "Actual Total Time": 11.472,
                  "Actual Rows": 92,
                  "Actual Loops": 1,
                  "Hash Buckets": 1024,
                  "Original Hash Buckets": 1024,
                  "Hash Batches": 1,
                  "Original Hash Batches": 1,
                  "Peak Memory Usage": 12,
                  "Plans": [
                    {
                      "Node Type": "Seq Scan",
                      "Parent Relationship": "Outer",
                      "Parallel Aware": false,
                      "Relation Name": "date_dim",
                      "Alias": "date_dim",
                      "Startup Cost": 0.00,
                      "Total Cost": 2500.73,
                      "Plan Rows": 92,
                      "Plan Width": 12,
                      "Actual Startup Time": 6.209,
                      "Actual Total Time": 11.459,
                      "Actual Rows": 92,
                      "Actual Loops": 1,
                      "Filter": "((d_qoy = 3) AND (d_year = 2000))",
                      "Rows Removed by Filter": 72957
                    }
                  ]
                }
              ]
            },
            {
              "Node Type": "Hash",
              "Parent Relationship": "Inner",
              "Parallel Aware": false,
              "Startup Cost": 1587.00,
              "Total Cost": 1587.00,
              "Plan Rows": 50000,
              "Plan Width": 18,
              "Actual Startup Time": 22.437,
              "Actual Total Time": 22.437,
              "Actual Rows": 50000,
              "Actual Loops": 1,
              "Hash Buckets": 65536,
              "Original Hash Buckets": 65536,
              "Hash Batches": 1,
              "Original Hash Batches": 1,
              "Peak Memory Usage": 3052,
              "Plans": [
                {
                  "Node Type": "Seq Scan",
                  "Parent Relationship": "Outer",
                  "Parallel Aware": false,
                  "Relation Name": "customer_address",
                  "Alias": "customer_address",
                  "Startup Cost": 0.00,
                  "Total Cost": 1587.00,
                  "Plan Rows": 50000,
                  "Plan Width": 18,
                  "Actual Startup Time": 0.009,
                  "Actual Total Time": 10.747,
                  "Actual Rows": 50000,
                  "Actual Loops": 1
                }
              ]
            }
          ]
        }
      ]
    },
    "Planning Time": 0.297,
    "Triggers": [
    ],
    "Execution Time": 203.586
  }
]
