[
  {
    "Plan": {
      "Node Type": "Aggregate",
      "Strategy": "Hashed",
      "Partial Mode": "Simple",
      "Parallel Aware": false,
      "Startup Cost": 90489.20,
      "Total Cost": 90491.71,
      "Plan Rows": 251,
      "Plan Width": 12,
      "Actual Startup Time": 656.739,
      "Actual Total Time": 657.171,
      "Actual Rows": 3261,
      "Actual Loops": 1,
      "Group Key": ["item.i_brand_id", "item.i_class_id", "item.i_category_id"],
      "Plans": [
        {
          "Node Type": "Hash Join",
          "Parent Relationship": "Outer",
          "Parallel Aware": false,
          "Join Type": "Inner",
          "Startup Cost": 3959.20,
          "Total Cost": 90487.32,
          "Plan Rows": 251,
          "Plan Width": 12,
          "Actual Startup Time": 29.486,
          "Actual Total Time": 646.618,
          "Actual Rows": 18919,
          "Actual Loops": 1,
          "Hash Cond": "(store_sales.ss_item_sk = item.i_item_sk)",
          "Plans": [
            {
              "Node Type": "Hash Join",
              "Parent Relationship": "Outer",
              "Parallel Aware": false,
              "Join Type": "Inner",
              "Startup Cost": 2318.20,
              "Total Cost": 88842.87,
              "Plan Rows": 251,
              "Plan Width": 4,
              "Actual Startup Time": 16.545,
              "Actual Total Time": 623.245,
              "Actual Rows": 18919,
              "Actual Loops": 1,
              "Hash Cond": "(store_sales.ss_sold_date_sk = date_dim.d_date_sk)",
              "Plans": [
                {
                  "Node Type": "Seq Scan",
                  "Parent Relationship": "Outer",
                  "Parallel Aware": false,
                  "Relation Name": "store_sales",
                  "Alias": "store_sales",
                  "Startup Cost": 0.00,
                  "Total Cost": 76687.57,
                  "Plan Rows": 2622557,
                  "Plan Width": 8,
                  "Actual Startup Time": 0.015,
                  "Actual Total Time": 360.941,
                  "Actual Rows": 2485280,
                  "Actual Loops": 1
                },
                {
                  "Node Type": "Hash",
                  "Parent Relationship": "Inner",
                  "Parallel Aware": false,
                  "Startup Cost": 2318.11,
                  "Total Cost": 2318.11,
                  "Plan Rows": 7,
                  "Plan Width": 4,
                  "Actual Startup Time": 16.267,
                  "Actual Total Time": 16.267,
                  "Actual Rows": 7,
                  "Actual Loops": 1,
                  "Hash Buckets": 1024,
                  "Original Hash Buckets": 1024,
                  "Hash Batches": 1,
                  "Original Hash Batches": 1,
                  "Peak Memory Usage": 9,
                  "Plans": [
                    {
                      "Node Type": "Seq Scan",
                      "Parent Relationship": "Outer",
                      "Parallel Aware": false,
                      "Relation Name": "date_dim",
                      "Alias": "date_dim",
                      "Startup Cost": 0.00,
                      "Total Cost": 2318.11,
                      "Plan Rows": 7,
                      "Plan Width": 4,
                      "Actual Startup Time": 4.689,
                      "Actual Total Time": 16.262,
                      "Actual Rows": 7,
                      "Actual Loops": 1,
                      "Filter": "(d_week_seq = 5320)",
                      "Rows Removed by Filter": 73042
                    }
                  ]
                }
              ]
            },
            {
              "Node Type": "Hash",
              "Parent Relationship": "Inner",
              "Parallel Aware": false,
              "Startup Cost": 1416.00,
              "Total Cost": 1416.00,
              "Plan Rows": 18000,
              "Plan Width": 16,
              "Actual Startup Time": 12.925,
              "Actual Total Time": 12.925,
              "Actual Rows": 18000,
              "Actual Loops": 1,
              "Hash Buckets": 32768,
              "Original Hash Buckets": 32768,
              "Hash Batches": 1,
              "Original Hash Batches": 1,
              "Peak Memory Usage": 1100,
              "Plans": [
                {
                  "Node Type": "Seq Scan",
                  "Parent Relationship": "Outer",
                  "Parallel Aware": false,
                  "Relation Name": "item",
                  "Alias": "item",
                  "Startup Cost": 0.00,
                  "Total Cost": 1416.00,
                  "Plan Rows": 18000,
                  "Plan Width": 16,
                  "Actual Startup Time": 0.005,
                  "Actual Total Time": 8.164,
                  "Actual Rows": 18000,
                  "Actual Loops": 1
                }
              ]
            }
          ]
        }
      ]
    },
    "Planning Time": 0.185,
    "Triggers": [
    ],
    "Execution Time": 657.330
  }
]
