[
  {
    "Plan": {
      "Node Type": "Unique",
      "Parallel Aware": false,
      "Startup Cost": 10000946373.41,
      "Total Cost": 10001005380.94,
      "Plan Rows": 2622557,
      "Plan Width": 191,
      "Actual Startup Time": 22731.498,
      "Actual Total Time": 30347.355,
      "Actual Rows": 180589,
      "Actual Loops": 1,
      "Plans": [
        {
          "Node Type": "Sort",
          "Parent Relationship": "Outer",
          "Parallel Aware": false,
          "Startup Cost": 10000946373.41,
          "Total Cost": 10000952929.80,
          "Plan Rows": 2622557,
          "Plan Width": 191,
          "Actual Startup Time": 22731.498,
          "Actual Total Time": 29307.849,
          "Actual Rows": 2485280,
          "Actual Loops": 1,
          "Sort Key": ["customer.c_customer_id", "customer.c_first_name", "customer.c_last_name", "customer.c_preferred_cust_flag", "customer.c_birth_country", "customer.c_login", "customer.c_email_address", "date_dim.d_year"],
          "Sort Method": "external merge",
          "Sort Space Used": 355224,
          "Sort Space Type": "Disk",
          "Plans": [
            {
              "Node Type": "Hash Join",
              "Parent Relationship": "Outer",
              "Parallel Aware": false,
              "Join Type": "Inner",
              "Startup Cost": 10790.60,
              "Total Cost": 182725.49,
              "Plan Rows": 2622557,
              "Plan Width": 191,
              "Actual Startup Time": 101.019,
              "Actual Total Time": 2455.174,
              "Actual Rows": 2485280,
              "Actual Loops": 1,
              "Hash Cond": "(store_sales.ss_sold_date_sk = date_dim.d_date_sk)",
              "Plans": [
                {
                  "Node Type": "Hash Join",
                  "Parent Relationship": "Outer",
                  "Parallel Aware": false,
                  "Join Type": "Inner",
                  "Startup Cost": 7742.00,
                  "Total Cost": 143616.73,
                  "Plan Rows": 2622557,
                  "Plan Width": 191,
                  "Actual Startup Time": 70.012,
                  "Actual Total Time": 1799.503,
                  "Actual Rows": 2485280,
                  "Actual Loops": 1,
                  "Hash Cond": "(store_sales.ss_customer_sk = customer.c_customer_sk)",
                  "Plans": [
                    {
                      "Node Type": "Seq Scan",
                      "Parent Relationship": "Outer",
                      "Parallel Aware": false,
                      "Relation Name": "store_sales",
                      "Alias": "store_sales",
                      "Startup Cost": 0.00,
                      "Total Cost": 76687.57,
                      "Plan Rows": 2622557,
                      "Plan Width": 8,
                      "Actual Startup Time": 0.015,
                      "Actual Total Time": 492.395,
                      "Actual Rows": 2485280,
                      "Actual Loops": 1
                    },
                    {
                      "Node Type": "Hash",
                      "Parent Relationship": "Inner",
                      "Parallel Aware": false,
                      "Startup Cost": 3855.00,
                      "Total Cost": 3855.00,
                      "Plan Rows": 100000,
                      "Plan Width": 191,
                      "Actual Startup Time": 69.858,
                      "Actual Total Time": 69.858,
                      "Actual Rows": 94736,
                      "Actual Loops": 1,
                      "Hash Buckets": 32768,
                      "Original Hash Buckets": 32768,
                      "Hash Batches": 8,
                      "Original Hash Batches": 8,
                      "Peak Memory Usage": 2252,
                      "Plans": [
                        {
                          "Node Type": "Seq Scan",
                          "Parent Relationship": "Outer",
                          "Parallel Aware": false,
                          "Relation Name": "customer",
                          "Alias": "customer",
                          "Startup Cost": 0.00,
                          "Total Cost": 3855.00,
                          "Plan Rows": 100000,
                          "Plan Width": 191,
                          "Actual Startup Time": 0.005,
                          "Actual Total Time": 27.701,
                          "Actual Rows": 94736,
                          "Actual Loops": 1
                        }
                      ]
                    }
                  ]
                },
                {
                  "Node Type": "Hash",
                  "Parent Relationship": "Inner",
                  "Parallel Aware": false,
                  "Startup Cost": 2135.49,
                  "Total Cost": 2135.49,
                  "Plan Rows": 73049,
                  "Plan Width": 8,
                  "Actual Startup Time": 30.960,
                  "Actual Total Time": 30.960,
                  "Actual Rows": 73049,
                  "Actual Loops": 1,
                  "Hash Buckets": 131072,
                  "Original Hash Buckets": 131072,
                  "Hash Batches": 1,
                  "Original Hash Batches": 1,
                  "Peak Memory Usage": 3878,
                  "Plans": [
                    {
                      "Node Type": "Seq Scan",
                      "Parent Relationship": "Outer",
                      "Parallel Aware": false,
                      "Relation Name": "date_dim",
                      "Alias": "date_dim",
                      "Startup Cost": 0.00,
                      "Total Cost": 2135.49,
                      "Plan Rows": 73049,
                      "Plan Width": 8,
                      "Actual Startup Time": 0.005,
                      "Actual Total Time": 15.192,
                      "Actual Rows": 73049,
                      "Actual Loops": 1
                    }
                  ]
                }
              ]
            }
          ]
        }
      ]
    },
    "Planning Time": 0.202,
    "Triggers": [
    ],
    "Execution Time": 30712.906
  }
]
