[
  {
    "Plan": {
      "Node Type": "Aggregate",
      "Strategy": "Hashed",
      "Partial Mode": "Simple",
      "Parallel Aware": false,
      "Startup Cost": 118358.25,
      "Total Cost": 118438.65,
      "Plan Rows": 8040,
      "Plan Width": 59,
      "Actual Startup Time": 1780.166,
      "Actual Total Time": 1780.207,
      "Actual Rows": 231,
      "Actual Loops": 1,
      "Group Key": ["date_dim.d_year", "date_dim.d_qoy", "item.i_category"],
      "Plans": [
        {
          "Node Type": "Hash Join",
          "Parent Relationship": "Outer",
          "Parallel Aware": false,
          "Join Type": "Inner",
          "Startup Cost": 5046.60,
          "Total Cost": 107652.98,
          "Plan Rows": 1427370,
          "Plan Width": 59,
          "Actual Startup Time": 41.572,
          "Actual Total Time": 1246.565,
          "Actual Rows": 1343425,
          "Actual Loops": 1,
          "Hash Cond": "(catalog_sales.cs_item_sk = item.i_item_sk)",
          "Plans": [
            {
              "Node Type": "Hash Join",
              "Parent Relationship": "Outer",
              "Parallel Aware": false,
              "Join Type": "Inner",
              "Startup Cost": 3405.60,
              "Total Cost": 86385.64,
              "Plan Rows": 1427370,
              "Plan Width": 12,
              "Actual Startup Time": 32.882,
              "Actual Total Time": 805.362,
              "Actual Rows": 1343425,
              "Actual Loops": 1,
              "Hash Cond": "(catalog_sales.cs_sold_date_sk = date_dim.d_date_sk)",
              "Plans": [
                {
                  "Node Type": "Seq Scan",
                  "Parent Relationship": "Outer",
                  "Parallel Aware": false,
                  "Relation Name": "catalog_sales",
                  "Alias": "catalog_sales",
                  "Startup Cost": 0.00,
                  "Total Cost": 51844.70,
                  "Plan Rows": 1427370,
                  "Plan Width": 8,
                  "Actual Startup Time": 0.027,
                  "Actual Total Time": 346.338,
                  "Actual Rows": 1343425,
                  "Actual Loops": 1
                },
                {
                  "Node Type": "Hash",
                  "Parent Relationship": "Inner",
                  "Parallel Aware": false,
                  "Startup Cost": 2135.49,
                  "Total Cost": 2135.49,
                  "Plan Rows": 73049,
                  "Plan Width": 12,
                  "Actual Startup Time": 32.496,
                  "Actual Total Time": 32.496,
                  "Actual Rows": 73049,
                  "Actual Loops": 1,
                  "Hash Buckets": 131072,
                  "Original Hash Buckets": 131072,
                  "Hash Batches": 2,
                  "Original Hash Batches": 2,
                  "Peak Memory Usage": 2593,
                  "Plans": [
                    {
                      "Node Type": "Seq Scan",
                      "Parent Relationship": "Outer",
                      "Parallel Aware": false,
                      "Relation Name": "date_dim",
                      "Alias": "date_dim",
                      "Startup Cost": 0.00,
                      "Total Cost": 2135.49,
                      "Plan Rows": 73049,
                      "Plan Width": 12,
                      "Actual Startup Time": 0.005,
                      "Actual Total Time": 16.057,
                      "Actual Rows": 73049,
                      "Actual Loops": 1
                    }
                  ]
                }
              ]
            },
            {
              "Node Type": "Hash",
              "Parent Relationship": "Inner",
              "Parallel Aware": false,
              "Startup Cost": 1416.00,
              "Total Cost": 1416.00,
              "Plan Rows": 18000,
              "Plan Width": 55,
              "Actual Startup Time": 8.670,
              "Actual Total Time": 8.670,
              "Actual Rows": 18000,
              "Actual Loops": 1,
              "Hash Buckets": 32768,
              "Original Hash Buckets": 32768,
              "Hash Batches": 1,
              "Original Hash Batches": 1,
              "Peak Memory Usage": 1801,
              "Plans": [
                {
                  "Node Type": "Seq Scan",
                  "Parent Relationship": "Outer",
                  "Parallel Aware": false,
                  "Relation Name": "item",
                  "Alias": "item",
                  "Startup Cost": 0.00,
                  "Total Cost": 1416.00,
                  "Plan Rows": 18000,
                  "Plan Width": 55,
                  "Actual Startup Time": 0.007,
                  "Actual Total Time": 5.329,
                  "Actual Rows": 18000,
                  "Actual Loops": 1
                }
              ]
            }
          ]
        }
      ]
    },
    "Planning Time": 0.216,
    "Triggers": [
    ],
    "Execution Time": 1780.294
  }
]
