[{"Execution Time": 3314.407, "Planning Time": 16.155, "Plan": {"Partial Mode": "Simple", "Startup Cost": 239893.91, "Actual Rows": 228, "Plans": [{"Startup Cost": 2323.76, "Actual Rows": 156000000, "Plans": [{"Startup Cost": 2322.65, "Actual Rows": 2340000, "Plans": [{"Startup Cost": 0.0, "Actual Rows": 11745000, "Node Type": "Seq Scan", "Plan Rows": 11744888, "Relation Name": "inventory", "Alias": "inventory", "Parallel Aware": false, "Actual Total Time": 1055.221, "Parent Relationship": "Outer", "Actual Startup Time": 0.043, "Plan Width": 8, "Actual Loops": 1, "Total Cost": 191848.88}, {"Hash Buckets": 1024, "Startup Cost": 2318.11, "Plans": [{"Filter": "(d_year = 1999)", "Startup Cost": 0.0, "Actual Rows": 365, "Node Type": "Seq Scan", "Plan Rows": 363, "Relation Name": "date_dim", "Alias": "date_dim", "Parallel Aware": false, "Actual Total Time": 19.863, "Parent Relationship": "Outer", "Actual Startup Time": 12.751, "Plan Width": 8, "Actual Loops": 1, "Rows Removed by Filter": 72684, "Total Cost": 2318.11}], "Actual Rows": 365, "Original Hash Buckets": 1024, "Hash Batches": 1, "Peak Memory Usage": 23, "Node Type": "Hash", "Plan Rows": 363, "Parallel Aware": false, "Actual Total Time": 19.998, "Parent Relationship": "Inner", "Actual Startup Time": 19.998, "Plan Width": 8, "Actual Loops": 1, "Original Hash Batches": 1, "Total Cost": 2318.11}], "Node Type": "Hash Join", "Plan Rows": 58363, "Join Type": "Inner", "Parallel Aware": false, "Actual Total Time": 2392.124, "Hash Cond": "(inventory.inv_date_sk = date_dim.d_date_sk)", "Parent Relationship": "Outer", "Actual Startup Time": 415.089, "Plan Width": 8, "Actual Loops": 1, "Total Cost": 238798.49}, {"Hash Buckets": 1024, "Startup Cost": 1.05, "Plans": [{"Startup Cost": 0.0, "Actual Rows": 5, "Node Type": "Seq Scan", "Plan Rows": 5, "Relation Name": "warehouse", "Alias": "warehouse", "Parallel Aware": false, "Actual Total Time": 0.013, "Parent Relationship": "Outer", "Actual Startup Time": 0.01, "Plan Width": 22, "Actual Loops": 1, "Total Cost": 1.05}], "Actual Rows": 5, "Original Hash Buckets": 1024, "Hash Batches": 1, "Peak Memory Usage": 9, "Node Type": "Hash", "Plan Rows": 5, "Parallel Aware": false, "Actual Total Time": 0.02, "Parent Relationship": "Inner", "Actual Startup Time": 0.02, "Plan Width": 22, "Actual Loops": 1, "Original Hash Batches": 1, "Total Cost": 1.05}], "Node Type": "Hash Join", "Plan Rows": 58363, "Join Type": "Inner", "Parallel Aware": false, "Actual Total Time": 2849.689, "Hash Cond": "(inventory.inv_warehouse_sk = warehouse.w_warehouse_sk)", "Parent Relationship": "Outer", "Actual Startup Time": 415.117, "Plan Width": 22, "Actual Loops": 1, "Total Cost": 239602.09}], "Node Type": "Aggregate", "Strategy": "Hashed", "Plan Rows": 48, "Parallel Aware": false, "Actual Total Time": 3314.34, "Group Key": ["warehouse.w_warehouse_name", "date_dim.d_moy"], "Actual Startup Time": 3314.333, "Plan Width": 22, "Actual Loops": 1, "Total Cost": 239894.39}, "Triggers": []}]