[{"Execution Time": 376.166, "Planning Time": 37.747, "Plan": {"Partial Mode": "Simple", "Startup Cost": 33046.21, "Actual Rows": 186, "Plans": [{"Startup Cost": 4145.51, "Actual Rows": 143193461, "Plans": [{"Startup Cost": 2504.51, "Actual Rows": 131403, "Plans": [{"Startup Cost": 0.0, "Actual Rows": 648065, "Node Type": "Seq Scan", "Plan Rows": 719071, "Relation Name": "web_sales", "Alias": "web_sales", "Parallel Aware": false, "Actual Total Time": 108.338, "Parent Relationship": "Outer", "Actual Startup Time": 0.036, "Plan Width": 8, "Actual Loops": 1, "Total Cost": 26118.71}, {"Hash Buckets": 1024, "Startup Cost": 2500.73, "Plans": [{"Filter": "((d_month_seq >= 1211) AND (d_month_seq <= 1222))", "Startup Cost": 0.0, "Actual Rows": 365, "Node Type": "Seq Scan", "Plan Rows": 302, "Relation Name": "date_dim", "Alias": "date_dim", "Parallel Aware": false, "Actual Total Time": 26.791, "Parent Relationship": "Outer", "Actual Startup Time": 13.717, "Plan Width": 4, "Actual Loops": 1, "Rows Removed by Filter": 72684, "Total Cost": 2500.73}], "Actual Rows": 365, "Original Hash Buckets": 1024, "Hash Batches": 1, "Peak Memory Usage": 21, "Node Type": "Hash", "Plan Rows": 302, "Parallel Aware": false, "Actual Total Time": 26.939, "Parent Relationship": "Inner", "Actual Startup Time": 26.939, "Plan Width": 4, "Actual Loops": 1, "Original Hash Batches": 1, "Total Cost": 2500.73}], "Node Type": "Hash Join", "Plan Rows": 2973, "Join Type": "Inner", "Parallel Aware": false, "Actual Total Time": 219.364, "Hash Cond": "(web_sales.ws_sold_date_sk = date_dim.d_date_sk)", "Parent Relationship": "Outer", "Actual Startup Time": 27.02, "Plan Width": 4, "Actual Loops": 1, "Total Cost": 31349.47}, {"Hash Buckets": 32768, "Startup Cost": 1416.0, "Plans": [{"Startup Cost": 0.0, "Actual Rows": 18000, "Node Type": "Seq Scan", "Plan Rows": 18000, "Relation Name": "item", "Alias": "item", "Parallel Aware": false, "Actual Total Time": 12.507, "Parent Relationship": "Outer", "Actual Startup Time": 0.013, "Plan Width": 106, "Actual Loops": 1, "Total Cost": 1416.0}], "Actual Rows": 18000, "Original Hash Buckets": 32768, "Hash Batches": 1, "Peak Memory Usage": 2713, "Node Type": "Hash", "Plan Rows": 18000, "Parallel Aware": false, "Actual Total Time": 22.332, "Parent Relationship": "Inner", "Actual Startup Time": 22.332, "Plan Width": 106, "Actual Loops": 1, "Original Hash Batches": 1, "Total Cost": 1416.0}], "Node Type": "Hash Join", "Plan Rows": 2973, "Join Type": "Inner", "Parallel Aware": false, "Actual Total Time": 299.625, "Hash Cond": "(web_sales.ws_item_sk = item.i_item_sk)", "Parent Relationship": "Outer", "Actual Startup Time": 49.387, "Plan Width": 102, "Actual Loops": 1, "Total Cost": 33031.35}], "Node Type": "Aggregate", "Strategy": "Hashed", "Plan Rows": 990, "Parallel Aware": false, "Actual Total Time": 376.063, "Group Key": ["item.i_category", "item.i_class"], "Actual Startup Time": 376.046, "Plan Width": 102, "Actual Loops": 1, "Total Cost": 33056.11}, "Triggers": []}]