[{"Execution Time": 1.613, "Planning Time": 0.617, "Plan": {"Partial Mode": "Simple", "Startup Cost": 67003.56, "Actual Rows": 0, "Plans": [{"Startup Cost": 4373.32, "Join Filter": "(customer.c_current_addr_sk = customer_address.ca_address_sk)", "Actual Rows": 0, "Plans": [{"Startup Cost": 4373.32, "Actual Rows": 0, "Plans": [{"Filter": "(((cd_marital_status = 'M'::bpchar) AND (cd_education_status = 'Unknown'::bpchar)) OR ((cd_marital_status = 'W'::bpchar) AND (cd_education_status = 'Advanced Degree'::bpchar)))", "Startup Cost": 0.0, "Actual Rows": 1, "Node Type": "Seq Scan", "Plan Rows": 106904, "Relation Name": "customer_demographics", "Alias": "customer_demographics", "Parallel Aware": false, "Actual Total Time": 0.03, "Parent Relationship": "Outer", "Actual Startup Time": 0.03, "Plan Width": 27, "Actual Loops": 1, "Rows Removed by Filter": 56, "Total Cost": 60244.0}, {"Hash Buckets": 1024, "Startup Cost": 4373.14, "Plans": [{"Startup Cost": 143.01, "Actual Rows": 0, "Plans": [{"Startup Cost": 0.0, "Actual Rows": 1, "Node Type": "Seq Scan", "Plan Rows": 100000, "Relation Name": "customer", "Alias": "customer", "Parallel Aware": false, "Actual Total Time": 0.004, "Parent Relationship": "Outer", "Actual Startup Time": 0.004, "Plan Width": 12, "Actual Loops": 1, "Total Cost": 3855.0}, {"Hash Buckets": 1024, "Startup Cost": 143.0, "Plans": [{"Filter": "(hd_buy_potential = 'gt1000'::bpchar)", "Startup Cost": 0.0, "Actual Rows": 0, "Node Type": "Seq Scan", "Plan Rows": 1, "Relation Name": "household_demographics", "Alias": "household_demographics", "Parallel Aware": false, "Actual Total Time": 1.508, "Parent Relationship": "Outer", "Actual Startup Time": 1.508, "Plan Width": 4, "Actual Loops": 1, "Rows Removed by Filter": 7200, "Total Cost": 143.0}], "Actual Rows": 0, "Original Hash Buckets": 1024, "Hash Batches": 1, "Peak Memory Usage": 8, "Node Type": "Hash", "Plan Rows": 1, "Parallel Aware": false, "Actual Total Time": 1.508, "Parent Relationship": "Inner", "Actual Startup Time": 1.508, "Plan Width": 4, "Actual Loops": 1, "Original Hash Batches": 1, "Total Cost": 143.0}], "Node Type": "Hash Join", "Plan Rows": 14, "Join Type": "Inner", "Parallel Aware": false, "Actual Total Time": 1.515, "Hash Cond": "(customer.c_current_hdemo_sk = household_demographics.hd_demo_sk)", "Parent Relationship": "Outer", "Actual Startup Time": 1.515, "Plan Width": 8, "Actual Loops": 1, "Total Cost": 4373.14}], "Actual Rows": 0, "Original Hash Buckets": 1024, "Hash Batches": 1, "Peak Memory Usage": 8, "Node Type": "Hash", "Plan Rows": 14, "Parallel Aware": false, "Actual Total Time": 1.515, "Parent Relationship": "Inner", "Actual Startup Time": 1.515, "Plan Width": 8, "Actual Loops": 1, "Original Hash Batches": 1, "Total Cost": 4373.14}], "Node Type": "Hash Join", "Plan Rows": 1, "Join Type": "Inner", "Parallel Aware": false, "Actual Total Time": 1.559, "Hash Cond": "(customer_demographics.cd_demo_sk = customer.c_current_cdemo_sk)", "Parent Relationship": "Outer", "Actual Startup Time": 1.559, "Plan Width": 27, "Actual Loops": 1, "Total Cost": 65018.22}, {"Filter": "(ca_gmt_offset = '-6'::numeric)", "Startup Cost": 0.0, "Actual Rows": 0, "Node Type": "Seq Scan", "Plan Rows": 21867, "Relation Name": "customer_address", "Alias": "customer_address", "Parallel Aware": false, "Actual Total Time": 0.0, "Parent Relationship": "Inner", "Actual Startup Time": 0.0, "Plan Width": 4, "Actual Loops": 0, "Rows Removed by Filter": 0, "Total Cost": 1712.0}], "Node Type": "Nested Loop", "Plan Rows": 1, "Join Type": "Inner", "Rows Removed by Join Filter": 0, "Parallel Aware": false, "Actual Total Time": 1.559, "Parent Relationship": "Outer", "Actual Startup Time": 1.559, "Plan Width": 23, "Actual Loops": 1, "Total Cost": 67003.56}], "Node Type": "Aggregate", "Strategy": "Hashed", "Plan Rows": 1, "Parallel Aware": false, "Actual Total Time": 1.56, "Group Key": ["customer_demographics.cd_marital_status", "customer_demographics.cd_education_status"], "Actual Startup Time": 1.56, "Plan Width": 23, "Actual Loops": 1, "Total Cost": 67003.57}, "Triggers": []}]