[{"Execution Time": 1039.012, "Planning Time": 0.631, "Plan": {"Partial Mode": "Simple", "Startup Cost": 146467.48, "Actual Rows": 136880, "Plans": [{"Startup Cost": 59758.01, "Actual Rows": 380688, "Plans": [{"Startup Cost": 58117.01, "Actual Rows": 6844, "Plans": [{"Startup Cost": 58115.65, "Actual Rows": 6844, "Plans": [{"Startup Cost": 2322.65, "Actual Rows": 490922, "Plans": [{"Startup Cost": 0.0, "Actual Rows": 2485280, "Node Type": "Seq Scan", "Plan Rows": 2622557, "Relation Name": "store_sales", "Alias": "store_sales", "Parallel Aware": false, "Actual Total Time": 299.786, "Parent Relationship": "Outer", "Actual Startup Time": 0.022, "Plan Width": 16, "Actual Loops": 1, "Total Cost": 76687.57}, {"Hash Buckets": 1024, "Startup Cost": 2318.11, "Plans": [{"Filter": "(d_year = 1999)", "Startup Cost": 0.0, "Actual Rows": 365, "Node Type": "Seq Scan", "Plan Rows": 363, "Relation Name": "date_dim", "Alias": "date_dim", "Parallel Aware": false, "Actual Total Time": 8.549, "Parent Relationship": "Outer", "Actual Startup Time": 4.361, "Plan Width": 4, "Actual Loops": 1, "Rows Removed by Filter": 72684, "Total Cost": 2318.11}], "Actual Rows": 365, "Original Hash Buckets": 1024, "Hash Batches": 1, "Peak Memory Usage": 21, "Node Type": "Hash", "Plan Rows": 363, "Parallel Aware": false, "Actual Total Time": 8.587, "Parent Relationship": "Inner", "Actual Startup Time": 8.587, "Plan Width": 4, "Actual Loops": 1, "Original Hash Batches": 1, "Total Cost": 2318.11}], "Node Type": "Hash Join", "Plan Rows": 13032, "Join Type": "Inner", "Parallel Aware": false, "Actual Total Time": 611.046, "Hash Cond": "(store_sales.ss_sold_date_sk = date_dim.d_date_sk)", "Parent Relationship": "Outer", "Actual Startup Time": 8.652, "Plan Width": 12, "Actual Loops": 1, "Total Cost": 88975.13}, {"Hash Buckets": 32768, "Startup Cost": 55442.0, "Plans": [{"Filter": "((cd_gender = 'F'::bpchar) AND (cd_marital_status = 'U'::bpchar) AND (cd_education_status = 'Secondary'::bpchar))", "Startup Cost": 0.0, "Actual Rows": 27440, "Node Type": "Seq Scan", "Plan Rows": 28080, "Relation Name": "customer_demographics", "Alias": "customer_demographics", "Parallel Aware": false, "Actual Total Time": 354.348, "Parent Relationship": "Outer", "Actual Startup Time": 0.009, "Plan Width": 4, "Actual Loops": 1, "Rows Removed by Filter": 1893360, "Total Cost": 55442.0}], "Actual Rows": 27440, "Original Hash Buckets": 32768, "Hash Batches": 1, "Peak Memory Usage": 1221, "Node Type": "Hash", "Plan Rows": 28080, "Parallel Aware": false, "Actual Total Time": 362.432, "Parent Relationship": "Inner", "Actual Startup Time": 362.432, "Plan Width": 4, "Actual Loops": 1, "Original Hash Batches": 1, "Total Cost": 55442.0}], "Node Type": "Hash Join", "Plan Rows": 191, "Join Type": "Inner", "Parallel Aware": false, "Actual Total Time": 1018.975, "Hash Cond": "(store_sales.ss_cdemo_sk = customer_demographics.cd_demo_sk)", "Parent Relationship": "Outer", "Actual Startup Time": 371.143, "Plan Width": 8, "Actual Loops": 1, "Total Cost": 144818.91}, {"Hash Buckets": 1024, "Startup Cost": 1.21, "Plans": [{"Filter": "(s_state = ANY ('{TN,TN,TN,TN,TN,TN}'::bpchar[]))", "Startup Cost": 0.0, "Actual Rows": 12, "Node Type": "Seq Scan", "Plan Rows": 12, "Relation Name": "store", "Alias": "store", "Parallel Aware": false, "Actual Total Time": 0.016, "Parent Relationship": "Outer", "Actual Startup Time": 0.01, "Plan Width": 7, "Actual Loops": 1, "Rows Removed by Filter": 0, "Total Cost": 1.21}], "Actual Rows": 12, "Original Hash Buckets": 1024, "Hash Batches": 1, "Peak Memory Usage": 9, "Node Type": "Hash", "Plan Rows": 12, "Parallel Aware": false, "Actual Total Time": 0.016, "Parent Relationship": "Inner", "Actual Startup Time": 0.016, "Plan Width": 7, "Actual Loops": 1, "Original Hash Batches": 1, "Total Cost": 1.21}], "Node Type": "Hash Join", "Plan Rows": 191, "Join Type": "Inner", "Parallel Aware": false, "Actual Total Time": 1020.817, "Hash Cond": "(store_sales.ss_store_sk = store.s_store_sk)", "Parent Relationship": "Outer", "Actual Startup Time": 371.169, "Plan Width": 7, "Actual Loops": 1, "Total Cost": 144822.9}, {"Hash Buckets": 32768, "Startup Cost": 1416.0, "Plans": [{"Startup Cost": 0.0, "Actual Rows": 18000, "Node Type": "Seq Scan", "Plan Rows": 18000, "Relation Name": "item", "Alias": "item", "Parallel Aware": false, "Actual Total Time": 4.678, "Parent Relationship": "Outer", "Actual Startup Time": 0.006, "Plan Width": 21, "Actual Loops": 1, "Total Cost": 1416.0}], "Actual Rows": 18000, "Original Hash Buckets": 32768, "Hash Batches": 1, "Peak Memory Usage": 1241, "Node Type": "Hash", "Plan Rows": 18000, "Parallel Aware": false, "Actual Total Time": 9.13, "Parent Relationship": "Inner", "Actual Startup Time": 9.13, "Plan Width": 21, "Actual Loops": 1, "Original Hash Batches": 1, "Total Cost": 1416.0}], "Node Type": "Hash Join", "Plan Rows": 191, "Join Type": "Inner", "Parallel Aware": false, "Actual Total Time": 1033.326, "Hash Cond": "(store_sales.ss_item_sk = item.i_item_sk)", "Parent Relationship": "Outer", "Actual Startup Time": 380.317, "Plan Width": 20, "Actual Loops": 1, "Total Cost": 146466.52}], "Node Type": "Aggregate", "Strategy": "Hashed", "Plan Rows": 191, "Parallel Aware": false, "Actual Total Time": 1038.786, "Group Key": ["item.i_item_id", "store.s_state"], "Actual Startup Time": 1037.887, "Plan Width": 20, "Actual Loops": 1, "Total Cost": 146469.39}, "Triggers": []}]