[{"Execution Time": 293.48, "Planning Time": 91.636, "Plan": {"Partial Mode": "Simple", "Startup Cost": 39277.53, "Actual Rows": 1046, "Plans": [{"Startup Cost": 37503.01, "Actual Rows": 1215, "Plans": [{"Startup Cost": 0.0, "Actual Rows": 50000, "Node Type": "Seq Scan", "Plan Rows": 50000, "Relation Name": "customer_address", "Alias": "customer_address", "Parallel Aware": false, "Actual Total Time": 3.996, "Parent Relationship": "Outer", "Actual Startup Time": 0.02, "Plan Width": 18, "Actual Loops": 1, "Total Cost": 1587.0}, {"Hash Buckets": 1024, "Startup Cost": 37503.0, "Plans": [{"Startup Cost": 31337.5, "Join Filter": "(web_sales.ws_item_sk = item.i_item_sk)", "Actual Rows": 17, "Plans": [{"Startup Cost": 31337.5, "Actual Rows": 18736, "Plans": [{"Startup Cost": 0.0, "Actual Rows": 94736, "Node Type": "Seq Scan", "Plan Rows": 100000, "Relation Name": "customer", "Alias": "customer", "Parallel Aware": false, "Actual Total Time": 9.974, "Parent Relationship": "Outer", "Actual Startup Time": 0.01, "Plan Width": 8, "Actual Loops": 1, "Total Cost": 3855.0}, {"Hash Buckets": 32768, "Startup Cost": 31326.17, "Plans": [{"Startup Cost": 2501.88, "Actual Rows": 18736, "Plans": [{"Startup Cost": 0.0, "Actual Rows": 648065, "Node Type": "Seq Scan", "Plan Rows": 719071, "Relation Name": "web_sales", "Alias": "web_sales", "Parallel Aware": false, "Actual Total Time": 101.562, "Parent Relationship": "Outer", "Actual Startup Time": 0.057, "Plan Width": 12, "Actual Loops": 1, "Total Cost": 26118.71}, {"Hash Buckets": 1024, "Startup Cost": 2500.73, "Plans": [{"Filter": "((d_qoy = 2) AND (d_year = 1999))", "Startup Cost": 0.0, "Actual Rows": 91, "Node Type": "Seq Scan", "Plan Rows": 92, "Relation Name": "date_dim", "Alias": "date_dim", "Parallel Aware": false, "Actual Total Time": 34.099, "Parent Relationship": "Outer", "Actual Startup Time": 24.509, "Plan Width": 4, "Actual Loops": 1, "Rows Removed by Filter": 72958, "Total Cost": 2500.73}], "Actual Rows": 91, "Original Hash Buckets": 1024, "Hash Batches": 1, "Peak Memory Usage": 12, "Node Type": "Hash", "Plan Rows": 92, "Parallel Aware": false, "Actual Total Time": 34.136, "Parent Relationship": "Inner", "Actual Startup Time": 34.136, "Plan Width": 4, "Actual Loops": 1, "Original Hash Batches": 1, "Total Cost": 2500.73}], "Node Type": "Hash Join", "Plan Rows": 906, "Join Type": "Inner", "Parallel Aware": false, "Actual Total Time": 198.489, "Hash Cond": "(web_sales.ws_sold_date_sk = date_dim.d_date_sk)", "Parent Relationship": "Outer", "Actual Startup Time": 34.305, "Plan Width": 8, "Actual Loops": 1, "Total Cost": 31326.17}], "Actual Rows": 18736, "Original Hash Buckets": 1024, "Hash Batches": 1, "Peak Memory Usage": 988, "Node Type": "Hash", "Plan Rows": 906, "Parallel Aware": false, "Actual Total Time": 201.667, "Parent Relationship": "Inner", "Actual Startup Time": 201.667, "Plan Width": 8, "Actual Loops": 1, "Original Hash Batches": 1, "Total Cost": 31326.17}], "Node Type": "Hash Join", "Plan Rows": 906, "Join Type": "Inner", "Parallel Aware": false, "Actual Total Time": 226.899, "Hash Cond": "(customer.c_customer_sk = web_sales.ws_bill_customer_sk)", "Parent Relationship": "Outer", "Actual Startup Time": 201.693, "Plan Width": 8, "Actual Loops": 1, "Total Cost": 35576.56}, {"Startup Cost": 0.0, "Actual Rows": 20, "Plans": [{"Filter": "(i_item_id = ANY ('{AAAAAAAACAAAAAAA,AAAAAAAACAAAAAAA,AAAAAAAAEAAAAAAA,AAAAAAAAHAAAAAAA,AAAAAAAAKAAAAAAA,AAAAAAAANAAAAAAA,AAAAAAAAABAAAAAA,AAAAAAAADBAAAAAA,AAAAAAAAGBAAAAAA,AAAAAAAAMBAAAAAA}'::bpchar[]))", "Startup Cost": 0.0, "Actual Rows": 20, "Node Type": "Seq Scan", "Plan Rows": 21, "Relation Name": "item", "Alias": "item", "Parallel Aware": false, "Actual Total Time": 5.983, "Parent Relationship": "Outer", "Actual Startup Time": 0.008, "Plan Width": 4, "Actual Loops": 1, "Rows Removed by Filter": 17980, "Total Cost": 1641.0}], "Node Type": "Materialize", "Plan Rows": 21, "Parallel Aware": false, "Actual Total Time": 0.001, "Parent Relationship": "Inner", "Actual Startup Time": 0.0, "Plan Width": 4, "Actual Loops": 18736, "Total Cost": 1641.11}], "Node Type": "Nested Loop", "Plan Rows": 1, "Join Type": "Inner", "Rows Removed by Join Filter": 374703, "Parallel Aware": false, "Actual Total Time": 285.787, "Parent Relationship": "Outer", "Actual Startup Time": 208.454, "Plan Width": 4, "Actual Loops": 1, "Total Cost": 37503.0}], "Actual Rows": 17, "Original Hash Buckets": 1024, "Hash Batches": 1, "Peak Memory Usage": 9, "Node Type": "Hash", "Plan Rows": 1, "Parallel Aware": false, "Actual Total Time": 285.81, "Parent Relationship": "Inner", "Actual Startup Time": 285.81, "Plan Width": 4, "Actual Loops": 1, "Original Hash Batches": 1, "Total Cost": 37503.0}], "Node Type": "Hash Join", "Plan Rows": 1, "Join Type": "Inner", "Parallel Aware": false, "Actual Total Time": 293.231, "Hash Cond": "(customer_address.ca_address_sk = customer.c_current_addr_sk)", "Parent Relationship": "Outer", "Actual Startup Time": 286.667, "Plan Width": 14, "Actual Loops": 1, "Total Cost": 39277.52}], "Node Type": "Aggregate", "Strategy": "Hashed", "Plan Rows": 1, "Parallel Aware": false, "Actual Total Time": 293.248, "Group Key": ["customer_address.ca_zip", "customer_address.ca_state"], "Actual Startup Time": 293.246, "Plan Width": 14, "Actual Loops": 1, "Total Cost": 39277.54}, "Triggers": []}]