[{"Execution Time": 339.437, "Planning Time": 0.513, "Plan": {"Partial Mode": "Simple", "Startup Cost": 63130.26, "Actual Rows": 993, "Plans": [{"Startup Cost": 5924.4, "Actual Rows": 477441, "Plans": [{"Startup Cost": 3984.67, "Actual Rows": 1176, "Plans": [{"Startup Cost": 2501.08, "Actual Rows": 12311, "Plans": [{"Startup Cost": 0.0, "Actual Rows": 1343425, "Node Type": "Seq Scan", "Plan Rows": 1427370, "Relation Name": "catalog_sales", "Alias": "catalog_sales", "Parallel Aware": false, "Actual Total Time": 198.004, "Parent Relationship": "Outer", "Actual Startup Time": 0.022, "Plan Width": 12, "Actual Loops": 1, "Total Cost": 51844.7}, {"Hash Buckets": 1024, "Startup Cost": 2500.73, "Plans": [{"Filter": "((d_year = 2000) AND (d_moy = 2))", "Startup Cost": 0.0, "Actual Rows": 29, "Node Type": "Seq Scan", "Plan Rows": 28, "Relation Name": "date_dim", "Alias": "date_dim", "Parallel Aware": false, "Actual Total Time": 8.38, "Parent Relationship": "Outer", "Actual Startup Time": 4.22, "Plan Width": 4, "Actual Loops": 1, "Rows Removed by Filter": 73020, "Total Cost": 2500.73}], "Actual Rows": 29, "Original Hash Buckets": 1024, "Hash Batches": 1, "Peak Memory Usage": 10, "Node Type": "Hash", "Plan Rows": 28, "Parallel Aware": false, "Actual Total Time": 8.385, "Parent Relationship": "Inner", "Actual Startup Time": 8.385, "Plan Width": 4, "Actual Loops": 1, "Original Hash Batches": 1, "Total Cost": 2500.73}], "Node Type": "Hash Join", "Plan Rows": 547, "Join Type": "Inner", "Parallel Aware": false, "Actual Total Time": 317.989, "Hash Cond": "(catalog_sales.cs_sold_date_sk = date_dim.d_date_sk)", "Parent Relationship": "Outer", "Actual Startup Time": 114.987, "Plan Width": 8, "Actual Loops": 1, "Total Cost": 59703.89}, {"Hash Buckets": 2048, "Startup Cost": 1461.0, "Plans": [{"Filter": "(i_category = 'Home'::bpchar)", "Startup Cost": 0.0, "Actual Rows": 1807, "Node Type": "Seq Scan", "Plan Rows": 1807, "Relation Name": "item", "Alias": "item", "Parallel Aware": false, "Actual Total Time": 5.053, "Parent Relationship": "Outer", "Actual Startup Time": 0.049, "Plan Width": 8, "Actual Loops": 1, "Rows Removed by Filter": 16193, "Total Cost": 1461.0}], "Actual Rows": 1807, "Original Hash Buckets": 2048, "Hash Batches": 1, "Peak Memory Usage": 87, "Node Type": "Hash", "Plan Rows": 1807, "Parallel Aware": false, "Actual Total Time": 5.288, "Parent Relationship": "Inner", "Actual Startup Time": 5.288, "Plan Width": 8, "Actual Loops": 1, "Original Hash Batches": 1, "Total Cost": 1461.0}], "Node Type": "Hash Join", "Plan Rows": 55, "Join Type": "Inner", "Parallel Aware": false, "Actual Total Time": 324.577, "Hash Cond": "(catalog_sales.cs_item_sk = item.i_item_sk)", "Parent Relationship": "Outer", "Actual Startup Time": 120.804, "Plan Width": 8, "Actual Loops": 1, "Total Cost": 61190.08}, {"Hash Buckets": 32768, "Startup Cost": 1712.0, "Plans": [{"Filter": "(ca_gmt_offset = '-5'::numeric)", "Startup Cost": 0.0, "Actual Rows": 18246, "Node Type": "Seq Scan", "Plan Rows": 18218, "Relation Name": "customer_address", "Alias": "customer_address", "Parallel Aware": false, "Actual Total Time": 11.66, "Parent Relationship": "Outer", "Actual Startup Time": 0.01, "Plan Width": 4, "Actual Loops": 1, "Rows Removed by Filter": 31754, "Total Cost": 1712.0}], "Actual Rows": 18246, "Original Hash Buckets": 32768, "Hash Batches": 1, "Peak Memory Usage": 898, "Node Type": "Hash", "Plan Rows": 18218, "Parallel Aware": false, "Actual Total Time": 14.29, "Parent Relationship": "Inner", "Actual Startup Time": 14.29, "Plan Width": 4, "Actual Loops": 1, "Original Hash Batches": 1, "Total Cost": 1712.0}], "Node Type": "Hash Join", "Plan Rows": 20, "Join Type": "Inner", "Parallel Aware": false, "Actual Total Time": 339.205, "Hash Cond": "(catalog_sales.cs_bill_addr_sk = customer_address.ca_address_sk)", "Parent Relationship": "Outer", "Actual Startup Time": 135.113, "Plan Width": 4, "Actual Loops": 1, "Total Cost": 63130.21}], "Node Type": "Aggregate", "Strategy": "Hashed", "Plan Rows": 20, "Parallel Aware": false, "Actual Total Time": 339.362, "Group Key": ["item.i_manufact_id"], "Actual Startup Time": 339.328, "Plan Width": 4, "Actual Loops": 1, "Total Cost": 63130.46}, "Triggers": []}]