[{"Execution Time": 1164.166, "Planning Time": 0.204, "Plan": {"Partial Mode": "Simple", "Startup Cost": 105288.99, "Actual Rows": 5600, "Plans": [{"Startup Cost": 83760.71, "Actual Rows": 1105134, "Plans": [{"Startup Cost": 1831.71, "Actual Rows": 8619, "Plans": [{"Startup Cost": 0.0, "Actual Rows": 94736, "Node Type": "Seq Scan", "Plan Rows": 100000, "Relation Name": "customer", "Alias": "c", "Parallel Aware": false, "Actual Total Time": 12.653, "Parent Relationship": "Outer", "Actual Startup Time": 0.005, "Plan Width": 8, "Actual Loops": 1, "Total Cost": 3855.0}, {"Hash Buckets": 8192, "Startup Cost": 1774.5, "Plans": [{"Filter": "(ca_state = ANY ('{SD,KY,MO}'::bpchar[]))", "Startup Cost": 0.0, "Actual Rows": 4611, "Node Type": "Seq Scan", "Plan Rows": 4577, "Relation Name": "customer_address", "Alias": "ca", "Parallel Aware": false, "Actual Total Time": 15.431, "Parent Relationship": "Outer", "Actual Startup Time": 0.005, "Plan Width": 4, "Actual Loops": 1, "Rows Removed by Filter": 45389, "Total Cost": 1774.5}], "Actual Rows": 4611, "Original Hash Buckets": 8192, "Hash Batches": 1, "Peak Memory Usage": 227, "Node Type": "Hash", "Plan Rows": 4577, "Parallel Aware": false, "Actual Total Time": 16.519, "Parent Relationship": "Inner", "Actual Startup Time": 16.519, "Plan Width": 4, "Actual Loops": 1, "Original Hash Batches": 1, "Total Cost": 1774.5}], "Node Type": "Hash Join", "Plan Rows": 9154, "Join Type": "Inner", "Parallel Aware": false, "Actual Total Time": 49.418, "Hash Cond": "(c.c_current_addr_sk = ca.ca_address_sk)", "Parent Relationship": "Outer", "Actual Startup Time": 16.535, "Plan Width": 4, "Actual Loops": 1, "Total Cost": 6153.25}, {"Hash Buckets": 65536, "Startup Cost": 41036.0, "Plans": [{"Startup Cost": 0.0, "Actual Rows": 1920800, "Node Type": "Seq Scan", "Plan Rows": 1920800, "Relation Name": "customer_demographics", "Alias": "customer_demographics", "Parallel Aware": false, "Actual Total Time": 351.013, "Parent Relationship": "Outer", "Actual Startup Time": 0.011, "Plan Width": 44, "Actual Loops": 1, "Total Cost": 41036.0}], "Actual Rows": 1920800, "Original Hash Buckets": 65536, "Hash Batches": 64, "Peak Memory Usage": 2868, "Node Type": "Hash", "Plan Rows": 1920800, "Parallel Aware": false, "Actual Total Time": 922.47, "Parent Relationship": "Inner", "Actual Startup Time": 922.47, "Plan Width": 44, "Actual Loops": 1, "Original Hash Batches": 64, "Total Cost": 41036.0}], "Node Type": "Hash Join", "Plan Rows": 9154, "Join Type": "Inner", "Parallel Aware": false, "Actual Total Time": 1157.595, "Hash Cond": "(c.c_current_cdemo_sk = customer_demographics.cd_demo_sk)", "Parent Relationship": "Outer", "Actual Startup Time": 939.111, "Plan Width": 40, "Actual Loops": 1, "Total Cost": 105174.56}], "Node Type": "Aggregate", "Strategy": "Hashed", "Plan Rows": 5600, "Parallel Aware": false, "Actual Total Time": 1163.959, "Group Key": ["customer_demographics.cd_gender", "customer_demographics.cd_marital_status", "customer_demographics.cd_education_status", "customer_demographics.cd_purchase_estimate", "customer_demographics.cd_credit_rating"], "Actual Startup Time": 1163.261, "Plan Width": 40, "Actual Loops": 1, "Total Cost": 105344.99}, "Triggers": []}]