[{"Execution Time": 353.468, "Planning Time": 0.226, "Plan": {"Partial Mode": "Simple", "Startup Cost": 63130.94, "Actual Rows": 14964, "Plans": [{"Startup Cost": 5924.17, "Actual Rows": 1150077, "Plans": [{"Startup Cost": 3984.45, "Actual Rows": 2813, "Plans": [{"Startup Cost": 2501.12, "Actual Rows": 29195, "Plans": [{"Startup Cost": 0.0, "Actual Rows": 1343425, "Node Type": "Seq Scan", "Plan Rows": 1427370, "Relation Name": "catalog_sales", "Alias": "catalog_sales", "Parallel Aware": false, "Actual Total Time": 184.069, "Parent Relationship": "Outer", "Actual Startup Time": 0.024, "Plan Width": 12, "Actual Loops": 1, "Total Cost": 51844.7}, {"Hash Buckets": 1024, "Startup Cost": 2500.73, "Plans": [{"Filter": "((d_year = 1998) AND (d_moy = 8))", "Startup Cost": 0.0, "Actual Rows": 31, "Node Type": "Seq Scan", "Plan Rows": 31, "Relation Name": "date_dim", "Alias": "date_dim", "Parallel Aware": false, "Actual Total Time": 11.633, "Parent Relationship": "Outer", "Actual Startup Time": 4.515, "Plan Width": 4, "Actual Loops": 1, "Rows Removed by Filter": 73018, "Total Cost": 2500.73}], "Actual Rows": 31, "Original Hash Buckets": 1024, "Hash Batches": 1, "Peak Memory Usage": 10, "Node Type": "Hash", "Plan Rows": 31, "Parallel Aware": false, "Actual Total Time": 11.642, "Parent Relationship": "Inner", "Actual Startup Time": 11.642, "Plan Width": 4, "Actual Loops": 1, "Original Hash Batches": 1, "Total Cost": 2500.73}], "Node Type": "Hash Join", "Plan Rows": 606, "Join Type": "Inner", "Parallel Aware": false, "Actual Total Time": 310.598, "Hash Cond": "(catalog_sales.cs_sold_date_sk = date_dim.d_date_sk)", "Parent Relationship": "Outer", "Actual Startup Time": 16.078, "Plan Width": 8, "Actual Loops": 1, "Total Cost": 59704.52}, {"Hash Buckets": 2048, "Startup Cost": 1461.0, "Plans": [{"Filter": "(i_category = 'Children'::bpchar)", "Startup Cost": 0.0, "Actual Rows": 1786, "Node Type": "Seq Scan", "Plan Rows": 1786, "Relation Name": "item", "Alias": "item", "Parallel Aware": false, "Actual Total Time": 5.526, "Parent Relationship": "Outer", "Actual Startup Time": 0.011, "Plan Width": 21, "Actual Loops": 1, "Rows Removed by Filter": 16214, "Total Cost": 1461.0}], "Actual Rows": 1786, "Original Hash Buckets": 2048, "Hash Batches": 1, "Peak Memory Usage": 114, "Node Type": "Hash", "Plan Rows": 1786, "Parallel Aware": false, "Actual Total Time": 5.85, "Parent Relationship": "Inner", "Actual Startup Time": 5.85, "Plan Width": 21, "Actual Loops": 1, "Original Hash Batches": 1, "Total Cost": 1461.0}], "Node Type": "Hash Join", "Plan Rows": 60, "Join Type": "Inner", "Parallel Aware": false, "Actual Total Time": 320.381, "Hash Cond": "(catalog_sales.cs_item_sk = item.i_item_sk)", "Parent Relationship": "Outer", "Actual Startup Time": 34.526, "Plan Width": 21, "Actual Loops": 1, "Total Cost": 61190.72}, {"Hash Buckets": 32768, "Startup Cost": 1712.0, "Plans": [{"Filter": "(ca_gmt_offset = '-5'::numeric)", "Startup Cost": 0.0, "Actual Rows": 18246, "Node Type": "Seq Scan", "Plan Rows": 18218, "Relation Name": "customer_address", "Alias": "customer_address", "Parallel Aware": false, "Actual Total Time": 25.525, "Parent Relationship": "Outer", "Actual Startup Time": 0.006, "Plan Width": 4, "Actual Loops": 1, "Rows Removed by Filter": 31754, "Total Cost": 1712.0}], "Actual Rows": 18246, "Original Hash Buckets": 32768, "Hash Batches": 1, "Peak Memory Usage": 898, "Node Type": "Hash", "Plan Rows": 18218, "Parallel Aware": false, "Actual Total Time": 31.678, "Parent Relationship": "Inner", "Actual Startup Time": 31.678, "Plan Width": 4, "Actual Loops": 1, "Original Hash Batches": 1, "Total Cost": 1712.0}], "Node Type": "Hash Join", "Plan Rows": 22, "Join Type": "Inner", "Parallel Aware": false, "Actual Total Time": 352.839, "Hash Cond": "(catalog_sales.cs_bill_addr_sk = customer_address.ca_address_sk)", "Parent Relationship": "Outer", "Actual Startup Time": 66.225, "Plan Width": 17, "Actual Loops": 1, "Total Cost": 63130.89}], "Node Type": "Aggregate", "Strategy": "Hashed", "Plan Rows": 22, "Parallel Aware": false, "Actual Total Time": 353.408, "Group Key": ["item.i_item_id"], "Actual Startup Time": 353.332, "Plan Width": 17, "Actual Loops": 1, "Total Cost": 63131.16}, "Triggers": []}]