[{"Execution Time": 410.085, "Planning Time": 0.593, "Plan": {"Partial Mode": "Simple", "Startup Cost": 62689.09, "Actual Rows": 20, "Plans": [{"Startup Cost": 5374.83, "Actual Rows": 12775682, "Plans": [{"Startup Cost": 5373.71, "Actual Rows": 12047, "Plans": [{"Startup Cost": 2323.93, "Actual Rows": 26759, "Plans": [{"Startup Cost": 2322.65, "Actual Rows": 268173, "Plans": [{"Startup Cost": 0.0, "Actual Rows": 1343425, "Node Type": "Seq Scan", "Plan Rows": 1427370, "Relation Name": "catalog_sales", "Alias": "catalog_sales", "Parallel Aware": false, "Actual Total Time": 181.397, "Parent Relationship": "Outer", "Actual Startup Time": 0.025, "Plan Width": 16, "Actual Loops": 1, "Total Cost": 51844.7}, {"Hash Buckets": 1024, "Startup Cost": 2318.11, "Plans": [{"Filter": "(d_year = 1999)", "Startup Cost": 0.0, "Actual Rows": 365, "Node Type": "Seq Scan", "Plan Rows": 363, "Relation Name": "date_dim", "Alias": "date_dim", "Parallel Aware": false, "Actual Total Time": 9.561, "Parent Relationship": "Outer", "Actual Startup Time": 5.197, "Plan Width": 8, "Actual Loops": 1, "Rows Removed by Filter": 72684, "Total Cost": 2318.11}], "Actual Rows": 365, "Original Hash Buckets": 1024, "Hash Batches": 1, "Peak Memory Usage": 23, "Node Type": "Hash", "Plan Rows": 363, "Parallel Aware": false, "Actual Total Time": 9.607, "Parent Relationship": "Inner", "Actual Startup Time": 9.607, "Plan Width": 8, "Actual Loops": 1, "Original Hash Batches": 1, "Total Cost": 2318.11}], "Node Type": "Hash Join", "Plan Rows": 7093, "Join Type": "Inner", "Parallel Aware": false, "Actual Total Time": 351.729, "Hash Cond": "(catalog_sales.cs_sold_date_sk = date_dim.d_date_sk)", "Parent Relationship": "Outer", "Actual Startup Time": 50.346, "Plan Width": 16, "Actual Loops": 1, "Total Cost": 59590.92}, {"Hash Buckets": 1024, "Startup Cost": 1.25, "Plans": [{"Filter": "(sm_carrier = ANY ('{DIAMOND,ZOUROS}'::bpchar[]))", "Startup Cost": 0.0, "Actual Rows": 2, "Node Type": "Seq Scan", "Plan Rows": 2, "Relation Name": "ship_mode", "Alias": "ship_mode", "Parallel Aware": false, "Actual Total Time": 0.011, "Parent Relationship": "Outer", "Actual Startup Time": 0.008, "Plan Width": 4, "Actual Loops": 1, "Rows Removed by Filter": 18, "Total Cost": 1.25}], "Actual Rows": 2, "Original Hash Buckets": 1024, "Hash Batches": 1, "Peak Memory Usage": 9, "Node Type": "Hash", "Plan Rows": 2, "Parallel Aware": false, "Actual Total Time": 0.013, "Parent Relationship": "Inner", "Actual Startup Time": 0.013, "Plan Width": 4, "Actual Loops": 1, "Original Hash Batches": 1, "Total Cost": 1.25}], "Node Type": "Hash Join", "Plan Rows": 709, "Join Type": "Inner", "Parallel Aware": false, "Actual Total Time": 374.669, "Hash Cond": "(catalog_sales.cs_ship_mode_sk = ship_mode.sm_ship_mode_sk)", "Parent Relationship": "Outer", "Actual Startup Time": 50.661, "Plan Width": 12, "Actual Loops": 1, "Total Cost": 59625.88}, {"Hash Buckets": 32768, "Startup Cost": 2693.0, "Plans": [{"Filter": "((t_time >= 46185) AND (t_time <= 74985))", "Startup Cost": 0.0, "Actual Rows": 28801, "Node Type": "Seq Scan", "Plan Rows": 28543, "Relation Name": "time_dim", "Alias": "time_dim", "Parallel Aware": false, "Actual Total Time": 12.594, "Parent Relationship": "Outer", "Actual Startup Time": 5.053, "Plan Width": 4, "Actual Loops": 1, "Rows Removed by Filter": 57599, "Total Cost": 2693.0}], "Actual Rows": 28801, "Original Hash Buckets": 32768, "Hash Batches": 1, "Peak Memory Usage": 1269, "Node Type": "Hash", "Plan Rows": 28543, "Parallel Aware": false, "Actual Total Time": 16.539, "Parent Relationship": "Inner", "Actual Startup Time": 16.539, "Plan Width": 4, "Actual Loops": 1, "Original Hash Batches": 1, "Total Cost": 2693.0}], "Node Type": "Hash Join", "Plan Rows": 234, "Join Type": "Inner", "Parallel Aware": false, "Actual Total Time": 399.105, "Hash Cond": "(catalog_sales.cs_sold_time_sk = time_dim.t_time_sk)", "Parent Relationship": "Outer", "Actual Startup Time": 83.955, "Plan Width": 8, "Actual Loops": 1, "Total Cost": 62680.67}, {"Hash Buckets": 1024, "Startup Cost": 1.05, "Plans": [{"Startup Cost": 0.0, "Actual Rows": 5, "Node Type": "Seq Scan", "Plan Rows": 5, "Relation Name": "warehouse", "Alias": "warehouse", "Parallel Aware": false, "Actual Total Time": 0.007, "Parent Relationship": "Outer", "Actual Startup Time": 0.005, "Plan Width": 70, "Actual Loops": 1, "Total Cost": 1.05}], "Actual Rows": 5, "Original Hash Buckets": 1024, "Hash Batches": 1, "Peak Memory Usage": 9, "Node Type": "Hash", "Plan Rows": 5, "Parallel Aware": false, "Actual Total Time": 0.013, "Parent Relationship": "Inner", "Actual Startup Time": 0.012, "Plan Width": 70, "Actual Loops": 1, "Original Hash Batches": 1, "Total Cost": 1.05}], "Node Type": "Hash Join", "Plan Rows": 234, "Join Type": "Inner", "Parallel Aware": false, "Actual Total Time": 402.483, "Hash Cond": "(catalog_sales.cs_warehouse_sk = warehouse.w_warehouse_sk)", "Parent Relationship": "Outer", "Actual Startup Time": 83.973, "Plan Width": 70, "Actual Loops": 1, "Total Cost": 62685.0}], "Node Type": "Aggregate", "Strategy": "Hashed", "Plan Rows": 234, "Parallel Aware": false, "Actual Total Time": 410.015, "Group Key": ["warehouse.w_warehouse_name", "warehouse.w_warehouse_sq_ft", "warehouse.w_city", "warehouse.w_county", "warehouse.w_state", "warehouse.w_country", "date_dim.d_year"], "Actual Startup Time": 410.013, "Plan Width": 70, "Actual Loops": 1, "Total Cost": 62691.43}, "Triggers": []}]