[{"Execution Time": 1579.033, "Planning Time": 0.373, "Plan": {"Partial Mode": "Simple", "Startup Cost": 155024.74, "Actual Rows": 172868, "Plans": [{"Startup Cost": 138334.96, "Actual Rows": 159133983, "Plans": [{"Startup Cost": 62033.96, "Actual Rows": 149721, "Plans": [{"Startup Cost": 59821.96, "Actual Rows": 149721, "Plans": [{"Startup Cost": 0.0, "Actual Rows": 94736, "Node Type": "Seq Scan", "Plan Rows": 100000, "Relation Name": "customer", "Alias": "customer", "Parallel Aware": false, "Actual Total Time": 10.16, "Parent Relationship": "Outer", "Actual Startup Time": 0.011, "Plan Width": 12, "Actual Loops": 1, "Total Cost": 3855.0}, {"Hash Buckets": 131072, "Startup Cost": 59755.04, "Plans": [{"Startup Cost": 2504.16, "Actual Rows": 149721, "Plans": [{"Startup Cost": 0.0, "Actual Rows": 1343425, "Node Type": "Seq Scan", "Plan Rows": 1427370, "Relation Name": "catalog_sales", "Alias": "catalog_sales", "Parallel Aware": false, "Actual Total Time": 184.525, "Parent Relationship": "Outer", "Actual Startup Time": 0.071, "Plan Width": 8, "Actual Loops": 1, "Total Cost": 51844.7}, {"Hash Buckets": 1024, "Startup Cost": 2500.73, "Plans": [{"Filter": "((d_qoy < 4) AND (d_year = 2001))", "Startup Cost": 0.0, "Actual Rows": 274, "Node Type": "Seq Scan", "Plan Rows": 274, "Relation Name": "date_dim", "Alias": "date_dim", "Parallel Aware": false, "Actual Total Time": 17.793, "Parent Relationship": "Outer", "Actual Startup Time": 10.413, "Plan Width": 4, "Actual Loops": 1, "Rows Removed by Filter": 72775, "Total Cost": 2500.73}], "Actual Rows": 274, "Original Hash Buckets": 1024, "Hash Batches": 1, "Peak Memory Usage": 18, "Node Type": "Hash", "Plan Rows": 274, "Parallel Aware": false, "Actual Total Time": 17.842, "Parent Relationship": "Inner", "Actual Startup Time": 17.842, "Plan Width": 4, "Actual Loops": 1, "Original Hash Batches": 1, "Total Cost": 2500.73}], "Node Type": "Hash Join", "Plan Rows": 5354, "Join Type": "Inner", "Parallel Aware": false, "Actual Total Time": 337.937, "Hash Cond": "(catalog_sales.cs_sold_date_sk = date_dim.d_date_sk)", "Parent Relationship": "Outer", "Actual Startup Time": 186.436, "Plan Width": 4, "Actual Loops": 1, "Total Cost": 59755.04}], "Actual Rows": 149721, "Original Hash Buckets": 8192, "Hash Batches": 2, "Peak Memory Usage": 3658, "Node Type": "Hash", "Plan Rows": 5354, "Parallel Aware": false, "Actual Total Time": 360.18, "Parent Relationship": "Inner", "Actual Startup Time": 360.18, "Plan Width": 4, "Actual Loops": 1, "Original Hash Batches": 1, "Total Cost": 59755.04}], "Node Type": "Hash Join", "Plan Rows": 5354, "Join Type": "Inner", "Parallel Aware": false, "Actual Total Time": 431.613, "Hash Cond": "(customer.c_customer_sk = catalog_sales.cs_ship_customer_sk)", "Parent Relationship": "Outer", "Actual Startup Time": 360.26, "Plan Width": 8, "Actual Loops": 1, "Total Cost": 64980.5}, {"Hash Buckets": 65536, "Startup Cost": 1587.0, "Plans": [{"Startup Cost": 0.0, "Actual Rows": 50000, "Node Type": "Seq Scan", "Plan Rows": 50000, "Relation Name": "customer_address", "Alias": "customer_address", "Parallel Aware": false, "Actual Total Time": 9.443, "Parent Relationship": "Outer", "Actual Startup Time": 0.009, "Plan Width": 7, "Actual Loops": 1, "Total Cost": 1587.0}], "Actual Rows": 50000, "Original Hash Buckets": 65536, "Hash Batches": 1, "Peak Memory Usage": 2460, "Node Type": "Hash", "Plan Rows": 50000, "Parallel Aware": false, "Actual Total Time": 18.25, "Parent Relationship": "Inner", "Actual Startup Time": 18.25, "Plan Width": 7, "Actual Loops": 1, "Original Hash Batches": 1, "Total Cost": 1587.0}], "Node Type": "Hash Join", "Plan Rows": 5354, "Join Type": "Inner", "Parallel Aware": false, "Actual Total Time": 485.669, "Hash Cond": "(customer.c_current_addr_sk = customer_address.ca_address_sk)", "Parent Relationship": "Outer", "Actual Startup Time": 378.542, "Plan Width": 7, "Actual Loops": 1, "Total Cost": 67266.12}, {"Hash Buckets": 65536, "Startup Cost": 41036.0, "Plans": [{"Startup Cost": 0.0, "Actual Rows": 1920800, "Node Type": "Seq Scan", "Plan Rows": 1920800, "Relation Name": "customer_demographics", "Alias": "customer_demographics", "Parallel Aware": false, "Actual Total Time": 375.651, "Parent Relationship": "Outer", "Actual Startup Time": 0.008, "Plan Width": 20, "Actual Loops": 1, "Total Cost": 41036.0}], "Actual Rows": 1920800, "Original Hash Buckets": 65536, "Hash Batches": 32, "Peak Memory Usage": 3581, "Node Type": "Hash", "Plan Rows": 1920800, "Parallel Aware": false, "Actual Total Time": 808.896, "Parent Relationship": "Inner", "Actual Startup Time": 808.896, "Plan Width": 20, "Actual Loops": 1, "Original Hash Batches": 32, "Total Cost": 41036.0}], "Node Type": "Hash Join", "Plan Rows": 5354, "Join Type": "Inner", "Parallel Aware": false, "Actual Total Time": 1514.059, "Hash Cond": "(customer.c_current_cdemo_sk = customer_demographics.cd_demo_sk)", "Parent Relationship": "Outer", "Actual Startup Time": 1187.978, "Plan Width": 19, "Actual Loops": 1, "Total Cost": 154944.43}], "Node Type": "Aggregate", "Strategy": "Hashed", "Plan Rows": 5354, "Parallel Aware": false, "Actual Total Time": 1578.445, "Group Key": ["customer_address.ca_state", "customer_demographics.cd_gender", "customer_demographics.cd_marital_status", "customer_demographics.cd_dep_count", "customer_demographics.cd_dep_employed_count", "customer_demographics.cd_dep_college_count"], "Actual Startup Time": 1575.651, "Plan Width": 19, "Actual Loops": 1, "Total Cost": 155078.28}, "Triggers": []}]