[{"Execution Time": 651.622, "Planning Time": 0.185, "Plan": {"Partial Mode": "Simple", "Startup Cost": 64198.08, "Actual Rows": 26601327, "Plans": [{"Startup Cost": 59851.81, "Actual Rows": 285872751, "Plans": [{"Startup Cost": 0.0, "Actual Rows": 94736, "Node Type": "Seq Scan", "Plan Rows": 100000, "Relation Name": "customer", "Alias": "customer", "Parallel Aware": false, "Actual Total Time": 9.891, "Parent Relationship": "Outer", "Actual Startup Time": 0.004, "Plan Width": 56, "Actual Loops": 1, "Total Cost": 3855.0}, {"Hash Buckets": 131072, "Startup Cost": 59768.76, "Plans": [{"Startup Cost": 2504.98, "Actual Rows": 269406, "Plans": [{"Startup Cost": 0.0, "Actual Rows": 1343425, "Node Type": "Seq Scan", "Plan Rows": 1427370, "Relation Name": "catalog_sales", "Alias": "catalog_sales", "Parallel Aware": false, "Actual Total Time": 190.033, "Parent Relationship": "Outer", "Actual Startup Time": 0.03, "Plan Width": 8, "Actual Loops": 1, "Total Cost": 51844.7}, {"Hash Buckets": 1024, "Startup Cost": 2500.73, "Plans": [{"Filter": "((d_month_seq >= 1191) AND (d_month_seq <= 1202))", "Startup Cost": 0.0, "Actual Rows": 366, "Node Type": "Seq Scan", "Plan Rows": 340, "Relation Name": "date_dim", "Alias": "date_dim", "Parallel Aware": false, "Actual Total Time": 8.683, "Parent Relationship": "Outer", "Actual Startup Time": 3.693, "Plan Width": 8, "Actual Loops": 1, "Rows Removed by Filter": 72683, "Total Cost": 2500.73}], "Actual Rows": 366, "Original Hash Buckets": 1024, "Hash Batches": 1, "Peak Memory Usage": 23, "Node Type": "Hash", "Plan Rows": 340, "Parallel Aware": false, "Actual Total Time": 8.737, "Parent Relationship": "Inner", "Actual Startup Time": 8.737, "Plan Width": 8, "Actual Loops": 1, "Original Hash Batches": 1, "Total Cost": 2500.73}], "Node Type": "Hash Join", "Plan Rows": 6644, "Join Type": "Inner", "Parallel Aware": false, "Actual Total Time": 358.886, "Hash Cond": "(catalog_sales.cs_sold_date_sk = date_dim.d_date_sk)", "Parent Relationship": "Outer", "Actual Startup Time": 76.965, "Plan Width": 8, "Actual Loops": 1, "Total Cost": 59768.76}], "Actual Rows": 269406, "Original Hash Buckets": 8192, "Hash Batches": 4, "Peak Memory Usage": 3646, "Node Type": "Hash", "Plan Rows": 6644, "Parallel Aware": false, "Actual Total Time": 407.636, "Parent Relationship": "Inner", "Actual Startup Time": 407.636, "Plan Width": 8, "Actual Loops": 1, "Original Hash Batches": 1, "Total Cost": 59768.76}], "Node Type": "Hash Join", "Plan Rows": 6644, "Join Type": "Inner", "Parallel Aware": false, "Actual Total Time": 531.917, "Hash Cond": "(customer.c_customer_sk = catalog_sales.cs_bill_customer_sk)", "Parent Relationship": "Outer", "Actual Startup Time": 407.702, "Plan Width": 56, "Actual Loops": 1, "Total Cost": 64148.25}], "Node Type": "Aggregate", "Strategy": "Hashed", "Plan Rows": 6644, "Parallel Aware": false, "Actual Total Time": 650.625, "Group Key": ["customer.c_last_name", "customer.c_first_name", "date_dim.d_date"], "Actual Startup Time": 644.613, "Plan Width": 56, "Actual Loops": 1, "Total Cost": 64264.52}, "Triggers": []}]