[{"Execution Time": 453.573, "Planning Time": 0.366, "Plan": {"Partial Mode": "Simple", "Startup Cost": 64543.8, "Actual Rows": 0, "Plans": [{"Startup Cost": 58101.78, "Join Filter": "(customer.c_current_addr_sk = customer_address.ca_address_sk)", "Actual Rows": 0, "Plans": [{"Startup Cost": 58101.78, "Actual Rows": 0, "Plans": [{"Startup Cost": 0.0, "Actual Rows": 1, "Node Type": "Seq Scan", "Plan Rows": 100000, "Relation Name": "customer", "Alias": "customer", "Parallel Aware": false, "Actual Total Time": 0.004, "Parent Relationship": "Outer", "Actual Startup Time": 0.004, "Plan Width": 8, "Actual Loops": 1, "Total Cost": 3855.0}, {"Hash Buckets": 1024, "Startup Cost": 58101.77, "Plans": [{"Startup Cost": 0.0, "Join Filter": "(catalog_sales.cs_sold_date_sk = date_dim.d_date_sk)", "Actual Rows": 0, "Plans": [{"Filter": "(cs_sales_price > '500'::numeric)", "Startup Cost": 0.0, "Actual Rows": 0, "Node Type": "Seq Scan", "Plan Rows": 136, "Relation Name": "catalog_sales", "Alias": "catalog_sales", "Parallel Aware": false, "Actual Total Time": 453.519, "Parent Relationship": "Outer", "Actual Startup Time": 453.519, "Plan Width": 8, "Actual Loops": 1, "Rows Removed by Filter": 1343425, "Total Cost": 55413.12}, {"Startup Cost": 0.0, "Actual Rows": 0, "Plans": [{"Filter": "((d_qoy = 2) AND (d_year = 1998))", "Startup Cost": 0.0, "Actual Rows": 0, "Node Type": "Seq Scan", "Plan Rows": 92, "Relation Name": "date_dim", "Alias": "date_dim", "Parallel Aware": false, "Actual Total Time": 0.0, "Parent Relationship": "Outer", "Actual Startup Time": 0.0, "Plan Width": 4, "Actual Loops": 0, "Rows Removed by Filter": 0, "Total Cost": 2500.73}], "Node Type": "Materialize", "Plan Rows": 92, "Parallel Aware": false, "Actual Total Time": 0.0, "Parent Relationship": "Inner", "Actual Startup Time": 0.0, "Plan Width": 4, "Actual Loops": 0, "Total Cost": 2501.19}], "Node Type": "Nested Loop", "Plan Rows": 1, "Join Type": "Inner", "Rows Removed by Join Filter": 0, "Parallel Aware": false, "Actual Total Time": 453.521, "Parent Relationship": "Outer", "Actual Startup Time": 453.521, "Plan Width": 4, "Actual Loops": 1, "Total Cost": 58101.77}], "Actual Rows": 0, "Original Hash Buckets": 1024, "Hash Batches": 1, "Peak Memory Usage": 8, "Node Type": "Hash", "Plan Rows": 1, "Parallel Aware": false, "Actual Total Time": 453.521, "Parent Relationship": "Inner", "Actual Startup Time": 453.521, "Plan Width": 4, "Actual Loops": 1, "Original Hash Batches": 1, "Total Cost": 58101.77}], "Node Type": "Hash Join", "Plan Rows": 1, "Join Type": "Inner", "Parallel Aware": false, "Actual Total Time": 453.529, "Hash Cond": "(customer.c_customer_sk = catalog_sales.cs_bill_customer_sk)", "Parent Relationship": "Outer", "Actual Startup Time": 453.529, "Plan Width": 4, "Actual Loops": 1, "Total Cost": 62331.79}, {"Startup Cost": 0.0, "Actual Rows": 0, "Node Type": "Seq Scan", "Plan Rows": 50000, "Relation Name": "customer_address", "Alias": "customer_address", "Parallel Aware": false, "Actual Total Time": 0.0, "Parent Relationship": "Inner", "Actual Startup Time": 0.0, "Plan Width": 15, "Actual Loops": 0, "Total Cost": 1587.0}], "Node Type": "Nested Loop", "Plan Rows": 1, "Join Type": "Inner", "Rows Removed by Join Filter": 0, "Parallel Aware": false, "Actual Total Time": 453.529, "Parent Relationship": "Outer", "Actual Startup Time": 453.529, "Plan Width": 11, "Actual Loops": 1, "Total Cost": 64543.79}], "Node Type": "Aggregate", "Strategy": "Hashed", "Plan Rows": 1, "Parallel Aware": false, "Actual Total Time": 453.531, "Group Key": ["customer_address.ca_zip"], "Actual Startup Time": 453.531, "Plan Width": 11, "Actual Loops": 1, "Total Cost": 64543.81}, "Triggers": []}]