[{"Execution Time": 546.95, "Planning Time": 0.211, "Plan": {"Partial Mode": "Simple", "Startup Cost": 90502.92, "Actual Rows": 11, "Plans": [{"Startup Cost": 3966.11, "Actual Rows": 1597544, "Plans": [{"Startup Cost": 2501.1, "Actual Rows": 78285, "Plans": [{"Startup Cost": 0.0, "Actual Rows": 2485280, "Node Type": "Seq Scan", "Plan Rows": 2622557, "Relation Name": "store_sales", "Alias": "store_sales", "Parallel Aware": false, "Actual Total Time": 297.887, "Parent Relationship": "Outer", "Actual Startup Time": 0.026, "Plan Width": 8, "Actual Loops": 1, "Total Cost": 76687.57}, {"Hash Buckets": 1024, "Startup Cost": 2500.73, "Plans": [{"Filter": "((d_moy = 11) AND (d_year = 2001))", "Startup Cost": 0.0, "Actual Rows": 30, "Node Type": "Seq Scan", "Plan Rows": 29, "Relation Name": "date_dim", "Alias": "date_dim", "Parallel Aware": false, "Actual Total Time": 9.892, "Parent Relationship": "Outer", "Actual Startup Time": 5.212, "Plan Width": 8, "Actual Loops": 1, "Rows Removed by Filter": 73019, "Total Cost": 2500.73}], "Actual Rows": 30, "Original Hash Buckets": 1024, "Hash Batches": 1, "Peak Memory Usage": 10, "Node Type": "Hash", "Plan Rows": 29, "Parallel Aware": false, "Actual Total Time": 9.899, "Parent Relationship": "Inner", "Actual Startup Time": 9.899, "Plan Width": 8, "Actual Loops": 1, "Original Hash Batches": 1, "Total Cost": 2500.73}], "Node Type": "Hash Join", "Plan Rows": 1041, "Join Type": "Inner", "Parallel Aware": false, "Actual Total Time": 530.951, "Hash Cond": "(store_sales.ss_sold_date_sk = date_dim.d_date_sk)", "Parent Relationship": "Outer", "Actual Startup Time": 10.129, "Plan Width": 8, "Actual Loops": 1, "Total Cost": 89033.67}, {"Hash Buckets": 1024, "Startup Cost": 1461.0, "Plans": [{"Filter": "(i_manager_id = 1)", "Startup Cost": 0.0, "Actual Rows": 321, "Node Type": "Seq Scan", "Plan Rows": 321, "Relation Name": "item", "Alias": "item", "Parallel Aware": false, "Actual Total Time": 5.19, "Parent Relationship": "Outer", "Actual Startup Time": 0.02, "Plan Width": 59, "Actual Loops": 1, "Rows Removed by Filter": 17679, "Total Cost": 1461.0}], "Actual Rows": 321, "Original Hash Buckets": 1024, "Hash Batches": 1, "Peak Memory Usage": 37, "Node Type": "Hash", "Plan Rows": 321, "Parallel Aware": false, "Actual Total Time": 5.307, "Parent Relationship": "Inner", "Actual Startup Time": 5.307, "Plan Width": 59, "Actual Loops": 1, "Original Hash Batches": 1, "Total Cost": 1461.0}], "Node Type": "Hash Join", "Plan Rows": 19, "Join Type": "Inner", "Parallel Aware": false, "Actual Total Time": 545.637, "Hash Cond": "(store_sales.ss_item_sk = item.i_item_sk)", "Parent Relationship": "Outer", "Actual Startup Time": 15.443, "Plan Width": 59, "Actual Loops": 1, "Total Cost": 90502.77}], "Node Type": "Aggregate", "Strategy": "Hashed", "Plan Rows": 19, "Parallel Aware": false, "Actual Total Time": 546.916, "Group Key": ["date_dim.d_year", "item.i_category_id", "item.i_category"], "Actual Startup Time": 546.914, "Plan Width": 59, "Actual Loops": 1, "Total Cost": 90503.11}, "Triggers": []}]