[{"Execution Time": 592.571, "Planning Time": 0.36, "Plan": {"Partial Mode": "Simple", "Startup Cost": 91756.64, "Actual Rows": 97439, "Plans": [{"Startup Cost": 5172.36, "Actual Rows": 1014288, "Plans": [{"Startup Cost": 2960.36, "Actual Rows": 23551, "Plans": [{"Startup Cost": 2959.06, "Actual Rows": 23551, "Plans": [{"Startup Cost": 2775.56, "Actual Rows": 95483, "Plans": [{"Startup Cost": 0.0, "Actual Rows": 2485280, "Node Type": "Seq Scan", "Plan Rows": 2622557, "Relation Name": "store_sales", "Alias": "store_sales", "Parallel Aware": false, "Actual Total Time": 290.255, "Parent Relationship": "Outer", "Actual Startup Time": 0.028, "Plan Width": 20, "Actual Loops": 1, "Total Cost": 76687.57}, {"Hash Buckets": 1024, "Startup Cost": 2774.67, "Plans": [{"Filter": "((d_dom >= 1) AND (d_dom <= 2) AND (d_year = ANY ('{1998,1999,2000}'::integer[])))", "Startup Cost": 0.0, "Actual Rows": 72, "Node Type": "Seq Scan", "Plan Rows": 71, "Relation Name": "date_dim", "Alias": "date_dim", "Parallel Aware": false, "Actual Total Time": 19.966, "Parent Relationship": "Outer", "Actual Startup Time": 12.81, "Plan Width": 4, "Actual Loops": 1, "Rows Removed by Filter": 72977, "Total Cost": 2774.67}], "Actual Rows": 72, "Original Hash Buckets": 1024, "Hash Batches": 1, "Peak Memory Usage": 11, "Node Type": "Hash", "Plan Rows": 71, "Parallel Aware": false, "Actual Total Time": 19.998, "Parent Relationship": "Inner", "Actual Startup Time": 19.998, "Plan Width": 4, "Actual Loops": 1, "Original Hash Batches": 1, "Total Cost": 2774.67}], "Node Type": "Hash Join", "Plan Rows": 2549, "Join Type": "Inner", "Parallel Aware": false, "Actual Total Time": 532.047, "Hash Cond": "(store_sales.ss_sold_date_sk = date_dim.d_date_sk)", "Parent Relationship": "Outer", "Actual Startup Time": 20.088, "Plan Width": 16, "Actual Loops": 1, "Total Cost": 89323.21}, {"Hash Buckets": 2048, "Startup Cost": 161.0, "Plans": [{"Filter": "((hd_dep_count = 9) OR (hd_vehicle_count = 3))", "Startup Cost": 0.0, "Actual Rows": 1800, "Node Type": "Seq Scan", "Plan Rows": 1800, "Relation Name": "household_demographics", "Alias": "household_demographics", "Parallel Aware": false, "Actual Total Time": 1.99, "Parent Relationship": "Outer", "Actual Startup Time": 0.216, "Plan Width": 4, "Actual Loops": 1, "Rows Removed by Filter": 5400, "Total Cost": 161.0}], "Actual Rows": 1800, "Original Hash Buckets": 2048, "Hash Batches": 1, "Peak Memory Usage": 80, "Node Type": "Hash", "Plan Rows": 1800, "Parallel Aware": false, "Actual Total Time": 2.313, "Parent Relationship": "Inner", "Actual Startup Time": 2.313, "Plan Width": 4, "Actual Loops": 1, "Original Hash Batches": 1, "Total Cost": 161.0}], "Node Type": "Hash Join", "Plan Rows": 637, "Join Type": "Inner", "Parallel Aware": false, "Actual Total Time": 546.829, "Hash Cond": "(store_sales.ss_hdemo_sk = household_demographics.hd_demo_sk)", "Parent Relationship": "Outer", "Actual Startup Time": 22.782, "Plan Width": 12, "Actual Loops": 1, "Total Cost": 89522.63}, {"Hash Buckets": 1024, "Startup Cost": 1.15, "Plans": [{"Filter": "((s_city)::text = ANY ('{Midway,Fairview}'::text[]))", "Startup Cost": 0.0, "Actual Rows": 12, "Node Type": "Seq Scan", "Plan Rows": 12, "Relation Name": "store", "Alias": "store", "Parallel Aware": false, "Actual Total Time": 0.019, "Parent Relationship": "Outer", "Actual Startup Time": 0.011, "Plan Width": 4, "Actual Loops": 1, "Rows Removed by Filter": 0, "Total Cost": 1.15}], "Actual Rows": 12, "Original Hash Buckets": 1024, "Hash Batches": 1, "Peak Memory Usage": 9, "Node Type": "Hash", "Plan Rows": 12, "Parallel Aware": false, "Actual Total Time": 0.021, "Parent Relationship": "Inner", "Actual Startup Time": 0.021, "Plan Width": 4, "Actual Loops": 1, "Original Hash Batches": 1, "Total Cost": 1.15}], "Node Type": "Hash Join", "Plan Rows": 637, "Join Type": "Inner", "Parallel Aware": false, "Actual Total Time": 552.06, "Hash Cond": "(store_sales.ss_store_sk = store.s_store_sk)", "Parent Relationship": "Outer", "Actual Startup Time": 22.814, "Plan Width": 8, "Actual Loops": 1, "Total Cost": 89532.69}, {"Hash Buckets": 65536, "Startup Cost": 1587.0, "Plans": [{"Startup Cost": 0.0, "Actual Rows": 50000, "Node Type": "Seq Scan", "Plan Rows": 50000, "Relation Name": "customer_address", "Alias": "customer_address", "Parallel Aware": false, "Actual Total Time": 13.352, "Parent Relationship": "Outer", "Actual Startup Time": 0.005, "Plan Width": 13, "Actual Loops": 1, "Total Cost": 1587.0}], "Actual Rows": 50000, "Original Hash Buckets": 65536, "Hash Batches": 1, "Peak Memory Usage": 2807, "Node Type": "Hash", "Plan Rows": 50000, "Parallel Aware": false, "Actual Total Time": 26.949, "Parent Relationship": "Inner", "Actual Startup Time": 26.949, "Plan Width": 13, "Actual Loops": 1, "Original Hash Batches": 1, "Total Cost": 1587.0}], "Node Type": "Hash Join", "Plan Rows": 637, "Join Type": "Inner", "Parallel Aware": false, "Actual Total Time": 585.124, "Hash Cond": "(store_sales.ss_addr_sk = customer_address.ca_address_sk)", "Parent Relationship": "Outer", "Actual Startup Time": 49.785, "Plan Width": 13, "Actual Loops": 1, "Total Cost": 91753.45}], "Node Type": "Aggregate", "Strategy": "Hashed", "Plan Rows": 637, "Parallel Aware": false, "Actual Total Time": 592.456, "Group Key": ["store_sales.ss_ticket_number", "customer_address.ca_city"], "Actual Startup Time": 592.188, "Plan Width": 13, "Actual Loops": 1, "Total Cost": 91763.01}, "Triggers": []}]