[{"Execution Time": 747.398, "Planning Time": 34.871, "Plan": {"Partial Mode": "Simple", "Startup Cost": 60038.33, "Actual Rows": 2394, "Plans": [{"Startup Cost": 2508.06, "Actual Rows": 284966723, "Plans": [{"Startup Cost": 2506.92, "Actual Rows": 267478, "Plans": [{"Startup Cost": 2505.47, "Actual Rows": 267484, "Plans": [{"Startup Cost": 2504.36, "Actual Rows": 267493, "Plans": [{"Startup Cost": 0.0, "Actual Rows": 1343425, "Node Type": "Seq Scan", "Plan Rows": 1427370, "Relation Name": "catalog_sales", "Alias": "catalog_sales", "Parallel Aware": false, "Actual Total Time": 208.669, "Parent Relationship": "Outer", "Actual Startup Time": 0.048, "Plan Width": 16, "Actual Loops": 1, "Total Cost": 51844.7}, {"Hash Buckets": 1024, "Startup Cost": 2500.73, "Plans": [{"Filter": "((d_month_seq >= 1183) AND (d_month_seq <= 1194))", "Startup Cost": 0.0, "Actual Rows": 365, "Node Type": "Seq Scan", "Plan Rows": 290, "Relation Name": "date_dim", "Alias": "date_dim", "Parallel Aware": false, "Actual Total Time": 49.175, "Parent Relationship": "Outer", "Actual Startup Time": 17.258, "Plan Width": 4, "Actual Loops": 1, "Rows Removed by Filter": 72684, "Total Cost": 2500.73}], "Actual Rows": 365, "Original Hash Buckets": 1024, "Hash Batches": 1, "Peak Memory Usage": 21, "Node Type": "Hash", "Plan Rows": 290, "Parallel Aware": false, "Actual Total Time": 49.479, "Parent Relationship": "Inner", "Actual Startup Time": 49.479, "Plan Width": 4, "Actual Loops": 1, "Original Hash Batches": 1, "Total Cost": 2500.73}], "Node Type": "Hash Join", "Plan Rows": 5667, "Join Type": "Inner", "Parallel Aware": false, "Actual Total Time": 457.865, "Hash Cond": "(catalog_sales.cs_ship_date_sk = date_dim.d_date_sk)", "Parent Relationship": "Outer", "Actual Startup Time": 69.448, "Plan Width": 12, "Actual Loops": 1, "Total Cost": 59758.37}, {"Hash Buckets": 1024, "Startup Cost": 1.05, "Plans": [{"Startup Cost": 0.0, "Actual Rows": 5, "Node Type": "Seq Scan", "Plan Rows": 5, "Relation Name": "warehouse", "Alias": "warehouse", "Parallel Aware": false, "Actual Total Time": 0.006, "Parent Relationship": "Outer", "Actual Startup Time": 0.005, "Plan Width": 22, "Actual Loops": 1, "Total Cost": 1.05}], "Actual Rows": 5, "Original Hash Buckets": 1024, "Hash Batches": 1, "Peak Memory Usage": 9, "Node Type": "Hash", "Plan Rows": 5, "Parallel Aware": false, "Actual Total Time": 0.012, "Parent Relationship": "Inner", "Actual Startup Time": 0.012, "Plan Width": 22, "Actual Loops": 1, "Original Hash Batches": 1, "Total Cost": 1.05}], "Node Type": "Hash Join", "Plan Rows": 5667, "Join Type": "Inner", "Parallel Aware": false, "Actual Total Time": 516.321, "Hash Cond": "(catalog_sales.cs_warehouse_sk = warehouse.w_warehouse_sk)", "Parent Relationship": "Outer", "Actual Startup Time": 69.47, "Plan Width": 26, "Actual Loops": 1, "Total Cost": 59837.4}, {"Hash Buckets": 1024, "Startup Cost": 1.2, "Plans": [{"Startup Cost": 0.0, "Actual Rows": 20, "Node Type": "Seq Scan", "Plan Rows": 20, "Relation Name": "ship_mode", "Alias": "ship_mode", "Parallel Aware": false, "Actual Total Time": 0.017, "Parent Relationship": "Outer", "Actual Startup Time": 0.009, "Plan Width": 35, "Actual Loops": 1, "Total Cost": 1.2}], "Actual Rows": 20, "Original Hash Buckets": 1024, "Hash Batches": 1, "Peak Memory Usage": 10, "Node Type": "Hash", "Plan Rows": 20, "Parallel Aware": false, "Actual Total Time": 0.027, "Parent Relationship": "Inner", "Actual Startup Time": 0.027, "Plan Width": 35, "Actual Loops": 1, "Original Hash Batches": 1, "Total Cost": 1.2}], "Node Type": "Hash Join", "Plan Rows": 5667, "Join Type": "Inner", "Parallel Aware": false, "Actual Total Time": 573.244, "Hash Cond": "(catalog_sales.cs_ship_mode_sk = ship_mode.sm_ship_mode_sk)", "Parent Relationship": "Outer", "Actual Startup Time": 69.508, "Plan Width": 53, "Actual Loops": 1, "Total Cost": 59916.77}, {"Hash Buckets": 1024, "Startup Cost": 1.06, "Plans": [{"Startup Cost": 0.0, "Actual Rows": 6, "Node Type": "Seq Scan", "Plan Rows": 6, "Relation Name": "call_center", "Alias": "call_center", "Parallel Aware": false, "Actual Total Time": 0.025, "Parent Relationship": "Outer", "Actual Startup Time": 0.019, "Plan Width": 16, "Actual Loops": 1, "Total Cost": 1.06}], "Actual Rows": 6, "Original Hash Buckets": 1024, "Hash Batches": 1, "Peak Memory Usage": 9, "Node Type": "Hash", "Plan Rows": 6, "Parallel Aware": false, "Actual Total Time": 0.037, "Parent Relationship": "Inner", "Actual Startup Time": 0.037, "Plan Width": 16, "Actual Loops": 1, "Original Hash Batches": 1, "Total Cost": 1.06}], "Node Type": "Hash Join", "Plan Rows": 5667, "Join Type": "Inner", "Parallel Aware": false, "Actual Total Time": 631.005, "Hash Cond": "(catalog_sales.cs_call_center_sk = call_center.cc_call_center_sk)", "Parent Relationship": "Outer", "Actual Startup Time": 69.56, "Plan Width": 61, "Actual Loops": 1, "Total Cost": 59995.83}], "Node Type": "Aggregate", "Strategy": "Hashed", "Plan Rows": 72, "Parallel Aware": false, "Actual Total Time": 747.261, "Group Key": ["warehouse.w_warehouse_name", "ship_mode.sm_type", "call_center.cc_name"], "Actual Startup Time": 747.25, "Plan Width": 61, "Actual Loops": 1, "Total Cost": 60039.05}, "Triggers": []}]