[{"Execution Time": 848.127, "Planning Time": 1.121, "Plan": {"Partial Mode": "Simple", "Startup Cost": 119574.99, "Actual Rows": 2108323, "Plans": [{"Startup Cost": 68426.07, "Actual Rows": 2131708, "Plans": [{"Startup Cost": 66785.07, "Actual Rows": 1828, "Plans": [{"Filter": "((cd_gender = 'F'::bpchar) AND (cd_education_status = '4 yr Degree'::bpchar))", "Startup Cost": 0.0, "Actual Rows": 137200, "Node Type": "Seq Scan", "Plan Rows": 135281, "Relation Name": "customer_demographics", "Alias": "customer_demographics", "Parallel Aware": false, "Actual Total Time": 355.234, "Parent Relationship": "Outer", "Actual Startup Time": 0.024, "Plan Width": 4, "Actual Loops": 1, "Rows Removed by Filter": 1783600, "Total Cost": 50640.0}, {"Hash Buckets": 32768, "Startup Cost": 66776.53, "Plans": [{"Startup Cost": 9474.83, "Actual Rows": 26267, "Plans": [{"Startup Cost": 2322.65, "Actual Rows": 268728, "Plans": [{"Startup Cost": 0.0, "Actual Rows": 1343425, "Node Type": "Seq Scan", "Plan Rows": 1427370, "Relation Name": "catalog_sales", "Alias": "catalog_sales", "Parallel Aware": false, "Actual Total Time": 182.537, "Parent Relationship": "Outer", "Actual Startup Time": 0.027, "Plan Width": 16, "Actual Loops": 1, "Total Cost": 51844.7}, {"Hash Buckets": 1024, "Startup Cost": 2318.11, "Plans": [{"Filter": "(d_year = 2001)", "Startup Cost": 0.0, "Actual Rows": 365, "Node Type": "Seq Scan", "Plan Rows": 363, "Relation Name": "date_dim", "Alias": "date_dim", "Parallel Aware": false, "Actual Total Time": 10.413, "Parent Relationship": "Outer", "Actual Startup Time": 5.047, "Plan Width": 4, "Actual Loops": 1, "Rows Removed by Filter": 72684, "Total Cost": 2318.11}], "Actual Rows": 365, "Original Hash Buckets": 1024, "Hash Batches": 1, "Peak Memory Usage": 21, "Node Type": "Hash", "Plan Rows": 363, "Parallel Aware": false, "Actual Total Time": 10.468, "Parent Relationship": "Inner", "Actual Startup Time": 10.468, "Plan Width": 4, "Actual Loops": 1, "Original Hash Batches": 1, "Total Cost": 2318.11}], "Node Type": "Hash Join", "Plan Rows": 7093, "Join Type": "Inner", "Parallel Aware": false, "Actual Total Time": 359.624, "Hash Cond": "(catalog_sales.cs_sold_date_sk = date_dim.d_date_sk)", "Parent Relationship": "Outer", "Actual Startup Time": 170.483, "Plan Width": 12, "Actual Loops": 1, "Total Cost": 59590.92}, {"Hash Buckets": 16384, "Startup Cost": 7031.78, "Plans": [{"Startup Cost": 2148.69, "Actual Rows": 9358, "Plans": [{"Filter": "(c_birth_month = ANY ('{6,5,12,4,3,7}'::integer[]))", "Startup Cost": 0.0, "Actual Rows": 47269, "Node Type": "Seq Scan", "Plan Rows": 48473, "Relation Name": "customer", "Alias": "customer", "Parallel Aware": false, "Actual Total Time": 31.545, "Parent Relationship": "Outer", "Actual Startup Time": 0.007, "Plan Width": 8, "Actual Loops": 1, "Rows Removed by Filter": 47467, "Total Cost": 4605.0}, {"Hash Buckets": 16384, "Startup Cost": 2024.5, "Plans": [{"Filter": "(ca_state = ANY ('{TN,IL,GA,MO,CO,OH,NM}'::bpchar[]))", "Startup Cost": 0.0, "Actual Rows": 9924, "Node Type": "Seq Scan", "Plan Rows": 9935, "Relation Name": "customer_address", "Alias": "customer_address", "Parallel Aware": false, "Actual Total Time": 14.908, "Parent Relationship": "Outer", "Actual Startup Time": 0.007, "Plan Width": 35, "Actual Loops": 1, "Rows Removed by Filter": 40076, "Total Cost": 2024.5}], "Actual Rows": 9924, "Original Hash Buckets": 16384, "Hash Batches": 1, "Peak Memory Usage": 795, "Node Type": "Hash", "Plan Rows": 9935, "Parallel Aware": false, "Actual Total Time": 17.106, "Parent Relationship": "Inner", "Actual Startup Time": 17.106, "Plan Width": 35, "Actual Loops": 1, "Original Hash Batches": 1, "Total Cost": 2024.5}], "Node Type": "Hash Join", "Plan Rows": 9632, "Join Type": "Inner", "Parallel Aware": false, "Actual Total Time": 60.028, "Hash Cond": "(customer.c_current_addr_sk = customer_address.ca_address_sk)", "Parent Relationship": "Outer", "Actual Startup Time": 17.129, "Plan Width": 35, "Actual Loops": 1, "Total Cost": 7031.78}], "Actual Rows": 9358, "Original Hash Buckets": 16384, "Hash Batches": 1, "Peak Memory Usage": 742, "Node Type": "Hash", "Plan Rows": 9632, "Parallel Aware": false, "Actual Total Time": 63.269, "Parent Relationship": "Inner", "Actual Startup Time": 63.269, "Plan Width": 35, "Actual Loops": 1, "Original Hash Batches": 1, "Total Cost": 7031.78}], "Node Type": "Hash Join", "Plan Rows": 683, "Join Type": "Inner", "Parallel Aware": false, "Actual Total Time": 453.685, "Hash Cond": "(catalog_sales.cs_bill_customer_sk = customer.c_customer_sk)", "Parent Relationship": "Outer", "Actual Startup Time": 234.016, "Plan Width": 39, "Actual Loops": 1, "Total Cost": 66776.53}], "Actual Rows": 26264, "Original Hash Buckets": 1024, "Hash Batches": 1, "Peak Memory Usage": 2082, "Node Type": "Hash", "Plan Rows": 683, "Parallel Aware": false, "Actual Total Time": 460.198, "Parent Relationship": "Inner", "Actual Startup Time": 460.198, "Plan Width": 39, "Actual Loops": 1, "Original Hash Batches": 1, "Total Cost": 66776.53}], "Node Type": "Hash Join", "Plan Rows": 48, "Join Type": "Inner", "Parallel Aware": false, "Actual Total Time": 838.519, "Hash Cond": "(customer_demographics.cd_demo_sk = catalog_sales.cs_bill_cdemo_sk)", "Parent Relationship": "Outer", "Actual Startup Time": 461.17, "Plan Width": 35, "Actual Loops": 1, "Total Cost": 117932.85}, {"Hash Buckets": 32768, "Startup Cost": 1416.0, "Plans": [{"Startup Cost": 0.0, "Actual Rows": 18000, "Node Type": "Seq Scan", "Plan Rows": 18000, "Relation Name": "item", "Alias": "item", "Parallel Aware": false, "Actual Total Time": 3.39, "Parent Relationship": "Outer", "Actual Startup Time": 0.01, "Plan Width": 21, "Actual Loops": 1, "Total Cost": 1416.0}], "Actual Rows": 18000, "Original Hash Buckets": 32768, "Hash Batches": 1, "Peak Memory Usage": 1241, "Node Type": "Hash", "Plan Rows": 18000, "Parallel Aware": false, "Actual Total Time": 6.896, "Parent Relationship": "Inner", "Actual Startup Time": 6.896, "Plan Width": 21, "Actual Loops": 1, "Original Hash Batches": 1, "Total Cost": 1416.0}], "Node Type": "Hash Join", "Plan Rows": 48, "Join Type": "Inner", "Parallel Aware": false, "Actual Total Time": 846.402, "Hash Cond": "(catalog_sales.cs_item_sk = item.i_item_sk)", "Parent Relationship": "Outer", "Actual Startup Time": 468.085, "Plan Width": 48, "Actual Loops": 1, "Total Cost": 119574.51}], "Node Type": "Aggregate", "Strategy": "Hashed", "Plan Rows": 48, "Parallel Aware": false, "Actual Total Time": 847.961, "Group Key": ["item.i_item_id", "customer_address.ca_country", "customer_address.ca_state", "customer_address.ca_county"], "Actual Startup Time": 847.711, "Plan Width": 48, "Actual Loops": 1, "Total Cost": 119575.47}, "Triggers": []}]