[{"Execution Time": 697.686, "Planning Time": 0.243, "Plan": {"Partial Mode": "Simple", "Startup Cost": 89566.11, "Actual Rows": 119349576, "Plans": [{"Startup Cost": 2832.8, "Actual Rows": 306475316, "Plans": [{"Startup Cost": 2831.47, "Actual Rows": 181625, "Plans": [{"Startup Cost": 2593.97, "Actual Rows": 213065, "Plans": [{"Startup Cost": 0.0, "Actual Rows": 2485280, "Node Type": "Seq Scan", "Plan Rows": 2622557, "Relation Name": "store_sales", "Alias": "store_sales", "Parallel Aware": false, "Actual Total Time": 301.548, "Parent Relationship": "Outer", "Actual Startup Time": 0.023, "Plan Width": 16, "Actual Loops": 1, "Total Cost": 76687.57}, {"Hash Buckets": 1024, "Startup Cost": 2592.05, "Plans": [{"Filter": "((d_dow = 1) AND (d_year = ANY ('{1999,2000,2001}'::integer[])))", "Startup Cost": 0.0, "Actual Rows": 157, "Node Type": "Seq Scan", "Plan Rows": 154, "Relation Name": "date_dim", "Alias": "date_dim", "Parallel Aware": false, "Actual Total Time": 13.445, "Parent Relationship": "Outer", "Actual Startup Time": 4.945, "Plan Width": 4, "Actual Loops": 1, "Rows Removed by Filter": 72892, "Total Cost": 2592.05}], "Actual Rows": 157, "Original Hash Buckets": 1024, "Hash Batches": 1, "Peak Memory Usage": 14, "Node Type": "Hash", "Plan Rows": 154, "Parallel Aware": false, "Actual Total Time": 13.47, "Parent Relationship": "Inner", "Actual Startup Time": 13.47, "Plan Width": 4, "Actual Loops": 1, "Original Hash Batches": 1, "Total Cost": 2592.05}], "Node Type": "Hash Join", "Plan Rows": 5529, "Join Type": "Inner", "Parallel Aware": false, "Actual Total Time": 568.68, "Hash Cond": "(store_sales.ss_sold_date_sk = date_dim.d_date_sk)", "Parent Relationship": "Outer", "Actual Startup Time": 13.605, "Plan Width": 12, "Actual Loops": 1, "Total Cost": 89171.42}, {"Hash Buckets": 8192, "Startup Cost": 161.0, "Plans": [{"Filter": "((hd_dep_count = 1) OR (hd_vehicle_count > '-1'::integer))", "Startup Cost": 0.0, "Actual Rows": 6120, "Node Type": "Seq Scan", "Plan Rows": 6120, "Relation Name": "household_demographics", "Alias": "household_demographics", "Parallel Aware": false, "Actual Total Time": 1.618, "Parent Relationship": "Outer", "Actual Startup Time": 0.005, "Plan Width": 4, "Actual Loops": 1, "Rows Removed by Filter": 1080, "Total Cost": 161.0}], "Actual Rows": 6120, "Original Hash Buckets": 8192, "Hash Batches": 1, "Peak Memory Usage": 280, "Node Type": "Hash", "Plan Rows": 6120, "Parallel Aware": false, "Actual Total Time": 2.419, "Parent Relationship": "Inner", "Actual Startup Time": 2.419, "Plan Width": 4, "Actual Loops": 1, "Original Hash Batches": 1, "Total Cost": 161.0}], "Node Type": "Hash Join", "Plan Rows": 4700, "Join Type": "Inner", "Parallel Aware": false, "Actual Total Time": 616.849, "Hash Cond": "(store_sales.ss_hdemo_sk = household_demographics.hd_demo_sk)", "Parent Relationship": "Outer", "Actual Startup Time": 16.03, "Plan Width": 8, "Actual Loops": 1, "Total Cost": 89476.65}, {"Hash Buckets": 1024, "Startup Cost": 1.18, "Plans": [{"Filter": "((s_number_employees >= 200) AND (s_number_employees <= 295))", "Startup Cost": 0.0, "Actual Rows": 11, "Node Type": "Seq Scan", "Plan Rows": 12, "Relation Name": "store", "Alias": "store", "Parallel Aware": false, "Actual Total Time": 0.01, "Parent Relationship": "Outer", "Actual Startup Time": 0.006, "Plan Width": 11, "Actual Loops": 1, "Rows Removed by Filter": 1, "Total Cost": 1.18}], "Actual Rows": 11, "Original Hash Buckets": 1024, "Hash Batches": 1, "Peak Memory Usage": 9, "Node Type": "Hash", "Plan Rows": 12, "Parallel Aware": false, "Actual Total Time": 0.013, "Parent Relationship": "Inner", "Actual Startup Time": 0.013, "Plan Width": 11, "Actual Loops": 1, "Original Hash Batches": 1, "Total Cost": 1.18}], "Node Type": "Hash Join", "Plan Rows": 4700, "Join Type": "Inner", "Parallel Aware": false, "Actual Total Time": 652.846, "Hash Cond": "(store_sales.ss_store_sk = store.s_store_sk)", "Parent Relationship": "Outer", "Actual Startup Time": 16.061, "Plan Width": 11, "Actual Loops": 1, "Total Cost": 89542.61}], "Node Type": "Aggregate", "Strategy": "Hashed", "Plan Rows": 4700, "Parallel Aware": false, "Actual Total Time": 697.16, "Group Key": ["store.s_city", "store_sales.ss_ticket_number"], "Actual Startup Time": 695.055, "Plan Width": 11, "Actual Loops": 1, "Total Cost": 89613.11}, "Triggers": []}]