[{"Execution Time": 418.219, "Planning Time": 0.283, "Plan": {"Partial Mode": "Simple", "Startup Cost": 63367.74, "Actual Rows": 1152, "Plans": [{"Startup Cost": 5926.4, "Actual Rows": 39616, "Plans": [{"Startup Cost": 3425.28, "Actual Rows": 4570, "Plans": [{"Startup Cost": 1485.55, "Actual Rows": 12501, "Plans": [{"Startup Cost": 0.0, "Actual Rows": 1343425, "Node Type": "Seq Scan", "Plan Rows": 1427370, "Relation Name": "catalog_sales", "Alias": "catalog_sales", "Parallel Aware": false, "Actual Total Time": 180.275, "Parent Relationship": "Outer", "Actual Startup Time": 0.021, "Plan Width": 12, "Actual Loops": 1, "Total Cost": 51844.7}, {"Hash Buckets": 1024, "Startup Cost": 1483.5, "Plans": [{"Filter": "(i_color = ANY ('{almond,dodger,dim}'::bpchar[]))", "Startup Cost": 0.0, "Actual Rows": 164, "Node Type": "Seq Scan", "Plan Rows": 164, "Relation Name": "item", "Alias": "item", "Parallel Aware": false, "Actual Total Time": 5.848, "Parent Relationship": "Outer", "Actual Startup Time": 0.054, "Plan Width": 21, "Actual Loops": 1, "Rows Removed by Filter": 17836, "Total Cost": 1483.5}], "Actual Rows": 164, "Original Hash Buckets": 1024, "Hash Batches": 1, "Peak Memory Usage": 17, "Node Type": "Hash", "Plan Rows": 164, "Parallel Aware": false, "Actual Total Time": 5.882, "Parent Relationship": "Inner", "Actual Startup Time": 5.882, "Plan Width": 21, "Actual Loops": 1, "Original Hash Batches": 1, "Total Cost": 1483.5}], "Node Type": "Hash Join", "Plan Rows": 13005, "Join Type": "Inner", "Parallel Aware": false, "Actual Total Time": 385.181, "Hash Cond": "(catalog_sales.cs_item_sk = item.i_item_sk)", "Parent Relationship": "Outer", "Actual Startup Time": 5.954, "Plan Width": 25, "Actual Loops": 1, "Total Cost": 58812.94}, {"Hash Buckets": 32768, "Startup Cost": 1712.0, "Plans": [{"Filter": "(ca_gmt_offset = '-5'::numeric)", "Startup Cost": 0.0, "Actual Rows": 18246, "Node Type": "Seq Scan", "Plan Rows": 18218, "Relation Name": "customer_address", "Alias": "customer_address", "Parallel Aware": false, "Actual Total Time": 15.834, "Parent Relationship": "Outer", "Actual Startup Time": 0.006, "Plan Width": 4, "Actual Loops": 1, "Rows Removed by Filter": 31754, "Total Cost": 1712.0}], "Actual Rows": 18246, "Original Hash Buckets": 32768, "Hash Batches": 1, "Peak Memory Usage": 898, "Node Type": "Hash", "Plan Rows": 18218, "Parallel Aware": false, "Actual Total Time": 19.468, "Parent Relationship": "Inner", "Actual Startup Time": 19.468, "Plan Width": 4, "Actual Loops": 1, "Original Hash Batches": 1, "Total Cost": 1712.0}], "Node Type": "Hash Join", "Plan Rows": 4738, "Join Type": "Inner", "Parallel Aware": false, "Actual Total Time": 409.095, "Hash Cond": "(catalog_sales.cs_bill_addr_sk = customer_address.ca_address_sk)", "Parent Relationship": "Outer", "Actual Startup Time": 25.477, "Plan Width": 21, "Actual Loops": 1, "Total Cost": 60848.82}, {"Hash Buckets": 1024, "Startup Cost": 2500.73, "Plans": [{"Filter": "((d_year = 1998) AND (d_moy = 1))", "Startup Cost": 0.0, "Actual Rows": 31, "Node Type": "Seq Scan", "Plan Rows": 31, "Relation Name": "date_dim", "Alias": "date_dim", "Parallel Aware": false, "Actual Total Time": 8.4, "Parent Relationship": "Outer", "Actual Startup Time": 4.112, "Plan Width": 4, "Actual Loops": 1, "Rows Removed by Filter": 73018, "Total Cost": 2500.73}], "Actual Rows": 31, "Original Hash Buckets": 1024, "Hash Batches": 1, "Peak Memory Usage": 10, "Node Type": "Hash", "Plan Rows": 31, "Parallel Aware": false, "Actual Total Time": 8.407, "Parent Relationship": "Inner", "Actual Startup Time": 8.407, "Plan Width": 4, "Actual Loops": 1, "Original Hash Batches": 1, "Total Cost": 2500.73}], "Node Type": "Hash Join", "Plan Rows": 2, "Join Type": "Inner", "Parallel Aware": false, "Actual Total Time": 418.142, "Hash Cond": "(catalog_sales.cs_sold_date_sk = date_dim.d_date_sk)", "Parent Relationship": "Outer", "Actual Startup Time": 33.888, "Plan Width": 17, "Actual Loops": 1, "Total Cost": 63367.73}], "Node Type": "Aggregate", "Strategy": "Hashed", "Plan Rows": 2, "Parallel Aware": false, "Actual Total Time": 418.173, "Group Key": ["item.i_item_id"], "Actual Startup Time": 418.169, "Plan Width": 17, "Actual Loops": 1, "Total Cost": 63367.76}, "Triggers": []}]