[{"Execution Time": 511.044, "Planning Time": 0.208, "Plan": {"Partial Mode": "Simple", "Startup Cost": 36551.56, "Actual Rows": 15173154, "Plans": [{"Startup Cost": 31303.44, "Actual Rows": 286439174, "Plans": [{"Startup Cost": 0.0, "Actual Rows": 94736, "Node Type": "Seq Scan", "Plan Rows": 100000, "Relation Name": "customer", "Alias": "customer", "Parallel Aware": false, "Actual Total Time": 10.635, "Parent Relationship": "Outer", "Actual Startup Time": 0.004, "Plan Width": 73, "Actual Loops": 1, "Total Cost": 3855.0}, {"Hash Buckets": 131072, "Startup Cost": 31213.99, "Plans": [{"Startup Cost": 2327.2, "Actual Rows": 257810, "Plans": [{"Startup Cost": 0.0, "Actual Rows": 648065, "Node Type": "Seq Scan", "Plan Rows": 719071, "Relation Name": "web_sales", "Alias": "web_sales", "Parallel Aware": false, "Actual Total Time": 100.27, "Parent Relationship": "Outer", "Actual Startup Time": 0.029, "Plan Width": 8, "Actual Loops": 1, "Total Cost": 26118.71}, {"Hash Buckets": 1024, "Startup Cost": 2318.11, "Plans": [{"Filter": "(d_year = ANY ('{1998,1999}'::integer[]))", "Startup Cost": 0.0, "Actual Rows": 730, "Node Type": "Seq Scan", "Plan Rows": 727, "Relation Name": "date_dim", "Alias": "date_dim", "Parallel Aware": false, "Actual Total Time": 9.912, "Parent Relationship": "Outer", "Actual Startup Time": 4.904, "Plan Width": 8, "Actual Loops": 1, "Rows Removed by Filter": 72319, "Total Cost": 2318.11}], "Actual Rows": 730, "Original Hash Buckets": 1024, "Hash Batches": 1, "Peak Memory Usage": 37, "Node Type": "Hash", "Plan Rows": 727, "Parallel Aware": false, "Actual Total Time": 9.998, "Parent Relationship": "Inner", "Actual Startup Time": 9.998, "Plan Width": 8, "Actual Loops": 1, "Original Hash Batches": 1, "Total Cost": 2318.11}], "Node Type": "Hash Join", "Plan Rows": 7156, "Join Type": "Inner", "Parallel Aware": false, "Actual Total Time": 224.091, "Hash Cond": "(web_sales.ws_sold_date_sk = date_dim.d_date_sk)", "Parent Relationship": "Outer", "Actual Startup Time": 10.039, "Plan Width": 8, "Actual Loops": 1, "Total Cost": 31213.99}], "Actual Rows": 257810, "Original Hash Buckets": 8192, "Hash Batches": 4, "Peak Memory Usage": 3499, "Node Type": "Hash", "Plan Rows": 7156, "Parallel Aware": false, "Actual Total Time": 270.843, "Parent Relationship": "Inner", "Actual Startup Time": 270.843, "Plan Width": 8, "Actual Loops": 1, "Original Hash Batches": 1, "Total Cost": 31213.99}], "Node Type": "Hash Join", "Plan Rows": 7156, "Join Type": "Inner", "Parallel Aware": false, "Actual Total Time": 383.736, "Hash Cond": "(customer.c_customer_sk = web_sales.ws_bill_customer_sk)", "Parent Relationship": "Outer", "Actual Startup Time": 270.906, "Plan Width": 73, "Actual Loops": 1, "Total Cost": 36480.0}], "Node Type": "Aggregate", "Strategy": "Hashed", "Plan Rows": 7156, "Parallel Aware": false, "Actual Total Time": 510.267, "Group Key": ["customer.c_customer_id", "customer.c_first_name", "customer.c_last_name", "date_dim.d_year"], "Actual Startup Time": 505.277, "Plan Width": 73, "Actual Loops": 1, "Total Cost": 36623.12}, "Triggers": []}]