[{"Execution Time": 940.031, "Planning Time": 0.313, "Plan": {"Partial Mode": "Simple", "Startup Cost": 62307.62, "Actual Rows": 286673, "Plans": [{"Startup Cost": 4696.04, "Actual Rows": 347537141, "Plans": [{"Startup Cost": 4694.9, "Actual Rows": 327470, "Plans": [{"Startup Cost": 3053.9, "Actual Rows": 327470, "Plans": [{"Startup Cost": 0.0, "Actual Rows": 1343425, "Node Type": "Seq Scan", "Plan Rows": 1427370, "Relation Name": "catalog_sales", "Alias": "catalog_sales", "Parallel Aware": false, "Actual Total Time": 210.713, "Parent Relationship": "Outer", "Actual Startup Time": 0.033, "Plan Width": 12, "Actual Loops": 1, "Total Cost": 51844.7}, {"Hash Buckets": 1024, "Startup Cost": 3048.6, "Plans": [{"Filter": "((d_year = 1999) OR ((d_year = 1998) AND (d_moy = 12)) OR ((d_year = 2000) AND (d_moy = 1)))", "Startup Cost": 0.0, "Actual Rows": 427, "Node Type": "Seq Scan", "Plan Rows": 424, "Relation Name": "date_dim", "Alias": "date_dim", "Parallel Aware": false, "Actual Total Time": 14.272, "Parent Relationship": "Outer", "Actual Startup Time": 7.43, "Plan Width": 12, "Actual Loops": 1, "Rows Removed by Filter": 72622, "Total Cost": 3048.6}], "Actual Rows": 427, "Original Hash Buckets": 1024, "Hash Batches": 1, "Peak Memory Usage": 27, "Node Type": "Hash", "Plan Rows": 424, "Parallel Aware": false, "Actual Total Time": 14.328, "Parent Relationship": "Inner", "Actual Startup Time": 14.328, "Plan Width": 12, "Actual Loops": 1, "Original Hash Batches": 1, "Total Cost": 3048.6}], "Node Type": "Hash Join", "Plan Rows": 8285, "Join Type": "Inner", "Parallel Aware": false, "Actual Total Time": 426.813, "Hash Cond": "(catalog_sales.cs_sold_date_sk = date_dim.d_date_sk)", "Parent Relationship": "Outer", "Actual Startup Time": 46.312, "Plan Width": 16, "Actual Loops": 1, "Total Cost": 60334.09}, {"Hash Buckets": 32768, "Startup Cost": 1416.0, "Plans": [{"Startup Cost": 0.0, "Actual Rows": 18000, "Node Type": "Seq Scan", "Plan Rows": 18000, "Relation Name": "item", "Alias": "item", "Parallel Aware": false, "Actual Total Time": 5.198, "Parent Relationship": "Outer", "Actual Startup Time": 0.003, "Plan Width": 106, "Actual Loops": 1, "Total Cost": 1416.0}], "Actual Rows": 18000, "Original Hash Buckets": 32768, "Hash Batches": 1, "Peak Memory Usage": 2713, "Node Type": "Hash", "Plan Rows": 18000, "Parallel Aware": false, "Actual Total Time": 8.785, "Parent Relationship": "Inner", "Actual Startup Time": 8.785, "Plan Width": 106, "Actual Loops": 1, "Original Hash Batches": 1, "Total Cost": 1416.0}], "Node Type": "Hash Join", "Plan Rows": 8285, "Join Type": "Inner", "Parallel Aware": false, "Actual Total Time": 568.889, "Hash Cond": "(catalog_sales.cs_item_sk = item.i_item_sk)", "Parent Relationship": "Outer", "Actual Startup Time": 55.114, "Plan Width": 114, "Actual Loops": 1, "Total Cost": 62089.01}, {"Hash Buckets": 1024, "Startup Cost": 1.06, "Plans": [{"Startup Cost": 0.0, "Actual Rows": 6, "Node Type": "Seq Scan", "Plan Rows": 6, "Relation Name": "call_center", "Alias": "call_center", "Parallel Aware": false, "Actual Total Time": 0.008, "Parent Relationship": "Outer", "Actual Startup Time": 0.006, "Plan Width": 16, "Actual Loops": 1, "Total Cost": 1.06}], "Actual Rows": 6, "Original Hash Buckets": 1024, "Hash Batches": 1, "Peak Memory Usage": 9, "Node Type": "Hash", "Plan Rows": 6, "Parallel Aware": false, "Actual Total Time": 0.01, "Parent Relationship": "Inner", "Actual Startup Time": 0.01, "Plan Width": 16, "Actual Loops": 1, "Original Hash Batches": 1, "Total Cost": 1.06}], "Node Type": "Hash Join", "Plan Rows": 8285, "Join Type": "Inner", "Parallel Aware": false, "Actual Total Time": 645.829, "Hash Cond": "(catalog_sales.cs_call_center_sk = call_center.cc_call_center_sk)", "Parent Relationship": "Outer", "Actual Startup Time": 55.129, "Plan Width": 122, "Actual Loops": 1, "Total Cost": 62204.06}], "Node Type": "Aggregate", "Strategy": "Hashed", "Plan Rows": 8285, "Parallel Aware": false, "Actual Total Time": 937.953, "Group Key": ["item.i_category", "item.i_brand", "call_center.cc_name", "date_dim.d_year", "date_dim.d_moy"], "Actual Startup Time": 923.756, "Plan Width": 122, "Actual Loops": 1, "Total Cost": 62390.47}, "Triggers": []}]