[{"Execution Time": 570.415, "Planning Time": 0.186, "Plan": {"Partial Mode": "Simple", "Startup Cost": 90696.79, "Actual Rows": 27951, "Plans": [{"Startup Cost": 4142.1, "Actual Rows": 88006971, "Plans": [{"Startup Cost": 2501.1, "Actual Rows": 79519, "Plans": [{"Startup Cost": 0.0, "Actual Rows": 2485280, "Node Type": "Seq Scan", "Plan Rows": 2622557, "Relation Name": "store_sales", "Alias": "store_sales", "Parallel Aware": false, "Actual Total Time": 285.403, "Parent Relationship": "Outer", "Actual Startup Time": 0.024, "Plan Width": 8, "Actual Loops": 1, "Total Cost": 76687.57}, {"Hash Buckets": 1024, "Startup Cost": 2500.73, "Plans": [{"Filter": "((d_year = 2002) AND (d_moy = 11))", "Startup Cost": 0.0, "Actual Rows": 30, "Node Type": "Seq Scan", "Plan Rows": 29, "Relation Name": "date_dim", "Alias": "date_dim", "Parallel Aware": false, "Actual Total Time": 8.642, "Parent Relationship": "Outer", "Actual Startup Time": 4.587, "Plan Width": 4, "Actual Loops": 1, "Rows Removed by Filter": 73019, "Total Cost": 2500.73}], "Actual Rows": 30, "Original Hash Buckets": 1024, "Hash Batches": 1, "Peak Memory Usage": 10, "Node Type": "Hash", "Plan Rows": 29, "Parallel Aware": false, "Actual Total Time": 8.648, "Parent Relationship": "Inner", "Actual Startup Time": 8.648, "Plan Width": 4, "Actual Loops": 1, "Original Hash Batches": 1, "Total Cost": 2500.73}], "Node Type": "Hash Join", "Plan Rows": 1041, "Join Type": "Inner", "Parallel Aware": false, "Actual Total Time": 502.025, "Hash Cond": "(store_sales.ss_sold_date_sk = date_dim.d_date_sk)", "Parent Relationship": "Outer", "Actual Startup Time": 9.005, "Plan Width": 4, "Actual Loops": 1, "Total Cost": 89033.67}, {"Hash Buckets": 32768, "Startup Cost": 1416.0, "Plans": [{"Startup Cost": 0.0, "Actual Rows": 18000, "Node Type": "Seq Scan", "Plan Rows": 18000, "Relation Name": "item", "Alias": "item", "Parallel Aware": false, "Actual Total Time": 4.577, "Parent Relationship": "Outer", "Actual Startup Time": 0.006, "Plan Width": 16, "Actual Loops": 1, "Total Cost": 1416.0}], "Actual Rows": 18000, "Original Hash Buckets": 32768, "Hash Batches": 1, "Peak Memory Usage": 1100, "Node Type": "Hash", "Plan Rows": 18000, "Parallel Aware": false, "Actual Total Time": 7.158, "Parent Relationship": "Inner", "Actual Startup Time": 7.158, "Plan Width": 16, "Actual Loops": 1, "Original Hash Batches": 1, "Total Cost": 1416.0}], "Node Type": "Hash Join", "Plan Rows": 1041, "Join Type": "Inner", "Parallel Aware": false, "Actual Total Time": 542.334, "Hash Cond": "(store_sales.ss_item_sk = item.i_item_sk)", "Parent Relationship": "Outer", "Actual Startup Time": 16.181, "Plan Width": 12, "Actual Loops": 1, "Total Cost": 90688.98}], "Node Type": "Aggregate", "Strategy": "Hashed", "Plan Rows": 1041, "Parallel Aware": false, "Actual Total Time": 570.225, "Group Key": ["item.i_brand_id", "item.i_class_id", "item.i_category_id"], "Actual Startup Time": 569.665, "Plan Width": 12, "Actual Loops": 1, "Total Cost": 90707.2}, "Triggers": []}]