[{"Execution Time": 192.468, "Planning Time": 0.171, "Plan": {"Partial Mode": "Simple", "Startup Cost": 32966.23, "Actual Rows": 27951, "Plans": [{"Startup Cost": 4142.1, "Actual Rows": 23075414, "Plans": [{"Startup Cost": 2501.1, "Actual Rows": 21209, "Plans": [{"Startup Cost": 0.0, "Actual Rows": 648065, "Node Type": "Seq Scan", "Plan Rows": 719071, "Relation Name": "web_sales", "Alias": "web_sales", "Parallel Aware": false, "Actual Total Time": 96.27, "Parent Relationship": "Outer", "Actual Startup Time": 0.03, "Plan Width": 8, "Actual Loops": 1, "Total Cost": 26118.71}, {"Hash Buckets": 1024, "Startup Cost": 2500.73, "Plans": [{"Filter": "((d_year = 2002) AND (d_moy = 11))", "Startup Cost": 0.0, "Actual Rows": 30, "Node Type": "Seq Scan", "Plan Rows": 29, "Relation Name": "date_dim", "Alias": "date_dim", "Parallel Aware": false, "Actual Total Time": 8.909, "Parent Relationship": "Outer", "Actual Startup Time": 4.668, "Plan Width": 4, "Actual Loops": 1, "Rows Removed by Filter": 73019, "Total Cost": 2500.73}], "Actual Rows": 30, "Original Hash Buckets": 1024, "Hash Batches": 1, "Peak Memory Usage": 10, "Node Type": "Hash", "Plan Rows": 29, "Parallel Aware": false, "Actual Total Time": 8.915, "Parent Relationship": "Inner", "Actual Startup Time": 8.914, "Plan Width": 4, "Actual Loops": 1, "Original Hash Batches": 1, "Total Cost": 2500.73}], "Node Type": "Hash Join", "Plan Rows": 285, "Join Type": "Inner", "Parallel Aware": false, "Actual Total Time": 166.985, "Hash Cond": "(web_sales.ws_sold_date_sk = date_dim.d_date_sk)", "Parent Relationship": "Outer", "Actual Startup Time": 9.022, "Plan Width": 4, "Actual Loops": 1, "Total Cost": 31319.17}, {"Hash Buckets": 32768, "Startup Cost": 1416.0, "Plans": [{"Startup Cost": 0.0, "Actual Rows": 18000, "Node Type": "Seq Scan", "Plan Rows": 18000, "Relation Name": "item", "Alias": "item", "Parallel Aware": false, "Actual Total Time": 4.442, "Parent Relationship": "Outer", "Actual Startup Time": 0.005, "Plan Width": 16, "Actual Loops": 1, "Total Cost": 1416.0}], "Actual Rows": 18000, "Original Hash Buckets": 32768, "Hash Batches": 1, "Peak Memory Usage": 1100, "Node Type": "Hash", "Plan Rows": 18000, "Parallel Aware": false, "Actual Total Time": 6.91, "Parent Relationship": "Inner", "Actual Startup Time": 6.91, "Plan Width": 16, "Actual Loops": 1, "Original Hash Batches": 1, "Total Cost": 1416.0}], "Node Type": "Hash Join", "Plan Rows": 285, "Join Type": "Inner", "Parallel Aware": false, "Actual Total Time": 183.708, "Hash Cond": "(web_sales.ws_item_sk = item.i_item_sk)", "Parent Relationship": "Outer", "Actual Startup Time": 15.945, "Plan Width": 12, "Actual Loops": 1, "Total Cost": 32964.09}], "Node Type": "Aggregate", "Strategy": "Hashed", "Plan Rows": 285, "Parallel Aware": false, "Actual Total Time": 192.323, "Group Key": ["item.i_brand_id", "item.i_class_id", "item.i_category_id"], "Actual Startup Time": 191.888, "Plan Width": 12, "Actual Loops": 1, "Total Cost": 32969.08}, "Triggers": []}]