[{"Execution Time": 351.43, "Planning Time": 30.652, "Plan": {"Partial Mode": "Simple", "Startup Cost": 61703.07, "Actual Rows": 1109, "Plans": [{"Startup Cost": 4496.34, "Actual Rows": 1844156, "Plans": [{"Startup Cost": 3990.68, "Actual Rows": 1739, "Plans": [{"Startup Cost": 3975.26, "Actual Rows": 1775, "Plans": [{"Startup Cost": 2501.11, "Actual Rows": 30983, "Plans": [{"Startup Cost": 0.0, "Actual Rows": 1343425, "Node Type": "Seq Scan", "Plan Rows": 1427370, "Relation Name": "catalog_sales", "Alias": "catalog_sales", "Parallel Aware": false, "Actual Total Time": 188.6, "Parent Relationship": "Outer", "Actual Startup Time": 0.048, "Plan Width": 16, "Actual Loops": 1, "Total Cost": 51844.7}, {"Hash Buckets": 1024, "Startup Cost": 2500.73, "Plans": [{"Filter": "((d_date >= '1999-08-25'::date) AND (d_date <= '1999-09-25'::date))", "Startup Cost": 0.0, "Actual Rows": 32, "Node Type": "Seq Scan", "Plan Rows": 30, "Relation Name": "date_dim", "Alias": "date_dim", "Parallel Aware": false, "Actual Total Time": 21.137, "Parent Relationship": "Outer", "Actual Startup Time": 9.95, "Plan Width": 4, "Actual Loops": 1, "Rows Removed by Filter": 73017, "Total Cost": 2500.73}], "Actual Rows": 32, "Original Hash Buckets": 1024, "Hash Batches": 1, "Peak Memory Usage": 10, "Node Type": "Hash", "Plan Rows": 30, "Parallel Aware": false, "Actual Total Time": 21.153, "Parent Relationship": "Inner", "Actual Startup Time": 21.153, "Plan Width": 4, "Actual Loops": 1, "Original Hash Batches": 1, "Total Cost": 2500.73}], "Node Type": "Hash Join", "Plan Rows": 586, "Join Type": "Inner", "Parallel Aware": false, "Actual Total Time": 325.792, "Hash Cond": "(catalog_sales.cs_sold_date_sk = date_dim.d_date_sk)", "Parent Relationship": "Outer", "Actual Startup Time": 92.588, "Plan Width": 12, "Actual Loops": 1, "Total Cost": 59704.31}, {"Hash Buckets": 2048, "Startup Cost": 1461.0, "Plans": [{"Filter": "(i_current_price > '50'::numeric)", "Startup Cost": 0.0, "Actual Rows": 1055, "Node Type": "Seq Scan", "Plan Rows": 1052, "Relation Name": "item", "Alias": "item", "Parallel Aware": false, "Actual Total Time": 9.557, "Parent Relationship": "Outer", "Actual Startup Time": 0.024, "Plan Width": 4, "Actual Loops": 1, "Rows Removed by Filter": 16945, "Total Cost": 1461.0}], "Actual Rows": 1055, "Original Hash Buckets": 2048, "Hash Batches": 1, "Peak Memory Usage": 54, "Node Type": "Hash", "Plan Rows": 1052, "Parallel Aware": false, "Actual Total Time": 9.934, "Parent Relationship": "Inner", "Actual Startup Time": 9.934, "Plan Width": 4, "Actual Loops": 1, "Original Hash Batches": 1, "Total Cost": 1461.0}], "Node Type": "Hash Join", "Plan Rows": 34, "Join Type": "Inner", "Parallel Aware": false, "Actual Total Time": 338.363, "Hash Cond": "(catalog_sales.cs_item_sk = item.i_item_sk)", "Parent Relationship": "Outer", "Actual Startup Time": 116.958, "Plan Width": 8, "Actual Loops": 1, "Total Cost": 61180.99}, {"Hash Buckets": 1024, "Startup Cost": 11.75, "Plans": [{"Filter": "(p_channel_tv = 'N'::bpchar)", "Startup Cost": 0.0, "Actual Rows": 294, "Node Type": "Seq Scan", "Plan Rows": 294, "Relation Name": "promotion", "Alias": "promotion", "Parallel Aware": false, "Actual Total Time": 0.486, "Parent Relationship": "Outer", "Actual Startup Time": 0.022, "Plan Width": 4, "Actual Loops": 1, "Rows Removed by Filter": 6, "Total Cost": 11.75}], "Actual Rows": 294, "Original Hash Buckets": 1024, "Hash Batches": 1, "Peak Memory Usage": 19, "Node Type": "Hash", "Plan Rows": 294, "Parallel Aware": false, "Actual Total Time": 0.609, "Parent Relationship": "Inner", "Actual Startup Time": 0.609, "Plan Width": 4, "Actual Loops": 1, "Original Hash Batches": 1, "Total Cost": 11.75}], "Node Type": "Hash Join", "Plan Rows": 33, "Join Type": "Inner", "Parallel Aware": false, "Actual Total Time": 339.392, "Hash Cond": "(catalog_sales.cs_promo_sk = promotion.p_promo_sk)", "Parent Relationship": "Outer", "Actual Startup Time": 117.584, "Plan Width": 4, "Actual Loops": 1, "Total Cost": 61196.88}, {"Hash Buckets": 16384, "Startup Cost": 359.18, "Plans": [{"Startup Cost": 0.0, "Actual Rows": 11718, "Node Type": "Seq Scan", "Plan Rows": 11718, "Relation Name": "catalog_page", "Alias": "catalog_page", "Parallel Aware": false, "Actual Total Time": 5.169, "Parent Relationship": "Outer", "Actual Startup Time": 0.014, "Plan Width": 21, "Actual Loops": 1, "Total Cost": 359.18}], "Actual Rows": 11718, "Original Hash Buckets": 16384, "Hash Batches": 1, "Peak Memory Usage": 769, "Node Type": "Hash", "Plan Rows": 11718, "Parallel Aware": false, "Actual Total Time": 10.912, "Parent Relationship": "Inner", "Actual Startup Time": 10.912, "Plan Width": 21, "Actual Loops": 1, "Original Hash Batches": 1, "Total Cost": 359.18}], "Node Type": "Hash Join", "Plan Rows": 33, "Join Type": "Inner", "Parallel Aware": false, "Actual Total Time": 350.806, "Hash Cond": "(catalog_sales.cs_catalog_page_sk = catalog_page.cp_catalog_page_sk)", "Parent Relationship": "Outer", "Actual Startup Time": 128.524, "Plan Width": 17, "Actual Loops": 1, "Total Cost": 61702.99}], "Node Type": "Aggregate", "Strategy": "Hashed", "Plan Rows": 33, "Parallel Aware": false, "Actual Total Time": 351.307, "Group Key": ["catalog_page.cp_catalog_page_id"], "Actual Startup Time": 351.268, "Plan Width": 17, "Actual Loops": 1, "Total Cost": 61703.4}, "Triggers": []}]