[{"Execution Time": 682.384, "Planning Time": 0.103, "Plan": {"Partial Mode": "Simple", "Startup Cost": 89156.66, "Actual Rows": 53, "Plans": [{"Startup Cost": 2504.36, "Actual Rows": 550150513, "Plans": [{"Startup Cost": 0.0, "Actual Rows": 2485280, "Node Type": "Seq Scan", "Plan Rows": 2622557, "Relation Name": "store_sales", "Alias": "store_sales", "Parallel Aware": false, "Actual Total Time": 298.198, "Parent Relationship": "Outer", "Actual Startup Time": 0.011, "Plan Width": 4, "Actual Loops": 1, "Total Cost": 76687.57}, {"Hash Buckets": 1024, "Startup Cost": 2500.73, "Plans": [{"Filter": "((d_month_seq >= 1184) AND (d_month_seq <= 1195))", "Startup Cost": 0.0, "Actual Rows": 365, "Node Type": "Seq Scan", "Plan Rows": 290, "Relation Name": "date_dim", "Alias": "date_dim", "Parallel Aware": false, "Actual Total Time": 17.976, "Parent Relationship": "Outer", "Actual Startup Time": 5.541, "Plan Width": 8, "Actual Loops": 1, "Rows Removed by Filter": 72684, "Total Cost": 2500.73}], "Actual Rows": 365, "Original Hash Buckets": 1024, "Hash Batches": 1, "Peak Memory Usage": 23, "Node Type": "Hash", "Plan Rows": 290, "Parallel Aware": false, "Actual Total Time": 18.061, "Parent Relationship": "Inner", "Actual Startup Time": 18.061, "Plan Width": 8, "Actual Loops": 1, "Original Hash Batches": 1, "Total Cost": 2500.73}], "Node Type": "Hash Join", "Plan Rows": 10411, "Join Type": "Inner", "Parallel Aware": false, "Actual Total Time": 604.207, "Hash Cond": "(store_sales.ss_sold_date_sk = date_dim.d_date_sk)", "Parent Relationship": "Outer", "Actual Startup Time": 18.079, "Plan Width": 4, "Actual Loops": 1, "Total Cost": 89130.63}], "Node Type": "Aggregate", "Strategy": "Hashed", "Plan Rows": 287, "Parallel Aware": false, "Actual Total Time": 682.357, "Group Key": ["date_dim.d_week_seq"], "Actual Startup Time": 682.351, "Plan Width": 4, "Actual Loops": 1, "Total Cost": 89159.53}, "Triggers": []}]