[{"Execution Time": 618.055, "Planning Time": 0.465, "Plan": {"Partial Mode": "Simple", "Startup Cost": 75854.32, "Actual Rows": 64, "Plans": [{"Startup Cost": 5171.44, "Actual Rows": 1672171, "Plans": [{"Startup Cost": 5169.65, "Actual Rows": 1533, "Plans": [{"Filter": "(((cd_marital_status = 'S'::bpchar) AND (cd_education_status = '4 yr Degree'::bpchar)) OR ((cd_marital_status = 'M'::bpchar) AND (cd_education_status = 'Primary'::bpchar)) OR ((cd_marital_status = 'U'::bpchar) AND (cd_education_status = '2 yr Degree'::bpchar)))", "Startup Cost": 0.0, "Actual Rows": 164640, "Node Type": "Seq Scan", "Plan Rows": 159251, "Relation Name": "customer_demographics", "Alias": "customer_demographics", "Parallel Aware": false, "Actual Total Time": 528.611, "Parent Relationship": "Outer", "Actual Startup Time": 0.009, "Plan Width": 4, "Actual Loops": 1, "Rows Removed by Filter": 1756160, "Total Cost": 69848.0}, {"Hash Buckets": 32768, "Startup Cost": 4939.91, "Plans": [{"Startup Cost": 2434.56, "Actual Rows": 18457, "Plans": [{"Startup Cost": 0.0, "Actual Rows": 67967, "Node Type": "Seq Scan", "Plan Rows": 71763, "Relation Name": "web_returns", "Alias": "web_returns", "Parallel Aware": false, "Actual Total Time": 5.746, "Parent Relationship": "Outer", "Actual Startup Time": 0.005, "Plan Width": 12, "Actual Loops": 1, "Total Cost": 2060.63}, {"Hash Buckets": 16384, "Startup Cost": 2274.5, "Plans": [{"Filter": "(((ca_country)::text = 'United States'::text) AND ((ca_state = ANY ('{IL,MT,AR}'::bpchar[])) OR (ca_state = ANY ('{WI,TX,GA}'::bpchar[])) OR (ca_state = ANY ('{RI,KY,IN}'::bpchar[]))))", "Startup Cost": 0.0, "Actual Rows": 14287, "Node Type": "Seq Scan", "Plan Rows": 12805, "Relation Name": "customer_address", "Alias": "customer_address", "Parallel Aware": false, "Actual Total Time": 30.435, "Parent Relationship": "Outer", "Actual Startup Time": 0.015, "Plan Width": 4, "Actual Loops": 1, "Rows Removed by Filter": 35713, "Total Cost": 2274.5}], "Actual Rows": 14287, "Original Hash Buckets": 16384, "Hash Batches": 1, "Peak Memory Usage": 631, "Node Type": "Hash", "Plan Rows": 12805, "Parallel Aware": false, "Actual Total Time": 33.655, "Parent Relationship": "Inner", "Actual Startup Time": 33.655, "Plan Width": 4, "Actual Loops": 1, "Original Hash Batches": 1, "Total Cost": 2274.5}], "Node Type": "Hash Join", "Plan Rows": 18379, "Join Type": "Inner", "Parallel Aware": false, "Actual Total Time": 52.98, "Hash Cond": "(web_returns.wr_refunded_addr_sk = customer_address.ca_address_sk)", "Parent Relationship": "Outer", "Actual Startup Time": 33.675, "Plan Width": 8, "Actual Loops": 1, "Total Cost": 4939.91}], "Actual Rows": 18031, "Original Hash Buckets": 32768, "Hash Batches": 1, "Peak Memory Usage": 960, "Node Type": "Hash", "Plan Rows": 18379, "Parallel Aware": false, "Actual Total Time": 56.036, "Parent Relationship": "Inner", "Actual Startup Time": 56.036, "Plan Width": 8, "Actual Loops": 1, "Original Hash Batches": 1, "Total Cost": 4939.91}], "Node Type": "Hash Join", "Plan Rows": 1524, "Join Type": "Inner", "Parallel Aware": false, "Actual Total Time": 615.854, "Hash Cond": "(customer_demographics.cd_demo_sk = web_returns.wr_returning_cdemo_sk)", "Parent Relationship": "Outer", "Actual Startup Time": 56.259, "Plan Width": 4, "Actual Loops": 1, "Total Cost": 75828.45}, {"Hash Buckets": 1024, "Startup Cost": 1.35, "Plans": [{"Startup Cost": 0.0, "Actual Rows": 35, "Node Type": "Seq Scan", "Plan Rows": 35, "Relation Name": "reason", "Alias": "reason", "Parallel Aware": false, "Actual Total Time": 0.015, "Parent Relationship": "Outer", "Actual Startup Time": 0.009, "Plan Width": 105, "Actual Loops": 1, "Total Cost": 1.35}], "Actual Rows": 35, "Original Hash Buckets": 1024, "Hash Batches": 1, "Peak Memory Usage": 13, "Node Type": "Hash", "Plan Rows": 35, "Parallel Aware": false, "Actual Total Time": 0.03, "Parent Relationship": "Inner", "Actual Startup Time": 0.03, "Plan Width": 105, "Actual Loops": 1, "Original Hash Batches": 1, "Total Cost": 1.35}], "Node Type": "Hash Join", "Plan Rows": 1524, "Join Type": "Inner", "Parallel Aware": false, "Actual Total Time": 616.679, "Hash Cond": "(web_returns.wr_reason_sk = reason.r_reason_sk)", "Parent Relationship": "Outer", "Actual Startup Time": 56.295, "Plan Width": 101, "Actual Loops": 1, "Total Cost": 75850.51}], "Node Type": "Aggregate", "Strategy": "Hashed", "Plan Rows": 34, "Parallel Aware": false, "Actual Total Time": 617.987, "Group Key": ["reason.r_reason_desc"], "Actual Startup Time": 617.981, "Plan Width": 101, "Actual Loops": 1, "Total Cost": 75854.66}, "Triggers": []}]