[{"Execution Time": 143.608, "Planning Time": 0.171, "Plan": {"Partial Mode": "Simple", "Startup Cost": 12635.18, "Actual Rows": 175194, "Plans": [{"Startup Cost": 4053.82, "Actual Rows": 40539972, "Plans": [{"Startup Cost": 2412.82, "Actual Rows": 38646, "Plans": [{"Startup Cost": 0.0, "Actual Rows": 263253, "Node Type": "Seq Scan", "Plan Rows": 277502, "Relation Name": "store_returns", "Alias": "store_returns", "Parallel Aware": false, "Actual Total Time": 37.319, "Parent Relationship": "Outer", "Actual Startup Time": 0.014, "Plan Width": 8, "Actual Loops": 1, "Total Cost": 7511.02}, {"Hash Buckets": 1024, "Startup Cost": 2409.42, "Plans": [{"Filter": "(d_quarter_name = ANY ('{2001Q1,2001Q2,2001Q3}'::bpchar[]))", "Startup Cost": 0.0, "Actual Rows": 274, "Node Type": "Seq Scan", "Plan Rows": 272, "Relation Name": "date_dim", "Alias": "date_dim", "Parallel Aware": false, "Actual Total Time": 17.357, "Parent Relationship": "Outer", "Actual Startup Time": 8.848, "Plan Width": 4, "Actual Loops": 1, "Rows Removed by Filter": 72775, "Total Cost": 2409.42}], "Actual Rows": 274, "Original Hash Buckets": 1024, "Hash Batches": 1, "Peak Memory Usage": 18, "Node Type": "Hash", "Plan Rows": 272, "Parallel Aware": false, "Actual Total Time": 17.425, "Parent Relationship": "Inner", "Actual Startup Time": 17.425, "Plan Width": 4, "Actual Loops": 1, "Original Hash Batches": 1, "Total Cost": 2409.42}], "Node Type": "Hash Join", "Plan Rows": 1033, "Join Type": "Inner", "Parallel Aware": false, "Actual Total Time": 90.622, "Hash Cond": "(store_returns.sr_returned_date_sk = date_dim.d_date_sk)", "Parent Relationship": "Outer", "Actual Startup Time": 17.454, "Plan Width": 4, "Actual Loops": 1, "Total Cost": 10974.81}, {"Hash Buckets": 32768, "Startup Cost": 1416.0, "Plans": [{"Startup Cost": 0.0, "Actual Rows": 18000, "Node Type": "Seq Scan", "Plan Rows": 18000, "Relation Name": "item", "Alias": "item", "Parallel Aware": false, "Actual Total Time": 3.904, "Parent Relationship": "Outer", "Actual Startup Time": 0.006, "Plan Width": 123, "Actual Loops": 1, "Total Cost": 1416.0}], "Actual Rows": 18000, "Original Hash Buckets": 32768, "Hash Batches": 1, "Peak Memory Usage": 3031, "Node Type": "Hash", "Plan Rows": 18000, "Parallel Aware": false, "Actual Total Time": 8.23, "Parent Relationship": "Inner", "Actual Startup Time": 8.23, "Plan Width": 123, "Actual Loops": 1, "Original Hash Batches": 1, "Total Cost": 1416.0}], "Node Type": "Hash Join", "Plan Rows": 1033, "Join Type": "Inner", "Parallel Aware": false, "Actual Total Time": 116.901, "Hash Cond": "(store_returns.sr_item_sk = item.i_item_sk)", "Parent Relationship": "Outer", "Actual Startup Time": 25.697, "Plan Width": 119, "Actual Loops": 1, "Total Cost": 12630.01}], "Node Type": "Aggregate", "Strategy": "Hashed", "Plan Rows": 1033, "Parallel Aware": false, "Actual Total Time": 143.268, "Group Key": ["item.i_item_id", "item.i_item_desc"], "Actual Startup Time": 140.448, "Plan Width": 119, "Actual Loops": 1, "Total Cost": 12645.51}, "Triggers": []}]