[{"Execution Time": 447.08, "Planning Time": 0.174, "Plan": {"Partial Mode": "Simple", "Startup Cost": 61403.97, "Actual Rows": 150000, "Plans": [{"Startup Cost": 4053.82, "Actual Rows": 159133983, "Plans": [{"Startup Cost": 2412.82, "Actual Rows": 149721, "Plans": [{"Startup Cost": 0.0, "Actual Rows": 1343425, "Node Type": "Seq Scan", "Plan Rows": 1427370, "Relation Name": "catalog_sales", "Alias": "catalog_sales", "Parallel Aware": false, "Actual Total Time": 174.708, "Parent Relationship": "Outer", "Actual Startup Time": 0.015, "Plan Width": 8, "Actual Loops": 1, "Total Cost": 51844.7}, {"Hash Buckets": 1024, "Startup Cost": 2409.42, "Plans": [{"Filter": "(d_quarter_name = ANY ('{2001Q1,2001Q2,2001Q3}'::bpchar[]))", "Startup Cost": 0.0, "Actual Rows": 274, "Node Type": "Seq Scan", "Plan Rows": 272, "Relation Name": "date_dim", "Alias": "date_dim", "Parallel Aware": false, "Actual Total Time": 18.616, "Parent Relationship": "Outer", "Actual Startup Time": 8.513, "Plan Width": 4, "Actual Loops": 1, "Rows Removed by Filter": 72775, "Total Cost": 2409.42}], "Actual Rows": 274, "Original Hash Buckets": 1024, "Hash Batches": 1, "Peak Memory Usage": 18, "Node Type": "Hash", "Plan Rows": 272, "Parallel Aware": false, "Actual Total Time": 18.661, "Parent Relationship": "Inner", "Actual Startup Time": 18.661, "Plan Width": 4, "Actual Loops": 1, "Original Hash Batches": 1, "Total Cost": 2409.42}], "Node Type": "Hash Join", "Plan Rows": 5315, "Join Type": "Inner", "Parallel Aware": false, "Actual Total Time": 324.907, "Hash Cond": "(catalog_sales.cs_sold_date_sk = date_dim.d_date_sk)", "Parent Relationship": "Outer", "Actual Startup Time": 173.097, "Plan Width": 4, "Actual Loops": 1, "Total Cost": 59663.31}, {"Hash Buckets": 32768, "Startup Cost": 1416.0, "Plans": [{"Startup Cost": 0.0, "Actual Rows": 18000, "Node Type": "Seq Scan", "Plan Rows": 18000, "Relation Name": "item", "Alias": "item", "Parallel Aware": false, "Actual Total Time": 3.547, "Parent Relationship": "Outer", "Actual Startup Time": 0.004, "Plan Width": 123, "Actual Loops": 1, "Total Cost": 1416.0}], "Actual Rows": 18000, "Original Hash Buckets": 32768, "Hash Batches": 1, "Peak Memory Usage": 3031, "Node Type": "Hash", "Plan Rows": 18000, "Parallel Aware": false, "Actual Total Time": 7.252, "Parent Relationship": "Inner", "Actual Startup Time": 7.252, "Plan Width": 123, "Actual Loops": 1, "Original Hash Batches": 1, "Total Cost": 1416.0}], "Node Type": "Hash Join", "Plan Rows": 5315, "Join Type": "Inner", "Parallel Aware": false, "Actual Total Time": 384.027, "Hash Cond": "(catalog_sales.cs_item_sk = item.i_item_sk)", "Parent Relationship": "Outer", "Actual Startup Time": 180.365, "Plan Width": 119, "Actual Loops": 1, "Total Cost": 61377.39}], "Node Type": "Aggregate", "Strategy": "Hashed", "Plan Rows": 5315, "Parallel Aware": false, "Actual Total Time": 446.763, "Group Key": ["item.i_item_id", "item.i_item_desc"], "Actual Startup Time": 445.155, "Plan Width": 119, "Actual Loops": 1, "Total Cost": 61457.12}, "Triggers": []}]