[{"Execution Time": 536.926, "Planning Time": 0.163, "Plan": {"Partial Mode": "Simple", "Startup Cost": 91339.26, "Actual Rows": 1846, "Plans": [{"Startup Cost": 4713.89, "Actual Rows": 79089490, "Plans": [{"Startup Cost": 2501.88, "Actual Rows": 71964, "Plans": [{"Startup Cost": 0.0, "Actual Rows": 2485280, "Node Type": "Seq Scan", "Plan Rows": 2622557, "Relation Name": "store_sales", "Alias": "store_sales", "Parallel Aware": false, "Actual Total Time": 272.24, "Parent Relationship": "Outer", "Actual Startup Time": 0.012, "Plan Width": 8, "Actual Loops": 1, "Total Cost": 76687.57}, {"Hash Buckets": 1024, "Startup Cost": 2500.73, "Plans": [{"Filter": "((d_qoy = 2) AND (d_year = 2000))", "Startup Cost": 0.0, "Actual Rows": 91, "Node Type": "Seq Scan", "Plan Rows": 92, "Relation Name": "date_dim", "Alias": "date_dim", "Parallel Aware": false, "Actual Total Time": 10.474, "Parent Relationship": "Outer", "Actual Startup Time": 5.263, "Plan Width": 12, "Actual Loops": 1, "Rows Removed by Filter": 72958, "Total Cost": 2500.73}], "Actual Rows": 91, "Original Hash Buckets": 1024, "Hash Batches": 1, "Peak Memory Usage": 12, "Node Type": "Hash", "Plan Rows": 92, "Parallel Aware": false, "Actual Total Time": 10.487, "Parent Relationship": "Inner", "Actual Startup Time": 10.487, "Plan Width": 12, "Actual Loops": 1, "Original Hash Batches": 1, "Total Cost": 2500.73}], "Node Type": "Hash Join", "Plan Rows": 3303, "Join Type": "Inner", "Parallel Aware": false, "Actual Total Time": 484.347, "Hash Cond": "(store_sales.ss_sold_date_sk = date_dim.d_date_sk)", "Parent Relationship": "Outer", "Actual Startup Time": 10.735, "Plan Width": 12, "Actual Loops": 1, "Total Cost": 89057.07}, {"Hash Buckets": 65536, "Startup Cost": 1587.0, "Plans": [{"Startup Cost": 0.0, "Actual Rows": 50000, "Node Type": "Seq Scan", "Plan Rows": 50000, "Relation Name": "customer_address", "Alias": "customer_address", "Parallel Aware": false, "Actual Total Time": 7.906, "Parent Relationship": "Outer", "Actual Startup Time": 0.004, "Plan Width": 18, "Actual Loops": 1, "Total Cost": 1587.0}], "Actual Rows": 50000, "Original Hash Buckets": 65536, "Hash Batches": 1, "Peak Memory Usage": 3052, "Node Type": "Hash", "Plan Rows": 50000, "Parallel Aware": false, "Actual Total Time": 15.538, "Parent Relationship": "Inner", "Actual Startup Time": 15.538, "Plan Width": 18, "Actual Loops": 1, "Original Hash Batches": 1, "Total Cost": 1587.0}], "Node Type": "Hash Join", "Plan Rows": 3303, "Join Type": "Inner", "Parallel Aware": false, "Actual Total Time": 516.441, "Hash Cond": "(store_sales.ss_addr_sk = customer_address.ca_address_sk)", "Parent Relationship": "Outer", "Actual Startup Time": 26.297, "Plan Width": 22, "Actual Loops": 1, "Total Cost": 91314.49}], "Node Type": "Aggregate", "Strategy": "Hashed", "Plan Rows": 3303, "Parallel Aware": false, "Actual Total Time": 536.836, "Group Key": ["customer_address.ca_county", "date_dim.d_qoy", "date_dim.d_year"], "Actual Startup Time": 536.619, "Plan Width": 22, "Actual Loops": 1, "Total Cost": 91372.29}, "Triggers": []}]