[{"Execution Time": 643.475, "Planning Time": 0.267, "Plan": {"Partial Mode": "Simple", "Startup Cost": 90716.7, "Actual Rows": 21730743, "Plans": [{"Startup Cost": 4143.38, "Actual Rows": 26112370, "Plans": [{"Startup Cost": 4142.11, "Actual Rows": 23226, "Plans": [{"Startup Cost": 2501.11, "Actual Rows": 23226, "Plans": [{"Startup Cost": 0.0, "Actual Rows": 2485280, "Node Type": "Seq Scan", "Plan Rows": 2622557, "Relation Name": "store_sales", "Alias": "store_sales", "Parallel Aware": false, "Actual Total Time": 341.768, "Parent Relationship": "Outer", "Actual Startup Time": 0.023, "Plan Width": 12, "Actual Loops": 1, "Total Cost": 76687.57}, {"Hash Buckets": 1024, "Startup Cost": 2500.73, "Plans": [{"Filter": "((d_moy = 4) AND (d_year = 1999))", "Startup Cost": 0.0, "Actual Rows": 30, "Node Type": "Seq Scan", "Plan Rows": 30, "Relation Name": "date_dim", "Alias": "date_dim", "Parallel Aware": false, "Actual Total Time": 9.962, "Parent Relationship": "Outer", "Actual Startup Time": 5.002, "Plan Width": 4, "Actual Loops": 1, "Rows Removed by Filter": 73019, "Total Cost": 2500.73}], "Actual Rows": 30, "Original Hash Buckets": 1024, "Hash Batches": 1, "Peak Memory Usage": 10, "Node Type": "Hash", "Plan Rows": 30, "Parallel Aware": false, "Actual Total Time": 9.969, "Parent Relationship": "Inner", "Actual Startup Time": 9.968, "Plan Width": 4, "Actual Loops": 1, "Original Hash Batches": 1, "Total Cost": 2500.73}], "Node Type": "Hash Join", "Plan Rows": 1077, "Join Type": "Inner", "Parallel Aware": false, "Actual Total Time": 590.419, "Hash Cond": "(store_sales.ss_sold_date_sk = date_dim.d_date_sk)", "Parent Relationship": "Outer", "Actual Startup Time": 10.101, "Plan Width": 8, "Actual Loops": 1, "Total Cost": 89034.04}, {"Hash Buckets": 32768, "Startup Cost": 1416.0, "Plans": [{"Startup Cost": 0.0, "Actual Rows": 18000, "Node Type": "Seq Scan", "Plan Rows": 18000, "Relation Name": "item", "Alias": "item", "Parallel Aware": false, "Actual Total Time": 3.851, "Parent Relationship": "Outer", "Actual Startup Time": 0.002, "Plan Width": 123, "Actual Loops": 1, "Total Cost": 1416.0}], "Actual Rows": 18000, "Original Hash Buckets": 32768, "Hash Batches": 1, "Peak Memory Usage": 3031, "Node Type": "Hash", "Plan Rows": 18000, "Parallel Aware": false, "Actual Total Time": 8.065, "Parent Relationship": "Inner", "Actual Startup Time": 8.065, "Plan Width": 123, "Actual Loops": 1, "Original Hash Batches": 1, "Total Cost": 1416.0}], "Node Type": "Hash Join", "Plan Rows": 1077, "Join Type": "Inner", "Parallel Aware": false, "Actual Total Time": 611.574, "Hash Cond": "(store_sales.ss_item_sk = item.i_item_sk)", "Parent Relationship": "Outer", "Actual Startup Time": 18.183, "Plan Width": 123, "Actual Loops": 1, "Total Cost": 90689.85}, {"Hash Buckets": 1024, "Startup Cost": 1.12, "Plans": [{"Startup Cost": 0.0, "Actual Rows": 12, "Node Type": "Seq Scan", "Plan Rows": 12, "Relation Name": "store", "Alias": "store", "Parallel Aware": false, "Actual Total Time": 0.006, "Parent Relationship": "Outer", "Actual Startup Time": 0.005, "Plan Width": 26, "Actual Loops": 1, "Total Cost": 1.12}], "Actual Rows": 12, "Original Hash Buckets": 1024, "Hash Batches": 1, "Peak Memory Usage": 9, "Node Type": "Hash", "Plan Rows": 12, "Parallel Aware": false, "Actual Total Time": 0.011, "Parent Relationship": "Inner", "Actual Startup Time": 0.011, "Plan Width": 26, "Actual Loops": 1, "Original Hash Batches": 1, "Total Cost": 1.12}], "Node Type": "Hash Join", "Plan Rows": 1077, "Join Type": "Inner", "Parallel Aware": false, "Actual Total Time": 618.314, "Hash Cond": "(store_sales.ss_store_sk = store.s_store_sk)", "Parent Relationship": "Outer", "Actual Startup Time": 18.197, "Plan Width": 141, "Actual Loops": 1, "Total Cost": 90705.93}], "Node Type": "Aggregate", "Strategy": "Hashed", "Plan Rows": 1077, "Parallel Aware": false, "Actual Total Time": 642.82, "Group Key": ["item.i_item_id", "item.i_item_desc", "store.s_store_id", "store.s_store_name"], "Actual Startup Time": 638.425, "Plan Width": 141, "Actual Loops": 1, "Total Cost": 90727.47}, "Triggers": []}]