[{"Execution Time": 657.709, "Planning Time": 0.814, "Plan": {"Partial Mode": "Simple", "Startup Cost": 96787.48, "Actual Rows": 51, "Plans": [{"Startup Cost": 92554.51, "Actual Rows": 2685754, "Plans": [{"Startup Cost": 90342.51, "Actual Rows": 2510, "Plans": [{"Startup Cost": 0.0, "Actual Rows": 94736, "Node Type": "Seq Scan", "Plan Rows": 100000, "Relation Name": "customer", "Alias": "customer", "Parallel Aware": false, "Actual Total Time": 7.99, "Parent Relationship": "Outer", "Actual Startup Time": 0.006, "Plan Width": 8, "Actual Loops": 1, "Total Cost": 3855.0}, {"Hash Buckets": 4096, "Startup Cost": 90341.1, "Plans": [{"Startup Cost": 3803.0, "Actual Rows": 2510, "Plans": [{"Startup Cost": 2318.49, "Actual Rows": 24574, "Plans": [{"Startup Cost": 0.0, "Actual Rows": 2485280, "Node Type": "Seq Scan", "Plan Rows": 2622557, "Relation Name": "store_sales", "Alias": "store_sales", "Parallel Aware": false, "Actual Total Time": 343.546, "Parent Relationship": "Outer", "Actual Startup Time": 0.014, "Plan Width": 12, "Actual Loops": 1, "Total Cost": 76687.57}, {"Hash Buckets": 1024, "Startup Cost": 2318.11, "Plans": [{"Filter": "(d_month_seq = 1180)", "Startup Cost": 0.0, "Actual Rows": 31, "Node Type": "Seq Scan", "Plan Rows": 30, "Relation Name": "date_dim", "Alias": "date_dim", "Parallel Aware": false, "Actual Total Time": 7.849, "Parent Relationship": "Outer", "Actual Startup Time": 3.864, "Plan Width": 4, "Actual Loops": 1, "Rows Removed by Filter": 73018, "Total Cost": 2318.11}], "Actual Rows": 31, "Original Hash Buckets": 1024, "Hash Batches": 1, "Peak Memory Usage": 10, "Node Type": "Hash", "Plan Rows": 30, "Parallel Aware": false, "Actual Total Time": 7.855, "Parent Relationship": "Inner", "Actual Startup Time": 7.855, "Plan Width": 4, "Actual Loops": 1, "Original Hash Batches": 1, "Total Cost": 2318.11}], "Node Type": "Hash Join", "Plan Rows": 1077, "Join Type": "Inner", "Parallel Aware": false, "Actual Total Time": 595.795, "Hash Cond": "(store_sales.ss_sold_date_sk = date_dim.d_date_sk)", "Parent Relationship": "Outer", "Actual Startup Time": 7.943, "Plan Width": 8, "Actual Loops": 1, "Total Cost": 88851.42}, {"Hash Buckets": 2048, "Startup Cost": 1461.0, "Plans": [{"Filter": "(i_current_price > 11.424)", "Startup Cost": 0.0, "Actual Rows": 1842, "Node Type": "Seq Scan", "Plan Rows": 1881, "Relation Name": "item", "Alias": "item", "Parallel Aware": false, "Actual Total Time": 5.596, "Parent Relationship": "Outer", "Actual Startup Time": 0.009, "Plan Width": 4, "Actual Loops": 1, "Rows Removed by Filter": 16158, "Total Cost": 1461.0}], "Actual Rows": 1842, "Original Hash Buckets": 2048, "Hash Batches": 1, "Peak Memory Usage": 81, "Node Type": "Hash", "Plan Rows": 1881, "Parallel Aware": false, "Actual Total Time": 5.95, "Parent Relationship": "Inner", "Actual Startup Time": 5.95, "Plan Width": 4, "Actual Loops": 1, "Original Hash Batches": 1, "Total Cost": 1461.0}], "Node Type": "Hash Join", "Plan Rows": 113, "Join Type": "Inner", "Parallel Aware": false, "Actual Total Time": 608.672, "Hash Cond": "(store_sales.ss_item_sk = item.i_item_sk)", "Parent Relationship": "Outer", "Actual Startup Time": 13.9, "Plan Width": 4, "Actual Loops": 1, "Total Cost": 90341.1}], "Actual Rows": 2510, "Original Hash Buckets": 1024, "Hash Batches": 1, "Peak Memory Usage": 121, "Node Type": "Hash", "Plan Rows": 113, "Parallel Aware": false, "Actual Total Time": 609.77, "Parent Relationship": "Inner", "Actual Startup Time": 609.77, "Plan Width": 4, "Actual Loops": 1, "Original Hash Batches": 1, "Total Cost": 90341.1}], "Node Type": "Hash Join", "Plan Rows": 113, "Join Type": "Inner", "Parallel Aware": false, "Actual Total Time": 626.564, "Hash Cond": "(customer.c_customer_sk = store_sales.ss_customer_sk)", "Parent Relationship": "Outer", "Actual Startup Time": 609.814, "Plan Width": 4, "Actual Loops": 1, "Total Cost": 94573.64}, {"Hash Buckets": 65536, "Startup Cost": 1587.0, "Plans": [{"Startup Cost": 0.0, "Actual Rows": 50000, "Node Type": "Seq Scan", "Plan Rows": 50000, "Relation Name": "customer_address", "Alias": "customer_address", "Parallel Aware": false, "Actual Total Time": 15.798, "Parent Relationship": "Outer", "Actual Startup Time": 0.01, "Plan Width": 7, "Actual Loops": 1, "Total Cost": 1587.0}], "Actual Rows": 50000, "Original Hash Buckets": 65536, "Hash Batches": 1, "Peak Memory Usage": 2460, "Node Type": "Hash", "Plan Rows": 50000, "Parallel Aware": false, "Actual Total Time": 29.781, "Parent Relationship": "Inner", "Actual Startup Time": 29.781, "Plan Width": 7, "Actual Loops": 1, "Original Hash Batches": 1, "Total Cost": 1587.0}], "Node Type": "Hash Join", "Plan Rows": 113, "Join Type": "Inner", "Parallel Aware": false, "Actual Total Time": 657.203, "Hash Cond": "(customer.c_current_addr_sk = customer_address.ca_address_sk)", "Parent Relationship": "Outer", "Actual Startup Time": 639.652, "Plan Width": 3, "Actual Loops": 1, "Total Cost": 96787.19}], "Node Type": "Aggregate", "Strategy": "Hashed", "Plan Rows": 51, "Parallel Aware": false, "Actual Total Time": 657.626, "Group Key": ["customer_address.ca_state"], "Actual Startup Time": 657.622, "Plan Width": 3, "Actual Loops": 1, "Total Cost": 96787.99}, "Triggers": []}]