[{"Execution Time": 2297.96, "Planning Time": 0.278, "Plan": {"Partial Mode": "Simple", "Startup Cost": 271831.97, "Actual Rows": 19, "Plans": [{"Startup Cost": 1596.03, "Join Filter": "(inventory.inv_date_sk = date_dim.d_date_sk)", "Actual Rows": 1292, "Plans": [{"Startup Cost": 1596.03, "Actual Rows": 804, "Plans": [{"Filter": "((inv_quantity_on_hand >= 100) AND (inv_quantity_on_hand <= 500))", "Startup Cost": 0.0, "Actual Rows": 4469511, "Node Type": "Seq Scan", "Plan Rows": 4462054, "Relation Name": "inventory", "Alias": "inventory", "Parallel Aware": false, "Actual Total Time": 1957.957, "Parent Relationship": "Outer", "Actual Startup Time": 0.025, "Plan Width": 8, "Actual Loops": 1, "Rows Removed by Filter": 7275489, "Total Cost": 250573.32}, {"Hash Buckets": 1024, "Startup Cost": 1596.0, "Plans": [{"Filter": "((i_current_price >= '38'::numeric) AND (i_current_price <= '68'::numeric) AND (i_manufact_id = ANY ('{198,999,168,196}'::integer[])))", "Startup Cost": 0.0, "Actual Rows": 4, "Node Type": "Seq Scan", "Plan Rows": 2, "Relation Name": "item", "Alias": "item", "Parallel Aware": false, "Actual Total Time": 4.668, "Parent Relationship": "Outer", "Actual Startup Time": 1.219, "Plan Width": 129, "Actual Loops": 1, "Rows Removed by Filter": 17996, "Total Cost": 1596.0}], "Actual Rows": 4, "Original Hash Buckets": 1024, "Hash Batches": 1, "Peak Memory Usage": 9, "Node Type": "Hash", "Plan Rows": 2, "Parallel Aware": false, "Actual Total Time": 4.675, "Parent Relationship": "Inner", "Actual Startup Time": 4.675, "Plan Width": 129, "Actual Loops": 1, "Original Hash Batches": 1, "Total Cost": 1596.0}], "Node Type": "Hash Join", "Plan Rows": 496, "Join Type": "Inner", "Parallel Aware": false, "Actual Total Time": 2282.131, "Hash Cond": "(inventory.inv_item_sk = item.i_item_sk)", "Parent Relationship": "Outer", "Actual Startup Time": 5.477, "Plan Width": 129, "Actual Loops": 1, "Total Cost": 268907.01}, {"Startup Cost": 0.0, "Actual Rows": 60, "Plans": [{"Filter": "((d_date >= '1998-01-06'::date) AND (d_date <= '1998-03-06'::date))", "Startup Cost": 0.0, "Actual Rows": 60, "Node Type": "Seq Scan", "Plan Rows": 57, "Relation Name": "date_dim", "Alias": "date_dim", "Parallel Aware": false, "Actual Total Time": 7.971, "Parent Relationship": "Outer", "Actual Startup Time": 3.424, "Plan Width": 4, "Actual Loops": 1, "Rows Removed by Filter": 72989, "Total Cost": 2500.73}], "Node Type": "Materialize", "Plan Rows": 57, "Parallel Aware": false, "Actual Total Time": 0.013, "Parent Relationship": "Inner", "Actual Startup Time": 0.005, "Plan Width": 4, "Actual Loops": 804, "Total Cost": 2501.02}], "Node Type": "Nested Loop", "Plan Rows": 1, "Join Type": "Inner", "Rows Removed by Join Filter": 48201, "Parallel Aware": false, "Actual Total Time": 2297.789, "Parent Relationship": "Outer", "Actual Startup Time": 20.322, "Plan Width": 125, "Actual Loops": 1, "Total Cost": 271831.97}], "Node Type": "Aggregate", "Strategy": "Hashed", "Plan Rows": 1, "Parallel Aware": false, "Actual Total Time": 2297.92, "Group Key": ["item.i_item_id", "item.i_item_desc", "item.i_current_price"], "Actual Startup Time": 2297.919, "Plan Width": 125, "Actual Loops": 1, "Total Cost": 271831.98}, "Triggers": []}]