[{"Execution Time": 540.89, "Planning Time": 0.185, "Plan": {"Partial Mode": "Simple", "Startup Cost": 90489.2, "Actual Rows": 14115, "Plans": [{"Startup Cost": 3959.2, "Actual Rows": 21009718, "Plans": [{"Startup Cost": 2318.2, "Actual Rows": 19244, "Plans": [{"Startup Cost": 0.0, "Actual Rows": 2485280, "Node Type": "Seq Scan", "Plan Rows": 2622557, "Relation Name": "store_sales", "Alias": "store_sales", "Parallel Aware": false, "Actual Total Time": 298.375, "Parent Relationship": "Outer", "Actual Startup Time": 0.022, "Plan Width": 8, "Actual Loops": 1, "Total Cost": 76687.57}, {"Hash Buckets": 1024, "Startup Cost": 2318.11, "Plans": [{"Filter": "(d_week_seq = 5268)", "Startup Cost": 0.0, "Actual Rows": 7, "Node Type": "Seq Scan", "Plan Rows": 7, "Relation Name": "date_dim", "Alias": "date_dim", "Parallel Aware": false, "Actual Total Time": 8.9, "Parent Relationship": "Outer", "Actual Startup Time": 4.436, "Plan Width": 4, "Actual Loops": 1, "Rows Removed by Filter": 73042, "Total Cost": 2318.11}], "Actual Rows": 7, "Original Hash Buckets": 1024, "Hash Batches": 1, "Peak Memory Usage": 9, "Node Type": "Hash", "Plan Rows": 7, "Parallel Aware": false, "Actual Total Time": 8.903, "Parent Relationship": "Inner", "Actual Startup Time": 8.903, "Plan Width": 4, "Actual Loops": 1, "Original Hash Batches": 1, "Total Cost": 2318.11}], "Node Type": "Hash Join", "Plan Rows": 251, "Join Type": "Inner", "Parallel Aware": false, "Actual Total Time": 514.997, "Hash Cond": "(store_sales.ss_sold_date_sk = date_dim.d_date_sk)", "Parent Relationship": "Outer", "Actual Startup Time": 9.101, "Plan Width": 4, "Actual Loops": 1, "Total Cost": 88842.87}, {"Hash Buckets": 32768, "Startup Cost": 1416.0, "Plans": [{"Startup Cost": 0.0, "Actual Rows": 18000, "Node Type": "Seq Scan", "Plan Rows": 18000, "Relation Name": "item", "Alias": "item", "Parallel Aware": false, "Actual Total Time": 5.236, "Parent Relationship": "Outer", "Actual Startup Time": 0.005, "Plan Width": 16, "Actual Loops": 1, "Total Cost": 1416.0}], "Actual Rows": 18000, "Original Hash Buckets": 32768, "Hash Batches": 1, "Peak Memory Usage": 1100, "Node Type": "Hash", "Plan Rows": 18000, "Parallel Aware": false, "Actual Total Time": 8.309, "Parent Relationship": "Inner", "Actual Startup Time": 8.309, "Plan Width": 16, "Actual Loops": 1, "Original Hash Batches": 1, "Total Cost": 1416.0}], "Node Type": "Hash Join", "Plan Rows": 251, "Join Type": "Inner", "Parallel Aware": false, "Actual Total Time": 532.524, "Hash Cond": "(store_sales.ss_item_sk = item.i_item_sk)", "Parent Relationship": "Outer", "Actual Startup Time": 17.424, "Plan Width": 12, "Actual Loops": 1, "Total Cost": 90487.32}], "Node Type": "Aggregate", "Strategy": "Hashed", "Plan Rows": 251, "Parallel Aware": false, "Actual Total Time": 540.793, "Group Key": ["item.i_brand_id", "item.i_class_id", "item.i_category_id"], "Actual Startup Time": 540.542, "Plan Width": 12, "Actual Loops": 1, "Total Cost": 90491.71}, "Triggers": []}]