[{"Execution Time": 9.337, "Planning Time": 0.049, "Plan": {"Partial Mode": "Simple", "Startup Cost": 2500.81, "Actual Rows": 1, "Plans": [{"Filter": "((d_year = 2001) AND (d_moy = 5))", "Startup Cost": 0.0, "Actual Rows": 31, "Node Type": "Seq Scan", "Plan Rows": 31, "Relation Name": "date_dim", "Alias": "date_dim", "Parallel Aware": false, "Actual Total Time": 9.297, "Parent Relationship": "Outer", "Actual Startup Time": 4.448, "Plan Width": 4, "Actual Loops": 1, "Rows Removed by Filter": 73018, "Total Cost": 2500.73}], "Node Type": "Aggregate", "Strategy": "Hashed", "Plan Rows": 31, "Parallel Aware": false, "Actual Total Time": 9.315, "Group Key": ["d_month_seq"], "Actual Startup Time": 9.315, "Plan Width": 4, "Actual Loops": 1, "Total Cost": 2501.12}, "Triggers": []}]