[{"Execution Time": 779.443, "Planning Time": 0.744, "Plan": {"Partial Mode": "Simple", "Startup Cost": 108715.47, "Actual Rows": 5008316, "Plans": [{"Startup Cost": 61443.11, "Actual Rows": 9522665, "Plans": [{"Startup Cost": 59802.11, "Actual Rows": 9240, "Plans": [{"Filter": "(cd_marital_status = 'M'::bpchar)", "Startup Cost": 0.0, "Actual Rows": 384160, "Node Type": "Seq Scan", "Plan Rows": 380703, "Relation Name": "customer_demographics", "Alias": "customer_demographics", "Parallel Aware": false, "Actual Total Time": 279.92, "Parent Relationship": "Outer", "Actual Startup Time": 0.014, "Plan Width": 4, "Actual Loops": 1, "Rows Removed by Filter": 1536640, "Total Cost": 45838.0}, {"Hash Buckets": 65536, "Startup Cost": 59787.34, "Plans": [{"Startup Cost": 2480.65, "Actual Rows": 45399, "Plans": [{"Startup Cost": 2322.65, "Actual Rows": 267393, "Plans": [{"Startup Cost": 0.0, "Actual Rows": 1343425, "Node Type": "Seq Scan", "Plan Rows": 1427370, "Relation Name": "catalog_sales", "Alias": "catalog_sales", "Parallel Aware": false, "Actual Total Time": 193.758, "Parent Relationship": "Outer", "Actual Startup Time": 0.012, "Plan Width": 16, "Actual Loops": 1, "Total Cost": 51844.7}, {"Hash Buckets": 1024, "Startup Cost": 2318.11, "Plans": [{"Filter": "(d_year = 1998)", "Startup Cost": 0.0, "Actual Rows": 365, "Node Type": "Seq Scan", "Plan Rows": 363, "Relation Name": "date_dim", "Alias": "date_dim", "Parallel Aware": false, "Actual Total Time": 10.853, "Parent Relationship": "Outer", "Actual Startup Time": 5.001, "Plan Width": 8, "Actual Loops": 1, "Rows Removed by Filter": 72684, "Total Cost": 2318.11}], "Actual Rows": 365, "Original Hash Buckets": 1024, "Hash Batches": 1, "Peak Memory Usage": 23, "Node Type": "Hash", "Plan Rows": 363, "Parallel Aware": false, "Actual Total Time": 10.911, "Parent Relationship": "Inner", "Actual Startup Time": 10.911, "Plan Width": 8, "Actual Loops": 1, "Original Hash Batches": 1, "Total Cost": 2318.11}], "Node Type": "Hash Join", "Plan Rows": 7093, "Join Type": "Inner", "Parallel Aware": false, "Actual Total Time": 381.124, "Hash Cond": "(catalog_sales.cs_sold_date_sk = date_dim.d_date_sk)", "Parent Relationship": "Outer", "Actual Startup Time": 10.933, "Plan Width": 16, "Actual Loops": 1, "Total Cost": 59590.92}, {"Hash Buckets": 2048, "Startup Cost": 143.0, "Plans": [{"Filter": "(hd_buy_potential = 'from1001to5000'::bpchar)", "Startup Cost": 0.0, "Actual Rows": 1200, "Node Type": "Seq Scan", "Plan Rows": 1200, "Relation Name": "household_demographics", "Alias": "household_demographics", "Parallel Aware": false, "Actual Total Time": 0.85, "Parent Relationship": "Outer", "Actual Startup Time": 0.009, "Plan Width": 4, "Actual Loops": 1, "Rows Removed by Filter": 6000, "Total Cost": 143.0}], "Actual Rows": 1200, "Original Hash Buckets": 2048, "Hash Batches": 1, "Peak Memory Usage": 59, "Node Type": "Hash", "Plan Rows": 1200, "Parallel Aware": false, "Actual Total Time": 0.994, "Parent Relationship": "Inner", "Actual Startup Time": 0.994, "Plan Width": 4, "Actual Loops": 1, "Original Hash Batches": 1, "Total Cost": 143.0}], "Node Type": "Hash Join", "Plan Rows": 1182, "Join Type": "Inner", "Parallel Aware": false, "Actual Total Time": 412.448, "Hash Cond": "(catalog_sales.cs_bill_hdemo_sk = household_demographics.hd_demo_sk)", "Parent Relationship": "Outer", "Actual Startup Time": 11.961, "Plan Width": 12, "Actual Loops": 1, "Total Cost": 59787.34}], "Actual Rows": 45399, "Original Hash Buckets": 2048, "Hash Batches": 1, "Peak Memory Usage": 2463, "Node Type": "Hash", "Plan Rows": 1182, "Parallel Aware": false, "Actual Total Time": 420.717, "Parent Relationship": "Inner", "Actual Startup Time": 420.717, "Plan Width": 12, "Actual Loops": 1, "Original Hash Batches": 1, "Total Cost": 59787.34}], "Node Type": "Hash Join", "Plan Rows": 234, "Join Type": "Inner", "Parallel Aware": false, "Actual Total Time": 757.925, "Hash Cond": "(customer_demographics.cd_demo_sk = catalog_sales.cs_bill_cdemo_sk)", "Parent Relationship": "Outer", "Actual Startup Time": 420.806, "Plan Width": 8, "Actual Loops": 1, "Total Cost": 107070.09}, {"Hash Buckets": 32768, "Startup Cost": 1416.0, "Plans": [{"Startup Cost": 0.0, "Actual Rows": 18000, "Node Type": "Seq Scan", "Plan Rows": 18000, "Relation Name": "item", "Alias": "item", "Parallel Aware": false, "Actual Total Time": 4.798, "Parent Relationship": "Outer", "Actual Startup Time": 0.009, "Plan Width": 106, "Actual Loops": 1, "Total Cost": 1416.0}], "Actual Rows": 18000, "Original Hash Buckets": 32768, "Hash Batches": 1, "Peak Memory Usage": 2713, "Node Type": "Hash", "Plan Rows": 18000, "Parallel Aware": false, "Actual Total Time": 9.584, "Parent Relationship": "Inner", "Actual Startup Time": 9.584, "Plan Width": 106, "Actual Loops": 1, "Original Hash Batches": 1, "Total Cost": 1416.0}], "Node Type": "Hash Join", "Plan Rows": 234, "Join Type": "Inner", "Parallel Aware": false, "Actual Total Time": 772.068, "Hash Cond": "(catalog_sales.cs_item_sk = item.i_item_sk)", "Parent Relationship": "Outer", "Actual Startup Time": 430.415, "Plan Width": 106, "Actual Loops": 1, "Total Cost": 108714.3}], "Node Type": "Aggregate", "Strategy": "Hashed", "Plan Rows": 234, "Parallel Aware": false, "Actual Total Time": 779.063, "Group Key": ["item.i_item_desc", "date_dim.d_week_seq"], "Actual Startup Time": 777.518, "Plan Width": 106, "Actual Loops": 1, "Total Cost": 108717.81}, "Triggers": []}]