[{"Execution Time": 576.225, "Planning Time": 0.281, "Plan": {"Partial Mode": "Simple", "Startup Cost": 92334.94, "Actual Rows": 525574, "Plans": [{"Startup Cost": 88069.42, "Actual Rows": 530399, "Plans": [{"Startup Cost": 0.0, "Actual Rows": 94736, "Node Type": "Seq Scan", "Plan Rows": 100000, "Relation Name": "customer", "Alias": "customer", "Parallel Aware": false, "Actual Total Time": 10.662, "Parent Relationship": "Outer", "Actual Startup Time": 0.004, "Plan Width": 56, "Actual Loops": 1, "Total Cost": 3855.0}, {"Hash Buckets": 2048, "Startup Cost": 88055.75, "Plans": [{"Startup Cost": 1462.56, "Actual Rows": 1536, "Plans": [{"Startup Cost": 1461.38, "Actual Rows": 4641, "Plans": [{"Startup Cost": 0.0, "Actual Rows": 2485280, "Node Type": "Seq Scan", "Plan Rows": 2622557, "Relation Name": "store_sales", "Alias": "store_sales", "Parallel Aware": false, "Actual Total Time": 305.153, "Parent Relationship": "Outer", "Actual Startup Time": 0.021, "Plan Width": 12, "Actual Loops": 1, "Total Cost": 76687.57}, {"Hash Buckets": 1024, "Startup Cost": 1461.0, "Plans": [{"Filter": "(i_color = 'coral'::bpchar)", "Startup Cost": 0.0, "Actual Rows": 30, "Node Type": "Seq Scan", "Plan Rows": 30, "Relation Name": "item", "Alias": "item", "Parallel Aware": false, "Actual Total Time": 7.407, "Parent Relationship": "Outer", "Actual Startup Time": 0.016, "Plan Width": 67, "Actual Loops": 1, "Rows Removed by Filter": 17970, "Total Cost": 1461.0}], "Actual Rows": 30, "Original Hash Buckets": 1024, "Hash Batches": 1, "Peak Memory Usage": 11, "Node Type": "Hash", "Plan Rows": 30, "Parallel Aware": false, "Actual Total Time": 7.436, "Parent Relationship": "Inner", "Actual Startup Time": 7.436, "Plan Width": 67, "Actual Loops": 1, "Original Hash Batches": 1, "Total Cost": 1461.0}], "Node Type": "Hash Join", "Plan Rows": 4371, "Join Type": "Inner", "Parallel Aware": false, "Actual Total Time": 548.953, "Hash Cond": "(store_sales.ss_item_sk = item.i_item_sk)", "Parent Relationship": "Outer", "Actual Startup Time": 7.773, "Plan Width": 71, "Actual Loops": 1, "Total Cost": 88027.24}, {"Hash Buckets": 1024, "Startup Cost": 1.15, "Plans": [{"Filter": "(s_market_id = 8)", "Startup Cost": 0.0, "Actual Rows": 3, "Node Type": "Seq Scan", "Plan Rows": 3, "Relation Name": "store", "Alias": "store", "Parallel Aware": false, "Actual Total Time": 0.006, "Parent Relationship": "Outer", "Actual Startup Time": 0.004, "Plan Width": 12, "Actual Loops": 1, "Rows Removed by Filter": 9, "Total Cost": 1.15}], "Actual Rows": 3, "Original Hash Buckets": 1024, "Hash Batches": 1, "Peak Memory Usage": 9, "Node Type": "Hash", "Plan Rows": 3, "Parallel Aware": false, "Actual Total Time": 0.008, "Parent Relationship": "Inner", "Actual Startup Time": 0.008, "Plan Width": 12, "Actual Loops": 1, "Original Hash Batches": 1, "Total Cost": 1.15}], "Node Type": "Hash Join", "Plan Rows": 1093, "Join Type": "Inner", "Parallel Aware": false, "Actual Total Time": 550.379, "Hash Cond": "(store_sales.ss_store_sk = store.s_store_sk)", "Parent Relationship": "Outer", "Actual Startup Time": 7.785, "Plan Width": 75, "Actual Loops": 1, "Total Cost": 88055.75}], "Actual Rows": 1536, "Original Hash Buckets": 2048, "Hash Batches": 1, "Peak Memory Usage": 178, "Node Type": "Hash", "Plan Rows": 1093, "Parallel Aware": false, "Actual Total Time": 551.423, "Parent Relationship": "Inner", "Actual Startup Time": 551.423, "Plan Width": 75, "Actual Loops": 1, "Original Hash Batches": 1, "Total Cost": 88055.75}], "Node Type": "Hash Join", "Plan Rows": 1093, "Join Type": "Inner", "Parallel Aware": false, "Actual Total Time": 574.236, "Hash Cond": "(customer.c_customer_sk = store_sales.ss_customer_sk)", "Parent Relationship": "Outer", "Actual Startup Time": 551.446, "Plan Width": 123, "Actual Loops": 1, "Total Cost": 92310.35}], "Node Type": "Aggregate", "Strategy": "Hashed", "Plan Rows": 1093, "Parallel Aware": false, "Actual Total Time": 576.126, "Group Key": ["customer.c_last_name", "customer.c_first_name", "store.s_store_name", "store.s_state", "item.i_color", "item.i_current_price", "item.i_manager_id", "item.i_units", "item.i_size"], "Actual Startup Time": 575.838, "Plan Width": 123, "Actual Loops": 1, "Total Cost": 92345.87}, "Triggers": []}]