[
  {
    "Plan": {
      "Node Type": "Unique",
      "Parallel Aware": false,
      "Startup Cost": 10000525041.36,
      "Total Cost": 10000557157.19,
      "Plan Rows": 1427370,
      "Plan Width": 191,
      "Actual Startup Time": 11044.304,
      "Actual Total Time": 14730.102,
      "Actual Rows": 129060,
      "Actual Loops": 1,
      "Plans": [
        {
          "Node Type": "Sort",
          "Parent Relationship": "Outer",
          "Parallel Aware": false,
          "Startup Cost": 10000525041.36,
          "Total Cost": 10000528609.79,
          "Plan Rows": 1427370,
          "Plan Width": 191,
          "Actual Startup Time": 11044.304,
          "Actual Total Time": 14199.700,
          "Actual Rows": 1343425,
          "Actual Loops": 1,
          "Sort Key": ["customer.c_customer_id", "customer.c_first_name", "customer.c_last_name", "customer.c_preferred_cust_flag", "customer.c_birth_country", "customer.c_login", "customer.c_email_address", "date_dim.d_year"],
          "Sort Method": "external merge",
          "Sort Space Used": 192008,
          "Sort Space Type": "Disk",
          "Plans": [
            {
              "Node Type": "Hash Join",
              "Parent Relationship": "Outer",
              "Parallel Aware": false,
              "Join Type": "Inner",
              "Startup Cost": 10790.60,
              "Total Cost": 115676.98,
              "Plan Rows": 1427370,
              "Plan Width": 191,
              "Actual Startup Time": 82.834,
              "Actual Total Time": 1354.522,
              "Actual Rows": 1343425,
              "Actual Loops": 1,
              "Hash Cond": "(catalog_sales.cs_sold_date_sk = date_dim.d_date_sk)",
              "Plans": [
                {
                  "Node Type": "Hash Join",
                  "Parent Relationship": "Outer",
                  "Parallel Aware": false,
                  "Join Type": "Inner",
                  "Startup Cost": 7742.00,
                  "Total Cost": 93002.04,
                  "Plan Rows": 1427370,
                  "Plan Width": 191,
                  "Actual Startup Time": 61.720,
                  "Actual Total Time": 1019.120,
                  "Actual Rows": 1343425,
                  "Actual Loops": 1,
                  "Hash Cond": "(catalog_sales.cs_bill_customer_sk = customer.c_customer_sk)",
                  "Plans": [
                    {
                      "Node Type": "Seq Scan",
                      "Parent Relationship": "Outer",
                      "Parallel Aware": false,
                      "Relation Name": "catalog_sales",
                      "Alias": "catalog_sales",
                      "Startup Cost": 0.00,
                      "Total Cost": 51844.70,
                      "Plan Rows": 1427370,
                      "Plan Width": 8,
                      "Actual Startup Time": 0.014,
                      "Actual Total Time": 287.417,
                      "Actual Rows": 1343425,
                      "Actual Loops": 1
                    },
                    {
                      "Node Type": "Hash",
                      "Parent Relationship": "Inner",
                      "Parallel Aware": false,
                      "Startup Cost": 3855.00,
                      "Total Cost": 3855.00,
                      "Plan Rows": 100000,
                      "Plan Width": 191,
                      "Actual Startup Time": 61.590,
                      "Actual Total Time": 61.590,
                      "Actual Rows": 94736,
                      "Actual Loops": 1,
                      "Hash Buckets": 32768,
                      "Original Hash Buckets": 32768,
                      "Hash Batches": 8,
                      "Original Hash Batches": 8,
                      "Peak Memory Usage": 2252,
                      "Plans": [
                        {
                          "Node Type": "Seq Scan",
                          "Parent Relationship": "Outer",
                          "Parallel Aware": false,
                          "Relation Name": "customer",
                          "Alias": "customer",
                          "Startup Cost": 0.00,
                          "Total Cost": 3855.00,
                          "Plan Rows": 100000,
                          "Plan Width": 191,
                          "Actual Startup Time": 0.004,
                          "Actual Total Time": 24.114,
                          "Actual Rows": 94736,
                          "Actual Loops": 1
                        }
                      ]
                    }
                  ]
                },
                {
                  "Node Type": "Hash",
                  "Parent Relationship": "Inner",
                  "Parallel Aware": false,
                  "Startup Cost": 2135.49,
                  "Total Cost": 2135.49,
                  "Plan Rows": 73049,
                  "Plan Width": 8,
                  "Actual Startup Time": 21.067,
                  "Actual Total Time": 21.067,
                  "Actual Rows": 73049,
                  "Actual Loops": 1,
                  "Hash Buckets": 131072,
                  "Original Hash Buckets": 131072,
                  "Hash Batches": 1,
                  "Original Hash Batches": 1,
                  "Peak Memory Usage": 3878,
                  "Plans": [
                    {
                      "Node Type": "Seq Scan",
                      "Parent Relationship": "Outer",
                      "Parallel Aware": false,
                      "Relation Name": "date_dim",
                      "Alias": "date_dim",
                      "Startup Cost": 0.00,
                      "Total Cost": 2135.49,
                      "Plan Rows": 73049,
                      "Plan Width": 8,
                      "Actual Startup Time": 0.006,
                      "Actual Total Time": 11.159,
                      "Actual Rows": 73049,
                      "Actual Loops": 1
                    }
                  ]
                }
              ]
            }
          ]
        }
      ]
    },
    "Planning Time": 0.216,
    "Triggers": [
    ],
    "Execution Time": 14759.218
  }
]
