[{"Execution Time": 66.048, "Planning Time": 0.173, "Plan": {"Partial Mode": "Simple", "Startup Cost": 11055.1, "Actual Rows": 501, "Plans": [{"Startup Cost": 2502.17, "Actual Rows": 1524745, "Plans": [{"Startup Cost": 2500.9, "Actual Rows": 1463, "Plans": [{"Startup Cost": 0.0, "Actual Rows": 263253, "Node Type": "Seq Scan", "Plan Rows": 277502, "Relation Name": "store_returns", "Alias": "store_returns", "Parallel Aware": false, "Actual Total Time": 32.398, "Parent Relationship": "Outer", "Actual Startup Time": 0.007, "Plan Width": 8, "Actual Loops": 1, "Total Cost": 7511.02}, {"Hash Buckets": 1024, "Startup Cost": 2500.73, "Plans": [{"Filter": "((d_date >= '2001-08-21'::date) AND (d_date <= '2001-09-04'::date))", "Startup Cost": 0.0, "Actual Rows": 15, "Node Type": "Seq Scan", "Plan Rows": 13, "Relation Name": "date_dim", "Alias": "date_dim", "Parallel Aware": false, "Actual Total Time": 9.154, "Parent Relationship": "Outer", "Actual Startup Time": 3.888, "Plan Width": 4, "Actual Loops": 1, "Rows Removed by Filter": 73034, "Total Cost": 2500.73}], "Actual Rows": 15, "Original Hash Buckets": 1024, "Hash Batches": 1, "Peak Memory Usage": 9, "Node Type": "Hash", "Plan Rows": 13, "Parallel Aware": false, "Actual Total Time": 9.16, "Parent Relationship": "Inner", "Actual Startup Time": 9.16, "Plan Width": 4, "Actual Loops": 1, "Original Hash Batches": 1, "Total Cost": 2500.73}], "Node Type": "Hash Join", "Plan Rows": 49, "Join Type": "Inner", "Parallel Aware": false, "Actual Total Time": 65.04, "Hash Cond": "(store_returns.sr_returned_date_sk = date_dim.d_date_sk)", "Parent Relationship": "Outer", "Actual Startup Time": 9.228, "Plan Width": 4, "Actual Loops": 1, "Total Cost": 11053.04}, {"Hash Buckets": 1024, "Startup Cost": 1.12, "Plans": [{"Startup Cost": 0.0, "Actual Rows": 12, "Node Type": "Seq Scan", "Plan Rows": 12, "Relation Name": "store", "Alias": "store", "Parallel Aware": false, "Actual Total Time": 0.007, "Parent Relationship": "Outer", "Actual Startup Time": 0.004, "Plan Width": 21, "Actual Loops": 1, "Total Cost": 1.12}], "Actual Rows": 12, "Original Hash Buckets": 1024, "Hash Batches": 1, "Peak Memory Usage": 9, "Node Type": "Hash", "Plan Rows": 12, "Parallel Aware": false, "Actual Total Time": 0.009, "Parent Relationship": "Inner", "Actual Startup Time": 0.009, "Plan Width": 21, "Actual Loops": 1, "Original Hash Batches": 1, "Total Cost": 1.12}], "Node Type": "Hash Join", "Plan Rows": 49, "Join Type": "Inner", "Parallel Aware": false, "Actual Total Time": 65.54, "Hash Cond": "(store_returns.sr_store_sk = store.s_store_sk)", "Parent Relationship": "Outer", "Actual Startup Time": 9.244, "Plan Width": 17, "Actual Loops": 1, "Total Cost": 11054.97}], "Node Type": "Aggregate", "Strategy": "Hashed", "Plan Rows": 6, "Parallel Aware": false, "Actual Total Time": 66.02, "Group Key": ["store.s_store_id"], "Actual Startup Time": 66.019, "Plan Width": 17, "Actual Loops": 1, "Total Cost": 11055.16}, "Triggers": []}]