[
  {
    "Plan": {
      "Node Type": "Aggregate",
      "Strategy": "Hashed",
      "Partial Mode": "Simple",
      "Parallel Aware": false,
      "Startup Cost": 89554.36,
      "Total Cost": 89554.38,
      "Plan Rows": 2,
      "Plan Width": 7,
      "Actual Startup Time": 543.802,
      "Actual Total Time": 543.802,
      "Actual Rows": 2,
      "Actual Loops": 1,
      "Group Key": ["store.s_city"],
      "Plans": [
        {
          "Node Type": "Hash Join",
          "Parent Relationship": "Outer",
          "Parallel Aware": false,
          "Join Type": "Inner",
          "Startup Cost": 2832.80,
          "Total Cost": 89542.61,
          "Plan Rows": 4700,
          "Plan Width": 7,
          "Actual Startup Time": 11.645,
          "Actual Total Time": 521.143,
          "Actual Rows": 158708,
          "Actual Loops": 1,
          "Hash Cond": "(store_sales.ss_store_sk = store.s_store_sk)",
          "Plans": [
            {
              "Node Type": "Hash Join",
              "Parent Relationship": "Outer",
              "Parallel Aware": false,
              "Join Type": "Inner",
              "Startup Cost": 2831.47,
              "Total Cost": 89476.65,
              "Plan Rows": 4700,
              "Plan Width": 4,
              "Actual Startup Time": 11.624,
              "Actual Total Time": 493.543,
              "Actual Rows": 191442,
              "Actual Loops": 1,
              "Hash Cond": "(store_sales.ss_hdemo_sk = household_demographics.hd_demo_sk)",
              "Plans": [
                {
                  "Node Type": "Hash Join",
                  "Parent Relationship": "Outer",
                  "Parallel Aware": false,
                  "Join Type": "Inner",
                  "Startup Cost": 2593.97,
                  "Total Cost": 89171.42,
                  "Plan Rows": 5529,
                  "Plan Width": 8,
                  "Actual Startup Time": 9.733,
                  "Actual Total Time": 456.234,
                  "Actual Rows": 224694,
                  "Actual Loops": 1,
                  "Hash Cond": "(store_sales.ss_sold_date_sk = date_dim.d_date_sk)",
                  "Plans": [
                    {
                      "Node Type": "Seq Scan",
                      "Parent Relationship": "Outer",
                      "Parallel Aware": false,
                      "Relation Name": "store_sales",
                      "Alias": "store_sales",
                      "Startup Cost": 0.00,
                      "Total Cost": 76687.57,
                      "Plan Rows": 2622557,
                      "Plan Width": 12,
                      "Actual Startup Time": 0.018,
                      "Actual Total Time": 240.152,
                      "Actual Rows": 2622614,
                      "Actual Loops": 1
                    },
                    {
                      "Node Type": "Hash",
                      "Parent Relationship": "Inner",
                      "Parallel Aware": false,
                      "Startup Cost": 2592.05,
                      "Total Cost": 2592.05,
                      "Plan Rows": 154,
                      "Plan Width": 4,
                      "Actual Startup Time": 9.656,
                      "Actual Total Time": 9.656,
                      "Actual Rows": 157,
                      "Actual Loops": 1,
                      "Hash Buckets": 1024,
                      "Original Hash Buckets": 1024,
                      "Hash Batches": 1,
                      "Original Hash Batches": 1,
                      "Peak Memory Usage": 14,
                      "Plans": [
                        {
                          "Node Type": "Seq Scan",
                          "Parent Relationship": "Outer",
                          "Parallel Aware": false,
                          "Relation Name": "date_dim",
                          "Alias": "date_dim",
                          "Startup Cost": 0.00,
                          "Total Cost": 2592.05,
                          "Plan Rows": 154,
                          "Plan Width": 4,
                          "Actual Startup Time": 4.815,
                          "Actual Total Time": 9.634,
                          "Actual Rows": 157,
                          "Actual Loops": 1,
                          "Filter": "((d_dow = 1) AND (d_year = ANY ('{1999,2000,2001}'::integer[])))",
                          "Rows Removed by Filter": 72892
                        }
                      ]
                    }
                  ]
                },
                {
                  "Node Type": "Hash",
                  "Parent Relationship": "Inner",
                  "Parallel Aware": false,
                  "Startup Cost": 161.00,
                  "Total Cost": 161.00,
                  "Plan Rows": 6120,
                  "Plan Width": 4,
                  "Actual Startup Time": 1.885,
                  "Actual Total Time": 1.885,
                  "Actual Rows": 6120,
                  "Actual Loops": 1,
                  "Hash Buckets": 8192,
                  "Original Hash Buckets": 8192,
                  "Hash Batches": 1,
                  "Original Hash Batches": 1,
                  "Peak Memory Usage": 280,
                  "Plans": [
                    {
                      "Node Type": "Seq Scan",
                      "Parent Relationship": "Outer",
                      "Parallel Aware": false,
                      "Relation Name": "household_demographics",
                      "Alias": "household_demographics",
                      "Startup Cost": 0.00,
                      "Total Cost": 161.00,
                      "Plan Rows": 6120,
                      "Plan Width": 4,
                      "Actual Startup Time": 0.006,
                      "Actual Total Time": 1.221,
                      "Actual Rows": 6120,
                      "Actual Loops": 1,
                      "Filter": "((hd_dep_count = 1) OR (hd_vehicle_count > '-1'::integer))",
                      "Rows Removed by Filter": 1080
                    }
                  ]
                }
              ]
            },
            {
              "Node Type": "Hash",
              "Parent Relationship": "Inner",
              "Parallel Aware": false,
              "Startup Cost": 1.18,
              "Total Cost": 1.18,
              "Plan Rows": 12,
              "Plan Width": 11,
              "Actual Startup Time": 0.016,
              "Actual Total Time": 0.016,
              "Actual Rows": 11,
              "Actual Loops": 1,
              "Hash Buckets": 1024,
              "Original Hash Buckets": 1024,
              "Hash Batches": 1,
              "Original Hash Batches": 1,
              "Peak Memory Usage": 9,
              "Plans": [
                {
                  "Node Type": "Seq Scan",
                  "Parent Relationship": "Outer",
                  "Parallel Aware": false,
                  "Relation Name": "store",
                  "Alias": "store",
                  "Startup Cost": 0.00,
                  "Total Cost": 1.18,
                  "Plan Rows": 12,
                  "Plan Width": 11,
                  "Actual Startup Time": 0.009,
                  "Actual Total Time": 0.013,
                  "Actual Rows": 11,
                  "Actual Loops": 1,
                  "Filter": "((s_number_employees >= 200) AND (s_number_employees <= 295))",
                  "Rows Removed by Filter": 1
                }
              ]
            }
          ]
        }
      ]
    },
    "Planning Time": 29.567,
    "Triggers": [
    ],
    "Execution Time": 543.843
  }
]
