[
  {
    "Plan": {
      "Node Type": "Aggregate",
      "Strategy": "Hashed",
      "Partial Mode": "Simple",
      "Parallel Aware": false,
      "Startup Cost": 102352.72,
      "Total Cost": 102352.88,
      "Plan Rows": 16,
      "Plan Width": 4,
      "Actual Startup Time": 971.547,
      "Actual Total Time": 971.548,
      "Actual Rows": 9,
      "Actual Loops": 1,
      "Group Key": ["item.i_class_id"],
      "Plans": [
        {
          "Node Type": "Hash Join",
          "Parent Relationship": "Outer",
          "Parallel Aware": false,
          "Join Type": "Inner",
          "Startup Cost": 1627.40,
          "Total Cost": 101192.65,
          "Plan Rows": 464026,
          "Plan Width": 4,
          "Actual Startup Time": 9.240,
          "Actual Total Time": 907.831,
          "Actual Rows": 444790,
          "Actual Loops": 1,
          "Hash Cond": "(store_sales.ss_item_sk = item.i_item_sk)",
          "Plans": [
            {
              "Node Type": "Seq Scan",
              "Parent Relationship": "Outer",
              "Parallel Aware": false,
              "Relation Name": "store_sales",
              "Alias": "store_sales",
              "Startup Cost": 0.00,
              "Total Cost": 89800.35,
              "Plan Rows": 1366570,
              "Plan Width": 4,
              "Actual Startup Time": 0.009,
              "Actual Total Time": 686.186,
              "Actual Rows": 1307245,
              "Actual Loops": 1,
              "Filter": "((ss_sales_price >= '20'::numeric) AND (ss_sales_price <= '100'::numeric))",
              "Rows Removed by Filter": 1178035
            },
            {
              "Node Type": "Hash",
              "Parent Relationship": "Inner",
              "Parallel Aware": false,
              "Startup Cost": 1551.00,
              "Total Cost": 1551.00,
              "Plan Rows": 6112,
              "Plan Width": 8,
              "Actual Startup Time": 9.217,
              "Actual Total Time": 9.217,
              "Actual Rows": 6135,
              "Actual Loops": 1,
              "Hash Buckets": 8192,
              "Original Hash Buckets": 8192,
              "Hash Batches": 1,
              "Original Hash Batches": 1,
              "Peak Memory Usage": 304,
              "Plans": [
                {
                  "Node Type": "Seq Scan",
                  "Parent Relationship": "Outer",
                  "Parallel Aware": false,
                  "Relation Name": "item",
                  "Alias": "item",
                  "Startup Cost": 0.00,
                  "Total Cost": 1551.00,
                  "Plan Rows": 6112,
                  "Plan Width": 8,
                  "Actual Startup Time": 0.007,
                  "Actual Total Time": 7.996,
                  "Actual Rows": 6135,
                  "Actual Loops": 1,
                  "Filter": "((i_class_id >= 4) AND (i_class_id <= 12) AND (i_manufact_id > 100))",
                  "Rows Removed by Filter": 11865
                }
              ]
            }
          ]
        }
      ]
    },
    "Planning Time": 0.324,
    "Triggers": [
    ],
    "Execution Time": 971.580
  }
]
