[
  {
    "Plan": {
      "Node Type": "Aggregate",
      "Strategy": "Hashed",
      "Partial Mode": "Simple",
      "Parallel Aware": false,
      "Startup Cost": 92626.26,
      "Total Cost": 92626.42,
      "Plan Rows": 16,
      "Plan Width": 4,
      "Actual Startup Time": 738.909,
      "Actual Total Time": 738.911,
      "Actual Rows": 9,
      "Actual Loops": 1,
      "Group Key": ["item.i_class_id"],
      "Plans": [
        {
          "Node Type": "Hash Join",
          "Parent Relationship": "Outer",
          "Parallel Aware": false,
          "Join Type": "Inner",
          "Startup Cost": 1584.64,
          "Total Cost": 92107.57,
          "Plan Rows": 207475,
          "Plan Width": 4,
          "Actual Startup Time": 8.509,
          "Actual Total Time": 712.071,
          "Actual Rows": 191185,
          "Actual Loops": 1,
          "Hash Cond": "(store_sales.ss_item_sk = item.i_item_sk)",
          "Plans": [
            {
              "Node Type": "Seq Scan",
              "Parent Relationship": "Outer",
              "Parallel Aware": false,
              "Relation Name": "store_sales",
              "Alias": "store_sales",
              "Startup Cost": 0.00,
              "Total Cost": 83243.96,
              "Plan Rows": 1387792,
              "Plan Width": 4,
              "Actual Startup Time": 0.009,
              "Actual Total Time": 562.619,
              "Actual Rows": 1307665,
              "Actual Loops": 1,
              "Filter": "(ss_sales_price < '30'::numeric)",
              "Rows Removed by Filter": 1177615
            },
            {
              "Node Type": "Hash",
              "Parent Relationship": "Inner",
              "Parallel Aware": false,
              "Startup Cost": 1551.00,
              "Total Cost": 1551.00,
              "Plan Rows": 2691,
              "Plan Width": 8,
              "Actual Startup Time": 8.485,
              "Actual Total Time": 8.485,
              "Actual Rows": 2658,
              "Actual Loops": 1,
              "Hash Buckets": 4096,
              "Original Hash Buckets": 4096,
              "Hash Batches": 1,
              "Original Hash Batches": 1,
              "Peak Memory Usage": 136,
              "Plans": [
                {
                  "Node Type": "Seq Scan",
                  "Parent Relationship": "Outer",
                  "Parallel Aware": false,
                  "Relation Name": "item",
                  "Alias": "item",
                  "Startup Cost": 0.00,
                  "Total Cost": 1551.00,
                  "Plan Rows": 2691,
                  "Plan Width": 8,
                  "Actual Startup Time": 0.026,
                  "Actual Total Time": 7.823,
                  "Actual Rows": 2658,
                  "Actual Loops": 1,
                  "Filter": "((i_class_id >= 8) AND (i_class_id <= 16) AND (i_manufact_id < 300))",
                  "Rows Removed by Filter": 15342
                }
              ]
            }
          ]
        }
      ]
    },
    "Planning Time": 0.226,
    "Triggers": [
    ],
    "Execution Time": 738.942
  }
]
