[
  {
    "Plan": {
      "Node Type": "Aggregate",
      "Strategy": "Hashed",
      "Partial Mode": "Simple",
      "Parallel Aware": false,
      "Startup Cost": 1174757.12,
      "Total Cost": 1174757.13,
      "Plan Rows": 1,
      "Plan Width": 38,
      "Actual Startup Time": 9523.074,
      "Actual Total Time": 9528.155,
      "Actual Rows": 31763,
      "Actual Loops": 1,
      "Group Key": ["ci.ci_note", "chn.cn_name", "t.t_production_year"],
      "Plans": [
        {
          "Node Type": "Hash Join",
          "Parent Relationship": "Outer",
          "Parallel Aware": false,
          "Join Type": "Inner",
          "Startup Cost": 1077581.33,
          "Total Cost": 1174757.11,
          "Plan Rows": 1,
          "Plan Width": 38,
          "Actual Startup Time": 8012.326,
          "Actual Total Time": 9303.474,
          "Actual Rows": 1006377,
          "Actual Loops": 1,
          "Hash Cond": "(t.t_id = ci.ci_movie_id)",
          "Plans": [
            {
              "Node Type": "Seq Scan",
              "Parent Relationship": "Outer",
              "Parallel Aware": false,
              "Relation Name": "title",
              "Alias": "t",
              "Startup Cost": 0.00,
              "Total Cost": 91057.10,
              "Plan Rows": 1631645,
              "Plan Width": 8,
              "Actual Startup Time": 0.012,
              "Actual Total Time": 478.711,
              "Actual Rows": 1617190,
              "Actual Loops": 1,
              "Filter": "(t_production_year > 2005)",
              "Rows Removed by Filter": 1786020
            },
            {
              "Node Type": "Hash",
              "Parent Relationship": "Inner",
              "Parallel Aware": false,
              "Startup Cost": 1077581.32,
              "Total Cost": 1077581.32,
              "Plan Rows": 1,
              "Plan Width": 38,
              "Actual Startup Time": 8011.914,
              "Actual Total Time": 8011.914,
              "Actual Rows": 1729426,
              "Actual Loops": 1,
              "Hash Buckets": 131072,
              "Original Hash Buckets": 1024,
              "Hash Batches": 32,
              "Original Hash Batches": 1,
              "Peak Memory Usage": 3588,
              "Plans": [
                {
                  "Node Type": "Hash Join",
                  "Parent Relationship": "Outer",
                  "Parallel Aware": false,
                  "Join Type": "Inner",
                  "Startup Cost": 94333.49,
                  "Total Cost": 1077581.32,
                  "Plan Rows": 1,
                  "Plan Width": 38,
                  "Actual Startup Time": 587.265,
                  "Actual Total Time": 7668.514,
                  "Actual Rows": 1729426,
                  "Actual Loops": 1,
                  "Hash Cond": "(ci.ci_role_id = rt.rt_id)",
                  "Plans": [
                    {
                      "Node Type": "Hash Join",
                      "Parent Relationship": "Outer",
                      "Parallel Aware": false,
                      "Join Type": "Inner",
                      "Startup Cost": 94314.57,
                      "Total Cost": 1077562.24,
                      "Plan Rows": 38,
                      "Plan Width": 42,
                      "Actual Startup Time": 587.251,
                      "Actual Total Time": 7328.064,
                      "Actual Rows": 2576462,
                      "Actual Loops": 1,
                      "Hash Cond": "(ci.ci_person_role_id = chn.cn_id)",
                      "Plans": [
                        {
                          "Node Type": "Seq Scan",
                          "Parent Relationship": "Outer",
                          "Parallel Aware": false,
                          "Relation Name": "cast_info",
                          "Alias": "ci",
                          "Startup Cost": 0.00,
                          "Total Cost": 805680.36,
                          "Plan Rows": 47351236,
                          "Plan Width": 30,
                          "Actual Startup Time": 0.023,
                          "Actual Total Time": 3418.971,
                          "Actual Rows": 47373957,
                          "Actual Loops": 1
                        },
                        {
                          "Node Type": "Hash",
                          "Parent Relationship": "Inner",
                          "Parallel Aware": false,
                          "Startup Cost": 94314.53,
                          "Total Cost": 94314.53,
                          "Plan Rows": 3,
                          "Plan Width": 20,
                          "Actual Startup Time": 587.220,
                          "Actual Total Time": 587.220,
                          "Actual Rows": 57,
                          "Actual Loops": 1,
                          "Hash Buckets": 1024,
                          "Original Hash Buckets": 1024,
                          "Hash Batches": 1,
                          "Original Hash Batches": 1,
                          "Peak Memory Usage": 11,
                          "Plans": [
                            {
                              "Node Type": "Seq Scan",
                              "Parent Relationship": "Outer",
                              "Parallel Aware": false,
                              "Relation Name": "char_name",
                              "Alias": "chn",
                              "Startup Cost": 0.00,
                              "Total Cost": 94314.53,
                              "Plan Rows": 3,
                              "Plan Width": 20,
                              "Actual Startup Time": 7.882,
                              "Actual Total Time": 587.121,
                              "Actual Rows": 57,
                              "Actual Loops": 1,
                              "Filter": "(cn_name = ANY ('{Himself,Herself,Narrator}'::text[]))",
                              "Rows Removed by Filter": 3715521
                            }
                          ]
                        }
                      ]
                    },
                    {
                      "Node Type": "Hash",
                      "Parent Relationship": "Inner",
                      "Parallel Aware": false,
                      "Startup Cost": 18.88,
                      "Total Cost": 18.88,
                      "Plan Rows": 4,
                      "Plan Width": 4,
                      "Actual Startup Time": 0.009,
                      "Actual Total Time": 0.009,
                      "Actual Rows": 1,
                      "Actual Loops": 1,
                      "Hash Buckets": 1024,
                      "Original Hash Buckets": 1024,
                      "Hash Batches": 1,
                      "Original Hash Batches": 1,
                      "Peak Memory Usage": 9,
                      "Plans": [
                        {
                          "Node Type": "Seq Scan",
                          "Parent Relationship": "Outer",
                          "Parallel Aware": false,
                          "Relation Name": "role_type",
                          "Alias": "rt",
                          "Startup Cost": 0.00,
                          "Total Cost": 18.88,
                          "Plan Rows": 4,
                          "Plan Width": 4,
                          "Actual Startup Time": 0.005,
                          "Actual Total Time": 0.007,
                          "Actual Rows": 1,
                          "Actual Loops": 1,
                          "Filter": "((rt_role)::text = 'actor'::text)",
                          "Rows Removed by Filter": 11
                        }
                      ]
                    }
                  ]
                }
              ]
            }
          ]
        }
      ]
    },
    "Planning Time": 0.582,
    "Triggers": [
    ],
    "Execution Time": 9529.285
  }
]
