[
  {
    "Plan": {
      "Node Type": "Unique",
      "Parallel Aware": false,
      "Startup Cost": 10000369202.73,
      "Total Cost": 10000372204.44,
      "Plan Rows": 193583,
      "Plan Width": 19,
      "Actual Startup Time": 5869.258,
      "Actual Total Time": 6597.947,
      "Actual Rows": 72224,
      "Actual Loops": 1,
      "Plans": [
        {
          "Node Type": "Sort",
          "Parent Relationship": "Outer",
          "Parallel Aware": false,
          "Startup Cost": 10000369202.73,
          "Total Cost": 10000370703.59,
          "Plan Rows": 600341,
          "Plan Width": 19,
          "Actual Startup Time": 5869.258,
          "Actual Total Time": 6490.779,
          "Actual Rows": 1322961,
          "Actual Loops": 1,
          "Sort Key": ["cn.cn1_name"],
          "Sort Method": "external merge",
          "Sort Space Used": 40192,
          "Sort Space Type": "Disk",
          "Plans": [
            {
              "Node Type": "Hash Join",
              "Parent Relationship": "Outer",
              "Parallel Aware": false,
              "Join Type": "Inner",
              "Startup Cost": 153102.79,
              "Total Cost": 299270.74,
              "Plan Rows": 600341,
              "Plan Width": 19,
              "Actual Startup Time": 1176.773,
              "Actual Total Time": 3545.222,
              "Actual Rows": 1322961,
              "Actual Loops": 1,
              "Hash Cond": "(mc.mc_movie_id = t.t_id)",
              "Plans": [
                {
                  "Node Type": "Hash Join",
                  "Parent Relationship": "Outer",
                  "Parallel Aware": false,
                  "Join Type": "Inner",
                  "Startup Cost": 11932.35,
                  "Total Cost": 128143.93,
                  "Plan Rows": 668954,
                  "Plan Width": 23,
                  "Actual Startup Time": 142.135,
                  "Actual Total Time": 1609.800,
                  "Actual Rows": 1536271,
                  "Actual Loops": 1,
                  "Hash Cond": "(mc.mc_company_id = cn.cn1_id)",
                  "Plans": [
                    {
                      "Node Type": "Hash Join",
                      "Parent Relationship": "Outer",
                      "Parallel Aware": false,
                      "Join Type": "Inner",
                      "Startup Cost": 25.57,
                      "Total Cost": 97410.11,
                      "Plan Rows": 944669,
                      "Plan Width": 8,
                      "Actual Startup Time": 0.034,
                      "Actual Total Time": 907.436,
                      "Actual Rows": 1562330,
                      "Actual Loops": 1,
                      "Hash Cond": "(mc.mc_company_type_id = ct.ct_id)",
                      "Plans": [
                        {
                          "Node Type": "Seq Scan",
                          "Parent Relationship": "Outer",
                          "Parallel Aware": false,
                          "Relation Name": "movie_companies",
                          "Alias": "mc",
                          "Startup Cost": 0.00,
                          "Total Cost": 81554.13,
                          "Plan Rows": 1702322,
                          "Plan Width": 12,
                          "Actual Startup Time": 0.020,
                          "Actual Total Time": 607.254,
                          "Actual Rows": 1771145,
                          "Actual Loops": 1,
                          "Filter": "((mc_note < 'EMPTYSTRING'::text) OR (mc_note > 'EMPTYSTRING'::text))",
                          "Rows Removed by Filter": 1920664
                        },
                        {
                          "Node Type": "Hash",
                          "Parent Relationship": "Inner",
                          "Parallel Aware": false,
                          "Startup Cost": 20.65,
                          "Total Cost": 20.65,
                          "Plan Rows": 394,
                          "Plan Width": 4,
                          "Actual Startup Time": 0.009,
                          "Actual Total Time": 0.009,
                          "Actual Rows": 3,
                          "Actual Loops": 1,
                          "Hash Buckets": 1024,
                          "Original Hash Buckets": 1024,
                          "Hash Batches": 1,
                          "Original Hash Batches": 1,
                          "Peak Memory Usage": 9,
                          "Plans": [
                            {
                              "Node Type": "Seq Scan",
                              "Parent Relationship": "Outer",
                              "Parallel Aware": false,
                              "Relation Name": "company_type",
                              "Alias": "ct",
                              "Startup Cost": 0.00,
                              "Total Cost": 20.65,
                              "Plan Rows": 394,
                              "Plan Width": 4,
                              "Actual Startup Time": 0.004,
                              "Actual Total Time": 0.006,
                              "Actual Rows": 3,
                              "Actual Loops": 1,
                              "Filter": "(((ct_kind)::text < 'production companies'::text) OR ((ct_kind)::text > 'production companies'::text))",
                              "Rows Removed by Filter": 1
                            }
                          ]
                        }
                      ]
                    },
                    {
                      "Node Type": "Hash",
                      "Parent Relationship": "Inner",
                      "Parallel Aware": false,
                      "Startup Cost": 8107.93,
                      "Total Cost": 8107.93,
                      "Plan Rows": 206867,
                      "Plan Width": 23,
                      "Actual Startup Time": 142.061,
                      "Actual Total Time": 142.061,
                      "Actual Rows": 267319,
                      "Actual Loops": 1,
                      "Hash Buckets": 65536,
                      "Original Hash Buckets": 65536,
                      "Hash Batches": 8,
                      "Original Hash Batches": 4,
                      "Peak Memory Usage": 3585,
                      "Plans": [
                        {
                          "Node Type": "Seq Scan",
                          "Parent Relationship": "Outer",
                          "Parallel Aware": false,
                          "Relation Name": "company_name",
                          "Alias": "cn",
                          "Startup Cost": 0.00,
                          "Total Cost": 8107.93,
                          "Plan Rows": 206867,
                          "Plan Width": 23,
                          "Actual Startup Time": 0.007,
                          "Actual Total Time": 85.848,
                          "Actual Rows": 267319,
                          "Actual Loops": 1,
                          "Filter": "(((cn1_country_code)::text < '[pl]'::text) OR ((cn1_country_code)::text > '[pl]'::text))",
                          "Rows Removed by Filter": 24810
                        }
                      ]
                    }
                  ]
                },
                {
                  "Node Type": "Hash",
                  "Parent Relationship": "Inner",
                  "Parallel Aware": false,
                  "Startup Cost": 91057.10,
                  "Total Cost": 91057.10,
                  "Plan Rows": 3054507,
                  "Plan Width": 4,
                  "Actual Startup Time": 1034.278,
                  "Actual Total Time": 1034.279,
                  "Actual Rows": 3047622,
                  "Actual Loops": 1,
                  "Hash Buckets": 131072,
                  "Original Hash Buckets": 131072,
                  "Hash Batches": 64,
                  "Original Hash Batches": 64,
                  "Peak Memory Usage": 2707,
                  "Plans": [
                    {
                      "Node Type": "Seq Scan",
                      "Parent Relationship": "Outer",
                      "Parallel Aware": false,
                      "Relation Name": "title",
                      "Alias": "t",
                      "Startup Cost": 0.00,
                      "Total Cost": 91057.10,
                      "Plan Rows": 3054507,
                      "Plan Width": 4,
                      "Actual Startup Time": 0.008,
                      "Actual Total Time": 608.782,
                      "Actual Rows": 3047622,
                      "Actual Loops": 1,
                      "Filter": "(t_production_year > 1950)",
                      "Rows Removed by Filter": 355588
                    }
                  ]
                }
              ]
            }
          ]
        }
      ]
    },
    "Planning Time": 0.572,
    "Triggers": [
    ],
    "Execution Time": 6606.435
  }
]
