[
  {
    "Plan": {
      "Node Type": "Aggregate",
      "Strategy": "Hashed",
      "Partial Mode": "Simple",
      "Parallel Aware": false,
      "Startup Cost": 196547.76,
      "Total Cost": 196596.96,
      "Plan Rows": 4920,
      "Plan Width": 13,
      "Actual Startup Time": 2113.399,
      "Actual Total Time": 2113.418,
      "Actual Rows": 65,
      "Actual Loops": 1,
      "Group Key": ["t.t_production_year", "t.t_series_years"],
      "Plans": [
        {
          "Node Type": "Hash Join",
          "Parent Relationship": "Outer",
          "Parallel Aware": false,
          "Join Type": "Inner",
          "Startup Cost": 114366.60,
          "Total Cost": 196523.15,
          "Plan Rows": 4920,
          "Plan Width": 13,
          "Actual Startup Time": 983.274,
          "Actual Total Time": 2050.618,
          "Actual Rows": 458060,
          "Actual Loops": 1,
          "Hash Cond": "(mc.mc_movie_id = t.t_id)",
          "Plans": [
            {
              "Node Type": "Hash Join",
              "Parent Relationship": "Outer",
              "Parallel Aware": false,
              "Join Type": "Inner",
              "Startup Cost": 18.93,
              "Total Cost": 77166.29,
              "Plan Rows": 20799,
              "Plan Width": 4,
              "Actual Startup Time": 276.670,
              "Actual Total Time": 819.697,
              "Actual Rows": 2057101,
              "Actual Loops": 1,
              "Hash Cond": "(mc.mc_company_type_id = ct.ct_id)",
              "Plans": [
                {
                  "Node Type": "Seq Scan",
                  "Parent Relationship": "Outer",
                  "Parallel Aware": false,
                  "Relation Name": "movie_companies",
                  "Alias": "mc",
                  "Startup Cost": 0.00,
                  "Total Cost": 63095.09,
                  "Plan Rows": 3691809,
                  "Plan Width": 8,
                  "Actual Startup Time": 0.041,
                  "Actual Total Time": 286.283,
                  "Actual Rows": 3691809,
                  "Actual Loops": 1
                },
                {
                  "Node Type": "Hash",
                  "Parent Relationship": "Inner",
                  "Parallel Aware": false,
                  "Startup Cost": 18.88,
                  "Total Cost": 18.88,
                  "Plan Rows": 4,
                  "Plan Width": 4,
                  "Actual Startup Time": 0.009,
                  "Actual Total Time": 0.010,
                  "Actual Rows": 1,
                  "Actual Loops": 1,
                  "Hash Buckets": 1024,
                  "Original Hash Buckets": 1024,
                  "Hash Batches": 1,
                  "Original Hash Batches": 1,
                  "Peak Memory Usage": 9,
                  "Plans": [
                    {
                      "Node Type": "Seq Scan",
                      "Parent Relationship": "Outer",
                      "Parallel Aware": false,
                      "Relation Name": "company_type",
                      "Alias": "ct",
                      "Startup Cost": 0.00,
                      "Total Cost": 18.88,
                      "Plan Rows": 4,
                      "Plan Width": 4,
                      "Actual Startup Time": 0.006,
                      "Actual Total Time": 0.007,
                      "Actual Rows": 1,
                      "Actual Loops": 1,
                      "Filter": "((ct_kind)::text = 'production companies'::text)",
                      "Rows Removed by Filter": 3
                    }
                  ]
                }
              ]
            },
            {
              "Node Type": "Hash",
              "Parent Relationship": "Inner",
              "Parallel Aware": false,
              "Startup Cost": 99566.12,
              "Total Cost": 99566.12,
              "Plan Rows": 805084,
              "Plan Width": 17,
              "Actual Startup Time": 706.356,
              "Actual Total Time": 706.356,
              "Actual Rows": 794372,
              "Actual Loops": 1,
              "Hash Buckets": 65536,
              "Original Hash Buckets": 65536,
              "Hash Batches": 16,
              "Original Hash Batches": 16,
              "Peak Memory Usage": 2487,
              "Plans": [
                {
                  "Node Type": "Seq Scan",
                  "Parent Relationship": "Outer",
                  "Parallel Aware": false,
                  "Relation Name": "title",
                  "Alias": "t",
                  "Startup Cost": 0.00,
                  "Total Cost": 99566.12,
                  "Plan Rows": 805084,
                  "Plan Width": 17,
                  "Actual Startup Time": 0.008,
                  "Actual Total Time": 578.258,
                  "Actual Rows": 794372,
                  "Actual Loops": 1,
                  "Filter": "((t_production_year >= 2005) AND (t_production_year <= 2010))",
                  "Rows Removed by Filter": 2608838
                }
              ]
            }
          ]
        }
      ]
    },
    "Planning Time": 0.361,
    "Triggers": [
    ],
    "Execution Time": 2113.471
  }
]
