[
  {
    "Plan": {
      "Node Type": "Aggregate",
      "Strategy": "Hashed",
      "Partial Mode": "Simple",
      "Parallel Aware": false,
      "Startup Cost": 194653.34,
      "Total Cost": 194967.09,
      "Plan Rows": 31375,
      "Plan Width": 13,
      "Actual Startup Time": 3691.341,
      "Actual Total Time": 3691.382,
      "Actual Rows": 96,
      "Actual Loops": 1,
      "Group Key": ["t.t_production_year", "t.t_series_years"],
      "Plans": [
        {
          "Node Type": "Hash Join",
          "Parent Relationship": "Outer",
          "Parallel Aware": false,
          "Join Type": "Inner",
          "Startup Cost": 78598.11,
          "Total Cost": 194478.85,
          "Plan Rows": 34897,
          "Plan Width": 13,
          "Actual Startup Time": 1543.363,
          "Actual Total Time": 3458.167,
          "Actual Rows": 1479085,
          "Actual Loops": 1,
          "Hash Cond": "(t.t_id = mc.mc_movie_id)",
          "Plans": [
            {
              "Node Type": "Seq Scan",
              "Parent Relationship": "Outer",
              "Parallel Aware": false,
              "Relation Name": "title",
              "Alias": "t",
              "Startup Cost": 0.00,
              "Total Cost": 91057.10,
              "Plan Rows": 1631645,
              "Plan Width": 17,
              "Actual Startup Time": 0.040,
              "Actual Total Time": 518.027,
              "Actual Rows": 1617190,
              "Actual Loops": 1,
              "Filter": "(t_production_year > 2005)",
              "Rows Removed by Filter": 1786020
            },
            {
              "Node Type": "Hash",
              "Parent Relationship": "Inner",
              "Parallel Aware": false,
              "Startup Cost": 77688.16,
              "Total Cost": 77688.16,
              "Plan Rows": 72796,
              "Plan Width": 4,
              "Actual Startup Time": 1542.634,
              "Actual Total Time": 1542.634,
              "Actual Rows": 3691809,
              "Actual Loops": 1,
              "Hash Buckets": 131072,
              "Original Hash Buckets": 131072,
              "Hash Batches": 64,
              "Original Hash Batches": 1,
              "Peak Memory Usage": 3073,
              "Plans": [
                {
                  "Node Type": "Hash Join",
                  "Parent Relationship": "Outer",
                  "Parallel Aware": false,
                  "Join Type": "Inner",
                  "Startup Cost": 20.82,
                  "Total Cost": 77688.16,
                  "Plan Rows": 72796,
                  "Plan Width": 4,
                  "Actual Startup Time": 0.035,
                  "Actual Total Time": 1039.656,
                  "Actual Rows": 3691809,
                  "Actual Loops": 1,
                  "Hash Cond": "(mc.mc_company_type_id = ct.ct_id)",
                  "Plans": [
                    {
                      "Node Type": "Seq Scan",
                      "Parent Relationship": "Outer",
                      "Parallel Aware": false,
                      "Relation Name": "movie_companies",
                      "Alias": "mc",
                      "Startup Cost": 0.00,
                      "Total Cost": 63095.09,
                      "Plan Rows": 3691809,
                      "Plan Width": 8,
                      "Actual Startup Time": 0.021,
                      "Actual Total Time": 301.629,
                      "Actual Rows": 3691809,
                      "Actual Loops": 1
                    },
                    {
                      "Node Type": "Hash",
                      "Parent Relationship": "Inner",
                      "Parallel Aware": false,
                      "Startup Cost": 20.65,
                      "Total Cost": 20.65,
                      "Plan Rows": 14,
                      "Plan Width": 4,
                      "Actual Startup Time": 0.009,
                      "Actual Total Time": 0.009,
                      "Actual Rows": 4,
                      "Actual Loops": 1,
                      "Hash Buckets": 1024,
                      "Original Hash Buckets": 1024,
                      "Hash Batches": 1,
                      "Original Hash Batches": 1,
                      "Peak Memory Usage": 9,
                      "Plans": [
                        {
                          "Node Type": "Seq Scan",
                          "Parent Relationship": "Outer",
                          "Parallel Aware": false,
                          "Relation Name": "company_type",
                          "Alias": "ct",
                          "Startup Cost": 0.00,
                          "Total Cost": 20.65,
                          "Plan Rows": 14,
                          "Plan Width": 4,
                          "Actual Startup Time": 0.005,
                          "Actual Total Time": 0.008,
                          "Actual Rows": 4,
                          "Actual Loops": 1,
                          "Filter": "(((ct_kind)::text = ANY ('{\"production companies\",distributors}'::text[])) OR ((ct_kind)::text = ANY ('{\"special effects companies\",\"miscellaneous companies\"}'::text[])))",
                          "Rows Removed by Filter": 0
                        }
                      ]
                    }
                  ]
                }
              ]
            }
          ]
        }
      ]
    },
    "Planning Time": 0.321,
    "Triggers": [
    ],
    "Execution Time": 3691.457
  }
]
