[
  {
    "Plan": {
      "Node Type": "Aggregate",
      "Strategy": "Hashed",
      "Partial Mode": "Simple",
      "Parallel Aware": false,
      "Startup Cost": 1312355.09,
      "Total Cost": 1312355.10,
      "Plan Rows": 1,
      "Plan Width": 38,
      "Actual Startup Time": 8199.339,
      "Actual Total Time": 8199.359,
      "Actual Rows": 182,
      "Actual Loops": 1,
      "Group Key": ["ci.ci_note", "chn.cn_name", "t.t_production_year"],
      "Plans": [
        {
          "Node Type": "Hash Join",
          "Parent Relationship": "Outer",
          "Parallel Aware": false,
          "Join Type": "Inner",
          "Startup Cost": 1170296.11,
          "Total Cost": 1312355.08,
          "Plan Rows": 1,
          "Plan Width": 38,
          "Actual Startup Time": 7334.990,
          "Actual Total Time": 8198.358,
          "Actual Rows": 3282,
          "Actual Loops": 1,
          "Hash Cond": "(n.n_id = ci.ci_person_id)",
          "Plans": [
            {
              "Node Type": "Seq Scan",
              "Parent Relationship": "Outer",
              "Parallel Aware": false,
              "Relation Name": "name",
              "Alias": "n",
              "Startup Cost": 0.00,
              "Total Cost": 122408.15,
              "Plan Rows": 5240215,
              "Plan Width": 4,
              "Actual Startup Time": 0.027,
              "Actual Total Time": 427.961,
              "Actual Rows": 5240860,
              "Actual Loops": 1
            },
            {
              "Node Type": "Hash",
              "Parent Relationship": "Inner",
              "Parallel Aware": false,
              "Startup Cost": 1170296.10,
              "Total Cost": 1170296.10,
              "Plan Rows": 1,
              "Plan Width": 42,
              "Actual Startup Time": 7334.755,
              "Actual Total Time": 7334.755,
              "Actual Rows": 3282,
              "Actual Loops": 1,
              "Hash Buckets": 4096,
              "Original Hash Buckets": 1024,
              "Hash Batches": 1,
              "Original Hash Batches": 1,
              "Peak Memory Usage": 189,
              "Plans": [
                {
                  "Node Type": "Hash Join",
                  "Parent Relationship": "Outer",
                  "Parallel Aware": false,
                  "Join Type": "Inner",
                  "Startup Cost": 187048.49,
                  "Total Cost": 1170296.10,
                  "Plan Rows": 1,
                  "Plan Width": 42,
                  "Actual Startup Time": 1115.332,
                  "Actual Total Time": 7334.074,
                  "Actual Rows": 3282,
                  "Actual Loops": 1,
                  "Hash Cond": "(ci.ci_movie_id = t.t_id)",
                  "Plans": [
                    {
                      "Node Type": "Hash Join",
                      "Parent Relationship": "Outer",
                      "Parallel Aware": false,
                      "Join Type": "Inner",
                      "Startup Cost": 89669.95,
                      "Total Cost": 1072917.51,
                      "Plan Rows": 13,
                      "Plan Width": 42,
                      "Actual Startup Time": 400.490,
                      "Actual Total Time": 6600.000,
                      "Actual Rows": 10836,
                      "Actual Loops": 1,
                      "Hash Cond": "(ci.ci_person_role_id = chn.cn_id)",
                      "Plans": [
                        {
                          "Node Type": "Seq Scan",
                          "Parent Relationship": "Outer",
                          "Parallel Aware": false,
                          "Relation Name": "cast_info",
                          "Alias": "ci",
                          "Startup Cost": 0.00,
                          "Total Cost": 805680.36,
                          "Plan Rows": 47351236,
                          "Plan Width": 30,
                          "Actual Startup Time": 0.010,
                          "Actual Total Time": 3322.923,
                          "Actual Rows": 47373957,
                          "Actual Loops": 1
                        },
                        {
                          "Node Type": "Hash",
                          "Parent Relationship": "Inner",
                          "Parallel Aware": false,
                          "Startup Cost": 89669.94,
                          "Total Cost": 89669.94,
                          "Plan Rows": 1,
                          "Plan Width": 20,
                          "Actual Startup Time": 400.366,
                          "Actual Total Time": 400.366,
                          "Actual Rows": 3,
                          "Actual Loops": 1,
                          "Hash Buckets": 1024,
                          "Original Hash Buckets": 1024,
                          "Hash Batches": 1,
                          "Original Hash Batches": 1,
                          "Peak Memory Usage": 9,
                          "Plans": [
                            {
                              "Node Type": "Seq Scan",
                              "Parent Relationship": "Outer",
                              "Parallel Aware": false,
                              "Relation Name": "char_name",
                              "Alias": "chn",
                              "Startup Cost": 0.00,
                              "Total Cost": 89669.94,
                              "Plan Rows": 1,
                              "Plan Width": 20,
                              "Actual Startup Time": 9.100,
                              "Actual Total Time": 400.359,
                              "Actual Rows": 3,
                              "Actual Loops": 1,
                              "Filter": "(cn_name = 'Alex'::text)",
                              "Rows Removed by Filter": 3715575
                            }
                          ]
                        }
                      ]
                    },
                    {
                      "Node Type": "Hash",
                      "Parent Relationship": "Inner",
                      "Parallel Aware": false,
                      "Startup Cost": 97278.56,
                      "Total Cost": 97278.56,
                      "Plan Rows": 7998,
                      "Plan Width": 8,
                      "Actual Startup Time": 699.946,
                      "Actual Total Time": 699.946,
                      "Actual Rows": 364451,
                      "Actual Loops": 1,
                      "Hash Buckets": 131072,
                      "Original Hash Buckets": 8192,
                      "Hash Batches": 8,
                      "Original Hash Batches": 1,
                      "Peak Memory Usage": 3073,
                      "Plans": [
                        {
                          "Node Type": "Hash Join",
                          "Parent Relationship": "Outer",
                          "Parallel Aware": false,
                          "Join Type": "Inner",
                          "Startup Cost": 22.81,
                          "Total Cost": 97278.56,
                          "Plan Rows": 7998,
                          "Plan Width": 8,
                          "Actual Startup Time": 342.361,
                          "Actual Total Time": 635.305,
                          "Actual Rows": 364451,
                          "Actual Loops": 1,
                          "Hash Cond": "(t.t_kind_id = kt.kt_id)",
                          "Plans": [
                            {
                              "Node Type": "Seq Scan",
                              "Parent Relationship": "Outer",
                              "Parallel Aware": false,
                              "Relation Name": "title",
                              "Alias": "t",
                              "Startup Cost": 0.00,
                              "Total Cost": 91057.10,
                              "Plan Rows": 1631645,
                              "Plan Width": 12,
                              "Actual Startup Time": 0.011,
                              "Actual Total Time": 493.755,
                              "Actual Rows": 1617190,
                              "Actual Loops": 1,
                              "Filter": "(t_production_year > 2005)",
                              "Rows Removed by Filter": 1786020
                            },
                            {
                              "Node Type": "Hash",
                              "Parent Relationship": "Inner",
                              "Parallel Aware": false,
                              "Startup Cost": 22.75,
                              "Total Cost": 22.75,
                              "Plan Rows": 5,
                              "Plan Width": 4,
                              "Actual Startup Time": 0.006,
                              "Actual Total Time": 0.006,
                              "Actual Rows": 1,
                              "Actual Loops": 1,
                              "Hash Buckets": 1024,
                              "Original Hash Buckets": 1024,
                              "Hash Batches": 1,
                              "Original Hash Batches": 1,
                              "Peak Memory Usage": 9,
                              "Plans": [
                                {
                                  "Node Type": "Seq Scan",
                                  "Parent Relationship": "Outer",
                                  "Parallel Aware": false,
                                  "Relation Name": "kind_type",
                                  "Alias": "kt",
                                  "Startup Cost": 0.00,
                                  "Total Cost": 22.75,
                                  "Plan Rows": 5,
                                  "Plan Width": 4,
                                  "Actual Startup Time": 0.003,
                                  "Actual Total Time": 0.004,
                                  "Actual Rows": 1,
                                  "Actual Loops": 1,
                                  "Filter": "((kt_kind)::text = 'movie'::text)",
                                  "Rows Removed by Filter": 6
                                }
                              ]
                            }
                          ]
                        }
                      ]
                    }
                  ]
                }
              ]
            }
          ]
        }
      ]
    },
    "Planning Time": 0.355,
    "Triggers": [
    ],
    "Execution Time": 8199.419
  }
]
