[
  {
    "Plan": {
      "Node Type": "Aggregate",
      "Strategy": "Hashed",
      "Partial Mode": "Simple",
      "Parallel Aware": false,
      "Startup Cost": 255006.30,
      "Total Cost": 255320.05,
      "Plan Rows": 31375,
      "Plan Width": 13,
      "Actual Startup Time": 2227.596,
      "Actual Total Time": 2227.709,
      "Actual Rows": 774,
      "Actual Loops": 1,
      "Group Key": ["t.t_production_year", "t.t_series_years"],
      "Plans": [
        {
          "Node Type": "Hash Join",
          "Parent Relationship": "Outer",
          "Parallel Aware": false,
          "Join Type": "Inner",
          "Startup Cost": 152555.74,
          "Total Cost": 254293.79,
          "Plan Rows": 142502,
          "Plan Width": 13,
          "Actual Startup Time": 1209.055,
          "Actual Total Time": 2196.127,
          "Actual Rows": 196380,
          "Actual Loops": 1,
          "Hash Cond": "(mc.mc_movie_id = t.t_id)",
          "Plans": [
            {
              "Node Type": "Hash Join",
              "Parent Relationship": "Outer",
              "Parallel Aware": false,
              "Join Type": "Inner",
              "Startup Cost": 7518.56,
              "Total Cost": 85882.96,
              "Plan Rows": 142502,
              "Plan Width": 4,
              "Actual Startup Time": 36.044,
              "Actual Total Time": 717.811,
              "Actual Rows": 196380,
              "Actual Loops": 1,
              "Hash Cond": "(mc.mc_company_id = cn.cn1_id)",
              "Plans": [
                {
                  "Node Type": "Seq Scan",
                  "Parent Relationship": "Outer",
                  "Parallel Aware": false,
                  "Relation Name": "movie_companies",
                  "Alias": "mc",
                  "Startup Cost": 0.00,
                  "Total Cost": 63095.09,
                  "Plan Rows": 3691809,
                  "Plan Width": 8,
                  "Actual Startup Time": 0.012,
                  "Actual Total Time": 284.761,
                  "Actual Rows": 3691809,
                  "Actual Loops": 1
                },
                {
                  "Node Type": "Hash",
                  "Parent Relationship": "Inner",
                  "Parallel Aware": false,
                  "Startup Cost": 7377.61,
                  "Total Cost": 7377.61,
                  "Plan Rows": 11276,
                  "Plan Width": 4,
                  "Actual Startup Time": 36.008,
                  "Actual Total Time": 36.008,
                  "Actual Rows": 11300,
                  "Actual Loops": 1,
                  "Hash Buckets": 16384,
                  "Original Hash Buckets": 16384,
                  "Hash Batches": 1,
                  "Original Hash Batches": 1,
                  "Peak Memory Usage": 526,
                  "Plans": [
                    {
                      "Node Type": "Seq Scan",
                      "Parent Relationship": "Outer",
                      "Parallel Aware": false,
                      "Relation Name": "company_name",
                      "Alias": "cn",
                      "Startup Cost": 0.00,
                      "Total Cost": 7377.61,
                      "Plan Rows": 11276,
                      "Plan Width": 4,
                      "Actual Startup Time": 0.009,
                      "Actual Total Time": 34.021,
                      "Actual Rows": 11300,
                      "Actual Loops": 1,
                      "Filter": "((cn1_country_code)::text = '[de]'::text)",
                      "Rows Removed by Filter": 280829
                    }
                  ]
                }
              ]
            },
            {
              "Node Type": "Hash",
              "Parent Relationship": "Inner",
              "Parallel Aware": false,
              "Startup Cost": 82548.08,
              "Total Cost": 82548.08,
              "Plan Rows": 3403608,
              "Plan Width": 17,
              "Actual Startup Time": 1171.798,
              "Actual Total Time": 1171.798,
              "Actual Rows": 3403210,
              "Actual Loops": 1,
              "Hash Buckets": 65536,
              "Original Hash Buckets": 65536,
              "Hash Batches": 64,
              "Original Hash Batches": 64,
              "Peak Memory Usage": 2600,
              "Plans": [
                {
                  "Node Type": "Seq Scan",
                  "Parent Relationship": "Outer",
                  "Parallel Aware": false,
                  "Relation Name": "title",
                  "Alias": "t",
                  "Startup Cost": 0.00,
                  "Total Cost": 82548.08,
                  "Plan Rows": 3403608,
                  "Plan Width": 17,
                  "Actual Startup Time": 0.009,
                  "Actual Total Time": 634.817,
                  "Actual Rows": 3403210,
                  "Actual Loops": 1
                }
              ]
            }
          ]
        }
      ]
    },
    "Planning Time": 0.219,
    "Triggers": [
    ],
    "Execution Time": 2227.785
  }
]
