[
  {
    "Plan": {
      "Node Type": "Aggregate",
      "Strategy": "Hashed",
      "Partial Mode": "Simple",
      "Parallel Aware": false,
      "Startup Cost": 334703.26,
      "Total Cost": 335017.01,
      "Plan Rows": 31375,
      "Plan Width": 13,
      "Actual Startup Time": 3514.061,
      "Actual Total Time": 3514.242,
      "Actual Rows": 1182,
      "Actual Loops": 1,
      "Group Key": ["t.t_production_year", "t.t_series_years"],
      "Plans": [
        {
          "Node Type": "Hash Join",
          "Parent Relationship": "Outer",
          "Parallel Aware": false,
          "Join Type": "Inner",
          "Startup Cost": 154220.36,
          "Total Cost": 327749.73,
          "Plan Rows": 1390705,
          "Plan Width": 13,
          "Actual Startup Time": 1188.755,
          "Actual Total Time": 3276.213,
          "Actual Rows": 1641668,
          "Actual Loops": 1,
          "Hash Cond": "(mc.mc_movie_id = t.t_id)",
          "Plans": [
            {
              "Node Type": "Hash Join",
              "Parent Relationship": "Outer",
              "Parallel Aware": false,
              "Join Type": "Inner",
              "Startup Cost": 9183.17,
              "Total Cost": 129303.60,
              "Plan Rows": 1390705,
              "Plan Width": 4,
              "Actual Startup Time": 59.542,
              "Actual Total Time": 1315.195,
              "Actual Rows": 1641668,
              "Actual Loops": 1,
              "Hash Cond": "(mc.mc_company_id = cn.cn1_id)",
              "Plans": [
                {
                  "Node Type": "Seq Scan",
                  "Parent Relationship": "Outer",
                  "Parallel Aware": false,
                  "Relation Name": "movie_companies",
                  "Alias": "mc",
                  "Startup Cost": 0.00,
                  "Total Cost": 63095.09,
                  "Plan Rows": 3691809,
                  "Plan Width": 8,
                  "Actual Startup Time": 0.023,
                  "Actual Total Time": 441.586,
                  "Actual Rows": 3691809,
                  "Actual Loops": 1
                },
                {
                  "Node Type": "Hash",
                  "Parent Relationship": "Inner",
                  "Parallel Aware": false,
                  "Startup Cost": 7377.61,
                  "Total Cost": 7377.61,
                  "Plan Rows": 110045,
                  "Plan Width": 4,
                  "Actual Startup Time": 59.462,
                  "Actual Total Time": 59.462,
                  "Actual Rows": 110294,
                  "Actual Loops": 1,
                  "Hash Buckets": 131072,
                  "Original Hash Buckets": 131072,
                  "Hash Batches": 2,
                  "Original Hash Batches": 2,
                  "Peak Memory Usage": 2968,
                  "Plans": [
                    {
                      "Node Type": "Seq Scan",
                      "Parent Relationship": "Outer",
                      "Parallel Aware": false,
                      "Relation Name": "company_name",
                      "Alias": "cn",
                      "Startup Cost": 0.00,
                      "Total Cost": 7377.61,
                      "Plan Rows": 110045,
                      "Plan Width": 4,
                      "Actual Startup Time": 0.006,
                      "Actual Total Time": 41.178,
                      "Actual Rows": 110294,
                      "Actual Loops": 1,
                      "Filter": "((cn1_country_code)::text = '[us]'::text)",
                      "Rows Removed by Filter": 181835
                    }
                  ]
                }
              ]
            },
            {
              "Node Type": "Hash",
              "Parent Relationship": "Inner",
              "Parallel Aware": false,
              "Startup Cost": 82548.08,
              "Total Cost": 82548.08,
              "Plan Rows": 3403608,
              "Plan Width": 17,
              "Actual Startup Time": 1128.427,
              "Actual Total Time": 1128.427,
              "Actual Rows": 3403210,
              "Actual Loops": 1,
              "Hash Buckets": 65536,
              "Original Hash Buckets": 65536,
              "Hash Batches": 64,
              "Original Hash Batches": 64,
              "Peak Memory Usage": 2600,
              "Plans": [
                {
                  "Node Type": "Seq Scan",
                  "Parent Relationship": "Outer",
                  "Parallel Aware": false,
                  "Relation Name": "title",
                  "Alias": "t",
                  "Startup Cost": 0.00,
                  "Total Cost": 82548.08,
                  "Plan Rows": 3403608,
                  "Plan Width": 17,
                  "Actual Startup Time": 0.007,
                  "Actual Total Time": 609.495,
                  "Actual Rows": 3403210,
                  "Actual Loops": 1
                }
              ]
            }
          ]
        }
      ]
    },
    "Planning Time": 0.209,
    "Triggers": [
    ],
    "Execution Time": 3514.336
  }
]
