[
  {
    "Plan": {
      "Node Type": "Unique",
      "Parallel Aware": false,
      "Startup Cost": 10000728650.24,
      "Total Cost": 10000729369.98,
      "Plan Rows": 71974,
      "Plan Width": 56,
      "Actual Startup Time": 5473.364,
      "Actual Total Time": 5487.610,
      "Actual Rows": 310,
      "Actual Loops": 1,
      "Plans": [
        {
          "Node Type": "Sort",
          "Parent Relationship": "Outer",
          "Parallel Aware": false,
          "Startup Cost": 10000728650.24,
          "Total Cost": 10000728830.18,
          "Plan Rows": 71974,
          "Plan Width": 56,
          "Actual Startup Time": 5473.363,
          "Actual Total Time": 5480.882,
          "Actual Rows": 71878,
          "Actual Loops": 1,
          "Sort Key": ["mi.mi_info", "t.t_production_year", "t.t_series_years"],
          "Sort Method": "external merge",
          "Sort Space Used": 1624,
          "Sort Space Type": "Disk",
          "Plans": [
            {
              "Node Type": "Hash Join",
              "Parent Relationship": "Outer",
              "Parallel Aware": false,
              "Join Type": "Inner",
              "Startup Cost": 121013.66,
              "Total Cost": 720383.17,
              "Plan Rows": 71974,
              "Plan Width": 56,
              "Actual Startup Time": 2087.860,
              "Actual Total Time": 5341.408,
              "Actual Rows": 71878,
              "Actual Loops": 1,
              "Hash Cond": "(mi.mi_movie_id = t.t_id)",
              "Plans": [
                {
                  "Node Type": "Seq Scan",
                  "Parent Relationship": "Outer",
                  "Parallel Aware": false,
                  "Relation Name": "movie_info",
                  "Alias": "mi",
                  "Startup Cost": 0.00,
                  "Total Cost": 585698.08,
                  "Plan Rows": 150138,
                  "Plan Width": 47,
                  "Actual Startup Time": 549.762,
                  "Actual Total Time": 4343.320,
                  "Actual Rows": 185032,
                  "Actual Loops": 1,
                  "Filter": "(mi_info = ANY ('{Sweden,Norway,Germany,Denmark,Swedish,Denish,Norwegian,German}'::text[]))",
                  "Rows Removed by Filter": 18628802
                },
                {
                  "Node Type": "Hash",
                  "Parent Relationship": "Inner",
                  "Parallel Aware": false,
                  "Startup Cost": 91057.10,
                  "Total Cost": 91057.10,
                  "Plan Rows": 1631645,
                  "Plan Width": 17,
                  "Actual Startup Time": 835.555,
                  "Actual Total Time": 835.555,
                  "Actual Rows": 1617190,
                  "Actual Loops": 1,
                  "Hash Buckets": 65536,
                  "Original Hash Buckets": 65536,
                  "Hash Batches": 32,
                  "Original Hash Batches": 32,
                  "Peak Memory Usage": 2531,
                  "Plans": [
                    {
                      "Node Type": "Seq Scan",
                      "Parent Relationship": "Outer",
                      "Parallel Aware": false,
                      "Relation Name": "title",
                      "Alias": "t",
                      "Startup Cost": 0.00,
                      "Total Cost": 91057.10,
                      "Plan Rows": 1631645,
                      "Plan Width": 17,
                      "Actual Startup Time": 0.009,
                      "Actual Total Time": 580.516,
                      "Actual Rows": 1617190,
                      "Actual Loops": 1,
                      "Filter": "(t_production_year > 2005)",
                      "Rows Removed by Filter": 1786020
                    }
                  ]
                }
              ]
            }
          ]
        }
      ]
    },
    "Planning Time": 0.184,
    "Triggers": [
    ],
    "Execution Time": 5488.090
  }
]
