[
  {
    "Plan": {
      "Node Type": "Aggregate",
      "Strategy": "Hashed",
      "Partial Mode": "Simple",
      "Parallel Aware": false,
      "Startup Cost": 557785.35,
      "Total Cost": 557786.66,
      "Plan Rows": 131,
      "Plan Width": 56,
      "Actual Startup Time": 2898.342,
      "Actual Total Time": 2898.345,
      "Actual Rows": 14,
      "Actual Loops": 1,
      "Group Key": ["mi.mi_info", "t.t_production_year", "t.t_series_years"],
      "Plans": [
        {
          "Node Type": "Hash Join",
          "Parent Relationship": "Outer",
          "Parallel Aware": false,
          "Join Type": "Inner",
          "Startup Cost": 108082.45,
          "Total Cost": 557784.37,
          "Plan Rows": 131,
          "Plan Width": 56,
          "Actual Startup Time": 1413.356,
          "Actual Total Time": 2898.187,
          "Actual Rows": 547,
          "Actual Loops": 1,
          "Hash Cond": "(mi.mi_movie_id = t.t_id)",
          "Plans": [
            {
              "Node Type": "Seq Scan",
              "Parent Relationship": "Outer",
              "Parallel Aware": false,
              "Relation Name": "movie_info",
              "Alias": "mi",
              "Startup Cost": 0.00,
              "Total Cost": 444254.80,
              "Plan Rows": 482,
              "Plan Width": 47,
              "Actual Startup Time": 730.860,
              "Actual Total Time": 2185.681,
              "Actual Rows": 2717,
              "Actual Loops": 1,
              "Filter": "(mi_info = 'Bulgaria'::text)",
              "Rows Removed by Filter": 18811117
            },
            {
              "Node Type": "Hash",
              "Parent Relationship": "Inner",
              "Parallel Aware": false,
              "Startup Cost": 91057.10,
              "Total Cost": 91057.10,
              "Plan Rows": 927308,
              "Plan Width": 17,
              "Actual Startup Time": 662.314,
              "Actual Total Time": 662.314,
              "Actual Rows": 927086,
              "Actual Loops": 1,
              "Hash Buckets": 65536,
              "Original Hash Buckets": 65536,
              "Hash Batches": 16,
              "Original Hash Batches": 16,
              "Peak Memory Usage": 2807,
              "Plans": [
                {
                  "Node Type": "Seq Scan",
                  "Parent Relationship": "Outer",
                  "Parallel Aware": false,
                  "Relation Name": "title",
                  "Alias": "t",
                  "Startup Cost": 0.00,
                  "Total Cost": 91057.10,
                  "Plan Rows": 927308,
                  "Plan Width": 17,
                  "Actual Startup Time": 0.008,
                  "Actual Total Time": 513.162,
                  "Actual Rows": 927086,
                  "Actual Loops": 1,
                  "Filter": "(t_production_year > 2010)",
                  "Rows Removed by Filter": 2476124
                }
              ]
            }
          ]
        }
      ]
    },
    "Planning Time": 0.123,
    "Triggers": [
    ],
    "Execution Time": 2898.374
  }
]
