[
  {
    "Plan": {
      "Node Type": "Aggregate",
      "Strategy": "Hashed",
      "Partial Mode": "Simple",
      "Parallel Aware": false,
      "Startup Cost": 1218311.79,
      "Total Cost": 1218312.34,
      "Plan Rows": 55,
      "Plan Width": 21,
      "Actual Startup Time": 5604.095,
      "Actual Total Time": 5604.126,
      "Actual Rows": 253,
      "Actual Loops": 1,
      "Group Key": ["ci.ci_nr_order", "t.t_production_year", "t.t_season_nr", "t.t_series_years"],
      "Plans": [
        {
          "Node Type": "Hash Join",
          "Parent Relationship": "Outer",
          "Parallel Aware": false,
          "Join Type": "Inner",
          "Startup Cost": 1030399.85,
          "Total Cost": 1218311.24,
          "Plan Rows": 55,
          "Plan Width": 21,
          "Actual Startup Time": 5117.896,
          "Actual Total Time": 5602.983,
          "Actual Rows": 5846,
          "Actual Loops": 1,
          "Hash Cond": "(n.n_id = ci.ci_person_id)",
          "Plans": [
            {
              "Node Type": "Seq Scan",
              "Parent Relationship": "Outer",
              "Parallel Aware": false,
              "Relation Name": "name",
              "Alias": "n",
              "Startup Cost": 0.00,
              "Total Cost": 122408.15,
              "Plan Rows": 5240215,
              "Plan Width": 4,
              "Actual Startup Time": 0.025,
              "Actual Total Time": 448.657,
              "Actual Rows": 5240860,
              "Actual Loops": 1
            },
            {
              "Node Type": "Hash",
              "Parent Relationship": "Inner",
              "Parallel Aware": false,
              "Startup Cost": 1030399.16,
              "Total Cost": 1030399.16,
              "Plan Rows": 55,
              "Plan Width": 25,
              "Actual Startup Time": 4752.004,
              "Actual Total Time": 4752.004,
              "Actual Rows": 5846,
              "Actual Loops": 1,
              "Hash Buckets": 8192,
              "Original Hash Buckets": 1024,
              "Hash Batches": 1,
              "Original Hash Batches": 1,
              "Peak Memory Usage": 320,
              "Plans": [
                {
                  "Node Type": "Hash Join",
                  "Parent Relationship": "Outer",
                  "Parallel Aware": false,
                  "Join Type": "Inner",
                  "Startup Cost": 104328.83,
                  "Total Cost": 1030399.16,
                  "Plan Rows": 55,
                  "Plan Width": 25,
                  "Actual Startup Time": 1819.197,
                  "Actual Total Time": 4751.099,
                  "Actual Rows": 5846,
                  "Actual Loops": 1,
                  "Hash Cond": "(ci.ci_movie_id = t.t_id)",
                  "Plans": [
                    {
                      "Node Type": "Hash Join",
                      "Parent Relationship": "Outer",
                      "Parallel Aware": false,
                      "Join Type": "Inner",
                      "Startup Cost": 18.93,
                      "Total Cost": 924564.01,
                      "Plan Rows": 720,
                      "Plan Width": 12,
                      "Actual Startup Time": 1287.820,
                      "Actual Total Time": 4197.217,
                      "Actual Rows": 46557,
                      "Actual Loops": 1,
                      "Hash Cond": "(ci.ci_role_id = rt.rt_id)",
                      "Plans": [
                        {
                          "Node Type": "Seq Scan",
                          "Parent Relationship": "Outer",
                          "Parallel Aware": false,
                          "Relation Name": "cast_info",
                          "Alias": "ci",
                          "Startup Cost": 0.00,
                          "Total Cost": 924058.45,
                          "Plan Rows": 127848,
                          "Plan Width": 16,
                          "Actual Startup Time": 0.546,
                          "Actual Total Time": 4181.781,
                          "Actual Rows": 118142,
                          "Actual Loops": 1,
                          "Filter": "(ci_note = '(voice: English version)'::text)",
                          "Rows Removed by Filter": 47255815
                        },
                        {
                          "Node Type": "Hash",
                          "Parent Relationship": "Inner",
                          "Parallel Aware": false,
                          "Startup Cost": 18.88,
                          "Total Cost": 18.88,
                          "Plan Rows": 4,
                          "Plan Width": 4,
                          "Actual Startup Time": 0.006,
                          "Actual Total Time": 0.006,
                          "Actual Rows": 1,
                          "Actual Loops": 1,
                          "Hash Buckets": 1024,
                          "Original Hash Buckets": 1024,
                          "Hash Batches": 1,
                          "Original Hash Batches": 1,
                          "Peak Memory Usage": 9,
                          "Plans": [
                            {
                              "Node Type": "Seq Scan",
                              "Parent Relationship": "Outer",
                              "Parallel Aware": false,
                              "Relation Name": "role_type",
                              "Alias": "rt",
                              "Startup Cost": 0.00,
                              "Total Cost": 18.88,
                              "Plan Rows": 4,
                              "Plan Width": 4,
                              "Actual Startup Time": 0.004,
                              "Actual Total Time": 0.005,
                              "Actual Rows": 1,
                              "Actual Loops": 1,
                              "Filter": "((rt_role)::text = 'actress'::text)",
                              "Rows Removed by Filter": 11
                            }
                          ]
                        }
                      ]
                    },
                    {
                      "Node Type": "Hash",
                      "Parent Relationship": "Inner",
                      "Parallel Aware": false,
                      "Startup Cost": 99566.12,
                      "Total Cost": 99566.12,
                      "Plan Rows": 258383,
                      "Plan Width": 21,
                      "Actual Startup Time": 528.644,
                      "Actual Total Time": 528.644,
                      "Actual Rows": 248638,
                      "Actual Loops": 1,
                      "Hash Buckets": 65536,
                      "Original Hash Buckets": 65536,
                      "Hash Batches": 8,
                      "Original Hash Batches": 8,
                      "Peak Memory Usage": 1792,
                      "Plans": [
                        {
                          "Node Type": "Seq Scan",
                          "Parent Relationship": "Outer",
                          "Parallel Aware": false,
                          "Relation Name": "title",
                          "Alias": "t",
                          "Startup Cost": 0.00,
                          "Total Cost": 99566.12,
                          "Plan Rows": 258383,
                          "Plan Width": 21,
                          "Actual Startup Time": 0.013,
                          "Actual Total Time": 484.761,
                          "Actual Rows": 248638,
                          "Actual Loops": 1,
                          "Filter": "((t_production_year >= 2006) AND (t_production_year <= 2007))",
                          "Rows Removed by Filter": 3154572
                        }
                      ]
                    }
                  ]
                }
              ]
            }
          ]
        }
      ]
    },
    "Planning Time": 0.255,
    "Triggers": [
    ],
    "Execution Time": 5604.173
  }
]
