[
  {
    "Plan": {
      "Node Type": "Unique",
      "Parallel Aware": false,
      "Startup Cost": 10001423311.77,
      "Total Cost": 10001426646.37,
      "Plan Rows": 266768,
      "Plan Width": 21,
      "Actual Startup Time": 17610.032,
      "Actual Total Time": 19201.971,
      "Actual Rows": 25945,
      "Actual Loops": 1,
      "Plans": [
        {
          "Node Type": "Sort",
          "Parent Relationship": "Outer",
          "Parallel Aware": false,
          "Startup Cost": 10001423311.77,
          "Total Cost": 10001423978.69,
          "Plan Rows": 266768,
          "Plan Width": 21,
          "Actual Startup Time": 17610.032,
          "Actual Total Time": 18868.764,
          "Actual Rows": 3600754,
          "Actual Loops": 1,
          "Sort Key": ["ci.ci_nr_order", "t.t_production_year", "t.t_season_nr", "t.t_series_years"],
          "Sort Method": "external merge",
          "Sort Space Used": 61824,
          "Sort Space Type": "Disk",
          "Plans": [
            {
              "Node Type": "Hash Join",
              "Parent Relationship": "Outer",
              "Parallel Aware": false,
              "Join Type": "Inner",
              "Startup Cost": 353436.94,
              "Total Cost": 1393795.00,
              "Plan Rows": 266768,
              "Plan Width": 21,
              "Actual Startup Time": 9745.927,
              "Actual Total Time": 14001.623,
              "Actual Rows": 3600754,
              "Actual Loops": 1,
              "Hash Cond": "(ci.ci_movie_id = t.t_id)",
              "Plans": [
                {
                  "Node Type": "Hash Join",
                  "Parent Relationship": "Outer",
                  "Parallel Aware": false,
                  "Join Type": "Inner",
                  "Startup Cost": 208399.76,
                  "Total Cost": 1222392.84,
                  "Plan Rows": 266768,
                  "Plan Width": 8,
                  "Actual Startup Time": 8586.870,
                  "Actual Total Time": 11162.543,
                  "Actual Rows": 3600754,
                  "Actual Loops": 1,
                  "Hash Cond": "(ci.ci_person_id = n1.n_id)",
                  "Plans": [
                    {
                      "Node Type": "Hash Join",
                      "Parent Relationship": "Outer",
                      "Parallel Aware": false,
                      "Join Type": "Inner",
                      "Startup Cost": 18.93,
                      "Total Cost": 985934.10,
                      "Plan Rows": 266768,
                      "Plan Width": 12,
                      "Actual Startup Time": 7240.171,
                      "Actual Total Time": 8249.003,
                      "Actual Rows": 3600754,
                      "Actual Loops": 1,
                      "Hash Cond": "(ci.ci_role_id = rt.rt_id)",
                      "Plans": [
                        {
                          "Node Type": "Seq Scan",
                          "Parent Relationship": "Outer",
                          "Parallel Aware": false,
                          "Relation Name": "cast_info",
                          "Alias": "ci",
                          "Startup Cost": 0.00,
                          "Total Cost": 805680.36,
                          "Plan Rows": 47351236,
                          "Plan Width": 16,
                          "Actual Startup Time": 0.013,
                          "Actual Total Time": 3397.944,
                          "Actual Rows": 47373957,
                          "Actual Loops": 1
                        },
                        {
                          "Node Type": "Hash",
                          "Parent Relationship": "Inner",
                          "Parallel Aware": false,
                          "Startup Cost": 18.88,
                          "Total Cost": 18.88,
                          "Plan Rows": 4,
                          "Plan Width": 4,
                          "Actual Startup Time": 0.009,
                          "Actual Total Time": 0.009,
                          "Actual Rows": 1,
                          "Actual Loops": 1,
                          "Hash Buckets": 1024,
                          "Original Hash Buckets": 1024,
                          "Hash Batches": 1,
                          "Original Hash Batches": 1,
                          "Peak Memory Usage": 9,
                          "Plans": [
                            {
                              "Node Type": "Seq Scan",
                              "Parent Relationship": "Outer",
                              "Parallel Aware": false,
                              "Relation Name": "role_type",
                              "Alias": "rt",
                              "Startup Cost": 0.00,
                              "Total Cost": 18.88,
                              "Plan Rows": 4,
                              "Plan Width": 4,
                              "Actual Startup Time": 0.006,
                              "Actual Total Time": 0.007,
                              "Actual Rows": 1,
                              "Actual Loops": 1,
                              "Filter": "((rt_role)::text = 'writer'::text)",
                              "Rows Removed by Filter": 11
                            }
                          ]
                        }
                      ]
                    },
                    {
                      "Node Type": "Hash",
                      "Parent Relationship": "Inner",
                      "Parallel Aware": false,
                      "Startup Cost": 122408.15,
                      "Total Cost": 122408.15,
                      "Plan Rows": 5240215,
                      "Plan Width": 4,
                      "Actual Startup Time": 1346.110,
                      "Actual Total Time": 1346.110,
                      "Actual Rows": 5240860,
                      "Actual Loops": 1,
                      "Hash Buckets": 131072,
                      "Original Hash Buckets": 131072,
                      "Hash Batches": 128,
                      "Original Hash Batches": 128,
                      "Peak Memory Usage": 2476,
                      "Plans": [
                        {
                          "Node Type": "Seq Scan",
                          "Parent Relationship": "Outer",
                          "Parallel Aware": false,
                          "Relation Name": "name",
                          "Alias": "n1",
                          "Startup Cost": 0.00,
                          "Total Cost": 122408.15,
                          "Plan Rows": 5240215,
                          "Plan Width": 4,
                          "Actual Startup Time": 0.009,
                          "Actual Total Time": 647.431,
                          "Actual Rows": 5240860,
                          "Actual Loops": 1
                        }
                      ]
                    }
                  ]
                },
                {
                  "Node Type": "Hash",
                  "Parent Relationship": "Inner",
                  "Parallel Aware": false,
                  "Startup Cost": 82548.08,
                  "Total Cost": 82548.08,
                  "Plan Rows": 3403608,
                  "Plan Width": 21,
                  "Actual Startup Time": 1151.260,
                  "Actual Total Time": 1151.260,
                  "Actual Rows": 3403210,
                  "Actual Loops": 1,
                  "Hash Buckets": 65536,
                  "Original Hash Buckets": 65536,
                  "Hash Batches": 64,
                  "Original Hash Batches": 64,
                  "Peak Memory Usage": 2697,
                  "Plans": [
                    {
                      "Node Type": "Seq Scan",
                      "Parent Relationship": "Outer",
                      "Parallel Aware": false,
                      "Relation Name": "title",
                      "Alias": "t",
                      "Startup Cost": 0.00,
                      "Total Cost": 82548.08,
                      "Plan Rows": 3403608,
                      "Plan Width": 21,
                      "Actual Startup Time": 0.006,
                      "Actual Total Time": 618.436,
                      "Actual Rows": 3403210,
                      "Actual Loops": 1
                    }
                  ]
                }
              ]
            }
          ]
        }
      ]
    },
    "Planning Time": 0.225,
    "Triggers": [
    ],
    "Execution Time": 19211.131
  }
]
