[
  {
    "Plan": {
      "Node Type": "Aggregate",
      "Strategy": "Hashed",
      "Partial Mode": "Simple",
      "Parallel Aware": false,
      "Startup Cost": 1371719.16,
      "Total Cost": 1371719.17,
      "Plan Rows": 1,
      "Plan Width": 38,
      "Actual Startup Time": 6918.388,
      "Actual Total Time": 6918.395,
      "Actual Rows": 54,
      "Actual Loops": 1,
      "Group Key": ["ci.ci_note", "chn.cn_name", "t.t_production_year"],
      "Plans": [
        {
          "Node Type": "Hash Join",
          "Parent Relationship": "Outer",
          "Parallel Aware": false,
          "Join Type": "Inner",
          "Startup Cost": 1231680.93,
          "Total Cost": 1371719.15,
          "Plan Rows": 1,
          "Plan Width": 38,
          "Actual Startup Time": 6513.253,
          "Actual Total Time": 6918.240,
          "Actual Rows": 347,
          "Actual Loops": 1,
          "Hash Cond": "(ci.ci_role_id = rt.rt_id)",
          "Plans": [
            {
              "Node Type": "Hash Join",
              "Parent Relationship": "Outer",
              "Parallel Aware": false,
              "Join Type": "Inner",
              "Startup Cost": 1231662.00,
              "Total Cost": 1371700.21,
              "Plan Rows": 1,
              "Plan Width": 42,
              "Actual Startup Time": 6513.242,
              "Actual Total Time": 6918.148,
              "Actual Rows": 347,
              "Actual Loops": 1,
              "Hash Cond": "(n.n_id = ci.ci_person_id)",
              "Plans": [
                {
                  "Node Type": "Seq Scan",
                  "Parent Relationship": "Outer",
                  "Parallel Aware": false,
                  "Relation Name": "name",
                  "Alias": "n",
                  "Startup Cost": 0.00,
                  "Total Cost": 135508.69,
                  "Plan Rows": 1207870,
                  "Plan Width": 4,
                  "Actual Startup Time": 303.216,
                  "Actual Total Time": 636.333,
                  "Actual Rows": 1204907,
                  "Actual Loops": 1,
                  "Filter": "((n_gender)::text = 'f'::text)",
                  "Rows Removed by Filter": 4035953
                },
                {
                  "Node Type": "Hash",
                  "Parent Relationship": "Inner",
                  "Parallel Aware": false,
                  "Startup Cost": 1231661.99,
                  "Total Cost": 1231661.99,
                  "Plan Rows": 1,
                  "Plan Width": 46,
                  "Actual Startup Time": 6207.555,
                  "Actual Total Time": 6207.555,
                  "Actual Rows": 522,
                  "Actual Loops": 1,
                  "Hash Buckets": 1024,
                  "Original Hash Buckets": 1024,
                  "Hash Batches": 1,
                  "Original Hash Batches": 1,
                  "Peak Memory Usage": 42,
                  "Plans": [
                    {
                      "Node Type": "Hash Join",
                      "Parent Relationship": "Outer",
                      "Parallel Aware": false,
                      "Join Type": "Inner",
                      "Startup Cost": 1136350.37,
                      "Total Cost": 1231661.99,
                      "Plan Rows": 1,
                      "Plan Width": 46,
                      "Actual Startup Time": 5661.522,
                      "Actual Total Time": 6207.322,
                      "Actual Rows": 522,
                      "Actual Loops": 1,
                      "Hash Cond": "(t.t_id = ci.ci_movie_id)",
                      "Plans": [
                        {
                          "Node Type": "Seq Scan",
                          "Parent Relationship": "Outer",
                          "Parallel Aware": false,
                          "Relation Name": "title",
                          "Alias": "t",
                          "Startup Cost": 0.00,
                          "Total Cost": 82548.08,
                          "Plan Rows": 3403608,
                          "Plan Width": 8,
                          "Actual Startup Time": 0.007,
                          "Actual Total Time": 291.307,
                          "Actual Rows": 3403210,
                          "Actual Loops": 1
                        },
                        {
                          "Node Type": "Hash",
                          "Parent Relationship": "Inner",
                          "Parallel Aware": false,
                          "Startup Cost": 1136350.36,
                          "Total Cost": 1136350.36,
                          "Plan Rows": 1,
                          "Plan Width": 46,
                          "Actual Startup Time": 5660.846,
                          "Actual Total Time": 5660.846,
                          "Actual Rows": 522,
                          "Actual Loops": 1,
                          "Hash Buckets": 1024,
                          "Original Hash Buckets": 1024,
                          "Hash Batches": 1,
                          "Original Hash Batches": 1,
                          "Peak Memory Usage": 42,
                          "Plans": [
                            {
                              "Node Type": "Hash Join",
                              "Parent Relationship": "Outer",
                              "Parallel Aware": false,
                              "Join Type": "Inner",
                              "Startup Cost": 89669.95,
                              "Total Cost": 1136350.36,
                              "Plan Rows": 1,
                              "Plan Width": 46,
                              "Actual Startup Time": 459.271,
                              "Actual Total Time": 5660.469,
                              "Actual Rows": 522,
                              "Actual Loops": 1,
                              "Hash Cond": "(ci.ci_person_role_id = chn.cn_id)",
                              "Plans": [
                                {
                                  "Node Type": "Seq Scan",
                                  "Parent Relationship": "Outer",
                                  "Parallel Aware": false,
                                  "Relation Name": "cast_info",
                                  "Alias": "ci",
                                  "Startup Cost": 0.00,
                                  "Total Cost": 1042436.54,
                                  "Plan Rows": 1131695,
                                  "Plan Width": 34,
                                  "Actual Startup Time": 0.012,
                                  "Actual Total Time": 5166.209,
                                  "Actual Rows": 1150048,
                                  "Actual Loops": 1,
                                  "Filter": "(ci_note = ANY ('{(voice),\"(voice: Japanese version)\",\"(voice) (uncredited)\",\"(voice: English version)\"}'::text[]))",
                                  "Rows Removed by Filter": 46223909
                                },
                                {
                                  "Node Type": "Hash",
                                  "Parent Relationship": "Inner",
                                  "Parallel Aware": false,
                                  "Startup Cost": 89669.94,
                                  "Total Cost": 89669.94,
                                  "Plan Rows": 1,
                                  "Plan Width": 20,
                                  "Actual Startup Time": 422.047,
                                  "Actual Total Time": 422.047,
                                  "Actual Rows": 2,
                                  "Actual Loops": 1,
                                  "Hash Buckets": 1024,
                                  "Original Hash Buckets": 1024,
                                  "Hash Batches": 1,
                                  "Original Hash Batches": 1,
                                  "Peak Memory Usage": 9,
                                  "Plans": [
                                    {
                                      "Node Type": "Seq Scan",
                                      "Parent Relationship": "Outer",
                                      "Parallel Aware": false,
                                      "Relation Name": "char_name",
                                      "Alias": "chn",
                                      "Startup Cost": 0.00,
                                      "Total Cost": 89669.94,
                                      "Plan Rows": 1,
                                      "Plan Width": 20,
                                      "Actual Startup Time": 9.251,
                                      "Actual Total Time": 422.041,
                                      "Actual Rows": 2,
                                      "Actual Loops": 1,
                                      "Filter": "(cn_name = 'Computer'::text)",
                                      "Rows Removed by Filter": 3715576
                                    }
                                  ]
                                }
                              ]
                            }
                          ]
                        }
                      ]
                    }
                  ]
                }
              ]
            },
            {
              "Node Type": "Hash",
              "Parent Relationship": "Inner",
              "Parallel Aware": false,
              "Startup Cost": 18.88,
              "Total Cost": 18.88,
              "Plan Rows": 4,
              "Plan Width": 4,
              "Actual Startup Time": 0.008,
              "Actual Total Time": 0.008,
              "Actual Rows": 1,
              "Actual Loops": 1,
              "Hash Buckets": 1024,
              "Original Hash Buckets": 1024,
              "Hash Batches": 1,
              "Original Hash Batches": 1,
              "Peak Memory Usage": 9,
              "Plans": [
                {
                  "Node Type": "Seq Scan",
                  "Parent Relationship": "Outer",
                  "Parallel Aware": false,
                  "Relation Name": "role_type",
                  "Alias": "rt",
                  "Startup Cost": 0.00,
                  "Total Cost": 18.88,
                  "Plan Rows": 4,
                  "Plan Width": 4,
                  "Actual Startup Time": 0.006,
                  "Actual Total Time": 0.007,
                  "Actual Rows": 1,
                  "Actual Loops": 1,
                  "Filter": "((rt_role)::text = 'actress'::text)",
                  "Rows Removed by Filter": 11
                }
              ]
            }
          ]
        }
      ]
    },
    "Planning Time": 0.403,
    "Triggers": [
    ],
    "Execution Time": 6918.436
  }
]
