[
  {
    "Plan": {
      "Node Type": "Hash Join",
      "Join Type": "Inner",
      "Startup Cost": 995489.28,
      "Total Cost": 1003907.08,
      "Plan Rows": 1730,
      "Plan Width": 960,
      "Actual Startup Time": 8726.367,
      "Actual Total Time": 9077.851,
      "Actual Rows": 73599,
      "Actual Loops": 1,
      "Hash Cond": "(item.i_item_sk = store_sales.ss_item_sk)",
      "Plans": [
        {
          "Node Type": "Seq Scan",
          "Parent Relationship": "Outer",
          "Relation Name": "item",
          "Alias": "item",
          "Startup Cost": 0.00,
          "Total Cost": 8018.00,
          "Plan Rows": 102000,
          "Plan Width": 504,
          "Actual Startup Time": 0.015,
          "Actual Total Time": 46.144,
          "Actual Rows": 102000,
          "Actual Loops": 1
        },
        {
          "Node Type": "Hash",
          "Parent Relationship": "Inner",
          "Startup Cost": 995467.65,
          "Total Cost": 995467.65,
          "Plan Rows": 1730,
          "Plan Width": 456,
          "Actual Startup Time": 8725.837,
          "Actual Total Time": 8725.837,
          "Actual Rows": 73599,
          "Actual Loops": 1,
          "Hash Buckets": 8192,
          "Original Hash Buckets": 2048,
          "Hash Batches": 16,
          "Original Hash Batches": 1,
          "Peak Memory Usage": 4033,
          "Plans": [
            {
              "Node Type": "Hash Join",
              "Parent Relationship": "Outer",
              "Join Type": "Inner",
              "Startup Cost": 58122.88,
              "Total Cost": 995467.65,
              "Plan Rows": 1730,
              "Plan Width": 456,
              "Actual Startup Time": 315.529,
              "Actual Total Time": 8585.981,
              "Actual Rows": 73599,
              "Actual Loops": 1,
              "Hash Cond": "(store_sales.ss_promo_sk = promotion.p_promo_sk)",
              "Plans": [
                {
                  "Node Type": "Hash Join",
                  "Parent Relationship": "Outer",
                  "Join Type": "Inner",
                  "Startup Cost": 58096.12,
                  "Total Cost": 995416.80,
                  "Plan Rows": 1814,
                  "Plan Width": 289,
                  "Actual Startup Time": 315.234,
                  "Actual Total Time": 8541.879,
                  "Actual Rows": 73881,
                  "Actual Loops": 1,
                  "Hash Cond": "(store_sales.ss_cdemo_sk = customer_demographics.cd_demo_sk)",
                  "Plans": [
                    {
                      "Node Type": "Hash Join",
                      "Parent Relationship": "Outer",
                      "Join Type": "Inner",
                      "Startup Cost": 2322.68,
                      "Total Cost": 939109.78,
                      "Plan Rows": 137447,
                      "Plan Width": 233,
                      "Actual Startup Time": 13.807,
                      "Actual Total Time": 7768.190,
                      "Actual Rows": 5217803,
                      "Actual Loops": 1,
                      "Hash Cond": "(store_sales.ss_sold_date_sk = date_dim.d_date_sk)",
                      "Plans": [
                        {
                          "Node Type": "Seq Scan",
                          "Parent Relationship": "Outer",
                          "Relation Name": "store_sales",
                          "Alias": "store_sales",
                          "Startup Cost": 0.00,
                          "Total Cost": 827408.92,
                          "Plan Rows": 28800992,
                          "Plan Width": 115,
                          "Actual Startup Time": 0.022,
                          "Actual Total Time": 3423.793,
                          "Actual Rows": 26228373,
                          "Actual Loops": 1
                        },
                        {
                          "Node Type": "Hash",
                          "Parent Relationship": "Inner",
                          "Startup Cost": 2318.11,
                          "Total Cost": 2318.11,
                          "Plan Rows": 365,
                          "Plan Width": 118,
                          "Actual Startup Time": 13.744,
                          "Actual Total Time": 13.744,
                          "Actual Rows": 365,
                          "Actual Loops": 1,
                          "Hash Buckets": 1024,
                          "Original Hash Buckets": 1024,
                          "Hash Batches": 1,
                          "Original Hash Batches": 1,
                          "Peak Memory Usage": 63,
                          "Plans": [
                            {
                              "Node Type": "Seq Scan",
                              "Parent Relationship": "Outer",
                              "Relation Name": "date_dim",
                              "Alias": "date_dim",
                              "Startup Cost": 0.00,
                              "Total Cost": 2318.11,
                              "Plan Rows": 365,
                              "Plan Width": 118,
                              "Actual Startup Time": 6.967,
                              "Actual Total Time": 13.672,
                              "Actual Rows": 365,
                              "Actual Loops": 1,
                              "Filter": "(d_year = 2001)",
                              "Rows Removed by Filter": 72684
                            }
                          ]
                        }
                      ]
                    },
                    {
                      "Node Type": "Hash",
                      "Parent Relationship": "Inner",
                      "Startup Cost": 55442.00,
                      "Total Cost": 55442.00,
                      "Plan Rows": 26516,
                      "Plan Width": 56,
                      "Actual Startup Time": 300.627,
                      "Actual Total Time": 300.627,
                      "Actual Rows": 27440,
                      "Actual Loops": 1,
                      "Hash Buckets": 32768,
                      "Original Hash Buckets": 32768,
                      "Hash Batches": 1,
                      "Original Hash Batches": 1,
                      "Peak Memory Usage": 2722,
                      "Plans": [
                        {
                          "Node Type": "Seq Scan",
                          "Parent Relationship": "Outer",
                          "Relation Name": "customer_demographics",
                          "Alias": "customer_demographics",
                          "Startup Cost": 0.00,
                          "Total Cost": 55442.00,
                          "Plan Rows": 26516,
                          "Plan Width": 56,
                          "Actual Startup Time": 0.011,
                          "Actual Total Time": 290.854,
                          "Actual Rows": 27440,
                          "Actual Loops": 1,
                          "Filter": "((cd_gender = 'M'::bpchar) AND (cd_marital_status = 'M'::bpchar) AND (cd_education_status = '4 yr Degree'::bpchar))",
                          "Rows Removed by Filter": 1893360
                        }
                      ]
                    }
                  ]
                },
                {
                  "Node Type": "Hash",
                  "Parent Relationship": "Inner",
                  "Startup Cost": 20.50,
                  "Total Cost": 20.50,
                  "Plan Rows": 500,
                  "Plan Width": 167,
                  "Actual Startup Time": 0.286,
                  "Actual Total Time": 0.286,
                  "Actual Rows": 498,
                  "Actual Loops": 1,
                  "Hash Buckets": 1024,
                  "Original Hash Buckets": 1024,
                  "Hash Batches": 1,
                  "Original Hash Batches": 1,
                  "Peak Memory Usage": 108,
                  "Plans": [
                    {
                      "Node Type": "Seq Scan",
                      "Parent Relationship": "Outer",
                      "Relation Name": "promotion",
                      "Alias": "promotion",
                      "Startup Cost": 0.00,
                      "Total Cost": 20.50,
                      "Plan Rows": 500,
                      "Plan Width": 167,
                      "Actual Startup Time": 0.012,
                      "Actual Total Time": 0.184,
                      "Actual Rows": 498,
                      "Actual Loops": 1,
                      "Filter": "((p_channel_email = 'N'::bpchar) OR (p_channel_event = 'N'::bpchar))",
                      "Rows Removed by Filter": 2
                    }
                  ]
                }
              ]
            }
          ]
        }
      ]
    },
    "Planning Time": 3.164,
    "Triggers": [
    ],
    "Execution Time": 9080.767
  }
]
