[
  {
    "Plan": {
      "Node Type": "Hash Join",
      "Join Type": "Inner",
      "Startup Cost": 18191.90,
      "Total Cost": 2750452.80,
      "Plan Rows": 665104,
      "Plan Width": 1408,
      "Actual Startup Time": 5402.032,
      "Actual Total Time": 74773.355,
      "Actual Rows": 26520000,
      "Actual Loops": 1,
      "Hash Cond": "(inventory.inv_warehouse_sk = warehouse.w_warehouse_sk)",
      "Plans": [
        {
          "Node Type": "Hash Join",
          "Parent Relationship": "Outer",
          "Join Type": "Inner",
          "Startup Cost": 18190.67,
          "Total Cost": 2741306.39,
          "Plan Rows": 665104,
          "Plan Width": 642,
          "Actual Startup Time": 5401.975,
          "Actual Total Time": 66054.410,
          "Actual Rows": 26520000,
          "Actual Loops": 1,
          "Hash Cond": "(inventory.inv_item_sk = item.i_item_sk)",
          "Plans": [
            {
              "Node Type": "Hash Join",
              "Parent Relationship": "Outer",
              "Join Type": "Inner",
              "Startup Cost": 2322.68,
              "Total Cost": 2682438.21,
              "Plan Rows": 665104,
              "Plan Width": 138,
              "Actual Startup Time": 5223.915,
              "Actual Total Time": 32663.530,
              "Actual Rows": 26520000,
              "Actual Loops": 1,
              "Hash Cond": "(inventory.inv_date_sk = date_dim.d_date_sk)",
              "Plans": [
                {
                  "Node Type": "Seq Scan",
                  "Parent Relationship": "Outer",
                  "Relation Name": "inventory",
                  "Alias": "inventory",
                  "Startup Cost": 0.00,
                  "Total Cost": 2174302.00,
                  "Plan Rows": 133110000,
                  "Plan Width": 20,
                  "Actual Startup Time": 0.321,
                  "Actual Total Time": 13940.503,
                  "Actual Rows": 133110000,
                  "Actual Loops": 1
                },
                {
                  "Node Type": "Hash",
                  "Parent Relationship": "Inner",
                  "Startup Cost": 2318.11,
                  "Total Cost": 2318.11,
                  "Plan Rows": 365,
                  "Plan Width": 118,
                  "Actual Startup Time": 16.591,
                  "Actual Total Time": 16.591,
                  "Actual Rows": 365,
                  "Actual Loops": 1,
                  "Hash Buckets": 1024,
                  "Original Hash Buckets": 1024,
                  "Hash Batches": 1,
                  "Original Hash Batches": 1,
                  "Peak Memory Usage": 63,
                  "Plans": [
                    {
                      "Node Type": "Seq Scan",
                      "Parent Relationship": "Outer",
                      "Relation Name": "date_dim",
                      "Alias": "date_dim",
                      "Startup Cost": 0.00,
                      "Total Cost": 2318.11,
                      "Plan Rows": 365,
                      "Plan Width": 118,
                      "Actual Startup Time": 8.839,
                      "Actual Total Time": 16.487,
                      "Actual Rows": 365,
                      "Actual Loops": 1,
                      "Filter": "(d_year = 1999)",
                      "Rows Removed by Filter": 72684
                    }
                  ]
                }
              ]
            },
            {
              "Node Type": "Hash",
              "Parent Relationship": "Inner",
              "Startup Cost": 8018.00,
              "Total Cost": 8018.00,
              "Plan Rows": 102000,
              "Plan Width": 504,
              "Actual Startup Time": 177.782,
              "Actual Total Time": 177.782,
              "Actual Rows": 102000,
              "Actual Loops": 1,
              "Hash Buckets": 8192,
              "Original Hash Buckets": 8192,
              "Hash Batches": 16,
              "Original Hash Batches": 16,
              "Peak Memory Usage": 3548,
              "Plans": [
                {
                  "Node Type": "Seq Scan",
                  "Parent Relationship": "Outer",
                  "Relation Name": "item",
                  "Alias": "item",
                  "Startup Cost": 0.00,
                  "Total Cost": 8018.00,
                  "Plan Rows": 102000,
                  "Plan Width": 504,
                  "Actual Startup Time": 0.010,
                  "Actual Total Time": 46.430,
                  "Actual Rows": 102000,
                  "Actual Loops": 1
                }
              ]
            }
          ]
        },
        {
          "Node Type": "Hash",
          "Parent Relationship": "Inner",
          "Startup Cost": 1.10,
          "Total Cost": 1.10,
          "Plan Rows": 10,
          "Plan Width": 766,
          "Actual Startup Time": 0.021,
          "Actual Total Time": 0.021,
          "Actual Rows": 10,
          "Actual Loops": 1,
          "Hash Buckets": 1024,
          "Original Hash Buckets": 1024,
          "Hash Batches": 1,
          "Original Hash Batches": 1,
          "Peak Memory Usage": 10,
          "Plans": [
            {
              "Node Type": "Seq Scan",
              "Parent Relationship": "Outer",
              "Relation Name": "warehouse",
              "Alias": "warehouse",
              "Startup Cost": 0.00,
              "Total Cost": 1.10,
              "Plan Rows": 10,
              "Plan Width": 766,
              "Actual Startup Time": 0.011,
              "Actual Total Time": 0.011,
              "Actual Rows": 10,
              "Actual Loops": 1
            }
          ]
        }
      ]
    },
    "Planning Time": 3.570,
    "Triggers": [
    ],
    "Execution Time": 75719.159
  }
]
