[
  {
    "Plan": {
      "Node Type": "Hash Join",
      "Join Type": "Inner",
      "Startup Cost": 10777.98,
      "Total Cost": 946351.49,
      "Plan Rows": 35,
      "Plan Width": 737,
      "Actual Startup Time": 98.378,
      "Actual Total Time": 11638.887,
      "Actual Rows": 2682,
      "Actual Loops": 1,
      "Hash Cond": "(store_sales.ss_item_sk = item.i_item_sk)",
      "Plans": [
        {
          "Node Type": "Hash Join",
          "Parent Relationship": "Outer",
          "Join Type": "Inner",
          "Startup Cost": 2501.12,
          "Total Cost": 938030.50,
          "Plan Rows": 11674,
          "Plan Width": 233,
          "Actual Startup Time": 16.844,
          "Actual Total Time": 11456.630,
          "Actual Rows": 887446,
          "Actual Loops": 1,
          "Hash Cond": "(store_sales.ss_sold_date_sk = date_dim.d_date_sk)",
          "Plans": [
            {
              "Node Type": "Seq Scan",
              "Parent Relationship": "Outer",
              "Relation Name": "store_sales",
              "Alias": "store_sales",
              "Startup Cost": 0.00,
              "Total Cost": 827408.92,
              "Plan Rows": 28800992,
              "Plan Width": 115,
              "Actual Startup Time": 0.403,
              "Actual Total Time": 8430.216,
              "Actual Rows": 26228373,
              "Actual Loops": 1
            },
            {
              "Node Type": "Hash",
              "Parent Relationship": "Inner",
              "Startup Cost": 2500.73,
              "Total Cost": 2500.73,
              "Plan Rows": 31,
              "Plan Width": 118,
              "Actual Startup Time": 16.400,
              "Actual Total Time": 16.400,
              "Actual Rows": 31,
              "Actual Loops": 1,
              "Hash Buckets": 1024,
              "Original Hash Buckets": 1024,
              "Hash Batches": 1,
              "Original Hash Batches": 1,
              "Peak Memory Usage": 13,
              "Plans": [
                {
                  "Node Type": "Seq Scan",
                  "Parent Relationship": "Outer",
                  "Relation Name": "date_dim",
                  "Alias": "date_dim",
                  "Startup Cost": 0.00,
                  "Total Cost": 2500.73,
                  "Plan Rows": 31,
                  "Plan Width": 118,
                  "Actual Startup Time": 8.847,
                  "Actual Total Time": 16.371,
                  "Actual Rows": 31,
                  "Actual Loops": 1,
                  "Filter": "((d_moy = 12) AND (d_year = 2002))",
                  "Rows Removed by Filter": 73018
                }
              ]
            }
          ]
        },
        {
          "Node Type": "Hash",
          "Parent Relationship": "Inner",
          "Startup Cost": 8273.00,
          "Total Cost": 8273.00,
          "Plan Rows": 309,
          "Plan Width": 504,
          "Actual Startup Time": 65.272,
          "Actual Total Time": 65.272,
          "Actual Rows": 298,
          "Actual Loops": 1,
          "Hash Buckets": 1024,
          "Original Hash Buckets": 1024,
          "Hash Batches": 1,
          "Original Hash Batches": 1,
          "Peak Memory Usage": 166,
          "Plans": [
            {
              "Node Type": "Seq Scan",
              "Parent Relationship": "Outer",
              "Relation Name": "item",
              "Alias": "item",
              "Startup Cost": 0.00,
              "Total Cost": 8273.00,
              "Plan Rows": 309,
              "Plan Width": 504,
              "Actual Startup Time": 0.446,
              "Actual Total Time": 64.893,
              "Actual Rows": 298,
              "Actual Loops": 1,
              "Filter": "(i_manager_id = 91)",
              "Rows Removed by Filter": 101702
            }
          ]
        }
      ]
    },
    "Planning Time": 1.330,
    "Triggers": [
    ],
    "Execution Time": 11639.670
  }
]
