[
  {
    "Plan": {
      "Node Type": "Hash Join",
      "Join Type": "Inner",
      "Startup Cost": 18373.21,
      "Total Cost": 316889.24,
      "Plan Rows": 35263,
      "Plan Width": 792,
      "Actual Startup Time": 206.324,
      "Actual Total Time": 5825.889,
      "Actual Rows": 1432923,
      "Actual Loops": 1,
      "Hash Cond": "(web_sales.ws_item_sk = item.i_item_sk)",
      "Plans": [
        {
          "Node Type": "Hash Join",
          "Parent Relationship": "Outer",
          "Join Type": "Inner",
          "Startup Cost": 2505.21,
          "Total Cost": 291273.37,
          "Plan Rows": 35263,
          "Plan Width": 288,
          "Actual Startup Time": 15.970,
          "Actual Total Time": 2622.714,
          "Actual Rows": 1432923,
          "Actual Loops": 1,
          "Hash Cond": "(web_sales.ws_sold_date_sk = d1.d_date_sk)",
          "Plans": [
            {
              "Node Type": "Seq Scan",
              "Parent Relationship": "Outer",
              "Relation Name": "web_sales",
              "Alias": "web_sales",
              "Startup Cost": 0.00,
              "Total Cost": 261424.66,
              "Plan Rows": 7197566,
              "Plan Width": 170,
              "Actual Startup Time": 0.037,
              "Actual Total Time": 1275.309,
              "Actual Rows": 7194440,
              "Actual Loops": 1
            },
            {
              "Node Type": "Hash",
              "Parent Relationship": "Inner",
              "Startup Cost": 2500.73,
              "Total Cost": 2500.73,
              "Plan Rows": 358,
              "Plan Width": 118,
              "Actual Startup Time": 15.869,
              "Actual Total Time": 15.869,
              "Actual Rows": 365,
              "Actual Loops": 1,
              "Hash Buckets": 1024,
              "Original Hash Buckets": 1024,
              "Hash Batches": 1,
              "Original Hash Batches": 1,
              "Peak Memory Usage": 63,
              "Plans": [
                {
                  "Node Type": "Seq Scan",
                  "Parent Relationship": "Outer",
                  "Relation Name": "date_dim",
                  "Alias": "d1",
                  "Startup Cost": 0.00,
                  "Total Cost": 2500.73,
                  "Plan Rows": 358,
                  "Plan Width": 118,
                  "Actual Startup Time": 6.769,
                  "Actual Total Time": 15.765,
                  "Actual Rows": 365,
                  "Actual Loops": 1,
                  "Filter": "((d_month_seq >= 1211) AND (d_month_seq <= 1222))",
                  "Rows Removed by Filter": 72684
                }
              ]
            }
          ]
        },
        {
          "Node Type": "Hash",
          "Parent Relationship": "Inner",
          "Startup Cost": 8018.00,
          "Total Cost": 8018.00,
          "Plan Rows": 102000,
          "Plan Width": 504,
          "Actual Startup Time": 189.889,
          "Actual Total Time": 189.889,
          "Actual Rows": 102000,
          "Actual Loops": 1,
          "Hash Buckets": 8192,
          "Original Hash Buckets": 8192,
          "Hash Batches": 16,
          "Original Hash Batches": 16,
          "Peak Memory Usage": 3546,
          "Plans": [
            {
              "Node Type": "Seq Scan",
              "Parent Relationship": "Outer",
              "Relation Name": "item",
              "Alias": "item",
              "Startup Cost": 0.00,
              "Total Cost": 8018.00,
              "Plan Rows": 102000,
              "Plan Width": 504,
              "Actual Startup Time": 0.007,
              "Actual Total Time": 48.922,
              "Actual Rows": 102000,
              "Actual Loops": 1
            }
          ]
        }
      ]
    },
    "Planning Time": 1.407,
    "Triggers": [
    ],
    "Execution Time": 5876.042
  }
]
