[
  {
    "Plan": {
      "Node Type": "Hash Join",
      "Join Type": "Inner",
      "Startup Cost": 2322.68,
      "Total Cost": 90544.57,
      "Plan Rows": 13870,
      "Plan Width": 220,
      "Actual Startup Time": 14.299,
      "Actual Total Time": 843.525,
      "Actual Rows": 314996,
      "Actual Loops": 1,
      "Hash Cond": "(store_returns.sr_returned_date_sk = date_dim.d_date_sk)",
      "Plans": [
        {
          "Node Type": "Seq Scan",
          "Parent Relationship": "Outer",
          "Relation Name": "store_returns",
          "Alias": "store_returns",
          "Startup Cost": 0.00,
          "Total Cost": 77300.32,
          "Plan Rows": 2875432,
          "Plan Width": 102,
          "Actual Startup Time": 0.348,
          "Actual Total Time": 442.076,
          "Actual Rows": 2775158,
          "Actual Loops": 1
        },
        {
          "Node Type": "Hash",
          "Parent Relationship": "Inner",
          "Startup Cost": 2318.11,
          "Total Cost": 2318.11,
          "Plan Rows": 365,
          "Plan Width": 118,
          "Actual Startup Time": 13.884,
          "Actual Total Time": 13.884,
          "Actual Rows": 365,
          "Actual Loops": 1,
          "Hash Buckets": 1024,
          "Original Hash Buckets": 1024,
          "Hash Batches": 1,
          "Original Hash Batches": 1,
          "Peak Memory Usage": 63,
          "Plans": [
            {
              "Node Type": "Seq Scan",
              "Parent Relationship": "Outer",
              "Relation Name": "date_dim",
              "Alias": "date_dim",
              "Startup Cost": 0.00,
              "Total Cost": 2318.11,
              "Plan Rows": 365,
              "Plan Width": 118,
              "Actual Startup Time": 6.698,
              "Actual Total Time": 13.785,
              "Actual Rows": 365,
              "Actual Loops": 1,
              "Filter": "(d_year = 1998)",
              "Rows Removed by Filter": 72684
            }
          ]
        }
      ]
    },
    "Planning Time": 3.035,
    "Triggers": [
    ],
    "Execution Time": 854.989
  }
]
