[
  {
    "Plan": {
      "Node Type": "Hash Join",
      "Join Type": "Inner",
      "Startup Cost": 2504.58,
      "Total Cost": 291223.51,
      "Plan Rows": 30339,
      "Plan Width": 288,
      "Actual Startup Time": 14.812,
      "Actual Total Time": 3572.333,
      "Actual Rows": 1433719,
      "Actual Loops": 1,
      "Hash Cond": "(web_sales.ws_ship_date_sk = date_dim.d_date_sk)",
      "Plans": [
        {
          "Node Type": "Seq Scan",
          "Parent Relationship": "Outer",
          "Relation Name": "web_sales",
          "Alias": "web_sales",
          "Startup Cost": 0.00,
          "Total Cost": 261424.66,
          "Plan Rows": 7197566,
          "Plan Width": 170,
          "Actual Startup Time": 0.931,
          "Actual Total Time": 2041.519,
          "Actual Rows": 7194440,
          "Actual Loops": 1
        },
        {
          "Node Type": "Hash",
          "Parent Relationship": "Inner",
          "Startup Cost": 2500.73,
          "Total Cost": 2500.73,
          "Plan Rows": 308,
          "Plan Width": 118,
          "Actual Startup Time": 13.396,
          "Actual Total Time": 13.396,
          "Actual Rows": 365,
          "Actual Loops": 1,
          "Hash Buckets": 1024,
          "Original Hash Buckets": 1024,
          "Hash Batches": 1,
          "Original Hash Batches": 1,
          "Peak Memory Usage": 63,
          "Plans": [
            {
              "Node Type": "Seq Scan",
              "Parent Relationship": "Outer",
              "Relation Name": "date_dim",
              "Alias": "date_dim",
              "Startup Cost": 0.00,
              "Total Cost": 2500.73,
              "Plan Rows": 308,
              "Plan Width": 118,
              "Actual Startup Time": 6.238,
              "Actual Total Time": 13.328,
              "Actual Rows": 365,
              "Actual Loops": 1,
              "Filter": "((d_month_seq >= 1212) AND (d_month_seq <= 1223))",
              "Rows Removed by Filter": 72684
            }
          ]
        }
      ]
    },
    "Planning Time": 0.983,
    "Triggers": [
    ],
    "Execution Time": 3624.705
  }
]
