[
  {
    "Plan": {
      "Node Type": "Hash Join",
      "Join Type": "Inner",
      "Startup Cost": 11147.51,
      "Total Cost": 588088.90,
      "Plan Rows": 68,
      "Plan Width": 2445,
      "Actual Startup Time": 3477.928,
      "Actual Total Time": 8731.596,
      "Actual Rows": 2923,
      "Actual Loops": 1,
      "Hash Cond": "(cs1.cs_call_center_sk = call_center.cc_call_center_sk)",
      "Plans": [
        {
          "Node Type": "Hash Join",
          "Parent Relationship": "Outer",
          "Join Type": "Inner",
          "Startup Cost": 11145.06,
          "Total Cost": 588084.53,
          "Plan Rows": 328,
          "Plan Width": 433,
          "Actual Startup Time": 3476.729,
          "Actual Total Time": 8728.216,
          "Actual Rows": 8600,
          "Actual Loops": 1,
          "Hash Cond": "(cs1.cs_ship_addr_sk = customer_address.ca_address_sk)",
          "Plans": [
            {
              "Node Type": "Hash Join",
              "Parent Relationship": "Outer",
              "Join Type": "Inner",
              "Startup Cost": 2501.52,
              "Total Cost": 579391.39,
              "Plan Rows": 12353,
              "Plan Width": 288,
              "Actual Startup Time": 2989.466,
              "Actual Total Time": 8209.212,
              "Actual Rows": 336938,
              "Actual Loops": 1,
              "Hash Cond": "(cs1.cs_ship_date_sk = date_dim.d_date_sk)",
              "Plans": [
                {
                  "Node Type": "Seq Scan",
                  "Parent Relationship": "Outer",
                  "Relation Name": "catalog_sales",
                  "Alias": "cs1",
                  "Startup Cost": 0.00,
                  "Total Cost": 522761.61,
                  "Plan Rows": 14401261,
                  "Plan Width": 170,
                  "Actual Startup Time": 0.311,
                  "Actual Total Time": 6346.348,
                  "Actual Rows": 14258808,
                  "Actual Loops": 1
                },
                {
                  "Node Type": "Hash",
                  "Parent Relationship": "Inner",
                  "Startup Cost": 2500.73,
                  "Total Cost": 2500.73,
                  "Plan Rows": 63,
                  "Plan Width": 118,
                  "Actual Startup Time": 13.918,
                  "Actual Total Time": 13.918,
                  "Actual Rows": 62,
                  "Actual Loops": 1,
                  "Hash Buckets": 1024,
                  "Original Hash Buckets": 1024,
                  "Hash Batches": 1,
                  "Original Hash Batches": 1,
                  "Peak Memory Usage": 18,
                  "Plans": [
                    {
                      "Node Type": "Seq Scan",
                      "Parent Relationship": "Outer",
                      "Relation Name": "date_dim",
                      "Alias": "date_dim",
                      "Startup Cost": 0.00,
                      "Total Cost": 2500.73,
                      "Plan Rows": 63,
                      "Plan Width": 118,
                      "Actual Startup Time": 6.641,
                      "Actual Total Time": 13.912,
                      "Actual Rows": 62,
                      "Actual Loops": 1,
                      "Filter": "((d_date >= '2000-03-01'::date) AND (d_date <= '2000-05-01'::date))",
                      "Rows Removed by Filter": 72987
                    }
                  ]
                }
              ]
            },
            {
              "Node Type": "Hash",
              "Parent Relationship": "Inner",
              "Startup Cost": 8560.00,
              "Total Cost": 8560.00,
              "Plan Rows": 6683,
              "Plan Width": 145,
              "Actual Startup Time": 474.860,
              "Actual Total Time": 474.860,
              "Actual Rows": 6737,
              "Actual Loops": 1,
              "Hash Buckets": 8192,
              "Original Hash Buckets": 8192,
              "Hash Batches": 1,
              "Original Hash Batches": 1,
              "Peak Memory Usage": 1235,
              "Plans": [
                {
                  "Node Type": "Seq Scan",
                  "Parent Relationship": "Outer",
                  "Relation Name": "customer_address",
                  "Alias": "customer_address",
                  "Startup Cost": 0.00,
                  "Total Cost": 8560.00,
                  "Plan Rows": 6683,
                  "Plan Width": 145,
                  "Actual Startup Time": 0.232,
                  "Actual Total Time": 467.339,
                  "Actual Rows": 6737,
                  "Actual Loops": 1,
                  "Filter": "(ca_state = 'MN'::bpchar)",
                  "Rows Removed by Filter": 243263
                }
              ]
            }
          ]
        },
        {
          "Node Type": "Hash",
          "Parent Relationship": "Inner",
          "Startup Cost": 2.39,
          "Total Cost": 2.39,
          "Plan Rows": 5,
          "Plan Width": 2012,
          "Actual Startup Time": 0.629,
          "Actual Total Time": 0.629,
          "Actual Rows": 7,
          "Actual Loops": 1,
          "Hash Buckets": 1024,
          "Original Hash Buckets": 1024,
          "Hash Batches": 1,
          "Original Hash Batches": 1,
          "Peak Memory Usage": 12,
          "Plans": [
            {
              "Node Type": "Seq Scan",
              "Parent Relationship": "Outer",
              "Relation Name": "call_center",
              "Alias": "call_center",
              "Startup Cost": 0.00,
              "Total Cost": 2.39,
              "Plan Rows": 5,
              "Plan Width": 2012,
              "Actual Startup Time": 0.298,
              "Actual Total Time": 0.623,
              "Actual Rows": 7,
              "Actual Loops": 1,
              "Filter": "((cc_county)::text = ANY ('{\"Williamson County\",\"Williamson County\",\"Williamson County\",\"Williamson County\",\"Williamson County\"}'::text[]))",
              "Rows Removed by Filter": 17
            }
          ]
        }
      ]
    },
    "Planning Time": 2.119,
    "Triggers": [
    ],
    "Execution Time": 8732.005
  }
]
