[
  {
    "Plan": {
      "Node Type": "Hash Join",
      "Join Type": "Inner",
      "Startup Cost": 300923.42,
      "Total Cost": 309287.29,
      "Plan Rows": 111,
      "Plan Width": 937,
      "Actual Startup Time": 2352.672,
      "Actual Total Time": 2475.554,
      "Actual Rows": 5564,
      "Actual Loops": 1,
      "Hash Cond": "(item.i_item_sk = web_sales.ws_item_sk)",
      "Plans": [
        {
          "Node Type": "Seq Scan",
          "Parent Relationship": "Outer",
          "Relation Name": "item",
          "Alias": "item",
          "Startup Cost": 0.00,
          "Total Cost": 8273.00,
          "Plan Rows": 10258,
          "Plan Width": 504,
          "Actual Startup Time": 0.014,
          "Actual Total Time": 52.675,
          "Actual Rows": 10149,
          "Actual Loops": 1,
          "Filter": "(i_category = 'Children'::bpchar)",
          "Rows Removed by Filter": 91851
        },
        {
          "Node Type": "Hash",
          "Parent Relationship": "Inner",
          "Startup Cost": 300909.65,
          "Total Cost": 300909.65,
          "Plan Rows": 1102,
          "Plan Width": 433,
          "Actual Startup Time": 2352.570,
          "Actual Total Time": 2352.570,
          "Actual Rows": 55351,
          "Actual Loops": 1,
          "Hash Buckets": 16384,
          "Original Hash Buckets": 2048,
          "Hash Batches": 8,
          "Original Hash Batches": 1,
          "Peak Memory Usage": 3969,
          "Plans": [
            {
              "Node Type": "Hash Join",
              "Parent Relationship": "Outer",
              "Join Type": "Inner",
              "Startup Cost": 290985.37,
              "Total Cost": 300909.65,
              "Plan Rows": 1102,
              "Plan Width": 433,
              "Actual Startup Time": 1980.663,
              "Actual Total Time": 2256.959,
              "Actual Rows": 55351,
              "Actual Loops": 1,
              "Hash Cond": "(customer_address.ca_address_sk = web_sales.ws_bill_addr_sk)",
              "Plans": [
                {
                  "Node Type": "Seq Scan",
                  "Parent Relationship": "Outer",
                  "Relation Name": "customer_address",
                  "Alias": "customer_address",
                  "Startup Cost": 0.00,
                  "Total Cost": 8560.00,
                  "Plan Rows": 90217,
                  "Plan Width": 145,
                  "Actual Startup Time": 0.005,
                  "Actual Total Time": 73.979,
                  "Actual Rows": 90666,
                  "Actual Loops": 1,
                  "Filter": "(ca_gmt_offset = '-5'::numeric)",
                  "Rows Removed by Filter": 159334
                },
                {
                  "Node Type": "Hash",
                  "Parent Relationship": "Inner",
                  "Startup Cost": 290947.20,
                  "Total Cost": 290947.20,
                  "Plan Rows": 3054,
                  "Plan Width": 288,
                  "Actual Startup Time": 1979.829,
                  "Actual Total Time": 1979.829,
                  "Actual Rows": 154317,
                  "Actual Loops": 1,
                  "Hash Buckets": 16384,
                  "Original Hash Buckets": 4096,
                  "Hash Batches": 16,
                  "Original Hash Batches": 1,
                  "Peak Memory Usage": 3969,
                  "Plans": [
                    {
                      "Node Type": "Hash Join",
                      "Parent Relationship": "Outer",
                      "Join Type": "Inner",
                      "Startup Cost": 2501.12,
                      "Total Cost": 290947.20,
                      "Plan Rows": 3054,
                      "Plan Width": 288,
                      "Actual Startup Time": 13.926,
                      "Actual Total Time": 1762.887,
                      "Actual Rows": 154324,
                      "Actual Loops": 1,
                      "Hash Cond": "(web_sales.ws_sold_date_sk = date_dim.d_date_sk)",
                      "Plans": [
                        {
                          "Node Type": "Seq Scan",
                          "Parent Relationship": "Outer",
                          "Relation Name": "web_sales",
                          "Alias": "web_sales",
                          "Startup Cost": 0.00,
                          "Total Cost": 261424.66,
                          "Plan Rows": 7197566,
                          "Plan Width": 170,
                          "Actual Startup Time": 0.444,
                          "Actual Total Time": 1111.606,
                          "Actual Rows": 7194440,
                          "Actual Loops": 1
                        },
                        {
                          "Node Type": "Hash",
                          "Parent Relationship": "Inner",
                          "Startup Cost": 2500.73,
                          "Total Cost": 2500.73,
                          "Plan Rows": 31,
                          "Plan Width": 118,
                          "Actual Startup Time": 12.889,
                          "Actual Total Time": 12.889,
                          "Actual Rows": 31,
                          "Actual Loops": 1,
                          "Hash Buckets": 1024,
                          "Original Hash Buckets": 1024,
                          "Hash Batches": 1,
                          "Original Hash Batches": 1,
                          "Peak Memory Usage": 13,
                          "Plans": [
                            {
                              "Node Type": "Seq Scan",
                              "Parent Relationship": "Outer",
                              "Relation Name": "date_dim",
                              "Alias": "date_dim",
                              "Startup Cost": 0.00,
                              "Total Cost": 2500.73,
                              "Plan Rows": 31,
                              "Plan Width": 118,
                              "Actual Startup Time": 6.343,
                              "Actual Total Time": 12.872,
                              "Actual Rows": 31,
                              "Actual Loops": 1,
                              "Filter": "((d_year = 1998) AND (d_moy = 8))",
                              "Rows Removed by Filter": 73018
                            }
                          ]
                        }
                      ]
                    }
                  ]
                }
              ]
            }
          ]
        }
      ]
    },
    "Planning Time": 1.756,
    "Triggers": [
    ],
    "Execution Time": 2476.017
  }
]
