[
  {
    "Plan": {
      "Node Type": "Hash Join",
      "Join Type": "Inner",
      "Startup Cost": 13235.71,
      "Total Cost": 951522.27,
      "Plan Rows": 3359,
      "Plan Width": 737,
      "Actual Startup Time": 152.604,
      "Actual Total Time": 6304.772,
      "Actual Rows": 76653,
      "Actual Loops": 1,
      "Hash Cond": "(store_sales.ss_item_sk = item.i_item_sk)",
      "Plans": [
        {
          "Node Type": "Hash Join",
          "Parent Relationship": "Outer",
          "Join Type": "Inner",
          "Startup Cost": 2501.11,
          "Total Cost": 938026.72,
          "Plan Rows": 11297,
          "Plan Width": 233,
          "Actual Startup Time": 20.407,
          "Actual Total Time": 5757.146,
          "Actual Rows": 256238,
          "Actual Loops": 1,
          "Hash Cond": "(store_sales.ss_sold_date_sk = date_dim.d_date_sk)",
          "Plans": [
            {
              "Node Type": "Seq Scan",
              "Parent Relationship": "Outer",
              "Relation Name": "store_sales",
              "Alias": "store_sales",
              "Startup Cost": 0.00,
              "Total Cost": 827408.92,
              "Plan Rows": 28800992,
              "Plan Width": 115,
              "Actual Startup Time": 0.367,
              "Actual Total Time": 3582.883,
              "Actual Rows": 26228373,
              "Actual Loops": 1
            },
            {
              "Node Type": "Hash",
              "Parent Relationship": "Inner",
              "Startup Cost": 2500.73,
              "Total Cost": 2500.73,
              "Plan Rows": 30,
              "Plan Width": 118,
              "Actual Startup Time": 19.335,
              "Actual Total Time": 19.335,
              "Actual Rows": 31,
              "Actual Loops": 1,
              "Hash Buckets": 1024,
              "Original Hash Buckets": 1024,
              "Hash Batches": 1,
              "Original Hash Batches": 1,
              "Peak Memory Usage": 13,
              "Plans": [
                {
                  "Node Type": "Seq Scan",
                  "Parent Relationship": "Outer",
                  "Relation Name": "date_dim",
                  "Alias": "date_dim",
                  "Startup Cost": 0.00,
                  "Total Cost": 2500.73,
                  "Plan Rows": 30,
                  "Plan Width": 118,
                  "Actual Startup Time": 8.569,
                  "Actual Total Time": 19.299,
                  "Actual Rows": 31,
                  "Actual Loops": 1,
                  "Filter": "((d_date >= '1999-04-26'::date) AND (d_date <= '1999-05-26'::date))",
                  "Rows Removed by Filter": 73018
                }
              ]
            }
          ]
        },
        {
          "Node Type": "Hash",
          "Parent Relationship": "Inner",
          "Startup Cost": 8400.50,
          "Total Cost": 8400.50,
          "Plan Rows": 30328,
          "Plan Width": 504,
          "Actual Startup Time": 130.979,
          "Actual Total Time": 130.979,
          "Actual Rows": 30440,
          "Actual Loops": 1,
          "Hash Buckets": 8192,
          "Original Hash Buckets": 8192,
          "Hash Batches": 8,
          "Original Hash Batches": 8,
          "Peak Memory Usage": 2153,
          "Plans": [
            {
              "Node Type": "Seq Scan",
              "Parent Relationship": "Outer",
              "Relation Name": "item",
              "Alias": "item",
              "Startup Cost": 0.00,
              "Total Cost": 8400.50,
              "Plan Rows": 30328,
              "Plan Width": 504,
              "Actual Startup Time": 0.010,
              "Actual Total Time": 83.217,
              "Actual Rows": 30440,
              "Actual Loops": 1,
              "Filter": "(i_category = ANY ('{Music,Jewelry,Women}'::bpchar[]))",
              "Rows Removed by Filter": 71560
            }
          ]
        }
      ]
    },
    "Planning Time": 1.410,
    "Triggers": [
    ],
    "Execution Time": 6308.109
  }
]
