[
  {
    "Plan": {
      "Node Type": "Hash Join",
      "Join Type": "Inner",
      "Startup Cost": 2504.83,
      "Total Cost": 939152.61,
      "Plan Rows": 123514,
      "Plan Width": 233,
      "Actual Startup Time": 16.830,
      "Actual Total Time": 8127.581,
      "Actual Rows": 5254937,
      "Actual Loops": 1,
      "Hash Cond": "(store_sales.ss_sold_date_sk = d1.d_date_sk)",
      "Plans": [
        {
          "Node Type": "Seq Scan",
          "Parent Relationship": "Outer",
          "Relation Name": "store_sales",
          "Alias": "store_sales",
          "Startup Cost": 0.00,
          "Total Cost": 827408.92,
          "Plan Rows": 28800992,
          "Plan Width": 115,
          "Actual Startup Time": 0.348,
          "Actual Total Time": 3584.900,
          "Actual Rows": 26228373,
          "Actual Loops": 1
        },
        {
          "Node Type": "Hash",
          "Parent Relationship": "Inner",
          "Startup Cost": 2500.73,
          "Total Cost": 2500.73,
          "Plan Rows": 328,
          "Plan Width": 118,
          "Actual Startup Time": 16.008,
          "Actual Total Time": 16.008,
          "Actual Rows": 365,
          "Actual Loops": 1,
          "Hash Buckets": 1024,
          "Original Hash Buckets": 1024,
          "Hash Batches": 1,
          "Original Hash Batches": 1,
          "Peak Memory Usage": 63,
          "Plans": [
            {
              "Node Type": "Seq Scan",
              "Parent Relationship": "Outer",
              "Relation Name": "date_dim",
              "Alias": "d1",
              "Startup Cost": 0.00,
              "Total Cost": 2500.73,
              "Plan Rows": 328,
              "Plan Width": 118,
              "Actual Startup Time": 6.158,
              "Actual Total Time": 15.942,
              "Actual Rows": 365,
              "Actual Loops": 1,
              "Filter": "((d_month_seq >= 1181) AND (d_month_seq <= 1192))",
              "Rows Removed by Filter": 72684
            }
          ]
        }
      ]
    },
    "Planning Time": 0.865,
    "Triggers": [
    ],
    "Execution Time": 8312.986
  }
]
