[
  {
    "Plan": {
      "Node Type": "Hash Join",
      "Join Type": "Inner",
      "Startup Cost": 2505.15,
      "Total Cost": 939247.07,
      "Plan Rows": 132928,
      "Plan Width": 233,
      "Actual Startup Time": 14.693,
      "Actual Total Time": 7713.031,
      "Actual Rows": 5230644,
      "Actual Loops": 1,
      "Hash Cond": "(store_sales.ss_sold_date_sk = date_dim.d_date_sk)",
      "Plans": [
        {
          "Node Type": "Seq Scan",
          "Parent Relationship": "Outer",
          "Relation Name": "store_sales",
          "Alias": "store_sales",
          "Startup Cost": 0.00,
          "Total Cost": 827408.92,
          "Plan Rows": 28800992,
          "Plan Width": 115,
          "Actual Startup Time": 0.393,
          "Actual Total Time": 3383.114,
          "Actual Rows": 26228373,
          "Actual Loops": 1
        },
        {
          "Node Type": "Hash",
          "Parent Relationship": "Inner",
          "Startup Cost": 2500.73,
          "Total Cost": 2500.73,
          "Plan Rows": 353,
          "Plan Width": 118,
          "Actual Startup Time": 14.240,
          "Actual Total Time": 14.240,
          "Actual Rows": 365,
          "Actual Loops": 1,
          "Hash Buckets": 1024,
          "Original Hash Buckets": 1024,
          "Hash Batches": 1,
          "Original Hash Batches": 1,
          "Peak Memory Usage": 63,
          "Plans": [
            {
              "Node Type": "Seq Scan",
              "Parent Relationship": "Outer",
              "Relation Name": "date_dim",
              "Alias": "date_dim",
              "Startup Cost": 0.00,
              "Total Cost": 2500.73,
              "Plan Rows": 353,
              "Plan Width": 118,
              "Actual Startup Time": 6.750,
              "Actual Total Time": 14.144,
              "Actual Rows": 365,
              "Actual Loops": 1,
              "Filter": "((d_month_seq >= 1202) AND (d_month_seq <= 1213))",
              "Rows Removed by Filter": 72684
            }
          ]
        }
      ]
    },
    "Planning Time": 0.957,
    "Triggers": [
    ],
    "Execution Time": 7885.834
  }
]
