[
  {
    "Plan": {
      "Node Type": "Hash Join",
      "Join Type": "Inner",
      "Startup Cost": 5826.46,
      "Total Cost": 295879.73,
      "Plan Rows": 1196,
      "Plan Width": 799,
      "Actual Startup Time": 83.422,
      "Actual Total Time": 3400.250,
      "Actual Rows": 65337,
      "Actual Loops": 1,
      "Hash Cond": "(web_sales.ws_sold_time_sk = time_dim.t_time_sk)",
      "Plans": [
        {
          "Node Type": "Hash Join",
          "Parent Relationship": "Outer",
          "Join Type": "Inner",
          "Startup Cost": 2323.95,
          "Total Cost": 291269.78,
          "Plan Rows": 3594,
          "Plan Width": 696,
          "Actual Startup Time": 17.467,
          "Actual Total Time": 3138.181,
          "Actual Rows": 144172,
          "Actual Loops": 1,
          "Hash Cond": "(web_sales.ws_ship_mode_sk = ship_mode.sm_ship_mode_sk)",
          "Plans": [
            {
              "Node Type": "Hash Join",
              "Parent Relationship": "Outer",
              "Join Type": "Inner",
              "Startup Cost": 2322.68,
              "Total Cost": 291097.74,
              "Plan Rows": 35953,
              "Plan Width": 288,
              "Actual Startup Time": 16.900,
              "Actual Total Time": 2990.432,
              "Actual Rows": 1439470,
              "Actual Loops": 1,
              "Hash Cond": "(web_sales.ws_sold_date_sk = date_dim.d_date_sk)",
              "Plans": [
                {
                  "Node Type": "Seq Scan",
                  "Parent Relationship": "Outer",
                  "Relation Name": "web_sales",
                  "Alias": "web_sales",
                  "Startup Cost": 0.00,
                  "Total Cost": 261424.66,
                  "Plan Rows": 7197566,
                  "Plan Width": 170,
                  "Actual Startup Time": 0.930,
                  "Actual Total Time": 1636.612,
                  "Actual Rows": 7194440,
                  "Actual Loops": 1
                },
                {
                  "Node Type": "Hash",
                  "Parent Relationship": "Inner",
                  "Startup Cost": 2318.11,
                  "Total Cost": 2318.11,
                  "Plan Rows": 365,
                  "Plan Width": 118,
                  "Actual Startup Time": 15.926,
                  "Actual Total Time": 15.926,
                  "Actual Rows": 365,
                  "Actual Loops": 1,
                  "Hash Buckets": 1024,
                  "Original Hash Buckets": 1024,
                  "Hash Batches": 1,
                  "Original Hash Batches": 1,
                  "Peak Memory Usage": 63,
                  "Plans": [
                    {
                      "Node Type": "Seq Scan",
                      "Parent Relationship": "Outer",
                      "Relation Name": "date_dim",
                      "Alias": "date_dim",
                      "Startup Cost": 0.00,
                      "Total Cost": 2318.11,
                      "Plan Rows": 365,
                      "Plan Width": 118,
                      "Actual Startup Time": 8.769,
                      "Actual Total Time": 15.842,
                      "Actual Rows": 365,
                      "Actual Loops": 1,
                      "Filter": "(d_year = 1999)",
                      "Rows Removed by Filter": 72684
                    }
                  ]
                }
              ]
            },
            {
              "Node Type": "Hash",
              "Parent Relationship": "Inner",
              "Startup Cost": 1.25,
              "Total Cost": 1.25,
              "Plan Rows": 2,
              "Plan Width": 408,
              "Actual Startup Time": 0.510,
              "Actual Total Time": 0.510,
              "Actual Rows": 2,
              "Actual Loops": 1,
              "Hash Buckets": 1024,
              "Original Hash Buckets": 1024,
              "Hash Batches": 1,
              "Original Hash Batches": 1,
              "Peak Memory Usage": 9,
              "Plans": [
                {
                  "Node Type": "Seq Scan",
                  "Parent Relationship": "Outer",
                  "Relation Name": "ship_mode",
                  "Alias": "ship_mode",
                  "Startup Cost": 0.00,
                  "Total Cost": 1.25,
                  "Plan Rows": 2,
                  "Plan Width": 408,
                  "Actual Startup Time": 0.488,
                  "Actual Total Time": 0.492,
                  "Actual Rows": 2,
                  "Actual Loops": 1,
                  "Filter": "(sm_carrier = ANY ('{DIAMOND,ZOUROS}'::bpchar[]))",
                  "Rows Removed by Filter": 18
                }
              ]
            }
          ]
        },
        {
          "Node Type": "Hash",
          "Parent Relationship": "Inner",
          "Startup Cost": 2693.00,
          "Total Cost": 2693.00,
          "Plan Rows": 28761,
          "Plan Width": 103,
          "Actual Startup Time": 65.782,
          "Actual Total Time": 65.782,
          "Actual Rows": 28801,
          "Actual Loops": 1,
          "Hash Buckets": 32768,
          "Original Hash Buckets": 32768,
          "Hash Batches": 2,
          "Original Hash Batches": 2,
          "Peak Memory Usage": 2156,
          "Plans": [
            {
              "Node Type": "Seq Scan",
              "Parent Relationship": "Outer",
              "Relation Name": "time_dim",
              "Alias": "time_dim",
              "Startup Cost": 0.00,
              "Total Cost": 2693.00,
              "Plan Rows": 28761,
              "Plan Width": 103,
              "Actual Startup Time": 39.948,
              "Actual Total Time": 54.784,
              "Actual Rows": 28801,
              "Actual Loops": 1,
              "Filter": "((t_time >= 46185) AND (t_time <= 74985))",
              "Rows Removed by Filter": 57599
            }
          ]
        }
      ]
    },
    "Planning Time": 8.457,
    "Triggers": [
    ],
    "Execution Time": 3403.876
  }
]
