[
  {
    "Plan": {
      "Node Type": "Hash Join",
      "Join Type": "Inner",
      "Startup Cost": 5826.46,
      "Total Cost": 585399.97,
      "Plan Rows": 2355,
      "Plan Width": 799,
      "Actual Startup Time": 673.274,
      "Actual Total Time": 5374.429,
      "Actual Rows": 127965,
      "Actual Loops": 1,
      "Hash Cond": "(catalog_sales.cs_sold_time_sk = time_dim.t_time_sk)",
      "Plans": [
        {
          "Node Type": "Hash Join",
          "Parent Relationship": "Outer",
          "Join Type": "Inner",
          "Startup Cost": 2323.95,
          "Total Cost": 580145.23,
          "Plan Rows": 7113,
          "Plan Width": 696,
          "Actual Startup Time": 634.679,
          "Actual Total Time": 4951.513,
          "Actual Rows": 283031,
          "Actual Loops": 1,
          "Hash Cond": "(catalog_sales.cs_ship_mode_sk = ship_mode.sm_ship_mode_sk)",
          "Plans": [
            {
              "Node Type": "Hash Join",
              "Parent Relationship": "Outer",
              "Join Type": "Inner",
              "Startup Cost": 2322.68,
              "Total Cost": 579804.51,
              "Plan Rows": 71550,
              "Plan Width": 288,
              "Actual Startup Time": 634.521,
              "Actual Total Time": 4686.180,
              "Actual Rows": 2837038,
              "Actual Loops": 1,
              "Hash Cond": "(catalog_sales.cs_sold_date_sk = date_dim.d_date_sk)",
              "Plans": [
                {
                  "Node Type": "Seq Scan",
                  "Parent Relationship": "Outer",
                  "Relation Name": "catalog_sales",
                  "Alias": "catalog_sales",
                  "Startup Cost": 0.00,
                  "Total Cost": 522761.61,
                  "Plan Rows": 14401261,
                  "Plan Width": 170,
                  "Actual Startup Time": 0.040,
                  "Actual Total Time": 2162.982,
                  "Actual Rows": 14258808,
                  "Actual Loops": 1
                },
                {
                  "Node Type": "Hash",
                  "Parent Relationship": "Inner",
                  "Startup Cost": 2318.11,
                  "Total Cost": 2318.11,
                  "Plan Rows": 365,
                  "Plan Width": 118,
                  "Actual Startup Time": 16.249,
                  "Actual Total Time": 16.249,
                  "Actual Rows": 365,
                  "Actual Loops": 1,
                  "Hash Buckets": 1024,
                  "Original Hash Buckets": 1024,
                  "Hash Batches": 1,
                  "Original Hash Batches": 1,
                  "Peak Memory Usage": 63,
                  "Plans": [
                    {
                      "Node Type": "Seq Scan",
                      "Parent Relationship": "Outer",
                      "Relation Name": "date_dim",
                      "Alias": "date_dim",
                      "Startup Cost": 0.00,
                      "Total Cost": 2318.11,
                      "Plan Rows": 365,
                      "Plan Width": 118,
                      "Actual Startup Time": 8.462,
                      "Actual Total Time": 16.150,
                      "Actual Rows": 365,
                      "Actual Loops": 1,
                      "Filter": "(d_year = 1999)",
                      "Rows Removed by Filter": 72684
                    }
                  ]
                }
              ]
            },
            {
              "Node Type": "Hash",
              "Parent Relationship": "Inner",
              "Startup Cost": 1.25,
              "Total Cost": 1.25,
              "Plan Rows": 2,
              "Plan Width": 408,
              "Actual Startup Time": 0.024,
              "Actual Total Time": 0.024,
              "Actual Rows": 2,
              "Actual Loops": 1,
              "Hash Buckets": 1024,
              "Original Hash Buckets": 1024,
              "Hash Batches": 1,
              "Original Hash Batches": 1,
              "Peak Memory Usage": 9,
              "Plans": [
                {
                  "Node Type": "Seq Scan",
                  "Parent Relationship": "Outer",
                  "Relation Name": "ship_mode",
                  "Alias": "ship_mode",
                  "Startup Cost": 0.00,
                  "Total Cost": 1.25,
                  "Plan Rows": 2,
                  "Plan Width": 408,
                  "Actual Startup Time": 0.014,
                  "Actual Total Time": 0.017,
                  "Actual Rows": 2,
                  "Actual Loops": 1,
                  "Filter": "(sm_carrier = ANY ('{DIAMOND,ZOUROS}'::bpchar[]))",
                  "Rows Removed by Filter": 18
                }
              ]
            }
          ]
        },
        {
          "Node Type": "Hash",
          "Parent Relationship": "Inner",
          "Startup Cost": 2693.00,
          "Total Cost": 2693.00,
          "Plan Rows": 28761,
          "Plan Width": 103,
          "Actual Startup Time": 35.287,
          "Actual Total Time": 35.287,
          "Actual Rows": 28801,
          "Actual Loops": 1,
          "Hash Buckets": 32768,
          "Original Hash Buckets": 32768,
          "Hash Batches": 2,
          "Original Hash Batches": 2,
          "Peak Memory Usage": 2156,
          "Plans": [
            {
              "Node Type": "Seq Scan",
              "Parent Relationship": "Outer",
              "Relation Name": "time_dim",
              "Alias": "time_dim",
              "Startup Cost": 0.00,
              "Total Cost": 2693.00,
              "Plan Rows": 28761,
              "Plan Width": 103,
              "Actual Startup Time": 18.081,
              "Actual Total Time": 26.847,
              "Actual Rows": 28801,
              "Actual Loops": 1,
              "Filter": "((t_time >= 46185) AND (t_time <= 74985))",
              "Rows Removed by Filter": 57599
            }
          ]
        }
      ]
    },
    "Planning Time": 1.654,
    "Triggers": [
    ],
    "Execution Time": 5380.544
  }
]
