[
  {
    "Plan": {
      "Node Type": "Hash Join",
      "Join Type": "Inner",
      "Startup Cost": 2944.15,
      "Total Cost": 292978.21,
      "Plan Rows": 910,
      "Plan Width": 434,
      "Actual Startup Time": 36.163,
      "Actual Total Time": 2489.272,
      "Actual Rows": 1398,
      "Actual Loops": 1,
      "Hash Cond": "(web_sales.ws_ship_hdemo_sk = household_demographics.hd_demo_sk)",
      "Plans": [
        {
          "Node Type": "Hash Join",
          "Parent Relationship": "Outer",
          "Join Type": "Inner",
          "Startup Cost": 2792.15,
          "Total Cost": 292782.97,
          "Plan Rows": 9104,
          "Plan Width": 402,
          "Actual Startup Time": 26.057,
          "Actual Total Time": 2477.731,
          "Actual Rows": 13615,
          "Actual Loops": 1,
          "Hash Cond": "(web_sales.ws_sold_time_sk = time_dim.t_time_sk)",
          "Plans": [
            {
              "Node Type": "Hash Join",
              "Parent Relationship": "Outer",
              "Join Type": "Inner",
              "Startup Cost": 8.04,
              "Total Cost": 289503.02,
              "Plan Rows": 107945,
              "Plan Width": 299,
              "Actual Startup Time": 0.601,
              "Actual Total Time": 2416.322,
              "Actual Rows": 113906,
              "Actual Loops": 1,
              "Hash Cond": "(web_sales.ws_web_page_sk = web_page.wp_web_page_sk)",
              "Plans": [
                {
                  "Node Type": "Seq Scan",
                  "Parent Relationship": "Outer",
                  "Relation Name": "web_sales",
                  "Alias": "web_sales",
                  "Startup Cost": 0.00,
                  "Total Cost": 261424.66,
                  "Plan Rows": 7197566,
                  "Plan Width": 170,
                  "Actual Startup Time": 0.282,
                  "Actual Total Time": 1490.099,
                  "Actual Rows": 7194440,
                  "Actual Loops": 1
                },
                {
                  "Node Type": "Hash",
                  "Parent Relationship": "Inner",
                  "Startup Cost": 8.00,
                  "Total Cost": 8.00,
                  "Plan Rows": 3,
                  "Plan Width": 129,
                  "Actual Startup Time": 0.157,
                  "Actual Total Time": 0.157,
                  "Actual Rows": 3,
                  "Actual Loops": 1,
                  "Hash Buckets": 1024,
                  "Original Hash Buckets": 1024,
                  "Hash Batches": 1,
                  "Original Hash Batches": 1,
                  "Peak Memory Usage": 9,
                  "Plans": [
                    {
                      "Node Type": "Seq Scan",
                      "Parent Relationship": "Outer",
                      "Relation Name": "web_page",
                      "Alias": "web_page",
                      "Startup Cost": 0.00,
                      "Total Cost": 8.00,
                      "Plan Rows": 3,
                      "Plan Width": 129,
                      "Actual Startup Time": 0.009,
                      "Actual Total Time": 0.152,
                      "Actual Rows": 3,
                      "Actual Loops": 1,
                      "Filter": "((wp_char_count >= 5000) AND (wp_char_count <= 5200))",
                      "Rows Removed by Filter": 197
                    }
                  ]
                }
              ]
            },
            {
              "Node Type": "Hash",
              "Parent Relationship": "Inner",
              "Startup Cost": 2693.00,
              "Total Cost": 2693.00,
              "Plan Rows": 7289,
              "Plan Width": 103,
              "Actual Startup Time": 25.255,
              "Actual Total Time": 25.255,
              "Actual Rows": 7200,
              "Actual Loops": 1,
              "Hash Buckets": 8192,
              "Original Hash Buckets": 8192,
              "Hash Batches": 1,
              "Original Hash Batches": 1,
              "Peak Memory Usage": 989,
              "Plans": [
                {
                  "Node Type": "Seq Scan",
                  "Parent Relationship": "Outer",
                  "Relation Name": "time_dim",
                  "Alias": "time_dim",
                  "Startup Cost": 0.00,
                  "Total Cost": 2693.00,
                  "Plan Rows": 7289,
                  "Plan Width": 103,
                  "Actual Startup Time": 6.984,
                  "Actual Total Time": 23.029,
                  "Actual Rows": 7200,
                  "Actual Loops": 1,
                  "Filter": "((t_hour >= 11) AND (t_hour <= 12))",
                  "Rows Removed by Filter": 79200
                }
              ]
            }
          ]
        },
        {
          "Node Type": "Hash",
          "Parent Relationship": "Inner",
          "Startup Cost": 143.00,
          "Total Cost": 143.00,
          "Plan Rows": 720,
          "Plan Width": 32,
          "Actual Startup Time": 7.661,
          "Actual Total Time": 7.661,
          "Actual Rows": 720,
          "Actual Loops": 1,
          "Hash Buckets": 1024,
          "Original Hash Buckets": 1024,
          "Hash Batches": 1,
          "Original Hash Batches": 1,
          "Peak Memory Usage": 53,
          "Plans": [
            {
              "Node Type": "Seq Scan",
              "Parent Relationship": "Outer",
              "Relation Name": "household_demographics",
              "Alias": "household_demographics",
              "Startup Cost": 0.00,
              "Total Cost": 143.00,
              "Plan Rows": 720,
              "Plan Width": 32,
              "Actual Startup Time": 0.087,
              "Actual Total Time": 7.558,
              "Actual Rows": 720,
              "Actual Loops": 1,
              "Filter": "(hd_dep_count = 8)",
              "Rows Removed by Filter": 6480
            }
          ]
        }
      ]
    },
    "Planning Time": 3.083,
    "Triggers": [
    ],
    "Execution Time": 2489.657
  }
]
