[
  {
    "Plan": {
      "Node Type": "Hash Join",
      "Join Type": "Inner",
      "Startup Cost": 11160.67,
      "Total Cost": 299662.21,
      "Plan Rows": 4,
      "Plan Width": 2145,
      "Actual Startup Time": 358.801,
      "Actual Total Time": 3631.462,
      "Actual Rows": 1306,
      "Actual Loops": 1,
      "Hash Cond": "(ws1.ws_ship_addr_sk = customer_address.ca_address_sk)",
      "Plans": [
        {
          "Node Type": "Hash Join",
          "Parent Relationship": "Outer",
          "Join Type": "Inner",
          "Startup Cost": 2505.05,
          "Total Cost": 291006.00,
          "Plan Rows": 145,
          "Plan Width": 2000,
          "Actual Startup Time": 15.491,
          "Actual Total Time": 3286.974,
          "Actual Rows": 42818,
          "Actual Loops": 1,
          "Hash Cond": "(ws1.ws_web_site_sk = web_site.web_site_sk)",
          "Plans": [
            {
              "Node Type": "Hash Join",
              "Parent Relationship": "Outer",
              "Join Type": "Inner",
              "Startup Cost": 2501.51,
              "Total Cost": 290978.11,
              "Plan Rows": 6107,
              "Plan Width": 288,
              "Actual Startup Time": 13.925,
              "Actual Total Time": 3231.970,
              "Actual Rows": 301190,
              "Actual Loops": 1,
              "Hash Cond": "(ws1.ws_ship_date_sk = date_dim.d_date_sk)",
              "Plans": [
                {
                  "Node Type": "Seq Scan",
                  "Parent Relationship": "Outer",
                  "Relation Name": "web_sales",
                  "Alias": "ws1",
                  "Startup Cost": 0.00,
                  "Total Cost": 261424.66,
                  "Plan Rows": 7197566,
                  "Plan Width": 170,
                  "Actual Startup Time": 0.875,
                  "Actual Total Time": 2269.570,
                  "Actual Rows": 7194440,
                  "Actual Loops": 1
                },
                {
                  "Node Type": "Hash",
                  "Parent Relationship": "Inner",
                  "Startup Cost": 2500.73,
                  "Total Cost": 2500.73,
                  "Plan Rows": 62,
                  "Plan Width": 118,
                  "Actual Startup Time": 12.586,
                  "Actual Total Time": 12.586,
                  "Actual Rows": 61,
                  "Actual Loops": 1,
                  "Hash Buckets": 1024,
                  "Original Hash Buckets": 1024,
                  "Hash Batches": 1,
                  "Original Hash Batches": 1,
                  "Peak Memory Usage": 18,
                  "Plans": [
                    {
                      "Node Type": "Seq Scan",
                      "Parent Relationship": "Outer",
                      "Relation Name": "date_dim",
                      "Alias": "date_dim",
                      "Startup Cost": 0.00,
                      "Total Cost": 2500.73,
                      "Plan Rows": 62,
                      "Plan Width": 118,
                      "Actual Startup Time": 5.813,
                      "Actual Total Time": 12.575,
                      "Actual Rows": 61,
                      "Actual Loops": 1,
                      "Filter": "((d_date >= '2000-02-01'::date) AND (d_date <= '2000-04-01'::date))",
                      "Rows Removed by Filter": 72988
                    }
                  ]
                }
              ]
            },
            {
              "Node Type": "Hash",
              "Parent Relationship": "Inner",
              "Startup Cost": 3.52,
              "Total Cost": 3.52,
              "Plan Rows": 1,
              "Plan Width": 1712,
              "Actual Startup Time": 1.534,
              "Actual Total Time": 1.534,
              "Actual Rows": 8,
              "Actual Loops": 1,
              "Hash Buckets": 1024,
              "Original Hash Buckets": 1024,
              "Hash Batches": 1,
              "Original Hash Batches": 1,
              "Peak Memory Usage": 12,
              "Plans": [
                {
                  "Node Type": "Seq Scan",
                  "Parent Relationship": "Outer",
                  "Relation Name": "web_site",
                  "Alias": "web_site",
                  "Startup Cost": 0.00,
                  "Total Cost": 3.52,
                  "Plan Rows": 1,
                  "Plan Width": 1712,
                  "Actual Startup Time": 0.529,
                  "Actual Total Time": 1.515,
                  "Actual Rows": 8,
                  "Actual Loops": 1,
                  "Filter": "(web_company_name = 'pri'::bpchar)",
                  "Rows Removed by Filter": 34
                }
              ]
            }
          ]
        },
        {
          "Node Type": "Hash",
          "Parent Relationship": "Inner",
          "Startup Cost": 8560.00,
          "Total Cost": 8560.00,
          "Plan Rows": 7650,
          "Plan Width": 145,
          "Actual Startup Time": 332.706,
          "Actual Total Time": 332.706,
          "Actual Rows": 7385,
          "Actual Loops": 1,
          "Hash Buckets": 8192,
          "Original Hash Buckets": 8192,
          "Hash Batches": 1,
          "Original Hash Batches": 1,
          "Peak Memory Usage": 1343,
          "Plans": [
            {
              "Node Type": "Seq Scan",
              "Parent Relationship": "Outer",
              "Relation Name": "customer_address",
              "Alias": "customer_address",
              "Startup Cost": 0.00,
              "Total Cost": 8560.00,
              "Plan Rows": 7650,
              "Plan Width": 145,
              "Actual Startup Time": 0.011,
              "Actual Total Time": 328.794,
              "Actual Rows": 7385,
              "Actual Loops": 1,
              "Filter": "(ca_state = 'NE'::bpchar)",
              "Rows Removed by Filter": 242615
            }
          ]
        }
      ]
    },
    "Planning Time": 2.604,
    "Triggers": [
    ],
    "Execution Time": 3631.903
  }
]
