[
  {
    "Plan": {
      "Node Type": "Hash Join",
      "Join Type": "Inner",
      "Startup Cost": 10668.75,
      "Total Cost": 946447.05,
      "Plan Rows": 2012,
      "Plan Width": 737,
      "Actual Startup Time": 72.344,
      "Actual Total Time": 5763.166,
      "Actual Rows": 1313,
      "Actual Loops": 1,
      "Hash Cond": "(store_sales.ss_sold_date_sk = dt.d_date_sk)",
      "Plans": [
        {
          "Node Type": "Hash Join",
          "Parent Relationship": "Outer",
          "Join Type": "Inner",
          "Startup Cost": 8274.11,
          "Total Cost": 943938.05,
          "Plan Rows": 25130,
          "Plan Width": 619,
          "Actual Startup Time": 55.403,
          "Actual Total Time": 5741.877,
          "Actual Rows": 8056,
          "Actual Loops": 1,
          "Hash Cond": "(store_sales.ss_item_sk = item.i_item_sk)",
          "Plans": [
            {
              "Node Type": "Seq Scan",
              "Parent Relationship": "Outer",
              "Relation Name": "store_sales",
              "Alias": "store_sales",
              "Startup Cost": 0.00,
              "Total Cost": 827408.92,
              "Plan Rows": 28800992,
              "Plan Width": 115,
              "Actual Startup Time": 0.030,
              "Actual Total Time": 3502.647,
              "Actual Rows": 26228373,
              "Actual Loops": 1
            },
            {
              "Node Type": "Hash",
              "Parent Relationship": "Inner",
              "Startup Cost": 8273.00,
              "Total Cost": 8273.00,
              "Plan Rows": 89,
              "Plan Width": 504,
              "Actual Startup Time": 54.510,
              "Actual Total Time": 54.510,
              "Actual Rows": 29,
              "Actual Loops": 1,
              "Hash Buckets": 1024,
              "Original Hash Buckets": 1024,
              "Hash Batches": 1,
              "Original Hash Batches": 1,
              "Peak Memory Usage": 24,
              "Plans": [
                {
                  "Node Type": "Seq Scan",
                  "Parent Relationship": "Outer",
                  "Relation Name": "item",
                  "Alias": "item",
                  "Startup Cost": 0.00,
                  "Total Cost": 8273.00,
                  "Plan Rows": 89,
                  "Plan Width": 504,
                  "Actual Startup Time": 5.367,
                  "Actual Total Time": 54.447,
                  "Actual Rows": 29,
                  "Actual Loops": 1,
                  "Filter": "(i_manufact_id = 783)",
                  "Rows Removed by Filter": 101971
                }
              ]
            }
          ]
        },
        {
          "Node Type": "Hash",
          "Parent Relationship": "Inner",
          "Startup Cost": 2318.11,
          "Total Cost": 2318.11,
          "Plan Rows": 6122,
          "Plan Width": 118,
          "Actual Startup Time": 16.892,
          "Actual Total Time": 16.892,
          "Actual Rows": 6000,
          "Actual Loops": 1,
          "Hash Buckets": 8192,
          "Original Hash Buckets": 8192,
          "Hash Batches": 1,
          "Original Hash Batches": 1,
          "Peak Memory Usage": 967,
          "Plans": [
            {
              "Node Type": "Seq Scan",
              "Parent Relationship": "Outer",
              "Relation Name": "date_dim",
              "Alias": "dt",
              "Startup Cost": 0.00,
              "Total Cost": 2318.11,
              "Plan Rows": 6122,
              "Plan Width": 118,
              "Actual Startup Time": 0.076,
              "Actual Total Time": 15.508,
              "Actual Rows": 6000,
              "Actual Loops": 1,
              "Filter": "(d_moy = 11)",
              "Rows Removed by Filter": 67049
            }
          ]
        }
      ]
    },
    "Planning Time": 1.393,
    "Triggers": [
    ],
    "Execution Time": 5763.558
  }
]
