[
  {
    "Plan": {
      "Node Type": "Hash Join",
      "Join Type": "Inner",
      "Startup Cost": 2504.16,
      "Total Cost": 291189.58,
      "Plan Rows": 26989,
      "Plan Width": 288,
      "Actual Startup Time": 17.343,
      "Actual Total Time": 2081.442,
      "Actual Rows": 802750,
      "Actual Loops": 1,
      "Hash Cond": "(web_sales.ws_sold_date_sk = date_dim.d_date_sk)",
      "Plans": [
        {
          "Node Type": "Seq Scan",
          "Parent Relationship": "Outer",
          "Relation Name": "web_sales",
          "Alias": "web_sales",
          "Startup Cost": 0.00,
          "Total Cost": 261424.66,
          "Plan Rows": 7197566,
          "Plan Width": 170,
          "Actual Startup Time": 0.048,
          "Actual Total Time": 1075.786,
          "Actual Rows": 7194440,
          "Actual Loops": 1
        },
        {
          "Node Type": "Hash",
          "Parent Relationship": "Inner",
          "Startup Cost": 2500.73,
          "Total Cost": 2500.73,
          "Plan Rows": 274,
          "Plan Width": 118,
          "Actual Startup Time": 17.231,
          "Actual Total Time": 17.231,
          "Actual Rows": 274,
          "Actual Loops": 1,
          "Hash Buckets": 1024,
          "Original Hash Buckets": 1024,
          "Hash Batches": 1,
          "Original Hash Batches": 1,
          "Peak Memory Usage": 50,
          "Plans": [
            {
              "Node Type": "Seq Scan",
              "Parent Relationship": "Outer",
              "Relation Name": "date_dim",
              "Alias": "date_dim",
              "Startup Cost": 0.00,
              "Total Cost": 2500.73,
              "Plan Rows": 274,
              "Plan Width": 118,
              "Actual Startup Time": 8.048,
              "Actual Total Time": 17.165,
              "Actual Rows": 274,
              "Actual Loops": 1,
              "Filter": "((d_qoy < 4) AND (d_year = 2001))",
              "Rows Removed by Filter": 72775
            }
          ]
        }
      ]
    },
    "Planning Time": 0.880,
    "Triggers": [
    ],
    "Execution Time": 2109.401
  }
]
