[
  {
    "Plan": {
      "Node Type": "Hash Join",
      "Join Type": "Inner",
      "Startup Cost": 2505.12,
      "Total Cost": 291266.40,
      "Plan Rows": 34574,
      "Plan Width": 288,
      "Actual Startup Time": 13.620,
      "Actual Total Time": 2409.606,
      "Actual Rows": 1441953,
      "Actual Loops": 1,
      "Hash Cond": "(web_sales.ws_sold_date_sk = date_dim.d_date_sk)",
      "Plans": [
        {
          "Node Type": "Seq Scan",
          "Parent Relationship": "Outer",
          "Relation Name": "web_sales",
          "Alias": "web_sales",
          "Startup Cost": 0.00,
          "Total Cost": 261424.66,
          "Plan Rows": 7197566,
          "Plan Width": 170,
          "Actual Startup Time": 0.040,
          "Actual Total Time": 1093.106,
          "Actual Rows": 7194440,
          "Actual Loops": 1
        },
        {
          "Node Type": "Hash",
          "Parent Relationship": "Inner",
          "Startup Cost": 2500.73,
          "Total Cost": 2500.73,
          "Plan Rows": 351,
          "Plan Width": 118,
          "Actual Startup Time": 13.523,
          "Actual Total Time": 13.523,
          "Actual Rows": 366,
          "Actual Loops": 1,
          "Hash Buckets": 1024,
          "Original Hash Buckets": 1024,
          "Hash Batches": 1,
          "Original Hash Batches": 1,
          "Peak Memory Usage": 64,
          "Plans": [
            {
              "Node Type": "Seq Scan",
              "Parent Relationship": "Outer",
              "Relation Name": "date_dim",
              "Alias": "date_dim",
              "Startup Cost": 0.00,
              "Total Cost": 2500.73,
              "Plan Rows": 351,
              "Plan Width": 118,
              "Actual Startup Time": 6.295,
              "Actual Total Time": 13.451,
              "Actual Rows": 366,
              "Actual Loops": 1,
              "Filter": "((d_month_seq >= 1191) AND (d_month_seq <= 1202))",
              "Rows Removed by Filter": 72683
            }
          ]
        }
      ]
    },
    "Planning Time": 0.967,
    "Triggers": [
    ],
    "Execution Time": 2457.463
  }
]
