[
  {
    "Plan": {
      "Node Type": "Hash Join",
      "Join Type": "Inner",
      "Startup Cost": 18373.74,
      "Total Cost": 2741621.67,
      "Plan Rows": 550305,
      "Plan Width": 1408,
      "Actual Startup Time": 9842.725,
      "Actual Total Time": 79267.817,
      "Actual Rows": 27030000,
      "Actual Loops": 1,
      "Hash Cond": "(inventory.inv_warehouse_sk = warehouse.w_warehouse_sk)",
      "Plans": [
        {
          "Node Type": "Hash Join",
          "Parent Relationship": "Outer",
          "Join Type": "Inner",
          "Startup Cost": 18372.51,
          "Total Cost": 2734053.75,
          "Plan Rows": 550305,
          "Plan Width": 642,
          "Actual Startup Time": 9842.295,
          "Actual Total Time": 70039.804,
          "Actual Rows": 27030000,
          "Actual Loops": 1,
          "Hash Cond": "(inventory.inv_item_sk = item.i_item_sk)",
          "Plans": [
            {
              "Node Type": "Hash Join",
              "Parent Relationship": "Outer",
              "Join Type": "Inner",
              "Startup Cost": 2504.51,
              "Total Cost": 2681472.06,
              "Plan Rows": 550305,
              "Plan Width": 138,
              "Actual Startup Time": 9661.380,
              "Actual Total Time": 33582.958,
              "Actual Rows": 27030000,
              "Actual Loops": 1,
              "Hash Cond": "(inventory.inv_date_sk = date_dim.d_date_sk)",
              "Plans": [
                {
                  "Node Type": "Seq Scan",
                  "Parent Relationship": "Outer",
                  "Relation Name": "inventory",
                  "Alias": "inventory",
                  "Startup Cost": 0.00,
                  "Total Cost": 2174302.00,
                  "Plan Rows": 133110000,
                  "Plan Width": 20,
                  "Actual Startup Time": 0.740,
                  "Actual Total Time": 14588.517,
                  "Actual Rows": 133110000,
                  "Actual Loops": 1
                },
                {
                  "Node Type": "Hash",
                  "Parent Relationship": "Inner",
                  "Startup Cost": 2500.73,
                  "Total Cost": 2500.73,
                  "Plan Rows": 302,
                  "Plan Width": 118,
                  "Actual Startup Time": 13.069,
                  "Actual Total Time": 13.069,
                  "Actual Rows": 366,
                  "Actual Loops": 1,
                  "Hash Buckets": 1024,
                  "Original Hash Buckets": 1024,
                  "Hash Batches": 1,
                  "Original Hash Batches": 1,
                  "Peak Memory Usage": 64,
                  "Plans": [
                    {
                      "Node Type": "Seq Scan",
                      "Parent Relationship": "Outer",
                      "Relation Name": "date_dim",
                      "Alias": "date_dim",
                      "Startup Cost": 0.00,
                      "Total Cost": 2500.73,
                      "Plan Rows": 302,
                      "Plan Width": 118,
                      "Actual Startup Time": 6.077,
                      "Actual Total Time": 12.979,
                      "Actual Rows": 366,
                      "Actual Loops": 1,
                      "Filter": "((d_month_seq >= 1199) AND (d_month_seq <= 1210))",
                      "Rows Removed by Filter": 72683
                    }
                  ]
                }
              ]
            },
            {
              "Node Type": "Hash",
              "Parent Relationship": "Inner",
              "Startup Cost": 8018.00,
              "Total Cost": 8018.00,
              "Plan Rows": 102000,
              "Plan Width": 504,
              "Actual Startup Time": 180.682,
              "Actual Total Time": 180.682,
              "Actual Rows": 102000,
              "Actual Loops": 1,
              "Hash Buckets": 8192,
              "Original Hash Buckets": 8192,
              "Hash Batches": 16,
              "Original Hash Batches": 16,
              "Peak Memory Usage": 3548,
              "Plans": [
                {
                  "Node Type": "Seq Scan",
                  "Parent Relationship": "Outer",
                  "Relation Name": "item",
                  "Alias": "item",
                  "Startup Cost": 0.00,
                  "Total Cost": 8018.00,
                  "Plan Rows": 102000,
                  "Plan Width": 504,
                  "Actual Startup Time": 0.008,
                  "Actual Total Time": 46.634,
                  "Actual Rows": 102000,
                  "Actual Loops": 1
                }
              ]
            }
          ]
        },
        {
          "Node Type": "Hash",
          "Parent Relationship": "Inner",
          "Startup Cost": 1.10,
          "Total Cost": 1.10,
          "Plan Rows": 10,
          "Plan Width": 766,
          "Actual Startup Time": 0.402,
          "Actual Total Time": 0.402,
          "Actual Rows": 10,
          "Actual Loops": 1,
          "Hash Buckets": 1024,
          "Original Hash Buckets": 1024,
          "Hash Batches": 1,
          "Original Hash Batches": 1,
          "Peak Memory Usage": 10,
          "Plans": [
            {
              "Node Type": "Seq Scan",
              "Parent Relationship": "Outer",
              "Relation Name": "warehouse",
              "Alias": "warehouse",
              "Startup Cost": 0.00,
              "Total Cost": 1.10,
              "Plan Rows": 10,
              "Plan Width": 766,
              "Actual Startup Time": 0.377,
              "Actual Total Time": 0.378,
              "Actual Rows": 10,
              "Actual Loops": 1
            }
          ]
        }
      ]
    },
    "Planning Time": 2.403,
    "Triggers": [
    ],
    "Execution Time": 80247.893
  }
]
