[
  {
    "Plan": {
      "Node Type": "Hash Join",
      "Join Type": "Inner",
      "Startup Cost": 11913.17,
      "Total Cost": 949261.53,
      "Plan Rows": 4582,
      "Plan Width": 737,
      "Actual Startup Time": 128.627,
      "Actual Total Time": 12827.252,
      "Actual Rows": 593752,
      "Actual Loops": 1,
      "Hash Cond": "(store_sales.ss_item_sk = item.i_item_sk)",
      "Plans": [
        {
          "Node Type": "Hash Join",
          "Parent Relationship": "Outer",
          "Join Type": "Inner",
          "Startup Cost": 2322.68,
          "Total Cost": 939109.78,
          "Plan Rows": 137447,
          "Plan Width": 233,
          "Actual Startup Time": 17.051,
          "Actual Total Time": 8421.543,
          "Actual Rows": 5248714,
          "Actual Loops": 1,
          "Hash Cond": "(store_sales.ss_sold_date_sk = date_dim.d_date_sk)",
          "Plans": [
            {
              "Node Type": "Seq Scan",
              "Parent Relationship": "Outer",
              "Relation Name": "store_sales",
              "Alias": "store_sales",
              "Startup Cost": 0.00,
              "Total Cost": 827408.92,
              "Plan Rows": 28800992,
              "Plan Width": 115,
              "Actual Startup Time": 0.340,
              "Actual Total Time": 3749.146,
              "Actual Rows": 26228373,
              "Actual Loops": 1
            },
            {
              "Node Type": "Hash",
              "Parent Relationship": "Inner",
              "Startup Cost": 2318.11,
              "Total Cost": 2318.11,
              "Plan Rows": 365,
              "Plan Width": 118,
              "Actual Startup Time": 16.671,
              "Actual Total Time": 16.671,
              "Actual Rows": 365,
              "Actual Loops": 1,
              "Hash Buckets": 1024,
              "Original Hash Buckets": 1024,
              "Hash Batches": 1,
              "Original Hash Batches": 1,
              "Peak Memory Usage": 63,
              "Plans": [
                {
                  "Node Type": "Seq Scan",
                  "Parent Relationship": "Outer",
                  "Relation Name": "date_dim",
                  "Alias": "date_dim",
                  "Startup Cost": 0.00,
                  "Total Cost": 2318.11,
                  "Plan Rows": 365,
                  "Plan Width": 118,
                  "Actual Startup Time": 9.533,
                  "Actual Total Time": 16.606,
                  "Actual Rows": 365,
                  "Actual Loops": 1,
                  "Filter": "(d_year = 2002)",
                  "Rows Removed by Filter": 72684
                }
              ]
            }
          ]
        },
        {
          "Node Type": "Hash",
          "Parent Relationship": "Inner",
          "Startup Cost": 9548.00,
          "Total Cost": 9548.00,
          "Plan Rows": 3400,
          "Plan Width": 504,
          "Actual Startup Time": 110.562,
          "Actual Total Time": 110.562,
          "Actual Rows": 11549,
          "Actual Loops": 1,
          "Hash Buckets": 8192,
          "Original Hash Buckets": 4096,
          "Hash Batches": 2,
          "Original Hash Batches": 1,
          "Peak Memory Usage": 4033,
          "Plans": [
            {
              "Node Type": "Seq Scan",
              "Parent Relationship": "Outer",
              "Relation Name": "item",
              "Alias": "item",
              "Startup Cost": 0.00,
              "Total Cost": 9548.00,
              "Plan Rows": 3400,
              "Plan Width": 504,
              "Actual Startup Time": 0.010,
              "Actual Total Time": 97.436,
              "Actual Rows": 11549,
              "Actual Loops": 1,
              "Filter": "(((i_category = ANY ('{Jewelry,Women,Shoes}'::bpchar[])) AND (i_class = ANY ('{\"mens watch\",dresses,mens}'::bpchar[]))) OR ((i_category = ANY ('{Men,Sports,Music}'::bpchar[])) AND (i_class = ANY ('{sports-apparel,sailing,pop}'::bpchar[]))))",
              "Rows Removed by Filter": 90451
            }
          ]
        }
      ]
    },
    "Planning Time": 1.686,
    "Triggers": [
    ],
    "Execution Time": 12857.119
  }
]
