[
  {
    "Plan": {
      "Node Type": "Hash Join",
      "Join Type": "Inner",
      "Startup Cost": 290983.13,
      "Total Cost": 299928.35,
      "Plan Rows": 887,
      "Plan Width": 792,
      "Actual Startup Time": 1829.451,
      "Actual Total Time": 2015.330,
      "Actual Rows": 21366,
      "Actual Loops": 1,
      "Hash Cond": "(item.i_item_sk = web_sales.ws_item_sk)",
      "Plans": [
        {
          "Node Type": "Seq Scan",
          "Parent Relationship": "Outer",
          "Relation Name": "item",
          "Alias": "item",
          "Startup Cost": 0.00,
          "Total Cost": 8400.50,
          "Plan Rows": 30620,
          "Plan Width": 504,
          "Actual Startup Time": 0.031,
          "Actual Total Time": 75.160,
          "Actual Rows": 30586,
          "Actual Loops": 1,
          "Filter": "(i_category = ANY ('{Children,Sports,Music}'::bpchar[]))",
          "Rows Removed by Filter": 71414
        },
        {
          "Node Type": "Hash",
          "Parent Relationship": "Inner",
          "Startup Cost": 290946.19,
          "Total Cost": 290946.19,
          "Plan Rows": 2955,
          "Plan Width": 288,
          "Actual Startup Time": 1829.161,
          "Actual Total Time": 1829.161,
          "Actual Rows": 71466,
          "Actual Loops": 1,
          "Hash Buckets": 16384,
          "Original Hash Buckets": 4096,
          "Hash Batches": 8,
          "Original Hash Batches": 1,
          "Peak Memory Usage": 3969,
          "Plans": [
            {
              "Node Type": "Hash Join",
              "Parent Relationship": "Outer",
              "Join Type": "Inner",
              "Startup Cost": 2501.11,
              "Total Cost": 290946.19,
              "Plan Rows": 2955,
              "Plan Width": 288,
              "Actual Startup Time": 15.198,
              "Actual Total Time": 1686.601,
              "Actual Rows": 71466,
              "Actual Loops": 1,
              "Hash Cond": "(web_sales.ws_sold_date_sk = date_dim.d_date_sk)",
              "Plans": [
                {
                  "Node Type": "Seq Scan",
                  "Parent Relationship": "Outer",
                  "Relation Name": "web_sales",
                  "Alias": "web_sales",
                  "Startup Cost": 0.00,
                  "Total Cost": 261424.66,
                  "Plan Rows": 7197566,
                  "Plan Width": 170,
                  "Actual Startup Time": 0.037,
                  "Actual Total Time": 1093.651,
                  "Actual Rows": 7194440,
                  "Actual Loops": 1
                },
                {
                  "Node Type": "Hash",
                  "Parent Relationship": "Inner",
                  "Startup Cost": 2500.73,
                  "Total Cost": 2500.73,
                  "Plan Rows": 30,
                  "Plan Width": 118,
                  "Actual Startup Time": 15.076,
                  "Actual Total Time": 15.076,
                  "Actual Rows": 31,
                  "Actual Loops": 1,
                  "Hash Buckets": 1024,
                  "Original Hash Buckets": 1024,
                  "Hash Batches": 1,
                  "Original Hash Batches": 1,
                  "Peak Memory Usage": 13,
                  "Plans": [
                    {
                      "Node Type": "Seq Scan",
                      "Parent Relationship": "Outer",
                      "Relation Name": "date_dim",
                      "Alias": "date_dim",
                      "Startup Cost": 0.00,
                      "Total Cost": 2500.73,
                      "Plan Rows": 30,
                      "Plan Width": 118,
                      "Actual Startup Time": 8.168,
                      "Actual Total Time": 15.066,
                      "Actual Rows": 31,
                      "Actual Loops": 1,
                      "Filter": "((d_date >= '2002-04-01'::date) AND (d_date <= '2002-05-01'::date))",
                      "Rows Removed by Filter": 73018
                    }
                  ]
                }
              ]
            }
          ]
        }
      ]
    },
    "Planning Time": 2.572,
    "Triggers": [
    ],
    "Execution Time": 2016.440
  }
]
