[
  {
    "Plan": {
      "Node Type": "Hash Join",
      "Join Type": "Inner",
      "Startup Cost": 2969.88,
      "Total Cost": 947613.55,
      "Plan Rows": 11730,
      "Plan Width": 537,
      "Actual Startup Time": 23.653,
      "Actual Total Time": 6051.787,
      "Actual Rows": 24368,
      "Actual Loops": 1,
      "Hash Cond": "(store_sales.ss_hdemo_sk = household_demographics.hd_demo_sk)",
      "Plans": [
        {
          "Node Type": "Hash Join",
          "Parent Relationship": "Outer",
          "Join Type": "Inner",
          "Startup Cost": 2722.48,
          "Total Cost": 946961.10,
          "Plan Rows": 76734,
          "Plan Width": 505,
          "Actual Startup Time": 20.673,
          "Actual Total Time": 6031.118,
          "Actual Rows": 142926,
          "Actual Loops": 1,
          "Hash Cond": "(store_sales.ss_store_sk = store.s_store_sk)",
          "Plans": [
            {
              "Node Type": "Hash Join",
              "Parent Relationship": "Outer",
              "Join Type": "Inner",
              "Startup Cost": 2716.03,
              "Total Cost": 943989.49,
              "Plan Rows": 586083,
              "Plan Width": 218,
              "Actual Startup Time": 20.135,
              "Actual Total Time": 5907.203,
              "Actual Rows": 1049225,
              "Actual Loops": 1,
              "Hash Cond": "(store_sales.ss_sold_time_sk = time_dim.t_time_sk)",
              "Plans": [
                {
                  "Node Type": "Seq Scan",
                  "Parent Relationship": "Outer",
                  "Relation Name": "store_sales",
                  "Alias": "store_sales",
                  "Startup Cost": 0.00,
                  "Total Cost": 827408.92,
                  "Plan Rows": 28800992,
                  "Plan Width": 115,
                  "Actual Startup Time": 0.023,
                  "Actual Total Time": 3353.122,
                  "Actual Rows": 26228373,
                  "Actual Loops": 1
                },
                {
                  "Node Type": "Hash",
                  "Parent Relationship": "Inner",
                  "Startup Cost": 2693.00,
                  "Total Cost": 2693.00,
                  "Plan Rows": 1842,
                  "Plan Width": 103,
                  "Actual Startup Time": 20.034,
                  "Actual Total Time": 20.034,
                  "Actual Rows": 1800,
                  "Actual Loops": 1,
                  "Hash Buckets": 2048,
                  "Original Hash Buckets": 2048,
                  "Hash Batches": 1,
                  "Original Hash Batches": 1,
                  "Peak Memory Usage": 259,
                  "Plans": [
                    {
                      "Node Type": "Seq Scan",
                      "Parent Relationship": "Outer",
                      "Relation Name": "time_dim",
                      "Alias": "time_dim",
                      "Startup Cost": 0.00,
                      "Total Cost": 2693.00,
                      "Plan Rows": 1842,
                      "Plan Width": 103,
                      "Actual Startup Time": 9.234,
                      "Actual Total Time": 19.669,
                      "Actual Rows": 1800,
                      "Actual Loops": 1,
                      "Filter": "((t_minute >= 30) AND (t_hour = 9))",
                      "Rows Removed by Filter": 84600
                    }
                  ]
                }
              ]
            },
            {
              "Node Type": "Hash",
              "Parent Relationship": "Inner",
              "Startup Cost": 6.28,
              "Total Cost": 6.28,
              "Plan Rows": 14,
              "Plan Width": 287,
              "Actual Startup Time": 0.054,
              "Actual Total Time": 0.054,
              "Actual Rows": 14,
              "Actual Loops": 1,
              "Hash Buckets": 1024,
              "Original Hash Buckets": 1024,
              "Hash Batches": 1,
              "Original Hash Batches": 1,
              "Peak Memory Usage": 13,
              "Plans": [
                {
                  "Node Type": "Seq Scan",
                  "Parent Relationship": "Outer",
                  "Relation Name": "store",
                  "Alias": "store",
                  "Startup Cost": 0.00,
                  "Total Cost": 6.28,
                  "Plan Rows": 14,
                  "Plan Width": 287,
                  "Actual Startup Time": 0.005,
                  "Actual Total Time": 0.046,
                  "Actual Rows": 14,
                  "Actual Loops": 1,
                  "Filter": "((s_store_name)::text = 'ese'::text)",
                  "Rows Removed by Filter": 88
                }
              ]
            }
          ]
        },
        {
          "Node Type": "Hash",
          "Parent Relationship": "Inner",
          "Startup Cost": 233.00,
          "Total Cost": 233.00,
          "Plan Rows": 1152,
          "Plan Width": 32,
          "Actual Startup Time": 1.389,
          "Actual Total Time": 1.389,
          "Actual Rows": 1200,
          "Actual Loops": 1,
          "Hash Buckets": 2048,
          "Original Hash Buckets": 2048,
          "Hash Batches": 1,
          "Original Hash Batches": 1,
          "Peak Memory Usage": 91,
          "Plans": [
            {
              "Node Type": "Seq Scan",
              "Parent Relationship": "Outer",
              "Relation Name": "household_demographics",
              "Alias": "household_demographics",
              "Startup Cost": 0.00,
              "Total Cost": 233.00,
              "Plan Rows": 1152,
              "Plan Width": 32,
              "Actual Startup Time": 0.009,
              "Actual Total Time": 1.222,
              "Actual Rows": 1200,
              "Actual Loops": 1,
              "Filter": "(((hd_dep_count = 4) AND (hd_vehicle_count <= 6)) OR ((hd_dep_count = '-1'::integer) AND (hd_vehicle_count <= 1)) OR ((hd_dep_count = 0) AND (hd_vehicle_count <= 2)))",
              "Rows Removed by Filter": 6000
            }
          ]
        }
      ]
    },
    "Planning Time": 1.510,
    "Triggers": [
    ],
    "Execution Time": 6052.941
  }
]
