[
  {
    "Plan": {
      "Node Type": "Hash Join",
      "Join Type": "Inner",
      "Startup Cost": 11594.83,
      "Total Cost": 948171.16,
      "Plan Rows": 158,
      "Plan Width": 1191,
      "Actual Startup Time": 104.067,
      "Actual Total Time": 6584.389,
      "Actual Rows": 14179,
      "Actual Loops": 1,
      "Hash Cond": "(store_sales.ss_item_sk = item.i_item_sk)",
      "Plans": [
        {
          "Node Type": "Hash Join",
          "Parent Relationship": "Outer",
          "Join Type": "Inner",
          "Startup Cost": 2532.66,
          "Total Cost": 938166.53,
          "Plan Rows": 1568,
          "Plan Width": 687,
          "Actual Startup Time": 31.929,
          "Actual Total Time": 6237.169,
          "Actual Rows": 141824,
          "Actual Loops": 1,
          "Hash Cond": "(store_sales.ss_promo_sk = promotion.p_promo_sk)",
          "Plans": [
            {
              "Node Type": "Hash Join",
              "Parent Relationship": "Outer",
              "Join Type": "Inner",
              "Startup Cost": 2507.77,
              "Total Cost": 938113.68,
              "Plan Rows": 3275,
              "Plan Width": 520,
              "Actual Startup Time": 23.394,
              "Actual Total Time": 6128.709,
              "Actual Rows": 281895,
              "Actual Loops": 1,
              "Hash Cond": "(store_sales.ss_store_sk = store.s_store_sk)",
              "Plans": [
                {
                  "Node Type": "Hash Join",
                  "Parent Relationship": "Outer",
                  "Join Type": "Inner",
                  "Startup Cost": 2501.12,
                  "Total Cost": 938030.50,
                  "Plan Rows": 11674,
                  "Plan Width": 233,
                  "Actual Startup Time": 22.644,
                  "Actual Total Time": 5951.681,
                  "Actual Rows": 841056,
                  "Actual Loops": 1,
                  "Hash Cond": "(store_sales.ss_sold_date_sk = date_dim.d_date_sk)",
                  "Plans": [
                    {
                      "Node Type": "Seq Scan",
                      "Parent Relationship": "Outer",
                      "Relation Name": "store_sales",
                      "Alias": "store_sales",
                      "Startup Cost": 0.00,
                      "Total Cost": 827408.92,
                      "Plan Rows": 28800992,
                      "Plan Width": 115,
                      "Actual Startup Time": 0.028,
                      "Actual Total Time": 3538.593,
                      "Actual Rows": 26228373,
                      "Actual Loops": 1
                    },
                    {
                      "Node Type": "Hash",
                      "Parent Relationship": "Inner",
                      "Startup Cost": 2500.73,
                      "Total Cost": 2500.73,
                      "Plan Rows": 31,
                      "Plan Width": 118,
                      "Actual Startup Time": 22.432,
                      "Actual Total Time": 22.432,
                      "Actual Rows": 30,
                      "Actual Loops": 1,
                      "Hash Buckets": 1024,
                      "Original Hash Buckets": 1024,
                      "Hash Batches": 1,
                      "Original Hash Batches": 1,
                      "Peak Memory Usage": 13,
                      "Plans": [
                        {
                          "Node Type": "Seq Scan",
                          "Parent Relationship": "Outer",
                          "Relation Name": "date_dim",
                          "Alias": "date_dim",
                          "Startup Cost": 0.00,
                          "Total Cost": 2500.73,
                          "Plan Rows": 31,
                          "Plan Width": 118,
                          "Actual Startup Time": 14.136,
                          "Actual Total Time": 22.420,
                          "Actual Rows": 30,
                          "Actual Loops": 1,
                          "Filter": "((d_year = 2000) AND (d_moy = 11))",
                          "Rows Removed by Filter": 73019
                        }
                      ]
                    }
                  ]
                },
                {
                  "Node Type": "Hash",
                  "Parent Relationship": "Inner",
                  "Startup Cost": 6.28,
                  "Total Cost": 6.28,
                  "Plan Rows": 30,
                  "Plan Width": 287,
                  "Actual Startup Time": 0.186,
                  "Actual Total Time": 0.186,
                  "Actual Rows": 30,
                  "Actual Loops": 1,
                  "Hash Buckets": 1024,
                  "Original Hash Buckets": 1024,
                  "Hash Batches": 1,
                  "Original Hash Batches": 1,
                  "Peak Memory Usage": 18,
                  "Plans": [
                    {
                      "Node Type": "Seq Scan",
                      "Parent Relationship": "Outer",
                      "Relation Name": "store",
                      "Alias": "store",
                      "Startup Cost": 0.00,
                      "Total Cost": 6.28,
                      "Plan Rows": 30,
                      "Plan Width": 287,
                      "Actual Startup Time": 0.024,
                      "Actual Total Time": 0.161,
                      "Actual Rows": 30,
                      "Actual Loops": 1,
                      "Filter": "(s_gmt_offset = '-5'::numeric)",
                      "Rows Removed by Filter": 72
                    }
                  ]
                }
              ]
            },
            {
              "Node Type": "Hash",
              "Parent Relationship": "Inner",
              "Startup Cost": 21.75,
              "Total Cost": 21.75,
              "Plan Rows": 251,
              "Plan Width": 167,
              "Actual Startup Time": 8.499,
              "Actual Total Time": 8.499,
              "Actual Rows": 251,
              "Actual Loops": 1,
              "Hash Buckets": 1024,
              "Original Hash Buckets": 1024,
              "Hash Batches": 1,
              "Original Hash Batches": 1,
              "Peak Memory Usage": 59,
              "Plans": [
                {
                  "Node Type": "Seq Scan",
                  "Parent Relationship": "Outer",
                  "Relation Name": "promotion",
                  "Alias": "promotion",
                  "Startup Cost": 0.00,
                  "Total Cost": 21.75,
                  "Plan Rows": 251,
                  "Plan Width": 167,
                  "Actual Startup Time": 0.006,
                  "Actual Total Time": 8.292,
                  "Actual Rows": 251,
                  "Actual Loops": 1,
                  "Filter": "((p_channel_dmail = 'Y'::bpchar) OR (p_channel_email = 'Y'::bpchar) OR (p_channel_tv = 'Y'::bpchar))",
                  "Rows Removed by Filter": 249
                }
              ]
            }
          ]
        },
        {
          "Node Type": "Hash",
          "Parent Relationship": "Inner",
          "Startup Cost": 8273.00,
          "Total Cost": 8273.00,
          "Plan Rows": 10254,
          "Plan Width": 504,
          "Actual Startup Time": 71.234,
          "Actual Total Time": 71.234,
          "Actual Rows": 10222,
          "Actual Loops": 1,
          "Hash Buckets": 8192,
          "Original Hash Buckets": 8192,
          "Hash Batches": 2,
          "Original Hash Batches": 2,
          "Peak Memory Usage": 2786,
          "Plans": [
            {
              "Node Type": "Seq Scan",
              "Parent Relationship": "Outer",
              "Relation Name": "item",
              "Alias": "item",
              "Startup Cost": 0.00,
              "Total Cost": 8273.00,
              "Plan Rows": 10254,
              "Plan Width": 504,
              "Actual Startup Time": 0.048,
              "Actual Total Time": 60.566,
              "Actual Rows": 10222,
              "Actual Loops": 1,
              "Filter": "(i_category = 'Electronics'::bpchar)",
              "Rows Removed by Filter": 91778
            }
          ]
        }
      ]
    },
    "Planning Time": 4.984,
    "Triggers": [
    ],
    "Execution Time": 6585.743
  }
]
