[
  {
    "Plan": {
      "Node Type": "Hash Join",
      "Join Type": "Inner",
      "Startup Cost": 673504.27,
      "Total Cost": 683823.57,
      "Plan Rows": 496,
      "Plan Width": 1238,
      "Actual Startup Time": 16043.795,
      "Actual Total Time": 16587.031,
      "Actual Rows": 19894,
      "Actual Loops": 1,
      "Hash Cond": "(customer_address.ca_address_sk = customer.c_current_addr_sk)",
      "Plans": [
        {
          "Node Type": "Seq Scan",
          "Parent Relationship": "Outer",
          "Relation Name": "customer_address",
          "Alias": "customer_address",
          "Startup Cost": 0.00,
          "Total Cost": 10122.50,
          "Plan Rows": 51158,
          "Plan Width": 145,
          "Actual Startup Time": 0.018,
          "Actual Total Time": 175.710,
          "Actual Rows": 50077,
          "Actual Loops": 1,
          "Filter": "(ca_state = ANY ('{TN,IL,GA,MO,CO,OH,NM}'::bpchar[]))",
          "Rows Removed by Filter": 199923
        },
        {
          "Node Type": "Hash",
          "Parent Relationship": "Inner",
          "Startup Cost": 673474.00,
          "Total Cost": 673474.00,
          "Plan Rows": 2422,
          "Plan Width": 1093,
          "Actual Startup Time": 16040.830,
          "Actual Total Time": 16040.830,
          "Actual Rows": 98190,
          "Actual Loops": 1,
          "Hash Buckets": 4096,
          "Original Hash Buckets": 4096,
          "Hash Batches": 32,
          "Original Hash Batches": 1,
          "Peak Memory Usage": 4065,
          "Plans": [
            {
              "Node Type": "Hash Join",
              "Parent Relationship": "Outer",
              "Join Type": "Inner",
              "Startup Cost": 665049.28,
              "Total Cost": 673474.00,
              "Plan Rows": 2422,
              "Plan Width": 1093,
              "Actual Startup Time": 14720.610,
              "Actual Total Time": 15400.172,
              "Actual Rows": 98190,
              "Actual Loops": 1,
              "Hash Cond": "(item.i_item_sk = catalog_sales.cs_item_sk)",
              "Plans": [
                {
                  "Node Type": "Seq Scan",
                  "Parent Relationship": "Outer",
                  "Relation Name": "item",
                  "Alias": "item",
                  "Startup Cost": 0.00,
                  "Total Cost": 8018.00,
                  "Plan Rows": 102000,
                  "Plan Width": 504,
                  "Actual Startup Time": 0.015,
                  "Actual Total Time": 126.404,
                  "Actual Rows": 102000,
                  "Actual Loops": 1
                },
                {
                  "Node Type": "Hash",
                  "Parent Relationship": "Inner",
                  "Startup Cost": 665019.00,
                  "Total Cost": 665019.00,
                  "Plan Rows": 2422,
                  "Plan Width": 589,
                  "Actual Startup Time": 14719.838,
                  "Actual Total Time": 14719.838,
                  "Actual Rows": 98190,
                  "Actual Loops": 1,
                  "Hash Buckets": 8192,
                  "Original Hash Buckets": 4096,
                  "Hash Batches": 16,
                  "Original Hash Batches": 1,
                  "Peak Memory Usage": 4033,
                  "Plans": [
                    {
                      "Node Type": "Hash Join",
                      "Parent Relationship": "Outer",
                      "Join Type": "Inner",
                      "Startup Cost": 640643.73,
                      "Total Cost": 665019.00,
                      "Plan Rows": 2422,
                      "Plan Width": 589,
                      "Actual Startup Time": 13444.257,
                      "Actual Total Time": 14391.575,
                      "Actual Rows": 98190,
                      "Actual Loops": 1,
                      "Hash Cond": "(customer.c_customer_sk = catalog_sales.cs_bill_customer_sk)",
                      "Plans": [
                        {
                          "Node Type": "Seq Scan",
                          "Parent Relationship": "Outer",
                          "Relation Name": "customer",
                          "Alias": "customer",
                          "Startup Cost": 0.00,
                          "Total Cost": 23429.40,
                          "Plan Rows": 245774,
                          "Plan Width": 245,
                          "Actual Startup Time": 0.003,
                          "Actual Total Time": 237.648,
                          "Actual Rows": 242558,
                          "Actual Loops": 1,
                          "Filter": "(c_birth_month = ANY ('{6,5,12,4,3,7}'::integer[]))",
                          "Rows Removed by Filter": 257442
                        },
                        {
                          "Node Type": "Hash",
                          "Parent Relationship": "Inner",
                          "Startup Cost": 640580.60,
                          "Total Cost": 640580.60,
                          "Plan Rows": 5050,
                          "Plan Width": 344,
                          "Actual Startup Time": 13439.584,
                          "Actual Total Time": 13439.584,
                          "Actual Rows": 201638,
                          "Actual Loops": 1,
                          "Hash Buckets": 16384,
                          "Original Hash Buckets": 8192,
                          "Hash Batches": 32,
                          "Original Hash Batches": 1,
                          "Peak Memory Usage": 3969,
                          "Plans": [
                            {
                              "Node Type": "Hash Join",
                              "Parent Relationship": "Outer",
                              "Join Type": "Inner",
                              "Startup Cost": 55996.95,
                              "Total Cost": 640580.60,
                              "Plan Rows": 5050,
                              "Plan Width": 344,
                              "Actual Startup Time": 3385.947,
                              "Actual Total Time": 12982.774,
                              "Actual Rows": 201638,
                              "Actual Loops": 1,
                              "Hash Cond": "(catalog_sales.cs_bill_cdemo_sk = cd1.cd_demo_sk)",
                              "Plans": [
                                {
                                  "Node Type": "Hash Join",
                                  "Parent Relationship": "Outer",
                                  "Join Type": "Inner",
                                  "Startup Cost": 2322.68,
                                  "Total Cost": 579804.51,
                                  "Plan Rows": 71550,
                                  "Plan Width": 288,
                                  "Actual Startup Time": 2614.691,
                                  "Actual Total Time": 7226.287,
                                  "Actual Rows": 2838548,
                                  "Actual Loops": 1,
                                  "Hash Cond": "(catalog_sales.cs_sold_date_sk = date_dim.d_date_sk)",
                                  "Plans": [
                                    {
                                      "Node Type": "Seq Scan",
                                      "Parent Relationship": "Outer",
                                      "Relation Name": "catalog_sales",
                                      "Alias": "catalog_sales",
                                      "Startup Cost": 0.00,
                                      "Total Cost": 522761.61,
                                      "Plan Rows": 14401261,
                                      "Plan Width": 170,
                                      "Actual Startup Time": 0.018,
                                      "Actual Total Time": 3166.785,
                                      "Actual Rows": 14258808,
                                      "Actual Loops": 1
                                    },
                                    {
                                      "Node Type": "Hash",
                                      "Parent Relationship": "Inner",
                                      "Startup Cost": 2318.11,
                                      "Total Cost": 2318.11,
                                      "Plan Rows": 365,
                                      "Plan Width": 118,
                                      "Actual Startup Time": 13.874,
                                      "Actual Total Time": 13.874,
                                      "Actual Rows": 365,
                                      "Actual Loops": 1,
                                      "Hash Buckets": 1024,
                                      "Original Hash Buckets": 1024,
                                      "Hash Batches": 1,
                                      "Original Hash Batches": 1,
                                      "Peak Memory Usage": 63,
                                      "Plans": [
                                        {
                                          "Node Type": "Seq Scan",
                                          "Parent Relationship": "Outer",
                                          "Relation Name": "date_dim",
                                          "Alias": "date_dim",
                                          "Startup Cost": 0.00,
                                          "Total Cost": 2318.11,
                                          "Plan Rows": 365,
                                          "Plan Width": 118,
                                          "Actual Startup Time": 6.994,
                                          "Actual Total Time": 13.808,
                                          "Actual Rows": 365,
                                          "Actual Loops": 1,
                                          "Filter": "(d_year = 2001)",
                                          "Rows Removed by Filter": 72684
                                        }
                                      ]
                                    }
                                  ]
                                },
                                {
                                  "Node Type": "Hash",
                                  "Parent Relationship": "Inner",
                                  "Startup Cost": 50640.00,
                                  "Total Cost": 50640.00,
                                  "Plan Rows": 136262,
                                  "Plan Width": 56,
                                  "Actual Startup Time": 727.684,
                                  "Actual Total Time": 727.684,
                                  "Actual Rows": 137200,
                                  "Actual Loops": 1,
                                  "Hash Buckets": 65536,
                                  "Original Hash Buckets": 65536,
                                  "Hash Batches": 4,
                                  "Original Hash Batches": 4,
                                  "Peak Memory Usage": 3604,
                                  "Plans": [
                                    {
                                      "Node Type": "Seq Scan",
                                      "Parent Relationship": "Outer",
                                      "Relation Name": "customer_demographics",
                                      "Alias": "cd1",
                                      "Startup Cost": 0.00,
                                      "Total Cost": 50640.00,
                                      "Plan Rows": 136262,
                                      "Plan Width": 56,
                                      "Actual Startup Time": 0.015,
                                      "Actual Total Time": 628.575,
                                      "Actual Rows": 137200,
                                      "Actual Loops": 1,
                                      "Filter": "((cd_gender = 'F'::bpchar) AND (cd_education_status = '4 yr Degree'::bpchar))",
                                      "Rows Removed by Filter": 1783600
                                    }
                                  ]
                                }
                              ]
                            }
                          ]
                        }
                      ]
                    }
                  ]
                }
              ]
            }
          ]
        }
      ]
    },
    "Planning Time": 6.546,
    "Triggers": [
    ],
    "Execution Time": 16588.526
  }
]
