[
  {
    "Plan": {
      "Node Type": "Hash Join",
      "Join Type": "Inner",
      "Startup Cost": 2501.12,
      "Total Cost": 90596.09,
      "Plan Rows": 1178,
      "Plan Width": 220,
      "Actual Startup Time": 13.121,
      "Actual Total Time": 737.119,
      "Actual Rows": 32718,
      "Actual Loops": 1,
      "Hash Cond": "(store_returns.sr_returned_date_sk = date_dim.d_date_sk)",
      "Plans": [
        {
          "Node Type": "Seq Scan",
          "Parent Relationship": "Outer",
          "Relation Name": "store_returns",
          "Alias": "store_returns",
          "Startup Cost": 0.00,
          "Total Cost": 77300.32,
          "Plan Rows": 2875432,
          "Plan Width": 102,
          "Actual Startup Time": 0.300,
          "Actual Total Time": 478.795,
          "Actual Rows": 2775158,
          "Actual Loops": 1
        },
        {
          "Node Type": "Hash",
          "Parent Relationship": "Inner",
          "Startup Cost": 2500.73,
          "Total Cost": 2500.73,
          "Plan Rows": 31,
          "Plan Width": 118,
          "Actual Startup Time": 12.785,
          "Actual Total Time": 12.785,
          "Actual Rows": 32,
          "Actual Loops": 1,
          "Hash Buckets": 1024,
          "Original Hash Buckets": 1024,
          "Hash Batches": 1,
          "Original Hash Batches": 1,
          "Peak Memory Usage": 13,
          "Plans": [
            {
              "Node Type": "Seq Scan",
              "Parent Relationship": "Outer",
              "Relation Name": "date_dim",
              "Alias": "date_dim",
              "Startup Cost": 0.00,
              "Total Cost": 2500.73,
              "Plan Rows": 31,
              "Plan Width": 118,
              "Actual Startup Time": 5.810,
              "Actual Total Time": 12.768,
              "Actual Rows": 32,
              "Actual Loops": 1,
              "Filter": "((d_date >= '1998-08-14'::date) AND (d_date <= '1998-09-14'::date))",
              "Rows Removed by Filter": 73017
            }
          ]
        }
      ]
    },
    "Planning Time": 2.441,
    "Triggers": [
    ],
    "Execution Time": 738.443
  }
]
