[
  {
    "Plan": {
      "Node Type": "Hash Join",
      "Join Type": "Inner",
      "Startup Cost": 2327.24,
      "Total Cost": 940488.82,
      "Plan Rows": 274894,
      "Plan Width": 233,
      "Actual Startup Time": 16.899,
      "Actual Total Time": 11402.590,
      "Actual Rows": 10441133,
      "Actual Loops": 1,
      "Hash Cond": "(store_sales.ss_sold_date_sk = date_dim.d_date_sk)",
      "Plans": [
        {
          "Node Type": "Seq Scan",
          "Parent Relationship": "Outer",
          "Relation Name": "store_sales",
          "Alias": "store_sales",
          "Startup Cost": 0.00,
          "Total Cost": 827408.92,
          "Plan Rows": 28800992,
          "Plan Width": 115,
          "Actual Startup Time": 0.052,
          "Actual Total Time": 4294.722,
          "Actual Rows": 26228373,
          "Actual Loops": 1
        },
        {
          "Node Type": "Hash",
          "Parent Relationship": "Inner",
          "Startup Cost": 2318.11,
          "Total Cost": 2318.11,
          "Plan Rows": 730,
          "Plan Width": 118,
          "Actual Startup Time": 16.817,
          "Actual Total Time": 16.817,
          "Actual Rows": 730,
          "Actual Loops": 1,
          "Hash Buckets": 1024,
          "Original Hash Buckets": 1024,
          "Hash Batches": 1,
          "Original Hash Batches": 1,
          "Peak Memory Usage": 118,
          "Plans": [
            {
              "Node Type": "Seq Scan",
              "Parent Relationship": "Outer",
              "Relation Name": "date_dim",
              "Alias": "date_dim",
              "Startup Cost": 0.00,
              "Total Cost": 2318.11,
              "Plan Rows": 730,
              "Plan Width": 118,
              "Actual Startup Time": 7.937,
              "Actual Total Time": 16.606,
              "Actual Rows": 730,
              "Actual Loops": 1,
              "Filter": "(d_year = ANY ('{1998,1999}'::integer[]))",
              "Rows Removed by Filter": 72319
            }
          ]
        }
      ]
    },
    "Planning Time": 1.123,
    "Triggers": [
    ],
    "Execution Time": 11769.552
  }
]
