[
  {
    "Plan": {
      "Node Type": "Hash Join",
      "Join Type": "Inner",
      "Startup Cost": 2327.24,
      "Total Cost": 291461.83,
      "Plan Rows": 71906,
      "Plan Width": 288,
      "Actual Startup Time": 20.549,
      "Actual Total Time": 4979.854,
      "Actual Rows": 2860708,
      "Actual Loops": 1,
      "Hash Cond": "(web_sales.ws_sold_date_sk = date_dim.d_date_sk)",
      "Plans": [
        {
          "Node Type": "Seq Scan",
          "Parent Relationship": "Outer",
          "Relation Name": "web_sales",
          "Alias": "web_sales",
          "Startup Cost": 0.00,
          "Total Cost": 261424.66,
          "Plan Rows": 7197566,
          "Plan Width": 170,
          "Actual Startup Time": 0.037,
          "Actual Total Time": 1735.222,
          "Actual Rows": 7194440,
          "Actual Loops": 1
        },
        {
          "Node Type": "Hash",
          "Parent Relationship": "Inner",
          "Startup Cost": 2318.11,
          "Total Cost": 2318.11,
          "Plan Rows": 730,
          "Plan Width": 118,
          "Actual Startup Time": 20.480,
          "Actual Total Time": 20.480,
          "Actual Rows": 730,
          "Actual Loops": 1,
          "Hash Buckets": 1024,
          "Original Hash Buckets": 1024,
          "Hash Batches": 1,
          "Original Hash Batches": 1,
          "Peak Memory Usage": 118,
          "Plans": [
            {
              "Node Type": "Seq Scan",
              "Parent Relationship": "Outer",
              "Relation Name": "date_dim",
              "Alias": "date_dim",
              "Startup Cost": 0.00,
              "Total Cost": 2318.11,
              "Plan Rows": 730,
              "Plan Width": 118,
              "Actual Startup Time": 8.763,
              "Actual Total Time": 20.267,
              "Actual Rows": 730,
              "Actual Loops": 1,
              "Filter": "(d_year = ANY ('{1998,1999}'::integer[]))",
              "Rows Removed by Filter": 72319
            }
          ]
        }
      ]
    },
    "Planning Time": 1.536,
    "Triggers": [
    ],
    "Execution Time": 5130.204
  }
]
