[
  {
    "Plan": {
      "Node Type": "Hash Join",
      "Join Type": "Inner",
      "Startup Cost": 2501.12,
      "Total Cost": 579328.23,
      "Plan Rows": 6077,
      "Plan Width": 288,
      "Actual Startup Time": 4968.683,
      "Actual Total Time": 5592.728,
      "Actual Rows": 482554,
      "Actual Loops": 1,
      "Hash Cond": "(catalog_sales.cs_sold_date_sk = date_dim.d_date_sk)",
      "Plans": [
        {
          "Node Type": "Seq Scan",
          "Parent Relationship": "Outer",
          "Relation Name": "catalog_sales",
          "Alias": "catalog_sales",
          "Startup Cost": 0.00,
          "Total Cost": 522761.61,
          "Plan Rows": 14401261,
          "Plan Width": 170,
          "Actual Startup Time": 0.027,
          "Actual Total Time": 3364.867,
          "Actual Rows": 14258808,
          "Actual Loops": 1
        },
        {
          "Node Type": "Hash",
          "Parent Relationship": "Inner",
          "Startup Cost": 2500.73,
          "Total Cost": 2500.73,
          "Plan Rows": 31,
          "Plan Width": 118,
          "Actual Startup Time": 23.420,
          "Actual Total Time": 23.420,
          "Actual Rows": 31,
          "Actual Loops": 1,
          "Hash Buckets": 1024,
          "Original Hash Buckets": 1024,
          "Hash Batches": 1,
          "Original Hash Batches": 1,
          "Peak Memory Usage": 13,
          "Plans": [
            {
              "Node Type": "Seq Scan",
              "Parent Relationship": "Outer",
              "Relation Name": "date_dim",
              "Alias": "date_dim",
              "Startup Cost": 0.00,
              "Total Cost": 2500.73,
              "Plan Rows": 31,
              "Plan Width": 118,
              "Actual Startup Time": 12.550,
              "Actual Total Time": 23.396,
              "Actual Rows": 31,
              "Actual Loops": 1,
              "Filter": "((d_moy = 12) AND (d_year = 2002))",
              "Rows Removed by Filter": 73018
            }
          ]
        }
      ]
    },
    "Planning Time": 0.933,
    "Triggers": [
    ],
    "Execution Time": 5620.706
  }
]
