[
  {
    "Plan": {
      "Node Type": "Hash Join",
      "Join Type": "Inner",
      "Startup Cost": 18387.00,
      "Total Cost": 1008901.03,
      "Plan Rows": 550164,
      "Plan Width": 737,
      "Actual Startup Time": 251.962,
      "Actual Total Time": 60948.340,
      "Actual Rows": 20980906,
      "Actual Loops": 1,
      "Hash Cond": "(store_sales.ss_item_sk = item.i_item_sk)",
      "Plans": [
        {
          "Node Type": "Hash Join",
          "Parent Relationship": "Outer",
          "Join Type": "Inner",
          "Startup Cost": 2519.00,
          "Total Cost": 943433.28,
          "Plan Rows": 550164,
          "Plan Width": 233,
          "Actual Startup Time": 16.454,
          "Actual Total Time": 17263.540,
          "Actual Rows": 20980906,
          "Actual Loops": 1,
          "Hash Cond": "(store_sales.ss_sold_date_sk = date_dim.d_date_sk)",
          "Plans": [
            {
              "Node Type": "Seq Scan",
              "Parent Relationship": "Outer",
              "Relation Name": "store_sales",
              "Alias": "store_sales",
              "Startup Cost": 0.00,
              "Total Cost": 827408.92,
              "Plan Rows": 28800992,
              "Plan Width": 115,
              "Actual Startup Time": 0.036,
              "Actual Total Time": 4505.587,
              "Actual Rows": 26228373,
              "Actual Loops": 1
            },
            {
              "Node Type": "Hash",
              "Parent Relationship": "Inner",
              "Startup Cost": 2500.73,
              "Total Cost": 2500.73,
              "Plan Rows": 1461,
              "Plan Width": 118,
              "Actual Startup Time": 16.378,
              "Actual Total Time": 16.378,
              "Actual Rows": 1461,
              "Actual Loops": 1,
              "Hash Buckets": 2048,
              "Original Hash Buckets": 2048,
              "Hash Batches": 1,
              "Original Hash Batches": 1,
              "Peak Memory Usage": 236,
              "Plans": [
                {
                  "Node Type": "Seq Scan",
                  "Parent Relationship": "Outer",
                  "Relation Name": "date_dim",
                  "Alias": "date_dim",
                  "Startup Cost": 0.00,
                  "Total Cost": 2500.73,
                  "Plan Rows": 1461,
                  "Plan Width": 118,
                  "Actual Startup Time": 7.799,
                  "Actual Total Time": 15.962,
                  "Actual Rows": 1461,
                  "Actual Loops": 1,
                  "Filter": "(d_year = ANY ('{1999,2000,2001,2002}'::integer[]))",
                  "Rows Removed by Filter": 71588
                }
              ]
            }
          ]
        },
        {
          "Node Type": "Hash",
          "Parent Relationship": "Inner",
          "Startup Cost": 8018.00,
          "Total Cost": 8018.00,
          "Plan Rows": 102000,
          "Plan Width": 504,
          "Actual Startup Time": 235.038,
          "Actual Total Time": 235.038,
          "Actual Rows": 102000,
          "Actual Loops": 1,
          "Hash Buckets": 8192,
          "Original Hash Buckets": 8192,
          "Hash Batches": 16,
          "Original Hash Batches": 16,
          "Peak Memory Usage": 3546,
          "Plans": [
            {
              "Node Type": "Seq Scan",
              "Parent Relationship": "Outer",
              "Relation Name": "item",
              "Alias": "item",
              "Startup Cost": 0.00,
              "Total Cost": 8018.00,
              "Plan Rows": 102000,
              "Plan Width": 504,
              "Actual Startup Time": 0.009,
              "Actual Total Time": 60.500,
              "Actual Rows": 102000,
              "Actual Loops": 1
            }
          ]
        }
      ]
    },
    "Planning Time": 1.374,
    "Triggers": [
    ],
    "Execution Time": 61853.632
  }
]
