[
  {
    "Plan": {
      "Node Type": "Hash Join",
      "Join Type": "Inner",
      "Startup Cost": 18377.86,
      "Total Cost": 320554.16,
      "Plan Rows": 71906,
      "Plan Width": 792,
      "Actual Startup Time": 269.220,
      "Actual Total Time": 21240.097,
      "Actual Rows": 4318419,
      "Actual Loops": 1,
      "Hash Cond": "(web_sales.ws_item_sk = iws.i_item_sk)",
      "Plans": [
        {
          "Node Type": "Hash Join",
          "Parent Relationship": "Outer",
          "Join Type": "Inner",
          "Startup Cost": 2509.86,
          "Total Cost": 291644.45,
          "Plan Rows": 71906,
          "Plan Width": 288,
          "Actual Startup Time": 15.449,
          "Actual Total Time": 6997.566,
          "Actual Rows": 4318419,
          "Actual Loops": 1,
          "Hash Cond": "(web_sales.ws_sold_date_sk = d3.d_date_sk)",
          "Plans": [
            {
              "Node Type": "Seq Scan",
              "Parent Relationship": "Outer",
              "Relation Name": "web_sales",
              "Alias": "web_sales",
              "Startup Cost": 0.00,
              "Total Cost": 261424.66,
              "Plan Rows": 7197566,
              "Plan Width": 170,
              "Actual Startup Time": 0.548,
              "Actual Total Time": 2432.326,
              "Actual Rows": 7194440,
              "Actual Loops": 1
            },
            {
              "Node Type": "Hash",
              "Parent Relationship": "Inner",
              "Startup Cost": 2500.73,
              "Total Cost": 2500.73,
              "Plan Rows": 730,
              "Plan Width": 118,
              "Actual Startup Time": 14.838,
              "Actual Total Time": 14.838,
              "Actual Rows": 1096,
              "Actual Loops": 1,
              "Hash Buckets": 2048,
              "Original Hash Buckets": 1024,
              "Hash Batches": 1,
              "Original Hash Batches": 1,
              "Peak Memory Usage": 181,
              "Plans": [
                {
                  "Node Type": "Seq Scan",
                  "Parent Relationship": "Outer",
                  "Relation Name": "date_dim",
                  "Alias": "d3",
                  "Startup Cost": 0.00,
                  "Total Cost": 2500.73,
                  "Plan Rows": 730,
                  "Plan Width": 118,
                  "Actual Startup Time": 6.685,
                  "Actual Total Time": 14.606,
                  "Actual Rows": 1096,
                  "Actual Loops": 1,
                  "Filter": "((d_year >= 1999) AND (d_year <= 2001))",
                  "Rows Removed by Filter": 71953
                }
              ]
            }
          ]
        },
        {
          "Node Type": "Hash",
          "Parent Relationship": "Inner",
          "Startup Cost": 8018.00,
          "Total Cost": 8018.00,
          "Plan Rows": 102000,
          "Plan Width": 504,
          "Actual Startup Time": 250.765,
          "Actual Total Time": 250.765,
          "Actual Rows": 102000,
          "Actual Loops": 1,
          "Hash Buckets": 8192,
          "Original Hash Buckets": 8192,
          "Hash Batches": 16,
          "Original Hash Batches": 16,
          "Peak Memory Usage": 3546,
          "Plans": [
            {
              "Node Type": "Seq Scan",
              "Parent Relationship": "Outer",
              "Relation Name": "item",
              "Alias": "iws",
              "Startup Cost": 0.00,
              "Total Cost": 8018.00,
              "Plan Rows": 102000,
              "Plan Width": 504,
              "Actual Startup Time": 0.007,
              "Actual Total Time": 63.029,
              "Actual Rows": 102000,
              "Actual Loops": 1
            }
          ]
        }
      ]
    },
    "Planning Time": 1.349,
    "Triggers": [
    ],
    "Execution Time": 21470.177
  }
]
