[
  {
    "Plan": {
      "Node Type": "Hash Join",
      "Join Type": "Inner",
      "Startup Cost": 2509.86,
      "Total Cost": 580707.20,
      "Plan Rows": 143100,
      "Plan Width": 288,
      "Actual Startup Time": 2079.194,
      "Actual Total Time": 12456.172,
      "Actual Rows": 8527274,
      "Actual Loops": 1,
      "Hash Cond": "(catalog_sales.cs_sold_date_sk = date_dim.d_date_sk)",
      "Plans": [
        {
          "Node Type": "Seq Scan",
          "Parent Relationship": "Outer",
          "Relation Name": "catalog_sales",
          "Alias": "catalog_sales",
          "Startup Cost": 0.00,
          "Total Cost": 522761.61,
          "Plan Rows": 14401261,
          "Plan Width": 170,
          "Actual Startup Time": 0.025,
          "Actual Total Time": 3467.098,
          "Actual Rows": 14258808,
          "Actual Loops": 1
        },
        {
          "Node Type": "Hash",
          "Parent Relationship": "Inner",
          "Startup Cost": 2500.73,
          "Total Cost": 2500.73,
          "Plan Rows": 730,
          "Plan Width": 118,
          "Actual Startup Time": 26.317,
          "Actual Total Time": 26.317,
          "Actual Rows": 1096,
          "Actual Loops": 1,
          "Hash Buckets": 2048,
          "Original Hash Buckets": 1024,
          "Hash Batches": 1,
          "Original Hash Batches": 1,
          "Peak Memory Usage": 181,
          "Plans": [
            {
              "Node Type": "Seq Scan",
              "Parent Relationship": "Outer",
              "Relation Name": "date_dim",
              "Alias": "date_dim",
              "Startup Cost": 0.00,
              "Total Cost": 2500.73,
              "Plan Rows": 730,
              "Plan Width": 118,
              "Actual Startup Time": 11.102,
              "Actual Total Time": 25.911,
              "Actual Rows": 1096,
              "Actual Loops": 1,
              "Filter": "((d_year >= 2000) AND (d_year <= 2002))",
              "Rows Removed by Filter": 71953
            }
          ]
        }
      ]
    },
    "Planning Time": 0.870,
    "Triggers": [
    ],
    "Execution Time": 12934.927
  }
]
