[
  {
    "Plan": {
      "Node Type": "Hash Join",
      "Join Type": "Inner",
      "Startup Cost": 579404.19,
      "Total Cost": 587865.46,
      "Plan Rows": 6077,
      "Plan Width": 792,
      "Actual Startup Time": 4087.119,
      "Actual Total Time": 5005.436,
      "Actual Rows": 460564,
      "Actual Loops": 1,
      "Hash Cond": "(item.i_item_sk = catalog_sales.cs_item_sk)",
      "Plans": [
        {
          "Node Type": "Seq Scan",
          "Parent Relationship": "Outer",
          "Relation Name": "item",
          "Alias": "item",
          "Startup Cost": 0.00,
          "Total Cost": 8018.00,
          "Plan Rows": 102000,
          "Plan Width": 504,
          "Actual Startup Time": 0.034,
          "Actual Total Time": 47.815,
          "Actual Rows": 102000,
          "Actual Loops": 1
        },
        {
          "Node Type": "Hash",
          "Parent Relationship": "Inner",
          "Startup Cost": 579328.23,
          "Total Cost": 579328.23,
          "Plan Rows": 6077,
          "Plan Width": 288,
          "Actual Startup Time": 4083.985,
          "Actual Total Time": 4083.985,
          "Actual Rows": 460564,
          "Actual Loops": 1,
          "Hash Buckets": 16384,
          "Original Hash Buckets": 8192,
          "Hash Batches": 64,
          "Original Hash Batches": 1,
          "Peak Memory Usage": 3969,
          "Plans": [
            {
              "Node Type": "Hash Join",
              "Parent Relationship": "Outer",
              "Join Type": "Inner",
              "Startup Cost": 2501.12,
              "Total Cost": 579328.23,
              "Plan Rows": 6077,
              "Plan Width": 288,
              "Actual Startup Time": 2908.893,
              "Actual Total Time": 3397.079,
              "Actual Rows": 460564,
              "Actual Loops": 1,
              "Hash Cond": "(catalog_sales.cs_sold_date_sk = date_dim.d_date_sk)",
              "Plans": [
                {
                  "Node Type": "Seq Scan",
                  "Parent Relationship": "Outer",
                  "Relation Name": "catalog_sales",
                  "Alias": "catalog_sales",
                  "Startup Cost": 0.00,
                  "Total Cost": 522761.61,
                  "Plan Rows": 14401261,
                  "Plan Width": 170,
                  "Actual Startup Time": 1.080,
                  "Actual Total Time": 2094.437,
                  "Actual Rows": 14258808,
                  "Actual Loops": 1
                },
                {
                  "Node Type": "Hash",
                  "Parent Relationship": "Inner",
                  "Startup Cost": 2500.73,
                  "Total Cost": 2500.73,
                  "Plan Rows": 31,
                  "Plan Width": 118,
                  "Actual Startup Time": 15.030,
                  "Actual Total Time": 15.030,
                  "Actual Rows": 30,
                  "Actual Loops": 1,
                  "Hash Buckets": 1024,
                  "Original Hash Buckets": 1024,
                  "Hash Batches": 1,
                  "Original Hash Batches": 1,
                  "Peak Memory Usage": 13,
                  "Plans": [
                    {
                      "Node Type": "Seq Scan",
                      "Parent Relationship": "Outer",
                      "Relation Name": "date_dim",
                      "Alias": "date_dim",
                      "Startup Cost": 0.00,
                      "Total Cost": 2500.73,
                      "Plan Rows": 31,
                      "Plan Width": 118,
                      "Actual Startup Time": 7.401,
                      "Actual Total Time": 15.009,
                      "Actual Rows": 30,
                      "Actual Loops": 1,
                      "Filter": "((d_year = 2002) AND (d_moy = 11))",
                      "Rows Removed by Filter": 73019
                    }
                  ]
                }
              ]
            }
          ]
        }
      ]
    },
    "Planning Time": 3.193,
    "Triggers": [
    ],
    "Execution Time": 5021.351
  }
]
