[
  {
    "Plan": {
      "Node Type": "Aggregate",
      "Strategy": "Hashed",
      "Startup Cost": 1508.95,
      "Total Cost": 1509.58,
      "Plan Rows": 63,
      "Plan Width": 4,
      "Actual Startup Time": 7.922,
      "Actual Total Time": 7.937,
      "Actual Rows": 138,
      "Actual Loops": 1,
      "Group Key": ["i_current_price"],
      "Plans": [
        {
          "Node Type": "Seq Scan",
          "Parent Relationship": "Outer",
          "Relation Name": "item",
          "Alias": "item",
          "Startup Cost": 0.00,
          "Total Cost": 1506.00,
          "Plan Rows": 1179,
          "Plan Width": 4,
          "Actual Startup Time": 0.007,
          "Actual Total Time": 7.569,
          "Actual Rows": 1207,
          "Actual Loops": 1,
          "Filter": "((i_brand_id > 1) AND (i_brand_id < 3) AND (i_current_price > 3) AND (i_current_price < 5))",
          "Rows Removed by Filter": 16793
        }
      ]
    },
    "Triggers": [
    ],
    "Total Runtime": 7.961
  }
]
