[
  {
    "Plan": {
      "Node Type": "Aggregate",
      "Strategy": "Hashed",
      "Partial Mode": "Simple",
      "Parallel Aware": false,
      "Startup Cost": 90500.35,
      "Total Cost": 90500.38,
      "Plan Rows": 3,
      "Plan Width": 110,
      "Actual Startup Time": 559.204,
      "Actual Total Time": 559.208,
      "Actual Rows": 25,
      "Actual Loops": 1,
      "Group Key": ["item.i_brand", "item.i_brand_id", "item.i_manufact_id", "item.i_manufact"],
      "Plans": [
        {
          "Node Type": "Hash Join",
          "Parent Relationship": "Outer",
          "Parallel Aware": false,
          "Join Type": "Inner",
          "Startup Cost": 3962.82,
          "Total Cost": 90500.32,
          "Plan Rows": 3,
          "Plan Width": 110,
          "Actual Startup Time": 19.962,
          "Actual Total Time": 558.649,
          "Actual Rows": 209,
          "Actual Loops": 1,
          "Hash Cond": "(store_sales.ss_item_sk = item.i_item_sk)",
          "Plans": [
            {
              "Node Type": "Hash Join",
              "Parent Relationship": "Outer",
              "Parallel Aware": false,
              "Join Type": "Inner",
              "Startup Cost": 2501.12,
              "Total Cost": 89034.41,
              "Plan Rows": 1113,
              "Plan Width": 4,
              "Actual Startup Time": 10.435,
              "Actual Total Time": 545.546,
              "Actual Rows": 85047,
              "Actual Loops": 1,
              "Hash Cond": "(store_sales.ss_sold_date_sk = date_dim.d_date_sk)",
              "Plans": [
                {
                  "Node Type": "Seq Scan",
                  "Parent Relationship": "Outer",
                  "Parallel Aware": false,
                  "Relation Name": "store_sales",
                  "Alias": "store_sales",
                  "Startup Cost": 0.00,
                  "Total Cost": 76687.57,
                  "Plan Rows": 2622557,
                  "Plan Width": 8,
                  "Actual Startup Time": 0.024,
                  "Actual Total Time": 309.160,
                  "Actual Rows": 2485280,
                  "Actual Loops": 1
                },
                {
                  "Node Type": "Hash",
                  "Parent Relationship": "Inner",
                  "Parallel Aware": false,
                  "Startup Cost": 2500.73,
                  "Total Cost": 2500.73,
                  "Plan Rows": 31,
                  "Plan Width": 4,
                  "Actual Startup Time": 10.369,
                  "Actual Total Time": 10.369,
                  "Actual Rows": 31,
                  "Actual Loops": 1,
                  "Hash Buckets": 1024,
                  "Original Hash Buckets": 1024,
                  "Hash Batches": 1,
                  "Original Hash Batches": 1,
                  "Peak Memory Usage": 10,
                  "Plans": [
                    {
                      "Node Type": "Seq Scan",
                      "Parent Relationship": "Outer",
                      "Parallel Aware": false,
                      "Relation Name": "date_dim",
                      "Alias": "date_dim",
                      "Startup Cost": 0.00,
                      "Total Cost": 2500.73,
                      "Plan Rows": 31,
                      "Plan Width": 4,
                      "Actual Startup Time": 5.798,
                      "Actual Total Time": 10.354,
                      "Actual Rows": 31,
                      "Actual Loops": 1,
                      "Filter": "((d_moy = 12) AND (d_year = 2002))",
                      "Rows Removed by Filter": 73018
                    }
                  ]
                }
              ]
            },
            {
              "Node Type": "Hash",
              "Parent Relationship": "Inner",
              "Parallel Aware": false,
              "Startup Cost": 1461.00,
              "Total Cost": 1461.00,
              "Plan Rows": 56,
              "Plan Width": 114,
              "Actual Startup Time": 4.902,
              "Actual Total Time": 4.902,
              "Actual Rows": 56,
              "Actual Loops": 1,
              "Hash Buckets": 1024,
              "Original Hash Buckets": 1024,
              "Hash Batches": 1,
              "Original Hash Batches": 1,
              "Peak Memory Usage": 17,
              "Plans": [
                {
                  "Node Type": "Seq Scan",
                  "Parent Relationship": "Outer",
                  "Parallel Aware": false,
                  "Relation Name": "item",
                  "Alias": "item",
                  "Startup Cost": 0.00,
                  "Total Cost": 1461.00,
                  "Plan Rows": 56,
                  "Plan Width": 114,
                  "Actual Startup Time": 0.158,
                  "Actual Total Time": 4.885,
                  "Actual Rows": 56,
                  "Actual Loops": 1,
                  "Filter": "(i_manager_id = 91)",
                  "Rows Removed by Filter": 17944
                }
              ]
            }
          ]
        }
      ]
    },
    "Planning Time": 0.375,
    "Triggers": [
    ],
    "Execution Time": 559.244
  }
]
