[
  {
    "Plan": {
      "Node Type": "Aggregate",
      "Strategy": "Hashed",
      "Partial Mode": "Simple",
      "Parallel Aware": false,
      "Startup Cost": 7396.48,
      "Total Cost": 7396.52,
      "Plan Rows": 4,
      "Plan Width": 42,
      "Actual Startup Time": 89.477,
      "Actual Total Time": 89.478,
      "Actual Rows": 3,
      "Actual Loops": 1,
      "Group Key": ["call_center.cc_call_center_id", "call_center.cc_name", "call_center.cc_manager"],
      "Plans": [
        {
          "Node Type": "Hash Join",
          "Parent Relationship": "Outer",
          "Parallel Aware": false,
          "Join Type": "Inner",
          "Startup Cost": 2502.26,
          "Total Cost": 7396.03,
          "Plan Rows": 60,
          "Plan Width": 42,
          "Actual Startup Time": 43.652,
          "Actual Total Time": 87.812,
          "Actual Rows": 2128,
          "Actual Loops": 1,
          "Hash Cond": "(catalog_returns.cr_call_center_sk = call_center.cc_call_center_sk)",
          "Plans": [
            {
              "Node Type": "Hash Join",
              "Parent Relationship": "Outer",
              "Parallel Aware": false,
              "Join Type": "Inner",
              "Startup Cost": 2501.12,
              "Total Cost": 7394.09,
              "Plan Rows": 60,
              "Plan Width": 4,
              "Actual Startup Time": 43.589,
              "Actual Total Time": 86.595,
              "Actual Rows": 2150,
              "Actual Loops": 1,
              "Hash Cond": "(catalog_returns.cr_returned_date_sk = date_dim.d_date_sk)",
              "Plans": [
                {
                  "Node Type": "Seq Scan",
                  "Parent Relationship": "Outer",
                  "Parallel Aware": false,
                  "Relation Name": "catalog_returns",
                  "Alias": "catalog_returns",
                  "Startup Cost": 0.00,
                  "Total Cost": 4362.90,
                  "Plan Rows": 141190,
                  "Plan Width": 8,
                  "Actual Startup Time": 0.013,
                  "Actual Total Time": 26.304,
                  "Actual Rows": 127393,
                  "Actual Loops": 1
                },
                {
                  "Node Type": "Hash",
                  "Parent Relationship": "Inner",
                  "Parallel Aware": false,
                  "Startup Cost": 2500.73,
                  "Total Cost": 2500.73,
                  "Plan Rows": 31,
                  "Plan Width": 4,
                  "Actual Startup Time": 34.360,
                  "Actual Total Time": 34.360,
                  "Actual Rows": 31,
                  "Actual Loops": 1,
                  "Hash Buckets": 1024,
                  "Original Hash Buckets": 1024,
                  "Hash Batches": 1,
                  "Original Hash Batches": 1,
                  "Peak Memory Usage": 10,
                  "Plans": [
                    {
                      "Node Type": "Seq Scan",
                      "Parent Relationship": "Outer",
                      "Parallel Aware": false,
                      "Relation Name": "date_dim",
                      "Alias": "date_dim",
                      "Startup Cost": 0.00,
                      "Total Cost": 2500.73,
                      "Plan Rows": 31,
                      "Plan Width": 4,
                      "Actual Startup Time": 14.219,
                      "Actual Total Time": 34.335,
                      "Actual Rows": 31,
                      "Actual Loops": 1,
                      "Filter": "((d_year = 2000) AND (d_moy = 12))",
                      "Rows Removed by Filter": 73018
                    }
                  ]
                }
              ]
            },
            {
              "Node Type": "Hash",
              "Parent Relationship": "Inner",
              "Parallel Aware": false,
              "Startup Cost": 1.06,
              "Total Cost": 1.06,
              "Plan Rows": 6,
              "Plan Width": 46,
              "Actual Startup Time": 0.043,
              "Actual Total Time": 0.043,
              "Actual Rows": 6,
              "Actual Loops": 1,
              "Hash Buckets": 1024,
              "Original Hash Buckets": 1024,
              "Hash Batches": 1,
              "Original Hash Batches": 1,
              "Peak Memory Usage": 9,
              "Plans": [
                {
                  "Node Type": "Seq Scan",
                  "Parent Relationship": "Outer",
                  "Parallel Aware": false,
                  "Relation Name": "call_center",
                  "Alias": "call_center",
                  "Startup Cost": 0.00,
                  "Total Cost": 1.06,
                  "Plan Rows": 6,
                  "Plan Width": 46,
                  "Actual Startup Time": 0.023,
                  "Actual Total Time": 0.030,
                  "Actual Rows": 6,
                  "Actual Loops": 1
                }
              ]
            }
          ]
        }
      ]
    },
    "Planning Time": 33.799,
    "Triggers": [
    ],
    "Execution Time": 89.632
  }
]
