[
  {
    "Plan": {
      "Node Type": "Aggregate",
      "Strategy": "Hashed",
      "Partial Mode": "Simple",
      "Parallel Aware": false,
      "Startup Cost": 240121.39,
      "Total Cost": 240129.46,
      "Plan Rows": 807,
      "Plan Width": 35,
      "Actual Startup Time": 2066.048,
      "Actual Total Time": 2066.471,
      "Actual Rows": 2790,
      "Actual Loops": 1,
      "Group Key": ["warehouse.w_warehouse_name", "item.i_item_id"],
      "Plans": [
        {
          "Node Type": "Hash Join",
          "Parent Relationship": "Outer",
          "Parallel Aware": false,
          "Join Type": "Inner",
          "Startup Cost": 4022.48,
          "Total Cost": 240117.36,
          "Plan Rows": 807,
          "Plan Width": 35,
          "Actual Startup Time": 1191.971,
          "Actual Total Time": 2052.757,
          "Actual Rows": 36270,
          "Actual Loops": 1,
          "Hash Cond": "(inventory.inv_warehouse_sk = warehouse.w_warehouse_sk)",
          "Plans": [
            {
              "Node Type": "Hash Join",
              "Parent Relationship": "Outer",
              "Parallel Aware": false,
              "Join Type": "Inner",
              "Startup Cost": 4021.37,
              "Total Cost": 240105.15,
              "Plan Rows": 807,
              "Plan Width": 21,
              "Actual Startup Time": 1191.960,
              "Actual Total Time": 2044.788,
              "Actual Rows": 36270,
              "Actual Loops": 1,
              "Hash Cond": "(inventory.inv_item_sk = item.i_item_sk)",
              "Plans": [
                {
                  "Node Type": "Hash Join",
                  "Parent Relationship": "Outer",
                  "Parallel Aware": false,
                  "Join Type": "Inner",
                  "Startup Cost": 2501.77,
                  "Total Cost": 238527.43,
                  "Plan Rows": 13345,
                  "Plan Width": 8,
                  "Actual Startup Time": 1186.008,
                  "Actual Total Time": 1982.485,
                  "Actual Rows": 585000,
                  "Actual Loops": 1,
                  "Hash Cond": "(inventory.inv_date_sk = date_dim.d_date_sk)",
                  "Plans": [
                    {
                      "Node Type": "Seq Scan",
                      "Parent Relationship": "Outer",
                      "Parallel Aware": false,
                      "Relation Name": "inventory",
                      "Alias": "inventory",
                      "Startup Cost": 0.00,
                      "Total Cost": 191848.88,
                      "Plan Rows": 11744888,
                      "Plan Width": 12,
                      "Actual Startup Time": 0.024,
                      "Actual Total Time": 966.234,
                      "Actual Rows": 11745000,
                      "Actual Loops": 1
                    },
                    {
                      "Node Type": "Hash",
                      "Parent Relationship": "Inner",
                      "Parallel Aware": false,
                      "Startup Cost": 2500.73,
                      "Total Cost": 2500.73,
                      "Plan Rows": 83,
                      "Plan Width": 4,
                      "Actual Startup Time": 8.769,
                      "Actual Total Time": 8.770,
                      "Actual Rows": 90,
                      "Actual Loops": 1,
                      "Hash Buckets": 1024,
                      "Original Hash Buckets": 1024,
                      "Hash Batches": 1,
                      "Original Hash Batches": 1,
                      "Peak Memory Usage": 12,
                      "Plans": [
                        {
                          "Node Type": "Seq Scan",
                          "Parent Relationship": "Outer",
                          "Parallel Aware": false,
                          "Relation Name": "date_dim",
                          "Alias": "date_dim",
                          "Startup Cost": 0.00,
                          "Total Cost": 2500.73,
                          "Plan Rows": 83,
                          "Plan Width": 4,
                          "Actual Startup Time": 3.880,
                          "Actual Total Time": 8.756,
                          "Actual Rows": 90,
                          "Actual Loops": 1,
                          "Filter": "((d_date >= '2001-02-14'::date) AND (d_date <= '2001-05-14'::date))",
                          "Rows Removed by Filter": 72959
                        }
                      ]
                    }
                  ]
                },
                {
                  "Node Type": "Hash",
                  "Parent Relationship": "Inner",
                  "Parallel Aware": false,
                  "Startup Cost": 1506.00,
                  "Total Cost": 1506.00,
                  "Plan Rows": 1088,
                  "Plan Width": 21,
                  "Actual Startup Time": 5.940,
                  "Actual Total Time": 5.940,
                  "Actual Rows": 1104,
                  "Actual Loops": 1,
                  "Hash Buckets": 2048,
                  "Original Hash Buckets": 2048,
                  "Hash Batches": 1,
                  "Original Hash Batches": 1,
                  "Peak Memory Usage": 77,
                  "Plans": [
                    {
                      "Node Type": "Seq Scan",
                      "Parent Relationship": "Outer",
                      "Parallel Aware": false,
                      "Relation Name": "item",
                      "Alias": "item",
                      "Startup Cost": 0.00,
                      "Total Cost": 1506.00,
                      "Plan Rows": 1088,
                      "Plan Width": 21,
                      "Actual Startup Time": 0.004,
                      "Actual Total Time": 5.737,
                      "Actual Rows": 1104,
                      "Actual Loops": 1,
                      "Filter": "((i_current_price >= 0.99) AND (i_current_price <= 1.49))",
                      "Rows Removed by Filter": 16896
                    }
                  ]
                }
              ]
            },
            {
              "Node Type": "Hash",
              "Parent Relationship": "Inner",
              "Parallel Aware": false,
              "Startup Cost": 1.05,
              "Total Cost": 1.05,
              "Plan Rows": 5,
              "Plan Width": 22,
              "Actual Startup Time": 0.007,
              "Actual Total Time": 0.007,
              "Actual Rows": 5,
              "Actual Loops": 1,
              "Hash Buckets": 1024,
              "Original Hash Buckets": 1024,
              "Hash Batches": 1,
              "Original Hash Batches": 1,
              "Peak Memory Usage": 9,
              "Plans": [
                {
                  "Node Type": "Seq Scan",
                  "Parent Relationship": "Outer",
                  "Parallel Aware": false,
                  "Relation Name": "warehouse",
                  "Alias": "warehouse",
                  "Startup Cost": 0.00,
                  "Total Cost": 1.05,
                  "Plan Rows": 5,
                  "Plan Width": 22,
                  "Actual Startup Time": 0.004,
                  "Actual Total Time": 0.005,
                  "Actual Rows": 5,
                  "Actual Loops": 1
                }
              ]
            }
          ]
        }
      ]
    },
    "Planning Time": 0.286,
    "Triggers": [
    ],
    "Execution Time": 2066.686
  }
]
