[
  {
    "Plan": {
      "Node Type": "Aggregate",
      "Strategy": "Hashed",
      "Partial Mode": "Simple",
      "Parallel Aware": false,
      "Startup Cost": 34743.93,
      "Total Cost": 34744.03,
      "Plan Rows": 10,
      "Plan Width": 4,
      "Actual Startup Time": 168.675,
      "Actual Total Time": 168.696,
      "Actual Rows": 154,
      "Actual Loops": 1,
      "Group Key": ["item.i_manufact_id"],
      "Plans": [
        {
          "Node Type": "Hash Join",
          "Parent Relationship": "Outer",
          "Parallel Aware": false,
          "Join Type": "Inner",
          "Startup Cost": 5924.40,
          "Total Cost": 34743.90,
          "Plan Rows": 10,
          "Plan Width": 4,
          "Actual Startup Time": 30.360,
          "Actual Total Time": 168.487,
          "Actual Rows": 189,
          "Actual Loops": 1,
          "Hash Cond": "(web_sales.ws_bill_addr_sk = customer_address.ca_address_sk)",
          "Plans": [
            {
              "Node Type": "Hash Join",
              "Parent Relationship": "Outer",
              "Parallel Aware": false,
              "Join Type": "Inner",
              "Startup Cost": 3984.67,
              "Total Cost": 32803.97,
              "Plan Rows": 28,
              "Plan Width": 8,
              "Actual Startup Time": 13.958,
              "Actual Total Time": 153.400,
              "Actual Rows": 576,
              "Actual Loops": 1,
              "Hash Cond": "(web_sales.ws_item_sk = item.i_item_sk)",
              "Plans": [
                {
                  "Node Type": "Hash Join",
                  "Parent Relationship": "Outer",
                  "Parallel Aware": false,
                  "Join Type": "Inner",
                  "Startup Cost": 2501.08,
                  "Total Cost": 31319.07,
                  "Plan Rows": 276,
                  "Plan Width": 8,
                  "Actual Startup Time": 8.749,
                  "Actual Total Time": 146.792,
                  "Actual Rows": 6099,
                  "Actual Loops": 1,
                  "Hash Cond": "(web_sales.ws_sold_date_sk = date_dim.d_date_sk)",
                  "Plans": [
                    {
                      "Node Type": "Seq Scan",
                      "Parent Relationship": "Outer",
                      "Parallel Aware": false,
                      "Relation Name": "web_sales",
                      "Alias": "web_sales",
                      "Startup Cost": 0.00,
                      "Total Cost": 26118.71,
                      "Plan Rows": 719071,
                      "Plan Width": 12,
                      "Actual Startup Time": 0.022,
                      "Actual Total Time": 86.924,
                      "Actual Rows": 648065,
                      "Actual Loops": 1
                    },
                    {
                      "Node Type": "Hash",
                      "Parent Relationship": "Inner",
                      "Parallel Aware": false,
                      "Startup Cost": 2500.73,
                      "Total Cost": 2500.73,
                      "Plan Rows": 28,
                      "Plan Width": 4,
                      "Actual Startup Time": 8.657,
                      "Actual Total Time": 8.658,
                      "Actual Rows": 29,
                      "Actual Loops": 1,
                      "Hash Buckets": 1024,
                      "Original Hash Buckets": 1024,
                      "Hash Batches": 1,
                      "Original Hash Batches": 1,
                      "Peak Memory Usage": 10,
                      "Plans": [
                        {
                          "Node Type": "Seq Scan",
                          "Parent Relationship": "Outer",
                          "Parallel Aware": false,
                          "Relation Name": "date_dim",
                          "Alias": "date_dim",
                          "Startup Cost": 0.00,
                          "Total Cost": 2500.73,
                          "Plan Rows": 28,
                          "Plan Width": 4,
                          "Actual Startup Time": 4.142,
                          "Actual Total Time": 8.651,
                          "Actual Rows": 29,
                          "Actual Loops": 1,
                          "Filter": "((d_year = 2000) AND (d_moy = 2))",
                          "Rows Removed by Filter": 73020
                        }
                      ]
                    }
                  ]
                },
                {
                  "Node Type": "Hash",
                  "Parent Relationship": "Inner",
                  "Parallel Aware": false,
                  "Startup Cost": 1461.00,
                  "Total Cost": 1461.00,
                  "Plan Rows": 1807,
                  "Plan Width": 8,
                  "Actual Startup Time": 5.198,
                  "Actual Total Time": 5.198,
                  "Actual Rows": 1807,
                  "Actual Loops": 1,
                  "Hash Buckets": 2048,
                  "Original Hash Buckets": 2048,
                  "Hash Batches": 1,
                  "Original Hash Batches": 1,
                  "Peak Memory Usage": 87,
                  "Plans": [
                    {
                      "Node Type": "Seq Scan",
                      "Parent Relationship": "Outer",
                      "Parallel Aware": false,
                      "Relation Name": "item",
                      "Alias": "item",
                      "Startup Cost": 0.00,
                      "Total Cost": 1461.00,
                      "Plan Rows": 1807,
                      "Plan Width": 8,
                      "Actual Startup Time": 0.063,
                      "Actual Total Time": 4.973,
                      "Actual Rows": 1807,
                      "Actual Loops": 1,
                      "Filter": "(i_category = 'Home'::bpchar)",
                      "Rows Removed by Filter": 16193
                    }
                  ]
                }
              ]
            },
            {
              "Node Type": "Hash",
              "Parent Relationship": "Inner",
              "Parallel Aware": false,
              "Startup Cost": 1712.00,
              "Total Cost": 1712.00,
              "Plan Rows": 18218,
              "Plan Width": 4,
              "Actual Startup Time": 14.872,
              "Actual Total Time": 14.872,
              "Actual Rows": 18246,
              "Actual Loops": 1,
              "Hash Buckets": 32768,
              "Original Hash Buckets": 32768,
              "Hash Batches": 1,
              "Original Hash Batches": 1,
              "Peak Memory Usage": 898,
              "Plans": [
                {
                  "Node Type": "Seq Scan",
                  "Parent Relationship": "Outer",
                  "Parallel Aware": false,
                  "Relation Name": "customer_address",
                  "Alias": "customer_address",
                  "Startup Cost": 0.00,
                  "Total Cost": 1712.00,
                  "Plan Rows": 18218,
                  "Plan Width": 4,
                  "Actual Startup Time": 0.010,
                  "Actual Total Time": 12.374,
                  "Actual Rows": 18246,
                  "Actual Loops": 1,
                  "Filter": "(ca_gmt_offset = '-5'::numeric)",
                  "Rows Removed by Filter": 31754
                }
              ]
            }
          ]
        }
      ]
    },
    "Planning Time": 0.466,
    "Triggers": [
    ],
    "Execution Time": 168.757
  }
]
