[
  {
    "Plan": {
      "Node Type": "Aggregate",
      "Strategy": "Hashed",
      "Partial Mode": "Simple",
      "Parallel Aware": false,
      "Startup Cost": 109634.62,
      "Total Cost": 109641.96,
      "Plan Rows": 734,
      "Plan Width": 52,
      "Actual Startup Time": 414.787,
      "Actual Total Time": 414.890,
      "Actual Rows": 693,
      "Actual Loops": 1,
      "Group Key": ["customer_demographics.cd_gender", "customer_demographics.cd_marital_status", "customer_demographics.cd_education_status", "customer_demographics.cd_purchase_estimate", "customer_demographics.cd_credit_rating", "customer_demographics.cd_dep_count", "customer_demographics.cd_dep_employed_count", "customer_demographics.cd_dep_college_count"],
      "Plans": [
        {
          "Node Type": "Hash Join",
          "Parent Relationship": "Outer",
          "Parallel Aware": false,
          "Join Type": "Inner",
          "Startup Cost": 6150.60,
          "Total Cost": 109619.94,
          "Plan Rows": 734,
          "Plan Width": 52,
          "Actual Startup Time": 32.094,
          "Actual Total Time": 413.666,
          "Actual Rows": 696,
          "Actual Loops": 1,
          "Hash Cond": "(customer_demographics.cd_demo_sk = customer.c_current_cdemo_sk)",
          "Plans": [
            {
              "Node Type": "Seq Scan",
              "Parent Relationship": "Outer",
              "Parallel Aware": false,
              "Relation Name": "customer_demographics",
              "Alias": "customer_demographics",
              "Startup Cost": 0.00,
              "Total Cost": 41036.00,
              "Plan Rows": 1920800,
              "Plan Width": 56,
              "Actual Startup Time": 0.006,
              "Actual Total Time": 193.009,
              "Actual Rows": 1920800,
              "Actual Loops": 1
            },
            {
              "Node Type": "Hash",
              "Parent Relationship": "Inner",
              "Parallel Aware": false,
              "Startup Cost": 6141.43,
              "Total Cost": 6141.43,
              "Plan Rows": 734,
              "Plan Width": 4,
              "Actual Startup Time": 31.095,
              "Actual Total Time": 31.095,
              "Actual Rows": 696,
              "Actual Loops": 1,
              "Hash Buckets": 1024,
              "Original Hash Buckets": 1024,
              "Hash Batches": 1,
              "Original Hash Batches": 1,
              "Peak Memory Usage": 33,
              "Plans": [
                {
                  "Node Type": "Hash Join",
                  "Parent Relationship": "Outer",
                  "Parallel Aware": false,
                  "Join Type": "Inner",
                  "Startup Cost": 1904.09,
                  "Total Cost": 6141.43,
                  "Plan Rows": 734,
                  "Plan Width": 4,
                  "Actual Startup Time": 11.622,
                  "Actual Total Time": 30.933,
                  "Actual Rows": 696,
                  "Actual Loops": 1,
                  "Hash Cond": "(customer.c_current_addr_sk = customer_address.ca_address_sk)",
                  "Plans": [
                    {
                      "Node Type": "Seq Scan",
                      "Parent Relationship": "Outer",
                      "Parallel Aware": false,
                      "Relation Name": "customer",
                      "Alias": "customer",
                      "Startup Cost": 0.00,
                      "Total Cost": 3855.00,
                      "Plan Rows": 100000,
                      "Plan Width": 8,
                      "Actual Startup Time": 0.003,
                      "Actual Total Time": 8.507,
                      "Actual Rows": 94736,
                      "Actual Loops": 1
                    },
                    {
                      "Node Type": "Hash",
                      "Parent Relationship": "Inner",
                      "Parallel Aware": false,
                      "Startup Cost": 1899.50,
                      "Total Cost": 1899.50,
                      "Plan Rows": 367,
                      "Plan Width": 4,
                      "Actual Startup Time": 11.610,
                      "Actual Total Time": 11.610,
                      "Actual Rows": 382,
                      "Actual Loops": 1,
                      "Hash Buckets": 1024,
                      "Original Hash Buckets": 1024,
                      "Hash Batches": 1,
                      "Original Hash Batches": 1,
                      "Peak Memory Usage": 22,
                      "Plans": [
                        {
                          "Node Type": "Seq Scan",
                          "Parent Relationship": "Outer",
                          "Parallel Aware": false,
                          "Relation Name": "customer_address",
                          "Alias": "customer_address",
                          "Startup Cost": 0.00,
                          "Total Cost": 1899.50,
                          "Plan Rows": 367,
                          "Plan Width": 4,
                          "Actual Startup Time": 0.080,
                          "Actual Total Time": 11.505,
                          "Actual Rows": 382,
                          "Actual Loops": 1,
                          "Filter": "((ca_county)::text = ANY ('{\"Yellowstone County\",\"Montgomery County\",\"Divide County\",\"Cedar County\",\"Manassas Park city\"}'::text[]))",
                          "Rows Removed by Filter": 49618
                        }
                      ]
                    }
                  ]
                }
              ]
            }
          ]
        }
      ]
    },
    "Planning Time": 26.841,
    "Triggers": [
    ],
    "Execution Time": 414.952
  }
]
