[
  {
    "Plan": {
      "Node Type": "Aggregate",
      "Strategy": "Hashed",
      "Partial Mode": "Simple",
      "Parallel Aware": false,
      "Startup Cost": 105288.99,
      "Total Cost": 105344.99,
      "Plan Rows": 5600,
      "Plan Width": 40,
      "Actual Startup Time": 1163.261,
      "Actual Total Time": 1163.959,
      "Actual Rows": 4364,
      "Actual Loops": 1,
      "Group Key": ["customer_demographics.cd_gender", "customer_demographics.cd_marital_status", "customer_demographics.cd_education_status", "customer_demographics.cd_purchase_estimate", "customer_demographics.cd_credit_rating"],
      "Plans": [
        {
          "Node Type": "Hash Join",
          "Parent Relationship": "Outer",
          "Parallel Aware": false,
          "Join Type": "Inner",
          "Startup Cost": 83760.71,
          "Total Cost": 105174.56,
          "Plan Rows": 9154,
          "Plan Width": 40,
          "Actual Startup Time": 939.111,
          "Actual Total Time": 1157.595,
          "Actual Rows": 8619,
          "Actual Loops": 1,
          "Hash Cond": "(c.c_current_cdemo_sk = customer_demographics.cd_demo_sk)",
          "Plans": [
            {
              "Node Type": "Hash Join",
              "Parent Relationship": "Outer",
              "Parallel Aware": false,
              "Join Type": "Inner",
              "Startup Cost": 1831.71,
              "Total Cost": 6153.25,
              "Plan Rows": 9154,
              "Plan Width": 4,
              "Actual Startup Time": 16.535,
              "Actual Total Time": 49.418,
              "Actual Rows": 8619,
              "Actual Loops": 1,
              "Hash Cond": "(c.c_current_addr_sk = ca.ca_address_sk)",
              "Plans": [
                {
                  "Node Type": "Seq Scan",
                  "Parent Relationship": "Outer",
                  "Parallel Aware": false,
                  "Relation Name": "customer",
                  "Alias": "c",
                  "Startup Cost": 0.00,
                  "Total Cost": 3855.00,
                  "Plan Rows": 100000,
                  "Plan Width": 8,
                  "Actual Startup Time": 0.005,
                  "Actual Total Time": 12.653,
                  "Actual Rows": 94736,
                  "Actual Loops": 1
                },
                {
                  "Node Type": "Hash",
                  "Parent Relationship": "Inner",
                  "Parallel Aware": false,
                  "Startup Cost": 1774.50,
                  "Total Cost": 1774.50,
                  "Plan Rows": 4577,
                  "Plan Width": 4,
                  "Actual Startup Time": 16.519,
                  "Actual Total Time": 16.519,
                  "Actual Rows": 4611,
                  "Actual Loops": 1,
                  "Hash Buckets": 8192,
                  "Original Hash Buckets": 8192,
                  "Hash Batches": 1,
                  "Original Hash Batches": 1,
                  "Peak Memory Usage": 227,
                  "Plans": [
                    {
                      "Node Type": "Seq Scan",
                      "Parent Relationship": "Outer",
                      "Parallel Aware": false,
                      "Relation Name": "customer_address",
                      "Alias": "ca",
                      "Startup Cost": 0.00,
                      "Total Cost": 1774.50,
                      "Plan Rows": 4577,
                      "Plan Width": 4,
                      "Actual Startup Time": 0.005,
                      "Actual Total Time": 15.431,
                      "Actual Rows": 4611,
                      "Actual Loops": 1,
                      "Filter": "(ca_state = ANY ('{SD,KY,MO}'::bpchar[]))",
                      "Rows Removed by Filter": 45389
                    }
                  ]
                }
              ]
            },
            {
              "Node Type": "Hash",
              "Parent Relationship": "Inner",
              "Parallel Aware": false,
              "Startup Cost": 41036.00,
              "Total Cost": 41036.00,
              "Plan Rows": 1920800,
              "Plan Width": 44,
              "Actual Startup Time": 922.470,
              "Actual Total Time": 922.470,
              "Actual Rows": 1920800,
              "Actual Loops": 1,
              "Hash Buckets": 65536,
              "Original Hash Buckets": 65536,
              "Hash Batches": 64,
              "Original Hash Batches": 64,
              "Peak Memory Usage": 2868,
              "Plans": [
                {
                  "Node Type": "Seq Scan",
                  "Parent Relationship": "Outer",
                  "Parallel Aware": false,
                  "Relation Name": "customer_demographics",
                  "Alias": "customer_demographics",
                  "Startup Cost": 0.00,
                  "Total Cost": 41036.00,
                  "Plan Rows": 1920800,
                  "Plan Width": 44,
                  "Actual Startup Time": 0.011,
                  "Actual Total Time": 351.013,
                  "Actual Rows": 1920800,
                  "Actual Loops": 1
                }
              ]
            }
          ]
        }
      ]
    },
    "Planning Time": 0.204,
    "Triggers": [
    ],
    "Execution Time": 1164.166
  }
]
