[
  {
    "Plan": {
      "Node Type": "Aggregate",
      "Strategy": "Hashed",
      "Partial Mode": "Simple",
      "Parallel Aware": false,
      "Startup Cost": 62689.09,
      "Total Cost": 62691.43,
      "Plan Rows": 234,
      "Plan Width": 70,
      "Actual Startup Time": 410.013,
      "Actual Total Time": 410.015,
      "Actual Rows": 5,
      "Actual Loops": 1,
      "Group Key": ["warehouse.w_warehouse_name", "warehouse.w_warehouse_sq_ft", "warehouse.w_city", "warehouse.w_county", "warehouse.w_state", "warehouse.w_country", "date_dim.d_year"],
      "Plans": [
        {
          "Node Type": "Hash Join",
          "Parent Relationship": "Outer",
          "Parallel Aware": false,
          "Join Type": "Inner",
          "Startup Cost": 5374.83,
          "Total Cost": 62685.00,
          "Plan Rows": 234,
          "Plan Width": 70,
          "Actual Startup Time": 83.973,
          "Actual Total Time": 402.483,
          "Actual Rows": 12047,
          "Actual Loops": 1,
          "Hash Cond": "(catalog_sales.cs_warehouse_sk = warehouse.w_warehouse_sk)",
          "Plans": [
            {
              "Node Type": "Hash Join",
              "Parent Relationship": "Outer",
              "Parallel Aware": false,
              "Join Type": "Inner",
              "Startup Cost": 5373.71,
              "Total Cost": 62680.67,
              "Plan Rows": 234,
              "Plan Width": 8,
              "Actual Startup Time": 83.955,
              "Actual Total Time": 399.105,
              "Actual Rows": 12047,
              "Actual Loops": 1,
              "Hash Cond": "(catalog_sales.cs_sold_time_sk = time_dim.t_time_sk)",
              "Plans": [
                {
                  "Node Type": "Hash Join",
                  "Parent Relationship": "Outer",
                  "Parallel Aware": false,
                  "Join Type": "Inner",
                  "Startup Cost": 2323.93,
                  "Total Cost": 59625.88,
                  "Plan Rows": 709,
                  "Plan Width": 12,
                  "Actual Startup Time": 50.661,
                  "Actual Total Time": 374.669,
                  "Actual Rows": 26759,
                  "Actual Loops": 1,
                  "Hash Cond": "(catalog_sales.cs_ship_mode_sk = ship_mode.sm_ship_mode_sk)",
                  "Plans": [
                    {
                      "Node Type": "Hash Join",
                      "Parent Relationship": "Outer",
                      "Parallel Aware": false,
                      "Join Type": "Inner",
                      "Startup Cost": 2322.65,
                      "Total Cost": 59590.92,
                      "Plan Rows": 7093,
                      "Plan Width": 16,
                      "Actual Startup Time": 50.346,
                      "Actual Total Time": 351.729,
                      "Actual Rows": 268173,
                      "Actual Loops": 1,
                      "Hash Cond": "(catalog_sales.cs_sold_date_sk = date_dim.d_date_sk)",
                      "Plans": [
                        {
                          "Node Type": "Seq Scan",
                          "Parent Relationship": "Outer",
                          "Parallel Aware": false,
                          "Relation Name": "catalog_sales",
                          "Alias": "catalog_sales",
                          "Startup Cost": 0.00,
                          "Total Cost": 51844.70,
                          "Plan Rows": 1427370,
                          "Plan Width": 16,
                          "Actual Startup Time": 0.025,
                          "Actual Total Time": 181.397,
                          "Actual Rows": 1343425,
                          "Actual Loops": 1
                        },
                        {
                          "Node Type": "Hash",
                          "Parent Relationship": "Inner",
                          "Parallel Aware": false,
                          "Startup Cost": 2318.11,
                          "Total Cost": 2318.11,
                          "Plan Rows": 363,
                          "Plan Width": 8,
                          "Actual Startup Time": 9.607,
                          "Actual Total Time": 9.607,
                          "Actual Rows": 365,
                          "Actual Loops": 1,
                          "Hash Buckets": 1024,
                          "Original Hash Buckets": 1024,
                          "Hash Batches": 1,
                          "Original Hash Batches": 1,
                          "Peak Memory Usage": 23,
                          "Plans": [
                            {
                              "Node Type": "Seq Scan",
                              "Parent Relationship": "Outer",
                              "Parallel Aware": false,
                              "Relation Name": "date_dim",
                              "Alias": "date_dim",
                              "Startup Cost": 0.00,
                              "Total Cost": 2318.11,
                              "Plan Rows": 363,
                              "Plan Width": 8,
                              "Actual Startup Time": 5.197,
                              "Actual Total Time": 9.561,
                              "Actual Rows": 365,
                              "Actual Loops": 1,
                              "Filter": "(d_year = 1999)",
                              "Rows Removed by Filter": 72684
                            }
                          ]
                        }
                      ]
                    },
                    {
                      "Node Type": "Hash",
                      "Parent Relationship": "Inner",
                      "Parallel Aware": false,
                      "Startup Cost": 1.25,
                      "Total Cost": 1.25,
                      "Plan Rows": 2,
                      "Plan Width": 4,
                      "Actual Startup Time": 0.013,
                      "Actual Total Time": 0.013,
                      "Actual Rows": 2,
                      "Actual Loops": 1,
                      "Hash Buckets": 1024,
                      "Original Hash Buckets": 1024,
                      "Hash Batches": 1,
                      "Original Hash Batches": 1,
                      "Peak Memory Usage": 9,
                      "Plans": [
                        {
                          "Node Type": "Seq Scan",
                          "Parent Relationship": "Outer",
                          "Parallel Aware": false,
                          "Relation Name": "ship_mode",
                          "Alias": "ship_mode",
                          "Startup Cost": 0.00,
                          "Total Cost": 1.25,
                          "Plan Rows": 2,
                          "Plan Width": 4,
                          "Actual Startup Time": 0.008,
                          "Actual Total Time": 0.011,
                          "Actual Rows": 2,
                          "Actual Loops": 1,
                          "Filter": "(sm_carrier = ANY ('{DIAMOND,ZOUROS}'::bpchar[]))",
                          "Rows Removed by Filter": 18
                        }
                      ]
                    }
                  ]
                },
                {
                  "Node Type": "Hash",
                  "Parent Relationship": "Inner",
                  "Parallel Aware": false,
                  "Startup Cost": 2693.00,
                  "Total Cost": 2693.00,
                  "Plan Rows": 28543,
                  "Plan Width": 4,
                  "Actual Startup Time": 16.539,
                  "Actual Total Time": 16.539,
                  "Actual Rows": 28801,
                  "Actual Loops": 1,
                  "Hash Buckets": 32768,
                  "Original Hash Buckets": 32768,
                  "Hash Batches": 1,
                  "Original Hash Batches": 1,
                  "Peak Memory Usage": 1269,
                  "Plans": [
                    {
                      "Node Type": "Seq Scan",
                      "Parent Relationship": "Outer",
                      "Parallel Aware": false,
                      "Relation Name": "time_dim",
                      "Alias": "time_dim",
                      "Startup Cost": 0.00,
                      "Total Cost": 2693.00,
                      "Plan Rows": 28543,
                      "Plan Width": 4,
                      "Actual Startup Time": 5.053,
                      "Actual Total Time": 12.594,
                      "Actual Rows": 28801,
                      "Actual Loops": 1,
                      "Filter": "((t_time >= 46185) AND (t_time <= 74985))",
                      "Rows Removed by Filter": 57599
                    }
                  ]
                }
              ]
            },
            {
              "Node Type": "Hash",
              "Parent Relationship": "Inner",
              "Parallel Aware": false,
              "Startup Cost": 1.05,
              "Total Cost": 1.05,
              "Plan Rows": 5,
              "Plan Width": 70,
              "Actual Startup Time": 0.012,
              "Actual Total Time": 0.013,
              "Actual Rows": 5,
              "Actual Loops": 1,
              "Hash Buckets": 1024,
              "Original Hash Buckets": 1024,
              "Hash Batches": 1,
              "Original Hash Batches": 1,
              "Peak Memory Usage": 9,
              "Plans": [
                {
                  "Node Type": "Seq Scan",
                  "Parent Relationship": "Outer",
                  "Parallel Aware": false,
                  "Relation Name": "warehouse",
                  "Alias": "warehouse",
                  "Startup Cost": 0.00,
                  "Total Cost": 1.05,
                  "Plan Rows": 5,
                  "Plan Width": 70,
                  "Actual Startup Time": 0.005,
                  "Actual Total Time": 0.007,
                  "Actual Rows": 5,
                  "Actual Loops": 1
                }
              ]
            }
          ]
        }
      ]
    },
    "Planning Time": 0.593,
    "Triggers": [
    ],
    "Execution Time": 410.085
  }
]
