[
  {
    "Plan": {
      "Node Type": "Aggregate",
      "Strategy": "Hashed",
      "Partial Mode": "Simple",
      "Parallel Aware": false,
      "Startup Cost": 126170.03,
      "Total Cost": 126197.00,
      "Plan Rows": 2697,
      "Plan Width": 19,
      "Actual Startup Time": 1313.359,
      "Actual Total Time": 1314.230,
      "Actual Rows": 5830,
      "Actual Loops": 1,
      "Group Key": ["customer_address.ca_state", "customer_demographics.cd_gender", "customer_demographics.cd_marital_status", "customer_demographics.cd_dep_count", "customer_demographics.cd_dep_employed_count", "customer_demographics.cd_dep_college_count"],
      "Plans": [
        {
          "Node Type": "Hash Join",
          "Parent Relationship": "Outer",
          "Parallel Aware": false,
          "Join Type": "Inner",
          "Startup Cost": 109893.07,
          "Total Cost": 126129.58,
          "Plan Rows": 2697,
          "Plan Width": 19,
          "Actual Startup Time": 1030.654,
          "Actual Total Time": 1282.166,
          "Actual Rows": 74602,
          "Actual Loops": 1,
          "Hash Cond": "(customer.c_current_addr_sk = customer_address.ca_address_sk)",
          "Plans": [
            {
              "Node Type": "Hash Join",
              "Parent Relationship": "Outer",
              "Parallel Aware": false,
              "Join Type": "Inner",
              "Startup Cost": 107681.07,
              "Total Cost": 123880.49,
              "Plan Rows": 2697,
              "Plan Width": 20,
              "Actual Startup Time": 1007.457,
              "Actual Total Time": 1240.361,
              "Actual Rows": 74602,
              "Actual Loops": 1,
              "Hash Cond": "(customer.c_current_cdemo_sk = customer_demographics.cd_demo_sk)",
              "Plans": [
                {
                  "Node Type": "Hash Join",
                  "Parent Relationship": "Outer",
                  "Parallel Aware": false,
                  "Join Type": "Inner",
                  "Startup Cost": 31380.07,
                  "Total Cost": 36262.04,
                  "Plan Rows": 2697,
                  "Plan Width": 8,
                  "Actual Startup Time": 189.363,
                  "Actual Total Time": 223.649,
                  "Actual Rows": 74602,
                  "Actual Loops": 1,
                  "Hash Cond": "(customer.c_customer_sk = web_sales.ws_bill_customer_sk)",
                  "Plans": [
                    {
                      "Node Type": "Seq Scan",
                      "Parent Relationship": "Outer",
                      "Parallel Aware": false,
                      "Relation Name": "customer",
                      "Alias": "customer",
                      "Startup Cost": 0.00,
                      "Total Cost": 3855.00,
                      "Plan Rows": 100000,
                      "Plan Width": 12,
                      "Actual Startup Time": 0.008,
                      "Actual Total Time": 9.137,
                      "Actual Rows": 94736,
                      "Actual Loops": 1
                    },
                    {
                      "Node Type": "Hash",
                      "Parent Relationship": "Inner",
                      "Parallel Aware": false,
                      "Startup Cost": 31346.36,
                      "Total Cost": 31346.36,
                      "Plan Rows": 2697,
                      "Plan Width": 4,
                      "Actual Startup Time": 189.330,
                      "Actual Total Time": 189.330,
                      "Actual Rows": 74602,
                      "Actual Loops": 1,
                      "Hash Buckets": 131072,
                      "Original Hash Buckets": 4096,
                      "Hash Batches": 1,
                      "Original Hash Batches": 1,
                      "Peak Memory Usage": 3647,
                      "Plans": [
                        {
                          "Node Type": "Hash Join",
                          "Parent Relationship": "Outer",
                          "Parallel Aware": false,
                          "Join Type": "Inner",
                          "Startup Cost": 2504.16,
                          "Total Cost": 31346.36,
                          "Plan Rows": 2697,
                          "Plan Width": 4,
                          "Actual Startup Time": 17.136,
                          "Actual Total Time": 178.223,
                          "Actual Rows": 74602,
                          "Actual Loops": 1,
                          "Hash Cond": "(web_sales.ws_sold_date_sk = date_dim.d_date_sk)",
                          "Plans": [
                            {
                              "Node Type": "Seq Scan",
                              "Parent Relationship": "Outer",
                              "Parallel Aware": false,
                              "Relation Name": "web_sales",
                              "Alias": "web_sales",
                              "Startup Cost": 0.00,
                              "Total Cost": 26118.71,
                              "Plan Rows": 719071,
                              "Plan Width": 8,
                              "Actual Startup Time": 0.039,
                              "Actual Total Time": 91.945,
                              "Actual Rows": 648065,
                              "Actual Loops": 1
                            },
                            {
                              "Node Type": "Hash",
                              "Parent Relationship": "Inner",
                              "Parallel Aware": false,
                              "Startup Cost": 2500.73,
                              "Total Cost": 2500.73,
                              "Plan Rows": 274,
                              "Plan Width": 4,
                              "Actual Startup Time": 17.063,
                              "Actual Total Time": 17.063,
                              "Actual Rows": 274,
                              "Actual Loops": 1,
                              "Hash Buckets": 1024,
                              "Original Hash Buckets": 1024,
                              "Hash Batches": 1,
                              "Original Hash Batches": 1,
                              "Peak Memory Usage": 18,
                              "Plans": [
                                {
                                  "Node Type": "Seq Scan",
                                  "Parent Relationship": "Outer",
                                  "Parallel Aware": false,
                                  "Relation Name": "date_dim",
                                  "Alias": "date_dim",
                                  "Startup Cost": 0.00,
                                  "Total Cost": 2500.73,
                                  "Plan Rows": 274,
                                  "Plan Width": 4,
                                  "Actual Startup Time": 11.090,
                                  "Actual Total Time": 17.028,
                                  "Actual Rows": 274,
                                  "Actual Loops": 1,
                                  "Filter": "((d_qoy < 4) AND (d_year = 2001))",
                                  "Rows Removed by Filter": 72775
                                }
                              ]
                            }
                          ]
                        }
                      ]
                    }
                  ]
                },
                {
                  "Node Type": "Hash",
                  "Parent Relationship": "Inner",
                  "Parallel Aware": false,
                  "Startup Cost": 41036.00,
                  "Total Cost": 41036.00,
                  "Plan Rows": 1920800,
                  "Plan Width": 20,
                  "Actual Startup Time": 817.261,
                  "Actual Total Time": 817.261,
                  "Actual Rows": 1920800,
                  "Actual Loops": 1,
                  "Hash Buckets": 65536,
                  "Original Hash Buckets": 65536,
                  "Hash Batches": 32,
                  "Original Hash Batches": 32,
                  "Peak Memory Usage": 3581,
                  "Plans": [
                    {
                      "Node Type": "Seq Scan",
                      "Parent Relationship": "Outer",
                      "Parallel Aware": false,
                      "Relation Name": "customer_demographics",
                      "Alias": "customer_demographics",
                      "Startup Cost": 0.00,
                      "Total Cost": 41036.00,
                      "Plan Rows": 1920800,
                      "Plan Width": 20,
                      "Actual Startup Time": 0.013,
                      "Actual Total Time": 381.289,
                      "Actual Rows": 1920800,
                      "Actual Loops": 1
                    }
                  ]
                }
              ]
            },
            {
              "Node Type": "Hash",
              "Parent Relationship": "Inner",
              "Parallel Aware": false,
              "Startup Cost": 1587.00,
              "Total Cost": 1587.00,
              "Plan Rows": 50000,
              "Plan Width": 7,
              "Actual Startup Time": 23.173,
              "Actual Total Time": 23.173,
              "Actual Rows": 50000,
              "Actual Loops": 1,
              "Hash Buckets": 65536,
              "Original Hash Buckets": 65536,
              "Hash Batches": 1,
              "Original Hash Batches": 1,
              "Peak Memory Usage": 2460,
              "Plans": [
                {
                  "Node Type": "Seq Scan",
                  "Parent Relationship": "Outer",
                  "Parallel Aware": false,
                  "Relation Name": "customer_address",
                  "Alias": "customer_address",
                  "Startup Cost": 0.00,
                  "Total Cost": 1587.00,
                  "Plan Rows": 50000,
                  "Plan Width": 7,
                  "Actual Startup Time": 0.006,
                  "Actual Total Time": 12.360,
                  "Actual Rows": 50000,
                  "Actual Loops": 1
                }
              ]
            }
          ]
        }
      ]
    },
    "Planning Time": 0.687,
    "Triggers": [
    ],
    "Execution Time": 1314.493
  }
]
