[
  {
    "Plan": {
      "Node Type": "Aggregate",
      "Strategy": "Hashed",
      "Partial Mode": "Simple",
      "Parallel Aware": false,
      "Startup Cost": 35684.09,
      "Total Cost": 35717.56,
      "Plan Rows": 3347,
      "Plan Width": 56,
      "Actual Startup Time": 345.104,
      "Actual Total Time": 346.844,
      "Actual Rows": 10819,
      "Actual Loops": 1,
      "Group Key": ["customer.c_last_name", "customer.c_first_name", "date_dim.d_date"],
      "Plans": [
        {
          "Node Type": "Hash Join",
          "Parent Relationship": "Outer",
          "Parallel Aware": false,
          "Join Type": "Inner",
          "Startup Cost": 31395.52,
          "Total Cost": 35658.99,
          "Plan Rows": 3347,
          "Plan Width": 56,
          "Actual Startup Time": 206.486,
          "Actual Total Time": 283.606,
          "Actual Rows": 129588,
          "Actual Loops": 1,
          "Hash Cond": "(customer.c_customer_sk = web_sales.ws_bill_customer_sk)",
          "Plans": [
            {
              "Node Type": "Seq Scan",
              "Parent Relationship": "Outer",
              "Parallel Aware": false,
              "Relation Name": "customer",
              "Alias": "customer",
              "Startup Cost": 0.00,
              "Total Cost": 3855.00,
              "Plan Rows": 100000,
              "Plan Width": 56,
              "Actual Startup Time": 0.004,
              "Actual Total Time": 11.077,
              "Actual Rows": 94736,
              "Actual Loops": 1
            },
            {
              "Node Type": "Hash",
              "Parent Relationship": "Inner",
              "Parallel Aware": false,
              "Startup Cost": 31353.68,
              "Total Cost": 31353.68,
              "Plan Rows": 3347,
              "Plan Width": 8,
              "Actual Startup Time": 206.419,
              "Actual Total Time": 206.419,
              "Actual Rows": 129588,
              "Actual Loops": 1,
              "Hash Buckets": 131072,
              "Original Hash Buckets": 4096,
              "Hash Batches": 2,
              "Original Hash Batches": 1,
              "Peak Memory Usage": 3564,
              "Plans": [
                {
                  "Node Type": "Hash Join",
                  "Parent Relationship": "Outer",
                  "Parallel Aware": false,
                  "Join Type": "Inner",
                  "Startup Cost": 2504.98,
                  "Total Cost": 31353.68,
                  "Plan Rows": 3347,
                  "Plan Width": 8,
                  "Actual Startup Time": 8.848,
                  "Actual Total Time": 184.841,
                  "Actual Rows": 129588,
                  "Actual Loops": 1,
                  "Hash Cond": "(web_sales.ws_sold_date_sk = date_dim.d_date_sk)",
                  "Plans": [
                    {
                      "Node Type": "Seq Scan",
                      "Parent Relationship": "Outer",
                      "Parallel Aware": false,
                      "Relation Name": "web_sales",
                      "Alias": "web_sales",
                      "Startup Cost": 0.00,
                      "Total Cost": 26118.71,
                      "Plan Rows": 719071,
                      "Plan Width": 8,
                      "Actual Startup Time": 0.021,
                      "Actual Total Time": 95.373,
                      "Actual Rows": 648065,
                      "Actual Loops": 1
                    },
                    {
                      "Node Type": "Hash",
                      "Parent Relationship": "Inner",
                      "Parallel Aware": false,
                      "Startup Cost": 2500.73,
                      "Total Cost": 2500.73,
                      "Plan Rows": 340,
                      "Plan Width": 8,
                      "Actual Startup Time": 8.818,
                      "Actual Total Time": 8.818,
                      "Actual Rows": 366,
                      "Actual Loops": 1,
                      "Hash Buckets": 1024,
                      "Original Hash Buckets": 1024,
                      "Hash Batches": 1,
                      "Original Hash Batches": 1,
                      "Peak Memory Usage": 23,
                      "Plans": [
                        {
                          "Node Type": "Seq Scan",
                          "Parent Relationship": "Outer",
                          "Parallel Aware": false,
                          "Relation Name": "date_dim",
                          "Alias": "date_dim",
                          "Startup Cost": 0.00,
                          "Total Cost": 2500.73,
                          "Plan Rows": 340,
                          "Plan Width": 8,
                          "Actual Startup Time": 3.730,
                          "Actual Total Time": 8.774,
                          "Actual Rows": 366,
                          "Actual Loops": 1,
                          "Filter": "((d_month_seq >= 1191) AND (d_month_seq <= 1202))",
                          "Rows Removed by Filter": 72683
                        }
                      ]
                    }
                  ]
                }
              ]
            }
          ]
        }
      ]
    },
    "Planning Time": 0.207,
    "Triggers": [
    ],
    "Execution Time": 347.279
  }
]
