[
  {
    "Plan": {
      "Node Type": "Unique",
      "Parallel Aware": false,
      "Startup Cost": 10000251855.13,
      "Total Cost": 10000252462.08,
      "Plan Rows": 17964,
      "Plan Width": 204,
      "Actual Startup Time": 20197.480,
      "Actual Total Time": 24504.369,
      "Actual Rows": 11998,
      "Actual Loops": 1,
      "Plans": [
        {
          "Node Type": "Sort",
          "Parent Relationship": "Outer",
          "Parallel Aware": false,
          "Startup Cost": 10000251855.13,
          "Total Cost": 10000251976.52,
          "Plan Rows": 48556,
          "Plan Width": 204,
          "Actual Startup Time": 20197.479,
          "Actual Total Time": 23391.563,
          "Actual Rows": 2385000,
          "Actual Loops": 1,
          "Sort Key": ["item.i_product_name", "item.i_brand", "item.i_class", "item.i_category"],
          "Sort Method": "external merge",
          "Sort Space Used": 497688,
          "Sort Space Type": "Disk",
          "Plans": [
            {
              "Node Type": "Hash Join",
              "Parent Relationship": "Outer",
              "Parallel Aware": false,
              "Join Type": "Inner",
              "Startup Cost": 4656.62,
              "Total Cost": 243259.68,
              "Plan Rows": 48556,
              "Plan Width": 204,
              "Actual Startup Time": 766.408,
              "Actual Total Time": 3897.911,
              "Actual Rows": 2385000,
              "Actual Loops": 1,
              "Hash Cond": "(inventory.inv_warehouse_sk = warehouse.w_warehouse_sk)",
              "Plans": [
                {
                  "Node Type": "Hash Join",
                  "Parent Relationship": "Outer",
                  "Parallel Aware": false,
                  "Join Type": "Inner",
                  "Startup Cost": 4655.51,
                  "Total Cost": 242590.93,
                  "Plan Rows": 48556,
                  "Plan Width": 208,
                  "Actual Startup Time": 766.398,
                  "Actual Total Time": 3411.428,
                  "Actual Rows": 2385000,
                  "Actual Loops": 1,
                  "Hash Cond": "(inventory.inv_item_sk = item.i_item_sk)",
                  "Plans": [
                    {
                      "Node Type": "Hash Join",
                      "Parent Relationship": "Outer",
                      "Parallel Aware": false,
                      "Join Type": "Inner",
                      "Startup Cost": 2504.51,
                      "Total Cost": 238882.28,
                      "Plan Rows": 48556,
                      "Plan Width": 8,
                      "Actual Startup Time": 755.187,
                      "Actual Total Time": 2373.674,
                      "Actual Rows": 2385000,
                      "Actual Loops": 1,
                      "Hash Cond": "(inventory.inv_date_sk = date_dim.d_date_sk)",
                      "Plans": [
                        {
                          "Node Type": "Seq Scan",
                          "Parent Relationship": "Outer",
                          "Parallel Aware": false,
                          "Relation Name": "inventory",
                          "Alias": "inventory",
                          "Startup Cost": 0.00,
                          "Total Cost": 191848.88,
                          "Plan Rows": 11744888,
                          "Plan Width": 12,
                          "Actual Startup Time": 0.039,
                          "Actual Total Time": 1028.992,
                          "Actual Rows": 11745000,
                          "Actual Loops": 1
                        },
                        {
                          "Node Type": "Hash",
                          "Parent Relationship": "Inner",
                          "Parallel Aware": false,
                          "Startup Cost": 2500.73,
                          "Total Cost": 2500.73,
                          "Plan Rows": 302,
                          "Plan Width": 4,
                          "Actual Startup Time": 11.344,
                          "Actual Total Time": 11.344,
                          "Actual Rows": 366,
                          "Actual Loops": 1,
                          "Hash Buckets": 1024,
                          "Original Hash Buckets": 1024,
                          "Hash Batches": 1,
                          "Original Hash Batches": 1,
                          "Peak Memory Usage": 21,
                          "Plans": [
                            {
                              "Node Type": "Seq Scan",
                              "Parent Relationship": "Outer",
                              "Parallel Aware": false,
                              "Relation Name": "date_dim",
                              "Alias": "date_dim",
                              "Startup Cost": 0.00,
                              "Total Cost": 2500.73,
                              "Plan Rows": 302,
                              "Plan Width": 4,
                              "Actual Startup Time": 4.434,
                              "Actual Total Time": 11.281,
                              "Actual Rows": 366,
                              "Actual Loops": 1,
                              "Filter": "((d_month_seq >= 1199) AND (d_month_seq <= 1210))",
                              "Rows Removed by Filter": 72683
                            }
                          ]
                        }
                      ]
                    },
                    {
                      "Node Type": "Hash",
                      "Parent Relationship": "Inner",
                      "Parallel Aware": false,
                      "Startup Cost": 1416.00,
                      "Total Cost": 1416.00,
                      "Plan Rows": 18000,
                      "Plan Width": 208,
                      "Actual Startup Time": 11.189,
                      "Actual Total Time": 11.189,
                      "Actual Rows": 18000,
                      "Actual Loops": 1,
                      "Hash Buckets": 32768,
                      "Original Hash Buckets": 32768,
                      "Hash Batches": 2,
                      "Original Hash Batches": 2,
                      "Peak Memory Usage": 2385,
                      "Plans": [
                        {
                          "Node Type": "Seq Scan",
                          "Parent Relationship": "Outer",
                          "Parallel Aware": false,
                          "Relation Name": "item",
                          "Alias": "item",
                          "Startup Cost": 0.00,
                          "Total Cost": 1416.00,
                          "Plan Rows": 18000,
                          "Plan Width": 208,
                          "Actual Startup Time": 0.003,
                          "Actual Total Time": 5.347,
                          "Actual Rows": 18000,
                          "Actual Loops": 1
                        }
                      ]
                    }
                  ]
                },
                {
                  "Node Type": "Hash",
                  "Parent Relationship": "Inner",
                  "Parallel Aware": false,
                  "Startup Cost": 1.05,
                  "Total Cost": 1.05,
                  "Plan Rows": 5,
                  "Plan Width": 4,
                  "Actual Startup Time": 0.006,
                  "Actual Total Time": 0.006,
                  "Actual Rows": 5,
                  "Actual Loops": 1,
                  "Hash Buckets": 1024,
                  "Original Hash Buckets": 1024,
                  "Hash Batches": 1,
                  "Original Hash Batches": 1,
                  "Peak Memory Usage": 9,
                  "Plans": [
                    {
                      "Node Type": "Seq Scan",
                      "Parent Relationship": "Outer",
                      "Parallel Aware": false,
                      "Relation Name": "warehouse",
                      "Alias": "warehouse",
                      "Startup Cost": 0.00,
                      "Total Cost": 1.05,
                      "Plan Rows": 5,
                      "Plan Width": 4,
                      "Actual Startup Time": 0.004,
                      "Actual Total Time": 0.004,
                      "Actual Rows": 5,
                      "Actual Loops": 1
                    }
                  ]
                }
              ]
            }
          ]
        }
      ]
    },
    "Planning Time": 0.229,
    "Triggers": [
    ],
    "Execution Time": 24571.864
  }
]
