[
  {
    "Plan": {
      "Node Type": "Aggregate",
      "Strategy": "Hashed",
      "Partial Mode": "Simple",
      "Parallel Aware": false,
      "Startup Cost": 90736.19,
      "Total Cost": 90740.64,
      "Plan Rows": 445,
      "Plan Width": 170,
      "Actual Startup Time": 892.382,
      "Actual Total Time": 892.754,
      "Actual Rows": 1756,
      "Actual Loops": 1,
      "Group Key": ["item.i_category", "item.i_class", "item.i_brand", "store.s_store_name", "store.s_company_name", "date_dim.d_moy"],
      "Plans": [
        {
          "Node Type": "Hash Join",
          "Parent Relationship": "Outer",
          "Parallel Aware": false,
          "Join Type": "Inner",
          "Startup Cost": 4017.60,
          "Total Cost": 90729.51,
          "Plan Rows": 445,
          "Plan Width": 170,
          "Actual Startup Time": 35.407,
          "Actual Total Time": 820.286,
          "Actual Rows": 56334,
          "Actual Loops": 1,
          "Hash Cond": "(store_sales.ss_store_sk = store.s_store_sk)",
          "Plans": [
            {
              "Node Type": "Hash Join",
              "Parent Relationship": "Outer",
              "Parallel Aware": false,
              "Join Type": "Inner",
              "Startup Cost": 4016.33,
              "Total Cost": 90722.12,
              "Plan Rows": 445,
              "Plan Width": 161,
              "Actual Startup Time": 35.394,
              "Actual Total Time": 803.870,
              "Actual Rows": 56334,
              "Actual Loops": 1,
              "Hash Cond": "(store_sales.ss_item_sk = item.i_item_sk)",
              "Plans": [
                {
                  "Node Type": "Hash Join",
                  "Parent Relationship": "Outer",
                  "Parallel Aware": false,
                  "Join Type": "Inner",
                  "Startup Cost": 2322.65,
                  "Total Cost": 88975.13,
                  "Plan Rows": 13032,
                  "Plan Width": 12,
                  "Actual Startup Time": 16.287,
                  "Actual Total Time": 697.241,
                  "Actual Rows": 496217,
                  "Actual Loops": 1,
                  "Hash Cond": "(store_sales.ss_sold_date_sk = date_dim.d_date_sk)",
                  "Plans": [
                    {
                      "Node Type": "Seq Scan",
                      "Parent Relationship": "Outer",
                      "Parallel Aware": false,
                      "Relation Name": "store_sales",
                      "Alias": "store_sales",
                      "Startup Cost": 0.00,
                      "Total Cost": 76687.57,
                      "Plan Rows": 2622557,
                      "Plan Width": 12,
                      "Actual Startup Time": 0.046,
                      "Actual Total Time": 336.915,
                      "Actual Rows": 2485280,
                      "Actual Loops": 1
                    },
                    {
                      "Node Type": "Hash",
                      "Parent Relationship": "Inner",
                      "Parallel Aware": false,
                      "Startup Cost": 2318.11,
                      "Total Cost": 2318.11,
                      "Plan Rows": 363,
                      "Plan Width": 8,
                      "Actual Startup Time": 16.218,
                      "Actual Total Time": 16.218,
                      "Actual Rows": 365,
                      "Actual Loops": 1,
                      "Hash Buckets": 1024,
                      "Original Hash Buckets": 1024,
                      "Hash Batches": 1,
                      "Original Hash Batches": 1,
                      "Peak Memory Usage": 23,
                      "Plans": [
                        {
                          "Node Type": "Seq Scan",
                          "Parent Relationship": "Outer",
                          "Parallel Aware": false,
                          "Relation Name": "date_dim",
                          "Alias": "date_dim",
                          "Startup Cost": 0.00,
                          "Total Cost": 2318.11,
                          "Plan Rows": 363,
                          "Plan Width": 8,
                          "Actual Startup Time": 9.536,
                          "Actual Total Time": 16.125,
                          "Actual Rows": 365,
                          "Actual Loops": 1,
                          "Filter": "(d_year = 2002)",
                          "Rows Removed by Filter": 72684
                        }
                      ]
                    }
                  ]
                },
                {
                  "Node Type": "Hash",
                  "Parent Relationship": "Inner",
                  "Parallel Aware": false,
                  "Startup Cost": 1686.00,
                  "Total Cost": 1686.00,
                  "Plan Rows": 614,
                  "Plan Width": 157,
                  "Actual Startup Time": 19.103,
                  "Actual Total Time": 19.103,
                  "Actual Rows": 2060,
                  "Actual Loops": 1,
                  "Hash Buckets": 4096,
                  "Original Hash Buckets": 1024,
                  "Hash Batches": 1,
                  "Original Hash Batches": 1,
                  "Peak Memory Usage": 419,
                  "Plans": [
                    {
                      "Node Type": "Seq Scan",
                      "Parent Relationship": "Outer",
                      "Parallel Aware": false,
                      "Relation Name": "item",
                      "Alias": "item",
                      "Startup Cost": 0.00,
                      "Total Cost": 1686.00,
                      "Plan Rows": 614,
                      "Plan Width": 157,
                      "Actual Startup Time": 0.004,
                      "Actual Total Time": 18.422,
                      "Actual Rows": 2060,
                      "Actual Loops": 1,
                      "Filter": "(((i_category = ANY ('{Jewelry,Women,Shoes}'::bpchar[])) AND (i_class = ANY ('{\"mens watch\",dresses,mens}'::bpchar[]))) OR ((i_category = ANY ('{Men,Sports,Music}'::bpchar[])) AND (i_class = ANY ('{sports-apparel,sailing,pop}'::bpchar[]))))",
                      "Rows Removed by Filter": 15940
                    }
                  ]
                }
              ]
            },
            {
              "Node Type": "Hash",
              "Parent Relationship": "Inner",
              "Parallel Aware": false,
              "Startup Cost": 1.12,
              "Total Cost": 1.12,
              "Plan Rows": 12,
              "Plan Width": 17,
              "Actual Startup Time": 0.010,
              "Actual Total Time": 0.010,
              "Actual Rows": 12,
              "Actual Loops": 1,
              "Hash Buckets": 1024,
              "Original Hash Buckets": 1024,
              "Hash Batches": 1,
              "Original Hash Batches": 1,
              "Peak Memory Usage": 9,
              "Plans": [
                {
                  "Node Type": "Seq Scan",
                  "Parent Relationship": "Outer",
                  "Parallel Aware": false,
                  "Relation Name": "store",
                  "Alias": "store",
                  "Startup Cost": 0.00,
                  "Total Cost": 1.12,
                  "Plan Rows": 12,
                  "Plan Width": 17,
                  "Actual Startup Time": 0.004,
                  "Actual Total Time": 0.008,
                  "Actual Rows": 12,
                  "Actual Loops": 1
                }
              ]
            }
          ]
        }
      ]
    },
    "Planning Time": 0.333,
    "Triggers": [
    ],
    "Execution Time": 892.859
  }
]
