[
  {
    "Plan": {
      "Node Type": "Aggregate",
      "Strategy": "Hashed",
      "Partial Mode": "Simple",
      "Parallel Aware": false,
      "Startup Cost": 7090.39,
      "Total Cost": 7122.35,
      "Plan Rows": 3196,
      "Plan Width": 11,
      "Actual Startup Time": 68.429,
      "Actual Total Time": 69.809,
      "Actual Rows": 3129,
      "Actual Loops": 1,
      "Group Key": ["customer_address.ca_zip"],
      "Plans": [
        {
          "Node Type": "Hash Join",
          "Parent Relationship": "Outer",
          "Parallel Aware": false,
          "Join Type": "Inner",
          "Startup Cost": 2212.00,
          "Total Cost": 6971.40,
          "Plan Rows": 47593,
          "Plan Width": 11,
          "Actual Startup Time": 20.458,
          "Actual Total Time": 58.054,
          "Actual Rows": 46069,
          "Actual Loops": 1,
          "Hash Cond": "(customer.c_current_addr_sk = customer_address.ca_address_sk)",
          "Plans": [
            {
              "Node Type": "Seq Scan",
              "Parent Relationship": "Outer",
              "Parallel Aware": false,
              "Relation Name": "customer",
              "Alias": "customer",
              "Startup Cost": 0.00,
              "Total Cost": 4105.00,
              "Plan Rows": 47593,
              "Plan Width": 4,
              "Actual Startup Time": 0.010,
              "Actual Total Time": 20.972,
              "Actual Rows": 46069,
              "Actual Loops": 1,
              "Filter": "(c_preferred_cust_flag = 'Y'::bpchar)",
              "Rows Removed by Filter": 48667
            },
            {
              "Node Type": "Hash",
              "Parent Relationship": "Inner",
              "Parallel Aware": false,
              "Startup Cost": 1587.00,
              "Total Cost": 1587.00,
              "Plan Rows": 50000,
              "Plan Width": 15,
              "Actual Startup Time": 20.415,
              "Actual Total Time": 20.415,
              "Actual Rows": 50000,
              "Actual Loops": 1,
              "Hash Buckets": 65536,
              "Original Hash Buckets": 65536,
              "Hash Batches": 1,
              "Original Hash Batches": 1,
              "Peak Memory Usage": 2838,
              "Plans": [
                {
                  "Node Type": "Seq Scan",
                  "Parent Relationship": "Outer",
                  "Parallel Aware": false,
                  "Relation Name": "customer_address",
                  "Alias": "customer_address",
                  "Startup Cost": 0.00,
                  "Total Cost": 1587.00,
                  "Plan Rows": 50000,
                  "Plan Width": 15,
                  "Actual Startup Time": 0.005,
                  "Actual Total Time": 10.569,
                  "Actual Rows": 50000,
                  "Actual Loops": 1
                }
              ]
            }
          ]
        }
      ]
    },
    "Planning Time": 27.092,
    "Triggers": [
    ],
    "Execution Time": 70.908
  }
]
