[
  {
    "Plan": {
      "Node Type": "Aggregate",
      "Strategy": "Hashed",
      "Partial Mode": "Simple",
      "Parallel Aware": false,
      "Startup Cost": 61262.19,
      "Total Cost": 61263.92,
      "Plan Rows": 173,
      "Plan Width": 227,
      "Actual Startup Time": 334.587,
      "Actual Total Time": 335.043,
      "Actual Rows": 2130,
      "Actual Loops": 1,
      "Group Key": ["item.i_item_id", "item.i_item_desc", "item.i_category", "item.i_class", "item.i_current_price"],
      "Plans": [
        {
          "Node Type": "Hash Join",
          "Parent Relationship": "Outer",
          "Parallel Aware": false,
          "Join Type": "Inner",
          "Startup Cost": 4053.16,
          "Total Cost": 61260.02,
          "Plan Rows": 173,
          "Plan Width": 227,
          "Actual Startup Time": 79.545,
          "Actual Total Time": 331.477,
          "Actual Rows": 4077,
          "Actual Loops": 1,
          "Hash Cond": "(catalog_sales.cs_item_sk = item.i_item_sk)",
          "Plans": [
            {
              "Node Type": "Hash Join",
              "Parent Relationship": "Outer",
              "Parallel Aware": false,
              "Join Type": "Inner",
              "Startup Cost": 2501.10,
              "Total Cost": 59704.10,
              "Plan Rows": 567,
              "Plan Width": 4,
              "Actual Startup Time": 70.377,
              "Actual Total Time": 319.961,
              "Actual Rows": 13401,
              "Actual Loops": 1,
              "Hash Cond": "(catalog_sales.cs_sold_date_sk = date_dim.d_date_sk)",
              "Plans": [
                {
                  "Node Type": "Seq Scan",
                  "Parent Relationship": "Outer",
                  "Parallel Aware": false,
                  "Relation Name": "catalog_sales",
                  "Alias": "catalog_sales",
                  "Startup Cost": 0.00,
                  "Total Cost": 51844.70,
                  "Plan Rows": 1427370,
                  "Plan Width": 8,
                  "Actual Startup Time": 0.023,
                  "Actual Total Time": 191.291,
                  "Actual Rows": 1343425,
                  "Actual Loops": 1
                },
                {
                  "Node Type": "Hash",
                  "Parent Relationship": "Inner",
                  "Parallel Aware": false,
                  "Startup Cost": 2500.73,
                  "Total Cost": 2500.73,
                  "Plan Rows": 29,
                  "Plan Width": 4,
                  "Actual Startup Time": 8.175,
                  "Actual Total Time": 8.175,
                  "Actual Rows": 31,
                  "Actual Loops": 1,
                  "Hash Buckets": 1024,
                  "Original Hash Buckets": 1024,
                  "Hash Batches": 1,
                  "Original Hash Batches": 1,
                  "Peak Memory Usage": 10,
                  "Plans": [
                    {
                      "Node Type": "Seq Scan",
                      "Parent Relationship": "Outer",
                      "Parallel Aware": false,
                      "Relation Name": "date_dim",
                      "Alias": "date_dim",
                      "Startup Cost": 0.00,
                      "Total Cost": 2500.73,
                      "Plan Rows": 29,
                      "Plan Width": 4,
                      "Actual Startup Time": 3.630,
                      "Actual Total Time": 8.171,
                      "Actual Rows": 31,
                      "Actual Loops": 1,
                      "Filter": "((d_date >= '1999-06-20'::date) AND (d_date <= '1999-07-20'::date))",
                      "Rows Removed by Filter": 73018
                    }
                  ]
                }
              ]
            },
            {
              "Node Type": "Hash",
              "Parent Relationship": "Inner",
              "Parallel Aware": false,
              "Startup Cost": 1483.50,
              "Total Cost": 1483.50,
              "Plan Rows": 5485,
              "Plan Width": 231,
              "Actual Startup Time": 8.906,
              "Actual Total Time": 8.907,
              "Actual Rows": 5485,
              "Actual Loops": 1,
              "Hash Buckets": 8192,
              "Original Hash Buckets": 8192,
              "Hash Batches": 1,
              "Original Hash Batches": 1,
              "Peak Memory Usage": 1496,
              "Plans": [
                {
                  "Node Type": "Seq Scan",
                  "Parent Relationship": "Outer",
                  "Parallel Aware": false,
                  "Relation Name": "item",
                  "Alias": "item",
                  "Startup Cost": 0.00,
                  "Total Cost": 1483.50,
                  "Plan Rows": 5485,
                  "Plan Width": 231,
                  "Actual Startup Time": 0.008,
                  "Actual Total Time": 7.519,
                  "Actual Rows": 5485,
                  "Actual Loops": 1,
                  "Filter": "(i_category = ANY ('{Shoes,Women}'::bpchar[]))",
                  "Rows Removed by Filter": 12515
                }
              ]
            }
          ]
        }
      ]
    },
    "Planning Time": 0.215,
    "Triggers": [
    ],
    "Execution Time": 335.150
  }
]
