[
  {
    "Plan": {
      "Node Type": "Aggregate",
      "Strategy": "Hashed",
      "Partial Mode": "Simple",
      "Parallel Aware": false,
      "Startup Cost": 91756.64,
      "Total Cost": 91763.01,
      "Plan Rows": 637,
      "Plan Width": 13,
      "Actual Startup Time": 592.188,
      "Actual Total Time": 592.456,
      "Actual Rows": 2135,
      "Actual Loops": 1,
      "Group Key": ["store_sales.ss_ticket_number", "customer_address.ca_city"],
      "Plans": [
        {
          "Node Type": "Hash Join",
          "Parent Relationship": "Outer",
          "Parallel Aware": false,
          "Join Type": "Inner",
          "Startup Cost": 5172.36,
          "Total Cost": 91753.45,
          "Plan Rows": 637,
          "Plan Width": 13,
          "Actual Startup Time": 49.785,
          "Actual Total Time": 585.124,
          "Actual Rows": 23551,
          "Actual Loops": 1,
          "Hash Cond": "(store_sales.ss_addr_sk = customer_address.ca_address_sk)",
          "Plans": [
            {
              "Node Type": "Hash Join",
              "Parent Relationship": "Outer",
              "Parallel Aware": false,
              "Join Type": "Inner",
              "Startup Cost": 2960.36,
              "Total Cost": 89532.69,
              "Plan Rows": 637,
              "Plan Width": 8,
              "Actual Startup Time": 22.814,
              "Actual Total Time": 552.060,
              "Actual Rows": 23551,
              "Actual Loops": 1,
              "Hash Cond": "(store_sales.ss_store_sk = store.s_store_sk)",
              "Plans": [
                {
                  "Node Type": "Hash Join",
                  "Parent Relationship": "Outer",
                  "Parallel Aware": false,
                  "Join Type": "Inner",
                  "Startup Cost": 2959.06,
                  "Total Cost": 89522.63,
                  "Plan Rows": 637,
                  "Plan Width": 12,
                  "Actual Startup Time": 22.782,
                  "Actual Total Time": 546.829,
                  "Actual Rows": 23551,
                  "Actual Loops": 1,
                  "Hash Cond": "(store_sales.ss_hdemo_sk = household_demographics.hd_demo_sk)",
                  "Plans": [
                    {
                      "Node Type": "Hash Join",
                      "Parent Relationship": "Outer",
                      "Parallel Aware": false,
                      "Join Type": "Inner",
                      "Startup Cost": 2775.56,
                      "Total Cost": 89323.21,
                      "Plan Rows": 2549,
                      "Plan Width": 16,
                      "Actual Startup Time": 20.088,
                      "Actual Total Time": 532.047,
                      "Actual Rows": 95483,
                      "Actual Loops": 1,
                      "Hash Cond": "(store_sales.ss_sold_date_sk = date_dim.d_date_sk)",
                      "Plans": [
                        {
                          "Node Type": "Seq Scan",
                          "Parent Relationship": "Outer",
                          "Parallel Aware": false,
                          "Relation Name": "store_sales",
                          "Alias": "store_sales",
                          "Startup Cost": 0.00,
                          "Total Cost": 76687.57,
                          "Plan Rows": 2622557,
                          "Plan Width": 20,
                          "Actual Startup Time": 0.028,
                          "Actual Total Time": 290.255,
                          "Actual Rows": 2485280,
                          "Actual Loops": 1
                        },
                        {
                          "Node Type": "Hash",
                          "Parent Relationship": "Inner",
                          "Parallel Aware": false,
                          "Startup Cost": 2774.67,
                          "Total Cost": 2774.67,
                          "Plan Rows": 71,
                          "Plan Width": 4,
                          "Actual Startup Time": 19.998,
                          "Actual Total Time": 19.998,
                          "Actual Rows": 72,
                          "Actual Loops": 1,
                          "Hash Buckets": 1024,
                          "Original Hash Buckets": 1024,
                          "Hash Batches": 1,
                          "Original Hash Batches": 1,
                          "Peak Memory Usage": 11,
                          "Plans": [
                            {
                              "Node Type": "Seq Scan",
                              "Parent Relationship": "Outer",
                              "Parallel Aware": false,
                              "Relation Name": "date_dim",
                              "Alias": "date_dim",
                              "Startup Cost": 0.00,
                              "Total Cost": 2774.67,
                              "Plan Rows": 71,
                              "Plan Width": 4,
                              "Actual Startup Time": 12.810,
                              "Actual Total Time": 19.966,
                              "Actual Rows": 72,
                              "Actual Loops": 1,
                              "Filter": "((d_dom >= 1) AND (d_dom <= 2) AND (d_year = ANY ('{1998,1999,2000}'::integer[])))",
                              "Rows Removed by Filter": 72977
                            }
                          ]
                        }
                      ]
                    },
                    {
                      "Node Type": "Hash",
                      "Parent Relationship": "Inner",
                      "Parallel Aware": false,
                      "Startup Cost": 161.00,
                      "Total Cost": 161.00,
                      "Plan Rows": 1800,
                      "Plan Width": 4,
                      "Actual Startup Time": 2.313,
                      "Actual Total Time": 2.313,
                      "Actual Rows": 1800,
                      "Actual Loops": 1,
                      "Hash Buckets": 2048,
                      "Original Hash Buckets": 2048,
                      "Hash Batches": 1,
                      "Original Hash Batches": 1,
                      "Peak Memory Usage": 80,
                      "Plans": [
                        {
                          "Node Type": "Seq Scan",
                          "Parent Relationship": "Outer",
                          "Parallel Aware": false,
                          "Relation Name": "household_demographics",
                          "Alias": "household_demographics",
                          "Startup Cost": 0.00,
                          "Total Cost": 161.00,
                          "Plan Rows": 1800,
                          "Plan Width": 4,
                          "Actual Startup Time": 0.216,
                          "Actual Total Time": 1.990,
                          "Actual Rows": 1800,
                          "Actual Loops": 1,
                          "Filter": "((hd_dep_count = 9) OR (hd_vehicle_count = 3))",
                          "Rows Removed by Filter": 5400
                        }
                      ]
                    }
                  ]
                },
                {
                  "Node Type": "Hash",
                  "Parent Relationship": "Inner",
                  "Parallel Aware": false,
                  "Startup Cost": 1.15,
                  "Total Cost": 1.15,
                  "Plan Rows": 12,
                  "Plan Width": 4,
                  "Actual Startup Time": 0.021,
                  "Actual Total Time": 0.021,
                  "Actual Rows": 12,
                  "Actual Loops": 1,
                  "Hash Buckets": 1024,
                  "Original Hash Buckets": 1024,
                  "Hash Batches": 1,
                  "Original Hash Batches": 1,
                  "Peak Memory Usage": 9,
                  "Plans": [
                    {
                      "Node Type": "Seq Scan",
                      "Parent Relationship": "Outer",
                      "Parallel Aware": false,
                      "Relation Name": "store",
                      "Alias": "store",
                      "Startup Cost": 0.00,
                      "Total Cost": 1.15,
                      "Plan Rows": 12,
                      "Plan Width": 4,
                      "Actual Startup Time": 0.011,
                      "Actual Total Time": 0.019,
                      "Actual Rows": 12,
                      "Actual Loops": 1,
                      "Filter": "((s_city)::text = ANY ('{Midway,Fairview}'::text[]))",
                      "Rows Removed by Filter": 0
                    }
                  ]
                }
              ]
            },
            {
              "Node Type": "Hash",
              "Parent Relationship": "Inner",
              "Parallel Aware": false,
              "Startup Cost": 1587.00,
              "Total Cost": 1587.00,
              "Plan Rows": 50000,
              "Plan Width": 13,
              "Actual Startup Time": 26.949,
              "Actual Total Time": 26.949,
              "Actual Rows": 50000,
              "Actual Loops": 1,
              "Hash Buckets": 65536,
              "Original Hash Buckets": 65536,
              "Hash Batches": 1,
              "Original Hash Batches": 1,
              "Peak Memory Usage": 2807,
              "Plans": [
                {
                  "Node Type": "Seq Scan",
                  "Parent Relationship": "Outer",
                  "Parallel Aware": false,
                  "Relation Name": "customer_address",
                  "Alias": "customer_address",
                  "Startup Cost": 0.00,
                  "Total Cost": 1587.00,
                  "Plan Rows": 50000,
                  "Plan Width": 13,
                  "Actual Startup Time": 0.005,
                  "Actual Total Time": 13.352,
                  "Actual Rows": 50000,
                  "Actual Loops": 1
                }
              ]
            }
          ]
        }
      ]
    },
    "Planning Time": 0.360,
    "Triggers": [
    ],
    "Execution Time": 592.571
  }
]
