[
  {
    "Plan": {
      "Node Type": "Aggregate",
      "Strategy": "Hashed",
      "Partial Mode": "Simple",
      "Parallel Aware": false,
      "Startup Cost": 89545.06,
      "Total Cost": 89550.25,
      "Plan Rows": 519,
      "Plan Width": 4,
      "Actual Startup Time": 562.297,
      "Actual Total Time": 562.521,
      "Actual Rows": 1960,
      "Actual Loops": 1,
      "Group Key": ["store_sales.ss_ticket_number"],
      "Plans": [
        {
          "Node Type": "Hash Join",
          "Parent Relationship": "Outer",
          "Parallel Aware": false,
          "Join Type": "Inner",
          "Startup Cost": 2974.22,
          "Total Cost": 89543.76,
          "Plan Rows": 519,
          "Plan Width": 4,
          "Actual Startup Time": 19.166,
          "Actual Total Time": 557.610,
          "Actual Rows": 21189,
          "Actual Loops": 1,
          "Hash Cond": "(store_sales.ss_store_sk = store.s_store_sk)",
          "Plans": [
            {
              "Node Type": "Hash Join",
              "Parent Relationship": "Outer",
              "Parallel Aware": false,
              "Join Type": "Inner",
              "Startup Cost": 2972.89,
              "Total Cost": 89535.29,
              "Plan Rows": 519,
              "Plan Width": 8,
              "Actual Startup Time": 19.134,
              "Actual Total Time": 552.834,
              "Actual Rows": 21189,
              "Actual Loops": 1,
              "Hash Cond": "(store_sales.ss_hdemo_sk = household_demographics.hd_demo_sk)",
              "Plans": [
                {
                  "Node Type": "Hash Join",
                  "Parent Relationship": "Outer",
                  "Parallel Aware": false,
                  "Join Type": "Inner",
                  "Startup Cost": 2775.56,
                  "Total Cost": 89323.21,
                  "Plan Rows": 2549,
                  "Plan Width": 12,
                  "Actual Startup Time": 14.989,
                  "Actual Total Time": 537.070,
                  "Actual Rows": 95483,
                  "Actual Loops": 1,
                  "Hash Cond": "(store_sales.ss_sold_date_sk = date_dim.d_date_sk)",
                  "Plans": [
                    {
                      "Node Type": "Seq Scan",
                      "Parent Relationship": "Outer",
                      "Parallel Aware": false,
                      "Relation Name": "store_sales",
                      "Alias": "store_sales",
                      "Startup Cost": 0.00,
                      "Total Cost": 76687.57,
                      "Plan Rows": 2622557,
                      "Plan Width": 16,
                      "Actual Startup Time": 0.041,
                      "Actual Total Time": 295.684,
                      "Actual Rows": 2485280,
                      "Actual Loops": 1
                    },
                    {
                      "Node Type": "Hash",
                      "Parent Relationship": "Inner",
                      "Parallel Aware": false,
                      "Startup Cost": 2774.67,
                      "Total Cost": 2774.67,
                      "Plan Rows": 71,
                      "Plan Width": 4,
                      "Actual Startup Time": 14.882,
                      "Actual Total Time": 14.882,
                      "Actual Rows": 72,
                      "Actual Loops": 1,
                      "Hash Buckets": 1024,
                      "Original Hash Buckets": 1024,
                      "Hash Batches": 1,
                      "Original Hash Batches": 1,
                      "Peak Memory Usage": 11,
                      "Plans": [
                        {
                          "Node Type": "Seq Scan",
                          "Parent Relationship": "Outer",
                          "Parallel Aware": false,
                          "Relation Name": "date_dim",
                          "Alias": "date_dim",
                          "Startup Cost": 0.00,
                          "Total Cost": 2774.67,
                          "Plan Rows": 71,
                          "Plan Width": 4,
                          "Actual Startup Time": 7.581,
                          "Actual Total Time": 14.856,
                          "Actual Rows": 72,
                          "Actual Loops": 1,
                          "Filter": "((d_dom >= 1) AND (d_dom <= 2) AND (d_year = ANY ('{1998,1999,2000}'::integer[])))",
                          "Rows Removed by Filter": 72977
                        }
                      ]
                    }
                  ]
                },
                {
                  "Node Type": "Hash",
                  "Parent Relationship": "Inner",
                  "Parallel Aware": false,
                  "Startup Cost": 179.00,
                  "Total Cost": 179.00,
                  "Plan Rows": 1467,
                  "Plan Width": 4,
                  "Actual Startup Time": 3.457,
                  "Actual Total Time": 3.457,
                  "Actual Rows": 1600,
                  "Actual Loops": 1,
                  "Hash Buckets": 2048,
                  "Original Hash Buckets": 2048,
                  "Hash Batches": 1,
                  "Original Hash Batches": 1,
                  "Peak Memory Usage": 73,
                  "Plans": [
                    {
                      "Node Type": "Seq Scan",
                      "Parent Relationship": "Outer",
                      "Parallel Aware": false,
                      "Relation Name": "household_demographics",
                      "Alias": "household_demographics",
                      "Startup Cost": 0.00,
                      "Total Cost": 179.00,
                      "Plan Rows": 1467,
                      "Plan Width": 4,
                      "Actual Startup Time": 0.281,
                      "Actual Total Time": 3.049,
                      "Actual Rows": 1600,
                      "Actual Loops": 1,
                      "Filter": "((hd_vehicle_count > 0) AND ((hd_buy_potential = 'gt10000'::bpchar) OR (hd_buy_potential = 'from5001to10000'::bpchar)))",
                      "Rows Removed by Filter": 5600
                    }
                  ]
                }
              ]
            },
            {
              "Node Type": "Hash",
              "Parent Relationship": "Inner",
              "Parallel Aware": false,
              "Startup Cost": 1.18,
              "Total Cost": 1.18,
              "Plan Rows": 12,
              "Plan Width": 4,
              "Actual Startup Time": 0.026,
              "Actual Total Time": 0.026,
              "Actual Rows": 12,
              "Actual Loops": 1,
              "Hash Buckets": 1024,
              "Original Hash Buckets": 1024,
              "Hash Batches": 1,
              "Original Hash Batches": 1,
              "Peak Memory Usage": 9,
              "Plans": [
                {
                  "Node Type": "Seq Scan",
                  "Parent Relationship": "Outer",
                  "Parallel Aware": false,
                  "Relation Name": "store",
                  "Alias": "store",
                  "Startup Cost": 0.00,
                  "Total Cost": 1.18,
                  "Plan Rows": 12,
                  "Plan Width": 4,
                  "Actual Startup Time": 0.012,
                  "Actual Total Time": 0.018,
                  "Actual Rows": 12,
                  "Actual Loops": 1,
                  "Filter": "((s_county)::text = ANY ('{\"Williamson County\",\"Williamson County\",\"Williamson County\",\"Williamson County\"}'::text[]))",
                  "Rows Removed by Filter": 0
                }
              ]
            }
          ]
        }
      ]
    },
    "Planning Time": 0.487,
    "Triggers": [
    ],
    "Execution Time": 562.636
  }
]
