[
  {
    "Plan": {
      "Node Type": "Aggregate",
      "Strategy": "Hashed",
      "Partial Mode": "Simple",
      "Parallel Aware": false,
      "Startup Cost": 64167.89,
      "Total Cost": 64226.90,
      "Plan Rows": 5901,
      "Plan Width": 56,
      "Actual Startup Time": 628.413,
      "Actual Total Time": 634.399,
      "Actual Rows": 30010,
      "Actual Loops": 1,
      "Group Key": ["customer.c_last_name", "customer.c_first_name", "date_dim.d_date"],
      "Plans": [
        {
          "Node Type": "Hash Join",
          "Parent Relationship": "Outer",
          "Parallel Aware": false,
          "Join Type": "Inner",
          "Startup Cost": 59834.62,
          "Total Cost": 64123.63,
          "Plan Rows": 5901,
          "Plan Width": 56,
          "Actual Startup Time": 394.922,
          "Actual Total Time": 515.738,
          "Actual Rows": 268846,
          "Actual Loops": 1,
          "Hash Cond": "(customer.c_customer_sk = catalog_sales.cs_bill_customer_sk)",
          "Plans": [
            {
              "Node Type": "Seq Scan",
              "Parent Relationship": "Outer",
              "Parallel Aware": false,
              "Relation Name": "customer",
              "Alias": "customer",
              "Startup Cost": 0.00,
              "Total Cost": 3855.00,
              "Plan Rows": 100000,
              "Plan Width": 56,
              "Actual Startup Time": 0.006,
              "Actual Total Time": 10.225,
              "Actual Rows": 94736,
              "Actual Loops": 1
            },
            {
              "Node Type": "Hash",
              "Parent Relationship": "Inner",
              "Parallel Aware": false,
              "Startup Cost": 59760.86,
              "Total Cost": 59760.86,
              "Plan Rows": 5901,
              "Plan Width": 8,
              "Actual Startup Time": 394.835,
              "Actual Total Time": 394.835,
              "Actual Rows": 268846,
              "Actual Loops": 1,
              "Hash Buckets": 131072,
              "Original Hash Buckets": 8192,
              "Hash Batches": 4,
              "Original Hash Batches": 1,
              "Peak Memory Usage": 3646,
              "Plans": [
                {
                  "Node Type": "Hash Join",
                  "Parent Relationship": "Outer",
                  "Parallel Aware": false,
                  "Join Type": "Inner",
                  "Startup Cost": 2504.51,
                  "Total Cost": 59760.86,
                  "Plan Rows": 5901,
                  "Plan Width": 8,
                  "Actual Startup Time": 169.604,
                  "Actual Total Time": 348.824,
                  "Actual Rows": 268846,
                  "Actual Loops": 1,
                  "Hash Cond": "(catalog_sales.cs_sold_date_sk = date_dim.d_date_sk)",
                  "Plans": [
                    {
                      "Node Type": "Seq Scan",
                      "Parent Relationship": "Outer",
                      "Parallel Aware": false,
                      "Relation Name": "catalog_sales",
                      "Alias": "catalog_sales",
                      "Startup Cost": 0.00,
                      "Total Cost": 51844.70,
                      "Plan Rows": 1427370,
                      "Plan Width": 8,
                      "Actual Startup Time": 0.039,
                      "Actual Total Time": 183.103,
                      "Actual Rows": 1343425,
                      "Actual Loops": 1
                    },
                    {
                      "Node Type": "Hash",
                      "Parent Relationship": "Inner",
                      "Parallel Aware": false,
                      "Startup Cost": 2500.73,
                      "Total Cost": 2500.73,
                      "Plan Rows": 302,
                      "Plan Width": 8,
                      "Actual Startup Time": 14.223,
                      "Actual Total Time": 14.223,
                      "Actual Rows": 365,
                      "Actual Loops": 1,
                      "Hash Buckets": 1024,
                      "Original Hash Buckets": 1024,
                      "Hash Batches": 1,
                      "Original Hash Batches": 1,
                      "Peak Memory Usage": 23,
                      "Plans": [
                        {
                          "Node Type": "Seq Scan",
                          "Parent Relationship": "Outer",
                          "Parallel Aware": false,
                          "Relation Name": "date_dim",
                          "Alias": "date_dim",
                          "Startup Cost": 0.00,
                          "Total Cost": 2500.73,
                          "Plan Rows": 302,
                          "Plan Width": 8,
                          "Actual Startup Time": 8.183,
                          "Actual Total Time": 14.126,
                          "Actual Rows": 365,
                          "Actual Loops": 1,
                          "Filter": "((d_month_seq >= 1214) AND (d_month_seq <= 1225))",
                          "Rows Removed by Filter": 72684
                        }
                      ]
                    }
                  ]
                }
              ]
            }
          ]
        }
      ]
    },
    "Planning Time": 0.281,
    "Triggers": [
    ],
    "Execution Time": 635.414
  }
]
