[
  {
    "Plan": {
      "Node Type": "Aggregate",
      "Strategy": "Hashed",
      "Partial Mode": "Simple",
      "Parallel Aware": false,
      "Startup Cost": 95688.61,
      "Total Cost": 95949.61,
      "Plan Rows": 26100,
      "Plan Width": 73,
      "Actual Startup Time": 1692.928,
      "Actual Total Time": 1712.043,
      "Actual Rows": 71748,
      "Actual Loops": 1,
      "Group Key": ["customer.c_customer_id", "customer.c_first_name", "customer.c_last_name", "date_dim.d_year"],
      "Plans": [
        {
          "Node Type": "Hash Join",
          "Parent Relationship": "Outer",
          "Parallel Aware": false,
          "Join Type": "Inner",
          "Startup Cost": 89436.61,
          "Total Cost": 95427.61,
          "Plan Rows": 26100,
          "Plan Width": 73,
          "Actual Startup Time": 913.495,
          "Actual Total Time": 1239.406,
          "Actual Rows": 988660,
          "Actual Loops": 1,
          "Hash Cond": "(customer.c_customer_sk = store_sales.ss_customer_sk)",
          "Plans": [
            {
              "Node Type": "Seq Scan",
              "Parent Relationship": "Outer",
              "Parallel Aware": false,
              "Relation Name": "customer",
              "Alias": "customer",
              "Startup Cost": 0.00,
              "Total Cost": 3855.00,
              "Plan Rows": 100000,
              "Plan Width": 73,
              "Actual Startup Time": 0.007,
              "Actual Total Time": 10.217,
              "Actual Rows": 94736,
              "Actual Loops": 1
            },
            {
              "Node Type": "Hash",
              "Parent Relationship": "Inner",
              "Parallel Aware": false,
              "Startup Cost": 89110.36,
              "Total Cost": 89110.36,
              "Plan Rows": 26100,
              "Plan Width": 8,
              "Actual Startup Time": 913.339,
              "Actual Total Time": 913.339,
              "Actual Rows": 988660,
              "Actual Loops": 1,
              "Hash Buckets": 131072,
              "Original Hash Buckets": 32768,
              "Hash Batches": 16,
              "Original Hash Batches": 1,
              "Peak Memory Usage": 3461,
              "Plans": [
                {
                  "Node Type": "Hash Join",
                  "Parent Relationship": "Outer",
                  "Parallel Aware": false,
                  "Join Type": "Inner",
                  "Startup Cost": 2327.20,
                  "Total Cost": 89110.36,
                  "Plan Rows": 26100,
                  "Plan Width": 8,
                  "Actual Startup Time": 9.910,
                  "Actual Total Time": 735.378,
                  "Actual Rows": 988660,
                  "Actual Loops": 1,
                  "Hash Cond": "(store_sales.ss_sold_date_sk = date_dim.d_date_sk)",
                  "Plans": [
                    {
                      "Node Type": "Seq Scan",
                      "Parent Relationship": "Outer",
                      "Parallel Aware": false,
                      "Relation Name": "store_sales",
                      "Alias": "store_sales",
                      "Startup Cost": 0.00,
                      "Total Cost": 76687.57,
                      "Plan Rows": 2622557,
                      "Plan Width": 8,
                      "Actual Startup Time": 0.040,
                      "Actual Total Time": 314.398,
                      "Actual Rows": 2485280,
                      "Actual Loops": 1
                    },
                    {
                      "Node Type": "Hash",
                      "Parent Relationship": "Inner",
                      "Parallel Aware": false,
                      "Startup Cost": 2318.11,
                      "Total Cost": 2318.11,
                      "Plan Rows": 727,
                      "Plan Width": 8,
                      "Actual Startup Time": 9.860,
                      "Actual Total Time": 9.860,
                      "Actual Rows": 730,
                      "Actual Loops": 1,
                      "Hash Buckets": 1024,
                      "Original Hash Buckets": 1024,
                      "Hash Batches": 1,
                      "Original Hash Batches": 1,
                      "Peak Memory Usage": 37,
                      "Plans": [
                        {
                          "Node Type": "Seq Scan",
                          "Parent Relationship": "Outer",
                          "Parallel Aware": false,
                          "Relation Name": "date_dim",
                          "Alias": "date_dim",
                          "Startup Cost": 0.00,
                          "Total Cost": 2318.11,
                          "Plan Rows": 727,
                          "Plan Width": 8,
                          "Actual Startup Time": 5.014,
                          "Actual Total Time": 9.776,
                          "Actual Rows": 730,
                          "Actual Loops": 1,
                          "Filter": "(d_year = ANY ('{1998,1999}'::integer[]))",
                          "Rows Removed by Filter": 72319
                        }
                      ]
                    }
                  ]
                }
              ]
            }
          ]
        }
      ]
    },
    "Planning Time": 0.307,
    "Triggers": [
    ],
    "Execution Time": 1715.112
  }
]
