[
  {
    "Plan": {
      "Node Type": "Aggregate",
      "Strategy": "Hashed",
      "Partial Mode": "Simple",
      "Parallel Aware": false,
      "Startup Cost": 6439.07,
      "Total Cost": 6439.58,
      "Plan Rows": 51,
      "Plan Width": 3,
      "Actual Startup Time": 39.628,
      "Actual Total Time": 39.632,
      "Actual Rows": 52,
      "Actual Loops": 1,
      "Group Key": ["customer_address.ca_state"],
      "Plans": [
        {
          "Node Type": "Hash Join",
          "Parent Relationship": "Outer",
          "Parallel Aware": false,
          "Join Type": "Inner",
          "Startup Cost": 4660.26,
          "Total Cost": 6438.17,
          "Plan Rows": 357,
          "Plan Width": 3,
          "Actual Startup Time": 26.130,
          "Actual Total Time": 37.606,
          "Actual Rows": 12569,
          "Actual Loops": 1,
          "Hash Cond": "(customer_address.ca_address_sk = web_returns.wr_returning_addr_sk)",
          "Plans": [
            {
              "Node Type": "Seq Scan",
              "Parent Relationship": "Outer",
              "Parallel Aware": false,
              "Relation Name": "customer_address",
              "Alias": "customer_address",
              "Startup Cost": 0.00,
              "Total Cost": 1587.00,
              "Plan Rows": 50000,
              "Plan Width": 7,
              "Actual Startup Time": 0.007,
              "Actual Total Time": 3.965,
              "Actual Rows": 50000,
              "Actual Loops": 1
            },
            {
              "Node Type": "Hash",
              "Parent Relationship": "Inner",
              "Parallel Aware": false,
              "Startup Cost": 4655.80,
              "Total Cost": 4655.80,
              "Plan Rows": 357,
              "Plan Width": 4,
              "Actual Startup Time": 26.115,
              "Actual Total Time": 26.115,
              "Actual Rows": 12569,
              "Actual Loops": 1,
              "Hash Buckets": 16384,
              "Original Hash Buckets": 1024,
              "Hash Batches": 1,
              "Original Hash Batches": 1,
              "Peak Memory Usage": 570,
              "Plans": [
                {
                  "Node Type": "Hash Join",
                  "Parent Relationship": "Outer",
                  "Parallel Aware": false,
                  "Join Type": "Inner",
                  "Startup Cost": 2322.65,
                  "Total Cost": 4655.80,
                  "Plan Rows": 357,
                  "Plan Width": 4,
                  "Actual Startup Time": 10.259,
                  "Actual Total Time": 24.475,
                  "Actual Rows": 12892,
                  "Actual Loops": 1,
                  "Hash Cond": "(web_returns.wr_returned_date_sk = date_dim.d_date_sk)",
                  "Plans": [
                    {
                      "Node Type": "Seq Scan",
                      "Parent Relationship": "Outer",
                      "Parallel Aware": false,
                      "Relation Name": "web_returns",
                      "Alias": "web_returns",
                      "Startup Cost": 0.00,
                      "Total Cost": 2060.63,
                      "Plan Rows": 71763,
                      "Plan Width": 8,
                      "Actual Startup Time": 0.004,
                      "Actual Total Time": 5.806,
                      "Actual Rows": 67967,
                      "Actual Loops": 1
                    },
                    {
                      "Node Type": "Hash",
                      "Parent Relationship": "Inner",
                      "Parallel Aware": false,
                      "Startup Cost": 2318.11,
                      "Total Cost": 2318.11,
                      "Plan Rows": 363,
                      "Plan Width": 4,
                      "Actual Startup Time": 10.249,
                      "Actual Total Time": 10.249,
                      "Actual Rows": 366,
                      "Actual Loops": 1,
                      "Hash Buckets": 1024,
                      "Original Hash Buckets": 1024,
                      "Hash Batches": 1,
                      "Original Hash Batches": 1,
                      "Peak Memory Usage": 21,
                      "Plans": [
                        {
                          "Node Type": "Seq Scan",
                          "Parent Relationship": "Outer",
                          "Parallel Aware": false,
                          "Relation Name": "date_dim",
                          "Alias": "date_dim",
                          "Startup Cost": 0.00,
                          "Total Cost": 2318.11,
                          "Plan Rows": 363,
                          "Plan Width": 4,
                          "Actual Startup Time": 5.067,
                          "Actual Total Time": 10.193,
                          "Actual Rows": 366,
                          "Actual Loops": 1,
                          "Filter": "(d_year = 2000)",
                          "Rows Removed by Filter": 72683
                        }
                      ]
                    }
                  ]
                }
              ]
            }
          ]
        }
      ]
    },
    "Planning Time": 0.350,
    "Triggers": [
    ],
    "Execution Time": 39.685
  }
]
