[
  {
    "Plan": {
      "Node Type": "Aggregate",
      "Strategy": "Hashed",
      "Partial Mode": "Simple",
      "Parallel Aware": false,
      "Startup Cost": 63951.18,
      "Total Cost": 63957.24,
      "Plan Rows": 606,
      "Plan Width": 52,
      "Actual Startup Time": 461.711,
      "Actual Total Time": 462.036,
      "Actual Rows": 1401,
      "Actual Loops": 1,
      "Group Key": ["customer.c_last_name", "customer.c_first_name"],
      "Plans": [
        {
          "Node Type": "Hash Join",
          "Parent Relationship": "Outer",
          "Parallel Aware": false,
          "Join Type": "Inner",
          "Startup Cost": 59712.09,
          "Total Cost": 63948.15,
          "Plan Rows": 606,
          "Plan Width": 52,
          "Actual Startup Time": 412.094,
          "Actual Total Time": 452.320,
          "Actual Rows": 12948,
          "Actual Loops": 1,
          "Hash Cond": "(customer.c_customer_sk = catalog_sales.cs_bill_customer_sk)",
          "Plans": [
            {
              "Node Type": "Seq Scan",
              "Parent Relationship": "Outer",
              "Parallel Aware": false,
              "Relation Name": "customer",
              "Alias": "customer",
              "Startup Cost": 0.00,
              "Total Cost": 3855.00,
              "Plan Rows": 100000,
              "Plan Width": 56,
              "Actual Startup Time": 0.005,
              "Actual Total Time": 16.780,
              "Actual Rows": 94736,
              "Actual Loops": 1
            },
            {
              "Node Type": "Hash",
              "Parent Relationship": "Inner",
              "Parallel Aware": false,
              "Startup Cost": 59704.52,
              "Total Cost": 59704.52,
              "Plan Rows": 606,
              "Plan Width": 4,
              "Actual Startup Time": 412.060,
              "Actual Total Time": 412.060,
              "Actual Rows": 12948,
              "Actual Loops": 1,
              "Hash Buckets": 16384,
              "Original Hash Buckets": 1024,
              "Hash Batches": 1,
              "Original Hash Batches": 1,
              "Peak Memory Usage": 584,
              "Plans": [
                {
                  "Node Type": "Hash Join",
                  "Parent Relationship": "Outer",
                  "Parallel Aware": false,
                  "Join Type": "Inner",
                  "Startup Cost": 2501.12,
                  "Total Cost": 59704.52,
                  "Plan Rows": 606,
                  "Plan Width": 4,
                  "Actual Startup Time": 71.671,
                  "Actual Total Time": 410.180,
                  "Actual Rows": 12948,
                  "Actual Loops": 1,
                  "Hash Cond": "(catalog_sales.cs_sold_date_sk = date_dim.d_date_sk)",
                  "Plans": [
                    {
                      "Node Type": "Seq Scan",
                      "Parent Relationship": "Outer",
                      "Parallel Aware": false,
                      "Relation Name": "catalog_sales",
                      "Alias": "catalog_sales",
                      "Startup Cost": 0.00,
                      "Total Cost": 51844.70,
                      "Plan Rows": 1427370,
                      "Plan Width": 8,
                      "Actual Startup Time": 0.032,
                      "Actual Total Time": 244.448,
                      "Actual Rows": 1343425,
                      "Actual Loops": 1
                    },
                    {
                      "Node Type": "Hash",
                      "Parent Relationship": "Inner",
                      "Parallel Aware": false,
                      "Startup Cost": 2500.73,
                      "Total Cost": 2500.73,
                      "Plan Rows": 31,
                      "Plan Width": 4,
                      "Actual Startup Time": 9.859,
                      "Actual Total Time": 9.859,
                      "Actual Rows": 30,
                      "Actual Loops": 1,
                      "Hash Buckets": 1024,
                      "Original Hash Buckets": 1024,
                      "Hash Batches": 1,
                      "Original Hash Batches": 1,
                      "Peak Memory Usage": 10,
                      "Plans": [
                        {
                          "Node Type": "Seq Scan",
                          "Parent Relationship": "Outer",
                          "Parallel Aware": false,
                          "Relation Name": "date_dim",
                          "Alias": "date_dim",
                          "Startup Cost": 0.00,
                          "Total Cost": 2500.73,
                          "Plan Rows": 31,
                          "Plan Width": 4,
                          "Actual Startup Time": 4.998,
                          "Actual Total Time": 9.852,
                          "Actual Rows": 30,
                          "Actual Loops": 1,
                          "Filter": "((d_year = 1999) AND (d_moy = 6))",
                          "Rows Removed by Filter": 73019
                        }
                      ]
                    }
                  ]
                }
              ]
            }
          ]
        }
      ]
    },
    "Planning Time": 0.193,
    "Triggers": [
    ],
    "Execution Time": 462.149
  }
]
