[
  {
    "Plan": {
      "Node Type": "Aggregate",
      "Strategy": "Hashed",
      "Partial Mode": "Simple",
      "Parallel Aware": false,
      "Startup Cost": 33190.65,
      "Total Cost": 33208.65,
      "Plan Rows": 1800,
      "Plan Width": 12,
      "Actual Startup Time": 477.668,
      "Actual Total Time": 478.059,
      "Actual Rows": 3837,
      "Actual Loops": 1,
      "Group Key": ["item.i_brand_id", "item.i_class_id", "item.i_category_id"],
      "Plans": [
        {
          "Node Type": "Hash Join",
          "Parent Relationship": "Outer",
          "Parallel Aware": false,
          "Join Type": "Inner",
          "Startup Cost": 4150.86,
          "Total Cost": 33136.75,
          "Plan Rows": 7186,
          "Plan Width": 12,
          "Actual Startup Time": 16.874,
          "Actual Total Time": 374.781,
          "Actual Rows": 390147,
          "Actual Loops": 1,
          "Hash Cond": "(web_sales.ws_item_sk = item.i_item_sk)",
          "Plans": [
            {
              "Node Type": "Hash Join",
              "Parent Relationship": "Outer",
              "Parallel Aware": false,
              "Join Type": "Inner",
              "Startup Cost": 2509.86,
              "Total Cost": 31396.95,
              "Plan Rows": 7186,
              "Plan Width": 4,
              "Actual Startup Time": 9.833,
              "Actual Total Time": 235.643,
              "Actual Rows": 390147,
              "Actual Loops": 1,
              "Hash Cond": "(web_sales.ws_sold_date_sk = date_dim.d_date_sk)",
              "Plans": [
                {
                  "Node Type": "Seq Scan",
                  "Parent Relationship": "Outer",
                  "Parallel Aware": false,
                  "Relation Name": "web_sales",
                  "Alias": "web_sales",
                  "Startup Cost": 0.00,
                  "Total Cost": 26118.71,
                  "Plan Rows": 719071,
                  "Plan Width": 8,
                  "Actual Startup Time": 0.030,
                  "Actual Total Time": 100.549,
                  "Actual Rows": 648065,
                  "Actual Loops": 1
                },
                {
                  "Node Type": "Hash",
                  "Parent Relationship": "Inner",
                  "Parallel Aware": false,
                  "Startup Cost": 2500.73,
                  "Total Cost": 2500.73,
                  "Plan Rows": 730,
                  "Plan Width": 4,
                  "Actual Startup Time": 9.791,
                  "Actual Total Time": 9.791,
                  "Actual Rows": 1096,
                  "Actual Loops": 1,
                  "Hash Buckets": 2048,
                  "Original Hash Buckets": 1024,
                  "Hash Batches": 1,
                  "Original Hash Batches": 1,
                  "Peak Memory Usage": 55,
                  "Plans": [
                    {
                      "Node Type": "Seq Scan",
                      "Parent Relationship": "Outer",
                      "Parallel Aware": false,
                      "Relation Name": "date_dim",
                      "Alias": "date_dim",
                      "Startup Cost": 0.00,
                      "Total Cost": 2500.73,
                      "Plan Rows": 730,
                      "Plan Width": 4,
                      "Actual Startup Time": 4.429,
                      "Actual Total Time": 9.669,
                      "Actual Rows": 1096,
                      "Actual Loops": 1,
                      "Filter": "((d_year >= 1999) AND (d_year <= 2001))",
                      "Rows Removed by Filter": 71953
                    }
                  ]
                }
              ]
            },
            {
              "Node Type": "Hash",
              "Parent Relationship": "Inner",
              "Parallel Aware": false,
              "Startup Cost": 1416.00,
              "Total Cost": 1416.00,
              "Plan Rows": 18000,
              "Plan Width": 16,
              "Actual Startup Time": 7.028,
              "Actual Total Time": 7.028,
              "Actual Rows": 18000,
              "Actual Loops": 1,
              "Hash Buckets": 32768,
              "Original Hash Buckets": 32768,
              "Hash Batches": 1,
              "Original Hash Batches": 1,
              "Peak Memory Usage": 1100,
              "Plans": [
                {
                  "Node Type": "Seq Scan",
                  "Parent Relationship": "Outer",
                  "Parallel Aware": false,
                  "Relation Name": "item",
                  "Alias": "item",
                  "Startup Cost": 0.00,
                  "Total Cost": 1416.00,
                  "Plan Rows": 18000,
                  "Plan Width": 16,
                  "Actual Startup Time": 0.005,
                  "Actual Total Time": 4.548,
                  "Actual Rows": 18000,
                  "Actual Loops": 1
                }
              ]
            }
          ]
        }
      ]
    },
    "Planning Time": 0.200,
    "Triggers": [
    ],
    "Execution Time": 478.207
  }
]
