[
  {
    "Plan": {
      "Node Type": "Unique",
      "Parallel Aware": false,
      "Startup Cost": 10000126988.79,
      "Total Cost": 10000130999.12,
      "Plan Rows": 238386,
      "Plan Width": 20,
      "Actual Startup Time": 1056.138,
      "Actual Total Time": 1169.891,
      "Actual Rows": 4821,
      "Actual Loops": 1,
      "Plans": [
        {
          "Node Type": "Sort",
          "Parent Relationship": "Outer",
          "Parallel Aware": false,
          "Startup Cost": 10000126988.79,
          "Total Cost": 10000127657.18,
          "Plan Rows": 267355,
          "Plan Width": 20,
          "Actual Startup Time": 1056.138,
          "Actual Total Time": 1135.988,
          "Actual Rows": 254730,
          "Actual Loops": 1,
          "Sort Key": ["date_dim.d_year", "item.i_brand_id", "item.i_class_id", "item.i_category_id", "item.i_manufact_id"],
          "Sort Method": "external merge",
          "Sort Space Used": 7424,
          "Sort Space Type": "Disk",
          "Plans": [
            {
              "Node Type": "Hash Join",
              "Parent Relationship": "Outer",
              "Parallel Aware": false,
              "Join Type": "Inner",
              "Startup Cost": 4532.54,
              "Total Cost": 97404.38,
              "Plan Rows": 267355,
              "Plan Width": 20,
              "Actual Startup Time": 33.904,
              "Actual Total Time": 796.589,
              "Actual Rows": 254730,
              "Actual Loops": 1,
              "Hash Cond": "(store_sales.ss_sold_date_sk = date_dim.d_date_sk)",
              "Plans": [
                {
                  "Node Type": "Hash Join",
                  "Parent Relationship": "Outer",
                  "Parallel Aware": false,
                  "Join Type": "Inner",
                  "Startup Cost": 1483.94,
                  "Total Cost": 90679.65,
                  "Plan Rows": 267355,
                  "Plan Width": 20,
                  "Actual Startup Time": 5.327,
                  "Actual Total Time": 680.390,
                  "Actual Rows": 254730,
                  "Actual Loops": 1,
                  "Hash Cond": "(store_sales.ss_item_sk = item.i_item_sk)",
                  "Plans": [
                    {
                      "Node Type": "Seq Scan",
                      "Parent Relationship": "Outer",
                      "Parallel Aware": false,
                      "Relation Name": "store_sales",
                      "Alias": "store_sales",
                      "Startup Cost": 0.00,
                      "Total Cost": 76687.57,
                      "Plan Rows": 2622557,
                      "Plan Width": 8,
                      "Actual Startup Time": 0.039,
                      "Actual Total Time": 318.139,
                      "Actual Rows": 2485280,
                      "Actual Loops": 1
                    },
                    {
                      "Node Type": "Hash",
                      "Parent Relationship": "Inner",
                      "Parallel Aware": false,
                      "Startup Cost": 1461.00,
                      "Total Cost": 1461.00,
                      "Plan Rows": 1835,
                      "Plan Width": 20,
                      "Actual Startup Time": 5.278,
                      "Actual Total Time": 5.278,
                      "Actual Rows": 1835,
                      "Actual Loops": 1,
                      "Hash Buckets": 2048,
                      "Original Hash Buckets": 2048,
                      "Hash Batches": 1,
                      "Original Hash Batches": 1,
                      "Peak Memory Usage": 110,
                      "Plans": [
                        {
                          "Node Type": "Seq Scan",
                          "Parent Relationship": "Outer",
                          "Parallel Aware": false,
                          "Relation Name": "item",
                          "Alias": "item",
                          "Startup Cost": 0.00,
                          "Total Cost": 1461.00,
                          "Plan Rows": 1835,
                          "Plan Width": 20,
                          "Actual Startup Time": 0.017,
                          "Actual Total Time": 4.973,
                          "Actual Rows": 1835,
                          "Actual Loops": 1,
                          "Filter": "(i_category = 'Shoes'::bpchar)",
                          "Rows Removed by Filter": 16165
                        }
                      ]
                    }
                  ]
                },
                {
                  "Node Type": "Hash",
                  "Parent Relationship": "Inner",
                  "Parallel Aware": false,
                  "Startup Cost": 2135.49,
                  "Total Cost": 2135.49,
                  "Plan Rows": 73049,
                  "Plan Width": 8,
                  "Actual Startup Time": 28.528,
                  "Actual Total Time": 28.528,
                  "Actual Rows": 73049,
                  "Actual Loops": 1,
                  "Hash Buckets": 131072,
                  "Original Hash Buckets": 131072,
                  "Hash Batches": 1,
                  "Original Hash Batches": 1,
                  "Peak Memory Usage": 3878,
                  "Plans": [
                    {
                      "Node Type": "Seq Scan",
                      "Parent Relationship": "Outer",
                      "Parallel Aware": false,
                      "Relation Name": "date_dim",
                      "Alias": "date_dim",
                      "Startup Cost": 0.00,
                      "Total Cost": 2135.49,
                      "Plan Rows": 73049,
                      "Plan Width": 8,
                      "Actual Startup Time": 0.006,
                      "Actual Total Time": 13.927,
                      "Actual Rows": 73049,
                      "Actual Loops": 1
                    }
                  ]
                }
              ]
            }
          ]
        }
      ]
    },
    "Planning Time": 0.250,
    "Triggers": [
    ],
    "Execution Time": 1171.548
  }
]
