[
  {
    "Plan": {
      "Node Type": "Aggregate",
      "Strategy": "Hashed",
      "Partial Mode": "Simple",
      "Parallel Aware": false,
      "Startup Cost": 9326.51,
      "Total Cost": 9327.02,
      "Plan Rows": 51,
      "Plan Width": 3,
      "Actual Startup Time": 45.928,
      "Actual Total Time": 45.933,
      "Actual Rows": 52,
      "Actual Loops": 1,
      "Group Key": ["customer_address.ca_state"],
      "Plans": [
        {
          "Node Type": "Hash Join",
          "Parent Relationship": "Outer",
          "Parallel Aware": false,
          "Join Type": "Inner",
          "Startup Cost": 7230.81,
          "Total Cost": 9324.76,
          "Plan Rows": 702,
          "Plan Width": 3,
          "Actual Startup Time": 32.793,
          "Actual Total Time": 44.169,
          "Actual Rows": 10682,
          "Actual Loops": 1,
          "Hash Cond": "(customer_address.ca_address_sk = catalog_returns.cr_returning_addr_sk)",
          "Plans": [
            {
              "Node Type": "Seq Scan",
              "Parent Relationship": "Outer",
              "Parallel Aware": false,
              "Relation Name": "customer_address",
              "Alias": "customer_address",
              "Startup Cost": 0.00,
              "Total Cost": 1587.00,
              "Plan Rows": 50000,
              "Plan Width": 7,
              "Actual Startup Time": 0.004,
              "Actual Total Time": 4.127,
              "Actual Rows": 50000,
              "Actual Loops": 1
            },
            {
              "Node Type": "Hash",
              "Parent Relationship": "Inner",
              "Parallel Aware": false,
              "Startup Cost": 7222.03,
              "Total Cost": 7222.03,
              "Plan Rows": 702,
              "Plan Width": 4,
              "Actual Startup Time": 32.779,
              "Actual Total Time": 32.779,
              "Actual Rows": 10682,
              "Actual Loops": 1,
              "Hash Buckets": 16384,
              "Original Hash Buckets": 1024,
              "Hash Batches": 1,
              "Original Hash Batches": 1,
              "Peak Memory Usage": 504,
              "Plans": [
                {
                  "Node Type": "Hash Join",
                  "Parent Relationship": "Outer",
                  "Parallel Aware": false,
                  "Join Type": "Inner",
                  "Startup Cost": 2322.65,
                  "Total Cost": 7222.03,
                  "Plan Rows": 702,
                  "Plan Width": 4,
                  "Actual Startup Time": 8.789,
                  "Actual Total Time": 31.482,
                  "Actual Rows": 10783,
                  "Actual Loops": 1,
                  "Hash Cond": "(catalog_returns.cr_returned_date_sk = date_dim.d_date_sk)",
                  "Plans": [
                    {
                      "Node Type": "Seq Scan",
                      "Parent Relationship": "Outer",
                      "Parallel Aware": false,
                      "Relation Name": "catalog_returns",
                      "Alias": "catalog_returns",
                      "Startup Cost": 0.00,
                      "Total Cost": 4362.90,
                      "Plan Rows": 141190,
                      "Plan Width": 8,
                      "Actual Startup Time": 0.002,
                      "Actual Total Time": 10.589,
                      "Actual Rows": 127393,
                      "Actual Loops": 1
                    },
                    {
                      "Node Type": "Hash",
                      "Parent Relationship": "Inner",
                      "Parallel Aware": false,
                      "Startup Cost": 2318.11,
                      "Total Cost": 2318.11,
                      "Plan Rows": 363,
                      "Plan Width": 4,
                      "Actual Startup Time": 8.781,
                      "Actual Total Time": 8.781,
                      "Actual Rows": 365,
                      "Actual Loops": 1,
                      "Hash Buckets": 1024,
                      "Original Hash Buckets": 1024,
                      "Hash Batches": 1,
                      "Original Hash Batches": 1,
                      "Peak Memory Usage": 21,
                      "Plans": [
                        {
                          "Node Type": "Seq Scan",
                          "Parent Relationship": "Outer",
                          "Parallel Aware": false,
                          "Relation Name": "date_dim",
                          "Alias": "date_dim",
                          "Startup Cost": 0.00,
                          "Total Cost": 2318.11,
                          "Plan Rows": 363,
                          "Plan Width": 4,
                          "Actual Startup Time": 4.508,
                          "Actual Total Time": 8.743,
                          "Actual Rows": 365,
                          "Actual Loops": 1,
                          "Filter": "(d_year = 1998)",
                          "Rows Removed by Filter": 72684
                        }
                      ]
                    }
                  ]
                }
              ]
            }
          ]
        }
      ]
    },
    "Planning Time": 0.193,
    "Triggers": [
    ],
    "Execution Time": 45.969
  }
]
