[
  {
    "Plan": {
      "Node Type": "Aggregate",
      "Strategy": "Hashed",
      "Partial Mode": "Simple",
      "Parallel Aware": false,
      "Startup Cost": 12635.18,
      "Total Cost": 12645.51,
      "Plan Rows": 1033,
      "Plan Width": 119,
      "Actual Startup Time": 140.448,
      "Actual Total Time": 143.268,
      "Actual Rows": 10079,
      "Actual Loops": 1,
      "Group Key": ["item.i_item_id", "item.i_item_desc"],
      "Plans": [
        {
          "Node Type": "Hash Join",
          "Parent Relationship": "Outer",
          "Parallel Aware": false,
          "Join Type": "Inner",
          "Startup Cost": 4053.82,
          "Total Cost": 12630.01,
          "Plan Rows": 1033,
          "Plan Width": 119,
          "Actual Startup Time": 25.697,
          "Actual Total Time": 116.901,
          "Actual Rows": 38646,
          "Actual Loops": 1,
          "Hash Cond": "(store_returns.sr_item_sk = item.i_item_sk)",
          "Plans": [
            {
              "Node Type": "Hash Join",
              "Parent Relationship": "Outer",
              "Parallel Aware": false,
              "Join Type": "Inner",
              "Startup Cost": 2412.82,
              "Total Cost": 10974.81,
              "Plan Rows": 1033,
              "Plan Width": 4,
              "Actual Startup Time": 17.454,
              "Actual Total Time": 90.622,
              "Actual Rows": 38646,
              "Actual Loops": 1,
              "Hash Cond": "(store_returns.sr_returned_date_sk = date_dim.d_date_sk)",
              "Plans": [
                {
                  "Node Type": "Seq Scan",
                  "Parent Relationship": "Outer",
                  "Parallel Aware": false,
                  "Relation Name": "store_returns",
                  "Alias": "store_returns",
                  "Startup Cost": 0.00,
                  "Total Cost": 7511.02,
                  "Plan Rows": 277502,
                  "Plan Width": 8,
                  "Actual Startup Time": 0.014,
                  "Actual Total Time": 37.319,
                  "Actual Rows": 263253,
                  "Actual Loops": 1
                },
                {
                  "Node Type": "Hash",
                  "Parent Relationship": "Inner",
                  "Parallel Aware": false,
                  "Startup Cost": 2409.42,
                  "Total Cost": 2409.42,
                  "Plan Rows": 272,
                  "Plan Width": 4,
                  "Actual Startup Time": 17.425,
                  "Actual Total Time": 17.425,
                  "Actual Rows": 274,
                  "Actual Loops": 1,
                  "Hash Buckets": 1024,
                  "Original Hash Buckets": 1024,
                  "Hash Batches": 1,
                  "Original Hash Batches": 1,
                  "Peak Memory Usage": 18,
                  "Plans": [
                    {
                      "Node Type": "Seq Scan",
                      "Parent Relationship": "Outer",
                      "Parallel Aware": false,
                      "Relation Name": "date_dim",
                      "Alias": "date_dim",
                      "Startup Cost": 0.00,
                      "Total Cost": 2409.42,
                      "Plan Rows": 272,
                      "Plan Width": 4,
                      "Actual Startup Time": 8.848,
                      "Actual Total Time": 17.357,
                      "Actual Rows": 274,
                      "Actual Loops": 1,
                      "Filter": "(d_quarter_name = ANY ('{2001Q1,2001Q2,2001Q3}'::bpchar[]))",
                      "Rows Removed by Filter": 72775
                    }
                  ]
                }
              ]
            },
            {
              "Node Type": "Hash",
              "Parent Relationship": "Inner",
              "Parallel Aware": false,
              "Startup Cost": 1416.00,
              "Total Cost": 1416.00,
              "Plan Rows": 18000,
              "Plan Width": 123,
              "Actual Startup Time": 8.230,
              "Actual Total Time": 8.230,
              "Actual Rows": 18000,
              "Actual Loops": 1,
              "Hash Buckets": 32768,
              "Original Hash Buckets": 32768,
              "Hash Batches": 1,
              "Original Hash Batches": 1,
              "Peak Memory Usage": 3031,
              "Plans": [
                {
                  "Node Type": "Seq Scan",
                  "Parent Relationship": "Outer",
                  "Parallel Aware": false,
                  "Relation Name": "item",
                  "Alias": "item",
                  "Startup Cost": 0.00,
                  "Total Cost": 1416.00,
                  "Plan Rows": 18000,
                  "Plan Width": 123,
                  "Actual Startup Time": 0.006,
                  "Actual Total Time": 3.904,
                  "Actual Rows": 18000,
                  "Actual Loops": 1
                }
              ]
            }
          ]
        }
      ]
    },
    "Planning Time": 0.171,
    "Triggers": [
    ],
    "Execution Time": 143.608
  }
]
