[
  {
    "Plan": {
      "Node Type": "Aggregate",
      "Strategy": "Hashed",
      "Partial Mode": "Simple",
      "Parallel Aware": false,
      "Startup Cost": 61403.97,
      "Total Cost": 61457.12,
      "Plan Rows": 5315,
      "Plan Width": 119,
      "Actual Startup Time": 445.155,
      "Actual Total Time": 446.763,
      "Actual Rows": 9000,
      "Actual Loops": 1,
      "Group Key": ["item.i_item_id", "item.i_item_desc"],
      "Plans": [
        {
          "Node Type": "Hash Join",
          "Parent Relationship": "Outer",
          "Parallel Aware": false,
          "Join Type": "Inner",
          "Startup Cost": 4053.82,
          "Total Cost": 61377.39,
          "Plan Rows": 5315,
          "Plan Width": 119,
          "Actual Startup Time": 180.365,
          "Actual Total Time": 384.027,
          "Actual Rows": 149721,
          "Actual Loops": 1,
          "Hash Cond": "(catalog_sales.cs_item_sk = item.i_item_sk)",
          "Plans": [
            {
              "Node Type": "Hash Join",
              "Parent Relationship": "Outer",
              "Parallel Aware": false,
              "Join Type": "Inner",
              "Startup Cost": 2412.82,
              "Total Cost": 59663.31,
              "Plan Rows": 5315,
              "Plan Width": 4,
              "Actual Startup Time": 173.097,
              "Actual Total Time": 324.907,
              "Actual Rows": 149721,
              "Actual Loops": 1,
              "Hash Cond": "(catalog_sales.cs_sold_date_sk = date_dim.d_date_sk)",
              "Plans": [
                {
                  "Node Type": "Seq Scan",
                  "Parent Relationship": "Outer",
                  "Parallel Aware": false,
                  "Relation Name": "catalog_sales",
                  "Alias": "catalog_sales",
                  "Startup Cost": 0.00,
                  "Total Cost": 51844.70,
                  "Plan Rows": 1427370,
                  "Plan Width": 8,
                  "Actual Startup Time": 0.015,
                  "Actual Total Time": 174.708,
                  "Actual Rows": 1343425,
                  "Actual Loops": 1
                },
                {
                  "Node Type": "Hash",
                  "Parent Relationship": "Inner",
                  "Parallel Aware": false,
                  "Startup Cost": 2409.42,
                  "Total Cost": 2409.42,
                  "Plan Rows": 272,
                  "Plan Width": 4,
                  "Actual Startup Time": 18.661,
                  "Actual Total Time": 18.661,
                  "Actual Rows": 274,
                  "Actual Loops": 1,
                  "Hash Buckets": 1024,
                  "Original Hash Buckets": 1024,
                  "Hash Batches": 1,
                  "Original Hash Batches": 1,
                  "Peak Memory Usage": 18,
                  "Plans": [
                    {
                      "Node Type": "Seq Scan",
                      "Parent Relationship": "Outer",
                      "Parallel Aware": false,
                      "Relation Name": "date_dim",
                      "Alias": "date_dim",
                      "Startup Cost": 0.00,
                      "Total Cost": 2409.42,
                      "Plan Rows": 272,
                      "Plan Width": 4,
                      "Actual Startup Time": 8.513,
                      "Actual Total Time": 18.616,
                      "Actual Rows": 274,
                      "Actual Loops": 1,
                      "Filter": "(d_quarter_name = ANY ('{2001Q1,2001Q2,2001Q3}'::bpchar[]))",
                      "Rows Removed by Filter": 72775
                    }
                  ]
                }
              ]
            },
            {
              "Node Type": "Hash",
              "Parent Relationship": "Inner",
              "Parallel Aware": false,
              "Startup Cost": 1416.00,
              "Total Cost": 1416.00,
              "Plan Rows": 18000,
              "Plan Width": 123,
              "Actual Startup Time": 7.252,
              "Actual Total Time": 7.252,
              "Actual Rows": 18000,
              "Actual Loops": 1,
              "Hash Buckets": 32768,
              "Original Hash Buckets": 32768,
              "Hash Batches": 1,
              "Original Hash Batches": 1,
              "Peak Memory Usage": 3031,
              "Plans": [
                {
                  "Node Type": "Seq Scan",
                  "Parent Relationship": "Outer",
                  "Parallel Aware": false,
                  "Relation Name": "item",
                  "Alias": "item",
                  "Startup Cost": 0.00,
                  "Total Cost": 1416.00,
                  "Plan Rows": 18000,
                  "Plan Width": 123,
                  "Actual Startup Time": 0.004,
                  "Actual Total Time": 3.547,
                  "Actual Rows": 18000,
                  "Actual Loops": 1
                }
              ]
            }
          ]
        }
      ]
    },
    "Planning Time": 0.174,
    "Triggers": [
    ],
    "Execution Time": 447.080
  }
]
