[
  {
    "Plan": {
      "Node Type": "Aggregate",
      "Strategy": "Hashed",
      "Partial Mode": "Simple",
      "Parallel Aware": false,
      "Startup Cost": 91339.26,
      "Total Cost": 91372.29,
      "Plan Rows": 3303,
      "Plan Width": 22,
      "Actual Startup Time": 536.619,
      "Actual Total Time": 536.836,
      "Actual Rows": 1637,
      "Actual Loops": 1,
      "Group Key": ["customer_address.ca_county", "date_dim.d_qoy", "date_dim.d_year"],
      "Plans": [
        {
          "Node Type": "Hash Join",
          "Parent Relationship": "Outer",
          "Parallel Aware": false,
          "Join Type": "Inner",
          "Startup Cost": 4713.89,
          "Total Cost": 91314.49,
          "Plan Rows": 3303,
          "Plan Width": 22,
          "Actual Startup Time": 26.297,
          "Actual Total Time": 516.441,
          "Actual Rows": 71964,
          "Actual Loops": 1,
          "Hash Cond": "(store_sales.ss_addr_sk = customer_address.ca_address_sk)",
          "Plans": [
            {
              "Node Type": "Hash Join",
              "Parent Relationship": "Outer",
              "Parallel Aware": false,
              "Join Type": "Inner",
              "Startup Cost": 2501.88,
              "Total Cost": 89057.07,
              "Plan Rows": 3303,
              "Plan Width": 12,
              "Actual Startup Time": 10.735,
              "Actual Total Time": 484.347,
              "Actual Rows": 71964,
              "Actual Loops": 1,
              "Hash Cond": "(store_sales.ss_sold_date_sk = date_dim.d_date_sk)",
              "Plans": [
                {
                  "Node Type": "Seq Scan",
                  "Parent Relationship": "Outer",
                  "Parallel Aware": false,
                  "Relation Name": "store_sales",
                  "Alias": "store_sales",
                  "Startup Cost": 0.00,
                  "Total Cost": 76687.57,
                  "Plan Rows": 2622557,
                  "Plan Width": 8,
                  "Actual Startup Time": 0.012,
                  "Actual Total Time": 272.240,
                  "Actual Rows": 2485280,
                  "Actual Loops": 1
                },
                {
                  "Node Type": "Hash",
                  "Parent Relationship": "Inner",
                  "Parallel Aware": false,
                  "Startup Cost": 2500.73,
                  "Total Cost": 2500.73,
                  "Plan Rows": 92,
                  "Plan Width": 12,
                  "Actual Startup Time": 10.487,
                  "Actual Total Time": 10.487,
                  "Actual Rows": 91,
                  "Actual Loops": 1,
                  "Hash Buckets": 1024,
                  "Original Hash Buckets": 1024,
                  "Hash Batches": 1,
                  "Original Hash Batches": 1,
                  "Peak Memory Usage": 12,
                  "Plans": [
                    {
                      "Node Type": "Seq Scan",
                      "Parent Relationship": "Outer",
                      "Parallel Aware": false,
                      "Relation Name": "date_dim",
                      "Alias": "date_dim",
                      "Startup Cost": 0.00,
                      "Total Cost": 2500.73,
                      "Plan Rows": 92,
                      "Plan Width": 12,
                      "Actual Startup Time": 5.263,
                      "Actual Total Time": 10.474,
                      "Actual Rows": 91,
                      "Actual Loops": 1,
                      "Filter": "((d_qoy = 2) AND (d_year = 2000))",
                      "Rows Removed by Filter": 72958
                    }
                  ]
                }
              ]
            },
            {
              "Node Type": "Hash",
              "Parent Relationship": "Inner",
              "Parallel Aware": false,
              "Startup Cost": 1587.00,
              "Total Cost": 1587.00,
              "Plan Rows": 50000,
              "Plan Width": 18,
              "Actual Startup Time": 15.538,
              "Actual Total Time": 15.538,
              "Actual Rows": 50000,
              "Actual Loops": 1,
              "Hash Buckets": 65536,
              "Original Hash Buckets": 65536,
              "Hash Batches": 1,
              "Original Hash Batches": 1,
              "Peak Memory Usage": 3052,
              "Plans": [
                {
                  "Node Type": "Seq Scan",
                  "Parent Relationship": "Outer",
                  "Parallel Aware": false,
                  "Relation Name": "customer_address",
                  "Alias": "customer_address",
                  "Startup Cost": 0.00,
                  "Total Cost": 1587.00,
                  "Plan Rows": 50000,
                  "Plan Width": 18,
                  "Actual Startup Time": 0.004,
                  "Actual Total Time": 7.906,
                  "Actual Rows": 50000,
                  "Actual Loops": 1
                }
              ]
            }
          ]
        }
      ]
    },
    "Planning Time": 0.163,
    "Triggers": [
    ],
    "Execution Time": 536.926
  }
]
