[{"Execution Time": 89.632, "Planning Time": 33.799, "Plan": {"Partial Mode": "Simple", "Startup Cost": 7396.48, "Plans": [{"Startup Cost": 2502.26, "Plans": [{"Startup Cost": 2501.12, "Plans": [{"Startup Cost": 0.0, "Actual Rows": 127393, "Node Type": "Seq Scan", "Plan Rows": 141190, "Relation Name": "catalog_returns", "Alias": "catalog_returns", "Parallel Aware": false, "Actual Total Time": 26.304, "Parent Relationship": "Outer", "Actual Startup Time": 0.013, "Plan Width": 8, "Actual Loops": 1, "Total Cost": 4362.9}, {"Hash Buckets": 1024, "Startup Cost": 2500.73, "Plans": [{"Filter": "((d_year = 2000) AND (d_moy = 12))", "Startup Cost": 0.0, "Actual Rows": 31, "Node Type": "Seq Scan", "Plan Rows": 31, "Relation Name": "date_dim", "Alias": "date_dim", "Parallel Aware": false, "Actual Total Time": 34.335, "Parent Relationship": "Outer", "Actual Startup Time": 14.219, "Plan Width": 4, "Actual Loops": 1, "Rows Removed by Filter": 73018, "Total Cost": 2500.73}], "Original Hash Buckets": 1024, "Hash Batches": 1, "Actual Rows": 31, "Node Type": "Hash", "Plan Rows": 31, "Actual Startup Time": 34.36, "Parallel Aware": false, "Actual Total Time": 34.36, "Parent Relationship": "Inner", "Peak Memory Usage": 10, "Plan Width": 4, "Actual Loops": 1, "Original Hash Batches": 1, "Total Cost": 2500.73}], "Actual Rows": 2150, "Node Type": "Hash Join", "Plan Rows": 60, "Join Type": "Inner", "Parallel Aware": false, "Actual Total Time": 86.595, "Hash Cond": "(catalog_returns.cr_returned_date_sk = date_dim.d_date_sk)", "Parent Relationship": "Outer", "Actual Startup Time": 43.589, "Plan Width": 4, "Actual Loops": 1, "Total Cost": 7394.09}, {"Hash Buckets": 1024, "Startup Cost": 1.06, "Plans": [{"Startup Cost": 0.0, "Actual Rows": 6, "Node Type": "Seq Scan", "Plan Rows": 6, "Relation Name": "call_center", "Alias": "call_center", "Parallel Aware": false, "Actual Total Time": 0.03, "Parent Relationship": "Outer", "Actual Startup Time": 0.023, "Plan Width": 46, "Actual Loops": 1, "Total Cost": 1.06}], "Original Hash Buckets": 1024, "Hash Batches": 1, "Actual Rows": 6, "Node Type": "Hash", "Plan Rows": 6, "Actual Startup Time": 0.043, "Parallel Aware": false, "Actual Total Time": 0.043, "Parent Relationship": "Inner", "Peak Memory Usage": 9, "Plan Width": 46, "Actual Loops": 1, "Original Hash Batches": 1, "Total Cost": 1.06}], "Actual Rows": 235410, "Node Type": "Hash Join", "Plan Rows": 60, "Join Type": "Inner", "Parallel Aware": false, "Actual Total Time": 87.812, "Hash Cond": "(catalog_returns.cr_call_center_sk = call_center.cc_call_center_sk)", "Parent Relationship": "Outer", "Actual Startup Time": 43.652, "Plan Width": 42, "Actual Loops": 1, "Total Cost": 7396.03}], "Actual Rows": 15, "Node Type": "Aggregate", "Strategy": "Hashed", "Plan Rows": 4, "Parallel Aware": false, "Actual Total Time": 89.478, "Group Key": ["call_center.cc_call_center_id", "call_center.cc_name", "call_center.cc_manager"], "Actual Startup Time": 89.477, "Plan Width": 42, "Actual Loops": 1, "Total Cost": 7396.52}, "Triggers": []}]