[{"Triggers": [], "Planning Time": 0.204, "Plan": {"Partial Mode": "Simple", "Startup Cost": 105288.99, "Plan Width": 40, "Plans": [{"Startup Cost": 83760.71, "Plan Width": 40, "Plans": [{"Startup Cost": 1831.71, "Plan Width": 4, "Plans": [{"Startup Cost": 0.0, "Plan Width": 8, "Actual Total Time": 12.653, "Plan Rows": 100000, "Total Cost": 3855.0, "Node Type": "Seq Scan", "Relation Name": "customer", "Alias": "c", "Parallel Aware": false, "Actual Rows": 94736, "Parent Relationship": "Outer", "Actual Startup Time": 0.005, "Actual Loops": 1}, {"Hash Buckets": 8192, "Startup Cost": 1774.5, "Plan Width": 4, "Plans": [{"Relation Name": "customer_address", "Startup Cost": 0.0, "Plan Width": 4, "Actual Total Time": 15.431, "Node Type": "Seq Scan", "Total Cost": 1774.5, "Plan Rows": 4577, "Filter": "(ca_state = ANY ('{SD,KY,MO}'::bpchar[]))", "Alias": "ca", "Parallel Aware": false, "Actual Rows": 4611, "Parent Relationship": "Outer", "Actual Startup Time": 0.005, "Rows Removed by Filter": 45389, "Actual Loops": 1}], "Original Hash Buckets": 8192, "Hash Batches": 1, "Node Type": "Hash", "Total Cost": 1774.5, "Plan Rows": 4577, "Actual Total Time": 16.519, "Parallel Aware": false, "Actual Rows": 4611, "Parent Relationship": "Inner", "Peak Memory Usage": 227, "Actual Startup Time": 16.519, "Original Hash Batches": 1, "Actual Loops": 1}], "Plan Rows": 9154, "Total Cost": 6153.25, "Node Type": "Hash Join", "Join Type": "Inner", "Actual Total Time": 49.418, "Parallel Aware": false, "Actual Rows": 8619, "Parent Relationship": "Outer", "Hash Cond": "(c.c_current_addr_sk = ca.ca_address_sk)", "Actual Startup Time": 16.535, "Actual Loops": 1}, {"Hash Buckets": 65536, "Startup Cost": 41036.0, "Plan Width": 44, "Plans": [{"Startup Cost": 0.0, "Plan Width": 44, "Actual Total Time": 351.013, "Plan Rows": 1920800, "Total Cost": 41036.0, "Node Type": "Seq Scan", "Relation Name": "customer_demographics", "Alias": "customer_demographics", "Parallel Aware": false, "Actual Rows": 1920800, "Parent Relationship": "Outer", "Actual Startup Time": 0.011, "Actual Loops": 1}], "Original Hash Buckets": 65536, "Hash Batches": 64, "Node Type": "Hash", "Total Cost": 41036.0, "Plan Rows": 1920800, "Actual Total Time": 922.47, "Parallel Aware": false, "Actual Rows": 1920800, "Parent Relationship": "Inner", "Peak Memory Usage": 2868, "Actual Startup Time": 922.47, "Original Hash Batches": 64, "Actual Loops": 1}], "Plan Rows": 9154, "Total Cost": 105174.56, "Node Type": "Hash Join", "Join Type": "Inner", "Actual Total Time": 1157.595, "Parallel Aware": false, "Actual Rows": 177521, "Parent Relationship": "Outer", "Hash Cond": "(c.c_current_cdemo_sk = customer_demographics.cd_demo_sk)", "Actual Startup Time": 939.111, "Actual Loops": 1}], "Node Type": "Aggregate", "Total Cost": 105344.99, "Strategy": "Hashed", "Actual Total Time": 1163.959, "Plan Rows": 5600, "Parallel Aware": false, "Actual Rows": 5600, "Group Key": ["customer_demographics.cd_gender", "customer_demographics.cd_marital_status", "customer_demographics.cd_education_status", "customer_demographics.cd_purchase_estimate", "customer_demographics.cd_credit_rating"], "Actual Startup Time": 1163.261, "Actual Loops": 1}, "Execution Time": 1164.166}]