[{"Triggers": [], "Planning Time": 0.378, "Plan": {"Partial Mode": "Simple", "Startup Cost": 34744.14, "Plan Width": 17, "Plans": [{"Startup Cost": 5924.17, "Plan Width": 17, "Plans": [{"Startup Cost": 3984.45, "Plan Width": 21, "Plans": [{"Startup Cost": 2501.12, "Plan Width": 8, "Plans": [{"Startup Cost": 0.0, "Plan Width": 12, "Actual Total Time": 93.57, "Plan Rows": 719071, "Total Cost": 26118.71, "Node Type": "Seq Scan", "Relation Name": "web_sales", "Alias": "web_sales", "Parallel Aware": false, "Actual Rows": 648065, "Parent Relationship": "Outer", "Actual Startup Time": 0.025, "Actual Loops": 1}, {"Hash Buckets": 1024, "Startup Cost": 2500.73, "Plan Width": 4, "Plans": [{"Relation Name": "date_dim", "Startup Cost": 0.0, "Plan Width": 4, "Actual Total Time": 8.659, "Node Type": "Seq Scan", "Total Cost": 2500.73, "Plan Rows": 31, "Filter": "((d_year = 1998) AND (d_moy = 8))", "Alias": "date_dim", "Parallel Aware": false, "Actual Rows": 31, "Parent Relationship": "Outer", "Actual Startup Time": 4.29, "Rows Removed by Filter": 73018, "Actual Loops": 1}], "Original Hash Buckets": 1024, "Hash Batches": 1, "Node Type": "Hash", "Total Cost": 2500.73, "Plan Rows": 31, "Actual Total Time": 8.664, "Parallel Aware": false, "Actual Rows": 31, "Parent Relationship": "Inner", "Peak Memory Usage": 10, "Actual Startup Time": 8.664, "Original Hash Batches": 1, "Actual Loops": 1}], "Plan Rows": 305, "Total Cost": 31319.4, "Node Type": "Hash Join", "Join Type": "Inner", "Actual Total Time": 161.115, "Parallel Aware": false, "Actual Rows": 14112, "Parent Relationship": "Outer", "Hash Cond": "(web_sales.ws_sold_date_sk = date_dim.d_date_sk)", "Actual Startup Time": 8.796, "Actual Loops": 1}, {"Hash Buckets": 2048, "Startup Cost": 1461.0, "Plan Width": 21, "Plans": [{"Relation Name": "item", "Startup Cost": 0.0, "Plan Width": 21, "Actual Total Time": 5.154, "Node Type": "Seq Scan", "Total Cost": 1461.0, "Plan Rows": 1786, "Filter": "(i_category = 'Children'::bpchar)", "Alias": "item", "Parallel Aware": false, "Actual Rows": 1786, "Parent Relationship": "Outer", "Actual Startup Time": 0.009, "Rows Removed by Filter": 16214, "Actual Loops": 1}], "Original Hash Buckets": 2048, "Hash Batches": 1, "Node Type": "Hash", "Total Cost": 1461.0, "Plan Rows": 1786, "Actual Total Time": 5.446, "Parallel Aware": false, "Actual Rows": 1786, "Parent Relationship": "Inner", "Peak Memory Usage": 114, "Actual Startup Time": 5.446, "Original Hash Batches": 1, "Actual Loops": 1}], "Plan Rows": 30, "Total Cost": 32804.17, "Node Type": "Hash Join", "Join Type": "Inner", "Actual Total Time": 169.468, "Parallel Aware": false, "Actual Rows": 1340, "Parent Relationship": "Outer", "Hash Cond": "(web_sales.ws_item_sk = item.i_item_sk)", "Actual Startup Time": 14.52, "Actual Loops": 1}, {"Hash Buckets": 32768, "Startup Cost": 1712.0, "Plan Width": 4, "Plans": [{"Relation Name": "customer_address", "Startup Cost": 0.0, "Plan Width": 4, "Actual Total Time": 12.542, "Node Type": "Seq Scan", "Total Cost": 1712.0, "Plan Rows": 18218, "Filter": "(ca_gmt_offset = '-5'::numeric)", "Alias": "customer_address", "Parallel Aware": false, "Actual Rows": 18246, "Parent Relationship": "Outer", "Actual Startup Time": 0.008, "Rows Removed by Filter": 31754, "Actual Loops": 1}], "Original Hash Buckets": 32768, "Hash Batches": 1, "Node Type": "Hash", "Total Cost": 1712.0, "Plan Rows": 18218, "Actual Total Time": 15.488, "Parallel Aware": false, "Actual Rows": 18246, "Parent Relationship": "Inner", "Peak Memory Usage": 898, "Actual Startup Time": 15.488, "Original Hash Batches": 1, "Actual Loops": 1}], "Plan Rows": 11, "Total Cost": 34744.12, "Node Type": "Hash Join", "Join Type": "Inner", "Actual Total Time": 185.471, "Parallel Aware": false, "Actual Rows": 56078, "Parent Relationship": "Outer", "Hash Cond": "(web_sales.ws_bill_addr_sk = customer_address.ca_address_sk)", "Actual Startup Time": 30.025, "Actual Loops": 1}], "Node Type": "Aggregate", "Total Cost": 34744.25, "Strategy": "Hashed", "Actual Total Time": 185.942, "Plan Rows": 11, "Parallel Aware": false, "Actual Rows": 10073, "Group Key": ["item.i_item_id"], "Actual Startup Time": 185.896, "Actual Loops": 1}, "Execution Time": 186.0}]