[{"Execution Time": 227.81, "Planning Time": 33.401, "Plan": {"Partial Mode": "Simple", "Startup Cost": 34248.96, "Plans": [{"Startup Cost": 5374.83, "Plans": [{"Startup Cost": 5373.71, "Plans": [{"Startup Cost": 2323.93, "Plans": [{"Startup Cost": 2322.65, "Plans": [{"Startup Cost": 0.0, "Actual Rows": 648065, "Node Type": "Seq Scan", "Plan Rows": 719071, "Relation Name": "web_sales", "Alias": "web_sales", "Parallel Aware": false, "Actual Total Time": 94.298, "Parent Relationship": "Outer", "Actual Startup Time": 0.015, "Plan Width": 16, "Actual Loops": 1, "Total Cost": 26118.71}, {"Hash Buckets": 1024, "Startup Cost": 2318.11, "Plans": [{"Filter": "(d_year = 1999)", "Startup Cost": 0.0, "Actual Rows": 365, "Node Type": "Seq Scan", "Plan Rows": 363, "Relation Name": "date_dim", "Alias": "date_dim", "Parallel Aware": false, "Actual Total Time": 10.227, "Parent Relationship": "Outer", "Actual Startup Time": 5.418, "Plan Width": 8, "Actual Loops": 1, "Rows Removed by Filter": 72684, "Total Cost": 2318.11}], "Original Hash Buckets": 1024, "Hash Batches": 1, "Actual Rows": 365, "Node Type": "Hash", "Plan Rows": 363, "Actual Startup Time": 10.279, "Parallel Aware": false, "Actual Total Time": 10.279, "Parent Relationship": "Inner", "Peak Memory Usage": 23, "Plan Width": 8, "Actual Loops": 1, "Original Hash Batches": 1, "Total Cost": 2318.11}], "Actual Rows": 129314, "Node Type": "Hash Join", "Plan Rows": 3573, "Join Type": "Inner", "Parallel Aware": false, "Actual Total Time": 191.228, "Hash Cond": "(web_sales.ws_sold_date_sk = date_dim.d_date_sk)", "Parent Relationship": "Outer", "Actual Startup Time": 10.305, "Plan Width": 16, "Actual Loops": 1, "Total Cost": 31173.61}, {"Hash Buckets": 1024, "Startup Cost": 1.25, "Plans": [{"Filter": "(sm_carrier = ANY ('{DIAMOND,ZOUROS}'::bpchar[]))", "Startup Cost": 0.0, "Actual Rows": 2, "Node Type": "Seq Scan", "Plan Rows": 2, "Relation Name": "ship_mode", "Alias": "ship_mode", "Parallel Aware": false, "Actual Total Time": 0.009, "Parent Relationship": "Outer", "Actual Startup Time": 0.006, "Plan Width": 4, "Actual Loops": 1, "Rows Removed by Filter": 18, "Total Cost": 1.25}], "Original Hash Buckets": 1024, "Hash Batches": 1, "Actual Rows": 2, "Node Type": "Hash", "Plan Rows": 2, "Actual Startup Time": 0.01, "Parallel Aware": false, "Actual Total Time": 0.01, "Parent Relationship": "Inner", "Peak Memory Usage": 9, "Plan Width": 4, "Actual Loops": 1, "Original Hash Batches": 1, "Total Cost": 1.25}], "Actual Rows": 12858, "Node Type": "Hash Join", "Plan Rows": 357, "Join Type": "Inner", "Parallel Aware": false, "Actual Total Time": 203.017, "Hash Cond": "(web_sales.ws_ship_mode_sk = ship_mode.sm_ship_mode_sk)", "Parent Relationship": "Outer", "Actual Startup Time": 10.347, "Plan Width": 12, "Actual Loops": 1, "Total Cost": 31191.85}, {"Hash Buckets": 32768, "Startup Cost": 2693.0, "Plans": [{"Filter": "((t_time >= 46185) AND (t_time <= 74985))", "Startup Cost": 0.0, "Actual Rows": 28801, "Node Type": "Seq Scan", "Plan Rows": 28543, "Relation Name": "time_dim", "Alias": "time_dim", "Parallel Aware": false, "Actual Total Time": 11.038, "Parent Relationship": "Outer", "Actual Startup Time": 4.16, "Plan Width": 4, "Actual Loops": 1, "Rows Removed by Filter": 57599, "Total Cost": 2693.0}], "Original Hash Buckets": 32768, "Hash Batches": 1, "Actual Rows": 28801, "Node Type": "Hash", "Plan Rows": 28543, "Actual Startup Time": 14.416, "Parallel Aware": false, "Actual Total Time": 14.416, "Parent Relationship": "Inner", "Peak Memory Usage": 1269, "Plan Width": 4, "Actual Loops": 1, "Original Hash Batches": 1, "Total Cost": 2693.0}], "Actual Rows": 5941, "Node Type": "Hash Join", "Plan Rows": 118, "Join Type": "Inner", "Parallel Aware": false, "Actual Total Time": 221.515, "Hash Cond": "(web_sales.ws_sold_time_sk = time_dim.t_time_sk)", "Parent Relationship": "Outer", "Actual Startup Time": 24.785, "Plan Width": 8, "Actual Loops": 1, "Total Cost": 34244.16}, {"Hash Buckets": 1024, "Startup Cost": 1.05, "Plans": [{"Startup Cost": 0.0, "Actual Rows": 5, "Node Type": "Seq Scan", "Plan Rows": 5, "Relation Name": "warehouse", "Alias": "warehouse", "Parallel Aware": false, "Actual Total Time": 0.007, "Parent Relationship": "Outer", "Actual Startup Time": 0.005, "Plan Width": 70, "Actual Loops": 1, "Total Cost": 1.05}], "Original Hash Buckets": 1024, "Hash Batches": 1, "Actual Rows": 5, "Node Type": "Hash", "Plan Rows": 5, "Actual Startup Time": 0.011, "Parallel Aware": false, "Actual Total Time": 0.011, "Parent Relationship": "Inner", "Peak Memory Usage": 9, "Plan Width": 70, "Actual Loops": 1, "Original Hash Batches": 1, "Total Cost": 1.05}], "Actual Rows": 648867, "Node Type": "Hash Join", "Plan Rows": 118, "Join Type": "Inner", "Parallel Aware": false, "Actual Total Time": 223.388, "Hash Cond": "(web_sales.ws_warehouse_sk = warehouse.w_warehouse_sk)", "Parent Relationship": "Outer", "Actual Startup Time": 24.801, "Plan Width": 70, "Actual Loops": 1, "Total Cost": 34246.89}], "Actual Rows": 15, "Node Type": "Aggregate", "Strategy": "Hashed", "Plan Rows": 118, "Parallel Aware": false, "Actual Total Time": 227.737, "Group Key": ["warehouse.w_warehouse_name", "warehouse.w_warehouse_sq_ft", "warehouse.w_city", "warehouse.w_county", "warehouse.w_state", "warehouse.w_country", "date_dim.d_year"], "Actual Startup Time": 227.736, "Plan Width": 70, "Actual Loops": 1, "Total Cost": 34250.14}, "Triggers": []}]