[{"Execution Time": 2033.38, "Planning Time": 0.856, "Plan": {"Partial Mode": "Simple", "Startup Cost": 185697.32, "Plans": [{"Startup Cost": 86611.16, "Plans": [{"Startup Cost": 10310.16, "Plans": [{"Startup Cost": 8098.16, "Plans": [{"Startup Cost": 2504.16, "Plans": [{"Startup Cost": 0.0, "Actual Rows": 2485280, "Node Type": "Seq Scan", "Plan Rows": 2622557, "Relation Name": "store_sales", "Alias": "store_sales", "Parallel Aware": false, "Actual Total Time": 306.489, "Parent Relationship": "Outer", "Actual Startup Time": 0.019, "Plan Width": 8, "Actual Loops": 1, "Total Cost": 76687.57}, {"Hash Buckets": 1024, "Startup Cost": 2500.73, "Plans": [{"Filter": "((d_qoy < 4) AND (d_year = 2001))", "Startup Cost": 0.0, "Actual Rows": 274, "Node Type": "Seq Scan", "Plan Rows": 274, "Relation Name": "date_dim", "Alias": "date_dim", "Parallel Aware": false, "Actual Total Time": 11.439, "Parent Relationship": "Outer", "Actual Startup Time": 5.773, "Plan Width": 4, "Actual Loops": 1, "Rows Removed by Filter": 72775, "Total Cost": 2500.73}], "Original Hash Buckets": 1024, "Hash Batches": 1, "Actual Rows": 274, "Node Type": "Hash", "Plan Rows": 274, "Actual Startup Time": 11.48, "Parallel Aware": false, "Actual Total Time": 11.48, "Parent Relationship": "Inner", "Peak Memory Usage": 18, "Plan Width": 4, "Actual Loops": 1, "Original Hash Batches": 1, "Total Cost": 2500.73}], "Actual Rows": 276203, "Node Type": "Hash Join", "Plan Rows": 9837, "Join Type": "Inner", "Parallel Aware": false, "Actual Total Time": 581.972, "Hash Cond": "(store_sales.ss_sold_date_sk = date_dim.d_date_sk)", "Parent Relationship": "Outer", "Actual Startup Time": 11.539, "Plan Width": 4, "Actual Loops": 1, "Total Cost": 89124.69}, {"Hash Buckets": 131072, "Startup Cost": 3855.0, "Plans": [{"Startup Cost": 0.0, "Actual Rows": 94736, "Node Type": "Seq Scan", "Plan Rows": 100000, "Relation Name": "customer", "Alias": "customer", "Parallel Aware": false, "Actual Total Time": 17.664, "Parent Relationship": "Outer", "Actual Startup Time": 0.005, "Plan Width": 12, "Actual Loops": 1, "Total Cost": 3855.0}], "Original Hash Buckets": 131072, "Hash Batches": 2, "Actual Rows": 94736, "Node Type": "Hash", "Plan Rows": 100000, "Actual Startup Time": 38.152, "Parallel Aware": false, "Actual Total Time": 38.152, "Parent Relationship": "Inner", "Peak Memory Usage": 3068, "Plan Width": 12, "Actual Loops": 1, "Original Hash Batches": 2, "Total Cost": 3855.0}], "Actual Rows": 276203, "Node Type": "Hash Join", "Plan Rows": 9837, "Join Type": "Inner", "Parallel Aware": false, "Actual Total Time": 719.698, "Hash Cond": "(store_sales.ss_customer_sk = customer.c_customer_sk)", "Parent Relationship": "Outer", "Actual Startup Time": 50.277, "Plan Width": 8, "Actual Loops": 1, "Total Cost": 95420.95}, {"Hash Buckets": 65536, "Startup Cost": 1587.0, "Plans": [{"Startup Cost": 0.0, "Actual Rows": 50000, "Node Type": "Seq Scan", "Plan Rows": 50000, "Relation Name": "customer_address", "Alias": "customer_address", "Parallel Aware": false, "Actual Total Time": 8.452, "Parent Relationship": "Outer", "Actual Startup Time": 0.008, "Plan Width": 7, "Actual Loops": 1, "Total Cost": 1587.0}], "Original Hash Buckets": 65536, "Hash Batches": 1, "Actual Rows": 50000, "Node Type": "Hash", "Plan Rows": 50000, "Actual Startup Time": 15.743, "Parallel Aware": false, "Actual Total Time": 15.743, "Parent Relationship": "Inner", "Peak Memory Usage": 2460, "Plan Width": 7, "Actual Loops": 1, "Original Hash Batches": 1, "Total Cost": 1587.0}], "Actual Rows": 276203, "Node Type": "Hash Join", "Plan Rows": 9837, "Join Type": "Inner", "Parallel Aware": false, "Actual Total Time": 802.509, "Hash Cond": "(customer.c_current_addr_sk = customer_address.ca_address_sk)", "Parent Relationship": "Outer", "Actual Startup Time": 66.047, "Plan Width": 7, "Actual Loops": 1, "Total Cost": 97768.21}, {"Hash Buckets": 65536, "Startup Cost": 41036.0, "Plans": [{"Startup Cost": 0.0, "Actual Rows": 1920800, "Node Type": "Seq Scan", "Plan Rows": 1920800, "Relation Name": "customer_demographics", "Alias": "customer_demographics", "Parallel Aware": false, "Actual Total Time": 381.051, "Parent Relationship": "Outer", "Actual Startup Time": 0.007, "Plan Width": 20, "Actual Loops": 1, "Total Cost": 41036.0}], "Original Hash Buckets": 65536, "Hash Batches": 32, "Actual Rows": 1920800, "Node Type": "Hash", "Plan Rows": 1920800, "Actual Startup Time": 827.458, "Parallel Aware": false, "Actual Total Time": 827.458, "Parent Relationship": "Inner", "Peak Memory Usage": 3581, "Plan Width": 20, "Actual Loops": 1, "Original Hash Batches": 32, "Total Cost": 41036.0}], "Actual Rows": 28887935, "Node Type": "Hash Join", "Plan Rows": 9837, "Join Type": "Inner", "Parallel Aware": false, "Actual Total Time": 1915.589, "Hash Cond": "(customer.c_current_cdemo_sk = customer_demographics.cd_demo_sk)", "Parent Relationship": "Outer", "Actual Startup Time": 895.061, "Plan Width": 19, "Actual Loops": 1, "Total Cost": 185549.76}], "Actual Rows": 163708, "Node Type": "Aggregate", "Strategy": "Hashed", "Plan Rows": 9837, "Parallel Aware": false, "Actual Total Time": 2032.501, "Group Key": ["customer_address.ca_state", "customer_demographics.cd_gender", "customer_demographics.cd_marital_status", "customer_demographics.cd_dep_count", "customer_demographics.cd_dep_employed_count", "customer_demographics.cd_dep_college_count"], "Actual Startup Time": 2029.066, "Plan Width": 19, "Actual Loops": 1, "Total Cost": 185795.69}, "Triggers": []}]