[{"Triggers": [], "Planning Time": 0.373, "Plan": {"Partial Mode": "Simple", "Startup Cost": 155024.74, "Plan Width": 19, "Plans": [{"Startup Cost": 138334.96, "Plan Width": 19, "Plans": [{"Startup Cost": 62033.96, "Plan Width": 7, "Plans": [{"Startup Cost": 59821.96, "Plan Width": 8, "Plans": [{"Startup Cost": 0.0, "Plan Width": 12, "Actual Total Time": 10.16, "Plan Rows": 100000, "Total Cost": 3855.0, "Node Type": "Seq Scan", "Relation Name": "customer", "Alias": "customer", "Parallel Aware": false, "Actual Rows": 94736, "Parent Relationship": "Outer", "Actual Startup Time": 0.011, "Actual Loops": 1}, {"Hash Buckets": 131072, "Startup Cost": 59755.04, "Plan Width": 4, "Plans": [{"Startup Cost": 2504.16, "Plan Width": 4, "Plans": [{"Startup Cost": 0.0, "Plan Width": 8, "Actual Total Time": 184.525, "Plan Rows": 1427370, "Total Cost": 51844.7, "Node Type": "Seq Scan", "Relation Name": "catalog_sales", "Alias": "catalog_sales", "Parallel Aware": false, "Actual Rows": 1343425, "Parent Relationship": "Outer", "Actual Startup Time": 0.071, "Actual Loops": 1}, {"Hash Buckets": 1024, "Startup Cost": 2500.73, "Plan Width": 4, "Plans": [{"Relation Name": "date_dim", "Startup Cost": 0.0, "Plan Width": 4, "Actual Total Time": 17.793, "Node Type": "Seq Scan", "Total Cost": 2500.73, "Plan Rows": 274, "Filter": "((d_qoy < 4) AND (d_year = 2001))", "Alias": "date_dim", "Parallel Aware": false, "Actual Rows": 274, "Parent Relationship": "Outer", "Actual Startup Time": 10.413, "Rows Removed by Filter": 72775, "Actual Loops": 1}], "Original Hash Buckets": 1024, "Hash Batches": 1, "Node Type": "Hash", "Total Cost": 2500.73, "Plan Rows": 274, "Actual Total Time": 17.842, "Parallel Aware": false, "Actual Rows": 274, "Parent Relationship": "Inner", "Peak Memory Usage": 18, "Actual Startup Time": 17.842, "Original Hash Batches": 1, "Actual Loops": 1}], "Plan Rows": 5354, "Total Cost": 59755.04, "Node Type": "Hash Join", "Join Type": "Inner", "Actual Total Time": 337.937, "Parallel Aware": false, "Actual Rows": 149721, "Parent Relationship": "Outer", "Hash Cond": "(catalog_sales.cs_sold_date_sk = date_dim.d_date_sk)", "Actual Startup Time": 186.436, "Actual Loops": 1}], "Original Hash Buckets": 8192, "Hash Batches": 2, "Node Type": "Hash", "Total Cost": 59755.04, "Plan Rows": 5354, "Actual Total Time": 360.18, "Parallel Aware": false, "Actual Rows": 149721, "Parent Relationship": "Inner", "Peak Memory Usage": 3658, "Actual Startup Time": 360.18, "Original Hash Batches": 1, "Actual Loops": 1}], "Plan Rows": 5354, "Total Cost": 64980.5, "Node Type": "Hash Join", "Join Type": "Inner", "Actual Total Time": 431.613, "Parallel Aware": false, "Actual Rows": 149721, "Parent Relationship": "Outer", "Hash Cond": "(customer.c_customer_sk = catalog_sales.cs_ship_customer_sk)", "Actual Startup Time": 360.26, "Actual Loops": 1}, {"Hash Buckets": 65536, "Startup Cost": 1587.0, "Plan Width": 7, "Plans": [{"Startup Cost": 0.0, "Plan Width": 7, "Actual Total Time": 9.443, "Plan Rows": 50000, "Total Cost": 1587.0, "Node Type": "Seq Scan", "Relation Name": "customer_address", "Alias": "customer_address", "Parallel Aware": false, "Actual Rows": 50000, "Parent Relationship": "Outer", "Actual Startup Time": 0.009, "Actual Loops": 1}], "Original Hash Buckets": 65536, "Hash Batches": 1, "Node Type": "Hash", "Total Cost": 1587.0, "Plan Rows": 50000, "Actual Total Time": 18.25, "Parallel Aware": false, "Actual Rows": 50000, "Parent Relationship": "Inner", "Peak Memory Usage": 2460, "Actual Startup Time": 18.25, "Original Hash Batches": 1, "Actual Loops": 1}], "Plan Rows": 5354, "Total Cost": 67266.12, "Node Type": "Hash Join", "Join Type": "Inner", "Actual Total Time": 485.669, "Parallel Aware": false, "Actual Rows": 149721, "Parent Relationship": "Outer", "Hash Cond": "(customer.c_current_addr_sk = customer_address.ca_address_sk)", "Actual Startup Time": 378.542, "Actual Loops": 1}, {"Hash Buckets": 65536, "Startup Cost": 41036.0, "Plan Width": 20, "Plans": [{"Startup Cost": 0.0, "Plan Width": 20, "Actual Total Time": 375.651, "Plan Rows": 1920800, "Total Cost": 41036.0, "Node Type": "Seq Scan", "Relation Name": "customer_demographics", "Alias": "customer_demographics", "Parallel Aware": false, "Actual Rows": 1920800, "Parent Relationship": "Outer", "Actual Startup Time": 0.008, "Actual Loops": 1}], "Original Hash Buckets": 65536, "Hash Batches": 32, "Node Type": "Hash", "Total Cost": 41036.0, "Plan Rows": 1920800, "Actual Total Time": 808.896, "Parallel Aware": false, "Actual Rows": 1920800, "Parent Relationship": "Inner", "Peak Memory Usage": 3581, "Actual Startup Time": 808.896, "Original Hash Batches": 32, "Actual Loops": 1}], "Plan Rows": 5354, "Total Cost": 154944.43, "Node Type": "Hash Join", "Join Type": "Inner", "Actual Total Time": 1514.059, "Parallel Aware": false, "Actual Rows": 30632676, "Parent Relationship": "Outer", "Hash Cond": "(customer.c_current_cdemo_sk = customer_demographics.cd_demo_sk)", "Actual Startup Time": 1187.978, "Actual Loops": 1}], "Node Type": "Aggregate", "Total Cost": 155078.28, "Strategy": "Hashed", "Actual Total Time": 1578.445, "Plan Rows": 5354, "Parallel Aware": false, "Actual Rows": 160415, "Group Key": ["customer_address.ca_state", "customer_demographics.cd_gender", "customer_demographics.cd_marital_status", "customer_demographics.cd_dep_count", "customer_demographics.cd_dep_employed_count", "customer_demographics.cd_dep_college_count"], "Actual Startup Time": 1575.651, "Actual Loops": 1}, "Execution Time": 1579.033}]