[{"Execution Time": 550.228, "Planning Time": 0.198, "Plan": {"Partial Mode": "Simple", "Startup Cost": 89110.1, "Plans": [{"Startup Cost": 2503.13, "Plans": [{"Startup Cost": 2501.86, "Plans": [{"Startup Cost": 0.0, "Actual Rows": 2485280, "Node Type": "Seq Scan", "Plan Rows": 2622557, "Relation Name": "store_sales", "Alias": "store_sales", "Parallel Aware": false, "Actual Total Time": 291.46, "Parent Relationship": "Outer", "Actual Startup Time": 0.034, "Plan Width": 8, "Actual Loops": 1, "Total Cost": 76687.57}, {"Hash Buckets": 1024, "Startup Cost": 2500.73, "Plans": [{"Filter": "((d_qoy = 1) AND (d_year = 2001))", "Startup Cost": 0.0, "Actual Rows": 91, "Node Type": "Seq Scan", "Plan Rows": 90, "Relation Name": "date_dim", "Alias": "date_dim", "Parallel Aware": false, "Actual Total Time": 13.571, "Parent Relationship": "Outer", "Actual Startup Time": 8.346, "Plan Width": 4, "Actual Loops": 1, "Rows Removed by Filter": 72958, "Total Cost": 2500.73}], "Original Hash Buckets": 1024, "Hash Batches": 1, "Actual Rows": 91, "Node Type": "Hash", "Plan Rows": 90, "Actual Startup Time": 13.602, "Parallel Aware": false, "Actual Total Time": 13.602, "Parent Relationship": "Inner", "Peak Memory Usage": 12, "Plan Width": 4, "Actual Loops": 1, "Original Hash Batches": 1, "Total Cost": 2500.73}], "Actual Rows": 72556, "Node Type": "Hash Join", "Plan Rows": 3231, "Join Type": "Inner", "Parallel Aware": false, "Actual Total Time": 520.668, "Hash Cond": "(store_sales.ss_sold_date_sk = date_dim.d_date_sk)", "Parent Relationship": "Outer", "Actual Startup Time": 13.672, "Plan Width": 4, "Actual Loops": 1, "Total Cost": 89056.33}, {"Hash Buckets": 1024, "Startup Cost": 1.12, "Plans": [{"Startup Cost": 0.0, "Actual Rows": 12, "Node Type": "Seq Scan", "Plan Rows": 12, "Relation Name": "store", "Alias": "store", "Parallel Aware": false, "Actual Total Time": 0.007, "Parent Relationship": "Outer", "Actual Startup Time": 0.004, "Plan Width": 9, "Actual Loops": 1, "Total Cost": 1.12}], "Original Hash Buckets": 1024, "Hash Batches": 1, "Actual Rows": 12, "Node Type": "Hash", "Plan Rows": 12, "Actual Startup Time": 0.009, "Parallel Aware": false, "Actual Total Time": 0.009, "Parent Relationship": "Inner", "Peak Memory Usage": 9, "Plan Width": 9, "Actual Loops": 1, "Original Hash Batches": 1, "Total Cost": 1.12}], "Actual Rows": 7866461, "Node Type": "Hash Join", "Plan Rows": 3231, "Join Type": "Inner", "Parallel Aware": false, "Actual Total Time": 536.348, "Hash Cond": "(store_sales.ss_store_sk = store.s_store_sk)", "Parent Relationship": "Outer", "Actual Startup Time": 13.685, "Plan Width": 5, "Actual Loops": 1, "Total Cost": 89102.03}], "Actual Rows": 11, "Node Type": "Aggregate", "Strategy": "Hashed", "Plan Rows": 8, "Parallel Aware": false, "Actual Total Time": 550.198, "Group Key": ["store.s_store_name"], "Actual Startup Time": 550.198, "Plan Width": 5, "Actual Loops": 1, "Total Cost": 89110.18}, "Triggers": []}]