[{"Triggers": [], "Planning Time": 1.121, "Plan": {"Partial Mode": "Simple", "Startup Cost": 119574.99, "Plan Width": 48, "Plans": [{"Startup Cost": 68426.07, "Plan Width": 48, "Plans": [{"Startup Cost": 66785.07, "Plan Width": 35, "Plans": [{"Relation Name": "customer_demographics", "Startup Cost": 0.0, "Plan Width": 4, "Actual Total Time": 355.234, "Node Type": "Seq Scan", "Total Cost": 50640.0, "Plan Rows": 135281, "Filter": "((cd_gender = 'F'::bpchar) AND (cd_education_status = '4 yr Degree'::bpchar))", "Alias": "customer_demographics", "Parallel Aware": false, "Actual Rows": 137200, "Parent Relationship": "Outer", "Actual Startup Time": 0.024, "Rows Removed by Filter": 1783600, "Actual Loops": 1}, {"Hash Buckets": 32768, "Startup Cost": 66776.53, "Plan Width": 39, "Plans": [{"Startup Cost": 9474.83, "Plan Width": 39, "Plans": [{"Startup Cost": 2322.65, "Plan Width": 12, "Plans": [{"Startup Cost": 0.0, "Plan Width": 16, "Actual Total Time": 182.537, "Plan Rows": 1427370, "Total Cost": 51844.7, "Node Type": "Seq Scan", "Relation Name": "catalog_sales", "Alias": "catalog_sales", "Parallel Aware": false, "Actual Rows": 1343425, "Parent Relationship": "Outer", "Actual Startup Time": 0.027, "Actual Loops": 1}, {"Hash Buckets": 1024, "Startup Cost": 2318.11, "Plan Width": 4, "Plans": [{"Relation Name": "date_dim", "Startup Cost": 0.0, "Plan Width": 4, "Actual Total Time": 10.413, "Node Type": "Seq Scan", "Total Cost": 2318.11, "Plan Rows": 363, "Filter": "(d_year = 2001)", "Alias": "date_dim", "Parallel Aware": false, "Actual Rows": 365, "Parent Relationship": "Outer", "Actual Startup Time": 5.047, "Rows Removed by Filter": 72684, "Actual Loops": 1}], "Original Hash Buckets": 1024, "Hash Batches": 1, "Node Type": "Hash", "Total Cost": 2318.11, "Plan Rows": 363, "Actual Total Time": 10.468, "Parallel Aware": false, "Actual Rows": 365, "Parent Relationship": "Inner", "Peak Memory Usage": 21, "Actual Startup Time": 10.468, "Original Hash Batches": 1, "Actual Loops": 1}], "Plan Rows": 7093, "Total Cost": 59590.92, "Node Type": "Hash Join", "Join Type": "Inner", "Actual Total Time": 359.624, "Parallel Aware": false, "Actual Rows": 268728, "Parent Relationship": "Outer", "Hash Cond": "(catalog_sales.cs_sold_date_sk = date_dim.d_date_sk)", "Actual Startup Time": 170.483, "Actual Loops": 1}, {"Hash Buckets": 16384, "Startup Cost": 7031.78, "Plan Width": 35, "Plans": [{"Startup Cost": 2148.69, "Plan Width": 35, "Plans": [{"Relation Name": "customer", "Startup Cost": 0.0, "Plan Width": 8, "Actual Total Time": 31.545, "Node Type": "Seq Scan", "Total Cost": 4605.0, "Plan Rows": 48473, "Filter": "(c_birth_month = ANY ('{6,5,12,4,3,7}'::integer[]))", "Alias": "customer", "Parallel Aware": false, "Actual Rows": 47269, "Parent Relationship": "Outer", "Actual Startup Time": 0.007, "Rows Removed by Filter": 47467, "Actual Loops": 1}, {"Hash Buckets": 16384, "Startup Cost": 2024.5, "Plan Width": 35, "Plans": [{"Relation Name": "customer_address", "Startup Cost": 0.0, "Plan Width": 35, "Actual Total Time": 14.908, "Node Type": "Seq Scan", "Total Cost": 2024.5, "Plan Rows": 9935, "Filter": "(ca_state = ANY ('{TN,IL,GA,MO,CO,OH,NM}'::bpchar[]))", "Alias": "customer_address", "Parallel Aware": false, "Actual Rows": 9924, "Parent Relationship": "Outer", "Actual Startup Time": 0.007, "Rows Removed by Filter": 40076, "Actual Loops": 1}], "Original Hash Buckets": 16384, "Hash Batches": 1, "Node Type": "Hash", "Total Cost": 2024.5, "Plan Rows": 9935, "Actual Total Time": 17.106, "Parallel Aware": false, "Actual Rows": 9924, "Parent Relationship": "Inner", "Peak Memory Usage": 795, "Actual Startup Time": 17.106, "Original Hash Batches": 1, "Actual Loops": 1}], "Plan Rows": 9632, "Total Cost": 7031.78, "Node Type": "Hash Join", "Join Type": "Inner", "Actual Total Time": 60.028, "Parallel Aware": false, "Actual Rows": 9358, "Parent Relationship": "Outer", "Hash Cond": "(customer.c_current_addr_sk = customer_address.ca_address_sk)", "Actual Startup Time": 17.129, "Actual Loops": 1}], "Original Hash Buckets": 16384, "Hash Batches": 1, "Node Type": "Hash", "Total Cost": 7031.78, "Plan Rows": 9632, "Actual Total Time": 63.269, "Parallel Aware": false, "Actual Rows": 9358, "Parent Relationship": "Inner", "Peak Memory Usage": 742, "Actual Startup Time": 63.269, "Original Hash Batches": 1, "Actual Loops": 1}], "Plan Rows": 683, "Total Cost": 66776.53, "Node Type": "Hash Join", "Join Type": "Inner", "Actual Total Time": 453.685, "Parallel Aware": false, "Actual Rows": 26267, "Parent Relationship": "Outer", "Hash Cond": "(catalog_sales.cs_bill_customer_sk = customer.c_customer_sk)", "Actual Startup Time": 234.016, "Actual Loops": 1}], "Original Hash Buckets": 1024, "Hash Batches": 1, "Node Type": "Hash", "Total Cost": 66776.53, "Plan Rows": 683, "Actual Total Time": 460.198, "Parallel Aware": false, "Actual Rows": 26264, "Parent Relationship": "Inner", "Peak Memory Usage": 2082, "Actual Startup Time": 460.198, "Original Hash Batches": 1, "Actual Loops": 1}], "Plan Rows": 48, "Total Cost": 117932.85, "Node Type": "Hash Join", "Join Type": "Inner", "Actual Total Time": 838.519, "Parallel Aware": false, "Actual Rows": 1828, "Parent Relationship": "Outer", "Hash Cond": "(customer_demographics.cd_demo_sk = catalog_sales.cs_bill_cdemo_sk)", "Actual Startup Time": 461.17, "Actual Loops": 1}, {"Hash Buckets": 32768, "Startup Cost": 1416.0, "Plan Width": 21, "Plans": [{"Startup Cost": 0.0, "Plan Width": 21, "Actual Total Time": 3.39, "Plan Rows": 18000, "Total Cost": 1416.0, "Node Type": "Seq Scan", "Relation Name": "item", "Alias": "item", "Parallel Aware": false, "Actual Rows": 18000, "Parent Relationship": "Outer", "Actual Startup Time": 0.01, "Actual Loops": 1}], "Original Hash Buckets": 32768, "Hash Batches": 1, "Node Type": "Hash", "Total Cost": 1416.0, "Plan Rows": 18000, "Actual Total Time": 6.896, "Parallel Aware": false, "Actual Rows": 18000, "Parent Relationship": "Inner", "Peak Memory Usage": 1241, "Actual Startup Time": 6.896, "Original Hash Batches": 1, "Actual Loops": 1}], "Plan Rows": 48, "Total Cost": 119574.51, "Node Type": "Hash Join", "Join Type": "Inner", "Actual Total Time": 846.402, "Parallel Aware": false, "Actual Rows": 392834, "Parent Relationship": "Outer", "Hash Cond": "(catalog_sales.cs_item_sk = item.i_item_sk)", "Actual Startup Time": 468.085, "Actual Loops": 1}], "Node Type": "Aggregate", "Total Cost": 119575.47, "Strategy": "Hashed", "Actual Total Time": 847.961, "Plan Rows": 48, "Parallel Aware": false, "Actual Rows": 196107, "Group Key": ["item.i_item_id", "customer_address.ca_country", "customer_address.ca_state", "customer_address.ca_county"], "Actual Startup Time": 847.711, "Actual Loops": 1}, "Execution Time": 848.127}]