[{"Triggers": [], "Planning Time": 0.402, "Plan": {"Partial Mode": "Simple", "Startup Cost": 117071.71, "Plan Width": 17, "Plans": [{"Startup Cost": 59772.69, "Plan Width": 17, "Plans": [{"Startup Cost": 59756.44, "Plan Width": 21, "Plans": [{"Startup Cost": 58115.44, "Plan Width": 8, "Plans": [{"Startup Cost": 2322.65, "Plan Width": 12, "Plans": [{"Startup Cost": 0.0, "Plan Width": 16, "Actual Total Time": 183.379, "Plan Rows": 1427370, "Total Cost": 51844.7, "Node Type": "Seq Scan", "Relation Name": "catalog_sales", "Alias": "catalog_sales", "Parallel Aware": false, "Actual Rows": 1343425, "Parent Relationship": "Outer", "Actual Startup Time": 0.041, "Actual Loops": 1}, {"Hash Buckets": 1024, "Startup Cost": 2318.11, "Plan Width": 4, "Plans": [{"Relation Name": "date_dim", "Startup Cost": 0.0, "Plan Width": 4, "Actual Total Time": 12.057, "Node Type": "Seq Scan", "Total Cost": 2318.11, "Plan Rows": 363, "Filter": "(d_year = 2001)", "Alias": "date_dim", "Parallel Aware": false, "Actual Rows": 365, "Parent Relationship": "Outer", "Actual Startup Time": 6.862, "Rows Removed by Filter": 72684, "Actual Loops": 1}], "Original Hash Buckets": 1024, "Hash Batches": 1, "Node Type": "Hash", "Total Cost": 2318.11, "Plan Rows": 363, "Actual Total Time": 12.106, "Parallel Aware": false, "Actual Rows": 365, "Parent Relationship": "Inner", "Peak Memory Usage": 21, "Actual Startup Time": 12.106, "Original Hash Batches": 1, "Actual Loops": 1}], "Plan Rows": 7093, "Total Cost": 59590.92, "Node Type": "Hash Join", "Join Type": "Inner", "Actual Total Time": 355.226, "Parallel Aware": false, "Actual Rows": 268728, "Parent Relationship": "Outer", "Hash Cond": "(catalog_sales.cs_sold_date_sk = date_dim.d_date_sk)", "Actual Startup Time": 173.604, "Actual Loops": 1}, {"Hash Buckets": 32768, "Startup Cost": 55442.0, "Plan Width": 4, "Plans": [{"Relation Name": "customer_demographics", "Startup Cost": 0.0, "Plan Width": 4, "Actual Total Time": 319.861, "Node Type": "Seq Scan", "Total Cost": 55442.0, "Plan Rows": 28063, "Filter": "((cd_gender = 'M'::bpchar) AND (cd_marital_status = 'D'::bpchar) AND (cd_education_status = 'College'::bpchar))", "Alias": "customer_demographics", "Parallel Aware": false, "Actual Rows": 27440, "Parent Relationship": "Outer", "Actual Startup Time": 0.012, "Rows Removed by Filter": 1893360, "Actual Loops": 1}], "Original Hash Buckets": 32768, "Hash Batches": 1, "Node Type": "Hash", "Total Cost": 55442.0, "Plan Rows": 28063, "Actual Total Time": 327.265, "Parallel Aware": false, "Actual Rows": 27440, "Parent Relationship": "Inner", "Peak Memory Usage": 1221, "Actual Startup Time": 327.265, "Original Hash Batches": 1, "Actual Loops": 1}], "Plan Rows": 104, "Total Cost": 115411.34, "Node Type": "Hash Join", "Join Type": "Inner", "Actual Total Time": 705.843, "Parallel Aware": false, "Actual Rows": 3721, "Parent Relationship": "Outer", "Hash Cond": "(catalog_sales.cs_bill_cdemo_sk = customer_demographics.cd_demo_sk)", "Actual Startup Time": 502.547, "Actual Loops": 1}, {"Hash Buckets": 32768, "Startup Cost": 1416.0, "Plan Width": 21, "Plans": [{"Startup Cost": 0.0, "Plan Width": 21, "Actual Total Time": 4.062, "Plan Rows": 18000, "Total Cost": 1416.0, "Node Type": "Seq Scan", "Relation Name": "item", "Alias": "item", "Parallel Aware": false, "Actual Rows": 18000, "Parent Relationship": "Outer", "Actual Startup Time": 0.003, "Actual Loops": 1}], "Original Hash Buckets": 32768, "Hash Batches": 1, "Node Type": "Hash", "Total Cost": 1416.0, "Plan Rows": 18000, "Actual Total Time": 8.235, "Parallel Aware": false, "Actual Rows": 18000, "Parent Relationship": "Inner", "Peak Memory Usage": 1241, "Actual Startup Time": 8.235, "Original Hash Batches": 1, "Actual Loops": 1}], "Plan Rows": 104, "Total Cost": 117053.77, "Node Type": "Hash Join", "Join Type": "Inner", "Actual Total Time": 715.724, "Parallel Aware": false, "Actual Rows": 3721, "Parent Relationship": "Outer", "Hash Cond": "(catalog_sales.cs_item_sk = item.i_item_sk)", "Actual Startup Time": 510.81, "Actual Loops": 1}, {"Hash Buckets": 1024, "Startup Cost": 12.5, "Plan Width": 4, "Plans": [{"Relation Name": "promotion", "Startup Cost": 0.0, "Plan Width": 4, "Actual Total Time": 0.072, "Node Type": "Seq Scan", "Total Cost": 12.5, "Plan Rows": 300, "Filter": "((p_channel_email = 'N'::bpchar) OR (p_channel_event = 'N'::bpchar))", "Alias": "promotion", "Parallel Aware": false, "Actual Rows": 299, "Parent Relationship": "Outer", "Actual Startup Time": 0.006, "Rows Removed by Filter": 1, "Actual Loops": 1}], "Original Hash Buckets": 1024, "Hash Batches": 1, "Node Type": "Hash", "Total Cost": 12.5, "Plan Rows": 300, "Actual Total Time": 0.108, "Parallel Aware": false, "Actual Rows": 299, "Parent Relationship": "Inner", "Peak Memory Usage": 19, "Actual Startup Time": 0.108, "Original Hash Batches": 1, "Actual Loops": 1}], "Plan Rows": 104, "Total Cost": 117071.45, "Node Type": "Hash Join", "Join Type": "Inner", "Actual Total Time": 716.826, "Parallel Aware": false, "Actual Rows": 803532, "Parent Relationship": "Outer", "Hash Cond": "(catalog_sales.cs_promo_sk = promotion.p_promo_sk)", "Actual Startup Time": 510.921, "Actual Loops": 1}], "Node Type": "Aggregate", "Total Cost": 117072.75, "Strategy": "Hashed", "Actual Total Time": 718.772, "Plan Rows": 104, "Parallel Aware": false, "Actual Rows": 99878, "Group Key": ["item.i_item_id"], "Actual Startup Time": 718.408, "Actual Loops": 1}, "Execution Time": 718.895}]