[{"Triggers": [], "Planning Time": 0.581, "Plan": {"Partial Mode": "Simple", "Startup Cost": 34864.55, "Plan Width": 17, "Plans": [{"Startup Cost": 5926.4, "Plan Width": 17, "Plans": [{"Startup Cost": 3425.28, "Plan Width": 21, "Plans": [{"Startup Cost": 1485.55, "Plan Width": 25, "Plans": [{"Startup Cost": 0.0, "Plan Width": 12, "Actual Total Time": 88.18, "Plan Rows": 719071, "Total Cost": 26118.71, "Node Type": "Seq Scan", "Relation Name": "web_sales", "Alias": "web_sales", "Parallel Aware": false, "Actual Rows": 648065, "Parent Relationship": "Outer", "Actual Startup Time": 0.042, "Actual Loops": 1}, {"Hash Buckets": 1024, "Startup Cost": 1483.5, "Plan Width": 21, "Plans": [{"Relation Name": "item", "Startup Cost": 0.0, "Plan Width": 21, "Actual Total Time": 7.081, "Node Type": "Seq Scan", "Total Cost": 1483.5, "Plan Rows": 164, "Filter": "(i_color = ANY ('{almond,dodger,dim}'::bpchar[]))", "Alias": "item", "Parallel Aware": false, "Actual Rows": 164, "Parent Relationship": "Outer", "Actual Startup Time": 0.077, "Rows Removed by Filter": 17836, "Actual Loops": 1}], "Original Hash Buckets": 1024, "Hash Batches": 1, "Node Type": "Hash", "Total Cost": 1483.5, "Plan Rows": 164, "Actual Total Time": 7.13, "Parallel Aware": false, "Actual Rows": 164, "Parent Relationship": "Inner", "Peak Memory Usage": 17, "Actual Startup Time": 7.13, "Original Hash Batches": 1, "Actual Loops": 1}], "Plan Rows": 6552, "Total Cost": 30366.3, "Node Type": "Hash Join", "Join Type": "Inner", "Actual Total Time": 158.071, "Parallel Aware": false, "Actual Rows": 6076, "Parent Relationship": "Outer", "Hash Cond": "(web_sales.ws_item_sk = item.i_item_sk)", "Actual Startup Time": 7.216, "Actual Loops": 1}, {"Hash Buckets": 32768, "Startup Cost": 1712.0, "Plan Width": 4, "Plans": [{"Relation Name": "customer_address", "Startup Cost": 0.0, "Plan Width": 4, "Actual Total Time": 11.777, "Node Type": "Seq Scan", "Total Cost": 1712.0, "Plan Rows": 18218, "Filter": "(ca_gmt_offset = '-5'::numeric)", "Alias": "customer_address", "Parallel Aware": false, "Actual Rows": 18246, "Parent Relationship": "Outer", "Actual Startup Time": 0.008, "Rows Removed by Filter": 31754, "Actual Loops": 1}], "Original Hash Buckets": 32768, "Hash Batches": 1, "Node Type": "Hash", "Total Cost": 1712.0, "Plan Rows": 18218, "Actual Total Time": 14.242, "Parallel Aware": false, "Actual Rows": 18246, "Parent Relationship": "Inner", "Peak Memory Usage": 898, "Actual Startup Time": 14.242, "Original Hash Batches": 1, "Actual Loops": 1}], "Plan Rows": 2387, "Total Cost": 32354.46, "Node Type": "Hash Join", "Join Type": "Inner", "Actual Total Time": 174.374, "Parallel Aware": false, "Actual Rows": 2168, "Parent Relationship": "Outer", "Hash Cond": "(web_sales.ws_bill_addr_sk = customer_address.ca_address_sk)", "Actual Startup Time": 21.482, "Actual Loops": 1}, {"Hash Buckets": 1024, "Startup Cost": 2500.73, "Plan Width": 4, "Plans": [{"Relation Name": "date_dim", "Startup Cost": 0.0, "Plan Width": 4, "Actual Total Time": 12.091, "Node Type": "Seq Scan", "Total Cost": 2500.73, "Plan Rows": 31, "Filter": "((d_year = 1998) AND (d_moy = 1))", "Alias": "date_dim", "Parallel Aware": false, "Actual Rows": 31, "Parent Relationship": "Outer", "Actual Startup Time": 7.043, "Rows Removed by Filter": 73018, "Actual Loops": 1}], "Original Hash Buckets": 1024, "Hash Batches": 1, "Node Type": "Hash", "Total Cost": 2500.73, "Plan Rows": 31, "Actual Total Time": 12.098, "Parallel Aware": false, "Actual Rows": 31, "Parent Relationship": "Inner", "Peak Memory Usage": 10, "Actual Startup Time": 12.098, "Original Hash Batches": 1, "Actual Loops": 1}], "Plan Rows": 1, "Total Cost": 34864.54, "Node Type": "Hash Join", "Join Type": "Inner", "Actual Total Time": 186.846, "Parallel Aware": false, "Actual Rows": 1867, "Parent Relationship": "Outer", "Hash Cond": "(web_sales.ws_sold_date_sk = date_dim.d_date_sk)", "Actual Startup Time": 35.139, "Actual Loops": 1}], "Node Type": "Aggregate", "Total Cost": 34864.56, "Strategy": "Hashed", "Actual Total Time": 186.9, "Plan Rows": 1, "Parallel Aware": false, "Actual Rows": 703, "Group Key": ["item.i_item_id"], "Actual Startup Time": 186.897, "Actual Loops": 1}, "Execution Time": 186.966}]