[{"Triggers": [], "Planning Time": 0.289, "Plan": {"Partial Mode": "Simple", "Startup Cost": 90501.84, "Plan Width": 55, "Plans": [{"Startup Cost": 3964.22, "Plan Width": 55, "Plans": [{"Startup Cost": 2501.12, "Plan Width": 4, "Plans": [{"Startup Cost": 0.0, "Plan Width": 8, "Actual Total Time": 292.37, "Plan Rows": 2622557, "Total Cost": 76687.57, "Node Type": "Seq Scan", "Relation Name": "store_sales", "Alias": "store_sales", "Parallel Aware": false, "Actual Rows": 2485280, "Parent Relationship": "Outer", "Actual Startup Time": 0.029, "Actual Loops": 1}, {"Hash Buckets": 1024, "Startup Cost": 2500.73, "Plan Width": 4, "Plans": [{"Relation Name": "date_dim", "Startup Cost": 0.0, "Plan Width": 4, "Actual Total Time": 19.234, "Node Type": "Seq Scan", "Total Cost": 2500.73, "Plan Rows": 31, "Filter": "((d_moy = 12) AND (d_year = 2001))", "Alias": "date_dim", "Parallel Aware": false, "Actual Rows": 31, "Parent Relationship": "Outer", "Actual Startup Time": 8.342, "Rows Removed by Filter": 73018, "Actual Loops": 1}], "Original Hash Buckets": 1024, "Hash Batches": 1, "Node Type": "Hash", "Total Cost": 2500.73, "Plan Rows": 31, "Actual Total Time": 19.249, "Parallel Aware": false, "Actual Rows": 31, "Parent Relationship": "Inner", "Peak Memory Usage": 10, "Actual Startup Time": 19.249, "Original Hash Batches": 1, "Actual Loops": 1}], "Plan Rows": 1113, "Total Cost": 89034.41, "Node Type": "Hash Join", "Join Type": "Inner", "Actual Total Time": 526.718, "Parallel Aware": false, "Actual Rows": 84165, "Parent Relationship": "Outer", "Hash Cond": "(store_sales.ss_sold_date_sk = date_dim.d_date_sk)", "Actual Startup Time": 19.397, "Actual Loops": 1}, {"Hash Buckets": 1024, "Startup Cost": 1461.0, "Plan Width": 59, "Plans": [{"Relation Name": "item", "Startup Cost": 0.0, "Plan Width": 59, "Actual Total Time": 5.989, "Node Type": "Seq Scan", "Total Cost": 1461.0, "Plan Rows": 168, "Filter": "(i_manager_id = 40)", "Alias": "item", "Parallel Aware": false, "Actual Rows": 168, "Parent Relationship": "Outer", "Actual Startup Time": 0.021, "Rows Removed by Filter": 17832, "Actual Loops": 1}], "Original Hash Buckets": 1024, "Hash Batches": 1, "Node Type": "Hash", "Total Cost": 1461.0, "Plan Rows": 168, "Actual Total Time": 6.043, "Parallel Aware": false, "Actual Rows": 168, "Parent Relationship": "Inner", "Peak Memory Usage": 24, "Actual Startup Time": 6.043, "Original Hash Batches": 1, "Actual Loops": 1}], "Plan Rows": 10, "Total Cost": 90501.79, "Node Type": "Hash Join", "Join Type": "Inner", "Actual Total Time": 541.057, "Parallel Aware": false, "Actual Rows": 90478, "Parent Relationship": "Outer", "Hash Cond": "(store_sales.ss_item_sk = item.i_item_sk)", "Actual Startup Time": 26.247, "Actual Loops": 1}], "Node Type": "Aggregate", "Total Cost": 90501.94, "Strategy": "Hashed", "Actual Total Time": 542.094, "Plan Rows": 10, "Parallel Aware": false, "Actual Rows": 584, "Group Key": ["item.i_brand", "item.i_brand_id"], "Actual Startup Time": 542.084, "Actual Loops": 1}, "Execution Time": 542.144}]