[{"Triggers": [], "Planning Time": 0.182, "Plan": {"Partial Mode": "Simple", "Startup Cost": 35668.66, "Plan Width": 56, "Plans": [{"Startup Cost": 31386.63, "Plan Width": 56, "Plans": [{"Startup Cost": 0.0, "Plan Width": 56, "Actual Total Time": 10.301, "Plan Rows": 100000, "Total Cost": 3855.0, "Node Type": "Seq Scan", "Relation Name": "customer", "Alias": "customer", "Parallel Aware": false, "Actual Rows": 94736, "Parent Relationship": "Outer", "Actual Startup Time": 0.004, "Actual Loops": 1}, {"Hash Buckets": 131072, "Startup Cost": 31349.47, "Plan Width": 8, "Plans": [{"Startup Cost": 2504.51, "Plan Width": 8, "Plans": [{"Startup Cost": 0.0, "Plan Width": 8, "Actual Total Time": 91.503, "Plan Rows": 719071, "Total Cost": 26118.71, "Node Type": "Seq Scan", "Relation Name": "web_sales", "Alias": "web_sales", "Parallel Aware": false, "Actual Rows": 648065, "Parent Relationship": "Outer", "Actual Startup Time": 0.02, "Actual Loops": 1}, {"Hash Buckets": 1024, "Startup Cost": 2500.73, "Plan Width": 8, "Plans": [{"Relation Name": "date_dim", "Startup Cost": 0.0, "Plan Width": 8, "Actual Total Time": 8.833, "Node Type": "Seq Scan", "Total Cost": 2500.73, "Plan Rows": 302, "Filter": "((d_month_seq >= 1214) AND (d_month_seq <= 1225))", "Alias": "date_dim", "Parallel Aware": false, "Actual Rows": 365, "Parent Relationship": "Outer", "Actual Startup Time": 4.008, "Rows Removed by Filter": 72684, "Actual Loops": 1}], "Original Hash Buckets": 1024, "Hash Batches": 1, "Node Type": "Hash", "Total Cost": 2500.73, "Plan Rows": 302, "Actual Total Time": 8.876, "Parallel Aware": false, "Actual Rows": 365, "Parent Relationship": "Inner", "Peak Memory Usage": 23, "Actual Startup Time": 8.876, "Original Hash Batches": 1, "Actual Loops": 1}], "Plan Rows": 2973, "Total Cost": 31349.47, "Node Type": "Hash Join", "Join Type": "Inner", "Actual Total Time": 180.521, "Parallel Aware": false, "Actual Rows": 132956, "Parent Relationship": "Outer", "Hash Cond": "(web_sales.ws_sold_date_sk = date_dim.d_date_sk)", "Actual Startup Time": 8.936, "Actual Loops": 1}], "Original Hash Buckets": 4096, "Hash Batches": 2, "Node Type": "Hash", "Total Cost": 31349.47, "Plan Rows": 2973, "Actual Total Time": 202.062, "Parallel Aware": false, "Actual Rows": 132956, "Parent Relationship": "Inner", "Peak Memory Usage": 3589, "Actual Startup Time": 202.062, "Original Hash Batches": 1, "Actual Loops": 1}], "Plan Rows": 2973, "Total Cost": 35646.36, "Node Type": "Hash Join", "Join Type": "Inner", "Actual Total Time": 275.56, "Parallel Aware": false, "Actual Rows": 14417312, "Parent Relationship": "Outer", "Hash Cond": "(customer.c_customer_sk = web_sales.ws_bill_customer_sk)", "Actual Startup Time": 202.112, "Actual Loops": 1}], "Node Type": "Aggregate", "Total Cost": 35698.39, "Strategy": "Hashed", "Actual Total Time": 333.192, "Plan Rows": 2973, "Parallel Aware": false, "Actual Rows": 1163579, "Group Key": ["customer.c_last_name", "customer.c_first_name", "date_dim.d_date"], "Actual Startup Time": 331.435, "Actual Loops": 1}, "Execution Time": 333.617}]