[{"Triggers": [], "Planning Time": 0.307, "Plan": {"Partial Mode": "Simple", "Startup Cost": 95688.61, "Plan Width": 73, "Plans": [{"Startup Cost": 89436.61, "Plan Width": 73, "Plans": [{"Startup Cost": 0.0, "Plan Width": 73, "Actual Total Time": 10.217, "Plan Rows": 100000, "Total Cost": 3855.0, "Node Type": "Seq Scan", "Relation Name": "customer", "Alias": "customer", "Parallel Aware": false, "Actual Rows": 94736, "Parent Relationship": "Outer", "Actual Startup Time": 0.007, "Actual Loops": 1}, {"Hash Buckets": 131072, "Startup Cost": 89110.36, "Plan Width": 8, "Plans": [{"Startup Cost": 2327.2, "Plan Width": 8, "Plans": [{"Startup Cost": 0.0, "Plan Width": 8, "Actual Total Time": 314.398, "Plan Rows": 2622557, "Total Cost": 76687.57, "Node Type": "Seq Scan", "Relation Name": "store_sales", "Alias": "store_sales", "Parallel Aware": false, "Actual Rows": 2485280, "Parent Relationship": "Outer", "Actual Startup Time": 0.04, "Actual Loops": 1}, {"Hash Buckets": 1024, "Startup Cost": 2318.11, "Plan Width": 8, "Plans": [{"Relation Name": "date_dim", "Startup Cost": 0.0, "Plan Width": 8, "Actual Total Time": 9.776, "Node Type": "Seq Scan", "Total Cost": 2318.11, "Plan Rows": 727, "Filter": "(d_year = ANY ('{1998,1999}'::integer[]))", "Alias": "date_dim", "Parallel Aware": false, "Actual Rows": 730, "Parent Relationship": "Outer", "Actual Startup Time": 5.014, "Rows Removed by Filter": 72319, "Actual Loops": 1}], "Original Hash Buckets": 1024, "Hash Batches": 1, "Node Type": "Hash", "Total Cost": 2318.11, "Plan Rows": 727, "Actual Total Time": 9.86, "Parallel Aware": false, "Actual Rows": 730, "Parent Relationship": "Inner", "Peak Memory Usage": 37, "Actual Startup Time": 9.86, "Original Hash Batches": 1, "Actual Loops": 1}], "Plan Rows": 26100, "Total Cost": 89110.36, "Node Type": "Hash Join", "Join Type": "Inner", "Actual Total Time": 735.378, "Parallel Aware": false, "Actual Rows": 988660, "Parent Relationship": "Outer", "Hash Cond": "(store_sales.ss_sold_date_sk = date_dim.d_date_sk)", "Actual Startup Time": 9.91, "Actual Loops": 1}], "Original Hash Buckets": 32768, "Hash Batches": 16, "Node Type": "Hash", "Total Cost": 89110.36, "Plan Rows": 26100, "Actual Total Time": 913.339, "Parallel Aware": false, "Actual Rows": 988660, "Parent Relationship": "Inner", "Peak Memory Usage": 3461, "Actual Startup Time": 913.339, "Original Hash Batches": 1, "Actual Loops": 1}], "Plan Rows": 26100, "Total Cost": 95427.61, "Node Type": "Hash Join", "Join Type": "Inner", "Actual Total Time": 1239.406, "Parallel Aware": false, "Actual Rows": 106874513, "Parent Relationship": "Outer", "Hash Cond": "(customer.c_customer_sk = store_sales.ss_customer_sk)", "Actual Startup Time": 913.495, "Actual Loops": 1}], "Node Type": "Aggregate", "Total Cost": 95949.61, "Strategy": "Hashed", "Actual Total Time": 1712.043, "Plan Rows": 26100, "Parallel Aware": false, "Actual Rows": 3633380, "Group Key": ["customer.c_customer_id", "customer.c_first_name", "customer.c_last_name", "date_dim.d_year"], "Actual Startup Time": 1692.928, "Actual Loops": 1}, "Execution Time": 1715.112}]