[{"Triggers": [], "Planning Time": 0.302, "Plan": {"Partial Mode": "Simple", "Startup Cost": 89995.39, "Plan Width": 4, "Plans": [{"Startup Cost": 3333.23, "Plan Width": 4, "Plans": [{"Startup Cost": 3331.84, "Plan Width": 8, "Plans": [{"Startup Cost": 3142.84, "Plan Width": 12, "Plans": [{"Startup Cost": 0.0, "Plan Width": 16, "Actual Total Time": 297.778, "Plan Rows": 2622557, "Total Cost": 76687.57, "Node Type": "Seq Scan", "Relation Name": "store_sales", "Alias": "store_sales", "Parallel Aware": false, "Actual Rows": 2485280, "Parent Relationship": "Outer", "Actual Startup Time": 0.021, "Actual Loops": 1}, {"Hash Buckets": 1024, "Startup Cost": 3139.91, "Plan Width": 4, "Plans": [{"Relation Name": "date_dim", "Startup Cost": 0.0, "Plan Width": 4, "Actual Total Time": 9.842, "Node Type": "Seq Scan", "Total Cost": 3139.91, "Plan Rows": 234, "Filter": "((d_year = ANY ('{1998,1999,2000}'::integer[])) AND (((d_dom >= 1) AND (d_dom <= 3)) OR ((d_dom >= 25) AND (d_dom <= 28))))", "Alias": "date_dim", "Parallel Aware": false, "Actual Rows": 252, "Parent Relationship": "Outer", "Actual Startup Time": 4.701, "Rows Removed by Filter": 72797, "Actual Loops": 1}], "Original Hash Buckets": 1024, "Hash Batches": 1, "Node Type": "Hash", "Total Cost": 3139.91, "Plan Rows": 234, "Actual Total Time": 9.875, "Parallel Aware": false, "Actual Rows": 252, "Parent Relationship": "Inner", "Peak Memory Usage": 17, "Actual Startup Time": 9.875, "Original Hash Batches": 1, "Actual Loops": 1}], "Plan Rows": 8401, "Total Cost": 89749.01, "Node Type": "Hash Join", "Join Type": "Inner", "Actual Total Time": 581.037, "Parallel Aware": false, "Actual Rows": 339307, "Parent Relationship": "Outer", "Hash Cond": "(store_sales.ss_sold_date_sk = date_dim.d_date_sk)", "Actual Startup Time": 9.957, "Actual Loops": 1}, {"Hash Buckets": 1024, "Startup Cost": 179.0, "Plan Width": 4, "Plans": [{"Relation Name": "household_demographics", "Startup Cost": 0.0, "Plan Width": 4, "Actual Total Time": 1.079, "Node Type": "Seq Scan", "Total Cost": 179.0, "Plan Rows": 800, "Filter": "((hd_vehicle_count > 0) AND ((hd_buy_potential = 'from500to1000'::bpchar) OR (hd_buy_potential = 'from0to500'::bpchar)))", "Alias": "household_demographics", "Parallel Aware": false, "Actual Rows": 800, "Parent Relationship": "Outer", "Actual Startup Time": 0.782, "Rows Removed by Filter": 6400, "Actual Loops": 1}], "Original Hash Buckets": 1024, "Hash Batches": 1, "Node Type": "Hash", "Total Cost": 179.0, "Plan Rows": 800, "Actual Total Time": 1.168, "Parallel Aware": false, "Actual Rows": 800, "Parent Relationship": "Inner", "Peak Memory Usage": 37, "Actual Startup Time": 1.168, "Original Hash Batches": 1, "Actual Loops": 1}], "Plan Rows": 933, "Total Cost": 89978.84, "Node Type": "Hash Join", "Join Type": "Inner", "Actual Total Time": 615.442, "Parallel Aware": false, "Actual Rows": 38089, "Parent Relationship": "Outer", "Hash Cond": "(store_sales.ss_hdemo_sk = household_demographics.hd_demo_sk)", "Actual Startup Time": 11.18, "Actual Loops": 1}, {"Hash Buckets": 1024, "Startup Cost": 1.24, "Plan Width": 4, "Plans": [{"Relation Name": "store", "Startup Cost": 0.0, "Plan Width": 4, "Actual Total Time": 0.01, "Node Type": "Seq Scan", "Total Cost": 1.24, "Plan Rows": 12, "Filter": "((s_county)::text = ANY ('{\"Williamson County\",\"Williamson County\",\"Williamson County\",\"Williamson County\",\"Williamson County\",\"Williamson County\",\"Williamson County\",\"Williamson County\"}'::text[]))", "Alias": "store", "Parallel Aware": false, "Actual Rows": 12, "Parent Relationship": "Outer", "Actual Startup Time": 0.006, "Rows Removed by Filter": 0, "Actual Loops": 1}], "Original Hash Buckets": 1024, "Hash Batches": 1, "Node Type": "Hash", "Total Cost": 1.24, "Plan Rows": 12, "Actual Total Time": 0.012, "Parallel Aware": false, "Actual Rows": 12, "Parent Relationship": "Inner", "Peak Memory Usage": 9, "Actual Startup Time": 0.012, "Original Hash Batches": 1, "Actual Loops": 1}], "Plan Rows": 933, "Total Cost": 89993.06, "Node Type": "Hash Join", "Join Type": "Inner", "Actual Total Time": 623.364, "Parallel Aware": false, "Actual Rows": 0, "Parent Relationship": "Outer", "Hash Cond": "(store_sales.ss_store_sk = store.s_store_sk)", "Actual Startup Time": 11.196, "Actual Loops": 1}], "Node Type": "Aggregate", "Total Cost": 90004.72, "Strategy": "Hashed", "Actual Total Time": 631.941, "Plan Rows": 933, "Parallel Aware": false, "Actual Rows": 0, "Group Key": ["store_sales.ss_ticket_number"], "Actual Startup Time": 631.543, "Actual Loops": 1}, "Execution Time": 632.108}]