[{"Triggers": [], "Planning Time": 0.284, "Plan": {"Partial Mode": "Simple", "Startup Cost": 64157.35, "Plan Width": 63, "Plans": [{"Startup Cost": 6951.47, "Plan Width": 63, "Plans": [{"Startup Cost": 3966.13, "Plan Width": 59, "Plans": [{"Startup Cost": 2501.12, "Plan Width": 8, "Plans": [{"Startup Cost": 0.0, "Plan Width": 12, "Actual Total Time": 198.648, "Plan Rows": 1427370, "Total Cost": 51844.7, "Node Type": "Seq Scan", "Relation Name": "catalog_sales", "Alias": "catalog_sales", "Parallel Aware": false, "Actual Rows": 1343425, "Parent Relationship": "Outer", "Actual Startup Time": 0.024, "Actual Loops": 1}, {"Hash Buckets": 1024, "Startup Cost": 2500.73, "Plan Width": 4, "Plans": [{"Relation Name": "date_dim", "Startup Cost": 0.0, "Plan Width": 4, "Actual Total Time": 10.977, "Node Type": "Seq Scan", "Total Cost": 2500.73, "Plan Rows": 31, "Filter": "((d_moy = 12) AND (d_year = 2002))", "Alias": "date_dim", "Parallel Aware": false, "Actual Rows": 31, "Parent Relationship": "Outer", "Actual Startup Time": 5.501, "Rows Removed by Filter": 73018, "Actual Loops": 1}], "Original Hash Buckets": 1024, "Hash Batches": 1, "Node Type": "Hash", "Total Cost": 2500.73, "Plan Rows": 31, "Actual Total Time": 10.99, "Parallel Aware": false, "Actual Rows": 31, "Parent Relationship": "Inner", "Peak Memory Usage": 10, "Actual Startup Time": 10.99, "Original Hash Batches": 1, "Actual Loops": 1}], "Plan Rows": 606, "Total Cost": 59704.52, "Node Type": "Hash Join", "Join Type": "Inner", "Actual Total Time": 336.93, "Parallel Aware": false, "Actual Rows": 45679, "Parent Relationship": "Outer", "Hash Cond": "(catalog_sales.cs_sold_date_sk = date_dim.d_date_sk)", "Actual Startup Time": 291.03, "Actual Loops": 1}, {"Hash Buckets": 1024, "Startup Cost": 1461.0, "Plan Width": 59, "Plans": [{"Relation Name": "item", "Startup Cost": 0.0, "Plan Width": 59, "Actual Total Time": 4.666, "Node Type": "Seq Scan", "Total Cost": 1461.0, "Plan Rows": 321, "Filter": "(i_manager_id = 1)", "Alias": "item", "Parallel Aware": false, "Actual Rows": 321, "Parent Relationship": "Outer", "Actual Startup Time": 0.021, "Rows Removed by Filter": 17679, "Actual Loops": 1}], "Original Hash Buckets": 1024, "Hash Batches": 1, "Node Type": "Hash", "Total Cost": 1461.0, "Plan Rows": 321, "Actual Total Time": 4.732, "Parallel Aware": false, "Actual Rows": 321, "Parent Relationship": "Inner", "Peak Memory Usage": 37, "Actual Startup Time": 4.732, "Original Hash Batches": 1, "Actual Loops": 1}], "Plan Rows": 11, "Total Cost": 61171.92, "Node Type": "Hash Join", "Join Type": "Inner", "Actual Total Time": 344.868, "Parallel Aware": false, "Actual Rows": 822, "Parent Relationship": "Outer", "Hash Cond": "(catalog_sales.cs_item_sk = item.i_item_sk)", "Actual Startup Time": 324.722, "Actual Loops": 1}, {"Hash Buckets": 32768, "Startup Cost": 2693.0, "Plan Width": 12, "Plans": [{"Relation Name": "time_dim", "Startup Cost": 0.0, "Plan Width": 12, "Actual Total Time": 13.055, "Node Type": "Seq Scan", "Total Cost": 2693.0, "Plan Rows": 23387, "Filter": "((t_meal_time = 'breakfast'::bpchar) OR (t_meal_time = 'dinner'::bpchar))", "Alias": "time_dim", "Parallel Aware": false, "Actual Rows": 25200, "Parent Relationship": "Outer", "Actual Startup Time": 2.158, "Rows Removed by Filter": 61200, "Actual Loops": 1}], "Original Hash Buckets": 32768, "Hash Batches": 1, "Node Type": "Hash", "Total Cost": 2693.0, "Plan Rows": 23387, "Actual Total Time": 16.715, "Parallel Aware": false, "Actual Rows": 25200, "Parent Relationship": "Inner", "Peak Memory Usage": 1339, "Actual Startup Time": 16.715, "Original Hash Batches": 1, "Actual Loops": 1}], "Plan Rows": 3, "Total Cost": 64157.32, "Node Type": "Hash Join", "Join Type": "Inner", "Actual Total Time": 361.842, "Parallel Aware": false, "Actual Rows": 64842, "Parent Relationship": "Outer", "Hash Cond": "(catalog_sales.cs_sold_time_sk = time_dim.t_time_sk)", "Actual Startup Time": 341.52, "Actual Loops": 1}], "Node Type": "Aggregate", "Total Cost": 64157.38, "Strategy": "Hashed", "Actual Total Time": 362.049, "Plan Rows": 3, "Parallel Aware": false, "Actual Rows": 27940, "Group Key": ["item.i_brand", "item.i_brand_id", "time_dim.t_hour", "time_dim.t_minute"], "Actual Startup Time": 362.011, "Actual Loops": 1}, "Execution Time": 362.103}]