[{"Triggers": [], "Planning Time": 0.236, "Plan": {"Partial Mode": "Simple", "Startup Cost": 93489.31, "Plan Width": 63, "Plans": [{"Startup Cost": 6951.47, "Plan Width": 63, "Plans": [{"Startup Cost": 3966.13, "Plan Width": 59, "Plans": [{"Startup Cost": 2501.12, "Plan Width": 8, "Plans": [{"Startup Cost": 0.0, "Plan Width": 12, "Actual Total Time": 289.909, "Plan Rows": 2622557, "Total Cost": 76687.57, "Node Type": "Seq Scan", "Relation Name": "store_sales", "Alias": "store_sales", "Parallel Aware": false, "Actual Rows": 2485280, "Parent Relationship": "Outer", "Actual Startup Time": 0.028, "Actual Loops": 1}, {"Hash Buckets": 1024, "Startup Cost": 2500.73, "Plan Width": 4, "Plans": [{"Relation Name": "date_dim", "Startup Cost": 0.0, "Plan Width": 4, "Actual Total Time": 11.265, "Node Type": "Seq Scan", "Total Cost": 2500.73, "Plan Rows": 31, "Filter": "((d_moy = 12) AND (d_year = 2002))", "Alias": "date_dim", "Parallel Aware": false, "Actual Rows": 31, "Parent Relationship": "Outer", "Actual Startup Time": 5.816, "Rows Removed by Filter": 73018, "Actual Loops": 1}], "Original Hash Buckets": 1024, "Hash Batches": 1, "Node Type": "Hash", "Total Cost": 2500.73, "Plan Rows": 31, "Actual Total Time": 11.276, "Parallel Aware": false, "Actual Rows": 31, "Parent Relationship": "Inner", "Peak Memory Usage": 10, "Actual Startup Time": 11.276, "Original Hash Batches": 1, "Actual Loops": 1}], "Plan Rows": 1113, "Total Cost": 89034.41, "Node Type": "Hash Join", "Join Type": "Inner", "Actual Total Time": 516.92, "Parallel Aware": false, "Actual Rows": 85047, "Parent Relationship": "Outer", "Hash Cond": "(store_sales.ss_sold_date_sk = date_dim.d_date_sk)", "Actual Startup Time": 11.353, "Actual Loops": 1}, {"Hash Buckets": 1024, "Startup Cost": 1461.0, "Plan Width": 59, "Plans": [{"Relation Name": "item", "Startup Cost": 0.0, "Plan Width": 59, "Actual Total Time": 5.603, "Node Type": "Seq Scan", "Total Cost": 1461.0, "Plan Rows": 321, "Filter": "(i_manager_id = 1)", "Alias": "item", "Parallel Aware": false, "Actual Rows": 321, "Parent Relationship": "Outer", "Actual Startup Time": 0.027, "Rows Removed by Filter": 17679, "Actual Loops": 1}], "Original Hash Buckets": 1024, "Hash Batches": 1, "Node Type": "Hash", "Total Cost": 1461.0, "Plan Rows": 321, "Actual Total Time": 5.696, "Parallel Aware": false, "Actual Rows": 321, "Parent Relationship": "Inner", "Peak Memory Usage": 37, "Actual Startup Time": 5.696, "Original Hash Batches": 1, "Actual Loops": 1}], "Plan Rows": 20, "Total Cost": 90503.8, "Node Type": "Hash Join", "Join Type": "Inner", "Actual Total Time": 531.988, "Parallel Aware": false, "Actual Rows": 1546, "Parent Relationship": "Outer", "Hash Cond": "(store_sales.ss_item_sk = item.i_item_sk)", "Actual Startup Time": 18.186, "Actual Loops": 1}, {"Hash Buckets": 32768, "Startup Cost": 2693.0, "Plan Width": 12, "Plans": [{"Relation Name": "time_dim", "Startup Cost": 0.0, "Plan Width": 12, "Actual Total Time": 16.553, "Node Type": "Seq Scan", "Total Cost": 2693.0, "Plan Rows": 23387, "Filter": "((t_meal_time = 'breakfast'::bpchar) OR (t_meal_time = 'dinner'::bpchar))", "Alias": "time_dim", "Parallel Aware": false, "Actual Rows": 25200, "Parent Relationship": "Outer", "Actual Startup Time": 1.839, "Rows Removed by Filter": 61200, "Actual Loops": 1}], "Original Hash Buckets": 32768, "Hash Batches": 1, "Node Type": "Hash", "Total Cost": 2693.0, "Plan Rows": 23387, "Actual Total Time": 21.703, "Parallel Aware": false, "Actual Rows": 25200, "Parent Relationship": "Inner", "Peak Memory Usage": 1339, "Actual Startup Time": 21.703, "Original Hash Batches": 1, "Actual Loops": 1}], "Plan Rows": 5, "Total Cost": 93489.26, "Node Type": "Hash Join", "Join Type": "Inner", "Actual Total Time": 554.55, "Parallel Aware": false, "Actual Rows": 65783, "Parent Relationship": "Outer", "Hash Cond": "(store_sales.ss_sold_time_sk = time_dim.t_time_sk)", "Actual Startup Time": 40.059, "Actual Loops": 1}], "Node Type": "Aggregate", "Total Cost": 93489.36, "Strategy": "Hashed", "Actual Total Time": 555.533, "Plan Rows": 5, "Parallel Aware": false, "Actual Rows": 48195, "Group Key": ["item.i_brand", "item.i_brand_id", "time_dim.t_hour", "time_dim.t_minute"], "Actual Startup Time": 555.443, "Actual Loops": 1}, "Execution Time": 555.59}]