[{"Execution Time": 478.207, "Planning Time": 0.2, "Plan": {"Partial Mode": "Simple", "Startup Cost": 33190.65, "Plans": [{"Startup Cost": 4150.86, "Plans": [{"Startup Cost": 2509.86, "Plans": [{"Startup Cost": 0.0, "Actual Rows": 648065, "Node Type": "Seq Scan", "Plan Rows": 719071, "Relation Name": "web_sales", "Alias": "web_sales", "Parallel Aware": false, "Actual Total Time": 100.549, "Parent Relationship": "Outer", "Actual Startup Time": 0.03, "Plan Width": 8, "Actual Loops": 1, "Total Cost": 26118.71}, {"Hash Buckets": 2048, "Startup Cost": 2500.73, "Plans": [{"Filter": "((d_year >= 1999) AND (d_year <= 2001))", "Startup Cost": 0.0, "Actual Rows": 1096, "Node Type": "Seq Scan", "Plan Rows": 730, "Relation Name": "date_dim", "Alias": "date_dim", "Parallel Aware": false, "Actual Total Time": 9.669, "Parent Relationship": "Outer", "Actual Startup Time": 4.429, "Plan Width": 4, "Actual Loops": 1, "Rows Removed by Filter": 71953, "Total Cost": 2500.73}], "Original Hash Buckets": 1024, "Hash Batches": 1, "Actual Rows": 1096, "Node Type": "Hash", "Plan Rows": 730, "Actual Startup Time": 9.791, "Parallel Aware": false, "Actual Total Time": 9.791, "Parent Relationship": "Inner", "Peak Memory Usage": 55, "Plan Width": 4, "Actual Loops": 1, "Original Hash Batches": 1, "Total Cost": 2500.73}], "Actual Rows": 390147, "Node Type": "Hash Join", "Plan Rows": 7186, "Join Type": "Inner", "Parallel Aware": false, "Actual Total Time": 235.643, "Hash Cond": "(web_sales.ws_sold_date_sk = date_dim.d_date_sk)", "Parent Relationship": "Outer", "Actual Startup Time": 9.833, "Plan Width": 4, "Actual Loops": 1, "Total Cost": 31396.95}, {"Hash Buckets": 32768, "Startup Cost": 1416.0, "Plans": [{"Startup Cost": 0.0, "Actual Rows": 18000, "Node Type": "Seq Scan", "Plan Rows": 18000, "Relation Name": "item", "Alias": "item", "Parallel Aware": false, "Actual Total Time": 4.548, "Parent Relationship": "Outer", "Actual Startup Time": 0.005, "Plan Width": 16, "Actual Loops": 1, "Total Cost": 1416.0}], "Original Hash Buckets": 32768, "Hash Batches": 1, "Actual Rows": 18000, "Node Type": "Hash", "Plan Rows": 18000, "Actual Startup Time": 7.028, "Parallel Aware": false, "Actual Total Time": 7.028, "Parent Relationship": "Inner", "Peak Memory Usage": 1100, "Plan Width": 16, "Actual Loops": 1, "Original Hash Batches": 1, "Total Cost": 1416.0}], "Actual Rows": 43190218, "Node Type": "Hash Join", "Plan Rows": 7186, "Join Type": "Inner", "Parallel Aware": false, "Actual Total Time": 374.781, "Hash Cond": "(web_sales.ws_item_sk = item.i_item_sk)", "Parent Relationship": "Outer", "Actual Startup Time": 16.874, "Plan Width": 12, "Actual Loops": 1, "Total Cost": 33136.75}], "Actual Rows": 17550, "Node Type": "Aggregate", "Strategy": "Hashed", "Plan Rows": 1800, "Parallel Aware": false, "Actual Total Time": 478.059, "Group Key": ["item.i_brand_id", "item.i_class_id", "item.i_category_id"], "Actual Startup Time": 477.668, "Plan Width": 12, "Actual Loops": 1, "Total Cost": 33208.65}, "Triggers": []}]