[{"Triggers": [], "Planning Time": 0.179, "Plan": {"Startup Cost": 10000080649.51, "Plan Width": 20, "Plans": [{"Startup Cost": 10000080649.51, "Plan Width": 20, "Plans": [{"Startup Cost": 4532.54, "Plan Width": 20, "Plans": [{"Startup Cost": 1483.94, "Plan Width": 20, "Plans": [{"Startup Cost": 0.0, "Plan Width": 8, "Actual Total Time": 201.515, "Plan Rows": 1427370, "Total Cost": 51844.7, "Node Type": "Seq Scan", "Relation Name": "catalog_sales", "Alias": "catalog_sales", "Parallel Aware": false, "Actual Rows": 1343425, "Parent Relationship": "Outer", "Actual Startup Time": 0.024, "Actual Loops": 1}, {"Hash Buckets": 2048, "Startup Cost": 1461.0, "Plan Width": 20, "Plans": [{"Relation Name": "item", "Startup Cost": 0.0, "Plan Width": 20, "Actual Total Time": 5.411, "Node Type": "Seq Scan", "Total Cost": 1461.0, "Plan Rows": 1835, "Filter": "(i_category = 'Shoes'::bpchar)", "Alias": "item", "Parallel Aware": false, "Actual Rows": 1835, "Parent Relationship": "Outer", "Actual Startup Time": 0.017, "Rows Removed by Filter": 16165, "Actual Loops": 1}], "Original Hash Buckets": 2048, "Hash Batches": 1, "Node Type": "Hash", "Total Cost": 1461.0, "Plan Rows": 1835, "Actual Total Time": 5.736, "Parallel Aware": false, "Actual Rows": 1835, "Parent Relationship": "Inner", "Peak Memory Usage": 110, "Actual Startup Time": 5.736, "Original Hash Batches": 1, "Actual Loops": 1}], "Plan Rows": 145512, "Total Cost": 60136.4, "Node Type": "Hash Join", "Join Type": "Inner", "Actual Total Time": 483.768, "Parallel Aware": false, "Actual Rows": 137211, "Parent Relationship": "Outer", "Hash Cond": "(catalog_sales.cs_item_sk = item.i_item_sk)", "Actual Startup Time": 5.771, "Actual Loops": 1}, {"Hash Buckets": 131072, "Startup Cost": 2135.49, "Plan Width": 8, "Plans": [{"Startup Cost": 0.0, "Plan Width": 8, "Actual Total Time": 11.192, "Plan Rows": 73049, "Total Cost": 2135.49, "Node Type": "Seq Scan", "Relation Name": "date_dim", "Alias": "date_dim", "Parallel Aware": false, "Actual Rows": 73049, "Parent Relationship": "Outer", "Actual Startup Time": 0.007, "Actual Loops": 1}], "Original Hash Buckets": 131072, "Hash Batches": 1, "Node Type": "Hash", "Total Cost": 2135.49, "Plan Rows": 73049, "Actual Total Time": 22.753, "Parallel Aware": false, "Actual Rows": 73049, "Parent Relationship": "Inner", "Peak Memory Usage": 3878, "Actual Startup Time": 22.753, "Original Hash Batches": 1, "Actual Loops": 1}], "Plan Rows": 145512, "Total Cost": 65185.79, "Node Type": "Hash Join", "Join Type": "Inner", "Actual Total Time": 540.477, "Parallel Aware": false, "Actual Rows": 28634044, "Parent Relationship": "Outer", "Hash Cond": "(catalog_sales.cs_sold_date_sk = date_dim.d_date_sk)", "Actual Startup Time": 28.578, "Actual Loops": 1}], "Sort Key": ["date_dim.d_year", "item.i_brand_id", "item.i_class_id", "item.i_category_id", "item.i_manufact_id"], "Node Type": "Sort", "Actual Total Time": 803.338, "Plan Rows": 145512, "Sort Space Used": 4024, "Sort Method": "external sort", "Parallel Aware": false, "Actual Rows": 28634044, "Total Cost": 10000081013.29, "Parent Relationship": "Outer", "Actual Startup Time": 789.147, "Actual Loops": 1, "Sort Space Type": "Disk"}], "Plan Rows": 145512, "Node Type": "Unique", "Actual Total Time": 819.164, "Parallel Aware": false, "Actual Rows": 40279, "Total Cost": 10000082832.19, "Actual Startup Time": 789.148, "Actual Loops": 1}, "Execution Time": 819.913}]