[{"Execution Time": 1171.548, "Planning Time": 0.25, "Plan": {"Startup Cost": 10000126988.79, "Plans": [{"Startup Cost": 10000126988.79, "Plans": [{"Startup Cost": 4532.54, "Plans": [{"Startup Cost": 1483.94, "Plans": [{"Startup Cost": 0.0, "Actual Rows": 2485280, "Node Type": "Seq Scan", "Plan Rows": 2622557, "Relation Name": "store_sales", "Alias": "store_sales", "Parallel Aware": false, "Actual Total Time": 318.139, "Parent Relationship": "Outer", "Actual Startup Time": 0.039, "Plan Width": 8, "Actual Loops": 1, "Total Cost": 76687.57}, {"Hash Buckets": 2048, "Startup Cost": 1461.0, "Plans": [{"Filter": "(i_category = 'Shoes'::bpchar)", "Startup Cost": 0.0, "Actual Rows": 1835, "Node Type": "Seq Scan", "Plan Rows": 1835, "Relation Name": "item", "Alias": "item", "Parallel Aware": false, "Actual Total Time": 4.973, "Parent Relationship": "Outer", "Actual Startup Time": 0.017, "Plan Width": 20, "Actual Loops": 1, "Rows Removed by Filter": 16165, "Total Cost": 1461.0}], "Original Hash Buckets": 2048, "Hash Batches": 1, "Actual Rows": 1835, "Node Type": "Hash", "Plan Rows": 1835, "Actual Startup Time": 5.278, "Parallel Aware": false, "Actual Total Time": 5.278, "Parent Relationship": "Inner", "Peak Memory Usage": 110, "Plan Width": 20, "Actual Loops": 1, "Original Hash Batches": 1, "Total Cost": 1461.0}], "Actual Rows": 254730, "Node Type": "Hash Join", "Plan Rows": 267355, "Join Type": "Inner", "Parallel Aware": false, "Actual Total Time": 680.39, "Hash Cond": "(store_sales.ss_item_sk = item.i_item_sk)", "Parent Relationship": "Outer", "Actual Startup Time": 5.327, "Plan Width": 20, "Actual Loops": 1, "Total Cost": 90679.65}, {"Hash Buckets": 131072, "Startup Cost": 2135.49, "Plans": [{"Startup Cost": 0.0, "Actual Rows": 73049, "Node Type": "Seq Scan", "Plan Rows": 73049, "Relation Name": "date_dim", "Alias": "date_dim", "Parallel Aware": false, "Actual Total Time": 13.927, "Parent Relationship": "Outer", "Actual Startup Time": 0.006, "Plan Width": 8, "Actual Loops": 1, "Total Cost": 2135.49}], "Original Hash Buckets": 131072, "Hash Batches": 1, "Actual Rows": 73049, "Node Type": "Hash", "Plan Rows": 73049, "Actual Startup Time": 28.528, "Parallel Aware": false, "Actual Total Time": 28.528, "Parent Relationship": "Inner", "Peak Memory Usage": 3878, "Plan Width": 8, "Actual Loops": 1, "Original Hash Batches": 1, "Total Cost": 2135.49}], "Actual Rows": 27483365, "Node Type": "Hash Join", "Plan Rows": 267355, "Join Type": "Inner", "Parallel Aware": false, "Actual Total Time": 796.589, "Hash Cond": "(store_sales.ss_sold_date_sk = date_dim.d_date_sk)", "Parent Relationship": "Outer", "Actual Startup Time": 33.904, "Plan Width": 20, "Actual Loops": 1, "Total Cost": 97404.38}], "Sort Space Type": "Disk", "Sort Key": ["date_dim.d_year", "item.i_brand_id", "item.i_class_id", "item.i_category_id", "item.i_manufact_id"], "Node Type": "Sort", "Plan Rows": 267355, "Sort Space Used": 7424, "Actual Rows": 27483365, "Sort Method": "external merge", "Parallel Aware": false, "Actual Total Time": 1135.988, "Parent Relationship": "Outer", "Actual Startup Time": 1056.138, "Plan Width": 20, "Actual Loops": 1, "Total Cost": 10000127657.18}], "Actual Rows": 40656, "Node Type": "Unique", "Plan Rows": 238386, "Parallel Aware": false, "Actual Total Time": 1169.891, "Actual Startup Time": 1056.138, "Plan Width": 20, "Actual Loops": 1, "Total Cost": 10000130999.12}, "Triggers": []}]