[{"Triggers": [], "Planning Time": 0.191, "Plan": {"Startup Cost": 10000041012.4, "Plan Width": 20, "Plans": [{"Startup Cost": 10000041012.4, "Plan Width": 20, "Plans": [{"Startup Cost": 4532.54, "Plan Width": 20, "Plans": [{"Startup Cost": 1483.94, "Plan Width": 20, "Plans": [{"Startup Cost": 0.0, "Plan Width": 8, "Actual Total Time": 98.926, "Plan Rows": 719071, "Total Cost": 26118.71, "Node Type": "Seq Scan", "Relation Name": "web_sales", "Alias": "web_sales", "Parallel Aware": false, "Actual Rows": 648065, "Parent Relationship": "Outer", "Actual Startup Time": 0.031, "Actual Loops": 1}, {"Hash Buckets": 2048, "Startup Cost": 1461.0, "Plan Width": 20, "Plans": [{"Relation Name": "item", "Startup Cost": 0.0, "Plan Width": 20, "Actual Total Time": 5.348, "Node Type": "Seq Scan", "Total Cost": 1461.0, "Plan Rows": 1835, "Filter": "(i_category = 'Shoes'::bpchar)", "Alias": "item", "Parallel Aware": false, "Actual Rows": 1835, "Parent Relationship": "Outer", "Actual Startup Time": 0.013, "Rows Removed by Filter": 16165, "Actual Loops": 1}], "Original Hash Buckets": 2048, "Hash Batches": 1, "Node Type": "Hash", "Total Cost": 1461.0, "Plan Rows": 1835, "Actual Total Time": 5.675, "Parallel Aware": false, "Actual Rows": 1835, "Parent Relationship": "Inner", "Peak Memory Usage": 110, "Actual Startup Time": 5.675, "Original Hash Batches": 1, "Actual Loops": 1}], "Plan Rows": 73305, "Total Cost": 31032.21, "Node Type": "Hash Join", "Join Type": "Inner", "Actual Total Time": 204.071, "Parallel Aware": false, "Actual Rows": 66379, "Parent Relationship": "Outer", "Hash Cond": "(web_sales.ws_item_sk = item.i_item_sk)", "Actual Startup Time": 5.738, "Actual Loops": 1}, {"Hash Buckets": 131072, "Startup Cost": 2135.49, "Plan Width": 8, "Plans": [{"Startup Cost": 0.0, "Plan Width": 8, "Actual Total Time": 10.723, "Plan Rows": 73049, "Total Cost": 2135.49, "Node Type": "Seq Scan", "Relation Name": "date_dim", "Alias": "date_dim", "Parallel Aware": false, "Actual Rows": 73049, "Parent Relationship": "Outer", "Actual Startup Time": 0.005, "Actual Loops": 1}], "Original Hash Buckets": 131072, "Hash Batches": 1, "Node Type": "Hash", "Total Cost": 2135.49, "Plan Rows": 73049, "Actual Total Time": 20.532, "Parallel Aware": false, "Actual Rows": 73049, "Parent Relationship": "Inner", "Peak Memory Usage": 3878, "Actual Startup Time": 20.532, "Original Hash Batches": 1, "Actual Loops": 1}], "Plan Rows": 73305, "Total Cost": 35088.76, "Node Type": "Hash Join", "Join Type": "Inner", "Actual Total Time": 248.272, "Parallel Aware": false, "Actual Rows": 7193194, "Parent Relationship": "Outer", "Hash Cond": "(web_sales.ws_sold_date_sk = date_dim.d_date_sk)", "Actual Startup Time": 26.321, "Actual Loops": 1}], "Sort Key": ["date_dim.d_year", "item.i_brand_id", "item.i_class_id", "item.i_category_id", "item.i_manufact_id"], "Node Type": "Sort", "Actual Total Time": 354.368, "Plan Rows": 73305, "Sort Space Used": 1936, "Sort Method": "external merge", "Parallel Aware": false, "Actual Rows": 7193194, "Total Cost": 10000041195.66, "Parent Relationship": "Outer", "Actual Startup Time": 346.353, "Actual Loops": 1, "Sort Space Type": "Disk"}], "Plan Rows": 73305, "Node Type": "Unique", "Actual Total Time": 362.196, "Parallel Aware": false, "Actual Rows": 39004, "Total Cost": 10000042111.97, "Actual Startup Time": 346.355, "Actual Loops": 1}, "Execution Time": 362.706}]