[{"Triggers": [], "Planning Time": 0.37, "Plan": {"Partial Mode": "Simple", "Startup Cost": 90531.42, "Plan Width": 17, "Plans": [{"Startup Cost": 3991.95, "Plan Width": 17, "Plans": [{"Startup Cost": 3990.68, "Plan Width": 4, "Plans": [{"Startup Cost": 3975.26, "Plan Width": 8, "Plans": [{"Startup Cost": 2501.11, "Plan Width": 12, "Plans": [{"Startup Cost": 0.0, "Plan Width": 16, "Actual Total Time": 298.687, "Plan Rows": 2622557, "Total Cost": 76687.57, "Node Type": "Seq Scan", "Relation Name": "store_sales", "Alias": "store_sales", "Parallel Aware": false, "Actual Rows": 2485280, "Parent Relationship": "Outer", "Actual Startup Time": 0.03, "Actual Loops": 1}, {"Hash Buckets": 1024, "Startup Cost": 2500.73, "Plan Width": 4, "Plans": [{"Relation Name": "date_dim", "Startup Cost": 0.0, "Plan Width": 4, "Actual Total Time": 12.811, "Node Type": "Seq Scan", "Total Cost": 2500.73, "Plan Rows": 30, "Filter": "((d_date >= '1999-08-25'::date) AND (d_date <= '1999-09-25'::date))", "Alias": "date_dim", "Parallel Aware": false, "Actual Rows": 32, "Parent Relationship": "Outer", "Actual Startup Time": 6.747, "Rows Removed by Filter": 73017, "Actual Loops": 1}], "Original Hash Buckets": 1024, "Hash Batches": 1, "Node Type": "Hash", "Total Cost": 2500.73, "Plan Rows": 30, "Actual Total Time": 12.829, "Parallel Aware": false, "Actual Rows": 32, "Parent Relationship": "Inner", "Peak Memory Usage": 10, "Actual Startup Time": 12.829, "Original Hash Batches": 1, "Actual Loops": 1}], "Plan Rows": 1077, "Total Cost": 89034.04, "Node Type": "Hash Join", "Join Type": "Inner", "Actual Total Time": 535.632, "Parallel Aware": false, "Actual Rows": 56771, "Parent Relationship": "Outer", "Hash Cond": "(store_sales.ss_sold_date_sk = date_dim.d_date_sk)", "Actual Startup Time": 13.019, "Actual Loops": 1}, {"Hash Buckets": 2048, "Startup Cost": 1461.0, "Plan Width": 4, "Plans": [{"Relation Name": "item", "Startup Cost": 0.0, "Plan Width": 4, "Actual Total Time": 4.867, "Node Type": "Seq Scan", "Total Cost": 1461.0, "Plan Rows": 1052, "Filter": "(i_current_price > '50'::numeric)", "Alias": "item", "Parallel Aware": false, "Actual Rows": 1055, "Parent Relationship": "Outer", "Actual Startup Time": 0.005, "Rows Removed by Filter": 16945, "Actual Loops": 1}], "Original Hash Buckets": 2048, "Hash Batches": 1, "Node Type": "Hash", "Total Cost": 1461.0, "Plan Rows": 1052, "Actual Total Time": 5.037, "Parallel Aware": false, "Actual Rows": 1055, "Parent Relationship": "Inner", "Peak Memory Usage": 54, "Actual Startup Time": 5.037, "Original Hash Batches": 1, "Actual Loops": 1}], "Plan Rows": 63, "Total Cost": 90512.86, "Node Type": "Hash Join", "Join Type": "Inner", "Actual Total Time": 549.651, "Parallel Aware": false, "Actual Rows": 3268, "Parent Relationship": "Outer", "Hash Cond": "(store_sales.ss_item_sk = item.i_item_sk)", "Actual Startup Time": 18.063, "Actual Loops": 1}, {"Hash Buckets": 1024, "Startup Cost": 11.75, "Plan Width": 4, "Plans": [{"Relation Name": "promotion", "Startup Cost": 0.0, "Plan Width": 4, "Actual Total Time": 0.065, "Node Type": "Seq Scan", "Total Cost": 11.75, "Plan Rows": 294, "Filter": "(p_channel_tv = 'N'::bpchar)", "Alias": "promotion", "Parallel Aware": false, "Actual Rows": 294, "Parent Relationship": "Outer", "Actual Startup Time": 0.004, "Rows Removed by Filter": 6, "Actual Loops": 1}], "Original Hash Buckets": 1024, "Hash Batches": 1, "Node Type": "Hash", "Total Cost": 11.75, "Plan Rows": 294, "Actual Total Time": 0.102, "Parallel Aware": false, "Actual Rows": 294, "Parent Relationship": "Inner", "Peak Memory Usage": 19, "Actual Startup Time": 0.102, "Original Hash Batches": 1, "Actual Loops": 1}], "Plan Rows": 62, "Total Cost": 90529.14, "Node Type": "Hash Join", "Join Type": "Inner", "Actual Total Time": 551.262, "Parallel Aware": false, "Actual Rows": 3199, "Parent Relationship": "Outer", "Hash Cond": "(store_sales.ss_promo_sk = promotion.p_promo_sk)", "Actual Startup Time": 18.167, "Actual Loops": 1}, {"Hash Buckets": 1024, "Startup Cost": 1.12, "Plan Width": 21, "Plans": [{"Startup Cost": 0.0, "Plan Width": 21, "Actual Total Time": 0.006, "Plan Rows": 12, "Total Cost": 1.12, "Node Type": "Seq Scan", "Relation Name": "store", "Alias": "store", "Parallel Aware": false, "Actual Rows": 12, "Parent Relationship": "Outer", "Actual Startup Time": 0.004, "Actual Loops": 1}], "Original Hash Buckets": 1024, "Hash Batches": 1, "Node Type": "Hash", "Total Cost": 1.12, "Plan Rows": 12, "Actual Total Time": 0.009, "Parallel Aware": false, "Actual Rows": 12, "Parent Relationship": "Inner", "Peak Memory Usage": 9, "Actual Startup Time": 0.009, "Original Hash Batches": 1, "Actual Loops": 1}], "Plan Rows": 62, "Total Cost": 90531.26, "Node Type": "Hash Join", "Join Type": "Inner", "Actual Total Time": 552.378, "Parallel Aware": false, "Actual Rows": 342172, "Parent Relationship": "Outer", "Hash Cond": "(store_sales.ss_store_sk = store.s_store_sk)", "Actual Startup Time": 18.18, "Actual Loops": 1}], "Node Type": "Aggregate", "Total Cost": 90531.48, "Strategy": "Hashed", "Actual Total Time": 553.72, "Plan Rows": 6, "Parallel Aware": false, "Actual Rows": 201, "Group Key": ["store.s_store_id"], "Actual Startup Time": 553.719, "Actual Loops": 1}, "Execution Time": 553.77}]