[{"Triggers": [], "Planning Time": 0.304, "Plan": {"Partial Mode": "Simple", "Startup Cost": 91217.13, "Plan Width": 141, "Plans": [{"Startup Cost": 4328.32, "Plan Width": 141, "Plans": [{"Startup Cost": 2687.32, "Plan Width": 26, "Plans": [{"Startup Cost": 2686.05, "Plan Width": 8, "Plans": [{"Startup Cost": 0.0, "Plan Width": 12, "Actual Total Time": 322.331, "Plan Rows": 2622557, "Total Cost": 76687.57, "Node Type": "Seq Scan", "Relation Name": "store_sales", "Alias": "store_sales", "Parallel Aware": false, "Actual Rows": 2485280, "Parent Relationship": "Outer", "Actual Startup Time": 0.022, "Actual Loops": 1}, {"Hash Buckets": 1024, "Startup Cost": 2683.36, "Plan Width": 4, "Plans": [{"Relation Name": "date_dim", "Startup Cost": 0.0, "Plan Width": 4, "Actual Total Time": 12.802, "Node Type": "Seq Scan", "Total Cost": 2683.36, "Plan Rows": 215, "Filter": "((d_moy >= 4) AND (d_moy <= 10) AND (d_year = 2001))", "Alias": "date_dim", "Parallel Aware": false, "Actual Rows": 214, "Parent Relationship": "Outer", "Actual Startup Time": 6.37, "Rows Removed by Filter": 72835, "Actual Loops": 1}], "Original Hash Buckets": 1024, "Hash Batches": 1, "Node Type": "Hash", "Total Cost": 2683.36, "Plan Rows": 215, "Actual Total Time": 12.829, "Parallel Aware": false, "Actual Rows": 214, "Parent Relationship": "Inner", "Peak Memory Usage": 16, "Actual Startup Time": 12.829, "Original Hash Batches": 1, "Actual Loops": 1}], "Plan Rows": 7719, "Total Cost": 89285.39, "Node Type": "Hash Join", "Join Type": "Inner", "Actual Total Time": 613.372, "Parallel Aware": false, "Actual Rows": 258799, "Parent Relationship": "Outer", "Hash Cond": "(store_sales.ss_sold_date_sk = date_dim.d_date_sk)", "Actual Startup Time": 12.928, "Actual Loops": 1}, {"Hash Buckets": 1024, "Startup Cost": 1.12, "Plan Width": 26, "Plans": [{"Startup Cost": 0.0, "Plan Width": 26, "Actual Total Time": 0.008, "Plan Rows": 12, "Total Cost": 1.12, "Node Type": "Seq Scan", "Relation Name": "store", "Alias": "store", "Parallel Aware": false, "Actual Rows": 12, "Parent Relationship": "Outer", "Actual Startup Time": 0.006, "Actual Loops": 1}], "Original Hash Buckets": 1024, "Hash Batches": 1, "Node Type": "Hash", "Total Cost": 1.12, "Plan Rows": 12, "Actual Total Time": 0.01, "Parallel Aware": false, "Actual Rows": 12, "Parent Relationship": "Inner", "Peak Memory Usage": 9, "Actual Startup Time": 0.01, "Original Hash Batches": 1, "Actual Loops": 1}], "Plan Rows": 7719, "Total Cost": 89392.8, "Node Type": "Hash Join", "Join Type": "Inner", "Actual Total Time": 674.893, "Parallel Aware": false, "Actual Rows": 258799, "Parent Relationship": "Outer", "Hash Cond": "(store_sales.ss_store_sk = store.s_store_sk)", "Actual Startup Time": 12.948, "Actual Loops": 1}, {"Hash Buckets": 32768, "Startup Cost": 1416.0, "Plan Width": 123, "Plans": [{"Startup Cost": 0.0, "Plan Width": 123, "Actual Total Time": 3.699, "Plan Rows": 18000, "Total Cost": 1416.0, "Node Type": "Seq Scan", "Relation Name": "item", "Alias": "item", "Parallel Aware": false, "Actual Rows": 18000, "Parent Relationship": "Outer", "Actual Startup Time": 0.005, "Actual Loops": 1}], "Original Hash Buckets": 32768, "Hash Batches": 1, "Node Type": "Hash", "Total Cost": 1416.0, "Plan Rows": 18000, "Actual Total Time": 8.037, "Parallel Aware": false, "Actual Rows": 18000, "Parent Relationship": "Inner", "Peak Memory Usage": 3031, "Actual Startup Time": 8.037, "Original Hash Batches": 1, "Actual Loops": 1}], "Plan Rows": 7719, "Total Cost": 91139.94, "Node Type": "Hash Join", "Join Type": "Inner", "Actual Total Time": 803.532, "Parallel Aware": false, "Actual Rows": 27964706, "Parent Relationship": "Outer", "Hash Cond": "(store_sales.ss_item_sk = item.i_item_sk)", "Actual Startup Time": 21.001, "Actual Loops": 1}], "Node Type": "Aggregate", "Total Cost": 91294.32, "Strategy": "Hashed", "Actual Total Time": 1022.003, "Plan Rows": 7719, "Parallel Aware": false, "Actual Rows": 15264688, "Group Key": ["item.i_item_id", "item.i_item_desc", "store.s_store_id", "store.s_store_name"], "Actual Startup Time": 1004.984, "Actual Loops": 1}, "Execution Time": 1023.968}]