[{"Triggers": [], "Planning Time": 0.249, "Plan": {"Partial Mode": "Simple", "Startup Cost": 61645.16, "Plan Width": 119, "Plans": [{"Startup Cost": 4327.05, "Plan Width": 119, "Plans": [{"Startup Cost": 2686.05, "Plan Width": 4, "Plans": [{"Startup Cost": 0.0, "Plan Width": 8, "Actual Total Time": 188.299, "Plan Rows": 1427370, "Total Cost": 51844.7, "Node Type": "Seq Scan", "Relation Name": "catalog_sales", "Alias": "catalog_sales", "Parallel Aware": false, "Actual Rows": 1343425, "Parent Relationship": "Outer", "Actual Startup Time": 0.021, "Actual Loops": 1}, {"Hash Buckets": 1024, "Startup Cost": 2683.36, "Plan Width": 4, "Plans": [{"Relation Name": "date_dim", "Startup Cost": 0.0, "Plan Width": 4, "Actual Total Time": 20.396, "Node Type": "Seq Scan", "Total Cost": 2683.36, "Plan Rows": 215, "Filter": "((d_moy >= 4) AND (d_moy <= 10) AND (d_year = 2001))", "Alias": "date_dim", "Parallel Aware": false, "Actual Rows": 214, "Parent Relationship": "Outer", "Actual Startup Time": 10.755, "Rows Removed by Filter": 72835, "Actual Loops": 1}], "Original Hash Buckets": 1024, "Hash Batches": 1, "Node Type": "Hash", "Total Cost": 2683.36, "Plan Rows": 215, "Actual Total Time": 20.468, "Parallel Aware": false, "Actual Rows": 214, "Parent Relationship": "Inner", "Peak Memory Usage": 16, "Actual Startup Time": 20.468, "Original Hash Batches": 1, "Actual Loops": 1}], "Plan Rows": 4201, "Total Cost": 59925.39, "Node Type": "Hash Join", "Join Type": "Inner", "Actual Total Time": 351.997, "Parallel Aware": false, "Actual Rows": 140773, "Parent Relationship": "Outer", "Hash Cond": "(catalog_sales.cs_sold_date_sk = date_dim.d_date_sk)", "Actual Startup Time": 184.357, "Actual Loops": 1}, {"Hash Buckets": 32768, "Startup Cost": 1416.0, "Plan Width": 123, "Plans": [{"Startup Cost": 0.0, "Plan Width": 123, "Actual Total Time": 3.914, "Plan Rows": 18000, "Total Cost": 1416.0, "Node Type": "Seq Scan", "Relation Name": "item", "Alias": "item", "Parallel Aware": false, "Actual Rows": 18000, "Parent Relationship": "Outer", "Actual Startup Time": 0.008, "Actual Loops": 1}], "Original Hash Buckets": 32768, "Hash Batches": 1, "Node Type": "Hash", "Total Cost": 1416.0, "Plan Rows": 18000, "Actual Total Time": 8.051, "Parallel Aware": false, "Actual Rows": 18000, "Parent Relationship": "Inner", "Peak Memory Usage": 3031, "Actual Startup Time": 8.051, "Original Hash Batches": 1, "Actual Loops": 1}], "Plan Rows": 4201, "Total Cost": 61624.16, "Node Type": "Hash Join", "Join Type": "Inner", "Actual Total Time": 417.843, "Parallel Aware": false, "Actual Rows": 29942588, "Parent Relationship": "Outer", "Hash Cond": "(catalog_sales.cs_item_sk = item.i_item_sk)", "Actual Startup Time": 192.427, "Actual Loops": 1}], "Node Type": "Aggregate", "Total Cost": 61687.17, "Strategy": "Hashed", "Actual Total Time": 489.936, "Plan Rows": 4201, "Parallel Aware": false, "Actual Rows": 102000, "Group Key": ["item.i_item_id", "item.i_item_desc"], "Actual Startup Time": 487.926, "Actual Loops": 1}, "Execution Time": 490.353}]