[{"Triggers": [], "Planning Time": 0.2, "Plan": {"Partial Mode": "Simple", "Startup Cost": 58829.75, "Plan Width": 125, "Plans": [{"Startup Cost": 1596.33, "Plan Width": 125, "Plans": [{"Startup Cost": 0.0, "Plan Width": 4, "Actual Total Time": 194.012, "Plan Rows": 1427370, "Total Cost": 51844.7, "Node Type": "Seq Scan", "Relation Name": "catalog_sales", "Alias": "catalog_sales", "Parallel Aware": false, "Actual Rows": 1343425, "Parent Relationship": "Outer", "Actual Startup Time": 0.013, "Actual Loops": 1}, {"Hash Buckets": 1024, "Startup Cost": 1596.0, "Plan Width": 129, "Plans": [{"Relation Name": "item", "Startup Cost": 0.0, "Plan Width": 129, "Actual Total Time": 6.648, "Node Type": "Seq Scan", "Total Cost": 1596.0, "Plan Rows": 26, "Filter": "((i_current_price >= '4'::numeric) AND (i_current_price <= '10'::numeric) AND (i_manufact_id = ANY ('{744,691,853,946}'::integer[])))", "Alias": "item", "Parallel Aware": false, "Actual Rows": 8, "Parent Relationship": "Outer", "Actual Startup Time": 0.043, "Rows Removed by Filter": 17992, "Actual Loops": 1}], "Original Hash Buckets": 1024, "Hash Batches": 1, "Node Type": "Hash", "Total Cost": 1596.0, "Plan Rows": 26, "Actual Total Time": 6.658, "Parallel Aware": false, "Actual Rows": 8, "Parent Relationship": "Inner", "Peak Memory Usage": 10, "Actual Startup Time": 6.657, "Original Hash Batches": 1, "Actual Loops": 1}], "Plan Rows": 2062, "Total Cost": 58814.28, "Node Type": "Hash Join", "Join Type": "Inner", "Actual Total Time": 410.5, "Parallel Aware": false, "Actual Rows": 144286, "Parent Relationship": "Outer", "Hash Cond": "(catalog_sales.cs_item_sk = item.i_item_sk)", "Actual Startup Time": 9.521, "Actual Loops": 1}], "Node Type": "Aggregate", "Total Cost": 58830.01, "Strategy": "Hashed", "Actual Total Time": 411.6, "Plan Rows": 26, "Parallel Aware": false, "Actual Rows": 104, "Group Key": ["item.i_item_id", "item.i_item_desc", "item.i_current_price"], "Actual Startup Time": 411.598, "Actual Loops": 1}, "Execution Time": 411.635}]