[{"Triggers": [], "Planning Time": 0.465, "Plan": {"Partial Mode": "Simple", "Startup Cost": 75854.32, "Plan Width": 101, "Plans": [{"Startup Cost": 5171.44, "Plan Width": 101, "Plans": [{"Startup Cost": 5169.65, "Plan Width": 4, "Plans": [{"Relation Name": "customer_demographics", "Startup Cost": 0.0, "Plan Width": 4, "Actual Total Time": 528.611, "Node Type": "Seq Scan", "Total Cost": 69848.0, "Plan Rows": 159251, "Filter": "(((cd_marital_status = 'S'::bpchar) AND (cd_education_status = '4 yr Degree'::bpchar)) OR ((cd_marital_status = 'M'::bpchar) AND (cd_education_status = 'Primary'::bpchar)) OR ((cd_marital_status = 'U'::bpchar) AND (cd_education_status = '2 yr Degree'::bpchar)))", "Alias": "customer_demographics", "Parallel Aware": false, "Actual Rows": 164640, "Parent Relationship": "Outer", "Actual Startup Time": 0.009, "Rows Removed by Filter": 1756160, "Actual Loops": 1}, {"Hash Buckets": 32768, "Startup Cost": 4939.91, "Plan Width": 8, "Plans": [{"Startup Cost": 2434.56, "Plan Width": 8, "Plans": [{"Startup Cost": 0.0, "Plan Width": 12, "Actual Total Time": 5.746, "Plan Rows": 71763, "Total Cost": 2060.63, "Node Type": "Seq Scan", "Relation Name": "web_returns", "Alias": "web_returns", "Parallel Aware": false, "Actual Rows": 67967, "Parent Relationship": "Outer", "Actual Startup Time": 0.005, "Actual Loops": 1}, {"Hash Buckets": 16384, "Startup Cost": 2274.5, "Plan Width": 4, "Plans": [{"Relation Name": "customer_address", "Startup Cost": 0.0, "Plan Width": 4, "Actual Total Time": 30.435, "Node Type": "Seq Scan", "Total Cost": 2274.5, "Plan Rows": 12805, "Filter": "(((ca_country)::text = 'United States'::text) AND ((ca_state = ANY ('{IL,MT,AR}'::bpchar[])) OR (ca_state = ANY ('{WI,TX,GA}'::bpchar[])) OR (ca_state = ANY ('{RI,KY,IN}'::bpchar[]))))", "Alias": "customer_address", "Parallel Aware": false, "Actual Rows": 14287, "Parent Relationship": "Outer", "Actual Startup Time": 0.015, "Rows Removed by Filter": 35713, "Actual Loops": 1}], "Original Hash Buckets": 16384, "Hash Batches": 1, "Node Type": "Hash", "Total Cost": 2274.5, "Plan Rows": 12805, "Actual Total Time": 33.655, "Parallel Aware": false, "Actual Rows": 14287, "Parent Relationship": "Inner", "Peak Memory Usage": 631, "Actual Startup Time": 33.655, "Original Hash Batches": 1, "Actual Loops": 1}], "Plan Rows": 18379, "Total Cost": 4939.91, "Node Type": "Hash Join", "Join Type": "Inner", "Actual Total Time": 52.98, "Parallel Aware": false, "Actual Rows": 18457, "Parent Relationship": "Outer", "Hash Cond": "(web_returns.wr_refunded_addr_sk = customer_address.ca_address_sk)", "Actual Startup Time": 33.675, "Actual Loops": 1}], "Original Hash Buckets": 32768, "Hash Batches": 1, "Node Type": "Hash", "Total Cost": 4939.91, "Plan Rows": 18379, "Actual Total Time": 56.036, "Parallel Aware": false, "Actual Rows": 18031, "Parent Relationship": "Inner", "Peak Memory Usage": 960, "Actual Startup Time": 56.036, "Original Hash Batches": 1, "Actual Loops": 1}], "Plan Rows": 1524, "Total Cost": 75828.45, "Node Type": "Hash Join", "Join Type": "Inner", "Actual Total Time": 615.854, "Parallel Aware": false, "Actual Rows": 1533, "Parent Relationship": "Outer", "Hash Cond": "(customer_demographics.cd_demo_sk = web_returns.wr_returning_cdemo_sk)", "Actual Startup Time": 56.259, "Actual Loops": 1}, {"Hash Buckets": 1024, "Startup Cost": 1.35, "Plan Width": 105, "Plans": [{"Startup Cost": 0.0, "Plan Width": 105, "Actual Total Time": 0.015, "Plan Rows": 35, "Total Cost": 1.35, "Node Type": "Seq Scan", "Relation Name": "reason", "Alias": "reason", "Parallel Aware": false, "Actual Rows": 35, "Parent Relationship": "Outer", "Actual Startup Time": 0.009, "Actual Loops": 1}], "Original Hash Buckets": 1024, "Hash Batches": 1, "Node Type": "Hash", "Total Cost": 1.35, "Plan Rows": 35, "Actual Total Time": 0.03, "Parallel Aware": false, "Actual Rows": 35, "Parent Relationship": "Inner", "Peak Memory Usage": 13, "Actual Startup Time": 0.03, "Original Hash Batches": 1, "Actual Loops": 1}], "Plan Rows": 1524, "Total Cost": 75850.51, "Node Type": "Hash Join", "Join Type": "Inner", "Actual Total Time": 616.679, "Parallel Aware": false, "Actual Rows": 162707, "Parent Relationship": "Outer", "Hash Cond": "(web_returns.wr_reason_sk = reason.r_reason_sk)", "Actual Startup Time": 56.295, "Actual Loops": 1}], "Node Type": "Aggregate", "Total Cost": 75854.66, "Strategy": "Hashed", "Actual Total Time": 617.987, "Plan Rows": 34, "Parallel Aware": false, "Actual Rows": 54, "Group Key": ["reason.r_reason_desc"], "Actual Startup Time": 617.981, "Actual Loops": 1}, "Execution Time": 618.055}]