[{"Triggers": [], "Planning Time": 0.171, "Plan": {"Partial Mode": "Simple", "Startup Cost": 12635.18, "Plan Width": 119, "Plans": [{"Startup Cost": 4053.82, "Plan Width": 119, "Plans": [{"Startup Cost": 2412.82, "Plan Width": 4, "Plans": [{"Startup Cost": 0.0, "Plan Width": 8, "Actual Total Time": 37.319, "Plan Rows": 277502, "Total Cost": 7511.02, "Node Type": "Seq Scan", "Relation Name": "store_returns", "Alias": "store_returns", "Parallel Aware": false, "Actual Rows": 263253, "Parent Relationship": "Outer", "Actual Startup Time": 0.014, "Actual Loops": 1}, {"Hash Buckets": 1024, "Startup Cost": 2409.42, "Plan Width": 4, "Plans": [{"Relation Name": "date_dim", "Startup Cost": 0.0, "Plan Width": 4, "Actual Total Time": 17.357, "Node Type": "Seq Scan", "Total Cost": 2409.42, "Plan Rows": 272, "Filter": "(d_quarter_name = ANY ('{2001Q1,2001Q2,2001Q3}'::bpchar[]))", "Alias": "date_dim", "Parallel Aware": false, "Actual Rows": 274, "Parent Relationship": "Outer", "Actual Startup Time": 8.848, "Rows Removed by Filter": 72775, "Actual Loops": 1}], "Original Hash Buckets": 1024, "Hash Batches": 1, "Node Type": "Hash", "Total Cost": 2409.42, "Plan Rows": 272, "Actual Total Time": 17.425, "Parallel Aware": false, "Actual Rows": 274, "Parent Relationship": "Inner", "Peak Memory Usage": 18, "Actual Startup Time": 17.425, "Original Hash Batches": 1, "Actual Loops": 1}], "Plan Rows": 1033, "Total Cost": 10974.81, "Node Type": "Hash Join", "Join Type": "Inner", "Actual Total Time": 90.622, "Parallel Aware": false, "Actual Rows": 38646, "Parent Relationship": "Outer", "Hash Cond": "(store_returns.sr_returned_date_sk = date_dim.d_date_sk)", "Actual Startup Time": 17.454, "Actual Loops": 1}, {"Hash Buckets": 32768, "Startup Cost": 1416.0, "Plan Width": 123, "Plans": [{"Startup Cost": 0.0, "Plan Width": 123, "Actual Total Time": 3.904, "Plan Rows": 18000, "Total Cost": 1416.0, "Node Type": "Seq Scan", "Relation Name": "item", "Alias": "item", "Parallel Aware": false, "Actual Rows": 18000, "Parent Relationship": "Outer", "Actual Startup Time": 0.006, "Actual Loops": 1}], "Original Hash Buckets": 32768, "Hash Batches": 1, "Node Type": "Hash", "Total Cost": 1416.0, "Plan Rows": 18000, "Actual Total Time": 8.23, "Parallel Aware": false, "Actual Rows": 18000, "Parent Relationship": "Inner", "Peak Memory Usage": 3031, "Actual Startup Time": 8.23, "Original Hash Batches": 1, "Actual Loops": 1}], "Plan Rows": 1033, "Total Cost": 12630.01, "Node Type": "Hash Join", "Join Type": "Inner", "Actual Total Time": 116.901, "Parallel Aware": false, "Actual Rows": 4054887, "Parent Relationship": "Outer", "Hash Cond": "(store_returns.sr_item_sk = item.i_item_sk)", "Actual Startup Time": 25.697, "Actual Loops": 1}], "Node Type": "Aggregate", "Total Cost": 12645.51, "Strategy": "Hashed", "Actual Total Time": 143.268, "Plan Rows": 1033, "Parallel Aware": false, "Actual Rows": 119186, "Group Key": ["item.i_item_id", "item.i_item_desc"], "Actual Startup Time": 140.448, "Actual Loops": 1}, "Execution Time": 143.608}]