[{"Execution Time": 185.514, "Planning Time": 0.105, "Plan": {"Partial Mode": "Simple", "Startup Cost": 31356.9, "Plans": [{"Startup Cost": 2504.51, "Plans": [{"Startup Cost": 0.0, "Actual Rows": 648065, "Node Type": "Seq Scan", "Plan Rows": 719071, "Relation Name": "web_sales", "Alias": "web_sales", "Parallel Aware": false, "Actual Total Time": 86.376, "Parent Relationship": "Outer", "Actual Startup Time": 0.026, "Plan Width": 4, "Actual Loops": 1, "Total Cost": 26118.71}, {"Hash Buckets": 1024, "Startup Cost": 2500.73, "Plans": [{"Filter": "((d_month_seq >= 1200) AND (d_month_seq <= 1211))", "Startup Cost": 0.0, "Actual Rows": 366, "Node Type": "Seq Scan", "Plan Rows": 302, "Relation Name": "date_dim", "Alias": "date_dim", "Parallel Aware": false, "Actual Total Time": 10.042, "Parent Relationship": "Outer", "Actual Startup Time": 4.476, "Plan Width": 8, "Actual Loops": 1, "Rows Removed by Filter": 72683, "Total Cost": 2500.73}], "Original Hash Buckets": 1024, "Hash Batches": 1, "Actual Rows": 366, "Node Type": "Hash", "Plan Rows": 302, "Actual Startup Time": 10.091, "Parallel Aware": false, "Actual Total Time": 10.091, "Parent Relationship": "Inner", "Peak Memory Usage": 23, "Plan Width": 8, "Actual Loops": 1, "Original Hash Batches": 1, "Total Cost": 2500.73}], "Actual Rows": 14460229, "Node Type": "Hash Join", "Plan Rows": 2973, "Join Type": "Inner", "Parallel Aware": false, "Actual Total Time": 166.263, "Hash Cond": "(web_sales.ws_sold_date_sk = date_dim.d_date_sk)", "Parent Relationship": "Outer", "Actual Startup Time": 10.127, "Plan Width": 4, "Actual Loops": 1, "Total Cost": 31349.47}], "Actual Rows": 366, "Node Type": "Aggregate", "Strategy": "Hashed", "Plan Rows": 302, "Parallel Aware": false, "Actual Total Time": 185.476, "Group Key": ["date_dim.d_date"], "Actual Startup Time": 185.443, "Plan Width": 4, "Actual Loops": 1, "Total Cost": 31359.92}, "Triggers": []}]