[{"Triggers": [], "Planning Time": 0.156, "Plan": {"Partial Mode": "Simple", "Startup Cost": 33556.77, "Plan Width": 22, "Plans": [{"Startup Cost": 4713.86, "Plan Width": 22, "Plans": [{"Startup Cost": 2501.86, "Plan Width": 12, "Plans": [{"Startup Cost": 0.0, "Plan Width": 8, "Actual Total Time": 81.539, "Plan Rows": 719071, "Total Cost": 26118.71, "Node Type": "Seq Scan", "Relation Name": "web_sales", "Alias": "web_sales", "Parallel Aware": false, "Actual Rows": 648065, "Parent Relationship": "Outer", "Actual Startup Time": 0.015, "Actual Loops": 1}, {"Hash Buckets": 1024, "Startup Cost": 2500.73, "Plan Width": 12, "Plans": [{"Relation Name": "date_dim", "Startup Cost": 0.0, "Plan Width": 12, "Actual Total Time": 11.246, "Node Type": "Seq Scan", "Total Cost": 2500.73, "Plan Rows": 90, "Filter": "((d_qoy = 1) AND (d_year = 2000))", "Alias": "date_dim", "Parallel Aware": false, "Actual Rows": 91, "Parent Relationship": "Outer", "Actual Startup Time": 5.73, "Rows Removed by Filter": 72958, "Actual Loops": 1}], "Original Hash Buckets": 1024, "Hash Batches": 1, "Node Type": "Hash", "Total Cost": 2500.73, "Plan Rows": 90, "Actual Total Time": 11.264, "Parallel Aware": false, "Actual Rows": 91, "Parent Relationship": "Inner", "Peak Memory Usage": 12, "Actual Startup Time": 11.264, "Original Hash Batches": 1, "Actual Loops": 1}], "Plan Rows": 886, "Total Cost": 31325.95, "Node Type": "Hash Join", "Join Type": "Inner", "Actual Total Time": 143.638, "Parallel Aware": false, "Actual Rows": 19598, "Parent Relationship": "Outer", "Hash Cond": "(web_sales.ws_sold_date_sk = date_dim.d_date_sk)", "Actual Startup Time": 11.341, "Actual Loops": 1}, {"Hash Buckets": 65536, "Startup Cost": 1587.0, "Plan Width": 18, "Plans": [{"Startup Cost": 0.0, "Plan Width": 18, "Actual Total Time": 9.583, "Plan Rows": 50000, "Total Cost": 1587.0, "Node Type": "Seq Scan", "Relation Name": "customer_address", "Alias": "customer_address", "Parallel Aware": false, "Actual Rows": 50000, "Parent Relationship": "Outer", "Actual Startup Time": 0.005, "Actual Loops": 1}], "Original Hash Buckets": 65536, "Hash Batches": 1, "Node Type": "Hash", "Total Cost": 1587.0, "Plan Rows": 50000, "Actual Total Time": 19.014, "Parallel Aware": false, "Actual Rows": 50000, "Parent Relationship": "Inner", "Peak Memory Usage": 3052, "Actual Startup Time": 19.014, "Original Hash Batches": 1, "Actual Loops": 1}], "Plan Rows": 886, "Total Cost": 33550.13, "Node Type": "Hash Join", "Join Type": "Inner", "Actual Total Time": 167.049, "Parallel Aware": false, "Actual Rows": 2198419, "Parent Relationship": "Outer", "Hash Cond": "(web_sales.ws_bill_addr_sk = customer_address.ca_address_sk)", "Actual Startup Time": 30.376, "Actual Loops": 1}], "Node Type": "Aggregate", "Total Cost": 33565.63, "Strategy": "Hashed", "Actual Total Time": 172.403, "Plan Rows": 886, "Parallel Aware": false, "Actual Rows": 1847, "Group Key": ["customer_address.ca_county", "date_dim.d_qoy", "date_dim.d_year"], "Actual Startup Time": 172.29, "Actual Loops": 1}, "Execution Time": 172.458}]