[{"Triggers": [], "Planning Time": 0.174, "Plan": {"Partial Mode": "Simple", "Startup Cost": 33557.42, "Plan Width": 22, "Plans": [{"Startup Cost": 4713.89, "Plan Width": 22, "Plans": [{"Startup Cost": 2501.88, "Plan Width": 12, "Plans": [{"Startup Cost": 0.0, "Plan Width": 8, "Actual Total Time": 83.736, "Plan Rows": 719071, "Total Cost": 26118.71, "Node Type": "Seq Scan", "Relation Name": "web_sales", "Alias": "web_sales", "Parallel Aware": false, "Actual Rows": 648065, "Parent Relationship": "Outer", "Actual Startup Time": 0.013, "Actual Loops": 1}, {"Hash Buckets": 1024, "Startup Cost": 2500.73, "Plan Width": 12, "Plans": [{"Relation Name": "date_dim", "Startup Cost": 0.0, "Plan Width": 12, "Actual Total Time": 11.407, "Node Type": "Seq Scan", "Total Cost": 2500.73, "Plan Rows": 92, "Filter": "((d_qoy = 2) AND (d_year = 2000))", "Alias": "date_dim", "Parallel Aware": false, "Actual Rows": 91, "Parent Relationship": "Outer", "Actual Startup Time": 5.619, "Rows Removed by Filter": 72958, "Actual Loops": 1}], "Original Hash Buckets": 1024, "Hash Batches": 1, "Node Type": "Hash", "Total Cost": 2500.73, "Plan Rows": 92, "Actual Total Time": 11.434, "Parallel Aware": false, "Actual Rows": 91, "Parent Relationship": "Inner", "Peak Memory Usage": 12, "Actual Startup Time": 11.434, "Original Hash Batches": 1, "Actual Loops": 1}], "Plan Rows": 906, "Total Cost": 31326.17, "Node Type": "Hash Join", "Join Type": "Inner", "Actual Total Time": 148.19, "Parallel Aware": false, "Actual Rows": 18673, "Parent Relationship": "Outer", "Hash Cond": "(web_sales.ws_sold_date_sk = date_dim.d_date_sk)", "Actual Startup Time": 11.544, "Actual Loops": 1}, {"Hash Buckets": 65536, "Startup Cost": 1587.0, "Plan Width": 18, "Plans": [{"Startup Cost": 0.0, "Plan Width": 18, "Actual Total Time": 8.266, "Plan Rows": 50000, "Total Cost": 1587.0, "Node Type": "Seq Scan", "Relation Name": "customer_address", "Alias": "customer_address", "Parallel Aware": false, "Actual Rows": 50000, "Parent Relationship": "Outer", "Actual Startup Time": 0.005, "Actual Loops": 1}], "Original Hash Buckets": 65536, "Hash Batches": 1, "Node Type": "Hash", "Total Cost": 1587.0, "Plan Rows": 50000, "Actual Total Time": 16.951, "Parallel Aware": false, "Actual Rows": 50000, "Parent Relationship": "Inner", "Peak Memory Usage": 3052, "Actual Startup Time": 16.951, "Original Hash Batches": 1, "Actual Loops": 1}], "Plan Rows": 906, "Total Cost": 33550.63, "Node Type": "Hash Join", "Join Type": "Inner", "Actual Total Time": 169.517, "Parallel Aware": false, "Actual Rows": 2067668, "Parent Relationship": "Outer", "Hash Cond": "(web_sales.ws_bill_addr_sk = customer_address.ca_address_sk)", "Actual Startup Time": 28.519, "Actual Loops": 1}], "Node Type": "Aggregate", "Total Cost": 33566.48, "Strategy": "Hashed", "Actual Total Time": 174.858, "Plan Rows": 906, "Parallel Aware": false, "Actual Rows": 1847, "Group Key": ["customer_address.ca_county", "date_dim.d_qoy", "date_dim.d_year"], "Actual Startup Time": 174.739, "Actual Loops": 1}, "Execution Time": 174.929}]