[{"Triggers": [], "Planning Time": 0.267, "Plan": {"Partial Mode": "Simple", "Startup Cost": 90716.7, "Plan Width": 141, "Plans": [{"Startup Cost": 4143.38, "Plan Width": 141, "Plans": [{"Startup Cost": 4142.11, "Plan Width": 123, "Plans": [{"Startup Cost": 2501.11, "Plan Width": 8, "Plans": [{"Startup Cost": 0.0, "Plan Width": 12, "Actual Total Time": 341.768, "Plan Rows": 2622557, "Total Cost": 76687.57, "Node Type": "Seq Scan", "Relation Name": "store_sales", "Alias": "store_sales", "Parallel Aware": false, "Actual Rows": 2485280, "Parent Relationship": "Outer", "Actual Startup Time": 0.023, "Actual Loops": 1}, {"Hash Buckets": 1024, "Startup Cost": 2500.73, "Plan Width": 4, "Plans": [{"Relation Name": "date_dim", "Startup Cost": 0.0, "Plan Width": 4, "Actual Total Time": 9.962, "Node Type": "Seq Scan", "Total Cost": 2500.73, "Plan Rows": 30, "Filter": "((d_moy = 4) AND (d_year = 1999))", "Alias": "date_dim", "Parallel Aware": false, "Actual Rows": 30, "Parent Relationship": "Outer", "Actual Startup Time": 5.002, "Rows Removed by Filter": 73019, "Actual Loops": 1}], "Original Hash Buckets": 1024, "Hash Batches": 1, "Node Type": "Hash", "Total Cost": 2500.73, "Plan Rows": 30, "Actual Total Time": 9.969, "Parallel Aware": false, "Actual Rows": 30, "Parent Relationship": "Inner", "Peak Memory Usage": 10, "Actual Startup Time": 9.968, "Original Hash Batches": 1, "Actual Loops": 1}], "Plan Rows": 1077, "Total Cost": 89034.04, "Node Type": "Hash Join", "Join Type": "Inner", "Actual Total Time": 590.419, "Parallel Aware": false, "Actual Rows": 23226, "Parent Relationship": "Outer", "Hash Cond": "(store_sales.ss_sold_date_sk = date_dim.d_date_sk)", "Actual Startup Time": 10.101, "Actual Loops": 1}, {"Hash Buckets": 32768, "Startup Cost": 1416.0, "Plan Width": 123, "Plans": [{"Startup Cost": 0.0, "Plan Width": 123, "Actual Total Time": 3.851, "Plan Rows": 18000, "Total Cost": 1416.0, "Node Type": "Seq Scan", "Relation Name": "item", "Alias": "item", "Parallel Aware": false, "Actual Rows": 18000, "Parent Relationship": "Outer", "Actual Startup Time": 0.002, "Actual Loops": 1}], "Original Hash Buckets": 32768, "Hash Batches": 1, "Node Type": "Hash", "Total Cost": 1416.0, "Plan Rows": 18000, "Actual Total Time": 8.065, "Parallel Aware": false, "Actual Rows": 18000, "Parent Relationship": "Inner", "Peak Memory Usage": 3031, "Actual Startup Time": 8.065, "Original Hash Batches": 1, "Actual Loops": 1}], "Plan Rows": 1077, "Total Cost": 90689.85, "Node Type": "Hash Join", "Join Type": "Inner", "Actual Total Time": 611.574, "Parallel Aware": false, "Actual Rows": 23226, "Parent Relationship": "Outer", "Hash Cond": "(store_sales.ss_item_sk = item.i_item_sk)", "Actual Startup Time": 18.183, "Actual Loops": 1}, {"Hash Buckets": 1024, "Startup Cost": 1.12, "Plan Width": 26, "Plans": [{"Startup Cost": 0.0, "Plan Width": 26, "Actual Total Time": 0.006, "Plan Rows": 12, "Total Cost": 1.12, "Node Type": "Seq Scan", "Relation Name": "store", "Alias": "store", "Parallel Aware": false, "Actual Rows": 12, "Parent Relationship": "Outer", "Actual Startup Time": 0.005, "Actual Loops": 1}], "Original Hash Buckets": 1024, "Hash Batches": 1, "Node Type": "Hash", "Total Cost": 1.12, "Plan Rows": 12, "Actual Total Time": 0.011, "Parallel Aware": false, "Actual Rows": 12, "Parent Relationship": "Inner", "Peak Memory Usage": 9, "Actual Startup Time": 0.011, "Original Hash Batches": 1, "Actual Loops": 1}], "Plan Rows": 1077, "Total Cost": 90705.93, "Node Type": "Hash Join", "Join Type": "Inner", "Actual Total Time": 618.314, "Parallel Aware": false, "Actual Rows": 2549997, "Parent Relationship": "Outer", "Hash Cond": "(store_sales.ss_store_sk = store.s_store_sk)", "Actual Startup Time": 18.197, "Actual Loops": 1}], "Node Type": "Aggregate", "Total Cost": 90727.47, "Strategy": "Hashed", "Actual Total Time": 642.82, "Plan Rows": 1077, "Parallel Aware": false, "Actual Rows": 2396672, "Group Key": ["item.i_item_id", "item.i_item_desc", "store.s_store_id", "store.s_store_name"], "Actual Startup Time": 638.425, "Actual Loops": 1}, "Execution Time": 643.475}]