[{"Triggers": [], "Planning Time": 0.278, "Plan": {"Partial Mode": "Simple", "Startup Cost": 271831.97, "Plan Width": 125, "Plans": [{"Startup Cost": 1596.03, "Rows Removed by Join Filter": 48201, "Plans": [{"Startup Cost": 1596.03, "Plan Width": 129, "Plans": [{"Relation Name": "inventory", "Startup Cost": 0.0, "Plan Width": 8, "Actual Total Time": 1957.957, "Node Type": "Seq Scan", "Total Cost": 250573.32, "Plan Rows": 4462054, "Filter": "((inv_quantity_on_hand >= 100) AND (inv_quantity_on_hand <= 500))", "Alias": "inventory", "Parallel Aware": false, "Actual Rows": 4469511, "Parent Relationship": "Outer", "Actual Startup Time": 0.025, "Rows Removed by Filter": 7275489, "Actual Loops": 1}, {"Hash Buckets": 1024, "Startup Cost": 1596.0, "Plan Width": 129, "Plans": [{"Relation Name": "item", "Startup Cost": 0.0, "Plan Width": 129, "Actual Total Time": 4.668, "Node Type": "Seq Scan", "Total Cost": 1596.0, "Plan Rows": 2, "Filter": "((i_current_price >= '38'::numeric) AND (i_current_price <= '68'::numeric) AND (i_manufact_id = ANY ('{198,999,168,196}'::integer[])))", "Alias": "item", "Parallel Aware": false, "Actual Rows": 4, "Parent Relationship": "Outer", "Actual Startup Time": 1.219, "Rows Removed by Filter": 17996, "Actual Loops": 1}], "Original Hash Buckets": 1024, "Hash Batches": 1, "Node Type": "Hash", "Total Cost": 1596.0, "Plan Rows": 2, "Actual Total Time": 4.675, "Parallel Aware": false, "Actual Rows": 4, "Parent Relationship": "Inner", "Peak Memory Usage": 9, "Actual Startup Time": 4.675, "Original Hash Batches": 1, "Actual Loops": 1}], "Plan Rows": 496, "Total Cost": 268907.01, "Node Type": "Hash Join", "Join Type": "Inner", "Actual Total Time": 2282.131, "Parallel Aware": false, "Actual Rows": 804, "Parent Relationship": "Outer", "Hash Cond": "(inventory.inv_item_sk = item.i_item_sk)", "Actual Startup Time": 5.477, "Actual Loops": 1}, {"Startup Cost": 0.0, "Plan Width": 4, "Plans": [{"Relation Name": "date_dim", "Startup Cost": 0.0, "Plan Width": 4, "Actual Total Time": 7.971, "Node Type": "Seq Scan", "Total Cost": 2500.73, "Plan Rows": 57, "Filter": "((d_date >= '1998-01-06'::date) AND (d_date <= '1998-03-06'::date))", "Alias": "date_dim", "Parallel Aware": false, "Actual Rows": 60, "Parent Relationship": "Outer", "Actual Startup Time": 3.424, "Rows Removed by Filter": 72989, "Actual Loops": 1}], "Plan Rows": 57, "Total Cost": 2501.02, "Node Type": "Materialize", "Actual Total Time": 0.013, "Parallel Aware": false, "Actual Rows": 60, "Parent Relationship": "Inner", "Actual Startup Time": 0.005, "Actual Loops": 804}], "Plan Width": 125, "Plan Rows": 1, "Total Cost": 271831.97, "Node Type": "Nested Loop", "Join Type": "Inner", "Actual Total Time": 2297.789, "Parallel Aware": false, "Actual Rows": 588, "Parent Relationship": "Outer", "Actual Startup Time": 20.322, "Join Filter": "(inventory.inv_date_sk = date_dim.d_date_sk)", "Actual Loops": 1}], "Node Type": "Aggregate", "Total Cost": 271831.98, "Strategy": "Hashed", "Actual Total Time": 2297.92, "Plan Rows": 1, "Parallel Aware": false, "Actual Rows": 11, "Group Key": ["item.i_item_id", "item.i_item_desc", "item.i_current_price"], "Actual Startup Time": 2297.919, "Actual Loops": 1}, "Execution Time": 2297.96}]