[{"Triggers": [], "Planning Time": 0.185, "Plan": {"Partial Mode": "Simple", "Startup Cost": 90489.2, "Plan Width": 12, "Plans": [{"Startup Cost": 3959.2, "Plan Width": 12, "Plans": [{"Startup Cost": 2318.2, "Plan Width": 4, "Plans": [{"Startup Cost": 0.0, "Plan Width": 8, "Actual Total Time": 298.375, "Plan Rows": 2622557, "Total Cost": 76687.57, "Node Type": "Seq Scan", "Relation Name": "store_sales", "Alias": "store_sales", "Parallel Aware": false, "Actual Rows": 2485280, "Parent Relationship": "Outer", "Actual Startup Time": 0.022, "Actual Loops": 1}, {"Hash Buckets": 1024, "Startup Cost": 2318.11, "Plan Width": 4, "Plans": [{"Relation Name": "date_dim", "Startup Cost": 0.0, "Plan Width": 4, "Actual Total Time": 8.9, "Node Type": "Seq Scan", "Total Cost": 2318.11, "Plan Rows": 7, "Filter": "(d_week_seq = 5268)", "Alias": "date_dim", "Parallel Aware": false, "Actual Rows": 7, "Parent Relationship": "Outer", "Actual Startup Time": 4.436, "Rows Removed by Filter": 73042, "Actual Loops": 1}], "Original Hash Buckets": 1024, "Hash Batches": 1, "Node Type": "Hash", "Total Cost": 2318.11, "Plan Rows": 7, "Actual Total Time": 8.903, "Parallel Aware": false, "Actual Rows": 7, "Parent Relationship": "Inner", "Peak Memory Usage": 9, "Actual Startup Time": 8.903, "Original Hash Batches": 1, "Actual Loops": 1}], "Plan Rows": 251, "Total Cost": 88842.87, "Node Type": "Hash Join", "Join Type": "Inner", "Actual Total Time": 514.997, "Parallel Aware": false, "Actual Rows": 19244, "Parent Relationship": "Outer", "Hash Cond": "(store_sales.ss_sold_date_sk = date_dim.d_date_sk)", "Actual Startup Time": 9.101, "Actual Loops": 1}, {"Hash Buckets": 32768, "Startup Cost": 1416.0, "Plan Width": 16, "Plans": [{"Startup Cost": 0.0, "Plan Width": 16, "Actual Total Time": 5.236, "Plan Rows": 18000, "Total Cost": 1416.0, "Node Type": "Seq Scan", "Relation Name": "item", "Alias": "item", "Parallel Aware": false, "Actual Rows": 18000, "Parent Relationship": "Outer", "Actual Startup Time": 0.005, "Actual Loops": 1}], "Original Hash Buckets": 32768, "Hash Batches": 1, "Node Type": "Hash", "Total Cost": 1416.0, "Plan Rows": 18000, "Actual Total Time": 8.309, "Parallel Aware": false, "Actual Rows": 18000, "Parent Relationship": "Inner", "Peak Memory Usage": 1100, "Actual Startup Time": 8.309, "Original Hash Batches": 1, "Actual Loops": 1}], "Plan Rows": 251, "Total Cost": 90487.32, "Node Type": "Hash Join", "Join Type": "Inner", "Actual Total Time": 532.524, "Parallel Aware": false, "Actual Rows": 2099308, "Parent Relationship": "Outer", "Hash Cond": "(store_sales.ss_item_sk = item.i_item_sk)", "Actual Startup Time": 17.424, "Actual Loops": 1}], "Node Type": "Aggregate", "Total Cost": 90491.71, "Strategy": "Hashed", "Actual Total Time": 540.793, "Plan Rows": 251, "Parallel Aware": false, "Actual Rows": 11305, "Group Key": ["item.i_brand_id", "item.i_class_id", "item.i_category_id"], "Actual Startup Time": 540.542, "Actual Loops": 1}, "Execution Time": 540.89}]