[{"Triggers": [], "Planning Time": 0.382, "Plan": {"Partial Mode": "Simple", "Startup Cost": 92764.97, "Plan Width": 123, "Plans": [{"Startup Cost": 88372.8, "Plan Width": 123, "Plans": [{"Startup Cost": 0.0, "Plan Width": 56, "Actual Total Time": 8.594, "Plan Rows": 100000, "Total Cost": 3855.0, "Node Type": "Seq Scan", "Relation Name": "customer", "Alias": "customer", "Parallel Aware": false, "Actual Rows": 94736, "Parent Relationship": "Outer", "Actual Startup Time": 0.004, "Actual Loops": 1}, {"Hash Buckets": 8192, "Startup Cost": 88310.42, "Plan Width": 75, "Plans": [{"Startup Cost": 1463.9, "Plan Width": 75, "Plans": [{"Startup Cost": 1462.71, "Plan Width": 71, "Plans": [{"Startup Cost": 0.0, "Plan Width": 12, "Actual Total Time": 314.742, "Plan Rows": 2622557, "Total Cost": 76687.57, "Node Type": "Seq Scan", "Relation Name": "store_sales", "Alias": "store_sales", "Parallel Aware": false, "Actual Rows": 2485280, "Parent Relationship": "Outer", "Actual Startup Time": 0.024, "Actual Loops": 1}, {"Hash Buckets": 1024, "Startup Cost": 1461.0, "Plan Width": 67, "Plans": [{"Relation Name": "item", "Startup Cost": 0.0, "Plan Width": 67, "Actual Total Time": 5.167, "Node Type": "Seq Scan", "Total Cost": 1461.0, "Plan Rows": 137, "Filter": "(i_color = 'lawn'::bpchar)", "Alias": "item", "Parallel Aware": false, "Actual Rows": 137, "Parent Relationship": "Outer", "Actual Startup Time": 0.047, "Rows Removed by Filter": 17863, "Actual Loops": 1}], "Original Hash Buckets": 1024, "Hash Batches": 1, "Node Type": "Hash", "Total Cost": 1461.0, "Plan Rows": 137, "Actual Total Time": 5.222, "Parallel Aware": false, "Actual Rows": 137, "Parent Relationship": "Inner", "Peak Memory Usage": 22, "Actual Startup Time": 5.222, "Original Hash Batches": 1, "Actual Loops": 1}], "Plan Rows": 19961, "Total Cost": 88184.48, "Node Type": "Hash Join", "Join Type": "Inner", "Actual Total Time": 576.022, "Parallel Aware": false, "Actual Rows": 19388, "Parent Relationship": "Outer", "Hash Cond": "(store_sales.ss_item_sk = item.i_item_sk)", "Actual Startup Time": 5.293, "Actual Loops": 1}, {"Hash Buckets": 1024, "Startup Cost": 1.15, "Plan Width": 12, "Plans": [{"Relation Name": "store", "Startup Cost": 0.0, "Plan Width": 12, "Actual Total Time": 0.007, "Node Type": "Seq Scan", "Total Cost": 1.15, "Plan Rows": 3, "Filter": "(s_market_id = 8)", "Alias": "store", "Parallel Aware": false, "Actual Rows": 3, "Parent Relationship": "Outer", "Actual Startup Time": 0.004, "Rows Removed by Filter": 9, "Actual Loops": 1}], "Original Hash Buckets": 1024, "Hash Batches": 1, "Node Type": "Hash", "Total Cost": 1.15, "Plan Rows": 3, "Actual Total Time": 0.009, "Parallel Aware": false, "Actual Rows": 3, "Parent Relationship": "Inner", "Peak Memory Usage": 9, "Actual Startup Time": 0.009, "Original Hash Batches": 1, "Actual Loops": 1}], "Plan Rows": 4990, "Total Cost": 88310.42, "Node Type": "Hash Join", "Join Type": "Inner", "Actual Total Time": 580.171, "Parallel Aware": false, "Actual Rows": 6473, "Parent Relationship": "Outer", "Hash Cond": "(store_sales.ss_store_sk = store.s_store_sk)", "Actual Startup Time": 5.323, "Actual Loops": 1}], "Original Hash Buckets": 8192, "Hash Batches": 1, "Node Type": "Hash", "Total Cost": 88310.42, "Plan Rows": 4990, "Actual Total Time": 583.333, "Parallel Aware": false, "Actual Rows": 6473, "Parent Relationship": "Inner", "Peak Memory Usage": 745, "Actual Startup Time": 583.333, "Original Hash Batches": 1, "Actual Loops": 1}], "Plan Rows": 4990, "Total Cost": 92652.7, "Node Type": "Hash Join", "Join Type": "Inner", "Actual Total Time": 605.31, "Parallel Aware": false, "Actual Rows": 162456, "Parent Relationship": "Outer", "Hash Cond": "(customer.c_customer_sk = store_sales.ss_customer_sk)", "Actual Startup Time": 583.352, "Actual Loops": 1}], "Node Type": "Aggregate", "Total Cost": 92814.87, "Strategy": "Hashed", "Actual Total Time": 611.717, "Plan Rows": 4990, "Parallel Aware": false, "Actual Rows": 162252, "Group Key": ["customer.c_last_name", "customer.c_first_name", "store.s_store_name", "store.s_state", "item.i_color", "item.i_current_price", "item.i_manager_id", "item.i_units", "item.i_size"], "Actual Startup Time": 610.363, "Actual Loops": 1}, "Execution Time": 611.983}]