[
  {
    "Plan": {
      "Node Type": "Aggregate",
      "Strategy": "Hashed",
      "Partial Mode": "Simple",
      "Parallel Aware": false,
      "Startup Cost": 1506.05,
      "Total Cost": 1506.25,
      "Plan Rows": 20,
      "Plan Width": 4,
      "Actual Startup Time": 4.701,
      "Actual Total Time": 4.702,
      "Actual Rows": 4,
      "Actual Loops": 1,
      "Group Key": ["i_manufact_id"],
      "Plans": [
        {
          "Node Type": "Seq Scan",
          "Parent Relationship": "Outer",
          "Parallel Aware": false,
          "Relation Name": "item",
          "Alias": "item",
          "Startup Cost": 0.00,
          "Total Cost": 1506.00,
          "Plan Rows": 20,
          "Plan Width": 4,
          "Actual Startup Time": 0.129,
          "Actual Total Time": 4.688,
          "Actual Rows": 20,
          "Actual Loops": 1,
          "Filter": "((i_manufact_id < 5) AND (i_manager_id < 10))",
          "Rows Removed by Filter": 17980
        }
      ]
    },
    "Planning Time": 0.048,
    "Triggers": [
    ],
    "Execution Time": 4.720
  }
]
