[
  {
    "Plan": {
      "Node Type": "Hash Join",
      "Parallel Aware": false,
      "Join Type": "Inner",
      "Startup Cost": 149603.01,
      "Total Cost": 151835.11,
      "Plan Rows": 197,
      "Plan Width": 956,
      "Actual Startup Time": 2273.763,
      "Actual Total Time": 2309.405,
      "Actual Rows": 8071,
      "Actual Loops": 1,
      "Hash Cond": "(store_sales.ss_promo_sk = promotion.p_promo_sk)",
      "Plans": [
        {
          "Node Type": "Hash Join",
          "Parent Relationship": "Outer",
          "Parallel Aware": false,
          "Join Type": "Inner",
          "Startup Cost": 149586.76,
          "Total Cost": 151816.23,
          "Plan Rows": 197,
          "Plan Width": 788,
          "Actual Startup Time": 2273.578,
          "Actual Total Time": 2298.455,
          "Actual Rows": 8196,
          "Actual Loops": 1,
          "Hash Cond": "(item.i_item_sk = store_sales.ss_item_sk)",
          "Plans": [
            {
              "Node Type": "Seq Scan",
              "Parent Relationship": "Outer",
              "Parallel Aware": false,
              "Relation Name": "item",
              "Alias": "item",
              "Startup Cost": 0.00,
              "Total Cost": 2160.00,
              "Plan Rows": 18000,
              "Plan Width": 503,
              "Actual Startup Time": 0.004,
              "Actual Total Time": 4.278,
              "Actual Rows": 18000,
              "Actual Loops": 1
            },
            {
              "Node Type": "Hash",
              "Parent Relationship": "Inner",
              "Parallel Aware": false,
              "Startup Cost": 149584.30,
              "Total Cost": 149584.30,
              "Plan Rows": 197,
              "Plan Width": 285,
              "Actual Startup Time": 2273.562,
              "Actual Total Time": 2273.562,
              "Actual Rows": 8196,
              "Actual Loops": 1,
              "Hash Buckets": 16384,
              "Original Hash Buckets": 1024,
              "Hash Batches": 1,
              "Original Hash Batches": 1,
              "Peak Memory Usage": 2800,
              "Plans": [
                {
                  "Node Type": "Hash Join",
                  "Parent Relationship": "Outer",
                  "Parallel Aware": false,
                  "Join Type": "Inner",
                  "Startup Cost": 58094.53,
                  "Total Cost": 149584.30,
                  "Plan Rows": 197,
                  "Plan Width": 285,
                  "Actual Startup Time": 663.035,
                  "Actual Total Time": 2255.671,
                  "Actual Rows": 8196,
                  "Actual Loops": 1,
                  "Hash Cond": "(store_sales.ss_cdemo_sk = customer_demographics.cd_demo_sk)",
                  "Plans": [
                    {
                      "Node Type": "Hash Join",
                      "Parent Relationship": "Outer",
                      "Parallel Aware": false,
                      "Join Type": "Inner",
                      "Startup Cost": 2322.65,
                      "Total Cost": 93756.88,
                      "Plan Rows": 14312,
                      "Plan Width": 229,
                      "Actual Startup Time": 22.982,
                      "Actual Total Time": 1531.296,
                      "Actual Rows": 546310,
                      "Actual Loops": 1,
                      "Hash Cond": "(store_sales.ss_sold_date_sk = date_dim.d_date_sk)",
                      "Plans": [
                        {
                          "Node Type": "Seq Scan",
                          "Parent Relationship": "Outer",
                          "Parallel Aware": false,
                          "Relation Name": "store_sales",
                          "Alias": "store_sales",
                          "Startup Cost": 0.00,
                          "Total Cost": 80497.08,
                          "Plan Rows": 2880108,
                          "Plan Width": 111,
                          "Actual Startup Time": 0.013,
                          "Actual Total Time": 503.210,
                          "Actual Rows": 2880404,
                          "Actual Loops": 1
                        },
                        {
                          "Node Type": "Hash",
                          "Parent Relationship": "Inner",
                          "Parallel Aware": false,
                          "Startup Cost": 2318.11,
                          "Total Cost": 2318.11,
                          "Plan Rows": 363,
                          "Plan Width": 118,
                          "Actual Startup Time": 22.921,
                          "Actual Total Time": 22.921,
                          "Actual Rows": 365,
                          "Actual Loops": 1,
                          "Hash Buckets": 1024,
                          "Original Hash Buckets": 1024,
                          "Hash Batches": 1,
                          "Original Hash Batches": 1,
                          "Peak Memory Usage": 63,
                          "Plans": [
                            {
                              "Node Type": "Seq Scan",
                              "Parent Relationship": "Outer",
                              "Parallel Aware": false,
                              "Relation Name": "date_dim",
                              "Alias": "date_dim",
                              "Startup Cost": 0.00,
                              "Total Cost": 2318.11,
                              "Plan Rows": 363,
                              "Plan Width": 118,
                              "Actual Startup Time": 10.895,
                              "Actual Total Time": 22.828,
                              "Actual Rows": 365,
                              "Actual Loops": 1,
                              "Filter": "(d_year = 2001)",
                              "Rows Removed by Filter": 72684
                            }
                          ]
                        }
                      ]
                    },
                    {
                      "Node Type": "Hash",
                      "Parent Relationship": "Inner",
                      "Parallel Aware": false,
                      "Startup Cost": 55442.00,
                      "Total Cost": 55442.00,
                      "Plan Rows": 26390,
                      "Plan Width": 56,
                      "Actual Startup Time": 638.673,
                      "Actual Total Time": 638.673,
                      "Actual Rows": 27440,
                      "Actual Loops": 1,
                      "Hash Buckets": 32768,
                      "Original Hash Buckets": 32768,
                      "Hash Batches": 1,
                      "Original Hash Batches": 1,
                      "Peak Memory Usage": 2722,
                      "Plans": [
                        {
                          "Node Type": "Seq Scan",
                          "Parent Relationship": "Outer",
                          "Parallel Aware": false,
                          "Relation Name": "customer_demographics",
                          "Alias": "customer_demographics",
                          "Startup Cost": 0.00,
                          "Total Cost": 55442.00,
                          "Plan Rows": 26390,
                          "Plan Width": 56,
                          "Actual Startup Time": 0.022,
                          "Actual Total Time": 625.605,
                          "Actual Rows": 27440,
                          "Actual Loops": 1,
                          "Filter": "((cd_gender = 'M'::bpchar) AND (cd_marital_status = 'M'::bpchar) AND (cd_education_status = '4 yr Degree'::bpchar))",
                          "Rows Removed by Filter": 1893360
                        }
                      ]
                    }
                  ]
                }
              ]
            }
          ]
        },
        {
          "Node Type": "Hash",
          "Parent Relationship": "Inner",
          "Parallel Aware": false,
          "Startup Cost": 12.50,
          "Total Cost": 12.50,
          "Plan Rows": 300,
          "Plan Width": 168,
          "Actual Startup Time": 0.176,
          "Actual Total Time": 0.176,
          "Actual Rows": 299,
          "Actual Loops": 1,
          "Hash Buckets": 1024,
          "Original Hash Buckets": 1024,
          "Hash Batches": 1,
          "Original Hash Batches": 1,
          "Peak Memory Usage": 68,
          "Plans": [
            {
              "Node Type": "Seq Scan",
              "Parent Relationship": "Outer",
              "Parallel Aware": false,
              "Relation Name": "promotion",
              "Alias": "promotion",
              "Startup Cost": 0.00,
              "Total Cost": 12.50,
              "Plan Rows": 300,
              "Plan Width": 168,
              "Actual Startup Time": 0.012,
              "Actual Total Time": 0.117,
              "Actual Rows": 299,
              "Actual Loops": 1,
              "Filter": "((p_channel_email = 'N'::bpchar) OR (p_channel_event = 'N'::bpchar))",
              "Rows Removed by Filter": 1
            }
          ]
        }
      ]
    },
    "Planning Time": 2.236,
    "Triggers": [
    ],
    "Execution Time": 2310.074
  }
]
