[
  {
    "Plan": {
      "Node Type": "Nested Loop",
      "Parallel Aware": false,
      "Join Type": "Inner",
      "Startup Cost": 2501.87,
      "Total Cost": 62382.11,
      "Plan Rows": 2,
      "Plan Width": 788,
      "Actual Startup Time": 220.071,
      "Actual Total Time": 880.398,
      "Actual Rows": 64,
      "Actual Loops": 1,
      "Join Filter": "(catalog_sales.cs_item_sk = item.i_item_sk)",
      "Rows Removed by Join Filter": 1533428,
      "Plans": [
        {
          "Node Type": "Hash Join",
          "Parent Relationship": "Outer",
          "Parallel Aware": false,
          "Join Type": "Inner",
          "Startup Cost": 2501.87,
          "Total Cost": 59746.03,
          "Plan Rows": 1796,
          "Plan Width": 285,
          "Actual Startup Time": 174.686,
          "Actual Total Time": 560.665,
          "Actual Rows": 42597,
          "Actual Loops": 1,
          "Hash Cond": "(catalog_sales.cs_sold_date_sk = date_dim.d_date_sk)",
          "Plans": [
            {
              "Node Type": "Seq Scan",
              "Parent Relationship": "Outer",
              "Parallel Aware": false,
              "Relation Name": "catalog_sales",
              "Alias": "catalog_sales",
              "Startup Cost": 0.00,
              "Total Cost": 51820.48,
              "Plan Rows": 1441548,
              "Plan Width": 167,
              "Actual Startup Time": 0.021,
              "Actual Total Time": 299.429,
              "Actual Rows": 1441548,
              "Actual Loops": 1
            },
            {
              "Node Type": "Hash",
              "Parent Relationship": "Inner",
              "Parallel Aware": false,
              "Startup Cost": 2500.73,
              "Total Cost": 2500.73,
              "Plan Rows": 91,
              "Plan Width": 118,
              "Actual Startup Time": 16.190,
              "Actual Total Time": 16.190,
              "Actual Rows": 93,
              "Actual Loops": 1,
              "Hash Buckets": 1024,
              "Original Hash Buckets": 1024,
              "Hash Batches": 1,
              "Original Hash Batches": 1,
              "Peak Memory Usage": 22,
              "Plans": [
                {
                  "Node Type": "Seq Scan",
                  "Parent Relationship": "Outer",
                  "Parallel Aware": false,
                  "Relation Name": "date_dim",
                  "Alias": "date_dim",
                  "Startup Cost": 0.00,
                  "Total Cost": 2500.73,
                  "Plan Rows": 91,
                  "Plan Width": 118,
                  "Actual Startup Time": 7.424,
                  "Actual Total Time": 16.163,
                  "Actual Rows": 93,
                  "Actual Loops": 1,
                  "Filter": "((d_date >= '2000-03-22'::date) AND (d_date <= '2000-06-22'::date))",
                  "Rows Removed by Filter": 72956
                }
              ]
            }
          ]
        },
        {
          "Node Type": "Materialize",
          "Parent Relationship": "Inner",
          "Parallel Aware": false,
          "Startup Cost": 0.00,
          "Total Cost": 2205.08,
          "Plan Rows": 16,
          "Plan Width": 503,
          "Actual Startup Time": 0.000,
          "Actual Total Time": 0.002,
          "Actual Rows": 36,
          "Actual Loops": 42597,
          "Plans": [
            {
              "Node Type": "Seq Scan",
              "Parent Relationship": "Outer",
              "Parallel Aware": false,
              "Relation Name": "item",
              "Alias": "item",
              "Startup Cost": 0.00,
              "Total Cost": 2205.00,
              "Plan Rows": 16,
              "Plan Width": 503,
              "Actual Startup Time": 0.088,
              "Actual Total Time": 8.028,
              "Actual Rows": 36,
              "Actual Loops": 1,
              "Filter": "(i_manufact_id = 291)",
              "Rows Removed by Filter": 17964
            }
          ]
        }
      ]
    },
    "Planning Time": 1.080,
    "Triggers": [
    ],
    "Execution Time": 880.563
  }
]
