[
  {
    "Plan": {
      "Node Type": "Hash Join",
      "Parallel Aware": false,
      "Join Type": "Inner",
      "Startup Cost": 2322.65,
      "Total Cost": 11080.76,
      "Plan Rows": 1429,
      "Plan Width": 216,
      "Actual Startup Time": 16.679,
      "Actual Total Time": 136.443,
      "Actual Rows": 31814,
      "Actual Loops": 1,
      "Hash Cond": "(store_returns.sr_returned_date_sk = date_dim.d_date_sk)",
      "Plans": [
        {
          "Node Type": "Seq Scan",
          "Parent Relationship": "Outer",
          "Parallel Aware": false,
          "Relation Name": "store_returns",
          "Alias": "store_returns",
          "Startup Cost": 0.00,
          "Total Cost": 7666.14,
          "Plan Rows": 287514,
          "Plan Width": 98,
          "Actual Startup Time": 0.036,
          "Actual Total Time": 46.153,
          "Actual Rows": 287514,
          "Actual Loops": 1
        },
        {
          "Node Type": "Hash",
          "Parent Relationship": "Inner",
          "Parallel Aware": false,
          "Startup Cost": 2318.11,
          "Total Cost": 2318.11,
          "Plan Rows": 363,
          "Plan Width": 118,
          "Actual Startup Time": 16.627,
          "Actual Total Time": 16.627,
          "Actual Rows": 365,
          "Actual Loops": 1,
          "Hash Buckets": 1024,
          "Original Hash Buckets": 1024,
          "Hash Batches": 1,
          "Original Hash Batches": 1,
          "Peak Memory Usage": 63,
          "Plans": [
            {
              "Node Type": "Seq Scan",
              "Parent Relationship": "Outer",
              "Parallel Aware": false,
              "Relation Name": "date_dim",
              "Alias": "date_dim",
              "Startup Cost": 0.00,
              "Total Cost": 2318.11,
              "Plan Rows": 363,
              "Plan Width": 118,
              "Actual Startup Time": 8.122,
              "Actual Total Time": 16.556,
              "Actual Rows": 365,
              "Actual Loops": 1,
              "Filter": "(d_year = 1998)",
              "Rows Removed by Filter": 72684
            }
          ]
        }
      ]
    },
    "Planning Time": 0.327,
    "Triggers": [
    ],
    "Execution Time": 137.755
  }
]
