[
  {
    "Plan": {
      "Node Type": "Hash Join",
      "Parallel Aware": false,
      "Join Type": "Inner",
      "Startup Cost": 2501.13,
      "Total Cost": 7359.69,
      "Plan Rows": 63,
      "Plan Width": 244,
      "Actual Startup Time": 20.488,
      "Actual Total Time": 65.149,
      "Actual Rows": 2443,
      "Actual Loops": 1,
      "Hash Cond": "(catalog_returns.cr_returned_date_sk = date_dim.d_date_sk)",
      "Plans": [
        {
          "Node Type": "Seq Scan",
          "Parent Relationship": "Outer",
          "Parallel Aware": false,
          "Relation Name": "catalog_returns",
          "Alias": "catalog_returns",
          "Startup Cost": 0.00,
          "Total Cost": 4317.67,
          "Plan Rows": 144067,
          "Plan Width": 126,
          "Actual Startup Time": 0.006,
          "Actual Total Time": 21.874,
          "Actual Rows": 144067,
          "Actual Loops": 1
        },
        {
          "Node Type": "Hash",
          "Parent Relationship": "Inner",
          "Parallel Aware": false,
          "Startup Cost": 2500.73,
          "Total Cost": 2500.73,
          "Plan Rows": 32,
          "Plan Width": 118,
          "Actual Startup Time": 16.740,
          "Actual Total Time": 16.740,
          "Actual Rows": 31,
          "Actual Loops": 1,
          "Hash Buckets": 1024,
          "Original Hash Buckets": 1024,
          "Hash Batches": 1,
          "Original Hash Batches": 1,
          "Peak Memory Usage": 13,
          "Plans": [
            {
              "Node Type": "Seq Scan",
              "Parent Relationship": "Outer",
              "Parallel Aware": false,
              "Relation Name": "date_dim",
              "Alias": "date_dim",
              "Startup Cost": 0.00,
              "Total Cost": 2500.73,
              "Plan Rows": 32,
              "Plan Width": 118,
              "Actual Startup Time": 8.461,
              "Actual Total Time": 16.724,
              "Actual Rows": 31,
              "Actual Loops": 1,
              "Filter": "((d_year = 2000) AND (d_moy = 12))",
              "Rows Removed by Filter": 73018
            }
          ]
        }
      ]
    },
    "Planning Time": 0.419,
    "Triggers": [
    ],
    "Execution Time": 65.373
  }
]
