[
  {
    "Plan": {
      "Node Type": "Hash Join",
      "Parallel Aware": false,
      "Join Type": "Inner",
      "Startup Cost": 74629.21,
      "Total Cost": 76557.86,
      "Plan Rows": 2428,
      "Plan Width": 446,
      "Actual Startup Time": 912.084,
      "Actual Total Time": 939.536,
      "Actual Rows": 2335,
      "Actual Loops": 1,
      "Hash Cond": "(customer_address.ca_address_sk = customer.c_current_addr_sk)",
      "Plans": [
        {
          "Node Type": "Seq Scan",
          "Parent Relationship": "Outer",
          "Parallel Aware": false,
          "Relation Name": "customer_address",
          "Alias": "customer_address",
          "Startup Cost": 0.00,
          "Total Cost": 1712.00,
          "Plan Rows": 21985,
          "Plan Width": 145,
          "Actual Startup Time": 0.011,
          "Actual Total Time": 21.668,
          "Actual Rows": 21901,
          "Actual Loops": 1,
          "Filter": "(ca_gmt_offset = '-6'::numeric)",
          "Rows Removed by Filter": 28099
        },
        {
          "Node Type": "Hash",
          "Parent Relationship": "Inner",
          "Parallel Aware": false,
          "Startup Cost": 74560.19,
          "Total Cost": 74560.19,
          "Plan Rows": 5522,
          "Plan Width": 301,
          "Actual Startup Time": 912.027,
          "Actual Total Time": 912.027,
          "Actual Rows": 5507,
          "Actual Loops": 1,
          "Hash Buckets": 8192,
          "Original Hash Buckets": 8192,
          "Hash Batches": 1,
          "Original Hash Batches": 1,
          "Peak Memory Usage": 1649,
          "Plans": [
            {
              "Node Type": "Hash Join",
              "Parent Relationship": "Outer",
              "Parallel Aware": false,
              "Join Type": "Inner",
              "Startup Cost": 62605.85,
              "Total Cost": 74560.19,
              "Plan Rows": 5522,
              "Plan Width": 301,
              "Actual Startup Time": 816.617,
              "Actual Total Time": 906.697,
              "Actual Rows": 5507,
              "Actual Loops": 1,
              "Hash Cond": "(customer.c_current_cdemo_sk = customer_demographics.cd_demo_sk)",
              "Plans": [
                {
                  "Node Type": "Seq Scan",
                  "Parent Relationship": "Outer",
                  "Parallel Aware": false,
                  "Relation Name": "customer",
                  "Alias": "customer",
                  "Startup Cost": 0.00,
                  "Total Cost": 3848.00,
                  "Plan Rows": 100000,
                  "Plan Width": 245,
                  "Actual Startup Time": 0.004,
                  "Actual Total Time": 16.341,
                  "Actual Rows": 100000,
                  "Actual Loops": 1
                },
                {
                  "Node Type": "Hash",
                  "Parent Relationship": "Inner",
                  "Parallel Aware": false,
                  "Startup Cost": 60244.00,
                  "Total Cost": 60244.00,
                  "Plan Rows": 106068,
                  "Plan Width": 56,
                  "Actual Startup Time": 816.508,
                  "Actual Total Time": 816.508,
                  "Actual Rows": 109760,
                  "Actual Loops": 1,
                  "Hash Buckets": 65536,
                  "Original Hash Buckets": 65536,
                  "Hash Batches": 4,
                  "Original Hash Batches": 4,
                  "Peak Memory Usage": 2986,
                  "Plans": [
                    {
                      "Node Type": "Seq Scan",
                      "Parent Relationship": "Outer",
                      "Parallel Aware": false,
                      "Relation Name": "customer_demographics",
                      "Alias": "customer_demographics",
                      "Startup Cost": 0.00,
                      "Total Cost": 60244.00,
                      "Plan Rows": 106068,
                      "Plan Width": 56,
                      "Actual Startup Time": 0.029,
                      "Actual Total Time": 782.000,
                      "Actual Rows": 109760,
                      "Actual Loops": 1,
                      "Filter": "(((cd_marital_status = 'M'::bpchar) AND (cd_education_status = 'Unknown'::bpchar)) OR ((cd_marital_status = 'W'::bpchar) AND (cd_education_status = 'Advanced Degree'::bpchar)))",
                      "Rows Removed by Filter": 1811040
                    }
                  ]
                }
              ]
            }
          ]
        }
      ]
    },
    "Planning Time": 0.618,
    "Triggers": [
    ],
    "Execution Time": 939.704
  }
]
