[
  {
    "Plan": {
      "Node Type": "Hash Join",
      "Parallel Aware": false,
      "Join Type": "Inner",
      "Startup Cost": 149618.97,
      "Total Cost": 151847.55,
      "Plan Rows": 108,
      "Plan Width": 2600,
      "Actual Startup Time": 2191.876,
      "Actual Total Time": 2228.132,
      "Actual Rows": 7314,
      "Actual Loops": 1,
      "Hash Cond": "(item.i_item_sk = store_sales.ss_item_sk)",
      "Plans": [
        {
          "Node Type": "Seq Scan",
          "Parent Relationship": "Outer",
          "Parallel Aware": false,
          "Relation Name": "item",
          "Alias": "item",
          "Startup Cost": 0.00,
          "Total Cost": 2160.00,
          "Plan Rows": 18000,
          "Plan Width": 503,
          "Actual Startup Time": 0.006,
          "Actual Total Time": 3.928,
          "Actual Rows": 18000,
          "Actual Loops": 1
        },
        {
          "Node Type": "Hash",
          "Parent Relationship": "Inner",
          "Parallel Aware": false,
          "Startup Cost": 149617.62,
          "Total Cost": 149617.62,
          "Plan Rows": 108,
          "Plan Width": 2097,
          "Actual Startup Time": 2191.818,
          "Actual Total Time": 2191.818,
          "Actual Rows": 7314,
          "Actual Loops": 1,
          "Hash Buckets": 8192,
          "Original Hash Buckets": 1024,
          "Hash Batches": 2,
          "Original Hash Batches": 1,
          "Peak Memory Usage": 4033,
          "Plans": [
            {
              "Node Type": "Hash Join",
              "Parent Relationship": "Outer",
              "Parallel Aware": false,
              "Join Type": "Inner",
              "Startup Cost": 58125.85,
              "Total Cost": 149617.62,
              "Plan Rows": 108,
              "Plan Width": 2097,
              "Actual Startup Time": 624.831,
              "Actual Total Time": 2170.500,
              "Actual Rows": 7314,
              "Actual Loops": 1,
              "Hash Cond": "(store_sales.ss_store_sk = store.s_store_sk)",
              "Plans": [
                {
                  "Node Type": "Hash Join",
                  "Parent Relationship": "Outer",
                  "Parallel Aware": false,
                  "Join Type": "Inner",
                  "Startup Cost": 58124.56,
                  "Total Cost": 149614.51,
                  "Plan Rows": 215,
                  "Plan Width": 285,
                  "Actual Startup Time": 624.806,
                  "Actual Total Time": 2160.638,
                  "Actual Rows": 7387,
                  "Actual Loops": 1,
                  "Hash Cond": "(store_sales.ss_cdemo_sk = customer_demographics.cd_demo_sk)",
                  "Plans": [
                    {
                      "Node Type": "Hash Join",
                      "Parent Relationship": "Outer",
                      "Parallel Aware": false,
                      "Join Type": "Inner",
                      "Startup Cost": 2322.65,
                      "Total Cost": 93756.88,
                      "Plan Rows": 14312,
                      "Plan Width": 229,
                      "Actual Startup Time": 16.695,
                      "Actual Total Time": 1474.499,
                      "Actual Rows": 544141,
                      "Actual Loops": 1,
                      "Hash Cond": "(store_sales.ss_sold_date_sk = date_dim.d_date_sk)",
                      "Plans": [
                        {
                          "Node Type": "Seq Scan",
                          "Parent Relationship": "Outer",
                          "Parallel Aware": false,
                          "Relation Name": "store_sales",
                          "Alias": "store_sales",
                          "Startup Cost": 0.00,
                          "Total Cost": 80497.08,
                          "Plan Rows": 2880108,
                          "Plan Width": 111,
                          "Actual Startup Time": 0.032,
                          "Actual Total Time": 482.408,
                          "Actual Rows": 2880404,
                          "Actual Loops": 1
                        },
                        {
                          "Node Type": "Hash",
                          "Parent Relationship": "Inner",
                          "Parallel Aware": false,
                          "Startup Cost": 2318.11,
                          "Total Cost": 2318.11,
                          "Plan Rows": 363,
                          "Plan Width": 118,
                          "Actual Startup Time": 16.650,
                          "Actual Total Time": 16.650,
                          "Actual Rows": 365,
                          "Actual Loops": 1,
                          "Hash Buckets": 1024,
                          "Original Hash Buckets": 1024,
                          "Hash Batches": 1,
                          "Original Hash Batches": 1,
                          "Peak Memory Usage": 63,
                          "Plans": [
                            {
                              "Node Type": "Seq Scan",
                              "Parent Relationship": "Outer",
                              "Parallel Aware": false,
                              "Relation Name": "date_dim",
                              "Alias": "date_dim",
                              "Startup Cost": 0.00,
                              "Total Cost": 2318.11,
                              "Plan Rows": 363,
                              "Plan Width": 118,
                              "Actual Startup Time": 8.220,
                              "Actual Total Time": 16.586,
                              "Actual Rows": 365,
                              "Actual Loops": 1,
                              "Filter": "(d_year = 1999)",
                              "Rows Removed by Filter": 72684
                            }
                          ]
                        }
                      ]
                    },
                    {
                      "Node Type": "Hash",
                      "Parent Relationship": "Inner",
                      "Parallel Aware": false,
                      "Startup Cost": 55442.00,
                      "Total Cost": 55442.00,
                      "Plan Rows": 28793,
                      "Plan Width": 56,
                      "Actual Startup Time": 606.160,
                      "Actual Total Time": 606.160,
                      "Actual Rows": 27440,
                      "Actual Loops": 1,
                      "Hash Buckets": 32768,
                      "Original Hash Buckets": 32768,
                      "Hash Batches": 1,
                      "Original Hash Batches": 1,
                      "Peak Memory Usage": 2722,
                      "Plans": [
                        {
                          "Node Type": "Seq Scan",
                          "Parent Relationship": "Outer",
                          "Parallel Aware": false,
                          "Relation Name": "customer_demographics",
                          "Alias": "customer_demographics",
                          "Startup Cost": 0.00,
                          "Total Cost": 55442.00,
                          "Plan Rows": 28793,
                          "Plan Width": 56,
                          "Actual Startup Time": 0.017,
                          "Actual Total Time": 596.004,
                          "Actual Rows": 27440,
                          "Actual Loops": 1,
                          "Filter": "((cd_gender = 'F'::bpchar) AND (cd_marital_status = 'U'::bpchar) AND (cd_education_status = 'Secondary'::bpchar))",
                          "Rows Removed by Filter": 1893360
                        }
                      ]
                    }
                  ]
                },
                {
                  "Node Type": "Hash",
                  "Parent Relationship": "Inner",
                  "Parallel Aware": false,
                  "Startup Cost": 1.21,
                  "Total Cost": 1.21,
                  "Plan Rows": 6,
                  "Plan Width": 1812,
                  "Actual Startup Time": 0.017,
                  "Actual Total Time": 0.017,
                  "Actual Rows": 12,
                  "Actual Loops": 1,
                  "Hash Buckets": 1024,
                  "Original Hash Buckets": 1024,
                  "Hash Batches": 1,
                  "Original Hash Batches": 1,
                  "Peak Memory Usage": 12,
                  "Plans": [
                    {
                      "Node Type": "Seq Scan",
                      "Parent Relationship": "Outer",
                      "Parallel Aware": false,
                      "Relation Name": "store",
                      "Alias": "store",
                      "Startup Cost": 0.00,
                      "Total Cost": 1.21,
                      "Plan Rows": 6,
                      "Plan Width": 1812,
                      "Actual Startup Time": 0.007,
                      "Actual Total Time": 0.014,
                      "Actual Rows": 12,
                      "Actual Loops": 1,
                      "Filter": "(s_state = ANY ('{TN,TN,TN,TN,TN,TN}'::bpchar[]))",
                      "Rows Removed by Filter": 0
                    }
                  ]
                }
              ]
            }
          ]
        }
      ]
    },
    "Planning Time": 1.105,
    "Triggers": [
    ],
    "Execution Time": 2228.671
  }
]
