[
  {
    "Plan": {
      "Node Type": "Hash Join",
      "Parallel Aware": false,
      "Join Type": "Inner",
      "Startup Cost": 2794.73,
      "Total Cost": 94310.38,
      "Plan Rows": 1290,
      "Plan Width": 2073,
      "Actual Startup Time": 23.151,
      "Actual Total Time": 1600.890,
      "Actual Rows": 113815,
      "Actual Loops": 1,
      "Hash Cond": "(store_sales.ss_store_sk = store.s_store_sk)",
      "Plans": [
        {
          "Node Type": "Hash Join",
          "Parent Relationship": "Outer",
          "Parallel Aware": false,
          "Join Type": "Inner",
          "Startup Cost": 2793.47,
          "Total Cost": 94285.22,
          "Plan Rows": 3095,
          "Plan Width": 261,
          "Actual Startup Time": 23.123,
          "Actual Total Time": 1473.449,
          "Actual Rows": 115173,
          "Actual Loops": 1,
          "Hash Cond": "(store_sales.ss_hdemo_sk = household_demographics.hd_demo_sk)",
          "Plans": [
            {
              "Node Type": "Hash Join",
              "Parent Relationship": "Outer",
              "Parallel Aware": false,
              "Join Type": "Inner",
              "Startup Cost": 2595.97,
              "Total Cost": 94011.74,
              "Plan Rows": 12380,
              "Plan Width": 229,
              "Actual Startup Time": 20.763,
              "Actual Total Time": 1340.406,
              "Actual Rows": 477244,
              "Actual Loops": 1,
              "Hash Cond": "(store_sales.ss_sold_date_sk = date_dim.d_date_sk)",
              "Plans": [
                {
                  "Node Type": "Seq Scan",
                  "Parent Relationship": "Outer",
                  "Parallel Aware": false,
                  "Relation Name": "store_sales",
                  "Alias": "store_sales",
                  "Startup Cost": 0.00,
                  "Total Cost": 80497.08,
                  "Plan Rows": 2880108,
                  "Plan Width": 111,
                  "Actual Startup Time": 0.029,
                  "Actual Total Time": 454.779,
                  "Actual Rows": 2880404,
                  "Actual Loops": 1
                },
                {
                  "Node Type": "Hash",
                  "Parent Relationship": "Inner",
                  "Parallel Aware": false,
                  "Startup Cost": 2592.05,
                  "Total Cost": 2592.05,
                  "Plan Rows": 314,
                  "Plan Width": 118,
                  "Actual Startup Time": 20.715,
                  "Actual Total Time": 20.715,
                  "Actual Rows": 314,
                  "Actual Loops": 1,
                  "Hash Buckets": 1024,
                  "Original Hash Buckets": 1024,
                  "Hash Batches": 1,
                  "Original Hash Batches": 1,
                  "Peak Memory Usage": 56,
                  "Plans": [
                    {
                      "Node Type": "Seq Scan",
                      "Parent Relationship": "Outer",
                      "Parallel Aware": false,
                      "Relation Name": "date_dim",
                      "Alias": "date_dim",
                      "Startup Cost": 0.00,
                      "Total Cost": 2592.05,
                      "Plan Rows": 314,
                      "Plan Width": 118,
                      "Actual Startup Time": 10.429,
                      "Actual Total Time": 20.653,
                      "Actual Rows": 314,
                      "Actual Loops": 1,
                      "Filter": "((d_dow = ANY ('{6,0}'::integer[])) AND (d_year = ANY ('{2000,2001,2002}'::integer[])))",
                      "Rows Removed by Filter": 72735
                    }
                  ]
                }
              ]
            },
            {
              "Node Type": "Hash",
              "Parent Relationship": "Inner",
              "Parallel Aware": false,
              "Startup Cost": 175.00,
              "Total Cost": 175.00,
              "Plan Rows": 1800,
              "Plan Width": 32,
              "Actual Startup Time": 2.273,
              "Actual Total Time": 2.273,
              "Actual Rows": 1800,
              "Actual Loops": 1,
              "Hash Buckets": 2048,
              "Original Hash Buckets": 2048,
              "Hash Batches": 1,
              "Original Hash Batches": 1,
              "Peak Memory Usage": 129,
              "Plans": [
                {
                  "Node Type": "Seq Scan",
                  "Parent Relationship": "Outer",
                  "Parallel Aware": false,
                  "Relation Name": "household_demographics",
                  "Alias": "household_demographics",
                  "Startup Cost": 0.00,
                  "Total Cost": 175.00,
                  "Plan Rows": 1800,
                  "Plan Width": 32,
                  "Actual Startup Time": 0.192,
                  "Actual Total Time": 1.985,
                  "Actual Rows": 1800,
                  "Actual Loops": 1,
                  "Filter": "((hd_dep_count = 8) OR (hd_vehicle_count = '-1'::integer))",
                  "Rows Removed by Filter": 5400
                }
              ]
            }
          ]
        },
        {
          "Node Type": "Hash",
          "Parent Relationship": "Inner",
          "Parallel Aware": false,
          "Startup Cost": 1.20,
          "Total Cost": 1.20,
          "Plan Rows": 5,
          "Plan Width": 1812,
          "Actual Startup Time": 0.020,
          "Actual Total Time": 0.020,
          "Actual Rows": 12,
          "Actual Loops": 1,
          "Hash Buckets": 1024,
          "Original Hash Buckets": 1024,
          "Hash Batches": 1,
          "Original Hash Batches": 1,
          "Peak Memory Usage": 12,
          "Plans": [
            {
              "Node Type": "Seq Scan",
              "Parent Relationship": "Outer",
              "Parallel Aware": false,
              "Relation Name": "store",
              "Alias": "store",
              "Startup Cost": 0.00,
              "Total Cost": 1.20,
              "Plan Rows": 5,
              "Plan Width": 1812,
              "Actual Startup Time": 0.009,
              "Actual Total Time": 0.014,
              "Actual Rows": 12,
              "Actual Loops": 1,
              "Filter": "((s_city)::text = ANY ('{Midway,Fairview,Fairview,Fairview,Fairview}'::text[]))",
              "Rows Removed by Filter": 0
            }
          ]
        }
      ]
    },
    "Planning Time": 0.779,
    "Triggers": [
    ],
    "Execution Time": 1605.493
  }
]
