[
  {
    "Plan": {
      "Node Type": "Hash Join",
      "Parallel Aware": false,
      "Join Type": "Inner",
      "Startup Cost": 5891.18,
      "Total Cost": 97237.23,
      "Plan Rows": 18,
      "Plan Width": 732,
      "Actual Startup Time": 55.801,
      "Actual Total Time": 1113.737,
      "Actual Rows": 11212,
      "Actual Loops": 1,
      "Hash Cond": "(store_sales.ss_sold_date_sk = date_dim.d_date_sk)",
      "Plans": [
        {
          "Node Type": "Hash Join",
          "Parent Relationship": "Outer",
          "Parallel Aware": false,
          "Join Type": "Inner",
          "Startup Cost": 2655.28,
          "Total Cost": 93987.96,
          "Plan Rows": 3520,
          "Plan Width": 614,
          "Actual Startup Time": 32.316,
          "Actual Total Time": 1065.394,
          "Actual Rows": 94215,
          "Actual Loops": 1,
          "Hash Cond": "(store_sales.ss_item_sk = item.i_item_sk)",
          "Plans": [
            {
              "Node Type": "Seq Scan",
              "Parent Relationship": "Outer",
              "Parallel Aware": false,
              "Relation Name": "store_sales",
              "Alias": "store_sales",
              "Startup Cost": 0.00,
              "Total Cost": 80497.08,
              "Plan Rows": 2880108,
              "Plan Width": 111,
              "Actual Startup Time": 0.027,
              "Actual Total Time": 448.008,
              "Actual Rows": 2880404,
              "Actual Loops": 1
            },
            {
              "Node Type": "Hash",
              "Parent Relationship": "Inner",
              "Parallel Aware": false,
              "Startup Cost": 2655.00,
              "Total Cost": 2655.00,
              "Plan Rows": 22,
              "Plan Width": 503,
              "Actual Startup Time": 32.275,
              "Actual Total Time": 32.275,
              "Actual Rows": 722,
              "Actual Loops": 1,
              "Hash Buckets": 1024,
              "Original Hash Buckets": 1024,
              "Hash Batches": 1,
              "Original Hash Batches": 1,
              "Peak Memory Usage": 393,
              "Plans": [
                {
                  "Node Type": "Seq Scan",
                  "Parent Relationship": "Outer",
                  "Parallel Aware": false,
                  "Relation Name": "item",
                  "Alias": "item",
                  "Startup Cost": 0.00,
                  "Total Cost": 2655.00,
                  "Plan Rows": 22,
                  "Plan Width": 503,
                  "Actual Startup Time": 0.025,
                  "Actual Total Time": 32.059,
                  "Actual Rows": 722,
                  "Actual Loops": 1,
                  "Filter": "(((i_category = ANY ('{Books,Children,Electronics}'::bpchar[])) AND (i_class = ANY ('{personal,portable,refernece,self-help}'::bpchar[])) AND (i_brand = ANY ('{\"scholaramalgamalg #14\",\"scholaramalgamalg #7\",\"exportiunivamalg #9\",\"scholaramalgamalg #9\"}'::bpchar[]))) OR ((i_category = ANY ('{Women,Music,Men}'::bpchar[])) AND (i_class = ANY ('{accessories,classical,fragrances,pants}'::bpchar[])) AND (i_brand = ANY ('{\"amalgimporto #1\",\"edu packscholar #1\",\" exportiimporto #1\",\"importoamalg #1\"}'::bpchar[]))))",
                  "Rows Removed by Filter": 17278
                }
              ]
            }
          ]
        },
        {
          "Node Type": "Hash",
          "Parent Relationship": "Inner",
          "Parallel Aware": false,
          "Startup Cost": 3231.23,
          "Total Cost": 3231.23,
          "Plan Rows": 374,
          "Plan Width": 118,
          "Actual Startup Time": 23.473,
          "Actual Total Time": 23.473,
          "Actual Rows": 365,
          "Actual Loops": 1,
          "Hash Buckets": 1024,
          "Original Hash Buckets": 1024,
          "Hash Batches": 1,
          "Original Hash Batches": 1,
          "Peak Memory Usage": 63,
          "Plans": [
            {
              "Node Type": "Seq Scan",
              "Parent Relationship": "Outer",
              "Parallel Aware": false,
              "Relation Name": "date_dim",
              "Alias": "date_dim",
              "Startup Cost": 0.00,
              "Total Cost": 3231.23,
              "Plan Rows": 374,
              "Plan Width": 118,
              "Actual Startup Time": 11.787,
              "Actual Total Time": 23.400,
              "Actual Rows": 365,
              "Actual Loops": 1,
              "Filter": "(d_month_seq = ANY ('{1206,1207,1208,1209,1210,1211,1212,1213,1214,1215,1216,1217}'::integer[]))",
              "Rows Removed by Filter": 72684
            }
          ]
        }
      ]
    },
    "Planning Time": 0.967,
    "Triggers": [
    ],
    "Execution Time": 1114.495
  }
]
