[
  {
    "Plan": {
      "Node Type": "Hash Join",
      "Parallel Aware": false,
      "Join Type": "Inner",
      "Startup Cost": 31039.65,
      "Total Cost": 33841.52,
      "Plan Rows": 119,
      "Plan Width": 796,
      "Actual Startup Time": 492.833,
      "Actual Total Time": 535.488,
      "Actual Rows": 6532,
      "Actual Loops": 1,
      "Hash Cond": "(time_dim.t_time_sk = web_sales.ws_sold_time_sk)",
      "Plans": [
        {
          "Node Type": "Seq Scan",
          "Parent Relationship": "Outer",
          "Parallel Aware": false,
          "Relation Name": "time_dim",
          "Alias": "time_dim",
          "Startup Cost": 0.00,
          "Total Cost": 2693.00,
          "Plan Rows": 28715,
          "Plan Width": 103,
          "Actual Startup Time": 8.300,
          "Actual Total Time": 22.270,
          "Actual Rows": 28801,
          "Actual Loops": 1,
          "Filter": "((t_time >= 46185) AND (t_time <= 74985))",
          "Rows Removed by Filter": 57599
        },
        {
          "Node Type": "Hash",
          "Parent Relationship": "Inner",
          "Parallel Aware": false,
          "Startup Cost": 31035.17,
          "Total Cost": 31035.17,
          "Plan Rows": 358,
          "Plan Width": 693,
          "Actual Startup Time": 483.889,
          "Actual Total Time": 483.889,
          "Actual Rows": 14246,
          "Actual Loops": 1,
          "Hash Buckets": 16384,
          "Original Hash Buckets": 1024,
          "Hash Batches": 2,
          "Original Hash Batches": 1,
          "Peak Memory Usage": 3969,
          "Plans": [
            {
              "Node Type": "Hash Join",
              "Parent Relationship": "Outer",
              "Parallel Aware": false,
              "Join Type": "Inner",
              "Startup Cost": 2323.93,
              "Total Cost": 31035.17,
              "Plan Rows": 358,
              "Plan Width": 693,
              "Actual Startup Time": 16.781,
              "Actual Total Time": 454.434,
              "Actual Rows": 14246,
              "Actual Loops": 1,
              "Hash Cond": "(web_sales.ws_ship_mode_sk = ship_mode.sm_ship_mode_sk)",
              "Plans": [
                {
                  "Node Type": "Hash Join",
                  "Parent Relationship": "Outer",
                  "Parallel Aware": false,
                  "Join Type": "Inner",
                  "Startup Cost": 2322.65,
                  "Total Cost": 31016.92,
                  "Plan Rows": 3575,
                  "Plan Width": 285,
                  "Actual Startup Time": 16.746,
                  "Actual Total Time": 426.111,
                  "Actual Rows": 142857,
                  "Actual Loops": 1,
                  "Hash Cond": "(web_sales.ws_sold_date_sk = date_dim.d_date_sk)",
                  "Plans": [
                    {
                      "Node Type": "Seq Scan",
                      "Parent Relationship": "Outer",
                      "Parallel Aware": false,
                      "Relation Name": "web_sales",
                      "Alias": "web_sales",
                      "Startup Cost": 0.00,
                      "Total Cost": 25960.84,
                      "Plan Rows": 719384,
                      "Plan Width": 167,
                      "Actual Startup Time": 0.031,
                      "Actual Total Time": 137.439,
                      "Actual Rows": 719384,
                      "Actual Loops": 1
                    },
                    {
                      "Node Type": "Hash",
                      "Parent Relationship": "Inner",
                      "Parallel Aware": false,
                      "Startup Cost": 2318.11,
                      "Total Cost": 2318.11,
                      "Plan Rows": 363,
                      "Plan Width": 118,
                      "Actual Startup Time": 16.705,
                      "Actual Total Time": 16.706,
                      "Actual Rows": 365,
                      "Actual Loops": 1,
                      "Hash Buckets": 1024,
                      "Original Hash Buckets": 1024,
                      "Hash Batches": 1,
                      "Original Hash Batches": 1,
                      "Peak Memory Usage": 63,
                      "Plans": [
                        {
                          "Node Type": "Seq Scan",
                          "Parent Relationship": "Outer",
                          "Parallel Aware": false,
                          "Relation Name": "date_dim",
                          "Alias": "date_dim",
                          "Startup Cost": 0.00,
                          "Total Cost": 2318.11,
                          "Plan Rows": 363,
                          "Plan Width": 118,
                          "Actual Startup Time": 8.269,
                          "Actual Total Time": 16.634,
                          "Actual Rows": 365,
                          "Actual Loops": 1,
                          "Filter": "(d_year = 1999)",
                          "Rows Removed by Filter": 72684
                        }
                      ]
                    }
                  ]
                },
                {
                  "Node Type": "Hash",
                  "Parent Relationship": "Inner",
                  "Parallel Aware": false,
                  "Startup Cost": 1.25,
                  "Total Cost": 1.25,
                  "Plan Rows": 2,
                  "Plan Width": 408,
                  "Actual Startup Time": 0.018,
                  "Actual Total Time": 0.018,
                  "Actual Rows": 2,
                  "Actual Loops": 1,
                  "Hash Buckets": 1024,
                  "Original Hash Buckets": 1024,
                  "Hash Batches": 1,
                  "Original Hash Batches": 1,
                  "Peak Memory Usage": 9,
                  "Plans": [
                    {
                      "Node Type": "Seq Scan",
                      "Parent Relationship": "Outer",
                      "Parallel Aware": false,
                      "Relation Name": "ship_mode",
                      "Alias": "ship_mode",
                      "Startup Cost": 0.00,
                      "Total Cost": 1.25,
                      "Plan Rows": 2,
                      "Plan Width": 408,
                      "Actual Startup Time": 0.011,
                      "Actual Total Time": 0.016,
                      "Actual Rows": 2,
                      "Actual Loops": 1,
                      "Filter": "(sm_carrier = ANY ('{DIAMOND,ZOUROS}'::bpchar[]))",
                      "Rows Removed by Filter": 18
                    }
                  ]
                }
              ]
            }
          ]
        }
      ]
    },
    "Planning Time": 0.840,
    "Triggers": [
    ],
    "Execution Time": 536.017
  }
]
