[
  {
    "Plan": {
      "Node Type": "Hash Join",
      "Parallel Aware": false,
      "Join Type": "Inner",
      "Startup Cost": 59664.44,
      "Total Cost": 62467.49,
      "Plan Rows": 238,
      "Plan Width": 796,
      "Actual Startup Time": 942.492,
      "Actual Total Time": 993.935,
      "Actual Rows": 12781,
      "Actual Loops": 1,
      "Hash Cond": "(time_dim.t_time_sk = catalog_sales.cs_sold_time_sk)",
      "Plans": [
        {
          "Node Type": "Seq Scan",
          "Parent Relationship": "Outer",
          "Parallel Aware": false,
          "Relation Name": "time_dim",
          "Alias": "time_dim",
          "Startup Cost": 0.00,
          "Total Cost": 2693.00,
          "Plan Rows": 28715,
          "Plan Width": 103,
          "Actual Startup Time": 12.508,
          "Actual Total Time": 24.448,
          "Actual Rows": 28801,
          "Actual Loops": 1,
          "Filter": "((t_time >= 46185) AND (t_time <= 74985))",
          "Rows Removed by Filter": 57599
        },
        {
          "Node Type": "Hash",
          "Parent Relationship": "Inner",
          "Parallel Aware": false,
          "Startup Cost": 59655.49,
          "Total Cost": 59655.49,
          "Plan Rows": 716,
          "Plan Width": 693,
          "Actual Startup Time": 929.333,
          "Actual Total Time": 929.333,
          "Actual Rows": 28362,
          "Actual Loops": 1,
          "Hash Buckets": 16384,
          "Original Hash Buckets": 1024,
          "Hash Batches": 4,
          "Original Hash Batches": 1,
          "Peak Memory Usage": 3969,
          "Plans": [
            {
              "Node Type": "Hash Join",
              "Parent Relationship": "Outer",
              "Parallel Aware": false,
              "Join Type": "Inner",
              "Startup Cost": 2323.93,
              "Total Cost": 59655.49,
              "Plan Rows": 716,
              "Plan Width": 693,
              "Actual Startup Time": 79.823,
              "Actual Total Time": 866.535,
              "Actual Rows": 28391,
              "Actual Loops": 1,
              "Hash Cond": "(catalog_sales.cs_ship_mode_sk = ship_mode.sm_ship_mode_sk)",
              "Plans": [
                {
                  "Node Type": "Hash Join",
                  "Parent Relationship": "Outer",
                  "Parallel Aware": false,
                  "Join Type": "Inner",
                  "Startup Cost": 2322.65,
                  "Total Cost": 59620.22,
                  "Plan Rows": 7163,
                  "Plan Width": 285,
                  "Actual Startup Time": 79.459,
                  "Actual Total Time": 812.500,
                  "Actual Rows": 285693,
                  "Actual Loops": 1,
                  "Hash Cond": "(catalog_sales.cs_sold_date_sk = date_dim.d_date_sk)",
                  "Plans": [
                    {
                      "Node Type": "Seq Scan",
                      "Parent Relationship": "Outer",
                      "Parallel Aware": false,
                      "Relation Name": "catalog_sales",
                      "Alias": "catalog_sales",
                      "Startup Cost": 0.00,
                      "Total Cost": 51820.48,
                      "Plan Rows": 1441548,
                      "Plan Width": 167,
                      "Actual Startup Time": 0.029,
                      "Actual Total Time": 265.602,
                      "Actual Rows": 1441548,
                      "Actual Loops": 1
                    },
                    {
                      "Node Type": "Hash",
                      "Parent Relationship": "Inner",
                      "Parallel Aware": false,
                      "Startup Cost": 2318.11,
                      "Total Cost": 2318.11,
                      "Plan Rows": 363,
                      "Plan Width": 118,
                      "Actual Startup Time": 19.474,
                      "Actual Total Time": 19.474,
                      "Actual Rows": 365,
                      "Actual Loops": 1,
                      "Hash Buckets": 1024,
                      "Original Hash Buckets": 1024,
                      "Hash Batches": 1,
                      "Original Hash Batches": 1,
                      "Peak Memory Usage": 63,
                      "Plans": [
                        {
                          "Node Type": "Seq Scan",
                          "Parent Relationship": "Outer",
                          "Parallel Aware": false,
                          "Relation Name": "date_dim",
                          "Alias": "date_dim",
                          "Startup Cost": 0.00,
                          "Total Cost": 2318.11,
                          "Plan Rows": 363,
                          "Plan Width": 118,
                          "Actual Startup Time": 10.111,
                          "Actual Total Time": 19.370,
                          "Actual Rows": 365,
                          "Actual Loops": 1,
                          "Filter": "(d_year = 1999)",
                          "Rows Removed by Filter": 72684
                        }
                      ]
                    }
                  ]
                },
                {
                  "Node Type": "Hash",
                  "Parent Relationship": "Inner",
                  "Parallel Aware": false,
                  "Startup Cost": 1.25,
                  "Total Cost": 1.25,
                  "Plan Rows": 2,
                  "Plan Width": 408,
                  "Actual Startup Time": 0.021,
                  "Actual Total Time": 0.021,
                  "Actual Rows": 2,
                  "Actual Loops": 1,
                  "Hash Buckets": 1024,
                  "Original Hash Buckets": 1024,
                  "Hash Batches": 1,
                  "Original Hash Batches": 1,
                  "Peak Memory Usage": 9,
                  "Plans": [
                    {
                      "Node Type": "Seq Scan",
                      "Parent Relationship": "Outer",
                      "Parallel Aware": false,
                      "Relation Name": "ship_mode",
                      "Alias": "ship_mode",
                      "Startup Cost": 0.00,
                      "Total Cost": 1.25,
                      "Plan Rows": 2,
                      "Plan Width": 408,
                      "Actual Startup Time": 0.014,
                      "Actual Total Time": 0.020,
                      "Actual Rows": 2,
                      "Actual Loops": 1,
                      "Filter": "(sm_carrier = ANY ('{DIAMOND,ZOUROS}'::bpchar[]))",
                      "Rows Removed by Filter": 18
                    }
                  ]
                }
              ]
            }
          ]
        }
      ]
    },
    "Planning Time": 0.743,
    "Triggers": [
    ],
    "Execution Time": 994.630
  }
]
