[
  {
    "Plan": {
      "Node Type": "Hash Join",
      "Parallel Aware": false,
      "Join Type": "Inner",
      "Startup Cost": 2953.67,
      "Total Cost": 31792.07,
      "Plan Rows": 102,
      "Plan Width": 431,
      "Actual Startup Time": 23.702,
      "Actual Total Time": 338.060,
      "Actual Rows": 174,
      "Actual Loops": 1,
      "Hash Cond": "(web_sales.ws_ship_hdemo_sk = household_demographics.hd_demo_sk)",
      "Plans": [
        {
          "Node Type": "Hash Join",
          "Parent Relationship": "Outer",
          "Parallel Aware": false,
          "Join Type": "Inner",
          "Startup Cost": 2787.67,
          "Total Cost": 31621.23,
          "Plan Rows": 1019,
          "Plan Width": 399,
          "Actual Startup Time": 21.272,
          "Actual Total Time": 335.968,
          "Actual Rows": 1679,
          "Actual Loops": 1,
          "Hash Cond": "(web_sales.ws_sold_time_sk = time_dim.t_time_sk)",
          "Plans": [
            {
              "Node Type": "Hash Join",
              "Parent Relationship": "Outer",
              "Parallel Aware": false,
              "Join Type": "Inner",
              "Startup Cost": 2.91,
              "Total Cost": 28781.31,
              "Plan Rows": 11990,
              "Plan Width": 296,
              "Actual Startup Time": 0.095,
              "Actual Total Time": 310.065,
              "Actual Rows": 14053,
              "Actual Loops": 1,
              "Hash Cond": "(web_sales.ws_web_page_sk = web_page.wp_web_page_sk)",
              "Plans": [
                {
                  "Node Type": "Seq Scan",
                  "Parent Relationship": "Outer",
                  "Parallel Aware": false,
                  "Relation Name": "web_sales",
                  "Alias": "web_sales",
                  "Startup Cost": 0.00,
                  "Total Cost": 25960.84,
                  "Plan Rows": 719384,
                  "Plan Width": 167,
                  "Actual Startup Time": 0.017,
                  "Actual Total Time": 134.166,
                  "Actual Rows": 719384,
                  "Actual Loops": 1
                },
                {
                  "Node Type": "Hash",
                  "Parent Relationship": "Inner",
                  "Parallel Aware": false,
                  "Startup Cost": 2.90,
                  "Total Cost": 2.90,
                  "Plan Rows": 1,
                  "Plan Width": 129,
                  "Actual Startup Time": 0.025,
                  "Actual Total Time": 0.025,
                  "Actual Rows": 1,
                  "Actual Loops": 1,
                  "Hash Buckets": 1024,
                  "Original Hash Buckets": 1024,
                  "Hash Batches": 1,
                  "Original Hash Batches": 1,
                  "Peak Memory Usage": 9,
                  "Plans": [
                    {
                      "Node Type": "Seq Scan",
                      "Parent Relationship": "Outer",
                      "Parallel Aware": false,
                      "Relation Name": "web_page",
                      "Alias": "web_page",
                      "Startup Cost": 0.00,
                      "Total Cost": 2.90,
                      "Plan Rows": 1,
                      "Plan Width": 129,
                      "Actual Startup Time": 0.015,
                      "Actual Total Time": 0.024,
                      "Actual Rows": 1,
                      "Actual Loops": 1,
                      "Filter": "((wp_char_count >= 5000) AND (wp_char_count <= 5200))",
                      "Rows Removed by Filter": 59
                    }
                  ]
                }
              ]
            },
            {
              "Node Type": "Hash",
              "Parent Relationship": "Inner",
              "Parallel Aware": false,
              "Startup Cost": 2693.00,
              "Total Cost": 2693.00,
              "Plan Rows": 7341,
              "Plan Width": 103,
              "Actual Startup Time": 20.876,
              "Actual Total Time": 20.876,
              "Actual Rows": 7200,
              "Actual Loops": 1,
              "Hash Buckets": 8192,
              "Original Hash Buckets": 8192,
              "Hash Batches": 1,
              "Original Hash Batches": 1,
              "Peak Memory Usage": 989,
              "Plans": [
                {
                  "Node Type": "Seq Scan",
                  "Parent Relationship": "Outer",
                  "Parallel Aware": false,
                  "Relation Name": "time_dim",
                  "Alias": "time_dim",
                  "Startup Cost": 0.00,
                  "Total Cost": 2693.00,
                  "Plan Rows": 7341,
                  "Plan Width": 103,
                  "Actual Startup Time": 7.801,
                  "Actual Total Time": 19.683,
                  "Actual Rows": 7200,
                  "Actual Loops": 1,
                  "Filter": "((t_hour >= 11) AND (t_hour <= 12))",
                  "Rows Removed by Filter": 79200
                }
              ]
            }
          ]
        },
        {
          "Node Type": "Hash",
          "Parent Relationship": "Inner",
          "Parallel Aware": false,
          "Startup Cost": 157.00,
          "Total Cost": 157.00,
          "Plan Rows": 720,
          "Plan Width": 32,
          "Actual Startup Time": 1.457,
          "Actual Total Time": 1.457,
          "Actual Rows": 720,
          "Actual Loops": 1,
          "Hash Buckets": 1024,
          "Original Hash Buckets": 1024,
          "Hash Batches": 1,
          "Original Hash Batches": 1,
          "Peak Memory Usage": 53,
          "Plans": [
            {
              "Node Type": "Seq Scan",
              "Parent Relationship": "Outer",
              "Parallel Aware": false,
              "Relation Name": "household_demographics",
              "Alias": "household_demographics",
              "Startup Cost": 0.00,
              "Total Cost": 157.00,
              "Plan Rows": 720,
              "Plan Width": 32,
              "Actual Startup Time": 0.136,
              "Actual Total Time": 1.341,
              "Actual Rows": 720,
              "Actual Loops": 1,
              "Filter": "(hd_dep_count = 8)",
              "Rows Removed by Filter": 6480
            }
          ]
        }
      ]
    },
    "Planning Time": 0.699,
    "Triggers": [
    ],
    "Execution Time": 338.218
  }
]
