[
  {
    "Plan": {
      "Node Type": "Hash Join",
      "Parallel Aware": false,
      "Join Type": "Inner",
      "Startup Cost": 2951.51,
      "Total Cost": 31789.55,
      "Plan Rows": 99,
      "Plan Width": 431,
      "Actual Startup Time": 23.476,
      "Actual Total Time": 344.532,
      "Actual Rows": 111,
      "Actual Loops": 1,
      "Hash Cond": "(web_sales.ws_ship_hdemo_sk = household_demographics.hd_demo_sk)",
      "Plans": [
        {
          "Node Type": "Hash Join",
          "Parent Relationship": "Outer",
          "Parallel Aware": false,
          "Join Type": "Inner",
          "Startup Cost": 2785.51,
          "Total Cost": 31618.82,
          "Plan Rows": 995,
          "Plan Width": 399,
          "Actual Startup Time": 20.992,
          "Actual Total Time": 342.610,
          "Actual Rows": 1145,
          "Actual Loops": 1,
          "Hash Cond": "(web_sales.ws_sold_time_sk = time_dim.t_time_sk)",
          "Plans": [
            {
              "Node Type": "Hash Join",
              "Parent Relationship": "Outer",
              "Parallel Aware": false,
              "Join Type": "Inner",
              "Startup Cost": 2.91,
              "Total Cost": 28781.31,
              "Plan Rows": 11990,
              "Plan Width": 296,
              "Actual Startup Time": 0.112,
              "Actual Total Time": 317.438,
              "Actual Rows": 14053,
              "Actual Loops": 1,
              "Hash Cond": "(web_sales.ws_web_page_sk = web_page.wp_web_page_sk)",
              "Plans": [
                {
                  "Node Type": "Seq Scan",
                  "Parent Relationship": "Outer",
                  "Parallel Aware": false,
                  "Relation Name": "web_sales",
                  "Alias": "web_sales",
                  "Startup Cost": 0.00,
                  "Total Cost": 25960.84,
                  "Plan Rows": 719384,
                  "Plan Width": 167,
                  "Actual Startup Time": 0.031,
                  "Actual Total Time": 136.682,
                  "Actual Rows": 719384,
                  "Actual Loops": 1
                },
                {
                  "Node Type": "Hash",
                  "Parent Relationship": "Inner",
                  "Parallel Aware": false,
                  "Startup Cost": 2.90,
                  "Total Cost": 2.90,
                  "Plan Rows": 1,
                  "Plan Width": 129,
                  "Actual Startup Time": 0.026,
                  "Actual Total Time": 0.026,
                  "Actual Rows": 1,
                  "Actual Loops": 1,
                  "Hash Buckets": 1024,
                  "Original Hash Buckets": 1024,
                  "Hash Batches": 1,
                  "Original Hash Batches": 1,
                  "Peak Memory Usage": 9,
                  "Plans": [
                    {
                      "Node Type": "Seq Scan",
                      "Parent Relationship": "Outer",
                      "Parallel Aware": false,
                      "Relation Name": "web_page",
                      "Alias": "web_page",
                      "Startup Cost": 0.00,
                      "Total Cost": 2.90,
                      "Plan Rows": 1,
                      "Plan Width": 129,
                      "Actual Startup Time": 0.016,
                      "Actual Total Time": 0.025,
                      "Actual Rows": 1,
                      "Actual Loops": 1,
                      "Filter": "((wp_char_count >= 5000) AND (wp_char_count <= 5200))",
                      "Rows Removed by Filter": 59
                    }
                  ]
                }
              ]
            },
            {
              "Node Type": "Hash",
              "Parent Relationship": "Inner",
              "Parallel Aware": false,
              "Startup Cost": 2693.00,
              "Total Cost": 2693.00,
              "Plan Rows": 7168,
              "Plan Width": 103,
              "Actual Startup Time": 20.540,
              "Actual Total Time": 20.540,
              "Actual Rows": 7200,
              "Actual Loops": 1,
              "Hash Buckets": 8192,
              "Original Hash Buckets": 8192,
              "Hash Batches": 1,
              "Original Hash Batches": 1,
              "Peak Memory Usage": 1035,
              "Plans": [
                {
                  "Node Type": "Seq Scan",
                  "Parent Relationship": "Outer",
                  "Parallel Aware": false,
                  "Relation Name": "time_dim",
                  "Alias": "time_dim",
                  "Startup Cost": 0.00,
                  "Total Cost": 2693.00,
                  "Plan Rows": 7168,
                  "Plan Width": 103,
                  "Actual Startup Time": 9.254,
                  "Actual Total Time": 19.361,
                  "Actual Rows": 7200,
                  "Actual Loops": 1,
                  "Filter": "((t_hour >= 13) AND (t_hour <= 14))",
                  "Rows Removed by Filter": 79200
                }
              ]
            }
          ]
        },
        {
          "Node Type": "Hash",
          "Parent Relationship": "Inner",
          "Parallel Aware": false,
          "Startup Cost": 157.00,
          "Total Cost": 157.00,
          "Plan Rows": 720,
          "Plan Width": 32,
          "Actual Startup Time": 1.478,
          "Actual Total Time": 1.478,
          "Actual Rows": 720,
          "Actual Loops": 1,
          "Hash Buckets": 1024,
          "Original Hash Buckets": 1024,
          "Hash Batches": 1,
          "Original Hash Batches": 1,
          "Peak Memory Usage": 53,
          "Plans": [
            {
              "Node Type": "Seq Scan",
              "Parent Relationship": "Outer",
              "Parallel Aware": false,
              "Relation Name": "household_demographics",
              "Alias": "household_demographics",
              "Startup Cost": 0.00,
              "Total Cost": 157.00,
              "Plan Rows": 720,
              "Plan Width": 32,
              "Actual Startup Time": 0.137,
              "Actual Total Time": 1.340,
              "Actual Rows": 720,
              "Actual Loops": 1,
              "Filter": "(hd_dep_count = 8)",
              "Rows Removed by Filter": 6480
            }
          ]
        }
      ]
    },
    "Planning Time": 0.645,
    "Triggers": [
    ],
    "Execution Time": 344.670
  }
]
