[
  {
    "Plan": {
      "Node Type": "Hash Join",
      "Parallel Aware": false,
      "Join Type": "Inner",
      "Startup Cost": 4597.49,
      "Total Cost": 95932.16,
      "Plan Rows": 208,
      "Plan Width": 732,
      "Actual Startup Time": 88.802,
      "Actual Total Time": 915.933,
      "Actual Rows": 68,
      "Actual Loops": 1,
      "Hash Cond": "(store_sales.ss_sold_date_sk = dt.d_date_sk)",
      "Plans": [
        {
          "Node Type": "Hash Join",
          "Parent Relationship": "Outer",
          "Parallel Aware": false,
          "Join Type": "Inner",
          "Startup Cost": 2205.20,
          "Total Cost": 93528.29,
          "Plan Rows": 2560,
          "Plan Width": 614,
          "Actual Startup Time": 16.305,
          "Actual Total Time": 895.025,
          "Actual Rows": 448,
          "Actual Loops": 1,
          "Hash Cond": "(store_sales.ss_item_sk = item.i_item_sk)",
          "Plans": [
            {
              "Node Type": "Seq Scan",
              "Parent Relationship": "Outer",
              "Parallel Aware": false,
              "Relation Name": "store_sales",
              "Alias": "store_sales",
              "Startup Cost": 0.00,
              "Total Cost": 80497.08,
              "Plan Rows": 2880108,
              "Plan Width": 111,
              "Actual Startup Time": 0.033,
              "Actual Total Time": 454.397,
              "Actual Rows": 2880404,
              "Actual Loops": 1
            },
            {
              "Node Type": "Hash",
              "Parent Relationship": "Inner",
              "Parallel Aware": false,
              "Startup Cost": 2205.00,
              "Total Cost": 2205.00,
              "Plan Rows": 16,
              "Plan Width": 503,
              "Actual Startup Time": 8.483,
              "Actual Total Time": 8.483,
              "Actual Rows": 3,
              "Actual Loops": 1,
              "Hash Buckets": 1024,
              "Original Hash Buckets": 1024,
              "Hash Batches": 1,
              "Original Hash Batches": 1,
              "Peak Memory Usage": 10,
              "Plans": [
                {
                  "Node Type": "Seq Scan",
                  "Parent Relationship": "Outer",
                  "Parallel Aware": false,
                  "Relation Name": "item",
                  "Alias": "item",
                  "Startup Cost": 0.00,
                  "Total Cost": 2205.00,
                  "Plan Rows": 16,
                  "Plan Width": 503,
                  "Actual Startup Time": 5.177,
                  "Actual Total Time": 8.475,
                  "Actual Rows": 3,
                  "Actual Loops": 1,
                  "Filter": "(i_manufact_id = 783)",
                  "Rows Removed by Filter": 17997
                }
              ]
            }
          ]
        },
        {
          "Node Type": "Hash",
          "Parent Relationship": "Inner",
          "Parallel Aware": false,
          "Startup Cost": 2318.11,
          "Total Cost": 2318.11,
          "Plan Rows": 5934,
          "Plan Width": 118,
          "Actual Startup Time": 20.530,
          "Actual Total Time": 20.530,
          "Actual Rows": 6000,
          "Actual Loops": 1,
          "Hash Buckets": 8192,
          "Original Hash Buckets": 8192,
          "Hash Batches": 1,
          "Original Hash Batches": 1,
          "Peak Memory Usage": 967,
          "Plans": [
            {
              "Node Type": "Seq Scan",
              "Parent Relationship": "Outer",
              "Parallel Aware": false,
              "Relation Name": "date_dim",
              "Alias": "dt",
              "Startup Cost": 0.00,
              "Total Cost": 2318.11,
              "Plan Rows": 5934,
              "Plan Width": 118,
              "Actual Startup Time": 0.079,
              "Actual Total Time": 19.205,
              "Actual Rows": 6000,
              "Actual Loops": 1,
              "Filter": "(d_moy = 11)",
              "Rows Removed by Filter": 67049
            }
          ]
        }
      ]
    },
    "Planning Time": 0.492,
    "Triggers": [
    ],
    "Execution Time": 916.073
  }
]
