[
  {
    "Plan": {
      "Node Type": "Hash Join",
      "Parallel Aware": false,
      "Join Type": "Inner",
      "Startup Cost": 4760.32,
      "Total Cost": 96253.10,
      "Plan Rows": 488,
      "Plan Width": 732,
      "Actual Startup Time": 69.826,
      "Actual Total Time": 1773.258,
      "Actual Rows": 62445,
      "Actual Loops": 1,
      "Hash Cond": "(store_sales.ss_item_sk = item.i_item_sk)",
      "Plans": [
        {
          "Node Type": "Hash Join",
          "Parent Relationship": "Outer",
          "Parallel Aware": false,
          "Join Type": "Inner",
          "Startup Cost": 2322.65,
          "Total Cost": 93756.88,
          "Plan Rows": 14312,
          "Plan Width": 229,
          "Actual Startup Time": 31.052,
          "Actual Total Time": 1567.807,
          "Actual Rows": 549330,
          "Actual Loops": 1,
          "Hash Cond": "(store_sales.ss_sold_date_sk = date_dim.d_date_sk)",
          "Plans": [
            {
              "Node Type": "Seq Scan",
              "Parent Relationship": "Outer",
              "Parallel Aware": false,
              "Relation Name": "store_sales",
              "Alias": "store_sales",
              "Startup Cost": 0.00,
              "Total Cost": 80497.08,
              "Plan Rows": 2880108,
              "Plan Width": 111,
              "Actual Startup Time": 0.182,
              "Actual Total Time": 500.927,
              "Actual Rows": 2880404,
              "Actual Loops": 1
            },
            {
              "Node Type": "Hash",
              "Parent Relationship": "Inner",
              "Parallel Aware": false,
              "Startup Cost": 2318.11,
              "Total Cost": 2318.11,
              "Plan Rows": 363,
              "Plan Width": 118,
              "Actual Startup Time": 30.815,
              "Actual Total Time": 30.815,
              "Actual Rows": 365,
              "Actual Loops": 1,
              "Hash Buckets": 1024,
              "Original Hash Buckets": 1024,
              "Hash Batches": 1,
              "Original Hash Batches": 1,
              "Peak Memory Usage": 63,
              "Plans": [
                {
                  "Node Type": "Seq Scan",
                  "Parent Relationship": "Outer",
                  "Parallel Aware": false,
                  "Relation Name": "date_dim",
                  "Alias": "date_dim",
                  "Startup Cost": 0.00,
                  "Total Cost": 2318.11,
                  "Plan Rows": 363,
                  "Plan Width": 118,
                  "Actual Startup Time": 20.124,
                  "Actual Total Time": 30.708,
                  "Actual Rows": 365,
                  "Actual Loops": 1,
                  "Filter": "(d_year = 2002)",
                  "Rows Removed by Filter": 72684
                }
              ]
            }
          ]
        },
        {
          "Node Type": "Hash",
          "Parent Relationship": "Inner",
          "Parallel Aware": false,
          "Startup Cost": 2430.00,
          "Total Cost": 2430.00,
          "Plan Rows": 614,
          "Plan Width": 503,
          "Actual Startup Time": 38.663,
          "Actual Total Time": 38.663,
          "Actual Rows": 2060,
          "Actual Loops": 1,
          "Hash Buckets": 4096,
          "Original Hash Buckets": 1024,
          "Hash Batches": 1,
          "Original Hash Batches": 1,
          "Peak Memory Usage": 1132,
          "Plans": [
            {
              "Node Type": "Seq Scan",
              "Parent Relationship": "Outer",
              "Parallel Aware": false,
              "Relation Name": "item",
              "Alias": "item",
              "Startup Cost": 0.00,
              "Total Cost": 2430.00,
              "Plan Rows": 614,
              "Plan Width": 503,
              "Actual Startup Time": 0.011,
              "Actual Total Time": 37.530,
              "Actual Rows": 2060,
              "Actual Loops": 1,
              "Filter": "(((i_category = ANY ('{Jewelry,Women,Shoes}'::bpchar[])) AND (i_class = ANY ('{\"mens watch\",dresses,mens}'::bpchar[]))) OR ((i_category = ANY ('{Men,Sports,Music}'::bpchar[])) AND (i_class = ANY ('{sports-apparel,sailing,pop}'::bpchar[]))))",
              "Rows Removed by Filter": 15940
            }
          ]
        }
      ]
    },
    "Planning Time": 2.229,
    "Triggers": [
    ],
    "Execution Time": 1777.185
  }
]
