[
  {
    "Plan": {
      "Node Type": "Hash Join",
      "Parallel Aware": false,
      "Join Type": "Inner",
      "Startup Cost": 4796.47,
      "Total Cost": 33459.95,
      "Plan Rows": 89,
      "Plan Width": 788,
      "Actual Startup Time": 33.124,
      "Actual Total Time": 274.313,
      "Actual Rows": 2158,
      "Actual Loops": 1,
      "Hash Cond": "(web_sales.ws_item_sk = item.i_item_sk)",
      "Plans": [
        {
          "Node Type": "Hash Join",
          "Parent Relationship": "Outer",
          "Parallel Aware": false,
          "Join Type": "Inner",
          "Startup Cost": 2501.11,
          "Total Cost": 31162.59,
          "Plan Rows": 295,
          "Plan Width": 285,
          "Actual Startup Time": 16.130,
          "Actual Total Time": 252.765,
          "Actual Rows": 7112,
          "Actual Loops": 1,
          "Hash Cond": "(web_sales.ws_sold_date_sk = date_dim.d_date_sk)",
          "Plans": [
            {
              "Node Type": "Seq Scan",
              "Parent Relationship": "Outer",
              "Parallel Aware": false,
              "Relation Name": "web_sales",
              "Alias": "web_sales",
              "Startup Cost": 0.00,
              "Total Cost": 25960.84,
              "Plan Rows": 719384,
              "Plan Width": 167,
              "Actual Startup Time": 0.041,
              "Actual Total Time": 133.029,
              "Actual Rows": 719384,
              "Actual Loops": 1
            },
            {
              "Node Type": "Hash",
              "Parent Relationship": "Inner",
              "Parallel Aware": false,
              "Startup Cost": 2500.73,
              "Total Cost": 2500.73,
              "Plan Rows": 30,
              "Plan Width": 118,
              "Actual Startup Time": 16.000,
              "Actual Total Time": 16.000,
              "Actual Rows": 31,
              "Actual Loops": 1,
              "Hash Buckets": 1024,
              "Original Hash Buckets": 1024,
              "Hash Batches": 1,
              "Original Hash Batches": 1,
              "Peak Memory Usage": 13,
              "Plans": [
                {
                  "Node Type": "Seq Scan",
                  "Parent Relationship": "Outer",
                  "Parallel Aware": false,
                  "Relation Name": "date_dim",
                  "Alias": "date_dim",
                  "Startup Cost": 0.00,
                  "Total Cost": 2500.73,
                  "Plan Rows": 30,
                  "Plan Width": 118,
                  "Actual Startup Time": 7.331,
                  "Actual Total Time": 15.986,
                  "Actual Rows": 31,
                  "Actual Loops": 1,
                  "Filter": "((d_date >= '2002-04-01'::date) AND (d_date <= '2002-05-01'::date))",
                  "Rows Removed by Filter": 73018
                }
              ]
            }
          ]
        },
        {
          "Node Type": "Hash",
          "Parent Relationship": "Inner",
          "Parallel Aware": false,
          "Startup Cost": 2227.50,
          "Total Cost": 2227.50,
          "Plan Rows": 5429,
          "Plan Width": 503,
          "Actual Startup Time": 16.980,
          "Actual Total Time": 16.980,
          "Actual Rows": 5429,
          "Actual Loops": 1,
          "Hash Buckets": 8192,
          "Original Hash Buckets": 8192,
          "Hash Batches": 1,
          "Original Hash Batches": 1,
          "Peak Memory Usage": 2961,
          "Plans": [
            {
              "Node Type": "Seq Scan",
              "Parent Relationship": "Outer",
              "Parallel Aware": false,
              "Relation Name": "item",
              "Alias": "item",
              "Startup Cost": 0.00,
              "Total Cost": 2227.50,
              "Plan Rows": 5429,
              "Plan Width": 503,
              "Actual Startup Time": 0.012,
              "Actual Total Time": 15.648,
              "Actual Rows": 5429,
              "Actual Loops": 1,
              "Filter": "(i_category = ANY ('{Children,Sports,Music}'::bpchar[]))",
              "Rows Removed by Filter": 12571
            }
          ]
        }
      ]
    },
    "Planning Time": 0.506,
    "Triggers": [
    ],
    "Execution Time": 274.562
  }
]
