[
  {
    "Plan": {
      "Node Type": "Hash Join",
      "Parallel Aware": false,
      "Join Type": "Inner",
      "Startup Cost": 4797.17,
      "Total Cost": 62033.37,
      "Plan Rows": 180,
      "Plan Width": 788,
      "Actual Startup Time": 131.385,
      "Actual Total Time": 494.530,
      "Actual Rows": 4382,
      "Actual Loops": 1,
      "Hash Cond": "(catalog_sales.cs_item_sk = item.i_item_sk)",
      "Plans": [
        {
          "Node Type": "Hash Join",
          "Parent Relationship": "Outer",
          "Parallel Aware": false,
          "Join Type": "Inner",
          "Startup Cost": 2501.11,
          "Total Cost": 59733.28,
          "Plan Rows": 592,
          "Plan Width": 285,
          "Actual Startup Time": 114.293,
          "Actual Total Time": 470.411,
          "Actual Rows": 14399,
          "Actual Loops": 1,
          "Hash Cond": "(catalog_sales.cs_sold_date_sk = date_dim.d_date_sk)",
          "Plans": [
            {
              "Node Type": "Seq Scan",
              "Parent Relationship": "Outer",
              "Parallel Aware": false,
              "Relation Name": "catalog_sales",
              "Alias": "catalog_sales",
              "Startup Cost": 0.00,
              "Total Cost": 51820.48,
              "Plan Rows": 1441548,
              "Plan Width": 167,
              "Actual Startup Time": 0.016,
              "Actual Total Time": 254.117,
              "Actual Rows": 1441548,
              "Actual Loops": 1
            },
            {
              "Node Type": "Hash",
              "Parent Relationship": "Inner",
              "Parallel Aware": false,
              "Startup Cost": 2500.73,
              "Total Cost": 2500.73,
              "Plan Rows": 30,
              "Plan Width": 118,
              "Actual Startup Time": 15.533,
              "Actual Total Time": 15.533,
              "Actual Rows": 31,
              "Actual Loops": 1,
              "Hash Buckets": 1024,
              "Original Hash Buckets": 1024,
              "Hash Batches": 1,
              "Original Hash Batches": 1,
              "Peak Memory Usage": 13,
              "Plans": [
                {
                  "Node Type": "Seq Scan",
                  "Parent Relationship": "Outer",
                  "Parallel Aware": false,
                  "Relation Name": "date_dim",
                  "Alias": "date_dim",
                  "Startup Cost": 0.00,
                  "Total Cost": 2500.73,
                  "Plan Rows": 30,
                  "Plan Width": 118,
                  "Actual Startup Time": 6.838,
                  "Actual Total Time": 15.527,
                  "Actual Rows": 31,
                  "Actual Loops": 1,
                  "Filter": "((d_date >= '1999-06-03'::date) AND (d_date <= '1999-07-03'::date))",
                  "Rows Removed by Filter": 73018
                }
              ]
            }
          ]
        },
        {
          "Node Type": "Hash",
          "Parent Relationship": "Inner",
          "Parallel Aware": false,
          "Startup Cost": 2227.50,
          "Total Cost": 2227.50,
          "Plan Rows": 5485,
          "Plan Width": 503,
          "Actual Startup Time": 16.690,
          "Actual Total Time": 16.690,
          "Actual Rows": 5485,
          "Actual Loops": 1,
          "Hash Buckets": 8192,
          "Original Hash Buckets": 8192,
          "Hash Batches": 1,
          "Original Hash Batches": 1,
          "Peak Memory Usage": 2991,
          "Plans": [
            {
              "Node Type": "Seq Scan",
              "Parent Relationship": "Outer",
              "Parallel Aware": false,
              "Relation Name": "item",
              "Alias": "item",
              "Startup Cost": 0.00,
              "Total Cost": 2227.50,
              "Plan Rows": 5485,
              "Plan Width": 503,
              "Actual Startup Time": 0.008,
              "Actual Total Time": 15.342,
              "Actual Rows": 5485,
              "Actual Loops": 1,
              "Filter": "(i_category = ANY ('{Shoes,Women,Music}'::bpchar[]))",
              "Rows Removed by Filter": 12515
            }
          ]
        }
      ]
    },
    "Planning Time": 0.472,
    "Triggers": [
    ],
    "Execution Time": 494.812
  }
]
