[
  {
    "Plan": {
      "Node Type": "Hash Join",
      "Parallel Aware": false,
      "Join Type": "Inner",
      "Startup Cost": 4745.15,
      "Total Cost": 96059.87,
      "Plan Rows": 5,
      "Plan Width": 2712,
      "Actual Startup Time": 28.114,
      "Actual Total Time": 1070.711,
      "Actual Rows": 4392,
      "Actual Loops": 1,
      "Hash Cond": "(store_sales.ss_promo_sk = promotion.p_promo_sk)",
      "Plans": [
        {
          "Node Type": "Hash Join",
          "Parent Relationship": "Outer",
          "Parallel Aware": false,
          "Join Type": "Inner",
          "Startup Cost": 4729.92,
          "Total Cost": 96044.56,
          "Plan Rows": 10,
          "Plan Width": 2544,
          "Actual Startup Time": 27.824,
          "Actual Total Time": 1063.355,
          "Actual Rows": 8435,
          "Actual Loops": 1,
          "Hash Cond": "(store_sales.ss_item_sk = item.i_item_sk)",
          "Plans": [
            {
              "Node Type": "Hash Join",
              "Parent Relationship": "Outer",
              "Parallel Aware": false,
              "Join Type": "Inner",
              "Startup Cost": 2502.27,
              "Total Cost": 93816.43,
              "Plan Rows": 99,
              "Plan Width": 2041,
              "Actual Startup Time": 16.762,
              "Actual Total Time": 1023.901,
              "Actual Rows": 86585,
              "Actual Loops": 1,
              "Hash Cond": "(store_sales.ss_store_sk = store.s_store_sk)",
              "Plans": [
                {
                  "Node Type": "Hash Join",
                  "Parent Relationship": "Outer",
                  "Parallel Aware": false,
                  "Join Type": "Inner",
                  "Startup Cost": 2501.11,
                  "Total Cost": 93809.90,
                  "Plan Rows": 1183,
                  "Plan Width": 229,
                  "Actual Startup Time": 16.730,
                  "Actual Total Time": 927.892,
                  "Actual Rows": 88679,
                  "Actual Loops": 1,
                  "Hash Cond": "(store_sales.ss_sold_date_sk = date_dim.d_date_sk)",
                  "Plans": [
                    {
                      "Node Type": "Seq Scan",
                      "Parent Relationship": "Outer",
                      "Parallel Aware": false,
                      "Relation Name": "store_sales",
                      "Alias": "store_sales",
                      "Startup Cost": 0.00,
                      "Total Cost": 80497.08,
                      "Plan Rows": 2880108,
                      "Plan Width": 111,
                      "Actual Startup Time": 0.015,
                      "Actual Total Time": 449.811,
                      "Actual Rows": 2880404,
                      "Actual Loops": 1
                    },
                    {
                      "Node Type": "Hash",
                      "Parent Relationship": "Inner",
                      "Parallel Aware": false,
                      "Startup Cost": 2500.73,
                      "Total Cost": 2500.73,
                      "Plan Rows": 30,
                      "Plan Width": 118,
                      "Actual Startup Time": 16.562,
                      "Actual Total Time": 16.562,
                      "Actual Rows": 30,
                      "Actual Loops": 1,
                      "Hash Buckets": 1024,
                      "Original Hash Buckets": 1024,
                      "Hash Batches": 1,
                      "Original Hash Batches": 1,
                      "Peak Memory Usage": 13,
                      "Plans": [
                        {
                          "Node Type": "Seq Scan",
                          "Parent Relationship": "Outer",
                          "Parallel Aware": false,
                          "Relation Name": "date_dim",
                          "Alias": "date_dim",
                          "Startup Cost": 0.00,
                          "Total Cost": 2500.73,
                          "Plan Rows": 30,
                          "Plan Width": 118,
                          "Actual Startup Time": 8.345,
                          "Actual Total Time": 16.553,
                          "Actual Rows": 30,
                          "Actual Loops": 1,
                          "Filter": "((d_year = 2000) AND (d_moy = 11))",
                          "Rows Removed by Filter": 73019
                        }
                      ]
                    }
                  ]
                },
                {
                  "Node Type": "Hash",
                  "Parent Relationship": "Inner",
                  "Parallel Aware": false,
                  "Startup Cost": 1.15,
                  "Total Cost": 1.15,
                  "Plan Rows": 1,
                  "Plan Width": 1812,
                  "Actual Startup Time": 0.021,
                  "Actual Total Time": 0.021,
                  "Actual Rows": 12,
                  "Actual Loops": 1,
                  "Hash Buckets": 1024,
                  "Original Hash Buckets": 1024,
                  "Hash Batches": 1,
                  "Original Hash Batches": 1,
                  "Peak Memory Usage": 12,
                  "Plans": [
                    {
                      "Node Type": "Seq Scan",
                      "Parent Relationship": "Outer",
                      "Parallel Aware": false,
                      "Relation Name": "store",
                      "Alias": "store",
                      "Startup Cost": 0.00,
                      "Total Cost": 1.15,
                      "Plan Rows": 1,
                      "Plan Width": 1812,
                      "Actual Startup Time": 0.010,
                      "Actual Total Time": 0.019,
                      "Actual Rows": 12,
                      "Actual Loops": 1,
                      "Filter": "(s_gmt_offset = '-5'::numeric)",
                      "Rows Removed by Filter": 0
                    }
                  ]
                }
              ]
            },
            {
              "Node Type": "Hash",
              "Parent Relationship": "Inner",
              "Parallel Aware": false,
              "Startup Cost": 2205.00,
              "Total Cost": 2205.00,
              "Plan Rows": 1812,
              "Plan Width": 503,
              "Actual Startup Time": 10.736,
              "Actual Total Time": 10.736,
              "Actual Rows": 1812,
              "Actual Loops": 1,
              "Hash Buckets": 2048,
              "Original Hash Buckets": 2048,
              "Hash Batches": 1,
              "Original Hash Batches": 1,
              "Peak Memory Usage": 980,
              "Plans": [
                {
                  "Node Type": "Seq Scan",
                  "Parent Relationship": "Outer",
                  "Parallel Aware": false,
                  "Relation Name": "item",
                  "Alias": "item",
                  "Startup Cost": 0.00,
                  "Total Cost": 2205.00,
                  "Plan Rows": 1812,
                  "Plan Width": 503,
                  "Actual Startup Time": 0.035,
                  "Actual Total Time": 10.273,
                  "Actual Rows": 1812,
                  "Actual Loops": 1,
                  "Filter": "(i_category = 'Electronics'::bpchar)",
                  "Rows Removed by Filter": 16188
                }
              ]
            }
          ]
        },
        {
          "Node Type": "Hash",
          "Parent Relationship": "Inner",
          "Parallel Aware": false,
          "Startup Cost": 13.25,
          "Total Cost": 13.25,
          "Plan Rows": 158,
          "Plan Width": 168,
          "Actual Startup Time": 0.179,
          "Actual Total Time": 0.179,
          "Actual Rows": 158,
          "Actual Loops": 1,
          "Hash Buckets": 1024,
          "Original Hash Buckets": 1024,
          "Hash Batches": 1,
          "Original Hash Batches": 1,
          "Peak Memory Usage": 40,
          "Plans": [
            {
              "Node Type": "Seq Scan",
              "Parent Relationship": "Outer",
              "Parallel Aware": false,
              "Relation Name": "promotion",
              "Alias": "promotion",
              "Startup Cost": 0.00,
              "Total Cost": 13.25,
              "Plan Rows": 158,
              "Plan Width": 168,
              "Actual Startup Time": 0.010,
              "Actual Total Time": 0.146,
              "Actual Rows": 158,
              "Actual Loops": 1,
              "Filter": "((p_channel_dmail = 'Y'::bpchar) OR (p_channel_email = 'Y'::bpchar) OR (p_channel_tv = 'Y'::bpchar))",
              "Rows Removed by Filter": 142
            }
          ]
        }
      ]
    },
    "Planning Time": 1.019,
    "Triggers": [
    ],
    "Execution Time": 1071.220
  }
]
