[
  {
    "Plan": {
      "Node Type": "Hash Join",
      "Parallel Aware": false,
      "Join Type": "Inner",
      "Startup Cost": 115458.64,
      "Total Cost": 117688.62,
      "Plan Rows": 105,
      "Plan Width": 1012,
      "Actual Startup Time": 1404.187,
      "Actual Total Time": 1423.720,
      "Actual Rows": 3911,
      "Actual Loops": 1,
      "Hash Cond": "(catalog_sales.cs_promo_sk = promotion.p_promo_sk)",
      "Plans": [
        {
          "Node Type": "Hash Join",
          "Parent Relationship": "Outer",
          "Parallel Aware": false,
          "Join Type": "Inner",
          "Startup Cost": 115442.39,
          "Total Cost": 117670.94,
          "Plan Rows": 105,
          "Plan Width": 844,
          "Actual Startup Time": 1404.001,
          "Actual Total Time": 1418.872,
          "Actual Rows": 3929,
          "Actual Loops": 1,
          "Hash Cond": "(item.i_item_sk = catalog_sales.cs_item_sk)",
          "Plans": [
            {
              "Node Type": "Seq Scan",
              "Parent Relationship": "Outer",
              "Parallel Aware": false,
              "Relation Name": "item",
              "Alias": "item",
              "Startup Cost": 0.00,
              "Total Cost": 2160.00,
              "Plan Rows": 18000,
              "Plan Width": 503,
              "Actual Startup Time": 0.004,
              "Actual Total Time": 3.410,
              "Actual Rows": 18000,
              "Actual Loops": 1
            },
            {
              "Node Type": "Hash",
              "Parent Relationship": "Inner",
              "Parallel Aware": false,
              "Startup Cost": 115441.08,
              "Total Cost": 115441.08,
              "Plan Rows": 105,
              "Plan Width": 341,
              "Actual Startup Time": 1403.982,
              "Actual Total Time": 1403.982,
              "Actual Rows": 3929,
              "Actual Loops": 1,
              "Hash Buckets": 4096,
              "Original Hash Buckets": 1024,
              "Hash Batches": 1,
              "Original Hash Batches": 1,
              "Peak Memory Usage": 1542,
              "Plans": [
                {
                  "Node Type": "Hash Join",
                  "Parent Relationship": "Outer",
                  "Parallel Aware": false,
                  "Join Type": "Inner",
                  "Startup Cost": 58115.60,
                  "Total Cost": 115441.08,
                  "Plan Rows": 105,
                  "Plan Width": 341,
                  "Actual Startup Time": 836.825,
                  "Actual Total Time": 1396.437,
                  "Actual Rows": 3929,
                  "Actual Loops": 1,
                  "Hash Cond": "(catalog_sales.cs_bill_cdemo_sk = customer_demographics.cd_demo_sk)",
                  "Plans": [
                    {
                      "Node Type": "Hash Join",
                      "Parent Relationship": "Outer",
                      "Parallel Aware": false,
                      "Join Type": "Inner",
                      "Startup Cost": 2322.65,
                      "Total Cost": 59620.22,
                      "Plan Rows": 7163,
                      "Plan Width": 285,
                      "Actual Startup Time": 265.144,
                      "Actual Total Time": 786.984,
                      "Actual Rows": 286707,
                      "Actual Loops": 1,
                      "Hash Cond": "(catalog_sales.cs_sold_date_sk = date_dim.d_date_sk)",
                      "Plans": [
                        {
                          "Node Type": "Seq Scan",
                          "Parent Relationship": "Outer",
                          "Parallel Aware": false,
                          "Relation Name": "catalog_sales",
                          "Alias": "catalog_sales",
                          "Startup Cost": 0.00,
                          "Total Cost": 51820.48,
                          "Plan Rows": 1441548,
                          "Plan Width": 167,
                          "Actual Startup Time": 0.014,
                          "Actual Total Time": 258.261,
                          "Actual Rows": 1441548,
                          "Actual Loops": 1
                        },
                        {
                          "Node Type": "Hash",
                          "Parent Relationship": "Inner",
                          "Parallel Aware": false,
                          "Startup Cost": 2318.11,
                          "Total Cost": 2318.11,
                          "Plan Rows": 363,
                          "Plan Width": 118,
                          "Actual Startup Time": 16.496,
                          "Actual Total Time": 16.496,
                          "Actual Rows": 365,
                          "Actual Loops": 1,
                          "Hash Buckets": 1024,
                          "Original Hash Buckets": 1024,
                          "Hash Batches": 1,
                          "Original Hash Batches": 1,
                          "Peak Memory Usage": 63,
                          "Plans": [
                            {
                              "Node Type": "Seq Scan",
                              "Parent Relationship": "Outer",
                              "Parallel Aware": false,
                              "Relation Name": "date_dim",
                              "Alias": "date_dim",
                              "Startup Cost": 0.00,
                              "Total Cost": 2318.11,
                              "Plan Rows": 363,
                              "Plan Width": 118,
                              "Actual Startup Time": 8.294,
                              "Actual Total Time": 16.432,
                              "Actual Rows": 365,
                              "Actual Loops": 1,
                              "Filter": "(d_year = 2001)",
                              "Rows Removed by Filter": 72684
                            }
                          ]
                        }
                      ]
                    },
                    {
                      "Node Type": "Hash",
                      "Parent Relationship": "Inner",
                      "Parallel Aware": false,
                      "Startup Cost": 55442.00,
                      "Total Cost": 55442.00,
                      "Plan Rows": 28076,
                      "Plan Width": 56,
                      "Actual Startup Time": 568.632,
                      "Actual Total Time": 568.632,
                      "Actual Rows": 27440,
                      "Actual Loops": 1,
                      "Hash Buckets": 32768,
                      "Original Hash Buckets": 32768,
                      "Hash Batches": 1,
                      "Original Hash Batches": 1,
                      "Peak Memory Usage": 2722,
                      "Plans": [
                        {
                          "Node Type": "Seq Scan",
                          "Parent Relationship": "Outer",
                          "Parallel Aware": false,
                          "Relation Name": "customer_demographics",
                          "Alias": "customer_demographics",
                          "Startup Cost": 0.00,
                          "Total Cost": 55442.00,
                          "Plan Rows": 28076,
                          "Plan Width": 56,
                          "Actual Startup Time": 0.019,
                          "Actual Total Time": 559.073,
                          "Actual Rows": 27440,
                          "Actual Loops": 1,
                          "Filter": "((cd_gender = 'M'::bpchar) AND (cd_marital_status = 'D'::bpchar) AND (cd_education_status = 'College'::bpchar))",
                          "Rows Removed by Filter": 1893360
                        }
                      ]
                    }
                  ]
                }
              ]
            }
          ]
        },
        {
          "Node Type": "Hash",
          "Parent Relationship": "Inner",
          "Parallel Aware": false,
          "Startup Cost": 12.50,
          "Total Cost": 12.50,
          "Plan Rows": 300,
          "Plan Width": 168,
          "Actual Startup Time": 0.177,
          "Actual Total Time": 0.177,
          "Actual Rows": 299,
          "Actual Loops": 1,
          "Hash Buckets": 1024,
          "Original Hash Buckets": 1024,
          "Hash Batches": 1,
          "Original Hash Batches": 1,
          "Peak Memory Usage": 68,
          "Plans": [
            {
              "Node Type": "Seq Scan",
              "Parent Relationship": "Outer",
              "Parallel Aware": false,
              "Relation Name": "promotion",
              "Alias": "promotion",
              "Startup Cost": 0.00,
              "Total Cost": 12.50,
              "Plan Rows": 300,
              "Plan Width": 168,
              "Actual Startup Time": 0.012,
              "Actual Total Time": 0.127,
              "Actual Rows": 299,
              "Actual Loops": 1,
              "Filter": "((p_channel_email = 'N'::bpchar) OR (p_channel_event = 'N'::bpchar))",
              "Rows Removed by Filter": 1
            }
          ]
        }
      ]
    },
    "Planning Time": 1.094,
    "Triggers": [
    ],
    "Execution Time": 1424.123
  }
]
