[
  {
    "Plan": {
      "Node Type": "Hash Join",
      "Parallel Aware": false,
      "Join Type": "Inner",
      "Startup Cost": 4708.24,
      "Total Cost": 96022.62,
      "Plan Rows": 12,
      "Plan Width": 732,
      "Actual Startup Time": 27.512,
      "Actual Total Time": 948.975,
      "Actual Rows": 961,
      "Actual Loops": 1,
      "Hash Cond": "(store_sales.ss_item_sk = item.i_item_sk)",
      "Plans": [
        {
          "Node Type": "Hash Join",
          "Parent Relationship": "Outer",
          "Parallel Aware": false,
          "Join Type": "Inner",
          "Startup Cost": 2501.13,
          "Total Cost": 93810.67,
          "Plan Rows": 1262,
          "Plan Width": 229,
          "Actual Startup Time": 17.792,
          "Actual Total Time": 926.942,
          "Actual Rows": 93296,
          "Actual Loops": 1,
          "Hash Cond": "(store_sales.ss_sold_date_sk = date_dim.d_date_sk)",
          "Plans": [
            {
              "Node Type": "Seq Scan",
              "Parent Relationship": "Outer",
              "Parallel Aware": false,
              "Relation Name": "store_sales",
              "Alias": "store_sales",
              "Startup Cost": 0.00,
              "Total Cost": 80497.08,
              "Plan Rows": 2880108,
              "Plan Width": 111,
              "Actual Startup Time": 0.027,
              "Actual Total Time": 442.559,
              "Actual Rows": 2880404,
              "Actual Loops": 1
            },
            {
              "Node Type": "Hash",
              "Parent Relationship": "Inner",
              "Parallel Aware": false,
              "Startup Cost": 2500.73,
              "Total Cost": 2500.73,
              "Plan Rows": 32,
              "Plan Width": 118,
              "Actual Startup Time": 17.723,
              "Actual Total Time": 17.723,
              "Actual Rows": 31,
              "Actual Loops": 1,
              "Hash Buckets": 1024,
              "Original Hash Buckets": 1024,
              "Hash Batches": 1,
              "Original Hash Batches": 1,
              "Peak Memory Usage": 13,
              "Plans": [
                {
                  "Node Type": "Seq Scan",
                  "Parent Relationship": "Outer",
                  "Parallel Aware": false,
                  "Relation Name": "date_dim",
                  "Alias": "date_dim",
                  "Startup Cost": 0.00,
                  "Total Cost": 2500.73,
                  "Plan Rows": 32,
                  "Plan Width": 118,
                  "Actual Startup Time": 9.043,
                  "Actual Total Time": 17.711,
                  "Actual Rows": 31,
                  "Actual Loops": 1,
                  "Filter": "((d_moy = 12) AND (d_year = 2001))",
                  "Rows Removed by Filter": 73018
                }
              ]
            }
          ]
        },
        {
          "Node Type": "Hash",
          "Parent Relationship": "Inner",
          "Parallel Aware": false,
          "Startup Cost": 2205.00,
          "Total Cost": 2205.00,
          "Plan Rows": 168,
          "Plan Width": 503,
          "Actual Startup Time": 9.033,
          "Actual Total Time": 9.033,
          "Actual Rows": 168,
          "Actual Loops": 1,
          "Hash Buckets": 1024,
          "Original Hash Buckets": 1024,
          "Hash Batches": 1,
          "Original Hash Batches": 1,
          "Peak Memory Usage": 98,
          "Plans": [
            {
              "Node Type": "Seq Scan",
              "Parent Relationship": "Outer",
              "Parallel Aware": false,
              "Relation Name": "item",
              "Alias": "item",
              "Startup Cost": 0.00,
              "Total Cost": 2205.00,
              "Plan Rows": 168,
              "Plan Width": 503,
              "Actual Startup Time": 0.023,
              "Actual Total Time": 8.970,
              "Actual Rows": 168,
              "Actual Loops": 1,
              "Filter": "(i_manager_id = 40)",
              "Rows Removed by Filter": 17832
            }
          ]
        }
      ]
    },
    "Planning Time": 0.475,
    "Triggers": [
    ],
    "Execution Time": 949.153
  }
]
