[
  {
    "Plan": {
      "Node Type": "Hash Join",
      "Parallel Aware": false,
      "Join Type": "Inner",
      "Startup Cost": 2327.20,
      "Total Cost": 31057.31,
      "Plan Rows": 7159,
      "Plan Width": 285,
      "Actual Startup Time": 21.716,
      "Actual Total Time": 591.620,
      "Actual Rows": 285957,
      "Actual Loops": 1,
      "Hash Cond": "(web_sales.ws_sold_date_sk = date_dim.d_date_sk)",
      "Plans": [
        {
          "Node Type": "Seq Scan",
          "Parent Relationship": "Outer",
          "Parallel Aware": false,
          "Relation Name": "web_sales",
          "Alias": "web_sales",
          "Startup Cost": 0.00,
          "Total Cost": 25960.84,
          "Plan Rows": 719384,
          "Plan Width": 167,
          "Actual Startup Time": 0.120,
          "Actual Total Time": 134.751,
          "Actual Rows": 719384,
          "Actual Loops": 1
        },
        {
          "Node Type": "Hash",
          "Parent Relationship": "Inner",
          "Parallel Aware": false,
          "Startup Cost": 2318.11,
          "Total Cost": 2318.11,
          "Plan Rows": 727,
          "Plan Width": 118,
          "Actual Startup Time": 21.579,
          "Actual Total Time": 21.580,
          "Actual Rows": 730,
          "Actual Loops": 1,
          "Hash Buckets": 1024,
          "Original Hash Buckets": 1024,
          "Hash Batches": 1,
          "Original Hash Batches": 1,
          "Peak Memory Usage": 118,
          "Plans": [
            {
              "Node Type": "Seq Scan",
              "Parent Relationship": "Outer",
              "Parallel Aware": false,
              "Relation Name": "date_dim",
              "Alias": "date_dim",
              "Startup Cost": 0.00,
              "Total Cost": 2318.11,
              "Plan Rows": 727,
              "Plan Width": 118,
              "Actual Startup Time": 10.973,
              "Actual Total Time": 21.446,
              "Actual Rows": 730,
              "Actual Loops": 1,
              "Filter": "(d_year = ANY ('{1998,1999}'::integer[]))",
              "Rows Removed by Filter": 72319
            }
          ]
        }
      ]
    },
    "Planning Time": 0.343,
    "Triggers": [
    ],
    "Execution Time": 602.294
  }
]
