[
  {
    "Plan": {
      "Node Type": "Hash Join",
      "Parallel Aware": false,
      "Join Type": "Inner",
      "Startup Cost": 3347.19,
      "Total Cost": 94788.17,
      "Plan Rows": 686,
      "Plan Width": 2073,
      "Actual Startup Time": 21.743,
      "Actual Total Time": 1337.652,
      "Actual Rows": 40857,
      "Actual Loops": 1,
      "Hash Cond": "(store_sales.ss_store_sk = store.s_store_sk)",
      "Plans": [
        {
          "Node Type": "Hash Join",
          "Parent Relationship": "Outer",
          "Parallel Aware": false,
          "Join Type": "Inner",
          "Startup Cost": 3345.85,
          "Total Cost": 94776.43,
          "Plan Rows": 1029,
          "Plan Width": 261,
          "Actual Startup Time": 21.716,
          "Actual Total Time": 1291.681,
          "Actual Rows": 41324,
          "Actual Loops": 1,
          "Hash Cond": "(store_sales.ss_hdemo_sk = household_demographics.hd_demo_sk)",
          "Plans": [
            {
              "Node Type": "Hash Join",
              "Parent Relationship": "Outer",
              "Parallel Aware": false,
              "Join Type": "Inner",
              "Startup Cost": 3142.85,
              "Total Cost": 94528.86,
              "Plan Rows": 9265,
              "Plan Width": 229,
              "Actual Startup Time": 19.039,
              "Actual Total Time": 1218.833,
              "Actual Rows": 376231,
              "Actual Loops": 1,
              "Hash Cond": "(store_sales.ss_sold_date_sk = date_dim.d_date_sk)",
              "Plans": [
                {
                  "Node Type": "Seq Scan",
                  "Parent Relationship": "Outer",
                  "Parallel Aware": false,
                  "Relation Name": "store_sales",
                  "Alias": "store_sales",
                  "Startup Cost": 0.00,
                  "Total Cost": 80497.08,
                  "Plan Rows": 2880108,
                  "Plan Width": 111,
                  "Actual Startup Time": 0.014,
                  "Actual Total Time": 444.129,
                  "Actual Rows": 2880404,
                  "Actual Loops": 1
                },
                {
                  "Node Type": "Hash",
                  "Parent Relationship": "Inner",
                  "Parallel Aware": false,
                  "Startup Cost": 3139.91,
                  "Total Cost": 3139.91,
                  "Plan Rows": 235,
                  "Plan Width": 118,
                  "Actual Startup Time": 19.016,
                  "Actual Total Time": 19.016,
                  "Actual Rows": 252,
                  "Actual Loops": 1,
                  "Hash Buckets": 1024,
                  "Original Hash Buckets": 1024,
                  "Hash Batches": 1,
                  "Original Hash Batches": 1,
                  "Peak Memory Usage": 46,
                  "Plans": [
                    {
                      "Node Type": "Seq Scan",
                      "Parent Relationship": "Outer",
                      "Parallel Aware": false,
                      "Relation Name": "date_dim",
                      "Alias": "date_dim",
                      "Startup Cost": 0.00,
                      "Total Cost": 3139.91,
                      "Plan Rows": 235,
                      "Plan Width": 118,
                      "Actual Startup Time": 9.208,
                      "Actual Total Time": 18.956,
                      "Actual Rows": 252,
                      "Actual Loops": 1,
                      "Filter": "((d_year = ANY ('{1998,1999,2000}'::integer[])) AND (((d_dom >= 1) AND (d_dom <= 3)) OR ((d_dom >= 25) AND (d_dom <= 28))))",
                      "Rows Removed by Filter": 72797
                    }
                  ]
                }
              ]
            },
            {
              "Node Type": "Hash",
              "Parent Relationship": "Inner",
              "Parallel Aware": false,
              "Startup Cost": 193.00,
              "Total Cost": 193.00,
              "Plan Rows": 800,
              "Plan Width": 32,
              "Actual Startup Time": 2.375,
              "Actual Total Time": 2.375,
              "Actual Rows": 800,
              "Actual Loops": 1,
              "Hash Buckets": 1024,
              "Original Hash Buckets": 1024,
              "Hash Batches": 1,
              "Original Hash Batches": 1,
              "Peak Memory Usage": 58,
              "Plans": [
                {
                  "Node Type": "Seq Scan",
                  "Parent Relationship": "Outer",
                  "Parallel Aware": false,
                  "Relation Name": "household_demographics",
                  "Alias": "household_demographics",
                  "Startup Cost": 0.00,
                  "Total Cost": 193.00,
                  "Plan Rows": 800,
                  "Plan Width": 32,
                  "Actual Startup Time": 1.672,
                  "Actual Total Time": 2.244,
                  "Actual Rows": 800,
                  "Actual Loops": 1,
                  "Filter": "((hd_vehicle_count > 0) AND ((hd_buy_potential = 'from500to1000'::bpchar) OR (hd_buy_potential = 'from0to500'::bpchar)))",
                  "Rows Removed by Filter": 6400
                }
              ]
            }
          ]
        },
        {
          "Node Type": "Hash",
          "Parent Relationship": "Inner",
          "Parallel Aware": false,
          "Startup Cost": 1.24,
          "Total Cost": 1.24,
          "Plan Rows": 8,
          "Plan Width": 1812,
          "Actual Startup Time": 0.020,
          "Actual Total Time": 0.020,
          "Actual Rows": 12,
          "Actual Loops": 1,
          "Hash Buckets": 1024,
          "Original Hash Buckets": 1024,
          "Hash Batches": 1,
          "Original Hash Batches": 1,
          "Peak Memory Usage": 12,
          "Plans": [
            {
              "Node Type": "Seq Scan",
              "Parent Relationship": "Outer",
              "Parallel Aware": false,
              "Relation Name": "store",
              "Alias": "store",
              "Startup Cost": 0.00,
              "Total Cost": 1.24,
              "Plan Rows": 8,
              "Plan Width": 1812,
              "Actual Startup Time": 0.008,
              "Actual Total Time": 0.015,
              "Actual Rows": 12,
              "Actual Loops": 1,
              "Filter": "((s_county)::text = ANY ('{\"Williamson County\",\"Williamson County\",\"Williamson County\",\"Williamson County\",\"Williamson County\",\"Williamson County\",\"Williamson County\",\"Williamson County\"}'::text[]))",
              "Rows Removed by Filter": 0
            }
          ]
        }
      ]
    },
    "Planning Time": 0.591,
    "Triggers": [
    ],
    "Execution Time": 1339.510
  }
]
