[
  {
    "Plan": {
      "Node Type": "Hash Join",
      "Parallel Aware": false,
      "Join Type": "Inner",
      "Startup Cost": 2501.13,
      "Total Cost": 59733.70,
      "Plan Rows": 631,
      "Plan Width": 285,
      "Actual Startup Time": 412.384,
      "Actual Total Time": 515.064,
      "Actual Rows": 48763,
      "Actual Loops": 1,
      "Hash Cond": "(catalog_sales.cs_sold_date_sk = date_dim.d_date_sk)",
      "Plans": [
        {
          "Node Type": "Seq Scan",
          "Parent Relationship": "Outer",
          "Parallel Aware": false,
          "Relation Name": "catalog_sales",
          "Alias": "catalog_sales",
          "Startup Cost": 0.00,
          "Total Cost": 51820.48,
          "Plan Rows": 1441548,
          "Plan Width": 167,
          "Actual Startup Time": 0.017,
          "Actual Total Time": 255.513,
          "Actual Rows": 1441548,
          "Actual Loops": 1
        },
        {
          "Node Type": "Hash",
          "Parent Relationship": "Inner",
          "Parallel Aware": false,
          "Startup Cost": 2500.73,
          "Total Cost": 2500.73,
          "Plan Rows": 32,
          "Plan Width": 118,
          "Actual Startup Time": 17.855,
          "Actual Total Time": 17.855,
          "Actual Rows": 31,
          "Actual Loops": 1,
          "Hash Buckets": 1024,
          "Original Hash Buckets": 1024,
          "Hash Batches": 1,
          "Original Hash Batches": 1,
          "Peak Memory Usage": 13,
          "Plans": [
            {
              "Node Type": "Seq Scan",
              "Parent Relationship": "Outer",
              "Parallel Aware": false,
              "Relation Name": "date_dim",
              "Alias": "date_dim",
              "Startup Cost": 0.00,
              "Total Cost": 2500.73,
              "Plan Rows": 32,
              "Plan Width": 118,
              "Actual Startup Time": 9.220,
              "Actual Total Time": 17.846,
              "Actual Rows": 31,
              "Actual Loops": 1,
              "Filter": "((d_moy = 12) AND (d_year = 2002))",
              "Rows Removed by Filter": 73018
            }
          ]
        }
      ]
    },
    "Planning Time": 0.230,
    "Triggers": [
    ],
    "Execution Time": 516.885
  }
]
