[
  {
    "Plan": {
      "Node Type": "Hash Join",
      "Parallel Aware": false,
      "Join Type": "Inner",
      "Startup Cost": 60468.51,
      "Total Cost": 62824.88,
      "Plan Rows": 8387,
      "Plan Width": 788,
      "Actual Startup Time": 1692.525,
      "Actual Total Time": 2484.098,
      "Actual Rows": 348892,
      "Actual Loops": 1,
      "Hash Cond": "(item.i_item_sk = catalog_sales.cs_item_sk)",
      "Plans": [
        {
          "Node Type": "Seq Scan",
          "Parent Relationship": "Outer",
          "Parallel Aware": false,
          "Relation Name": "item",
          "Alias": "item",
          "Startup Cost": 0.00,
          "Total Cost": 2160.00,
          "Plan Rows": 18000,
          "Plan Width": 503,
          "Actual Startup Time": 0.005,
          "Actual Total Time": 5.273,
          "Actual Rows": 18000,
          "Actual Loops": 1
        },
        {
          "Node Type": "Hash",
          "Parent Relationship": "Inner",
          "Parallel Aware": false,
          "Startup Cost": 60363.67,
          "Total Cost": 60363.67,
          "Plan Rows": 8387,
          "Plan Width": 285,
          "Actual Startup Time": 1691.929,
          "Actual Total Time": 1691.929,
          "Actual Rows": 348892,
          "Actual Loops": 1,
          "Hash Buckets": 16384,
          "Original Hash Buckets": 16384,
          "Hash Batches": 64,
          "Original Hash Batches": 1,
          "Peak Memory Usage": 3969,
          "Plans": [
            {
              "Node Type": "Hash Join",
              "Parent Relationship": "Outer",
              "Parallel Aware": false,
              "Join Type": "Inner",
              "Startup Cost": 3053.91,
              "Total Cost": 60363.67,
              "Plan Rows": 8387,
              "Plan Width": 285,
              "Actual Startup Time": 79.369,
              "Actual Total Time": 989.739,
              "Actual Rows": 348892,
              "Actual Loops": 1,
              "Hash Cond": "(catalog_sales.cs_sold_date_sk = date_dim.d_date_sk)",
              "Plans": [
                {
                  "Node Type": "Seq Scan",
                  "Parent Relationship": "Outer",
                  "Parallel Aware": false,
                  "Relation Name": "catalog_sales",
                  "Alias": "catalog_sales",
                  "Startup Cost": 0.00,
                  "Total Cost": 51820.48,
                  "Plan Rows": 1441548,
                  "Plan Width": 167,
                  "Actual Startup Time": 0.025,
                  "Actual Total Time": 277.716,
                  "Actual Rows": 1441548,
                  "Actual Loops": 1
                },
                {
                  "Node Type": "Hash",
                  "Parent Relationship": "Inner",
                  "Parallel Aware": false,
                  "Startup Cost": 3048.60,
                  "Total Cost": 3048.60,
                  "Plan Rows": 425,
                  "Plan Width": 118,
                  "Actual Startup Time": 26.249,
                  "Actual Total Time": 26.249,
                  "Actual Rows": 427,
                  "Actual Loops": 1,
                  "Hash Buckets": 1024,
                  "Original Hash Buckets": 1024,
                  "Hash Batches": 1,
                  "Original Hash Batches": 1,
                  "Peak Memory Usage": 73,
                  "Plans": [
                    {
                      "Node Type": "Seq Scan",
                      "Parent Relationship": "Outer",
                      "Parallel Aware": false,
                      "Relation Name": "date_dim",
                      "Alias": "date_dim",
                      "Startup Cost": 0.00,
                      "Total Cost": 3048.60,
                      "Plan Rows": 425,
                      "Plan Width": 118,
                      "Actual Startup Time": 13.022,
                      "Actual Total Time": 26.173,
                      "Actual Rows": 427,
                      "Actual Loops": 1,
                      "Filter": "((d_year = 1999) OR ((d_year = 1998) AND (d_moy = 12)) OR ((d_year = 2000) AND (d_moy = 1)))",
                      "Rows Removed by Filter": 72622
                    }
                  ]
                }
              ]
            }
          ]
        }
      ]
    },
    "Planning Time": 0.545,
    "Triggers": [
    ],
    "Execution Time": 2498.058
  }
]
