[
  {
    "Plan": {
      "Node Type": "Hash Join",
      "Parallel Aware": false,
      "Join Type": "Inner",
      "Startup Cost": 6064.91,
      "Total Cost": 103443.36,
      "Plan Rows": 57327,
      "Plan Width": 732,
      "Actual Startup Time": 38.975,
      "Actual Total Time": 9792.791,
      "Actual Rows": 2193642,
      "Actual Loops": 1,
      "Hash Cond": "(store_sales.ss_item_sk = item.i_item_sk)",
      "Plans": [
        {
          "Node Type": "Hash Join",
          "Parent Relationship": "Outer",
          "Parallel Aware": false,
          "Join Type": "Inner",
          "Startup Cost": 2518.91,
          "Total Cost": 94364.12,
          "Plan Rows": 57327,
          "Plan Width": 229,
          "Actual Startup Time": 20.425,
          "Actual Total Time": 3588.898,
          "Actual Rows": 2193642,
          "Actual Loops": 1,
          "Hash Cond": "(store_sales.ss_sold_date_sk = date_dim.d_date_sk)",
          "Plans": [
            {
              "Node Type": "Seq Scan",
              "Parent Relationship": "Outer",
              "Parallel Aware": false,
              "Relation Name": "store_sales",
              "Alias": "store_sales",
              "Startup Cost": 0.00,
              "Total Cost": 80497.08,
              "Plan Rows": 2880108,
              "Plan Width": 111,
              "Actual Startup Time": 0.019,
              "Actual Total Time": 578.863,
              "Actual Rows": 2880404,
              "Actual Loops": 1
            },
            {
              "Node Type": "Hash",
              "Parent Relationship": "Inner",
              "Parallel Aware": false,
              "Startup Cost": 2500.73,
              "Total Cost": 2500.73,
              "Plan Rows": 1454,
              "Plan Width": 118,
              "Actual Startup Time": 20.386,
              "Actual Total Time": 20.386,
              "Actual Rows": 1461,
              "Actual Loops": 1,
              "Hash Buckets": 2048,
              "Original Hash Buckets": 2048,
              "Hash Batches": 1,
              "Original Hash Batches": 1,
              "Peak Memory Usage": 236,
              "Plans": [
                {
                  "Node Type": "Seq Scan",
                  "Parent Relationship": "Outer",
                  "Parallel Aware": false,
                  "Relation Name": "date_dim",
                  "Alias": "date_dim",
                  "Startup Cost": 0.00,
                  "Total Cost": 2500.73,
                  "Plan Rows": 1454,
                  "Plan Width": 118,
                  "Actual Startup Time": 10.247,
                  "Actual Total Time": 20.128,
                  "Actual Rows": 1461,
                  "Actual Loops": 1,
                  "Filter": "(d_year = ANY ('{1999,2000,2001,2002}'::integer[]))",
                  "Rows Removed by Filter": 71588
                }
              ]
            }
          ]
        },
        {
          "Node Type": "Hash",
          "Parent Relationship": "Inner",
          "Parallel Aware": false,
          "Startup Cost": 2160.00,
          "Total Cost": 2160.00,
          "Plan Rows": 18000,
          "Plan Width": 503,
          "Actual Startup Time": 18.455,
          "Actual Total Time": 18.455,
          "Actual Rows": 18000,
          "Actual Loops": 1,
          "Hash Buckets": 8192,
          "Original Hash Buckets": 8192,
          "Hash Batches": 4,
          "Original Hash Batches": 4,
          "Peak Memory Usage": 2474,
          "Plans": [
            {
              "Node Type": "Seq Scan",
              "Parent Relationship": "Outer",
              "Parallel Aware": false,
              "Relation Name": "item",
              "Alias": "item",
              "Startup Cost": 0.00,
              "Total Cost": 2160.00,
              "Plan Rows": 18000,
              "Plan Width": 503,
              "Actual Startup Time": 0.008,
              "Actual Total Time": 4.613,
              "Actual Rows": 18000,
              "Actual Loops": 1
            }
          ]
        }
      ]
    },
    "Planning Time": 0.625,
    "Triggers": [
    ],
    "Execution Time": 9878.108
  }
]
