[
  {
    "Plan": {
      "Node Type": "Hash Join",
      "Parallel Aware": false,
      "Join Type": "Inner",
      "Startup Cost": 6055.86,
      "Total Cost": 65882.60,
      "Plan Rows": 14406,
      "Plan Width": 788,
      "Actual Startup Time": 95.852,
      "Actual Total Time": 4505.364,
      "Actual Rows": 859935,
      "Actual Loops": 1,
      "Hash Cond": "(catalog_sales.cs_item_sk = ics.i_item_sk)",
      "Plans": [
        {
          "Node Type": "Hash Join",
          "Parent Relationship": "Outer",
          "Parallel Aware": false,
          "Join Type": "Inner",
          "Startup Cost": 2509.86,
          "Total Cost": 59879.51,
          "Plan Rows": 14406,
          "Plan Width": 285,
          "Actual Startup Time": 76.927,
          "Actual Total Time": 1714.172,
          "Actual Rows": 859935,
          "Actual Loops": 1,
          "Hash Cond": "(catalog_sales.cs_sold_date_sk = d2.d_date_sk)",
          "Plans": [
            {
              "Node Type": "Seq Scan",
              "Parent Relationship": "Outer",
              "Parallel Aware": false,
              "Relation Name": "catalog_sales",
              "Alias": "catalog_sales",
              "Startup Cost": 0.00,
              "Total Cost": 51820.48,
              "Plan Rows": 1441548,
              "Plan Width": 167,
              "Actual Startup Time": 0.027,
              "Actual Total Time": 325.307,
              "Actual Rows": 1441548,
              "Actual Loops": 1
            },
            {
              "Node Type": "Hash",
              "Parent Relationship": "Inner",
              "Parallel Aware": false,
              "Startup Cost": 2500.73,
              "Total Cost": 2500.73,
              "Plan Rows": 730,
              "Plan Width": 118,
              "Actual Startup Time": 18.603,
              "Actual Total Time": 18.603,
              "Actual Rows": 1096,
              "Actual Loops": 1,
              "Hash Buckets": 2048,
              "Original Hash Buckets": 1024,
              "Hash Batches": 1,
              "Original Hash Batches": 1,
              "Peak Memory Usage": 181,
              "Plans": [
                {
                  "Node Type": "Seq Scan",
                  "Parent Relationship": "Outer",
                  "Parallel Aware": false,
                  "Relation Name": "date_dim",
                  "Alias": "d2",
                  "Startup Cost": 0.00,
                  "Total Cost": 2500.73,
                  "Plan Rows": 730,
                  "Plan Width": 118,
                  "Actual Startup Time": 8.222,
                  "Actual Total Time": 18.377,
                  "Actual Rows": 1096,
                  "Actual Loops": 1,
                  "Filter": "((d_year >= 1999) AND (d_year <= 2001))",
                  "Rows Removed by Filter": 71953
                }
              ]
            }
          ]
        },
        {
          "Node Type": "Hash",
          "Parent Relationship": "Inner",
          "Parallel Aware": false,
          "Startup Cost": 2160.00,
          "Total Cost": 2160.00,
          "Plan Rows": 18000,
          "Plan Width": 503,
          "Actual Startup Time": 18.369,
          "Actual Total Time": 18.369,
          "Actual Rows": 18000,
          "Actual Loops": 1,
          "Hash Buckets": 8192,
          "Original Hash Buckets": 8192,
          "Hash Batches": 4,
          "Original Hash Batches": 4,
          "Peak Memory Usage": 2475,
          "Plans": [
            {
              "Node Type": "Seq Scan",
              "Parent Relationship": "Outer",
              "Parallel Aware": false,
              "Relation Name": "item",
              "Alias": "ics",
              "Startup Cost": 0.00,
              "Total Cost": 2160.00,
              "Plan Rows": 18000,
              "Plan Width": 503,
              "Actual Startup Time": 0.007,
              "Actual Total Time": 4.770,
              "Actual Rows": 18000,
              "Actual Loops": 1
            }
          ]
        }
      ]
    },
    "Planning Time": 0.536,
    "Triggers": [
    ],
    "Execution Time": 4539.559
  }
]
