[
  {
    "Plan": {
      "Node Type": "Hash Join",
      "Parallel Aware": false,
      "Join Type": "Inner",
      "Startup Cost": 31330.13,
      "Total Cost": 33674.52,
      "Plan Rows": 7189,
      "Plan Width": 788,
      "Actual Startup Time": 1788.802,
      "Actual Total Time": 2789.629,
      "Actual Rows": 432058,
      "Actual Loops": 1,
      "Hash Cond": "(iws.i_item_sk = web_sales.ws_item_sk)",
      "Plans": [
        {
          "Node Type": "Seq Scan",
          "Parent Relationship": "Outer",
          "Parallel Aware": false,
          "Relation Name": "item",
          "Alias": "iws",
          "Startup Cost": 0.00,
          "Total Cost": 2160.00,
          "Plan Rows": 18000,
          "Plan Width": 503,
          "Actual Startup Time": 0.010,
          "Actual Total Time": 3.809,
          "Actual Rows": 18000,
          "Actual Loops": 1
        },
        {
          "Node Type": "Hash",
          "Parent Relationship": "Inner",
          "Parallel Aware": false,
          "Startup Cost": 31240.27,
          "Total Cost": 31240.27,
          "Plan Rows": 7189,
          "Plan Width": 285,
          "Actual Startup Time": 1787.891,
          "Actual Total Time": 1787.891,
          "Actual Rows": 432058,
          "Actual Loops": 1,
          "Hash Buckets": 16384,
          "Original Hash Buckets": 8192,
          "Hash Batches": 64,
          "Original Hash Batches": 1,
          "Peak Memory Usage": 3969,
          "Plans": [
            {
              "Node Type": "Hash Join",
              "Parent Relationship": "Outer",
              "Parallel Aware": false,
              "Join Type": "Inner",
              "Startup Cost": 2509.86,
              "Total Cost": 31240.27,
              "Plan Rows": 7189,
              "Plan Width": 285,
              "Actual Startup Time": 20.387,
              "Actual Total Time": 912.235,
              "Actual Rows": 432058,
              "Actual Loops": 1,
              "Hash Cond": "(web_sales.ws_sold_date_sk = d3.d_date_sk)",
              "Plans": [
                {
                  "Node Type": "Seq Scan",
                  "Parent Relationship": "Outer",
                  "Parallel Aware": false,
                  "Relation Name": "web_sales",
                  "Alias": "web_sales",
                  "Startup Cost": 0.00,
                  "Total Cost": 25960.84,
                  "Plan Rows": 719384,
                  "Plan Width": 167,
                  "Actual Startup Time": 0.027,
                  "Actual Total Time": 170.986,
                  "Actual Rows": 719384,
                  "Actual Loops": 1
                },
                {
                  "Node Type": "Hash",
                  "Parent Relationship": "Inner",
                  "Parallel Aware": false,
                  "Startup Cost": 2500.73,
                  "Total Cost": 2500.73,
                  "Plan Rows": 730,
                  "Plan Width": 118,
                  "Actual Startup Time": 20.348,
                  "Actual Total Time": 20.348,
                  "Actual Rows": 1096,
                  "Actual Loops": 1,
                  "Hash Buckets": 2048,
                  "Original Hash Buckets": 1024,
                  "Hash Batches": 1,
                  "Original Hash Batches": 1,
                  "Peak Memory Usage": 181,
                  "Plans": [
                    {
                      "Node Type": "Seq Scan",
                      "Parent Relationship": "Outer",
                      "Parallel Aware": false,
                      "Relation Name": "date_dim",
                      "Alias": "d3",
                      "Startup Cost": 0.00,
                      "Total Cost": 2500.73,
                      "Plan Rows": 730,
                      "Plan Width": 118,
                      "Actual Startup Time": 9.814,
                      "Actual Total Time": 20.035,
                      "Actual Rows": 1096,
                      "Actual Loops": 1,
                      "Filter": "((d_year >= 1999) AND (d_year <= 2001))",
                      "Rows Removed by Filter": 71953
                    }
                  ]
                }
              ]
            }
          ]
        }
      ]
    },
    "Planning Time": 0.663,
    "Triggers": [
    ],
    "Execution Time": 2807.223
  }
]
