[
  {
    "Plan": {
      "Node Type": "Hash Join",
      "Parallel Aware": false,
      "Join Type": "Inner",
      "Startup Cost": 93824.68,
      "Total Cost": 96064.01,
      "Plan Rows": 1183,
      "Plan Width": 732,
      "Actual Startup Time": 1126.972,
      "Actual Total Time": 1298.429,
      "Actual Rows": 88295,
      "Actual Loops": 1,
      "Hash Cond": "(item.i_item_sk = store_sales.ss_item_sk)",
      "Plans": [
        {
          "Node Type": "Seq Scan",
          "Parent Relationship": "Outer",
          "Parallel Aware": false,
          "Relation Name": "item",
          "Alias": "item",
          "Startup Cost": 0.00,
          "Total Cost": 2160.00,
          "Plan Rows": 18000,
          "Plan Width": 503,
          "Actual Startup Time": 0.006,
          "Actual Total Time": 4.940,
          "Actual Rows": 18000,
          "Actual Loops": 1
        },
        {
          "Node Type": "Hash",
          "Parent Relationship": "Inner",
          "Parallel Aware": false,
          "Startup Cost": 93809.90,
          "Total Cost": 93809.90,
          "Plan Rows": 1183,
          "Plan Width": 229,
          "Actual Startup Time": 1126.808,
          "Actual Total Time": 1126.808,
          "Actual Rows": 88295,
          "Actual Loops": 1,
          "Hash Buckets": 16384,
          "Original Hash Buckets": 2048,
          "Hash Batches": 8,
          "Original Hash Batches": 1,
          "Peak Memory Usage": 3969,
          "Plans": [
            {
              "Node Type": "Hash Join",
              "Parent Relationship": "Outer",
              "Parallel Aware": false,
              "Join Type": "Inner",
              "Startup Cost": 2501.11,
              "Total Cost": 93809.90,
              "Plan Rows": 1183,
              "Plan Width": 229,
              "Actual Startup Time": 16.794,
              "Actual Total Time": 978.535,
              "Actual Rows": 88295,
              "Actual Loops": 1,
              "Hash Cond": "(store_sales.ss_sold_date_sk = date_dim.d_date_sk)",
              "Plans": [
                {
                  "Node Type": "Seq Scan",
                  "Parent Relationship": "Outer",
                  "Parallel Aware": false,
                  "Relation Name": "store_sales",
                  "Alias": "store_sales",
                  "Startup Cost": 0.00,
                  "Total Cost": 80497.08,
                  "Plan Rows": 2880108,
                  "Plan Width": 111,
                  "Actual Startup Time": 0.016,
                  "Actual Total Time": 467.429,
                  "Actual Rows": 2880404,
                  "Actual Loops": 1
                },
                {
                  "Node Type": "Hash",
                  "Parent Relationship": "Inner",
                  "Parallel Aware": false,
                  "Startup Cost": 2500.73,
                  "Total Cost": 2500.73,
                  "Plan Rows": 30,
                  "Plan Width": 118,
                  "Actual Startup Time": 16.576,
                  "Actual Total Time": 16.576,
                  "Actual Rows": 30,
                  "Actual Loops": 1,
                  "Hash Buckets": 1024,
                  "Original Hash Buckets": 1024,
                  "Hash Batches": 1,
                  "Original Hash Batches": 1,
                  "Peak Memory Usage": 13,
                  "Plans": [
                    {
                      "Node Type": "Seq Scan",
                      "Parent Relationship": "Outer",
                      "Parallel Aware": false,
                      "Relation Name": "date_dim",
                      "Alias": "date_dim",
                      "Startup Cost": 0.00,
                      "Total Cost": 2500.73,
                      "Plan Rows": 30,
                      "Plan Width": 118,
                      "Actual Startup Time": 8.523,
                      "Actual Total Time": 16.562,
                      "Actual Rows": 30,
                      "Actual Loops": 1,
                      "Filter": "((d_year = 2002) AND (d_moy = 11))",
                      "Rows Removed by Filter": 73019
                    }
                  ]
                }
              ]
            }
          ]
        }
      ]
    },
    "Planning Time": 0.455,
    "Triggers": [
    ],
    "Execution Time": 1301.855
  }
]
