[
  {
    "Plan": {
      "Node Type": "Hash Join",
      "Parallel Aware": false,
      "Join Type": "Inner",
      "Startup Cost": 31166.28,
      "Total Cost": 33396.73,
      "Plan Rows": 295,
      "Plan Width": 788,
      "Actual Startup Time": 328.871,
      "Actual Total Time": 403.218,
      "Actual Rows": 23789,
      "Actual Loops": 1,
      "Hash Cond": "(item.i_item_sk = web_sales.ws_item_sk)",
      "Plans": [
        {
          "Node Type": "Seq Scan",
          "Parent Relationship": "Outer",
          "Parallel Aware": false,
          "Relation Name": "item",
          "Alias": "item",
          "Startup Cost": 0.00,
          "Total Cost": 2160.00,
          "Plan Rows": 18000,
          "Plan Width": 503,
          "Actual Startup Time": 0.007,
          "Actual Total Time": 5.182,
          "Actual Rows": 18000,
          "Actual Loops": 1
        },
        {
          "Node Type": "Hash",
          "Parent Relationship": "Inner",
          "Parallel Aware": false,
          "Startup Cost": 31162.59,
          "Total Cost": 31162.59,
          "Plan Rows": 295,
          "Plan Width": 285,
          "Actual Startup Time": 328.812,
          "Actual Total Time": 328.812,
          "Actual Rows": 23789,
          "Actual Loops": 1,
          "Hash Buckets": 16384,
          "Original Hash Buckets": 1024,
          "Hash Batches": 2,
          "Original Hash Batches": 1,
          "Peak Memory Usage": 4018,
          "Plans": [
            {
              "Node Type": "Hash Join",
              "Parent Relationship": "Outer",
              "Parallel Aware": false,
              "Join Type": "Inner",
              "Startup Cost": 2501.11,
              "Total Cost": 31162.59,
              "Plan Rows": 295,
              "Plan Width": 285,
              "Actual Startup Time": 20.712,
              "Actual Total Time": 287.104,
              "Actual Rows": 23789,
              "Actual Loops": 1,
              "Hash Cond": "(web_sales.ws_sold_date_sk = date_dim.d_date_sk)",
              "Plans": [
                {
                  "Node Type": "Seq Scan",
                  "Parent Relationship": "Outer",
                  "Parallel Aware": false,
                  "Relation Name": "web_sales",
                  "Alias": "web_sales",
                  "Startup Cost": 0.00,
                  "Total Cost": 25960.84,
                  "Plan Rows": 719384,
                  "Plan Width": 167,
                  "Actual Startup Time": 0.018,
                  "Actual Total Time": 136.905,
                  "Actual Rows": 719384,
                  "Actual Loops": 1
                },
                {
                  "Node Type": "Hash",
                  "Parent Relationship": "Inner",
                  "Parallel Aware": false,
                  "Startup Cost": 2500.73,
                  "Total Cost": 2500.73,
                  "Plan Rows": 30,
                  "Plan Width": 118,
                  "Actual Startup Time": 20.582,
                  "Actual Total Time": 20.582,
                  "Actual Rows": 30,
                  "Actual Loops": 1,
                  "Hash Buckets": 1024,
                  "Original Hash Buckets": 1024,
                  "Hash Batches": 1,
                  "Original Hash Batches": 1,
                  "Peak Memory Usage": 13,
                  "Plans": [
                    {
                      "Node Type": "Seq Scan",
                      "Parent Relationship": "Outer",
                      "Parallel Aware": false,
                      "Relation Name": "date_dim",
                      "Alias": "date_dim",
                      "Startup Cost": 0.00,
                      "Total Cost": 2500.73,
                      "Plan Rows": 30,
                      "Plan Width": 118,
                      "Actual Startup Time": 12.397,
                      "Actual Total Time": 20.568,
                      "Actual Rows": 30,
                      "Actual Loops": 1,
                      "Filter": "((d_year = 2002) AND (d_moy = 11))",
                      "Rows Removed by Filter": 73019
                    }
                  ]
                }
              ]
            }
          ]
        }
      ]
    },
    "Planning Time": 0.670,
    "Triggers": [
    ],
    "Execution Time": 404.498
  }
]
