[
  {
    "Plan": {
      "Node Type": "Hash Join",
      "Parallel Aware": false,
      "Join Type": "Inner",
      "Startup Cost": 63433.95,
      "Total Cost": 122699.10,
      "Plan Rows": 1955,
      "Plan Width": 781,
      "Actual Startup Time": 710.622,
      "Actual Total Time": 1287.579,
      "Actual Rows": 1964,
      "Actual Loops": 1,
      "Hash Cond": "(catalog_sales.cs_promo_sk = promotion.p_promo_sk)",
      "Plans": [
        {
          "Node Type": "Hash Join",
          "Parent Relationship": "Outer",
          "Parallel Aware": false,
          "Join Type": "Inner",
          "Startup Cost": 63417.70,
          "Total Cost": 122656.06,
          "Plan Rows": 1955,
          "Plan Width": 613,
          "Actual Startup Time": 710.319,
          "Actual Total Time": 1284.858,
          "Actual Rows": 1976,
          "Actual Loops": 1,
          "Hash Cond": "(catalog_sales.cs_bill_customer_sk = customer.c_customer_sk)",
          "Plans": [
            {
              "Node Type": "Hash Join",
              "Parent Relationship": "Outer",
              "Parallel Aware": false,
              "Join Type": "Inner",
              "Startup Cost": 55778.31,
              "Total Cost": 113205.50,
              "Plan Rows": 20192,
              "Plan Width": 223,
              "Actual Startup Time": 575.915,
              "Actual Total Time": 1149.781,
              "Actual Rows": 20139,
              "Actual Loops": 1,
              "Hash Cond": "(catalog_sales.cs_bill_cdemo_sk = customer_demographics.cd_demo_sk)",
              "Plans": [
                {
                  "Node Type": "Seq Scan",
                  "Parent Relationship": "Outer",
                  "Parallel Aware": false,
                  "Relation Name": "catalog_sales",
                  "Alias": "catalog_sales",
                  "Startup Cost": 0.00,
                  "Total Cost": 51820.48,
                  "Plan Rows": 1441548,
                  "Plan Width": 167,
                  "Actual Startup Time": 0.015,
                  "Actual Total Time": 270.794,
                  "Actual Rows": 1441548,
                  "Actual Loops": 1
                },
                {
                  "Node Type": "Hash",
                  "Parent Relationship": "Inner",
                  "Parallel Aware": false,
                  "Startup Cost": 55442.00,
                  "Total Cost": 55442.00,
                  "Plan Rows": 26905,
                  "Plan Width": 56,
                  "Actual Startup Time": 575.780,
                  "Actual Total Time": 575.780,
                  "Actual Rows": 27440,
                  "Actual Loops": 1,
                  "Hash Buckets": 32768,
                  "Original Hash Buckets": 32768,
                  "Hash Batches": 1,
                  "Original Hash Batches": 1,
                  "Peak Memory Usage": 2722,
                  "Plans": [
                    {
                      "Node Type": "Seq Scan",
                      "Parent Relationship": "Outer",
                      "Parallel Aware": false,
                      "Relation Name": "customer_demographics",
                      "Alias": "customer_demographics",
                      "Startup Cost": 0.00,
                      "Total Cost": 55442.00,
                      "Plan Rows": 26905,
                      "Plan Width": 56,
                      "Actual Startup Time": 0.023,
                      "Actual Total Time": 565.671,
                      "Actual Rows": 27440,
                      "Actual Loops": 1,
                      "Filter": "((cd_gender = 'F'::bpchar) AND (cd_marital_status = 'D'::bpchar) AND (cd_education_status = '4 yr Degree'::bpchar))",
                      "Rows Removed by Filter": 1893360
                    }
                  ]
                }
              ]
            },
            {
              "Node Type": "Hash",
              "Parent Relationship": "Inner",
              "Parallel Aware": false,
              "Startup Cost": 7026.37,
              "Total Cost": 7026.37,
              "Plan Rows": 9681,
              "Plan Width": 390,
              "Actual Startup Time": 110.764,
              "Actual Total Time": 110.764,
              "Actual Rows": 9649,
              "Actual Loops": 1,
              "Hash Buckets": 16384,
              "Original Hash Buckets": 16384,
              "Hash Batches": 2,
              "Original Hash Batches": 2,
              "Peak Memory Usage": 1946,
              "Plans": [
                {
                  "Node Type": "Hash Join",
                  "Parent Relationship": "Outer",
                  "Parallel Aware": false,
                  "Join Type": "Inner",
                  "Startup Cost": 2148.31,
                  "Total Cost": 7026.37,
                  "Plan Rows": 9681,
                  "Plan Width": 390,
                  "Actual Startup Time": 41.409,
                  "Actual Total Time": 98.904,
                  "Actual Rows": 9649,
                  "Actual Loops": 1,
                  "Hash Cond": "(customer.c_current_addr_sk = customer_address.ca_address_sk)",
                  "Plans": [
                    {
                      "Node Type": "Seq Scan",
                      "Parent Relationship": "Outer",
                      "Parallel Aware": false,
                      "Relation Name": "customer",
                      "Alias": "customer",
                      "Startup Cost": 0.00,
                      "Total Cost": 4598.00,
                      "Plan Rows": 48867,
                      "Plan Width": 245,
                      "Actual Startup Time": 0.008,
                      "Actual Total Time": 40.516,
                      "Actual Rows": 48616,
                      "Actual Loops": 1,
                      "Filter": "(c_birth_month = ANY ('{6,5,12,4,3,7}'::integer[]))",
                      "Rows Removed by Filter": 51384
                    },
                    {
                      "Node Type": "Hash",
                      "Parent Relationship": "Inner",
                      "Parallel Aware": false,
                      "Startup Cost": 2024.50,
                      "Total Cost": 2024.50,
                      "Plan Rows": 9905,
                      "Plan Width": 145,
                      "Actual Startup Time": 41.380,
                      "Actual Total Time": 41.380,
                      "Actual Rows": 9924,
                      "Actual Loops": 1,
                      "Hash Buckets": 16384,
                      "Original Hash Buckets": 16384,
                      "Hash Batches": 1,
                      "Original Hash Batches": 1,
                      "Peak Memory Usage": 1850,
                      "Plans": [
                        {
                          "Node Type": "Seq Scan",
                          "Parent Relationship": "Outer",
                          "Parallel Aware": false,
                          "Relation Name": "customer_address",
                          "Alias": "customer_address",
                          "Startup Cost": 0.00,
                          "Total Cost": 2024.50,
                          "Plan Rows": 9905,
                          "Plan Width": 145,
                          "Actual Startup Time": 0.009,
                          "Actual Total Time": 38.535,
                          "Actual Rows": 9924,
                          "Actual Loops": 1,
                          "Filter": "(ca_state = ANY ('{TN,IL,GA,MO,CO,OH,NM}'::bpchar[]))",
                          "Rows Removed by Filter": 40076
                        }
                      ]
                    }
                  ]
                }
              ]
            }
          ]
        },
        {
          "Node Type": "Hash",
          "Parent Relationship": "Inner",
          "Parallel Aware": false,
          "Startup Cost": 12.50,
          "Total Cost": 12.50,
          "Plan Rows": 300,
          "Plan Width": 168,
          "Actual Startup Time": 0.293,
          "Actual Total Time": 0.293,
          "Actual Rows": 299,
          "Actual Loops": 1,
          "Hash Buckets": 1024,
          "Original Hash Buckets": 1024,
          "Hash Batches": 1,
          "Original Hash Batches": 1,
          "Peak Memory Usage": 68,
          "Plans": [
            {
              "Node Type": "Seq Scan",
              "Parent Relationship": "Outer",
              "Parallel Aware": false,
              "Relation Name": "promotion",
              "Alias": "promotion",
              "Startup Cost": 0.00,
              "Total Cost": 12.50,
              "Plan Rows": 300,
              "Plan Width": 168,
              "Actual Startup Time": 0.015,
              "Actual Total Time": 0.214,
              "Actual Rows": 299,
              "Actual Loops": 1,
              "Filter": "((p_channel_email = 'N'::bpchar) OR (p_channel_event = 'N'::bpchar))",
              "Rows Removed by Filter": 1
            }
          ]
        }
      ]
    },
    "Planning Time": 1.415,
    "Triggers": [
    ],
    "Execution Time": 1288.162
  }
]
