[
  {
    "Plan": {
      "Node Type": "Hash Join",
      "Parallel Aware": false,
      "Join Type": "Inner",
      "Startup Cost": 8936.90,
      "Total Cost": 45534.68,
      "Plan Rows": 3356,
      "Plan Width": 941,
      "Actual Startup Time": 91.547,
      "Actual Total Time": 623.775,
      "Actual Rows": 6502,
      "Actual Loops": 1,
      "Hash Cond": "(web_sales.ws_ship_addr_sk = customer_address.ca_address_sk)",
      "Plans": [
        {
          "Node Type": "Hash Join",
          "Parent Relationship": "Outer",
          "Parallel Aware": false,
          "Join Type": "Inner",
          "Startup Cost": 6477.08,
          "Total Cost": 41003.69,
          "Plan Rows": 7633,
          "Plan Width": 796,
          "Actual Startup Time": 61.340,
          "Actual Total Time": 561.063,
          "Actual Rows": 14860,
          "Actual Loops": 1,
          "Hash Cond": "(web_sales.ws_sold_time_sk = time_dim.t_time_sk)",
          "Plans": [
            {
              "Node Type": "Hash Join",
              "Parent Relationship": "Outer",
              "Parallel Aware": false,
              "Join Type": "Inner",
              "Startup Cost": 2976.14,
              "Total Cost": 32853.32,
              "Plan Rows": 22966,
              "Plan Width": 693,
              "Actual Startup Time": 34.593,
              "Actual Total Time": 466.970,
              "Actual Rows": 32582,
              "Actual Loops": 1,
              "Hash Cond": "(web_sales.ws_sold_date_sk = date_dim.d_date_sk)",
              "Plans": [
                {
                  "Node Type": "Hash Join",
                  "Parent Relationship": "Outer",
                  "Parallel Aware": false,
                  "Join Type": "Inner",
                  "Startup Cost": 1.27,
                  "Total Cost": 29379.06,
                  "Plan Rows": 71938,
                  "Plan Width": 575,
                  "Actual Startup Time": 0.050,
                  "Actual Total Time": 383.855,
                  "Actual Rows": 71718,
                  "Actual Loops": 1,
                  "Hash Cond": "(web_sales.ws_ship_mode_sk = ship_mode.sm_ship_mode_sk)",
                  "Plans": [
                    {
                      "Node Type": "Seq Scan",
                      "Parent Relationship": "Outer",
                      "Parallel Aware": false,
                      "Relation Name": "web_sales",
                      "Alias": "web_sales",
                      "Startup Cost": 0.00,
                      "Total Cost": 25960.84,
                      "Plan Rows": 719384,
                      "Plan Width": 167,
                      "Actual Startup Time": 0.016,
                      "Actual Total Time": 140.462,
                      "Actual Rows": 719384,
                      "Actual Loops": 1
                    },
                    {
                      "Node Type": "Hash",
                      "Parent Relationship": "Inner",
                      "Parallel Aware": false,
                      "Startup Cost": 1.25,
                      "Total Cost": 1.25,
                      "Plan Rows": 2,
                      "Plan Width": 408,
                      "Actual Startup Time": 0.017,
                      "Actual Total Time": 0.017,
                      "Actual Rows": 2,
                      "Actual Loops": 1,
                      "Hash Buckets": 1024,
                      "Original Hash Buckets": 1024,
                      "Hash Batches": 1,
                      "Original Hash Batches": 1,
                      "Peak Memory Usage": 9,
                      "Plans": [
                        {
                          "Node Type": "Seq Scan",
                          "Parent Relationship": "Outer",
                          "Parallel Aware": false,
                          "Relation Name": "ship_mode",
                          "Alias": "ship_mode",
                          "Startup Cost": 0.00,
                          "Total Cost": 1.25,
                          "Plan Rows": 2,
                          "Plan Width": 408,
                          "Actual Startup Time": 0.011,
                          "Actual Total Time": 0.016,
                          "Actual Rows": 2,
                          "Actual Loops": 1,
                          "Filter": "(sm_carrier = ANY ('{DIAMOND,ZOUROS}'::bpchar[]))",
                          "Rows Removed by Filter": 18
                        }
                      ]
                    }
                  ]
                },
                {
                  "Node Type": "Hash",
                  "Parent Relationship": "Inner",
                  "Parallel Aware": false,
                  "Startup Cost": 2683.36,
                  "Total Cost": 2683.36,
                  "Plan Rows": 23321,
                  "Plan Width": 118,
                  "Actual Startup Time": 34.527,
                  "Actual Total Time": 34.527,
                  "Actual Rows": 24643,
                  "Actual Loops": 1,
                  "Hash Buckets": 32768,
                  "Original Hash Buckets": 32768,
                  "Hash Batches": 1,
                  "Original Hash Batches": 1,
                  "Peak Memory Usage": 3963,
                  "Plans": [
                    {
                      "Node Type": "Seq Scan",
                      "Parent Relationship": "Outer",
                      "Parallel Aware": false,
                      "Relation Name": "date_dim",
                      "Alias": "date_dim",
                      "Startup Cost": 0.00,
                      "Total Cost": 2683.36,
                      "Plan Rows": 23321,
                      "Plan Width": 118,
                      "Actual Startup Time": 0.041,
                      "Actual Total Time": 28.699,
                      "Actual Rows": 24643,
                      "Actual Loops": 1,
                      "Filter": "((d_year = 1999) OR (d_qoy = 2) OR (d_moy = 12))",
                      "Rows Removed by Filter": 48406
                    }
                  ]
                }
              ]
            },
            {
              "Node Type": "Hash",
              "Parent Relationship": "Inner",
              "Parallel Aware": false,
              "Startup Cost": 2693.00,
              "Total Cost": 2693.00,
              "Plan Rows": 28715,
              "Plan Width": 103,
              "Actual Startup Time": 26.713,
              "Actual Total Time": 26.713,
              "Actual Rows": 28801,
              "Actual Loops": 1,
              "Hash Buckets": 32768,
              "Original Hash Buckets": 32768,
              "Hash Batches": 2,
              "Original Hash Batches": 2,
              "Peak Memory Usage": 2156,
              "Plans": [
                {
                  "Node Type": "Seq Scan",
                  "Parent Relationship": "Outer",
                  "Parallel Aware": false,
                  "Relation Name": "time_dim",
                  "Alias": "time_dim",
                  "Startup Cost": 0.00,
                  "Total Cost": 2693.00,
                  "Plan Rows": 28715,
                  "Plan Width": 103,
                  "Actual Startup Time": 8.097,
                  "Actual Total Time": 20.076,
                  "Actual Rows": 28801,
                  "Actual Loops": 1,
                  "Filter": "((t_time >= 46185) AND (t_time <= 74985))",
                  "Rows Removed by Filter": 57599
                }
              ]
            }
          ]
        },
        {
          "Node Type": "Hash",
          "Parent Relationship": "Inner",
          "Parallel Aware": false,
          "Startup Cost": 1712.00,
          "Total Cost": 1712.00,
          "Plan Rows": 21985,
          "Plan Width": 145,
          "Actual Startup Time": 29.198,
          "Actual Total Time": 29.199,
          "Actual Rows": 21901,
          "Actual Loops": 1,
          "Hash Buckets": 32768,
          "Original Hash Buckets": 32768,
          "Hash Batches": 2,
          "Original Hash Batches": 2,
          "Peak Memory Usage": 2192,
          "Plans": [
            {
              "Node Type": "Seq Scan",
              "Parent Relationship": "Outer",
              "Parallel Aware": false,
              "Relation Name": "customer_address",
              "Alias": "customer_address",
              "Startup Cost": 0.00,
              "Total Cost": 1712.00,
              "Plan Rows": 21985,
              "Plan Width": 145,
              "Actual Startup Time": 0.019,
              "Actual Total Time": 23.035,
              "Actual Rows": 21901,
              "Actual Loops": 1,
              "Filter": "(ca_gmt_offset = '-6'::numeric)",
              "Rows Removed by Filter": 28099
            }
          ]
        }
      ]
    },
    "Planning Time": 1.202,
    "Triggers": [
    ],
    "Execution Time": 624.572
  }
]
