[
  {
    "Plan": {
      "Node Type": "Hash Join",
      "Parallel Aware": false,
      "Join Type": "Inner",
      "Startup Cost": 2227.94,
      "Total Cost": 60923.80,
      "Plan Rows": 146958,
      "Plan Width": 670,
      "Actual Startup Time": 11.172,
      "Actual Total Time": 845.467,
      "Actual Rows": 147272,
      "Actual Loops": 1,
      "Hash Cond": "(catalog_sales.cs_item_sk = item.i_item_sk)",
      "Plans": [
        {
          "Node Type": "Seq Scan",
          "Parent Relationship": "Outer",
          "Parallel Aware": false,
          "Relation Name": "catalog_sales",
          "Alias": "catalog_sales",
          "Startup Cost": 0.00,
          "Total Cost": 51820.48,
          "Plan Rows": 1441548,
          "Plan Width": 167,
          "Actual Startup Time": 0.017,
          "Actual Total Time": 261.144,
          "Actual Rows": 1441548,
          "Actual Loops": 1
        },
        {
          "Node Type": "Hash",
          "Parent Relationship": "Inner",
          "Parallel Aware": false,
          "Startup Cost": 2205.00,
          "Total Cost": 2205.00,
          "Plan Rows": 1835,
          "Plan Width": 503,
          "Actual Startup Time": 11.139,
          "Actual Total Time": 11.139,
          "Actual Rows": 1835,
          "Actual Loops": 1,
          "Hash Buckets": 2048,
          "Original Hash Buckets": 2048,
          "Hash Batches": 1,
          "Original Hash Batches": 1,
          "Peak Memory Usage": 999,
          "Plans": [
            {
              "Node Type": "Seq Scan",
              "Parent Relationship": "Outer",
              "Parallel Aware": false,
              "Relation Name": "item",
              "Alias": "item",
              "Startup Cost": 0.00,
              "Total Cost": 2205.00,
              "Plan Rows": 1835,
              "Plan Width": 503,
              "Actual Startup Time": 0.024,
              "Actual Total Time": 10.634,
              "Actual Rows": 1835,
              "Actual Loops": 1,
              "Filter": "(i_category = 'Shoes'::bpchar)",
              "Rows Removed by Filter": 16165
            }
          ]
        }
      ]
    },
    "Planning Time": 0.320,
    "Triggers": [
    ],
    "Execution Time": 851.084
  }
]
