[
  {
    "Plan": {
      "Node Type": "Nested Loop",
      "Parallel Aware": false,
      "Join Type": "Inner",
      "Startup Cost": 2501.56,
      "Total Cost": 94214.41,
      "Plan Rows": 70,
      "Plan Width": 900,
      "Actual Startup Time": 16.069,
      "Actual Total Time": 1177.039,
      "Actual Rows": 3455,
      "Actual Loops": 1,
      "Plans": [
        {
          "Node Type": "Nested Loop",
          "Parent Relationship": "Outer",
          "Parallel Aware": false,
          "Join Type": "Inner",
          "Startup Cost": 2501.41,
          "Total Cost": 94201.80,
          "Plan Rows": 71,
          "Plan Width": 732,
          "Actual Startup Time": 16.053,
          "Actual Total Time": 1162.991,
          "Actual Rows": 3605,
          "Actual Loops": 1,
          "Plans": [
            {
              "Node Type": "Hash Join",
              "Parent Relationship": "Outer",
              "Parallel Aware": false,
              "Join Type": "Inner",
              "Startup Cost": 2501.12,
              "Total Cost": 93810.29,
              "Plan Rows": 1222,
              "Plan Width": 229,
              "Actual Startup Time": 15.995,
              "Actual Total Time": 914.747,
              "Actual Rows": 62919,
              "Actual Loops": 1,
              "Hash Cond": "(store_sales.ss_sold_date_sk = date_dim.d_date_sk)",
              "Plans": [
                {
                  "Node Type": "Seq Scan",
                  "Parent Relationship": "Outer",
                  "Parallel Aware": false,
                  "Relation Name": "store_sales",
                  "Alias": "store_sales",
                  "Startup Cost": 0.00,
                  "Total Cost": 80497.08,
                  "Plan Rows": 2880108,
                  "Plan Width": 111,
                  "Actual Startup Time": 0.012,
                  "Actual Total Time": 454.015,
                  "Actual Rows": 2880404,
                  "Actual Loops": 1
                },
                {
                  "Node Type": "Hash",
                  "Parent Relationship": "Inner",
                  "Parallel Aware": false,
                  "Startup Cost": 2500.73,
                  "Total Cost": 2500.73,
                  "Plan Rows": 31,
                  "Plan Width": 118,
                  "Actual Startup Time": 15.963,
                  "Actual Total Time": 15.963,
                  "Actual Rows": 32,
                  "Actual Loops": 1,
                  "Hash Buckets": 1024,
                  "Original Hash Buckets": 1024,
                  "Hash Batches": 1,
                  "Original Hash Batches": 1,
                  "Peak Memory Usage": 13,
                  "Plans": [
                    {
                      "Node Type": "Seq Scan",
                      "Parent Relationship": "Outer",
                      "Parallel Aware": false,
                      "Relation Name": "date_dim",
                      "Alias": "date_dim",
                      "Startup Cost": 0.00,
                      "Total Cost": 2500.73,
                      "Plan Rows": 31,
                      "Plan Width": 118,
                      "Actual Startup Time": 7.079,
                      "Actual Total Time": 15.951,
                      "Actual Rows": 32,
                      "Actual Loops": 1,
                      "Filter": "((d_date >= '1999-08-25'::date) AND (d_date <= '1999-09-25'::date))",
                      "Rows Removed by Filter": 73017
                    }
                  ]
                }
              ]
            },
            {
              "Node Type": "Index Scan",
              "Parent Relationship": "Inner",
              "Parallel Aware": false,
              "Scan Direction": "Forward",
              "Index Name": "item_pkey",
              "Relation Name": "item",
              "Alias": "item",
              "Startup Cost": 0.29,
              "Total Cost": 0.31,
              "Plan Rows": 1,
              "Plan Width": 503,
              "Actual Startup Time": 0.003,
              "Actual Total Time": 0.003,
              "Actual Rows": 0,
              "Actual Loops": 62919,
              "Index Cond": "(i_item_sk = store_sales.ss_item_sk)",
              "Rows Removed by Index Recheck": 0,
              "Filter": "(i_current_price > '50'::numeric)",
              "Rows Removed by Filter": 1
            }
          ]
        },
        {
          "Node Type": "Index Scan",
          "Parent Relationship": "Inner",
          "Parallel Aware": false,
          "Scan Direction": "Forward",
          "Index Name": "promotion_pkey",
          "Relation Name": "promotion",
          "Alias": "promotion",
          "Startup Cost": 0.15,
          "Total Cost": 0.17,
          "Plan Rows": 1,
          "Plan Width": 168,
          "Actual Startup Time": 0.002,
          "Actual Total Time": 0.003,
          "Actual Rows": 1,
          "Actual Loops": 3605,
          "Index Cond": "(p_promo_sk = store_sales.ss_promo_sk)",
          "Rows Removed by Index Recheck": 0,
          "Filter": "(p_channel_tv = 'N'::bpchar)",
          "Rows Removed by Filter": 0
        }
      ]
    },
    "Planning Time": 0.740,
    "Triggers": [
    ],
    "Execution Time": 1177.442
  }
]
