[
  {
    "Plan": {
      "Node Type": "Nested Loop",
      "Parallel Aware": false,
      "Join Type": "Inner",
      "Startup Cost": 2501.56,
      "Total Cost": 31266.27,
      "Plan Rows": 18,
      "Plan Width": 956,
      "Actual Startup Time": 16.262,
      "Actual Total Time": 332.458,
      "Actual Rows": 893,
      "Actual Loops": 1,
      "Plans": [
        {
          "Node Type": "Nested Loop",
          "Parent Relationship": "Outer",
          "Parallel Aware": false,
          "Join Type": "Inner",
          "Startup Cost": 2501.41,
          "Total Cost": 31263.07,
          "Plan Rows": 18,
          "Plan Width": 788,
          "Actual Startup Time": 16.255,
          "Actual Total Time": 328.846,
          "Actual Rows": 908,
          "Actual Loops": 1,
          "Plans": [
            {
              "Node Type": "Hash Join",
              "Parent Relationship": "Outer",
              "Parallel Aware": false,
              "Join Type": "Inner",
              "Startup Cost": 2501.12,
              "Total Cost": 31162.70,
              "Plan Rows": 305,
              "Plan Width": 285,
              "Actual Startup Time": 16.039,
              "Actual Total Time": 265.537,
              "Actual Rows": 15900,
              "Actual Loops": 1,
              "Hash Cond": "(web_sales.ws_sold_date_sk = date_dim.d_date_sk)",
              "Plans": [
                {
                  "Node Type": "Seq Scan",
                  "Parent Relationship": "Outer",
                  "Parallel Aware": false,
                  "Relation Name": "web_sales",
                  "Alias": "web_sales",
                  "Startup Cost": 0.00,
                  "Total Cost": 25960.84,
                  "Plan Rows": 719384,
                  "Plan Width": 167,
                  "Actual Startup Time": 0.013,
                  "Actual Total Time": 131.384,
                  "Actual Rows": 719384,
                  "Actual Loops": 1
                },
                {
                  "Node Type": "Hash",
                  "Parent Relationship": "Inner",
                  "Parallel Aware": false,
                  "Startup Cost": 2500.73,
                  "Total Cost": 2500.73,
                  "Plan Rows": 31,
                  "Plan Width": 118,
                  "Actual Startup Time": 15.964,
                  "Actual Total Time": 15.964,
                  "Actual Rows": 32,
                  "Actual Loops": 1,
                  "Hash Buckets": 1024,
                  "Original Hash Buckets": 1024,
                  "Hash Batches": 1,
                  "Original Hash Batches": 1,
                  "Peak Memory Usage": 13,
                  "Plans": [
                    {
                      "Node Type": "Seq Scan",
                      "Parent Relationship": "Outer",
                      "Parallel Aware": false,
                      "Relation Name": "date_dim",
                      "Alias": "date_dim",
                      "Startup Cost": 0.00,
                      "Total Cost": 2500.73,
                      "Plan Rows": 31,
                      "Plan Width": 118,
                      "Actual Startup Time": 7.056,
                      "Actual Total Time": 15.954,
                      "Actual Rows": 32,
                      "Actual Loops": 1,
                      "Filter": "((d_date >= '1999-08-25'::date) AND (d_date <= '1999-09-25'::date))",
                      "Rows Removed by Filter": 73017
                    }
                  ]
                }
              ]
            },
            {
              "Node Type": "Index Scan",
              "Parent Relationship": "Inner",
              "Parallel Aware": false,
              "Scan Direction": "Forward",
              "Index Name": "item_pkey",
              "Relation Name": "item",
              "Alias": "item",
              "Startup Cost": 0.29,
              "Total Cost": 0.32,
              "Plan Rows": 1,
              "Plan Width": 503,
              "Actual Startup Time": 0.004,
              "Actual Total Time": 0.004,
              "Actual Rows": 0,
              "Actual Loops": 15900,
              "Index Cond": "(i_item_sk = web_sales.ws_item_sk)",
              "Rows Removed by Index Recheck": 0,
              "Filter": "(i_current_price > '50'::numeric)",
              "Rows Removed by Filter": 1
            }
          ]
        },
        {
          "Node Type": "Index Scan",
          "Parent Relationship": "Inner",
          "Parallel Aware": false,
          "Scan Direction": "Forward",
          "Index Name": "promotion_pkey",
          "Relation Name": "promotion",
          "Alias": "promotion",
          "Startup Cost": 0.15,
          "Total Cost": 0.17,
          "Plan Rows": 1,
          "Plan Width": 168,
          "Actual Startup Time": 0.002,
          "Actual Total Time": 0.003,
          "Actual Rows": 1,
          "Actual Loops": 908,
          "Index Cond": "(p_promo_sk = web_sales.ws_promo_sk)",
          "Rows Removed by Index Recheck": 0,
          "Filter": "(p_channel_tv = 'N'::bpchar)",
          "Rows Removed by Filter": 0
        }
      ]
    },
    "Planning Time": 0.741,
    "Triggers": [
    ],
    "Execution Time": 332.660
  }
]
