[
  {
    "Plan": {
      "Node Type": "Hash Join",
      "Parallel Aware": false,
      "Join Type": "Inner",
      "Startup Cost": 2686.02,
      "Total Cost": 11438.43,
      "Plan Rows": 838,
      "Plan Width": 216,
      "Actual Startup Time": 23.872,
      "Actual Total Time": 132.503,
      "Actual Rows": 25933,
      "Actual Loops": 1,
      "Hash Cond": "(store_returns.sr_returned_date_sk = date_dim.d_date_sk)",
      "Plans": [
        {
          "Node Type": "Seq Scan",
          "Parent Relationship": "Outer",
          "Parallel Aware": false,
          "Relation Name": "store_returns",
          "Alias": "store_returns",
          "Startup Cost": 0.00,
          "Total Cost": 7666.14,
          "Plan Rows": 287514,
          "Plan Width": 98,
          "Actual Startup Time": 0.025,
          "Actual Total Time": 44.056,
          "Actual Rows": 287514,
          "Actual Loops": 1
        },
        {
          "Node Type": "Hash",
          "Parent Relationship": "Inner",
          "Parallel Aware": false,
          "Startup Cost": 2683.36,
          "Total Cost": 2683.36,
          "Plan Rows": 213,
          "Plan Width": 118,
          "Actual Startup Time": 23.832,
          "Actual Total Time": 23.832,
          "Actual Rows": 214,
          "Actual Loops": 1,
          "Hash Buckets": 1024,
          "Original Hash Buckets": 1024,
          "Hash Batches": 1,
          "Original Hash Batches": 1,
          "Peak Memory Usage": 41,
          "Plans": [
            {
              "Node Type": "Seq Scan",
              "Parent Relationship": "Outer",
              "Parallel Aware": false,
              "Relation Name": "date_dim",
              "Alias": "date_dim",
              "Startup Cost": 0.00,
              "Total Cost": 2683.36,
              "Plan Rows": 213,
              "Plan Width": 118,
              "Actual Startup Time": 11.962,
              "Actual Total Time": 23.789,
              "Actual Rows": 214,
              "Actual Loops": 1,
              "Filter": "((d_moy >= 4) AND (d_moy <= 10) AND (d_year = 2001))",
              "Rows Removed by Filter": 72835
            }
          ]
        }
      ]
    },
    "Planning Time": 0.220,
    "Triggers": [
    ],
    "Execution Time": 133.499
  }
]
