[
  {
    "Plan": {
      "Node Type": "Hash Join",
      "Parallel Aware": false,
      "Join Type": "Inner",
      "Startup Cost": 2500.91,
      "Total Cost": 59729.94,
      "Plan Rows": 276,
      "Plan Width": 285,
      "Actual Startup Time": 313.828,
      "Actual Total Time": 483.015,
      "Actual Rows": 15690,
      "Actual Loops": 1,
      "Hash Cond": "(catalog_sales.cs_sold_date_sk = date_dim.d_date_sk)",
      "Plans": [
        {
          "Node Type": "Seq Scan",
          "Parent Relationship": "Outer",
          "Parallel Aware": false,
          "Relation Name": "catalog_sales",
          "Alias": "catalog_sales",
          "Startup Cost": 0.00,
          "Total Cost": 51820.48,
          "Plan Rows": 1441548,
          "Plan Width": 167,
          "Actual Startup Time": 0.015,
          "Actual Total Time": 260.605,
          "Actual Rows": 1441548,
          "Actual Loops": 1
        },
        {
          "Node Type": "Hash",
          "Parent Relationship": "Inner",
          "Parallel Aware": false,
          "Startup Cost": 2500.73,
          "Total Cost": 2500.73,
          "Plan Rows": 14,
          "Plan Width": 118,
          "Actual Startup Time": 16.186,
          "Actual Total Time": 16.186,
          "Actual Rows": 15,
          "Actual Loops": 1,
          "Hash Buckets": 1024,
          "Original Hash Buckets": 1024,
          "Hash Batches": 1,
          "Original Hash Batches": 1,
          "Peak Memory Usage": 11,
          "Plans": [
            {
              "Node Type": "Seq Scan",
              "Parent Relationship": "Outer",
              "Parallel Aware": false,
              "Relation Name": "date_dim",
              "Alias": "date_dim",
              "Startup Cost": 0.00,
              "Total Cost": 2500.73,
              "Plan Rows": 14,
              "Plan Width": 118,
              "Actual Startup Time": 7.374,
              "Actual Total Time": 16.179,
              "Actual Rows": 15,
              "Actual Loops": 1,
              "Filter": "((d_date >= '2001-08-21'::date) AND (d_date <= '2001-09-04'::date))",
              "Rows Removed by Filter": 73034
            }
          ]
        }
      ]
    },
    "Planning Time": 0.223,
    "Triggers": [
    ],
    "Execution Time": 483.697
  }
]
