[
  {
    "Plan": {
      "Node Type": "Nested Loop",
      "Parallel Aware": false,
      "Join Type": "Inner",
      "Startup Cost": 2501.10,
      "Total Cost": 31179.20,
      "Plan Rows": 59,
      "Plan Width": 788,
      "Actual Startup Time": 17.265,
      "Actual Total Time": 268.470,
      "Actual Rows": 1438,
      "Actual Loops": 1,
      "Plans": [
        {
          "Node Type": "Hash Join",
          "Parent Relationship": "Outer",
          "Parallel Aware": false,
          "Join Type": "Inner",
          "Startup Cost": 2500.81,
          "Total Cost": 31159.93,
          "Plan Rows": 59,
          "Plan Width": 285,
          "Actual Startup Time": 17.245,
          "Actual Total Time": 260.221,
          "Actual Rows": 1438,
          "Actual Loops": 1,
          "Hash Cond": "(web_sales.ws_sold_date_sk = date_dim.d_date_sk)",
          "Plans": [
            {
              "Node Type": "Seq Scan",
              "Parent Relationship": "Outer",
              "Parallel Aware": false,
              "Relation Name": "web_sales",
              "Alias": "web_sales",
              "Startup Cost": 0.00,
              "Total Cost": 25960.84,
              "Plan Rows": 719384,
              "Plan Width": 167,
              "Actual Startup Time": 0.022,
              "Actual Total Time": 141.642,
              "Actual Rows": 719384,
              "Actual Loops": 1
            },
            {
              "Node Type": "Hash",
              "Parent Relationship": "Inner",
              "Parallel Aware": false,
              "Startup Cost": 2500.73,
              "Total Cost": 2500.73,
              "Plan Rows": 6,
              "Plan Width": 118,
              "Actual Startup Time": 17.142,
              "Actual Total Time": 17.142,
              "Actual Rows": 7,
              "Actual Loops": 1,
              "Hash Buckets": 1024,
              "Original Hash Buckets": 1024,
              "Hash Batches": 1,
              "Original Hash Batches": 1,
              "Peak Memory Usage": 10,
              "Plans": [
                {
                  "Node Type": "Seq Scan",
                  "Parent Relationship": "Outer",
                  "Parallel Aware": false,
                  "Relation Name": "date_dim",
                  "Alias": "date_dim",
                  "Startup Cost": 0.00,
                  "Total Cost": 2500.73,
                  "Plan Rows": 6,
                  "Plan Width": 118,
                  "Actual Startup Time": 8.248,
                  "Actual Total Time": 17.136,
                  "Actual Rows": 7,
                  "Actual Loops": 1,
                  "Filter": "((d_date >= '2002-03-05'::date) AND (d_date <= '2002-03-11'::date))",
                  "Rows Removed by Filter": 73042
                }
              ]
            }
          ]
        },
        {
          "Node Type": "Index Scan",
          "Parent Relationship": "Inner",
          "Parallel Aware": false,
          "Scan Direction": "Forward",
          "Index Name": "item_pkey",
          "Relation Name": "item",
          "Alias": "item",
          "Startup Cost": 0.29,
          "Total Cost": 0.32,
          "Plan Rows": 1,
          "Plan Width": 503,
          "Actual Startup Time": 0.004,
          "Actual Total Time": 0.004,
          "Actual Rows": 1,
          "Actual Loops": 1438,
          "Index Cond": "(i_item_sk = web_sales.ws_item_sk)",
          "Rows Removed by Index Recheck": 0
        }
      ]
    },
    "Planning Time": 0.468,
    "Triggers": [
    ],
    "Execution Time": 268.663
  }
]
