[
  {
    "Plan": {
      "Node Type": "Nested Loop",
      "Parallel Aware": false,
      "Join Type": "Inner",
      "Startup Cost": 167.14,
      "Total Cost": 112003.78,
      "Plan Rows": 1,
      "Plan Width": 2274,
      "Actual Startup Time": 344.776,
      "Actual Total Time": 1675.863,
      "Actual Rows": 2,
      "Actual Loops": 1,
      "Plans": [
        {
          "Node Type": "Nested Loop",
          "Parent Relationship": "Outer",
          "Parallel Aware": false,
          "Join Type": "Inner",
          "Startup Cost": 167.01,
          "Total Cost": 112003.62,
          "Plan Rows": 1,
          "Plan Width": 462,
          "Actual Startup Time": 344.761,
          "Actual Total Time": 1675.841,
          "Actual Rows": 2,
          "Actual Loops": 1,
          "Plans": [
            {
              "Node Type": "Nested Loop",
              "Parent Relationship": "Outer",
              "Parallel Aware": false,
              "Join Type": "Inner",
              "Startup Cost": 166.58,
              "Total Cost": 111998.44,
              "Plan Rows": 2,
              "Plan Width": 406,
              "Actual Startup Time": 3.172,
              "Actual Total Time": 1674.432,
              "Actual Rows": 84,
              "Actual Loops": 1,
              "Plans": [
                {
                  "Node Type": "Nested Loop",
                  "Parent Relationship": "Outer",
                  "Parallel Aware": false,
                  "Join Type": "Inner",
                  "Startup Cost": 166.29,
                  "Total Cost": 111987.94,
                  "Plan Rows": 25,
                  "Plan Width": 261,
                  "Actual Startup Time": 2.265,
                  "Actual Total Time": 1662.269,
                  "Actual Rows": 1511,
                  "Actual Loops": 1,
                  "Plans": [
                    {
                      "Node Type": "Hash Join",
                      "Parent Relationship": "Outer",
                      "Parallel Aware": false,
                      "Join Type": "Inner",
                      "Startup Cost": 166.00,
                      "Total Cost": 109703.67,
                      "Plan Rows": 5090,
                      "Plan Width": 143,
                      "Actual Startup Time": 1.699,
                      "Actual Total Time": 1632.560,
                      "Actual Rows": 7388,
                      "Actual Loops": 1,
                      "Hash Cond": "(store_sales.ss_hdemo_sk = household_demographics.hd_demo_sk)",
                      "Plans": [
                        {
                          "Node Type": "Seq Scan",
                          "Parent Relationship": "Outer",
                          "Parallel Aware": false,
                          "Relation Name": "store_sales",
                          "Alias": "store_sales",
                          "Startup Cost": 0.00,
                          "Total Cost": 109298.16,
                          "Plan Rows": 50905,
                          "Plan Width": 111,
                          "Actual Startup Time": 0.029,
                          "Actual Total Time": 1611.895,
                          "Actual Rows": 74477,
                          "Actual Loops": 1,
                          "Filter": "((ss_sales_price >= 50.00) AND (ss_sales_price <= 200.00) AND (ss_net_profit >= '50'::numeric) AND (ss_net_profit <= '250'::numeric))",
                          "Rows Removed by Filter": 2805927
                        },
                        {
                          "Node Type": "Hash",
                          "Parent Relationship": "Inner",
                          "Parallel Aware": false,
                          "Startup Cost": 157.00,
                          "Total Cost": 157.00,
                          "Plan Rows": 720,
                          "Plan Width": 32,
                          "Actual Startup Time": 1.528,
                          "Actual Total Time": 1.528,
                          "Actual Rows": 720,
                          "Actual Loops": 1,
                          "Hash Buckets": 1024,
                          "Original Hash Buckets": 1024,
                          "Hash Batches": 1,
                          "Original Hash Batches": 1,
                          "Peak Memory Usage": 53,
                          "Plans": [
                            {
                              "Node Type": "Seq Scan",
                              "Parent Relationship": "Outer",
                              "Parallel Aware": false,
                              "Relation Name": "household_demographics",
                              "Alias": "household_demographics",
                              "Startup Cost": 0.00,
                              "Total Cost": 157.00,
                              "Plan Rows": 720,
                              "Plan Width": 32,
                              "Actual Startup Time": 0.021,
                              "Actual Total Time": 1.399,
                              "Actual Rows": 720,
                              "Actual Loops": 1,
                              "Filter": "(hd_dep_count = 1)",
                              "Rows Removed by Filter": 6480
                            }
                          ]
                        }
                      ]
                    },
                    {
                      "Node Type": "Index Scan",
                      "Parent Relationship": "Inner",
                      "Parallel Aware": false,
                      "Scan Direction": "Forward",
                      "Index Name": "date_dim_pkey",
                      "Relation Name": "date_dim",
                      "Alias": "date_dim",
                      "Startup Cost": 0.29,
                      "Total Cost": 0.44,
                      "Plan Rows": 1,
                      "Plan Width": 118,
                      "Actual Startup Time": 0.003,
                      "Actual Total Time": 0.003,
                      "Actual Rows": 0,
                      "Actual Loops": 7388,
                      "Index Cond": "(d_date_sk = store_sales.ss_sold_date_sk)",
                      "Rows Removed by Index Recheck": 0,
                      "Filter": "(d_year = 2001)",
                      "Rows Removed by Filter": 1
                    }
                  ]
                },
                {
                  "Node Type": "Index Scan",
                  "Parent Relationship": "Inner",
                  "Parallel Aware": false,
                  "Scan Direction": "Forward",
                  "Index Name": "customer_address_pkey",
                  "Relation Name": "customer_address",
                  "Alias": "customer_address",
                  "Startup Cost": 0.29,
                  "Total Cost": 0.41,
                  "Plan Rows": 1,
                  "Plan Width": 145,
                  "Actual Startup Time": 0.007,
                  "Actual Total Time": 0.007,
                  "Actual Rows": 0,
                  "Actual Loops": 1511,
                  "Index Cond": "(ca_address_sk = store_sales.ss_addr_sk)",
                  "Rows Removed by Index Recheck": 0,
                  "Filter": "(((ca_country)::text = 'United States'::text) AND (ca_state = ANY ('{MN,IA,OK}'::bpchar[])))",
                  "Rows Removed by Filter": 1
                }
              ]
            },
            {
              "Node Type": "Index Scan",
              "Parent Relationship": "Inner",
              "Parallel Aware": false,
              "Scan Direction": "Forward",
              "Index Name": "customer_demographics_pkey",
              "Relation Name": "customer_demographics",
              "Alias": "customer_demographics",
              "Startup Cost": 0.43,
              "Total Cost": 2.58,
              "Plan Rows": 1,
              "Plan Width": 56,
              "Actual Startup Time": 0.016,
              "Actual Total Time": 0.016,
              "Actual Rows": 0,
              "Actual Loops": 84,
              "Index Cond": "(cd_demo_sk = store_sales.ss_cdemo_sk)",
              "Rows Removed by Index Recheck": 0,
              "Filter": "((cd_marital_status = 'D'::bpchar) AND (cd_education_status = 'Advanced Degree'::bpchar))",
              "Rows Removed by Filter": 1
            }
          ]
        },
        {
          "Node Type": "Index Scan",
          "Parent Relationship": "Inner",
          "Parallel Aware": false,
          "Scan Direction": "Forward",
          "Index Name": "store_pkey",
          "Relation Name": "store",
          "Alias": "store",
          "Startup Cost": 0.14,
          "Total Cost": 0.15,
          "Plan Rows": 1,
          "Plan Width": 1812,
          "Actual Startup Time": 0.008,
          "Actual Total Time": 0.008,
          "Actual Rows": 1,
          "Actual Loops": 2,
          "Index Cond": "(s_store_sk = store_sales.ss_store_sk)",
          "Rows Removed by Index Recheck": 0
        }
      ]
    },
    "Planning Time": 1.601,
    "Triggers": [
    ],
    "Execution Time": 1676.048
  }
]
