[
  {
    "Plan": {
      "Node Type": "Nested Loop",
      "Parallel Aware": false,
      "Join Type": "Inner",
      "Startup Cost": 5.11,
      "Total Cost": 11146.68,
      "Plan Rows": 2082,
      "Plan Width": 670,
      "Actual Startup Time": 0.138,
      "Actual Total Time": 16.509,
      "Actual Rows": 568,
      "Actual Loops": 1,
      "Plans": [
        {
          "Node Type": "Seq Scan",
          "Parent Relationship": "Outer",
          "Parallel Aware": false,
          "Relation Name": "item",
          "Alias": "item",
          "Startup Cost": 0.00,
          "Total Cost": 2340.00,
          "Plan Rows": 26,
          "Plan Width": 503,
          "Actual Startup Time": 0.088,
          "Actual Total Time": 12.220,
          "Actual Rows": 8,
          "Actual Loops": 1,
          "Filter": "((i_current_price >= '4'::numeric) AND (i_current_price <= '10'::numeric) AND (i_manufact_id = ANY ('{744,691,853,946}'::integer[])))",
          "Rows Removed by Filter": 17992
        },
        {
          "Node Type": "Bitmap Heap Scan",
          "Parent Relationship": "Inner",
          "Parallel Aware": false,
          "Relation Name": "catalog_sales",
          "Alias": "catalog_sales",
          "Startup Cost": 5.11,
          "Total Cost": 337.84,
          "Plan Rows": 88,
          "Plan Width": 167,
          "Actual Startup Time": 0.043,
          "Actual Total Time": 0.473,
          "Actual Rows": 71,
          "Actual Loops": 8,
          "Recheck Cond": "(cs_item_sk = item.i_item_sk)",
          "Rows Removed by Index Recheck": 0,
          "Exact Heap Blocks": 567,
          "Lossy Heap Blocks": 0,
          "Plans": [
            {
              "Node Type": "Bitmap Index Scan",
              "Parent Relationship": "Outer",
              "Parallel Aware": false,
              "Index Name": "catalog_sales_pkey",
              "Startup Cost": 0.00,
              "Total Cost": 5.09,
              "Plan Rows": 88,
              "Plan Width": 0,
              "Actual Startup Time": 0.027,
              "Actual Total Time": 0.027,
              "Actual Rows": 71,
              "Actual Loops": 8,
              "Index Cond": "(cs_item_sk = item.i_item_sk)"
            }
          ]
        }
      ]
    },
    "Planning Time": 0.492,
    "Triggers": [
    ],
    "Execution Time": 16.606
  }
]
