[
  {
    "Plan": {
      "Node Type": "Hash Join",
      "Parallel Aware": false,
      "Join Type": "Inner",
      "Startup Cost": 2505.33,
      "Total Cost": 59803.89,
      "Plan Rows": 7262,
      "Plan Width": 285,
      "Actual Startup Time": 181.350,
      "Actual Total Time": 801.844,
      "Actual Rows": 286642,
      "Actual Loops": 1,
      "Hash Cond": "(catalog_sales.cs_sold_date_sk = date_dim.d_date_sk)",
      "Plans": [
        {
          "Node Type": "Seq Scan",
          "Parent Relationship": "Outer",
          "Parallel Aware": false,
          "Relation Name": "catalog_sales",
          "Alias": "catalog_sales",
          "Startup Cost": 0.00,
          "Total Cost": 51820.48,
          "Plan Rows": 1441548,
          "Plan Width": 167,
          "Actual Startup Time": 0.017,
          "Actual Total Time": 263.496,
          "Actual Rows": 1441548,
          "Actual Loops": 1
        },
        {
          "Node Type": "Hash",
          "Parent Relationship": "Inner",
          "Parallel Aware": false,
          "Startup Cost": 2500.73,
          "Total Cost": 2500.73,
          "Plan Rows": 368,
          "Plan Width": 118,
          "Actual Startup Time": 17.208,
          "Actual Total Time": 17.208,
          "Actual Rows": 365,
          "Actual Loops": 1,
          "Hash Buckets": 1024,
          "Original Hash Buckets": 1024,
          "Hash Batches": 1,
          "Original Hash Batches": 1,
          "Peak Memory Usage": 63,
          "Plans": [
            {
              "Node Type": "Seq Scan",
              "Parent Relationship": "Outer",
              "Parallel Aware": false,
              "Relation Name": "date_dim",
              "Alias": "date_dim",
              "Startup Cost": 0.00,
              "Total Cost": 2500.73,
              "Plan Rows": 368,
              "Plan Width": 118,
              "Actual Startup Time": 7.902,
              "Actual Total Time": 17.139,
              "Actual Rows": 365,
              "Actual Loops": 1,
              "Filter": "((d_month_seq >= 1202) AND (d_month_seq <= 1213))",
              "Rows Removed by Filter": 72684
            }
          ]
        }
      ]
    },
    "Planning Time": 0.244,
    "Triggers": [
    ],
    "Execution Time": 812.488
  }
]
