[
  {
    "Plan": {
      "Node Type": "Hash Join",
      "Parallel Aware": false,
      "Join Type": "Inner",
      "Startup Cost": 2412.81,
      "Total Cost": 59692.32,
      "Plan Rows": 5348,
      "Plan Width": 285,
      "Actual Startup Time": 283.406,
      "Actual Total Time": 667.072,
      "Actual Rows": 159918,
      "Actual Loops": 1,
      "Hash Cond": "(catalog_sales.cs_sold_date_sk = date_dim.d_date_sk)",
      "Plans": [
        {
          "Node Type": "Seq Scan",
          "Parent Relationship": "Outer",
          "Parallel Aware": false,
          "Relation Name": "catalog_sales",
          "Alias": "catalog_sales",
          "Startup Cost": 0.00,
          "Total Cost": 51820.48,
          "Plan Rows": 1441548,
          "Plan Width": 167,
          "Actual Startup Time": 0.019,
          "Actual Total Time": 258.948,
          "Actual Rows": 1441548,
          "Actual Loops": 1
        },
        {
          "Node Type": "Hash",
          "Parent Relationship": "Inner",
          "Parallel Aware": false,
          "Startup Cost": 2409.42,
          "Total Cost": 2409.42,
          "Plan Rows": 271,
          "Plan Width": 118,
          "Actual Startup Time": 36.672,
          "Actual Total Time": 36.672,
          "Actual Rows": 274,
          "Actual Loops": 1,
          "Hash Buckets": 1024,
          "Original Hash Buckets": 1024,
          "Hash Batches": 1,
          "Original Hash Batches": 1,
          "Peak Memory Usage": 50,
          "Plans": [
            {
              "Node Type": "Seq Scan",
              "Parent Relationship": "Outer",
              "Parallel Aware": false,
              "Relation Name": "date_dim",
              "Alias": "date_dim",
              "Startup Cost": 0.00,
              "Total Cost": 2409.42,
              "Plan Rows": 271,
              "Plan Width": 118,
              "Actual Startup Time": 17.807,
              "Actual Total Time": 36.596,
              "Actual Rows": 274,
              "Actual Loops": 1,
              "Filter": "(d_quarter_name = ANY ('{2001Q1,2001Q2,2001Q3}'::bpchar[]))",
              "Rows Removed by Filter": 72775
            }
          ]
        }
      ]
    },
    "Planning Time": 0.265,
    "Triggers": [
    ],
    "Execution Time": 673.096
  }
]
