[
  {
    "Plan": {
      "Node Type": "Hash Join",
      "Parallel Aware": false,
      "Join Type": "Inner",
      "Startup Cost": 2501.13,
      "Total Cost": 107001.01,
      "Plan Rows": 280,
      "Plan Width": 229,
      "Actual Startup Time": 19.466,
      "Actual Total Time": 1785.589,
      "Actual Rows": 23000,
      "Actual Loops": 1,
      "Hash Cond": "(store_sales.ss_sold_date_sk = date_dim.d_date_sk)",
      "Plans": [
        {
          "Node Type": "Seq Scan",
          "Parent Relationship": "Outer",
          "Parallel Aware": false,
          "Relation Name": "store_sales",
          "Alias": "store_sales",
          "Startup Cost": 0.00,
          "Total Cost": 102097.89,
          "Plan Rows": 639815,
          "Plan Width": 111,
          "Actual Startup Time": 0.018,
          "Actual Total Time": 1663.833,
          "Actual Rows": 687109,
          "Actual Loops": 1,
          "Filter": "((ss_net_profit > '1'::numeric) AND (ss_net_paid > '0'::numeric) AND (ss_quantity > 0))",
          "Rows Removed by Filter": 2193295
        },
        {
          "Node Type": "Hash",
          "Parent Relationship": "Inner",
          "Parallel Aware": false,
          "Startup Cost": 2500.73,
          "Total Cost": 2500.73,
          "Plan Rows": 32,
          "Plan Width": 118,
          "Actual Startup Time": 18.694,
          "Actual Total Time": 18.694,
          "Actual Rows": 31,
          "Actual Loops": 1,
          "Hash Buckets": 1024,
          "Original Hash Buckets": 1024,
          "Hash Batches": 1,
          "Original Hash Batches": 1,
          "Peak Memory Usage": 13,
          "Plans": [
            {
              "Node Type": "Seq Scan",
              "Parent Relationship": "Outer",
              "Parallel Aware": false,
              "Relation Name": "date_dim",
              "Alias": "date_dim",
              "Startup Cost": 0.00,
              "Total Cost": 2500.73,
              "Plan Rows": 32,
              "Plan Width": 118,
              "Actual Startup Time": 8.397,
              "Actual Total Time": 18.686,
              "Actual Rows": 31,
              "Actual Loops": 1,
              "Filter": "((d_year = 2000) AND (d_moy = 12))",
              "Rows Removed by Filter": 73018
            }
          ]
        }
      ]
    },
    "Planning Time": 0.298,
    "Triggers": [
    ],
    "Execution Time": 1786.599
  }
]
