[
  {
    "Plan": {
      "Node Type": "Hash Join",
      "Parallel Aware": false,
      "Join Type": "Inner",
      "Startup Cost": 1.45,
      "Total Cost": 8825.16,
      "Plan Rows": 8215,
      "Plan Width": 574,
      "Actual Startup Time": 0.100,
      "Actual Total Time": 105.469,
      "Actual Rows": 7779,
      "Actual Loops": 1,
      "Hash Cond": "(store_returns.sr_reason_sk = reason.r_reason_sk)",
      "Plans": [
        {
          "Node Type": "Seq Scan",
          "Parent Relationship": "Outer",
          "Parallel Aware": false,
          "Relation Name": "store_returns",
          "Alias": "store_returns",
          "Startup Cost": 0.00,
          "Total Cost": 7666.14,
          "Plan Rows": 287514,
          "Plan Width": 98,
          "Actual Startup Time": 0.017,
          "Actual Total Time": 44.612,
          "Actual Rows": 287514,
          "Actual Loops": 1
        },
        {
          "Node Type": "Hash",
          "Parent Relationship": "Inner",
          "Parallel Aware": false,
          "Startup Cost": 1.44,
          "Total Cost": 1.44,
          "Plan Rows": 1,
          "Plan Width": 476,
          "Actual Startup Time": 0.031,
          "Actual Total Time": 0.031,
          "Actual Rows": 1,
          "Actual Loops": 1,
          "Hash Buckets": 1024,
          "Original Hash Buckets": 1024,
          "Hash Batches": 1,
          "Original Hash Batches": 1,
          "Peak Memory Usage": 9,
          "Plans": [
            {
              "Node Type": "Seq Scan",
              "Parent Relationship": "Outer",
              "Parallel Aware": false,
              "Relation Name": "reason",
              "Alias": "reason",
              "Startup Cost": 0.00,
              "Total Cost": 1.44,
              "Plan Rows": 1,
              "Plan Width": 476,
              "Actual Startup Time": 0.024,
              "Actual Total Time": 0.029,
              "Actual Rows": 1,
              "Actual Loops": 1,
              "Filter": "(r_reason_desc = 'reason 25'::bpchar)",
              "Rows Removed by Filter": 34
            }
          ]
        }
      ]
    },
    "Planning Time": 0.240,
    "Triggers": [
    ],
    "Execution Time": 105.794
  }
]
