[
  {
    "Plan": {
      "Node Type": "Hash Join",
      "Parallel Aware": false,
      "Join Type": "Inner",
      "Startup Cost": 2501.12,
      "Total Cost": 93810.29,
      "Plan Rows": 1222,
      "Plan Width": 229,
      "Actual Startup Time": 18.536,
      "Actual Total Time": 850.919,
      "Actual Rows": 25703,
      "Actual Loops": 1,
      "Hash Cond": "(store_sales.ss_sold_date_sk = date_dim.d_date_sk)",
      "Plans": [
        {
          "Node Type": "Seq Scan",
          "Parent Relationship": "Outer",
          "Parallel Aware": false,
          "Relation Name": "store_sales",
          "Alias": "store_sales",
          "Startup Cost": 0.00,
          "Total Cost": 80497.08,
          "Plan Rows": 2880108,
          "Plan Width": 111,
          "Actual Startup Time": 0.018,
          "Actual Total Time": 440.333,
          "Actual Rows": 2880404,
          "Actual Loops": 1
        },
        {
          "Node Type": "Hash",
          "Parent Relationship": "Inner",
          "Parallel Aware": false,
          "Startup Cost": 2500.73,
          "Total Cost": 2500.73,
          "Plan Rows": 31,
          "Plan Width": 118,
          "Actual Startup Time": 18.332,
          "Actual Total Time": 18.333,
          "Actual Rows": 30,
          "Actual Loops": 1,
          "Hash Buckets": 1024,
          "Original Hash Buckets": 1024,
          "Hash Batches": 1,
          "Original Hash Batches": 1,
          "Peak Memory Usage": 13,
          "Plans": [
            {
              "Node Type": "Seq Scan",
              "Parent Relationship": "Outer",
              "Parallel Aware": false,
              "Relation Name": "date_dim",
              "Alias": "date_dim",
              "Startup Cost": 0.00,
              "Total Cost": 2500.73,
              "Plan Rows": 31,
              "Plan Width": 118,
              "Actual Startup Time": 9.135,
              "Actual Total Time": 18.321,
              "Actual Rows": 30,
              "Actual Loops": 1,
              "Filter": "((d_moy = 4) AND (d_year = 1999))",
              "Rows Removed by Filter": 73019
            }
          ]
        }
      ]
    },
    "Planning Time": 0.216,
    "Triggers": [
    ],
    "Execution Time": 851.912
  }
]
