[
  {
    "Plan": {
      "Node Type": "Nested Loop",
      "Parallel Aware": false,
      "Join Type": "Inner",
      "Startup Cost": 2318.78,
      "Total Cost": 94006.29,
      "Plan Rows": 124,
      "Plan Width": 732,
      "Actual Startup Time": 15.454,
      "Actual Total Time": 979.632,
      "Actual Rows": 2756,
      "Actual Loops": 1,
      "Plans": [
        {
          "Node Type": "Hash Join",
          "Parent Relationship": "Outer",
          "Parallel Aware": false,
          "Join Type": "Inner",
          "Startup Cost": 2318.49,
          "Total Cost": 93627.27,
          "Plan Rows": 1183,
          "Plan Width": 229,
          "Actual Startup Time": 15.367,
          "Actual Total Time": 862.102,
          "Actual Rows": 27026,
          "Actual Loops": 1,
          "Hash Cond": "(store_sales.ss_sold_date_sk = date_dim.d_date_sk)",
          "Plans": [
            {
              "Node Type": "Seq Scan",
              "Parent Relationship": "Outer",
              "Parallel Aware": false,
              "Relation Name": "store_sales",
              "Alias": "store_sales",
              "Startup Cost": 0.00,
              "Total Cost": 80497.08,
              "Plan Rows": 2880108,
              "Plan Width": 111,
              "Actual Startup Time": 0.016,
              "Actual Total Time": 446.505,
              "Actual Rows": 2880404,
              "Actual Loops": 1
            },
            {
              "Node Type": "Hash",
              "Parent Relationship": "Inner",
              "Parallel Aware": false,
              "Startup Cost": 2318.11,
              "Total Cost": 2318.11,
              "Plan Rows": 30,
              "Plan Width": 118,
              "Actual Startup Time": 15.175,
              "Actual Total Time": 15.175,
              "Actual Rows": 31,
              "Actual Loops": 1,
              "Hash Buckets": 1024,
              "Original Hash Buckets": 1024,
              "Hash Batches": 1,
              "Original Hash Batches": 1,
              "Peak Memory Usage": 13,
              "Plans": [
                {
                  "Node Type": "Seq Scan",
                  "Parent Relationship": "Outer",
                  "Parallel Aware": false,
                  "Relation Name": "date_dim",
                  "Alias": "date_dim",
                  "Startup Cost": 0.00,
                  "Total Cost": 2318.11,
                  "Plan Rows": 30,
                  "Plan Width": 118,
                  "Actual Startup Time": 7.594,
                  "Actual Total Time": 15.167,
                  "Actual Rows": 31,
                  "Actual Loops": 1,
                  "Filter": "(d_month_seq = 1180)",
                  "Rows Removed by Filter": 73018
                }
              ]
            }
          ]
        },
        {
          "Node Type": "Index Scan",
          "Parent Relationship": "Inner",
          "Parallel Aware": false,
          "Scan Direction": "Forward",
          "Index Name": "item_pkey",
          "Relation Name": "item",
          "Alias": "item",
          "Startup Cost": 0.29,
          "Total Cost": 0.31,
          "Plan Rows": 1,
          "Plan Width": 503,
          "Actual Startup Time": 0.004,
          "Actual Total Time": 0.004,
          "Actual Rows": 0,
          "Actual Loops": 27026,
          "Index Cond": "(i_item_sk = store_sales.ss_item_sk)",
          "Rows Removed by Index Recheck": 0,
          "Filter": "(i_current_price > 11.424)",
          "Rows Removed by Filter": 1
        }
      ]
    },
    "Planning Time": 0.730,
    "Triggers": [
    ],
    "Execution Time": 979.923
  }
]
