[
  {
    "Plan": {
      "Node Type": "Nested Loop",
      "Parallel Aware": false,
      "Join Type": "Inner",
      "Startup Cost": 167.14,
      "Total Cost": 110867.33,
      "Plan Rows": 1,
      "Plan Width": 2274,
      "Actual Startup Time": 897.212,
      "Actual Total Time": 1595.187,
      "Actual Rows": 1,
      "Actual Loops": 1,
      "Plans": [
        {
          "Node Type": "Nested Loop",
          "Parent Relationship": "Outer",
          "Parallel Aware": false,
          "Join Type": "Inner",
          "Startup Cost": 166.72,
          "Total Cost": 110863.28,
          "Plan Rows": 1,
          "Plan Width": 2218,
          "Actual Startup Time": 43.600,
          "Actual Total Time": 1594.817,
          "Actual Rows": 42,
          "Actual Loops": 1,
          "Plans": [
            {
              "Node Type": "Nested Loop",
              "Parent Relationship": "Outer",
              "Parallel Aware": false,
              "Join Type": "Inner",
              "Startup Cost": 166.58,
              "Total Cost": 110863.12,
              "Plan Rows": 1,
              "Plan Width": 406,
              "Actual Startup Time": 43.595,
              "Actual Total Time": 1594.579,
              "Actual Rows": 42,
              "Actual Loops": 1,
              "Plans": [
                {
                  "Node Type": "Nested Loop",
                  "Parent Relationship": "Outer",
                  "Parallel Aware": false,
                  "Join Type": "Inner",
                  "Startup Cost": 166.29,
                  "Total Cost": 110784.46,
                  "Plan Rows": 129,
                  "Plan Width": 288,
                  "Actual Startup Time": 43.584,
                  "Actual Total Time": 1593.224,
                  "Actual Rows": 229,
                  "Actual Loops": 1,
                  "Plans": [
                    {
                      "Node Type": "Hash Join",
                      "Parent Relationship": "Outer",
                      "Parallel Aware": false,
                      "Join Type": "Inner",
                      "Startup Cost": 166.00,
                      "Total Cost": 109569.44,
                      "Plan Rows": 2238,
                      "Plan Width": 143,
                      "Actual Startup Time": 2.176,
                      "Actual Total Time": 1572.619,
                      "Actual Rows": 3807,
                      "Actual Loops": 1,
                      "Hash Cond": "(store_sales.ss_hdemo_sk = household_demographics.hd_demo_sk)",
                      "Plans": [
                        {
                          "Node Type": "Seq Scan",
                          "Parent Relationship": "Outer",
                          "Parallel Aware": false,
                          "Relation Name": "store_sales",
                          "Alias": "store_sales",
                          "Startup Cost": 0.00,
                          "Total Cost": 109298.16,
                          "Plan Rows": 22377,
                          "Plan Width": 111,
                          "Actual Startup Time": 0.068,
                          "Actual Total Time": 1560.220,
                          "Actual Rows": 38009,
                          "Actual Loops": 1,
                          "Filter": "((ss_sales_price >= 50.00) AND (ss_sales_price <= 100.00) AND (ss_net_profit >= '150'::numeric) AND (ss_net_profit <= '300'::numeric))",
                          "Rows Removed by Filter": 2842395
                        },
                        {
                          "Node Type": "Hash",
                          "Parent Relationship": "Inner",
                          "Parallel Aware": false,
                          "Startup Cost": 157.00,
                          "Total Cost": 157.00,
                          "Plan Rows": 720,
                          "Plan Width": 32,
                          "Actual Startup Time": 1.484,
                          "Actual Total Time": 1.484,
                          "Actual Rows": 720,
                          "Actual Loops": 1,
                          "Hash Buckets": 1024,
                          "Original Hash Buckets": 1024,
                          "Hash Batches": 1,
                          "Original Hash Batches": 1,
                          "Peak Memory Usage": 53,
                          "Plans": [
                            {
                              "Node Type": "Seq Scan",
                              "Parent Relationship": "Outer",
                              "Parallel Aware": false,
                              "Relation Name": "household_demographics",
                              "Alias": "household_demographics",
                              "Startup Cost": 0.00,
                              "Total Cost": 157.00,
                              "Plan Rows": 720,
                              "Plan Width": 32,
                              "Actual Startup Time": 0.022,
                              "Actual Total Time": 1.370,
                              "Actual Rows": 720,
                              "Actual Loops": 1,
                              "Filter": "(hd_dep_count = 1)",
                              "Rows Removed by Filter": 6480
                            }
                          ]
                        }
                      ]
                    },
                    {
                      "Node Type": "Index Scan",
                      "Parent Relationship": "Inner",
                      "Parallel Aware": false,
                      "Scan Direction": "Forward",
                      "Index Name": "customer_address_pkey",
                      "Relation Name": "customer_address",
                      "Alias": "customer_address",
                      "Startup Cost": 0.29,
                      "Total Cost": 0.53,
                      "Plan Rows": 1,
                      "Plan Width": 145,
                      "Actual Startup Time": 0.005,
                      "Actual Total Time": 0.005,
                      "Actual Rows": 0,
                      "Actual Loops": 3807,
                      "Index Cond": "(ca_address_sk = store_sales.ss_addr_sk)",
                      "Rows Removed by Index Recheck": 0,
                      "Filter": "(((ca_country)::text = 'United States'::text) AND (ca_state = ANY ('{MS,OH,NV}'::bpchar[])))",
                      "Rows Removed by Filter": 1
                    }
                  ]
                },
                {
                  "Node Type": "Index Scan",
                  "Parent Relationship": "Inner",
                  "Parallel Aware": false,
                  "Scan Direction": "Forward",
                  "Index Name": "date_dim_pkey",
                  "Relation Name": "date_dim",
                  "Alias": "date_dim",
                  "Startup Cost": 0.29,
                  "Total Cost": 0.60,
                  "Plan Rows": 1,
                  "Plan Width": 118,
                  "Actual Startup Time": 0.005,
                  "Actual Total Time": 0.005,
                  "Actual Rows": 0,
                  "Actual Loops": 229,
                  "Index Cond": "(d_date_sk = store_sales.ss_sold_date_sk)",
                  "Rows Removed by Index Recheck": 0,
                  "Filter": "(d_year = 2001)",
                  "Rows Removed by Filter": 1
                }
              ]
            },
            {
              "Node Type": "Index Scan",
              "Parent Relationship": "Inner",
              "Parallel Aware": false,
              "Scan Direction": "Forward",
              "Index Name": "store_pkey",
              "Relation Name": "store",
              "Alias": "store",
              "Startup Cost": 0.14,
              "Total Cost": 0.15,
              "Plan Rows": 1,
              "Plan Width": 1812,
              "Actual Startup Time": 0.003,
              "Actual Total Time": 0.003,
              "Actual Rows": 1,
              "Actual Loops": 42,
              "Index Cond": "(s_store_sk = store_sales.ss_store_sk)",
              "Rows Removed by Index Recheck": 0
            }
          ]
        },
        {
          "Node Type": "Index Scan",
          "Parent Relationship": "Inner",
          "Parallel Aware": false,
          "Scan Direction": "Forward",
          "Index Name": "customer_demographics_pkey",
          "Relation Name": "customer_demographics",
          "Alias": "customer_demographics",
          "Startup Cost": 0.43,
          "Total Cost": 4.04,
          "Plan Rows": 1,
          "Plan Width": 56,
          "Actual Startup Time": 0.008,
          "Actual Total Time": 0.008,
          "Actual Rows": 0,
          "Actual Loops": 42,
          "Index Cond": "(cd_demo_sk = store_sales.ss_cdemo_sk)",
          "Rows Removed by Index Recheck": 0,
          "Filter": "((cd_marital_status = 'U'::bpchar) AND (cd_education_status = '4 yr Degree'::bpchar))",
          "Rows Removed by Filter": 1
        }
      ]
    },
    "Planning Time": 1.547,
    "Triggers": [
    ],
    "Execution Time": 1595.371
  }
]
