[
  {
    "Plan": {
      "Node Type": "Nested Loop",
      "Parallel Aware": false,
      "Join Type": "Inner",
      "Startup Cost": 0.56,
      "Total Cost": 8751.45,
      "Plan Rows": 1,
      "Plan Width": 637,
      "Actual Startup Time": 30.388,
      "Actual Total Time": 78.862,
      "Actual Rows": 39,
      "Actual Loops": 1,
      "Plans": [
        {
          "Node Type": "Seq Scan",
          "Parent Relationship": "Outer",
          "Parallel Aware": false,
          "Relation Name": "item",
          "Alias": "item",
          "Startup Cost": 0.00,
          "Total Cost": 2340.00,
          "Plan Rows": 2,
          "Plan Width": 503,
          "Actual Startup Time": 3.140,
          "Actual Total Time": 10.104,
          "Actual Rows": 4,
          "Actual Loops": 1,
          "Filter": "((i_current_price >= '38'::numeric) AND (i_current_price <= '68'::numeric) AND (i_manufact_id = ANY ('{198,999,168,196}'::integer[])))",
          "Rows Removed by Filter": 17996
        },
        {
          "Node Type": "Nested Loop",
          "Parent Relationship": "Inner",
          "Parallel Aware": false,
          "Join Type": "Inner",
          "Startup Cost": 0.56,
          "Total Cost": 3205.14,
          "Plan Rows": 58,
          "Plan Width": 134,
          "Actual Startup Time": 12.456,
          "Actual Total Time": 17.181,
          "Actual Rows": 10,
          "Actual Loops": 4,
          "Plans": [
            {
              "Node Type": "Seq Scan",
              "Parent Relationship": "Outer",
              "Parallel Aware": false,
              "Relation Name": "date_dim",
              "Alias": "date_dim",
              "Startup Cost": 0.00,
              "Total Cost": 2500.73,
              "Plan Rows": 58,
              "Plan Width": 118,
              "Actual Startup Time": 7.695,
              "Actual Total Time": 16.762,
              "Actual Rows": 60,
              "Actual Loops": 4,
              "Filter": "((d_date >= '1998-01-06'::date) AND (d_date <= '1998-03-06'::date))",
              "Rows Removed by Filter": 72989
            },
            {
              "Node Type": "Index Scan",
              "Parent Relationship": "Inner",
              "Parallel Aware": false,
              "Scan Direction": "Forward",
              "Index Name": "inventory_pkey",
              "Relation Name": "inventory",
              "Alias": "inventory",
              "Startup Cost": 0.56,
              "Total Cost": 12.13,
              "Plan Rows": 1,
              "Plan Width": 16,
              "Actual Startup Time": 0.006,
              "Actual Total Time": 0.006,
              "Actual Rows": 0,
              "Actual Loops": 240,
              "Index Cond": "((inv_date_sk = date_dim.d_date_sk) AND (inv_item_sk = item.i_item_sk))",
              "Rows Removed by Index Recheck": 0,
              "Filter": "((inv_quantity_on_hand >= 100) AND (inv_quantity_on_hand <= 500))",
              "Rows Removed by Filter": 0
            }
          ]
        }
      ]
    },
    "Planning Time": 0.947,
    "Triggers": [
    ],
    "Execution Time": 78.968
  }
]
