[
  {
    "Plan": {
      "Node Type": "Nested Loop",
      "Parallel Aware": false,
      "Join Type": "Inner",
      "Startup Cost": 5.78,
      "Total Cost": 40410.31,
      "Plan Rows": 9920,
      "Plan Width": 614,
      "Actual Startup Time": 0.089,
      "Actual Total Time": 103.859,
      "Actual Rows": 15827,
      "Actual Loops": 1,
      "Plans": [
        {
          "Node Type": "Seq Scan",
          "Parent Relationship": "Outer",
          "Parallel Aware": false,
          "Relation Name": "item",
          "Alias": "item",
          "Startup Cost": 0.00,
          "Total Cost": 2250.00,
          "Plan Rows": 62,
          "Plan Width": 503,
          "Actual Startup Time": 0.041,
          "Actual Total Time": 10.194,
          "Actual Rows": 100,
          "Actual Loops": 1,
          "Filter": "(i_manufact_id = ANY ('{198,999,168,196}'::integer[]))",
          "Rows Removed by Filter": 17900
        },
        {
          "Node Type": "Bitmap Heap Scan",
          "Parent Relationship": "Inner",
          "Parallel Aware": false,
          "Relation Name": "store_sales",
          "Alias": "store_sales",
          "Startup Cost": 5.78,
          "Total Cost": 613.75,
          "Plan Rows": 174,
          "Plan Width": 111,
          "Actual Startup Time": 0.071,
          "Actual Total Time": 0.812,
          "Actual Rows": 158,
          "Actual Loops": 100,
          "Recheck Cond": "(ss_item_sk = item.i_item_sk)",
          "Rows Removed by Index Recheck": 0,
          "Exact Heap Blocks": 15806,
          "Lossy Heap Blocks": 0,
          "Plans": [
            {
              "Node Type": "Bitmap Index Scan",
              "Parent Relationship": "Outer",
              "Parallel Aware": false,
              "Index Name": "store_sales_pkey",
              "Startup Cost": 0.00,
              "Total Cost": 5.73,
              "Plan Rows": 174,
              "Plan Width": 0,
              "Actual Startup Time": 0.042,
              "Actual Total Time": 0.042,
              "Actual Rows": 158,
              "Actual Loops": 100,
              "Index Cond": "(ss_item_sk = item.i_item_sk)"
            }
          ]
        }
      ]
    },
    "Planning Time": 0.318,
    "Triggers": [
    ],
    "Execution Time": 104.644
  }
]
