[
  {
    "Plan": {
      "Node Type": "Hash Join",
      "Parallel Aware": false,
      "Join Type": "Inner",
      "Startup Cost": 2318.20,
      "Total Cost": 93618.32,
      "Plan Rows": 276,
      "Plan Width": 229,
      "Actual Startup Time": 16.926,
      "Actual Total Time": 849.336,
      "Actual Rows": 21084,
      "Actual Loops": 1,
      "Hash Cond": "(store_sales.ss_sold_date_sk = date_dim.d_date_sk)",
      "Plans": [
        {
          "Node Type": "Seq Scan",
          "Parent Relationship": "Outer",
          "Parallel Aware": false,
          "Relation Name": "store_sales",
          "Alias": "store_sales",
          "Startup Cost": 0.00,
          "Total Cost": 80497.08,
          "Plan Rows": 2880108,
          "Plan Width": 111,
          "Actual Startup Time": 0.030,
          "Actual Total Time": 441.399,
          "Actual Rows": 2880404,
          "Actual Loops": 1
        },
        {
          "Node Type": "Hash",
          "Parent Relationship": "Inner",
          "Parallel Aware": false,
          "Startup Cost": 2318.11,
          "Total Cost": 2318.11,
          "Plan Rows": 7,
          "Plan Width": 118,
          "Actual Startup Time": 15.508,
          "Actual Total Time": 15.508,
          "Actual Rows": 7,
          "Actual Loops": 1,
          "Hash Buckets": 1024,
          "Original Hash Buckets": 1024,
          "Hash Batches": 1,
          "Original Hash Batches": 1,
          "Peak Memory Usage": 10,
          "Plans": [
            {
              "Node Type": "Seq Scan",
              "Parent Relationship": "Outer",
              "Parallel Aware": false,
              "Relation Name": "date_dim",
              "Alias": "date_dim",
              "Startup Cost": 0.00,
              "Total Cost": 2318.11,
              "Plan Rows": 7,
              "Plan Width": 118,
              "Actual Startup Time": 7.884,
              "Actual Total Time": 15.503,
              "Actual Rows": 7,
              "Actual Loops": 1,
              "Filter": "(d_week_seq = 5268)",
              "Rows Removed by Filter": 73042
            }
          ]
        }
      ]
    },
    "Planning Time": 0.209,
    "Triggers": [
    ],
    "Execution Time": 850.205
  }
]
