[
  {
    "Plan": {
      "Node Type": "Nested Loop",
      "Parallel Aware": false,
      "Join Type": "Inner",
      "Startup Cost": 5.40,
      "Total Cost": 18696.51,
      "Plan Rows": 2,
      "Plan Width": 788,
      "Actual Startup Time": 1.753,
      "Actual Total Time": 331.312,
      "Actual Rows": 349,
      "Actual Loops": 1,
      "Plans": [
        {
          "Node Type": "Nested Loop",
          "Parent Relationship": "Outer",
          "Parallel Aware": false,
          "Join Type": "Inner",
          "Startup Cost": 5.11,
          "Total Cost": 17482.79,
          "Plan Rows": 3684,
          "Plan Width": 670,
          "Actual Startup Time": 0.082,
          "Actual Total Time": 215.923,
          "Actual Rows": 36129,
          "Actual Loops": 1,
          "Plans": [
            {
              "Node Type": "Seq Scan",
              "Parent Relationship": "Outer",
              "Parallel Aware": false,
              "Relation Name": "item",
              "Alias": "item",
              "Startup Cost": 0.00,
              "Total Cost": 2250.00,
              "Plan Rows": 46,
              "Plan Width": 503,
              "Actual Startup Time": 0.017,
              "Actual Total Time": 15.311,
              "Actual Rows": 459,
              "Actual Loops": 1,
              "Filter": "((i_category = 'Children'::bpchar) AND (i_class = 'toddlers'::bpchar))",
              "Rows Removed by Filter": 17541
            },
            {
              "Node Type": "Bitmap Heap Scan",
              "Parent Relationship": "Inner",
              "Parallel Aware": false,
              "Relation Name": "catalog_sales",
              "Alias": "catalog_sales",
              "Startup Cost": 5.11,
              "Total Cost": 330.27,
              "Plan Rows": 88,
              "Plan Width": 167,
              "Actual Startup Time": 0.036,
              "Actual Total Time": 0.366,
              "Actual Rows": 79,
              "Actual Loops": 459,
              "Recheck Cond": "(cs_item_sk = item.i_item_sk)",
              "Rows Removed by Index Recheck": 0,
              "Exact Heap Blocks": 36068,
              "Lossy Heap Blocks": 0,
              "Plans": [
                {
                  "Node Type": "Bitmap Index Scan",
                  "Parent Relationship": "Outer",
                  "Parallel Aware": false,
                  "Index Name": "catalog_sales_pkey",
                  "Startup Cost": 0.00,
                  "Total Cost": 5.09,
                  "Plan Rows": 88,
                  "Plan Width": 0,
                  "Actual Startup Time": 0.021,
                  "Actual Total Time": 0.021,
                  "Actual Rows": 79,
                  "Actual Loops": 459,
                  "Index Cond": "(cs_item_sk = item.i_item_sk)"
                }
              ]
            }
          ]
        },
        {
          "Node Type": "Index Scan",
          "Parent Relationship": "Inner",
          "Parallel Aware": false,
          "Scan Direction": "Forward",
          "Index Name": "date_dim_pkey",
          "Relation Name": "date_dim",
          "Alias": "date_dim",
          "Startup Cost": 0.29,
          "Total Cost": 0.32,
          "Plan Rows": 1,
          "Plan Width": 118,
          "Actual Startup Time": 0.003,
          "Actual Total Time": 0.003,
          "Actual Rows": 0,
          "Actual Loops": 36129,
          "Index Cond": "(d_date_sk = catalog_sales.cs_sold_date_sk)",
          "Rows Removed by Index Recheck": 0,
          "Filter": "((d_moy = 5) AND (d_year = 2001))",
          "Rows Removed by Filter": 1
        }
      ]
    },
    "Planning Time": 0.560,
    "Triggers": [
    ],
    "Execution Time": 331.449
  }
]
