[
  {
    "Plan": {
      "Node Type": "Nested Loop",
      "Parallel Aware": false,
      "Join Type": "Inner",
      "Startup Cost": 5.78,
      "Total Cost": 21630.36,
      "Plan Rows": 400,
      "Plan Width": 2426,
      "Actual Startup Time": 0.194,
      "Actual Total Time": 93.005,
      "Actual Rows": 1702,
      "Actual Loops": 1,
      "Join Filter": "(store_sales.ss_store_sk = store.s_store_sk)",
      "Rows Removed by Join Filter": 14528,
      "Plans": [
        {
          "Node Type": "Seq Scan",
          "Parent Relationship": "Outer",
          "Parallel Aware": false,
          "Relation Name": "store",
          "Alias": "store",
          "Startup Cost": 0.00,
          "Total Cost": 1.15,
          "Plan Rows": 1,
          "Plan Width": 1812,
          "Actual Startup Time": 0.018,
          "Actual Total Time": 0.025,
          "Actual Rows": 3,
          "Actual Loops": 1,
          "Filter": "(s_market_id = 8)",
          "Rows Removed by Filter": 9
        },
        {
          "Node Type": "Nested Loop",
          "Parent Relationship": "Inner",
          "Parallel Aware": false,
          "Join Type": "Inner",
          "Startup Cost": 5.78,
          "Total Cost": 21569.21,
          "Plan Rows": 4800,
          "Plan Width": 614,
          "Actual Startup Time": 0.105,
          "Actual Total Time": 29.978,
          "Actual Rows": 5410,
          "Actual Loops": 3,
          "Plans": [
            {
              "Node Type": "Seq Scan",
              "Parent Relationship": "Outer",
              "Parallel Aware": false,
              "Relation Name": "item",
              "Alias": "item",
              "Startup Cost": 0.00,
              "Total Cost": 2205.00,
              "Plan Rows": 30,
              "Plan Width": 503,
              "Actual Startup Time": 0.041,
              "Actual Total Time": 10.656,
              "Actual Rows": 30,
              "Actual Loops": 3,
              "Filter": "(i_color = 'coral'::bpchar)",
              "Rows Removed by Filter": 17970
            },
            {
              "Node Type": "Bitmap Heap Scan",
              "Parent Relationship": "Inner",
              "Parallel Aware": false,
              "Relation Name": "store_sales",
              "Alias": "store_sales",
              "Startup Cost": 5.78,
              "Total Cost": 643.73,
              "Plan Rows": 174,
              "Plan Width": 111,
              "Actual Startup Time": 0.071,
              "Actual Total Time": 0.518,
              "Actual Rows": 180,
              "Actual Loops": 90,
              "Recheck Cond": "(ss_item_sk = item.i_item_sk)",
              "Rows Removed by Index Recheck": 0,
              "Exact Heap Blocks": 16191,
              "Lossy Heap Blocks": 0,
              "Plans": [
                {
                  "Node Type": "Bitmap Index Scan",
                  "Parent Relationship": "Outer",
                  "Parallel Aware": false,
                  "Index Name": "store_sales_pkey",
                  "Startup Cost": 0.00,
                  "Total Cost": 5.73,
                  "Plan Rows": 174,
                  "Plan Width": 0,
                  "Actual Startup Time": 0.042,
                  "Actual Total Time": 0.042,
                  "Actual Rows": 180,
                  "Actual Loops": 90,
                  "Index Cond": "(ss_item_sk = item.i_item_sk)"
                }
              ]
            }
          ]
        }
      ]
    },
    "Planning Time": 0.704,
    "Triggers": [
    ],
    "Execution Time": 93.226
  }
]
