[
  {
    "Plan": {
      "Node Type": "Nested Loop",
      "Parallel Aware": false,
      "Join Type": "Inner",
      "Startup Cost": 5.75,
      "Total Cost": 78561.41,
      "Plan Rows": 1827,
      "Plan Width": 2426,
      "Actual Startup Time": 0.246,
      "Actual Total Time": 399.094,
      "Actual Rows": 7145,
      "Actual Loops": 1,
      "Join Filter": "(store_sales.ss_store_sk = store.s_store_sk)",
      "Rows Removed by Join Filter": 60202,
      "Plans": [
        {
          "Node Type": "Seq Scan",
          "Parent Relationship": "Outer",
          "Parallel Aware": false,
          "Relation Name": "store",
          "Alias": "store",
          "Startup Cost": 0.00,
          "Total Cost": 1.15,
          "Plan Rows": 1,
          "Plan Width": 1812,
          "Actual Startup Time": 0.009,
          "Actual Total Time": 0.016,
          "Actual Rows": 3,
          "Actual Loops": 1,
          "Filter": "(s_market_id = 8)",
          "Rows Removed by Filter": 9
        },
        {
          "Node Type": "Nested Loop",
          "Parent Relationship": "Inner",
          "Parallel Aware": false,
          "Join Type": "Inner",
          "Startup Cost": 5.75,
          "Total Cost": 78286.25,
          "Plan Rows": 21921,
          "Plan Width": 614,
          "Actual Startup Time": 0.153,
          "Actual Total Time": 128.649,
          "Actual Rows": 22449,
          "Actual Loops": 3,
          "Plans": [
            {
              "Node Type": "Seq Scan",
              "Parent Relationship": "Outer",
              "Parallel Aware": false,
              "Relation Name": "item",
              "Alias": "item",
              "Startup Cost": 0.00,
              "Total Cost": 2205.00,
              "Plan Rows": 137,
              "Plan Width": 503,
              "Actual Startup Time": 0.115,
              "Actual Total Time": 13.066,
              "Actual Rows": 137,
              "Actual Loops": 3,
              "Filter": "(i_color = 'lawn'::bpchar)",
              "Rows Removed by Filter": 17863
            },
            {
              "Node Type": "Bitmap Heap Scan",
              "Parent Relationship": "Inner",
              "Parallel Aware": false,
              "Relation Name": "store_sales",
              "Alias": "store_sales",
              "Startup Cost": 5.75,
              "Total Cost": 553.60,
              "Plan Rows": 174,
              "Plan Width": 111,
              "Actual Startup Time": 0.068,
              "Actual Total Time": 0.728,
              "Actual Rows": 164,
              "Actual Loops": 411,
              "Recheck Cond": "(ss_item_sk = item.i_item_sk)",
              "Rows Removed by Index Recheck": 0,
              "Exact Heap Blocks": 67251,
              "Lossy Heap Blocks": 0,
              "Plans": [
                {
                  "Node Type": "Bitmap Index Scan",
                  "Parent Relationship": "Outer",
                  "Parallel Aware": false,
                  "Index Name": "store_sales_pkey",
                  "Startup Cost": 0.00,
                  "Total Cost": 5.71,
                  "Plan Rows": 174,
                  "Plan Width": 0,
                  "Actual Startup Time": 0.040,
                  "Actual Total Time": 0.040,
                  "Actual Rows": 164,
                  "Actual Loops": 411,
                  "Index Cond": "(ss_item_sk = item.i_item_sk)"
                }
              ]
            }
          ]
        }
      ]
    },
    "Planning Time": 0.479,
    "Triggers": [
    ],
    "Execution Time": 399.605
  }
]
