[
  {
    "Plan": {
      "Node Type": "Hash Join",
      "Parallel Aware": false,
      "Join Type": "Inner",
      "Startup Cost": 2683.47,
      "Total Cost": 31342.89,
      "Plan Rows": 89,
      "Plan Width": 285,
      "Actual Startup Time": 17.617,
      "Actual Total Time": 423.355,
      "Actual Rows": 147019,
      "Actual Loops": 1,
      "Hash Cond": "(web_sales.ws_sold_date_sk = date_dim.d_date_sk)",
      "Plans": [
        {
          "Node Type": "Seq Scan",
          "Parent Relationship": "Outer",
          "Parallel Aware": false,
          "Relation Name": "web_sales",
          "Alias": "web_sales",
          "Startup Cost": 0.00,
          "Total Cost": 25960.84,
          "Plan Rows": 719384,
          "Plan Width": 167,
          "Actual Startup Time": 0.027,
          "Actual Total Time": 133.445,
          "Actual Rows": 719384,
          "Actual Loops": 1
        },
        {
          "Node Type": "Hash",
          "Parent Relationship": "Inner",
          "Parallel Aware": false,
          "Startup Cost": 2683.36,
          "Total Cost": 2683.36,
          "Plan Rows": 9,
          "Plan Width": 118,
          "Actual Startup Time": 17.557,
          "Actual Total Time": 17.557,
          "Actual Rows": 365,
          "Actual Loops": 1,
          "Hash Buckets": 1024,
          "Original Hash Buckets": 1024,
          "Hash Batches": 1,
          "Original Hash Batches": 1,
          "Peak Memory Usage": 63,
          "Plans": [
            {
              "Node Type": "Seq Scan",
              "Parent Relationship": "Outer",
              "Parallel Aware": false,
              "Relation Name": "date_dim",
              "Alias": "date_dim",
              "Startup Cost": 0.00,
              "Total Cost": 2683.36,
              "Plan Rows": 9,
              "Plan Width": 118,
              "Actual Startup Time": 7.973,
              "Actual Total Time": 17.497,
              "Actual Rows": 365,
              "Actual Loops": 1,
              "Filter": "((d_week_seq >= 5114) AND (d_week_seq <= 5375) AND (d_year = 2001))",
              "Rows Removed by Filter": 72684
            }
          ]
        }
      ]
    },
    "Planning Time": 0.236,
    "Triggers": [
    ],
    "Execution Time": 428.968
  }
]
