[
  {
    "Plan": {
      "Node Type": "Nested Loop",
      "Parallel Aware": false,
      "Join Type": "Inner",
      "Startup Cost": 2495.08,
      "Total Cost": 60467.00,
      "Plan Rows": 235,
      "Plan Width": 373,
      "Actual Startup Time": 19.116,
      "Actual Total Time": 1098.207,
      "Actual Rows": 9905,
      "Actual Loops": 1,
      "Plans": [
        {
          "Node Type": "Hash Join",
          "Parent Relationship": "Outer",
          "Parallel Aware": false,
          "Join Type": "Inner",
          "Startup Cost": 2494.65,
          "Total Cost": 59830.97,
          "Plan Rows": 1194,
          "Plan Width": 317,
          "Actual Startup Time": 18.699,
          "Actual Total Time": 876.414,
          "Actual Rows": 48280,
          "Actual Loops": 1,
          "Hash Cond": "(catalog_sales.cs_bill_hdemo_sk = household_demographics.hd_demo_sk)",
          "Plans": [
            {
              "Node Type": "Hash Join",
              "Parent Relationship": "Outer",
              "Parallel Aware": false,
              "Join Type": "Inner",
              "Startup Cost": 2322.65,
              "Total Cost": 59620.22,
              "Plan Rows": 7163,
              "Plan Width": 285,
              "Actual Startup Time": 16.710,
              "Actual Total Time": 803.423,
              "Actual Rows": 285688,
              "Actual Loops": 1,
              "Hash Cond": "(catalog_sales.cs_sold_date_sk = date_dim.d_date_sk)",
              "Plans": [
                {
                  "Node Type": "Seq Scan",
                  "Parent Relationship": "Outer",
                  "Parallel Aware": false,
                  "Relation Name": "catalog_sales",
                  "Alias": "catalog_sales",
                  "Startup Cost": 0.00,
                  "Total Cost": 51820.48,
                  "Plan Rows": 1441548,
                  "Plan Width": 167,
                  "Actual Startup Time": 0.007,
                  "Actual Total Time": 261.398,
                  "Actual Rows": 1441548,
                  "Actual Loops": 1
                },
                {
                  "Node Type": "Hash",
                  "Parent Relationship": "Inner",
                  "Parallel Aware": false,
                  "Startup Cost": 2318.11,
                  "Total Cost": 2318.11,
                  "Plan Rows": 363,
                  "Plan Width": 118,
                  "Actual Startup Time": 16.692,
                  "Actual Total Time": 16.692,
                  "Actual Rows": 365,
                  "Actual Loops": 1,
                  "Hash Buckets": 1024,
                  "Original Hash Buckets": 1024,
                  "Hash Batches": 1,
                  "Original Hash Batches": 1,
                  "Peak Memory Usage": 63,
                  "Plans": [
                    {
                      "Node Type": "Seq Scan",
                      "Parent Relationship": "Outer",
                      "Parallel Aware": false,
                      "Relation Name": "date_dim",
                      "Alias": "date_dim",
                      "Startup Cost": 0.00,
                      "Total Cost": 2318.11,
                      "Plan Rows": 363,
                      "Plan Width": 118,
                      "Actual Startup Time": 8.150,
                      "Actual Total Time": 16.617,
                      "Actual Rows": 365,
                      "Actual Loops": 1,
                      "Filter": "(d_year = 1998)",
                      "Rows Removed by Filter": 72684
                    }
                  ]
                }
              ]
            },
            {
              "Node Type": "Hash",
              "Parent Relationship": "Inner",
              "Parallel Aware": false,
              "Startup Cost": 157.00,
              "Total Cost": 157.00,
              "Plan Rows": 1200,
              "Plan Width": 32,
              "Actual Startup Time": 1.908,
              "Actual Total Time": 1.908,
              "Actual Rows": 1200,
              "Actual Loops": 1,
              "Hash Buckets": 2048,
              "Original Hash Buckets": 2048,
              "Hash Batches": 1,
              "Original Hash Batches": 1,
              "Peak Memory Usage": 91,
              "Plans": [
                {
                  "Node Type": "Seq Scan",
                  "Parent Relationship": "Outer",
                  "Parallel Aware": false,
                  "Relation Name": "household_demographics",
                  "Alias": "household_demographics",
                  "Startup Cost": 0.00,
                  "Total Cost": 157.00,
                  "Plan Rows": 1200,
                  "Plan Width": 32,
                  "Actual Startup Time": 0.020,
                  "Actual Total Time": 1.705,
                  "Actual Rows": 1200,
                  "Actual Loops": 1,
                  "Filter": "(hd_buy_potential = 'from1001to5000'::bpchar)",
                  "Rows Removed by Filter": 6000
                }
              ]
            }
          ]
        },
        {
          "Node Type": "Index Scan",
          "Parent Relationship": "Inner",
          "Parallel Aware": false,
          "Scan Direction": "Forward",
          "Index Name": "customer_demographics_pkey",
          "Relation Name": "customer_demographics",
          "Alias": "customer_demographics",
          "Startup Cost": 0.43,
          "Total Cost": 0.52,
          "Plan Rows": 1,
          "Plan Width": 56,
          "Actual Startup Time": 0.004,
          "Actual Total Time": 0.004,
          "Actual Rows": 0,
          "Actual Loops": 48280,
          "Index Cond": "(cd_demo_sk = catalog_sales.cs_bill_cdemo_sk)",
          "Rows Removed by Index Recheck": 0,
          "Filter": "(cd_marital_status = 'M'::bpchar)",
          "Rows Removed by Filter": 1
        }
      ]
    },
    "Planning Time": 0.618,
    "Triggers": [
    ],
    "Execution Time": 1098.804
  }
]
