[
  {
    "Plan": {
      "Node Type": "Hash Join",
      "Parallel Aware": false,
      "Join Type": "Inner",
      "Startup Cost": 85635.71,
      "Total Cost": 109782.56,
      "Plan Rows": 9154,
      "Plan Width": 446,
      "Actual Startup Time": 534.630,
      "Actual Total Time": 836.993,
      "Actual Rows": 8619,
      "Actual Loops": 1,
      "Hash Cond": "(c.c_current_cdemo_sk = customer_demographics.cd_demo_sk)",
      "Plans": [
        {
          "Node Type": "Hash Join",
          "Parent Relationship": "Outer",
          "Parallel Aware": false,
          "Join Type": "Inner",
          "Startup Cost": 1831.71,
          "Total Cost": 6153.25,
          "Plan Rows": 9154,
          "Plan Width": 390,
          "Actual Startup Time": 9.939,
          "Actual Total Time": 39.679,
          "Actual Rows": 8619,
          "Actual Loops": 1,
          "Hash Cond": "(c.c_current_addr_sk = ca.ca_address_sk)",
          "Plans": [
            {
              "Node Type": "Seq Scan",
              "Parent Relationship": "Outer",
              "Parallel Aware": false,
              "Relation Name": "customer",
              "Alias": "c",
              "Startup Cost": 0.00,
              "Total Cost": 3855.00,
              "Plan Rows": 100000,
              "Plan Width": 245,
              "Actual Startup Time": 0.004,
              "Actual Total Time": 10.418,
              "Actual Rows": 94736,
              "Actual Loops": 1
            },
            {
              "Node Type": "Hash",
              "Parent Relationship": "Inner",
              "Parallel Aware": false,
              "Startup Cost": 1774.50,
              "Total Cost": 1774.50,
              "Plan Rows": 4577,
              "Plan Width": 145,
              "Actual Startup Time": 9.925,
              "Actual Total Time": 9.925,
              "Actual Rows": 4611,
              "Actual Loops": 1,
              "Hash Buckets": 8192,
              "Original Hash Buckets": 8192,
              "Hash Batches": 1,
              "Original Hash Batches": 1,
              "Peak Memory Usage": 863,
              "Plans": [
                {
                  "Node Type": "Seq Scan",
                  "Parent Relationship": "Outer",
                  "Parallel Aware": false,
                  "Relation Name": "customer_address",
                  "Alias": "ca",
                  "Startup Cost": 0.00,
                  "Total Cost": 1774.50,
                  "Plan Rows": 4577,
                  "Plan Width": 145,
                  "Actual Startup Time": 0.005,
                  "Actual Total Time": 9.425,
                  "Actual Rows": 4611,
                  "Actual Loops": 1,
                  "Filter": "(ca_state = ANY ('{SD,KY,MO}'::bpchar[]))",
                  "Rows Removed by Filter": 45389
                }
              ]
            }
          ]
        },
        {
          "Node Type": "Hash",
          "Parent Relationship": "Inner",
          "Parallel Aware": false,
          "Startup Cost": 41036.00,
          "Total Cost": 41036.00,
          "Plan Rows": 1920800,
          "Plan Width": 56,
          "Actual Startup Time": 524.182,
          "Actual Total Time": 524.182,
          "Actual Rows": 1920800,
          "Actual Loops": 1,
          "Hash Buckets": 1048576,
          "Original Hash Buckets": 1048576,
          "Hash Batches": 4,
          "Original Hash Batches": 4,
          "Peak Memory Usage": 51355,
          "Plans": [
            {
              "Node Type": "Seq Scan",
              "Parent Relationship": "Outer",
              "Parallel Aware": false,
              "Relation Name": "customer_demographics",
              "Alias": "customer_demographics",
              "Startup Cost": 0.00,
              "Total Cost": 41036.00,
              "Plan Rows": 1920800,
              "Plan Width": 56,
              "Actual Startup Time": 0.012,
              "Actual Total Time": 156.361,
              "Actual Rows": 1920800,
              "Actual Loops": 1
            }
          ]
        }
      ]
    },
    "Planning Time": 0.225,
    "Triggers": [
    ],
    "Execution Time": 840.116
  }
]
