[
  {
    "Plan": {
      "Node Type": "Nested Loop",
      "Parallel Aware": false,
      "Join Type": "Inner",
      "Startup Cost": 58101.78,
      "Total Cost": 64543.79,
      "Plan Rows": 1,
      "Plan Width": 678,
      "Actual Startup Time": 326.779,
      "Actual Total Time": 326.779,
      "Actual Rows": 0,
      "Actual Loops": 1,
      "Join Filter": "(customer.c_current_addr_sk = customer_address.ca_address_sk)",
      "Rows Removed by Join Filter": 0,
      "Plans": [
        {
          "Node Type": "Hash Join",
          "Parent Relationship": "Outer",
          "Parallel Aware": false,
          "Join Type": "Inner",
          "Startup Cost": 58101.78,
          "Total Cost": 62331.79,
          "Plan Rows": 1,
          "Plan Width": 533,
          "Actual Startup Time": 326.779,
          "Actual Total Time": 326.779,
          "Actual Rows": 0,
          "Actual Loops": 1,
          "Hash Cond": "(customer.c_customer_sk = catalog_sales.cs_bill_customer_sk)",
          "Plans": [
            {
              "Node Type": "Seq Scan",
              "Parent Relationship": "Outer",
              "Parallel Aware": false,
              "Relation Name": "customer",
              "Alias": "customer",
              "Startup Cost": 0.00,
              "Total Cost": 3855.00,
              "Plan Rows": 100000,
              "Plan Width": 245,
              "Actual Startup Time": 0.006,
              "Actual Total Time": 0.006,
              "Actual Rows": 1,
              "Actual Loops": 1
            },
            {
              "Node Type": "Hash",
              "Parent Relationship": "Inner",
              "Parallel Aware": false,
              "Startup Cost": 58101.77,
              "Total Cost": 58101.77,
              "Plan Rows": 1,
              "Plan Width": 288,
              "Actual Startup Time": 326.766,
              "Actual Total Time": 326.766,
              "Actual Rows": 0,
              "Actual Loops": 1,
              "Hash Buckets": 1024,
              "Original Hash Buckets": 1024,
              "Hash Batches": 1,
              "Original Hash Batches": 1,
              "Peak Memory Usage": 8,
              "Plans": [
                {
                  "Node Type": "Nested Loop",
                  "Parent Relationship": "Outer",
                  "Parallel Aware": false,
                  "Join Type": "Inner",
                  "Startup Cost": 0.00,
                  "Total Cost": 58101.77,
                  "Plan Rows": 1,
                  "Plan Width": 288,
                  "Actual Startup Time": 326.766,
                  "Actual Total Time": 326.766,
                  "Actual Rows": 0,
                  "Actual Loops": 1,
                  "Join Filter": "(catalog_sales.cs_sold_date_sk = date_dim.d_date_sk)",
                  "Rows Removed by Join Filter": 0,
                  "Plans": [
                    {
                      "Node Type": "Seq Scan",
                      "Parent Relationship": "Outer",
                      "Parallel Aware": false,
                      "Relation Name": "catalog_sales",
                      "Alias": "catalog_sales",
                      "Startup Cost": 0.00,
                      "Total Cost": 55413.12,
                      "Plan Rows": 136,
                      "Plan Width": 170,
                      "Actual Startup Time": 326.765,
                      "Actual Total Time": 326.765,
                      "Actual Rows": 0,
                      "Actual Loops": 1,
                      "Filter": "(cs_sales_price > '500'::numeric)",
                      "Rows Removed by Filter": 1343336
                    },
                    {
                      "Node Type": "Materialize",
                      "Parent Relationship": "Inner",
                      "Parallel Aware": false,
                      "Startup Cost": 0.00,
                      "Total Cost": 2501.19,
                      "Plan Rows": 92,
                      "Plan Width": 118,
                      "Actual Startup Time": 0.000,
                      "Actual Total Time": 0.000,
                      "Actual Rows": 0,
                      "Actual Loops": 0,
                      "Plans": [
                        {
                          "Node Type": "Seq Scan",
                          "Parent Relationship": "Outer",
                          "Parallel Aware": false,
                          "Relation Name": "date_dim",
                          "Alias": "date_dim",
                          "Startup Cost": 0.00,
                          "Total Cost": 2500.73,
                          "Plan Rows": 92,
                          "Plan Width": 118,
                          "Actual Startup Time": 0.000,
                          "Actual Total Time": 0.000,
                          "Actual Rows": 0,
                          "Actual Loops": 0,
                          "Filter": "((d_qoy = 2) AND (d_year = 1998))",
                          "Rows Removed by Filter": 0
                        }
                      ]
                    }
                  ]
                }
              ]
            }
          ]
        },
        {
          "Node Type": "Seq Scan",
          "Parent Relationship": "Inner",
          "Parallel Aware": false,
          "Relation Name": "customer_address",
          "Alias": "customer_address",
          "Startup Cost": 0.00,
          "Total Cost": 1587.00,
          "Plan Rows": 50000,
          "Plan Width": 145,
          "Actual Startup Time": 0.000,
          "Actual Total Time": 0.000,
          "Actual Rows": 0,
          "Actual Loops": 0
        }
      ]
    },
    "Planning Time": 0.453,
    "Triggers": [
    ],
    "Execution Time": 326.861
  }
]
