[
  {
    "Plan": {
      "Node Type": "Hash Join",
      "Parallel Aware": false,
      "Join Type": "Inner",
      "Startup Cost": 4053.16,
      "Total Cost": 61260.02,
      "Plan Rows": 173,
      "Plan Width": 791,
      "Actual Startup Time": 81.129,
      "Actual Total Time": 278.039,
      "Actual Rows": 4077,
      "Actual Loops": 1,
      "Hash Cond": "(catalog_sales.cs_item_sk = item.i_item_sk)",
      "Plans": [
        {
          "Node Type": "Hash Join",
          "Parent Relationship": "Outer",
          "Parallel Aware": false,
          "Join Type": "Inner",
          "Startup Cost": 2501.10,
          "Total Cost": 59704.10,
          "Plan Rows": 567,
          "Plan Width": 288,
          "Actual Startup Time": 68.929,
          "Actual Total Time": 261.626,
          "Actual Rows": 13400,
          "Actual Loops": 1,
          "Hash Cond": "(catalog_sales.cs_sold_date_sk = date_dim.d_date_sk)",
          "Plans": [
            {
              "Node Type": "Seq Scan",
              "Parent Relationship": "Outer",
              "Parallel Aware": false,
              "Relation Name": "catalog_sales",
              "Alias": "catalog_sales",
              "Startup Cost": 0.00,
              "Total Cost": 51844.70,
              "Plan Rows": 1427370,
              "Plan Width": 170,
              "Actual Startup Time": 0.008,
              "Actual Total Time": 132.043,
              "Actual Rows": 1343336,
              "Actual Loops": 1
            },
            {
              "Node Type": "Hash",
              "Parent Relationship": "Inner",
              "Parallel Aware": false,
              "Startup Cost": 2500.73,
              "Total Cost": 2500.73,
              "Plan Rows": 29,
              "Plan Width": 118,
              "Actual Startup Time": 14.174,
              "Actual Total Time": 14.174,
              "Actual Rows": 31,
              "Actual Loops": 1,
              "Hash Buckets": 1024,
              "Original Hash Buckets": 1024,
              "Hash Batches": 1,
              "Original Hash Batches": 1,
              "Peak Memory Usage": 13,
              "Plans": [
                {
                  "Node Type": "Seq Scan",
                  "Parent Relationship": "Outer",
                  "Parallel Aware": false,
                  "Relation Name": "date_dim",
                  "Alias": "date_dim",
                  "Startup Cost": 0.00,
                  "Total Cost": 2500.73,
                  "Plan Rows": 29,
                  "Plan Width": 118,
                  "Actual Startup Time": 8.067,
                  "Actual Total Time": 14.162,
                  "Actual Rows": 31,
                  "Actual Loops": 1,
                  "Filter": "((d_date >= '1999-06-03'::date) AND (d_date <= '1999-07-03'::date))",
                  "Rows Removed by Filter": 73018
                }
              ]
            }
          ]
        },
        {
          "Node Type": "Hash",
          "Parent Relationship": "Inner",
          "Parallel Aware": false,
          "Startup Cost": 1483.50,
          "Total Cost": 1483.50,
          "Plan Rows": 5485,
          "Plan Width": 503,
          "Actual Startup Time": 11.999,
          "Actual Total Time": 11.999,
          "Actual Rows": 5485,
          "Actual Loops": 1,
          "Hash Buckets": 8192,
          "Original Hash Buckets": 8192,
          "Hash Batches": 1,
          "Original Hash Batches": 1,
          "Peak Memory Usage": 2991,
          "Plans": [
            {
              "Node Type": "Seq Scan",
              "Parent Relationship": "Outer",
              "Parallel Aware": false,
              "Relation Name": "item",
              "Alias": "item",
              "Startup Cost": 0.00,
              "Total Cost": 1483.50,
              "Plan Rows": 5485,
              "Plan Width": 503,
              "Actual Startup Time": 0.006,
              "Actual Total Time": 10.840,
              "Actual Rows": 5485,
              "Actual Loops": 1,
              "Filter": "(i_category = ANY ('{Shoes,Women,Music}'::bpchar[]))",
              "Rows Removed by Filter": 12515
            }
          ]
        }
      ]
    },
    "Planning Time": 0.238,
    "Triggers": [
    ],
    "Execution Time": 278.251
  }
]
