[
  {
    "Plan": {
      "Node Type": "Hash Join",
      "Parallel Aware": false,
      "Join Type": "Inner",
      "Startup Cost": 7609.51,
      "Total Cost": 64947.00,
      "Plan Rows": 5901,
      "Plan Width": 533,
      "Actual Startup Time": 170.735,
      "Actual Total Time": 540.051,
      "Actual Rows": 268834,
      "Actual Loops": 1,
      "Hash Cond": "(catalog_sales.cs_bill_customer_sk = customer.c_customer_sk)",
      "Plans": [
        {
          "Node Type": "Hash Join",
          "Parent Relationship": "Outer",
          "Parallel Aware": false,
          "Join Type": "Inner",
          "Startup Cost": 2504.51,
          "Total Cost": 59760.86,
          "Plan Rows": 5901,
          "Plan Width": 288,
          "Actual Startup Time": 137.540,
          "Actual Total Time": 385.459,
          "Actual Rows": 268834,
          "Actual Loops": 1,
          "Hash Cond": "(catalog_sales.cs_sold_date_sk = date_dim.d_date_sk)",
          "Plans": [
            {
              "Node Type": "Seq Scan",
              "Parent Relationship": "Outer",
              "Parallel Aware": false,
              "Relation Name": "catalog_sales",
              "Alias": "catalog_sales",
              "Startup Cost": 0.00,
              "Total Cost": 51844.70,
              "Plan Rows": 1427370,
              "Plan Width": 170,
              "Actual Startup Time": 0.005,
              "Actual Total Time": 121.890,
              "Actual Rows": 1343336,
              "Actual Loops": 1
            },
            {
              "Node Type": "Hash",
              "Parent Relationship": "Inner",
              "Parallel Aware": false,
              "Startup Cost": 2500.73,
              "Total Cost": 2500.73,
              "Plan Rows": 302,
              "Plan Width": 118,
              "Actual Startup Time": 15.331,
              "Actual Total Time": 15.331,
              "Actual Rows": 365,
              "Actual Loops": 1,
              "Hash Buckets": 1024,
              "Original Hash Buckets": 1024,
              "Hash Batches": 1,
              "Original Hash Batches": 1,
              "Peak Memory Usage": 63,
              "Plans": [
                {
                  "Node Type": "Seq Scan",
                  "Parent Relationship": "Outer",
                  "Parallel Aware": false,
                  "Relation Name": "date_dim",
                  "Alias": "date_dim",
                  "Startup Cost": 0.00,
                  "Total Cost": 2500.73,
                  "Plan Rows": 302,
                  "Plan Width": 118,
                  "Actual Startup Time": 4.558,
                  "Actual Total Time": 15.229,
                  "Actual Rows": 365,
                  "Actual Loops": 1,
                  "Filter": "((d_month_seq >= 1214) AND (d_month_seq <= 1225))",
                  "Rows Removed by Filter": 72684
                }
              ]
            }
          ]
        },
        {
          "Node Type": "Hash",
          "Parent Relationship": "Inner",
          "Parallel Aware": false,
          "Startup Cost": 3855.00,
          "Total Cost": 3855.00,
          "Plan Rows": 100000,
          "Plan Width": 245,
          "Actual Startup Time": 33.135,
          "Actual Total Time": 33.135,
          "Actual Rows": 94736,
          "Actual Loops": 1,
          "Hash Buckets": 131072,
          "Original Hash Buckets": 131072,
          "Hash Batches": 1,
          "Original Hash Batches": 1,
          "Peak Memory Usage": 22700,
          "Plans": [
            {
              "Node Type": "Seq Scan",
              "Parent Relationship": "Outer",
              "Parallel Aware": false,
              "Relation Name": "customer",
              "Alias": "customer",
              "Startup Cost": 0.00,
              "Total Cost": 3855.00,
              "Plan Rows": 100000,
              "Plan Width": 245,
              "Actual Startup Time": 0.011,
              "Actual Total Time": 11.356,
              "Actual Rows": 94736,
              "Actual Loops": 1
            }
          ]
        }
      ]
    },
    "Planning Time": 0.221,
    "Triggers": [
    ],
    "Execution Time": 549.289
  }
]
