[
  {
    "Plan": {
      "Node Type": "Hash Join",
      "Parallel Aware": false,
      "Join Type": "Inner",
      "Startup Cost": 6951.47,
      "Total Cost": 64157.32,
      "Plan Rows": 3,
      "Plan Width": 894,
      "Actual Startup Time": 255.619,
      "Actual Total Time": 290.370,
      "Actual Rows": 306,
      "Actual Loops": 1,
      "Hash Cond": "(catalog_sales.cs_sold_time_sk = time_dim.t_time_sk)",
      "Plans": [
        {
          "Node Type": "Hash Join",
          "Parent Relationship": "Outer",
          "Parallel Aware": false,
          "Join Type": "Inner",
          "Startup Cost": 3966.13,
          "Total Cost": 61171.92,
          "Plan Rows": 11,
          "Plan Width": 791,
          "Actual Startup Time": 240.076,
          "Actual Total Time": 274.580,
          "Actual Rows": 821,
          "Actual Loops": 1,
          "Hash Cond": "(catalog_sales.cs_item_sk = item.i_item_sk)",
          "Plans": [
            {
              "Node Type": "Hash Join",
              "Parent Relationship": "Outer",
              "Parallel Aware": false,
              "Join Type": "Inner",
              "Startup Cost": 2501.12,
              "Total Cost": 59704.52,
              "Plan Rows": 606,
              "Plan Width": 288,
              "Actual Startup Time": 218.751,
              "Actual Total Time": 265.687,
              "Actual Rows": 45672,
              "Actual Loops": 1,
              "Hash Cond": "(catalog_sales.cs_sold_date_sk = date_dim.d_date_sk)",
              "Plans": [
                {
                  "Node Type": "Seq Scan",
                  "Parent Relationship": "Outer",
                  "Parallel Aware": false,
                  "Relation Name": "catalog_sales",
                  "Alias": "catalog_sales",
                  "Startup Cost": 0.00,
                  "Total Cost": 51844.70,
                  "Plan Rows": 1427370,
                  "Plan Width": 170,
                  "Actual Startup Time": 0.006,
                  "Actual Total Time": 126.749,
                  "Actual Rows": 1343336,
                  "Actual Loops": 1
                },
                {
                  "Node Type": "Hash",
                  "Parent Relationship": "Inner",
                  "Parallel Aware": false,
                  "Startup Cost": 2500.73,
                  "Total Cost": 2500.73,
                  "Plan Rows": 31,
                  "Plan Width": 118,
                  "Actual Startup Time": 11.656,
                  "Actual Total Time": 11.657,
                  "Actual Rows": 31,
                  "Actual Loops": 1,
                  "Hash Buckets": 1024,
                  "Original Hash Buckets": 1024,
                  "Hash Batches": 1,
                  "Original Hash Batches": 1,
                  "Peak Memory Usage": 13,
                  "Plans": [
                    {
                      "Node Type": "Seq Scan",
                      "Parent Relationship": "Outer",
                      "Parallel Aware": false,
                      "Relation Name": "date_dim",
                      "Alias": "date_dim",
                      "Startup Cost": 0.00,
                      "Total Cost": 2500.73,
                      "Plan Rows": 31,
                      "Plan Width": 118,
                      "Actual Startup Time": 5.247,
                      "Actual Total Time": 11.646,
                      "Actual Rows": 31,
                      "Actual Loops": 1,
                      "Filter": "((d_moy = 12) AND (d_year = 2002))",
                      "Rows Removed by Filter": 73018
                    }
                  ]
                }
              ]
            },
            {
              "Node Type": "Hash",
              "Parent Relationship": "Inner",
              "Parallel Aware": false,
              "Startup Cost": 1461.00,
              "Total Cost": 1461.00,
              "Plan Rows": 321,
              "Plan Width": 503,
              "Actual Startup Time": 5.192,
              "Actual Total Time": 5.192,
              "Actual Rows": 321,
              "Actual Loops": 1,
              "Hash Buckets": 1024,
              "Original Hash Buckets": 1024,
              "Hash Batches": 1,
              "Original Hash Batches": 1,
              "Peak Memory Usage": 180,
              "Plans": [
                {
                  "Node Type": "Seq Scan",
                  "Parent Relationship": "Outer",
                  "Parallel Aware": false,
                  "Relation Name": "item",
                  "Alias": "item",
                  "Startup Cost": 0.00,
                  "Total Cost": 1461.00,
                  "Plan Rows": 321,
                  "Plan Width": 503,
                  "Actual Startup Time": 0.021,
                  "Actual Total Time": 5.132,
                  "Actual Rows": 321,
                  "Actual Loops": 1,
                  "Filter": "(i_manager_id = 1)",
                  "Rows Removed by Filter": 17679
                }
              ]
            }
          ]
        },
        {
          "Node Type": "Hash",
          "Parent Relationship": "Inner",
          "Parallel Aware": false,
          "Startup Cost": 2693.00,
          "Total Cost": 2693.00,
          "Plan Rows": 23387,
          "Plan Width": 103,
          "Actual Startup Time": 15.412,
          "Actual Total Time": 15.412,
          "Actual Rows": 25200,
          "Actual Loops": 1,
          "Hash Buckets": 32768,
          "Original Hash Buckets": 32768,
          "Hash Batches": 1,
          "Original Hash Batches": 1,
          "Peak Memory Usage": 3653,
          "Plans": [
            {
              "Node Type": "Seq Scan",
              "Parent Relationship": "Outer",
              "Parallel Aware": false,
              "Relation Name": "time_dim",
              "Alias": "time_dim",
              "Startup Cost": 0.00,
              "Total Cost": 2693.00,
              "Plan Rows": 23387,
              "Plan Width": 103,
              "Actual Startup Time": 2.094,
              "Actual Total Time": 12.808,
              "Actual Rows": 25200,
              "Actual Loops": 1,
              "Filter": "((t_meal_time = 'breakfast'::bpchar) OR (t_meal_time = 'dinner'::bpchar))",
              "Rows Removed by Filter": 61200
            }
          ]
        }
      ]
    },
    "Planning Time": 0.318,
    "Triggers": [
    ],
    "Execution Time": 290.471
  }
]
