[
  {
    "Plan": {
      "Node Type": "Hash Join",
      "Parallel Aware": false,
      "Join Type": "Inner",
      "Startup Cost": 4696.04,
      "Total Cost": 62204.06,
      "Plan Rows": 8285,
      "Plan Width": 1201,
      "Actual Startup Time": 49.333,
      "Actual Total Time": 853.081,
      "Actual Rows": 327445,
      "Actual Loops": 1,
      "Hash Cond": "(catalog_sales.cs_call_center_sk = call_center.cc_call_center_sk)",
      "Plans": [
        {
          "Node Type": "Hash Join",
          "Parent Relationship": "Outer",
          "Parallel Aware": false,
          "Join Type": "Inner",
          "Startup Cost": 4694.90,
          "Total Cost": 62089.01,
          "Plan Rows": 8285,
          "Plan Width": 791,
          "Actual Startup Time": 49.316,
          "Actual Total Time": 667.852,
          "Actual Rows": 327445,
          "Actual Loops": 1,
          "Hash Cond": "(catalog_sales.cs_item_sk = item.i_item_sk)",
          "Plans": [
            {
              "Node Type": "Hash Join",
              "Parent Relationship": "Outer",
              "Parallel Aware": false,
              "Join Type": "Inner",
              "Startup Cost": 3053.90,
              "Total Cost": 60334.09,
              "Plan Rows": 8285,
              "Plan Width": 288,
              "Actual Startup Time": 40.752,
              "Actual Total Time": 439.658,
              "Actual Rows": 327445,
              "Actual Loops": 1,
              "Hash Cond": "(catalog_sales.cs_sold_date_sk = date_dim.d_date_sk)",
              "Plans": [
                {
                  "Node Type": "Seq Scan",
                  "Parent Relationship": "Outer",
                  "Parallel Aware": false,
                  "Relation Name": "catalog_sales",
                  "Alias": "catalog_sales",
                  "Startup Cost": 0.00,
                  "Total Cost": 51844.70,
                  "Plan Rows": 1427370,
                  "Plan Width": 170,
                  "Actual Startup Time": 0.006,
                  "Actual Total Time": 139.226,
                  "Actual Rows": 1343336,
                  "Actual Loops": 1
                },
                {
                  "Node Type": "Hash",
                  "Parent Relationship": "Inner",
                  "Parallel Aware": false,
                  "Startup Cost": 3048.60,
                  "Total Cost": 3048.60,
                  "Plan Rows": 424,
                  "Plan Width": 118,
                  "Actual Startup Time": 14.132,
                  "Actual Total Time": 14.132,
                  "Actual Rows": 427,
                  "Actual Loops": 1,
                  "Hash Buckets": 1024,
                  "Original Hash Buckets": 1024,
                  "Hash Batches": 1,
                  "Original Hash Batches": 1,
                  "Peak Memory Usage": 73,
                  "Plans": [
                    {
                      "Node Type": "Seq Scan",
                      "Parent Relationship": "Outer",
                      "Parallel Aware": false,
                      "Relation Name": "date_dim",
                      "Alias": "date_dim",
                      "Startup Cost": 0.00,
                      "Total Cost": 3048.60,
                      "Plan Rows": 424,
                      "Plan Width": 118,
                      "Actual Startup Time": 7.009,
                      "Actual Total Time": 14.042,
                      "Actual Rows": 427,
                      "Actual Loops": 1,
                      "Filter": "((d_year = 1999) OR ((d_year = 1998) AND (d_moy = 12)) OR ((d_year = 2000) AND (d_moy = 1)))",
                      "Rows Removed by Filter": 72622
                    }
                  ]
                }
              ]
            },
            {
              "Node Type": "Hash",
              "Parent Relationship": "Inner",
              "Parallel Aware": false,
              "Startup Cost": 1416.00,
              "Total Cost": 1416.00,
              "Plan Rows": 18000,
              "Plan Width": 503,
              "Actual Startup Time": 8.543,
              "Actual Total Time": 8.543,
              "Actual Rows": 18000,
              "Actual Loops": 1,
              "Hash Buckets": 32768,
              "Original Hash Buckets": 32768,
              "Hash Batches": 1,
              "Original Hash Batches": 1,
              "Peak Memory Usage": 9840,
              "Plans": [
                {
                  "Node Type": "Seq Scan",
                  "Parent Relationship": "Outer",
                  "Parallel Aware": false,
                  "Relation Name": "item",
                  "Alias": "item",
                  "Startup Cost": 0.00,
                  "Total Cost": 1416.00,
                  "Plan Rows": 18000,
                  "Plan Width": 503,
                  "Actual Startup Time": 0.003,
                  "Actual Total Time": 2.206,
                  "Actual Rows": 18000,
                  "Actual Loops": 1
                }
              ]
            }
          ]
        },
        {
          "Node Type": "Hash",
          "Parent Relationship": "Inner",
          "Parallel Aware": false,
          "Startup Cost": 1.06,
          "Total Cost": 1.06,
          "Plan Rows": 6,
          "Plan Width": 410,
          "Actual Startup Time": 0.007,
          "Actual Total Time": 0.007,
          "Actual Rows": 6,
          "Actual Loops": 1,
          "Hash Buckets": 1024,
          "Original Hash Buckets": 1024,
          "Hash Batches": 1,
          "Original Hash Batches": 1,
          "Peak Memory Usage": 11,
          "Plans": [
            {
              "Node Type": "Seq Scan",
              "Parent Relationship": "Outer",
              "Parallel Aware": false,
              "Relation Name": "call_center",
              "Alias": "call_center",
              "Startup Cost": 0.00,
              "Total Cost": 1.06,
              "Plan Rows": 6,
              "Plan Width": 410,
              "Actual Startup Time": 0.004,
              "Actual Total Time": 0.005,
              "Actual Rows": 6,
              "Actual Loops": 1
            }
          ]
        }
      ]
    },
    "Planning Time": 0.499,
    "Triggers": [
    ],
    "Execution Time": 863.496
  }
]
