[
  {
    "Plan": {
      "Node Type": "Hash Join",
      "Parallel Aware": false,
      "Join Type": "Inner",
      "Startup Cost": 31323.21,
      "Total Cost": 35806.26,
      "Plan Rows": 305,
      "Plan Width": 534,
      "Actual Startup Time": 136.235,
      "Actual Total Time": 158.985,
      "Actual Rows": 6322,
      "Actual Loops": 1,
      "Hash Cond": "(customer.c_customer_sk = web_sales.ws_bill_customer_sk)",
      "Plans": [
        {
          "Node Type": "Seq Scan",
          "Parent Relationship": "Outer",
          "Parallel Aware": false,
          "Relation Name": "customer",
          "Alias": "customer",
          "Startup Cost": 0.00,
          "Total Cost": 3855.00,
          "Plan Rows": 100000,
          "Plan Width": 245,
          "Actual Startup Time": 0.004,
          "Actual Total Time": 8.700,
          "Actual Rows": 94736,
          "Actual Loops": 1
        },
        {
          "Node Type": "Hash",
          "Parent Relationship": "Inner",
          "Parallel Aware": false,
          "Startup Cost": 31319.40,
          "Total Cost": 31319.40,
          "Plan Rows": 305,
          "Plan Width": 289,
          "Actual Startup Time": 136.204,
          "Actual Total Time": 136.204,
          "Actual Rows": 6322,
          "Actual Loops": 1,
          "Hash Buckets": 8192,
          "Original Hash Buckets": 1024,
          "Hash Batches": 1,
          "Original Hash Batches": 1,
          "Peak Memory Usage": 2148,
          "Plans": [
            {
              "Node Type": "Hash Join",
              "Parent Relationship": "Outer",
              "Parallel Aware": false,
              "Join Type": "Inner",
              "Startup Cost": 2501.12,
              "Total Cost": 31319.40,
              "Plan Rows": 305,
              "Plan Width": 289,
              "Actual Startup Time": 9.539,
              "Actual Total Time": 130.625,
              "Actual Rows": 6322,
              "Actual Loops": 1,
              "Hash Cond": "(web_sales.ws_sold_date_sk = date_dim.d_date_sk)",
              "Plans": [
                {
                  "Node Type": "Seq Scan",
                  "Parent Relationship": "Outer",
                  "Parallel Aware": false,
                  "Relation Name": "web_sales",
                  "Alias": "web_sales",
                  "Startup Cost": 0.00,
                  "Total Cost": 26118.71,
                  "Plan Rows": 719071,
                  "Plan Width": 171,
                  "Actual Startup Time": 0.003,
                  "Actual Total Time": 64.315,
                  "Actual Rows": 648025,
                  "Actual Loops": 1
                },
                {
                  "Node Type": "Hash",
                  "Parent Relationship": "Inner",
                  "Parallel Aware": false,
                  "Startup Cost": 2500.73,
                  "Total Cost": 2500.73,
                  "Plan Rows": 31,
                  "Plan Width": 118,
                  "Actual Startup Time": 9.405,
                  "Actual Total Time": 9.405,
                  "Actual Rows": 30,
                  "Actual Loops": 1,
                  "Hash Buckets": 1024,
                  "Original Hash Buckets": 1024,
                  "Hash Batches": 1,
                  "Original Hash Batches": 1,
                  "Peak Memory Usage": 13,
                  "Plans": [
                    {
                      "Node Type": "Seq Scan",
                      "Parent Relationship": "Outer",
                      "Parallel Aware": false,
                      "Relation Name": "date_dim",
                      "Alias": "date_dim",
                      "Startup Cost": 0.00,
                      "Total Cost": 2500.73,
                      "Plan Rows": 31,
                      "Plan Width": 118,
                      "Actual Startup Time": 4.761,
                      "Actual Total Time": 9.395,
                      "Actual Rows": 30,
                      "Actual Loops": 1,
                      "Filter": "((d_year = 1999) AND (d_moy = 6))",
                      "Rows Removed by Filter": 73019
                    }
                  ]
                }
              ]
            }
          ]
        }
      ]
    },
    "Planning Time": 0.228,
    "Triggers": [
    ],
    "Execution Time": 159.267
  }
]
