[
  {
    "Plan": {
      "Node Type": "Hash Join",
      "Parallel Aware": false,
      "Join Type": "Inner",
      "Startup Cost": 4532.54,
      "Total Cost": 65185.79,
      "Plan Rows": 145512,
      "Plan Width": 791,
      "Actual Startup Time": 27.241,
      "Actual Total Time": 589.307,
      "Actual Rows": 137200,
      "Actual Loops": 1,
      "Hash Cond": "(catalog_sales.cs_sold_date_sk = date_dim.d_date_sk)",
      "Plans": [
        {
          "Node Type": "Hash Join",
          "Parent Relationship": "Outer",
          "Parallel Aware": false,
          "Join Type": "Inner",
          "Startup Cost": 1483.94,
          "Total Cost": 60136.40,
          "Plan Rows": 145512,
          "Plan Width": 673,
          "Actual Startup Time": 6.405,
          "Actual Total Time": 492.322,
          "Actual Rows": 137200,
          "Actual Loops": 1,
          "Hash Cond": "(catalog_sales.cs_item_sk = item.i_item_sk)",
          "Plans": [
            {
              "Node Type": "Seq Scan",
              "Parent Relationship": "Outer",
              "Parallel Aware": false,
              "Relation Name": "catalog_sales",
              "Alias": "catalog_sales",
              "Startup Cost": 0.00,
              "Total Cost": 51844.70,
              "Plan Rows": 1427370,
              "Plan Width": 170,
              "Actual Startup Time": 0.007,
              "Actual Total Time": 142.907,
              "Actual Rows": 1343336,
              "Actual Loops": 1
            },
            {
              "Node Type": "Hash",
              "Parent Relationship": "Inner",
              "Parallel Aware": false,
              "Startup Cost": 1461.00,
              "Total Cost": 1461.00,
              "Plan Rows": 1835,
              "Plan Width": 503,
              "Actual Startup Time": 6.384,
              "Actual Total Time": 6.384,
              "Actual Rows": 1835,
              "Actual Loops": 1,
              "Hash Buckets": 2048,
              "Original Hash Buckets": 2048,
              "Hash Batches": 1,
              "Original Hash Batches": 1,
              "Peak Memory Usage": 999,
              "Plans": [
                {
                  "Node Type": "Seq Scan",
                  "Parent Relationship": "Outer",
                  "Parallel Aware": false,
                  "Relation Name": "item",
                  "Alias": "item",
                  "Startup Cost": 0.00,
                  "Total Cost": 1461.00,
                  "Plan Rows": 1835,
                  "Plan Width": 503,
                  "Actual Startup Time": 0.017,
                  "Actual Total Time": 6.089,
                  "Actual Rows": 1835,
                  "Actual Loops": 1,
                  "Filter": "(i_category = 'Shoes'::bpchar)",
                  "Rows Removed by Filter": 16165
                }
              ]
            }
          ]
        },
        {
          "Node Type": "Hash",
          "Parent Relationship": "Inner",
          "Parallel Aware": false,
          "Startup Cost": 2135.49,
          "Total Cost": 2135.49,
          "Plan Rows": 73049,
          "Plan Width": 118,
          "Actual Startup Time": 20.782,
          "Actual Total Time": 20.782,
          "Actual Rows": 73049,
          "Actual Loops": 1,
          "Hash Buckets": 131072,
          "Original Hash Buckets": 131072,
          "Hash Batches": 1,
          "Original Hash Batches": 1,
          "Peak Memory Usage": 12010,
          "Plans": [
            {
              "Node Type": "Seq Scan",
              "Parent Relationship": "Outer",
              "Parallel Aware": false,
              "Relation Name": "date_dim",
              "Alias": "date_dim",
              "Startup Cost": 0.00,
              "Total Cost": 2135.49,
              "Plan Rows": 73049,
              "Plan Width": 118,
              "Actual Startup Time": 0.008,
              "Actual Total Time": 7.293,
              "Actual Rows": 73049,
              "Actual Loops": 1
            }
          ]
        }
      ]
    },
    "Planning Time": 0.241,
    "Triggers": [
    ],
    "Execution Time": 594.197
  }
]
