[
  {
    "Plan": {
      "Node Type": "Hash Join",
      "Parallel Aware": false,
      "Join Type": "Inner",
      "Startup Cost": 4532.54,
      "Total Cost": 97404.38,
      "Plan Rows": 267355,
      "Plan Width": 736,
      "Actual Startup Time": 39.456,
      "Actual Total Time": 899.451,
      "Actual Rows": 254730,
      "Actual Loops": 1,
      "Hash Cond": "(store_sales.ss_sold_date_sk = date_dim.d_date_sk)",
      "Plans": [
        {
          "Node Type": "Hash Join",
          "Parent Relationship": "Outer",
          "Parallel Aware": false,
          "Join Type": "Inner",
          "Startup Cost": 1483.94,
          "Total Cost": 90679.65,
          "Plan Rows": 267355,
          "Plan Width": 618,
          "Actual Startup Time": 5.395,
          "Actual Total Time": 700.229,
          "Actual Rows": 254730,
          "Actual Loops": 1,
          "Hash Cond": "(store_sales.ss_item_sk = item.i_item_sk)",
          "Plans": [
            {
              "Node Type": "Seq Scan",
              "Parent Relationship": "Outer",
              "Parallel Aware": false,
              "Relation Name": "store_sales",
              "Alias": "store_sales",
              "Startup Cost": 0.00,
              "Total Cost": 76687.57,
              "Plan Rows": 2622557,
              "Plan Width": 115,
              "Actual Startup Time": 0.005,
              "Actual Total Time": 239.495,
              "Actual Rows": 2485280,
              "Actual Loops": 1
            },
            {
              "Node Type": "Hash",
              "Parent Relationship": "Inner",
              "Parallel Aware": false,
              "Startup Cost": 1461.00,
              "Total Cost": 1461.00,
              "Plan Rows": 1835,
              "Plan Width": 503,
              "Actual Startup Time": 5.375,
              "Actual Total Time": 5.375,
              "Actual Rows": 1835,
              "Actual Loops": 1,
              "Hash Buckets": 2048,
              "Original Hash Buckets": 2048,
              "Hash Batches": 1,
              "Original Hash Batches": 1,
              "Peak Memory Usage": 999,
              "Plans": [
                {
                  "Node Type": "Seq Scan",
                  "Parent Relationship": "Outer",
                  "Parallel Aware": false,
                  "Relation Name": "item",
                  "Alias": "item",
                  "Startup Cost": 0.00,
                  "Total Cost": 1461.00,
                  "Plan Rows": 1835,
                  "Plan Width": 503,
                  "Actual Startup Time": 0.011,
                  "Actual Total Time": 5.113,
                  "Actual Rows": 1835,
                  "Actual Loops": 1,
                  "Filter": "(i_category = 'Shoes'::bpchar)",
                  "Rows Removed by Filter": 16165
                }
              ]
            }
          ]
        },
        {
          "Node Type": "Hash",
          "Parent Relationship": "Inner",
          "Parallel Aware": false,
          "Startup Cost": 2135.49,
          "Total Cost": 2135.49,
          "Plan Rows": 73049,
          "Plan Width": 118,
          "Actual Startup Time": 33.616,
          "Actual Total Time": 33.616,
          "Actual Rows": 73049,
          "Actual Loops": 1,
          "Hash Buckets": 131072,
          "Original Hash Buckets": 131072,
          "Hash Batches": 1,
          "Original Hash Batches": 1,
          "Peak Memory Usage": 12010,
          "Plans": [
            {
              "Node Type": "Seq Scan",
              "Parent Relationship": "Outer",
              "Parallel Aware": false,
              "Relation Name": "date_dim",
              "Alias": "date_dim",
              "Startup Cost": 0.00,
              "Total Cost": 2135.49,
              "Plan Rows": 73049,
              "Plan Width": 118,
              "Actual Startup Time": 0.008,
              "Actual Total Time": 10.927,
              "Actual Rows": 73049,
              "Actual Loops": 1
            }
          ]
        }
      ]
    },
    "Planning Time": 0.192,
    "Triggers": [
    ],
    "Execution Time": 908.304
  }
]
