[
  {
    "Plan": {
      "Node Type": "Hash Join",
      "Parallel Aware": false,
      "Join Type": "Inner",
      "Startup Cost": 4532.54,
      "Total Cost": 35088.76,
      "Plan Rows": 73305,
      "Plan Width": 792,
      "Actual Startup Time": 26.692,
      "Actual Total Time": 256.150,
      "Actual Rows": 66373,
      "Actual Loops": 1,
      "Hash Cond": "(web_sales.ws_sold_date_sk = date_dim.d_date_sk)",
      "Plans": [
        {
          "Node Type": "Hash Join",
          "Parent Relationship": "Outer",
          "Parallel Aware": false,
          "Join Type": "Inner",
          "Startup Cost": 1483.94,
          "Total Cost": 31032.21,
          "Plan Rows": 73305,
          "Plan Width": 674,
          "Actual Startup Time": 5.488,
          "Actual Total Time": 192.799,
          "Actual Rows": 66373,
          "Actual Loops": 1,
          "Hash Cond": "(web_sales.ws_item_sk = item.i_item_sk)",
          "Plans": [
            {
              "Node Type": "Seq Scan",
              "Parent Relationship": "Outer",
              "Parallel Aware": false,
              "Relation Name": "web_sales",
              "Alias": "web_sales",
              "Startup Cost": 0.00,
              "Total Cost": 26118.71,
              "Plan Rows": 719071,
              "Plan Width": 171,
              "Actual Startup Time": 0.004,
              "Actual Total Time": 64.124,
              "Actual Rows": 648025,
              "Actual Loops": 1
            },
            {
              "Node Type": "Hash",
              "Parent Relationship": "Inner",
              "Parallel Aware": false,
              "Startup Cost": 1461.00,
              "Total Cost": 1461.00,
              "Plan Rows": 1835,
              "Plan Width": 503,
              "Actual Startup Time": 5.459,
              "Actual Total Time": 5.459,
              "Actual Rows": 1835,
              "Actual Loops": 1,
              "Hash Buckets": 2048,
              "Original Hash Buckets": 2048,
              "Hash Batches": 1,
              "Original Hash Batches": 1,
              "Peak Memory Usage": 999,
              "Plans": [
                {
                  "Node Type": "Seq Scan",
                  "Parent Relationship": "Outer",
                  "Parallel Aware": false,
                  "Relation Name": "item",
                  "Alias": "item",
                  "Startup Cost": 0.00,
                  "Total Cost": 1461.00,
                  "Plan Rows": 1835,
                  "Plan Width": 503,
                  "Actual Startup Time": 0.011,
                  "Actual Total Time": 5.221,
                  "Actual Rows": 1835,
                  "Actual Loops": 1,
                  "Filter": "(i_category = 'Shoes'::bpchar)",
                  "Rows Removed by Filter": 16165
                }
              ]
            }
          ]
        },
        {
          "Node Type": "Hash",
          "Parent Relationship": "Inner",
          "Parallel Aware": false,
          "Startup Cost": 2135.49,
          "Total Cost": 2135.49,
          "Plan Rows": 73049,
          "Plan Width": 118,
          "Actual Startup Time": 21.145,
          "Actual Total Time": 21.145,
          "Actual Rows": 73049,
          "Actual Loops": 1,
          "Hash Buckets": 131072,
          "Original Hash Buckets": 131072,
          "Hash Batches": 1,
          "Original Hash Batches": 1,
          "Peak Memory Usage": 12010,
          "Plans": [
            {
              "Node Type": "Seq Scan",
              "Parent Relationship": "Outer",
              "Parallel Aware": false,
              "Relation Name": "date_dim",
              "Alias": "date_dim",
              "Startup Cost": 0.00,
              "Total Cost": 2135.49,
              "Plan Rows": 73049,
              "Plan Width": 118,
              "Actual Startup Time": 0.010,
              "Actual Total Time": 7.858,
              "Actual Rows": 73049,
              "Actual Loops": 1
            }
          ]
        }
      ]
    },
    "Planning Time": 0.209,
    "Triggers": [
    ],
    "Execution Time": 258.361
  }
]
