[
  {
    "Plan": {
      "Node Type": "Hash Join",
      "Parallel Aware": false,
      "Join Type": "Inner",
      "Startup Cost": 11256.08,
      "Total Cost": 12747.75,
      "Plan Rows": 817,
      "Plan Width": 723,
      "Actual Startup Time": 91.299,
      "Actual Total Time": 121.075,
      "Actual Rows": 24186,
      "Actual Loops": 1,
      "Hash Cond": "(item.i_item_sk = store_returns.sr_item_sk)",
      "Plans": [
        {
          "Node Type": "Seq Scan",
          "Parent Relationship": "Outer",
          "Parallel Aware": false,
          "Relation Name": "item",
          "Alias": "item",
          "Startup Cost": 0.00,
          "Total Cost": 1416.00,
          "Plan Rows": 18000,
          "Plan Width": 503,
          "Actual Startup Time": 0.004,
          "Actual Total Time": 3.178,
          "Actual Rows": 18000,
          "Actual Loops": 1
        },
        {
          "Node Type": "Hash",
          "Parent Relationship": "Inner",
          "Parallel Aware": false,
          "Startup Cost": 11245.87,
          "Total Cost": 11245.87,
          "Plan Rows": 817,
          "Plan Width": 220,
          "Actual Startup Time": 91.285,
          "Actual Total Time": 91.285,
          "Actual Rows": 24186,
          "Actual Loops": 1,
          "Hash Buckets": 32768,
          "Original Hash Buckets": 1024,
          "Hash Batches": 1,
          "Original Hash Batches": 1,
          "Peak Memory Usage": 6495,
          "Plans": [
            {
              "Node Type": "Hash Join",
              "Parent Relationship": "Outer",
              "Parallel Aware": false,
              "Join Type": "Inner",
              "Startup Cost": 2686.05,
              "Total Cost": 11245.87,
              "Plan Rows": 817,
              "Plan Width": 220,
              "Actual Startup Time": 14.324,
              "Actual Total Time": 74.112,
              "Actual Rows": 24186,
              "Actual Loops": 1,
              "Hash Cond": "(store_returns.sr_returned_date_sk = date_dim.d_date_sk)",
              "Plans": [
                {
                  "Node Type": "Seq Scan",
                  "Parent Relationship": "Outer",
                  "Parallel Aware": false,
                  "Relation Name": "store_returns",
                  "Alias": "store_returns",
                  "Startup Cost": 0.00,
                  "Total Cost": 7511.02,
                  "Plan Rows": 277502,
                  "Plan Width": 102,
                  "Actual Startup Time": 0.003,
                  "Actual Total Time": 23.888,
                  "Actual Rows": 258304,
                  "Actual Loops": 1
                },
                {
                  "Node Type": "Hash",
                  "Parent Relationship": "Inner",
                  "Parallel Aware": false,
                  "Startup Cost": 2683.36,
                  "Total Cost": 2683.36,
                  "Plan Rows": 215,
                  "Plan Width": 118,
                  "Actual Startup Time": 14.311,
                  "Actual Total Time": 14.311,
                  "Actual Rows": 214,
                  "Actual Loops": 1,
                  "Hash Buckets": 1024,
                  "Original Hash Buckets": 1024,
                  "Hash Batches": 1,
                  "Original Hash Batches": 1,
                  "Peak Memory Usage": 41,
                  "Plans": [
                    {
                      "Node Type": "Seq Scan",
                      "Parent Relationship": "Outer",
                      "Parallel Aware": false,
                      "Relation Name": "date_dim",
                      "Alias": "date_dim",
                      "Startup Cost": 0.00,
                      "Total Cost": 2683.36,
                      "Plan Rows": 215,
                      "Plan Width": 118,
                      "Actual Startup Time": 6.702,
                      "Actual Total Time": 14.291,
                      "Actual Rows": 214,
                      "Actual Loops": 1,
                      "Filter": "((d_moy >= 4) AND (d_moy <= 10) AND (d_year = 2001))",
                      "Rows Removed by Filter": 72835
                    }
                  ]
                }
              ]
            }
          ]
        }
      ]
    },
    "Planning Time": 0.233,
    "Triggers": [
    ],
    "Execution Time": 122.116
  }
]
