[
  {
    "Plan": {
      "Node Type": "Hash Join",
      "Parallel Aware": false,
      "Join Type": "Inner",
      "Startup Cost": 4141.81,
      "Total Cost": 61341.93,
      "Plan Rows": 117,
      "Plan Width": 791,
      "Actual Startup Time": 185.639,
      "Actual Total Time": 241.571,
      "Actual Rows": 3061,
      "Actual Loops": 1,
      "Hash Cond": "(catalog_sales.cs_item_sk = item.i_item_sk)",
      "Plans": [
        {
          "Node Type": "Hash Join",
          "Parent Relationship": "Outer",
          "Parallel Aware": false,
          "Join Type": "Inner",
          "Startup Cost": 2500.81,
          "Total Cost": 59699.32,
          "Plan Rows": 117,
          "Plan Width": 288,
          "Actual Startup Time": 180.600,
          "Actual Total Time": 234.302,
          "Actual Rows": 3061,
          "Actual Loops": 1,
          "Hash Cond": "(catalog_sales.cs_sold_date_sk = date_dim.d_date_sk)",
          "Plans": [
            {
              "Node Type": "Seq Scan",
              "Parent Relationship": "Outer",
              "Parallel Aware": false,
              "Relation Name": "catalog_sales",
              "Alias": "catalog_sales",
              "Startup Cost": 0.00,
              "Total Cost": 51844.70,
              "Plan Rows": 1427370,
              "Plan Width": 170,
              "Actual Startup Time": 0.006,
              "Actual Total Time": 121.614,
              "Actual Rows": 1343336,
              "Actual Loops": 1
            },
            {
              "Node Type": "Hash",
              "Parent Relationship": "Inner",
              "Parallel Aware": false,
              "Startup Cost": 2500.73,
              "Total Cost": 2500.73,
              "Plan Rows": 6,
              "Plan Width": 118,
              "Actual Startup Time": 8.382,
              "Actual Total Time": 8.382,
              "Actual Rows": 7,
              "Actual Loops": 1,
              "Hash Buckets": 1024,
              "Original Hash Buckets": 1024,
              "Hash Batches": 1,
              "Original Hash Batches": 1,
              "Peak Memory Usage": 10,
              "Plans": [
                {
                  "Node Type": "Seq Scan",
                  "Parent Relationship": "Outer",
                  "Parallel Aware": false,
                  "Relation Name": "date_dim",
                  "Alias": "date_dim",
                  "Startup Cost": 0.00,
                  "Total Cost": 2500.73,
                  "Plan Rows": 6,
                  "Plan Width": 118,
                  "Actual Startup Time": 3.862,
                  "Actual Total Time": 8.379,
                  "Actual Rows": 7,
                  "Actual Loops": 1,
                  "Filter": "((d_date >= '2002-03-05'::date) AND (d_date <= '2002-03-11'::date))",
                  "Rows Removed by Filter": 73042
                }
              ]
            }
          ]
        },
        {
          "Node Type": "Hash",
          "Parent Relationship": "Inner",
          "Parallel Aware": false,
          "Startup Cost": 1416.00,
          "Total Cost": 1416.00,
          "Plan Rows": 18000,
          "Plan Width": 503,
          "Actual Startup Time": 5.023,
          "Actual Total Time": 5.023,
          "Actual Rows": 18000,
          "Actual Loops": 1,
          "Hash Buckets": 32768,
          "Original Hash Buckets": 32768,
          "Hash Batches": 1,
          "Original Hash Batches": 1,
          "Peak Memory Usage": 9840,
          "Plans": [
            {
              "Node Type": "Seq Scan",
              "Parent Relationship": "Outer",
              "Parallel Aware": false,
              "Relation Name": "item",
              "Alias": "item",
              "Startup Cost": 0.00,
              "Total Cost": 1416.00,
              "Plan Rows": 18000,
              "Plan Width": 503,
              "Actual Startup Time": 0.005,
              "Actual Total Time": 2.085,
              "Actual Rows": 18000,
              "Actual Loops": 1
            }
          ]
        }
      ]
    },
    "Planning Time": 0.217,
    "Triggers": [
    ],
    "Execution Time": 241.780
  }
]
