[
  {
    "Plan": {
      "Node Type": "Hash Join",
      "Parallel Aware": false,
      "Join Type": "Inner",
      "Startup Cost": 5171.44,
      "Total Cost": 75850.51,
      "Plan Rows": 1524,
      "Plan Width": 441,
      "Actual Startup Time": 68.853,
      "Actual Total Time": 575.804,
      "Actual Rows": 1480,
      "Actual Loops": 1,
      "Hash Cond": "(web_returns.wr_reason_sk = reason.r_reason_sk)",
      "Plans": [
        {
          "Node Type": "Hash Join",
          "Parent Relationship": "Outer",
          "Parallel Aware": false,
          "Join Type": "Inner",
          "Startup Cost": 5169.65,
          "Total Cost": 75828.45,
          "Plan Rows": 1524,
          "Plan Width": 319,
          "Actual Startup Time": 68.830,
          "Actual Total Time": 574.826,
          "Actual Rows": 1480,
          "Actual Loops": 1,
          "Hash Cond": "(customer_demographics.cd_demo_sk = web_returns.wr_returning_cdemo_sk)",
          "Plans": [
            {
              "Node Type": "Seq Scan",
              "Parent Relationship": "Outer",
              "Parallel Aware": false,
              "Relation Name": "customer_demographics",
              "Alias": "customer_demographics",
              "Startup Cost": 0.00,
              "Total Cost": 69848.00,
              "Plan Rows": 159251,
              "Plan Width": 56,
              "Actual Startup Time": 0.008,
              "Actual Total Time": 475.713,
              "Actual Rows": 164640,
              "Actual Loops": 1,
              "Filter": "(((cd_marital_status = 'S'::bpchar) AND (cd_education_status = '4 yr Degree'::bpchar)) OR ((cd_marital_status = 'M'::bpchar) AND (cd_education_status = 'Primary'::bpchar)) OR ((cd_marital_status = 'U'::bpchar) AND (cd_education_status = '2 yr Degree'::bpchar)))",
              "Rows Removed by Filter": 1756160
            },
            {
              "Node Type": "Hash",
              "Parent Relationship": "Inner",
              "Parallel Aware": false,
              "Startup Cost": 4939.91,
              "Total Cost": 4939.91,
              "Plan Rows": 18379,
              "Plan Width": 263,
              "Actual Startup Time": 68.628,
              "Actual Total Time": 68.628,
              "Actual Rows": 17603,
              "Actual Loops": 1,
              "Hash Buckets": 32768,
              "Original Hash Buckets": 32768,
              "Hash Batches": 1,
              "Original Hash Batches": 1,
              "Peak Memory Usage": 5510,
              "Plans": [
                {
                  "Node Type": "Hash Join",
                  "Parent Relationship": "Outer",
                  "Parallel Aware": false,
                  "Join Type": "Inner",
                  "Startup Cost": 2434.56,
                  "Total Cost": 4939.91,
                  "Plan Rows": 18379,
                  "Plan Width": 263,
                  "Actual Startup Time": 27.739,
                  "Actual Total Time": 54.091,
                  "Actual Rows": 17603,
                  "Actual Loops": 1,
                  "Hash Cond": "(web_returns.wr_refunded_addr_sk = customer_address.ca_address_sk)",
                  "Plans": [
                    {
                      "Node Type": "Seq Scan",
                      "Parent Relationship": "Outer",
                      "Parallel Aware": false,
                      "Relation Name": "web_returns",
                      "Alias": "web_returns",
                      "Startup Cost": 0.00,
                      "Total Cost": 2060.63,
                      "Plan Rows": 71763,
                      "Plan Width": 118,
                      "Actual Startup Time": 0.004,
                      "Actual Total Time": 6.150,
                      "Actual Rows": 61925,
                      "Actual Loops": 1
                    },
                    {
                      "Node Type": "Hash",
                      "Parent Relationship": "Inner",
                      "Parallel Aware": false,
                      "Startup Cost": 2274.50,
                      "Total Cost": 2274.50,
                      "Plan Rows": 12805,
                      "Plan Width": 145,
                      "Actual Startup Time": 27.720,
                      "Actual Total Time": 27.720,
                      "Actual Rows": 14287,
                      "Actual Loops": 1,
                      "Hash Buckets": 16384,
                      "Original Hash Buckets": 16384,
                      "Hash Batches": 1,
                      "Original Hash Batches": 1,
                      "Peak Memory Usage": 2621,
                      "Plans": [
                        {
                          "Node Type": "Seq Scan",
                          "Parent Relationship": "Outer",
                          "Parallel Aware": false,
                          "Relation Name": "customer_address",
                          "Alias": "customer_address",
                          "Startup Cost": 0.00,
                          "Total Cost": 2274.50,
                          "Plan Rows": 12805,
                          "Plan Width": 145,
                          "Actual Startup Time": 0.015,
                          "Actual Total Time": 25.153,
                          "Actual Rows": 14287,
                          "Actual Loops": 1,
                          "Filter": "(((ca_country)::text = 'United States'::text) AND ((ca_state = ANY ('{IL,MT,AR}'::bpchar[])) OR (ca_state = ANY ('{WI,TX,GA}'::bpchar[])) OR (ca_state = ANY ('{RI,KY,IN}'::bpchar[]))))",
                          "Rows Removed by Filter": 35713
                        }
                      ]
                    }
                  ]
                }
              ]
            }
          ]
        },
        {
          "Node Type": "Hash",
          "Parent Relationship": "Inner",
          "Parallel Aware": false,
          "Startup Cost": 1.35,
          "Total Cost": 1.35,
          "Plan Rows": 35,
          "Plan Width": 122,
          "Actual Startup Time": 0.017,
          "Actual Total Time": 0.017,
          "Actual Rows": 35,
          "Actual Loops": 1,
          "Hash Buckets": 1024,
          "Original Hash Buckets": 1024,
          "Hash Batches": 1,
          "Original Hash Batches": 1,
          "Peak Memory Usage": 14,
          "Plans": [
            {
              "Node Type": "Seq Scan",
              "Parent Relationship": "Outer",
              "Parallel Aware": false,
              "Relation Name": "reason",
              "Alias": "reason",
              "Startup Cost": 0.00,
              "Total Cost": 1.35,
              "Plan Rows": 35,
              "Plan Width": 122,
              "Actual Startup Time": 0.005,
              "Actual Total Time": 0.009,
              "Actual Rows": 35,
              "Actual Loops": 1
            }
          ]
        }
      ]
    },
    "Planning Time": 0.547,
    "Triggers": [
    ],
    "Execution Time": 576.027
  }
]
