[
  {
    "Plan": {
      "Node Type": "Hash Join",
      "Parallel Aware": false,
      "Join Type": "Inner",
      "Startup Cost": 7230.81,
      "Total Cost": 9012.26,
      "Plan Rows": 702,
      "Plan Width": 393,
      "Actual Startup Time": 45.943,
      "Actual Total Time": 64.058,
      "Actual Rows": 10613,
      "Actual Loops": 1,
      "Hash Cond": "(customer_address.ca_address_sk = catalog_returns.cr_returning_addr_sk)",
      "Plans": [
        {
          "Node Type": "Seq Scan",
          "Parent Relationship": "Outer",
          "Parallel Aware": false,
          "Relation Name": "customer_address",
          "Alias": "customer_address",
          "Startup Cost": 0.00,
          "Total Cost": 1587.00,
          "Plan Rows": 50000,
          "Plan Width": 145,
          "Actual Startup Time": 0.006,
          "Actual Total Time": 4.327,
          "Actual Rows": 50000,
          "Actual Loops": 1
        },
        {
          "Node Type": "Hash",
          "Parent Relationship": "Inner",
          "Parallel Aware": false,
          "Startup Cost": 7222.03,
          "Total Cost": 7222.03,
          "Plan Rows": 702,
          "Plan Width": 248,
          "Actual Startup Time": 45.924,
          "Actual Total Time": 45.924,
          "Actual Rows": 10613,
          "Actual Loops": 1,
          "Hash Buckets": 16384,
          "Original Hash Buckets": 1024,
          "Hash Batches": 1,
          "Original Hash Batches": 1,
          "Peak Memory Usage": 3161,
          "Plans": [
            {
              "Node Type": "Hash Join",
              "Parent Relationship": "Outer",
              "Parallel Aware": false,
              "Join Type": "Inner",
              "Startup Cost": 2322.65,
              "Total Cost": 7222.03,
              "Plan Rows": 702,
              "Plan Width": 248,
              "Actual Startup Time": 12.545,
              "Actual Total Time": 38.445,
              "Actual Rows": 10613,
              "Actual Loops": 1,
              "Hash Cond": "(catalog_returns.cr_returned_date_sk = date_dim.d_date_sk)",
              "Plans": [
                {
                  "Node Type": "Seq Scan",
                  "Parent Relationship": "Outer",
                  "Parallel Aware": false,
                  "Relation Name": "catalog_returns",
                  "Alias": "catalog_returns",
                  "Startup Cost": 0.00,
                  "Total Cost": 4362.90,
                  "Plan Rows": 141190,
                  "Plan Width": 130,
                  "Actual Startup Time": 0.005,
                  "Actual Total Time": 10.875,
                  "Actual Rows": 125388,
                  "Actual Loops": 1
                },
                {
                  "Node Type": "Hash",
                  "Parent Relationship": "Inner",
                  "Parallel Aware": false,
                  "Startup Cost": 2318.11,
                  "Total Cost": 2318.11,
                  "Plan Rows": 363,
                  "Plan Width": 118,
                  "Actual Startup Time": 12.530,
                  "Actual Total Time": 12.530,
                  "Actual Rows": 365,
                  "Actual Loops": 1,
                  "Hash Buckets": 1024,
                  "Original Hash Buckets": 1024,
                  "Hash Batches": 1,
                  "Original Hash Batches": 1,
                  "Peak Memory Usage": 63,
                  "Plans": [
                    {
                      "Node Type": "Seq Scan",
                      "Parent Relationship": "Outer",
                      "Parallel Aware": false,
                      "Relation Name": "date_dim",
                      "Alias": "date_dim",
                      "Startup Cost": 0.00,
                      "Total Cost": 2318.11,
                      "Plan Rows": 363,
                      "Plan Width": 118,
                      "Actual Startup Time": 6.570,
                      "Actual Total Time": 12.476,
                      "Actual Rows": 365,
                      "Actual Loops": 1,
                      "Filter": "(d_year = 1998)",
                      "Rows Removed by Filter": 72684
                    }
                  ]
                }
              ]
            }
          ]
        }
      ]
    },
    "Planning Time": 0.204,
    "Triggers": [
    ],
    "Execution Time": 64.478
  }
]
