[
  {
    "Plan": {
      "Node Type": "Hash Join",
      "Parallel Aware": false,
      "Join Type": "Inner",
      "Startup Cost": 2504.51,
      "Total Cost": 31349.47,
      "Plan Rows": 2973,
      "Plan Width": 289,
      "Actual Startup Time": 10.009,
      "Actual Total Time": 190.853,
      "Actual Rows": 127903,
      "Actual Loops": 1,
      "Hash Cond": "(web_sales.ws_sold_date_sk = date_dim.d_date_sk)",
      "Plans": [
        {
          "Node Type": "Seq Scan",
          "Parent Relationship": "Outer",
          "Parallel Aware": false,
          "Relation Name": "web_sales",
          "Alias": "web_sales",
          "Startup Cost": 0.00,
          "Total Cost": 26118.71,
          "Plan Rows": 719071,
          "Plan Width": 171,
          "Actual Startup Time": 0.010,
          "Actual Total Time": 59.155,
          "Actual Rows": 648025,
          "Actual Loops": 1
        },
        {
          "Node Type": "Hash",
          "Parent Relationship": "Inner",
          "Parallel Aware": false,
          "Startup Cost": 2500.73,
          "Total Cost": 2500.73,
          "Plan Rows": 302,
          "Plan Width": 118,
          "Actual Startup Time": 9.987,
          "Actual Total Time": 9.987,
          "Actual Rows": 366,
          "Actual Loops": 1,
          "Hash Buckets": 1024,
          "Original Hash Buckets": 1024,
          "Hash Batches": 1,
          "Original Hash Batches": 1,
          "Peak Memory Usage": 64,
          "Plans": [
            {
              "Node Type": "Seq Scan",
              "Parent Relationship": "Outer",
              "Parallel Aware": false,
              "Relation Name": "date_dim",
              "Alias": "date_dim",
              "Startup Cost": 0.00,
              "Total Cost": 2500.73,
              "Plan Rows": 302,
              "Plan Width": 118,
              "Actual Startup Time": 4.972,
              "Actual Total Time": 9.948,
              "Actual Rows": 366,
              "Actual Loops": 1,
              "Filter": "((d_month_seq >= 1200) AND (d_month_seq <= 1211))",
              "Rows Removed by Filter": 72683
            }
          ]
        }
      ]
    },
    "Planning Time": 0.249,
    "Triggers": [
    ],
    "Execution Time": 195.045
  }
]
