[
  {
    "Plan": {
      "Node Type": "Hash Join",
      "Parallel Aware": false,
      "Join Type": "Inner",
      "Startup Cost": 3959.20,
      "Total Cost": 90487.32,
      "Plan Rows": 251,
      "Plan Width": 736,
      "Actual Startup Time": 13.589,
      "Actual Total Time": 443.975,
      "Actual Rows": 18919,
      "Actual Loops": 1,
      "Hash Cond": "(store_sales.ss_item_sk = item.i_item_sk)",
      "Plans": [
        {
          "Node Type": "Hash Join",
          "Parent Relationship": "Outer",
          "Parallel Aware": false,
          "Join Type": "Inner",
          "Startup Cost": 2318.20,
          "Total Cost": 88842.87,
          "Plan Rows": 251,
          "Plan Width": 233,
          "Actual Startup Time": 8.266,
          "Actual Total Time": 423.827,
          "Actual Rows": 18919,
          "Actual Loops": 1,
          "Hash Cond": "(store_sales.ss_sold_date_sk = date_dim.d_date_sk)",
          "Plans": [
            {
              "Node Type": "Seq Scan",
              "Parent Relationship": "Outer",
              "Parallel Aware": false,
              "Relation Name": "store_sales",
              "Alias": "store_sales",
              "Startup Cost": 0.00,
              "Total Cost": 76687.57,
              "Plan Rows": 2622557,
              "Plan Width": 115,
              "Actual Startup Time": 0.008,
              "Actual Total Time": 217.530,
              "Actual Rows": 2485280,
              "Actual Loops": 1
            },
            {
              "Node Type": "Hash",
              "Parent Relationship": "Inner",
              "Parallel Aware": false,
              "Startup Cost": 2318.11,
              "Total Cost": 2318.11,
              "Plan Rows": 7,
              "Plan Width": 118,
              "Actual Startup Time": 8.198,
              "Actual Total Time": 8.198,
              "Actual Rows": 7,
              "Actual Loops": 1,
              "Hash Buckets": 1024,
              "Original Hash Buckets": 1024,
              "Hash Batches": 1,
              "Original Hash Batches": 1,
              "Peak Memory Usage": 10,
              "Plans": [
                {
                  "Node Type": "Seq Scan",
                  "Parent Relationship": "Outer",
                  "Parallel Aware": false,
                  "Relation Name": "date_dim",
                  "Alias": "date_dim",
                  "Startup Cost": 0.00,
                  "Total Cost": 2318.11,
                  "Plan Rows": 7,
                  "Plan Width": 118,
                  "Actual Startup Time": 4.266,
                  "Actual Total Time": 8.194,
                  "Actual Rows": 7,
                  "Actual Loops": 1,
                  "Filter": "(d_week_seq = 5320)",
                  "Rows Removed by Filter": 73042
                }
              ]
            }
          ]
        },
        {
          "Node Type": "Hash",
          "Parent Relationship": "Inner",
          "Parallel Aware": false,
          "Startup Cost": 1416.00,
          "Total Cost": 1416.00,
          "Plan Rows": 18000,
          "Plan Width": 503,
          "Actual Startup Time": 5.307,
          "Actual Total Time": 5.307,
          "Actual Rows": 18000,
          "Actual Loops": 1,
          "Hash Buckets": 32768,
          "Original Hash Buckets": 32768,
          "Hash Batches": 1,
          "Original Hash Batches": 1,
          "Peak Memory Usage": 9840,
          "Plans": [
            {
              "Node Type": "Seq Scan",
              "Parent Relationship": "Outer",
              "Parallel Aware": false,
              "Relation Name": "item",
              "Alias": "item",
              "Startup Cost": 0.00,
              "Total Cost": 1416.00,
              "Plan Rows": 18000,
              "Plan Width": 503,
              "Actual Startup Time": 0.005,
              "Actual Total Time": 2.092,
              "Actual Rows": 18000,
              "Actual Loops": 1
            }
          ]
        }
      ]
    },
    "Planning Time": 0.249,
    "Triggers": [
    ],
    "Execution Time": 444.741
  }
]
