[
  {
    "Plan": {
      "Node Type": "Hash Join",
      "Parallel Aware": false,
      "Join Type": "Inner",
      "Startup Cost": 7393.82,
      "Total Cost": 7797.20,
      "Plan Rows": 25,
      "Plan Width": 379,
      "Actual Startup Time": 31.173,
      "Actual Total Time": 32.804,
      "Actual Rows": 627,
      "Actual Loops": 1,
      "Hash Cond": "(catalog_page.cp_catalog_page_sk = catalog_returns.cr_catalog_page_sk)",
      "Plans": [
        {
          "Node Type": "Seq Scan",
          "Parent Relationship": "Outer",
          "Parallel Aware": false,
          "Relation Name": "catalog_page",
          "Alias": "catalog_page",
          "Startup Cost": 0.00,
          "Total Cost": 359.18,
          "Plan Rows": 11718,
          "Plan Width": 131,
          "Actual Startup Time": 0.005,
          "Actual Total Time": 0.970,
          "Actual Rows": 11718,
          "Actual Loops": 1
        },
        {
          "Node Type": "Hash",
          "Parent Relationship": "Inner",
          "Parallel Aware": false,
          "Startup Cost": 7393.51,
          "Total Cost": 7393.51,
          "Plan Rows": 25,
          "Plan Width": 248,
          "Actual Startup Time": 30.481,
          "Actual Total Time": 30.481,
          "Actual Rows": 627,
          "Actual Loops": 1,
          "Hash Buckets": 1024,
          "Original Hash Buckets": 1024,
          "Hash Batches": 1,
          "Original Hash Batches": 1,
          "Peak Memory Usage": 188,
          "Plans": [
            {
              "Node Type": "Hash Join",
              "Parent Relationship": "Outer",
              "Parallel Aware": false,
              "Join Type": "Inner",
              "Startup Cost": 2500.90,
              "Total Cost": 7393.51,
              "Plan Rows": 25,
              "Plan Width": 248,
              "Actual Startup Time": 20.739,
              "Actual Total Time": 30.052,
              "Actual Rows": 627,
              "Actual Loops": 1,
              "Hash Cond": "(catalog_returns.cr_returned_date_sk = date_dim.d_date_sk)",
              "Plans": [
                {
                  "Node Type": "Seq Scan",
                  "Parent Relationship": "Outer",
                  "Parallel Aware": false,
                  "Relation Name": "catalog_returns",
                  "Alias": "catalog_returns",
                  "Startup Cost": 0.00,
                  "Total Cost": 4362.90,
                  "Plan Rows": 141190,
                  "Plan Width": 130,
                  "Actual Startup Time": 0.003,
                  "Actual Total Time": 11.351,
                  "Actual Rows": 125388,
                  "Actual Loops": 1
                },
                {
                  "Node Type": "Hash",
                  "Parent Relationship": "Inner",
                  "Parallel Aware": false,
                  "Startup Cost": 2500.73,
                  "Total Cost": 2500.73,
                  "Plan Rows": 13,
                  "Plan Width": 118,
                  "Actual Startup Time": 8.997,
                  "Actual Total Time": 8.997,
                  "Actual Rows": 15,
                  "Actual Loops": 1,
                  "Hash Buckets": 1024,
                  "Original Hash Buckets": 1024,
                  "Hash Batches": 1,
                  "Original Hash Batches": 1,
                  "Peak Memory Usage": 11,
                  "Plans": [
                    {
                      "Node Type": "Seq Scan",
                      "Parent Relationship": "Outer",
                      "Parallel Aware": false,
                      "Relation Name": "date_dim",
                      "Alias": "date_dim",
                      "Startup Cost": 0.00,
                      "Total Cost": 2500.73,
                      "Plan Rows": 13,
                      "Plan Width": 118,
                      "Actual Startup Time": 3.951,
                      "Actual Total Time": 8.990,
                      "Actual Rows": 15,
                      "Actual Loops": 1,
                      "Filter": "((d_date >= '2001-08-21'::date) AND (d_date <= '2001-09-04'::date))",
                      "Rows Removed by Filter": 73034
                    }
                  ]
                }
              ]
            }
          ]
        }
      ]
    },
    "Planning Time": 0.338,
    "Triggers": [
    ],
    "Execution Time": 32.876
  }
]
