[
  {
    "Plan": {
      "Node Type": "Hash Join",
      "Parallel Aware": false,
      "Join Type": "Inner",
      "Startup Cost": 8734.95,
      "Total Cost": 65958.44,
      "Plan Rows": 143,
      "Plan Width": 678,
      "Actual Startup Time": 55.500,
      "Actual Total Time": 306.292,
      "Actual Rows": 2838,
      "Actual Loops": 1,
      "Hash Cond": "(catalog_sales.cs_bill_customer_sk = customer.c_customer_sk)",
      "Plans": [
        {
          "Node Type": "Hash Join",
          "Parent Relationship": "Outer",
          "Parallel Aware": false,
          "Join Type": "Inner",
          "Startup Cost": 2501.88,
          "Total Cost": 59717.20,
          "Plan Rows": 1798,
          "Plan Width": 288,
          "Actual Startup Time": 16.332,
          "Actual Total Time": 263.121,
          "Actual Rows": 38648,
          "Actual Loops": 1,
          "Hash Cond": "(catalog_sales.cs_sold_date_sk = date_dim.d_date_sk)",
          "Plans": [
            {
              "Node Type": "Seq Scan",
              "Parent Relationship": "Outer",
              "Parallel Aware": false,
              "Relation Name": "catalog_sales",
              "Alias": "catalog_sales",
              "Startup Cost": 0.00,
              "Total Cost": 51844.70,
              "Plan Rows": 1427370,
              "Plan Width": 170,
              "Actual Startup Time": 0.010,
              "Actual Total Time": 123.175,
              "Actual Rows": 1343336,
              "Actual Loops": 1
            },
            {
              "Node Type": "Hash",
              "Parent Relationship": "Inner",
              "Parallel Aware": false,
              "Startup Cost": 2500.73,
              "Total Cost": 2500.73,
              "Plan Rows": 92,
              "Plan Width": 118,
              "Actual Startup Time": 14.422,
              "Actual Total Time": 14.422,
              "Actual Rows": 91,
              "Actual Loops": 1,
              "Hash Buckets": 1024,
              "Original Hash Buckets": 1024,
              "Hash Batches": 1,
              "Original Hash Batches": 1,
              "Peak Memory Usage": 22,
              "Plans": [
                {
                  "Node Type": "Seq Scan",
                  "Parent Relationship": "Outer",
                  "Parallel Aware": false,
                  "Relation Name": "date_dim",
                  "Alias": "date_dim",
                  "Startup Cost": 0.00,
                  "Total Cost": 2500.73,
                  "Plan Rows": 92,
                  "Plan Width": 118,
                  "Actual Startup Time": 8.378,
                  "Actual Total Time": 14.407,
                  "Actual Rows": 91,
                  "Actual Loops": 1,
                  "Filter": "((d_qoy = 2) AND (d_year = 1998))",
                  "Rows Removed by Filter": 72958
                }
              ]
            }
          ]
        },
        {
          "Node Type": "Hash",
          "Parent Relationship": "Inner",
          "Parallel Aware": false,
          "Startup Cost": 6133.69,
          "Total Cost": 6133.69,
          "Plan Rows": 7950,
          "Plan Width": 390,
          "Actual Startup Time": 38.145,
          "Actual Total Time": 38.145,
          "Actual Rows": 7675,
          "Actual Loops": 1,
          "Hash Buckets": 8192,
          "Original Hash Buckets": 8192,
          "Hash Batches": 1,
          "Original Hash Batches": 1,
          "Peak Memory Usage": 2925,
          "Plans": [
            {
              "Node Type": "Hash Join",
              "Parent Relationship": "Outer",
              "Parallel Aware": false,
              "Join Type": "Inner",
              "Startup Cost": 1824.19,
              "Total Cost": 6133.69,
              "Plan Rows": 7950,
              "Plan Width": 390,
              "Actual Startup Time": 9.689,
              "Actual Total Time": 33.029,
              "Actual Rows": 7675,
              "Actual Loops": 1,
              "Hash Cond": "(customer.c_current_addr_sk = customer_address.ca_address_sk)",
              "Plans": [
                {
                  "Node Type": "Seq Scan",
                  "Parent Relationship": "Outer",
                  "Parallel Aware": false,
                  "Relation Name": "customer",
                  "Alias": "customer",
                  "Startup Cost": 0.00,
                  "Total Cost": 3855.00,
                  "Plan Rows": 100000,
                  "Plan Width": 245,
                  "Actual Startup Time": 0.006,
                  "Actual Total Time": 8.221,
                  "Actual Rows": 94736,
                  "Actual Loops": 1
                },
                {
                  "Node Type": "Hash",
                  "Parent Relationship": "Inner",
                  "Parallel Aware": false,
                  "Startup Cost": 1774.50,
                  "Total Cost": 1774.50,
                  "Plan Rows": 3975,
                  "Plan Width": 145,
                  "Actual Startup Time": 9.670,
                  "Actual Total Time": 9.670,
                  "Actual Rows": 4018,
                  "Actual Loops": 1,
                  "Hash Buckets": 4096,
                  "Original Hash Buckets": 4096,
                  "Hash Batches": 1,
                  "Original Hash Batches": 1,
                  "Peak Memory Usage": 731,
                  "Plans": [
                    {
                      "Node Type": "Seq Scan",
                      "Parent Relationship": "Outer",
                      "Parallel Aware": false,
                      "Relation Name": "customer_address",
                      "Alias": "customer_address",
                      "Startup Cost": 0.00,
                      "Total Cost": 1774.50,
                      "Plan Rows": 3975,
                      "Plan Width": 145,
                      "Actual Startup Time": 0.007,
                      "Actual Total Time": 9.181,
                      "Actual Rows": 4018,
                      "Actual Loops": 1,
                      "Filter": "(ca_state = ANY ('{CA,WA,GA}'::bpchar[]))",
                      "Rows Removed by Filter": 45982
                    }
                  ]
                }
              ]
            }
          ]
        }
      ]
    },
    "Planning Time": 0.689,
    "Triggers": [
    ],
    "Execution Time": 306.547
  }
]
