Hash Join  (cost=11291.85..584194.63 rows=251 width=835) (actual time=4153.013..11543.750 rows=2925 loops=1)
  Hash Cond: (cs1.cs_call_center_sk = call_center.cc_call_center_sk)
  ->  Hash Join  (cost=11289.21..584188.34 rows=303 width=430) (actual time=4145.588..11540.160 rows=8620 loops=1)
        Hash Cond: (cs1.cs_ship_addr_sk = customer_address.ca_address_sk)
        ->  Hash Join  (cost=2501.46..574316.51 rows=11368 width=285) (actual time=4022.248..11061.475 rows=338600 loops=1)
              Hash Cond: (cs1.cs_ship_date_sk = date_dim.d_date_sk)
              ->  Seq Scan on catalog_sales cs1  (cost=0.00..517696.36 rows=14401336 width=167) (actual time=0.186..9025.547 rows=14401261 loops=1)
              ->  Hash  (cost=2500.73..2500.73 rows=58 width=118) (actual time=17.624..17.624 rows=62 loops=1)
                    Buckets: 1024  Batches: 1  Memory Usage: 10kB
                    ->  Seq Scan on date_dim  (cost=0.00..2500.73 rows=58 width=118) (actual time=7.949..17.602 rows=62 loops=1)
                          Filter: ((d_date >= '2000-03-01'::date) AND (d_date <= '2000-05-01'::date))
                          Rows Removed by Filter: 72987
        ->  Hash  (cost=8560.00..8560.00 rows=6700 width=145) (actual time=81.149..81.149 rows=6737 loops=1)
              Buckets: 1024  Batches: 2  Memory Usage: 588kB
              ->  Seq Scan on customer_address  (cost=0.00..8560.00 rows=6700 width=145) (actual time=0.066..77.798 rows=6737 loops=1)
                    Filter: (ca_state = 'MN'::bpchar)
                    Rows Removed by Filter: 243263
  ->  Hash  (cost=2.39..2.39 rows=20 width=405) (actual time=0.236..0.236 rows=7 loops=1)
        Buckets: 1024  Batches: 1  Memory Usage: 4kB
        ->  Seq Scan on call_center  (cost=0.00..2.39 rows=20 width=405) (actual time=0.217..0.234 rows=7 loops=1)
              Filter: ((cc_county)::text = ANY ('{"Williamson County","Williamson County","Williamson County","Williamson County","Williamson County"}'::text[]))
              Rows Removed by Filter: 17
Total runtime: 11544.745 ms
