Hash Join  (cost=18372.50..947786.55 rows=113362 width=733) (actual time=161.133..32369.640 rows=5506926 loops=1)
  Hash Cond: (store_sales.ss_item_sk = item.i_item_sk)
  ->  Hash Join  (cost=2504.50..916557.12 rows=113362 width=229) (actual time=17.864..16117.306 rows=5506926 loops=1)
        Hash Cond: (store_sales.ss_sold_date_sk = date_dim.d_date_sk)
        ->  Seq Scan on store_sales  (cost=0.00..804916.00 rows=28800800 width=111) (actual time=0.005..9453.941 rows=28800991 loops=1)
        ->  Hash  (cost=2500.73..2500.73 rows=301 width=118) (actual time=17.681..17.681 rows=365 loops=1)
              Buckets: 1024  Batches: 1  Memory Usage: 55kB
              ->  Seq Scan on date_dim  (cost=0.00..2500.73 rows=301 width=118) (actual time=7.910..17.601 rows=365 loops=1)
                    Filter: ((d_month_seq >= 1214) AND (d_month_seq <= 1225))
                    Rows Removed by Filter: 72684
  ->  Hash  (cost=8018.00..8018.00 rows=102000 width=504) (actual time=142.340..142.340 rows=102000 loops=1)
        Buckets: 1024  Batches: 64  Memory Usage: 917kB
        ->  Seq Scan on item  (cost=0.00..8018.00 rows=102000 width=504) (actual time=0.005..47.411 rows=102000 loops=1)
Total runtime: 32595.058 ms
