Seq Scan on store_sales  (cost=0.00..1380932.00 rows=283261 width=111) (actual time=0.077..9677.076 rows=302128 loops=1)
  Filter: ((ss_quantity >= 21) AND (ss_quantity <= 25) AND (((ss_list_price >= 153::numeric) AND (ss_list_price <= 163::numeric)) OR ((ss_coupon_amt >= 4490::numeric) AND (ss_coupon_amt <= 5490::numeric)) OR ((ss_wholesale_cost >= 14::numeric) AND (ss_wholesale_cost <= 34::numeric))))
  Rows Removed by Filter: 28498863
Total runtime: 9694.926 ms
