Hash Join  (cost=2969.48..960962.08 rows=11532 width=533) (actual time=26.655..9623.064 rows=24414 loops=1)
  Hash Cond: (store_sales.ss_hdemo_sk = household_demographics.hd_demo_sk)
  ->  Hash Join  (cost=2722.08..960316.38 rows=75461 width=501) (actual time=24.371..9593.740 rows=147345 loops=1)
        Hash Cond: (store_sales.ss_store_sk = store.s_store_sk)
        ->  Hash Join  (cost=2715.62..957395.41 rows=575978 width=214) (actual time=23.038..9398.347 rows=1105793 loops=1)
              Hash Cond: (store_sales.ss_sold_time_sk = time_dim.t_time_sk)
              ->  Seq Scan on store_sales  (cost=0.00..804916.00 rows=28800800 width=111) (actual time=0.004..5927.454 rows=28800991 loops=1)
              ->  Hash  (cost=2693.00..2693.00 rows=1810 width=103) (actual time=22.842..22.842 rows=1800 loops=1)
                    Buckets: 1024  Batches: 1  Memory Usage: 243kB
                    ->  Seq Scan on time_dim  (cost=0.00..2693.00 rows=1810 width=103) (actual time=8.580..22.450 rows=1800 loops=1)
                          Filter: ((t_minute < 30) AND (t_hour = 9))
                          Rows Removed by Filter: 84600
        ->  Hash  (cost=6.28..6.28 rows=14 width=287) (actual time=0.039..0.039 rows=14 loops=1)
              Buckets: 1024  Batches: 1  Memory Usage: 5kB
              ->  Seq Scan on store  (cost=0.00..6.28 rows=14 width=287) (actual time=0.004..0.034 rows=14 loops=1)
                    Filter: ((s_store_name)::text = 'ese'::text)
                    Rows Removed by Filter: 88
  ->  Hash  (cost=233.00..233.00 rows=1152 width=32) (actual time=2.186..2.186 rows=1200 loops=1)
        Buckets: 1024  Batches: 1  Memory Usage: 75kB
        ->  Seq Scan on household_demographics  (cost=0.00..233.00 rows=1152 width=32) (actual time=0.008..2.022 rows=1200 loops=1)
              Filter: (((hd_dep_count = 4) AND (hd_vehicle_count <= 6)) OR ((hd_dep_count = (-1)) AND (hd_vehicle_count <= 1)) OR ((hd_dep_count = 0) AND (hd_vehicle_count <= 2)))
              Rows Removed by Filter: 6000
Total runtime: 9624.311 ms
