Hash Join  (cost=2969.26..960876.67 rows=11424 width=533) (actual time=29.596..9525.108 rows=24703 loops=1)
  Hash Cond: (store_sales.ss_hdemo_sk = household_demographics.hd_demo_sk)
  ->  Hash Join  (cost=2721.86..960234.70 rows=74753 width=501) (actual time=22.838..9495.962 rows=146451 loops=1)
        Hash Cond: (store_sales.ss_store_sk = store.s_store_sk)
        ->  Hash Join  (cost=2715.41..957341.09 rows=570568 width=214) (actual time=21.861..9302.541 rows=1100580 loops=1)
              Hash Cond: (store_sales.ss_sold_time_sk = time_dim.t_time_sk)
              ->  Seq Scan on store_sales  (cost=0.00..804916.00 rows=28800800 width=111) (actual time=0.004..5848.725 rows=28800991 loops=1)
              ->  Hash  (cost=2693.00..2693.00 rows=1793 width=103) (actual time=21.829..21.829 rows=1800 loops=1)
                    Buckets: 1024  Batches: 1  Memory Usage: 243kB
                    ->  Seq Scan on time_dim  (cost=0.00..2693.00 rows=1793 width=103) (actual time=8.461..21.485 rows=1800 loops=1)
                          Filter: ((t_minute >= 30) AND (t_hour = 9))
                          Rows Removed by Filter: 84600
        ->  Hash  (cost=6.28..6.28 rows=14 width=287) (actual time=0.040..0.040 rows=14 loops=1)
              Buckets: 1024  Batches: 1  Memory Usage: 5kB
              ->  Seq Scan on store  (cost=0.00..6.28 rows=14 width=287) (actual time=0.005..0.036 rows=14 loops=1)
                    Filter: ((s_store_name)::text = 'ese'::text)
                    Rows Removed by Filter: 88
  ->  Hash  (cost=233.00..233.00 rows=1152 width=32) (actual time=2.194..2.194 rows=1200 loops=1)
        Buckets: 1024  Batches: 1  Memory Usage: 75kB
        ->  Seq Scan on household_demographics  (cost=0.00..233.00 rows=1152 width=32) (actual time=0.008..2.044 rows=1200 loops=1)
              Filter: (((hd_dep_count = 4) AND (hd_vehicle_count <= 6)) OR ((hd_dep_count = (-1)) AND (hd_vehicle_count <= 1)) OR ((hd_dep_count = 0) AND (hd_vehicle_count <= 2)))
              Rows Removed by Filter: 6000
Total runtime: 9526.435 ms
