Hash Join  (cost=2969.41..960936.96 rows=11500 width=533) (actual time=24.569..9888.604 rows=35959 loops=1)
  Hash Cond: (store_sales.ss_hdemo_sk = household_demographics.hd_demo_sk)
  ->  Hash Join  (cost=2722.01..960292.36 rows=75253 width=501) (actual time=22.392..9846.178 rows=220382 loops=1)
        Hash Cond: (store_sales.ss_store_sk = store.s_store_sk)
        ->  Hash Join  (cost=2715.56..957379.43 rows=574387 width=214) (actual time=22.076..9555.783 rows=1645352 loops=1)
              Hash Cond: (store_sales.ss_sold_time_sk = time_dim.t_time_sk)
              ->  Seq Scan on store_sales  (cost=0.00..804916.00 rows=28800800 width=111) (actual time=0.004..5839.950 rows=28800991 loops=1)
              ->  Hash  (cost=2693.00..2693.00 rows=1805 width=103) (actual time=21.889..21.889 rows=1800 loops=1)
                    Buckets: 1024  Batches: 1  Memory Usage: 220kB
                    ->  Seq Scan on time_dim  (cost=0.00..2693.00 rows=1805 width=103) (actual time=9.026..21.586 rows=1800 loops=1)
                          Filter: ((t_minute < 30) AND (t_hour = 10))
                          Rows Removed by Filter: 84600
        ->  Hash  (cost=6.28..6.28 rows=14 width=287) (actual time=0.040..0.040 rows=14 loops=1)
              Buckets: 1024  Batches: 1  Memory Usage: 5kB
              ->  Seq Scan on store  (cost=0.00..6.28 rows=14 width=287) (actual time=0.004..0.036 rows=14 loops=1)
                    Filter: ((s_store_name)::text = 'ese'::text)
                    Rows Removed by Filter: 88
  ->  Hash  (cost=233.00..233.00 rows=1152 width=32) (actual time=2.168..2.168 rows=1200 loops=1)
        Buckets: 1024  Batches: 1  Memory Usage: 75kB
        ->  Seq Scan on household_demographics  (cost=0.00..233.00 rows=1152 width=32) (actual time=0.010..2.030 rows=1200 loops=1)
              Filter: (((hd_dep_count = 4) AND (hd_vehicle_count <= 6)) OR ((hd_dep_count = (-1)) AND (hd_vehicle_count <= 1)) OR ((hd_dep_count = 0) AND (hd_vehicle_count <= 2)))
              Rows Removed by Filter: 6000
Total runtime: 9890.433 ms
