Hash Join  (cost=14060.62..927583.45 rows=204 width=733) (actual time=227.218..35839.562 rows=322066 loops=1)
  Hash Cond: (store_sales.ss_sold_date_sk = date_dim.d_date_sk)
  ->  Hash Join  (cost=10824.94..924181.60 rows=43766 width=615) (actual time=204.593..35393.154 rows=1211710 loops=1)
        Hash Cond: (store_sales.ss_item_sk = item.i_item_sk)
        ->  Seq Scan on store_sales  (cost=0.00..804916.00 rows=28800800 width=111) (actual time=0.006..15075.638 rows=28800991 loops=1)
        ->  Hash  (cost=10823.00..10823.00 rows=155 width=504) (actual time=204.262..204.262 rows=5279 loops=1)
              Buckets: 1024  Batches: 4 (originally 1)  Memory Usage: 1025kB
              ->  Seq Scan on item  (cost=0.00..10823.00 rows=155 width=504) (actual time=0.015..198.027 rows=5279 loops=1)
                    Filter: (((i_category = ANY ('{Books,Children,Electronics}'::bpchar[])) AND (i_class = ANY ('{personal,portable,reference,self-help}'::bpchar[])) AND (i_brand = ANY ('{"scholaramalgamalg #14","scholaramalgamalg #7","exportiunivamalg #9","scholaramalgamalg #9"}'::bpchar[]))) OR ((i_category = ANY ('{Women,Music,Men}'::bpchar[])) AND (i_class = ANY ('{accessories,classical,fragrances,pants}'::bpchar[])) AND (i_brand = ANY ('{"amalgimporto #1","edu packscholar #1","exportiimporto #1","importoamalg #1"}'::bpchar[]))))
                    Rows Removed by Filter: 96721
  ->  Hash  (cost=3231.23..3231.23 rows=357 width=118) (actual time=22.613..22.613 rows=366 loops=1)
        Buckets: 1024  Batches: 1  Memory Usage: 56kB
        ->  Seq Scan on date_dim  (cost=0.00..3231.23 rows=357 width=118) (actual time=11.372..22.528 rows=366 loops=1)
              Filter: (d_month_seq = ANY ('{1195,1196,1197,1198,1199,1200,1201,1202,1203,1204,1205,1206}'::integer[]))
              Rows Removed by Filter: 72683
Total runtime: 35859.792 ms
