Hash Join  (cost=2327.20..289759.75 rows=71619 width=284) (actual time=18.074..5822.364 rows=2861248 loops=1)
  Hash Cond: (web_sales.ws_sold_date_sk = date_dim.d_date_sk)
  ->  Seq Scan on web_sales  (cost=0.00..259724.99 rows=7197699 width=166) (actual time=0.200..2733.642 rows=7197566 loops=1)
  ->  Hash  (cost=2318.11..2318.11 rows=727 width=118) (actual time=17.859..17.859 rows=730 loops=1)
        Buckets: 1024  Batches: 1  Memory Usage: 110kB
        ->  Seq Scan on date_dim  (cost=0.00..2318.11 rows=727 width=118) (actual time=8.698..17.704 rows=730 loops=1)
              Filter: (d_year = ANY ('{1998,1999}'::integer[]))
              Rows Removed by Filter: 72319
Total runtime: 5951.268 ms
