Hash Join  (cost=2501.12..574263.29 rows=6080 width=285) (actual time=10907.846..11511.367 rows=484907 loops=1)
  Hash Cond: (catalog_sales.cs_sold_date_sk = date_dim.d_date_sk)
  ->  Seq Scan on catalog_sales  (cost=0.00..517696.36 rows=14401336 width=167) (actual time=0.384..9529.528 rows=14401261 loops=1)
  ->  Hash  (cost=2500.73..2500.73 rows=31 width=118) (actual time=18.808..18.808 rows=31 loops=1)
        Buckets: 1024  Batches: 1  Memory Usage: 5kB
        ->  Seq Scan on date_dim  (cost=0.00..2500.73 rows=31 width=118) (actual time=9.875..18.794 rows=31 loops=1)
              Filter: ((d_moy = 12) AND (d_year = 2002))
              Rows Removed by Filter: 73018
Total runtime: 11531.460 ms
