Hash Join  (cost=2501.12..915536.87 rows=11675 width=229) (actual time=18.281..12529.017 rows=930388 loops=1)
  Hash Cond: (store_sales.ss_sold_date_sk = date_dim.d_date_sk)
  ->  Seq Scan on store_sales  (cost=0.00..804916.00 rows=28800800 width=111) (actual time=0.008..8955.715 rows=28800991 loops=1)
  ->  Hash  (cost=2500.73..2500.73 rows=31 width=118) (actual time=18.013..18.013 rows=31 loops=1)
        Buckets: 1024  Batches: 1  Memory Usage: 5kB
        ->  Seq Scan on date_dim  (cost=0.00..2500.73 rows=31 width=118) (actual time=9.322..18.002 rows=31 loops=1)
              Filter: ((d_moy = 12) AND (d_year = 2002))
              Rows Removed by Filter: 73018
Total runtime: 12572.596 ms
