Hash Join  (cost=2501.12..289248.02 rows=3054 width=284) (actual time=17.948..5603.325 rows=67880 loops=1)
  Hash Cond: (web_sales.ws_sold_date_sk = date_dim.d_date_sk)
  ->  Seq Scan on web_sales  (cost=0.00..259724.99 rows=7197699 width=166) (actual time=0.487..4725.208 rows=7197566 loops=1)
  ->  Hash  (cost=2500.73..2500.73 rows=31 width=118) (actual time=17.131..17.131 rows=30 loops=1)
        Buckets: 1024  Batches: 1  Memory Usage: 5kB
        ->  Seq Scan on date_dim  (cost=0.00..2500.73 rows=31 width=118) (actual time=8.565..17.118 rows=30 loops=1)
              Filter: ((d_year = 1999) AND (d_moy = 6))
              Rows Removed by Filter: 73019
Total runtime: 5606.928 ms
