Hash Join  (cost=2506.82..917259.94 rows=183412 width=229) (actual time=19.432..20150.620 rows=16494530 loops=1)
  Hash Cond: (store_sales.ss_sold_date_sk = date_dim.d_date_sk)
  ->  Seq Scan on store_sales  (cost=0.00..804916.00 rows=28800800 width=111) (actual time=0.011..6401.755 rows=28800991 loops=1)
  ->  Hash  (cost=2500.73..2500.73 rows=487 width=118) (actual time=19.407..19.407 rows=1096 loops=1)
        Buckets: 1024  Batches: 1  Memory Usage: 165kB
        ->  Seq Scan on date_dim  (cost=0.00..2500.73 rows=487 width=118) (actual time=8.627..19.164 rows=1096 loops=1)
              Filter: ((d_year >= 2000) AND (d_year <= 2002))
              Rows Removed by Filter: 71953
Total runtime: 20828.986 ms
