[
  {
    "Plan": {
      "Node Type": "Hash Join",
      "Join Type": "Inner",
      "Startup Cost": 42538.01,
      "Total Cost": 7857781.46,
      "Plan Rows": 1995311,
      "Plan Width": 783,
      "Actual Startup Time": 17375.272,
      "Actual Total Time": 369575.000,
      "Actual Rows": 79560000,
      "Actual Loops": 1,
      "Hash Cond": "(inventory.inv_warehouse_sk = warehouse.w_warehouse_sk)",
      "Plans": [
        {
          "Node Type": "Hash Join",
          "Parent Relationship": "Outer",
          "Join Type": "Inner",
          "Startup Cost": 42536.68,
          "Total Cost": 7830344.59,
          "Plan Rows": 1995311,
          "Plan Width": 638,
          "Actual Startup Time": 17375.237,
          "Actual Total Time": 325821.562,
          "Actual Rows": 79560000,
          "Actual Loops": 1,
          "Hash Cond": "(inventory.inv_item_sk = item.i_item_sk)",
          "Plans": [
            {
              "Node Type": "Hash Join",
              "Parent Relationship": "Outer",
              "Join Type": "Inner",
              "Startup Cost": 2322.68,
              "Total Cost": 7671604.06,
              "Plan Rows": 1995311,
              "Plan Width": 134,
              "Actual Startup Time": 17000.246,
              "Actual Total Time": 167350.782,
              "Actual Rows": 79560000,
              "Actual Loops": 1,
              "Hash Cond": "(inventory.inv_date_sk = date_dim.d_date_sk)",
              "Plans": [
                {
                  "Node Type": "Seq Scan",
                  "Parent Relationship": "Outer",
                  "Relation Name": "inventory",
                  "Alias": "inventory",
                  "Startup Cost": 0.00,
                  "Total Cost": 6151840.84,
                  "Plan Rows": 399329984,
                  "Plan Width": 16,
                  "Actual Startup Time": 0.004,
                  "Actual Total Time": 83917.524,
                  "Actual Rows": 399330000,
                  "Actual Loops": 1
                },
                {
                  "Node Type": "Hash",
                  "Parent Relationship": "Inner",
                  "Startup Cost": 2318.11,
                  "Total Cost": 2318.11,
                  "Plan Rows": 365,
                  "Plan Width": 118,
                  "Actual Startup Time": 15.248,
                  "Actual Total Time": 15.248,
                  "Actual Rows": 365,
                  "Actual Loops": 1,
                  "Hash Buckets": 1024,
                  "Original Hash Buckets": 1024,
                  "Hash Batches": 1,
                  "Original Hash Batches": 1,
                  "Peak Memory Usage": 63,
                  "Plans": [
                    {
                      "Node Type": "Seq Scan",
                      "Parent Relationship": "Outer",
                      "Relation Name": "date_dim",
                      "Alias": "date_dim",
                      "Startup Cost": 0.00,
                      "Total Cost": 2318.11,
                      "Plan Rows": 365,
                      "Plan Width": 118,
                      "Actual Startup Time": 7.650,
                      "Actual Total Time": 15.158,
                      "Actual Rows": 365,
                      "Actual Loops": 1,
                      "Filter": "(d_year = 1999)",
                      "Rows Removed by Filter": 72684
                    }
                  ]
                }
              ]
            },
            {
              "Node Type": "Hash",
              "Parent Relationship": "Inner",
              "Startup Cost": 24515.00,
              "Total Cost": 24515.00,
              "Plan Rows": 204000,
              "Plan Width": 504,
              "Actual Startup Time": 374.810,
              "Actual Total Time": 374.810,
              "Actual Rows": 204000,
              "Actual Loops": 1,
              "Hash Buckets": 8192,
              "Original Hash Buckets": 8192,
              "Hash Batches": 32,
              "Original Hash Batches": 32,
              "Peak Memory Usage": 3570,
              "Plans": [
                {
                  "Node Type": "Seq Scan",
                  "Parent Relationship": "Outer",
                  "Relation Name": "item",
                  "Alias": "item",
                  "Startup Cost": 0.00,
                  "Total Cost": 24515.00,
                  "Plan Rows": 204000,
                  "Plan Width": 504,
                  "Actual Startup Time": 0.011,
                  "Actual Total Time": 153.677,
                  "Actual Rows": 204000,
                  "Actual Loops": 1
                }
              ]
            }
          ]
        },
        {
          "Node Type": "Hash",
          "Parent Relationship": "Inner",
          "Startup Cost": 1.15,
          "Total Cost": 1.15,
          "Plan Rows": 15,
          "Plan Width": 145,
          "Actual Startup Time": 0.011,
          "Actual Total Time": 0.011,
          "Actual Rows": 15,
          "Actual Loops": 1,
          "Hash Buckets": 1024,
          "Original Hash Buckets": 1024,
          "Hash Batches": 1,
          "Original Hash Batches": 1,
          "Peak Memory Usage": 11,
          "Plans": [
            {
              "Node Type": "Seq Scan",
              "Parent Relationship": "Outer",
              "Relation Name": "warehouse",
              "Alias": "warehouse",
              "Startup Cost": 0.00,
              "Total Cost": 1.15,
              "Plan Rows": 15,
              "Plan Width": 145,
              "Actual Startup Time": 0.003,
              "Actual Total Time": 0.005,
              "Actual Rows": 15,
              "Actual Loops": 1
            }
          ]
        }
      ]
    },
    "Planning Time": 3.178,
    "Triggers": [
    ],
    "Execution Time": 373256.231
  }
]