[
  {
    "Plan": {
      "Node Type": "Hash Join",
      "Join Type": "Inner",
      "Startup Cost": 27533.95,
      "Total Cost": 9157991.36,
      "Plan Rows": 359,
      "Plan Width": 733,
      "Actual Startup Time": 171.593,
      "Actual Total Time": 154800.217,
      "Actual Rows": 28178,
      "Actual Loops": 1,
      "Hash Cond": "(store_sales.ss_item_sk = item.i_item_sk)",
      "Plans": [
        {
          "Node Type": "Hash Join",
          "Parent Relationship": "Outer",
          "Join Type": "Inner",
          "Startup Cost": 2501.12,
          "Total Cost": 9132516.16,
          "Plan Rows": 117008,
          "Plan Width": 229,
          "Actual Startup Time": 15.436,
          "Actual Total Time": 152974.175,
          "Actual Rows": 9301751,
          "Actual Loops": 1,
          "Hash Cond": "(store_sales.ss_sold_date_sk = date_dim.d_date_sk)",
          "Plans": [
            {
              "Node Type": "Seq Scan",
              "Parent Relationship": "Outer",
              "Relation Name": "store_sales",
              "Alias": "store_sales",
              "Startup Cost": 0.00,
              "Total Cost": 8048855.88,
              "Plan Rows": 287997088,
              "Plan Width": 111,
              "Actual Startup Time": 0.211,
              "Actual Total Time": 112564.766,
              "Actual Rows": 287997024,
              "Actual Loops": 1
            },
            {
              "Node Type": "Hash",
              "Parent Relationship": "Inner",
              "Startup Cost": 2500.73,
              "Total Cost": 2500.73,
              "Plan Rows": 31,
              "Plan Width": 118,
              "Actual Startup Time": 15.203,
              "Actual Total Time": 15.203,
              "Actual Rows": 31,
              "Actual Loops": 1,
              "Hash Buckets": 1024,
              "Original Hash Buckets": 1024,
              "Hash Batches": 1,
              "Original Hash Batches": 1,
              "Peak Memory Usage": 13,
              "Plans": [
                {
                  "Node Type": "Seq Scan",
                  "Parent Relationship": "Outer",
                  "Relation Name": "date_dim",
                  "Alias": "date_dim",
                  "Startup Cost": 0.00,
                  "Total Cost": 2500.73,
                  "Plan Rows": 31,
                  "Plan Width": 118,
                  "Actual Startup Time": 7.859,
                  "Actual Total Time": 15.191,
                  "Actual Rows": 31,
                  "Actual Loops": 1,
                  "Filter": "((d_moy = 12) AND (d_year = 2002))",
                  "Rows Removed by Filter": 73018
                }
              ]
            }
          ]
        },
        {
          "Node Type": "Hash",
          "Parent Relationship": "Inner",
          "Startup Cost": 25025.00,
          "Total Cost": 25025.00,
          "Plan Rows": 626,
          "Plan Width": 504,
          "Actual Startup Time": 130.907,
          "Actual Total Time": 130.907,
          "Actual Rows": 625,
          "Actual Loops": 1,
          "Hash Buckets": 1024,
          "Original Hash Buckets": 1024,
          "Hash Batches": 1,
          "Original Hash Batches": 1,
          "Peak Memory Usage": 340,
          "Plans": [
            {
              "Node Type": "Seq Scan",
              "Parent Relationship": "Outer",
              "Relation Name": "item",
              "Alias": "item",
              "Startup Cost": 0.00,
              "Total Cost": 25025.00,
              "Plan Rows": 626,
              "Plan Width": 504,
              "Actual Startup Time": 0.689,
              "Actual Total Time": 130.510,
              "Actual Rows": 625,
              "Actual Loops": 1,
              "Filter": "(i_manager_id = 91)",
              "Rows Removed by Filter": 203375
            }
          ]
        }
      ]
    },
    "Planning Time": 0.377,
    "Triggers": [
    ],
    "Execution Time": 154805.504
  }
]