[
  {
    "Plan": {
      "Node Type": "Hash Join",
      "Join Type": "Inner",
      "Startup Cost": 42718.66,
      "Total Cost": 2954945.04,
      "Plan Rows": 309455,
      "Plan Width": 788,
      "Actual Startup Time": 399.523,
      "Actual Total Time": 102390.638,
      "Actual Rows": 14330742,
      "Actual Loops": 1,
      "Hash Cond": "(web_sales.ws_item_sk = item.i_item_sk)",
      "Plans": [
        {
          "Node Type": "Hash Join",
          "Parent Relationship": "Outer",
          "Join Type": "Inner",
          "Startup Cost": 2504.66,
          "Total Cost": 2873755.03,
          "Plan Rows": 309455,
          "Plan Width": 284,
          "Actual Startup Time": 42.172,
          "Actual Total Time": 56557.644,
          "Actual Rows": 14330742,
          "Actual Loops": 1,
          "Hash Cond": "(web_sales.ws_sold_date_sk = d1.d_date_sk)",
          "Plans": [
            {
              "Node Type": "Seq Scan",
              "Parent Relationship": "Outer",
              "Relation Name": "web_sales",
              "Alias": "web_sales",
              "Startup Cost": 0.00,
              "Total Cost": 2598150.96,
              "Plan Rows": 72001296,
              "Plan Width": 166,
              "Actual Startup Time": 0.158,
              "Actual Total Time": 35994.215,
              "Actual Rows": 72001237,
              "Actual Loops": 1
            },
            {
              "Node Type": "Hash",
              "Parent Relationship": "Inner",
              "Startup Cost": 2500.73,
              "Total Cost": 2500.73,
              "Plan Rows": 314,
              "Plan Width": 118,
              "Actual Startup Time": 41.958,
              "Actual Total Time": 41.958,
              "Actual Rows": 365,
              "Actual Loops": 1,
              "Hash Buckets": 1024,
              "Original Hash Buckets": 1024,
              "Hash Batches": 1,
              "Original Hash Batches": 1,
              "Peak Memory Usage": 63,
              "Plans": [
                {
                  "Node Type": "Seq Scan",
                  "Parent Relationship": "Outer",
                  "Relation Name": "date_dim",
                  "Alias": "d1",
                  "Startup Cost": 0.00,
                  "Total Cost": 2500.73,
                  "Plan Rows": 314,
                  "Plan Width": 118,
                  "Actual Startup Time": 21.591,
                  "Actual Total Time": 41.871,
                  "Actual Rows": 365,
                  "Actual Loops": 1,
                  "Filter": "((d_month_seq >= 1211) AND (d_month_seq <= 1222))",
                  "Rows Removed by Filter": 72684
                }
              ]
            }
          ]
        },
        {
          "Node Type": "Hash",
          "Parent Relationship": "Inner",
          "Startup Cost": 24515.00,
          "Total Cost": 24515.00,
          "Plan Rows": 204000,
          "Plan Width": 504,
          "Actual Startup Time": 357.156,
          "Actual Total Time": 357.156,
          "Actual Rows": 204000,
          "Actual Loops": 1,
          "Hash Buckets": 8192,
          "Original Hash Buckets": 8192,
          "Hash Batches": 32,
          "Original Hash Batches": 32,
          "Peak Memory Usage": 3570,
          "Plans": [
            {
              "Node Type": "Seq Scan",
              "Parent Relationship": "Outer",
              "Relation Name": "item",
              "Alias": "item",
              "Startup Cost": 0.00,
              "Total Cost": 24515.00,
              "Plan Rows": 204000,
              "Plan Width": 504,
              "Actual Startup Time": 0.010,
              "Actual Total Time": 157.591,
              "Actual Rows": 204000,
              "Actual Loops": 1
            }
          ]
        }
      ]
    },
    "Planning Time": 4.548,
    "Triggers": [
    ],
    "Execution Time": 103045.603
  }
]