[
  {
    "Plan": {
      "Node Type": "Hash Join",
      "Join Type": "Inner",
      "Startup Cost": 75672.11,
      "Total Cost": 9223847.83,
      "Plan Rows": 3676,
      "Plan Width": 878,
      "Actual Startup Time": 875.039,
      "Actual Total Time": 158071.960,
      "Actual Rows": 89596,
      "Actual Loops": 1,
      "Hash Cond": "(store_sales.ss_addr_sk = customer_address.ca_address_sk)",
      "Plans": [
        {
          "Node Type": "Hash Join",
          "Parent Relationship": "Outer",
          "Join Type": "Inner",
          "Startup Cost": 29102.02,
          "Total Cost": 9167432.21,
          "Plan Rows": 10607,
          "Plan Width": 733,
          "Actual Startup Time": 180.901,
          "Actual Total Time": 155914.978,
          "Actual Rows": 250128,
          "Actual Loops": 1,
          "Hash Cond": "(store_sales.ss_item_sk = item.i_item_sk)",
          "Plans": [
            {
              "Node Type": "Hash Join",
              "Parent Relationship": "Outer",
              "Join Type": "Inner",
              "Startup Cost": 2501.08,
              "Total Cost": 9132402.88,
              "Plan Rows": 105684,
              "Plan Width": 229,
              "Actual Startup Time": 15.851,
              "Actual Total Time": 151118.237,
              "Actual Rows": 2522808,
              "Actual Loops": 1,
              "Hash Cond": "(store_sales.ss_sold_date_sk = date_dim.d_date_sk)",
              "Plans": [
                {
                  "Node Type": "Seq Scan",
                  "Parent Relationship": "Outer",
                  "Relation Name": "store_sales",
                  "Alias": "store_sales",
                  "Startup Cost": 0.00,
                  "Total Cost": 8048855.88,
                  "Plan Rows": 287997088,
                  "Plan Width": 111,
                  "Actual Startup Time": 0.174,
                  "Actual Total Time": 116304.417,
                  "Actual Rows": 287997024,
                  "Actual Loops": 1
                },
                {
                  "Node Type": "Hash",
                  "Parent Relationship": "Inner",
                  "Startup Cost": 2500.73,
                  "Total Cost": 2500.73,
                  "Plan Rows": 28,
                  "Plan Width": 118,
                  "Actual Startup Time": 14.999,
                  "Actual Total Time": 14.999,
                  "Actual Rows": 29,
                  "Actual Loops": 1,
                  "Hash Buckets": 1024,
                  "Original Hash Buckets": 1024,
                  "Hash Batches": 1,
                  "Original Hash Batches": 1,
                  "Peak Memory Usage": 13,
                  "Plans": [
                    {
                      "Node Type": "Seq Scan",
                      "Parent Relationship": "Outer",
                      "Relation Name": "date_dim",
                      "Alias": "date_dim",
                      "Startup Cost": 0.00,
                      "Total Cost": 2500.73,
                      "Plan Rows": 28,
                      "Plan Width": 118,
                      "Actual Startup Time": 7.828,
                      "Actual Total Time": 14.979,
                      "Actual Rows": 29,
                      "Actual Loops": 1,
                      "Filter": "((d_year = 2000) AND (d_moy = 2))",
                      "Rows Removed by Filter": 73020
                    }
                  ]
                }
              ]
            },
            {
              "Node Type": "Hash",
              "Parent Relationship": "Inner",
              "Startup Cost": 25025.00,
              "Total Cost": 25025.00,
              "Plan Rows": 20475,
              "Plan Width": 504,
              "Actual Startup Time": 159.061,
              "Actual Total Time": 159.061,
              "Actual Rows": 20352,
              "Actual Loops": 1,
              "Hash Buckets": 8192,
              "Original Hash Buckets": 8192,
              "Hash Batches": 4,
              "Original Hash Batches": 4,
              "Peak Memory Usage": 2823,
              "Plans": [
                {
                  "Node Type": "Seq Scan",
                  "Parent Relationship": "Outer",
                  "Relation Name": "item",
                  "Alias": "item",
                  "Startup Cost": 0.00,
                  "Total Cost": 25025.00,
                  "Plan Rows": 20475,
                  "Plan Width": 504,
                  "Actual Startup Time": 0.275,
                  "Actual Total Time": 141.756,
                  "Actual Rows": 20352,
                  "Actual Loops": 1,
                  "Filter": "(i_category = 'Home'::bpchar)",
                  "Rows Removed by Filter": 183648
                }
              ]
            }
          ]
        },
        {
          "Node Type": "Hash",
          "Parent Relationship": "Inner",
          "Startup Cost": 34234.00,
          "Total Cost": 34234.00,
          "Plan Rows": 362967,
          "Plan Width": 145,
          "Actual Startup Time": 644.602,
          "Actual Total Time": 644.602,
          "Actual Rows": 364761,
          "Actual Loops": 1,
          "Hash Buckets": 32768,
          "Original Hash Buckets": 32768,
          "Hash Batches": 32,
          "Original Hash Batches": 32,
          "Peak Memory Usage": 2274,
          "Plans": [
            {
              "Node Type": "Seq Scan",
              "Parent Relationship": "Outer",
              "Relation Name": "customer_address",
              "Alias": "customer_address",
              "Startup Cost": 0.00,
              "Total Cost": 34234.00,
              "Plan Rows": 362967,
              "Plan Width": 145,
              "Actual Startup Time": 0.015,
              "Actual Total Time": 482.173,
              "Actual Rows": 364761,
              "Actual Loops": 1,
              "Filter": "(ca_gmt_offset = '-5'::numeric)",
              "Rows Removed by Filter": 635239
            }
          ]
        }
      ]
    },
    "Planning Time": 0.925,
    "Triggers": [
    ],
    "Execution Time": 158076.763
  }
]