[
  {
    "Plan": {
      "Node Type": "Hash Join",
      "Join Type": "Inner",
      "Startup Cost": 75672.11,
      "Total Cost": 5807173.20,
      "Plan Rows": 1988,
      "Plan Width": 933,
      "Actual Startup Time": 45733.066,
      "Actual Total Time": 116377.667,
      "Actual Rows": 47141,
      "Actual Loops": 1,
      "Hash Cond": "(catalog_sales.cs_bill_addr_sk = customer_address.ca_address_sk)",
      "Plans": [
        {
          "Node Type": "Hash Join",
          "Parent Relationship": "Outer",
          "Join Type": "Inner",
          "Startup Cost": 29102.02,
          "Total Cost": 5751665.58,
          "Plan Rows": 5509,
          "Plan Width": 788,
          "Actual Startup Time": 45068.777,
          "Actual Total Time": 114810.418,
          "Actual Rows": 130043,
          "Actual Loops": 1,
          "Hash Cond": "(catalog_sales.cs_item_sk = item.i_item_sk)",
          "Plans": [
            {
              "Node Type": "Hash Join",
              "Parent Relationship": "Outer",
              "Join Type": "Inner",
              "Startup Cost": 2501.08,
              "Total Cost": 5719301.71,
              "Plan Rows": 54889,
              "Plan Width": 284,
              "Actual Startup Time": 44906.375,
              "Actual Total Time": 112265.430,
              "Actual Rows": 1311563,
              "Actual Loops": 1,
              "Hash Cond": "(catalog_sales.cs_sold_date_sk = date_dim.d_date_sk)",
              "Plans": [
                {
                  "Node Type": "Seq Scan",
                  "Parent Relationship": "Outer",
                  "Relation Name": "catalog_sales",
                  "Alias": "catalog_sales",
                  "Startup Cost": 0.00,
                  "Total Cost": 5176262.72,
                  "Plan Rows": 143997072,
                  "Plan Width": 166,
                  "Actual Startup Time": 0.171,
                  "Actual Total Time": 92313.418,
                  "Actual Rows": 143997065,
                  "Actual Loops": 1
                },
                {
                  "Node Type": "Hash",
                  "Parent Relationship": "Inner",
                  "Startup Cost": 2500.73,
                  "Total Cost": 2500.73,
                  "Plan Rows": 28,
                  "Plan Width": 118,
                  "Actual Startup Time": 13.685,
                  "Actual Total Time": 13.685,
                  "Actual Rows": 29,
                  "Actual Loops": 1,
                  "Hash Buckets": 1024,
                  "Original Hash Buckets": 1024,
                  "Hash Batches": 1,
                  "Original Hash Batches": 1,
                  "Peak Memory Usage": 13,
                  "Plans": [
                    {
                      "Node Type": "Seq Scan",
                      "Parent Relationship": "Outer",
                      "Relation Name": "date_dim",
                      "Alias": "date_dim",
                      "Startup Cost": 0.00,
                      "Total Cost": 2500.73,
                      "Plan Rows": 28,
                      "Plan Width": 118,
                      "Actual Startup Time": 6.880,
                      "Actual Total Time": 13.672,
                      "Actual Rows": 29,
                      "Actual Loops": 1,
                      "Filter": "((d_year = 2000) AND (d_moy = 2))",
                      "Rows Removed by Filter": 73020
                    }
                  ]
                }
              ]
            },
            {
              "Node Type": "Hash",
              "Parent Relationship": "Inner",
              "Startup Cost": 25025.00,
              "Total Cost": 25025.00,
              "Plan Rows": 20475,
              "Plan Width": 504,
              "Actual Startup Time": 145.290,
              "Actual Total Time": 145.290,
              "Actual Rows": 20352,
              "Actual Loops": 1,
              "Hash Buckets": 8192,
              "Original Hash Buckets": 8192,
              "Hash Batches": 4,
              "Original Hash Batches": 4,
              "Peak Memory Usage": 2822,
              "Plans": [
                {
                  "Node Type": "Seq Scan",
                  "Parent Relationship": "Outer",
                  "Relation Name": "item",
                  "Alias": "item",
                  "Startup Cost": 0.00,
                  "Total Cost": 25025.00,
                  "Plan Rows": 20475,
                  "Plan Width": 504,
                  "Actual Startup Time": 0.296,
                  "Actual Total Time": 128.189,
                  "Actual Rows": 20352,
                  "Actual Loops": 1,
                  "Filter": "(i_category = 'Home'::bpchar)",
                  "Rows Removed by Filter": 183648
                }
              ]
            }
          ]
        },
        {
          "Node Type": "Hash",
          "Parent Relationship": "Inner",
          "Startup Cost": 34234.00,
          "Total Cost": 34234.00,
          "Plan Rows": 362967,
          "Plan Width": 145,
          "Actual Startup Time": 652.897,
          "Actual Total Time": 652.897,
          "Actual Rows": 364761,
          "Actual Loops": 1,
          "Hash Buckets": 32768,
          "Original Hash Buckets": 32768,
          "Hash Batches": 32,
          "Original Hash Batches": 32,
          "Peak Memory Usage": 2274,
          "Plans": [
            {
              "Node Type": "Seq Scan",
              "Parent Relationship": "Outer",
              "Relation Name": "customer_address",
              "Alias": "customer_address",
              "Startup Cost": 0.00,
              "Total Cost": 34234.00,
              "Plan Rows": 362967,
              "Plan Width": 145,
              "Actual Startup Time": 0.012,
              "Actual Total Time": 483.344,
              "Actual Rows": 364761,
              "Actual Loops": 1,
              "Filter": "(ca_gmt_offset = '-5'::numeric)",
              "Rows Removed by Filter": 635239
            }
          ]
        }
      ]
    },
    "Planning Time": 3.837,
    "Triggers": [
    ],
    "Execution Time": 116380.503
  }
]