[
  {
    "Plan": {
      "Node Type": "Hash Join",
      "Join Type": "Inner",
      "Startup Cost": 38075.53,
      "Total Cost": 122666.08,
      "Plan Rows": 14644,
      "Plan Width": 390,
      "Actual Startup Time": 310.872,
      "Actual Total Time": 1043.616,
      "Actual Rows": 15004,
      "Actual Loops": 1,
      "Hash Cond": "(c.c_current_addr_sk = ca.ca_address_sk)",
      "Plans": [
        {
          "Node Type": "Seq Scan",
          "Parent Relationship": "Outer",
          "Relation Name": "customer",
          "Alias": "c",
          "Startup Cost": 0.00,
          "Total Cost": 76944.08,
          "Plan Rows": 2000008,
          "Plan Width": 245,
          "Actual Startup Time": 0.023,
          "Actual Total Time": 389.098,
          "Actual Rows": 2000000,
          "Actual Loops": 1
        },
        {
          "Node Type": "Hash",
          "Parent Relationship": "Inner",
          "Startup Cost": 37984.00,
          "Total Cost": 37984.00,
          "Plan Rows": 7322,
          "Plan Width": 145,
          "Actual Startup Time": 310.670,
          "Actual Total Time": 310.670,
          "Actual Rows": 7541,
          "Actual Loops": 1,
          "Hash Buckets": 8192,
          "Original Hash Buckets": 8192,
          "Hash Batches": 1,
          "Original Hash Batches": 1,
          "Peak Memory Usage": 1393,
          "Plans": [
            {
              "Node Type": "Seq Scan",
              "Parent Relationship": "Outer",
              "Relation Name": "customer_address",
              "Alias": "ca",
              "Startup Cost": 0.00,
              "Total Cost": 37984.00,
              "Plan Rows": 7322,
              "Plan Width": 145,
              "Actual Startup Time": 0.172,
              "Actual Total Time": 307.344,
              "Actual Rows": 7541,
              "Actual Loops": 1,
              "Filter": "((ca_county)::text = ANY ('{\"Yellowstone County\",\"Montgomery County\",\"Divide County\",\"Cedar County\",\"Manassas Park city\"}'::text[]))",
              "Rows Removed by Filter": 992459
            }
          ]
        }
      ]
    },
    "Planning Time": 0.407,
    "Triggers": [
    ],
    "Execution Time": 1044.547
  }
]