[
  {
    "Plan": {
      "Node Type": "Hash Join",
      "Join Type": "Inner",
      "Startup Cost": 2684.87,
      "Total Cost": 2872033.18,
      "Plan Rows": 119249,
      "Plan Width": 284,
      "Actual Startup Time": 22.024,
      "Actual Total Time": 56146.041,
      "Actual Rows": 2749449,
      "Actual Loops": 1,
      "Hash Cond": "(web_sales.ws_sold_date_sk = date_dim.d_date_sk)",
      "Plans": [
        {
          "Node Type": "Seq Scan",
          "Parent Relationship": "Outer",
          "Relation Name": "web_sales",
          "Alias": "web_sales",
          "Startup Cost": 0.00,
          "Total Cost": 2598150.96,
          "Plan Rows": 72001296,
          "Plan Width": 166,
          "Actual Startup Time": 0.164,
          "Actual Total Time": 44220.563,
          "Actual Rows": 72001237,
          "Actual Loops": 1
        },
        {
          "Node Type": "Hash",
          "Parent Relationship": "Inner",
          "Startup Cost": 2683.36,
          "Total Cost": 2683.36,
          "Plan Rows": 121,
          "Plan Width": 118,
          "Actual Startup Time": 21.493,
          "Actual Total Time": 21.493,
          "Actual Rows": 121,
          "Actual Loops": 1,
          "Hash Buckets": 1024,
          "Original Hash Buckets": 1024,
          "Hash Batches": 1,
          "Original Hash Batches": 1,
          "Peak Memory Usage": 27,
          "Plans": [
            {
              "Node Type": "Seq Scan",
              "Parent Relationship": "Outer",
              "Relation Name": "date_dim",
              "Alias": "date_dim",
              "Startup Cost": 0.00,
              "Total Cost": 2683.36,
              "Plan Rows": 121,
              "Plan Width": 118,
              "Actual Startup Time": 10.650,
              "Actual Total Time": 21.448,
              "Actual Rows": 121,
              "Actual Loops": 1,
              "Filter": "((d_moy >= 2) AND (d_moy <= 5) AND (d_year = 2000))",
              "Rows Removed by Filter": 72928
            }
          ]
        }
      ]
    },
    "Planning Time": 2.566,
    "Triggers": [
    ],
    "Execution Time": 56298.101
  }
]