[
  {
    "Plan": {
      "Node Type": "Hash Join",
      "Join Type": "Inner",
      "Startup Cost": 5747129.65,
      "Total Cost": 14568705.18,
      "Plan Rows": 12034,
      "Plan Width": 804,
      "Actual Startup Time": 189999.744,
      "Actual Total Time": 216536.381,
      "Actual Rows": 66215,
      "Actual Loops": 1,
      "Hash Cond": "(inventory.inv_item_sk = item.i_item_sk)",
      "Plans": [
        {
          "Node Type": "Hash Join",
          "Parent Relationship": "Outer",
          "Join Type": "Inner",
          "Startup Cost": 2501.43,
          "Total Cost": 8716020.64,
          "Plan Rows": 115273,
          "Plan Width": 134,
          "Actual Startup Time": 78496.829,
          "Actual Total Time": 100903.354,
          "Actual Rows": 4658760,
          "Actual Loops": 1,
          "Hash Cond": "(inventory.inv_date_sk = date_dim.d_date_sk)",
          "Plans": [
            {
              "Node Type": "Seq Scan",
              "Parent Relationship": "Outer",
              "Relation Name": "inventory",
              "Alias": "inventory",
              "Startup Cost": 0.00,
              "Total Cost": 8148490.76,
              "Plan Rows": 150366856,
              "Plan Width": 16,
              "Actual Startup Time": 0.007,
              "Actual Total Time": 85906.446,
              "Actual Rows": 151977278,
              "Actual Loops": 1,
              "Filter": "((inv_quantity_on_hand >= 100) AND (inv_quantity_on_hand <= 500))",
              "Rows Removed by Filter": 247352722
            },
            {
              "Node Type": "Hash",
              "Parent Relationship": "Inner",
              "Startup Cost": 2500.73,
              "Total Cost": 2500.73,
              "Plan Rows": 56,
              "Plan Width": 118,
              "Actual Startup Time": 15.411,
              "Actual Total Time": 15.411,
              "Actual Rows": 60,
              "Actual Loops": 1,
              "Hash Buckets": 1024,
              "Original Hash Buckets": 1024,
              "Hash Batches": 1,
              "Original Hash Batches": 1,
              "Peak Memory Usage": 18,
              "Plans": [
                {
                  "Node Type": "Seq Scan",
                  "Parent Relationship": "Outer",
                  "Relation Name": "date_dim",
                  "Alias": "date_dim",
                  "Startup Cost": 0.00,
                  "Total Cost": 2500.73,
                  "Plan Rows": 56,
                  "Plan Width": 118,
                  "Actual Startup Time": 7.210,
                  "Actual Total Time": 15.388,
                  "Actual Rows": 60,
                  "Actual Loops": 1,
                  "Filter": "((d_date >= '2002-01-18'::date) AND (d_date <= '2002-03-18'::date))",
                  "Rows Removed by Filter": 72989
                }
              ]
            }
          ]
        },
        {
          "Node Type": "Hash",
          "Parent Relationship": "Inner",
          "Startup Cost": 5742976.45,
          "Total Cost": 5742976.45,
          "Plan Rows": 16941,
          "Plan Width": 670,
          "Actual Startup Time": 111032.117,
          "Actual Total Time": 111032.117,
          "Actual Rows": 2820,
          "Actual Loops": 1,
          "Hash Buckets": 8192,
          "Original Hash Buckets": 8192,
          "Hash Batches": 4,
          "Original Hash Batches": 4,
          "Peak Memory Usage": 735,
          "Plans": [
            {
              "Node Type": "Hash Join",
              "Parent Relationship": "Outer",
              "Join Type": "Inner",
              "Startup Cost": 26555.30,
              "Total Cost": 5742976.45,
              "Plan Rows": 16941,
              "Plan Width": 670,
              "Actual Startup Time": 124.398,
              "Actual Total Time": 111008.597,
              "Actual Rows": 2820,
              "Actual Loops": 1,
              "Hash Cond": "(catalog_sales.cs_item_sk = item.i_item_sk)",
              "Plans": [
                {
                  "Node Type": "Seq Scan",
                  "Parent Relationship": "Outer",
                  "Relation Name": "catalog_sales",
                  "Alias": "catalog_sales",
                  "Startup Cost": 0.00,
                  "Total Cost": 5176262.72,
                  "Plan Rows": 143997072,
                  "Plan Width": 166,
                  "Actual Startup Time": 0.428,
                  "Actual Total Time": 84018.448,
                  "Actual Rows": 143997065,
                  "Actual Loops": 1
                },
                {
                  "Node Type": "Hash",
                  "Parent Relationship": "Inner",
                  "Startup Cost": 26555.00,
                  "Total Cost": 26555.00,
                  "Plan Rows": 24,
                  "Plan Width": 504,
                  "Actual Startup Time": 113.680,
                  "Actual Total Time": 113.680,
                  "Actual Rows": 6,
                  "Actual Loops": 1,
                  "Hash Buckets": 1024,
                  "Original Hash Buckets": 1024,
                  "Hash Batches": 1,
                  "Original Hash Batches": 1,
                  "Peak Memory Usage": 12,
                  "Plans": [
                    {
                      "Node Type": "Seq Scan",
                      "Parent Relationship": "Outer",
                      "Relation Name": "item",
                      "Alias": "item",
                      "Startup Cost": 0.00,
                      "Total Cost": 26555.00,
                      "Plan Rows": 24,
                      "Plan Width": 504,
                      "Actual Startup Time": 46.873,
                      "Actual Total Time": 113.660,
                      "Actual Rows": 6,
                      "Actual Loops": 1,
                      "Filter": "((i_current_price >= '42'::numeric) AND (i_current_price <= '72'::numeric) AND (i_manufact_id = ANY ('{744,691,853,946}'::integer[])))",
                      "Rows Removed by Filter": 203994
                    }
                  ]
                }
              ]
            }
          ]
        }
      ]
    },
    "Planning Time": 3.564,
    "Triggers": [
    ],
    "Execution Time": 216539.458
  }
]