[
  {
    "Plan": {
      "Node Type": "Hash Join",
      "Join Type": "Inner",
      "Startup Cost": 32431.42,
      "Total Cost": 9174141.74,
      "Plan Rows": 33540,
      "Plan Width": 733,
      "Actual Startup Time": 252.023,
      "Actual Total Time": 158118.852,
      "Actual Rows": 809486,
      "Actual Loops": 1,
      "Hash Cond": "(store_sales.ss_item_sk = item.i_item_sk)",
      "Plans": [
        {
          "Node Type": "Hash Join",
          "Parent Relationship": "Outer",
          "Join Type": "Inner",
          "Startup Cost": 2501.11,
          "Total Cost": 9132478.40,
          "Plan Rows": 113233,
          "Plan Width": 229,
          "Actual Startup Time": 14.889,
          "Actual Total Time": 150650.310,
          "Actual Rows": 2700130,
          "Actual Loops": 1,
          "Hash Cond": "(store_sales.ss_sold_date_sk = date_dim.d_date_sk)",
          "Plans": [
            {
              "Node Type": "Seq Scan",
              "Parent Relationship": "Outer",
              "Relation Name": "store_sales",
              "Alias": "store_sales",
              "Startup Cost": 0.00,
              "Total Cost": 8048855.88,
              "Plan Rows": 287997088,
              "Plan Width": 111,
              "Actual Startup Time": 0.167,
              "Actual Total Time": 113650.613,
              "Actual Rows": 287997024,
              "Actual Loops": 1
            },
            {
              "Node Type": "Hash",
              "Parent Relationship": "Inner",
              "Startup Cost": 2500.73,
              "Total Cost": 2500.73,
              "Plan Rows": 30,
              "Plan Width": 118,
              "Actual Startup Time": 14.094,
              "Actual Total Time": 14.094,
              "Actual Rows": 31,
              "Actual Loops": 1,
              "Hash Buckets": 1024,
              "Original Hash Buckets": 1024,
              "Hash Batches": 1,
              "Original Hash Batches": 1,
              "Peak Memory Usage": 13,
              "Plans": [
                {
                  "Node Type": "Seq Scan",
                  "Parent Relationship": "Outer",
                  "Relation Name": "date_dim",
                  "Alias": "date_dim",
                  "Startup Cost": 0.00,
                  "Total Cost": 2500.73,
                  "Plan Rows": 30,
                  "Plan Width": 118,
                  "Actual Startup Time": 6.106,
                  "Actual Total Time": 14.082,
                  "Actual Rows": 31,
                  "Actual Loops": 1,
                  "Filter": "((d_date >= '1999-04-26'::date) AND (d_date <= '1999-05-26'::date))",
                  "Rows Removed by Filter": 73018
                }
              ]
            }
          ]
        },
        {
          "Node Type": "Hash",
          "Parent Relationship": "Inner",
          "Startup Cost": 25280.00,
          "Total Cost": 25280.00,
          "Plan Rows": 60425,
          "Plan Width": 504,
          "Actual Startup Time": 234.476,
          "Actual Total Time": 234.476,
          "Actual Rows": 60986,
          "Actual Loops": 1,
          "Hash Buckets": 8192,
          "Original Hash Buckets": 8192,
          "Hash Batches": 16,
          "Original Hash Batches": 16,
          "Peak Memory Usage": 2103,
          "Plans": [
            {
              "Node Type": "Seq Scan",
              "Parent Relationship": "Outer",
              "Relation Name": "item",
              "Alias": "item",
              "Startup Cost": 0.00,
              "Total Cost": 25280.00,
              "Plan Rows": 60425,
              "Plan Width": 504,
              "Actual Startup Time": 0.018,
              "Actual Total Time": 180.025,
              "Actual Rows": 60986,
              "Actual Loops": 1,
              "Filter": "(i_category = ANY ('{Music,Jewelry,Women}'::bpchar[]))",
              "Rows Removed by Filter": 143014
            }
          ]
        }
      ]
    },
    "Planning Time": 2.436,
    "Triggers": [
    ],
    "Execution Time": 158167.141
  }
]