[
  {
    "Plan": {
      "Node Type": "Hash Join",
      "Join Type": "Inner",
      "Startup Cost": 2504.83,
      "Total Cost": 9143729.95,
      "Plan Rows": 1238015,
      "Plan Width": 229,
      "Actual Startup Time": 15.221,
      "Actual Total Time": 206654.370,
      "Actual Rows": 55048350,
      "Actual Loops": 1,
      "Hash Cond": "(store_sales.ss_sold_date_sk = d1.d_date_sk)",
      "Plans": [
        {
          "Node Type": "Seq Scan",
          "Parent Relationship": "Outer",
          "Relation Name": "store_sales",
          "Alias": "store_sales",
          "Startup Cost": 0.00,
          "Total Cost": 8048855.88,
          "Plan Rows": 287997088,
          "Plan Width": 111,
          "Actual Startup Time": 0.013,
          "Actual Total Time": 138607.368,
          "Actual Rows": 287997024,
          "Actual Loops": 1
        },
        {
          "Node Type": "Hash",
          "Parent Relationship": "Inner",
          "Startup Cost": 2500.73,
          "Total Cost": 2500.73,
          "Plan Rows": 328,
          "Plan Width": 118,
          "Actual Startup Time": 15.195,
          "Actual Total Time": 15.195,
          "Actual Rows": 365,
          "Actual Loops": 1,
          "Hash Buckets": 1024,
          "Original Hash Buckets": 1024,
          "Hash Batches": 1,
          "Original Hash Batches": 1,
          "Peak Memory Usage": 63,
          "Plans": [
            {
              "Node Type": "Seq Scan",
              "Parent Relationship": "Outer",
              "Relation Name": "date_dim",
              "Alias": "d1",
              "Startup Cost": 0.00,
              "Total Cost": 2500.73,
              "Plan Rows": 328,
              "Plan Width": 118,
              "Actual Startup Time": 6.458,
              "Actual Total Time": 15.116,
              "Actual Rows": 365,
              "Actual Loops": 1,
              "Filter": "((d_month_seq >= 1181) AND (d_month_seq <= 1192))",
              "Rows Removed by Filter": 72684
            }
          ]
        }
      ]
    },
    "Planning Time": 0.205,
    "Triggers": [
    ],
    "Execution Time": 209066.594
  }
]