 [                                                                                 
   {                                                                               
     "Plan": {                                                                     
       "Node Type": "Hash Join",                                                   
       "Join Type": "Inner",                                                       
       "Startup Cost": 5828.63,                                                    
       "Total Cost": 2883650.16,                                                   
       "Plan Rows": 12009,                                                         
       "Plan Width": 492,                                                          
       "Actual Startup Time": 45.018,                                              
       "Actual Total Time": 59498.801,                                             
       "Actual Rows": 648881,                                                      
       "Actual Loops": 1,                                                          
       "Hash Cond": "(web_sales.ws_sold_time_sk = time_dim.t_time_sk)",            
       "Plans": [                                                                  
         {                                                                         
           "Node Type": "Hash Join",                                               
           "Parent Relationship": "Outer",                                         
           "Join Type": "Inner",                                                   
           "Startup Cost": 2323.95,                                                
           "Total Cost": 2875785.53,                                               
           "Plan Rows": 35965,                                                     
           "Plan Width": 389,                                                      
           "Actual Startup Time": 15.958,                                          
           "Actual Total Time": 56347.479,                                         
           "Actual Rows": 1440949,                                                 
           "Actual Loops": 1,                                                      
           "Hash Cond": "(web_sales.ws_ship_mode_sk = ship_mode.sm_ship_mode_sk)", 
           "Plans": [                                                              
             {                                                                     
               "Node Type": "Hash Join",                                           
               "Parent Relationship": "Outer",                                     
               "Join Type": "Inner",                                               
               "Startup Cost": 2322.68,                                            
               "Total Cost": 2874075.67,                                           
               "Plan Rows": 359717,                                                
               "Plan Width": 284,                                                  
               "Actual Startup Time": 15.928,                                      
               "Actual Total Time": 54187.453,                                     
               "Actual Rows": 14392630,                                            
               "Actual Loops": 1,                                                  
               "Hash Cond": "(web_sales.ws_sold_date_sk = date_dim.d_date_sk)",    
               "Plans": [                                                          
                 {                                                                 
                   "Node Type": "Seq Scan",                                        
                   "Parent Relationship": "Outer",                                 
                   "Relation Name": "web_sales",                                   
                   "Alias": "web_sales",                                           
                   "Startup Cost": 0.00,                                           
                   "Total Cost": 2598150.96,                                       
                   "Plan Rows": 72001296,                                          
                   "Plan Width": 166,                                              
                   "Actual Startup Time": 0.204,                                   
                   "Actual Total Time": 34479.158,                                 
                   "Actual Rows": 72001237,                                        
                   "Actual Loops": 1                                               
                 },                                                                
                 {                                                                 
                   "Node Type": "Hash",                                            
                   "Parent Relationship": "Inner",                                 
                   "Startup Cost": 2318.11,                                        
                   "Total Cost": 2318.11,                                          
                   "Plan Rows": 365,                                               
                   "Plan Width": 118,                                              
                   "Actual Startup Time": 15.706,                                  
                   "Actual Total Time": 15.706,                                    
                   "Actual Rows": 365,                                             
                   "Actual Loops": 1,                                              
                   "Hash Buckets": 1024,                                           
                   "Original Hash Buckets": 1024,                                  
                   "Hash Batches": 1,                                              
                   "Original Hash Batches": 1,                                     
                   "Peak Memory Usage": 63,                                        
                   "Plans": [                                                      
                     {                                                             
                       "Node Type": "Seq Scan",                                    
                       "Parent Relationship": "Outer",                             
                       "Relation Name": "date_dim",                                
                       "Alias": "date_dim",                                        
                       "Startup Cost": 0.00,                                       
                       "Total Cost": 2318.11,                                      
                       "Plan Rows": 365,                                           
                       "Plan Width": 118,                                          
                       "Actual Startup Time": 7.474,                               
                       "Actual Total Time": 15.629,                                
                       "Actual Rows": 365,                                         
                       "Actual Loops": 1,                                          
                       "Filter": "(d_year = 1999)",                                
                       "Rows Removed by Filter": 72684                             
                     }                                                             
                   ]                                                               
                 }                                                                 
               ]                                                                   
             },                                                                    
             {                                                                     
               "Node Type": "Hash",                                                
               "Parent Relationship": "Inner",                                     
               "Startup Cost": 1.25,                                               
               "Total Cost": 1.25,                                                 
               "Plan Rows": 2,                                                     
               "Plan Width": 105,                                                  
               "Actual Startup Time": 0.012,                                       
               "Actual Total Time": 0.012,                                         
               "Actual Rows": 2,                                                   
               "Actual Loops": 1,                                                  
               "Hash Buckets": 1024,                                               
               "Original Hash Buckets": 1024,                                      
               "Hash Batches": 1,                                                  
               "Original Hash Batches": 1,                                         
               "Peak Memory Usage": 9,                                             
               "Plans": [                                                          
                 {                                                                 
                   "Node Type": "Seq Scan",                                        
                   "Parent Relationship": "Outer",                                 
                   "Relation Name": "ship_mode",                                   
                   "Alias": "ship_mode",                                           
                   "Startup Cost": 0.00,                                           
                   "Total Cost": 1.25,                                             
                   "Plan Rows": 2,                                                 
                   "Plan Width": 105,                                              
                   "Actual Startup Time": 0.007,                                   
                   "Actual Total Time": 0.010,                                     
                   "Actual Rows": 2,                                               
                   "Actual Loops": 1,                                              
                   "Filter": "(sm_carrier = ANY ('{DIAMOND,ZOUROS}'::bpchar[]))",  
                   "Rows Removed by Filter": 18                                    
                 }                                                                 
               ]                                                                   
             }                                                                     
           ]                                                                       
         },                                                                        
         {                                                                         
           "Node Type": "Hash",                                                    
           "Parent Relationship": "Inner",                                         
           "Startup Cost": 2693.00,                                                
           "Total Cost": 2693.00,                                                  
           "Plan Rows": 28854,                                                     
           "Plan Width": 103,                                                      
           "Actual Startup Time": 28.915,                                          
           "Actual Total Time": 28.915,                                            
           "Actual Rows": 28801,                                                   
           "Actual Loops": 1,                                                      
           "Hash Buckets": 32768,                                                  
           "Original Hash Buckets": 32768,                                         
           "Hash Batches": 2,                                                      
           "Original Hash Batches": 2,                                             
           "Peak Memory Usage": 2156,                                              
           "Plans": [                                                              
             {                                                                     
               "Node Type": "Seq Scan",                                            
               "Parent Relationship": "Outer",                                     
               "Relation Name": "time_dim",                                        
               "Alias": "time_dim",                                                
               "Startup Cost": 0.00,                                               
               "Total Cost": 2693.00,                                              
               "Plan Rows": 28854,                                                 
               "Plan Width": 103,                                                  
               "Actual Startup Time": 7.299,                                       
               "Actual Total Time": 18.926,                                        
               "Actual Rows": 28801,                                               
               "Actual Loops": 1,                                                  
               "Filter": "((t_time >= 46185) AND (t_time <= 74985))",              
               "Rows Removed by Filter": 57599                                     
             }                                                                     
           ]                                                                       
         }                                                                         
       ]                                                                           
     },                                                                            
     "Planning Time": 0.464,                                                       
     "Triggers": [                                                                 
     ],                                                                            
     "Execution Time": 59536.765                                                   
   }                                                                               
 ]


