[
  {
    "Plan": {
      "Node Type": "Hash Join",
      "Join Type": "Inner",
      "Startup Cost": 3007.11,
      "Total Cost": 2891758.93,
      "Plan Rows": 11339,
      "Plan Width": 430,
      "Actual Startup Time": 29.182,
      "Actual Total Time": 55912.628,
      "Actual Rows": 14575,
      "Actual Loops": 1,
      "Hash Cond": "(web_sales.ws_ship_hdemo_sk = household_demographics.hd_demo_sk)",
      "Plans": [
        {
          "Node Type": "Hash Join",
          "Parent Relationship": "Outer",
          "Join Type": "Inner",
          "Startup Cost": 2855.11,
          "Total Cost": 2891068.20,
          "Plan Rows": 113424,
          "Plan Width": 398,
          "Actual Startup Time": 19.715,
          "Actual Total Time": 55852.765,
          "Actual Rows": 147294,
          "Actual Loops": 1,
          "Hash Cond": "(web_sales.ws_sold_time_sk = time_dim.t_time_sk)",
          "Plans": [
            {
              "Node Type": "Hash Join",
              "Parent Relationship": "Outer",
              "Join Type": "Inner",
              "Startup Cost": 73.09,
              "Total Cost": 2881991.11,
              "Plan Rows": 1376220,
              "Plan Width": 295,
              "Actual Startup Time": 0.824,
              "Actual Total Time": 55290.396,
              "Actual Rows": 1227077,
              "Actual Loops": 1,
              "Hash Cond": "(web_sales.ws_web_page_sk = web_page.wp_web_page_sk)",
              "Plans": [
                {
                  "Node Type": "Seq Scan",
                  "Parent Relationship": "Outer",
                  "Relation Name": "web_sales",
                  "Alias": "web_sales",
                  "Startup Cost": 0.00,
                  "Total Cost": 2598150.96,
                  "Plan Rows": 72001296,
                  "Plan Width": 166,
                  "Actual Startup Time": 0.160,
                  "Actual Total Time": 40964.314,
                  "Actual Rows": 72001237,
                  "Actual Loops": 1
                },
                {
                  "Node Type": "Hash",
                  "Parent Relationship": "Inner",
                  "Startup Cost": 72.60,
                  "Total Cost": 72.60,
                  "Plan Rows": 39,
                  "Plan Width": 129,
                  "Actual Startup Time": 0.647,
                  "Actual Total Time": 0.647,
                  "Actual Rows": 38,
                  "Actual Loops": 1,
                  "Hash Buckets": 1024,
                  "Original Hash Buckets": 1024,
                  "Hash Batches": 1,
                  "Original Hash Batches": 1,
                  "Peak Memory Usage": 15,
                  "Plans": [
                    {
                      "Node Type": "Seq Scan",
                      "Parent Relationship": "Outer",
                      "Relation Name": "web_page",
                      "Alias": "web_page",
                      "Startup Cost": 0.00,
                      "Total Cost": 72.60,
                      "Plan Rows": 39,
                      "Plan Width": 129,
                      "Actual Startup Time": 0.017,
                      "Actual Total Time": 0.641,
                      "Actual Rows": 38,
                      "Actual Loops": 1,
                      "Filter": "((wp_char_count >= 5000) AND (wp_char_count <= 5200))",
                      "Rows Removed by Filter": 2002
                    }
                  ]
                }
              ]
            },
            {
              "Node Type": "Hash",
              "Parent Relationship": "Inner",
              "Startup Cost": 2693.00,
              "Total Cost": 2693.00,
              "Plan Rows": 7122,
              "Plan Width": 103,
              "Actual Startup Time": 18.221,
              "Actual Total Time": 18.221,
              "Actual Rows": 7200,
              "Actual Loops": 1,
              "Hash Buckets": 8192,
              "Original Hash Buckets": 8192,
              "Hash Batches": 1,
              "Original Hash Batches": 1,
              "Peak Memory Usage": 989,
              "Plans": [
                {
                  "Node Type": "Seq Scan",
                  "Parent Relationship": "Outer",
                  "Relation Name": "time_dim",
                  "Alias": "time_dim",
                  "Startup Cost": 0.00,
                  "Total Cost": 2693.00,
                  "Plan Rows": 7122,
                  "Plan Width": 103,
                  "Actual Startup Time": 6.483,
                  "Actual Total Time": 16.871,
                  "Actual Rows": 7200,
                  "Actual Loops": 1,
                  "Filter": "((t_hour >= 11) AND (t_hour <= 12))",
                  "Rows Removed by Filter": 79200
                }
              ]
            }
          ]
        },
        {
          "Node Type": "Hash",
          "Parent Relationship": "Inner",
          "Startup Cost": 143.00,
          "Total Cost": 143.00,
          "Plan Rows": 720,
          "Plan Width": 32,
          "Actual Startup Time": 1.116,
          "Actual Total Time": 1.116,
          "Actual Rows": 720,
          "Actual Loops": 1,
          "Hash Buckets": 1024,
          "Original Hash Buckets": 1024,
          "Hash Batches": 1,
          "Original Hash Batches": 1,
          "Peak Memory Usage": 53,
          "Plans": [
            {
              "Node Type": "Seq Scan",
              "Parent Relationship": "Outer",
              "Relation Name": "household_demographics",
              "Alias": "household_demographics",
              "Startup Cost": 0.00,
              "Total Cost": 143.00,
              "Plan Rows": 720,
              "Plan Width": 32,
              "Actual Startup Time": 0.132,
              "Actual Total Time": 0.982,
              "Actual Rows": 720,
              "Actual Loops": 1,
              "Filter": "(hd_dep_count = 8)",
              "Rows Removed by Filter": 6480
            }
          ]
        }
      ]
    },
    "Planning Time": 2.094,
    "Triggers": [
    ],
    "Execution Time": 55915.180
  }
]