[
  {
    "Plan": {
      "Node Type": "Hash Join",
      "Join Type": "Inner",
      "Startup Cost": 27572.87,
      "Total Cost": 9158048.14,
      "Plan Rows": 2145,
      "Plan Width": 733,
      "Actual Startup Time": 692.284,
      "Actual Total Time": 154104.091,
      "Actual Rows": 167997,
      "Actual Loops": 1,
      "Hash Cond": "(store_sales.ss_item_sk = item.i_item_sk)",
      "Plans": [
        {
          "Node Type": "Hash Join",
          "Parent Relationship": "Outer",
          "Join Type": "Inner",
          "Startup Cost": 2501.12,
          "Total Cost": 9132516.16,
          "Plan Rows": 117008,
          "Plan Width": 229,
          "Actual Startup Time": 16.698,
          "Actual Total Time": 150960.550,
          "Actual Rows": 9307188,
          "Actual Loops": 1,
          "Hash Cond": "(store_sales.ss_sold_date_sk = dt.d_date_sk)",
          "Plans": [
            {
              "Node Type": "Seq Scan",
              "Parent Relationship": "Outer",
              "Relation Name": "store_sales",
              "Alias": "store_sales",
              "Startup Cost": 0.00,
              "Total Cost": 8048855.88,
              "Plan Rows": 287997088,
              "Plan Width": 111,
              "Actual Startup Time": 0.171,
              "Actual Total Time": 109449.259,
              "Actual Rows": 287997024,
              "Actual Loops": 1
            },
            {
              "Node Type": "Hash",
              "Parent Relationship": "Inner",
              "Startup Cost": 2500.73,
              "Total Cost": 2500.73,
              "Plan Rows": 31,
              "Plan Width": 118,
              "Actual Startup Time": 15.888,
              "Actual Total Time": 15.888,
              "Actual Rows": 31,
              "Actual Loops": 1,
              "Hash Buckets": 1024,
              "Original Hash Buckets": 1024,
              "Hash Batches": 1,
              "Original Hash Batches": 1,
              "Peak Memory Usage": 13,
              "Plans": [
                {
                  "Node Type": "Seq Scan",
                  "Parent Relationship": "Outer",
                  "Relation Name": "date_dim",
                  "Alias": "dt",
                  "Startup Cost": 0.00,
                  "Total Cost": 2500.73,
                  "Plan Rows": 31,
                  "Plan Width": 118,
                  "Actual Startup Time": 7.869,
                  "Actual Total Time": 15.872,
                  "Actual Rows": 31,
                  "Actual Loops": 1,
                  "Filter": "((d_moy = 12) AND (d_year = 2000))",
                  "Rows Removed by Filter": 73018
                }
              ]
            }
          ]
        },
        {
          "Node Type": "Hash",
          "Parent Relationship": "Inner",
          "Startup Cost": 25025.00,
          "Total Cost": 25025.00,
          "Plan Rows": 3740,
          "Plan Width": 504,
          "Actual Startup Time": 675.428,
          "Actual Total Time": 675.428,
          "Actual Rows": 3648,
          "Actual Loops": 1,
          "Hash Buckets": 4096,
          "Original Hash Buckets": 4096,
          "Hash Batches": 1,
          "Original Hash Batches": 1,
          "Peak Memory Usage": 1977,
          "Plans": [
            {
              "Node Type": "Seq Scan",
              "Parent Relationship": "Outer",
              "Relation Name": "item",
              "Alias": "item",
              "Startup Cost": 0.00,
              "Total Cost": 25025.00,
              "Plan Rows": 3740,
              "Plan Width": 504,
              "Actual Startup Time": 0.810,
              "Actual Total Time": 672.097,
              "Actual Rows": 3648,
              "Actual Loops": 1,
              "Filter": "(i_manager_id = 1)",
              "Rows Removed by Filter": 200352
            }
          ]
        }
      ]
    },
    "Planning Time": 2.958,
    "Triggers": [
    ],
    "Execution Time": 154123.690
  }
]