 [                                                                        
   {                                                                      
     "Plan": {                                                            
       "Node Type": "Hash Join",                                          
       "Join Type": "Inner",                                              
       "Startup Cost": 2501.87,                                           
       "Total Cost": 9134781.57,                                          
       "Plan Rows": 343474,                                               
       "Plan Width": 229,                                                 
       "Actual Startup Time": 20.932,                                     
       "Actual Total Time": 158153.347,                                   
       "Actual Rows": 8055482,                                            
       "Actual Loops": 1,                                                 
       "Hash Cond": "(store_sales.ss_sold_date_sk = date_dim.d_date_sk)", 
       "Plans": [                                                         
         {                                                                
           "Node Type": "Seq Scan",                                       
           "Parent Relationship": "Outer",                                
           "Relation Name": "store_sales",                                
           "Alias": "store_sales",                                        
           "Startup Cost": 0.00,                                          
           "Total Cost": 8048855.88,                                      
           "Plan Rows": 287997088,                                        
           "Plan Width": 111,                                             
           "Actual Startup Time": 0.006,                                  
           "Actual Total Time": 122221.782,                               
           "Actual Rows": 287997024,                                      
           "Actual Loops": 1                                              
         },                                                               
         {                                                                
           "Node Type": "Hash",                                           
           "Parent Relationship": "Inner",                                
           "Startup Cost": 2500.73,                                       
           "Total Cost": 2500.73,                                         
           "Plan Rows": 91,                                               
           "Plan Width": 118,                                             
           "Actual Startup Time": 20.907,                                 
           "Actual Total Time": 20.907,                                   
           "Actual Rows": 91,                                             
           "Actual Loops": 1,                                             
           "Hash Buckets": 1024,                                          
           "Original Hash Buckets": 1024,                                 
           "Hash Batches": 1,                                             
           "Original Hash Batches": 1,                                    
           "Peak Memory Usage": 22,                                       
           "Plans": [                                                     
             {                                                            
               "Node Type": "Seq Scan",                                   
               "Parent Relationship": "Outer",                            
               "Relation Name": "date_dim",                               
               "Alias": "date_dim",                                       
               "Startup Cost": 0.00,                                      
               "Total Cost": 2500.73,                                     
               "Plan Rows": 91,                                           
               "Plan Width": 118,                                         
               "Actual Startup Time": 11.650,                             
               "Actual Total Time": 20.876,                               
               "Actual Rows": 91,                                         
               "Actual Loops": 1,                                         
               "Filter": "((d_qoy = 1) AND (d_year = 2001))",             
               "Rows Removed by Filter": 72958                            
             }                                                            
           ]                                                              
         }                                                                
       ]                                                                  
     },                                                                   
     "Planning Time": 0.218,                                              
     "Triggers": [                                                        
     ],                                                                   
     "Execution Time": 158525.463                                         
   }                                                                      
 ]


