[
  {
    "Plan": {
      "Node Type": "Hash Join",
      "Join Type": "Inner",
      "Startup Cost": 65719.00,
      "Total Cost": 245122.40,
      "Plan Rows": 947804,
      "Plan Width": 390,
      "Actual Startup Time": 685.430,
      "Actual Total Time": 3698.820,
      "Actual Rows": 945414,
      "Actual Loops": 1,
      "Hash Cond": "(customer.c_current_addr_sk = customer_address.ca_address_sk)",
      "Plans": [
        {
          "Node Type": "Seq Scan",
          "Parent Relationship": "Outer",
          "Relation Name": "customer",
          "Alias": "customer",
          "Startup Cost": 0.00,
          "Total Cost": 81944.10,
          "Plan Rows": 947804,
          "Plan Width": 245,
          "Actual Startup Time": 0.173,
          "Actual Total Time": 1069.377,
          "Actual Rows": 945414,
          "Actual Loops": 1,
          "Filter": "(c_preferred_cust_flag = 'Y'::bpchar)",
          "Rows Removed by Filter": 1054586
        },
        {
          "Node Type": "Hash",
          "Parent Relationship": "Inner",
          "Startup Cost": 31734.00,
          "Total Cost": 31734.00,
          "Plan Rows": 1000000,
          "Plan Width": 145,
          "Actual Startup Time": 681.253,
          "Actual Total Time": 681.253,
          "Actual Rows": 1000000,
          "Actual Loops": 1,
          "Hash Buckets": 32768,
          "Original Hash Buckets": 32768,
          "Hash Batches": 64,
          "Original Hash Batches": 64,
          "Peak Memory Usage": 2955,
          "Plans": [
            {
              "Node Type": "Seq Scan",
              "Parent Relationship": "Outer",
              "Relation Name": "customer_address",
              "Alias": "customer_address",
              "Startup Cost": 0.00,
              "Total Cost": 31734.00,
              "Plan Rows": 1000000,
              "Plan Width": 145,
              "Actual Startup Time": 0.001,
              "Actual Total Time": 248.292,
              "Actual Rows": 1000000,
              "Actual Loops": 1
            }
          ]
        }
      ]
    },
    "Planning Time": 2.067,
    "Triggers": [
    ],
    "Execution Time": 3739.823
  }
]