[
  {
    "Plan": {
      "Node Type": "Hash Join",
      "Join Type": "Inner",
      "Startup Cost": 32537.57,
      "Total Cost": 2907334.95,
      "Plan Rows": 8658,
      "Plan Width": 788,
      "Actual Startup Time": 238.904,
      "Actual Total Time": 57281.457,
      "Actual Rows": 211352,
      "Actual Loops": 1,
      "Hash Cond": "(web_sales.ws_item_sk = item.i_item_sk)",
      "Plans": [
        {
          "Node Type": "Hash Join",
          "Parent Relationship": "Outer",
          "Join Type": "Inner",
          "Startup Cost": 2501.10,
          "Total Cost": 2870942.72,
          "Plan Rows": 28580,
          "Plan Width": 284,
          "Actual Startup Time": 14.546,
          "Actual Total Time": 54886.679,
          "Actual Rows": 708635,
          "Actual Loops": 1,
          "Hash Cond": "(web_sales.ws_sold_date_sk = date_dim.d_date_sk)",
          "Plans": [
            {
              "Node Type": "Seq Scan",
              "Parent Relationship": "Outer",
              "Relation Name": "web_sales",
              "Alias": "web_sales",
              "Startup Cost": 0.00,
              "Total Cost": 2598150.96,
              "Plan Rows": 72001296,
              "Plan Width": 166,
              "Actual Startup Time": 0.175,
              "Actual Total Time": 44778.695,
              "Actual Rows": 72001237,
              "Actual Loops": 1
            },
            {
              "Node Type": "Hash",
              "Parent Relationship": "Inner",
              "Startup Cost": 2500.73,
              "Total Cost": 2500.73,
              "Plan Rows": 29,
              "Plan Width": 118,
              "Actual Startup Time": 14.018,
              "Actual Total Time": 14.018,
              "Actual Rows": 31,
              "Actual Loops": 1,
              "Hash Buckets": 1024,
              "Original Hash Buckets": 1024,
              "Hash Batches": 1,
              "Original Hash Batches": 1,
              "Peak Memory Usage": 13,
              "Plans": [
                {
                  "Node Type": "Seq Scan",
                  "Parent Relationship": "Outer",
                  "Relation Name": "date_dim",
                  "Alias": "date_dim",
                  "Startup Cost": 0.00,
                  "Total Cost": 2500.73,
                  "Plan Rows": 29,
                  "Plan Width": 118,
                  "Actual Startup Time": 6.310,
                  "Actual Total Time": 14.005,
                  "Actual Rows": 31,
                  "Actual Loops": 1,
                  "Filter": "((d_date >= '2002-04-01'::date) AND (d_date <= '2002-05-01'::date))",
                  "Rows Removed by Filter": 73018
                }
              ]
            }
          ]
        },
        {
          "Node Type": "Hash",
          "Parent Relationship": "Inner",
          "Startup Cost": 25280.00,
          "Total Cost": 25280.00,
          "Plan Rows": 61798,
          "Plan Width": 504,
          "Actual Startup Time": 224.304,
          "Actual Total Time": 224.304,
          "Actual Rows": 61265,
          "Actual Loops": 1,
          "Hash Buckets": 8192,
          "Original Hash Buckets": 8192,
          "Hash Batches": 16,
          "Original Hash Batches": 16,
          "Peak Memory Usage": 2158,
          "Plans": [
            {
              "Node Type": "Seq Scan",
              "Parent Relationship": "Outer",
              "Relation Name": "item",
              "Alias": "item",
              "Startup Cost": 0.00,
              "Total Cost": 25280.00,
              "Plan Rows": 61798,
              "Plan Width": 504,
              "Actual Startup Time": 0.024,
              "Actual Total Time": 169.269,
              "Actual Rows": 61265,
              "Actual Loops": 1,
              "Filter": "(i_category = ANY ('{Children,Sports,Music}'::bpchar[]))",
              "Rows Removed by Filter": 142735
            }
          ]
        }
      ]
    },
    "Planning Time": 8.731,
    "Triggers": [
    ],
    "Execution Time": 57293.674
  }
]