[
  {
    "Plan": {
      "Node Type": "Hash Join",
      "Join Type": "Inner",
      "Startup Cost": 102355.52,
      "Total Cost": 5842883.33,
      "Plan Rows": 10057,
      "Plan Width": 1011,
      "Actual Startup Time": 67437.807,
      "Actual Total Time": 128411.953,
      "Actual Rows": 401766,
      "Actual Loops": 1,
      "Hash Cond": "(catalog_sales.cs_promo_sk = promotion.p_promo_sk)",
      "Plans": [
        {
          "Node Type": "Hash Join",
          "Parent Relationship": "Outer",
          "Join Type": "Inner",
          "Startup Cost": 102302.02,
          "Total Cost": 5842691.34,
          "Plan Rows": 10112,
          "Plan Width": 844,
          "Actual Startup Time": 67437.188,
          "Actual Total Time": 128077.934,
          "Actual Rows": 404350,
          "Actual Loops": 1,
          "Hash Cond": "(catalog_sales.cs_item_sk = item.i_item_sk)",
          "Plans": [
            {
              "Node Type": "Hash Join",
              "Parent Relationship": "Outer",
              "Join Type": "Inner",
              "Startup Cost": 62088.03,
              "Total Cost": 5788279.30,
              "Plan Rows": 10112,
              "Plan Width": 340,
              "Actual Startup Time": 67148.139,
              "Actual Total Time": 125783.514,
              "Actual Rows": 404350,
              "Actual Loops": 1,
              "Hash Cond": "(catalog_sales.cs_bill_cdemo_sk = customer_demographics.cd_demo_sk)",
              "Plans": [
                {
                  "Node Type": "Hash Join",
                  "Parent Relationship": "Outer",
                  "Join Type": "Inner",
                  "Startup Cost": 2322.68,
                  "Total Cost": 5725729.62,
                  "Plan Rows": 715521,
                  "Plan Width": 284,
                  "Actual Startup Time": 66612.358,
                  "Actual Total Time": 121765.188,
                  "Actual Rows": 28498334,
                  "Actual Loops": 1,
                  "Hash Cond": "(catalog_sales.cs_sold_date_sk = date_dim.d_date_sk)",
                  "Plans": [
                    {
                      "Node Type": "Seq Scan",
                      "Parent Relationship": "Outer",
                      "Relation Name": "catalog_sales",
                      "Alias": "catalog_sales",
                      "Startup Cost": 0.00,
                      "Total Cost": 5176262.72,
                      "Plan Rows": 143997072,
                      "Plan Width": 166,
                      "Actual Startup Time": 0.794,
                      "Actual Total Time": 83127.973,
                      "Actual Rows": 143997065,
                      "Actual Loops": 1
                    },
                    {
                      "Node Type": "Hash",
                      "Parent Relationship": "Inner",
                      "Startup Cost": 2318.11,
                      "Total Cost": 2318.11,
                      "Plan Rows": 365,
                      "Plan Width": 118,
                      "Actual Startup Time": 14.027,
                      "Actual Total Time": 14.027,
                      "Actual Rows": 365,
                      "Actual Loops": 1,
                      "Hash Buckets": 1024,
                      "Original Hash Buckets": 1024,
                      "Hash Batches": 1,
                      "Original Hash Batches": 1,
                      "Peak Memory Usage": 63,
                      "Plans": [
                        {
                          "Node Type": "Seq Scan",
                          "Parent Relationship": "Outer",
                          "Relation Name": "date_dim",
                          "Alias": "date_dim",
                          "Startup Cost": 0.00,
                          "Total Cost": 2318.11,
                          "Plan Rows": 365,
                          "Plan Width": 118,
                          "Actual Startup Time": 7.075,
                          "Actual Total Time": 13.944,
                          "Actual Rows": 365,
                          "Actual Loops": 1,
                          "Filter": "(d_year = 2001)",
                          "Rows Removed by Filter": 72684
                        }
                      ]
                    }
                  ]
                },
                {
                  "Node Type": "Hash",
                  "Parent Relationship": "Inner",
                  "Startup Cost": 59424.00,
                  "Total Cost": 59424.00,
                  "Plan Rows": 27308,
                  "Plan Width": 56,
                  "Actual Startup Time": 442.804,
                  "Actual Total Time": 442.804,
                  "Actual Rows": 27440,
                  "Actual Loops": 1,
                  "Hash Buckets": 32768,
                  "Original Hash Buckets": 32768,
                  "Hash Batches": 1,
                  "Original Hash Batches": 1,
                  "Peak Memory Usage": 2722,
                  "Plans": [
                    {
                      "Node Type": "Seq Scan",
                      "Parent Relationship": "Outer",
                      "Relation Name": "customer_demographics",
                      "Alias": "customer_demographics",
                      "Startup Cost": 0.00,
                      "Total Cost": 59424.00,
                      "Plan Rows": 27308,
                      "Plan Width": 56,
                      "Actual Startup Time": 0.014,
                      "Actual Total Time": 431.641,
                      "Actual Rows": 27440,
                      "Actual Loops": 1,
                      "Filter": "((cd_gender = 'M'::bpchar) AND (cd_marital_status = 'D'::bpchar) AND (cd_education_status = 'College'::bpchar))",
                      "Rows Removed by Filter": 1893360
                    }
                  ]
                }
              ]
            },
            {
              "Node Type": "Hash",
              "Parent Relationship": "Inner",
              "Startup Cost": 24515.00,
              "Total Cost": 24515.00,
              "Plan Rows": 204000,
              "Plan Width": 504,
              "Actual Startup Time": 288.890,
              "Actual Total Time": 288.890,
              "Actual Rows": 204000,
              "Actual Loops": 1,
              "Hash Buckets": 8192,
              "Original Hash Buckets": 8192,
              "Hash Batches": 32,
              "Original Hash Batches": 32,
              "Peak Memory Usage": 3571,
              "Plans": [
                {
                  "Node Type": "Seq Scan",
                  "Parent Relationship": "Outer",
                  "Relation Name": "item",
                  "Alias": "item",
                  "Startup Cost": 0.00,
                  "Total Cost": 24515.00,
                  "Plan Rows": 204000,
                  "Plan Width": 504,
                  "Actual Startup Time": 0.049,
                  "Actual Total Time": 104.952,
                  "Actual Rows": 204000,
                  "Actual Loops": 1
                }
              ]
            }
          ]
        },
        {
          "Node Type": "Hash",
          "Parent Relationship": "Inner",
          "Startup Cost": 41.00,
          "Total Cost": 41.00,
          "Plan Rows": 1000,
          "Plan Width": 167,
          "Actual Startup Time": 0.609,
          "Actual Total Time": 0.609,
          "Actual Rows": 995,
          "Actual Loops": 1,
          "Hash Buckets": 1024,
          "Original Hash Buckets": 1024,
          "Hash Batches": 1,
          "Original Hash Batches": 1,
          "Peak Memory Usage": 207,
          "Plans": [
            {
              "Node Type": "Seq Scan",
              "Parent Relationship": "Outer",
              "Relation Name": "promotion",
              "Alias": "promotion",
              "Startup Cost": 0.00,
              "Total Cost": 41.00,
              "Plan Rows": 1000,
              "Plan Width": 167,
              "Actual Startup Time": 0.008,
              "Actual Total Time": 0.404,
              "Actual Rows": 995,
              "Actual Loops": 1,
              "Filter": "((p_channel_email = 'N'::bpchar) OR (p_channel_event = 'N'::bpchar))",
              "Rows Removed by Filter": 5
            }
          ]
        }
      ]
    },
    "Planning Time": 1.245,
    "Triggers": [
    ],
    "Execution Time": 128431.645
  }
]