
 [                                                                                                        
   {                                                                                                      
     "Plan": {                                                                                            
       "Node Type": "Hash Join",                                                                          
       "Join Type": "Inner",                                                                              
       "Startup Cost": 34534.95,                                                                          
       "Total Cost": 119255.98,                                                                           
       "Plan Rows": 4133,                                                                                 
       "Plan Width": 434,                                                                                 
       "Actual Startup Time": 236.068,                                                                    
       "Actual Total Time": 987.980,                                                                      
       "Actual Rows": 3238,                                                                               
       "Actual Loops": 1,                                                                                 
       "Hash Cond": "(customer.c_current_hdemo_sk = household_demographics.hd_demo_sk)",                  
       "Plans": [                                                                                         
         {                                                                                                
           "Node Type": "Hash Join",                                                                      
           "Parent Relationship": "Outer",                                                                
           "Join Type": "Inner",                                                                          
           "Startup Cost": 34341.09,                                                                      
           "Total Cost": 118956.54,                                                                       
           "Plan Rows": 17134,                                                                            
           "Plan Width": 390,                                                                             
           "Actual Startup Time": 233.928,                                                                
           "Actual Total Time": 979.211,                                                                  
           "Actual Rows": 16733,                                                                          
           "Actual Loops": 1,                                                                             
           "Hash Cond": "(customer.c_current_addr_sk = customer_address.ca_address_sk)",                  
           "Plans": [                                                                                     
             {                                                                                            
               "Node Type": "Seq Scan",                                                                   
               "Parent Relationship": "Outer",                                                            
               "Relation Name": "customer",                                                               
               "Alias": "customer",                                                                       
               "Startup Cost": 0.00,                                                                      
               "Total Cost": 76944.08,                                                                    
               "Plan Rows": 2000008,                                                                      
               "Plan Width": 245,                                                                         
               "Actual Startup Time": 0.004,                                                              
               "Actual Total Time": 381.240,                                                              
               "Actual Rows": 2000000,                                                                    
               "Actual Loops": 1                                                                          
             },                                                                                           
             {                                                                                            
               "Node Type": "Hash",                                                                       
               "Parent Relationship": "Inner",                                                            
               "Startup Cost": 34234.00,                                                                  
               "Total Cost": 34234.00,                                                                    
               "Plan Rows": 8567,                                                                         
               "Plan Width": 145,                                                                         
               "Actual Startup Time": 233.653,                                                            
               "Actual Total Time": 233.653,                                                              
               "Actual Rows": 8402,                                                                       
               "Actual Loops": 1,                                                                         
               "Hash Buckets": 16384,                                                                     
               "Original Hash Buckets": 16384,                                                            
               "Hash Batches": 1,                                                                         
               "Original Hash Batches": 1,                                                                
               "Peak Memory Usage": 1571,                                                                 
               "Plans": [                                                                                 
                 {                                                                                        
                   "Node Type": "Seq Scan",                                                               
                   "Parent Relationship": "Outer",                                                        
                   "Relation Name": "customer_address",                                                   
                   "Alias": "customer_address",                                                           
                   "Startup Cost": 0.00,                                                                  
                   "Total Cost": 34234.00,                                                                
                   "Plan Rows": 8567,                                                                     
                   "Plan Width": 145,                                                                     
                   "Actual Startup Time": 0.135,                                                          
                   "Actual Total Time": 229.469,                                                          
                   "Actual Rows": 8402,                                                                   
                   "Actual Loops": 1,                                                                     
                   "Filter": "((ca_city)::text = 'Antioch'::text)",                                       
                   "Rows Removed by Filter": 991598                                                       
                 }                                                                                        
               ]                                                                                          
             }                                                                                            
           ]                                                                                              
         },                                                                                               
         {                                                                                                
           "Node Type": "Hash",                                                                           
           "Parent Relationship": "Inner",                                                                
           "Startup Cost": 171.36,                                                                        
           "Total Cost": 171.36,                                                                          
           "Plan Rows": 1800,                                                                             
           "Plan Width": 44,                                                                              
           "Actual Startup Time": 2.124,                                                                  
           "Actual Total Time": 2.124,                                                                    
           "Actual Rows": 1440,                                                                           
           "Actual Loops": 1,                                                                             
           "Hash Buckets": 2048,                                                                          
           "Original Hash Buckets": 2048,                                                                 
           "Hash Batches": 1,                                                                             
           "Original Hash Batches": 1,                                                                    
           "Peak Memory Usage": 123,                                                                      
           "Plans": [                                                                                     
             {                                                                                            
               "Node Type": "Hash Join",                                                                  
               "Parent Relationship": "Outer",                                                            
               "Join Type": "Inner",                                                                      
               "Startup Cost": 1.36,                                                                      
               "Total Cost": 171.36,                                                                      
               "Plan Rows": 1800,                                                                         
               "Plan Width": 44,                                                                          
               "Actual Startup Time": 0.024,                                                              
               "Actual Total Time": 1.792,                                                                
               "Actual Rows": 1440,                                                                       
               "Actual Loops": 1,                                                                         
               "Hash Cond": "(household_demographics.hd_income_band_sk = income_band.ib_income_band_sk)", 
               "Plans": [                                                                                 
                 {                                                                                        
                   "Node Type": "Seq Scan",                                                               
                   "Parent Relationship": "Outer",                                                        
                   "Relation Name": "household_demographics",                                             
                   "Alias": "household_demographics",                                                     
                   "Startup Cost": 0.00,                                                                  
                   "Total Cost": 125.00,                                                                  
                   "Plan Rows": 7200,                                                                     
                   "Plan Width": 32,                                                                      
                   "Actual Startup Time": 0.008,                                                          
                   "Actual Total Time": 0.721,                                                            
                   "Actual Rows": 7200,                                                                   
                   "Actual Loops": 1                                                                      
                 },                                                                                       
                 {                                                                                        
                   "Node Type": "Hash",                                                                   
                   "Parent Relationship": "Inner",                                                        
                   "Startup Cost": 1.30,                                                                  
                   "Total Cost": 1.30,                                                                    
                   "Plan Rows": 5,                                                                        
                   "Plan Width": 12,                                                                      
                   "Actual Startup Time": 0.010,                                                          
                   "Actual Total Time": 0.010,                                                            
                   "Actual Rows": 4,                                                                      
                   "Actual Loops": 1,                                                                     
                   "Hash Buckets": 1024,                                                                  
                   "Original Hash Buckets": 1024,                                                         
                   "Hash Batches": 1,                                                                     
                   "Original Hash Batches": 1,                                                            
                   "Peak Memory Usage": 9,                                                                
                   "Plans": [                                                                             
                     {                                                                                    
                       "Node Type": "Seq Scan",                                                           
                       "Parent Relationship": "Outer",                                                    
                       "Relation Name": "income_band",                                                    
                       "Alias": "income_band",                                                            
                       "Startup Cost": 0.00,                                                              
                       "Total Cost": 1.30,                                                                
                       "Plan Rows": 5,                                                                    
                       "Plan Width": 12,                                                                  
                       "Actual Startup Time": 0.003,                                                      
                       "Actual Total Time": 0.008,                                                        
                       "Actual Rows": 4,                                                                  
                       "Actual Loops": 1,                                                                 
                       "Filter": "((ib_lower_bound >= 9901) AND (ib_upper_bound <= 59901))",              
                       "Rows Removed by Filter": 16                                                       
                     }                                                                                    
                   ]                                                                                      
                 }                                                                                        
               ]                                                                                          
             }                                                                                            
           ]                                                                                              
         }                                                                                                
       ]                                                                                                  
     },                                                                                                   
     "Planning Time": 0.498,                                                                              
     "Triggers": [                                                                                        
     ],                                                                                                   
     "Execution Time": 988.268                                                                            
   }                                                                                                      
 ]
