 [                                                                                              
   {                                                                                            
     "Plan": {                                                                                  
       "Node Type": "Hash Join",                                                                
       "Join Type": "Inner",                                                                    
       "Startup Cost": 2501.12,                                                                 
       "Total Cost": 9132516.16,                                                                
       "Plan Rows": 117008,                                                                     
       "Plan Width": 229,                                                                       
       "Actual Startup Time": 16.771,                                                           
       "Actual Total Time": 158483.271,                                                         
       "Actual Rows": 6354934,                                                                  
       "Actual Loops": 1,                                                                       
       "Hash Cond": "(store_sales.ss_sold_date_sk = date_dim.d_date_sk)",                       
       "Plans": [                                                                               
         {                                                                                      
           "Node Type": "Seq Scan",                                                             
           "Parent Relationship": "Outer",                                                      
           "Relation Name": "store_sales",                                                      
           "Alias": "store_sales",                                                              
           "Startup Cost": 0.00,                                                                
           "Total Cost": 8048855.88,                                                            
           "Plan Rows": 287997088,                                                              
           "Plan Width": 111,                                                                   
           "Actual Startup Time": 0.009,                                                        
           "Actual Total Time": 123927.932,                                                     
           "Actual Rows": 287997024,                                                            
           "Actual Loops": 1                                                                    
         },                                                                                     
         {                                                                                      
           "Node Type": "Hash",                                                                 
           "Parent Relationship": "Inner",                                                      
           "Startup Cost": 2500.73,                                                             
           "Total Cost": 2500.73,                                                               
           "Plan Rows": 31,                                                                     
           "Plan Width": 118,                                                                   
           "Actual Startup Time": 16.475,                                                       
           "Actual Total Time": 16.475,                                                         
           "Actual Rows": 32,                                                                   
           "Actual Loops": 1,                                                                   
           "Hash Buckets": 1024,                                                                
           "Original Hash Buckets": 1024,                                                       
           "Hash Batches": 1,                                                                   
           "Original Hash Batches": 1,                                                          
           "Peak Memory Usage": 13,                                                             
           "Plans": [                                                                           
             {                                                                                  
               "Node Type": "Seq Scan",                                                         
               "Parent Relationship": "Outer",                                                  
               "Relation Name": "date_dim",                                                     
               "Alias": "date_dim",                                                             
               "Startup Cost": 0.00,                                                            
               "Total Cost": 2500.73,                                                           
               "Plan Rows": 31,                                                                 
               "Plan Width": 118,                                                               
               "Actual Startup Time": 6.615,                                                    
               "Actual Total Time": 16.439,                                                     
               "Actual Rows": 32,                                                               
               "Actual Loops": 1,                                                               
               "Filter": "((d_date >= '1998-08-14'::date) AND (d_date <= '1998-09-14'::date))", 
               "Rows Removed by Filter": 73017                                                  
             }                                                                                  
           ]                                                                                    
         }                                                                                      
       ]                                                                                        
     },                                                                                         
     "Planning Time": 0.214,                                                                    
     "Triggers": [                                                                              
     ],                                                                                         
     "Execution Time": 158790.106                                                               
   }                                                                                            
 ]

