 [                                                                            
   {                                                                          
     "Plan": {                                                                
       "Node Type": "Hash Join",                                              
       "Join Type": "Inner",                                                  
       "Startup Cost": 2504.66,                                               
       "Total Cost": 9143201.35,                                              
       "Plan Rows": 1185173,                                                  
       "Plan Width": 229,                                                     
       "Actual Startup Time": 17.353,                                         
       "Actual Total Time": 192009.489,                                       
       "Actual Rows": 55023600,                                               
       "Actual Loops": 1,                                                     
       "Hash Cond": "(store_sales.ss_sold_date_sk = date_dim.d_date_sk)",     
       "Plans": [                                                             
         {                                                                    
           "Node Type": "Seq Scan",                                           
           "Parent Relationship": "Outer",                                    
           "Relation Name": "store_sales",                                    
           "Alias": "store_sales",                                            
           "Startup Cost": 0.00,                                              
           "Total Cost": 8048855.88,                                          
           "Plan Rows": 287997088,                                            
           "Plan Width": 111,                                                 
           "Actual Startup Time": 0.009,                                      
           "Actual Total Time": 112768.756,                                   
           "Actual Rows": 287997024,                                          
           "Actual Loops": 1                                                  
         },                                                                   
         {                                                                    
           "Node Type": "Hash",                                               
           "Parent Relationship": "Inner",                                    
           "Startup Cost": 2500.73,                                           
           "Total Cost": 2500.73,                                             
           "Plan Rows": 314,                                                  
           "Plan Width": 118,                                                 
           "Actual Startup Time": 17.320,                                     
           "Actual Total Time": 17.320,                                       
           "Actual Rows": 365,                                                
           "Actual Loops": 1,                                                 
           "Hash Buckets": 1024,                                              
           "Original Hash Buckets": 1024,                                     
           "Hash Batches": 1,                                                 
           "Original Hash Batches": 1,                                        
           "Peak Memory Usage": 63,                                           
           "Plans": [                                                         
             {                                                                
               "Node Type": "Seq Scan",                                       
               "Parent Relationship": "Outer",                                
               "Relation Name": "date_dim",                                   
               "Alias": "date_dim",                                           
               "Startup Cost": 0.00,                                          
               "Total Cost": 2500.73,                                         
               "Plan Rows": 314,                                              
               "Plan Width": 118,                                             
               "Actual Startup Time": 7.416,                                  
               "Actual Total Time": 17.191,                                   
               "Actual Rows": 365,                                            
               "Actual Loops": 1,                                             
               "Filter": "((d_month_seq >= 1214) AND (d_month_seq <= 1225))", 
               "Rows Removed by Filter": 72684                                
             }                                                                
           ]                                                                  
         }                                                                    
       ]                                                                      
     },                                                                       
     "Planning Time": 0.276,                                                  
     "Triggers": [                                                            
     ],                                                                       
     "Execution Time": 194831.881                                             
   }                                                                          
 ]

