 [                                                                      
   {                                                                    
     "Plan": {                                                          
       "Node Type": "Hash Join",                                        
       "Join Type": "Inner",                                            
       "Startup Cost": 2327.24,                                         
       "Total Cost": 2877677.40,                                        
       "Plan Rows": 719434,                                             
       "Plan Width": 284,                                               
       "Actual Startup Time": 34.774,                                   
       "Actual Total Time": 75973.187,                                  
       "Actual Rows": 28621096,                                         
       "Actual Loops": 1,                                               
       "Hash Cond": "(web_sales.ws_sold_date_sk = date_dim.d_date_sk)", 
       "Plans": [                                                       
         {                                                              
           "Node Type": "Seq Scan",                                     
           "Parent Relationship": "Outer",                              
           "Relation Name": "web_sales",                                
           "Alias": "web_sales",                                        
           "Startup Cost": 0.00,                                        
           "Total Cost": 2598150.96,                                    
           "Plan Rows": 72001296,                                       
           "Plan Width": 166,                                           
           "Actual Startup Time": 0.371,                                
           "Actual Total Time": 41138.943,                              
           "Actual Rows": 72001237,                                     
           "Actual Loops": 1                                            
         },                                                             
         {                                                              
           "Node Type": "Hash",                                         
           "Parent Relationship": "Inner",                              
           "Startup Cost": 2318.11,                                     
           "Total Cost": 2318.11,                                       
           "Plan Rows": 730,                                            
           "Plan Width": 118,                                           
           "Actual Startup Time": 34.363,                               
           "Actual Total Time": 34.363,                                 
           "Actual Rows": 730,                                          
           "Actual Loops": 1,                                           
           "Hash Buckets": 1024,                                        
           "Original Hash Buckets": 1024,                               
           "Hash Batches": 1,                                           
           "Original Hash Batches": 1,                                  
           "Peak Memory Usage": 118,                                    
           "Plans": [                                                   
             {                                                          
               "Node Type": "Seq Scan",                                 
               "Parent Relationship": "Outer",                          
               "Relation Name": "date_dim",                             
               "Alias": "date_dim",                                     
               "Startup Cost": 0.00,                                    
               "Total Cost": 2318.11,                                   
               "Plan Rows": 730,                                        
               "Plan Width": 118,                                       
               "Actual Startup Time": 10.085,                           
               "Actual Total Time": 34.152,                             
               "Actual Rows": 730,                                      
               "Actual Loops": 1,                                       
               "Filter": "(d_year = ANY ('{1998,1999}'::integer[]))",   
               "Rows Removed by Filter": 72319                          
             }                                                          
           ]                                                            
         }                                                              
       ]                                                                
     },                                                                 
     "Planning Time": 1.128,                                            
     "Triggers": [                                                      
     ],                                                                 
     "Execution Time": 77449.781                                        
   }                                                                    
 ]

