 [                                                                            
   {                                                                          
     "Plan": {                                                                
       "Node Type": "Hash Join",                                              
       "Join Type": "Inner",                                                  
       "Startup Cost": 2322.68,                                               
       "Total Cost": 234579.77,                                               
       "Plan Rows": 34307,                                                    
       "Plan Width": 232,                                                     
       "Actual Startup Time": 18.472,                                         
       "Actual Total Time": 4259.011,                                         
       "Actual Rows": 1379737,                                                
       "Actual Loops": 1,                                                     
       "Hash Cond": "(web_returns.wr_returned_date_sk = date_dim.d_date_sk)", 
       "Plans": [                                                             
         {                                                                    
           "Node Type": "Seq Scan",                                           
           "Parent Relationship": "Outer",                                    
           "Relation Name": "web_returns",                                    
           "Alias": "web_returns",                                            
           "Startup Cost": 0.00,                                              
           "Total Cost": 204923.02,                                           
           "Plan Rows": 7197602,                                              
           "Plan Width": 114,                                                 
           "Actual Startup Time": 0.289,                                      
           "Actual Total Time": 2295.829,                                     
           "Actual Rows": 7197670,                                            
           "Actual Loops": 1                                                  
         },                                                                   
         {                                                                    
           "Node Type": "Hash",                                               
           "Parent Relationship": "Inner",                                    
           "Startup Cost": 2318.11,                                           
           "Total Cost": 2318.11,                                             
           "Plan Rows": 365,                                                  
           "Plan Width": 118,                                                 
           "Actual Startup Time": 18.154,                                     
           "Actual Total Time": 18.154,                                       
           "Actual Rows": 366,                                                
           "Actual Loops": 1,                                                 
           "Hash Buckets": 1024,                                              
           "Original Hash Buckets": 1024,                                     
           "Hash Batches": 1,                                                 
           "Original Hash Batches": 1,                                        
           "Peak Memory Usage": 64,                                           
           "Plans": [                                                         
             {                                                                
               "Node Type": "Seq Scan",                                       
               "Parent Relationship": "Outer",                                
               "Relation Name": "date_dim",                                   
               "Alias": "date_dim",                                           
               "Startup Cost": 0.00,                                          
               "Total Cost": 2318.11,                                         
               "Plan Rows": 365,                                              
               "Plan Width": 118,                                             
               "Actual Startup Time": 8.528,                                  
               "Actual Total Time": 18.032,                                   
               "Actual Rows": 366,                                            
               "Actual Loops": 1,                                             
               "Filter": "(d_year = 2000)",                                   
               "Rows Removed by Filter": 72683                                
             }                                                                
           ]                                                                  
         }                                                                    
       ]                                                                      
     },                                                                       
     "Planning Time": 3.035,                                                  
     "Triggers": [                                                            
     ],                                                                       
     "Execution Time": 4323.551                                               
   }                                                                          
 ]

