[
  {
    "Plan": {
      "Node Type": "Hash Join",
      "Join Type": "Inner",
      "Startup Cost": 2501.12,
      "Total Cost": 5719360.56,
      "Plan Rows": 60770,
      "Plan Width": 284,
      "Actual Startup Time": 105864.193,
      "Actual Total Time": 111584.596,
      "Actual Rows": 4846001,
      "Actual Loops": 1,
      "Hash Cond": "(catalog_sales.cs_sold_date_sk = date_dim.d_date_sk)",
      "Plans": [
        {
          "Node Type": "Seq Scan",
          "Parent Relationship": "Outer",
          "Relation Name": "catalog_sales",
          "Alias": "catalog_sales",
          "Startup Cost": 0.00,
          "Total Cost": 5176262.72,
          "Plan Rows": 143997072,
          "Plan Width": 166,
          "Actual Startup Time": 0.358,
          "Actual Total Time": 90088.480,
          "Actual Rows": 143997065,
          "Actual Loops": 1
        },
        {
          "Node Type": "Hash",
          "Parent Relationship": "Inner",
          "Startup Cost": 2500.73,
          "Total Cost": 2500.73,
          "Plan Rows": 31,
          "Plan Width": 118,
          "Actual Startup Time": 15.238,
          "Actual Total Time": 15.238,
          "Actual Rows": 31,
          "Actual Loops": 1,
          "Hash Buckets": 1024,
          "Original Hash Buckets": 1024,
          "Hash Batches": 1,
          "Original Hash Batches": 1,
          "Peak Memory Usage": 13,
          "Plans": [
            {
              "Node Type": "Seq Scan",
              "Parent Relationship": "Outer",
              "Relation Name": "date_dim",
              "Alias": "date_dim",
              "Startup Cost": 0.00,
              "Total Cost": 2500.73,
              "Plan Rows": 31,
              "Plan Width": 118,
              "Actual Startup Time": 7.862,
              "Actual Total Time": 15.226,
              "Actual Rows": 31,
              "Actual Loops": 1,
              "Filter": "((d_moy = 12) AND (d_year = 2002))",
              "Rows Removed by Filter": 73018
            }
          ]
        }
      ]
    },
    "Planning Time": 0.206,
    "Triggers": [
    ],
    "Execution Time": 111795.333
  }
]