[
  {
    "Plan": {
      "Node Type": "Hash Join",
      "Join Type": "Inner",
      "Startup Cost": 42723.86,
      "Total Cost": 2995917.24,
      "Plan Rows": 719434,
      "Plan Width": 788,
      "Actual Startup Time": 681.641,
      "Actual Total Time": 233973.926,
      "Actual Rows": 43190218,
      "Actual Loops": 1,
      "Hash Cond": "(web_sales.ws_item_sk = iws.i_item_sk)",
      "Plans": [
        {
          "Node Type": "Hash Join",
          "Parent Relationship": "Outer",
          "Join Type": "Inner",
          "Startup Cost": 2509.86,
          "Total Cost": 2877860.02,
          "Plan Rows": 719434,
          "Plan Width": 284,
          "Actual Startup Time": 16.571,
          "Actual Total Time": 104383.896,
          "Actual Rows": 43190218,
          "Actual Loops": 1,
          "Hash Cond": "(web_sales.ws_sold_date_sk = d3.d_date_sk)",
          "Plans": [
            {
              "Node Type": "Seq Scan",
              "Parent Relationship": "Outer",
              "Relation Name": "web_sales",
              "Alias": "web_sales",
              "Startup Cost": 0.00,
              "Total Cost": 2598150.96,
              "Plan Rows": 72001296,
              "Plan Width": 166,
              "Actual Startup Time": 0.158,
              "Actual Total Time": 60985.959,
              "Actual Rows": 72001237,
              "Actual Loops": 1
            },
            {
              "Node Type": "Hash",
              "Parent Relationship": "Inner",
              "Startup Cost": 2500.73,
              "Total Cost": 2500.73,
              "Plan Rows": 730,
              "Plan Width": 118,
              "Actual Startup Time": 16.396,
              "Actual Total Time": 16.396,
              "Actual Rows": 1096,
              "Actual Loops": 1,
              "Hash Buckets": 2048,
              "Original Hash Buckets": 1024,
              "Hash Batches": 1,
              "Original Hash Batches": 1,
              "Peak Memory Usage": 181,
              "Plans": [
                {
                  "Node Type": "Seq Scan",
                  "Parent Relationship": "Outer",
                  "Relation Name": "date_dim",
                  "Alias": "d3",
                  "Startup Cost": 0.00,
                  "Total Cost": 2500.73,
                  "Plan Rows": 730,
                  "Plan Width": 118,
                  "Actual Startup Time": 7.015,
                  "Actual Total Time": 16.115,
                  "Actual Rows": 1096,
                  "Actual Loops": 1,
                  "Filter": "((d_year >= 1999) AND (d_year <= 2001))",
                  "Rows Removed by Filter": 71953
                }
              ]
            }
          ]
        },
        {
          "Node Type": "Hash",
          "Parent Relationship": "Inner",
          "Startup Cost": 24515.00,
          "Total Cost": 24515.00,
          "Plan Rows": 204000,
          "Plan Width": 504,
          "Actual Startup Time": 665.013,
          "Actual Total Time": 665.013,
          "Actual Rows": 204000,
          "Actual Loops": 1,
          "Hash Buckets": 8192,
          "Original Hash Buckets": 8192,
          "Hash Batches": 32,
          "Original Hash Batches": 32,
          "Peak Memory Usage": 3570,
          "Plans": [
            {
              "Node Type": "Seq Scan",
              "Parent Relationship": "Outer",
              "Relation Name": "item",
              "Alias": "iws",
              "Startup Cost": 0.00,
              "Total Cost": 24515.00,
              "Plan Rows": 204000,
              "Plan Width": 504,
              "Actual Startup Time": 0.250,
              "Actual Total Time": 433.393,
              "Actual Rows": 204000,
              "Actual Loops": 1
            }
          ]
        }
      ]
    },
    "Planning Time": 2.277,
    "Triggers": [
    ],
    "Execution Time": 235891.115
  }
]