[
  {
    "Plan": {
      "Node Type": "Hash Join",
      "Join Type": "Inner",
      "Startup Cost": 2329.33,
      "Total Cost": 940017.48,
      "Plan Rows": 38562,
      "Plan Width": 520,
      "Actual Startup Time": 16.095,
      "Actual Total Time": 51624.082,
      "Actual Rows": 1760641,
      "Actual Loops": 1,
      "Hash Cond": "(store_sales.ss_store_sk = store.s_store_sk)",
      "Plans": [
        {
          "Node Type": "Hash Join",
          "Parent Relationship": "Outer",
          "Join Type": "Inner",
          "Startup Cost": 2322.68,
          "Total Cost": 939109.78,
          "Plan Rows": 137447,
          "Plan Width": 233,
          "Actual Startup Time": 15.664,
          "Actual Total Time": 50453.448,
          "Actual Rows": 5263225,
          "Actual Loops": 1,
          "Hash Cond": "(store_sales.ss_sold_date_sk = date_dim.d_date_sk)",
          "Plans": [
            {
              "Node Type": "Seq Scan",
              "Parent Relationship": "Outer",
              "Relation Name": "store_sales",
              "Alias": "store_sales",
              "Startup Cost": 0.00,
              "Total Cost": 827408.92,
              "Plan Rows": 28800992,
              "Plan Width": 115,
              "Actual Startup Time": 0.320,
              "Actual Total Time": 4050.083,
              "Actual Rows": 26228373,
              "Actual Loops": 1
            },
            {
              "Node Type": "Hash",
              "Parent Relationship": "Inner",
              "Startup Cost": 2318.11,
              "Total Cost": 2318.11,
              "Plan Rows": 365,
              "Plan Width": 118,
              "Actual Startup Time": 15.319,
              "Actual Total Time": 15.319,
              "Actual Rows": 366,
              "Actual Loops": 1,
              "Hash Buckets": 1024,
              "Original Hash Buckets": 1024,
              "Hash Batches": 1,
              "Original Hash Batches": 1,
              "Peak Memory Usage": 64,
              "Plans": [
                {
                  "Node Type": "Seq Scan",
                  "Parent Relationship": "Outer",
                  "Relation Name": "date_dim",
                  "Alias": "date_dim",
                  "Startup Cost": 0.00,
                  "Total Cost": 2318.11,
                  "Plan Rows": 365,
                  "Plan Width": 118,
                  "Actual Startup Time": 8.368,
                  "Actual Total Time": 15.207,
                  "Actual Rows": 366,
                  "Actual Loops": 1,
                  "Filter": "(d_year = 2000)",
                  "Rows Removed by Filter": 72683
                }
              ]
            }
          ]
        },
        {
          "Node Type": "Hash",
          "Parent Relationship": "Inner",
          "Startup Cost": 6.28,
          "Total Cost": 6.28,
          "Plan Rows": 30,
          "Plan Width": 287,
          "Actual Startup Time": 0.076,
          "Actual Total Time": 0.076,
          "Actual Rows": 30,
          "Actual Loops": 1,
          "Hash Buckets": 1024,
          "Original Hash Buckets": 1024,
          "Hash Batches": 1,
          "Original Hash Batches": 1,
          "Peak Memory Usage": 18,
          "Plans": [
            {
              "Node Type": "Seq Scan",
              "Parent Relationship": "Outer",
              "Relation Name": "store",
              "Alias": "store",
              "Startup Cost": 0.00,
              "Total Cost": 6.28,
              "Plan Rows": 30,
              "Plan Width": 287,
              "Actual Startup Time": 0.010,
              "Actual Total Time": 0.065,
              "Actual Rows": 30,
              "Actual Loops": 1,
              "Filter": "(s_gmt_offset = '-5'::numeric)",
              "Rows Removed by Filter": 72
            }
          ]
        }
      ]
    },
    "Planning Time": 1.355,
    "Triggers": [
    ],
    "Execution Time": 51692.497
  }
]
