[
  {
    "Plan": {
      "Node Type": "Hash Join",
      "Join Type": "Inner",
      "Startup Cost": 11148.57,
      "Total Cost": 299648.74,
      "Plan Rows": 4,
      "Plan Width": 2145,
      "Actual Startup Time": 96.886,
      "Actual Total Time": 3914.710,
      "Actual Rows": 627,
      "Actual Loops": 1,
      "Hash Cond": "(ws1.ws_ship_addr_sk = customer_address.ca_address_sk)",
      "Plans": [
        {
          "Node Type": "Hash Join",
          "Parent Relationship": "Outer",
          "Join Type": "Inner",
          "Startup Cost": 2505.03,
          "Total Cost": 291004.62,
          "Plan Rows": 143,
          "Plan Width": 2000,
          "Actual Startup Time": 15.829,
          "Actual Total Time": 3846.330,
          "Actual Rows": 23275,
          "Actual Loops": 1,
          "Hash Cond": "(ws1.ws_web_site_sk = web_site.web_site_sk)",
          "Plans": [
            {
              "Node Type": "Hash Join",
              "Parent Relationship": "Outer",
              "Join Type": "Inner",
              "Startup Cost": 2501.50,
              "Total Cost": 290977.12,
              "Plan Rows": 6009,
              "Plan Width": 288,
              "Actual Startup Time": 15.747,
              "Actual Total Time": 3813.592,
              "Actual Rows": 163226,
              "Actual Loops": 1,
              "Hash Cond": "(ws1.ws_ship_date_sk = date_dim.d_date_sk)",
              "Plans": [
                {
                  "Node Type": "Seq Scan",
                  "Parent Relationship": "Outer",
                  "Relation Name": "web_sales",
                  "Alias": "ws1",
                  "Startup Cost": 0.00,
                  "Total Cost": 261424.66,
                  "Plan Rows": 7197566,
                  "Plan Width": 170,
                  "Actual Startup Time": 0.708,
                  "Actual Total Time": 2866.991,
                  "Actual Rows": 7194440,
                  "Actual Loops": 1
                },
                {
                  "Node Type": "Hash",
                  "Parent Relationship": "Inner",
                  "Startup Cost": 2500.73,
                  "Total Cost": 2500.73,
                  "Plan Rows": 61,
                  "Plan Width": 118,
                  "Actual Startup Time": 14.086,
                  "Actual Total Time": 14.086,
                  "Actual Rows": 62,
                  "Actual Loops": 1,
                  "Hash Buckets": 1024,
                  "Original Hash Buckets": 1024,
                  "Hash Batches": 1,
                  "Original Hash Batches": 1,
                  "Peak Memory Usage": 18,
                  "Plans": [
                    {
                      "Node Type": "Seq Scan",
                      "Parent Relationship": "Outer",
                      "Relation Name": "date_dim",
                      "Alias": "date_dim",
                      "Startup Cost": 0.00,
                      "Total Cost": 2500.73,
                      "Plan Rows": 61,
                      "Plan Width": 118,
                      "Actual Startup Time": 6.356,
                      "Actual Total Time": 14.064,
                      "Actual Rows": 62,
                      "Actual Loops": 1,
                      "Filter": "((d_date >= '2002-04-01'::date) AND (d_date <= '2002-06-01'::date))",
                      "Rows Removed by Filter": 72987
                    }
                  ]
                }
              ]
            },
            {
              "Node Type": "Hash",
              "Parent Relationship": "Inner",
              "Startup Cost": 3.52,
              "Total Cost": 3.52,
              "Plan Rows": 1,
              "Plan Width": 1712,
              "Actual Startup Time": 0.048,
              "Actual Total Time": 0.048,
              "Actual Rows": 8,
              "Actual Loops": 1,
              "Hash Buckets": 1024,
              "Original Hash Buckets": 1024,
              "Hash Batches": 1,
              "Original Hash Batches": 1,
              "Peak Memory Usage": 12,
              "Plans": [
                {
                  "Node Type": "Seq Scan",
                  "Parent Relationship": "Outer",
                  "Relation Name": "web_site",
                  "Alias": "web_site",
                  "Startup Cost": 0.00,
                  "Total Cost": 3.52,
                  "Plan Rows": 1,
                  "Plan Width": 1712,
                  "Actual Startup Time": 0.021,
                  "Actual Total Time": 0.041,
                  "Actual Rows": 8,
                  "Actual Loops": 1,
                  "Filter": "(web_company_name = 'pri'::bpchar)",
                  "Rows Removed by Filter": 34
                }
              ]
            }
          ]
        },
        {
          "Node Type": "Hash",
          "Parent Relationship": "Inner",
          "Startup Cost": 8560.00,
          "Total Cost": 8560.00,
          "Plan Rows": 6683,
          "Plan Width": 145,
          "Actual Startup Time": 60.731,
          "Actual Total Time": 60.731,
          "Actual Rows": 6737,
          "Actual Loops": 1,
          "Hash Buckets": 8192,
          "Original Hash Buckets": 8192,
          "Hash Batches": 1,
          "Original Hash Batches": 1,
          "Peak Memory Usage": 1235,
          "Plans": [
            {
              "Node Type": "Seq Scan",
              "Parent Relationship": "Outer",
              "Relation Name": "customer_address",
              "Alias": "customer_address",
              "Startup Cost": 0.00,
              "Total Cost": 8560.00,
              "Plan Rows": 6683,
              "Plan Width": 145,
              "Actual Startup Time": 0.034,
              "Actual Total Time": 58.141,
              "Actual Rows": 6737,
              "Actual Loops": 1,
              "Filter": "(ca_state = 'MN'::bpchar)",
              "Rows Removed by Filter": 243263
            }
          ]
        }
      ]
    },
    "Planning Time": 7.898,
    "Triggers": [
    ],
    "Execution Time": 3915.118
  }
]
