[
  {
    "Plan": {
      "Node Type": "Hash Join",
      "Join Type": "Inner",
      "Startup Cost": 23183.91,
      "Total Cost": 962232.60,
      "Plan Rows": 362,
      "Plan Width": 882,
      "Actual Startup Time": 658.087,
      "Actual Total Time": 6339.707,
      "Actual Rows": 8666,
      "Actual Loops": 1,
      "Hash Cond": "(store_sales.ss_addr_sk = customer_address.ca_address_sk)",
      "Plans": [
        {
          "Node Type": "Hash Join",
          "Parent Relationship": "Outer",
          "Join Type": "Inner",
          "Startup Cost": 11557.20,
          "Total Cost": 948461.33,
          "Plan Rows": 1051,
          "Plan Width": 737,
          "Actual Startup Time": 77.105,
          "Actual Total Time": 5684.379,
          "Actual Rows": 23829,
          "Actual Loops": 1,
          "Hash Cond": "(store_sales.ss_item_sk = item.i_item_sk)",
          "Plans": [
            {
              "Node Type": "Hash Join",
              "Parent Relationship": "Outer",
              "Join Type": "Inner",
              "Startup Cost": 2501.08,
              "Total Cost": 938019.16,
              "Plan Rows": 10544,
              "Plan Width": 233,
              "Actual Startup Time": 14.863,
              "Actual Total Time": 5410.273,
              "Actual Rows": 239220,
              "Actual Loops": 1,
              "Hash Cond": "(store_sales.ss_sold_date_sk = date_dim.d_date_sk)",
              "Plans": [
                {
                  "Node Type": "Seq Scan",
                  "Parent Relationship": "Outer",
                  "Relation Name": "store_sales",
                  "Alias": "store_sales",
                  "Startup Cost": 0.00,
                  "Total Cost": 827408.92,
                  "Plan Rows": 28800992,
                  "Plan Width": 115,
                  "Actual Startup Time": 0.409,
                  "Actual Total Time": 3341.539,
                  "Actual Rows": 26228373,
                  "Actual Loops": 1
                },
                {
                  "Node Type": "Hash",
                  "Parent Relationship": "Inner",
                  "Startup Cost": 2500.73,
                  "Total Cost": 2500.73,
                  "Plan Rows": 28,
                  "Plan Width": 118,
                  "Actual Startup Time": 13.636,
                  "Actual Total Time": 13.636,
                  "Actual Rows": 29,
                  "Actual Loops": 1,
                  "Hash Buckets": 1024,
                  "Original Hash Buckets": 1024,
                  "Hash Batches": 1,
                  "Original Hash Batches": 1,
                  "Peak Memory Usage": 13,
                  "Plans": [
                    {
                      "Node Type": "Seq Scan",
                      "Parent Relationship": "Outer",
                      "Relation Name": "date_dim",
                      "Alias": "date_dim",
                      "Startup Cost": 0.00,
                      "Total Cost": 2500.73,
                      "Plan Rows": 28,
                      "Plan Width": 118,
                      "Actual Startup Time": 6.858,
                      "Actual Total Time": 13.620,
                      "Actual Rows": 29,
                      "Actual Loops": 1,
                      "Filter": "((d_year = 2000) AND (d_moy = 2))",
                      "Rows Removed by Filter": 73020
                    }
                  ]
                }
              ]
            },
            {
              "Node Type": "Hash",
              "Parent Relationship": "Inner",
              "Startup Cost": 8273.00,
              "Total Cost": 8273.00,
              "Plan Rows": 10169,
              "Plan Width": 504,
              "Actual Startup Time": 61.844,
              "Actual Total Time": 61.844,
              "Actual Rows": 10205,
              "Actual Loops": 1,
              "Hash Buckets": 8192,
              "Original Hash Buckets": 8192,
              "Hash Batches": 2,
              "Original Hash Batches": 2,
              "Peak Memory Usage": 2820,
              "Plans": [
                {
                  "Node Type": "Seq Scan",
                  "Parent Relationship": "Outer",
                  "Relation Name": "item",
                  "Alias": "item",
                  "Startup Cost": 0.00,
                  "Total Cost": 8273.00,
                  "Plan Rows": 10169,
                  "Plan Width": 504,
                  "Actual Startup Time": 0.114,
                  "Actual Total Time": 51.682,
                  "Actual Rows": 10205,
                  "Actual Loops": 1,
                  "Filter": "(i_category = 'Home'::bpchar)",
                  "Rows Removed by Filter": 91795
                }
              ]
            }
          ]
        },
        {
          "Node Type": "Hash",
          "Parent Relationship": "Inner",
          "Startup Cost": 8560.00,
          "Total Cost": 8560.00,
          "Plan Rows": 90217,
          "Plan Width": 145,
          "Actual Startup Time": 568.511,
          "Actual Total Time": 568.511,
          "Actual Rows": 90666,
          "Actual Loops": 1,
          "Hash Buckets": 32768,
          "Original Hash Buckets": 32768,
          "Hash Batches": 8,
          "Original Hash Batches": 8,
          "Peak Memory Usage": 2244,
          "Plans": [
            {
              "Node Type": "Seq Scan",
              "Parent Relationship": "Outer",
              "Relation Name": "customer_address",
              "Alias": "customer_address",
              "Startup Cost": 0.00,
              "Total Cost": 8560.00,
              "Plan Rows": 90217,
              "Plan Width": 145,
              "Actual Startup Time": 0.018,
              "Actual Total Time": 383.670,
              "Actual Rows": 90666,
              "Actual Loops": 1,
              "Filter": "(ca_gmt_offset = '-5'::numeric)",
              "Rows Removed by Filter": 159334
            }
          ]
        }
      ]
    },
    "Planning Time": 3.858,
    "Triggers": [
    ],
    "Execution Time": 6340.351
  }
]
