[
  {
    "Plan": {
      "Node Type": "Hash Join",
      "Join Type": "Inner",
      "Startup Cost": 300801.54,
      "Total Cost": 309151.80,
      "Plan Rows": 99,
      "Plan Width": 937,
      "Actual Startup Time": 2483.548,
      "Actual Total Time": 2567.581,
      "Actual Rows": 2357,
      "Actual Loops": 1,
      "Hash Cond": "(item.i_item_sk = web_sales.ws_item_sk)",
      "Plans": [
        {
          "Node Type": "Seq Scan",
          "Parent Relationship": "Outer",
          "Relation Name": "item",
          "Alias": "item",
          "Startup Cost": 0.00,
          "Total Cost": 8273.00,
          "Plan Rows": 10169,
          "Plan Width": 504,
          "Actual Startup Time": 0.140,
          "Actual Total Time": 52.831,
          "Actual Rows": 10205,
          "Actual Loops": 1,
          "Filter": "(i_category = 'Home'::bpchar)",
          "Rows Removed by Filter": 91795
        },
        {
          "Node Type": "Hash",
          "Parent Relationship": "Inner",
          "Startup Cost": 300789.11,
          "Total Cost": 300789.11,
          "Plan Rows": 995,
          "Plan Width": 433,
          "Actual Startup Time": 2482.879,
          "Actual Total Time": 2482.879,
          "Actual Rows": 23495,
          "Actual Loops": 1,
          "Hash Buckets": 16384,
          "Original Hash Buckets": 1024,
          "Hash Batches": 4,
          "Original Hash Batches": 1,
          "Peak Memory Usage": 3969,
          "Plans": [
            {
              "Node Type": "Hash Join",
              "Parent Relationship": "Outer",
              "Join Type": "Inner",
              "Startup Cost": 290978.67,
              "Total Cost": 300789.11,
              "Plan Rows": 995,
              "Plan Width": 433,
              "Actual Startup Time": 2121.322,
              "Actual Total Time": 2441.226,
              "Actual Rows": 23495,
              "Actual Loops": 1,
              "Hash Cond": "(customer_address.ca_address_sk = web_sales.ws_bill_addr_sk)",
              "Plans": [
                {
                  "Node Type": "Seq Scan",
                  "Parent Relationship": "Outer",
                  "Relation Name": "customer_address",
                  "Alias": "customer_address",
                  "Startup Cost": 0.00,
                  "Total Cost": 8560.00,
                  "Plan Rows": 90217,
                  "Plan Width": 145,
                  "Actual Startup Time": 0.007,
                  "Actual Total Time": 172.189,
                  "Actual Rows": 90666,
                  "Actual Loops": 1,
                  "Filter": "(ca_gmt_offset = '-5'::numeric)",
                  "Rows Removed by Filter": 159334
                },
                {
                  "Node Type": "Hash",
                  "Parent Relationship": "Inner",
                  "Startup Cost": 290944.20,
                  "Total Cost": 290944.20,
                  "Plan Rows": 2758,
                  "Plan Width": 288,
                  "Actual Startup Time": 2120.887,
                  "Actual Total Time": 2120.887,
                  "Actual Rows": 64081,
                  "Actual Loops": 1,
                  "Hash Buckets": 16384,
                  "Original Hash Buckets": 4096,
                  "Hash Batches": 8,
                  "Original Hash Batches": 1,
                  "Peak Memory Usage": 3969,
                  "Plans": [
                    {
                      "Node Type": "Hash Join",
                      "Parent Relationship": "Outer",
                      "Join Type": "Inner",
                      "Startup Cost": 2501.08,
                      "Total Cost": 290944.20,
                      "Plan Rows": 2758,
                      "Plan Width": 288,
                      "Actual Startup Time": 23.093,
                      "Actual Total Time": 1911.481,
                      "Actual Rows": 64081,
                      "Actual Loops": 1,
                      "Hash Cond": "(web_sales.ws_sold_date_sk = date_dim.d_date_sk)",
                      "Plans": [
                        {
                          "Node Type": "Seq Scan",
                          "Parent Relationship": "Outer",
                          "Relation Name": "web_sales",
                          "Alias": "web_sales",
                          "Startup Cost": 0.00,
                          "Total Cost": 261424.66,
                          "Plan Rows": 7197566,
                          "Plan Width": 170,
                          "Actual Startup Time": 0.534,
                          "Actual Total Time": 1299.053,
                          "Actual Rows": 7194440,
                          "Actual Loops": 1
                        },
                        {
                          "Node Type": "Hash",
                          "Parent Relationship": "Inner",
                          "Startup Cost": 2500.73,
                          "Total Cost": 2500.73,
                          "Plan Rows": 28,
                          "Plan Width": 118,
                          "Actual Startup Time": 15.944,
                          "Actual Total Time": 15.944,
                          "Actual Rows": 29,
                          "Actual Loops": 1,
                          "Hash Buckets": 1024,
                          "Original Hash Buckets": 1024,
                          "Hash Batches": 1,
                          "Original Hash Batches": 1,
                          "Peak Memory Usage": 13,
                          "Plans": [
                            {
                              "Node Type": "Seq Scan",
                              "Parent Relationship": "Outer",
                              "Relation Name": "date_dim",
                              "Alias": "date_dim",
                              "Startup Cost": 0.00,
                              "Total Cost": 2500.73,
                              "Plan Rows": 28,
                              "Plan Width": 118,
                              "Actual Startup Time": 8.793,
                              "Actual Total Time": 15.930,
                              "Actual Rows": 29,
                              "Actual Loops": 1,
                              "Filter": "((d_year = 2000) AND (d_moy = 2))",
                              "Rows Removed by Filter": 73020
                            }
                          ]
                        }
                      ]
                    }
                  ]
                }
              ]
            }
          ]
        }
      ]
    },
    "Planning Time": 1.759,
    "Triggers": [
    ],
    "Execution Time": 2567.914
  }
]
