[
  {
    "Plan": {
      "Node Type": "Hash Join",
      "Join Type": "Inner",
      "Startup Cost": 2684.49,
      "Total Cost": 579629.22,
      "Plan Rows": 17839,
      "Plan Width": 288,
      "Actual Startup Time": 3312.684,
      "Actual Total Time": 3312.684,
      "Actual Rows": 0,
      "Actual Loops": 1,
      "Hash Cond": "(catalog_sales.cs_sold_date_sk = date_dim.d_date_sk)",
      "Plans": [
        {
          "Node Type": "Seq Scan",
          "Parent Relationship": "Outer",
          "Relation Name": "catalog_sales",
          "Alias": "catalog_sales",
          "Startup Cost": 0.00,
          "Total Cost": 522761.61,
          "Plan Rows": 14401261,
          "Plan Width": 170,
          "Actual Startup Time": 0.410,
          "Actual Total Time": 2220.388,
          "Actual Rows": 14258808,
          "Actual Loops": 1
        },
        {
          "Node Type": "Hash",
          "Parent Relationship": "Inner",
          "Startup Cost": 2683.36,
          "Total Cost": 2683.36,
          "Plan Rows": 91,
          "Plan Width": 118,
          "Actual Startup Time": 17.683,
          "Actual Total Time": 17.683,
          "Actual Rows": 92,
          "Actual Loops": 1,
          "Hash Buckets": 1024,
          "Original Hash Buckets": 1024,
          "Hash Batches": 1,
          "Original Hash Batches": 1,
          "Peak Memory Usage": 22,
          "Plans": [
            {
              "Node Type": "Seq Scan",
              "Parent Relationship": "Outer",
              "Relation Name": "date_dim",
              "Alias": "date_dim",
              "Startup Cost": 0.00,
              "Total Cost": 2683.36,
              "Plan Rows": 91,
              "Plan Width": 118,
              "Actual Startup Time": 8.713,
              "Actual Total Time": 17.652,
              "Actual Rows": 92,
              "Actual Loops": 1,
              "Filter": "((d_moy >= 3) AND (d_moy <= 5) AND (d_year = 2004))",
              "Rows Removed by Filter": 72957
            }
          ]
        }
      ]
    },
    "Planning Time": 0.970,
    "Triggers": [
    ],
    "Execution Time": 3312.807
  }
]
