[
  {
    "Plan": {
      "Node Type": "Hash Join",
      "Join Type": "Inner",
      "Startup Cost": 23191.06,
      "Total Cost": 962361.40,
      "Plan Rows": 404,
      "Plan Width": 882,
      "Actual Startup Time": 722.215,
      "Actual Total Time": 9667.242,
      "Actual Rows": 20064,
      "Actual Loops": 1,
      "Hash Cond": "(store_sales.ss_addr_sk = customer_address.ca_address_sk)",
      "Plans": [
        {
          "Node Type": "Hash Join",
          "Parent Relationship": "Outer",
          "Join Type": "Inner",
          "Startup Cost": 11564.35,
          "Total Cost": 948565.24,
          "Plan Rows": 1174,
          "Plan Width": 737,
          "Actual Startup Time": 93.861,
          "Actual Total Time": 8879.868,
          "Actual Rows": 56018,
          "Actual Loops": 1,
          "Hash Cond": "(store_sales.ss_item_sk = item.i_item_sk)",
          "Plans": [
            {
              "Node Type": "Hash Join",
              "Parent Relationship": "Outer",
              "Join Type": "Inner",
              "Startup Cost": 2501.12,
              "Total Cost": 938030.50,
              "Plan Rows": 11674,
              "Plan Width": 233,
              "Actual Startup Time": 25.294,
              "Actual Total Time": 8244.914,
              "Actual Rows": 564853,
              "Actual Loops": 1,
              "Hash Cond": "(store_sales.ss_sold_date_sk = date_dim.d_date_sk)",
              "Plans": [
                {
                  "Node Type": "Seq Scan",
                  "Parent Relationship": "Outer",
                  "Relation Name": "store_sales",
                  "Alias": "store_sales",
                  "Startup Cost": 0.00,
                  "Total Cost": 827408.92,
                  "Plan Rows": 28800992,
                  "Plan Width": 115,
                  "Actual Startup Time": 0.856,
                  "Actual Total Time": 5773.232,
                  "Actual Rows": 26228373,
                  "Actual Loops": 1
                },
                {
                  "Node Type": "Hash",
                  "Parent Relationship": "Inner",
                  "Startup Cost": 2500.73,
                  "Total Cost": 2500.73,
                  "Plan Rows": 31,
                  "Plan Width": 118,
                  "Actual Startup Time": 16.557,
                  "Actual Total Time": 16.557,
                  "Actual Rows": 31,
                  "Actual Loops": 1,
                  "Hash Buckets": 1024,
                  "Original Hash Buckets": 1024,
                  "Hash Batches": 1,
                  "Original Hash Batches": 1,
                  "Peak Memory Usage": 13,
                  "Plans": [
                    {
                      "Node Type": "Seq Scan",
                      "Parent Relationship": "Outer",
                      "Relation Name": "date_dim",
                      "Alias": "date_dim",
                      "Startup Cost": 0.00,
                      "Total Cost": 2500.73,
                      "Plan Rows": 31,
                      "Plan Width": 118,
                      "Actual Startup Time": 9.387,
                      "Actual Total Time": 16.539,
                      "Actual Rows": 31,
                      "Actual Loops": 1,
                      "Filter": "((d_year = 1998) AND (d_moy = 8))",
                      "Rows Removed by Filter": 73018
                    }
                  ]
                }
              ]
            },
            {
              "Node Type": "Hash",
              "Parent Relationship": "Inner",
              "Startup Cost": 8273.00,
              "Total Cost": 8273.00,
              "Plan Rows": 10258,
              "Plan Width": 504,
              "Actual Startup Time": 68.308,
              "Actual Total Time": 68.308,
              "Actual Rows": 10149,
              "Actual Loops": 1,
              "Hash Buckets": 8192,
              "Original Hash Buckets": 8192,
              "Hash Batches": 2,
              "Original Hash Batches": 2,
              "Peak Memory Usage": 2758,
              "Plans": [
                {
                  "Node Type": "Seq Scan",
                  "Parent Relationship": "Outer",
                  "Relation Name": "item",
                  "Alias": "item",
                  "Startup Cost": 0.00,
                  "Total Cost": 8273.00,
                  "Plan Rows": 10258,
                  "Plan Width": 504,
                  "Actual Startup Time": 0.025,
                  "Actual Total Time": 57.188,
                  "Actual Rows": 10149,
                  "Actual Loops": 1,
                  "Filter": "(i_category = 'Children'::bpchar)",
                  "Rows Removed by Filter": 91851
                }
              ]
            }
          ]
        },
        {
          "Node Type": "Hash",
          "Parent Relationship": "Inner",
          "Startup Cost": 8560.00,
          "Total Cost": 8560.00,
          "Plan Rows": 90217,
          "Plan Width": 145,
          "Actual Startup Time": 575.947,
          "Actual Total Time": 575.947,
          "Actual Rows": 90666,
          "Actual Loops": 1,
          "Hash Buckets": 32768,
          "Original Hash Buckets": 32768,
          "Hash Batches": 8,
          "Original Hash Batches": 8,
          "Peak Memory Usage": 2244,
          "Plans": [
            {
              "Node Type": "Seq Scan",
              "Parent Relationship": "Outer",
              "Relation Name": "customer_address",
              "Alias": "customer_address",
              "Startup Cost": 0.00,
              "Total Cost": 8560.00,
              "Plan Rows": 90217,
              "Plan Width": 145,
              "Actual Startup Time": 0.030,
              "Actual Total Time": 479.065,
              "Actual Rows": 90666,
              "Actual Loops": 1,
              "Filter": "(ca_gmt_offset = '-5'::numeric)",
              "Rows Removed by Filter": 159334
            }
          ]
        }
      ]
    },
    "Planning Time": 2.313,
    "Triggers": [
    ],
    "Execution Time": 9668.496
  }
]
