[
  {
    "Plan": {
      "Node Type": "Hash Join",
      "Join Type": "Inner",
      "Startup Cost": 590604.19,
      "Total Cost": 3630802.54,
      "Plan Rows": 10247,
      "Plan Width": 812,
      "Actual Startup Time": 22620.218,
      "Actual Total Time": 28367.445,
      "Actual Rows": 118137,
      "Actual Loops": 1,
      "Hash Cond": "(inventory.inv_item_sk = item.i_item_sk)",
      "Plans": [
        {
          "Node Type": "Hash Join",
          "Parent Relationship": "Outer",
          "Join Type": "Inner",
          "Startup Cost": 2501.47,
          "Total Cost": 3031843.67,
          "Plan Rows": 40725,
          "Plan Width": 138,
          "Actual Startup Time": 18471.346,
          "Actual Total Time": 23125.964,
          "Actual Rows": 1553188,
          "Actual Loops": 1,
          "Hash Cond": "(inventory.inv_date_sk = date_dim.d_date_sk)",
          "Plans": [
            {
              "Node Type": "Seq Scan",
              "Parent Relationship": "Outer",
              "Relation Name": "inventory",
              "Alias": "inventory",
              "Startup Cost": 0.00,
              "Total Cost": 2839852.00,
              "Plan Rows": 50422119,
              "Plan Width": 20,
              "Actual Startup Time": 0.611,
              "Actual Total Time": 19259.767,
              "Actual Rows": 50661572,
              "Actual Loops": 1,
              "Filter": "((inv_quantity_on_hand >= 100) AND (inv_quantity_on_hand <= 500))",
              "Rows Removed by Filter": 82448428
            },
            {
              "Node Type": "Hash",
              "Parent Relationship": "Inner",
              "Startup Cost": 2500.73,
              "Total Cost": 2500.73,
              "Plan Rows": 59,
              "Plan Width": 118,
              "Actual Startup Time": 12.997,
              "Actual Total Time": 12.997,
              "Actual Rows": 60,
              "Actual Loops": 1,
              "Hash Buckets": 1024,
              "Original Hash Buckets": 1024,
              "Hash Batches": 1,
              "Original Hash Batches": 1,
              "Peak Memory Usage": 18,
              "Plans": [
                {
                  "Node Type": "Seq Scan",
                  "Parent Relationship": "Outer",
                  "Relation Name": "date_dim",
                  "Alias": "date_dim",
                  "Startup Cost": 0.00,
                  "Total Cost": 2500.73,
                  "Plan Rows": 59,
                  "Plan Width": 118,
                  "Actual Startup Time": 6.259,
                  "Actual Total Time": 12.977,
                  "Actual Rows": 60,
                  "Actual Loops": 1,
                  "Filter": "((d_date >= '2002-01-18'::date) AND (d_date <= '2002-03-18'::date))",
                  "Rows Removed by Filter": 72989
                }
              ]
            }
          ]
        },
        {
          "Node Type": "Hash",
          "Parent Relationship": "Inner",
          "Startup Cost": 586017.99,
          "Total Cost": 586017.99,
          "Plan Rows": 21178,
          "Plan Width": 674,
          "Actual Startup Time": 4126.598,
          "Actual Total Time": 4126.598,
          "Actual Rows": 6632,
          "Actual Loops": 1,
          "Hash Buckets": 8192,
          "Original Hash Buckets": 8192,
          "Hash Batches": 4,
          "Original Hash Batches": 4,
          "Peak Memory Usage": 1754,
          "Plans": [
            {
              "Node Type": "Hash Join",
              "Parent Relationship": "Outer",
              "Join Type": "Inner",
              "Startup Cost": 9039.88,
              "Total Cost": 586017.99,
              "Plan Rows": 21178,
              "Plan Width": 674,
              "Actual Startup Time": 63.434,
              "Actual Total Time": 4106.903,
              "Actual Rows": 6632,
              "Actual Loops": 1,
              "Hash Cond": "(catalog_sales.cs_item_sk = item.i_item_sk)",
              "Plans": [
                {
                  "Node Type": "Seq Scan",
                  "Parent Relationship": "Outer",
                  "Relation Name": "catalog_sales",
                  "Alias": "catalog_sales",
                  "Startup Cost": 0.00,
                  "Total Cost": 522761.61,
                  "Plan Rows": 14401261,
                  "Plan Width": 170,
                  "Actual Startup Time": 0.029,
                  "Actual Total Time": 2130.841,
                  "Actual Rows": 14258808,
                  "Actual Loops": 1
                },
                {
                  "Node Type": "Hash",
                  "Parent Relationship": "Inner",
                  "Startup Cost": 9038.00,
                  "Total Cost": 9038.00,
                  "Plan Rows": 150,
                  "Plan Width": 504,
                  "Actual Startup Time": 63.004,
                  "Actual Total Time": 63.004,
                  "Actual Rows": 46,
                  "Actual Loops": 1,
                  "Hash Buckets": 1024,
                  "Original Hash Buckets": 1024,
                  "Hash Batches": 1,
                  "Original Hash Batches": 1,
                  "Peak Memory Usage": 33,
                  "Plans": [
                    {
                      "Node Type": "Seq Scan",
                      "Parent Relationship": "Outer",
                      "Relation Name": "item",
                      "Alias": "item",
                      "Startup Cost": 0.00,
                      "Total Cost": 9038.00,
                      "Plan Rows": 150,
                      "Plan Width": 504,
                      "Actual Startup Time": 0.132,
                      "Actual Total Time": 62.932,
                      "Actual Rows": 46,
                      "Actual Loops": 1,
                      "Filter": "((i_current_price >= '4'::numeric) AND (i_current_price <= '10'::numeric) AND (i_manufact_id = ANY ('{744,691,853,946}'::integer[])))",
                      "Rows Removed by Filter": 101954
                    }
                  ]
                }
              ]
            }
          ]
        }
      ]
    },
    "Planning Time": 1.759,
    "Triggers": [
    ],
    "Execution Time": 28371.871
  }
]
