[
  {
    "Plan": {
      "Node Type": "Hash Join",
      "Join Type": "Inner",
      "Startup Cost": 18921.94,
      "Total Cost": 975092.44,
      "Plan Rows": 160794,
      "Plan Width": 737,
      "Actual Startup Time": 211.965,
      "Actual Total Time": 22264.796,
      "Actual Rows": 6428872,
      "Actual Loops": 1,
      "Hash Cond": "(store_sales.ss_item_sk = item.i_item_sk)",
      "Plans": [
        {
          "Node Type": "Hash Join",
          "Parent Relationship": "Outer",
          "Join Type": "Inner",
          "Startup Cost": 3053.94,
          "Total Cost": 940074.52,
          "Plan Rows": 160794,
          "Plan Width": 233,
          "Actual Startup Time": 19.135,
          "Actual Total Time": 9051.462,
          "Actual Rows": 6428872,
          "Actual Loops": 1,
          "Hash Cond": "(store_sales.ss_sold_date_sk = date_dim.d_date_sk)",
          "Plans": [
            {
              "Node Type": "Seq Scan",
              "Parent Relationship": "Outer",
              "Relation Name": "store_sales",
              "Alias": "store_sales",
              "Startup Cost": 0.00,
              "Total Cost": 827408.92,
              "Plan Rows": 28800992,
              "Plan Width": 115,
              "Actual Startup Time": 0.277,
              "Actual Total Time": 3806.387,
              "Actual Rows": 26228373,
              "Actual Loops": 1
            },
            {
              "Node Type": "Hash",
              "Parent Relationship": "Inner",
              "Startup Cost": 3048.60,
              "Total Cost": 3048.60,
              "Plan Rows": 427,
              "Plan Width": 118,
              "Actual Startup Time": 18.808,
              "Actual Total Time": 18.808,
              "Actual Rows": 428,
              "Actual Loops": 1,
              "Hash Buckets": 1024,
              "Original Hash Buckets": 1024,
              "Hash Batches": 1,
              "Original Hash Batches": 1,
              "Peak Memory Usage": 73,
              "Plans": [
                {
                  "Node Type": "Seq Scan",
                  "Parent Relationship": "Outer",
                  "Relation Name": "date_dim",
                  "Alias": "date_dim",
                  "Startup Cost": 0.00,
                  "Total Cost": 3048.60,
                  "Plan Rows": 427,
                  "Plan Width": 118,
                  "Actual Startup Time": 9.084,
                  "Actual Total Time": 18.711,
                  "Actual Rows": 428,
                  "Actual Loops": 1,
                  "Filter": "((d_year = 2000) OR ((d_year = 1999) AND (d_moy = 12)) OR ((d_year = 2001) AND (d_moy = 1)))",
                  "Rows Removed by Filter": 72621
                }
              ]
            }
          ]
        },
        {
          "Node Type": "Hash",
          "Parent Relationship": "Inner",
          "Startup Cost": 8018.00,
          "Total Cost": 8018.00,
          "Plan Rows": 102000,
          "Plan Width": 504,
          "Actual Startup Time": 192.315,
          "Actual Total Time": 192.315,
          "Actual Rows": 102000,
          "Actual Loops": 1,
          "Hash Buckets": 8192,
          "Original Hash Buckets": 8192,
          "Hash Batches": 16,
          "Original Hash Batches": 16,
          "Peak Memory Usage": 3546,
          "Plans": [
            {
              "Node Type": "Seq Scan",
              "Parent Relationship": "Outer",
              "Relation Name": "item",
              "Alias": "item",
              "Startup Cost": 0.00,
              "Total Cost": 8018.00,
              "Plan Rows": 102000,
              "Plan Width": 504,
              "Actual Startup Time": 0.008,
              "Actual Total Time": 49.354,
              "Actual Rows": 102000,
              "Actual Loops": 1
            }
          ]
        }
      ]
    },
    "Planning Time": 2.364,
    "Triggers": [
    ],
    "Execution Time": 22509.372
  }
]
