[
  {
    "Plan": {
      "Node Type": "Hash Join",
      "Join Type": "Inner",
      "Startup Cost": 2504.16,
      "Total Cost": 938948.59,
      "Plan Rows": 103179,
      "Plan Width": 233,
      "Actual Startup Time": 16.464,
      "Actual Total Time": 7136.256,
      "Actual Rows": 2923452,
      "Actual Loops": 1,
      "Hash Cond": "(store_sales.ss_sold_date_sk = date_dim.d_date_sk)",
      "Plans": [
        {
          "Node Type": "Seq Scan",
          "Parent Relationship": "Outer",
          "Relation Name": "store_sales",
          "Alias": "store_sales",
          "Startup Cost": 0.00,
          "Total Cost": 827408.92,
          "Plan Rows": 28800992,
          "Plan Width": 115,
          "Actual Startup Time": 0.022,
          "Actual Total Time": 3573.776,
          "Actual Rows": 26228373,
          "Actual Loops": 1
        },
        {
          "Node Type": "Hash",
          "Parent Relationship": "Inner",
          "Startup Cost": 2500.73,
          "Total Cost": 2500.73,
          "Plan Rows": 274,
          "Plan Width": 118,
          "Actual Startup Time": 16.388,
          "Actual Total Time": 16.388,
          "Actual Rows": 274,
          "Actual Loops": 1,
          "Hash Buckets": 1024,
          "Original Hash Buckets": 1024,
          "Hash Batches": 1,
          "Original Hash Batches": 1,
          "Peak Memory Usage": 50,
          "Plans": [
            {
              "Node Type": "Seq Scan",
              "Parent Relationship": "Outer",
              "Relation Name": "date_dim",
              "Alias": "date_dim",
              "Startup Cost": 0.00,
              "Total Cost": 2500.73,
              "Plan Rows": 274,
              "Plan Width": 118,
              "Actual Startup Time": 8.134,
              "Actual Total Time": 16.344,
              "Actual Rows": 274,
              "Actual Loops": 1,
              "Filter": "((d_qoy < 4) AND (d_year = 2001))",
              "Rows Removed by Filter": 72775
            }
          ]
        }
      ]
    },
    "Planning Time": 0.833,
    "Triggers": [
    ],
    "Execution Time": 7237.586
  }
]
