[
  {
    "Plan": {
      "Node Type": "Hash Join",
      "Join Type": "Inner",
      "Startup Cost": 2504.16,
      "Total Cost": 579807.62,
      "Plan Rows": 53712,
      "Plan Width": 288,
      "Actual Startup Time": 1884.310,
      "Actual Total Time": 3967.575,
      "Actual Rows": 1586425,
      "Actual Loops": 1,
      "Hash Cond": "(catalog_sales.cs_sold_date_sk = date_dim.d_date_sk)",
      "Plans": [
        {
          "Node Type": "Seq Scan",
          "Parent Relationship": "Outer",
          "Relation Name": "catalog_sales",
          "Alias": "catalog_sales",
          "Startup Cost": 0.00,
          "Total Cost": 522761.61,
          "Plan Rows": 14401261,
          "Plan Width": 170,
          "Actual Startup Time": 0.056,
          "Actual Total Time": 2090.911,
          "Actual Rows": 14258808,
          "Actual Loops": 1
        },
        {
          "Node Type": "Hash",
          "Parent Relationship": "Inner",
          "Startup Cost": 2500.73,
          "Total Cost": 2500.73,
          "Plan Rows": 274,
          "Plan Width": 118,
          "Actual Startup Time": 20.587,
          "Actual Total Time": 20.587,
          "Actual Rows": 274,
          "Actual Loops": 1,
          "Hash Buckets": 1024,
          "Original Hash Buckets": 1024,
          "Hash Batches": 1,
          "Original Hash Batches": 1,
          "Peak Memory Usage": 50,
          "Plans": [
            {
              "Node Type": "Seq Scan",
              "Parent Relationship": "Outer",
              "Relation Name": "date_dim",
              "Alias": "date_dim",
              "Startup Cost": 0.00,
              "Total Cost": 2500.73,
              "Plan Rows": 274,
              "Plan Width": 118,
              "Actual Startup Time": 8.227,
              "Actual Total Time": 20.511,
              "Actual Rows": 274,
              "Actual Loops": 1,
              "Filter": "((d_qoy < 4) AND (d_year = 2001))",
              "Rows Removed by Filter": 72775
            }
          ]
        }
      ]
    },
    "Planning Time": 0.896,
    "Triggers": [
    ],
    "Execution Time": 4020.298
  }
]
