[
  {
    "Plan": {
      "Node Type": "Hash Join",
      "Join Type": "Inner",
      "Startup Cost": 2501.88,
      "Total Cost": 938260.96,
      "Plan Rows": 34644,
      "Plan Width": 233,
      "Actual Startup Time": 17.971,
      "Actual Total Time": 5953.497,
      "Actual Rows": 766763,
      "Actual Loops": 1,
      "Hash Cond": "(store_sales.ss_sold_date_sk = date_dim.d_date_sk)",
      "Plans": [
        {
          "Node Type": "Seq Scan",
          "Parent Relationship": "Outer",
          "Relation Name": "store_sales",
          "Alias": "store_sales",
          "Startup Cost": 0.00,
          "Total Cost": 827408.92,
          "Plan Rows": 28800992,
          "Plan Width": 115,
          "Actual Startup Time": 0.217,
          "Actual Total Time": 3541.947,
          "Actual Rows": 26228373,
          "Actual Loops": 1
        },
        {
          "Node Type": "Hash",
          "Parent Relationship": "Inner",
          "Startup Cost": 2500.73,
          "Total Cost": 2500.73,
          "Plan Rows": 92,
          "Plan Width": 118,
          "Actual Startup Time": 17.637,
          "Actual Total Time": 17.637,
          "Actual Rows": 91,
          "Actual Loops": 1,
          "Hash Buckets": 1024,
          "Original Hash Buckets": 1024,
          "Hash Batches": 1,
          "Original Hash Batches": 1,
          "Peak Memory Usage": 22,
          "Plans": [
            {
              "Node Type": "Seq Scan",
              "Parent Relationship": "Outer",
              "Relation Name": "date_dim",
              "Alias": "date_dim",
              "Startup Cost": 0.00,
              "Total Cost": 2500.73,
              "Plan Rows": 92,
              "Plan Width": 118,
              "Actual Startup Time": 8.820,
              "Actual Total Time": 17.626,
              "Actual Rows": 91,
              "Actual Loops": 1,
              "Filter": "((d_qoy = 1) AND (d_year = 2001))",
              "Rows Removed by Filter": 72958
            }
          ]
        }
      ]
    },
    "Planning Time": 0.906,
    "Triggers": [
    ],
    "Execution Time": 5980.555
  }
]
