[
  {
    "Plan": {
      "Node Type": "Hash Join",
      "Join Type": "Inner",
      "Startup Cost": 16432.00,
      "Total Cost": 62063.32,
      "Plan Rows": 241748,
      "Plan Width": 390,
      "Actual Startup Time": 323.538,
      "Actual Total Time": 892.936,
      "Actual Rows": 236381,
      "Actual Loops": 1,
      "Hash Cond": "(customer.c_current_addr_sk = customer_address.ca_address_sk)",
      "Plans": [
        {
          "Node Type": "Seq Scan",
          "Parent Relationship": "Outer",
          "Relation Name": "customer",
          "Alias": "customer",
          "Startup Cost": 0.00,
          "Total Cost": 20881.29,
          "Plan Rows": 241748,
          "Plan Width": 245,
          "Actual Startup Time": 0.317,
          "Actual Total Time": 199.809,
          "Actual Rows": 236381,
          "Actual Loops": 1,
          "Filter": "(c_preferred_cust_flag = 'Y'::bpchar)",
          "Rows Removed by Filter": 263619
        },
        {
          "Node Type": "Hash",
          "Parent Relationship": "Inner",
          "Startup Cost": 7935.00,
          "Total Cost": 7935.00,
          "Plan Rows": 250000,
          "Plan Width": 145,
          "Actual Startup Time": 322.960,
          "Actual Total Time": 322.960,
          "Actual Rows": 250000,
          "Actual Loops": 1,
          "Hash Buckets": 32768,
          "Original Hash Buckets": 32768,
          "Hash Batches": 16,
          "Original Hash Batches": 16,
          "Peak Memory Usage": 2979,
          "Plans": [
            {
              "Node Type": "Seq Scan",
              "Parent Relationship": "Outer",
              "Relation Name": "customer_address",
              "Alias": "customer_address",
              "Startup Cost": 0.00,
              "Total Cost": 7935.00,
              "Plan Rows": 250000,
              "Plan Width": 145,
              "Actual Startup Time": 0.006,
              "Actual Total Time": 177.598,
              "Actual Rows": 250000,
              "Actual Loops": 1
            }
          ]
        }
      ]
    },
    "Planning Time": 1.523,
    "Triggers": [
    ],
    "Execution Time": 901.467
  }
]
