[
  {
    "Plan": {
      "Node Type": "Hash Join",
      "Join Type": "Inner",
      "Startup Cost": 2969.64,
      "Total Cost": 947518.11,
      "Plan Rows": 11609,
      "Plan Width": 537,
      "Actual Startup Time": 42.624,
      "Actual Total Time": 9372.333,
      "Actual Rows": 12319,
      "Actual Loops": 1,
      "Hash Cond": "(store_sales.ss_hdemo_sk = household_demographics.hd_demo_sk)",
      "Plans": [
        {
          "Node Type": "Hash Join",
          "Parent Relationship": "Outer",
          "Join Type": "Inner",
          "Startup Cost": 2722.24,
          "Total Cost": 946869.83,
          "Plan Rows": 75943,
          "Plan Width": 505,
          "Actual Startup Time": 26.860,
          "Actual Total Time": 9353.325,
          "Actual Rows": 72773,
          "Actual Loops": 1,
          "Hash Cond": "(store_sales.ss_store_sk = store.s_store_sk)",
          "Plans": [
            {
              "Node Type": "Hash Join",
              "Parent Relationship": "Outer",
              "Join Type": "Inner",
              "Startup Cost": 2715.79,
              "Total Cost": 943928.81,
              "Plan Rows": 580038,
              "Plan Width": 218,
              "Actual Startup Time": 25.784,
              "Actual Total Time": 9245.790,
              "Actual Rows": 526324,
              "Actual Loops": 1,
              "Hash Cond": "(store_sales.ss_sold_time_sk = time_dim.t_time_sk)",
              "Plans": [
                {
                  "Node Type": "Seq Scan",
                  "Parent Relationship": "Outer",
                  "Relation Name": "store_sales",
                  "Alias": "store_sales",
                  "Startup Cost": 0.00,
                  "Total Cost": 827408.92,
                  "Plan Rows": 28800992,
                  "Plan Width": 115,
                  "Actual Startup Time": 0.037,
                  "Actual Total Time": 5294.150,
                  "Actual Rows": 26228373,
                  "Actual Loops": 1
                },
                {
                  "Node Type": "Hash",
                  "Parent Relationship": "Inner",
                  "Startup Cost": 2693.00,
                  "Total Cost": 2693.00,
                  "Plan Rows": 1823,
                  "Plan Width": 103,
                  "Actual Startup Time": 25.596,
                  "Actual Total Time": 25.596,
                  "Actual Rows": 1800,
                  "Actual Loops": 1,
                  "Hash Buckets": 2048,
                  "Original Hash Buckets": 2048,
                  "Hash Batches": 1,
                  "Original Hash Batches": 1,
                  "Peak Memory Usage": 259,
                  "Plans": [
                    {
                      "Node Type": "Seq Scan",
                      "Parent Relationship": "Outer",
                      "Relation Name": "time_dim",
                      "Alias": "time_dim",
                      "Startup Cost": 0.00,
                      "Total Cost": 2693.00,
                      "Plan Rows": 1823,
                      "Plan Width": 103,
                      "Actual Startup Time": 8.878,
                      "Actual Total Time": 25.013,
                      "Actual Rows": 1800,
                      "Actual Loops": 1,
                      "Filter": "((t_minute >= 30) AND (t_hour = 8))",
                      "Rows Removed by Filter": 84600
                    }
                  ]
                }
              ]
            },
            {
              "Node Type": "Hash",
              "Parent Relationship": "Inner",
              "Startup Cost": 6.28,
              "Total Cost": 6.28,
              "Plan Rows": 14,
              "Plan Width": 287,
              "Actual Startup Time": 0.084,
              "Actual Total Time": 0.084,
              "Actual Rows": 14,
              "Actual Loops": 1,
              "Hash Buckets": 1024,
              "Original Hash Buckets": 1024,
              "Hash Batches": 1,
              "Original Hash Batches": 1,
              "Peak Memory Usage": 13,
              "Plans": [
                {
                  "Node Type": "Seq Scan",
                  "Parent Relationship": "Outer",
                  "Relation Name": "store",
                  "Alias": "store",
                  "Startup Cost": 0.00,
                  "Total Cost": 6.28,
                  "Plan Rows": 14,
                  "Plan Width": 287,
                  "Actual Startup Time": 0.008,
                  "Actual Total Time": 0.075,
                  "Actual Rows": 14,
                  "Actual Loops": 1,
                  "Filter": "((s_store_name)::text = 'ese'::text)",
                  "Rows Removed by Filter": 88
                }
              ]
            }
          ]
        },
        {
          "Node Type": "Hash",
          "Parent Relationship": "Inner",
          "Startup Cost": 233.00,
          "Total Cost": 233.00,
          "Plan Rows": 1152,
          "Plan Width": 32,
          "Actual Startup Time": 2.317,
          "Actual Total Time": 2.317,
          "Actual Rows": 1200,
          "Actual Loops": 1,
          "Hash Buckets": 2048,
          "Original Hash Buckets": 2048,
          "Hash Batches": 1,
          "Original Hash Batches": 1,
          "Peak Memory Usage": 91,
          "Plans": [
            {
              "Node Type": "Seq Scan",
              "Parent Relationship": "Outer",
              "Relation Name": "household_demographics",
              "Alias": "household_demographics",
              "Startup Cost": 0.00,
              "Total Cost": 233.00,
              "Plan Rows": 1152,
              "Plan Width": 32,
              "Actual Startup Time": 0.015,
              "Actual Total Time": 2.068,
              "Actual Rows": 1200,
              "Actual Loops": 1,
              "Filter": "(((hd_dep_count = 4) AND (hd_vehicle_count <= 6)) OR ((hd_dep_count = '-1'::integer) AND (hd_vehicle_count <= 1)) OR ((hd_dep_count = 0) AND (hd_vehicle_count <= 2)))",
              "Rows Removed by Filter": 6000
            }
          ]
        }
      ]
    },
    "Planning Time": 1.357,
    "Triggers": [
    ],
    "Execution Time": 9373.558
  }
]
