[
  {
    "Plan": {
      "Node Type": "Hash Join",
      "Join Type": "Inner",
      "Startup Cost": 2969.26,
      "Total Cost": 947367.38,
      "Plan Rows": 11418,
      "Plan Width": 537,
      "Actual Startup Time": 17.631,
      "Actual Total Time": 6309.832,
      "Actual Rows": 35528,
      "Actual Loops": 1,
      "Hash Cond": "(store_sales.ss_hdemo_sk = household_demographics.hd_demo_sk)",
      "Plans": [
        {
          "Node Type": "Hash Join",
          "Parent Relationship": "Outer",
          "Join Type": "Inner",
          "Startup Cost": 2721.86,
          "Total Cost": 946725.70,
          "Plan Rows": 74693,
          "Plan Width": 505,
          "Actual Startup Time": 16.209,
          "Actual Total Time": 6280.152,
          "Actual Rows": 215212,
          "Actual Loops": 1,
          "Hash Cond": "(store_sales.ss_store_sk = store.s_store_sk)",
          "Plans": [
            {
              "Node Type": "Hash Join",
              "Parent Relationship": "Outer",
              "Join Type": "Inner",
              "Startup Cost": 2715.41,
              "Total Cost": 943832.97,
              "Plan Rows": 570492,
              "Plan Width": 218,
              "Actual Startup Time": 16.076,
              "Actual Total Time": 6098.222,
              "Actual Rows": 1568709,
              "Actual Loops": 1,
              "Hash Cond": "(store_sales.ss_sold_time_sk = time_dim.t_time_sk)",
              "Plans": [
                {
                  "Node Type": "Seq Scan",
                  "Parent Relationship": "Outer",
                  "Relation Name": "store_sales",
                  "Alias": "store_sales",
                  "Startup Cost": 0.00,
                  "Total Cost": 827408.92,
                  "Plan Rows": 28800992,
                  "Plan Width": 115,
                  "Actual Startup Time": 0.018,
                  "Actual Total Time": 3378.323,
                  "Actual Rows": 26228373,
                  "Actual Loops": 1
                },
                {
                  "Node Type": "Hash",
                  "Parent Relationship": "Inner",
                  "Startup Cost": 2693.00,
                  "Total Cost": 2693.00,
                  "Plan Rows": 1793,
                  "Plan Width": 103,
                  "Actual Startup Time": 15.997,
                  "Actual Total Time": 15.997,
                  "Actual Rows": 1800,
                  "Actual Loops": 1,
                  "Hash Buckets": 2048,
                  "Original Hash Buckets": 2048,
                  "Hash Batches": 1,
                  "Original Hash Batches": 1,
                  "Peak Memory Usage": 236,
                  "Plans": [
                    {
                      "Node Type": "Seq Scan",
                      "Parent Relationship": "Outer",
                      "Relation Name": "time_dim",
                      "Alias": "time_dim",
                      "Startup Cost": 0.00,
                      "Total Cost": 2693.00,
                      "Plan Rows": 1793,
                      "Plan Width": 103,
                      "Actual Startup Time": 6.601,
                      "Actual Total Time": 15.707,
                      "Actual Rows": 1800,
                      "Actual Loops": 1,
                      "Filter": "((t_minute < 30) AND (t_hour = 10))",
                      "Rows Removed by Filter": 84600
                    }
                  ]
                }
              ]
            },
            {
              "Node Type": "Hash",
              "Parent Relationship": "Inner",
              "Startup Cost": 6.28,
              "Total Cost": 6.28,
              "Plan Rows": 14,
              "Plan Width": 287,
              "Actual Startup Time": 0.053,
              "Actual Total Time": 0.053,
              "Actual Rows": 14,
              "Actual Loops": 1,
              "Hash Buckets": 1024,
              "Original Hash Buckets": 1024,
              "Hash Batches": 1,
              "Original Hash Batches": 1,
              "Peak Memory Usage": 13,
              "Plans": [
                {
                  "Node Type": "Seq Scan",
                  "Parent Relationship": "Outer",
                  "Relation Name": "store",
                  "Alias": "store",
                  "Startup Cost": 0.00,
                  "Total Cost": 6.28,
                  "Plan Rows": 14,
                  "Plan Width": 287,
                  "Actual Startup Time": 0.005,
                  "Actual Total Time": 0.046,
                  "Actual Rows": 14,
                  "Actual Loops": 1,
                  "Filter": "((s_store_name)::text = 'ese'::text)",
                  "Rows Removed by Filter": 88
                }
              ]
            }
          ]
        },
        {
          "Node Type": "Hash",
          "Parent Relationship": "Inner",
          "Startup Cost": 233.00,
          "Total Cost": 233.00,
          "Plan Rows": 1152,
          "Plan Width": 32,
          "Actual Startup Time": 1.391,
          "Actual Total Time": 1.391,
          "Actual Rows": 1200,
          "Actual Loops": 1,
          "Hash Buckets": 2048,
          "Original Hash Buckets": 2048,
          "Hash Batches": 1,
          "Original Hash Batches": 1,
          "Peak Memory Usage": 91,
          "Plans": [
            {
              "Node Type": "Seq Scan",
              "Parent Relationship": "Outer",
              "Relation Name": "household_demographics",
              "Alias": "household_demographics",
              "Startup Cost": 0.00,
              "Total Cost": 233.00,
              "Plan Rows": 1152,
              "Plan Width": 32,
              "Actual Startup Time": 0.010,
              "Actual Total Time": 1.232,
              "Actual Rows": 1200,
              "Actual Loops": 1,
              "Filter": "(((hd_dep_count = 4) AND (hd_vehicle_count <= 6)) OR ((hd_dep_count = '-1'::integer) AND (hd_vehicle_count <= 1)) OR ((hd_dep_count = 0) AND (hd_vehicle_count <= 2)))",
              "Rows Removed by Filter": 6000
            }
          ]
        }
      ]
    },
    "Planning Time": 1.508,
    "Triggers": [
    ],
    "Execution Time": 6311.425
  }
]
