[
  {
    "Plan": {
      "Node Type": "Hash Join",
      "Join Type": "Inner",
      "Startup Cost": 12351.38,
      "Total Cost": 72384.63,
      "Plan Rows": 227394,
      "Plan Width": 390,
      "Actual Startup Time": 124.255,
      "Actual Total Time": 710.201,
      "Actual Rows": 220738,
      "Actual Loops": 1,
      "Hash Cond": "(customer.c_current_addr_sk = customer_address.ca_address_sk)",
      "Plans": [
        {
          "Node Type": "Seq Scan",
          "Parent Relationship": "Outer",
          "Relation Name": "customer",
          "Alias": "customer",
          "Startup Cost": 0.00,
          "Total Cost": 19607.23,
          "Plan Rows": 509623,
          "Plan Width": 245,
          "Actual Startup Time": 0.558,
          "Actual Total Time": 93.679,
          "Actual Rows": 500000,
          "Actual Loops": 1
        },
        {
          "Node Type": "Hash",
          "Parent Relationship": "Inner",
          "Startup Cost": 8560.00,
          "Total Cost": 8560.00,
          "Plan Rows": 111550,
          "Plan Width": 145,
          "Actual Startup Time": 123.458,
          "Actual Total Time": 123.458,
          "Actual Rows": 110471,
          "Actual Loops": 1,
          "Hash Buckets": 32768,
          "Original Hash Buckets": 32768,
          "Hash Batches": 8,
          "Original Hash Batches": 8,
          "Peak Memory Usage": 2684,
          "Plans": [
            {
              "Node Type": "Seq Scan",
              "Parent Relationship": "Outer",
              "Relation Name": "customer_address",
              "Alias": "customer_address",
              "Startup Cost": 0.00,
              "Total Cost": 8560.00,
              "Plan Rows": 111550,
              "Plan Width": 145,
              "Actual Startup Time": 0.016,
              "Actual Total Time": 74.472,
              "Actual Rows": 110471,
              "Actual Loops": 1,
              "Filter": "(ca_gmt_offset = '-6'::numeric)",
              "Rows Removed by Filter": 139529
            }
          ]
        }
      ]
    },
    "Planning Time": 0.930,
    "Triggers": [
    ],
    "Execution Time": 717.890
  }
]
