[
  {
    "Plan": {
      "Node Type": "Hash Join",
      "Join Type": "Inner",
      "Startup Cost": 2839.21,
      "Total Cost": 940147.02,
      "Plan Rows": 42207,
      "Plan Width": 552,
      "Actual Startup Time": 30.084,
      "Actual Total Time": 7877.916,
      "Actual Rows": 1760139,
      "Actual Loops": 1,
      "Hash Cond": "(store_sales.ss_store_sk = store.s_store_sk)",
      "Plans": [
        {
          "Node Type": "Hash Join",
          "Parent Relationship": "Outer",
          "Join Type": "Inner",
          "Startup Cost": 2831.51,
          "Total Cost": 939537.19,
          "Plan Rows": 48013,
          "Plan Width": 265,
          "Actual Startup Time": 29.938,
          "Actual Total Time": 7064.706,
          "Actual Rows": 1910422,
          "Actual Loops": 1,
          "Hash Cond": "(store_sales.ss_hdemo_sk = household_demographics.hd_demo_sk)",
          "Plans": [
            {
              "Node Type": "Hash Join",
              "Parent Relationship": "Outer",
              "Join Type": "Inner",
              "Startup Cost": 2594.01,
              "Total Cost": 938597.86,
              "Plan Rows": 59121,
              "Plan Width": 233,
              "Actual Startup Time": 25.969,
              "Actual Total Time": 6429.877,
              "Actual Rows": 2246882,
              "Actual Loops": 1,
              "Hash Cond": "(store_sales.ss_sold_date_sk = date_dim.d_date_sk)",
              "Plans": [
                {
                  "Node Type": "Seq Scan",
                  "Parent Relationship": "Outer",
                  "Relation Name": "store_sales",
                  "Alias": "store_sales",
                  "Startup Cost": 0.00,
                  "Total Cost": 827408.92,
                  "Plan Rows": 28800992,
                  "Plan Width": 115,
                  "Actual Startup Time": 0.027,
                  "Actual Total Time": 3420.288,
                  "Actual Rows": 26228373,
                  "Actual Loops": 1
                },
                {
                  "Node Type": "Hash",
                  "Parent Relationship": "Inner",
                  "Startup Cost": 2592.05,
                  "Total Cost": 2592.05,
                  "Plan Rows": 157,
                  "Plan Width": 118,
                  "Actual Startup Time": 25.915,
                  "Actual Total Time": 25.915,
                  "Actual Rows": 157,
                  "Actual Loops": 1,
                  "Hash Buckets": 1024,
                  "Original Hash Buckets": 1024,
                  "Hash Batches": 1,
                  "Original Hash Batches": 1,
                  "Peak Memory Usage": 32,
                  "Plans": [
                    {
                      "Node Type": "Seq Scan",
                      "Parent Relationship": "Outer",
                      "Relation Name": "date_dim",
                      "Alias": "date_dim",
                      "Startup Cost": 0.00,
                      "Total Cost": 2592.05,
                      "Plan Rows": 157,
                      "Plan Width": 118,
                      "Actual Startup Time": 14.948,
                      "Actual Total Time": 25.836,
                      "Actual Rows": 157,
                      "Actual Loops": 1,
                      "Filter": "((d_dow = 1) AND (d_year = ANY ('{1999,2000,2001}'::integer[])))",
                      "Rows Removed by Filter": 72892
                    }
                  ]
                }
              ]
            },
            {
              "Node Type": "Hash",
              "Parent Relationship": "Inner",
              "Startup Cost": 161.00,
              "Total Cost": 161.00,
              "Plan Rows": 6120,
              "Plan Width": 32,
              "Actual Startup Time": 3.904,
              "Actual Total Time": 3.904,
              "Actual Rows": 6120,
              "Actual Loops": 1,
              "Hash Buckets": 8192,
              "Original Hash Buckets": 8192,
              "Hash Batches": 1,
              "Original Hash Batches": 1,
              "Peak Memory Usage": 447,
              "Plans": [
                {
                  "Node Type": "Seq Scan",
                  "Parent Relationship": "Outer",
                  "Relation Name": "household_demographics",
                  "Alias": "household_demographics",
                  "Startup Cost": 0.00,
                  "Total Cost": 161.00,
                  "Plan Rows": 6120,
                  "Plan Width": 32,
                  "Actual Startup Time": 0.011,
                  "Actual Total Time": 2.477,
                  "Actual Rows": 6120,
                  "Actual Loops": 1,
                  "Filter": "((hd_dep_count = 1) OR (hd_vehicle_count > '-1'::integer))",
                  "Rows Removed by Filter": 1080
                }
              ]
            }
          ]
        },
        {
          "Node Type": "Hash",
          "Parent Relationship": "Inner",
          "Startup Cost": 6.53,
          "Total Cost": 6.53,
          "Plan Rows": 94,
          "Plan Width": 287,
          "Actual Startup Time": 0.110,
          "Actual Total Time": 0.110,
          "Actual Rows": 94,
          "Actual Loops": 1,
          "Hash Buckets": 1024,
          "Original Hash Buckets": 1024,
          "Hash Batches": 1,
          "Original Hash Batches": 1,
          "Peak Memory Usage": 39,
          "Plans": [
            {
              "Node Type": "Seq Scan",
              "Parent Relationship": "Outer",
              "Relation Name": "store",
              "Alias": "store",
              "Startup Cost": 0.00,
              "Total Cost": 6.53,
              "Plan Rows": 94,
              "Plan Width": 287,
              "Actual Startup Time": 0.009,
              "Actual Total Time": 0.080,
              "Actual Rows": 94,
              "Actual Loops": 1,
              "Filter": "((s_number_employees >= 200) AND (s_number_employees <= 295))",
              "Rows Removed by Filter": 8
            }
          ]
        }
      ]
    },
    "Planning Time": 1.918,
    "Triggers": [
    ],
    "Execution Time": 7942.810
  }
]
