[
  {
    "Plan": {
      "Node Type": "Hash Join",
      "Join Type": "Inner",
      "Startup Cost": 635918.00,
      "Total Cost": 644328.53,
      "Plan Rows": 1003,
      "Plan Width": 1015,
      "Actual Startup Time": 5260.924,
      "Actual Total Time": 5551.599,
      "Actual Rows": 39831,
      "Actual Loops": 1,
      "Hash Cond": "(item.i_item_sk = catalog_sales.cs_item_sk)",
      "Plans": [
        {
          "Node Type": "Seq Scan",
          "Parent Relationship": "Outer",
          "Relation Name": "item",
          "Alias": "item",
          "Startup Cost": 0.00,
          "Total Cost": 8018.00,
          "Plan Rows": 102000,
          "Plan Width": 504,
          "Actual Startup Time": 0.011,
          "Actual Total Time": 45.984,
          "Actual Rows": 102000,
          "Actual Loops": 1
        },
        {
          "Node Type": "Hash",
          "Parent Relationship": "Inner",
          "Startup Cost": 635905.47,
          "Total Cost": 635905.47,
          "Plan Rows": 1003,
          "Plan Width": 511,
          "Actual Startup Time": 5260.570,
          "Actual Total Time": 5260.570,
          "Actual Rows": 39831,
          "Actual Loops": 1,
          "Hash Buckets": 8192,
          "Original Hash Buckets": 1024,
          "Hash Batches": 8,
          "Original Hash Batches": 1,
          "Peak Memory Usage": 4033,
          "Plans": [
            {
              "Node Type": "Hash Join",
              "Parent Relationship": "Outer",
              "Join Type": "Inner",
              "Startup Cost": 58131.43,
              "Total Cost": 635905.47,
              "Plan Rows": 1003,
              "Plan Width": 511,
              "Actual Startup Time": 2206.788,
              "Actual Total Time": 5170.106,
              "Actual Rows": 39831,
              "Actual Loops": 1,
              "Hash Cond": "(catalog_sales.cs_promo_sk = promotion.p_promo_sk)",
              "Plans": [
                {
                  "Node Type": "Hash Join",
                  "Parent Relationship": "Outer",
                  "Join Type": "Inner",
                  "Startup Cost": 58104.68,
                  "Total Cost": 635864.91,
                  "Plan Rows": 1008,
                  "Plan Width": 344,
                  "Actual Startup Time": 2206.505,
                  "Actual Total Time": 5147.863,
                  "Actual Rows": 40002,
                  "Actual Loops": 1,
                  "Hash Cond": "(catalog_sales.cs_bill_cdemo_sk = customer_demographics.cd_demo_sk)",
                  "Plans": [
                    {
                      "Node Type": "Hash Join",
                      "Parent Relationship": "Outer",
                      "Join Type": "Inner",
                      "Startup Cost": 2322.68,
                      "Total Cost": 579804.51,
                      "Plan Rows": 71550,
                      "Plan Width": 288,
                      "Actual Startup Time": 1879.888,
                      "Actual Total Time": 4590.344,
                      "Actual Rows": 2838548,
                      "Actual Loops": 1,
                      "Hash Cond": "(catalog_sales.cs_sold_date_sk = date_dim.d_date_sk)",
                      "Plans": [
                        {
                          "Node Type": "Seq Scan",
                          "Parent Relationship": "Outer",
                          "Relation Name": "catalog_sales",
                          "Alias": "catalog_sales",
                          "Startup Cost": 0.00,
                          "Total Cost": 522761.61,
                          "Plan Rows": 14401261,
                          "Plan Width": 170,
                          "Actual Startup Time": 0.032,
                          "Actual Total Time": 2117.554,
                          "Actual Rows": 14258808,
                          "Actual Loops": 1
                        },
                        {
                          "Node Type": "Hash",
                          "Parent Relationship": "Inner",
                          "Startup Cost": 2318.11,
                          "Total Cost": 2318.11,
                          "Plan Rows": 365,
                          "Plan Width": 118,
                          "Actual Startup Time": 14.264,
                          "Actual Total Time": 14.264,
                          "Actual Rows": 365,
                          "Actual Loops": 1,
                          "Hash Buckets": 1024,
                          "Original Hash Buckets": 1024,
                          "Hash Batches": 1,
                          "Original Hash Batches": 1,
                          "Peak Memory Usage": 63,
                          "Plans": [
                            {
                              "Node Type": "Seq Scan",
                              "Parent Relationship": "Outer",
                              "Relation Name": "date_dim",
                              "Alias": "date_dim",
                              "Startup Cost": 0.00,
                              "Total Cost": 2318.11,
                              "Plan Rows": 365,
                              "Plan Width": 118,
                              "Actual Startup Time": 7.419,
                              "Actual Total Time": 14.203,
                              "Actual Rows": 365,
                              "Actual Loops": 1,
                              "Filter": "(d_year = 2001)",
                              "Rows Removed by Filter": 72684
                            }
                          ]
                        }
                      ]
                    },
                    {
                      "Node Type": "Hash",
                      "Parent Relationship": "Inner",
                      "Startup Cost": 55442.00,
                      "Total Cost": 55442.00,
                      "Plan Rows": 27200,
                      "Plan Width": 56,
                      "Actual Startup Time": 301.390,
                      "Actual Total Time": 301.390,
                      "Actual Rows": 27440,
                      "Actual Loops": 1,
                      "Hash Buckets": 32768,
                      "Original Hash Buckets": 32768,
                      "Hash Batches": 1,
                      "Original Hash Batches": 1,
                      "Peak Memory Usage": 2722,
                      "Plans": [
                        {
                          "Node Type": "Seq Scan",
                          "Parent Relationship": "Outer",
                          "Relation Name": "customer_demographics",
                          "Alias": "customer_demographics",
                          "Startup Cost": 0.00,
                          "Total Cost": 55442.00,
                          "Plan Rows": 27200,
                          "Plan Width": 56,
                          "Actual Startup Time": 0.013,
                          "Actual Total Time": 292.067,
                          "Actual Rows": 27440,
                          "Actual Loops": 1,
                          "Filter": "((cd_gender = 'M'::bpchar) AND (cd_marital_status = 'D'::bpchar) AND (cd_education_status = 'College'::bpchar))",
                          "Rows Removed by Filter": 1893360
                        }
                      ]
                    }
                  ]
                },
                {
                  "Node Type": "Hash",
                  "Parent Relationship": "Inner",
                  "Startup Cost": 20.50,
                  "Total Cost": 20.50,
                  "Plan Rows": 500,
                  "Plan Width": 167,
                  "Actual Startup Time": 0.272,
                  "Actual Total Time": 0.272,
                  "Actual Rows": 498,
                  "Actual Loops": 1,
                  "Hash Buckets": 1024,
                  "Original Hash Buckets": 1024,
                  "Hash Batches": 1,
                  "Original Hash Batches": 1,
                  "Peak Memory Usage": 108,
                  "Plans": [
                    {
                      "Node Type": "Seq Scan",
                      "Parent Relationship": "Outer",
                      "Relation Name": "promotion",
                      "Alias": "promotion",
                      "Startup Cost": 0.00,
                      "Total Cost": 20.50,
                      "Plan Rows": 500,
                      "Plan Width": 167,
                      "Actual Startup Time": 0.009,
                      "Actual Total Time": 0.172,
                      "Actual Rows": 498,
                      "Actual Loops": 1,
                      "Filter": "((p_channel_email = 'N'::bpchar) OR (p_channel_event = 'N'::bpchar))",
                      "Rows Removed by Filter": 2
                    }
                  ]
                }
              ]
            }
          ]
        }
      ]
    },
    "Planning Time": 1.968,
    "Triggers": [
    ],
    "Execution Time": 5553.448
  }
]
