[
  {
    "Plan": {
      "Node Type": "Hash Join",
      "Join Type": "Inner",
      "Startup Cost": 300923.42,
      "Total Cost": 309334.94,
      "Plan Rows": 1102,
      "Plan Width": 937,
      "Actual Startup Time": 2247.851,
      "Actual Total Time": 2482.190,
      "Actual Rows": 23832,
      "Actual Loops": 1,
      "Hash Cond": "(item.i_item_sk = web_sales.ws_item_sk)",
      "Plans": [
        {
          "Node Type": "Seq Scan",
          "Parent Relationship": "Outer",
          "Relation Name": "item",
          "Alias": "item",
          "Startup Cost": 0.00,
          "Total Cost": 8018.00,
          "Plan Rows": 102000,
          "Plan Width": 504,
          "Actual Startup Time": 0.016,
          "Actual Total Time": 42.958,
          "Actual Rows": 102000,
          "Actual Loops": 1
        },
        {
          "Node Type": "Hash",
          "Parent Relationship": "Inner",
          "Startup Cost": 300909.65,
          "Total Cost": 300909.65,
          "Plan Rows": 1102,
          "Plan Width": 433,
          "Actual Startup Time": 2247.676,
          "Actual Total Time": 2247.676,
          "Actual Rows": 23832,
          "Actual Loops": 1,
          "Hash Buckets": 16384,
          "Original Hash Buckets": 2048,
          "Hash Batches": 4,
          "Original Hash Batches": 1,
          "Peak Memory Usage": 3969,
          "Plans": [
            {
              "Node Type": "Hash Join",
              "Parent Relationship": "Outer",
              "Join Type": "Inner",
              "Startup Cost": 290985.37,
              "Total Cost": 300909.65,
              "Plan Rows": 1102,
              "Plan Width": 433,
              "Actual Startup Time": 1940.947,
              "Actual Total Time": 2206.016,
              "Actual Rows": 23832,
              "Actual Loops": 1,
              "Hash Cond": "(customer_address.ca_address_sk = web_sales.ws_bill_addr_sk)",
              "Plans": [
                {
                  "Node Type": "Seq Scan",
                  "Parent Relationship": "Outer",
                  "Relation Name": "customer_address",
                  "Alias": "customer_address",
                  "Startup Cost": 0.00,
                  "Total Cost": 8560.00,
                  "Plan Rows": 90217,
                  "Plan Width": 145,
                  "Actual Startup Time": 0.018,
                  "Actual Total Time": 147.367,
                  "Actual Rows": 90666,
                  "Actual Loops": 1,
                  "Filter": "(ca_gmt_offset = '-5'::numeric)",
                  "Rows Removed by Filter": 159334
                },
                {
                  "Node Type": "Hash",
                  "Parent Relationship": "Inner",
                  "Startup Cost": 290947.20,
                  "Total Cost": 290947.20,
                  "Plan Rows": 3054,
                  "Plan Width": 288,
                  "Actual Startup Time": 1938.102,
                  "Actual Total Time": 1938.102,
                  "Actual Rows": 67398,
                  "Actual Loops": 1,
                  "Hash Buckets": 16384,
                  "Original Hash Buckets": 4096,
                  "Hash Batches": 8,
                  "Original Hash Batches": 1,
                  "Peak Memory Usage": 3969,
                  "Plans": [
                    {
                      "Node Type": "Hash Join",
                      "Parent Relationship": "Outer",
                      "Join Type": "Inner",
                      "Startup Cost": 2501.12,
                      "Total Cost": 290947.20,
                      "Plan Rows": 3054,
                      "Plan Width": 288,
                      "Actual Startup Time": 15.328,
                      "Actual Total Time": 1832.962,
                      "Actual Rows": 67402,
                      "Actual Loops": 1,
                      "Hash Cond": "(web_sales.ws_sold_date_sk = date_dim.d_date_sk)",
                      "Plans": [
                        {
                          "Node Type": "Seq Scan",
                          "Parent Relationship": "Outer",
                          "Relation Name": "web_sales",
                          "Alias": "web_sales",
                          "Startup Cost": 0.00,
                          "Total Cost": 261424.66,
                          "Plan Rows": 7197566,
                          "Plan Width": 170,
                          "Actual Startup Time": 0.029,
                          "Actual Total Time": 1224.839,
                          "Actual Rows": 7194440,
                          "Actual Loops": 1
                        },
                        {
                          "Node Type": "Hash",
                          "Parent Relationship": "Inner",
                          "Startup Cost": 2500.73,
                          "Total Cost": 2500.73,
                          "Plan Rows": 31,
                          "Plan Width": 118,
                          "Actual Startup Time": 14.972,
                          "Actual Total Time": 14.972,
                          "Actual Rows": 31,
                          "Actual Loops": 1,
                          "Hash Buckets": 1024,
                          "Original Hash Buckets": 1024,
                          "Hash Batches": 1,
                          "Original Hash Batches": 1,
                          "Peak Memory Usage": 13,
                          "Plans": [
                            {
                              "Node Type": "Seq Scan",
                              "Parent Relationship": "Outer",
                              "Relation Name": "date_dim",
                              "Alias": "date_dim",
                              "Startup Cost": 0.00,
                              "Total Cost": 2500.73,
                              "Plan Rows": 31,
                              "Plan Width": 118,
                              "Actual Startup Time": 6.839,
                              "Actual Total Time": 14.959,
                              "Actual Rows": 31,
                              "Actual Loops": 1,
                              "Filter": "((d_year = 1998) AND (d_moy = 1))",
                              "Rows Removed by Filter": 73018
                            }
                          ]
                        }
                      ]
                    }
                  ]
                }
              ]
            }
          ]
        }
      ]
    },
    "Planning Time": 3.371,
    "Triggers": [
    ],
    "Execution Time": 2483.504
  }
]
