[
  {
    "Plan": {
      "Node Type": "Hash Join",
      "Join Type": "Inner",
      "Startup Cost": 2501.12,
      "Total Cost": 290947.20,
      "Plan Rows": 3054,
      "Plan Width": 288,
      "Actual Startup Time": 22.121,
      "Actual Total Time": 2177.873,
      "Actual Rows": 163836,
      "Actual Loops": 1,
      "Hash Cond": "(web_sales.ws_sold_date_sk = date_dim.d_date_sk)",
      "Plans": [
        {
          "Node Type": "Seq Scan",
          "Parent Relationship": "Outer",
          "Relation Name": "web_sales",
          "Alias": "web_sales",
          "Startup Cost": 0.00,
          "Total Cost": 261424.66,
          "Plan Rows": 7197566,
          "Plan Width": 170,
          "Actual Startup Time": 0.350,
          "Actual Total Time": 1485.488,
          "Actual Rows": 7194440,
          "Actual Loops": 1
        },
        {
          "Node Type": "Hash",
          "Parent Relationship": "Inner",
          "Startup Cost": 2500.73,
          "Total Cost": 2500.73,
          "Plan Rows": 31,
          "Plan Width": 118,
          "Actual Startup Time": 13.995,
          "Actual Total Time": 13.995,
          "Actual Rows": 32,
          "Actual Loops": 1,
          "Hash Buckets": 1024,
          "Original Hash Buckets": 1024,
          "Hash Batches": 1,
          "Original Hash Batches": 1,
          "Peak Memory Usage": 13,
          "Plans": [
            {
              "Node Type": "Seq Scan",
              "Parent Relationship": "Outer",
              "Relation Name": "date_dim",
              "Alias": "date_dim",
              "Startup Cost": 0.00,
              "Total Cost": 2500.73,
              "Plan Rows": 31,
              "Plan Width": 118,
              "Actual Startup Time": 6.980,
              "Actual Total Time": 13.978,
              "Actual Rows": 32,
              "Actual Loops": 1,
              "Filter": "((d_date >= '1998-08-14'::date) AND (d_date <= '1998-09-14'::date))",
              "Rows Removed by Filter": 73017
            }
          ]
        }
      ]
    },
    "Planning Time": 0.949,
    "Triggers": [
    ],
    "Execution Time": 2184.313
  }
]
