[
  {
    "Plan": {
      "Node Type": "Hash Join",
      "Join Type": "Inner",
      "Startup Cost": 2504.67,
      "Total Cost": 939103.50,
      "Plan Rows": 118619,
      "Plan Width": 233,
      "Actual Startup Time": 17.940,
      "Actual Total Time": 8165.671,
      "Actual Rows": 5245451,
      "Actual Loops": 1,
      "Hash Cond": "(store_sales.ss_sold_date_sk = date_dim.d_date_sk)",
      "Plans": [
        {
          "Node Type": "Seq Scan",
          "Parent Relationship": "Outer",
          "Relation Name": "store_sales",
          "Alias": "store_sales",
          "Startup Cost": 0.00,
          "Total Cost": 827408.92,
          "Plan Rows": 28800992,
          "Plan Width": 115,
          "Actual Startup Time": 0.024,
          "Actual Total Time": 3629.669,
          "Actual Rows": 26228373,
          "Actual Loops": 1
        },
        {
          "Node Type": "Hash",
          "Parent Relationship": "Inner",
          "Startup Cost": 2500.73,
          "Total Cost": 2500.73,
          "Plan Rows": 315,
          "Plan Width": 118,
          "Actual Startup Time": 17.862,
          "Actual Total Time": 17.862,
          "Actual Rows": 365,
          "Actual Loops": 1,
          "Hash Buckets": 1024,
          "Original Hash Buckets": 1024,
          "Hash Batches": 1,
          "Original Hash Batches": 1,
          "Peak Memory Usage": 63,
          "Plans": [
            {
              "Node Type": "Seq Scan",
              "Parent Relationship": "Outer",
              "Relation Name": "date_dim",
              "Alias": "date_dim",
              "Startup Cost": 0.00,
              "Total Cost": 2500.73,
              "Plan Rows": 315,
              "Plan Width": 118,
              "Actual Startup Time": 6.645,
              "Actual Total Time": 17.805,
              "Actual Rows": 365,
              "Actual Loops": 1,
              "Filter": "((d_month_seq >= 1223) AND (d_month_seq <= 1234))",
              "Rows Removed by Filter": 72684
            }
          ]
        }
      ]
    },
    "Planning Time": 1.009,
    "Triggers": [
    ],
    "Execution Time": 8344.829
  }
]
