[
  {
    "Plan": {
      "Node Type": "Hash Join",
      "Join Type": "Inner",
      "Startup Cost": 18921.94,
      "Total Cost": 610627.25,
      "Plan Rows": 83704,
      "Plan Width": 792,
      "Actual Startup Time": 825.067,
      "Actual Total Time": 12764.633,
      "Actual Rows": 3459851,
      "Actual Loops": 1,
      "Hash Cond": "(catalog_sales.cs_item_sk = item.i_item_sk)",
      "Plans": [
        {
          "Node Type": "Hash Join",
          "Parent Relationship": "Outer",
          "Join Type": "Inner",
          "Startup Cost": 3053.94,
          "Total Cost": 580657.32,
          "Plan Rows": 83704,
          "Plan Width": 288,
          "Actual Startup Time": 648.024,
          "Actual Total Time": 5275.921,
          "Actual Rows": 3459851,
          "Actual Loops": 1,
          "Hash Cond": "(catalog_sales.cs_sold_date_sk = date_dim.d_date_sk)",
          "Plans": [
            {
              "Node Type": "Seq Scan",
              "Parent Relationship": "Outer",
              "Relation Name": "catalog_sales",
              "Alias": "catalog_sales",
              "Startup Cost": 0.00,
              "Total Cost": 522761.61,
              "Plan Rows": 14401261,
              "Plan Width": 170,
              "Actual Startup Time": 0.465,
              "Actual Total Time": 2345.891,
              "Actual Rows": 14258808,
              "Actual Loops": 1
            },
            {
              "Node Type": "Hash",
              "Parent Relationship": "Inner",
              "Startup Cost": 3048.60,
              "Total Cost": 3048.60,
              "Plan Rows": 427,
              "Plan Width": 118,
              "Actual Startup Time": 17.614,
              "Actual Total Time": 17.614,
              "Actual Rows": 427,
              "Actual Loops": 1,
              "Hash Buckets": 1024,
              "Original Hash Buckets": 1024,
              "Hash Batches": 1,
              "Original Hash Batches": 1,
              "Peak Memory Usage": 73,
              "Plans": [
                {
                  "Node Type": "Seq Scan",
                  "Parent Relationship": "Outer",
                  "Relation Name": "date_dim",
                  "Alias": "date_dim",
                  "Startup Cost": 0.00,
                  "Total Cost": 3048.60,
                  "Plan Rows": 427,
                  "Plan Width": 118,
                  "Actual Startup Time": 8.329,
                  "Actual Total Time": 17.540,
                  "Actual Rows": 427,
                  "Actual Loops": 1,
                  "Filter": "((d_year = 1999) OR ((d_year = 1998) AND (d_moy = 12)) OR ((d_year = 2000) AND (d_moy = 1)))",
                  "Rows Removed by Filter": 72622
                }
              ]
            }
          ]
        },
        {
          "Node Type": "Hash",
          "Parent Relationship": "Inner",
          "Startup Cost": 8018.00,
          "Total Cost": 8018.00,
          "Plan Rows": 102000,
          "Plan Width": 504,
          "Actual Startup Time": 175.659,
          "Actual Total Time": 175.659,
          "Actual Rows": 102000,
          "Actual Loops": 1,
          "Hash Buckets": 8192,
          "Original Hash Buckets": 8192,
          "Hash Batches": 16,
          "Original Hash Batches": 16,
          "Peak Memory Usage": 3547,
          "Plans": [
            {
              "Node Type": "Seq Scan",
              "Parent Relationship": "Outer",
              "Relation Name": "item",
              "Alias": "item",
              "Startup Cost": 0.00,
              "Total Cost": 8018.00,
              "Plan Rows": 102000,
              "Plan Width": 504,
              "Actual Startup Time": 0.009,
              "Actual Total Time": 45.122,
              "Actual Rows": 102000,
              "Actual Loops": 1
            }
          ]
        }
      ]
    },
    "Planning Time": 1.368,
    "Triggers": [
    ],
    "Execution Time": 12886.003
  }
]
