[
  {
    "Plan": {
      "Node Type": "Hash Join",
      "Join Type": "Inner",
      "Startup Cost": 2509.86,
      "Total Cost": 291644.45,
      "Plan Rows": 71906,
      "Plan Width": 288,
      "Actual Startup Time": 14.976,
      "Actual Total Time": 4127.399,
      "Actual Rows": 4317529,
      "Actual Loops": 1,
      "Hash Cond": "(web_sales.ws_sold_date_sk = date_dim.d_date_sk)",
      "Plans": [
        {
          "Node Type": "Seq Scan",
          "Parent Relationship": "Outer",
          "Relation Name": "web_sales",
          "Alias": "web_sales",
          "Startup Cost": 0.00,
          "Total Cost": 261424.66,
          "Plan Rows": 7197566,
          "Plan Width": 170,
          "Actual Startup Time": 0.025,
          "Actual Total Time": 1327.856,
          "Actual Rows": 7194440,
          "Actual Loops": 1
        },
        {
          "Node Type": "Hash",
          "Parent Relationship": "Inner",
          "Startup Cost": 2500.73,
          "Total Cost": 2500.73,
          "Plan Rows": 730,
          "Plan Width": 118,
          "Actual Startup Time": 14.914,
          "Actual Total Time": 14.914,
          "Actual Rows": 1096,
          "Actual Loops": 1,
          "Hash Buckets": 2048,
          "Original Hash Buckets": 1024,
          "Hash Batches": 1,
          "Original Hash Batches": 1,
          "Peak Memory Usage": 181,
          "Plans": [
            {
              "Node Type": "Seq Scan",
              "Parent Relationship": "Outer",
              "Relation Name": "date_dim",
              "Alias": "date_dim",
              "Startup Cost": 0.00,
              "Total Cost": 2500.73,
              "Plan Rows": 730,
              "Plan Width": 118,
              "Actual Startup Time": 6.834,
              "Actual Total Time": 14.611,
              "Actual Rows": 1096,
              "Actual Loops": 1,
              "Filter": "((d_year >= 2000) AND (d_year <= 2002))",
              "Rows Removed by Filter": 71953
            }
          ]
        }
      ]
    },
    "Planning Time": 0.914,
    "Triggers": [
    ],
    "Execution Time": 4278.991
  }
]
