[
  {
    "Plan": {
      "Node Type": "Hash Join",
      "Join Type": "Inner",
      "Startup Cost": 290985.37,
      "Total Cost": 299416.41,
      "Plan Rows": 3054,
      "Plan Width": 792,
      "Actual Startup Time": 3259.211,
      "Actual Total Time": 3841.204,
      "Actual Rows": 234244,
      "Actual Loops": 1,
      "Hash Cond": "(item.i_item_sk = web_sales.ws_item_sk)",
      "Plans": [
        {
          "Node Type": "Seq Scan",
          "Parent Relationship": "Outer",
          "Relation Name": "item",
          "Alias": "item",
          "Startup Cost": 0.00,
          "Total Cost": 8018.00,
          "Plan Rows": 102000,
          "Plan Width": 504,
          "Actual Startup Time": 0.021,
          "Actual Total Time": 47.235,
          "Actual Rows": 102000,
          "Actual Loops": 1
        },
        {
          "Node Type": "Hash",
          "Parent Relationship": "Inner",
          "Startup Cost": 290947.20,
          "Total Cost": 290947.20,
          "Plan Rows": 3054,
          "Plan Width": 288,
          "Actual Startup Time": 3257.235,
          "Actual Total Time": 3257.235,
          "Actual Rows": 234244,
          "Actual Loops": 1,
          "Hash Buckets": 16384,
          "Original Hash Buckets": 4096,
          "Hash Batches": 32,
          "Original Hash Batches": 1,
          "Peak Memory Usage": 3969,
          "Plans": [
            {
              "Node Type": "Hash Join",
              "Parent Relationship": "Outer",
              "Join Type": "Inner",
              "Startup Cost": 2501.12,
              "Total Cost": 290947.20,
              "Plan Rows": 3054,
              "Plan Width": 288,
              "Actual Startup Time": 18.084,
              "Actual Total Time": 2814.440,
              "Actual Rows": 234244,
              "Actual Loops": 1,
              "Hash Cond": "(web_sales.ws_sold_date_sk = date_dim.d_date_sk)",
              "Plans": [
                {
                  "Node Type": "Seq Scan",
                  "Parent Relationship": "Outer",
                  "Relation Name": "web_sales",
                  "Alias": "web_sales",
                  "Startup Cost": 0.00,
                  "Total Cost": 261424.66,
                  "Plan Rows": 7197566,
                  "Plan Width": 170,
                  "Actual Startup Time": 0.956,
                  "Actual Total Time": 1865.927,
                  "Actual Rows": 7194440,
                  "Actual Loops": 1
                },
                {
                  "Node Type": "Hash",
                  "Parent Relationship": "Inner",
                  "Startup Cost": 2500.73,
                  "Total Cost": 2500.73,
                  "Plan Rows": 31,
                  "Plan Width": 118,
                  "Actual Startup Time": 16.586,
                  "Actual Total Time": 16.586,
                  "Actual Rows": 30,
                  "Actual Loops": 1,
                  "Hash Buckets": 1024,
                  "Original Hash Buckets": 1024,
                  "Hash Batches": 1,
                  "Original Hash Batches": 1,
                  "Peak Memory Usage": 13,
                  "Plans": [
                    {
                      "Node Type": "Seq Scan",
                      "Parent Relationship": "Outer",
                      "Relation Name": "date_dim",
                      "Alias": "date_dim",
                      "Startup Cost": 0.00,
                      "Total Cost": 2500.73,
                      "Plan Rows": 31,
                      "Plan Width": 118,
                      "Actual Startup Time": 9.812,
                      "Actual Total Time": 16.573,
                      "Actual Rows": 30,
                      "Actual Loops": 1,
                      "Filter": "((d_year = 2002) AND (d_moy = 11))",
                      "Rows Removed by Filter": 73019
                    }
                  ]
                }
              ]
            }
          ]
        }
      ]
    },
    "Planning Time": 3.838,
    "Triggers": [
    ],
    "Execution Time": 3849.816
  }
]
