[
  {
    "Plan": {
      "Node Type": "Unique",
      "Parallel Aware": false,
      "Startup Cost": 10000091656.68,
      "Total Cost": 10000091710.89,
      "Plan Rows": 10842,
      "Plan Width": 32,
      "Actual Startup Time": 6868.228,
      "Actual Total Time": 10127.032,
      "Actual Rows": 106474,
      "Actual Loops": 1,
      "Plans": [
        {
          "Node Type": "Sort",
          "Parent Relationship": "Outer",
          "Parallel Aware": false,
          "Startup Cost": 10000091656.68,
          "Total Cost": 10000091683.79,
          "Plan Rows": 10842,
          "Plan Width": 32,
          "Actual Startup Time": 6868.227,
          "Actual Total Time": 9752.084,
          "Actual Rows": 495555,
          "Actual Loops": 1,
          "Sort Key": ["(ROW(item.i_category, item.i_class, item.i_brand, item.i_product_name, date_dim.d_year, date_dim.d_qoy, date_dim.d_moy))"],
          "Sort Method": "external merge",
          "Sort Space Used": 120944,
          "Sort Space Type": "Disk",
          "Plans": [
            {
              "Node Type": "Hash Join",
              "Parent Relationship": "Outer",
              "Parallel Aware": false,
              "Join Type": "Inner",
              "Startup Cost": 89270.61,
              "Total Cost": 90930.03,
              "Plan Rows": 10842,
              "Plan Width": 32,
              "Actual Startup Time": 797.776,
              "Actual Total Time": 1108.506,
              "Actual Rows": 495555,
              "Actual Loops": 1,
              "Hash Cond": "(item.i_item_sk = store_sales.ss_item_sk)",
              "Plans": [
                {
                  "Node Type": "Seq Scan",
                  "Parent Relationship": "Outer",
                  "Parallel Aware": false,
                  "Relation Name": "item",
                  "Alias": "item",
                  "Startup Cost": 0.00,
                  "Total Cost": 1416.00,
                  "Plan Rows": 18000,
                  "Plan Width": 208,
                  "Actual Startup Time": 0.005,
                  "Actual Total Time": 2.887,
                  "Actual Rows": 18000,
                  "Actual Loops": 1
                },
                {
                  "Node Type": "Hash",
                  "Parent Relationship": "Inner",
                  "Parallel Aware": false,
                  "Startup Cost": 89135.09,
                  "Total Cost": 89135.09,
                  "Plan Rows": 10842,
                  "Plan Width": 16,
                  "Actual Startup Time": 797.674,
                  "Actual Total Time": 797.674,
                  "Actual Rows": 495555,
                  "Actual Loops": 1,
                  "Hash Buckets": 131072,
                  "Original Hash Buckets": 16384,
                  "Hash Batches": 8,
                  "Original Hash Batches": 1,
                  "Peak Memory Usage": 3840,
                  "Plans": [
                    {
                      "Node Type": "Hash Join",
                      "Parent Relationship": "Outer",
                      "Parallel Aware": false,
                      "Join Type": "Inner",
                      "Startup Cost": 2504.51,
                      "Total Cost": 89135.09,
                      "Plan Rows": 10842,
                      "Plan Width": 16,
                      "Actual Startup Time": 10.804,
                      "Actual Total Time": 677.368,
                      "Actual Rows": 495555,
                      "Actual Loops": 1,
                      "Hash Cond": "(store_sales.ss_sold_date_sk = date_dim.d_date_sk)",
                      "Plans": [
                        {
                          "Node Type": "Seq Scan",
                          "Parent Relationship": "Outer",
                          "Parallel Aware": false,
                          "Relation Name": "store_sales",
                          "Alias": "store_sales",
                          "Startup Cost": 0.00,
                          "Total Cost": 76687.57,
                          "Plan Rows": 2622557,
                          "Plan Width": 8,
                          "Actual Startup Time": 0.011,
                          "Actual Total Time": 336.747,
                          "Actual Rows": 2485280,
                          "Actual Loops": 1
                        },
                        {
                          "Node Type": "Hash",
                          "Parent Relationship": "Inner",
                          "Parallel Aware": false,
                          "Startup Cost": 2500.73,
                          "Total Cost": 2500.73,
                          "Plan Rows": 302,
                          "Plan Width": 16,
                          "Actual Startup Time": 10.778,
                          "Actual Total Time": 10.778,
                          "Actual Rows": 365,
                          "Actual Loops": 1,
                          "Hash Buckets": 1024,
                          "Original Hash Buckets": 1024,
                          "Hash Batches": 1,
                          "Original Hash Batches": 1,
                          "Peak Memory Usage": 26,
                          "Plans": [
                            {
                              "Node Type": "Seq Scan",
                              "Parent Relationship": "Outer",
                              "Parallel Aware": false,
                              "Relation Name": "date_dim",
                              "Alias": "date_dim",
                              "Startup Cost": 0.00,
                              "Total Cost": 2500.73,
                              "Plan Rows": 302,
                              "Plan Width": 16,
                              "Actual Startup Time": 4.345,
                              "Actual Total Time": 10.718,
                              "Actual Rows": 365,
                              "Actual Loops": 1,
                              "Filter": "((d_month_seq >= 1214) AND (d_month_seq <= 1225))",
                              "Rows Removed by Filter": 72684
                            }
                          ]
                        }
                      ]
                    }
                  ]
                }
              ]
            }
          ]
        }
      ]
    },
    "Planning Time": 0.240,
    "Triggers": [
    ],
    "Execution Time": 10148.887
  }
]
