[
  {
    "Plan": {
      "Node Type": "Unique",
      "Parallel Aware": false,
      "Startup Cost": 10000092636.05,
      "Total Cost": 10000092712.16,
      "Plan Rows": 15222,
      "Plan Width": 32,
      "Actual Startup Time": 6392.757,
      "Actual Total Time": 7988.853,
      "Actual Rows": 11810,
      "Actual Loops": 1,
      "Plans": [
        {
          "Node Type": "Sort",
          "Parent Relationship": "Outer",
          "Parallel Aware": false,
          "Startup Cost": 10000092636.05,
          "Total Cost": 10000092674.10,
          "Plan Rows": 15222,
          "Plan Width": 32,
          "Actual Startup Time": 6392.757,
          "Actual Total Time": 7701.564,
          "Actual Rows": 613131,
          "Actual Loops": 1,
          "Sort Key": ["(ROW(item.i_category, item.i_brand, date_dim.d_year, date_dim.d_moy))"],
          "Sort Method": "external merge",
          "Sort Space Used": 87328,
          "Sort Space Type": "Disk",
          "Plans": [
            {
              "Node Type": "Hash Join",
              "Parent Relationship": "Outer",
              "Parallel Aware": false,
              "Join Type": "Inner",
              "Startup Cost": 4694.90,
              "Total Cost": 91578.58,
              "Plan Rows": 15222,
              "Plan Width": 32,
              "Actual Startup Time": 31.210,
              "Actual Total Time": 1117.250,
              "Actual Rows": 613131,
              "Actual Loops": 1,
              "Hash Cond": "(store_sales.ss_item_sk = item.i_item_sk)",
              "Plans": [
                {
                  "Node Type": "Hash Join",
                  "Parent Relationship": "Outer",
                  "Parallel Aware": false,
                  "Join Type": "Inner",
                  "Startup Cost": 3053.90,
                  "Total Cost": 89728.28,
                  "Plan Rows": 15222,
                  "Plan Width": 12,
                  "Actual Startup Time": 20.210,
                  "Actual Total Time": 715.799,
                  "Actual Rows": 613131,
                  "Actual Loops": 1,
                  "Hash Cond": "(store_sales.ss_sold_date_sk = date_dim.d_date_sk)",
                  "Plans": [
                    {
                      "Node Type": "Seq Scan",
                      "Parent Relationship": "Outer",
                      "Parallel Aware": false,
                      "Relation Name": "store_sales",
                      "Alias": "store_sales",
                      "Startup Cost": 0.00,
                      "Total Cost": 76687.57,
                      "Plan Rows": 2622557,
                      "Plan Width": 8,
                      "Actual Startup Time": 0.015,
                      "Actual Total Time": 343.768,
                      "Actual Rows": 2485280,
                      "Actual Loops": 1
                    },
                    {
                      "Node Type": "Hash",
                      "Parent Relationship": "Inner",
                      "Parallel Aware": false,
                      "Startup Cost": 3048.60,
                      "Total Cost": 3048.60,
                      "Plan Rows": 424,
                      "Plan Width": 12,
                      "Actual Startup Time": 20.175,
                      "Actual Total Time": 20.175,
                      "Actual Rows": 428,
                      "Actual Loops": 1,
                      "Hash Buckets": 1024,
                      "Original Hash Buckets": 1024,
                      "Hash Batches": 1,
                      "Original Hash Batches": 1,
                      "Peak Memory Usage": 27,
                      "Plans": [
                        {
                          "Node Type": "Seq Scan",
                          "Parent Relationship": "Outer",
                          "Parallel Aware": false,
                          "Relation Name": "date_dim",
                          "Alias": "date_dim",
                          "Startup Cost": 0.00,
                          "Total Cost": 3048.60,
                          "Plan Rows": 424,
                          "Plan Width": 12,
                          "Actual Startup Time": 7.261,
                          "Actual Total Time": 20.046,
                          "Actual Rows": 428,
                          "Actual Loops": 1,
                          "Filter": "((d_year = 2000) OR ((d_year = 1999) AND (d_moy = 12)) OR ((d_year = 2001) AND (d_moy = 1)))",
                          "Rows Removed by Filter": 72621
                        }
                      ]
                    }
                  ]
                },
                {
                  "Node Type": "Hash",
                  "Parent Relationship": "Inner",
                  "Parallel Aware": false,
                  "Startup Cost": 1416.00,
                  "Total Cost": 1416.00,
                  "Plan Rows": 18000,
                  "Plan Width": 106,
                  "Actual Startup Time": 10.969,
                  "Actual Total Time": 10.969,
                  "Actual Rows": 18000,
                  "Actual Loops": 1,
                  "Hash Buckets": 32768,
                  "Original Hash Buckets": 32768,
                  "Hash Batches": 1,
                  "Original Hash Batches": 1,
                  "Peak Memory Usage": 2713,
                  "Plans": [
                    {
                      "Node Type": "Seq Scan",
                      "Parent Relationship": "Outer",
                      "Parallel Aware": false,
                      "Relation Name": "item",
                      "Alias": "item",
                      "Startup Cost": 0.00,
                      "Total Cost": 1416.00,
                      "Plan Rows": 18000,
                      "Plan Width": 106,
                      "Actual Startup Time": 0.006,
                      "Actual Total Time": 6.024,
                      "Actual Rows": 18000,
                      "Actual Loops": 1
                    }
                  ]
                }
              ]
            }
          ]
        }
      ]
    },
    "Planning Time": 0.191,
    "Triggers": [
    ],
    "Execution Time": 8000.751
  }
]
