[
  {
    "Plan": {
      "Node Type": "Unique",
      "Parallel Aware": false,
      "Startup Cost": 10000090503.18,
      "Total Cost": 10000090503.27,
      "Plan Rows": 19,
      "Plan Width": 32,
      "Actual Startup Time": 559.424,
      "Actual Total Time": 560.721,
      "Actual Rows": 10,
      "Actual Loops": 1,
      "Plans": [
        {
          "Node Type": "Sort",
          "Parent Relationship": "Outer",
          "Parallel Aware": false,
          "Startup Cost": 10000090503.18,
          "Total Cost": 10000090503.22,
          "Plan Rows": 19,
          "Plan Width": 32,
          "Actual Startup Time": 559.423,
          "Actual Total Time": 559.730,
          "Actual Rows": 1340,
          "Actual Loops": 1,
          "Sort Key": ["(ROW(dt.d_year, item.i_category_id, item.i_category))"],
          "Sort Method": "quicksort",
          "Sort Space Used": 237,
          "Sort Space Type": "Memory",
          "Plans": [
            {
              "Node Type": "Hash Join",
              "Parent Relationship": "Outer",
              "Parallel Aware": false,
              "Join Type": "Inner",
              "Startup Cost": 3966.11,
              "Total Cost": 90502.77,
              "Plan Rows": 19,
              "Plan Width": 32,
              "Actual Startup Time": 14.004,
              "Actual Total Time": 556.857,
              "Actual Rows": 1340,
              "Actual Loops": 1,
              "Hash Cond": "(store_sales.ss_item_sk = item.i_item_sk)",
              "Plans": [
                {
                  "Node Type": "Hash Join",
                  "Parent Relationship": "Outer",
                  "Parallel Aware": false,
                  "Join Type": "Inner",
                  "Startup Cost": 2501.10,
                  "Total Cost": 89033.67,
                  "Plan Rows": 1041,
                  "Plan Width": 8,
                  "Actual Startup Time": 9.571,
                  "Actual Total Time": 542.819,
                  "Actual Rows": 78285,
                  "Actual Loops": 1,
                  "Hash Cond": "(store_sales.ss_sold_date_sk = dt.d_date_sk)",
                  "Plans": [
                    {
                      "Node Type": "Seq Scan",
                      "Parent Relationship": "Outer",
                      "Parallel Aware": false,
                      "Relation Name": "store_sales",
                      "Alias": "store_sales",
                      "Startup Cost": 0.00,
                      "Total Cost": 76687.57,
                      "Plan Rows": 2622557,
                      "Plan Width": 8,
                      "Actual Startup Time": 0.011,
                      "Actual Total Time": 306.239,
                      "Actual Rows": 2485280,
                      "Actual Loops": 1
                    },
                    {
                      "Node Type": "Hash",
                      "Parent Relationship": "Inner",
                      "Parallel Aware": false,
                      "Startup Cost": 2500.73,
                      "Total Cost": 2500.73,
                      "Plan Rows": 29,
                      "Plan Width": 8,
                      "Actual Startup Time": 9.324,
                      "Actual Total Time": 9.324,
                      "Actual Rows": 30,
                      "Actual Loops": 1,
                      "Hash Buckets": 1024,
                      "Original Hash Buckets": 1024,
                      "Hash Batches": 1,
                      "Original Hash Batches": 1,
                      "Peak Memory Usage": 10,
                      "Plans": [
                        {
                          "Node Type": "Seq Scan",
                          "Parent Relationship": "Outer",
                          "Parallel Aware": false,
                          "Relation Name": "date_dim",
                          "Alias": "dt",
                          "Startup Cost": 0.00,
                          "Total Cost": 2500.73,
                          "Plan Rows": 29,
                          "Plan Width": 8,
                          "Actual Startup Time": 4.944,
                          "Actual Total Time": 9.318,
                          "Actual Rows": 30,
                          "Actual Loops": 1,
                          "Filter": "((d_moy = 11) AND (d_year = 2001))",
                          "Rows Removed by Filter": 73019
                        }
                      ]
                    }
                  ]
                },
                {
                  "Node Type": "Hash",
                  "Parent Relationship": "Inner",
                  "Parallel Aware": false,
                  "Startup Cost": 1461.00,
                  "Total Cost": 1461.00,
                  "Plan Rows": 321,
                  "Plan Width": 59,
                  "Actual Startup Time": 4.421,
                  "Actual Total Time": 4.421,
                  "Actual Rows": 321,
                  "Actual Loops": 1,
                  "Hash Buckets": 1024,
                  "Original Hash Buckets": 1024,
                  "Hash Batches": 1,
                  "Original Hash Batches": 1,
                  "Peak Memory Usage": 37,
                  "Plans": [
                    {
                      "Node Type": "Seq Scan",
                      "Parent Relationship": "Outer",
                      "Parallel Aware": false,
                      "Relation Name": "item",
                      "Alias": "item",
                      "Startup Cost": 0.00,
                      "Total Cost": 1461.00,
                      "Plan Rows": 321,
                      "Plan Width": 59,
                      "Actual Startup Time": 0.034,
                      "Actual Total Time": 4.366,
                      "Actual Rows": 321,
                      "Actual Loops": 1,
                      "Filter": "(i_manager_id = 1)",
                      "Rows Removed by Filter": 17679
                    }
                  ]
                }
              ]
            }
          ]
        }
      ]
    },
    "Planning Time": 0.322,
    "Triggers": [
    ],
    "Execution Time": 560.762
  }
]
