[
  {
    "Plan": {
      "Node Type": "Unique",
      "Parallel Aware": false,
      "Startup Cost": 10000032875.83,
      "Total Cost": 10000032876.29,
      "Plan Rows": 92,
      "Plan Width": 32,
      "Actual Startup Time": 188.083,
      "Actual Total Time": 189.475,
      "Actual Rows": 1391,
      "Actual Loops": 1,
      "Plans": [
        {
          "Node Type": "Sort",
          "Parent Relationship": "Outer",
          "Parallel Aware": false,
          "Startup Cost": 10000032875.83,
          "Total Cost": 10000032876.06,
          "Plan Rows": 92,
          "Plan Width": 32,
          "Actual Startup Time": 188.082,
          "Actual Total Time": 188.437,
          "Actual Rows": 1941,
          "Actual Loops": 1,
          "Sort Key": ["(ROW(item.i_item_id, item.i_item_desc, item.i_category, item.i_class, item.i_current_price))"],
          "Sort Method": "quicksort",
          "Sort Space Used": 833,
          "Sort Space Type": "Memory",
          "Plans": [
            {
              "Node Type": "Hash Join",
              "Parent Relationship": "Outer",
              "Parallel Aware": false,
              "Join Type": "Inner",
              "Startup Cost": 4052.48,
              "Total Cost": 32872.82,
              "Plan Rows": 92,
              "Plan Width": 32,
              "Actual Startup Time": 20.347,
              "Actual Total Time": 172.777,
              "Actual Rows": 1941,
              "Actual Loops": 1,
              "Hash Cond": "(web_sales.ws_item_sk = item.i_item_sk)",
              "Plans": [
                {
                  "Node Type": "Hash Join",
                  "Parent Relationship": "Outer",
                  "Parallel Aware": false,
                  "Join Type": "Inner",
                  "Startup Cost": 2501.12,
                  "Total Cost": 31319.40,
                  "Plan Rows": 305,
                  "Plan Width": 4,
                  "Actual Startup Time": 9.771,
                  "Actual Total Time": 159.194,
                  "Actual Rows": 6495,
                  "Actual Loops": 1,
                  "Hash Cond": "(web_sales.ws_sold_date_sk = date_dim.d_date_sk)",
                  "Plans": [
                    {
                      "Node Type": "Seq Scan",
                      "Parent Relationship": "Outer",
                      "Parallel Aware": false,
                      "Relation Name": "web_sales",
                      "Alias": "web_sales",
                      "Startup Cost": 0.00,
                      "Total Cost": 26118.71,
                      "Plan Rows": 719071,
                      "Plan Width": 8,
                      "Actual Startup Time": 0.022,
                      "Actual Total Time": 92.567,
                      "Actual Rows": 648065,
                      "Actual Loops": 1
                    },
                    {
                      "Node Type": "Hash",
                      "Parent Relationship": "Inner",
                      "Parallel Aware": false,
                      "Startup Cost": 2500.73,
                      "Total Cost": 2500.73,
                      "Plan Rows": 31,
                      "Plan Width": 4,
                      "Actual Startup Time": 9.700,
                      "Actual Total Time": 9.700,
                      "Actual Rows": 31,
                      "Actual Loops": 1,
                      "Hash Buckets": 1024,
                      "Original Hash Buckets": 1024,
                      "Hash Batches": 1,
                      "Original Hash Batches": 1,
                      "Peak Memory Usage": 10,
                      "Plans": [
                        {
                          "Node Type": "Seq Scan",
                          "Parent Relationship": "Outer",
                          "Parallel Aware": false,
                          "Relation Name": "date_dim",
                          "Alias": "date_dim",
                          "Startup Cost": 0.00,
                          "Total Cost": 2500.73,
                          "Plan Rows": 31,
                          "Plan Width": 4,
                          "Actual Startup Time": 4.660,
                          "Actual Total Time": 9.692,
                          "Actual Rows": 31,
                          "Actual Loops": 1,
                          "Filter": "((d_date >= '2002-04-01'::date) AND (d_date <= '2002-05-01'::date))",
                          "Rows Removed by Filter": 73018
                        }
                      ]
                    }
                  ]
                },
                {
                  "Node Type": "Hash",
                  "Parent Relationship": "Inner",
                  "Parallel Aware": false,
                  "Startup Cost": 1483.50,
                  "Total Cost": 1483.50,
                  "Plan Rows": 5429,
                  "Plan Width": 231,
                  "Actual Startup Time": 10.566,
                  "Actual Total Time": 10.566,
                  "Actual Rows": 5429,
                  "Actual Loops": 1,
                  "Hash Buckets": 8192,
                  "Original Hash Buckets": 8192,
                  "Hash Batches": 1,
                  "Original Hash Batches": 1,
                  "Peak Memory Usage": 1482,
                  "Plans": [
                    {
                      "Node Type": "Seq Scan",
                      "Parent Relationship": "Outer",
                      "Parallel Aware": false,
                      "Relation Name": "item",
                      "Alias": "item",
                      "Startup Cost": 0.00,
                      "Total Cost": 1483.50,
                      "Plan Rows": 5429,
                      "Plan Width": 231,
                      "Actual Startup Time": 0.007,
                      "Actual Total Time": 8.904,
                      "Actual Rows": 5429,
                      "Actual Loops": 1,
                      "Filter": "(i_category = ANY ('{Children,Sports,Music}'::bpchar[]))",
                      "Rows Removed by Filter": 12571
                    }
                  ]
                }
              ]
            }
          ]
        }
      ]
    },
    "Planning Time": 0.185,
    "Triggers": [
    ],
    "Execution Time": 189.579
  }
]
