[
  {
    "Plan": {
      "Node Type": "Unique",
      "Parallel Aware": false,
      "Startup Cost": 10000061266.45,
      "Total Cost": 10000061267.32,
      "Plan Rows": 173,
      "Plan Width": 32,
      "Actual Startup Time": 370.432,
      "Actual Total Time": 372.963,
      "Actual Rows": 2130,
      "Actual Loops": 1,
      "Plans": [
        {
          "Node Type": "Sort",
          "Parent Relationship": "Outer",
          "Parallel Aware": false,
          "Startup Cost": 10000061266.45,
          "Total Cost": 10000061266.89,
          "Plan Rows": 173,
          "Plan Width": 32,
          "Actual Startup Time": 370.431,
          "Actual Total Time": 371.076,
          "Actual Rows": 4077,
          "Actual Loops": 1,
          "Sort Key": ["(ROW(item.i_item_id, item.i_item_desc, item.i_category, item.i_class, item.i_current_price))"],
          "Sort Method": "quicksort",
          "Sort Space Used": 1750,
          "Sort Space Type": "Memory",
          "Plans": [
            {
              "Node Type": "Hash Join",
              "Parent Relationship": "Outer",
              "Parallel Aware": false,
              "Join Type": "Inner",
              "Startup Cost": 4053.16,
              "Total Cost": 61260.02,
              "Plan Rows": 173,
              "Plan Width": 32,
              "Actual Startup Time": 28.698,
              "Actual Total Time": 348.582,
              "Actual Rows": 4077,
              "Actual Loops": 1,
              "Hash Cond": "(catalog_sales.cs_item_sk = item.i_item_sk)",
              "Plans": [
                {
                  "Node Type": "Hash Join",
                  "Parent Relationship": "Outer",
                  "Parallel Aware": false,
                  "Join Type": "Inner",
                  "Startup Cost": 2501.10,
                  "Total Cost": 59704.10,
                  "Plan Rows": 567,
                  "Plan Width": 4,
                  "Actual Startup Time": 16.687,
                  "Actual Total Time": 332.093,
                  "Actual Rows": 13401,
                  "Actual Loops": 1,
                  "Hash Cond": "(catalog_sales.cs_sold_date_sk = date_dim.d_date_sk)",
                  "Plans": [
                    {
                      "Node Type": "Seq Scan",
                      "Parent Relationship": "Outer",
                      "Parallel Aware": false,
                      "Relation Name": "catalog_sales",
                      "Alias": "catalog_sales",
                      "Startup Cost": 0.00,
                      "Total Cost": 51844.70,
                      "Plan Rows": 1427370,
                      "Plan Width": 8,
                      "Actual Startup Time": 0.018,
                      "Actual Total Time": 201.811,
                      "Actual Rows": 1343425,
                      "Actual Loops": 1
                    },
                    {
                      "Node Type": "Hash",
                      "Parent Relationship": "Inner",
                      "Parallel Aware": false,
                      "Startup Cost": 2500.73,
                      "Total Cost": 2500.73,
                      "Plan Rows": 29,
                      "Plan Width": 4,
                      "Actual Startup Time": 9.871,
                      "Actual Total Time": 9.871,
                      "Actual Rows": 31,
                      "Actual Loops": 1,
                      "Hash Buckets": 1024,
                      "Original Hash Buckets": 1024,
                      "Hash Batches": 1,
                      "Original Hash Batches": 1,
                      "Peak Memory Usage": 10,
                      "Plans": [
                        {
                          "Node Type": "Seq Scan",
                          "Parent Relationship": "Outer",
                          "Parallel Aware": false,
                          "Relation Name": "date_dim",
                          "Alias": "date_dim",
                          "Startup Cost": 0.00,
                          "Total Cost": 2500.73,
                          "Plan Rows": 29,
                          "Plan Width": 4,
                          "Actual Startup Time": 4.208,
                          "Actual Total Time": 9.857,
                          "Actual Rows": 31,
                          "Actual Loops": 1,
                          "Filter": "((d_date >= '1999-06-03'::date) AND (d_date <= '1999-07-03'::date))",
                          "Rows Removed by Filter": 73018
                        }
                      ]
                    }
                  ]
                },
                {
                  "Node Type": "Hash",
                  "Parent Relationship": "Inner",
                  "Parallel Aware": false,
                  "Startup Cost": 1483.50,
                  "Total Cost": 1483.50,
                  "Plan Rows": 5485,
                  "Plan Width": 231,
                  "Actual Startup Time": 11.999,
                  "Actual Total Time": 11.999,
                  "Actual Rows": 5485,
                  "Actual Loops": 1,
                  "Hash Buckets": 8192,
                  "Original Hash Buckets": 8192,
                  "Hash Batches": 1,
                  "Original Hash Batches": 1,
                  "Peak Memory Usage": 1496,
                  "Plans": [
                    {
                      "Node Type": "Seq Scan",
                      "Parent Relationship": "Outer",
                      "Parallel Aware": false,
                      "Relation Name": "item",
                      "Alias": "item",
                      "Startup Cost": 0.00,
                      "Total Cost": 1483.50,
                      "Plan Rows": 5485,
                      "Plan Width": 231,
                      "Actual Startup Time": 0.009,
                      "Actual Total Time": 9.873,
                      "Actual Rows": 5485,
                      "Actual Loops": 1,
                      "Filter": "(i_category = ANY ('{Shoes,Women,Music}'::bpchar[]))",
                      "Rows Removed by Filter": 12515
                    }
                  ]
                }
              ]
            }
          ]
        }
      ]
    },
    "Planning Time": 0.327,
    "Triggers": [
    ],
    "Execution Time": 373.079
  }
]
