[
  {
    "Plan": {
      "Node Type": "Aggregate",
      "Strategy": "Hashed",
      "Partial Mode": "Simple",
      "Parallel Aware": false,
      "Startup Cost": 92052.35,
      "Total Cost": 92066.88,
      "Plan Rows": 1454,
      "Plan Width": 4,
      "Actual Startup Time": 1918.759,
      "Actual Total Time": 1918.893,
      "Actual Rows": 1458,
      "Actual Loops": 1,
      "Group Key": ["date_dim.d_date"],
      "Plans": [
        {
          "Node Type": "Hash Join",
          "Parent Relationship": "Outer",
          "Parallel Aware": false,
          "Join Type": "Inner",
          "Startup Cost": 4159.91,
          "Total Cost": 91921.84,
          "Plan Rows": 52201,
          "Plan Width": 4,
          "Actual Startup Time": 15.457,
          "Actual Total Time": 1582.999,
          "Actual Rows": 1982023,
          "Actual Loops": 1,
          "Hash Cond": "(store_sales.ss_item_sk = item.i_item_sk)",
          "Plans": [
            {
              "Node Type": "Hash Join",
              "Parent Relationship": "Outer",
              "Parallel Aware": false,
              "Join Type": "Inner",
              "Startup Cost": 2518.91,
              "Total Cost": 89563.08,
              "Plan Rows": 52201,
              "Plan Width": 8,
              "Actual Startup Time": 10.786,
              "Actual Total Time": 969.756,
              "Actual Rows": 1982023,
              "Actual Loops": 1,
              "Hash Cond": "(store_sales.ss_sold_date_sk = date_dim.d_date_sk)",
              "Plans": [
                {
                  "Node Type": "Seq Scan",
                  "Parent Relationship": "Outer",
                  "Parallel Aware": false,
                  "Relation Name": "store_sales",
                  "Alias": "store_sales",
                  "Startup Cost": 0.00,
                  "Total Cost": 76687.57,
                  "Plan Rows": 2622557,
                  "Plan Width": 8,
                  "Actual Startup Time": 0.021,
                  "Actual Total Time": 361.249,
                  "Actual Rows": 2485280,
                  "Actual Loops": 1
                },
                {
                  "Node Type": "Hash",
                  "Parent Relationship": "Inner",
                  "Parallel Aware": false,
                  "Startup Cost": 2500.73,
                  "Total Cost": 2500.73,
                  "Plan Rows": 1454,
                  "Plan Width": 8,
                  "Actual Startup Time": 10.734,
                  "Actual Total Time": 10.734,
                  "Actual Rows": 1461,
                  "Actual Loops": 1,
                  "Hash Buckets": 2048,
                  "Original Hash Buckets": 2048,
                  "Hash Batches": 1,
                  "Original Hash Batches": 1,
                  "Peak Memory Usage": 74,
                  "Plans": [
                    {
                      "Node Type": "Seq Scan",
                      "Parent Relationship": "Outer",
                      "Parallel Aware": false,
                      "Relation Name": "date_dim",
                      "Alias": "date_dim",
                      "Startup Cost": 0.00,
                      "Total Cost": 2500.73,
                      "Plan Rows": 1454,
                      "Plan Width": 8,
                      "Actual Startup Time": 4.986,
                      "Actual Total Time": 10.570,
                      "Actual Rows": 1461,
                      "Actual Loops": 1,
                      "Filter": "(d_year = ANY ('{1999,2000,2001,2002}'::integer[]))",
                      "Rows Removed by Filter": 71588
                    }
                  ]
                }
              ]
            },
            {
              "Node Type": "Hash",
              "Parent Relationship": "Inner",
              "Parallel Aware": false,
              "Startup Cost": 1416.00,
              "Total Cost": 1416.00,
              "Plan Rows": 18000,
              "Plan Width": 4,
              "Actual Startup Time": 4.656,
              "Actual Total Time": 4.656,
              "Actual Rows": 18000,
              "Actual Loops": 1,
              "Hash Buckets": 32768,
              "Original Hash Buckets": 32768,
              "Hash Batches": 1,
              "Original Hash Batches": 1,
              "Peak Memory Usage": 889,
              "Plans": [
                {
                  "Node Type": "Seq Scan",
                  "Parent Relationship": "Outer",
                  "Parallel Aware": false,
                  "Relation Name": "item",
                  "Alias": "item",
                  "Startup Cost": 0.00,
                  "Total Cost": 1416.00,
                  "Plan Rows": 18000,
                  "Plan Width": 4,
                  "Actual Startup Time": 0.010,
                  "Actual Total Time": 2.789,
                  "Actual Rows": 18000,
                  "Actual Loops": 1
                }
              ]
            }
          ]
        }
      ]
    },
    "Planning Time": 0.170,
    "Triggers": [
    ],
    "Execution Time": 1918.979
  }
]
