[
  {
    "Plan": {
      "Node Type": "Aggregate",
      "Strategy": "Hashed",
      "Partial Mode": "Simple",
      "Parallel Aware": false,
      "Startup Cost": 59706.03,
      "Total Cost": 59706.34,
      "Plan Rows": 31,
      "Plan Width": 4,
      "Actual Startup Time": 314.921,
      "Actual Total Time": 314.926,
      "Actual Rows": 30,
      "Actual Loops": 1,
      "Group Key": ["date_dim.d_date"],
      "Plans": [
        {
          "Node Type": "Hash Join",
          "Parent Relationship": "Outer",
          "Parallel Aware": false,
          "Join Type": "Inner",
          "Startup Cost": 2501.12,
          "Total Cost": 59704.52,
          "Plan Rows": 606,
          "Plan Width": 4,
          "Actual Startup Time": 14.938,
          "Actual Total Time": 313.423,
          "Actual Rows": 12948,
          "Actual Loops": 1,
          "Hash Cond": "(catalog_sales.cs_sold_date_sk = date_dim.d_date_sk)",
          "Plans": [
            {
              "Node Type": "Seq Scan",
              "Parent Relationship": "Outer",
              "Parallel Aware": false,
              "Relation Name": "catalog_sales",
              "Alias": "catalog_sales",
              "Startup Cost": 0.00,
              "Total Cost": 51844.70,
              "Plan Rows": 1427370,
              "Plan Width": 4,
              "Actual Startup Time": 0.024,
              "Actual Total Time": 189.287,
              "Actual Rows": 1343425,
              "Actual Loops": 1
            },
            {
              "Node Type": "Hash",
              "Parent Relationship": "Inner",
              "Parallel Aware": false,
              "Startup Cost": 2500.73,
              "Total Cost": 2500.73,
              "Plan Rows": 31,
              "Plan Width": 8,
              "Actual Startup Time": 9.310,
              "Actual Total Time": 9.310,
              "Actual Rows": 30,
              "Actual Loops": 1,
              "Hash Buckets": 1024,
              "Original Hash Buckets": 1024,
              "Hash Batches": 1,
              "Original Hash Batches": 1,
              "Peak Memory Usage": 10,
              "Plans": [
                {
                  "Node Type": "Seq Scan",
                  "Parent Relationship": "Outer",
                  "Parallel Aware": false,
                  "Relation Name": "date_dim",
                  "Alias": "date_dim",
                  "Startup Cost": 0.00,
                  "Total Cost": 2500.73,
                  "Plan Rows": 31,
                  "Plan Width": 8,
                  "Actual Startup Time": 4.448,
                  "Actual Total Time": 9.302,
                  "Actual Rows": 30,
                  "Actual Loops": 1,
                  "Filter": "((d_year = 1999) AND (d_moy = 6))",
                  "Rows Removed by Filter": 73019
                }
              ]
            }
          ]
        }
      ]
    },
    "Planning Time": 0.160,
    "Triggers": [
    ],
    "Execution Time": 314.991
  }
]
