[
  {
    "Plan": {
      "Node Type": "Unique",
      "Parallel Aware": false,
      "Startup Cost": 10000041012.40,
      "Total Cost": 10000042111.97,
      "Plan Rows": 73305,
      "Plan Width": 20,
      "Actual Startup Time": 348.733,
      "Actual Total Time": 367.271,
      "Actual Rows": 4548,
      "Actual Loops": 1,
      "Plans": [
        {
          "Node Type": "Sort",
          "Parent Relationship": "Outer",
          "Parallel Aware": false,
          "Startup Cost": 10000041012.40,
          "Total Cost": 10000041195.66,
          "Plan Rows": 73305,
          "Plan Width": 20,
          "Actual Startup Time": 348.732,
          "Actual Total Time": 358.230,
          "Actual Rows": 66379,
          "Actual Loops": 1,
          "Sort Key": ["date_dim.d_year", "item.i_brand_id", "item.i_class_id", "item.i_category_id", "item.i_manufact_id"],
          "Sort Method": "external merge",
          "Sort Space Used": 1936,
          "Sort Space Type": "Disk",
          "Plans": [
            {
              "Node Type": "Hash Join",
              "Parent Relationship": "Outer",
              "Parallel Aware": false,
              "Join Type": "Inner",
              "Startup Cost": 4532.54,
              "Total Cost": 35088.76,
              "Plan Rows": 73305,
              "Plan Width": 20,
              "Actual Startup Time": 35.455,
              "Actual Total Time": 252.781,
              "Actual Rows": 66379,
              "Actual Loops": 1,
              "Hash Cond": "(web_sales.ws_sold_date_sk = date_dim.d_date_sk)",
              "Plans": [
                {
                  "Node Type": "Hash Join",
                  "Parent Relationship": "Outer",
                  "Parallel Aware": false,
                  "Join Type": "Inner",
                  "Startup Cost": 1483.94,
                  "Total Cost": 31032.21,
                  "Plan Rows": 73305,
                  "Plan Width": 20,
                  "Actual Startup Time": 9.254,
                  "Actual Total Time": 204.232,
                  "Actual Rows": 66379,
                  "Actual Loops": 1,
                  "Hash Cond": "(web_sales.ws_item_sk = item.i_item_sk)",
                  "Plans": [
                    {
                      "Node Type": "Seq Scan",
                      "Parent Relationship": "Outer",
                      "Parallel Aware": false,
                      "Relation Name": "web_sales",
                      "Alias": "web_sales",
                      "Startup Cost": 0.00,
                      "Total Cost": 26118.71,
                      "Plan Rows": 719071,
                      "Plan Width": 8,
                      "Actual Startup Time": 0.012,
                      "Actual Total Time": 95.588,
                      "Actual Rows": 648065,
                      "Actual Loops": 1
                    },
                    {
                      "Node Type": "Hash",
                      "Parent Relationship": "Inner",
                      "Parallel Aware": false,
                      "Startup Cost": 1461.00,
                      "Total Cost": 1461.00,
                      "Plan Rows": 1835,
                      "Plan Width": 20,
                      "Actual Startup Time": 9.197,
                      "Actual Total Time": 9.197,
                      "Actual Rows": 1835,
                      "Actual Loops": 1,
                      "Hash Buckets": 2048,
                      "Original Hash Buckets": 2048,
                      "Hash Batches": 1,
                      "Original Hash Batches": 1,
                      "Peak Memory Usage": 110,
                      "Plans": [
                        {
                          "Node Type": "Seq Scan",
                          "Parent Relationship": "Outer",
                          "Parallel Aware": false,
                          "Relation Name": "item",
                          "Alias": "item",
                          "Startup Cost": 0.00,
                          "Total Cost": 1461.00,
                          "Plan Rows": 1835,
                          "Plan Width": 20,
                          "Actual Startup Time": 0.013,
                          "Actual Total Time": 8.580,
                          "Actual Rows": 1835,
                          "Actual Loops": 1,
                          "Filter": "(i_category = 'Shoes'::bpchar)",
                          "Rows Removed by Filter": 16165
                        }
                      ]
                    }
                  ]
                },
                {
                  "Node Type": "Hash",
                  "Parent Relationship": "Inner",
                  "Parallel Aware": false,
                  "Startup Cost": 2135.49,
                  "Total Cost": 2135.49,
                  "Plan Rows": 73049,
                  "Plan Width": 8,
                  "Actual Startup Time": 26.121,
                  "Actual Total Time": 26.121,
                  "Actual Rows": 73049,
                  "Actual Loops": 1,
                  "Hash Buckets": 131072,
                  "Original Hash Buckets": 131072,
                  "Hash Batches": 1,
                  "Original Hash Batches": 1,
                  "Peak Memory Usage": 3878,
                  "Plans": [
                    {
                      "Node Type": "Seq Scan",
                      "Parent Relationship": "Outer",
                      "Parallel Aware": false,
                      "Relation Name": "date_dim",
                      "Alias": "date_dim",
                      "Startup Cost": 0.00,
                      "Total Cost": 2135.49,
                      "Plan Rows": 73049,
                      "Plan Width": 8,
                      "Actual Startup Time": 0.012,
                      "Actual Total Time": 13.022,
                      "Actual Rows": 73049,
                      "Actual Loops": 1
                    }
                  ]
                }
              ]
            }
          ]
        }
      ]
    },
    "Planning Time": 0.243,
    "Triggers": [
    ],
    "Execution Time": 368.899
  }
]
