[
  {
    "Plan": {
      "Node Type": "Aggregate",
      "Strategy": "Hashed",
      "Partial Mode": "Simple",
      "Parallel Aware": false,
      "Startup Cost": 91217.13,
      "Total Cost": 91294.32,
      "Plan Rows": 7719,
      "Plan Width": 141,
      "Actual Startup Time": 1020.367,
      "Actual Total Time": 1034.388,
      "Actual Rows": 53526,
      "Actual Loops": 1,
      "Group Key": ["item.i_item_id", "item.i_item_desc", "store.s_store_id", "store.s_store_name"],
      "Plans": [
        {
          "Node Type": "Hash Join",
          "Parent Relationship": "Outer",
          "Parallel Aware": false,
          "Join Type": "Inner",
          "Startup Cost": 4328.32,
          "Total Cost": 91139.94,
          "Plan Rows": 7719,
          "Plan Width": 141,
          "Actual Startup Time": 40.123,
          "Actual Total Time": 817.048,
          "Actual Rows": 258799,
          "Actual Loops": 1,
          "Hash Cond": "(store_sales.ss_item_sk = item.i_item_sk)",
          "Plans": [
            {
              "Node Type": "Hash Join",
              "Parent Relationship": "Outer",
              "Parallel Aware": false,
              "Join Type": "Inner",
              "Startup Cost": 2687.32,
              "Total Cost": 89392.80,
              "Plan Rows": 7719,
              "Plan Width": 26,
              "Actual Startup Time": 24.815,
              "Actual Total Time": 681.721,
              "Actual Rows": 258799,
              "Actual Loops": 1,
              "Hash Cond": "(store_sales.ss_store_sk = store.s_store_sk)",
              "Plans": [
                {
                  "Node Type": "Hash Join",
                  "Parent Relationship": "Outer",
                  "Parallel Aware": false,
                  "Join Type": "Inner",
                  "Startup Cost": 2686.05,
                  "Total Cost": 89285.39,
                  "Plan Rows": 7719,
                  "Plan Width": 8,
                  "Actual Startup Time": 24.778,
                  "Actual Total Time": 621.859,
                  "Actual Rows": 258799,
                  "Actual Loops": 1,
                  "Hash Cond": "(store_sales.ss_sold_date_sk = date_dim.d_date_sk)",
                  "Plans": [
                    {
                      "Node Type": "Seq Scan",
                      "Parent Relationship": "Outer",
                      "Parallel Aware": false,
                      "Relation Name": "store_sales",
                      "Alias": "store_sales",
                      "Startup Cost": 0.00,
                      "Total Cost": 76687.57,
                      "Plan Rows": 2622557,
                      "Plan Width": 12,
                      "Actual Startup Time": 0.014,
                      "Actual Total Time": 323.819,
                      "Actual Rows": 2485280,
                      "Actual Loops": 1
                    },
                    {
                      "Node Type": "Hash",
                      "Parent Relationship": "Inner",
                      "Parallel Aware": false,
                      "Startup Cost": 2683.36,
                      "Total Cost": 2683.36,
                      "Plan Rows": 215,
                      "Plan Width": 4,
                      "Actual Startup Time": 24.677,
                      "Actual Total Time": 24.677,
                      "Actual Rows": 214,
                      "Actual Loops": 1,
                      "Hash Buckets": 1024,
                      "Original Hash Buckets": 1024,
                      "Hash Batches": 1,
                      "Original Hash Batches": 1,
                      "Peak Memory Usage": 16,
                      "Plans": [
                        {
                          "Node Type": "Seq Scan",
                          "Parent Relationship": "Outer",
                          "Parallel Aware": false,
                          "Relation Name": "date_dim",
                          "Alias": "date_dim",
                          "Startup Cost": 0.00,
                          "Total Cost": 2683.36,
                          "Plan Rows": 215,
                          "Plan Width": 4,
                          "Actual Startup Time": 12.612,
                          "Actual Total Time": 24.611,
                          "Actual Rows": 214,
                          "Actual Loops": 1,
                          "Filter": "((d_moy >= 4) AND (d_moy <= 10) AND (d_year = 2001))",
                          "Rows Removed by Filter": 72835
                        }
                      ]
                    }
                  ]
                },
                {
                  "Node Type": "Hash",
                  "Parent Relationship": "Inner",
                  "Parallel Aware": false,
                  "Startup Cost": 1.12,
                  "Total Cost": 1.12,
                  "Plan Rows": 12,
                  "Plan Width": 26,
                  "Actual Startup Time": 0.022,
                  "Actual Total Time": 0.022,
                  "Actual Rows": 12,
                  "Actual Loops": 1,
                  "Hash Buckets": 1024,
                  "Original Hash Buckets": 1024,
                  "Hash Batches": 1,
                  "Original Hash Batches": 1,
                  "Peak Memory Usage": 9,
                  "Plans": [
                    {
                      "Node Type": "Seq Scan",
                      "Parent Relationship": "Outer",
                      "Parallel Aware": false,
                      "Relation Name": "store",
                      "Alias": "store",
                      "Startup Cost": 0.00,
                      "Total Cost": 1.12,
                      "Plan Rows": 12,
                      "Plan Width": 26,
                      "Actual Startup Time": 0.009,
                      "Actual Total Time": 0.010,
                      "Actual Rows": 12,
                      "Actual Loops": 1
                    }
                  ]
                }
              ]
            },
            {
              "Node Type": "Hash",
              "Parent Relationship": "Inner",
              "Parallel Aware": false,
              "Startup Cost": 1416.00,
              "Total Cost": 1416.00,
              "Plan Rows": 18000,
              "Plan Width": 123,
              "Actual Startup Time": 15.289,
              "Actual Total Time": 15.289,
              "Actual Rows": 18000,
              "Actual Loops": 1,
              "Hash Buckets": 32768,
              "Original Hash Buckets": 32768,
              "Hash Batches": 1,
              "Original Hash Batches": 1,
              "Peak Memory Usage": 3031,
              "Plans": [
                {
                  "Node Type": "Seq Scan",
                  "Parent Relationship": "Outer",
                  "Parallel Aware": false,
                  "Relation Name": "item",
                  "Alias": "item",
                  "Startup Cost": 0.00,
                  "Total Cost": 1416.00,
                  "Plan Rows": 18000,
                  "Plan Width": 123,
                  "Actual Startup Time": 0.005,
                  "Actual Total Time": 6.717,
                  "Actual Rows": 18000,
                  "Actual Loops": 1
                }
              ]
            }
          ]
        }
      ]
    },
    "Planning Time": 0.263,
    "Triggers": [
    ],
    "Execution Time": 1036.404
  }
]
