[
  {
    "Plan": {
      "Node Type": "Aggregate",
      "Strategy": "Hashed",
      "Partial Mode": "Simple",
      "Parallel Aware": false,
      "Startup Cost": 12902.19,
      "Total Cost": 12910.36,
      "Plan Rows": 817,
      "Plan Width": 119,
      "Actual Startup Time": 118.042,
      "Actual Total Time": 119.816,
      "Actual Rows": 9108,
      "Actual Loops": 1,
      "Group Key": ["item.i_item_id", "item.i_item_desc"],
      "Plans": [
        {
          "Node Type": "Hash Join",
          "Parent Relationship": "Outer",
          "Parallel Aware": false,
          "Join Type": "Inner",
          "Startup Cost": 4327.05,
          "Total Cost": 12898.10,
          "Plan Rows": 817,
          "Plan Width": 119,
          "Actual Startup Time": 24.015,
          "Actual Total Time": 102.699,
          "Actual Rows": 24624,
          "Actual Loops": 1,
          "Hash Cond": "(store_returns.sr_item_sk = item.i_item_sk)",
          "Plans": [
            {
              "Node Type": "Hash Join",
              "Parent Relationship": "Outer",
              "Parallel Aware": false,
              "Join Type": "Inner",
              "Startup Cost": 2686.05,
              "Total Cost": 11245.87,
              "Plan Rows": 817,
              "Plan Width": 4,
              "Actual Startup Time": 15.249,
              "Actual Total Time": 82.303,
              "Actual Rows": 24624,
              "Actual Loops": 1,
              "Hash Cond": "(store_returns.sr_returned_date_sk = date_dim.d_date_sk)",
              "Plans": [
                {
                  "Node Type": "Seq Scan",
                  "Parent Relationship": "Outer",
                  "Parallel Aware": false,
                  "Relation Name": "store_returns",
                  "Alias": "store_returns",
                  "Startup Cost": 0.00,
                  "Total Cost": 7511.02,
                  "Plan Rows": 277502,
                  "Plan Width": 8,
                  "Actual Startup Time": 0.015,
                  "Actual Total Time": 35.754,
                  "Actual Rows": 263253,
                  "Actual Loops": 1
                },
                {
                  "Node Type": "Hash",
                  "Parent Relationship": "Inner",
                  "Parallel Aware": false,
                  "Startup Cost": 2683.36,
                  "Total Cost": 2683.36,
                  "Plan Rows": 215,
                  "Plan Width": 4,
                  "Actual Startup Time": 15.221,
                  "Actual Total Time": 15.221,
                  "Actual Rows": 214,
                  "Actual Loops": 1,
                  "Hash Buckets": 1024,
                  "Original Hash Buckets": 1024,
                  "Hash Batches": 1,
                  "Original Hash Batches": 1,
                  "Peak Memory Usage": 16,
                  "Plans": [
                    {
                      "Node Type": "Seq Scan",
                      "Parent Relationship": "Outer",
                      "Parallel Aware": false,
                      "Relation Name": "date_dim",
                      "Alias": "date_dim",
                      "Startup Cost": 0.00,
                      "Total Cost": 2683.36,
                      "Plan Rows": 215,
                      "Plan Width": 4,
                      "Actual Startup Time": 7.572,
                      "Actual Total Time": 15.188,
                      "Actual Rows": 214,
                      "Actual Loops": 1,
                      "Filter": "((d_moy >= 4) AND (d_moy <= 10) AND (d_year = 2001))",
                      "Rows Removed by Filter": 72835
                    }
                  ]
                }
              ]
            },
            {
              "Node Type": "Hash",
              "Parent Relationship": "Inner",
              "Parallel Aware": false,
              "Startup Cost": 1416.00,
              "Total Cost": 1416.00,
              "Plan Rows": 18000,
              "Plan Width": 123,
              "Actual Startup Time": 8.747,
              "Actual Total Time": 8.747,
              "Actual Rows": 18000,
              "Actual Loops": 1,
              "Hash Buckets": 32768,
              "Original Hash Buckets": 32768,
              "Hash Batches": 1,
              "Original Hash Batches": 1,
              "Peak Memory Usage": 3031,
              "Plans": [
                {
                  "Node Type": "Seq Scan",
                  "Parent Relationship": "Outer",
                  "Parallel Aware": false,
                  "Relation Name": "item",
                  "Alias": "item",
                  "Startup Cost": 0.00,
                  "Total Cost": 1416.00,
                  "Plan Rows": 18000,
                  "Plan Width": 123,
                  "Actual Startup Time": 0.006,
                  "Actual Total Time": 4.299,
                  "Actual Rows": 18000,
                  "Actual Loops": 1
                }
              ]
            }
          ]
        }
      ]
    },
    "Planning Time": 0.311,
    "Triggers": [
    ],
    "Execution Time": 120.249
  }
]
