[
  {
    "Plan": {
      "Node Type": "Aggregate",
      "Strategy": "Hashed",
      "Partial Mode": "Simple",
      "Parallel Aware": false,
      "Startup Cost": 91336.99,
      "Total Cost": 91369.30,
      "Plan Rows": 3231,
      "Plan Width": 22,
      "Actual Startup Time": 626.194,
      "Actual Total Time": 626.425,
      "Actual Rows": 1669,
      "Actual Loops": 1,
      "Group Key": ["customer_address.ca_county", "date_dim.d_qoy", "date_dim.d_year"],
      "Plans": [
        {
          "Node Type": "Hash Join",
          "Parent Relationship": "Outer",
          "Parallel Aware": false,
          "Join Type": "Inner",
          "Startup Cost": 4713.86,
          "Total Cost": 91312.76,
          "Plan Rows": 3231,
          "Plan Width": 22,
          "Actual Startup Time": 28.967,
          "Actual Total Time": 602.115,
          "Actual Rows": 76359,
          "Actual Loops": 1,
          "Hash Cond": "(store_sales.ss_addr_sk = customer_address.ca_address_sk)",
          "Plans": [
            {
              "Node Type": "Hash Join",
              "Parent Relationship": "Outer",
              "Parallel Aware": false,
              "Join Type": "Inner",
              "Startup Cost": 2501.86,
              "Total Cost": 89056.33,
              "Plan Rows": 3231,
              "Plan Width": 12,
              "Actual Startup Time": 11.287,
              "Actual Total Time": 564.449,
              "Actual Rows": 76359,
              "Actual Loops": 1,
              "Hash Cond": "(store_sales.ss_sold_date_sk = date_dim.d_date_sk)",
              "Plans": [
                {
                  "Node Type": "Seq Scan",
                  "Parent Relationship": "Outer",
                  "Parallel Aware": false,
                  "Relation Name": "store_sales",
                  "Alias": "store_sales",
                  "Startup Cost": 0.00,
                  "Total Cost": 76687.57,
                  "Plan Rows": 2622557,
                  "Plan Width": 8,
                  "Actual Startup Time": 0.252,
                  "Actual Total Time": 319.215,
                  "Actual Rows": 2485280,
                  "Actual Loops": 1
                },
                {
                  "Node Type": "Hash",
                  "Parent Relationship": "Inner",
                  "Parallel Aware": false,
                  "Startup Cost": 2500.73,
                  "Total Cost": 2500.73,
                  "Plan Rows": 90,
                  "Plan Width": 12,
                  "Actual Startup Time": 11.015,
                  "Actual Total Time": 11.015,
                  "Actual Rows": 91,
                  "Actual Loops": 1,
                  "Hash Buckets": 1024,
                  "Original Hash Buckets": 1024,
                  "Hash Batches": 1,
                  "Original Hash Batches": 1,
                  "Peak Memory Usage": 12,
                  "Plans": [
                    {
                      "Node Type": "Seq Scan",
                      "Parent Relationship": "Outer",
                      "Parallel Aware": false,
                      "Relation Name": "date_dim",
                      "Alias": "date_dim",
                      "Startup Cost": 0.00,
                      "Total Cost": 2500.73,
                      "Plan Rows": 90,
                      "Plan Width": 12,
                      "Actual Startup Time": 5.306,
                      "Actual Total Time": 10.999,
                      "Actual Rows": 91,
                      "Actual Loops": 1,
                      "Filter": "((d_qoy = 1) AND (d_year = 2000))",
                      "Rows Removed by Filter": 72958
                    }
                  ]
                }
              ]
            },
            {
              "Node Type": "Hash",
              "Parent Relationship": "Inner",
              "Parallel Aware": false,
              "Startup Cost": 1587.00,
              "Total Cost": 1587.00,
              "Plan Rows": 50000,
              "Plan Width": 18,
              "Actual Startup Time": 17.649,
              "Actual Total Time": 17.649,
              "Actual Rows": 50000,
              "Actual Loops": 1,
              "Hash Buckets": 65536,
              "Original Hash Buckets": 65536,
              "Hash Batches": 1,
              "Original Hash Batches": 1,
              "Peak Memory Usage": 3052,
              "Plans": [
                {
                  "Node Type": "Seq Scan",
                  "Parent Relationship": "Outer",
                  "Parallel Aware": false,
                  "Relation Name": "customer_address",
                  "Alias": "customer_address",
                  "Startup Cost": 0.00,
                  "Total Cost": 1587.00,
                  "Plan Rows": 50000,
                  "Plan Width": 18,
                  "Actual Startup Time": 0.006,
                  "Actual Total Time": 8.896,
                  "Actual Rows": 50000,
                  "Actual Loops": 1
                }
              ]
            }
          ]
        }
      ]
    },
    "Planning Time": 0.193,
    "Triggers": [
    ],
    "Execution Time": 626.515
  }
]
