[
  {
    "Plan": {
      "Node Type": "Aggregate",
      "Strategy": "Hashed",
      "Partial Mode": "Simple",
      "Parallel Aware": false,
      "Startup Cost": 33556.77,
      "Total Cost": 33565.63,
      "Plan Rows": 886,
      "Plan Width": 22,
      "Actual Startup Time": 191.096,
      "Actual Total Time": 191.225,
      "Actual Rows": 890,
      "Actual Loops": 1,
      "Group Key": ["customer_address.ca_county", "date_dim.d_qoy", "date_dim.d_year"],
      "Plans": [
        {
          "Node Type": "Hash Join",
          "Parent Relationship": "Outer",
          "Parallel Aware": false,
          "Join Type": "Inner",
          "Startup Cost": 4713.86,
          "Total Cost": 33550.13,
          "Plan Rows": 886,
          "Plan Width": 22,
          "Actual Startup Time": 30.109,
          "Actual Total Time": 185.193,
          "Actual Rows": 19598,
          "Actual Loops": 1,
          "Hash Cond": "(web_sales.ws_bill_addr_sk = customer_address.ca_address_sk)",
          "Plans": [
            {
              "Node Type": "Hash Join",
              "Parent Relationship": "Outer",
              "Parallel Aware": false,
              "Join Type": "Inner",
              "Startup Cost": 2501.86,
              "Total Cost": 31325.95,
              "Plan Rows": 886,
              "Plan Width": 12,
              "Actual Startup Time": 11.309,
              "Actual Total Time": 161.352,
              "Actual Rows": 19598,
              "Actual Loops": 1,
              "Hash Cond": "(web_sales.ws_sold_date_sk = date_dim.d_date_sk)",
              "Plans": [
                {
                  "Node Type": "Seq Scan",
                  "Parent Relationship": "Outer",
                  "Parallel Aware": false,
                  "Relation Name": "web_sales",
                  "Alias": "web_sales",
                  "Startup Cost": 0.00,
                  "Total Cost": 26118.71,
                  "Plan Rows": 719071,
                  "Plan Width": 8,
                  "Actual Startup Time": 0.014,
                  "Actual Total Time": 91.673,
                  "Actual Rows": 648065,
                  "Actual Loops": 1
                },
                {
                  "Node Type": "Hash",
                  "Parent Relationship": "Inner",
                  "Parallel Aware": false,
                  "Startup Cost": 2500.73,
                  "Total Cost": 2500.73,
                  "Plan Rows": 90,
                  "Plan Width": 12,
                  "Actual Startup Time": 11.230,
                  "Actual Total Time": 11.230,
                  "Actual Rows": 91,
                  "Actual Loops": 1,
                  "Hash Buckets": 1024,
                  "Original Hash Buckets": 1024,
                  "Hash Batches": 1,
                  "Original Hash Batches": 1,
                  "Peak Memory Usage": 12,
                  "Plans": [
                    {
                      "Node Type": "Seq Scan",
                      "Parent Relationship": "Outer",
                      "Parallel Aware": false,
                      "Relation Name": "date_dim",
                      "Alias": "date_dim",
                      "Startup Cost": 0.00,
                      "Total Cost": 2500.73,
                      "Plan Rows": 90,
                      "Plan Width": 12,
                      "Actual Startup Time": 5.813,
                      "Actual Total Time": 11.216,
                      "Actual Rows": 91,
                      "Actual Loops": 1,
                      "Filter": "((d_qoy = 1) AND (d_year = 2000))",
                      "Rows Removed by Filter": 72958
                    }
                  ]
                }
              ]
            },
            {
              "Node Type": "Hash",
              "Parent Relationship": "Inner",
              "Parallel Aware": false,
              "Startup Cost": 1587.00,
              "Total Cost": 1587.00,
              "Plan Rows": 50000,
              "Plan Width": 18,
              "Actual Startup Time": 18.757,
              "Actual Total Time": 18.758,
              "Actual Rows": 50000,
              "Actual Loops": 1,
              "Hash Buckets": 65536,
              "Original Hash Buckets": 65536,
              "Hash Batches": 1,
              "Original Hash Batches": 1,
              "Peak Memory Usage": 3052,
              "Plans": [
                {
                  "Node Type": "Seq Scan",
                  "Parent Relationship": "Outer",
                  "Parallel Aware": false,
                  "Relation Name": "customer_address",
                  "Alias": "customer_address",
                  "Startup Cost": 0.00,
                  "Total Cost": 1587.00,
                  "Plan Rows": 50000,
                  "Plan Width": 18,
                  "Actual Startup Time": 0.010,
                  "Actual Total Time": 9.323,
                  "Actual Rows": 50000,
                  "Actual Loops": 1
                }
              ]
            }
          ]
        }
      ]
    },
    "Planning Time": 0.324,
    "Triggers": [
    ],
    "Execution Time": 191.329
  }
]
