[
  {
    "Plan": {
      "Node Type": "Aggregate",
      "Strategy": "Hashed",
      "Partial Mode": "Simple",
      "Parallel Aware": false,
      "Startup Cost": 90716.70,
      "Total Cost": 90727.47,
      "Plan Rows": 1077,
      "Plan Width": 141,
      "Actual Startup Time": 643.359,
      "Actual Total Time": 648.761,
      "Actual Rows": 18649,
      "Actual Loops": 1,
      "Group Key": ["item.i_item_id", "item.i_item_desc", "store.s_store_id", "store.s_store_name"],
      "Plans": [
        {
          "Node Type": "Hash Join",
          "Parent Relationship": "Outer",
          "Parallel Aware": false,
          "Join Type": "Inner",
          "Startup Cost": 4143.38,
          "Total Cost": 90705.93,
          "Plan Rows": 1077,
          "Plan Width": 141,
          "Actual Startup Time": 25.681,
          "Actual Total Time": 624.042,
          "Actual Rows": 23226,
          "Actual Loops": 1,
          "Hash Cond": "(store_sales.ss_store_sk = store.s_store_sk)",
          "Plans": [
            {
              "Node Type": "Hash Join",
              "Parent Relationship": "Outer",
              "Parallel Aware": false,
              "Join Type": "Inner",
              "Startup Cost": 4142.11,
              "Total Cost": 90689.85,
              "Plan Rows": 1077,
              "Plan Width": 123,
              "Actual Startup Time": 25.658,
              "Actual Total Time": 617.689,
              "Actual Rows": 23226,
              "Actual Loops": 1,
              "Hash Cond": "(store_sales.ss_item_sk = item.i_item_sk)",
              "Plans": [
                {
                  "Node Type": "Hash Join",
                  "Parent Relationship": "Outer",
                  "Parallel Aware": false,
                  "Join Type": "Inner",
                  "Startup Cost": 2501.11,
                  "Total Cost": 89034.04,
                  "Plan Rows": 1077,
                  "Plan Width": 8,
                  "Actual Startup Time": 13.455,
                  "Actual Total Time": 592.990,
                  "Actual Rows": 23226,
                  "Actual Loops": 1,
                  "Hash Cond": "(store_sales.ss_sold_date_sk = date_dim.d_date_sk)",
                  "Plans": [
                    {
                      "Node Type": "Seq Scan",
                      "Parent Relationship": "Outer",
                      "Parallel Aware": false,
                      "Relation Name": "store_sales",
                      "Alias": "store_sales",
                      "Startup Cost": 0.00,
                      "Total Cost": 76687.57,
                      "Plan Rows": 2622557,
                      "Plan Width": 12,
                      "Actual Startup Time": 0.030,
                      "Actual Total Time": 338.245,
                      "Actual Rows": 2485280,
                      "Actual Loops": 1
                    },
                    {
                      "Node Type": "Hash",
                      "Parent Relationship": "Inner",
                      "Parallel Aware": false,
                      "Startup Cost": 2500.73,
                      "Total Cost": 2500.73,
                      "Plan Rows": 30,
                      "Plan Width": 4,
                      "Actual Startup Time": 13.294,
                      "Actual Total Time": 13.294,
                      "Actual Rows": 30,
                      "Actual Loops": 1,
                      "Hash Buckets": 1024,
                      "Original Hash Buckets": 1024,
                      "Hash Batches": 1,
                      "Original Hash Batches": 1,
                      "Peak Memory Usage": 10,
                      "Plans": [
                        {
                          "Node Type": "Seq Scan",
                          "Parent Relationship": "Outer",
                          "Parallel Aware": false,
                          "Relation Name": "date_dim",
                          "Alias": "date_dim",
                          "Startup Cost": 0.00,
                          "Total Cost": 2500.73,
                          "Plan Rows": 30,
                          "Plan Width": 4,
                          "Actual Startup Time": 7.058,
                          "Actual Total Time": 13.281,
                          "Actual Rows": 30,
                          "Actual Loops": 1,
                          "Filter": "((d_moy = 4) AND (d_year = 1999))",
                          "Rows Removed by Filter": 73019
                        }
                      ]
                    }
                  ]
                },
                {
                  "Node Type": "Hash",
                  "Parent Relationship": "Inner",
                  "Parallel Aware": false,
                  "Startup Cost": 1416.00,
                  "Total Cost": 1416.00,
                  "Plan Rows": 18000,
                  "Plan Width": 123,
                  "Actual Startup Time": 12.176,
                  "Actual Total Time": 12.176,
                  "Actual Rows": 18000,
                  "Actual Loops": 1,
                  "Hash Buckets": 32768,
                  "Original Hash Buckets": 32768,
                  "Hash Batches": 1,
                  "Original Hash Batches": 1,
                  "Peak Memory Usage": 3031,
                  "Plans": [
                    {
                      "Node Type": "Seq Scan",
                      "Parent Relationship": "Outer",
                      "Parallel Aware": false,
                      "Relation Name": "item",
                      "Alias": "item",
                      "Startup Cost": 0.00,
                      "Total Cost": 1416.00,
                      "Plan Rows": 18000,
                      "Plan Width": 123,
                      "Actual Startup Time": 0.005,
                      "Actual Total Time": 5.665,
                      "Actual Rows": 18000,
                      "Actual Loops": 1
                    }
                  ]
                }
              ]
            },
            {
              "Node Type": "Hash",
              "Parent Relationship": "Inner",
              "Parallel Aware": false,
              "Startup Cost": 1.12,
              "Total Cost": 1.12,
              "Plan Rows": 12,
              "Plan Width": 26,
              "Actual Startup Time": 0.018,
              "Actual Total Time": 0.018,
              "Actual Rows": 12,
              "Actual Loops": 1,
              "Hash Buckets": 1024,
              "Original Hash Buckets": 1024,
              "Hash Batches": 1,
              "Original Hash Batches": 1,
              "Peak Memory Usage": 9,
              "Plans": [
                {
                  "Node Type": "Seq Scan",
                  "Parent Relationship": "Outer",
                  "Parallel Aware": false,
                  "Relation Name": "store",
                  "Alias": "store",
                  "Startup Cost": 0.00,
                  "Total Cost": 1.12,
                  "Plan Rows": 12,
                  "Plan Width": 26,
                  "Actual Startup Time": 0.008,
                  "Actual Total Time": 0.010,
                  "Actual Rows": 12,
                  "Actual Loops": 1
                }
              ]
            }
          ]
        }
      ]
    },
    "Planning Time": 0.468,
    "Triggers": [
    ],
    "Execution Time": 649.630
  }
]
