
 [                                                                                                                                                              
   {                                                                                                                                                            
     "Plan": {                                                                                                                                                  
       "Node Type": "Nested Loop",                                                                                                                              
       "Join Type": "Inner",                                                                                                                                    
       "Startup Cost": 63615.59,                                                                                                                                
       "Total Cost": 9239868.48,                                                                                                                                
       "Plan Rows": 5,                                                                                                                                          
       "Plan Width": 956,                                                                                                                                       
       "Actual Startup Time": 471230.196,                                                                                                                       
       "Actual Total Time": 71150987.554,                                                                                                                       
       "Actual Rows": 748908,                                                                                                                                   
       "Actual Loops": 1,                                                                                                                                       
       "Join Filter": "(store_sales.ss_item_sk = item.i_item_sk)",                                                                                              
       "Rows Removed by Join Filter": 152776483092,                                                                                                             
       "Plans": [                                                                                                                                               
         {                                                                                                                                                      
           "Node Type": "Seq Scan",                                                                                                                             
           "Parent Relationship": "Outer",                                                                                                                      
           "Relation Name": "item",                                                                                                                             
           "Alias": "item",                                                                                                                                     
           "Startup Cost": 0.00,                                                                                                                                
           "Total Cost": 24515.00,                                                                                                                              
           "Plan Rows": 204000,                                                                                                                                 
           "Plan Width": 504,                                                                                                                                   
           "Actual Startup Time": 222.034,                                                                                                                      
           "Actual Total Time": 1868.573,                                                                                                                       
           "Actual Rows": 204000,                                                                                                                               
           "Actual Loops": 1                                                                                                                                    
         },                                                                                                                                                     
         {                                                                                                                                                      
           "Node Type": "Materialize",                                                                                                                          
           "Parent Relationship": "Inner",                                                                                                                      
           "Startup Cost": 63615.59,                                                                                                                            
           "Total Cost": 9200053.49,                                                                                                                            
           "Plan Rows": 5,                                                                                                                                      
           "Plan Width": 452,                                                                                                                                   
           "Actual Startup Time": 0.020,                                                                                                                        
           "Actual Total Time": 254.485,                                                                                                                        
           "Actual Rows": 748908,                                                                                                                               
           "Actual Loops": 204000,                                                                                                                              
           "Plans": [                                                                                                                                           
             {                                                                                                                                                  
               "Node Type": "Nested Loop",                                                                                                                      
               "Parent Relationship": "Outer",                                                                                                                  
               "Join Type": "Inner",                                                                                                                            
               "Startup Cost": 63615.59,                                                                                                                        
               "Total Cost": 9200053.46,                                                                                                                        
               "Plan Rows": 5,                                                                                                                                  
               "Plan Width": 452,                                                                                                                               
               "Actual Startup Time": 3131.184,                                                                                                                 
               "Actual Total Time": 466489.322,                                                                                                                 
               "Actual Rows": 748908,                                                                                                                           
               "Actual Loops": 1,                                                                                                                               
               "Join Filter": "(store_sales.ss_sold_date_sk = date_dim.d_date_sk)",                                                                             
               "Rows Removed by Join Filter": 1390293467,                                                                                                       
               "Plans": [                                                                                                                                       
                 {                                                                                                                                              
                   "Node Type": "Hash Join",                                                                                                                    
                   "Parent Relationship": "Outer",                                                                                                              
                   "Join Type": "Inner",                                                                                                                        
                   "Startup Cost": 63615.59,                                                                                                                    
                   "Total Cost": 9192483.91,                                                                                                                    
                   "Plan Rows": 959,     
                   "Plan Width": 334,                                                                                                                           
                   "Actual Startup Time": 3120.636,                                                                                                             
                   "Actual Total Time": 223836.566,                                                                                                             
                   "Actual Rows": 3811075,                                                                                                                      
                   "Actual Loops": 1,                                                                                                                           
                   "Hash Cond": "(store_sales.ss_promo_sk = promotion.p_promo_sk)",                                                                             
                   "Plans": [                                                                                                                                   
                     {                                                                                                                                          
                       "Node Type": "Hash Join",                                                                                                                
                       "Parent Relationship": "Outer",                                                                                                          
                       "Join Type": "Inner",                                                                                                                    
                       "Startup Cost": 63562.09,                                                                                                                
                       "Total Cost": 9192417.07,                                                                                                                
                       "Plan Rows": 1002,                                                                                                                       
                       "Plan Width": 167,                                                                                                                       
                       "Actual Startup Time": 3119.896,                                                                                                         
                       "Actual Total Time": 220485.852,                                                                                                         
                       "Actual Rows": 3922732,                                                                                                                  
                       "Actual Loops": 1,                                                                                                                       
                       "Hash Cond": "(store_sales.ss_cdemo_sk = customer_demographics.cd_demo_sk)",                                                             
                       "Plans": [                                                                                                                               
                         {                                                                                                                                      
                           "Node Type": "Seq Scan",                                                                                                             
                           "Parent Relationship": "Outer",                                                                                                      
                           "Relation Name": "store_sales",                                                                                                      
                           "Alias": "store_sales",                                                                                                              
                           "Startup Cost": 0.00,                                                                                                                
                           "Total Cost": 8048855.88,                                                                                                            
                           "Plan Rows": 287997088,                                                                                                              
                           "Plan Width": 111,                                                                                                                   
                           "Actual Startup Time": 0.018,                                                                                                        
                           "Actual Total Time": 175140.778,                                                                                                     
                           "Actual Rows": 287997024,                                                                                                            
                           "Actual Loops": 1                                                                                                                    
                         },                                                                                                                                     
                         {                                                                                                                                      
                           "Node Type": "Hash",                                                                                                                 
                           "Parent Relationship": "Inner",                                                                                                      
                           "Startup Cost": 63562.00,                                                                                                            
                           "Total Cost": 63562.00,                                                                                                              
                           "Plan Rows": 7,                                                                                                                      
                           "Plan Width": 56,                                                                                                                    
                           "Actual Startup Time": 3119.493,                                                                                                     
                           "Actual Total Time": 3119.493,                                                                                                       
                           "Actual Rows": 27440,                                                                                                                
                           "Actual Loops": 1,                                                                                                                   
                           "Hash Buckets": 32768,                                                                                                               
                           "Original Hash Buckets": 1024,                                                                                                       
                           "Hash Batches": 1,                                                                                                                   
                           "Original Hash Batches": 1,                                                                                                          
                           "Peak Memory Usage": 2722,                                                                                                           
                           "Plans": [                                                                                                                           
                             {                                                                                                                                  
                               "Node Type": "Seq Scan",                                                                                                         
                               "Parent Relationship": "Outer",                                                                                                  
                               "Relation Name": "customer_demographics",                                                                                        
                               "Alias": "customer_demographics",                                                                                                
                               "Startup Cost": 0.00,                                                                                                            
                               "Total Cost": 63562.00,                                                                                                          
                               "Plan Rows": 7,                                                                                                                  
                               "Plan Width": 56,                                                                                                                
                               "Actual Startup Time": 2653.608,                                                                                                 
                               "Actual Total Time": 3110.959, 
                               
                               "Actual Rows": 27440,                                                                                                            
                               "Actual Loops": 1,                                                                                                               
                               "Filter": "((cd_gender = 'M'::bpchar) AND (cd_marital_status = 'M'::bpchar) AND (cd_education_status = '4 yr Degree'::bpchar))", 
                               "Rows Removed by Filter": 1893360                                                                                                
                             }                                                                                                                                  
                           ]                                                                                                                                    
                         }                                                                                                                                      
                       ]                                                                                                                                        
                     },                                                                                                                                         
                     {                                                                                                                                          
                       "Node Type": "Hash",                                                                                                                     
                       "Parent Relationship": "Inner",                                                                                                          
                       "Startup Cost": 41.00,                                                                                                                   
                       "Total Cost": 41.00,                                                                                                                     
                       "Plan Rows": 1000,                                                                                                                       
                       "Plan Width": 167,                                                                                                                       
                       "Actual Startup Time": 0.682,                                                                                                            
                       "Actual Total Time": 0.682,                                                                                                              
                       "Actual Rows": 995,                                                                                                                      
                       "Actual Loops": 1,                                                                                                                       
                       "Hash Buckets": 1024,                                                                                                                    
                       "Original Hash Buckets": 1024,                                                                                                           
                       "Hash Batches": 1,                                                                                                                       
                       "Original Hash Batches": 1,                                                                                                              
                       "Peak Memory Usage": 207,                                                                                                                
                       "Plans": [                                                                                                                               
                         {                                                                                                                                      
                           "Node Type": "Seq Scan",                                                                                                             
                           "Parent Relationship": "Outer",                                                                                                      
                           "Relation Name": "promotion",                                                                                                        
                           "Alias": "promotion",                                                                                                                
                           "Startup Cost": 0.00,                                                                                                                
                           "Total Cost": 41.00,                                                                                                                 
                           "Plan Rows": 1000,                                                                                                                   
                           "Plan Width": 167,                                                                                                                   
                           "Actual Startup Time": 0.012,                                                                                                        
                           "Actual Total Time": 0.417,                                                                                                          
                           "Actual Rows": 995,                                                                                                                  
                           "Actual Loops": 1,                                                                                                                   
                           "Filter": "((p_channel_email = 'N'::bpchar) OR (p_channel_event = 'N'::bpchar))",                                                    
                           "Rows Removed by Filter": 5                                                                                                          
                         }                                                                                                                                      
                       ]                                                                                                                                        
                     }                                                                                                                                          
                   ]                                                                                                                                            
                 },                                                                                                                                             
                 {                                                                                                                                              
                   "Node Type": "Materialize",                                                                                                                  
                   "Parent Relationship": "Inner",                                                                                                              
                   "Startup Cost": 0.00,                                                                                                                        
                   "Total Cost": 2319.94,                                                                                                                       
                   "Plan Rows": 365,                                                                                                                            
                   "Plan Width": 118,                                                                                                                           
                   "Actual Startup Time": 0.000,                                                                                                                
                   "Actual Total Time": 0.021,                                                                                                                  
                   "Actual Rows": 365,                                                                                                                          
                   "Actual Loops": 3811075,                                                                                                                     
                   "Plans": [                                                                                                                                   
                     {                                                                                                                                          
                       "Node Type": "Seq Scan",                                                                                                                 
                       "Parent Relationship": "Outer",                                                                                                          
                       "Relation Name": "date_dim",                                                                                                             
                       "Alias": "date_dim",        
                       "Startup Cost": 0.00,                                                                                                                    
                       "Total Cost": 2318.11,                                                                                                                   
                       "Plan Rows": 365,                                                                                                                        
                       "Plan Width": 118,                                                                                                                       
                       "Actual Startup Time": 10.327,                                                                                                           
                       "Actual Total Time": 18.671,                                                                                                             
                       "Actual Rows": 365,                                                                                                                      
                       "Actual Loops": 1,                                                                                                                       
                       "Filter": "(d_year = 2001)",                                                                                                             
                       "Rows Removed by Filter": 72684                                                                                                          
                     }                                                                                                                                          
                   ]                                                                                                                                            
                 }                                                                                                                                              
               ]                                                                                                                                                
             }                                                                                                                                                  
           ]                                                                                                                                                    
         }                                                                                                                                                      
       ]                                                                                                                                                        
     },                                                                                                                                                         
     "Planning Time": 2.075,                                                                                                                                    
     "Triggers": [                                                                                                                                              
     ],                                                                                                                                                         
     "Execution Time": 71151406.251                                                                                                                             
   }                                                                                                                                                            
 ]

         
