[
  {
    "Plan": {
      "Node Type": "Hash Join",
      "Join Type": "Inner",
      "Startup Cost": 27531.87,
      "Total Cost": 5746212.99,
      "Plan Rows": 347,
      "Plan Width": 788,
      "Actual Startup Time": 47269.858,
      "Actual Total Time": 112928.962,
      "Actual Rows": 7264,
      "Actual Loops": 1,
      "Hash Cond": "(catalog_sales.cs_item_sk = item.i_item_sk)",
      "Plans": [
        {
          "Node Type": "Hash Join",
          "Parent Relationship": "Outer",
          "Join Type": "Inner",
          "Startup Cost": 2501.86,
          "Total Cost": 5720517.90,
          "Plan Rows": 176430,
          "Plan Width": 284,
          "Actual Startup Time": 47082.416,
          "Actual Total Time": 112390.178,
          "Actual Rows": 4210616,
          "Actual Loops": 1,
          "Hash Cond": "(catalog_sales.cs_sold_date_sk = date_dim.d_date_sk)",
          "Plans": [
            {
              "Node Type": "Seq Scan",
              "Parent Relationship": "Outer",
              "Relation Name": "catalog_sales",
              "Alias": "catalog_sales",
              "Startup Cost": 0.00,
              "Total Cost": 5176262.72,
              "Plan Rows": 143997072,
              "Plan Width": 166,
              "Actual Startup Time": 0.209,
              "Actual Total Time": 91597.002,
              "Actual Rows": 143997065,
              "Actual Loops": 1
            },
            {
              "Node Type": "Hash",
              "Parent Relationship": "Inner",
              "Startup Cost": 2500.73,
              "Total Cost": 2500.73,
              "Plan Rows": 90,
              "Plan Width": 118,
              "Actual Startup Time": 15.098,
              "Actual Total Time": 15.098,
              "Actual Rows": 93,
              "Actual Loops": 1,
              "Hash Buckets": 1024,
              "Original Hash Buckets": 1024,
              "Hash Batches": 1,
              "Original Hash Batches": 1,
              "Peak Memory Usage": 22,
              "Plans": [
                {
                  "Node Type": "Seq Scan",
                  "Parent Relationship": "Outer",
                  "Relation Name": "date_dim",
                  "Alias": "date_dim",
                  "Startup Cost": 0.00,
                  "Total Cost": 2500.73,
                  "Plan Rows": 90,
                  "Plan Width": 118,
                  "Actual Startup Time": 7.011,
                  "Actual Total Time": 15.062,
                  "Actual Rows": 93,
                  "Actual Loops": 1,
                  "Filter": "((d_date >= '2000-03-22'::date) AND (d_date <= '2000-06-22'::date))",
                  "Rows Removed by Filter": 72956
                }
              ]
            }
          ]
        },
        {
          "Node Type": "Hash",
          "Parent Relationship": "Inner",
          "Startup Cost": 25025.00,
          "Total Cost": 25025.00,
          "Plan Rows": 401,
          "Plan Width": 504,
          "Actual Startup Time": 112.290,
          "Actual Total Time": 112.290,
          "Actual Rows": 354,
          "Actual Loops": 1,
          "Hash Buckets": 1024,
          "Original Hash Buckets": 1024,
          "Hash Batches": 1,
          "Original Hash Batches": 1,
          "Peak Memory Usage": 195,
          "Plans": [
            {
              "Node Type": "Seq Scan",
              "Parent Relationship": "Outer",
              "Relation Name": "item",
              "Alias": "item",
              "Startup Cost": 0.00,
              "Total Cost": 25025.00,
              "Plan Rows": 401,
              "Plan Width": 504,
              "Actual Startup Time": 0.301,
              "Actual Total Time": 112.068,
              "Actual Rows": 354,
              "Actual Loops": 1,
              "Filter": "(i_manufact_id = 291)",
              "Rows Removed by Filter": 203646
            }
          ]
        }
      ]
    },
    "Planning Time": 0.416,
    "Triggers": [
    ],
    "Execution Time": 112929.699
  }
]