[
  {
    "Plan": {
      "Node Type": "Hash Join",
      "Join Type": "Inner",
      "Startup Cost": 2347.50,
      "Total Cost": 9157472.16,
      "Plan Rows": 733675,
      "Plan Width": 517,
      "Actual Startup Time": 23.181,
      "Actual Total Time": 163174.487,
      "Actual Rows": 30082688,
      "Actual Loops": 1,
      "Hash Cond": "(store_sales.ss_store_sk = store.s_store_sk)",
      "Plans": [
        {
          "Node Type": "Hash Join",
          "Parent Relationship": "Outer",
          "Join Type": "Inner",
          "Startup Cost": 2322.68,
          "Total Cost": 9144944.32,
          "Plan Rows": 1377669,
          "Plan Width": 229,
          "Actual Startup Time": 21.889,
          "Actual Total Time": 135862.591,
          "Actual Rows": 55293752,
          "Actual Loops": 1,
          "Hash Cond": "(store_sales.ss_sold_date_sk = date_dim.d_date_sk)",
          "Plans": [
            {
              "Node Type": "Seq Scan",
              "Parent Relationship": "Outer",
              "Relation Name": "store_sales",
              "Alias": "store_sales",
              "Startup Cost": 0.00,
              "Total Cost": 8048855.88,
              "Plan Rows": 287997088,
              "Plan Width": 111,
              "Actual Startup Time": 0.314,
              "Actual Total Time": 62414.901,
              "Actual Rows": 287997024,
              "Actual Loops": 1
            },
            {
              "Node Type": "Hash",
              "Parent Relationship": "Inner",
              "Startup Cost": 2318.11,
              "Total Cost": 2318.11,
              "Plan Rows": 365,
              "Plan Width": 118,
              "Actual Startup Time": 21.539,
              "Actual Total Time": 21.539,
              "Actual Rows": 366,
              "Actual Loops": 1,
              "Hash Buckets": 1024,
              "Original Hash Buckets": 1024,
              "Hash Batches": 1,
              "Original Hash Batches": 1,
              "Peak Memory Usage": 64,
              "Plans": [
                {
                  "Node Type": "Seq Scan",
                  "Parent Relationship": "Outer",
                  "Relation Name": "date_dim",
                  "Alias": "date_dim",
                  "Startup Cost": 0.00,
                  "Total Cost": 2318.11,
                  "Plan Rows": 365,
                  "Plan Width": 118,
                  "Actual Startup Time": 10.628,
                  "Actual Total Time": 21.440,
                  "Actual Rows": 366,
                  "Actual Loops": 1,
                  "Filter": "(d_year = 2000)",
                  "Rows Removed by Filter": 72683
                }
              ]
            }
          ]
        },
        {
          "Node Type": "Hash",
          "Parent Relationship": "Inner",
          "Startup Cost": 22.02,
          "Total Cost": 22.02,
          "Plan Rows": 224,
          "Plan Width": 288,
          "Actual Startup Time": 0.824,
          "Actual Total Time": 0.824,
          "Actual Rows": 224,
          "Actual Loops": 1,
          "Hash Buckets": 1024,
          "Original Hash Buckets": 1024,
          "Hash Batches": 1,
          "Original Hash Batches": 1,
          "Peak Memory Usage": 82,
          "Plans": [
            {
              "Node Type": "Seq Scan",
              "Parent Relationship": "Outer",
              "Relation Name": "store",
              "Alias": "store",
              "Startup Cost": 0.00,
              "Total Cost": 22.02,
              "Plan Rows": 224,
              "Plan Width": 288,
              "Actual Startup Time": 0.014,
              "Actual Total Time": 0.709,
              "Actual Rows": 224,
              "Actual Loops": 1,
              "Filter": "(s_gmt_offset = '-5'::numeric)",
              "Rows Removed by Filter": 178
            }
          ]
        }
      ]
    },
    "Planning Time": 5.896,
    "Triggers": [
    ],
    "Execution Time": 164635.908
  }
]