[
  {
    "Plan": {
      "Node Type": "Hash Join",
      "Join Type": "Inner",
      "Startup Cost": 42566.22,
      "Total Cost": 9320343.27,
      "Plan Rows": 1179120,
      "Plan Width": 1021,
      "Actual Startup Time": 724.367,
      "Actual Total Time": 336525.951,
      "Actual Rows": 6639097,
      "Actual Loops": 1,
      "Hash Cond": "(store_sales.ss_store_sk = store.s_store_sk)",
      "Plans": [
        {
          "Node Type": "Hash Join",
          "Parent Relationship": "Outer",
          "Join Type": "Inner",
          "Startup Cost": 42536.68,
          "Total Cost": 9303356.27,
          "Plan Rows": 1377669,
          "Plan Width": 733,
          "Actual Startup Time": 722.808,
          "Actual Total Time": 325753.189,
          "Actual Rows": 54727485,
          "Actual Loops": 1,
          "Hash Cond": "(store_sales.ss_item_sk = item.i_item_sk)",
          "Plans": [
            {
              "Node Type": "Hash Join",
              "Parent Relationship": "Outer",
              "Join Type": "Inner",
              "Startup Cost": 2322.68,
              "Total Cost": 9144944.32,
              "Plan Rows": 1377669,
              "Plan Width": 229,
              "Actual Startup Time": 14.580,
              "Actual Total Time": 172262.057,
              "Actual Rows": 54727485,
              "Actual Loops": 1,
              "Hash Cond": "(store_sales.ss_sold_date_sk = d1.d_date_sk)",
              "Plans": [
                {
                  "Node Type": "Seq Scan",
                  "Parent Relationship": "Outer",
                  "Relation Name": "store_sales",
                  "Alias": "store_sales",
                  "Startup Cost": 0.00,
                  "Total Cost": 8048855.88,
                  "Plan Rows": 287997088,
                  "Plan Width": 111,
                  "Actual Startup Time": 0.167,
                  "Actual Total Time": 99942.013,
                  "Actual Rows": 287997024,
                  "Actual Loops": 1
                },
                {
                  "Node Type": "Hash",
                  "Parent Relationship": "Inner",
                  "Startup Cost": 2318.11,
                  "Total Cost": 2318.11,
                  "Plan Rows": 365,
                  "Plan Width": 118,
                  "Actual Startup Time": 14.318,
                  "Actual Total Time": 14.318,
                  "Actual Rows": 365,
                  "Actual Loops": 1,
                  "Hash Buckets": 1024,
                  "Original Hash Buckets": 1024,
                  "Hash Batches": 1,
                  "Original Hash Batches": 1,
                  "Peak Memory Usage": 63,
                  "Plans": [
                    {
                      "Node Type": "Seq Scan",
                      "Parent Relationship": "Outer",
                      "Relation Name": "date_dim",
                      "Alias": "d1",
                      "Startup Cost": 0.00,
                      "Total Cost": 2318.11,
                      "Plan Rows": 365,
                      "Plan Width": 118,
                      "Actual Startup Time": 7.109,
                      "Actual Total Time": 14.245,
                      "Actual Rows": 365,
                      "Actual Loops": 1,
                      "Filter": "(d_year = 2001)",
                      "Rows Removed by Filter": 72684
                    }
                  ]
                }
              ]
            },
            {
              "Node Type": "Hash",
              "Parent Relationship": "Inner",
              "Startup Cost": 24515.00,
              "Total Cost": 24515.00,
              "Plan Rows": 204000,
              "Plan Width": 504,
              "Actual Startup Time": 705.904,
              "Actual Total Time": 705.904,
              "Actual Rows": 204000,
              "Actual Loops": 1,
              "Hash Buckets": 8192,
              "Original Hash Buckets": 8192,
              "Hash Batches": 32,
              "Original Hash Batches": 32,
              "Peak Memory Usage": 3572,
              "Plans": [
                {
                  "Node Type": "Seq Scan",
                  "Parent Relationship": "Outer",
                  "Relation Name": "item",
                  "Alias": "item",
                  "Startup Cost": 0.00,
                  "Total Cost": 24515.00,
                  "Plan Rows": 204000,
                  "Plan Width": 504,
                  "Actual Startup Time": 0.003,
                  "Actual Total Time": 481.419,
                  "Actual Rows": 204000,
                  "Actual Loops": 1
                }
              ]
            }
          ]
        },
        {
          "Node Type": "Hash",
          "Parent Relationship": "Inner",
          "Startup Cost": 25.04,
          "Total Cost": 25.04,
          "Plan Rows": 360,
          "Plan Width": 288,
          "Actual Startup Time": 0.834,
          "Actual Total Time": 0.834,
          "Actual Rows": 45,
          "Actual Loops": 1,
          "Hash Buckets": 1024,
          "Original Hash Buckets": 1024,
          "Hash Batches": 1,
          "Original Hash Batches": 1,
          "Peak Memory Usage": 23,
          "Plans": [
            {
              "Node Type": "Seq Scan",
              "Parent Relationship": "Outer",
              "Relation Name": "store",
              "Alias": "store",
              "Startup Cost": 0.00,
              "Total Cost": 25.04,
              "Plan Rows": 360,
              "Plan Width": 288,
              "Actual Startup Time": 0.014,
              "Actual Total Time": 0.809,
              "Actual Rows": 45,
              "Actual Loops": 1,
              "Filter": "(s_state = ANY ('{TN,TN,TN,TN,TN,TN,TN,TN}'::bpchar[]))",
              "Rows Removed by Filter": 357
            }
          ]
        }
      ]
    },
    "Planning Time": 6.525,
    "Triggers": [
    ],
    "Execution Time": 336877.931
  }
]