[
  {
    "Plan": {
      "Node Type": "Hash Join",
      "Join Type": "Inner",
      "Startup Cost": 37639.55,
      "Total Cost": 5765292.14,
      "Plan Rows": 2615,
      "Plan Width": 828,
      "Actual Startup Time": 41011.730,
      "Actual Total Time": 117725.267,
      "Actual Rows": 17858,
      "Actual Loops": 1,
      "Hash Cond": "(cs1.cs_call_center_sk = call_center.cc_call_center_sk)",
      "Plans": [
        {
          "Node Type": "Hash Join",
          "Parent Relationship": "Outer",
          "Join Type": "Inner",
          "Startup Cost": 37636.75,
          "Total Cost": 5765251.36,
          "Plan Rows": 3155,
          "Plan Width": 429,
          "Actual Startup Time": 41011.697,
          "Actual Total Time": 117694.012,
          "Actual Rows": 89781,
          "Actual Loops": 1,
          "Hash Cond": "(cs1.cs_ship_addr_sk = customer_address.ca_address_sk)",
          "Plans": [
            {
              "Node Type": "Hash Join",
              "Parent Relationship": "Outer",
              "Join Type": "Inner",
              "Startup Cost": 2501.50,
              "Total Cost": 5719949.84,
              "Plan Rows": 119660,
              "Plan Width": 284,
              "Actual Startup Time": 40703.179,
              "Actual Total Time": 112136.412,
              "Actual Rows": 3387420,
              "Actual Loops": 1,
              "Hash Cond": "(cs1.cs_ship_date_sk = date_dim.d_date_sk)",
              "Plans": [
                {
                  "Node Type": "Seq Scan",
                  "Parent Relationship": "Outer",
                  "Relation Name": "catalog_sales",
                  "Alias": "cs1",
                  "Startup Cost": 0.00,
                  "Total Cost": 5176262.72,
                  "Plan Rows": 143997072,
                  "Plan Width": 166,
                  "Actual Startup Time": 0.168,
                  "Actual Total Time": 90303.229,
                  "Actual Rows": 143997065,
                  "Actual Loops": 1
                },
                {
                  "Node Type": "Hash",
                  "Parent Relationship": "Inner",
                  "Startup Cost": 2500.73,
                  "Total Cost": 2500.73,
                  "Plan Rows": 61,
                  "Plan Width": 118,
                  "Actual Startup Time": 14.628,
                  "Actual Total Time": 14.628,
                  "Actual Rows": 62,
                  "Actual Loops": 1,
                  "Hash Buckets": 1024,
                  "Original Hash Buckets": 1024,
                  "Hash Batches": 1,
                  "Original Hash Batches": 1,
                  "Peak Memory Usage": 18,
                  "Plans": [
                    {
                      "Node Type": "Seq Scan",
                      "Parent Relationship": "Outer",
                      "Relation Name": "date_dim",
                      "Alias": "date_dim",
                      "Startup Cost": 0.00,
                      "Total Cost": 2500.73,
                      "Plan Rows": 61,
                      "Plan Width": 118,
                      "Actual Startup Time": 6.435,
                      "Actual Total Time": 14.596,
                      "Actual Rows": 62,
                      "Actual Loops": 1,
                      "Filter": "((d_date >= '2000-03-01'::date) AND (d_date <= '2000-05-01'::date))",
                      "Rows Removed by Filter": 72987
                    }
                  ]
                }
              ]
            },
            {
              "Node Type": "Hash",
              "Parent Relationship": "Inner",
              "Startup Cost": 34234.00,
              "Total Cost": 34234.00,
              "Plan Rows": 26500,
              "Plan Width": 145,
              "Actual Startup Time": 287.050,
              "Actual Total Time": 287.050,
              "Actual Rows": 26756,
              "Actual Loops": 1,
              "Hash Buckets": 32768,
              "Original Hash Buckets": 32768,
              "Hash Batches": 2,
              "Original Hash Batches": 2,
              "Peak Memory Usage": 2589,
              "Plans": [
                {
                  "Node Type": "Seq Scan",
                  "Parent Relationship": "Outer",
                  "Relation Name": "customer_address",
                  "Alias": "customer_address",
                  "Startup Cost": 0.00,
                  "Total Cost": 34234.00,
                  "Plan Rows": 26500,
                  "Plan Width": 145,
                  "Actual Startup Time": 0.040,
                  "Actual Total Time": 274.926,
                  "Actual Rows": 26756,
                  "Actual Loops": 1,
                  "Filter": "(ca_state = 'MN'::bpchar)",
                  "Rows Removed by Filter": 973244
                }
              ]
            }
          ]
        },
        {
          "Node Type": "Hash",
          "Parent Relationship": "Inner",
          "Startup Cost": 2.49,
          "Total Cost": 2.49,
          "Plan Rows": 25,
          "Plan Width": 399,
          "Actual Startup Time": 0.022,
          "Actual Total Time": 0.022,
          "Actual Rows": 5,
          "Actual Loops": 1,
          "Hash Buckets": 1024,
          "Original Hash Buckets": 1024,
          "Hash Batches": 1,
          "Original Hash Batches": 1,
          "Peak Memory Usage": 11,
          "Plans": [
            {
              "Node Type": "Seq Scan",
              "Parent Relationship": "Outer",
              "Relation Name": "call_center",
              "Alias": "call_center",
              "Startup Cost": 0.00,
              "Total Cost": 2.49,
              "Plan Rows": 25,
              "Plan Width": 399,
              "Actual Startup Time": 0.005,
              "Actual Total Time": 0.019,
              "Actual Rows": 5,
              "Actual Loops": 1,
              "Filter": "(cc_county = ANY ('{Williamson County,Williamson County,Williamson County,Williamson County,Williamson County}'::bpchar[]))",
              "Rows Removed by Filter": 25
            }
          ]
        }
      ]
    },
    "Planning Time": 1.706,
    "Triggers": [
    ],
    "Execution Time": 117726.768
  }
]