[
  {
    "Plan": {
      "Node Type": "Hash Join",
      "Join Type": "Inner",
      "Startup Cost": 2684.87,
      "Total Cost": 9136096.90,
      "Plan Rows": 456707,
      "Plan Width": 229,
      "Actual Startup Time": 42.275,
      "Actual Total Time": 155282.126,
      "Actual Rows": 10525354,
      "Actual Loops": 1,
      "Hash Cond": "(store_sales.ss_sold_date_sk = date_dim.d_date_sk)",
      "Plans": [
        {
          "Node Type": "Seq Scan",
          "Parent Relationship": "Outer",
          "Relation Name": "store_sales",
          "Alias": "store_sales",
          "Startup Cost": 0.00,
          "Total Cost": 8048855.88,
          "Plan Rows": 287997088,
          "Plan Width": 111,
          "Actual Startup Time": 0.184,
          "Actual Total Time": 114237.046,
          "Actual Rows": 287997024,
          "Actual Loops": 1
        },
        {
          "Node Type": "Hash",
          "Parent Relationship": "Inner",
          "Startup Cost": 2683.36,
          "Total Cost": 2683.36,
          "Plan Rows": 121,
          "Plan Width": 118,
          "Actual Startup Time": 41.510,
          "Actual Total Time": 41.510,
          "Actual Rows": 121,
          "Actual Loops": 1,
          "Hash Buckets": 1024,
          "Original Hash Buckets": 1024,
          "Hash Batches": 1,
          "Original Hash Batches": 1,
          "Peak Memory Usage": 27,
          "Plans": [
            {
              "Node Type": "Seq Scan",
              "Parent Relationship": "Outer",
              "Relation Name": "date_dim",
              "Alias": "date_dim",
              "Startup Cost": 0.00,
              "Total Cost": 2683.36,
              "Plan Rows": 121,
              "Plan Width": 118,
              "Actual Startup Time": 21.252,
              "Actual Total Time": 41.466,
              "Actual Rows": 121,
              "Actual Loops": 1,
              "Filter": "((d_moy >= 2) AND (d_moy <= 5) AND (d_year = 2000))",
              "Rows Removed by Filter": 72928
            }
          ]
        }
      ]
    },
    "Planning Time": 0.220,
    "Triggers": [
    ],
    "Execution Time": 155822.114
  }
]