[
  {
    "Plan": {
      "Node Type": "Hash Join",
      "Join Type": "Inner",
      "Startup Cost": 42718.66,
      "Total Cost": 9286934.48,
      "Plan Rows": 1185173,
      "Plan Width": 733,
      "Actual Startup Time": 690.523,
      "Actual Total Time": 321715.685,
      "Actual Rows": 55023600,
      "Actual Loops": 1,
      "Hash Cond": "(store_sales.ss_item_sk = item.i_item_sk)",
      "Plans": [
        {
          "Node Type": "Hash Join",
          "Parent Relationship": "Outer",
          "Join Type": "Inner",
          "Startup Cost": 2504.66,
          "Total Cost": 9143201.35,
          "Plan Rows": 1185173,
          "Plan Width": 229,
          "Actual Startup Time": 15.713,
          "Actual Total Time": 172507.898,
          "Actual Rows": 55023600,
          "Actual Loops": 1,
          "Hash Cond": "(store_sales.ss_sold_date_sk = date_dim.d_date_sk)",
          "Plans": [
            {
              "Node Type": "Seq Scan",
              "Parent Relationship": "Outer",
              "Relation Name": "store_sales",
              "Alias": "store_sales",
              "Startup Cost": 0.00,
              "Total Cost": 8048855.88,
              "Plan Rows": 287997088,
              "Plan Width": 111,
              "Actual Startup Time": 0.005,
              "Actual Total Time": 102585.383,
              "Actual Rows": 287997024,
              "Actual Loops": 1
            },
            {
              "Node Type": "Hash",
              "Parent Relationship": "Inner",
              "Startup Cost": 2500.73,
              "Total Cost": 2500.73,
              "Plan Rows": 314,
              "Plan Width": 118,
              "Actual Startup Time": 15.684,
              "Actual Total Time": 15.684,
              "Actual Rows": 365,
              "Actual Loops": 1,
              "Hash Buckets": 1024,
              "Original Hash Buckets": 1024,
              "Hash Batches": 1,
              "Original Hash Batches": 1,
              "Peak Memory Usage": 63,
              "Plans": [
                {
                  "Node Type": "Seq Scan",
                  "Parent Relationship": "Outer",
                  "Relation Name": "date_dim",
                  "Alias": "date_dim",
                  "Startup Cost": 0.00,
                  "Total Cost": 2500.73,
                  "Plan Rows": 314,
                  "Plan Width": 118,
                  "Actual Startup Time": 6.944,
                  "Actual Total Time": 15.594,
                  "Actual Rows": 365,
                  "Actual Loops": 1,
                  "Filter": "((d_month_seq >= 1214) AND (d_month_seq <= 1225))",
                  "Rows Removed by Filter": 72684
                }
              ]
            }
          ]
        },
        {
          "Node Type": "Hash",
          "Parent Relationship": "Inner",
          "Startup Cost": 24515.00,
          "Total Cost": 24515.00,
          "Plan Rows": 204000,
          "Plan Width": 504,
          "Actual Startup Time": 672.083,
          "Actual Total Time": 672.083,
          "Actual Rows": 204000,
          "Actual Loops": 1,
          "Hash Buckets": 8192,
          "Original Hash Buckets": 8192,
          "Hash Batches": 32,
          "Original Hash Batches": 32,
          "Peak Memory Usage": 3572,
          "Plans": [
            {
              "Node Type": "Seq Scan",
              "Parent Relationship": "Outer",
              "Relation Name": "item",
              "Alias": "item",
              "Startup Cost": 0.00,
              "Total Cost": 24515.00,
              "Plan Rows": 204000,
              "Plan Width": 504,
              "Actual Startup Time": 0.017,
              "Actual Total Time": 481.207,
              "Actual Rows": 204000,
              "Actual Loops": 1
            }
          ]
        }
      ]
    },
    "Planning Time": 0.390,
    "Triggers": [
    ],
    "Execution Time": 324064.386
  }
]