 [                                                                                     
   {                                                                                   
     "Plan": {                                                                         
       "Node Type": "Hash Join",                                                       
       "Join Type": "Inner",                                                           
       "Startup Cost": 5828.63,                                                        
       "Total Cost": 5740810.18,                                                       
       "Plan Rows": 23636,                                                             
       "Plan Width": 492,                                                              
       "Actual Startup Time": 22443.182,                                               
       "Actual Total Time": 133422.519,                                                
       "Actual Rows": 1276181,                                                         
       "Actual Loops": 1,                                                              
       "Hash Cond": "(catalog_sales.cs_sold_time_sk = time_dim.t_time_sk)",            
       "Plans": [                                                                      
         {                                                                             
           "Node Type": "Hash Join",                                                   
           "Parent Relationship": "Outer",                                             
           "Join Type": "Inner",                                                       
           "Startup Cost": 2323.95,                                                    
           "Total Cost": 5729125.40,                                                   
           "Plan Rows": 71130,                                                         
           "Plan Width": 389,                                                          
           "Actual Startup Time": 22322.660,                                           
           "Actual Total Time": 127642.007,                                            
           "Actual Rows": 2840659,                                                     
           "Actual Loops": 1,                                                          
           "Hash Cond": "(catalog_sales.cs_ship_mode_sk = ship_mode.sm_ship_mode_sk)", 
           "Plans": [                                                                  
             {                                                                         
               "Node Type": "Hash Join",                                               
               "Parent Relationship": "Outer",                                         
               "Join Type": "Inner",                                                   
               "Startup Cost": 2322.68,                                                
               "Total Cost": 5725729.62,                                               
               "Plan Rows": 715521,                                                    
               "Plan Width": 284,                                                      
               "Actual Startup Time": 22316.268,                                       
               "Actual Total Time": 123581.055,                                        
               "Actual Rows": 28493554,                                                
               "Actual Loops": 1,                                                      
               "Hash Cond": "(catalog_sales.cs_sold_date_sk = date_dim.d_date_sk)",    
               "Plans": [                                                              
                 {                                                                     
                   "Node Type": "Seq Scan",                                            
                   "Parent Relationship": "Outer",                                     
                   "Relation Name": "catalog_sales",                                   
                   "Alias": "catalog_sales",                                           
                   "Startup Cost": 0.00,                                               
                   "Total Cost": 5176262.72,                                           
                   "Plan Rows": 143997072,                                             
                   "Plan Width": 166,                                                  
                   "Actual Startup Time": 0.162,                                       
                   "Actual Total Time": 86370.942,                                     
                   "Actual Rows": 143997065,                                           
                   "Actual Loops": 1                                                   
                 },                                                                    
                 {                                                                     
                   "Node Type": "Hash",                                                
                   "Parent Relationship": "Inner",                                     
                   "Startup Cost": 2318.11,                                            
                   "Total Cost": 2318.11,                                              
                   "Plan Rows": 365,                                                   
                   "Plan Width": 118,                                                  
                   "Actual Startup Time": 16.760,                                      
                   "Actual Total Time": 16.760,                                        
                   "Actual Rows": 365,                                                 
                   "Actual Loops": 1,                                                  
                   "Hash Buckets": 1024,                                               
                   "Original Hash Buckets": 1024,                                      
                   "Hash Batches": 1,                                                  
                   "Original Hash Batches": 1,                                         
                   "Peak Memory Usage": 63,                                            
                   "Plans": [                                                          
                     {                                                                 
                       "Node Type": "Seq Scan",                                        
                       "Parent Relationship": "Outer",                                 
                       "Relation Name": "date_dim",                                    
                       "Alias": "date_dim",                                            
                       "Startup Cost": 0.00,                                           
                       "Total Cost": 2318.11,                                          
                       "Plan Rows": 365,                                               
                       "Plan Width": 118,                                              
                       "Actual Startup Time": 8.342,                                   
                       "Actual Total Time": 16.670,                                    
                       "Actual Rows": 365,                                             
                       "Actual Loops": 1,                                              
                       "Filter": "(d_year = 1999)",                                    
                       "Rows Removed by Filter": 72684                                 
                     }                                                                 
                   ]                                                                   
                 }                                                                     
               ]                                                                       
             },                                                                        
             {                                                                         
               "Node Type": "Hash",                                                    
               "Parent Relationship": "Inner",                                         
               "Startup Cost": 1.25,                                                   
               "Total Cost": 1.25,                                                     
               "Plan Rows": 2,                                                         
               "Plan Width": 105,                                                      
               "Actual Startup Time": 0.012,                                           
               "Actual Total Time": 0.012,                                             
               "Actual Rows": 2,                                                       
               "Actual Loops": 1,                                                      
               "Hash Buckets": 1024,                                                   
               "Original Hash Buckets": 1024,                                          
               "Hash Batches": 1,                                                      
               "Original Hash Batches": 1,                                             
               "Peak Memory Usage": 9,                                                 
               "Plans": [                                                              
                 {                                                                     
                   "Node Type": "Seq Scan",                                            
                   "Parent Relationship": "Outer",                                     
                   "Relation Name": "ship_mode",                                       
                   "Alias": "ship_mode",                                               
                   "Startup Cost": 0.00,                                               
                   "Total Cost": 1.25,                                                 
                   "Plan Rows": 2,                                                     
                   "Plan Width": 105,                                                  
                   "Actual Startup Time": 0.007,                                       
                   "Actual Total Time": 0.010,                                         
                   "Actual Rows": 2,                                                   
                   "Actual Loops": 1,                                                  
                   "Filter": "(sm_carrier = ANY ('{DIAMOND,ZOUROS}'::bpchar[]))",      
                   "Rows Removed by Filter": 18                                        
                 }                                                                     
               ]                                                                       
             }                                                                         
           ]                                                                           
         },                                                                            
         {                                                                             
           "Node Type": "Hash",                                                        
           "Parent Relationship": "Inner",                                             
           "Startup Cost": 2693.00,                                                    
           "Total Cost": 2693.00,                                                      
           "Plan Rows": 28854,                                                         
           "Plan Width": 103,                                                          
           "Actual Startup Time": 54.535,                                              
           "Actual Total Time": 54.535,                                                
           "Actual Rows": 28801,                                                       
           "Actual Loops": 1,                                                          
           "Hash Buckets": 32768,                                                      
           "Original Hash Buckets": 32768,                                             
           "Hash Batches": 2,                                                          
           "Original Hash Batches": 2,                                                 
           "Peak Memory Usage": 2157,                                                  
           "Plans": [                                                                  
             {                                                                         
               "Node Type": "Seq Scan",                                                
               "Parent Relationship": "Outer",                                         
               "Relation Name": "time_dim",                                            
               "Alias": "time_dim",                                                    
               "Startup Cost": 0.00,                                                   
               "Total Cost": 2693.00,                                                  
               "Plan Rows": 28854,                                                     
               "Plan Width": 103,                                                      
               "Actual Startup Time": 27.302,                                          
               "Actual Total Time": 45.139,                                            
               "Actual Rows": 28801,                                                   
               "Actual Loops": 1,                                                      
               "Filter": "((t_time >= 46185) AND (t_time <= 74985))",                  
               "Rows Removed by Filter": 57599                                         
             }                                                                         
           ]                                                                           
         }                                                                             
       ]                                                                               
     },                                                                                
     "Planning Time": 2.334,                                                           
     "Triggers": [                                                                     
     ],                                                                                
     "Execution Time": 133493.089                                                      
   }                                                                                   
 ]


