[
  {
    "Plan": {
      "Node Type": "Hash Join",
      "Join Type": "Inner",
      "Startup Cost": 2504.16,
      "Total Cost": 5724127.21,
      "Plan Rows": 537131,
      "Plan Width": 284,
      "Actual Startup Time": 66410.953,
      "Actual Total Time": 116333.921,
      "Actual Rows": 15912953,
      "Actual Loops": 1,
      "Hash Cond": "(catalog_sales.cs_sold_date_sk = date_dim.d_date_sk)",
      "Plans": [
        {
          "Node Type": "Seq Scan",
          "Parent Relationship": "Outer",
          "Relation Name": "catalog_sales",
          "Alias": "catalog_sales",
          "Startup Cost": 0.00,
          "Total Cost": 5176262.72,
          "Plan Rows": 143997072,
          "Plan Width": 166,
          "Actual Startup Time": 0.162,
          "Actual Total Time": 86876.665,
          "Actual Rows": 143997065,
          "Actual Loops": 1
        },
        {
          "Node Type": "Hash",
          "Parent Relationship": "Inner",
          "Startup Cost": 2500.73,
          "Total Cost": 2500.73,
          "Plan Rows": 274,
          "Plan Width": 118,
          "Actual Startup Time": 18.650,
          "Actual Total Time": 18.650,
          "Actual Rows": 274,
          "Actual Loops": 1,
          "Hash Buckets": 1024,
          "Original Hash Buckets": 1024,
          "Hash Batches": 1,
          "Original Hash Batches": 1,
          "Peak Memory Usage": 50,
          "Plans": [
            {
              "Node Type": "Seq Scan",
              "Parent Relationship": "Outer",
              "Relation Name": "date_dim",
              "Alias": "date_dim",
              "Startup Cost": 0.00,
              "Total Cost": 2500.73,
              "Plan Rows": 274,
              "Plan Width": 118,
              "Actual Startup Time": 9.331,
              "Actual Total Time": 18.590,
              "Actual Rows": 274,
              "Actual Loops": 1,
              "Filter": "((d_qoy < 4) AND (d_year = 2001))",
              "Rows Removed by Filter": 72775
            }
          ]
        }
      ]
    },
    "Planning Time": 1.705,
    "Triggers": [
    ],
    "Execution Time": 117030.454
  }
]