 [                                                                            
   {                                                                          
     "Plan": {                                                                
       "Node Type": "Hash Join",                                              
       "Join Type": "Inner",                                                  
       "Startup Cost": 2504.83,                                               
       "Total Cost": 9143729.95,                                              
       "Plan Rows": 1238015,                                                  
       "Plan Width": 229,                                                     
       "Actual Startup Time": 15.912,                                         
       "Actual Total Time": 156034.764,                                       
       "Actual Rows": 55171051,                                               
       "Actual Loops": 1,                                                     
       "Hash Cond": "(store_sales.ss_sold_date_sk = date_dim.d_date_sk)",     
       "Plans": [                                                             
         {                                                                    
           "Node Type": "Seq Scan",                                           
           "Parent Relationship": "Outer",                                    
           "Relation Name": "store_sales",                                    
           "Alias": "store_sales",                                            
           "Startup Cost": 0.00,                                              
           "Total Cost": 8048855.88,                                          
           "Plan Rows": 287997088,                                            
           "Plan Width": 111,                                                 
           "Actual Startup Time": 0.008,                                      
           "Actual Total Time": 86520.172,                                    
           "Actual Rows": 287997024,                                          
           "Actual Loops": 1                                                  
         },                                                                   
         {                                                                    
           "Node Type": "Hash",                                               
           "Parent Relationship": "Inner",                                    
           "Startup Cost": 2500.73,                                           
           "Total Cost": 2500.73,                                             
           "Plan Rows": 328,                                                  
           "Plan Width": 118,                                                 
           "Actual Startup Time": 15.851,                                     
           "Actual Total Time": 15.851,                                       
           "Actual Rows": 366,                                                
           "Actual Loops": 1,                                                 
           "Hash Buckets": 1024,                                              
           "Original Hash Buckets": 1024,                                     
           "Hash Batches": 1,                                                 
           "Original Hash Batches": 1,                                        
           "Peak Memory Usage": 64,                                           
           "Plans": [                                                         
             {                                                                
               "Node Type": "Seq Scan",                                       
               "Parent Relationship": "Outer",                                
               "Relation Name": "date_dim",                                   
               "Alias": "date_dim",                                           
               "Startup Cost": 0.00,                                          
               "Total Cost": 2500.73,                                         
               "Plan Rows": 328,                                              
               "Plan Width": 118,                                             
               "Actual Startup Time": 6.602,                                  
               "Actual Total Time": 15.761,                                   
               "Actual Rows": 366,                                            
               "Actual Loops": 1,                                             
               "Filter": "((d_month_seq >= 1191) AND (d_month_seq <= 1202))", 
               "Rows Removed by Filter": 72683                                
             }                                                                
           ]                                                                  
         }                                                                    
       ]                                                                      
     },                                                                       
     "Planning Time": 0.213,                                                  
     "Triggers": [                                                            
     ],                                                                       
     "Execution Time": 158473.350                                             
   }                                                                          
 ]


