 [                                                                            
   {                                                                          
     "Plan": {                                                                
       "Node Type": "Hash Join",                                              
       "Join Type": "Inner",                                                  
       "Startup Cost": 2504.83,                                               
       "Total Cost": 2873893.19,                                              
       "Plan Rows": 323253,                                                   
       "Plan Width": 284,                                                     
       "Actual Startup Time": 17.709,                                         
       "Actual Total Time": 56857.942,                                        
       "Actual Rows": 14431266,                                               
       "Actual Loops": 1,                                                     
       "Hash Cond": "(web_sales.ws_sold_date_sk = date_dim.d_date_sk)",       
       "Plans": [                                                             
         {                                                                    
           "Node Type": "Seq Scan",                                           
           "Parent Relationship": "Outer",                                    
           "Relation Name": "web_sales",                                      
           "Alias": "web_sales",                                              
           "Startup Cost": 0.00,                                              
           "Total Cost": 2598150.96,                                          
           "Plan Rows": 72001296,                                             
           "Plan Width": 166,                                                 
           "Actual Startup Time": 0.206,                                      
           "Actual Total Time": 37024.425,                                    
           "Actual Rows": 72001237,                                           
           "Actual Loops": 1                                                  
         },                                                                   
         {                                                                    
           "Node Type": "Hash",                                               
           "Parent Relationship": "Inner",                                    
           "Startup Cost": 2500.73,                                           
           "Total Cost": 2500.73,                                             
           "Plan Rows": 328,                                                  
           "Plan Width": 118,                                                 
           "Actual Startup Time": 17.480,                                     
           "Actual Total Time": 17.480,                                       
           "Actual Rows": 366,                                                
           "Actual Loops": 1,                                                 
           "Hash Buckets": 1024,                                              
           "Original Hash Buckets": 1024,                                     
           "Hash Batches": 1,                                                 
           "Original Hash Batches": 1,                                        
           "Peak Memory Usage": 64,                                           
           "Plans": [                                                         
             {                                                                
               "Node Type": "Seq Scan",                                       
               "Parent Relationship": "Outer",                                
               "Relation Name": "date_dim",                                   
               "Alias": "date_dim",                                           
               "Startup Cost": 0.00,                                          
               "Total Cost": 2500.73,                                         
               "Plan Rows": 328,                                              
               "Plan Width": 118,                                             
               "Actual Startup Time": 6.764,                                  
               "Actual Total Time": 17.403,                                   
               "Actual Rows": 366,                                            
               "Actual Loops": 1,                                             
               "Filter": "((d_month_seq >= 1191) AND (d_month_seq <= 1202))", 
               "Rows Removed by Filter": 72683                                
             }                                                                
           ]                                                                  
         }                                                                    
       ]                                                                      
     },                                                                       
     "Planning Time": 0.224,                                                  
     "Triggers": [                                                            
     ],                                                                       
     "Execution Time": 57533.660                                              
   }                                                                          
 ]


