[
  {
    "Plan": {
      "Node Type": "Hash Join",
      "Join Type": "Inner",
      "Startup Cost": 42720.06,
      "Total Cost": 7838711.60,
      "Plan Rows": 1743847,
      "Plan Width": 783,
      "Actual Startup Time": 32604.101,
      "Actual Total Time": 369517.718,
      "Actual Rows": 81090000,
      "Actual Loops": 1,
      "Hash Cond": "(inventory.inv_warehouse_sk = warehouse.w_warehouse_sk)",
      "Plans": [
        {
          "Node Type": "Hash Join",
          "Parent Relationship": "Outer",
          "Join Type": "Inner",
          "Startup Cost": 42718.72,
          "Total Cost": 7814732.37,
          "Plan Rows": 1743847,
          "Plan Width": 638,
          "Actual Startup Time": 32604.080,
          "Actual Total Time": 325509.172,
          "Actual Rows": 81090000,
          "Actual Loops": 1,
          "Hash Cond": "(inventory.inv_item_sk = item.i_item_sk)",
          "Plans": [
            {
              "Node Type": "Hash Join",
              "Parent Relationship": "Outer",
              "Join Type": "Inner",
              "Startup Cost": 2504.72,
              "Total Cost": 7669271.47,
              "Plan Rows": 1743847,
              "Plan Width": 134,
              "Actual Startup Time": 31890.752,
              "Actual Total Time": 162781.076,
              "Actual Rows": 81090000,
              "Actual Loops": 1,
              "Hash Cond": "(inventory.inv_date_sk = date_dim.d_date_sk)",
              "Plans": [
                {
                  "Node Type": "Seq Scan",
                  "Parent Relationship": "Outer",
                  "Relation Name": "inventory",
                  "Alias": "inventory",
                  "Startup Cost": 0.00,
                  "Total Cost": 6151840.84,
                  "Plan Rows": 399329984,
                  "Plan Width": 16,
                  "Actual Startup Time": 0.003,
                  "Actual Total Time": 78646.623,
                  "Actual Rows": 399330000,
                  "Actual Loops": 1
                },
                {
                  "Node Type": "Hash",
                  "Parent Relationship": "Inner",
                  "Startup Cost": 2500.73,
                  "Total Cost": 2500.73,
                  "Plan Rows": 319,
                  "Plan Width": 118,
                  "Actual Startup Time": 43.320,
                  "Actual Total Time": 43.320,
                  "Actual Rows": 366,
                  "Actual Loops": 1,
                  "Hash Buckets": 1024,
                  "Original Hash Buckets": 1024,
                  "Hash Batches": 1,
                  "Original Hash Batches": 1,
                  "Peak Memory Usage": 64,
                  "Plans": [
                    {
                      "Node Type": "Seq Scan",
                      "Parent Relationship": "Outer",
                      "Relation Name": "date_dim",
                      "Alias": "date_dim",
                      "Startup Cost": 0.00,
                      "Total Cost": 2500.73,
                      "Plan Rows": 319,
                      "Plan Width": 118,
                      "Actual Startup Time": 22.945,
                      "Actual Total Time": 43.221,
                      "Actual Rows": 366,
                      "Actual Loops": 1,
                      "Filter": "((d_month_seq >= 1199) AND (d_month_seq <= 1210))",
                      "Rows Removed by Filter": 72683
                    }
                  ]
                }
              ]
            },
            {
              "Node Type": "Hash",
              "Parent Relationship": "Inner",
              "Startup Cost": 24515.00,
              "Total Cost": 24515.00,
              "Plan Rows": 204000,
              "Plan Width": 504,
              "Actual Startup Time": 712.733,
              "Actual Total Time": 712.733,
              "Actual Rows": 204000,
              "Actual Loops": 1,
              "Hash Buckets": 8192,
              "Original Hash Buckets": 8192,
              "Hash Batches": 32,
              "Original Hash Batches": 32,
              "Peak Memory Usage": 3570,
              "Plans": [
                {
                  "Node Type": "Seq Scan",
                  "Parent Relationship": "Outer",
                  "Relation Name": "item",
                  "Alias": "item",
                  "Startup Cost": 0.00,
                  "Total Cost": 24515.00,
                  "Plan Rows": 204000,
                  "Plan Width": 504,
                  "Actual Startup Time": 0.402,
                  "Actual Total Time": 467.126,
                  "Actual Rows": 204000,
                  "Actual Loops": 1
                }
              ]
            }
          ]
        },
        {
          "Node Type": "Hash",
          "Parent Relationship": "Inner",
          "Startup Cost": 1.15,
          "Total Cost": 1.15,
          "Plan Rows": 15,
          "Plan Width": 145,
          "Actual Startup Time": 0.010,
          "Actual Total Time": 0.010,
          "Actual Rows": 15,
          "Actual Loops": 1,
          "Hash Buckets": 1024,
          "Original Hash Buckets": 1024,
          "Hash Batches": 1,
          "Original Hash Batches": 1,
          "Peak Memory Usage": 11,
          "Plans": [
            {
              "Node Type": "Seq Scan",
              "Parent Relationship": "Outer",
              "Relation Name": "warehouse",
              "Alias": "warehouse",
              "Startup Cost": 0.00,
              "Total Cost": 1.15,
              "Plan Rows": 15,
              "Plan Width": 145,
              "Actual Startup Time": 0.003,
              "Actual Total Time": 0.004,
              "Actual Rows": 15,
              "Actual Loops": 1
            }
          ]
        }
      ]
    },
    "Planning Time": 13.067,
    "Triggers": [
    ],
    "Execution Time": 373078.291
  }
]