 [                                                                                                                                                                                                                                                                             
   {                                                                                                                                                                                                                                                                           
     "Plan": {                                                                                                                                                                                                                                                                 
       "Node Type": "Hash Join",                                                                                                                                                                                                                                               
       "Join Type": "Inner",                                                                                                                                                                                                                                                   
       "Startup Cost": 29980.59,                                                                                                                                                                                                                                               
       "Total Cost": 9178216.45,                                                                                                                                                                                                                                               
       "Plan Rows": 44795,                                                                                                                                                                                                                                                     
       "Plan Width": 733,                                                                                                                                                                                                                                                      
       "Actual Startup Time": 670.835,                                                                                                                                                                                                                                         
       "Actual Total Time": 274586.407,                                                                                                                                                                                                                                        
       "Actual Rows": 6112311,                                                                                                                                                                                                                                                 
       "Actual Loops": 1,                                                                                                                                                                                                                                                      
       "Hash Cond": "(store_sales.ss_item_sk = item.i_item_sk)",                                                                                                                                                                                                               
       "Plans": [                                                                                                                                                                                                                                                              
         {                                                                                                                                                                                                                                                                     
           "Node Type": "Hash Join",                                                                                                                                                                                                                                           
           "Parent Relationship": "Outer",                                                                                                                                                                                                                                     
           "Join Type": "Inner",                                                                                                                                                                                                                                               
           "Startup Cost": 2322.68,                                                                                                                                                                                                                                            
           "Total Cost": 9144944.32,                                                                                                                                                                                                                                           
           "Plan Rows": 1377669,                                                                                                                                                                                                                                               
           "Plan Width": 229,                                                                                                                                                                                                                                                  
           "Actual Startup Time": 18.602,                                                                                                                                                                                                                                      
           "Actual Total Time": 166369.755,                                                                                                                                                                                                                                    
           "Actual Rows": 54969000,                                                                                                                                                                                                                                            
           "Actual Loops": 1,                                                                                                                                                                                                                                                  
           "Hash Cond": "(store_sales.ss_sold_date_sk = date_dim.d_date_sk)",                                                                                                                                                                                                  
           "Plans": [                                                                                                                                                                                                                                                          
             {                                                                                                                                                                                                                                                                 
               "Node Type": "Seq Scan",                                                                                                                                                                                                                                        
               "Parent Relationship": "Outer",                                                                                                                                                                                                                                 
               "Relation Name": "store_sales",                                                                                                                                                                                                                                 
               "Alias": "store_sales",                                                                                                                                                                                                                                         
               "Startup Cost": 0.00,                                                                                                                                                                                                                                           
               "Total Cost": 8048855.88,                                                                                                                                                                                                                                       
               "Plan Rows": 287997088,                                                                                                                                                                                                                                         
               "Plan Width": 111,                                                                                                                                                                                                                                              
               "Actual Startup Time": 0.007,                                                                                                                                                                                                                                   
               "Actual Total Time": 93672.515,                                                                                                                                                                                                                                 
               "Actual Rows": 287997024,                                                                                                                                                                                                                                       
               "Actual Loops": 1                                                                                                                                                                                                                                               
             },                                                                                                                                                                                                                                                                
             {                                                                                                                                                                                                                                                                 
               "Node Type": "Hash",                                                                                                                                                                                                                                            
               "Parent Relationship": "Inner",                                                                                                                                                                                                                                 
               "Startup Cost": 2318.11,                                                                                                                                                                                                                                        
               "Total Cost": 2318.11,                                                                                                                                                                                                                                          
               "Plan Rows": 365,                                                                                                                                                                                                                                               
               "Plan Width": 118,                                                                                                                                                                                                                                              
               "Actual Startup Time": 18.579,                                                                                                                                                                                                                                  
               "Actual Total Time": 18.579,                                                                                                                                                                                                                                    
               "Actual Rows": 365,                                                                                                                                                                                                                                             
               "Actual Loops": 1,                                                                                                                                                                                                                                              
               "Hash Buckets": 1024,                                                                                                                                                                                                                                           
               "Original Hash Buckets": 1024,                                                                                                                                                                                                                                  
               "Hash Batches": 1,                                                                                                                                                                                                                                              
               "Original Hash Batches": 1,                                                                                                                                                                                                                                     
               "Peak Memory Usage": 63,                                                                                                                                                                                                                                        
               "Plans": [                                                                                                                                                                                                                                                      
                 {                                                                                                                                                                                                                                                             
                   "Node Type": "Seq Scan",                                                                                                                                                                                                                                    
                   "Parent Relationship": "Outer",                                                                                                                                                                                                                             
                   "Relation Name": "date_dim",                                                                                                                                                                                                                                
                   "Alias": "date_dim",                                                                                                                                                                                                                                        
                   "Startup Cost": 0.00,                                                                                                                                                                                                                                       
                   "Total Cost": 2318.11,                                                                                                                                                                                                                                      
                   "Plan Rows": 365,                                                                                                                                                                                                                                           
                   "Plan Width": 118,                                                                                                                                                                                                                                          
                   "Actual Startup Time": 8.134,                                                                                                                                                                                                                               
                   "Actual Total Time": 18.482,                                                                                                                                                                                                                                
                   "Actual Rows": 365,                                                                                                                                                                                                                                         
                   "Actual Loops": 1,                                                                                                                                                                                                                                          
                   "Filter": "(d_year = 2002)",                                                                                                                                                                                                                                
                   "Rows Removed by Filter": 72684                                                                                                                                                                                                                             
                 }                                                                                                                                                                                                                                                             
               ]                                                                                                                                                                                                                                                               
             }                                                                                                                                                                                                                                                                 
           ]                                                                                                                                                                                                                                                                   
         },                                                                                                                                                                                                                                                                    
         {                                                                                                                                                                                                                                                                     
           "Node Type": "Hash",                                                                                                                                                                                                                                                
           "Parent Relationship": "Inner",                                                                                                                                                                                                                                     
           "Startup Cost": 27575.00,                                                                                                                                                                                                                                           
           "Total Cost": 27575.00,                                                                                                                                                                                                                                             
           "Plan Rows": 6633,                                                                                                                                                                                                                                                  
           "Plan Width": 504,                                                                                                                                                                                                                                                  
           "Actual Startup Time": 652.192,                                                                                                                                                                                                                                     
           "Actual Total Time": 652.192,                                                                                                                                                                                                                                       
           "Actual Rows": 22719,                                                                                                                                                                                                                                               
           "Actual Loops": 1,                                                                                                                                                                                                                                                  
           "Hash Buckets": 8192,                                                                                                                                                                                                                                               
           "Original Hash Buckets": 8192,                                                                                                                                                                                                                                      
           "Hash Batches": 4,                                                                                                                                                                                                                                                  
           "Original Hash Batches": 1,                                                                                                                                                                                                                                         
           "Peak Memory Usage": 4033,                                                                                                                                                                                                                                          
           "Plans": [                                                                                                                                                                                                                                                          
             {                                                                                                                                                                                                                                                                 
               "Node Type": "Seq Scan",                                                                                                                                                                                                                                        
               "Parent Relationship": "Outer",                                                                                                                                                                                                                                 
               "Relation Name": "item",                                                                                                                                                                                                                                        
               "Alias": "item",                                                                                                                                                                                                                                                
               "Startup Cost": 0.00,                                                                                                                                                                                                                                           
               "Total Cost": 27575.00,                                                                                                                                                                                                                                         
               "Plan Rows": 6633,                                                                                                                                                                                                                                              
               "Plan Width": 504,                                                                                                                                                                                                                                              
               "Actual Startup Time": 0.014,                                                                                                                                                                                                                                   
               "Actual Total Time": 623.577,                                                                                                                                                                                                                                   
               "Actual Rows": 22719,                                                                                                                                                                                                                                           
               "Actual Loops": 1,                                                                                                                                                                                                                                              
               "Filter": "(((i_category = ANY ('{Jewelry,Women,Shoes}'::bpchar[])) AND (i_class = ANY ('{\"mens watch\",dresses,mens}'::bpchar[]))) OR ((i_category = ANY ('{Men,Sports,Music}'::bpchar[])) AND (i_class = ANY ('{sports-apparel,sailing,pop}'::bpchar[]))))", 
               "Rows Removed by Filter": 181281                                                                                                                                                                                                                                
             }                                                                                                                                                                                                                                                                 
           ]                                                                                                                                                                                                                                                                   
         }                                                                                                                                                                                                                                                                     
       ]                                                                                                                                                                                                                                                                       
     },                                                                                                                                                                                                                                                                        
     "Planning Time": 0.578,                                                                                                                                                                                                                                                   
     "Triggers": [                                                                                                                                                                                                                                                             
     ],                                                                                                                                                                                                                                                                        
     "Execution Time": 274932.425                                                                                                                                                                                                                                              
   }                                                                                                                                                                                                                                                                           
 ]


