 [                                                                            
   {                                                                          
     "Plan": {                                                                
       "Node Type": "Hash Join",                                              
       "Join Type": "Inner",                                                  
       "Startup Cost": 2504.83,                                               
       "Total Cost": 5725190.77,                                              
       "Plan Rows": 643420,                                                   
       "Plan Width": 284,                                                     
       "Actual Startup Time": 4313.059,                                       
       "Actual Total Time": 121726.040,                                       
       "Actual Rows": 28506306,                                               
       "Actual Loops": 1,                                                     
       "Hash Cond": "(catalog_sales.cs_ship_date_sk = date_dim.d_date_sk)",   
       "Plans": [                                                             
         {                                                                    
           "Node Type": "Seq Scan",                                           
           "Parent Relationship": "Outer",                                    
           "Relation Name": "catalog_sales",                                  
           "Alias": "catalog_sales",                                          
           "Startup Cost": 0.00,                                              
           "Total Cost": 5176262.72,                                          
           "Plan Rows": 143997072,                                            
           "Plan Width": 166,                                                 
           "Actual Startup Time": 0.281,                                      
           "Actual Total Time": 81096.284,                                    
           "Actual Rows": 143997065,                                          
           "Actual Loops": 1                                                  
         },                                                                   
         {                                                                    
           "Node Type": "Hash",                                               
           "Parent Relationship": "Inner",                                    
           "Startup Cost": 2500.73,                                           
           "Total Cost": 2500.73,                                             
           "Plan Rows": 328,                                                  
           "Plan Width": 118,                                                 
           "Actual Startup Time": 18.131,                                     
           "Actual Total Time": 18.131,                                       
           "Actual Rows": 365,                                                
           "Actual Loops": 1,                                                 
           "Hash Buckets": 1024,                                              
           "Original Hash Buckets": 1024,                                     
           "Hash Batches": 1,                                                 
           "Original Hash Batches": 1,                                        
           "Peak Memory Usage": 63,                                           
           "Plans": [                                                         
             {                                                                
               "Node Type": "Seq Scan",                                       
               "Parent Relationship": "Outer",                                
               "Relation Name": "date_dim",                                   
               "Alias": "date_dim",                                           
               "Startup Cost": 0.00,                                          
               "Total Cost": 2500.73,                                         
               "Plan Rows": 328,                                              
               "Plan Width": 118,                                             
               "Actual Startup Time": 6.823,                                  
               "Actual Total Time": 18.049,                                   
               "Actual Rows": 365,                                            
               "Actual Loops": 1,                                             
               "Filter": "((d_month_seq >= 1183) AND (d_month_seq <= 1194))", 
               "Rows Removed by Filter": 72684                                
             }                                                                
           ]                                                                  
         }                                                                    
       ]                                                                      
     },                                                                       
     "Planning Time": 0.231,                                                  
     "Triggers": [                                                            
     ],                                                                       
     "Execution Time": 122947.376                                             
   }                                                                          
 ]

