[                                                                                                                               
   {                                                                                                                             
     "Plan": {                                                                                                                   
       "Node Type": "Hash Join",                                                                                                 
       "Join Type": "Inner",                                                                                                     
       "Startup Cost": 5837785.38,                                                                                               
       "Total Cost": 5980597.89,                                                                                                 
       "Plan Rows": 1,                                                                                                           
       "Plan Width": 1234,                                                                                                       
       "Actual Startup Time": 913765.317,                                                                                        
       "Actual Total Time": 114894608.160,                                                                                       
       "Actual Rows": 196417,                                                                                                    
       "Actual Loops": 1,                                                                                                        
       "Hash Cond": "(customer.c_current_addr_sk = customer_address.ca_address_sk)",                                             
       "Plans": [                                                                                                                
         {                                                                                                                       
           "Node Type": "Nested Loop",                                                                                           
           "Parent Relationship": "Outer",                                                                                       
           "Join Type": "Inner",                                                                                                 
           "Startup Cost": 5790413.04,                                                                                           
           "Total Cost": 5928868.52,                                                                                             
           "Plan Rows": 6,                                                                                                       
           "Plan Width": 1089,                                                                                                   
           "Actual Startup Time": 906432.812,                                                                                    
           "Actual Total Time": 114873197.244,                                                                                   
           "Actual Rows": 978351,                                                                                                
           "Actual Loops": 1,                                                                                                    
           "Join Filter": "(catalog_sales.cs_item_sk = item.i_item_sk)",                                                         
           "Rows Removed by Join Filter": 199582625649,                                                                          
           "Plans": [                                                                                                            
             {                                                                                                                   
               "Node Type": "Seq Scan",                                                                                          
               "Parent Relationship": "Outer",                                                                                   
               "Relation Name": "item",                                                                                          
               "Alias": "item",                                                                                                  
               "Startup Cost": 0.00,                                                                                             
               "Total Cost": 24515.00,                                                                                           
               "Plan Rows": 204000,                                                                                              
               "Plan Width": 504,                                                                                                
               "Actual Startup Time": 0.008,                                                                                     
               "Actual Total Time": 2127.646,                                                                                    
               "Actual Rows": 204000,                                                                                            
               "Actual Loops": 1                                                                                                 
             },                                                                                                                  
             {                                                                                                                   
               "Node Type": "Materialize",                                                                                       
               "Parent Relationship": "Inner",                                                                                   
               "Startup Cost": 5790413.04,                                                                                       
               "Total Cost": 5885993.54,                                                                                         
               "Plan Rows": 6,                                                                                                   
               "Plan Width": 585,                                                                                                
               "Actual Startup Time": 4.425,                                                                                     
               "Actual Total Time": 370.078,                                                                                     
               "Actual Rows": 978351,                                                                                            
               "Actual Loops": 204000,                                                                                           
               "Plans": [                                                                                                        
                 {                                                                                                               
                   "Node Type": "Hash Join",                                                                                     
                   "Parent Relationship": "Outer",                                                                               
                   "Join Type": "Inner",                                                                                         
                   "Startup Cost": 5790413.04,                                                                                   
                   "Total Cost": 5885993.51,                                                                                     
                   "Plan Rows": 6,                                                                                               
                   "Plan Width": 585,                                                                                            
                   "Actual Startup Time": 901589.833,                                                                            
                   "Actual Total Time": 909319.009,                                                                              
                   "Actual Rows": 978351,                                                                                        
                   "Actual Loops": 1,                                                                                            
                   "Hash Cond": "(customer.c_customer_sk = catalog_sales.cs_bill_customer_sk)",                                  
                   "Plans": [                                                                                                    
                     {                                                                                                           
                       "Node Type": "Seq Scan",                                                                                  
                       "Parent Relationship": "Outer",                                                                           
                       "Relation Name": "customer",                                                                              
                       "Alias": "customer",                                                                                      
                       "Startup Cost": 0.00,                                                                                     
                       "Total Cost": 91944.14,                                                                                   
                       "Plan Rows": 969671,                                                                                      
                       "Plan Width": 245,                                                                                        
                       "Actual Startup Time": 0.013,                                                                             
                       "Actual Total Time": 1040.319,                                                                            
                       "Actual Rows": 971032,                                                                                    
                       "Actual Loops": 1,                                                                                        
                       "Filter": "(c_birth_month = ANY ('{6,5,12,4,3,7}'::integer[]))",                                          
                       "Rows Removed by Filter": 1028968                                                                         
                     },                                                                                                          
                     {                                                                                                           
                       "Node Type": "Hash",                                                                                      
                       "Parent Relationship": "Inner",                                                                           
                       "Startup Cost": 5790412.89,                                                                               
                       "Total Cost": 5790412.89,                                                                                 
                       "Plan Rows": 12,                                                                                          
                       "Plan Width": 340,                                                                                        
                       "Actual Startup Time": 901581.155,                                                                        
                       "Actual Total Time": 901581.155,                                                                          
                       "Actual Rows": 2023630,                                                                                   
                       "Actual Loops": 1,                                                                                        
                       "Hash Buckets": 16384,                                                                                    
                       "Original Hash Buckets": 1024,                                                                            
                       "Hash Batches": 256,                                                                                      
                       "Original Hash Batches": 1,                                                                               
                       "Peak Memory Usage": 3969,                                                                                
                       "Plans": [                                                                                                
                        {                                                                                                       
                           "Node Type": "Nested Loop",                                                                           
                           "Parent Relationship": "Outer",                                                                       
                           "Join Type": "Inner",                                                                                 
                           "Startup Cost": 58760.40,                                                                             
                           "Total Cost": 5790412.89,                                                                             
                           "Plan Rows": 12,                                                                                      
                           "Plan Width": 340,                                                                                    
                           "Actual Startup Time": 211774.008,                                                                    
                           "Actual Total Time": 896609.748,                                                                      
                           "Actual Rows": 2026219,                                                                               
                           "Actual Loops": 1,                                                                                    
                           "Join Filter": "(catalog_sales.cs_sold_date_sk = date_dim.d_date_sk)",                                
                           "Rows Removed by Join Filter": 3736107411,                                                            
                           "Plans": [                                                                                            
                             {                                                                                                   
                               "Node Type": "Hash Join",                                                                         
                               "Parent Relationship": "Outer",                                                                   
                               "Join Type": "Inner",                                                                             
                               "Startup Cost": 58760.40,                                                                         
                               "Total Cost": 5775035.99,                                                                         
                               "Plan Rows": 2385,                                                                                
                               "Plan Width": 222,                                                                                
                               "Actual Startup Time": 533.488,                                                                   
                               "Actual Total Time": 222314.724,                                                                  
                               "Actual Rows": 10241462,                                                                          
                               "Actual Loops": 1,                                                                                
                               "Hash Cond": "(catalog_sales.cs_bill_cdemo_sk = cd1.cd_demo_sk)",                                 
                               "Plans": [                                                                                        
                                 {                                                                                               
                                   "Node Type": "Seq Scan",                                                                      
                                   "Parent Relationship": "Outer",                                                               
                                   "Relation Name": "catalog_sales",                                                             
                                   "Alias": "catalog_sales",                                                                     
                                   "Startup Cost": 0.00,                                                                         
                                   "Total Cost": 5176262.72,                                                                     
                                   "Plan Rows": 143997072,                                                                       
                                   "Plan Width": 166,                                                                            
                                   "Actual Startup Time": 0.454,                                                                 
                                   "Actual Total Time": 109910.346,                                                              
                                   "Actual Rows": 143997065,                                                                     
                                   "Actual Loops": 1                                                                             
                                 },                                                                                              
                                 {                                                                                               
                                   "Node Type": "Hash",                                                                          
                                   "Parent Relationship": "Inner",                                                               
                                   "Startup Cost": 58760.00,                                                                     
                                   "Total Cost": 58760.00,                                                                       
                                   "Plan Rows": 32,                                                                              
                                   "Plan Width": 56,                                                                             
                                   "Actual Startup Time": 532.564,                                                               
                                   "Actual Total Time": 532.564,                                                                 
                                   "Actual Rows": 137200,                                                                        
                                   "Actual Loops": 1,                                                                            
                                   "Hash Buckets": 65536,                                                                        
                                   "Original Hash Buckets": 1024,                                                                
                                   "Hash Batches": 4,                                                                            
                                   "Original Hash Batches": 1,                                                                   
                                   "Peak Memory Usage": 3598,                                                                    
                                   "Plans": [                                                                                    
                                   {                                                                                           
                                       "Node Type": "Seq Scan",                                                                  
                                       "Parent Relationship": "Outer",                                                           
                                       "Relation Name": "customer_demographics",                                                 
                                       "Alias": "cd1",                                                                           
                                       "Startup Cost": 0.00,                                                                     
                                       "Total Cost": 58760.00,                                                                   
                                       "Plan Rows": 32,                                                                          
                                       "Plan Width": 56,                                                                         
                                       "Actual Startup Time": 375.047,                                                           
                                       "Actual Total Time": 485.749,                                                             
                                       "Actual Rows": 137200,                                                                    
                                       "Actual Loops": 1,                                                                        
                                       "Filter": "((cd_gender = 'F'::bpchar) AND (cd_education_status = '4 yr Degree'::bpchar))",
                                       "Rows Removed by Filter": 1783600                                                         
                                     }                                                                                           
                                   ]                                                                                             
                                 }                                                                                               
                               ]                                                                                                 
                             },                                                                                                  
                             {                                                                                                   
                               "Node Type": "Materialize",                                                                       
                               "Parent Relationship": "Inner",                                                                   
                               "Startup Cost": 0.00,                                                                             
                               "Total Cost": 2319.94,                                                                            
                               "Plan Rows": 365,                                                                                 
                               "Plan Width": 118,                                                                                
                               "Actual Startup Time": 0.000,                                                                     
                               "Actual Total Time": 0.023,                                                                       
                               "Actual Rows": 365,                                                                               
                               "Actual Loops": 10241462,                                                                         
                               "Plans": [                                                                                        
                                 {                                                                                               
                                   "Node Type": "Seq Scan",                                                                      
                                   "Parent Relationship": "Outer",                                                               
                                   "Relation Name": "date_dim",                                                                  
                                   "Alias": "date_dim",                                                                          
                                   "Startup Cost": 0.00,                                                                         
                                   "Total Cost": 2318.11,                                                                        
                                   "Plan Rows": 365,                                                                             
                                   "Plan Width": 118,                                                                            
                                   "Actual Startup Time": 8.699,                                                                 
                                   "Actual Total Time": 17.251,                                                                  
                                   "Actual Rows": 365,                                                                           
                                   "Actual Loops": 1,                                                                            
                                   "Filter": "(d_year = 2001)",                                                                  
                                   "Rows Removed by Filter": 72684                                                               
                                 }                                                                                               
                               ]                                                                                                 
                             }                                                                                                   
                           ]                                                                                                     
                         }                                                                                                       
                       ]                                                                                                         
                     }                                                                                                           
                   ]                                                                                                             
                 }                                                                                                               
               ]                                                                                                                 
             }                                                                                                                   
           ]                                                                                                                     
         },                                                                                                                      
        {                                                                                                                       
           "Node Type": "Hash",                                                                                                  
           "Parent Relationship": "Inner",                                                                                       
           "Startup Cost": 40484.00,                                                                                             
           "Total Cost": 40484.00,                                                                                               
           "Plan Rows": 202667,                                                                                                  
           "Plan Width": 145,                                                                                                    
           "Actual Startup Time": 533.094,                                                                                       
           "Actual Total Time": 533.094,                                                                                         
           "Actual Rows": 201914,                                                                                                
           "Actual Loops": 1,                                                                                                    
           "Hash Buckets": 32768,                                                                                                
           "Original Hash Buckets": 32768,                                                                                       
           "Hash Batches": 16,                                                                                                   
           "Original Hash Batches": 16,                                                                                          
           "Peak Memory Usage": 2467,                                                                                            
           "Plans": [                                                                                                            
             {                                                                                                                   
               "Node Type": "Seq Scan",                                                                                          
               "Parent Relationship": "Outer",                                                                                   
               "Relation Name": "customer_address",                                                                              
               "Alias": "customer_address",                                                                                      
               "Startup Cost": 0.00,                                                                                             
               "Total Cost": 40484.00,                                                                                           
               "Plan Rows": 202667,                                                                                              
               "Plan Width": 145,                                                                                                
               "Actual Startup Time": 0.011,                                                                                     
               "Actual Total Time": 439.599,                                                                                     
               "Actual Rows": 201914,                                                                                            
               "Actual Loops": 1,                                                                                                
               "Filter": "(ca_state = ANY ('{TN,IL,GA,MO,CO,OH,NM}'::bpchar[]))",                                                
               "Rows Removed by Filter": 798086                                                                                  
             }                                                                                                                   
           ]                                                                                                                     
         }                                                                                                                       
       ]                                                                                                                         
     },                                                                                                                          
     "Planning Time": 3.083,                                                                                                     
     "Triggers": [                                                                                                               
     ],                                                                                                                          
     "Execution Time": 114894742.666                                                                                             
   }                                                                                                                             
 ]

