 [                                                                            
   {                                                                          
     "Plan": {                                                                
       "Node Type": "Hash Join",                                              
       "Join Type": "Inner",                                                  
       "Startup Cost": 2504.66,                                               
       "Total Cost": 5724911.84,                                              
       "Plan Rows": 615544,                                                   
       "Plan Width": 284,                                                     
       "Actual Startup Time": 78090.323,                                      
       "Actual Total Time": 138011.742,                                       
       "Actual Rows": 28497107,                                               
       "Actual Loops": 1,                                                     
       "Hash Cond": "(catalog_sales.cs_sold_date_sk = date_dim.d_date_sk)",   
       "Plans": [                                                             
         {                                                                    
           "Node Type": "Seq Scan",                                           
           "Parent Relationship": "Outer",                                    
           "Relation Name": "catalog_sales",                                  
           "Alias": "catalog_sales",                                          
           "Startup Cost": 0.00,                                              
           "Total Cost": 5176262.72,                                          
           "Plan Rows": 143997072,                                            
           "Plan Width": 166,                                                 
           "Actual Startup Time": 0.193,                                      
           "Actual Total Time": 95755.082,                                    
           "Actual Rows": 143997065,                                          
           "Actual Loops": 1                                                  
         },                                                                   
         {                                                                    
           "Node Type": "Hash",                                               
           "Parent Relationship": "Inner",                                    
           "Startup Cost": 2500.73,                                           
           "Total Cost": 2500.73,                                             
           "Plan Rows": 314,                                                  
           "Plan Width": 118,                                                 
           "Actual Startup Time": 18.196,                                     
           "Actual Total Time": 18.196,                                       
           "Actual Rows": 365,                                                
           "Actual Loops": 1,                                                 
           "Hash Buckets": 1024,                                              
           "Original Hash Buckets": 1024,                                     
           "Hash Batches": 1,                                                 
           "Original Hash Batches": 1,                                        
           "Peak Memory Usage": 63,                                           
           "Plans": [                                                         
             {                                                                
               "Node Type": "Seq Scan",                                       
               "Parent Relationship": "Outer",                                
               "Relation Name": "date_dim",                                   
               "Alias": "date_dim",                                           
               "Startup Cost": 0.00,                                          
               "Total Cost": 2500.73,                                         
               "Plan Rows": 314,                                              
               "Plan Width": 118,                                             
               "Actual Startup Time": 7.212,                                  
               "Actual Total Time": 18.061,                                   
               "Actual Rows": 365,                                            
               "Actual Loops": 1,                                             
               "Filter": "((d_month_seq >= 1214) AND (d_month_seq <= 1225))", 
               "Rows Removed by Filter": 72684                                
             }                                                                
           ]                                                                  
         }                                                                    
       ]                                                                      
     },                                                                       
     "Planning Time": 0.635,                                                  
     "Triggers": [                                                            
     ],                                                                       
     "Execution Time": 139389.806                                             
   }                                                                          
 ]

