 [                                                                            
   {                                                                          
     "Plan": {                                                                
       "Node Type": "Hash Join",                                              
       "Join Type": "Inner",                                                  
       "Startup Cost": 2504.66,                                               
       "Total Cost": 2873755.03,                                              
       "Plan Rows": 309455,                                                   
       "Plan Width": 284,                                                     
       "Actual Startup Time": 28.966,                                         
       "Actual Total Time": 73568.847,                                        
       "Actual Rows": 14419047,                                               
       "Actual Loops": 1,                                                     
       "Hash Cond": "(web_sales.ws_sold_date_sk = date_dim.d_date_sk)",       
       "Plans": [                                                             
         {                                                                    
           "Node Type": "Seq Scan",                                           
           "Parent Relationship": "Outer",                                    
           "Relation Name": "web_sales",                                      
           "Alias": "web_sales",                                              
           "Startup Cost": 0.00,                                              
           "Total Cost": 2598150.96,                                          
           "Plan Rows": 72001296,                                             
           "Plan Width": 166,                                                 
           "Actual Startup Time": 0.198,                                      
           "Actual Total Time": 51323.369,                                    
           "Actual Rows": 72001237,                                           
           "Actual Loops": 1                                                  
         },                                                                   
         {                                                                    
           "Node Type": "Hash",                                               
           "Parent Relationship": "Inner",                                    
           "Startup Cost": 2500.73,                                           
           "Total Cost": 2500.73,                                             
           "Plan Rows": 314,                                                  
           "Plan Width": 118,                                                 
           "Actual Startup Time": 28.451,                                     
           "Actual Total Time": 28.451,                                       
           "Actual Rows": 365,                                                
           "Actual Loops": 1,                                                 
           "Hash Buckets": 1024,                                              
           "Original Hash Buckets": 1024,                                     
           "Hash Batches": 1,                                                 
           "Original Hash Batches": 1,                                        
           "Peak Memory Usage": 63,                                           
           "Plans": [                                                         
             {                                                                
               "Node Type": "Seq Scan",                                       
               "Parent Relationship": "Outer",                                
               "Relation Name": "date_dim",                                   
               "Alias": "date_dim",                                           
               "Startup Cost": 0.00,                                          
               "Total Cost": 2500.73,                                         
               "Plan Rows": 314,                                              
               "Plan Width": 118,                                             
               "Actual Startup Time": 7.478,                                  
               "Actual Total Time": 28.320,                                   
               "Actual Rows": 365,                                            
               "Actual Loops": 1,                                             
               "Filter": "((d_month_seq >= 1214) AND (d_month_seq <= 1225))", 
               "Rows Removed by Filter": 72684                                
             }                                                                
           ]                                                                  
         }                                                                    
       ]                                                                      
     },                                                                       
     "Planning Time": 0.579,                                                  
     "Triggers": [                                                            
     ],                                                                       
     "Execution Time": 74296.051                                              
   }                                                                          
 ]

