 [                                                                        
   {                                                                      
     "Plan": {                                                            
       "Node Type": "Hash Join",                                          
       "Join Type": "Inner",                                              
       "Startup Cost": 2327.24,                                           
       "Total Cost": 9158725.59,                                          
       "Plan Rows": 2755339,                                              
       "Plan Width": 229,                                                 
       "Actual Startup Time": 19.013,                                     
       "Actual Total Time": 215032.173,                                   
       "Actual Rows": 109453084,                                          
       "Actual Loops": 1,                                                 
       "Hash Cond": "(store_sales.ss_sold_date_sk = date_dim.d_date_sk)", 
       "Plans": [                                                         
         {                                                                
           "Node Type": "Seq Scan",                                       
           "Parent Relationship": "Outer",                                
           "Relation Name": "store_sales",                                
           "Alias": "store_sales",                                        
           "Startup Cost": 0.00,                                          
           "Total Cost": 8048855.88,                                      
           "Plan Rows": 287997088,                                        
           "Plan Width": 111,                                             
           "Actual Startup Time": 0.025,                                  
           "Actual Total Time": 87145.033,                                
           "Actual Rows": 287997024,                                      
           "Actual Loops": 1                                              
         },                                                               
         {                                                                
           "Node Type": "Hash",                                           
           "Parent Relationship": "Inner",                                
           "Startup Cost": 2318.11,                                       
           "Total Cost": 2318.11,                                         
           "Plan Rows": 730,                                              
           "Plan Width": 118,                                             
           "Actual Startup Time": 18.952,                                 
           "Actual Total Time": 18.952,                                   
           "Actual Rows": 730,                                            
           "Actual Loops": 1,                                             
           "Hash Buckets": 1024,                                          
           "Original Hash Buckets": 1024,                                 
           "Hash Batches": 1,                                             
           "Original Hash Batches": 1,                                    
           "Peak Memory Usage": 118,                                      
           "Plans": [                                                     
             {                                                            
               "Node Type": "Seq Scan",                                   
               "Parent Relationship": "Outer",                            
               "Relation Name": "date_dim",                               
               "Alias": "date_dim",                                       
               "Startup Cost": 0.00,                                      
               "Total Cost": 2318.11,                                     
               "Plan Rows": 730,                                          
               "Plan Width": 118,                                         
               "Actual Startup Time": 10.019,                             
               "Actual Total Time": 18.735,                               
               "Actual Rows": 730,                                        
               "Actual Loops": 1,                                         
               "Filter": "(d_year = ANY ('{1998,1999}'::integer[]))",     
               "Rows Removed by Filter": 72319                            
             }                                                            
           ]                                                              
         }                                                                
       ]                                                                  
     },                                                                   
     "Planning Time": 1.129,                                              
     "Triggers": [                                                        
     ],                                                                   
     "Execution Time": 220887.295                                         
   }                                                                      
 ]

