 [                                                                                                                           
   {                                                                                                                         
     "Plan": {                                                                                                               
       "Node Type": "Hash Join",                                                                                             
       "Join Type": "Inner",                                                                                                 
       "Startup Cost": 43267.93,                                                                                             
       "Total Cost": 5856114.32,                                                                                             
       "Plan Rows": 835101,                                                                                                  
       "Plan Width": 788,                                                                                                    
       "Actual Startup Time": 20518.216,                                                                                     
       "Actual Total Time": 296840.074,                                                                                      
       "Actual Rows": 34747479,                                                                                              
       "Actual Loops": 1,                                                                                                    
       "Hash Cond": "(catalog_sales.cs_item_sk = item.i_item_sk)",                                                           
       "Plans": [                                                                                                            
         {                                                                                                                   
           "Node Type": "Hash Join",                                                                                         
           "Parent Relationship": "Outer",                                                                                   
           "Join Type": "Inner",                                                                                             
           "Startup Cost": 3053.93,                                                                                          
           "Total Cost": 5727656.68,                                                                                         
           "Plan Rows": 835101,                                                                                              
           "Plan Width": 284,                                                                                                
           "Actual Startup Time": 19796.957,                                                                                 
           "Actual Total Time": 172264.153,                                                                                  
           "Actual Rows": 34747479,                                                                                          
           "Actual Loops": 1,                                                                                                
           "Hash Cond": "(catalog_sales.cs_sold_date_sk = date_dim.d_date_sk)",                                              
           "Plans": [                                                                                                        
             {                                                                                                               
               "Node Type": "Seq Scan",                                                                                      
               "Parent Relationship": "Outer",                                                                               
               "Relation Name": "catalog_sales",                                                                             
               "Alias": "catalog_sales",                                                                                     
               "Startup Cost": 0.00,                                                                                         
               "Total Cost": 5176262.72,                                                                                     
               "Plan Rows": 143997072,                                                                                       
               "Plan Width": 166,                                                                                            
               "Actual Startup Time": 0.294,                                                                                 
               "Actual Total Time": 123343.383,                                                                              
               "Actual Rows": 143997065,                                                                                     
               "Actual Loops": 1                                                                                             
             },                                                                                                              
             {                                                                                                               
               "Node Type": "Hash",                                                                                          
               "Parent Relationship": "Inner",                                                                               
               "Startup Cost": 3048.60,                                                                                      
               "Total Cost": 3048.60,                                                                                        
               "Plan Rows": 426,                                                                                             
               "Plan Width": 118,                                                                                            
               "Actual Startup Time": 29.941,                                                                                
               "Actual Total Time": 29.941,                                                                                  
               "Actual Rows": 427,                                                                                           
               "Actual Loops": 1,                                                                                            
               "Hash Buckets": 1024,                                                                                         
               "Original Hash Buckets": 1024,                                                                                
               "Hash Batches": 1,                                                                                            
               "Original Hash Batches": 1,                                                                                   
               "Peak Memory Usage": 73,                                                                                      
               "Plans": [                                                                                                    
                 {                                                                                                           
                   "Node Type": "Seq Scan",                                                                                  
                   "Parent Relationship": "Outer",                                                                           
                   "Relation Name": "date_dim",                                                                              
                   "Alias": "date_dim",                                                                                      
                   "Startup Cost": 0.00,                                                                                     
                   "Total Cost": 3048.60,                                                                                    
                   "Plan Rows": 426,                                                                                         
                   "Plan Width": 118,                                                                                        
                   "Actual Startup Time": 14.100,                                                                            
                   "Actual Total Time": 29.803,                                                                              
                   "Actual Rows": 427,                                                                                       
                   "Actual Loops": 1,                                                                                        
                   "Filter": "((d_year = 1999) OR ((d_year = 1998) AND (d_moy = 12)) OR ((d_year = 2000) AND (d_moy = 1)))", 
                   "Rows Removed by Filter": 72622                                                                           
                 }                                                                                                           
               ]                                                                                                             
             }                                                                                                               
           ]                                                                                                                 
         },                                                                                                                  
         {                                                                                                                   
           "Node Type": "Hash",                                                                                              
           "Parent Relationship": "Inner",                                                                                   
           "Startup Cost": 24515.00,                                                                                         
           "Total Cost": 24515.00,                                                                                           
           "Plan Rows": 204000,                                                                                              
           "Plan Width": 504,                                                                                                
           "Actual Startup Time": 712.982,                                                                                   
           "Actual Total Time": 712.982,                                                                                     
           "Actual Rows": 204000,                                                                                            
           "Actual Loops": 1,                                                                                                
           "Hash Buckets": 8192,                                                                                             
           "Original Hash Buckets": 8192,                                                                                    
           "Hash Batches": 32,                                                                                               
           "Original Hash Batches": 32,                                                                                      
           "Peak Memory Usage": 3571,                                                                                        
           "Plans": [                                                                                                        
             {                                                                                                               
               "Node Type": "Seq Scan",                                                                                      
               "Parent Relationship": "Outer",                                                                               
               "Relation Name": "item",                                                                                      
               "Alias": "item",                                                                                              
               "Startup Cost": 0.00,                                                                                         
               "Total Cost": 24515.00,                                                                                       
               "Plan Rows": 204000,                                                                                          
               "Plan Width": 504,                                                                                            
               "Actual Startup Time": 0.011,                                                                                 
               "Actual Total Time": 461.895,                                                                                 
               "Actual Rows": 204000,                                                                                        
               "Actual Loops": 1                                                                                             
             }                                                                                                               
           ]                                                                                                                 
         }                                                                                                                   
       ]                                                                                                                     
     },                                                                                                                      
     "Planning Time": 2.481,                                                                                                 
     "Triggers": [                                                                                                           
     ],                                                                                                                      
     "Execution Time": 298455.286                                                                                            
   }                                                                                                                         
 ]

