[
  {
    "Plan": {
      "Node Type": "Hash Join",
      "Join Type": "Inner",
      "Startup Cost": 42733.00,
      "Total Cost": 9660349.19,
      "Plan Rows": 5514452,
      "Plan Width": 733,
      "Actual Startup Time": 692.008,
      "Actual Total Time": 1020360.006,
      "Actual Rows": 220009742,
      "Actual Loops": 1,
      "Hash Cond": "(store_sales.ss_item_sk = item.i_item_sk)",
      "Plans": [
        {
          "Node Type": "Hash Join",
          "Parent Relationship": "Outer",
          "Join Type": "Inner",
          "Startup Cost": 2519.00,
          "Total Cost": 9186508.48,
          "Plan Rows": 5514452,
          "Plan Width": 229,
          "Actual Startup Time": 16.389,
          "Actual Total Time": 431199.161,
          "Actual Rows": 220009742,
          "Actual Loops": 1,
          "Hash Cond": "(store_sales.ss_sold_date_sk = date_dim.d_date_sk)",
          "Plans": [
            {
              "Node Type": "Seq Scan",
              "Parent Relationship": "Outer",
              "Relation Name": "store_sales",
              "Alias": "store_sales",
              "Startup Cost": 0.00,
              "Total Cost": 8048855.88,
              "Plan Rows": 287997088,
              "Plan Width": 111,
              "Actual Startup Time": 0.169,
              "Actual Total Time": 235640.536,
              "Actual Rows": 287997024,
              "Actual Loops": 1
            },
            {
              "Node Type": "Hash",
              "Parent Relationship": "Inner",
              "Startup Cost": 2500.73,
              "Total Cost": 2500.73,
              "Plan Rows": 1461,
              "Plan Width": 118,
              "Actual Startup Time": 16.199,
              "Actual Total Time": 16.199,
              "Actual Rows": 1461,
              "Actual Loops": 1,
              "Hash Buckets": 2048,
              "Original Hash Buckets": 2048,
              "Hash Batches": 1,
              "Original Hash Batches": 1,
              "Peak Memory Usage": 236,
              "Plans": [
                {
                  "Node Type": "Seq Scan",
                  "Parent Relationship": "Outer",
                  "Relation Name": "date_dim",
                  "Alias": "date_dim",
                  "Startup Cost": 0.00,
                  "Total Cost": 2500.73,
                  "Plan Rows": 1461,
                  "Plan Width": 118,
                  "Actual Startup Time": 7.710,
                  "Actual Total Time": 15.463,
                  "Actual Rows": 1461,
                  "Actual Loops": 1,
                  "Filter": "(d_year = ANY ('{1999,2000,2001,2002}'::integer[]))",
                  "Rows Removed by Filter": 71588
                }
              ]
            }
          ]
        },
        {
          "Node Type": "Hash",
          "Parent Relationship": "Inner",
          "Startup Cost": 24515.00,
          "Total Cost": 24515.00,
          "Plan Rows": 204000,
          "Plan Width": 504,
          "Actual Startup Time": 675.500,
          "Actual Total Time": 675.500,
          "Actual Rows": 204000,
          "Actual Loops": 1,
          "Hash Buckets": 8192,
          "Original Hash Buckets": 8192,
          "Hash Batches": 32,
          "Original Hash Batches": 32,
          "Peak Memory Usage": 3572,
          "Plans": [
            {
              "Node Type": "Seq Scan",
              "Parent Relationship": "Outer",
              "Relation Name": "item",
              "Alias": "item",
              "Startup Cost": 0.00,
              "Total Cost": 24515.00,
              "Plan Rows": 204000,
              "Plan Width": 504,
              "Actual Startup Time": 0.247,
              "Actual Total Time": 448.719,
              "Actual Rows": 204000,
              "Actual Loops": 1
            }
          ]
        }
      ]
    },
    "Planning Time": 2.536,
    "Triggers": [
    ],
    "Execution Time": 1030327.253
  }
]