[
  {
    "Plan": {
      "Node Type": "Hash Join",
      "Join Type": "Inner",
      "Startup Cost": 2501.11,
      "Total Cost": 5719340.95,
      "Plan Rows": 58810,
      "Plan Width": 284,
      "Actual Startup Time": 27100.735,
      "Actual Total Time": 110460.073,
      "Actual Rows": 1360854,
      "Actual Loops": 1,
      "Hash Cond": "(catalog_sales.cs_sold_date_sk = date_dim.d_date_sk)",
      "Plans": [
        {
          "Node Type": "Seq Scan",
          "Parent Relationship": "Outer",
          "Relation Name": "catalog_sales",
          "Alias": "catalog_sales",
          "Startup Cost": 0.00,
          "Total Cost": 5176262.72,
          "Plan Rows": 143997072,
          "Plan Width": 166,
          "Actual Startup Time": 0.671,
          "Actual Total Time": 91184.506,
          "Actual Rows": 143997065,
          "Actual Loops": 1
        },
        {
          "Node Type": "Hash",
          "Parent Relationship": "Inner",
          "Startup Cost": 2500.73,
          "Total Cost": 2500.73,
          "Plan Rows": 30,
          "Plan Width": 118,
          "Actual Startup Time": 14.271,
          "Actual Total Time": 14.271,
          "Actual Rows": 30,
          "Actual Loops": 1,
          "Hash Buckets": 1024,
          "Original Hash Buckets": 1024,
          "Hash Batches": 1,
          "Original Hash Batches": 1,
          "Peak Memory Usage": 13,
          "Plans": [
            {
              "Node Type": "Seq Scan",
              "Parent Relationship": "Outer",
              "Relation Name": "date_dim",
              "Alias": "date_dim",
              "Startup Cost": 0.00,
              "Total Cost": 2500.73,
              "Plan Rows": 30,
              "Plan Width": 118,
              "Actual Startup Time": 7.188,
              "Actual Total Time": 14.256,
              "Actual Rows": 30,
              "Actual Loops": 1,
              "Filter": "((d_year = 1999) AND (d_moy = 6))",
              "Rows Removed by Filter": 73019
            }
          ]
        }
      ]
    },
    "Planning Time": 0.309,
    "Triggers": [
    ],
    "Execution Time": 110519.680
  }
]