[
  {
    "Plan": {
      "Node Type": "Hash Join",
      "Join Type": "Inner",
      "Startup Cost": 42723.86,
      "Total Cost": 5915117.85,
      "Plan Rows": 1431042,
      "Plan Width": 788,
      "Actual Startup Time": 22842.771,
      "Actual Total Time": 483722.733,
      "Actual Rows": 85652032,
      "Actual Loops": 1,
      "Hash Cond": "(catalog_sales.cs_item_sk = ics.i_item_sk)",
      "Plans": [
        {
          "Node Type": "Hash Join",
          "Parent Relationship": "Outer",
          "Join Type": "Inner",
          "Startup Cost": 2509.86,
          "Total Cost": 5733072.02,
          "Plan Rows": 1431042,
          "Plan Width": 284,
          "Actual Startup Time": 22166.923,
          "Actual Total Time": 231687.897,
          "Actual Rows": 85652032,
          "Actual Loops": 1,
          "Hash Cond": "(catalog_sales.cs_sold_date_sk = d2.d_date_sk)",
          "Plans": [
            {
              "Node Type": "Seq Scan",
              "Parent Relationship": "Outer",
              "Relation Name": "catalog_sales",
              "Alias": "catalog_sales",
              "Startup Cost": 0.00,
              "Total Cost": 5176262.72,
              "Plan Rows": 143997072,
              "Plan Width": 166,
              "Actual Startup Time": 0.651,
              "Actual Total Time": 145129.017,
              "Actual Rows": 143997065,
              "Actual Loops": 1
            },
            {
              "Node Type": "Hash",
              "Parent Relationship": "Inner",
              "Startup Cost": 2500.73,
              "Total Cost": 2500.73,
              "Plan Rows": 730,
              "Plan Width": 118,
              "Actual Startup Time": 16.625,
              "Actual Total Time": 16.625,
              "Actual Rows": 1096,
              "Actual Loops": 1,
              "Hash Buckets": 2048,
              "Original Hash Buckets": 1024,
              "Hash Batches": 1,
              "Original Hash Batches": 1,
              "Peak Memory Usage": 181,
              "Plans": [
                {
                  "Node Type": "Seq Scan",
                  "Parent Relationship": "Outer",
                  "Relation Name": "date_dim",
                  "Alias": "d2",
                  "Startup Cost": 0.00,
                  "Total Cost": 2500.73,
                  "Plan Rows": 730,
                  "Plan Width": 118,
                  "Actual Startup Time": 7.164,
                  "Actual Total Time": 16.336,
                  "Actual Rows": 1096,
                  "Actual Loops": 1,
                  "Filter": "((d_year >= 1999) AND (d_year <= 2001))",
                  "Rows Removed by Filter": 71953
                }
              ]
            }
          ]
        },
        {
          "Node Type": "Hash",
          "Parent Relationship": "Inner",
          "Startup Cost": 24515.00,
          "Total Cost": 24515.00,
          "Plan Rows": 204000,
          "Plan Width": 504,
          "Actual Startup Time": 674.981,
          "Actual Total Time": 674.981,
          "Actual Rows": 204000,
          "Actual Loops": 1,
          "Hash Buckets": 8192,
          "Original Hash Buckets": 8192,
          "Hash Batches": 32,
          "Original Hash Batches": 32,
          "Peak Memory Usage": 3571,
          "Plans": [
            {
              "Node Type": "Seq Scan",
              "Parent Relationship": "Outer",
              "Relation Name": "item",
              "Alias": "ics",
              "Startup Cost": 0.00,
              "Total Cost": 24515.00,
              "Plan Rows": 204000,
              "Plan Width": 504,
              "Actual Startup Time": 0.427,
              "Actual Total Time": 442.631,
              "Actual Rows": 204000,
              "Actual Loops": 1
            }
          ]
        }
      ]
    },
    "Planning Time": 0.394,
    "Triggers": [
    ],
    "Execution Time": 487527.995
  }
]