[
  {
    "Plan": {
      "Node Type": "Hash Join",
      "Join Type": "Inner",
      "Startup Cost": 5885162.26,
      "Total Cost": 5929446.70,
      "Plan Rows": 44,
      "Plan Width": 779,
      "Actual Startup Time": 124866.275,
      "Actual Total Time": 127217.921,
      "Actual Rows": 198258,
      "Actual Loops": 1,
      "Hash Cond": "(customer_address.ca_address_sk = customer.c_current_addr_sk)",
      "Plans": [
        {
          "Node Type": "Seq Scan",
          "Parent Relationship": "Outer",
          "Relation Name": "customer_address",
          "Alias": "customer_address",
          "Startup Cost": 0.00,
          "Total Cost": 40484.00,
          "Plan Rows": 202667,
          "Plan Width": 145,
          "Actual Startup Time": 0.006,
          "Actual Total Time": 535.961,
          "Actual Rows": 201914,
          "Actual Loops": 1,
          "Filter": "(ca_state = ANY ('{TN,IL,GA,MO,CO,OH,NM}'::bpchar[]))",
          "Rows Removed by Filter": 798086
        },
        {
          "Node Type": "Hash",
          "Parent Relationship": "Inner",
          "Startup Cost": 5885159.58,
          "Total Cost": 5885159.58,
          "Plan Rows": 214,
          "Plan Width": 634,
          "Actual Startup Time": 124847.170,
          "Actual Total Time": 124847.170,
          "Actual Rows": 985706,
          "Actual Loops": 1,
          "Hash Buckets": 8192,
          "Original Hash Buckets": 1024,
          "Hash Batches": 256,
          "Original Hash Batches": 1,
          "Peak Memory Usage": 4033,
          "Plans": [
            {
              "Node Type": "Hash Join",
              "Parent Relationship": "Outer",
              "Join Type": "Inner",
              "Startup Cost": 5779877.37,
              "Total Cost": 5885159.58,
              "Plan Rows": 214,
              "Plan Width": 634,
              "Actual Startup Time": 112963.267,
              "Actual Total Time": 121006.587,
              "Actual Rows": 985706,
              "Actual Loops": 1,
              "Hash Cond": "(catalog_sales.cs_promo_sk = promotion.p_promo_sk)",
              "Plans": [
                {
                  "Node Type": "Hash Join",
                  "Parent Relationship": "Outer",
                  "Join Type": "Inner",
                  "Startup Cost": 5779823.87,
                  "Total Cost": 5885103.14,
                  "Plan Rows": 215,
                  "Plan Width": 467,
                  "Actual Startup Time": 112962.640,
                  "Actual Total Time": 120303.645,
                  "Actual Rows": 991919,
                  "Actual Loops": 1,
                  "Hash Cond": "(customer.c_customer_sk = catalog_sales.cs_bill_customer_sk)",
                  "Plans": [
                    {
                      "Node Type": "Seq Scan",
                      "Parent Relationship": "Outer",
                      "Relation Name": "customer",
                      "Alias": "customer",
                      "Startup Cost": 0.00,
                      "Total Cost": 91944.14,
                      "Plan Rows": 969671,
                      "Plan Width": 245,
                      "Actual Startup Time": 0.002,
                      "Actual Total Time": 1092.762,
                      "Actual Rows": 971032,
                      "Actual Loops": 1,
                      "Filter": "(c_birth_month = ANY ('{6,5,12,4,3,7}'::integer[]))",
                      "Rows Removed by Filter": 1028968
                    },
                    {
                      "Node Type": "Hash",
                      "Parent Relationship": "Inner",
                      "Startup Cost": 5779818.28,
                      "Total Cost": 5779818.28,
                      "Plan Rows": 447,
                      "Plan Width": 222,
                      "Actual Startup Time": 112944.436,
                      "Actual Total Time": 112944.436,
                      "Actual Rows": 2042703,
                      "Actual Loops": 1,
                      "Hash Buckets": 16384,
                      "Original Hash Buckets": 1024,
                      "Hash Batches": 256,
                      "Original Hash Batches": 1,
                      "Peak Memory Usage": 3969,
                      "Plans": [
                        {
                          "Node Type": "Hash Join",
                          "Parent Relationship": "Outer",
                          "Join Type": "Inner",
                          "Startup Cost": 63562.07,
                          "Total Cost": 5779818.28,
                          "Plan Rows": 447,
                          "Plan Width": 222,
                          "Actual Startup Time": 444.092,
                          "Actual Total Time": 109712.120,
                          "Actual Rows": 2047725,
                          "Actual Loops": 1,
                          "Hash Cond": "(catalog_sales.cs_bill_cdemo_sk = customer_demographics.cd_demo_sk)",
                          "Plans": [
                            {
                              "Node Type": "Seq Scan",
                              "Parent Relationship": "Outer",
                              "Relation Name": "catalog_sales",
                              "Alias": "catalog_sales",
                              "Startup Cost": 0.00,
                              "Total Cost": 5176262.72,
                              "Plan Rows": 143997072,
                              "Plan Width": 166,
                              "Actual Startup Time": 0.164,
                              "Actual Total Time": 83839.758,
                              "Actual Rows": 143997065,
                              "Actual Loops": 1
                            },
                            {
                              "Node Type": "Hash",
                              "Parent Relationship": "Inner",
                              "Startup Cost": 63562.00,
                              "Total Cost": 63562.00,
                              "Plan Rows": 6,
                              "Plan Width": 56,
                              "Actual Startup Time": 443.385,
                              "Actual Total Time": 443.385,
                              "Actual Rows": 27440,
                              "Actual Loops": 1,
                              "Hash Buckets": 32768,
                              "Original Hash Buckets": 1024,
                              "Hash Batches": 1,
                              "Original Hash Batches": 1,
                              "Peak Memory Usage": 2722,
                              "Plans": [
                                {
                                  "Node Type": "Seq Scan",
                                  "Parent Relationship": "Outer",
                                  "Relation Name": "customer_demographics",
                                  "Alias": "customer_demographics",
                                  "Startup Cost": 0.00,
                                  "Total Cost": 63562.00,
                                  "Plan Rows": 6,
                                  "Plan Width": 56,
                                  "Actual Startup Time": 343.698,
                                  "Actual Total Time": 436.642,
                                  "Actual Rows": 27440,
                                  "Actual Loops": 1,
                                  "Filter": "((cd_gender = 'F'::bpchar) AND (cd_marital_status = 'D'::bpchar) AND (cd_education_status = '4 yr Degree'::bpchar))",
                                  "Rows Removed by Filter": 1893360
                                }
                              ]
                            }
                          ]
                        }
                      ]
                    }
                  ]
                },
                {
                  "Node Type": "Hash",
                  "Parent Relationship": "Inner",
                  "Startup Cost": 41.00,
                  "Total Cost": 41.00,
                  "Plan Rows": 1000,
                  "Plan Width": 167,
                  "Actual Startup Time": 0.619,
                  "Actual Total Time": 0.619,
                  "Actual Rows": 995,
                  "Actual Loops": 1,
                  "Hash Buckets": 1024,
                  "Original Hash Buckets": 1024,
                  "Hash Batches": 1,
                  "Original Hash Batches": 1,
                  "Peak Memory Usage": 207,
                  "Plans": [
                    {
                      "Node Type": "Seq Scan",
                      "Parent Relationship": "Outer",
                      "Relation Name": "promotion",
                      "Alias": "promotion",
                      "Startup Cost": 0.00,
                      "Total Cost": 41.00,
                      "Plan Rows": 1000,
                      "Plan Width": 167,
                      "Actual Startup Time": 0.005,
                      "Actual Total Time": 0.381,
                      "Actual Rows": 995,
                      "Actual Loops": 1,
                      "Filter": "((p_channel_email = 'N'::bpchar) OR (p_channel_event = 'N'::bpchar))",
                      "Rows Removed by Filter": 5
                    }
                  ]
                }
              ]
            }
          ]
        }
      ]
    },
    "Planning Time": 8.204,
    "Triggers": [
    ],
    "Execution Time": 127227.002
  }
]
