[
  {
    "Plan": {
      "Node Type": "Nested Loop",
      "Join Type": "Inner",
      "Startup Cost": 63615.59,
      "Total Cost": 5819793.58,
      "Plan Rows": 3,
      "Plan Width": 1011,
      "Actual Startup Time": 239787.159,
      "Actual Total Time": 49865517.023,
      "Actual Rows": 467832,
      "Actual Loops": 1,
      "Join Filter": "(catalog_sales.cs_item_sk = item.i_item_sk)",
      "Rows Removed by Join Filter": 95437260168,
      "Plans": [
        {
          "Node Type": "Seq Scan",
          "Parent Relationship": "Outer",
          "Relation Name": "item",
          "Alias": "item",
          "Startup Cost": 0.00,
          "Total Cost": 24515.00,
          "Plan Rows": 204000,
          "Plan Width": 504,
          "Actual Startup Time": 0.182,
          "Actual Total Time": 944.719,
          "Actual Rows": 204000,
          "Actual Loops": 1
        },
        {
          "Node Type": "Materialize",
          "Parent Relationship": "Inner",
          "Startup Cost": 63615.59,
          "Total Cost": 5786098.59,
          "Plan Rows": 3,
          "Plan Width": 507,
          "Actual Startup Time": 0.496,
          "Actual Total Time": 163.078,
          "Actual Rows": 467832,
          "Actual Loops": 204000,
          "Plans": [
            {
              "Node Type": "Nested Loop",
              "Parent Relationship": "Outer",
              "Join Type": "Inner",
              "Startup Cost": 63615.59,
              "Total Cost": 5786098.58,
              "Plan Rows": 3,
              "Plan Width": 507,
              "Actual Startup Time": 100307.347,
              "Actual Total Time": 238318.024,
              "Actual Rows": 467832,
              "Actual Loops": 1,
              "Join Filter": "(catalog_sales.cs_sold_date_sk = date_dim.d_date_sk)",
              "Rows Removed by Join Filter": 930453808,
              "Plans": [
                {
                  "Node Type": "Hash Join",
                  "Parent Relationship": "Outer",
                  "Join Type": "Inner",
                  "Startup Cost": 63615.59,
                  "Total Cost": 5779879.69,
                  "Plan Rows": 519,
                  "Plan Width": 389,
                  "Actual Startup Time": 421.255,
                  "Actual Total Time": 78207.494,
                  "Actual Rows": 2032580,
                  "Actual Loops": 1,
                  "Hash Cond": "(catalog_sales.cs_promo_sk = promotion.p_promo_sk)",
                  "Plans": [
                    {
                      "Node Type": "Hash Join",
                      "Parent Relationship": "Outer",
                      "Join Type": "Inner",
                      "Startup Cost": 63562.09,
                      "Total Cost": 5779819.05,
                      "Plan Rows": 522,
                      "Plan Width": 222,
                      "Actual Startup Time": 420.600,
                      "Actual Total Time": 76428.730,
                      "Actual Rows": 2047939,
                      "Actual Loops": 1,
                      "Hash Cond": "(catalog_sales.cs_bill_cdemo_sk = customer_demographics.cd_demo_sk)",
                      "Plans": [
                        {
                          "Node Type": "Seq Scan",
                          "Parent Relationship": "Outer",
                          "Relation Name": "catalog_sales",
                          "Alias": "catalog_sales",
                          "Startup Cost": 0.00,
                          "Total Cost": 5176262.72,
                          "Plan Rows": 143997072,
                          "Plan Width": 166,
                          "Actual Startup Time": 0.154,
                          "Actual Total Time": 53756.705,
                          "Actual Rows": 143997065,
                          "Actual Loops": 1
                        },
                        {
                          "Node Type": "Hash",
                          "Parent Relationship": "Inner",
                          "Startup Cost": 63562.00,
                          "Total Cost": 63562.00,
                          "Plan Rows": 7,
                          "Plan Width": 56,
                          "Actual Startup Time": 418.591,
                          "Actual Total Time": 418.591,
                          "Actual Rows": 27440,
                          "Actual Loops": 1,
                          "Hash Buckets": 32768,
                          "Original Hash Buckets": 1024,
                          "Hash Batches": 1,
                          "Original Hash Batches": 1,
                          "Peak Memory Usage": 2722,
                          "Plans": [
                            {
                              "Node Type": "Seq Scan",
                              "Parent Relationship": "Outer",
                              "Relation Name": "customer_demographics",
                              "Alias": "customer_demographics",
                              "Startup Cost": 0.00,
                              "Total Cost": 63562.00,
                              "Plan Rows": 7,
                              "Plan Width": 56,
                              "Actual Startup Time": 325.689,
                              "Actual Total Time": 412.250,
                              "Actual Rows": 27440,
                              "Actual Loops": 1,
                              "Filter": "((cd_gender = 'M'::bpchar) AND (cd_marital_status = 'M'::bpchar) AND (cd_education_status = '4 yr Degree'::bpchar))",
                              "Rows Removed by Filter": 1893360
                            }
                          ]
                        }
                      ]
                    },
                    {
                      "Node Type": "Hash",
                      "Parent Relationship": "Inner",
                      "Startup Cost": 41.00,
                      "Total Cost": 41.00,
                      "Plan Rows": 1000,
                      "Plan Width": 167,
                      "Actual Startup Time": 0.642,
                      "Actual Total Time": 0.642,
                      "Actual Rows": 995,
                      "Actual Loops": 1,
                      "Hash Buckets": 1024,
                      "Original Hash Buckets": 1024,
                      "Hash Batches": 1,
                      "Original Hash Batches": 1,
                      "Peak Memory Usage": 207,
                      "Plans": [
                        {
                          "Node Type": "Seq Scan",
                          "Parent Relationship": "Outer",
                          "Relation Name": "promotion",
                          "Alias": "promotion",
                          "Startup Cost": 0.00,
                          "Total Cost": 41.00,
                          "Plan Rows": 1000,
                          "Plan Width": 167,
                          "Actual Startup Time": 0.008,
                          "Actual Total Time": 0.421,
                          "Actual Rows": 995,
                          "Actual Loops": 1,
                          "Filter": "((p_channel_email = 'N'::bpchar) OR (p_channel_event = 'N'::bpchar))",
                          "Rows Removed by Filter": 5
                        }
                      ]
                    }
                  ]
                },
                {
                  "Node Type": "Materialize",
                  "Parent Relationship": "Inner",
                  "Startup Cost": 0.00,
                  "Total Cost": 2685.63,
                  "Plan Rows": 454,
                  "Plan Width": 118,
                  "Actual Startup Time": 0.000,
                  "Actual Total Time": 0.025,
                  "Actual Rows": 458,
                  "Actual Loops": 2032580,
                  "Plans": [
                    {
                      "Node Type": "Seq Scan",
                      "Parent Relationship": "Outer",
                      "Relation Name": "date_dim",
                      "Alias": "date_dim",
                      "Startup Cost": 0.00,
                      "Total Cost": 2683.36,
                      "Plan Rows": 454,
                      "Plan Width": 118,
                      "Actual Startup Time": 9.957,
                      "Actual Total Time": 21.558,
                      "Actual Rows": 458,
                      "Actual Loops": 1,
                      "Filter": "(((d_date >= '2000-03-22'::date) AND (d_date <= '2000-06-22'::date)) OR (d_year = 2001))",
                      "Rows Removed by Filter": 72591
                    }
                  ]
                }
              ]
            }
          ]
        }
      ]
    },
    "Planning Time": 5.995,
    "Triggers": [
    ],
    "Execution Time": 49865733.656
  }
]
