[
  {
    "Plan": {
      "Node Type": "Hash Join",
      "Parallel Aware": false,
      "Join Type": "Inner",
      "Startup Cost": 2509.75,
      "Total Cost": 31477.34,
      "Plan Rows": 2973,
      "Plan Width": 0,
      "Actual Startup Time": 9.510,
      "Actual Total Time": 249.684,
      "Actual Rows": 130930,
      "Actual Loops": 1,
      "Hash Cond": "(web_sales.ws_web_site_sk = web_site.web_site_sk)",
      "Plans": [
        {
          "Node Type": "Hash Join",
          "Parent Relationship": "Outer",
          "Parallel Aware": false,
          "Join Type": "Inner",
          "Startup Cost": 2507.07,
          "Total Cost": 31433.79,
          "Plan Rows": 2973,
          "Plan Width": 4,
          "Actual Startup Time": 9.484,
          "Actual Total Time": 223.206,
          "Actual Rows": 130930,
          "Actual Loops": 1,
          "Hash Cond": "(web_sales.ws_ship_mode_sk = ship_mode.sm_ship_mode_sk)",
          "Plans": [
            {
              "Node Type": "Hash Join",
              "Parent Relationship": "Outer",
              "Parallel Aware": false,
              "Join Type": "Inner",
              "Startup Cost": 2505.62,
              "Total Cost": 31391.46,
              "Plan Rows": 2973,
              "Plan Width": 8,
              "Actual Startup Time": 9.472,
              "Actual Total Time": 197.786,
              "Actual Rows": 130930,
              "Actual Loops": 1,
              "Hash Cond": "(web_sales.ws_warehouse_sk = warehouse.w_warehouse_sk)",
              "Plans": [
                {
                  "Node Type": "Hash Join",
                  "Parent Relationship": "Outer",
                  "Parallel Aware": false,
                  "Join Type": "Inner",
                  "Startup Cost": 2504.51,
                  "Total Cost": 31349.47,
                  "Plan Rows": 2973,
                  "Plan Width": 12,
                  "Actual Startup Time": 9.463,
                  "Actual Total Time": 171.987,
                  "Actual Rows": 130930,
                  "Actual Loops": 1,
                  "Hash Cond": "(web_sales.ws_ship_date_sk = date_dim.d_date_sk)",
                  "Plans": [
                    {
                      "Node Type": "Seq Scan",
                      "Parent Relationship": "Outer",
                      "Parallel Aware": false,
                      "Relation Name": "web_sales",
                      "Alias": "web_sales",
                      "Startup Cost": 0.00,
                      "Total Cost": 26118.71,
                      "Plan Rows": 719071,
                      "Plan Width": 16,
                      "Actual Startup Time": 0.003,
                      "Actual Total Time": 68.248,
                      "Actual Rows": 648025,
                      "Actual Loops": 1
                    },
                    {
                      "Node Type": "Hash",
                      "Parent Relationship": "Inner",
                      "Parallel Aware": false,
                      "Startup Cost": 2500.73,
                      "Total Cost": 2500.73,
                      "Plan Rows": 302,
                      "Plan Width": 4,
                      "Actual Startup Time": 9.447,
                      "Actual Total Time": 9.447,
                      "Actual Rows": 365,
                      "Actual Loops": 1,
                      "Hash Buckets": 1024,
                      "Original Hash Buckets": 1024,
                      "Hash Batches": 1,
                      "Original Hash Batches": 1,
                      "Peak Memory Usage": 21,
                      "Plans": [
                        {
                          "Node Type": "Seq Scan",
                          "Parent Relationship": "Outer",
                          "Parallel Aware": false,
                          "Relation Name": "date_dim",
                          "Alias": "date_dim",
                          "Startup Cost": 0.00,
                          "Total Cost": 2500.73,
                          "Plan Rows": 302,
                          "Plan Width": 4,
                          "Actual Startup Time": 4.572,
                          "Actual Total Time": 9.394,
                          "Actual Rows": 365,
                          "Actual Loops": 1,
                          "Filter": "((d_month_seq >= 1212) AND (d_month_seq <= 1223))",
                          "Rows Removed by Filter": 72684
                        }
                      ]
                    }
                  ]
                },
                {
                  "Node Type": "Hash",
                  "Parent Relationship": "Inner",
                  "Parallel Aware": false,
                  "Startup Cost": 1.05,
                  "Total Cost": 1.05,
                  "Plan Rows": 5,
                  "Plan Width": 4,
                  "Actual Startup Time": 0.005,
                  "Actual Total Time": 0.005,
                  "Actual Rows": 5,
                  "Actual Loops": 1,
                  "Hash Buckets": 1024,
                  "Original Hash Buckets": 1024,
                  "Hash Batches": 1,
                  "Original Hash Batches": 1,
                  "Peak Memory Usage": 9,
                  "Plans": [
                    {
                      "Node Type": "Seq Scan",
                      "Parent Relationship": "Outer",
                      "Parallel Aware": false,
                      "Relation Name": "warehouse",
                      "Alias": "warehouse",
                      "Startup Cost": 0.00,
                      "Total Cost": 1.05,
                      "Plan Rows": 5,
                      "Plan Width": 4,
                      "Actual Startup Time": 0.003,
                      "Actual Total Time": 0.005,
                      "Actual Rows": 5,
                      "Actual Loops": 1
                    }
                  ]
                }
              ]
            },
            {
              "Node Type": "Hash",
              "Parent Relationship": "Inner",
              "Parallel Aware": false,
              "Startup Cost": 1.20,
              "Total Cost": 1.20,
              "Plan Rows": 20,
              "Plan Width": 4,
              "Actual Startup Time": 0.010,
              "Actual Total Time": 0.010,
              "Actual Rows": 20,
              "Actual Loops": 1,
              "Hash Buckets": 1024,
              "Original Hash Buckets": 1024,
              "Hash Batches": 1,
              "Original Hash Batches": 1,
              "Peak Memory Usage": 9,
              "Plans": [
                {
                  "Node Type": "Seq Scan",
                  "Parent Relationship": "Outer",
                  "Parallel Aware": false,
                  "Relation Name": "ship_mode",
                  "Alias": "ship_mode",
                  "Startup Cost": 0.00,
                  "Total Cost": 1.20,
                  "Plan Rows": 20,
                  "Plan Width": 4,
                  "Actual Startup Time": 0.004,
                  "Actual Total Time": 0.007,
                  "Actual Rows": 20,
                  "Actual Loops": 1
                }
              ]
            }
          ]
        },
        {
          "Node Type": "Hash",
          "Parent Relationship": "Inner",
          "Parallel Aware": false,
          "Startup Cost": 2.30,
          "Total Cost": 2.30,
          "Plan Rows": 30,
          "Plan Width": 4,
          "Actual Startup Time": 0.019,
          "Actual Total Time": 0.019,
          "Actual Rows": 30,
          "Actual Loops": 1,
          "Hash Buckets": 1024,
          "Original Hash Buckets": 1024,
          "Hash Batches": 1,
          "Original Hash Batches": 1,
          "Peak Memory Usage": 10,
          "Plans": [
            {
              "Node Type": "Seq Scan",
              "Parent Relationship": "Outer",
              "Parallel Aware": false,
              "Relation Name": "web_site",
              "Alias": "web_site",
              "Startup Cost": 0.00,
              "Total Cost": 2.30,
              "Plan Rows": 30,
              "Plan Width": 4,
              "Actual Startup Time": 0.006,
              "Actual Total Time": 0.011,
              "Actual Rows": 30,
              "Actual Loops": 1
            }
          ]
        }
      ]
    },
    "Planning Time": 1.071,
    "Triggers": [
    ],
    "Execution Time": 254.008
  }
]
