[
  {
    "Plan": {
      "Node Type": "Hash Join",
      "Parallel Aware": false,
      "Join Type": "Inner",
      "Startup Cost": 31337.50,
      "Total Cost": 33121.06,
      "Plan Rows": 906,
      "Plan Width": 0,
      "Actual Startup Time": 129.639,
      "Actual Total Time": 142.315,
      "Actual Rows": 18672,
      "Actual Loops": 1,
      "Hash Cond": "(customer_address.ca_address_sk = web_sales.ws_bill_addr_sk)",
      "Plans": [
        {
          "Node Type": "Seq Scan",
          "Parent Relationship": "Outer",
          "Parallel Aware": false,
          "Relation Name": "customer_address",
          "Alias": "customer_address",
          "Startup Cost": 0.00,
          "Total Cost": 1587.00,
          "Plan Rows": 50000,
          "Plan Width": 4,
          "Actual Startup Time": 0.007,
          "Actual Total Time": 4.847,
          "Actual Rows": 50000,
          "Actual Loops": 1
        },
        {
          "Node Type": "Hash",
          "Parent Relationship": "Inner",
          "Parallel Aware": false,
          "Startup Cost": 31326.17,
          "Total Cost": 31326.17,
          "Plan Rows": 906,
          "Plan Width": 4,
          "Actual Startup Time": 129.614,
          "Actual Total Time": 129.614,
          "Actual Rows": 18672,
          "Actual Loops": 1,
          "Hash Buckets": 32768,
          "Original Hash Buckets": 1024,
          "Hash Batches": 1,
          "Original Hash Batches": 1,
          "Peak Memory Usage": 913,
          "Plans": [
            {
              "Node Type": "Hash Join",
              "Parent Relationship": "Outer",
              "Parallel Aware": false,
              "Join Type": "Inner",
              "Startup Cost": 2501.88,
              "Total Cost": 31326.17,
              "Plan Rows": 906,
              "Plan Width": 4,
              "Actual Startup Time": 12.534,
              "Actual Total Time": 127.158,
              "Actual Rows": 18672,
              "Actual Loops": 1,
              "Hash Cond": "(web_sales.ws_sold_date_sk = date_dim.d_date_sk)",
              "Plans": [
                {
                  "Node Type": "Seq Scan",
                  "Parent Relationship": "Outer",
                  "Parallel Aware": false,
                  "Relation Name": "web_sales",
                  "Alias": "web_sales",
                  "Startup Cost": 0.00,
                  "Total Cost": 26118.71,
                  "Plan Rows": 719071,
                  "Plan Width": 8,
                  "Actual Startup Time": 0.003,
                  "Actual Total Time": 60.498,
                  "Actual Rows": 648025,
                  "Actual Loops": 1
                },
                {
                  "Node Type": "Hash",
                  "Parent Relationship": "Inner",
                  "Parallel Aware": false,
                  "Startup Cost": 2500.73,
                  "Total Cost": 2500.73,
                  "Plan Rows": 92,
                  "Plan Width": 4,
                  "Actual Startup Time": 12.461,
                  "Actual Total Time": 12.461,
                  "Actual Rows": 91,
                  "Actual Loops": 1,
                  "Hash Buckets": 1024,
                  "Original Hash Buckets": 1024,
                  "Hash Batches": 1,
                  "Original Hash Batches": 1,
                  "Peak Memory Usage": 12,
                  "Plans": [
                    {
                      "Node Type": "Seq Scan",
                      "Parent Relationship": "Outer",
                      "Parallel Aware": false,
                      "Relation Name": "date_dim",
                      "Alias": "date_dim",
                      "Startup Cost": 0.00,
                      "Total Cost": 2500.73,
                      "Plan Rows": 92,
                      "Plan Width": 4,
                      "Actual Startup Time": 6.926,
                      "Actual Total Time": 12.442,
                      "Actual Rows": 91,
                      "Actual Loops": 1,
                      "Filter": "((d_qoy = 2) AND (d_year = 2000))",
                      "Rows Removed by Filter": 72958
                    }
                  ]
                }
              ]
            }
          ]
        }
      ]
    },
    "Planning Time": 0.279,
    "Triggers": [
    ],
    "Execution Time": 142.979
  }
]
