[{"Triggers": [], "Planning Time": 0.375, "Plan": {"Partial Mode": "Simple", "Startup Cost": 90500.35, "Plan Width": 110, "Plans": [{"Startup Cost": 3962.82, "Plan Width": 110, "Plans": [{"Startup Cost": 2501.12, "Plan Width": 4, "Plans": [{"Startup Cost": 0.0, "Plan Width": 8, "Actual Total Time": 309.16, "Node Type": "Seq Scan", "Total Cost": 76687.57, "Plan Rows": 2622557, "Relation Name": "store_sales", "Alias": "store_sales", "Parallel Aware": false, "Actual Rows": 2485280, "Parent Relationship": "Outer", "Actual Startup Time": 0.024, "Actual Loops": 1}, {"Hash Buckets": 1024, "Startup Cost": 2500.73, "Plan Width": 4, "Plans": [{"Relation Name": "date_dim", "Startup Cost": 0.0, "Plan Width": 4, "Actual Total Time": 10.354, "Node Type": "Seq Scan", "Total Cost": 2500.73, "Plan Rows": 31, "Filter": "((d_moy = 12) AND (d_year = 2002))", "Alias": "date_dim", "Parallel Aware": false, "Actual Rows": 31, "Parent Relationship": "Outer", "Actual Startup Time": 5.798, "Rows Removed by Filter": 73018, "Actual Loops": 1}], "Original Hash Buckets": 1024, "Hash Batches": 1, "Node Type": "Hash", "Total Cost": 2500.73, "Plan Rows": 31, "Actual Total Time": 10.369, "Parallel Aware": false, "Actual Rows": 31, "Parent Relationship": "Inner", "Peak Memory Usage": 10, "Actual Startup Time": 10.369, "Original Hash Batches": 1, "Actual Loops": 1}], "Plan Rows": 1113, "Total Cost": 89034.41, "Node Type": "Hash Join", "Join Type": "Inner", "Actual Total Time": 545.546, "Parallel Aware": false, "Actual Rows": 85047, "Parent Relationship": "Outer", "Hash Cond": "(store_sales.ss_sold_date_sk = date_dim.d_date_sk)", "Actual Startup Time": 10.435, "Actual Loops": 1}, {"Hash Buckets": 1024, "Startup Cost": 1461.0, "Plan Width": 114, "Plans": [{"Relation Name": "item", "Startup Cost": 0.0, "Plan Width": 114, "Actual Total Time": 4.885, "Node Type": "Seq Scan", "Total Cost": 1461.0, "Plan Rows": 56, "Filter": "(i_manager_id = 91)", "Alias": "item", "Parallel Aware": false, "Actual Rows": 56, "Parent Relationship": "Outer", "Actual Startup Time": 0.158, "Rows Removed by Filter": 17944, "Actual Loops": 1}], "Original Hash Buckets": 1024, "Hash Batches": 1, "Node Type": "Hash", "Total Cost": 1461.0, "Plan Rows": 56, "Actual Total Time": 4.902, "Parallel Aware": false, "Actual Rows": 56, "Parent Relationship": "Inner", "Peak Memory Usage": 17, "Actual Startup Time": 4.902, "Original Hash Batches": 1, "Actual Loops": 1}], "Plan Rows": 3, "Total Cost": 90500.32, "Node Type": "Hash Join", "Join Type": "Inner", "Actual Total Time": 558.649, "Parallel Aware": false, "Actual Rows": 281162, "Parent Relationship": "Outer", "Hash Cond": "(store_sales.ss_item_sk = item.i_item_sk)", "Actual Startup Time": 19.962, "Actual Loops": 1}], "Node Type": "Aggregate", "Total Cost": 90500.38, "Strategy": "Hashed", "Actual Total Time": 559.208, "Plan Rows": 3, "Parallel Aware": false, "Actual Rows": 453, "Group Key": ["item.i_brand", "item.i_brand_id", "item.i_manufact_id", "item.i_manufact"], "Actual Startup Time": 559.204, "Actual Loops": 1}, "Execution Time": 559.244}]