[{"Triggers": [], "Planning Time": 33.799, "Plan": {"Partial Mode": "Simple", "Startup Cost": 7396.48, "Plan Width": 42, "Plans": [{"Startup Cost": 2502.26, "Plan Width": 42, "Plans": [{"Startup Cost": 2501.12, "Plan Width": 4, "Plans": [{"Startup Cost": 0.0, "Plan Width": 8, "Actual Total Time": 26.304, "Node Type": "Seq Scan", "Total Cost": 4362.9, "Plan Rows": 141190, "Relation Name": "catalog_returns", "Alias": "catalog_returns", "Parallel Aware": false, "Actual Rows": 127393, "Parent Relationship": "Outer", "Actual Startup Time": 0.013, "Actual Loops": 1}, {"Hash Buckets": 1024, "Startup Cost": 2500.73, "Plan Width": 4, "Plans": [{"Relation Name": "date_dim", "Startup Cost": 0.0, "Plan Width": 4, "Actual Total Time": 34.335, "Node Type": "Seq Scan", "Total Cost": 2500.73, "Plan Rows": 31, "Filter": "((d_year = 2000) AND (d_moy = 12))", "Alias": "date_dim", "Parallel Aware": false, "Actual Rows": 31, "Parent Relationship": "Outer", "Actual Startup Time": 14.219, "Rows Removed by Filter": 73018, "Actual Loops": 1}], "Original Hash Buckets": 1024, "Hash Batches": 1, "Node Type": "Hash", "Total Cost": 2500.73, "Plan Rows": 31, "Actual Total Time": 34.36, "Parallel Aware": false, "Actual Rows": 31, "Parent Relationship": "Inner", "Peak Memory Usage": 10, "Actual Startup Time": 34.36, "Original Hash Batches": 1, "Actual Loops": 1}], "Plan Rows": 60, "Total Cost": 7394.09, "Node Type": "Hash Join", "Join Type": "Inner", "Actual Total Time": 86.595, "Parallel Aware": false, "Actual Rows": 2150, "Parent Relationship": "Outer", "Hash Cond": "(catalog_returns.cr_returned_date_sk = date_dim.d_date_sk)", "Actual Startup Time": 43.589, "Actual Loops": 1}, {"Hash Buckets": 1024, "Startup Cost": 1.06, "Plan Width": 46, "Plans": [{"Startup Cost": 0.0, "Plan Width": 46, "Actual Total Time": 0.03, "Node Type": "Seq Scan", "Total Cost": 1.06, "Plan Rows": 6, "Relation Name": "call_center", "Alias": "call_center", "Parallel Aware": false, "Actual Rows": 6, "Parent Relationship": "Outer", "Actual Startup Time": 0.023, "Actual Loops": 1}], "Original Hash Buckets": 1024, "Hash Batches": 1, "Node Type": "Hash", "Total Cost": 1.06, "Plan Rows": 6, "Actual Total Time": 0.043, "Parallel Aware": false, "Actual Rows": 6, "Parent Relationship": "Inner", "Peak Memory Usage": 9, "Actual Startup Time": 0.043, "Original Hash Batches": 1, "Actual Loops": 1}], "Plan Rows": 60, "Total Cost": 7396.03, "Node Type": "Hash Join", "Join Type": "Inner", "Actual Total Time": 87.812, "Parallel Aware": false, "Actual Rows": 2396757, "Parent Relationship": "Outer", "Hash Cond": "(catalog_returns.cr_call_center_sk = call_center.cc_call_center_sk)", "Actual Startup Time": 43.652, "Actual Loops": 1}], "Node Type": "Aggregate", "Total Cost": 7396.52, "Strategy": "Hashed", "Actual Total Time": 89.478, "Plan Rows": 4, "Parallel Aware": false, "Actual Rows": 22, "Group Key": ["call_center.cc_call_center_id", "call_center.cc_name", "call_center.cc_manager"], "Actual Startup Time": 89.477, "Actual Loops": 1}, "Execution Time": 89.632}]