[{"Triggers": [], "Planning Time": 0.617, "Plan": {"Partial Mode": "Simple", "Startup Cost": 67003.56, "Plan Width": 23, "Plans": [{"Startup Cost": 4373.32, "Rows Removed by Join Filter": 0, "Plans": [{"Startup Cost": 4373.32, "Plan Width": 27, "Plans": [{"Relation Name": "customer_demographics", "Startup Cost": 0.0, "Plan Width": 27, "Actual Total Time": 0.03, "Node Type": "Seq Scan", "Total Cost": 60244.0, "Plan Rows": 106904, "Filter": "(((cd_marital_status = 'M'::bpchar) AND (cd_education_status = 'Unknown'::bpchar)) OR ((cd_marital_status = 'W'::bpchar) AND (cd_education_status = 'Advanced Degree'::bpchar)))", "Alias": "customer_demographics", "Parallel Aware": false, "Actual Rows": 1, "Parent Relationship": "Outer", "Actual Startup Time": 0.03, "Rows Removed by Filter": 56, "Actual Loops": 1}, {"Hash Buckets": 1024, "Startup Cost": 4373.14, "Plan Width": 8, "Plans": [{"Startup Cost": 143.01, "Plan Width": 8, "Plans": [{"Startup Cost": 0.0, "Plan Width": 12, "Actual Total Time": 0.004, "Node Type": "Seq Scan", "Total Cost": 3855.0, "Plan Rows": 100000, "Relation Name": "customer", "Alias": "customer", "Parallel Aware": false, "Actual Rows": 1, "Parent Relationship": "Outer", "Actual Startup Time": 0.004, "Actual Loops": 1}, {"Hash Buckets": 1024, "Startup Cost": 143.0, "Plan Width": 4, "Plans": [{"Relation Name": "household_demographics", "Startup Cost": 0.0, "Plan Width": 4, "Actual Total Time": 1.508, "Node Type": "Seq Scan", "Total Cost": 143.0, "Plan Rows": 1, "Filter": "(hd_buy_potential = 'gt1000'::bpchar)", "Alias": "household_demographics", "Parallel Aware": false, "Actual Rows": 0, "Parent Relationship": "Outer", "Actual Startup Time": 1.508, "Rows Removed by Filter": 7200, "Actual Loops": 1}], "Original Hash Buckets": 1024, "Hash Batches": 1, "Node Type": "Hash", "Total Cost": 143.0, "Plan Rows": 1, "Actual Total Time": 1.508, "Parallel Aware": false, "Actual Rows": 0, "Parent Relationship": "Inner", "Peak Memory Usage": 8, "Actual Startup Time": 1.508, "Original Hash Batches": 1, "Actual Loops": 1}], "Plan Rows": 14, "Total Cost": 4373.14, "Node Type": "Hash Join", "Join Type": "Inner", "Actual Total Time": 1.515, "Parallel Aware": false, "Actual Rows": 0, "Parent Relationship": "Outer", "Hash Cond": "(customer.c_current_hdemo_sk = household_demographics.hd_demo_sk)", "Actual Startup Time": 1.515, "Actual Loops": 1}], "Original Hash Buckets": 1024, "Hash Batches": 1, "Node Type": "Hash", "Total Cost": 4373.14, "Plan Rows": 14, "Actual Total Time": 1.515, "Parallel Aware": false, "Actual Rows": 0, "Parent Relationship": "Inner", "Peak Memory Usage": 8, "Actual Startup Time": 1.515, "Original Hash Batches": 1, "Actual Loops": 1}], "Plan Rows": 1, "Total Cost": 65018.22, "Node Type": "Hash Join", "Join Type": "Inner", "Actual Total Time": 1.559, "Parallel Aware": false, "Actual Rows": 0, "Parent Relationship": "Outer", "Hash Cond": "(customer_demographics.cd_demo_sk = customer.c_current_cdemo_sk)", "Actual Startup Time": 1.559, "Actual Loops": 1}, {"Relation Name": "customer_address", "Startup Cost": 0.0, "Plan Width": 4, "Actual Total Time": 0.0, "Node Type": "Seq Scan", "Total Cost": 1712.0, "Plan Rows": 21867, "Filter": "(ca_gmt_offset = '-6'::numeric)", "Alias": "customer_address", "Parallel Aware": false, "Actual Rows": 0, "Parent Relationship": "Inner", "Actual Startup Time": 0.0, "Rows Removed by Filter": 0, "Actual Loops": 0}], "Plan Width": 23, "Node Type": "Nested Loop", "Total Cost": 67003.56, "Plan Rows": 1, "Join Type": "Inner", "Actual Total Time": 1.559, "Parallel Aware": false, "Actual Rows": 0, "Parent Relationship": "Outer", "Actual Startup Time": 1.559, "Join Filter": "(customer.c_current_addr_sk = customer_address.ca_address_sk)", "Actual Loops": 1}], "Node Type": "Aggregate", "Total Cost": 67003.57, "Strategy": "Hashed", "Actual Total Time": 1.56, "Plan Rows": 1, "Parallel Aware": false, "Actual Rows": 0, "Group Key": ["customer_demographics.cd_marital_status", "customer_demographics.cd_education_status"], "Actual Startup Time": 1.56, "Actual Loops": 1}, "Execution Time": 1.613}]