[{"Triggers": [], "Planning Time": 0.286, "Plan": {"Partial Mode": "Simple", "Startup Cost": 240121.39, "Plan Width": 35, "Plans": [{"Startup Cost": 4022.48, "Plan Width": 35, "Plans": [{"Startup Cost": 4021.37, "Plan Width": 21, "Plans": [{"Startup Cost": 2501.77, "Plan Width": 8, "Plans": [{"Startup Cost": 0.0, "Plan Width": 12, "Actual Total Time": 966.234, "Node Type": "Seq Scan", "Total Cost": 191848.88, "Plan Rows": 11744888, "Relation Name": "inventory", "Alias": "inventory", "Parallel Aware": false, "Actual Rows": 11745000, "Parent Relationship": "Outer", "Actual Startup Time": 0.024, "Actual Loops": 1}, {"Hash Buckets": 1024, "Startup Cost": 2500.73, "Plan Width": 4, "Plans": [{"Relation Name": "date_dim", "Startup Cost": 0.0, "Plan Width": 4, "Actual Total Time": 8.756, "Node Type": "Seq Scan", "Total Cost": 2500.73, "Plan Rows": 83, "Filter": "((d_date >= '2001-02-14'::date) AND (d_date <= '2001-05-14'::date))", "Alias": "date_dim", "Parallel Aware": false, "Actual Rows": 90, "Parent Relationship": "Outer", "Actual Startup Time": 3.88, "Rows Removed by Filter": 72959, "Actual Loops": 1}], "Original Hash Buckets": 1024, "Hash Batches": 1, "Node Type": "Hash", "Total Cost": 2500.73, "Plan Rows": 83, "Actual Total Time": 8.77, "Parallel Aware": false, "Actual Rows": 90, "Parent Relationship": "Inner", "Peak Memory Usage": 12, "Actual Startup Time": 8.769, "Original Hash Batches": 1, "Actual Loops": 1}], "Plan Rows": 13345, "Total Cost": 238527.43, "Node Type": "Hash Join", "Join Type": "Inner", "Actual Total Time": 1982.485, "Parallel Aware": false, "Actual Rows": 585000, "Parent Relationship": "Outer", "Hash Cond": "(inventory.inv_date_sk = date_dim.d_date_sk)", "Actual Startup Time": 1186.008, "Actual Loops": 1}, {"Hash Buckets": 2048, "Startup Cost": 1506.0, "Plan Width": 21, "Plans": [{"Relation Name": "item", "Startup Cost": 0.0, "Plan Width": 21, "Actual Total Time": 5.737, "Node Type": "Seq Scan", "Total Cost": 1506.0, "Plan Rows": 1088, "Filter": "((i_current_price >= 0.99) AND (i_current_price <= 1.49))", "Alias": "item", "Parallel Aware": false, "Actual Rows": 1104, "Parent Relationship": "Outer", "Actual Startup Time": 0.004, "Rows Removed by Filter": 16896, "Actual Loops": 1}], "Original Hash Buckets": 2048, "Hash Batches": 1, "Node Type": "Hash", "Total Cost": 1506.0, "Plan Rows": 1088, "Actual Total Time": 5.94, "Parallel Aware": false, "Actual Rows": 1104, "Parent Relationship": "Inner", "Peak Memory Usage": 77, "Actual Startup Time": 5.94, "Original Hash Batches": 1, "Actual Loops": 1}], "Plan Rows": 807, "Total Cost": 240105.15, "Node Type": "Hash Join", "Join Type": "Inner", "Actual Total Time": 2044.788, "Parallel Aware": false, "Actual Rows": 36270, "Parent Relationship": "Outer", "Hash Cond": "(inventory.inv_item_sk = item.i_item_sk)", "Actual Startup Time": 1191.96, "Actual Loops": 1}, {"Hash Buckets": 1024, "Startup Cost": 1.05, "Plan Width": 22, "Plans": [{"Startup Cost": 0.0, "Plan Width": 22, "Actual Total Time": 0.005, "Node Type": "Seq Scan", "Total Cost": 1.05, "Plan Rows": 5, "Relation Name": "warehouse", "Alias": "warehouse", "Parallel Aware": false, "Actual Rows": 5, "Parent Relationship": "Outer", "Actual Startup Time": 0.004, "Actual Loops": 1}], "Original Hash Buckets": 1024, "Hash Batches": 1, "Node Type": "Hash", "Total Cost": 1.05, "Plan Rows": 5, "Actual Total Time": 0.007, "Parallel Aware": false, "Actual Rows": 5, "Parent Relationship": "Inner", "Peak Memory Usage": 9, "Actual Startup Time": 0.007, "Original Hash Batches": 1, "Actual Loops": 1}], "Plan Rows": 807, "Total Cost": 240117.36, "Node Type": "Hash Join", "Join Type": "Inner", "Actual Total Time": 2052.757, "Parallel Aware": false, "Actual Rows": 2561520, "Parent Relationship": "Outer", "Hash Cond": "(inventory.inv_warehouse_sk = warehouse.w_warehouse_sk)", "Actual Startup Time": 1191.971, "Actual Loops": 1}], "Node Type": "Aggregate", "Total Cost": 240129.46, "Strategy": "Hashed", "Actual Total Time": 2066.471, "Plan Rows": 807, "Parallel Aware": false, "Actual Rows": 187188, "Group Key": ["warehouse.w_warehouse_name", "item.i_item_id"], "Actual Startup Time": 2066.048, "Actual Loops": 1}, "Execution Time": 2066.686}]