[{"Triggers": [], "Planning Time": 0.227, "Plan": {"Partial Mode": "Simple", "Startup Cost": 89220.78, "Plan Width": 22, "Plans": [{"Startup Cost": 2323.95, "Plan Width": 22, "Plans": [{"Startup Cost": 2322.65, "Plan Width": 4, "Plans": [{"Startup Cost": 0.0, "Plan Width": 8, "Actual Total Time": 306.115, "Node Type": "Seq Scan", "Total Cost": 76687.57, "Plan Rows": 2622557, "Relation Name": "store_sales", "Alias": "store_sales", "Parallel Aware": false, "Actual Rows": 2485280, "Parent Relationship": "Outer", "Actual Startup Time": 0.013, "Actual Loops": 1}, {"Hash Buckets": 1024, "Startup Cost": 2318.11, "Plan Width": 4, "Plans": [{"Relation Name": "date_dim", "Startup Cost": 0.0, "Plan Width": 4, "Actual Total Time": 8.697, "Node Type": "Seq Scan", "Total Cost": 2318.11, "Plan Rows": 363, "Filter": "(d_year = 2000)", "Alias": "date_dim", "Parallel Aware": false, "Actual Rows": 366, "Parent Relationship": "Outer", "Actual Startup Time": 4.343, "Rows Removed by Filter": 72683, "Actual Loops": 1}], "Original Hash Buckets": 1024, "Hash Batches": 1, "Node Type": "Hash", "Total Cost": 2318.11, "Plan Rows": 363, "Actual Total Time": 8.738, "Parallel Aware": false, "Actual Rows": 366, "Parent Relationship": "Inner", "Peak Memory Usage": 21, "Actual Startup Time": 8.738, "Original Hash Batches": 1, "Actual Loops": 1}], "Plan Rows": 13032, "Total Cost": 88975.13, "Node Type": "Hash Join", "Join Type": "Inner", "Actual Total Time": 624.197, "Parallel Aware": false, "Actual Rows": 501866, "Parent Relationship": "Outer", "Hash Cond": "(store_sales.ss_sold_date_sk = date_dim.d_date_sk)", "Actual Startup Time": 8.76, "Actual Loops": 1}, {"Hash Buckets": 1024, "Startup Cost": 1.15, "Plan Width": 26, "Plans": [{"Relation Name": "store", "Startup Cost": 0.0, "Plan Width": 26, "Actual Total Time": 0.01, "Node Type": "Seq Scan", "Total Cost": 1.15, "Plan Rows": 12, "Filter": "(s_gmt_offset = '-5'::numeric)", "Alias": "store", "Parallel Aware": false, "Actual Rows": 12, "Parent Relationship": "Outer", "Actual Startup Time": 0.005, "Rows Removed by Filter": 0, "Actual Loops": 1}], "Original Hash Buckets": 1024, "Hash Batches": 1, "Node Type": "Hash", "Total Cost": 1.15, "Plan Rows": 12, "Actual Total Time": 0.014, "Parallel Aware": false, "Actual Rows": 12, "Parent Relationship": "Inner", "Peak Memory Usage": 9, "Actual Startup Time": 0.014, "Original Hash Batches": 1, "Actual Loops": 1}], "Plan Rows": 13032, "Total Cost": 89155.62, "Node Type": "Hash Join", "Join Type": "Inner", "Actual Total Time": 732.525, "Parallel Aware": false, "Actual Rows": 378430227, "Parent Relationship": "Outer", "Hash Cond": "(store_sales.ss_store_sk = store.s_store_sk)", "Actual Startup Time": 8.777, "Actual Loops": 1}], "Node Type": "Aggregate", "Total Cost": 89220.86, "Strategy": "Hashed", "Actual Total Time": 864.984, "Plan Rows": 8, "Parallel Aware": false, "Actual Rows": 249, "Group Key": ["store.s_store_name", "store.s_store_id"], "Actual Startup Time": 864.983, "Actual Loops": 1}, "Execution Time": 865.016}]