[{"Triggers": [], "Planning Time": 0.631, "Plan": {"Partial Mode": "Simple", "Startup Cost": 146467.48, "Plan Width": 20, "Plans": [{"Startup Cost": 59758.01, "Plan Width": 20, "Plans": [{"Startup Cost": 58117.01, "Plan Width": 7, "Plans": [{"Startup Cost": 58115.65, "Plan Width": 8, "Plans": [{"Startup Cost": 2322.65, "Plan Width": 12, "Plans": [{"Startup Cost": 0.0, "Plan Width": 16, "Actual Total Time": 299.786, "Node Type": "Seq Scan", "Total Cost": 76687.57, "Plan Rows": 2622557, "Relation Name": "store_sales", "Alias": "store_sales", "Parallel Aware": false, "Actual Rows": 2485280, "Parent Relationship": "Outer", "Actual Startup Time": 0.022, "Actual Loops": 1}, {"Hash Buckets": 1024, "Startup Cost": 2318.11, "Plan Width": 4, "Plans": [{"Relation Name": "date_dim", "Startup Cost": 0.0, "Plan Width": 4, "Actual Total Time": 8.549, "Node Type": "Seq Scan", "Total Cost": 2318.11, "Plan Rows": 363, "Filter": "(d_year = 1999)", "Alias": "date_dim", "Parallel Aware": false, "Actual Rows": 365, "Parent Relationship": "Outer", "Actual Startup Time": 4.361, "Rows Removed by Filter": 72684, "Actual Loops": 1}], "Original Hash Buckets": 1024, "Hash Batches": 1, "Node Type": "Hash", "Total Cost": 2318.11, "Plan Rows": 363, "Actual Total Time": 8.587, "Parallel Aware": false, "Actual Rows": 365, "Parent Relationship": "Inner", "Peak Memory Usage": 21, "Actual Startup Time": 8.587, "Original Hash Batches": 1, "Actual Loops": 1}], "Plan Rows": 13032, "Total Cost": 88975.13, "Node Type": "Hash Join", "Join Type": "Inner", "Actual Total Time": 611.046, "Parallel Aware": false, "Actual Rows": 490922, "Parent Relationship": "Outer", "Hash Cond": "(store_sales.ss_sold_date_sk = date_dim.d_date_sk)", "Actual Startup Time": 8.652, "Actual Loops": 1}, {"Hash Buckets": 32768, "Startup Cost": 55442.0, "Plan Width": 4, "Plans": [{"Relation Name": "customer_demographics", "Startup Cost": 0.0, "Plan Width": 4, "Actual Total Time": 354.348, "Node Type": "Seq Scan", "Total Cost": 55442.0, "Plan Rows": 28080, "Filter": "((cd_gender = 'F'::bpchar) AND (cd_marital_status = 'U'::bpchar) AND (cd_education_status = 'Secondary'::bpchar))", "Alias": "customer_demographics", "Parallel Aware": false, "Actual Rows": 27440, "Parent Relationship": "Outer", "Actual Startup Time": 0.009, "Rows Removed by Filter": 1893360, "Actual Loops": 1}], "Original Hash Buckets": 32768, "Hash Batches": 1, "Node Type": "Hash", "Total Cost": 55442.0, "Plan Rows": 28080, "Actual Total Time": 362.432, "Parallel Aware": false, "Actual Rows": 27440, "Parent Relationship": "Inner", "Peak Memory Usage": 1221, "Actual Startup Time": 362.432, "Original Hash Batches": 1, "Actual Loops": 1}], "Plan Rows": 191, "Total Cost": 144818.91, "Node Type": "Hash Join", "Join Type": "Inner", "Actual Total Time": 1018.975, "Parallel Aware": false, "Actual Rows": 6844, "Parent Relationship": "Outer", "Hash Cond": "(store_sales.ss_cdemo_sk = customer_demographics.cd_demo_sk)", "Actual Startup Time": 371.143, "Actual Loops": 1}, {"Hash Buckets": 1024, "Startup Cost": 1.21, "Plan Width": 7, "Plans": [{"Relation Name": "store", "Startup Cost": 0.0, "Plan Width": 7, "Actual Total Time": 0.016, "Node Type": "Seq Scan", "Total Cost": 1.21, "Plan Rows": 12, "Filter": "(s_state = ANY ('{TN,TN,TN,TN,TN,TN}'::bpchar[]))", "Alias": "store", "Parallel Aware": false, "Actual Rows": 12, "Parent Relationship": "Outer", "Actual Startup Time": 0.01, "Rows Removed by Filter": 0, "Actual Loops": 1}], "Original Hash Buckets": 1024, "Hash Batches": 1, "Node Type": "Hash", "Total Cost": 1.21, "Plan Rows": 12, "Actual Total Time": 0.016, "Parallel Aware": false, "Actual Rows": 12, "Parent Relationship": "Inner", "Peak Memory Usage": 9, "Actual Startup Time": 0.016, "Original Hash Batches": 1, "Actual Loops": 1}], "Plan Rows": 191, "Total Cost": 144822.9, "Node Type": "Hash Join", "Join Type": "Inner", "Actual Total Time": 1020.817, "Parallel Aware": false, "Actual Rows": 6844, "Parent Relationship": "Outer", "Hash Cond": "(store_sales.ss_store_sk = store.s_store_sk)", "Actual Startup Time": 371.169, "Actual Loops": 1}, {"Hash Buckets": 32768, "Startup Cost": 1416.0, "Plan Width": 21, "Plans": [{"Startup Cost": 0.0, "Plan Width": 21, "Actual Total Time": 4.678, "Node Type": "Seq Scan", "Total Cost": 1416.0, "Plan Rows": 18000, "Relation Name": "item", "Alias": "item", "Parallel Aware": false, "Actual Rows": 18000, "Parent Relationship": "Outer", "Actual Startup Time": 0.006, "Actual Loops": 1}], "Original Hash Buckets": 32768, "Hash Batches": 1, "Node Type": "Hash", "Total Cost": 1416.0, "Plan Rows": 18000, "Actual Total Time": 9.13, "Parallel Aware": false, "Actual Rows": 18000, "Parent Relationship": "Inner", "Peak Memory Usage": 1241, "Actual Startup Time": 9.13, "Original Hash Batches": 1, "Actual Loops": 1}], "Plan Rows": 191, "Total Cost": 146466.52, "Node Type": "Hash Join", "Join Type": "Inner", "Actual Total Time": 1033.326, "Parallel Aware": false, "Actual Rows": 380688, "Parent Relationship": "Outer", "Hash Cond": "(store_sales.ss_item_sk = item.i_item_sk)", "Actual Startup Time": 380.317, "Actual Loops": 1}], "Node Type": "Aggregate", "Total Cost": 146469.39, "Strategy": "Hashed", "Actual Total Time": 1038.786, "Plan Rows": 191, "Parallel Aware": false, "Actual Rows": 136880, "Group Key": ["item.i_item_id", "store.s_state"], "Actual Startup Time": 1037.887, "Actual Loops": 1}, "Execution Time": 1039.012}]