[{"Triggers": [], "Planning Time": 91.636, "Plan": {"Partial Mode": "Simple", "Startup Cost": 39277.53, "Plan Width": 14, "Plans": [{"Startup Cost": 37503.01, "Plan Width": 14, "Plans": [{"Startup Cost": 0.0, "Plan Width": 18, "Actual Total Time": 3.996, "Node Type": "Seq Scan", "Total Cost": 1587.0, "Plan Rows": 50000, "Relation Name": "customer_address", "Alias": "customer_address", "Parallel Aware": false, "Actual Rows": 50000, "Parent Relationship": "Outer", "Actual Startup Time": 0.02, "Actual Loops": 1}, {"Hash Buckets": 1024, "Startup Cost": 37503.0, "Plan Width": 4, "Plans": [{"Startup Cost": 31337.5, "Rows Removed by Join Filter": 374703, "Plans": [{"Startup Cost": 31337.5, "Plan Width": 8, "Plans": [{"Startup Cost": 0.0, "Plan Width": 8, "Actual Total Time": 9.974, "Node Type": "Seq Scan", "Total Cost": 3855.0, "Plan Rows": 100000, "Relation Name": "customer", "Alias": "customer", "Parallel Aware": false, "Actual Rows": 94736, "Parent Relationship": "Outer", "Actual Startup Time": 0.01, "Actual Loops": 1}, {"Hash Buckets": 32768, "Startup Cost": 31326.17, "Plan Width": 8, "Plans": [{"Startup Cost": 2501.88, "Plan Width": 8, "Plans": [{"Startup Cost": 0.0, "Plan Width": 12, "Actual Total Time": 101.562, "Node Type": "Seq Scan", "Total Cost": 26118.71, "Plan Rows": 719071, "Relation Name": "web_sales", "Alias": "web_sales", "Parallel Aware": false, "Actual Rows": 648065, "Parent Relationship": "Outer", "Actual Startup Time": 0.057, "Actual Loops": 1}, {"Hash Buckets": 1024, "Startup Cost": 2500.73, "Plan Width": 4, "Plans": [{"Relation Name": "date_dim", "Startup Cost": 0.0, "Plan Width": 4, "Actual Total Time": 34.099, "Node Type": "Seq Scan", "Total Cost": 2500.73, "Plan Rows": 92, "Filter": "((d_qoy = 2) AND (d_year = 1999))", "Alias": "date_dim", "Parallel Aware": false, "Actual Rows": 91, "Parent Relationship": "Outer", "Actual Startup Time": 24.509, "Rows Removed by Filter": 72958, "Actual Loops": 1}], "Original Hash Buckets": 1024, "Hash Batches": 1, "Node Type": "Hash", "Total Cost": 2500.73, "Plan Rows": 92, "Actual Total Time": 34.136, "Parallel Aware": false, "Actual Rows": 91, "Parent Relationship": "Inner", "Peak Memory Usage": 12, "Actual Startup Time": 34.136, "Original Hash Batches": 1, "Actual Loops": 1}], "Plan Rows": 906, "Total Cost": 31326.17, "Node Type": "Hash Join", "Join Type": "Inner", "Actual Total Time": 198.489, "Parallel Aware": false, "Actual Rows": 18736, "Parent Relationship": "Outer", "Hash Cond": "(web_sales.ws_sold_date_sk = date_dim.d_date_sk)", "Actual Startup Time": 34.305, "Actual Loops": 1}], "Original Hash Buckets": 1024, "Hash Batches": 1, "Node Type": "Hash", "Total Cost": 31326.17, "Plan Rows": 906, "Actual Total Time": 201.667, "Parallel Aware": false, "Actual Rows": 18736, "Parent Relationship": "Inner", "Peak Memory Usage": 988, "Actual Startup Time": 201.667, "Original Hash Batches": 1, "Actual Loops": 1}], "Plan Rows": 906, "Total Cost": 35576.56, "Node Type": "Hash Join", "Join Type": "Inner", "Actual Total Time": 226.899, "Parallel Aware": false, "Actual Rows": 18736, "Parent Relationship": "Outer", "Hash Cond": "(customer.c_customer_sk = web_sales.ws_bill_customer_sk)", "Actual Startup Time": 201.693, "Actual Loops": 1}, {"Startup Cost": 0.0, "Plan Width": 4, "Plans": [{"Relation Name": "item", "Startup Cost": 0.0, "Plan Width": 4, "Actual Total Time": 5.983, "Node Type": "Seq Scan", "Total Cost": 1641.0, "Plan Rows": 21, "Filter": "(i_item_id = ANY ('{AAAAAAAACAAAAAAA,AAAAAAAACAAAAAAA,AAAAAAAAEAAAAAAA,AAAAAAAAHAAAAAAA,AAAAAAAAKAAAAAAA,AAAAAAAANAAAAAAA,AAAAAAAAABAAAAAA,AAAAAAAADBAAAAAA,AAAAAAAAGBAAAAAA,AAAAAAAAMBAAAAAA}'::bpchar[]))", "Alias": "item", "Parallel Aware": false, "Actual Rows": 20, "Parent Relationship": "Outer", "Actual Startup Time": 0.008, "Rows Removed by Filter": 17980, "Actual Loops": 1}], "Plan Rows": 21, "Total Cost": 1641.11, "Node Type": "Materialize", "Actual Total Time": 0.001, "Parallel Aware": false, "Actual Rows": 20, "Parent Relationship": "Inner", "Actual Startup Time": 0.0, "Actual Loops": 18736}], "Plan Width": 4, "Node Type": "Nested Loop", "Total Cost": 37503.0, "Plan Rows": 1, "Join Type": "Inner", "Actual Total Time": 285.787, "Parallel Aware": false, "Actual Rows": 17, "Parent Relationship": "Outer", "Actual Startup Time": 208.454, "Join Filter": "(web_sales.ws_item_sk = item.i_item_sk)", "Actual Loops": 1}], "Original Hash Buckets": 1024, "Hash Batches": 1, "Node Type": "Hash", "Total Cost": 37503.0, "Plan Rows": 1, "Actual Total Time": 285.81, "Parallel Aware": false, "Actual Rows": 17, "Parent Relationship": "Inner", "Peak Memory Usage": 9, "Actual Startup Time": 285.81, "Original Hash Batches": 1, "Actual Loops": 1}], "Plan Rows": 1, "Total Cost": 39277.52, "Node Type": "Hash Join", "Join Type": "Inner", "Actual Total Time": 293.231, "Parallel Aware": false, "Actual Rows": 1215, "Parent Relationship": "Outer", "Hash Cond": "(customer_address.ca_address_sk = customer.c_current_addr_sk)", "Actual Startup Time": 286.667, "Actual Loops": 1}], "Node Type": "Aggregate", "Total Cost": 39277.54, "Strategy": "Hashed", "Actual Total Time": 293.248, "Plan Rows": 1, "Parallel Aware": false, "Actual Rows": 1046, "Group Key": ["customer_address.ca_zip", "customer_address.ca_state"], "Actual Startup Time": 293.246, "Actual Loops": 1}, "Execution Time": 293.48}]