[{"Triggers": [], "Planning Time": 0.214, "Plan": {"Partial Mode": "Simple", "Startup Cost": 91041.06, "Plan Width": 102, "Plans": [{"Startup Cost": 3965.04, "Plan Width": 102, "Plans": [{"Startup Cost": 3963.65, "Plan Width": 106, "Plans": [{"Startup Cost": 2322.65, "Plan Width": 8, "Plans": [{"Startup Cost": 0.0, "Plan Width": 12, "Actual Total Time": 329.02, "Node Type": "Seq Scan", "Total Cost": 76687.57, "Plan Rows": 2622557, "Relation Name": "store_sales", "Alias": "store_sales", "Parallel Aware": false, "Actual Rows": 2485280, "Parent Relationship": "Outer", "Actual Startup Time": 0.021, "Actual Loops": 1}, {"Hash Buckets": 1024, "Startup Cost": 2318.11, "Plan Width": 4, "Plans": [{"Relation Name": "date_dim", "Startup Cost": 0.0, "Plan Width": 4, "Actual Total Time": 12.497, "Node Type": "Seq Scan", "Total Cost": 2318.11, "Plan Rows": 363, "Filter": "(d_year = 2001)", "Alias": "date_dim", "Parallel Aware": false, "Actual Rows": 365, "Parent Relationship": "Outer", "Actual Startup Time": 6.75, "Rows Removed by Filter": 72684, "Actual Loops": 1}], "Original Hash Buckets": 1024, "Hash Batches": 1, "Node Type": "Hash", "Total Cost": 2318.11, "Plan Rows": 363, "Actual Total Time": 12.564, "Parallel Aware": false, "Actual Rows": 365, "Parent Relationship": "Inner", "Peak Memory Usage": 21, "Actual Startup Time": 12.564, "Original Hash Batches": 1, "Actual Loops": 1}], "Plan Rows": 13032, "Total Cost": 88975.13, "Node Type": "Hash Join", "Join Type": "Inner", "Actual Total Time": 664.699, "Parallel Aware": false, "Actual Rows": 493018, "Parent Relationship": "Outer", "Hash Cond": "(store_sales.ss_sold_date_sk = date_dim.d_date_sk)", "Actual Startup Time": 12.637, "Actual Loops": 1}, {"Hash Buckets": 32768, "Startup Cost": 1416.0, "Plan Width": 106, "Plans": [{"Startup Cost": 0.0, "Plan Width": 106, "Actual Total Time": 4.465, "Node Type": "Seq Scan", "Total Cost": 1416.0, "Plan Rows": 18000, "Relation Name": "item", "Alias": "item", "Parallel Aware": false, "Actual Rows": 18000, "Parent Relationship": "Outer", "Actual Startup Time": 0.002, "Actual Loops": 1}], "Original Hash Buckets": 32768, "Hash Batches": 1, "Node Type": "Hash", "Total Cost": 1416.0, "Plan Rows": 18000, "Actual Total Time": 7.446, "Parallel Aware": false, "Actual Rows": 18000, "Parent Relationship": "Inner", "Peak Memory Usage": 2713, "Actual Startup Time": 7.446, "Original Hash Batches": 1, "Actual Loops": 1}], "Plan Rows": 13032, "Total Cost": 90795.32, "Node Type": "Hash Join", "Join Type": "Inner", "Actual Total Time": 874.376, "Parallel Aware": false, "Actual Rows": 493018, "Parent Relationship": "Outer", "Hash Cond": "(store_sales.ss_item_sk = item.i_item_sk)", "Actual Startup Time": 20.097, "Actual Loops": 1}, {"Hash Buckets": 1024, "Startup Cost": 1.24, "Plan Width": 4, "Plans": [{"Relation Name": "store", "Startup Cost": 0.0, "Plan Width": 4, "Actual Total Time": 0.008, "Node Type": "Seq Scan", "Total Cost": 1.24, "Plan Rows": 12, "Filter": "(s_state = ANY ('{TN,TN,TN,TN,TN,TN,TN,TN}'::bpchar[]))", "Alias": "store", "Parallel Aware": false, "Actual Rows": 12, "Parent Relationship": "Outer", "Actual Startup Time": 0.005, "Rows Removed by Filter": 0, "Actual Loops": 1}], "Original Hash Buckets": 1024, "Hash Batches": 1, "Node Type": "Hash", "Total Cost": 1.24, "Plan Rows": 12, "Actual Total Time": 0.011, "Parallel Aware": false, "Actual Rows": 12, "Parent Relationship": "Inner", "Peak Memory Usage": 9, "Actual Startup Time": 0.011, "Original Hash Batches": 1, "Actual Loops": 1}], "Plan Rows": 13032, "Total Cost": 90975.9, "Node Type": "Hash Join", "Join Type": "Inner", "Actual Total Time": 981.047, "Parallel Aware": false, "Actual Rows": 26679511, "Parent Relationship": "Outer", "Hash Cond": "(store_sales.ss_store_sk = store.s_store_sk)", "Actual Startup Time": 20.112, "Actual Loops": 1}], "Node Type": "Aggregate", "Total Cost": 91050.96, "Strategy": "Hashed", "Actual Total Time": 1266.543, "Plan Rows": 990, "Parallel Aware": false, "Actual Rows": 178, "Group Key": ["item.i_category", "item.i_class"], "Actual Startup Time": 1266.532, "Actual Loops": 1}, "Execution Time": 1266.587}]