[{"Triggers": [], "Planning Time": 0.251, "Plan": {"Partial Mode": "Simple", "Startup Cost": 92462.23, "Plan Width": 4, "Plans": [{"Startup Cost": 5924.4, "Plan Width": 4, "Plans": [{"Startup Cost": 3984.67, "Plan Width": 8, "Plans": [{"Startup Cost": 2501.08, "Plan Width": 8, "Plans": [{"Startup Cost": 0.0, "Plan Width": 12, "Actual Total Time": 304.863, "Node Type": "Seq Scan", "Total Cost": 76687.57, "Plan Rows": 2622557, "Relation Name": "store_sales", "Alias": "store_sales", "Parallel Aware": false, "Actual Rows": 2485280, "Parent Relationship": "Outer", "Actual Startup Time": 0.028, "Actual Loops": 1}, {"Hash Buckets": 1024, "Startup Cost": 2500.73, "Plan Width": 4, "Plans": [{"Relation Name": "date_dim", "Startup Cost": 0.0, "Plan Width": 4, "Actual Total Time": 10.286, "Node Type": "Seq Scan", "Total Cost": 2500.73, "Plan Rows": 28, "Filter": "((d_year = 2000) AND (d_moy = 2))", "Alias": "date_dim", "Parallel Aware": false, "Actual Rows": 29, "Parent Relationship": "Outer", "Actual Startup Time": 5.427, "Rows Removed by Filter": 73020, "Actual Loops": 1}], "Original Hash Buckets": 1024, "Hash Batches": 1, "Node Type": "Hash", "Total Cost": 2500.73, "Plan Rows": 28, "Actual Total Time": 10.296, "Parallel Aware": false, "Actual Rows": 29, "Parent Relationship": "Inner", "Peak Memory Usage": 10, "Actual Startup Time": 10.296, "Original Hash Batches": 1, "Actual Loops": 1}], "Plan Rows": 1005, "Total Cost": 89033.29, "Node Type": "Hash Join", "Join Type": "Inner", "Actual Total Time": 531.529, "Parallel Aware": false, "Actual Rows": 23042, "Parent Relationship": "Outer", "Hash Cond": "(store_sales.ss_sold_date_sk = date_dim.d_date_sk)", "Actual Startup Time": 10.453, "Actual Loops": 1}, {"Hash Buckets": 2048, "Startup Cost": 1461.0, "Plan Width": 8, "Plans": [{"Relation Name": "item", "Startup Cost": 0.0, "Plan Width": 8, "Actual Total Time": 6.736, "Node Type": "Seq Scan", "Total Cost": 1461.0, "Plan Rows": 1807, "Filter": "(i_category = 'Home'::bpchar)", "Alias": "item", "Parallel Aware": false, "Actual Rows": 1807, "Parent Relationship": "Outer", "Actual Startup Time": 0.098, "Rows Removed by Filter": 16193, "Actual Loops": 1}], "Original Hash Buckets": 2048, "Hash Batches": 1, "Node Type": "Hash", "Total Cost": 1461.0, "Plan Rows": 1807, "Actual Total Time": 7.05, "Parallel Aware": false, "Actual Rows": 1807, "Parent Relationship": "Inner", "Peak Memory Usage": 87, "Actual Startup Time": 7.05, "Original Hash Batches": 1, "Actual Loops": 1}], "Plan Rows": 101, "Total Cost": 90521.66, "Node Type": "Hash Join", "Join Type": "Inner", "Actual Total Time": 543.821, "Parallel Aware": false, "Actual Rows": 2242, "Parent Relationship": "Outer", "Hash Cond": "(store_sales.ss_item_sk = item.i_item_sk)", "Actual Startup Time": 17.766, "Actual Loops": 1}, {"Hash Buckets": 32768, "Startup Cost": 1712.0, "Plan Width": 4, "Plans": [{"Relation Name": "customer_address", "Startup Cost": 0.0, "Plan Width": 4, "Actual Total Time": 15.289, "Node Type": "Seq Scan", "Total Cost": 1712.0, "Plan Rows": 18218, "Filter": "(ca_gmt_offset = '-5'::numeric)", "Alias": "customer_address", "Parallel Aware": false, "Actual Rows": 18246, "Parent Relationship": "Outer", "Actual Startup Time": 0.006, "Rows Removed by Filter": 31754, "Actual Loops": 1}], "Original Hash Buckets": 32768, "Hash Batches": 1, "Node Type": "Hash", "Total Cost": 1712.0, "Plan Rows": 18218, "Actual Total Time": 18.988, "Parallel Aware": false, "Actual Rows": 18246, "Parent Relationship": "Inner", "Peak Memory Usage": 898, "Actual Startup Time": 18.988, "Original Hash Batches": 1, "Actual Loops": 1}], "Plan Rows": 37, "Total Cost": 92462.13, "Node Type": "Hash Join", "Join Type": "Inner", "Actual Total Time": 563.689, "Parallel Aware": false, "Actual Rows": 893253, "Parent Relationship": "Outer", "Hash Cond": "(store_sales.ss_addr_sk = customer_address.ca_address_sk)", "Actual Startup Time": 37.072, "Actual Loops": 1}], "Node Type": "Aggregate", "Total Cost": 92462.6, "Strategy": "Hashed", "Actual Total Time": 564.545, "Plan Rows": 37, "Parallel Aware": false, "Actual Rows": 993, "Group Key": ["item.i_manufact_id"], "Actual Startup Time": 564.472, "Actual Loops": 1}, "Execution Time": 564.604}]