[{"Triggers": [], "Planning Time": 0.513, "Plan": {"Partial Mode": "Simple", "Startup Cost": 63130.26, "Plan Width": 4, "Plans": [{"Startup Cost": 5924.4, "Plan Width": 4, "Plans": [{"Startup Cost": 3984.67, "Plan Width": 8, "Plans": [{"Startup Cost": 2501.08, "Plan Width": 8, "Plans": [{"Startup Cost": 0.0, "Plan Width": 12, "Actual Total Time": 198.004, "Node Type": "Seq Scan", "Total Cost": 51844.7, "Plan Rows": 1427370, "Relation Name": "catalog_sales", "Alias": "catalog_sales", "Parallel Aware": false, "Actual Rows": 1343425, "Parent Relationship": "Outer", "Actual Startup Time": 0.022, "Actual Loops": 1}, {"Hash Buckets": 1024, "Startup Cost": 2500.73, "Plan Width": 4, "Plans": [{"Relation Name": "date_dim", "Startup Cost": 0.0, "Plan Width": 4, "Actual Total Time": 8.38, "Node Type": "Seq Scan", "Total Cost": 2500.73, "Plan Rows": 28, "Filter": "((d_year = 2000) AND (d_moy = 2))", "Alias": "date_dim", "Parallel Aware": false, "Actual Rows": 29, "Parent Relationship": "Outer", "Actual Startup Time": 4.22, "Rows Removed by Filter": 73020, "Actual Loops": 1}], "Original Hash Buckets": 1024, "Hash Batches": 1, "Node Type": "Hash", "Total Cost": 2500.73, "Plan Rows": 28, "Actual Total Time": 8.385, "Parallel Aware": false, "Actual Rows": 29, "Parent Relationship": "Inner", "Peak Memory Usage": 10, "Actual Startup Time": 8.385, "Original Hash Batches": 1, "Actual Loops": 1}], "Plan Rows": 547, "Total Cost": 59703.89, "Node Type": "Hash Join", "Join Type": "Inner", "Actual Total Time": 317.989, "Parallel Aware": false, "Actual Rows": 12311, "Parent Relationship": "Outer", "Hash Cond": "(catalog_sales.cs_sold_date_sk = date_dim.d_date_sk)", "Actual Startup Time": 114.987, "Actual Loops": 1}, {"Hash Buckets": 2048, "Startup Cost": 1461.0, "Plan Width": 8, "Plans": [{"Relation Name": "item", "Startup Cost": 0.0, "Plan Width": 8, "Actual Total Time": 5.053, "Node Type": "Seq Scan", "Total Cost": 1461.0, "Plan Rows": 1807, "Filter": "(i_category = 'Home'::bpchar)", "Alias": "item", "Parallel Aware": false, "Actual Rows": 1807, "Parent Relationship": "Outer", "Actual Startup Time": 0.049, "Rows Removed by Filter": 16193, "Actual Loops": 1}], "Original Hash Buckets": 2048, "Hash Batches": 1, "Node Type": "Hash", "Total Cost": 1461.0, "Plan Rows": 1807, "Actual Total Time": 5.288, "Parallel Aware": false, "Actual Rows": 1807, "Parent Relationship": "Inner", "Peak Memory Usage": 87, "Actual Startup Time": 5.288, "Original Hash Batches": 1, "Actual Loops": 1}], "Plan Rows": 55, "Total Cost": 61190.08, "Node Type": "Hash Join", "Join Type": "Inner", "Actual Total Time": 324.577, "Parallel Aware": false, "Actual Rows": 1176, "Parent Relationship": "Outer", "Hash Cond": "(catalog_sales.cs_item_sk = item.i_item_sk)", "Actual Startup Time": 120.804, "Actual Loops": 1}, {"Hash Buckets": 32768, "Startup Cost": 1712.0, "Plan Width": 4, "Plans": [{"Relation Name": "customer_address", "Startup Cost": 0.0, "Plan Width": 4, "Actual Total Time": 11.66, "Node Type": "Seq Scan", "Total Cost": 1712.0, "Plan Rows": 18218, "Filter": "(ca_gmt_offset = '-5'::numeric)", "Alias": "customer_address", "Parallel Aware": false, "Actual Rows": 18246, "Parent Relationship": "Outer", "Actual Startup Time": 0.01, "Rows Removed by Filter": 31754, "Actual Loops": 1}], "Original Hash Buckets": 32768, "Hash Batches": 1, "Node Type": "Hash", "Total Cost": 1712.0, "Plan Rows": 18218, "Actual Total Time": 14.29, "Parallel Aware": false, "Actual Rows": 18246, "Parent Relationship": "Inner", "Peak Memory Usage": 898, "Actual Startup Time": 14.29, "Original Hash Batches": 1, "Actual Loops": 1}], "Plan Rows": 20, "Total Cost": 63130.21, "Node Type": "Hash Join", "Join Type": "Inner", "Actual Total Time": 339.205, "Parallel Aware": false, "Actual Rows": 477441, "Parent Relationship": "Outer", "Hash Cond": "(catalog_sales.cs_bill_addr_sk = customer_address.ca_address_sk)", "Actual Startup Time": 135.113, "Actual Loops": 1}], "Node Type": "Aggregate", "Total Cost": 63130.46, "Strategy": "Hashed", "Actual Total Time": 339.362, "Plan Rows": 20, "Parallel Aware": false, "Actual Rows": 993, "Group Key": ["item.i_manufact_id"], "Actual Startup Time": 339.328, "Actual Loops": 1}, "Execution Time": 339.437}]