[{"Triggers": [], "Planning Time": 0.466, "Plan": {"Partial Mode": "Simple", "Startup Cost": 34743.93, "Plan Width": 4, "Plans": [{"Startup Cost": 5924.4, "Plan Width": 4, "Plans": [{"Startup Cost": 3984.67, "Plan Width": 8, "Plans": [{"Startup Cost": 2501.08, "Plan Width": 8, "Plans": [{"Startup Cost": 0.0, "Plan Width": 12, "Actual Total Time": 86.924, "Node Type": "Seq Scan", "Total Cost": 26118.71, "Plan Rows": 719071, "Relation Name": "web_sales", "Alias": "web_sales", "Parallel Aware": false, "Actual Rows": 648065, "Parent Relationship": "Outer", "Actual Startup Time": 0.022, "Actual Loops": 1}, {"Hash Buckets": 1024, "Startup Cost": 2500.73, "Plan Width": 4, "Plans": [{"Relation Name": "date_dim", "Startup Cost": 0.0, "Plan Width": 4, "Actual Total Time": 8.651, "Node Type": "Seq Scan", "Total Cost": 2500.73, "Plan Rows": 28, "Filter": "((d_year = 2000) AND (d_moy = 2))", "Alias": "date_dim", "Parallel Aware": false, "Actual Rows": 29, "Parent Relationship": "Outer", "Actual Startup Time": 4.142, "Rows Removed by Filter": 73020, "Actual Loops": 1}], "Original Hash Buckets": 1024, "Hash Batches": 1, "Node Type": "Hash", "Total Cost": 2500.73, "Plan Rows": 28, "Actual Total Time": 8.658, "Parallel Aware": false, "Actual Rows": 29, "Parent Relationship": "Inner", "Peak Memory Usage": 10, "Actual Startup Time": 8.657, "Original Hash Batches": 1, "Actual Loops": 1}], "Plan Rows": 276, "Total Cost": 31319.07, "Node Type": "Hash Join", "Join Type": "Inner", "Actual Total Time": 146.792, "Parallel Aware": false, "Actual Rows": 6099, "Parent Relationship": "Outer", "Hash Cond": "(web_sales.ws_sold_date_sk = date_dim.d_date_sk)", "Actual Startup Time": 8.749, "Actual Loops": 1}, {"Hash Buckets": 2048, "Startup Cost": 1461.0, "Plan Width": 8, "Plans": [{"Relation Name": "item", "Startup Cost": 0.0, "Plan Width": 8, "Actual Total Time": 4.973, "Node Type": "Seq Scan", "Total Cost": 1461.0, "Plan Rows": 1807, "Filter": "(i_category = 'Home'::bpchar)", "Alias": "item", "Parallel Aware": false, "Actual Rows": 1807, "Parent Relationship": "Outer", "Actual Startup Time": 0.063, "Rows Removed by Filter": 16193, "Actual Loops": 1}], "Original Hash Buckets": 2048, "Hash Batches": 1, "Node Type": "Hash", "Total Cost": 1461.0, "Plan Rows": 1807, "Actual Total Time": 5.198, "Parallel Aware": false, "Actual Rows": 1807, "Parent Relationship": "Inner", "Peak Memory Usage": 87, "Actual Startup Time": 5.198, "Original Hash Batches": 1, "Actual Loops": 1}], "Plan Rows": 28, "Total Cost": 32803.97, "Node Type": "Hash Join", "Join Type": "Inner", "Actual Total Time": 153.4, "Parallel Aware": false, "Actual Rows": 576, "Parent Relationship": "Outer", "Hash Cond": "(web_sales.ws_item_sk = item.i_item_sk)", "Actual Startup Time": 13.958, "Actual Loops": 1}, {"Hash Buckets": 32768, "Startup Cost": 1712.0, "Plan Width": 4, "Plans": [{"Relation Name": "customer_address", "Startup Cost": 0.0, "Plan Width": 4, "Actual Total Time": 12.374, "Node Type": "Seq Scan", "Total Cost": 1712.0, "Plan Rows": 18218, "Filter": "(ca_gmt_offset = '-5'::numeric)", "Alias": "customer_address", "Parallel Aware": false, "Actual Rows": 18246, "Parent Relationship": "Outer", "Actual Startup Time": 0.01, "Rows Removed by Filter": 31754, "Actual Loops": 1}], "Original Hash Buckets": 32768, "Hash Batches": 1, "Node Type": "Hash", "Total Cost": 1712.0, "Plan Rows": 18218, "Actual Total Time": 14.872, "Parallel Aware": false, "Actual Rows": 18246, "Parent Relationship": "Inner", "Peak Memory Usage": 898, "Actual Startup Time": 14.872, "Original Hash Batches": 1, "Actual Loops": 1}], "Plan Rows": 10, "Total Cost": 34743.9, "Node Type": "Hash Join", "Join Type": "Inner", "Actual Total Time": 168.487, "Parallel Aware": false, "Actual Rows": 238036, "Parent Relationship": "Outer", "Hash Cond": "(web_sales.ws_bill_addr_sk = customer_address.ca_address_sk)", "Actual Startup Time": 30.36, "Actual Loops": 1}], "Node Type": "Aggregate", "Total Cost": 34744.03, "Strategy": "Hashed", "Actual Total Time": 168.696, "Plan Rows": 10, "Parallel Aware": false, "Actual Rows": 993, "Group Key": ["item.i_manufact_id"], "Actual Startup Time": 168.675, "Actual Loops": 1}, "Execution Time": 168.757}]