[{"Triggers": [], "Planning Time": 28.396, "Plan": {"Partial Mode": "Simple", "Startup Cost": 91782.11, "Plan Width": 13, "Plans": [{"Startup Cost": 4992.79, "Plan Width": 13, "Plans": [{"Startup Cost": 2780.79, "Plan Width": 8, "Plans": [{"Startup Cost": 2779.46, "Plan Width": 12, "Plans": [{"Startup Cost": 2595.96, "Plan Width": 16, "Plans": [{"Startup Cost": 0.0, "Plan Width": 20, "Actual Total Time": 294.557, "Node Type": "Seq Scan", "Total Cost": 76687.57, "Plan Rows": 2622557, "Relation Name": "store_sales", "Alias": "store_sales", "Parallel Aware": false, "Actual Rows": 2485280, "Parent Relationship": "Outer", "Actual Startup Time": 0.026, "Actual Loops": 1}, {"Hash Buckets": 1024, "Startup Cost": 2592.05, "Plan Width": 4, "Plans": [{"Relation Name": "date_dim", "Startup Cost": 0.0, "Plan Width": 4, "Actual Total Time": 10.932, "Node Type": "Seq Scan", "Total Cost": 2592.05, "Plan Rows": 313, "Filter": "((d_dow = ANY ('{6,0}'::integer[])) AND (d_year = ANY ('{2000,2001,2002}'::integer[])))", "Alias": "date_dim", "Parallel Aware": false, "Actual Rows": 314, "Parent Relationship": "Outer", "Actual Startup Time": 5.5, "Rows Removed by Filter": 72735, "Actual Loops": 1}], "Original Hash Buckets": 1024, "Hash Batches": 1, "Node Type": "Hash", "Total Cost": 2592.05, "Plan Rows": 313, "Actual Total Time": 10.978, "Parallel Aware": false, "Actual Rows": 314, "Parent Relationship": "Inner", "Peak Memory Usage": 20, "Actual Startup Time": 10.978, "Original Hash Batches": 1, "Actual Loops": 1}], "Plan Rows": 11237, "Total Cost": 89230.49, "Node Type": "Hash Join", "Join Type": "Inner", "Actual Total Time": 591.593, "Parallel Aware": false, "Actual Rows": 431300, "Parent Relationship": "Outer", "Hash Cond": "(store_sales.ss_sold_date_sk = date_dim.d_date_sk)", "Actual Startup Time": 11.02, "Actual Loops": 1}, {"Hash Buckets": 2048, "Startup Cost": 161.0, "Plan Width": 4, "Plans": [{"Relation Name": "household_demographics", "Startup Cost": 0.0, "Plan Width": 4, "Actual Total Time": 1.061, "Node Type": "Seq Scan", "Total Cost": 161.0, "Plan Rows": 1800, "Filter": "((hd_dep_count = 8) OR (hd_vehicle_count = '-1'::integer))", "Alias": "household_demographics", "Parallel Aware": false, "Actual Rows": 1800, "Parent Relationship": "Outer", "Actual Startup Time": 0.094, "Rows Removed by Filter": 5400, "Actual Loops": 1}], "Original Hash Buckets": 2048, "Hash Batches": 1, "Node Type": "Hash", "Total Cost": 161.0, "Plan Rows": 1800, "Actual Total Time": 1.281, "Parallel Aware": false, "Actual Rows": 1800, "Parent Relationship": "Inner", "Peak Memory Usage": 80, "Actual Startup Time": 1.281, "Original Hash Batches": 1, "Actual Loops": 1}], "Plan Rows": 2809, "Total Cost": 89484.22, "Node Type": "Hash Join", "Join Type": "Inner", "Actual Total Time": 645.548, "Parallel Aware": false, "Actual Rows": 106629, "Parent Relationship": "Outer", "Hash Cond": "(store_sales.ss_hdemo_sk = household_demographics.hd_demo_sk)", "Actual Startup Time": 12.305, "Actual Loops": 1}, {"Hash Buckets": 1024, "Startup Cost": 1.2, "Plan Width": 4, "Plans": [{"Relation Name": "store", "Startup Cost": 0.0, "Plan Width": 4, "Actual Total Time": 0.015, "Node Type": "Seq Scan", "Total Cost": 1.2, "Plan Rows": 11, "Filter": "((s_city)::text = ANY ('{Midway,Fairview,Fairview,Fairview,Fairview}'::text[]))", "Alias": "store", "Parallel Aware": false, "Actual Rows": 12, "Parent Relationship": "Outer", "Actual Startup Time": 0.01, "Rows Removed by Filter": 0, "Actual Loops": 1}], "Original Hash Buckets": 1024, "Hash Batches": 1, "Node Type": "Hash", "Total Cost": 1.2, "Plan Rows": 11, "Actual Total Time": 0.017, "Parallel Aware": false, "Actual Rows": 12, "Parent Relationship": "Inner", "Peak Memory Usage": 9, "Actual Startup Time": 0.017, "Original Hash Batches": 1, "Actual Loops": 1}], "Plan Rows": 2575, "Total Cost": 89521.83, "Node Type": "Hash Join", "Join Type": "Inner", "Actual Total Time": 667.074, "Parallel Aware": false, "Actual Rows": 106629, "Parent Relationship": "Outer", "Hash Cond": "(store_sales.ss_store_sk = store.s_store_sk)", "Actual Startup Time": 12.33, "Actual Loops": 1}, {"Hash Buckets": 65536, "Startup Cost": 1587.0, "Plan Width": 13, "Plans": [{"Startup Cost": 0.0, "Plan Width": 13, "Actual Total Time": 7.687, "Node Type": "Seq Scan", "Total Cost": 1587.0, "Plan Rows": 50000, "Relation Name": "customer_address", "Alias": "customer_address", "Parallel Aware": false, "Actual Rows": 50000, "Parent Relationship": "Outer", "Actual Startup Time": 0.007, "Actual Loops": 1}], "Original Hash Buckets": 65536, "Hash Batches": 1, "Node Type": "Hash", "Total Cost": 1587.0, "Plan Rows": 50000, "Actual Total Time": 15.386, "Parallel Aware": false, "Actual Rows": 50000, "Parent Relationship": "Inner", "Peak Memory Usage": 2807, "Actual Startup Time": 15.386, "Original Hash Batches": 1, "Actual Loops": 1}], "Plan Rows": 2575, "Total Cost": 91769.24, "Node Type": "Hash Join", "Join Type": "Inner", "Actual Total Time": 708.296, "Parallel Aware": false, "Actual Rows": 4825425, "Parent Relationship": "Outer", "Hash Cond": "(store_sales.ss_addr_sk = customer_address.ca_address_sk)", "Actual Startup Time": 27.742, "Actual Loops": 1}], "Node Type": "Aggregate", "Total Cost": 91807.86, "Strategy": "Hashed", "Actual Total Time": 739.249, "Plan Rows": 2575, "Parallel Aware": false, "Actual Rows": 631795, "Group Key": ["store_sales.ss_ticket_number", "customer_address.ca_city"], "Actual Startup Time": 737.993, "Actual Loops": 1}, "Execution Time": 739.643}]