[{"Triggers": [], "Planning Time": 29.682, "Plan": {"Partial Mode": "Simple", "Startup Cost": 31499.64, "Plan Width": 56, "Plans": [{"Startup Cost": 2509.75, "Plan Width": 56, "Plans": [{"Startup Cost": 2507.07, "Plan Width": 53, "Plans": [{"Startup Cost": 2505.62, "Plan Width": 26, "Plans": [{"Startup Cost": 2504.51, "Plan Width": 12, "Plans": [{"Startup Cost": 0.0, "Plan Width": 16, "Actual Total Time": 98.904, "Node Type": "Seq Scan", "Total Cost": 26118.71, "Plan Rows": 719071, "Relation Name": "web_sales", "Alias": "web_sales", "Parallel Aware": false, "Actual Rows": 648065, "Parent Relationship": "Outer", "Actual Startup Time": 0.05, "Actual Loops": 1}, {"Hash Buckets": 1024, "Startup Cost": 2500.73, "Plan Width": 4, "Plans": [{"Relation Name": "date_dim", "Startup Cost": 0.0, "Plan Width": 4, "Actual Total Time": 45.666, "Node Type": "Seq Scan", "Total Cost": 2500.73, "Plan Rows": 302, "Filter": "((d_month_seq >= 1212) AND (d_month_seq <= 1223))", "Alias": "date_dim", "Parallel Aware": false, "Actual Rows": 365, "Parent Relationship": "Outer", "Actual Startup Time": 19.076, "Rows Removed by Filter": 72684, "Actual Loops": 1}], "Original Hash Buckets": 1024, "Hash Batches": 1, "Node Type": "Hash", "Total Cost": 2500.73, "Plan Rows": 302, "Actual Total Time": 45.871, "Parallel Aware": false, "Actual Rows": 365, "Parent Relationship": "Inner", "Peak Memory Usage": 21, "Actual Startup Time": 45.871, "Original Hash Batches": 1, "Actual Loops": 1}], "Plan Rows": 2973, "Total Cost": 31349.47, "Node Type": "Hash Join", "Join Type": "Inner", "Actual Total Time": 245.986, "Parallel Aware": false, "Actual Rows": 130934, "Parent Relationship": "Outer", "Hash Cond": "(web_sales.ws_ship_date_sk = date_dim.d_date_sk)", "Actual Startup Time": 46.011, "Actual Loops": 1}, {"Hash Buckets": 1024, "Startup Cost": 1.05, "Plan Width": 22, "Plans": [{"Startup Cost": 0.0, "Plan Width": 22, "Actual Total Time": 0.012, "Node Type": "Seq Scan", "Total Cost": 1.05, "Plan Rows": 5, "Relation Name": "warehouse", "Alias": "warehouse", "Parallel Aware": false, "Actual Rows": 5, "Parent Relationship": "Outer", "Actual Startup Time": 0.008, "Actual Loops": 1}], "Original Hash Buckets": 1024, "Hash Batches": 1, "Node Type": "Hash", "Total Cost": 1.05, "Plan Rows": 5, "Actual Total Time": 0.016, "Parallel Aware": false, "Actual Rows": 5, "Parent Relationship": "Inner", "Peak Memory Usage": 9, "Actual Startup Time": 0.016, "Original Hash Batches": 1, "Actual Loops": 1}], "Plan Rows": 2973, "Total Cost": 31391.46, "Node Type": "Hash Join", "Join Type": "Inner", "Actual Total Time": 274.634, "Parallel Aware": false, "Actual Rows": 130933, "Parent Relationship": "Outer", "Hash Cond": "(web_sales.ws_warehouse_sk = warehouse.w_warehouse_sk)", "Actual Startup Time": 46.04, "Actual Loops": 1}, {"Hash Buckets": 1024, "Startup Cost": 1.2, "Plan Width": 35, "Plans": [{"Startup Cost": 0.0, "Plan Width": 35, "Actual Total Time": 0.02, "Node Type": "Seq Scan", "Total Cost": 1.2, "Plan Rows": 20, "Relation Name": "ship_mode", "Alias": "ship_mode", "Parallel Aware": false, "Actual Rows": 20, "Parent Relationship": "Outer", "Actual Startup Time": 0.01, "Actual Loops": 1}], "Original Hash Buckets": 1024, "Hash Batches": 1, "Node Type": "Hash", "Total Cost": 1.2, "Plan Rows": 20, "Actual Total Time": 0.032, "Parallel Aware": false, "Actual Rows": 20, "Parent Relationship": "Inner", "Peak Memory Usage": 10, "Actual Startup Time": 0.032, "Original Hash Batches": 1, "Actual Loops": 1}], "Plan Rows": 2973, "Total Cost": 31433.79, "Node Type": "Hash Join", "Join Type": "Inner", "Actual Total Time": 303.16, "Parallel Aware": false, "Actual Rows": 130932, "Parent Relationship": "Outer", "Hash Cond": "(web_sales.ws_ship_mode_sk = ship_mode.sm_ship_mode_sk)", "Actual Startup Time": 46.085, "Actual Loops": 1}, {"Hash Buckets": 1024, "Startup Cost": 2.3, "Plan Width": 11, "Plans": [{"Startup Cost": 0.0, "Plan Width": 11, "Actual Total Time": 0.042, "Node Type": "Seq Scan", "Total Cost": 2.3, "Plan Rows": 30, "Relation Name": "web_site", "Alias": "web_site", "Parallel Aware": false, "Actual Rows": 30, "Parent Relationship": "Outer", "Actual Startup Time": 0.017, "Actual Loops": 1}], "Original Hash Buckets": 1024, "Hash Batches": 1, "Node Type": "Hash", "Total Cost": 2.3, "Plan Rows": 30, "Actual Total Time": 0.063, "Parallel Aware": false, "Actual Rows": 30, "Parent Relationship": "Inner", "Peak Memory Usage": 10, "Actual Startup Time": 0.063, "Original Hash Batches": 1, "Actual Loops": 1}], "Plan Rows": 2973, "Total Cost": 31477.34, "Node Type": "Hash Join", "Join Type": "Inner", "Actual Total Time": 332.472, "Parallel Aware": false, "Actual Rows": 143310279, "Parent Relationship": "Outer", "Hash Cond": "(web_sales.ws_web_site_sk = web_site.web_site_sk)", "Actual Startup Time": 46.161, "Actual Loops": 1}], "Node Type": "Aggregate", "Total Cost": 31500.84, "Strategy": "Hashed", "Actual Total Time": 390.435, "Plan Rows": 120, "Parallel Aware": false, "Actual Rows": 1026, "Group Key": ["warehouse.w_warehouse_name", "ship_mode.sm_type", "web_site.web_name"], "Actual Startup Time": 390.419, "Actual Loops": 1}, "Execution Time": 390.604}]