[{"Triggers": [], "Planning Time": 26.841, "Plan": {"Partial Mode": "Simple", "Startup Cost": 109634.62, "Plan Width": 52, "Plans": [{"Startup Cost": 6150.6, "Plan Width": 52, "Plans": [{"Startup Cost": 0.0, "Plan Width": 56, "Actual Total Time": 193.009, "Node Type": "Seq Scan", "Total Cost": 41036.0, "Plan Rows": 1920800, "Relation Name": "customer_demographics", "Alias": "customer_demographics", "Parallel Aware": false, "Actual Rows": 1920800, "Parent Relationship": "Outer", "Actual Startup Time": 0.006, "Actual Loops": 1}, {"Hash Buckets": 1024, "Startup Cost": 6141.43, "Plan Width": 4, "Plans": [{"Startup Cost": 1904.09, "Plan Width": 4, "Plans": [{"Startup Cost": 0.0, "Plan Width": 8, "Actual Total Time": 8.507, "Node Type": "Seq Scan", "Total Cost": 3855.0, "Plan Rows": 100000, "Relation Name": "customer", "Alias": "customer", "Parallel Aware": false, "Actual Rows": 94736, "Parent Relationship": "Outer", "Actual Startup Time": 0.003, "Actual Loops": 1}, {"Hash Buckets": 1024, "Startup Cost": 1899.5, "Plan Width": 4, "Plans": [{"Relation Name": "customer_address", "Startup Cost": 0.0, "Plan Width": 4, "Actual Total Time": 11.505, "Node Type": "Seq Scan", "Total Cost": 1899.5, "Plan Rows": 367, "Filter": "((ca_county)::text = ANY ('{\"Yellowstone County\",\"Montgomery County\",\"Divide County\",\"Cedar County\",\"Manassas Park city\"}'::text[]))", "Alias": "customer_address", "Parallel Aware": false, "Actual Rows": 382, "Parent Relationship": "Outer", "Actual Startup Time": 0.08, "Rows Removed by Filter": 49618, "Actual Loops": 1}], "Original Hash Buckets": 1024, "Hash Batches": 1, "Node Type": "Hash", "Total Cost": 1899.5, "Plan Rows": 367, "Actual Total Time": 11.61, "Parallel Aware": false, "Actual Rows": 382, "Parent Relationship": "Inner", "Peak Memory Usage": 22, "Actual Startup Time": 11.61, "Original Hash Batches": 1, "Actual Loops": 1}], "Plan Rows": 734, "Total Cost": 6141.43, "Node Type": "Hash Join", "Join Type": "Inner", "Actual Total Time": 30.933, "Parallel Aware": false, "Actual Rows": 696, "Parent Relationship": "Outer", "Hash Cond": "(customer.c_current_addr_sk = customer_address.ca_address_sk)", "Actual Startup Time": 11.622, "Actual Loops": 1}], "Original Hash Buckets": 1024, "Hash Batches": 1, "Node Type": "Hash", "Total Cost": 6141.43, "Plan Rows": 734, "Actual Total Time": 31.095, "Parallel Aware": false, "Actual Rows": 696, "Parent Relationship": "Inner", "Peak Memory Usage": 33, "Actual Startup Time": 31.095, "Original Hash Batches": 1, "Actual Loops": 1}], "Plan Rows": 734, "Total Cost": 109619.94, "Node Type": "Hash Join", "Join Type": "Inner", "Actual Total Time": 413.666, "Parallel Aware": false, "Actual Rows": 90477, "Parent Relationship": "Outer", "Hash Cond": "(customer_demographics.cd_demo_sk = customer.c_current_cdemo_sk)", "Actual Startup Time": 32.094, "Actual Loops": 1}], "Node Type": "Aggregate", "Total Cost": 109641.96, "Strategy": "Hashed", "Actual Total Time": 414.89, "Plan Rows": 734, "Parallel Aware": false, "Actual Rows": 85425, "Group Key": ["customer_demographics.cd_gender", "customer_demographics.cd_marital_status", "customer_demographics.cd_education_status", "customer_demographics.cd_purchase_estimate", "customer_demographics.cd_credit_rating", "customer_demographics.cd_dep_count", "customer_demographics.cd_dep_employed_count", "customer_demographics.cd_dep_college_count"], "Actual Startup Time": 414.787, "Actual Loops": 1}, "Execution Time": 414.952}]