[{"Triggers": [], "Planning Time": 0.368, "Plan": {"Partial Mode": "Simple", "Startup Cost": 91713.44, "Plan Width": 8, "Plans": [{"Startup Cost": 5146.98, "Plan Width": 8, "Plans": [{"Startup Cost": 1911.28, "Plan Width": 8, "Plans": [{"Startup Cost": 0.0, "Plan Width": 8, "Actual Total Time": 299.467, "Node Type": "Seq Scan", "Total Cost": 76687.57, "Plan Rows": 2622557, "Relation Name": "store_sales", "Alias": "store_sales", "Parallel Aware": false, "Actual Rows": 2485280, "Parent Relationship": "Outer", "Actual Startup Time": 0.022, "Actual Loops": 1}, {"Hash Buckets": 1024, "Startup Cost": 1911.0, "Plan Width": 8, "Plans": [{"Relation Name": "item", "Startup Cost": 0.0, "Plan Width": 8, "Actual Total Time": 14.176, "Node Type": "Seq Scan", "Total Cost": 1911.0, "Plan Rows": 22, "Filter": "(((i_category = ANY ('{Books,Children,Electronics}'::bpchar[])) AND (i_class = ANY ('{personal,portable,refernece,self-help}'::bpchar[])) AND (i_brand = ANY ('{\"scholaramalgamalg #14\",\"scholaramalgamalg #7\",\"exportiunivamalg #9\",\"scholaramalgamalg #9\"}'::bpchar[]))) OR ((i_category = ANY ('{Women,Music,Men}'::bpchar[])) AND (i_class = ANY ('{accessories,classical,fragrances,pants}'::bpchar[])) AND (i_brand = ANY ('{\"amalgimporto #1\",\"edu packscholar #1\",\" exportiimporto #1\",\"importoamalg #1\"}'::bpchar[]))))", "Alias": "item", "Parallel Aware": false, "Actual Rows": 722, "Parent Relationship": "Outer", "Actual Startup Time": 0.012, "Rows Removed by Filter": 17278, "Actual Loops": 1}], "Original Hash Buckets": 1024, "Hash Batches": 1, "Node Type": "Hash", "Total Cost": 1911.0, "Plan Rows": 22, "Actual Total Time": 14.304, "Parallel Aware": false, "Actual Rows": 722, "Parent Relationship": "Inner", "Peak Memory Usage": 37, "Actual Startup Time": 14.303, "Original Hash Batches": 1, "Actual Loops": 1}], "Plan Rows": 3205, "Total Cost": 88465.48, "Node Type": "Hash Join", "Join Type": "Inner", "Actual Total Time": 596.998, "Parallel Aware": false, "Actual Rows": 81328, "Parent Relationship": "Outer", "Hash Cond": "(store_sales.ss_item_sk = item.i_item_sk)", "Actual Startup Time": 14.334, "Actual Loops": 1}, {"Hash Buckets": 1024, "Startup Cost": 3231.23, "Plan Width": 8, "Plans": [{"Relation Name": "date_dim", "Startup Cost": 0.0, "Plan Width": 8, "Actual Total Time": 11.755, "Node Type": "Seq Scan", "Total Cost": 3231.23, "Plan Rows": 358, "Filter": "(d_month_seq = ANY ('{1206,1207,1208,1209,1210,1211,1212,1213,1214,1215,1216,1217}'::integer[]))", "Alias": "date_dim", "Parallel Aware": false, "Actual Rows": 365, "Parent Relationship": "Outer", "Actual Startup Time": 5.935, "Rows Removed by Filter": 72684, "Actual Loops": 1}], "Original Hash Buckets": 1024, "Hash Batches": 1, "Node Type": "Hash", "Total Cost": 3231.23, "Plan Rows": 358, "Actual Total Time": 11.81, "Parallel Aware": false, "Actual Rows": 365, "Parent Relationship": "Inner", "Peak Memory Usage": 23, "Actual Startup Time": 11.81, "Original Hash Batches": 1, "Actual Loops": 1}], "Plan Rows": 16, "Total Cost": 91713.36, "Node Type": "Hash Join", "Join Type": "Inner", "Actual Total Time": 620.846, "Parallel Aware": false, "Actual Rows": 15033642, "Parent Relationship": "Outer", "Hash Cond": "(store_sales.ss_sold_date_sk = date_dim.d_date_sk)", "Actual Startup Time": 26.28, "Actual Loops": 1}], "Node Type": "Aggregate", "Total Cost": 91713.6, "Strategy": "Hashed", "Actual Total Time": 625.519, "Plan Rows": 16, "Parallel Aware": false, "Actual Rows": 972, "Group Key": ["item.i_manager_id", "date_dim.d_moy"], "Actual Startup Time": 625.472, "Actual Loops": 1}, "Execution Time": 625.561}]