[{"Triggers": [], "Planning Time": 0.226, "Plan": {"Partial Mode": "Simple", "Startup Cost": 63130.94, "Plan Width": 17, "Plans": [{"Startup Cost": 5924.17, "Plan Width": 17, "Plans": [{"Startup Cost": 3984.45, "Plan Width": 21, "Plans": [{"Startup Cost": 2501.12, "Plan Width": 8, "Plans": [{"Startup Cost": 0.0, "Plan Width": 12, "Actual Total Time": 184.069, "Node Type": "Seq Scan", "Total Cost": 51844.7, "Plan Rows": 1427370, "Relation Name": "catalog_sales", "Alias": "catalog_sales", "Parallel Aware": false, "Actual Rows": 1343425, "Parent Relationship": "Outer", "Actual Startup Time": 0.024, "Actual Loops": 1}, {"Hash Buckets": 1024, "Startup Cost": 2500.73, "Plan Width": 4, "Plans": [{"Relation Name": "date_dim", "Startup Cost": 0.0, "Plan Width": 4, "Actual Total Time": 11.633, "Node Type": "Seq Scan", "Total Cost": 2500.73, "Plan Rows": 31, "Filter": "((d_year = 1998) AND (d_moy = 8))", "Alias": "date_dim", "Parallel Aware": false, "Actual Rows": 31, "Parent Relationship": "Outer", "Actual Startup Time": 4.515, "Rows Removed by Filter": 73018, "Actual Loops": 1}], "Original Hash Buckets": 1024, "Hash Batches": 1, "Node Type": "Hash", "Total Cost": 2500.73, "Plan Rows": 31, "Actual Total Time": 11.642, "Parallel Aware": false, "Actual Rows": 31, "Parent Relationship": "Inner", "Peak Memory Usage": 10, "Actual Startup Time": 11.642, "Original Hash Batches": 1, "Actual Loops": 1}], "Plan Rows": 606, "Total Cost": 59704.52, "Node Type": "Hash Join", "Join Type": "Inner", "Actual Total Time": 310.598, "Parallel Aware": false, "Actual Rows": 29195, "Parent Relationship": "Outer", "Hash Cond": "(catalog_sales.cs_sold_date_sk = date_dim.d_date_sk)", "Actual Startup Time": 16.078, "Actual Loops": 1}, {"Hash Buckets": 2048, "Startup Cost": 1461.0, "Plan Width": 21, "Plans": [{"Relation Name": "item", "Startup Cost": 0.0, "Plan Width": 21, "Actual Total Time": 5.526, "Node Type": "Seq Scan", "Total Cost": 1461.0, "Plan Rows": 1786, "Filter": "(i_category = 'Children'::bpchar)", "Alias": "item", "Parallel Aware": false, "Actual Rows": 1786, "Parent Relationship": "Outer", "Actual Startup Time": 0.011, "Rows Removed by Filter": 16214, "Actual Loops": 1}], "Original Hash Buckets": 2048, "Hash Batches": 1, "Node Type": "Hash", "Total Cost": 1461.0, "Plan Rows": 1786, "Actual Total Time": 5.85, "Parallel Aware": false, "Actual Rows": 1786, "Parent Relationship": "Inner", "Peak Memory Usage": 114, "Actual Startup Time": 5.85, "Original Hash Batches": 1, "Actual Loops": 1}], "Plan Rows": 60, "Total Cost": 61190.72, "Node Type": "Hash Join", "Join Type": "Inner", "Actual Total Time": 320.381, "Parallel Aware": false, "Actual Rows": 2813, "Parent Relationship": "Outer", "Hash Cond": "(catalog_sales.cs_item_sk = item.i_item_sk)", "Actual Startup Time": 34.526, "Actual Loops": 1}, {"Hash Buckets": 32768, "Startup Cost": 1712.0, "Plan Width": 4, "Plans": [{"Relation Name": "customer_address", "Startup Cost": 0.0, "Plan Width": 4, "Actual Total Time": 25.525, "Node Type": "Seq Scan", "Total Cost": 1712.0, "Plan Rows": 18218, "Filter": "(ca_gmt_offset = '-5'::numeric)", "Alias": "customer_address", "Parallel Aware": false, "Actual Rows": 18246, "Parent Relationship": "Outer", "Actual Startup Time": 0.006, "Rows Removed by Filter": 31754, "Actual Loops": 1}], "Original Hash Buckets": 32768, "Hash Batches": 1, "Node Type": "Hash", "Total Cost": 1712.0, "Plan Rows": 18218, "Actual Total Time": 31.678, "Parallel Aware": false, "Actual Rows": 18246, "Parent Relationship": "Inner", "Peak Memory Usage": 898, "Actual Startup Time": 31.678, "Original Hash Batches": 1, "Actual Loops": 1}], "Plan Rows": 22, "Total Cost": 63130.89, "Node Type": "Hash Join", "Join Type": "Inner", "Actual Total Time": 352.839, "Parallel Aware": false, "Actual Rows": 1150077, "Parent Relationship": "Outer", "Hash Cond": "(catalog_sales.cs_bill_addr_sk = customer_address.ca_address_sk)", "Actual Startup Time": 66.225, "Actual Loops": 1}], "Node Type": "Aggregate", "Total Cost": 63131.16, "Strategy": "Hashed", "Actual Total Time": 353.408, "Plan Rows": 22, "Parallel Aware": false, "Actual Rows": 14964, "Group Key": ["item.i_item_id"], "Actual Startup Time": 353.332, "Actual Loops": 1}, "Execution Time": 353.468}]