[{"Triggers": [], "Planning Time": 0.246, "Plan": {"Partial Mode": "Simple", "Startup Cost": 89373.08, "Plan Width": 21, "Plans": [{"Startup Cost": 2506.18, "Plan Width": 21, "Plans": [{"Startup Cost": 2504.91, "Plan Width": 4, "Plans": [{"Startup Cost": 0.0, "Plan Width": 8, "Actual Total Time": 337.871, "Node Type": "Seq Scan", "Total Cost": 76687.57, "Plan Rows": 2622557, "Relation Name": "store_sales", "Alias": "store_sales", "Parallel Aware": false, "Actual Rows": 2485280, "Parent Relationship": "Outer", "Actual Startup Time": 0.022, "Actual Loops": 1}, {"Hash Buckets": 1024, "Startup Cost": 2500.73, "Plan Width": 4, "Plans": [{"Relation Name": "date_dim", "Startup Cost": 0.0, "Plan Width": 4, "Actual Total Time": 11.544, "Node Type": "Seq Scan", "Total Cost": 2500.73, "Plan Rows": 334, "Filter": "((d_month_seq >= 1181) AND (d_month_seq <= 1192))", "Alias": "date_dim", "Parallel Aware": false, "Actual Rows": 365, "Parent Relationship": "Outer", "Actual Startup Time": 4.778, "Rows Removed by Filter": 72684, "Actual Loops": 1}], "Original Hash Buckets": 1024, "Hash Batches": 1, "Node Type": "Hash", "Total Cost": 2500.73, "Plan Rows": 334, "Actual Total Time": 11.595, "Parallel Aware": false, "Actual Rows": 365, "Parent Relationship": "Inner", "Peak Memory Usage": 21, "Actual Startup Time": 11.595, "Original Hash Batches": 1, "Actual Loops": 1}], "Plan Rows": 11991, "Total Cost": 89146.98, "Node Type": "Hash Join", "Join Type": "Inner", "Actual Total Time": 688.16, "Parallel Aware": false, "Actual Rows": 502535, "Parent Relationship": "Outer", "Hash Cond": "(store_sales.ss_sold_date_sk = date_dim.d_date_sk)", "Actual Startup Time": 11.627, "Actual Loops": 1}, {"Hash Buckets": 1024, "Startup Cost": 1.12, "Plan Width": 25, "Plans": [{"Startup Cost": 0.0, "Plan Width": 25, "Actual Total Time": 0.011, "Node Type": "Seq Scan", "Total Cost": 1.12, "Plan Rows": 12, "Relation Name": "store", "Alias": "store", "Parallel Aware": false, "Actual Rows": 12, "Parent Relationship": "Outer", "Actual Startup Time": 0.005, "Actual Loops": 1}], "Original Hash Buckets": 1024, "Hash Batches": 1, "Node Type": "Hash", "Total Cost": 1.12, "Plan Rows": 12, "Actual Total Time": 0.013, "Parallel Aware": false, "Actual Rows": 12, "Parent Relationship": "Inner", "Peak Memory Usage": 9, "Actual Startup Time": 0.013, "Original Hash Batches": 1, "Actual Loops": 1}], "Plan Rows": 11991, "Total Cost": 89313.12, "Node Type": "Hash Join", "Join Type": "Inner", "Actual Total Time": 804.27, "Parallel Aware": false, "Actual Rows": 550086562, "Parent Relationship": "Outer", "Hash Cond": "(store_sales.ss_store_sk = store.s_store_sk)", "Actual Startup Time": 11.643, "Actual Loops": 1}], "Node Type": "Aggregate", "Total Cost": 89373.09, "Strategy": "Hashed", "Actual Total Time": 942.164, "Plan Rows": 1, "Parallel Aware": false, "Actual Rows": 33, "Group Key": ["store.s_state", "store.s_county"], "Actual Startup Time": 942.164, "Actual Loops": 1}, "Execution Time": 942.201}]