[{"Triggers": [], "Planning Time": 0.288, "Plan": {"Partial Mode": "Simple", "Startup Cost": 91297.22, "Plan Width": 233, "Plans": [{"Startup Cost": 89271.88, "Plan Width": 233, "Plans": [{"Startup Cost": 89270.61, "Plan Width": 220, "Plans": [{"Startup Cost": 0.0, "Plan Width": 208, "Actual Total Time": 2.816, "Node Type": "Seq Scan", "Total Cost": 1416.0, "Plan Rows": 18000, "Relation Name": "item", "Alias": "item", "Parallel Aware": false, "Actual Rows": 18000, "Parent Relationship": "Outer", "Actual Startup Time": 0.003, "Actual Loops": 1}, {"Hash Buckets": 131072, "Startup Cost": 89135.09, "Plan Width": 20, "Plans": [{"Startup Cost": 2504.51, "Plan Width": 20, "Plans": [{"Startup Cost": 0.0, "Plan Width": 12, "Actual Total Time": 295.561, "Node Type": "Seq Scan", "Total Cost": 76687.57, "Plan Rows": 2622557, "Relation Name": "store_sales", "Alias": "store_sales", "Parallel Aware": false, "Actual Rows": 2485280, "Parent Relationship": "Outer", "Actual Startup Time": 0.056, "Actual Loops": 1}, {"Hash Buckets": 1024, "Startup Cost": 2500.73, "Plan Width": 16, "Plans": [{"Relation Name": "date_dim", "Startup Cost": 0.0, "Plan Width": 16, "Actual Total Time": 8.707, "Node Type": "Seq Scan", "Total Cost": 2500.73, "Plan Rows": 302, "Filter": "((d_month_seq >= 1214) AND (d_month_seq <= 1225))", "Alias": "date_dim", "Parallel Aware": false, "Actual Rows": 365, "Parent Relationship": "Outer", "Actual Startup Time": 4.055, "Rows Removed by Filter": 72684, "Actual Loops": 1}], "Original Hash Buckets": 1024, "Hash Batches": 1, "Node Type": "Hash", "Total Cost": 2500.73, "Plan Rows": 302, "Actual Total Time": 8.778, "Parallel Aware": false, "Actual Rows": 365, "Parent Relationship": "Inner", "Peak Memory Usage": 26, "Actual Startup Time": 8.777, "Original Hash Batches": 1, "Actual Loops": 1}], "Plan Rows": 10842, "Total Cost": 89135.09, "Node Type": "Hash Join", "Join Type": "Inner", "Actual Total Time": 616.286, "Parallel Aware": false, "Actual Rows": 495555, "Parent Relationship": "Outer", "Hash Cond": "(store_sales.ss_sold_date_sk = date_dim.d_date_sk)", "Actual Startup Time": 8.848, "Actual Loops": 1}], "Original Hash Buckets": 16384, "Hash Batches": 16, "Node Type": "Hash", "Total Cost": 89135.09, "Plan Rows": 10842, "Actual Total Time": 731.377, "Parallel Aware": false, "Actual Rows": 495555, "Parent Relationship": "Inner", "Peak Memory Usage": 4075, "Actual Startup Time": 731.377, "Original Hash Batches": 1, "Actual Loops": 1}], "Plan Rows": 10842, "Total Cost": 90930.03, "Node Type": "Hash Join", "Join Type": "Inner", "Actual Total Time": 957.469, "Parallel Aware": false, "Actual Rows": 495555, "Parent Relationship": "Outer", "Hash Cond": "(item.i_item_sk = store_sales.ss_item_sk)", "Actual Startup Time": 731.463, "Actual Loops": 1}, {"Hash Buckets": 1024, "Startup Cost": 1.12, "Plan Width": 21, "Plans": [{"Startup Cost": 0.0, "Plan Width": 21, "Actual Total Time": 0.005, "Node Type": "Seq Scan", "Total Cost": 1.12, "Plan Rows": 12, "Relation Name": "store", "Alias": "store", "Parallel Aware": false, "Actual Rows": 12, "Parent Relationship": "Outer", "Actual Startup Time": 0.004, "Actual Loops": 1}], "Original Hash Buckets": 1024, "Hash Batches": 1, "Node Type": "Hash", "Total Cost": 1.12, "Plan Rows": 12, "Actual Total Time": 0.009, "Parallel Aware": false, "Actual Rows": 12, "Parent Relationship": "Inner", "Peak Memory Usage": 9, "Actual Startup Time": 0.009, "Original Hash Batches": 1, "Actual Loops": 1}], "Plan Rows": 10842, "Total Cost": 91080.38, "Node Type": "Hash Join", "Join Type": "Inner", "Actual Total Time": 1070.359, "Parallel Aware": false, "Actual Rows": 550200951, "Parent Relationship": "Outer", "Hash Cond": "(store_sales.ss_store_sk = store.s_store_sk)", "Actual Startup Time": 731.476, "Actual Loops": 1}], "Node Type": "Aggregate", "Total Cost": 91405.64, "Strategy": "Hashed", "Actual Total Time": 1740.588, "Plan Rows": 10842, "Parallel Aware": false, "Actual Rows": 384051426, "Group Key": ["item.i_category", "item.i_class", "item.i_brand", "item.i_product_name", "date_dim.d_year", "date_dim.d_qoy", "date_dim.d_moy", "store.s_store_id"], "Actual Startup Time": 1610.08, "Actual Loops": 1}, "Execution Time": 1756.485}]