[{"Triggers": [], "Planning Time": 33.401, "Plan": {"Partial Mode": "Simple", "Startup Cost": 34248.96, "Plan Width": 70, "Plans": [{"Startup Cost": 5374.83, "Plan Width": 70, "Plans": [{"Startup Cost": 5373.71, "Plan Width": 8, "Plans": [{"Startup Cost": 2323.93, "Plan Width": 12, "Plans": [{"Startup Cost": 2322.65, "Plan Width": 16, "Plans": [{"Startup Cost": 0.0, "Plan Width": 16, "Actual Total Time": 94.298, "Node Type": "Seq Scan", "Total Cost": 26118.71, "Plan Rows": 719071, "Relation Name": "web_sales", "Alias": "web_sales", "Parallel Aware": false, "Actual Rows": 648065, "Parent Relationship": "Outer", "Actual Startup Time": 0.015, "Actual Loops": 1}, {"Hash Buckets": 1024, "Startup Cost": 2318.11, "Plan Width": 8, "Plans": [{"Relation Name": "date_dim", "Startup Cost": 0.0, "Plan Width": 8, "Actual Total Time": 10.227, "Node Type": "Seq Scan", "Total Cost": 2318.11, "Plan Rows": 363, "Filter": "(d_year = 1999)", "Alias": "date_dim", "Parallel Aware": false, "Actual Rows": 365, "Parent Relationship": "Outer", "Actual Startup Time": 5.418, "Rows Removed by Filter": 72684, "Actual Loops": 1}], "Original Hash Buckets": 1024, "Hash Batches": 1, "Node Type": "Hash", "Total Cost": 2318.11, "Plan Rows": 363, "Actual Total Time": 10.279, "Parallel Aware": false, "Actual Rows": 365, "Parent Relationship": "Inner", "Peak Memory Usage": 23, "Actual Startup Time": 10.279, "Original Hash Batches": 1, "Actual Loops": 1}], "Plan Rows": 3573, "Total Cost": 31173.61, "Node Type": "Hash Join", "Join Type": "Inner", "Actual Total Time": 191.228, "Parallel Aware": false, "Actual Rows": 129314, "Parent Relationship": "Outer", "Hash Cond": "(web_sales.ws_sold_date_sk = date_dim.d_date_sk)", "Actual Startup Time": 10.305, "Actual Loops": 1}, {"Hash Buckets": 1024, "Startup Cost": 1.25, "Plan Width": 4, "Plans": [{"Relation Name": "ship_mode", "Startup Cost": 0.0, "Plan Width": 4, "Actual Total Time": 0.009, "Node Type": "Seq Scan", "Total Cost": 1.25, "Plan Rows": 2, "Filter": "(sm_carrier = ANY ('{DIAMOND,ZOUROS}'::bpchar[]))", "Alias": "ship_mode", "Parallel Aware": false, "Actual Rows": 2, "Parent Relationship": "Outer", "Actual Startup Time": 0.006, "Rows Removed by Filter": 18, "Actual Loops": 1}], "Original Hash Buckets": 1024, "Hash Batches": 1, "Node Type": "Hash", "Total Cost": 1.25, "Plan Rows": 2, "Actual Total Time": 0.01, "Parallel Aware": false, "Actual Rows": 2, "Parent Relationship": "Inner", "Peak Memory Usage": 9, "Actual Startup Time": 0.01, "Original Hash Batches": 1, "Actual Loops": 1}], "Plan Rows": 357, "Total Cost": 31191.85, "Node Type": "Hash Join", "Join Type": "Inner", "Actual Total Time": 203.017, "Parallel Aware": false, "Actual Rows": 12858, "Parent Relationship": "Outer", "Hash Cond": "(web_sales.ws_ship_mode_sk = ship_mode.sm_ship_mode_sk)", "Actual Startup Time": 10.347, "Actual Loops": 1}, {"Hash Buckets": 32768, "Startup Cost": 2693.0, "Plan Width": 4, "Plans": [{"Relation Name": "time_dim", "Startup Cost": 0.0, "Plan Width": 4, "Actual Total Time": 11.038, "Node Type": "Seq Scan", "Total Cost": 2693.0, "Plan Rows": 28543, "Filter": "((t_time >= 46185) AND (t_time <= 74985))", "Alias": "time_dim", "Parallel Aware": false, "Actual Rows": 28801, "Parent Relationship": "Outer", "Actual Startup Time": 4.16, "Rows Removed by Filter": 57599, "Actual Loops": 1}], "Original Hash Buckets": 32768, "Hash Batches": 1, "Node Type": "Hash", "Total Cost": 2693.0, "Plan Rows": 28543, "Actual Total Time": 14.416, "Parallel Aware": false, "Actual Rows": 28801, "Parent Relationship": "Inner", "Peak Memory Usage": 1269, "Actual Startup Time": 14.416, "Original Hash Batches": 1, "Actual Loops": 1}], "Plan Rows": 118, "Total Cost": 34244.16, "Node Type": "Hash Join", "Join Type": "Inner", "Actual Total Time": 221.515, "Parallel Aware": false, "Actual Rows": 5941, "Parent Relationship": "Outer", "Hash Cond": "(web_sales.ws_sold_time_sk = time_dim.t_time_sk)", "Actual Startup Time": 24.785, "Actual Loops": 1}, {"Hash Buckets": 1024, "Startup Cost": 1.05, "Plan Width": 70, "Plans": [{"Startup Cost": 0.0, "Plan Width": 70, "Actual Total Time": 0.007, "Node Type": "Seq Scan", "Total Cost": 1.05, "Plan Rows": 5, "Relation Name": "warehouse", "Alias": "warehouse", "Parallel Aware": false, "Actual Rows": 5, "Parent Relationship": "Outer", "Actual Startup Time": 0.005, "Actual Loops": 1}], "Original Hash Buckets": 1024, "Hash Batches": 1, "Node Type": "Hash", "Total Cost": 1.05, "Plan Rows": 5, "Actual Total Time": 0.011, "Parallel Aware": false, "Actual Rows": 5, "Parent Relationship": "Inner", "Peak Memory Usage": 9, "Actual Startup Time": 0.011, "Original Hash Batches": 1, "Actual Loops": 1}], "Plan Rows": 118, "Total Cost": 34246.89, "Node Type": "Hash Join", "Join Type": "Inner", "Actual Total Time": 223.388, "Parallel Aware": false, "Actual Rows": 6487774, "Parent Relationship": "Outer", "Hash Cond": "(web_sales.ws_warehouse_sk = warehouse.w_warehouse_sk)", "Actual Startup Time": 24.801, "Actual Loops": 1}], "Node Type": "Aggregate", "Total Cost": 34250.14, "Strategy": "Hashed", "Actual Total Time": 227.737, "Plan Rows": 118, "Parallel Aware": false, "Actual Rows": 20, "Group Key": ["warehouse.w_warehouse_name", "warehouse.w_warehouse_sq_ft", "warehouse.w_city", "warehouse.w_county", "warehouse.w_state", "warehouse.w_country", "date_dim.d_year"], "Actual Startup Time": 227.736, "Actual Loops": 1}, "Execution Time": 227.81}]