[{"Triggers": [], "Planning Time": 0.215, "Plan": {"Partial Mode": "Simple", "Startup Cost": 90409.62, "Plan Width": 59, "Plans": [{"Startup Cost": 3852.15, "Plan Width": 59, "Plans": [{"Startup Cost": 1461.2, "Plan Width": 59, "Plans": [{"Startup Cost": 0.0, "Plan Width": 8, "Actual Total Time": 289.663, "Node Type": "Seq Scan", "Total Cost": 76687.57, "Plan Rows": 2622557, "Relation Name": "store_sales", "Alias": "store_sales", "Parallel Aware": false, "Actual Rows": 2485280, "Parent Relationship": "Outer", "Actual Startup Time": 0.032, "Actual Loops": 1}, {"Hash Buckets": 1024, "Startup Cost": 1461.0, "Plan Width": 59, "Plans": [{"Relation Name": "item", "Startup Cost": 0.0, "Plan Width": 59, "Actual Total Time": 4.399, "Node Type": "Seq Scan", "Total Cost": 1461.0, "Plan Rows": 16, "Filter": "(i_manufact_id = 783)", "Alias": "item", "Parallel Aware": false, "Actual Rows": 3, "Parent Relationship": "Outer", "Actual Startup Time": 2.583, "Rows Removed by Filter": 17997, "Actual Loops": 1}], "Original Hash Buckets": 1024, "Hash Batches": 1, "Node Type": "Hash", "Total Cost": 1461.0, "Plan Rows": 16, "Actual Total Time": 4.403, "Parallel Aware": false, "Actual Rows": 3, "Parent Relationship": "Inner", "Peak Memory Usage": 9, "Actual Startup Time": 4.403, "Original Hash Batches": 1, "Actual Loops": 1}], "Plan Rows": 2331, "Total Cost": 88006.67, "Node Type": "Hash Join", "Join Type": "Inner", "Actual Total Time": 512.977, "Parallel Aware": false, "Actual Rows": 399, "Parent Relationship": "Outer", "Hash Cond": "(store_sales.ss_item_sk = item.i_item_sk)", "Actual Startup Time": 5.153, "Actual Loops": 1}, {"Hash Buckets": 8192, "Startup Cost": 2318.11, "Plan Width": 8, "Plans": [{"Relation Name": "date_dim", "Startup Cost": 0.0, "Plan Width": 8, "Actual Total Time": 10.071, "Node Type": "Seq Scan", "Total Cost": 2318.11, "Plan Rows": 5827, "Filter": "(d_moy = 11)", "Alias": "date_dim", "Parallel Aware": false, "Actual Rows": 6000, "Parent Relationship": "Outer", "Actual Startup Time": 0.045, "Rows Removed by Filter": 67049, "Actual Loops": 1}], "Original Hash Buckets": 8192, "Hash Batches": 1, "Node Type": "Hash", "Total Cost": 2318.11, "Plan Rows": 5827, "Actual Total Time": 10.808, "Parallel Aware": false, "Actual Rows": 6000, "Parent Relationship": "Inner", "Peak Memory Usage": 299, "Actual Startup Time": 10.808, "Original Hash Batches": 1, "Actual Loops": 1}], "Plan Rows": 186, "Total Cost": 90408.22, "Node Type": "Hash Join", "Join Type": "Inner", "Actual Total Time": 524.059, "Parallel Aware": false, "Actual Rows": 119271, "Parent Relationship": "Outer", "Hash Cond": "(store_sales.ss_sold_date_sk = date_dim.d_date_sk)", "Actual Startup Time": 65.403, "Actual Loops": 1}], "Node Type": "Aggregate", "Total Cost": 90411.48, "Strategy": "Hashed", "Actual Total Time": 524.249, "Plan Rows": 186, "Parallel Aware": false, "Actual Rows": 184, "Group Key": ["date_dim.d_year", "item.i_brand", "item.i_brand_id"], "Actual Startup Time": 524.248, "Actual Loops": 1}, "Execution Time": 524.287}]