[{"Triggers": [], "Planning Time": 0.856, "Plan": {"Partial Mode": "Simple", "Startup Cost": 185697.32, "Plan Width": 19, "Plans": [{"Startup Cost": 86611.16, "Plan Width": 19, "Plans": [{"Startup Cost": 10310.16, "Plan Width": 7, "Plans": [{"Startup Cost": 8098.16, "Plan Width": 8, "Plans": [{"Startup Cost": 2504.16, "Plan Width": 4, "Plans": [{"Startup Cost": 0.0, "Plan Width": 8, "Actual Total Time": 306.489, "Node Type": "Seq Scan", "Total Cost": 76687.57, "Plan Rows": 2622557, "Relation Name": "store_sales", "Alias": "store_sales", "Parallel Aware": false, "Actual Rows": 2485280, "Parent Relationship": "Outer", "Actual Startup Time": 0.019, "Actual Loops": 1}, {"Hash Buckets": 1024, "Startup Cost": 2500.73, "Plan Width": 4, "Plans": [{"Relation Name": "date_dim", "Startup Cost": 0.0, "Plan Width": 4, "Actual Total Time": 11.439, "Node Type": "Seq Scan", "Total Cost": 2500.73, "Plan Rows": 274, "Filter": "((d_qoy < 4) AND (d_year = 2001))", "Alias": "date_dim", "Parallel Aware": false, "Actual Rows": 274, "Parent Relationship": "Outer", "Actual Startup Time": 5.773, "Rows Removed by Filter": 72775, "Actual Loops": 1}], "Original Hash Buckets": 1024, "Hash Batches": 1, "Node Type": "Hash", "Total Cost": 2500.73, "Plan Rows": 274, "Actual Total Time": 11.48, "Parallel Aware": false, "Actual Rows": 274, "Parent Relationship": "Inner", "Peak Memory Usage": 18, "Actual Startup Time": 11.48, "Original Hash Batches": 1, "Actual Loops": 1}], "Plan Rows": 9837, "Total Cost": 89124.69, "Node Type": "Hash Join", "Join Type": "Inner", "Actual Total Time": 581.972, "Parallel Aware": false, "Actual Rows": 276203, "Parent Relationship": "Outer", "Hash Cond": "(store_sales.ss_sold_date_sk = date_dim.d_date_sk)", "Actual Startup Time": 11.539, "Actual Loops": 1}, {"Hash Buckets": 131072, "Startup Cost": 3855.0, "Plan Width": 12, "Plans": [{"Startup Cost": 0.0, "Plan Width": 12, "Actual Total Time": 17.664, "Node Type": "Seq Scan", "Total Cost": 3855.0, "Plan Rows": 100000, "Relation Name": "customer", "Alias": "customer", "Parallel Aware": false, "Actual Rows": 94736, "Parent Relationship": "Outer", "Actual Startup Time": 0.005, "Actual Loops": 1}], "Original Hash Buckets": 131072, "Hash Batches": 2, "Node Type": "Hash", "Total Cost": 3855.0, "Plan Rows": 100000, "Actual Total Time": 38.152, "Parallel Aware": false, "Actual Rows": 94736, "Parent Relationship": "Inner", "Peak Memory Usage": 3068, "Actual Startup Time": 38.152, "Original Hash Batches": 2, "Actual Loops": 1}], "Plan Rows": 9837, "Total Cost": 95420.95, "Node Type": "Hash Join", "Join Type": "Inner", "Actual Total Time": 719.698, "Parallel Aware": false, "Actual Rows": 276203, "Parent Relationship": "Outer", "Hash Cond": "(store_sales.ss_customer_sk = customer.c_customer_sk)", "Actual Startup Time": 50.277, "Actual Loops": 1}, {"Hash Buckets": 65536, "Startup Cost": 1587.0, "Plan Width": 7, "Plans": [{"Startup Cost": 0.0, "Plan Width": 7, "Actual Total Time": 8.452, "Node Type": "Seq Scan", "Total Cost": 1587.0, "Plan Rows": 50000, "Relation Name": "customer_address", "Alias": "customer_address", "Parallel Aware": false, "Actual Rows": 50000, "Parent Relationship": "Outer", "Actual Startup Time": 0.008, "Actual Loops": 1}], "Original Hash Buckets": 65536, "Hash Batches": 1, "Node Type": "Hash", "Total Cost": 1587.0, "Plan Rows": 50000, "Actual Total Time": 15.743, "Parallel Aware": false, "Actual Rows": 50000, "Parent Relationship": "Inner", "Peak Memory Usage": 2460, "Actual Startup Time": 15.743, "Original Hash Batches": 1, "Actual Loops": 1}], "Plan Rows": 9837, "Total Cost": 97768.21, "Node Type": "Hash Join", "Join Type": "Inner", "Actual Total Time": 802.509, "Parallel Aware": false, "Actual Rows": 276203, "Parent Relationship": "Outer", "Hash Cond": "(customer.c_current_addr_sk = customer_address.ca_address_sk)", "Actual Startup Time": 66.047, "Actual Loops": 1}, {"Hash Buckets": 65536, "Startup Cost": 41036.0, "Plan Width": 20, "Plans": [{"Startup Cost": 0.0, "Plan Width": 20, "Actual Total Time": 381.051, "Node Type": "Seq Scan", "Total Cost": 41036.0, "Plan Rows": 1920800, "Relation Name": "customer_demographics", "Alias": "customer_demographics", "Parallel Aware": false, "Actual Rows": 1920800, "Parent Relationship": "Outer", "Actual Startup Time": 0.007, "Actual Loops": 1}], "Original Hash Buckets": 65536, "Hash Batches": 32, "Node Type": "Hash", "Total Cost": 41036.0, "Plan Rows": 1920800, "Actual Total Time": 827.458, "Parallel Aware": false, "Actual Rows": 1920800, "Parent Relationship": "Inner", "Peak Memory Usage": 3581, "Actual Startup Time": 827.458, "Original Hash Batches": 32, "Actual Loops": 1}], "Plan Rows": 9837, "Total Cost": 185549.76, "Node Type": "Hash Join", "Join Type": "Inner", "Actual Total Time": 1915.589, "Parallel Aware": false, "Actual Rows": 306535474, "Parent Relationship": "Outer", "Hash Cond": "(customer.c_current_cdemo_sk = customer_demographics.cd_demo_sk)", "Actual Startup Time": 895.061, "Actual Loops": 1}], "Node Type": "Aggregate", "Total Cost": 185795.69, "Strategy": "Hashed", "Actual Total Time": 2032.501, "Plan Rows": 9837, "Parallel Aware": false, "Actual Rows": 173245, "Group Key": ["customer_address.ca_state", "customer_demographics.cd_gender", "customer_demographics.cd_marital_status", "customer_demographics.cd_dep_count", "customer_demographics.cd_dep_employed_count", "customer_demographics.cd_dep_college_count"], "Actual Startup Time": 2029.066, "Actual Loops": 1}, "Execution Time": 2033.38}]