[{"Triggers": [], "Planning Time": 0.687, "Plan": {"Partial Mode": "Simple", "Startup Cost": 126170.03, "Plan Width": 19, "Plans": [{"Startup Cost": 109893.07, "Plan Width": 19, "Plans": [{"Startup Cost": 107681.07, "Plan Width": 20, "Plans": [{"Startup Cost": 31380.07, "Plan Width": 8, "Plans": [{"Startup Cost": 0.0, "Plan Width": 12, "Actual Total Time": 9.137, "Node Type": "Seq Scan", "Total Cost": 3855.0, "Plan Rows": 100000, "Relation Name": "customer", "Alias": "customer", "Parallel Aware": false, "Actual Rows": 94736, "Parent Relationship": "Outer", "Actual Startup Time": 0.008, "Actual Loops": 1}, {"Hash Buckets": 131072, "Startup Cost": 31346.36, "Plan Width": 4, "Plans": [{"Startup Cost": 2504.16, "Plan Width": 4, "Plans": [{"Startup Cost": 0.0, "Plan Width": 8, "Actual Total Time": 91.945, "Node Type": "Seq Scan", "Total Cost": 26118.71, "Plan Rows": 719071, "Relation Name": "web_sales", "Alias": "web_sales", "Parallel Aware": false, "Actual Rows": 648065, "Parent Relationship": "Outer", "Actual Startup Time": 0.039, "Actual Loops": 1}, {"Hash Buckets": 1024, "Startup Cost": 2500.73, "Plan Width": 4, "Plans": [{"Relation Name": "date_dim", "Startup Cost": 0.0, "Plan Width": 4, "Actual Total Time": 17.028, "Node Type": "Seq Scan", "Total Cost": 2500.73, "Plan Rows": 274, "Filter": "((d_qoy < 4) AND (d_year = 2001))", "Alias": "date_dim", "Parallel Aware": false, "Actual Rows": 274, "Parent Relationship": "Outer", "Actual Startup Time": 11.09, "Rows Removed by Filter": 72775, "Actual Loops": 1}], "Original Hash Buckets": 1024, "Hash Batches": 1, "Node Type": "Hash", "Total Cost": 2500.73, "Plan Rows": 274, "Actual Total Time": 17.063, "Parallel Aware": false, "Actual Rows": 274, "Parent Relationship": "Inner", "Peak Memory Usage": 18, "Actual Startup Time": 17.063, "Original Hash Batches": 1, "Actual Loops": 1}], "Plan Rows": 2697, "Total Cost": 31346.36, "Node Type": "Hash Join", "Join Type": "Inner", "Actual Total Time": 178.223, "Parallel Aware": false, "Actual Rows": 74602, "Parent Relationship": "Outer", "Hash Cond": "(web_sales.ws_sold_date_sk = date_dim.d_date_sk)", "Actual Startup Time": 17.136, "Actual Loops": 1}], "Original Hash Buckets": 4096, "Hash Batches": 1, "Node Type": "Hash", "Total Cost": 31346.36, "Plan Rows": 2697, "Actual Total Time": 189.33, "Parallel Aware": false, "Actual Rows": 74602, "Parent Relationship": "Inner", "Peak Memory Usage": 3647, "Actual Startup Time": 189.33, "Original Hash Batches": 1, "Actual Loops": 1}], "Plan Rows": 2697, "Total Cost": 36262.04, "Node Type": "Hash Join", "Join Type": "Inner", "Actual Total Time": 223.649, "Parallel Aware": false, "Actual Rows": 74602, "Parent Relationship": "Outer", "Hash Cond": "(customer.c_customer_sk = web_sales.ws_bill_customer_sk)", "Actual Startup Time": 189.363, "Actual Loops": 1}, {"Hash Buckets": 65536, "Startup Cost": 41036.0, "Plan Width": 20, "Plans": [{"Startup Cost": 0.0, "Plan Width": 20, "Actual Total Time": 381.289, "Node Type": "Seq Scan", "Total Cost": 41036.0, "Plan Rows": 1920800, "Relation Name": "customer_demographics", "Alias": "customer_demographics", "Parallel Aware": false, "Actual Rows": 1920800, "Parent Relationship": "Outer", "Actual Startup Time": 0.013, "Actual Loops": 1}], "Original Hash Buckets": 65536, "Hash Batches": 32, "Node Type": "Hash", "Total Cost": 41036.0, "Plan Rows": 1920800, "Actual Total Time": 817.261, "Parallel Aware": false, "Actual Rows": 1920800, "Parent Relationship": "Inner", "Peak Memory Usage": 3581, "Actual Startup Time": 817.261, "Original Hash Batches": 32, "Actual Loops": 1}], "Plan Rows": 2697, "Total Cost": 123880.49, "Node Type": "Hash Join", "Join Type": "Inner", "Actual Total Time": 1240.361, "Parallel Aware": false, "Actual Rows": 74602, "Parent Relationship": "Outer", "Hash Cond": "(customer.c_current_cdemo_sk = customer_demographics.cd_demo_sk)", "Actual Startup Time": 1007.457, "Actual Loops": 1}, {"Hash Buckets": 65536, "Startup Cost": 1587.0, "Plan Width": 7, "Plans": [{"Startup Cost": 0.0, "Plan Width": 7, "Actual Total Time": 12.36, "Node Type": "Seq Scan", "Total Cost": 1587.0, "Plan Rows": 50000, "Relation Name": "customer_address", "Alias": "customer_address", "Parallel Aware": false, "Actual Rows": 50000, "Parent Relationship": "Outer", "Actual Startup Time": 0.006, "Actual Loops": 1}], "Original Hash Buckets": 65536, "Hash Batches": 1, "Node Type": "Hash", "Total Cost": 1587.0, "Plan Rows": 50000, "Actual Total Time": 23.173, "Parallel Aware": false, "Actual Rows": 50000, "Parent Relationship": "Inner", "Peak Memory Usage": 2460, "Actual Startup Time": 23.173, "Original Hash Batches": 1, "Actual Loops": 1}], "Plan Rows": 2697, "Total Cost": 126129.58, "Node Type": "Hash Join", "Join Type": "Inner", "Actual Total Time": 1282.166, "Parallel Aware": false, "Actual Rows": 80251129, "Parent Relationship": "Outer", "Hash Cond": "(customer.c_current_addr_sk = customer_address.ca_address_sk)", "Actual Startup Time": 1030.654, "Actual Loops": 1}], "Node Type": "Aggregate", "Total Cost": 126197.0, "Strategy": "Hashed", "Actual Total Time": 1314.23, "Plan Rows": 2697, "Parallel Aware": false, "Actual Rows": 170697, "Group Key": ["customer_address.ca_state", "customer_demographics.cd_gender", "customer_demographics.cd_marital_status", "customer_demographics.cd_dep_count", "customer_demographics.cd_dep_employed_count", "customer_demographics.cd_dep_college_count"], "Actual Startup Time": 1313.359, "Actual Loops": 1}, "Execution Time": 1314.493}]