[{"Triggers": [], "Planning Time": 1.881, "Plan": {"Partial Mode": "Simple", "Startup Cost": 93995.38, "Plan Width": 56, "Plans": [{"Startup Cost": 89301.78, "Plan Width": 56, "Plans": [{"Startup Cost": 0.0, "Plan Width": 56, "Actual Total Time": 10.348, "Node Type": "Seq Scan", "Total Cost": 3855.0, "Plan Rows": 100000, "Relation Name": "customer", "Alias": "customer", "Parallel Aware": false, "Actual Rows": 94736, "Parent Relationship": "Outer", "Actual Startup Time": 0.006, "Actual Loops": 1}, {"Hash Buckets": 131072, "Startup Cost": 89149.2, "Plan Width": 8, "Plans": [{"Startup Cost": 2504.98, "Plan Width": 8, "Plans": [{"Startup Cost": 0.0, "Plan Width": 8, "Actual Total Time": 307.764, "Node Type": "Seq Scan", "Total Cost": 76687.57, "Plan Rows": 2622557, "Relation Name": "store_sales", "Alias": "store_sales", "Parallel Aware": false, "Actual Rows": 2485280, "Parent Relationship": "Outer", "Actual Startup Time": 0.027, "Actual Loops": 1}, {"Hash Buckets": 1024, "Startup Cost": 2500.73, "Plan Width": 8, "Plans": [{"Relation Name": "date_dim", "Startup Cost": 0.0, "Plan Width": 8, "Actual Total Time": 9.552, "Node Type": "Seq Scan", "Total Cost": 2500.73, "Plan Rows": 340, "Filter": "((d_month_seq >= 1191) AND (d_month_seq <= 1202))", "Alias": "date_dim", "Parallel Aware": false, "Actual Rows": 366, "Parent Relationship": "Outer", "Actual Startup Time": 4.285, "Rows Removed by Filter": 72683, "Actual Loops": 1}], "Original Hash Buckets": 1024, "Hash Batches": 1, "Node Type": "Hash", "Total Cost": 2500.73, "Plan Rows": 340, "Actual Total Time": 9.605, "Parallel Aware": false, "Actual Rows": 366, "Parent Relationship": "Inner", "Peak Memory Usage": 23, "Actual Startup Time": 9.605, "Original Hash Batches": 1, "Actual Loops": 1}], "Plan Rows": 12206, "Total Cost": 89149.2, "Node Type": "Hash Join", "Join Type": "Inner", "Actual Total Time": 624.118, "Parallel Aware": false, "Actual Rows": 492322, "Parent Relationship": "Outer", "Hash Cond": "(store_sales.ss_sold_date_sk = date_dim.d_date_sk)", "Actual Startup Time": 9.646, "Actual Loops": 1}], "Original Hash Buckets": 16384, "Hash Batches": 8, "Node Type": "Hash", "Total Cost": 89149.2, "Plan Rows": 12206, "Actual Total Time": 716.879, "Parallel Aware": false, "Actual Rows": 492322, "Parent Relationship": "Inner", "Peak Memory Usage": 3392, "Actual Startup Time": 716.879, "Original Hash Batches": 1, "Actual Loops": 1}], "Plan Rows": 12206, "Total Cost": 93903.84, "Node Type": "Hash Join", "Join Type": "Inner", "Actual Total Time": 929.491, "Parallel Aware": false, "Actual Rows": 551740739, "Parent Relationship": "Outer", "Hash Cond": "(customer.c_customer_sk = store_sales.ss_customer_sk)", "Actual Startup Time": 716.994, "Actual Loops": 1}], "Node Type": "Aggregate", "Total Cost": 94117.44, "Strategy": "Hashed", "Actual Total Time": 1162.252, "Plan Rows": 12206, "Parallel Aware": false, "Actual Rows": 38410566, "Group Key": ["customer.c_last_name", "customer.c_first_name", "date_dim.d_date"], "Actual Startup Time": 1149.421, "Actual Loops": 1}, "Execution Time": 1163.908}]