[{"Triggers": [], "Planning Time": 0.185, "Plan": {"Partial Mode": "Simple", "Startup Cost": 64198.08, "Plan Width": 56, "Plans": [{"Startup Cost": 59851.81, "Plan Width": 56, "Plans": [{"Startup Cost": 0.0, "Plan Width": 56, "Actual Total Time": 9.891, "Node Type": "Seq Scan", "Total Cost": 3855.0, "Plan Rows": 100000, "Relation Name": "customer", "Alias": "customer", "Parallel Aware": false, "Actual Rows": 94736, "Parent Relationship": "Outer", "Actual Startup Time": 0.004, "Actual Loops": 1}, {"Hash Buckets": 131072, "Startup Cost": 59768.76, "Plan Width": 8, "Plans": [{"Startup Cost": 2504.98, "Plan Width": 8, "Plans": [{"Startup Cost": 0.0, "Plan Width": 8, "Actual Total Time": 190.033, "Node Type": "Seq Scan", "Total Cost": 51844.7, "Plan Rows": 1427370, "Relation Name": "catalog_sales", "Alias": "catalog_sales", "Parallel Aware": false, "Actual Rows": 1343425, "Parent Relationship": "Outer", "Actual Startup Time": 0.03, "Actual Loops": 1}, {"Hash Buckets": 1024, "Startup Cost": 2500.73, "Plan Width": 8, "Plans": [{"Relation Name": "date_dim", "Startup Cost": 0.0, "Plan Width": 8, "Actual Total Time": 8.683, "Node Type": "Seq Scan", "Total Cost": 2500.73, "Plan Rows": 340, "Filter": "((d_month_seq >= 1191) AND (d_month_seq <= 1202))", "Alias": "date_dim", "Parallel Aware": false, "Actual Rows": 366, "Parent Relationship": "Outer", "Actual Startup Time": 3.693, "Rows Removed by Filter": 72683, "Actual Loops": 1}], "Original Hash Buckets": 1024, "Hash Batches": 1, "Node Type": "Hash", "Total Cost": 2500.73, "Plan Rows": 340, "Actual Total Time": 8.737, "Parallel Aware": false, "Actual Rows": 366, "Parent Relationship": "Inner", "Peak Memory Usage": 23, "Actual Startup Time": 8.737, "Original Hash Batches": 1, "Actual Loops": 1}], "Plan Rows": 6644, "Total Cost": 59768.76, "Node Type": "Hash Join", "Join Type": "Inner", "Actual Total Time": 358.886, "Parallel Aware": false, "Actual Rows": 269406, "Parent Relationship": "Outer", "Hash Cond": "(catalog_sales.cs_sold_date_sk = date_dim.d_date_sk)", "Actual Startup Time": 76.965, "Actual Loops": 1}], "Original Hash Buckets": 8192, "Hash Batches": 4, "Node Type": "Hash", "Total Cost": 59768.76, "Plan Rows": 6644, "Actual Total Time": 407.636, "Parallel Aware": false, "Actual Rows": 269406, "Parent Relationship": "Inner", "Peak Memory Usage": 3646, "Actual Startup Time": 407.636, "Original Hash Batches": 1, "Actual Loops": 1}], "Plan Rows": 6644, "Total Cost": 64148.25, "Node Type": "Hash Join", "Join Type": "Inner", "Actual Total Time": 531.917, "Parallel Aware": false, "Actual Rows": 285872751, "Parent Relationship": "Outer", "Hash Cond": "(customer.c_customer_sk = catalog_sales.cs_bill_customer_sk)", "Actual Startup Time": 407.702, "Actual Loops": 1}], "Node Type": "Aggregate", "Total Cost": 64264.52, "Strategy": "Hashed", "Actual Total Time": 650.625, "Plan Rows": 6644, "Parallel Aware": false, "Actual Rows": 26601327, "Group Key": ["customer.c_last_name", "customer.c_first_name", "date_dim.d_date"], "Actual Startup Time": 644.613, "Actual Loops": 1}, "Execution Time": 651.622}]