[{"Triggers": [], "Planning Time": 0.207, "Plan": {"Partial Mode": "Simple", "Startup Cost": 35684.09, "Plan Width": 56, "Plans": [{"Startup Cost": 31395.52, "Plan Width": 56, "Plans": [{"Startup Cost": 0.0, "Plan Width": 56, "Actual Total Time": 11.077, "Node Type": "Seq Scan", "Total Cost": 3855.0, "Plan Rows": 100000, "Relation Name": "customer", "Alias": "customer", "Parallel Aware": false, "Actual Rows": 94736, "Parent Relationship": "Outer", "Actual Startup Time": 0.004, "Actual Loops": 1}, {"Hash Buckets": 131072, "Startup Cost": 31353.68, "Plan Width": 8, "Plans": [{"Startup Cost": 2504.98, "Plan Width": 8, "Plans": [{"Startup Cost": 0.0, "Plan Width": 8, "Actual Total Time": 95.373, "Node Type": "Seq Scan", "Total Cost": 26118.71, "Plan Rows": 719071, "Relation Name": "web_sales", "Alias": "web_sales", "Parallel Aware": false, "Actual Rows": 648065, "Parent Relationship": "Outer", "Actual Startup Time": 0.021, "Actual Loops": 1}, {"Hash Buckets": 1024, "Startup Cost": 2500.73, "Plan Width": 8, "Plans": [{"Relation Name": "date_dim", "Startup Cost": 0.0, "Plan Width": 8, "Actual Total Time": 8.774, "Node Type": "Seq Scan", "Total Cost": 2500.73, "Plan Rows": 340, "Filter": "((d_month_seq >= 1191) AND (d_month_seq <= 1202))", "Alias": "date_dim", "Parallel Aware": false, "Actual Rows": 366, "Parent Relationship": "Outer", "Actual Startup Time": 3.73, "Rows Removed by Filter": 72683, "Actual Loops": 1}], "Original Hash Buckets": 1024, "Hash Batches": 1, "Node Type": "Hash", "Total Cost": 2500.73, "Plan Rows": 340, "Actual Total Time": 8.818, "Parallel Aware": false, "Actual Rows": 366, "Parent Relationship": "Inner", "Peak Memory Usage": 23, "Actual Startup Time": 8.818, "Original Hash Batches": 1, "Actual Loops": 1}], "Plan Rows": 3347, "Total Cost": 31353.68, "Node Type": "Hash Join", "Join Type": "Inner", "Actual Total Time": 184.841, "Parallel Aware": false, "Actual Rows": 129588, "Parent Relationship": "Outer", "Hash Cond": "(web_sales.ws_sold_date_sk = date_dim.d_date_sk)", "Actual Startup Time": 8.848, "Actual Loops": 1}], "Original Hash Buckets": 4096, "Hash Batches": 2, "Node Type": "Hash", "Total Cost": 31353.68, "Plan Rows": 3347, "Actual Total Time": 206.419, "Parallel Aware": false, "Actual Rows": 129588, "Parent Relationship": "Inner", "Peak Memory Usage": 3564, "Actual Startup Time": 206.419, "Original Hash Batches": 1, "Actual Loops": 1}], "Plan Rows": 3347, "Total Cost": 35658.99, "Node Type": "Hash Join", "Join Type": "Inner", "Actual Total Time": 283.606, "Parallel Aware": false, "Actual Rows": 144489348, "Parent Relationship": "Outer", "Hash Cond": "(customer.c_customer_sk = web_sales.ws_bill_customer_sk)", "Actual Startup Time": 206.486, "Actual Loops": 1}], "Node Type": "Aggregate", "Total Cost": 35717.56, "Strategy": "Hashed", "Actual Total Time": 346.844, "Plan Rows": 3347, "Parallel Aware": false, "Actual Rows": 10875515, "Group Key": ["customer.c_last_name", "customer.c_first_name", "date_dim.d_date"], "Actual Startup Time": 345.104, "Actual Loops": 1}, "Execution Time": 347.279}]