[{"Triggers": [], "Planning Time": 0.366, "Plan": {"Partial Mode": "Simple", "Startup Cost": 64543.8, "Plan Width": 11, "Plans": [{"Startup Cost": 58101.78, "Rows Removed by Join Filter": 0, "Plans": [{"Startup Cost": 58101.78, "Plan Width": 4, "Plans": [{"Startup Cost": 0.0, "Plan Width": 8, "Actual Total Time": 0.004, "Node Type": "Seq Scan", "Total Cost": 3855.0, "Plan Rows": 100000, "Relation Name": "customer", "Alias": "customer", "Parallel Aware": false, "Actual Rows": 1, "Parent Relationship": "Outer", "Actual Startup Time": 0.004, "Actual Loops": 1}, {"Hash Buckets": 1024, "Startup Cost": 58101.77, "Plan Width": 4, "Plans": [{"Startup Cost": 0.0, "Rows Removed by Join Filter": 0, "Plans": [{"Relation Name": "catalog_sales", "Startup Cost": 0.0, "Plan Width": 8, "Actual Total Time": 453.519, "Node Type": "Seq Scan", "Total Cost": 55413.12, "Plan Rows": 136, "Filter": "(cs_sales_price > '500'::numeric)", "Alias": "catalog_sales", "Parallel Aware": false, "Actual Rows": 0, "Parent Relationship": "Outer", "Actual Startup Time": 453.519, "Rows Removed by Filter": 1343425, "Actual Loops": 1}, {"Startup Cost": 0.0, "Plan Width": 4, "Plans": [{"Relation Name": "date_dim", "Startup Cost": 0.0, "Plan Width": 4, "Actual Total Time": 0.0, "Node Type": "Seq Scan", "Total Cost": 2500.73, "Plan Rows": 92, "Filter": "((d_qoy = 2) AND (d_year = 1998))", "Alias": "date_dim", "Parallel Aware": false, "Actual Rows": 0, "Parent Relationship": "Outer", "Actual Startup Time": 0.0, "Rows Removed by Filter": 0, "Actual Loops": 0}], "Plan Rows": 92, "Total Cost": 2501.19, "Node Type": "Materialize", "Actual Total Time": 0.0, "Parallel Aware": false, "Actual Rows": 0, "Parent Relationship": "Inner", "Actual Startup Time": 0.0, "Actual Loops": 0}], "Plan Width": 4, "Node Type": "Nested Loop", "Total Cost": 58101.77, "Plan Rows": 1, "Join Type": "Inner", "Actual Total Time": 453.521, "Parallel Aware": false, "Actual Rows": 0, "Parent Relationship": "Outer", "Actual Startup Time": 453.521, "Join Filter": "(catalog_sales.cs_sold_date_sk = date_dim.d_date_sk)", "Actual Loops": 1}], "Original Hash Buckets": 1024, "Hash Batches": 1, "Node Type": "Hash", "Total Cost": 58101.77, "Plan Rows": 1, "Actual Total Time": 453.521, "Parallel Aware": false, "Actual Rows": 0, "Parent Relationship": "Inner", "Peak Memory Usage": 8, "Actual Startup Time": 453.521, "Original Hash Batches": 1, "Actual Loops": 1}], "Plan Rows": 1, "Total Cost": 62331.79, "Node Type": "Hash Join", "Join Type": "Inner", "Actual Total Time": 453.529, "Parallel Aware": false, "Actual Rows": 0, "Parent Relationship": "Outer", "Hash Cond": "(customer.c_customer_sk = catalog_sales.cs_bill_customer_sk)", "Actual Startup Time": 453.529, "Actual Loops": 1}, {"Startup Cost": 0.0, "Plan Width": 15, "Actual Total Time": 0.0, "Node Type": "Seq Scan", "Total Cost": 1587.0, "Plan Rows": 50000, "Relation Name": "customer_address", "Alias": "customer_address", "Parallel Aware": false, "Actual Rows": 0, "Parent Relationship": "Inner", "Actual Startup Time": 0.0, "Actual Loops": 0}], "Plan Width": 11, "Node Type": "Nested Loop", "Total Cost": 64543.79, "Plan Rows": 1, "Join Type": "Inner", "Actual Total Time": 453.529, "Parallel Aware": false, "Actual Rows": 0, "Parent Relationship": "Outer", "Actual Startup Time": 453.529, "Join Filter": "(customer.c_current_addr_sk = customer_address.ca_address_sk)", "Actual Loops": 1}], "Node Type": "Aggregate", "Total Cost": 64543.81, "Strategy": "Hashed", "Actual Total Time": 453.531, "Plan Rows": 1, "Parallel Aware": false, "Actual Rows": 0, "Group Key": ["customer_address.ca_zip"], "Actual Startup Time": 453.531, "Actual Loops": 1}, "Execution Time": 453.573}]