[{"Triggers": [], "Planning Time": 0.303, "Plan": {"Partial Mode": "Simple", "Startup Cost": 90503.95, "Plan Width": 59, "Plans": [{"Startup Cost": 3966.13, "Plan Width": 59, "Plans": [{"Startup Cost": 2501.12, "Plan Width": 8, "Plans": [{"Startup Cost": 0.0, "Plan Width": 8, "Actual Total Time": 299.484, "Node Type": "Seq Scan", "Total Cost": 76687.57, "Plan Rows": 2622557, "Relation Name": "store_sales", "Alias": "store_sales", "Parallel Aware": false, "Actual Rows": 2485280, "Parent Relationship": "Outer", "Actual Startup Time": 0.029, "Actual Loops": 1}, {"Hash Buckets": 1024, "Startup Cost": 2500.73, "Plan Width": 8, "Plans": [{"Relation Name": "date_dim", "Startup Cost": 0.0, "Plan Width": 8, "Actual Total Time": 11.312, "Node Type": "Seq Scan", "Total Cost": 2500.73, "Plan Rows": 31, "Filter": "((d_moy = 12) AND (d_year = 2000))", "Alias": "date_dim", "Parallel Aware": false, "Actual Rows": 31, "Parent Relationship": "Outer", "Actual Startup Time": 5.629, "Rows Removed by Filter": 73018, "Actual Loops": 1}], "Original Hash Buckets": 1024, "Hash Batches": 1, "Node Type": "Hash", "Total Cost": 2500.73, "Plan Rows": 31, "Actual Total Time": 11.323, "Parallel Aware": false, "Actual Rows": 31, "Parent Relationship": "Inner", "Peak Memory Usage": 10, "Actual Startup Time": 11.323, "Original Hash Batches": 1, "Actual Loops": 1}], "Plan Rows": 1113, "Total Cost": 89034.41, "Node Type": "Hash Join", "Join Type": "Inner", "Actual Total Time": 531.624, "Parallel Aware": false, "Actual Rows": 84160, "Parent Relationship": "Outer", "Hash Cond": "(store_sales.ss_sold_date_sk = date_dim.d_date_sk)", "Actual Startup Time": 11.593, "Actual Loops": 1}, {"Hash Buckets": 1024, "Startup Cost": 1461.0, "Plan Width": 59, "Plans": [{"Relation Name": "item", "Startup Cost": 0.0, "Plan Width": 59, "Actual Total Time": 5.09, "Node Type": "Seq Scan", "Total Cost": 1461.0, "Plan Rows": 321, "Filter": "(i_manager_id = 1)", "Alias": "item", "Parallel Aware": false, "Actual Rows": 321, "Parent Relationship": "Outer", "Actual Startup Time": 0.022, "Rows Removed by Filter": 17679, "Actual Loops": 1}], "Original Hash Buckets": 1024, "Hash Batches": 1, "Node Type": "Hash", "Total Cost": 1461.0, "Plan Rows": 321, "Actual Total Time": 5.153, "Parallel Aware": false, "Actual Rows": 321, "Parent Relationship": "Inner", "Peak Memory Usage": 37, "Actual Startup Time": 5.153, "Original Hash Batches": 1, "Actual Loops": 1}], "Plan Rows": 20, "Total Cost": 90503.8, "Node Type": "Hash Join", "Join Type": "Inner", "Actual Total Time": 546.373, "Parallel Aware": false, "Actual Rows": 1716395, "Parent Relationship": "Outer", "Hash Cond": "(store_sales.ss_item_sk = item.i_item_sk)", "Actual Startup Time": 16.751, "Actual Loops": 1}], "Node Type": "Aggregate", "Total Cost": 90504.15, "Strategy": "Hashed", "Actual Total Time": 547.854, "Plan Rows": 20, "Parallel Aware": false, "Actual Rows": 1050, "Group Key": ["date_dim.d_year", "item.i_brand", "item.i_brand_id"], "Actual Startup Time": 547.837, "Actual Loops": 1}, "Execution Time": 547.895}]