[{"Triggers": [], "Planning Time": 0.211, "Plan": {"Partial Mode": "Simple", "Startup Cost": 90502.92, "Plan Width": 59, "Plans": [{"Startup Cost": 3966.11, "Plan Width": 59, "Plans": [{"Startup Cost": 2501.1, "Plan Width": 8, "Plans": [{"Startup Cost": 0.0, "Plan Width": 8, "Actual Total Time": 297.887, "Node Type": "Seq Scan", "Total Cost": 76687.57, "Plan Rows": 2622557, "Relation Name": "store_sales", "Alias": "store_sales", "Parallel Aware": false, "Actual Rows": 2485280, "Parent Relationship": "Outer", "Actual Startup Time": 0.026, "Actual Loops": 1}, {"Hash Buckets": 1024, "Startup Cost": 2500.73, "Plan Width": 8, "Plans": [{"Relation Name": "date_dim", "Startup Cost": 0.0, "Plan Width": 8, "Actual Total Time": 9.892, "Node Type": "Seq Scan", "Total Cost": 2500.73, "Plan Rows": 29, "Filter": "((d_moy = 11) AND (d_year = 2001))", "Alias": "date_dim", "Parallel Aware": false, "Actual Rows": 30, "Parent Relationship": "Outer", "Actual Startup Time": 5.212, "Rows Removed by Filter": 73019, "Actual Loops": 1}], "Original Hash Buckets": 1024, "Hash Batches": 1, "Node Type": "Hash", "Total Cost": 2500.73, "Plan Rows": 29, "Actual Total Time": 9.899, "Parallel Aware": false, "Actual Rows": 30, "Parent Relationship": "Inner", "Peak Memory Usage": 10, "Actual Startup Time": 9.899, "Original Hash Batches": 1, "Actual Loops": 1}], "Plan Rows": 1041, "Total Cost": 89033.67, "Node Type": "Hash Join", "Join Type": "Inner", "Actual Total Time": 530.951, "Parallel Aware": false, "Actual Rows": 78285, "Parent Relationship": "Outer", "Hash Cond": "(store_sales.ss_sold_date_sk = date_dim.d_date_sk)", "Actual Startup Time": 10.129, "Actual Loops": 1}, {"Hash Buckets": 1024, "Startup Cost": 1461.0, "Plan Width": 59, "Plans": [{"Relation Name": "item", "Startup Cost": 0.0, "Plan Width": 59, "Actual Total Time": 5.19, "Node Type": "Seq Scan", "Total Cost": 1461.0, "Plan Rows": 321, "Filter": "(i_manager_id = 1)", "Alias": "item", "Parallel Aware": false, "Actual Rows": 321, "Parent Relationship": "Outer", "Actual Startup Time": 0.02, "Rows Removed by Filter": 17679, "Actual Loops": 1}], "Original Hash Buckets": 1024, "Hash Batches": 1, "Node Type": "Hash", "Total Cost": 1461.0, "Plan Rows": 321, "Actual Total Time": 5.307, "Parallel Aware": false, "Actual Rows": 321, "Parent Relationship": "Inner", "Peak Memory Usage": 37, "Actual Startup Time": 5.307, "Original Hash Batches": 1, "Actual Loops": 1}], "Plan Rows": 19, "Total Cost": 90502.77, "Node Type": "Hash Join", "Join Type": "Inner", "Actual Total Time": 545.637, "Parallel Aware": false, "Actual Rows": 1597544, "Parent Relationship": "Outer", "Hash Cond": "(store_sales.ss_item_sk = item.i_item_sk)", "Actual Startup Time": 15.443, "Actual Loops": 1}], "Node Type": "Aggregate", "Total Cost": 90503.11, "Strategy": "Hashed", "Actual Total Time": 546.916, "Plan Rows": 19, "Parallel Aware": false, "Actual Rows": 11, "Group Key": ["date_dim.d_year", "item.i_category_id", "item.i_category"], "Actual Startup Time": 546.914, "Actual Loops": 1}, "Execution Time": 546.95}]