[{"Triggers": [], "Planning Time": 0.198, "Plan": {"Partial Mode": "Simple", "Startup Cost": 89110.1, "Plan Width": 5, "Plans": [{"Startup Cost": 2503.13, "Plan Width": 5, "Plans": [{"Startup Cost": 2501.86, "Plan Width": 4, "Plans": [{"Startup Cost": 0.0, "Plan Width": 8, "Actual Total Time": 291.46, "Node Type": "Seq Scan", "Total Cost": 76687.57, "Plan Rows": 2622557, "Relation Name": "store_sales", "Alias": "store_sales", "Parallel Aware": false, "Actual Rows": 2485280, "Parent Relationship": "Outer", "Actual Startup Time": 0.034, "Actual Loops": 1}, {"Hash Buckets": 1024, "Startup Cost": 2500.73, "Plan Width": 4, "Plans": [{"Relation Name": "date_dim", "Startup Cost": 0.0, "Plan Width": 4, "Actual Total Time": 13.571, "Node Type": "Seq Scan", "Total Cost": 2500.73, "Plan Rows": 90, "Filter": "((d_qoy = 1) AND (d_year = 2001))", "Alias": "date_dim", "Parallel Aware": false, "Actual Rows": 91, "Parent Relationship": "Outer", "Actual Startup Time": 8.346, "Rows Removed by Filter": 72958, "Actual Loops": 1}], "Original Hash Buckets": 1024, "Hash Batches": 1, "Node Type": "Hash", "Total Cost": 2500.73, "Plan Rows": 90, "Actual Total Time": 13.602, "Parallel Aware": false, "Actual Rows": 91, "Parent Relationship": "Inner", "Peak Memory Usage": 12, "Actual Startup Time": 13.602, "Original Hash Batches": 1, "Actual Loops": 1}], "Plan Rows": 3231, "Total Cost": 89056.33, "Node Type": "Hash Join", "Join Type": "Inner", "Actual Total Time": 520.668, "Parallel Aware": false, "Actual Rows": 72556, "Parent Relationship": "Outer", "Hash Cond": "(store_sales.ss_sold_date_sk = date_dim.d_date_sk)", "Actual Startup Time": 13.672, "Actual Loops": 1}, {"Hash Buckets": 1024, "Startup Cost": 1.12, "Plan Width": 9, "Plans": [{"Startup Cost": 0.0, "Plan Width": 9, "Actual Total Time": 0.007, "Node Type": "Seq Scan", "Total Cost": 1.12, "Plan Rows": 12, "Relation Name": "store", "Alias": "store", "Parallel Aware": false, "Actual Rows": 12, "Parent Relationship": "Outer", "Actual Startup Time": 0.004, "Actual Loops": 1}], "Original Hash Buckets": 1024, "Hash Batches": 1, "Node Type": "Hash", "Total Cost": 1.12, "Plan Rows": 12, "Actual Total Time": 0.009, "Parallel Aware": false, "Actual Rows": 12, "Parent Relationship": "Inner", "Peak Memory Usage": 9, "Actual Startup Time": 0.009, "Original Hash Batches": 1, "Actual Loops": 1}], "Plan Rows": 3231, "Total Cost": 89102.03, "Node Type": "Hash Join", "Join Type": "Inner", "Actual Total Time": 536.348, "Parallel Aware": false, "Actual Rows": 80506952, "Parent Relationship": "Outer", "Hash Cond": "(store_sales.ss_store_sk = store.s_store_sk)", "Actual Startup Time": 13.685, "Actual Loops": 1}], "Node Type": "Aggregate", "Total Cost": 89110.18, "Strategy": "Hashed", "Actual Total Time": 550.198, "Plan Rows": 8, "Parallel Aware": false, "Actual Rows": 10, "Group Key": ["store.s_store_name"], "Actual Startup Time": 550.198, "Actual Loops": 1}, "Execution Time": 550.228}]