[{"Triggers": [], "Planning Time": 27.092, "Plan": {"Partial Mode": "Simple", "Startup Cost": 7090.39, "Plan Width": 11, "Plans": [{"Startup Cost": 2212.0, "Plan Width": 11, "Plans": [{"Relation Name": "customer", "Startup Cost": 0.0, "Plan Width": 4, "Actual Total Time": 20.972, "Node Type": "Seq Scan", "Total Cost": 4105.0, "Plan Rows": 47593, "Filter": "(c_preferred_cust_flag = 'Y'::bpchar)", "Alias": "customer", "Parallel Aware": false, "Actual Rows": 46069, "Parent Relationship": "Outer", "Actual Startup Time": 0.01, "Rows Removed by Filter": 48667, "Actual Loops": 1}, {"Hash Buckets": 65536, "Startup Cost": 1587.0, "Plan Width": 15, "Plans": [{"Startup Cost": 0.0, "Plan Width": 15, "Actual Total Time": 10.569, "Node Type": "Seq Scan", "Total Cost": 1587.0, "Plan Rows": 50000, "Relation Name": "customer_address", "Alias": "customer_address", "Parallel Aware": false, "Actual Rows": 50000, "Parent Relationship": "Outer", "Actual Startup Time": 0.005, "Actual Loops": 1}], "Original Hash Buckets": 65536, "Hash Batches": 1, "Node Type": "Hash", "Total Cost": 1587.0, "Plan Rows": 50000, "Actual Total Time": 20.415, "Parallel Aware": false, "Actual Rows": 50000, "Parent Relationship": "Inner", "Peak Memory Usage": 2838, "Actual Startup Time": 20.415, "Original Hash Batches": 1, "Actual Loops": 1}], "Plan Rows": 47593, "Total Cost": 6971.4, "Node Type": "Hash Join", "Join Type": "Inner", "Actual Total Time": 58.054, "Parallel Aware": false, "Actual Rows": 5675393, "Parent Relationship": "Outer", "Hash Cond": "(customer.c_current_addr_sk = customer_address.ca_address_sk)", "Actual Startup Time": 20.458, "Actual Loops": 1}], "Node Type": "Aggregate", "Total Cost": 7122.35, "Strategy": "Hashed", "Actual Total Time": 69.809, "Plan Rows": 3196, "Parallel Aware": false, "Actual Rows": 9146, "Group Key": ["customer_address.ca_zip"], "Actual Startup Time": 68.429, "Actual Loops": 1}, "Execution Time": 70.908}]