[{"Triggers": [], "Planning Time": 0.209, "Plan": {"Partial Mode": "Simple", "Startup Cost": 32873.97, "Plan Width": 227, "Plans": [{"Startup Cost": 4052.48, "Plan Width": 227, "Plans": [{"Startup Cost": 2501.12, "Plan Width": 4, "Plans": [{"Startup Cost": 0.0, "Plan Width": 8, "Actual Total Time": 98.125, "Node Type": "Seq Scan", "Total Cost": 26118.71, "Plan Rows": 719071, "Relation Name": "web_sales", "Alias": "web_sales", "Parallel Aware": false, "Actual Rows": 648065, "Parent Relationship": "Outer", "Actual Startup Time": 0.048, "Actual Loops": 1}, {"Hash Buckets": 1024, "Startup Cost": 2500.73, "Plan Width": 4, "Plans": [{"Relation Name": "date_dim", "Startup Cost": 0.0, "Plan Width": 4, "Actual Total Time": 18.407, "Node Type": "Seq Scan", "Total Cost": 2500.73, "Plan Rows": 31, "Filter": "((d_date >= '2002-04-01'::date) AND (d_date <= '2002-05-01'::date))", "Alias": "date_dim", "Parallel Aware": false, "Actual Rows": 31, "Parent Relationship": "Outer", "Actual Startup Time": 6.902, "Rows Removed by Filter": 73018, "Actual Loops": 1}], "Original Hash Buckets": 1024, "Hash Batches": 1, "Node Type": "Hash", "Total Cost": 2500.73, "Plan Rows": 31, "Actual Total Time": 18.419, "Parallel Aware": false, "Actual Rows": 31, "Parent Relationship": "Inner", "Peak Memory Usage": 10, "Actual Startup Time": 18.419, "Original Hash Batches": 1, "Actual Loops": 1}], "Plan Rows": 305, "Total Cost": 31319.4, "Node Type": "Hash Join", "Join Type": "Inner", "Actual Total Time": 176.565, "Parallel Aware": false, "Actual Rows": 6495, "Parent Relationship": "Outer", "Hash Cond": "(web_sales.ws_sold_date_sk = date_dim.d_date_sk)", "Actual Startup Time": 18.563, "Actual Loops": 1}, {"Hash Buckets": 8192, "Startup Cost": 1483.5, "Plan Width": 231, "Plans": [{"Relation Name": "item", "Startup Cost": 0.0, "Plan Width": 231, "Actual Total Time": 20.131, "Node Type": "Seq Scan", "Total Cost": 1483.5, "Plan Rows": 5429, "Filter": "(i_category = ANY ('{Children,Sports,Music}'::bpchar[]))", "Alias": "item", "Parallel Aware": false, "Actual Rows": 5429, "Parent Relationship": "Outer", "Actual Startup Time": 0.008, "Rows Removed by Filter": 12571, "Actual Loops": 1}], "Original Hash Buckets": 8192, "Hash Batches": 1, "Node Type": "Hash", "Total Cost": 1483.5, "Plan Rows": 5429, "Actual Total Time": 24.963, "Parallel Aware": false, "Actual Rows": 5429, "Parent Relationship": "Inner", "Peak Memory Usage": 1482, "Actual Startup Time": 24.963, "Original Hash Batches": 1, "Actual Loops": 1}], "Plan Rows": 92, "Total Cost": 32872.82, "Node Type": "Hash Join", "Join Type": "Inner", "Actual Total Time": 204.055, "Parallel Aware": false, "Actual Rows": 2133993, "Parent Relationship": "Outer", "Hash Cond": "(web_sales.ws_item_sk = item.i_item_sk)", "Actual Startup Time": 43.535, "Actual Loops": 1}], "Node Type": "Aggregate", "Total Cost": 32874.89, "Strategy": "Hashed", "Actual Total Time": 207.255, "Plan Rows": 92, "Parallel Aware": false, "Actual Rows": 45394, "Group Key": ["item.i_item_id", "item.i_item_desc", "item.i_category", "item.i_class", "item.i_current_price"], "Actual Startup Time": 206.937, "Actual Loops": 1}, "Execution Time": 207.356}]