[{"Triggers": [], "Planning Time": 0.36, "Plan": {"Partial Mode": "Simple", "Startup Cost": 91756.64, "Plan Width": 13, "Plans": [{"Startup Cost": 5172.36, "Plan Width": 13, "Plans": [{"Startup Cost": 2960.36, "Plan Width": 8, "Plans": [{"Startup Cost": 2959.06, "Plan Width": 12, "Plans": [{"Startup Cost": 2775.56, "Plan Width": 16, "Plans": [{"Startup Cost": 0.0, "Plan Width": 20, "Actual Total Time": 290.255, "Node Type": "Seq Scan", "Total Cost": 76687.57, "Plan Rows": 2622557, "Relation Name": "store_sales", "Alias": "store_sales", "Parallel Aware": false, "Actual Rows": 2485280, "Parent Relationship": "Outer", "Actual Startup Time": 0.028, "Actual Loops": 1}, {"Hash Buckets": 1024, "Startup Cost": 2774.67, "Plan Width": 4, "Plans": [{"Relation Name": "date_dim", "Startup Cost": 0.0, "Plan Width": 4, "Actual Total Time": 19.966, "Node Type": "Seq Scan", "Total Cost": 2774.67, "Plan Rows": 71, "Filter": "((d_dom >= 1) AND (d_dom <= 2) AND (d_year = ANY ('{1998,1999,2000}'::integer[])))", "Alias": "date_dim", "Parallel Aware": false, "Actual Rows": 72, "Parent Relationship": "Outer", "Actual Startup Time": 12.81, "Rows Removed by Filter": 72977, "Actual Loops": 1}], "Original Hash Buckets": 1024, "Hash Batches": 1, "Node Type": "Hash", "Total Cost": 2774.67, "Plan Rows": 71, "Actual Total Time": 19.998, "Parallel Aware": false, "Actual Rows": 72, "Parent Relationship": "Inner", "Peak Memory Usage": 11, "Actual Startup Time": 19.998, "Original Hash Batches": 1, "Actual Loops": 1}], "Plan Rows": 2549, "Total Cost": 89323.21, "Node Type": "Hash Join", "Join Type": "Inner", "Actual Total Time": 532.047, "Parallel Aware": false, "Actual Rows": 95483, "Parent Relationship": "Outer", "Hash Cond": "(store_sales.ss_sold_date_sk = date_dim.d_date_sk)", "Actual Startup Time": 20.088, "Actual Loops": 1}, {"Hash Buckets": 2048, "Startup Cost": 161.0, "Plan Width": 4, "Plans": [{"Relation Name": "household_demographics", "Startup Cost": 0.0, "Plan Width": 4, "Actual Total Time": 1.99, "Node Type": "Seq Scan", "Total Cost": 161.0, "Plan Rows": 1800, "Filter": "((hd_dep_count = 9) OR (hd_vehicle_count = 3))", "Alias": "household_demographics", "Parallel Aware": false, "Actual Rows": 1800, "Parent Relationship": "Outer", "Actual Startup Time": 0.216, "Rows Removed by Filter": 5400, "Actual Loops": 1}], "Original Hash Buckets": 2048, "Hash Batches": 1, "Node Type": "Hash", "Total Cost": 161.0, "Plan Rows": 1800, "Actual Total Time": 2.313, "Parallel Aware": false, "Actual Rows": 1800, "Parent Relationship": "Inner", "Peak Memory Usage": 80, "Actual Startup Time": 2.313, "Original Hash Batches": 1, "Actual Loops": 1}], "Plan Rows": 637, "Total Cost": 89522.63, "Node Type": "Hash Join", "Join Type": "Inner", "Actual Total Time": 546.829, "Parallel Aware": false, "Actual Rows": 23551, "Parent Relationship": "Outer", "Hash Cond": "(store_sales.ss_hdemo_sk = household_demographics.hd_demo_sk)", "Actual Startup Time": 22.782, "Actual Loops": 1}, {"Hash Buckets": 1024, "Startup Cost": 1.15, "Plan Width": 4, "Plans": [{"Relation Name": "store", "Startup Cost": 0.0, "Plan Width": 4, "Actual Total Time": 0.019, "Node Type": "Seq Scan", "Total Cost": 1.15, "Plan Rows": 12, "Filter": "((s_city)::text = ANY ('{Midway,Fairview}'::text[]))", "Alias": "store", "Parallel Aware": false, "Actual Rows": 12, "Parent Relationship": "Outer", "Actual Startup Time": 0.011, "Rows Removed by Filter": 0, "Actual Loops": 1}], "Original Hash Buckets": 1024, "Hash Batches": 1, "Node Type": "Hash", "Total Cost": 1.15, "Plan Rows": 12, "Actual Total Time": 0.021, "Parallel Aware": false, "Actual Rows": 12, "Parent Relationship": "Inner", "Peak Memory Usage": 9, "Actual Startup Time": 0.021, "Original Hash Batches": 1, "Actual Loops": 1}], "Plan Rows": 637, "Total Cost": 89532.69, "Node Type": "Hash Join", "Join Type": "Inner", "Actual Total Time": 552.06, "Parallel Aware": false, "Actual Rows": 23551, "Parent Relationship": "Outer", "Hash Cond": "(store_sales.ss_store_sk = store.s_store_sk)", "Actual Startup Time": 22.814, "Actual Loops": 1}, {"Hash Buckets": 65536, "Startup Cost": 1587.0, "Plan Width": 13, "Plans": [{"Startup Cost": 0.0, "Plan Width": 13, "Actual Total Time": 13.352, "Node Type": "Seq Scan", "Total Cost": 1587.0, "Plan Rows": 50000, "Relation Name": "customer_address", "Alias": "customer_address", "Parallel Aware": false, "Actual Rows": 50000, "Parent Relationship": "Outer", "Actual Startup Time": 0.005, "Actual Loops": 1}], "Original Hash Buckets": 65536, "Hash Batches": 1, "Node Type": "Hash", "Total Cost": 1587.0, "Plan Rows": 50000, "Actual Total Time": 26.949, "Parallel Aware": false, "Actual Rows": 50000, "Parent Relationship": "Inner", "Peak Memory Usage": 2807, "Actual Startup Time": 26.949, "Original Hash Batches": 1, "Actual Loops": 1}], "Plan Rows": 637, "Total Cost": 91753.45, "Node Type": "Hash Join", "Join Type": "Inner", "Actual Total Time": 585.124, "Parallel Aware": false, "Actual Rows": 1014288, "Parent Relationship": "Outer", "Hash Cond": "(store_sales.ss_addr_sk = customer_address.ca_address_sk)", "Actual Startup Time": 49.785, "Actual Loops": 1}], "Node Type": "Aggregate", "Total Cost": 91763.01, "Strategy": "Hashed", "Actual Total Time": 592.456, "Plan Rows": 637, "Parallel Aware": false, "Actual Rows": 97439, "Group Key": ["store_sales.ss_ticket_number", "customer_address.ca_city"], "Actual Startup Time": 592.188, "Actual Loops": 1}, "Execution Time": 592.571}]