[{"Triggers": [], "Planning Time": 34.871, "Plan": {"Partial Mode": "Simple", "Startup Cost": 60038.33, "Plan Width": 61, "Plans": [{"Startup Cost": 2508.06, "Plan Width": 61, "Plans": [{"Startup Cost": 2506.92, "Plan Width": 53, "Plans": [{"Startup Cost": 2505.47, "Plan Width": 26, "Plans": [{"Startup Cost": 2504.36, "Plan Width": 12, "Plans": [{"Startup Cost": 0.0, "Plan Width": 16, "Actual Total Time": 208.669, "Node Type": "Seq Scan", "Total Cost": 51844.7, "Plan Rows": 1427370, "Relation Name": "catalog_sales", "Alias": "catalog_sales", "Parallel Aware": false, "Actual Rows": 1343425, "Parent Relationship": "Outer", "Actual Startup Time": 0.048, "Actual Loops": 1}, {"Hash Buckets": 1024, "Startup Cost": 2500.73, "Plan Width": 4, "Plans": [{"Relation Name": "date_dim", "Startup Cost": 0.0, "Plan Width": 4, "Actual Total Time": 49.175, "Node Type": "Seq Scan", "Total Cost": 2500.73, "Plan Rows": 290, "Filter": "((d_month_seq >= 1183) AND (d_month_seq <= 1194))", "Alias": "date_dim", "Parallel Aware": false, "Actual Rows": 365, "Parent Relationship": "Outer", "Actual Startup Time": 17.258, "Rows Removed by Filter": 72684, "Actual Loops": 1}], "Original Hash Buckets": 1024, "Hash Batches": 1, "Node Type": "Hash", "Total Cost": 2500.73, "Plan Rows": 290, "Actual Total Time": 49.479, "Parallel Aware": false, "Actual Rows": 365, "Parent Relationship": "Inner", "Peak Memory Usage": 21, "Actual Startup Time": 49.479, "Original Hash Batches": 1, "Actual Loops": 1}], "Plan Rows": 5667, "Total Cost": 59758.37, "Node Type": "Hash Join", "Join Type": "Inner", "Actual Total Time": 457.865, "Parallel Aware": false, "Actual Rows": 267493, "Parent Relationship": "Outer", "Hash Cond": "(catalog_sales.cs_ship_date_sk = date_dim.d_date_sk)", "Actual Startup Time": 69.448, "Actual Loops": 1}, {"Hash Buckets": 1024, "Startup Cost": 1.05, "Plan Width": 22, "Plans": [{"Startup Cost": 0.0, "Plan Width": 22, "Actual Total Time": 0.006, "Node Type": "Seq Scan", "Total Cost": 1.05, "Plan Rows": 5, "Relation Name": "warehouse", "Alias": "warehouse", "Parallel Aware": false, "Actual Rows": 5, "Parent Relationship": "Outer", "Actual Startup Time": 0.005, "Actual Loops": 1}], "Original Hash Buckets": 1024, "Hash Batches": 1, "Node Type": "Hash", "Total Cost": 1.05, "Plan Rows": 5, "Actual Total Time": 0.012, "Parallel Aware": false, "Actual Rows": 5, "Parent Relationship": "Inner", "Peak Memory Usage": 9, "Actual Startup Time": 0.012, "Original Hash Batches": 1, "Actual Loops": 1}], "Plan Rows": 5667, "Total Cost": 59837.4, "Node Type": "Hash Join", "Join Type": "Inner", "Actual Total Time": 516.321, "Parallel Aware": false, "Actual Rows": 267484, "Parent Relationship": "Outer", "Hash Cond": "(catalog_sales.cs_warehouse_sk = warehouse.w_warehouse_sk)", "Actual Startup Time": 69.47, "Actual Loops": 1}, {"Hash Buckets": 1024, "Startup Cost": 1.2, "Plan Width": 35, "Plans": [{"Startup Cost": 0.0, "Plan Width": 35, "Actual Total Time": 0.017, "Node Type": "Seq Scan", "Total Cost": 1.2, "Plan Rows": 20, "Relation Name": "ship_mode", "Alias": "ship_mode", "Parallel Aware": false, "Actual Rows": 20, "Parent Relationship": "Outer", "Actual Startup Time": 0.009, "Actual Loops": 1}], "Original Hash Buckets": 1024, "Hash Batches": 1, "Node Type": "Hash", "Total Cost": 1.2, "Plan Rows": 20, "Actual Total Time": 0.027, "Parallel Aware": false, "Actual Rows": 20, "Parent Relationship": "Inner", "Peak Memory Usage": 10, "Actual Startup Time": 0.027, "Original Hash Batches": 1, "Actual Loops": 1}], "Plan Rows": 5667, "Total Cost": 59916.77, "Node Type": "Hash Join", "Join Type": "Inner", "Actual Total Time": 573.244, "Parallel Aware": false, "Actual Rows": 267478, "Parent Relationship": "Outer", "Hash Cond": "(catalog_sales.cs_ship_mode_sk = ship_mode.sm_ship_mode_sk)", "Actual Startup Time": 69.508, "Actual Loops": 1}, {"Hash Buckets": 1024, "Startup Cost": 1.06, "Plan Width": 16, "Plans": [{"Startup Cost": 0.0, "Plan Width": 16, "Actual Total Time": 0.025, "Node Type": "Seq Scan", "Total Cost": 1.06, "Plan Rows": 6, "Relation Name": "call_center", "Alias": "call_center", "Parallel Aware": false, "Actual Rows": 6, "Parent Relationship": "Outer", "Actual Startup Time": 0.019, "Actual Loops": 1}], "Original Hash Buckets": 1024, "Hash Batches": 1, "Node Type": "Hash", "Total Cost": 1.06, "Plan Rows": 6, "Actual Total Time": 0.037, "Parallel Aware": false, "Actual Rows": 6, "Parent Relationship": "Inner", "Peak Memory Usage": 9, "Actual Startup Time": 0.037, "Original Hash Batches": 1, "Actual Loops": 1}], "Plan Rows": 5667, "Total Cost": 59995.83, "Node Type": "Hash Join", "Join Type": "Inner", "Actual Total Time": 631.005, "Parallel Aware": false, "Actual Rows": 284966723, "Parent Relationship": "Outer", "Hash Cond": "(catalog_sales.cs_call_center_sk = call_center.cc_call_center_sk)", "Actual Startup Time": 69.56, "Actual Loops": 1}], "Node Type": "Aggregate", "Total Cost": 60039.05, "Strategy": "Hashed", "Actual Total Time": 747.261, "Plan Rows": 72, "Parallel Aware": false, "Actual Rows": 2394, "Group Key": ["warehouse.w_warehouse_name", "ship_mode.sm_type", "call_center.cc_name"], "Actual Startup Time": 747.25, "Actual Loops": 1}, "Execution Time": 747.398}]