[
  {
    "Plan": {
      "Node Type": "Aggregate",
      "Strategy": "Hashed",
      "Partial Mode": "Simple",
      "Parallel Aware": false,
      "Startup Cost": 119857.87,
      "Total Cost": 119857.98,
      "Plan Rows": 11,
      "Plan Width": 48,
      "Actual Startup Time": 631.376,
      "Actual Total Time": 631.419,
      "Actual Rows": 36832,
      "Actual Loops": 1,
      "Group Key": ["customer_address.ca_country", "customer_address.ca_state", "customer_address.ca_county"],
      "Plans": [
        {
          "Node Type": "Hash Join",
          "Parent Relationship": "Outer",
          "Parallel Aware": false,
          "Join Type": "Inner",
          "Startup Cost": 62558.52,
          "Total Cost": 119857.76,
          "Plan Rows": 11,
          "Plan Width": 48,
          "Actual Startup Time": 485.683,
          "Actual Total Time": 631.147,
          "Actual Rows": 378323,
          "Actual Loops": 1,
          "Hash Cond": "(catalog_sales.cs_bill_cdemo_sk = customer_demographics.cd_demo_sk)",
          "Plans": [
            {
              "Node Type": "Hash Join",
              "Parent Relationship": "Outer",
              "Parallel Aware": false,
              "Join Type": "Inner",
              "Startup Cost": 10227.51,
              "Total Cost": 67526.06,
              "Plan Rows": 155,
              "Plan Width": 52,
              "Actual Startup Time": 197.422,
              "Actual Total Time": 345.592,
              "Actual Rows": 5885,
              "Actual Loops": 1,
              "Hash Cond": "(catalog_sales.cs_item_sk = item.i_item_sk)",
              "Plans": [
                {
                  "Node Type": "Hash Join",
                  "Parent Relationship": "Outer",
                  "Parallel Aware": false,
                  "Join Type": "Inner",
                  "Startup Cost": 8586.51,
                  "Total Cost": 65882.93,
                  "Plan Rows": 155,
                  "Plan Width": 39,
                  "Actual Startup Time": 180.897,
                  "Actual Total Time": 326.739,
                  "Actual Rows": 5885,
                  "Actual Loops": 1,
                  "Hash Cond": "(catalog_sales.cs_bill_customer_sk = customer.c_customer_sk)",
                  "Plans": [
                    {
                      "Node Type": "Hash Join",
                      "Parent Relationship": "Outer",
                      "Parallel Aware": false,
                      "Join Type": "Inner",
                      "Startup Cost": 2322.65,
                      "Total Cost": 59590.92,
                      "Plan Rows": 7093,
                      "Plan Width": 12,
                      "Actual Startup Time": 136.011,
                      "Actual Total Time": 273.374,
                      "Actual Rows": 268715,
                      "Actual Loops": 1,
                      "Hash Cond": "(catalog_sales.cs_sold_date_sk = date_dim.d_date_sk)",
                      "Plans": [
                        {
                          "Node Type": "Seq Scan",
                          "Parent Relationship": "Outer",
                          "Parallel Aware": false,
                          "Relation Name": "catalog_sales",
                          "Alias": "catalog_sales",
                          "Startup Cost": 0.00,
                          "Total Cost": 51844.70,
                          "Plan Rows": 1427370,
                          "Plan Width": 16,
                          "Actual Startup Time": 0.016,
                          "Actual Total Time": 116.726,
                          "Actual Rows": 1343336,
                          "Actual Loops": 1
                        },
                        {
                          "Node Type": "Hash",
                          "Parent Relationship": "Inner",
                          "Parallel Aware": false,
                          "Startup Cost": 2318.11,
                          "Total Cost": 2318.11,
                          "Plan Rows": 363,
                          "Plan Width": 4,
                          "Actual Startup Time": 15.196,
                          "Actual Total Time": 15.196,
                          "Actual Rows": 365,
                          "Actual Loops": 1,
                          "Hash Buckets": 1024,
                          "Original Hash Buckets": 1024,
                          "Hash Batches": 1,
                          "Original Hash Batches": 1,
                          "Peak Memory Usage": 21,
                          "Plans": [
                            {
                              "Node Type": "Seq Scan",
                              "Parent Relationship": "Outer",
                              "Parallel Aware": false,
                              "Relation Name": "date_dim",
                              "Alias": "date_dim",
                              "Startup Cost": 0.00,
                              "Total Cost": 2318.11,
                              "Plan Rows": 363,
                              "Plan Width": 4,
                              "Actual Startup Time": 8.992,
                              "Actual Total Time": 15.127,
                              "Actual Rows": 365,
                              "Actual Loops": 1,
                              "Filter": "(d_year = 2001)",
                              "Rows Removed by Filter": 72684
                            }
                          ]
                        }
                      ]
                    },
                    {
                      "Node Type": "Hash",
                      "Parent Relationship": "Inner",
                      "Parallel Aware": false,
                      "Startup Cost": 6236.47,
                      "Total Cost": 6236.47,
                      "Plan Rows": 2191,
                      "Plan Width": 35,
                      "Actual Startup Time": 34.779,
                      "Actual Total Time": 34.780,
                      "Actual Rows": 2122,
                      "Actual Loops": 1,
                      "Hash Buckets": 4096,
                      "Original Hash Buckets": 4096,
                      "Hash Batches": 1,
                      "Original Hash Batches": 1,
                      "Peak Memory Usage": 172,
                      "Plans": [
                        {
                          "Node Type": "Hash Join",
                          "Parent Relationship": "Outer",
                          "Parallel Aware": false,
                          "Join Type": "Inner",
                          "Startup Cost": 1893.22,
                          "Total Cost": 6236.47,
                          "Plan Rows": 2191,
                          "Plan Width": 35,
                          "Actual Startup Time": 11.926,
                          "Actual Total Time": 34.239,
                          "Actual Rows": 2122,
                          "Actual Loops": 1,
                          "Hash Cond": "(customer.c_current_addr_sk = customer_address.ca_address_sk)",
                          "Plans": [
                            {
                              "Node Type": "Seq Scan",
                              "Parent Relationship": "Outer",
                              "Parallel Aware": false,
                              "Relation Name": "customer",
                              "Alias": "customer",
                              "Startup Cost": 0.00,
                              "Total Cost": 4230.00,
                              "Plan Rows": 24357,
                              "Plan Width": 8,
                              "Actual Startup Time": 0.009,
                              "Actual Total Time": 19.154,
                              "Actual Rows": 23777,
                              "Actual Loops": 1,
                              "Filter": "(c_birth_month = ANY ('{4,3,7}'::integer[]))",
                              "Rows Removed by Filter": 70959
                            },
                            {
                              "Node Type": "Hash",
                              "Parent Relationship": "Inner",
                              "Parallel Aware": false,
                              "Startup Cost": 1837.00,
                              "Total Cost": 1837.00,
                              "Plan Rows": 4498,
                              "Plan Width": 35,
                              "Actual Startup Time": 11.905,
                              "Actual Total Time": 11.905,
                              "Actual Rows": 4464,
                              "Actual Loops": 1,
                              "Hash Buckets": 8192,
                              "Original Hash Buckets": 8192,
                              "Hash Batches": 1,
                              "Original Hash Batches": 1,
                              "Peak Memory Usage": 365,
                              "Plans": [
                                {
                                  "Node Type": "Seq Scan",
                                  "Parent Relationship": "Outer",
                                  "Parallel Aware": false,
                                  "Relation Name": "customer_address",
                                  "Alias": "customer_address",
                                  "Startup Cost": 0.00,
                                  "Total Cost": 1837.00,
                                  "Plan Rows": 4498,
                                  "Plan Width": 35,
                                  "Actual Startup Time": 0.006,
                                  "Actual Total Time": 10.827,
                                  "Actual Rows": 4464,
                                  "Actual Loops": 1,
                                  "Filter": "(ca_state = ANY ('{MO,CO,OH,NM}'::bpchar[]))",
                                  "Rows Removed by Filter": 45536
                                }
                              ]
                            }
                          ]
                        }
                      ]
                    }
                  ]
                },
                {
                  "Node Type": "Hash",
                  "Parent Relationship": "Inner",
                  "Parallel Aware": false,
                  "Startup Cost": 1416.00,
                  "Total Cost": 1416.00,
                  "Plan Rows": 18000,
                  "Plan Width": 21,
                  "Actual Startup Time": 16.462,
                  "Actual Total Time": 16.462,
                  "Actual Rows": 18000,
                  "Actual Loops": 1,
                  "Hash Buckets": 32768,
                  "Original Hash Buckets": 32768,
                  "Hash Batches": 1,
                  "Original Hash Batches": 1,
                  "Peak Memory Usage": 1241,
                  "Plans": [
                    {
                      "Node Type": "Seq Scan",
                      "Parent Relationship": "Outer",
                      "Parallel Aware": false,
                      "Relation Name": "item",
                      "Alias": "item",
                      "Startup Cost": 0.00,
                      "Total Cost": 1416.00,
                      "Plan Rows": 18000,
                      "Plan Width": 21,
                      "Actual Startup Time": 0.010,
                      "Actual Total Time": 8.159,
                      "Actual Rows": 18000,
                      "Actual Loops": 1
                    }
                  ]
                }
              ]
            },
            {
              "Node Type": "Hash",
              "Parent Relationship": "Inner",
              "Parallel Aware": false,
              "Startup Cost": 50640.00,
              "Total Cost": 50640.00,
              "Plan Rows": 135281,
              "Plan Width": 4,
              "Actual Startup Time": 284.459,
              "Actual Total Time": 284.459,
              "Actual Rows": 137200,
              "Actual Loops": 1,
              "Hash Buckets": 262144,
              "Original Hash Buckets": 262144,
              "Hash Batches": 1,
              "Original Hash Batches": 1,
              "Peak Memory Usage": 6872,
              "Plans": [
                {
                  "Node Type": "Seq Scan",
                  "Parent Relationship": "Outer",
                  "Parallel Aware": false,
                  "Relation Name": "customer_demographics",
                  "Alias": "customer_demographics",
                  "Startup Cost": 0.00,
                  "Total Cost": 50640.00,
                  "Plan Rows": 135281,
                  "Plan Width": 4,
                  "Actual Startup Time": 0.014,
                  "Actual Total Time": 255.907,
                  "Actual Rows": 137200,
                  "Actual Loops": 1,
                  "Filter": "((cd_gender = 'F'::bpchar) AND (cd_education_status = '4 yr Degree'::bpchar))",
                  "Rows Removed by Filter": 1783600
                }
              ]
            }
          ]
        }
      ]
    },
    "Planning Time": 99.754,
    "Triggers": [
    ],
    "Execution Time": 631.582
  }
]
