[{"Triggers": [], "Planning Time": 0.243, "Plan": {"Partial Mode": "Simple", "Startup Cost": 89566.11, "Plan Width": 11, "Plans": [{"Startup Cost": 2832.8, "Plan Width": 11, "Plans": [{"Startup Cost": 2831.47, "Plan Width": 8, "Plans": [{"Startup Cost": 2593.97, "Plan Width": 12, "Plans": [{"Startup Cost": 0.0, "Plan Width": 16, "Actual Total Time": 301.548, "Node Type": "Seq Scan", "Total Cost": 76687.57, "Plan Rows": 2622557, "Relation Name": "store_sales", "Alias": "store_sales", "Parallel Aware": false, "Actual Rows": 2485280, "Parent Relationship": "Outer", "Actual Startup Time": 0.023, "Actual Loops": 1}, {"Hash Buckets": 1024, "Startup Cost": 2592.05, "Plan Width": 4, "Plans": [{"Relation Name": "date_dim", "Startup Cost": 0.0, "Plan Width": 4, "Actual Total Time": 13.445, "Node Type": "Seq Scan", "Total Cost": 2592.05, "Plan Rows": 154, "Filter": "((d_dow = 1) AND (d_year = ANY ('{1999,2000,2001}'::integer[])))", "Alias": "date_dim", "Parallel Aware": false, "Actual Rows": 157, "Parent Relationship": "Outer", "Actual Startup Time": 4.945, "Rows Removed by Filter": 72892, "Actual Loops": 1}], "Original Hash Buckets": 1024, "Hash Batches": 1, "Node Type": "Hash", "Total Cost": 2592.05, "Plan Rows": 154, "Actual Total Time": 13.47, "Parallel Aware": false, "Actual Rows": 157, "Parent Relationship": "Inner", "Peak Memory Usage": 14, "Actual Startup Time": 13.47, "Original Hash Batches": 1, "Actual Loops": 1}], "Plan Rows": 5529, "Total Cost": 89171.42, "Node Type": "Hash Join", "Join Type": "Inner", "Actual Total Time": 568.68, "Parallel Aware": false, "Actual Rows": 213065, "Parent Relationship": "Outer", "Hash Cond": "(store_sales.ss_sold_date_sk = date_dim.d_date_sk)", "Actual Startup Time": 13.605, "Actual Loops": 1}, {"Hash Buckets": 8192, "Startup Cost": 161.0, "Plan Width": 4, "Plans": [{"Relation Name": "household_demographics", "Startup Cost": 0.0, "Plan Width": 4, "Actual Total Time": 1.618, "Node Type": "Seq Scan", "Total Cost": 161.0, "Plan Rows": 6120, "Filter": "((hd_dep_count = 1) OR (hd_vehicle_count > '-1'::integer))", "Alias": "household_demographics", "Parallel Aware": false, "Actual Rows": 6120, "Parent Relationship": "Outer", "Actual Startup Time": 0.005, "Rows Removed by Filter": 1080, "Actual Loops": 1}], "Original Hash Buckets": 8192, "Hash Batches": 1, "Node Type": "Hash", "Total Cost": 161.0, "Plan Rows": 6120, "Actual Total Time": 2.419, "Parallel Aware": false, "Actual Rows": 6120, "Parent Relationship": "Inner", "Peak Memory Usage": 280, "Actual Startup Time": 2.419, "Original Hash Batches": 1, "Actual Loops": 1}], "Plan Rows": 4700, "Total Cost": 89476.65, "Node Type": "Hash Join", "Join Type": "Inner", "Actual Total Time": 616.849, "Parallel Aware": false, "Actual Rows": 181625, "Parent Relationship": "Outer", "Hash Cond": "(store_sales.ss_hdemo_sk = household_demographics.hd_demo_sk)", "Actual Startup Time": 16.03, "Actual Loops": 1}, {"Hash Buckets": 1024, "Startup Cost": 1.18, "Plan Width": 11, "Plans": [{"Relation Name": "store", "Startup Cost": 0.0, "Plan Width": 11, "Actual Total Time": 0.01, "Node Type": "Seq Scan", "Total Cost": 1.18, "Plan Rows": 12, "Filter": "((s_number_employees >= 200) AND (s_number_employees <= 295))", "Alias": "store", "Parallel Aware": false, "Actual Rows": 11, "Parent Relationship": "Outer", "Actual Startup Time": 0.006, "Rows Removed by Filter": 1, "Actual Loops": 1}], "Original Hash Buckets": 1024, "Hash Batches": 1, "Node Type": "Hash", "Total Cost": 1.18, "Plan Rows": 12, "Actual Total Time": 0.013, "Parallel Aware": false, "Actual Rows": 11, "Parent Relationship": "Inner", "Peak Memory Usage": 9, "Actual Startup Time": 0.013, "Original Hash Batches": 1, "Actual Loops": 1}], "Plan Rows": 4700, "Total Cost": 89542.61, "Node Type": "Hash Join", "Join Type": "Inner", "Actual Total Time": 652.846, "Parallel Aware": false, "Actual Rows": 306475316, "Parent Relationship": "Outer", "Hash Cond": "(store_sales.ss_store_sk = store.s_store_sk)", "Actual Startup Time": 16.061, "Actual Loops": 1}], "Node Type": "Aggregate", "Total Cost": 89613.11, "Strategy": "Hashed", "Actual Total Time": 697.16, "Plan Rows": 4700, "Parallel Aware": false, "Actual Rows": 119349576, "Group Key": ["store.s_city", "store_sales.ss_ticket_number"], "Actual Startup Time": 695.055, "Actual Loops": 1}, "Execution Time": 697.686}]