[{"Triggers": [], "Planning Time": 0.437, "Plan": {"Partial Mode": "Simple", "Startup Cost": 91727.82, "Plan Width": 8, "Plans": [{"Startup Cost": 5147.24, "Plan Width": 8, "Plans": [{"Startup Cost": 1911.36, "Plan Width": 8, "Plans": [{"Startup Cost": 0.0, "Plan Width": 8, "Actual Total Time": 298.916, "Node Type": "Seq Scan", "Total Cost": 76687.57, "Plan Rows": 2622557, "Relation Name": "store_sales", "Alias": "store_sales", "Parallel Aware": false, "Actual Rows": 2485280, "Parent Relationship": "Outer", "Actual Startup Time": 0.038, "Actual Loops": 1}, {"Hash Buckets": 1024, "Startup Cost": 1911.0, "Plan Width": 8, "Plans": [{"Relation Name": "item", "Startup Cost": 0.0, "Plan Width": 8, "Actual Total Time": 15.385, "Node Type": "Seq Scan", "Total Cost": 1911.0, "Plan Rows": 29, "Filter": "(((i_category = ANY ('{Books,Children,Electronics}'::bpchar[])) AND (i_class = ANY ('{personal,portable,reference,self-help}'::bpchar[])) AND (i_brand = ANY ('{\"scholaramalgamalg #14\",\"scholaramalgamalg #7\",\"exportiunivamalg #9\",\"scholaramalgamalg #9\"}'::bpchar[]))) OR ((i_category = ANY ('{Women,Music,Men}'::bpchar[])) AND (i_class = ANY ('{accessories,classical,fragrances,pants}'::bpchar[])) AND (i_brand = ANY ('{\"amalgimporto #1\",\"edu packscholar #1\",\"exportiimporto #1\",\"importoamalg #1\"}'::bpchar[]))))", "Alias": "item", "Parallel Aware": false, "Actual Rows": 934, "Parent Relationship": "Outer", "Actual Startup Time": 0.014, "Rows Removed by Filter": 17066, "Actual Loops": 1}], "Original Hash Buckets": 1024, "Hash Batches": 1, "Node Type": "Hash", "Total Cost": 1911.0, "Plan Rows": 29, "Actual Total Time": 15.561, "Parallel Aware": false, "Actual Rows": 934, "Parent Relationship": "Inner", "Peak Memory Usage": 45, "Actual Startup Time": 15.561, "Original Hash Batches": 1, "Actual Loops": 1}], "Plan Rows": 4225, "Total Cost": 88475.77, "Node Type": "Hash Join", "Join Type": "Inner", "Actual Total Time": 598.297, "Parallel Aware": false, "Actual Rows": 103729, "Parent Relationship": "Outer", "Hash Cond": "(store_sales.ss_item_sk = item.i_item_sk)", "Actual Startup Time": 15.611, "Actual Loops": 1}, {"Hash Buckets": 1024, "Startup Cost": 3231.23, "Plan Width": 8, "Plans": [{"Relation Name": "date_dim", "Startup Cost": 0.0, "Plan Width": 8, "Actual Total Time": 11.531, "Node Type": "Seq Scan", "Total Cost": 3231.23, "Plan Rows": 372, "Filter": "(d_month_seq = ANY ('{1195,1196,1197,1198,1199,1200,1201,1202,1203,1204,1205,1206}'::integer[]))", "Alias": "date_dim", "Parallel Aware": false, "Actual Rows": 366, "Parent Relationship": "Outer", "Actual Startup Time": 5.593, "Rows Removed by Filter": 72683, "Actual Loops": 1}], "Original Hash Buckets": 1024, "Hash Batches": 1, "Node Type": "Hash", "Total Cost": 3231.23, "Plan Rows": 372, "Actual Total Time": 11.569, "Parallel Aware": false, "Actual Rows": 366, "Parent Relationship": "Inner", "Peak Memory Usage": 23, "Actual Startup Time": 11.569, "Original Hash Batches": 1, "Actual Loops": 1}], "Plan Rows": 22, "Total Cost": 91727.71, "Node Type": "Hash Join", "Join Type": "Inner", "Actual Total Time": 626.49, "Parallel Aware": false, "Actual Rows": 31797016, "Parent Relationship": "Outer", "Hash Cond": "(store_sales.ss_sold_date_sk = date_dim.d_date_sk)", "Actual Startup Time": 27.202, "Actual Loops": 1}], "Node Type": "Aggregate", "Total Cost": 91728.04, "Strategy": "Hashed", "Actual Total Time": 638.206, "Plan Rows": 22, "Parallel Aware": false, "Actual Rows": 3895, "Group Key": ["item.i_manufact_id", "date_dim.d_qoy"], "Actual Startup Time": 638.079, "Actual Loops": 1}, "Execution Time": 638.28}]