[{"Execution Time": 534.281, "Planning Time": 0.268, "Plan": {"Partial Mode": "Simple", "Startup Cost": 92464.05, "Plans": [{"Startup Cost": 5926.4, "Plans": [{"Startup Cost": 3986.67, "Plans": [{"Startup Cost": 2501.12, "Plans": [{"Startup Cost": 0.0, "Actual Rows": 2485280, "Node Type": "Seq Scan", "Plan Rows": 2622557, "Relation Name": "store_sales", "Alias": "store_sales", "Parallel Aware": false, "Actual Total Time": 289.499, "Parent Relationship": "Outer", "Actual Startup Time": 0.042, "Plan Width": 12, "Actual Loops": 1, "Total Cost": 76687.57}, {"Hash Buckets": 1024, "Startup Cost": 2500.73, "Plans": [{"Filter": "((d_year = 1998) AND (d_moy = 1))", "Startup Cost": 0.0, "Actual Rows": 31, "Node Type": "Seq Scan", "Plan Rows": 31, "Relation Name": "date_dim", "Alias": "date_dim", "Parallel Aware": false, "Actual Total Time": 19.052, "Parent Relationship": "Outer", "Actual Startup Time": 9.689, "Plan Width": 4, "Actual Loops": 1, "Rows Removed by Filter": 73018, "Total Cost": 2500.73}], "Original Hash Buckets": 1024, "Hash Batches": 1, "Actual Rows": 31, "Node Type": "Hash", "Plan Rows": 31, "Actual Startup Time": 19.065, "Parallel Aware": false, "Actual Total Time": 19.065, "Parent Relationship": "Inner", "Peak Memory Usage": 10, "Plan Width": 4, "Actual Loops": 1, "Original Hash Batches": 1, "Total Cost": 2500.73}], "Actual Rows": 23705, "Node Type": "Hash Join", "Plan Rows": 1113, "Join Type": "Inner", "Parallel Aware": false, "Actual Total Time": 511.646, "Hash Cond": "(store_sales.ss_sold_date_sk = date_dim.d_date_sk)", "Parent Relationship": "Outer", "Actual Startup Time": 19.317, "Plan Width": 8, "Actual Loops": 1, "Total Cost": 89034.41}, {"Hash Buckets": 1024, "Startup Cost": 1483.5, "Plans": [{"Filter": "(i_color = ANY ('{almond,dodger,dim}'::bpchar[]))", "Startup Cost": 0.0, "Actual Rows": 164, "Node Type": "Seq Scan", "Plan Rows": 164, "Relation Name": "item", "Alias": "item", "Parallel Aware": false, "Actual Total Time": 6.486, "Parent Relationship": "Outer", "Actual Startup Time": 0.057, "Plan Width": 21, "Actual Loops": 1, "Rows Removed by Filter": 17836, "Total Cost": 1483.5}], "Original Hash Buckets": 1024, "Hash Batches": 1, "Actual Rows": 164, "Node Type": "Hash", "Plan Rows": 164, "Actual Startup Time": 6.537, "Parallel Aware": false, "Actual Total Time": 6.537, "Parent Relationship": "Inner", "Peak Memory Usage": 17, "Plan Width": 21, "Actual Loops": 1, "Original Hash Batches": 1, "Total Cost": 1483.5}], "Actual Rows": 193, "Node Type": "Hash Join", "Plan Rows": 10, "Join Type": "Inner", "Parallel Aware": false, "Actual Total Time": 520.938, "Hash Cond": "(store_sales.ss_item_sk = item.i_item_sk)", "Parent Relationship": "Outer", "Actual Startup Time": 26.286, "Plan Width": 21, "Actual Loops": 1, "Total Cost": 90524.24}, {"Hash Buckets": 32768, "Startup Cost": 1712.0, "Plans": [{"Filter": "(ca_gmt_offset = '-5'::numeric)", "Startup Cost": 0.0, "Actual Rows": 18246, "Node Type": "Seq Scan", "Plan Rows": 18218, "Relation Name": "customer_address", "Alias": "customer_address", "Parallel Aware": false, "Actual Total Time": 10.776, "Parent Relationship": "Outer", "Actual Startup Time": 0.006, "Plan Width": 4, "Actual Loops": 1, "Rows Removed by Filter": 31754, "Total Cost": 1712.0}], "Original Hash Buckets": 32768, "Hash Batches": 1, "Actual Rows": 18246, "Node Type": "Hash", "Plan Rows": 18218, "Actual Startup Time": 12.95, "Parallel Aware": false, "Actual Total Time": 12.95, "Parent Relationship": "Inner", "Peak Memory Usage": 898, "Plan Width": 4, "Actual Loops": 1, "Original Hash Batches": 1, "Total Cost": 1712.0}], "Actual Rows": 71612, "Node Type": "Hash Join", "Plan Rows": 4, "Join Type": "Inner", "Parallel Aware": false, "Actual Total Time": 534.044, "Hash Cond": "(store_sales.ss_addr_sk = customer_address.ca_address_sk)", "Parent Relationship": "Outer", "Actual Startup Time": 39.249, "Plan Width": 17, "Actual Loops": 1, "Total Cost": 92464.04}], "Actual Rows": 1152, "Node Type": "Aggregate", "Strategy": "Hashed", "Plan Rows": 4, "Parallel Aware": false, "Actual Total Time": 534.241, "Group Key": ["item.i_item_id"], "Actual Startup Time": 534.228, "Plan Width": 17, "Actual Loops": 1, "Total Cost": 92464.09}, "Triggers": []}]