[{"Execution Time": 542.144, "Planning Time": 0.289, "Plan": {"Partial Mode": "Simple", "Startup Cost": 90501.84, "Plans": [{"Startup Cost": 3964.22, "Plans": [{"Startup Cost": 2501.12, "Plans": [{"Startup Cost": 0.0, "Actual Rows": 2485280, "Node Type": "Seq Scan", "Plan Rows": 2622557, "Relation Name": "store_sales", "Alias": "store_sales", "Parallel Aware": false, "Actual Total Time": 292.37, "Parent Relationship": "Outer", "Actual Startup Time": 0.029, "Plan Width": 8, "Actual Loops": 1, "Total Cost": 76687.57}, {"Hash Buckets": 1024, "Startup Cost": 2500.73, "Plans": [{"Filter": "((d_moy = 12) AND (d_year = 2001))", "Startup Cost": 0.0, "Actual Rows": 31, "Node Type": "Seq Scan", "Plan Rows": 31, "Relation Name": "date_dim", "Alias": "date_dim", "Parallel Aware": false, "Actual Total Time": 19.234, "Parent Relationship": "Outer", "Actual Startup Time": 8.342, "Plan Width": 4, "Actual Loops": 1, "Rows Removed by Filter": 73018, "Total Cost": 2500.73}], "Original Hash Buckets": 1024, "Hash Batches": 1, "Actual Rows": 31, "Node Type": "Hash", "Plan Rows": 31, "Actual Startup Time": 19.249, "Parallel Aware": false, "Actual Total Time": 19.249, "Parent Relationship": "Inner", "Peak Memory Usage": 10, "Plan Width": 4, "Actual Loops": 1, "Original Hash Batches": 1, "Total Cost": 2500.73}], "Actual Rows": 84165, "Node Type": "Hash Join", "Plan Rows": 1113, "Join Type": "Inner", "Parallel Aware": false, "Actual Total Time": 526.718, "Hash Cond": "(store_sales.ss_sold_date_sk = date_dim.d_date_sk)", "Parent Relationship": "Outer", "Actual Startup Time": 19.397, "Plan Width": 4, "Actual Loops": 1, "Total Cost": 89034.41}, {"Hash Buckets": 1024, "Startup Cost": 1461.0, "Plans": [{"Filter": "(i_manager_id = 40)", "Startup Cost": 0.0, "Actual Rows": 168, "Node Type": "Seq Scan", "Plan Rows": 168, "Relation Name": "item", "Alias": "item", "Parallel Aware": false, "Actual Total Time": 5.989, "Parent Relationship": "Outer", "Actual Startup Time": 0.021, "Plan Width": 59, "Actual Loops": 1, "Rows Removed by Filter": 17832, "Total Cost": 1461.0}], "Original Hash Buckets": 1024, "Hash Batches": 1, "Actual Rows": 168, "Node Type": "Hash", "Plan Rows": 168, "Actual Startup Time": 6.043, "Parallel Aware": false, "Actual Total Time": 6.043, "Parent Relationship": "Inner", "Peak Memory Usage": 24, "Plan Width": 59, "Actual Loops": 1, "Original Hash Batches": 1, "Total Cost": 1461.0}], "Actual Rows": 881753, "Node Type": "Hash Join", "Plan Rows": 10, "Join Type": "Inner", "Parallel Aware": false, "Actual Total Time": 541.057, "Hash Cond": "(store_sales.ss_item_sk = item.i_item_sk)", "Parent Relationship": "Outer", "Actual Startup Time": 26.247, "Plan Width": 55, "Actual Loops": 1, "Total Cost": 90501.79}], "Actual Rows": 797, "Node Type": "Aggregate", "Strategy": "Hashed", "Plan Rows": 10, "Parallel Aware": false, "Actual Total Time": 542.094, "Group Key": ["item.i_brand", "item.i_brand_id"], "Actual Startup Time": 542.084, "Plan Width": 55, "Actual Loops": 1, "Total Cost": 90501.94}, "Triggers": []}]