[{"Execution Time": 562.636, "Planning Time": 0.487, "Plan": {"Partial Mode": "Simple", "Startup Cost": 89545.06, "Plans": [{"Startup Cost": 2974.22, "Plans": [{"Startup Cost": 2972.89, "Plans": [{"Startup Cost": 2775.56, "Plans": [{"Startup Cost": 0.0, "Actual Rows": 2485280, "Node Type": "Seq Scan", "Plan Rows": 2622557, "Relation Name": "store_sales", "Alias": "store_sales", "Parallel Aware": false, "Actual Total Time": 295.684, "Parent Relationship": "Outer", "Actual Startup Time": 0.041, "Plan Width": 16, "Actual Loops": 1, "Total Cost": 76687.57}, {"Hash Buckets": 1024, "Startup Cost": 2774.67, "Plans": [{"Filter": "((d_dom >= 1) AND (d_dom <= 2) AND (d_year = ANY ('{1998,1999,2000}'::integer[])))", "Startup Cost": 0.0, "Actual Rows": 72, "Node Type": "Seq Scan", "Plan Rows": 71, "Relation Name": "date_dim", "Alias": "date_dim", "Parallel Aware": false, "Actual Total Time": 14.856, "Parent Relationship": "Outer", "Actual Startup Time": 7.581, "Plan Width": 4, "Actual Loops": 1, "Rows Removed by Filter": 72977, "Total Cost": 2774.67}], "Original Hash Buckets": 1024, "Hash Batches": 1, "Actual Rows": 72, "Node Type": "Hash", "Plan Rows": 71, "Actual Startup Time": 14.882, "Parallel Aware": false, "Actual Total Time": 14.882, "Parent Relationship": "Inner", "Peak Memory Usage": 11, "Plan Width": 4, "Actual Loops": 1, "Original Hash Batches": 1, "Total Cost": 2774.67}], "Actual Rows": 95483, "Node Type": "Hash Join", "Plan Rows": 2549, "Join Type": "Inner", "Parallel Aware": false, "Actual Total Time": 537.07, "Hash Cond": "(store_sales.ss_sold_date_sk = date_dim.d_date_sk)", "Parent Relationship": "Outer", "Actual Startup Time": 14.989, "Plan Width": 12, "Actual Loops": 1, "Total Cost": 89323.21}, {"Hash Buckets": 2048, "Startup Cost": 179.0, "Plans": [{"Filter": "((hd_vehicle_count > 0) AND ((hd_buy_potential = 'gt10000'::bpchar) OR (hd_buy_potential = 'from5001to10000'::bpchar)))", "Startup Cost": 0.0, "Actual Rows": 1600, "Node Type": "Seq Scan", "Plan Rows": 1467, "Relation Name": "household_demographics", "Alias": "household_demographics", "Parallel Aware": false, "Actual Total Time": 3.049, "Parent Relationship": "Outer", "Actual Startup Time": 0.281, "Plan Width": 4, "Actual Loops": 1, "Rows Removed by Filter": 5600, "Total Cost": 179.0}], "Original Hash Buckets": 2048, "Hash Batches": 1, "Actual Rows": 1600, "Node Type": "Hash", "Plan Rows": 1467, "Actual Startup Time": 3.457, "Parallel Aware": false, "Actual Total Time": 3.457, "Parent Relationship": "Inner", "Peak Memory Usage": 73, "Plan Width": 4, "Actual Loops": 1, "Original Hash Batches": 1, "Total Cost": 179.0}], "Actual Rows": 21189, "Node Type": "Hash Join", "Plan Rows": 519, "Join Type": "Inner", "Parallel Aware": false, "Actual Total Time": 552.834, "Hash Cond": "(store_sales.ss_hdemo_sk = household_demographics.hd_demo_sk)", "Parent Relationship": "Outer", "Actual Startup Time": 19.134, "Plan Width": 8, "Actual Loops": 1, "Total Cost": 89535.29}, {"Hash Buckets": 1024, "Startup Cost": 1.18, "Plans": [{"Filter": "((s_county)::text = ANY ('{\"Williamson County\",\"Williamson County\",\"Williamson County\",\"Williamson County\"}'::text[]))", "Startup Cost": 0.0, "Actual Rows": 12, "Node Type": "Seq Scan", "Plan Rows": 12, "Relation Name": "store", "Alias": "store", "Parallel Aware": false, "Actual Total Time": 0.018, "Parent Relationship": "Outer", "Actual Startup Time": 0.012, "Plan Width": 4, "Actual Loops": 1, "Rows Removed by Filter": 0, "Total Cost": 1.18}], "Original Hash Buckets": 1024, "Hash Batches": 1, "Actual Rows": 12, "Node Type": "Hash", "Plan Rows": 12, "Actual Startup Time": 0.026, "Parallel Aware": false, "Actual Total Time": 0.026, "Parent Relationship": "Inner", "Peak Memory Usage": 9, "Plan Width": 4, "Actual Loops": 1, "Original Hash Batches": 1, "Total Cost": 1.18}], "Actual Rows": 1232213, "Node Type": "Hash Join", "Plan Rows": 519, "Join Type": "Inner", "Parallel Aware": false, "Actual Total Time": 557.61, "Hash Cond": "(store_sales.ss_store_sk = store.s_store_sk)", "Parent Relationship": "Outer", "Actual Startup Time": 19.166, "Plan Width": 4, "Actual Loops": 1, "Total Cost": 89543.76}], "Actual Rows": 152735, "Node Type": "Aggregate", "Strategy": "Hashed", "Plan Rows": 519, "Parallel Aware": false, "Actual Total Time": 562.521, "Group Key": ["store_sales.ss_ticket_number"], "Actual Startup Time": 562.297, "Plan Width": 4, "Actual Loops": 1, "Total Cost": 89550.25}, "Triggers": []}]