[{"Execution Time": 1115.73, "Planning Time": 0.174, "Plan": {"Partial Mode": "Simple", "Startup Cost": 93940.35, "Plans": [{"Startup Cost": 89270.61, "Plans": [{"Startup Cost": 0.0, "Actual Rows": 94736, "Node Type": "Seq Scan", "Plan Rows": 100000, "Relation Name": "customer", "Alias": "customer", "Parallel Aware": false, "Actual Total Time": 10.55, "Parent Relationship": "Outer", "Actual Startup Time": 0.004, "Plan Width": 56, "Actual Loops": 1, "Total Cost": 3855.0}, {"Hash Buckets": 131072, "Startup Cost": 89135.09, "Plans": [{"Startup Cost": 2504.51, "Plans": [{"Startup Cost": 0.0, "Actual Rows": 2485280, "Node Type": "Seq Scan", "Plan Rows": 2622557, "Relation Name": "store_sales", "Alias": "store_sales", "Parallel Aware": false, "Actual Total Time": 304.025, "Parent Relationship": "Outer", "Actual Startup Time": 0.019, "Plan Width": 8, "Actual Loops": 1, "Total Cost": 76687.57}, {"Hash Buckets": 1024, "Startup Cost": 2500.73, "Plans": [{"Filter": "((d_month_seq >= 1214) AND (d_month_seq <= 1225))", "Startup Cost": 0.0, "Actual Rows": 365, "Node Type": "Seq Scan", "Plan Rows": 302, "Relation Name": "date_dim", "Alias": "date_dim", "Parallel Aware": false, "Actual Total Time": 8.761, "Parent Relationship": "Outer", "Actual Startup Time": 3.858, "Plan Width": 8, "Actual Loops": 1, "Rows Removed by Filter": 72684, "Total Cost": 2500.73}], "Original Hash Buckets": 1024, "Hash Batches": 1, "Actual Rows": 365, "Node Type": "Hash", "Plan Rows": 302, "Actual Startup Time": 8.807, "Parallel Aware": false, "Actual Total Time": 8.807, "Parent Relationship": "Inner", "Peak Memory Usage": 23, "Plan Width": 8, "Actual Loops": 1, "Original Hash Batches": 1, "Total Cost": 2500.73}], "Actual Rows": 495555, "Node Type": "Hash Join", "Plan Rows": 10842, "Join Type": "Inner", "Parallel Aware": false, "Actual Total Time": 616.976, "Hash Cond": "(store_sales.ss_sold_date_sk = date_dim.d_date_sk)", "Parent Relationship": "Outer", "Actual Startup Time": 8.84, "Plan Width": 8, "Actual Loops": 1, "Total Cost": 89135.09}], "Original Hash Buckets": 16384, "Hash Batches": 8, "Actual Rows": 495555, "Node Type": "Hash", "Plan Rows": 10842, "Actual Startup Time": 709.359, "Parallel Aware": false, "Actual Total Time": 709.359, "Parent Relationship": "Inner", "Peak Memory Usage": 3431, "Plan Width": 8, "Actual Loops": 1, "Original Hash Batches": 1, "Total Cost": 89135.09}], "Actual Rows": 550200951, "Node Type": "Hash Join", "Plan Rows": 10842, "Join Type": "Inner", "Parallel Aware": false, "Actual Total Time": 898.77, "Hash Cond": "(customer.c_customer_sk = store_sales.ss_customer_sk)", "Parent Relationship": "Outer", "Actual Startup Time": 709.469, "Plan Width": 56, "Actual Loops": 1, "Total Cost": 93859.03}], "Actual Rows": 38296402, "Node Type": "Aggregate", "Strategy": "Hashed", "Plan Rows": 10842, "Parallel Aware": false, "Actual Total Time": 1113.398, "Group Key": ["customer.c_last_name", "customer.c_first_name", "date_dim.d_date"], "Actual Startup Time": 1097.516, "Plan Width": 56, "Actual Loops": 1, "Total Cost": 94048.77}, "Triggers": []}]