[{"Execution Time": 635.414, "Planning Time": 0.281, "Plan": {"Partial Mode": "Simple", "Startup Cost": 64167.89, "Plans": [{"Startup Cost": 59834.62, "Plans": [{"Startup Cost": 0.0, "Actual Rows": 94736, "Node Type": "Seq Scan", "Plan Rows": 100000, "Relation Name": "customer", "Alias": "customer", "Parallel Aware": false, "Actual Total Time": 10.225, "Parent Relationship": "Outer", "Actual Startup Time": 0.006, "Plan Width": 56, "Actual Loops": 1, "Total Cost": 3855.0}, {"Hash Buckets": 131072, "Startup Cost": 59760.86, "Plans": [{"Startup Cost": 2504.51, "Plans": [{"Startup Cost": 0.0, "Actual Rows": 1343425, "Node Type": "Seq Scan", "Plan Rows": 1427370, "Relation Name": "catalog_sales", "Alias": "catalog_sales", "Parallel Aware": false, "Actual Total Time": 183.103, "Parent Relationship": "Outer", "Actual Startup Time": 0.039, "Plan Width": 8, "Actual Loops": 1, "Total Cost": 51844.7}, {"Hash Buckets": 1024, "Startup Cost": 2500.73, "Plans": [{"Filter": "((d_month_seq >= 1214) AND (d_month_seq <= 1225))", "Startup Cost": 0.0, "Actual Rows": 365, "Node Type": "Seq Scan", "Plan Rows": 302, "Relation Name": "date_dim", "Alias": "date_dim", "Parallel Aware": false, "Actual Total Time": 14.126, "Parent Relationship": "Outer", "Actual Startup Time": 8.183, "Plan Width": 8, "Actual Loops": 1, "Rows Removed by Filter": 72684, "Total Cost": 2500.73}], "Original Hash Buckets": 1024, "Hash Batches": 1, "Actual Rows": 365, "Node Type": "Hash", "Plan Rows": 302, "Actual Startup Time": 14.223, "Parallel Aware": false, "Actual Total Time": 14.223, "Parent Relationship": "Inner", "Peak Memory Usage": 23, "Plan Width": 8, "Actual Loops": 1, "Original Hash Batches": 1, "Total Cost": 2500.73}], "Actual Rows": 268846, "Node Type": "Hash Join", "Plan Rows": 5901, "Join Type": "Inner", "Parallel Aware": false, "Actual Total Time": 348.824, "Hash Cond": "(catalog_sales.cs_sold_date_sk = date_dim.d_date_sk)", "Parent Relationship": "Outer", "Actual Startup Time": 169.604, "Plan Width": 8, "Actual Loops": 1, "Total Cost": 59760.86}], "Original Hash Buckets": 8192, "Hash Batches": 4, "Actual Rows": 268846, "Node Type": "Hash", "Plan Rows": 5901, "Actual Startup Time": 394.835, "Parallel Aware": false, "Actual Total Time": 394.835, "Parent Relationship": "Inner", "Peak Memory Usage": 3646, "Plan Width": 8, "Actual Loops": 1, "Original Hash Batches": 1, "Total Cost": 59760.86}], "Actual Rows": 285002842, "Node Type": "Hash Join", "Plan Rows": 5901, "Join Type": "Inner", "Parallel Aware": false, "Actual Total Time": 515.738, "Hash Cond": "(customer.c_customer_sk = catalog_sales.cs_bill_customer_sk)", "Parent Relationship": "Outer", "Actual Startup Time": 394.922, "Plan Width": 56, "Actual Loops": 1, "Total Cost": 64123.63}], "Actual Rows": 26522939, "Node Type": "Aggregate", "Strategy": "Hashed", "Plan Rows": 5901, "Parallel Aware": false, "Actual Total Time": 634.399, "Group Key": ["customer.c_last_name", "customer.c_first_name", "date_dim.d_date"], "Actual Startup Time": 628.413, "Plan Width": 56, "Actual Loops": 1, "Total Cost": 64226.9}, "Triggers": []}]