[{"Execution Time": 333.617, "Planning Time": 0.182, "Plan": {"Partial Mode": "Simple", "Startup Cost": 35668.66, "Plans": [{"Startup Cost": 31386.63, "Plans": [{"Startup Cost": 0.0, "Actual Rows": 94736, "Node Type": "Seq Scan", "Plan Rows": 100000, "Relation Name": "customer", "Alias": "customer", "Parallel Aware": false, "Actual Total Time": 10.301, "Parent Relationship": "Outer", "Actual Startup Time": 0.004, "Plan Width": 56, "Actual Loops": 1, "Total Cost": 3855.0}, {"Hash Buckets": 131072, "Startup Cost": 31349.47, "Plans": [{"Startup Cost": 2504.51, "Plans": [{"Startup Cost": 0.0, "Actual Rows": 648065, "Node Type": "Seq Scan", "Plan Rows": 719071, "Relation Name": "web_sales", "Alias": "web_sales", "Parallel Aware": false, "Actual Total Time": 91.503, "Parent Relationship": "Outer", "Actual Startup Time": 0.02, "Plan Width": 8, "Actual Loops": 1, "Total Cost": 26118.71}, {"Hash Buckets": 1024, "Startup Cost": 2500.73, "Plans": [{"Filter": "((d_month_seq >= 1214) AND (d_month_seq <= 1225))", "Startup Cost": 0.0, "Actual Rows": 365, "Node Type": "Seq Scan", "Plan Rows": 302, "Relation Name": "date_dim", "Alias": "date_dim", "Parallel Aware": false, "Actual Total Time": 8.833, "Parent Relationship": "Outer", "Actual Startup Time": 4.008, "Plan Width": 8, "Actual Loops": 1, "Rows Removed by Filter": 72684, "Total Cost": 2500.73}], "Original Hash Buckets": 1024, "Hash Batches": 1, "Actual Rows": 365, "Node Type": "Hash", "Plan Rows": 302, "Actual Startup Time": 8.876, "Parallel Aware": false, "Actual Total Time": 8.876, "Parent Relationship": "Inner", "Peak Memory Usage": 23, "Plan Width": 8, "Actual Loops": 1, "Original Hash Batches": 1, "Total Cost": 2500.73}], "Actual Rows": 132956, "Node Type": "Hash Join", "Plan Rows": 2973, "Join Type": "Inner", "Parallel Aware": false, "Actual Total Time": 180.521, "Hash Cond": "(web_sales.ws_sold_date_sk = date_dim.d_date_sk)", "Parent Relationship": "Outer", "Actual Startup Time": 8.936, "Plan Width": 8, "Actual Loops": 1, "Total Cost": 31349.47}], "Original Hash Buckets": 4096, "Hash Batches": 2, "Actual Rows": 132956, "Node Type": "Hash", "Plan Rows": 2973, "Actual Startup Time": 202.062, "Parallel Aware": false, "Actual Total Time": 202.062, "Parent Relationship": "Inner", "Peak Memory Usage": 3589, "Plan Width": 8, "Actual Loops": 1, "Original Hash Batches": 1, "Total Cost": 31349.47}], "Actual Rows": 144053185, "Node Type": "Hash Join", "Plan Rows": 2973, "Join Type": "Inner", "Parallel Aware": false, "Actual Total Time": 275.56, "Hash Cond": "(customer.c_customer_sk = web_sales.ws_bill_customer_sk)", "Parent Relationship": "Outer", "Actual Startup Time": 202.112, "Plan Width": 56, "Actual Loops": 1, "Total Cost": 35646.36}], "Actual Rows": 10779194, "Node Type": "Aggregate", "Strategy": "Hashed", "Plan Rows": 2973, "Parallel Aware": false, "Actual Total Time": 333.192, "Group Key": ["customer.c_last_name", "customer.c_first_name", "date_dim.d_date"], "Actual Startup Time": 331.435, "Plan Width": 56, "Actual Loops": 1, "Total Cost": 35698.39}, "Triggers": []}]