[{"Execution Time": 39.685, "Planning Time": 0.35, "Plan": {"Partial Mode": "Simple", "Startup Cost": 6439.07, "Plans": [{"Startup Cost": 4660.26, "Plans": [{"Startup Cost": 0.0, "Actual Rows": 50000, "Node Type": "Seq Scan", "Plan Rows": 50000, "Relation Name": "customer_address", "Alias": "customer_address", "Parallel Aware": false, "Actual Total Time": 3.965, "Parent Relationship": "Outer", "Actual Startup Time": 0.007, "Plan Width": 7, "Actual Loops": 1, "Total Cost": 1587.0}, {"Hash Buckets": 16384, "Startup Cost": 4655.8, "Plans": [{"Startup Cost": 2322.65, "Plans": [{"Startup Cost": 0.0, "Actual Rows": 67967, "Node Type": "Seq Scan", "Plan Rows": 71763, "Relation Name": "web_returns", "Alias": "web_returns", "Parallel Aware": false, "Actual Total Time": 5.806, "Parent Relationship": "Outer", "Actual Startup Time": 0.004, "Plan Width": 8, "Actual Loops": 1, "Total Cost": 2060.63}, {"Hash Buckets": 1024, "Startup Cost": 2318.11, "Plans": [{"Filter": "(d_year = 2000)", "Startup Cost": 0.0, "Actual Rows": 366, "Node Type": "Seq Scan", "Plan Rows": 363, "Relation Name": "date_dim", "Alias": "date_dim", "Parallel Aware": false, "Actual Total Time": 10.193, "Parent Relationship": "Outer", "Actual Startup Time": 5.067, "Plan Width": 4, "Actual Loops": 1, "Rows Removed by Filter": 72683, "Total Cost": 2318.11}], "Original Hash Buckets": 1024, "Hash Batches": 1, "Actual Rows": 366, "Node Type": "Hash", "Plan Rows": 363, "Actual Startup Time": 10.249, "Parallel Aware": false, "Actual Total Time": 10.249, "Parent Relationship": "Inner", "Peak Memory Usage": 21, "Plan Width": 4, "Actual Loops": 1, "Original Hash Batches": 1, "Total Cost": 2318.11}], "Actual Rows": 12892, "Node Type": "Hash Join", "Plan Rows": 357, "Join Type": "Inner", "Parallel Aware": false, "Actual Total Time": 24.475, "Hash Cond": "(web_returns.wr_returned_date_sk = date_dim.d_date_sk)", "Parent Relationship": "Outer", "Actual Startup Time": 10.259, "Plan Width": 4, "Actual Loops": 1, "Total Cost": 4655.8}], "Original Hash Buckets": 1024, "Hash Batches": 1, "Actual Rows": 12569, "Node Type": "Hash", "Plan Rows": 357, "Actual Startup Time": 26.115, "Parallel Aware": false, "Actual Total Time": 26.115, "Parent Relationship": "Inner", "Peak Memory Usage": 570, "Plan Width": 4, "Actual Loops": 1, "Original Hash Batches": 1, "Total Cost": 4655.8}], "Actual Rows": 17035258, "Node Type": "Hash Join", "Plan Rows": 357, "Join Type": "Inner", "Parallel Aware": false, "Actual Total Time": 37.606, "Hash Cond": "(customer_address.ca_address_sk = web_returns.wr_returning_addr_sk)", "Parent Relationship": "Outer", "Actual Startup Time": 26.13, "Plan Width": 3, "Actual Loops": 1, "Total Cost": 6438.17}], "Actual Rows": 51, "Node Type": "Aggregate", "Strategy": "Hashed", "Plan Rows": 51, "Parallel Aware": false, "Actual Total Time": 39.632, "Group Key": ["customer_address.ca_state"], "Actual Startup Time": 39.628, "Plan Width": 3, "Actual Loops": 1, "Total Cost": 6439.58}, "Triggers": []}]