[{"Execution Time": 555.59, "Planning Time": 0.236, "Plan": {"Partial Mode": "Simple", "Startup Cost": 93489.31, "Plans": [{"Startup Cost": 6951.47, "Plans": [{"Startup Cost": 3966.13, "Plans": [{"Startup Cost": 2501.12, "Plans": [{"Startup Cost": 0.0, "Actual Rows": 2485280, "Node Type": "Seq Scan", "Plan Rows": 2622557, "Relation Name": "store_sales", "Alias": "store_sales", "Parallel Aware": false, "Actual Total Time": 289.909, "Parent Relationship": "Outer", "Actual Startup Time": 0.028, "Plan Width": 12, "Actual Loops": 1, "Total Cost": 76687.57}, {"Hash Buckets": 1024, "Startup Cost": 2500.73, "Plans": [{"Filter": "((d_moy = 12) AND (d_year = 2002))", "Startup Cost": 0.0, "Actual Rows": 31, "Node Type": "Seq Scan", "Plan Rows": 31, "Relation Name": "date_dim", "Alias": "date_dim", "Parallel Aware": false, "Actual Total Time": 11.265, "Parent Relationship": "Outer", "Actual Startup Time": 5.816, "Plan Width": 4, "Actual Loops": 1, "Rows Removed by Filter": 73018, "Total Cost": 2500.73}], "Original Hash Buckets": 1024, "Hash Batches": 1, "Actual Rows": 31, "Node Type": "Hash", "Plan Rows": 31, "Actual Startup Time": 11.276, "Parallel Aware": false, "Actual Total Time": 11.276, "Parent Relationship": "Inner", "Peak Memory Usage": 10, "Plan Width": 4, "Actual Loops": 1, "Original Hash Batches": 1, "Total Cost": 2500.73}], "Actual Rows": 85047, "Node Type": "Hash Join", "Plan Rows": 1113, "Join Type": "Inner", "Parallel Aware": false, "Actual Total Time": 516.92, "Hash Cond": "(store_sales.ss_sold_date_sk = date_dim.d_date_sk)", "Parent Relationship": "Outer", "Actual Startup Time": 11.353, "Plan Width": 8, "Actual Loops": 1, "Total Cost": 89034.41}, {"Hash Buckets": 1024, "Startup Cost": 1461.0, "Plans": [{"Filter": "(i_manager_id = 1)", "Startup Cost": 0.0, "Actual Rows": 321, "Node Type": "Seq Scan", "Plan Rows": 321, "Relation Name": "item", "Alias": "item", "Parallel Aware": false, "Actual Total Time": 5.603, "Parent Relationship": "Outer", "Actual Startup Time": 0.027, "Plan Width": 59, "Actual Loops": 1, "Rows Removed by Filter": 17679, "Total Cost": 1461.0}], "Original Hash Buckets": 1024, "Hash Batches": 1, "Actual Rows": 321, "Node Type": "Hash", "Plan Rows": 321, "Actual Startup Time": 5.696, "Parallel Aware": false, "Actual Total Time": 5.696, "Parent Relationship": "Inner", "Peak Memory Usage": 37, "Plan Width": 59, "Actual Loops": 1, "Original Hash Batches": 1, "Total Cost": 1461.0}], "Actual Rows": 1546, "Node Type": "Hash Join", "Plan Rows": 20, "Join Type": "Inner", "Parallel Aware": false, "Actual Total Time": 531.988, "Hash Cond": "(store_sales.ss_item_sk = item.i_item_sk)", "Parent Relationship": "Outer", "Actual Startup Time": 18.186, "Plan Width": 59, "Actual Loops": 1, "Total Cost": 90503.8}, {"Hash Buckets": 32768, "Startup Cost": 2693.0, "Plans": [{"Filter": "((t_meal_time = 'breakfast'::bpchar) OR (t_meal_time = 'dinner'::bpchar))", "Startup Cost": 0.0, "Actual Rows": 25200, "Node Type": "Seq Scan", "Plan Rows": 23387, "Relation Name": "time_dim", "Alias": "time_dim", "Parallel Aware": false, "Actual Total Time": 16.553, "Parent Relationship": "Outer", "Actual Startup Time": 1.839, "Plan Width": 12, "Actual Loops": 1, "Rows Removed by Filter": 61200, "Total Cost": 2693.0}], "Original Hash Buckets": 32768, "Hash Batches": 1, "Actual Rows": 25200, "Node Type": "Hash", "Plan Rows": 23387, "Actual Startup Time": 21.703, "Parallel Aware": false, "Actual Total Time": 21.703, "Parent Relationship": "Inner", "Peak Memory Usage": 1339, "Plan Width": 12, "Actual Loops": 1, "Original Hash Batches": 1, "Total Cost": 2693.0}], "Actual Rows": 1212388, "Node Type": "Hash Join", "Plan Rows": 5, "Join Type": "Inner", "Parallel Aware": false, "Actual Total Time": 554.55, "Hash Cond": "(store_sales.ss_sold_time_sk = time_dim.t_time_sk)", "Parent Relationship": "Outer", "Actual Startup Time": 40.059, "Plan Width": 63, "Actual Loops": 1, "Total Cost": 93489.26}], "Actual Rows": 469515, "Node Type": "Aggregate", "Strategy": "Hashed", "Plan Rows": 5, "Parallel Aware": false, "Actual Total Time": 555.533, "Group Key": ["item.i_brand", "item.i_brand_id", "time_dim.t_hour", "time_dim.t_minute"], "Actual Startup Time": 555.443, "Plan Width": 63, "Actual Loops": 1, "Total Cost": 93489.36}, "Triggers": []}]