[{"Execution Time": 229.49, "Planning Time": 0.318, "Plan": {"Partial Mode": "Simple", "Startup Cost": 35557.79, "Plans": [{"Startup Cost": 31323.21, "Plans": [{"Startup Cost": 0.0, "Actual Rows": 94736, "Node Type": "Seq Scan", "Plan Rows": 100000, "Relation Name": "customer", "Alias": "customer", "Parallel Aware": false, "Actual Total Time": 9.936, "Parent Relationship": "Outer", "Actual Startup Time": 0.007, "Plan Width": 56, "Actual Loops": 1, "Total Cost": 3855.0}, {"Hash Buckets": 8192, "Startup Cost": 31319.4, "Plans": [{"Startup Cost": 2501.12, "Plans": [{"Startup Cost": 0.0, "Actual Rows": 648065, "Node Type": "Seq Scan", "Plan Rows": 719071, "Relation Name": "web_sales", "Alias": "web_sales", "Parallel Aware": false, "Actual Total Time": 115.295, "Parent Relationship": "Outer", "Actual Startup Time": 0.029, "Plan Width": 8, "Actual Loops": 1, "Total Cost": 26118.71}, {"Hash Buckets": 1024, "Startup Cost": 2500.73, "Plans": [{"Filter": "((d_year = 1999) AND (d_moy = 6))", "Startup Cost": 0.0, "Actual Rows": 30, "Node Type": "Seq Scan", "Plan Rows": 31, "Relation Name": "date_dim", "Alias": "date_dim", "Parallel Aware": false, "Actual Total Time": 18.999, "Parent Relationship": "Outer", "Actual Startup Time": 9.785, "Plan Width": 4, "Actual Loops": 1, "Rows Removed by Filter": 73019, "Total Cost": 2500.73}], "Original Hash Buckets": 1024, "Hash Batches": 1, "Actual Rows": 30, "Node Type": "Hash", "Plan Rows": 31, "Actual Startup Time": 19.01, "Parallel Aware": false, "Actual Total Time": 19.01, "Parent Relationship": "Inner", "Peak Memory Usage": 10, "Plan Width": 4, "Actual Loops": 1, "Original Hash Batches": 1, "Total Cost": 2500.73}], "Actual Rows": 6322, "Node Type": "Hash Join", "Plan Rows": 305, "Join Type": "Inner", "Parallel Aware": false, "Actual Total Time": 204.465, "Hash Cond": "(web_sales.ws_sold_date_sk = date_dim.d_date_sk)", "Parent Relationship": "Outer", "Actual Startup Time": 19.306, "Plan Width": 4, "Actual Loops": 1, "Total Cost": 31319.4}], "Original Hash Buckets": 1024, "Hash Batches": 1, "Actual Rows": 6322, "Node Type": "Hash", "Plan Rows": 305, "Actual Startup Time": 205.815, "Parallel Aware": false, "Actual Total Time": 205.815, "Parent Relationship": "Inner", "Peak Memory Usage": 287, "Plan Width": 4, "Actual Loops": 1, "Original Hash Batches": 1, "Total Cost": 31319.4}], "Actual Rows": 6831786, "Node Type": "Hash Join", "Plan Rows": 305, "Join Type": "Inner", "Parallel Aware": false, "Actual Total Time": 226.872, "Hash Cond": "(customer.c_customer_sk = web_sales.ws_bill_customer_sk)", "Parent Relationship": "Outer", "Actual Startup Time": 205.854, "Plan Width": 52, "Actual Loops": 1, "Total Cost": 35556.26}], "Actual Rows": 372046, "Node Type": "Aggregate", "Strategy": "Hashed", "Plan Rows": 305, "Parallel Aware": false, "Actual Total Time": 229.408, "Group Key": ["customer.c_last_name", "customer.c_first_name"], "Actual Startup Time": 229.336, "Plan Width": 52, "Actual Loops": 1, "Total Cost": 35560.84}, "Triggers": []}]