[{"Execution Time": 1726.109, "Planning Time": 0.197, "Plan": {"Partial Mode": "Simple", "Startup Cost": 91492.02, "Plans": [{"Startup Cost": 4150.86, "Plans": [{"Startup Cost": 2509.86, "Plans": [{"Startup Cost": 0.0, "Actual Rows": 2485280, "Node Type": "Seq Scan", "Plan Rows": 2622557, "Relation Name": "store_sales", "Alias": "store_sales", "Parallel Aware": false, "Actual Total Time": 333.709, "Parent Relationship": "Outer", "Actual Startup Time": 0.027, "Plan Width": 8, "Actual Loops": 1, "Total Cost": 76687.57}, {"Hash Buckets": 2048, "Startup Cost": 2500.73, "Plans": [{"Filter": "((d_year >= 1999) AND (d_year <= 2001))", "Startup Cost": 0.0, "Actual Rows": 1096, "Node Type": "Seq Scan", "Plan Rows": 730, "Relation Name": "date_dim", "Alias": "date_dim", "Parallel Aware": false, "Actual Total Time": 10.804, "Parent Relationship": "Outer", "Actual Startup Time": 4.469, "Plan Width": 4, "Actual Loops": 1, "Rows Removed by Filter": 71953, "Total Cost": 2500.73}], "Original Hash Buckets": 1024, "Hash Batches": 1, "Actual Rows": 1096, "Node Type": "Hash", "Plan Rows": 730, "Actual Startup Time": 10.96, "Parallel Aware": false, "Actual Total Time": 10.96, "Parent Relationship": "Inner", "Peak Memory Usage": 55, "Plan Width": 4, "Actual Loops": 1, "Original Hash Batches": 1, "Total Cost": 2500.73}], "Actual Rows": 1485806, "Node Type": "Hash Join", "Plan Rows": 26208, "Join Type": "Inner", "Parallel Aware": false, "Actual Total Time": 821.115, "Hash Cond": "(store_sales.ss_sold_date_sk = date_dim.d_date_sk)", "Parent Relationship": "Outer", "Actual Startup Time": 11.007, "Plan Width": 4, "Actual Loops": 1, "Total Cost": 89294.1}, {"Hash Buckets": 32768, "Startup Cost": 1416.0, "Plans": [{"Startup Cost": 0.0, "Actual Rows": 18000, "Node Type": "Seq Scan", "Plan Rows": 18000, "Relation Name": "item", "Alias": "item", "Parallel Aware": false, "Actual Total Time": 5.267, "Parent Relationship": "Outer", "Actual Startup Time": 0.004, "Plan Width": 16, "Actual Loops": 1, "Total Cost": 1416.0}], "Original Hash Buckets": 32768, "Hash Batches": 1, "Actual Rows": 18000, "Node Type": "Hash", "Plan Rows": 18000, "Actual Startup Time": 8.402, "Parallel Aware": false, "Actual Total Time": 8.402, "Parent Relationship": "Inner", "Peak Memory Usage": 1100, "Plan Width": 16, "Actual Loops": 1, "Original Hash Batches": 1, "Total Cost": 1416.0}], "Actual Rows": 2879987999, "Node Type": "Hash Join", "Plan Rows": 26208, "Join Type": "Inner", "Parallel Aware": false, "Actual Total Time": 1331.175, "Hash Cond": "(store_sales.ss_item_sk = item.i_item_sk)", "Parent Relationship": "Outer", "Actual Startup Time": 19.426, "Plan Width": 12, "Actual Loops": 1, "Total Cost": 91295.46}], "Actual Rows": 1779837127, "Node Type": "Aggregate", "Strategy": "Hashed", "Plan Rows": 1800, "Parallel Aware": false, "Actual Total Time": 1725.955, "Group Key": ["item.i_brand_id", "item.i_class_id", "item.i_category_id"], "Actual Startup Time": 1725.572, "Plan Width": 12, "Actual Loops": 1, "Total Cost": 91510.02}, "Triggers": []}]