[{"Execution Time": 1062.29, "Planning Time": 0.17, "Plan": {"Partial Mode": "Simple", "Startup Cost": 61793.95, "Plans": [{"Startup Cost": 4150.86, "Plans": [{"Startup Cost": 2509.86, "Plans": [{"Startup Cost": 0.0, "Actual Rows": 1343425, "Node Type": "Seq Scan", "Plan Rows": 1427370, "Relation Name": "catalog_sales", "Alias": "catalog_sales", "Parallel Aware": false, "Actual Total Time": 214.274, "Parent Relationship": "Outer", "Actual Startup Time": 0.031, "Plan Width": 8, "Actual Loops": 1, "Total Cost": 51844.7}, {"Hash Buckets": 2048, "Startup Cost": 2500.73, "Plans": [{"Filter": "((d_year >= 1999) AND (d_year <= 2001))", "Startup Cost": 0.0, "Actual Rows": 1096, "Node Type": "Seq Scan", "Plan Rows": 730, "Relation Name": "date_dim", "Alias": "date_dim", "Parallel Aware": false, "Actual Total Time": 9.99, "Parent Relationship": "Outer", "Actual Startup Time": 4.426, "Plan Width": 4, "Actual Loops": 1, "Rows Removed by Filter": 71953, "Total Cost": 2500.73}], "Original Hash Buckets": 1024, "Hash Batches": 1, "Actual Rows": 1096, "Node Type": "Hash", "Plan Rows": 730, "Actual Startup Time": 10.107, "Parallel Aware": false, "Actual Total Time": 10.107, "Parent Relationship": "Inner", "Peak Memory Usage": 55, "Plan Width": 4, "Actual Loops": 1, "Original Hash Batches": 1, "Total Cost": 2500.73}], "Actual Rows": 805817, "Node Type": "Hash Join", "Plan Rows": 14264, "Join Type": "Inner", "Parallel Aware": false, "Actual Total Time": 535.912, "Hash Cond": "(catalog_sales.cs_sold_date_sk = date_dim.d_date_sk)", "Parent Relationship": "Outer", "Actual Startup Time": 50.012, "Plan Width": 4, "Actual Loops": 1, "Total Cost": 59849.84}, {"Hash Buckets": 32768, "Startup Cost": 1416.0, "Plans": [{"Startup Cost": 0.0, "Actual Rows": 18000, "Node Type": "Seq Scan", "Plan Rows": 18000, "Relation Name": "item", "Alias": "item", "Parallel Aware": false, "Actual Total Time": 4.611, "Parent Relationship": "Outer", "Actual Startup Time": 0.005, "Plan Width": 16, "Actual Loops": 1, "Total Cost": 1416.0}], "Original Hash Buckets": 32768, "Hash Batches": 1, "Actual Rows": 18000, "Node Type": "Hash", "Plan Rows": 18000, "Actual Startup Time": 7.049, "Parallel Aware": false, "Actual Total Time": 7.049, "Parent Relationship": "Inner", "Peak Memory Usage": 1100, "Plan Width": 16, "Actual Loops": 1, "Original Hash Batches": 1, "Total Cost": 1416.0}], "Actual Rows": 856554809, "Node Type": "Hash Join", "Plan Rows": 14264, "Join Type": "Inner", "Parallel Aware": false, "Actual Total Time": 833.294, "Hash Cond": "(catalog_sales.cs_item_sk = item.i_item_sk)", "Parent Relationship": "Outer", "Actual Startup Time": 57.075, "Plan Width": 12, "Actual Loops": 1, "Total Cost": 61686.97}], "Actual Rows": 21482, "Node Type": "Aggregate", "Strategy": "Hashed", "Plan Rows": 1800, "Parallel Aware": false, "Actual Total Time": 1062.141, "Group Key": ["item.i_brand_id", "item.i_class_id", "item.i_category_id"], "Actual Startup Time": 1061.654, "Plan Width": 12, "Actual Loops": 1, "Total Cost": 61811.95}, "Triggers": []}]