[{"Execution Time": 362.912, "Planning Time": 0.196, "Plan": {"Partial Mode": "Simple", "Startup Cost": 61357.15, "Plans": [{"Startup Cost": 4142.1, "Plans": [{"Startup Cost": 2501.1, "Plans": [{"Startup Cost": 0.0, "Actual Rows": 1343425, "Node Type": "Seq Scan", "Plan Rows": 1427370, "Relation Name": "catalog_sales", "Alias": "catalog_sales", "Parallel Aware": false, "Actual Total Time": 193.653, "Parent Relationship": "Outer", "Actual Startup Time": 0.029, "Plan Width": 8, "Actual Loops": 1, "Total Cost": 51844.7}, {"Hash Buckets": 1024, "Startup Cost": 2500.73, "Plans": [{"Filter": "((d_year = 2002) AND (d_moy = 11))", "Startup Cost": 0.0, "Actual Rows": 30, "Node Type": "Seq Scan", "Plan Rows": 29, "Relation Name": "date_dim", "Alias": "date_dim", "Parallel Aware": false, "Actual Total Time": 9.733, "Parent Relationship": "Outer", "Actual Startup Time": 5.318, "Plan Width": 4, "Actual Loops": 1, "Rows Removed by Filter": 73019, "Total Cost": 2500.73}], "Original Hash Buckets": 1024, "Hash Batches": 1, "Actual Rows": 30, "Node Type": "Hash", "Plan Rows": 29, "Actual Startup Time": 9.743, "Parallel Aware": false, "Actual Total Time": 9.743, "Parent Relationship": "Inner", "Peak Memory Usage": 10, "Plan Width": 4, "Actual Loops": 1, "Original Hash Batches": 1, "Total Cost": 2500.73}], "Actual Rows": 43665, "Node Type": "Hash Join", "Plan Rows": 567, "Join Type": "Inner", "Parallel Aware": false, "Actual Total Time": 327.746, "Hash Cond": "(catalog_sales.cs_sold_date_sk = date_dim.d_date_sk)", "Parent Relationship": "Outer", "Actual Startup Time": 288.196, "Plan Width": 4, "Actual Loops": 1, "Total Cost": 59704.1}, {"Hash Buckets": 32768, "Startup Cost": 1416.0, "Plans": [{"Startup Cost": 0.0, "Actual Rows": 18000, "Node Type": "Seq Scan", "Plan Rows": 18000, "Relation Name": "item", "Alias": "item", "Parallel Aware": false, "Actual Total Time": 5.219, "Parent Relationship": "Outer", "Actual Startup Time": 0.006, "Plan Width": 16, "Actual Loops": 1, "Total Cost": 1416.0}], "Original Hash Buckets": 32768, "Hash Batches": 1, "Actual Rows": 18000, "Node Type": "Hash", "Plan Rows": 18000, "Actual Startup Time": 8.308, "Parallel Aware": false, "Actual Total Time": 8.308, "Parent Relationship": "Inner", "Peak Memory Usage": 1100, "Plan Width": 16, "Actual Loops": 1, "Original Hash Batches": 1, "Total Cost": 1416.0}], "Actual Rows": 46390142, "Node Type": "Hash Join", "Plan Rows": 567, "Join Type": "Inner", "Parallel Aware": false, "Actual Total Time": 350.518, "Hash Cond": "(catalog_sales.cs_item_sk = item.i_item_sk)", "Parent Relationship": "Outer", "Actual Startup Time": 296.519, "Plan Width": 12, "Actual Loops": 1, "Total Cost": 61352.9}], "Actual Rows": 27951, "Node Type": "Aggregate", "Strategy": "Hashed", "Plan Rows": 567, "Parallel Aware": false, "Actual Total Time": 362.72, "Group Key": ["item.i_brand_id", "item.i_class_id", "item.i_category_id"], "Actual Startup Time": 362.206, "Plan Width": 12, "Actual Loops": 1, "Total Cost": 61362.82}, "Triggers": []}]