[{"Triggers": [], "Planning Time": 0.171, "Plan": {"Partial Mode": "Simple", "Startup Cost": 32966.23, "Plan Width": 12, "Plans": [{"Startup Cost": 4142.1, "Plan Width": 12, "Plans": [{"Startup Cost": 2501.1, "Plan Width": 4, "Plans": [{"Startup Cost": 0.0, "Plan Width": 8, "Actual Total Time": 96.27, "Node Type": "Seq Scan", "Total Cost": 26118.71, "Plan Rows": 719071, "Relation Name": "web_sales", "Alias": "web_sales", "Parallel Aware": false, "Actual Rows": 648065, "Parent Relationship": "Outer", "Actual Startup Time": 0.03, "Actual Loops": 1}, {"Hash Buckets": 1024, "Startup Cost": 2500.73, "Plan Width": 4, "Plans": [{"Relation Name": "date_dim", "Startup Cost": 0.0, "Plan Width": 4, "Actual Total Time": 8.909, "Node Type": "Seq Scan", "Total Cost": 2500.73, "Plan Rows": 29, "Filter": "((d_year = 2002) AND (d_moy = 11))", "Alias": "date_dim", "Parallel Aware": false, "Actual Rows": 30, "Parent Relationship": "Outer", "Actual Startup Time": 4.668, "Rows Removed by Filter": 73019, "Actual Loops": 1}], "Original Hash Buckets": 1024, "Hash Batches": 1, "Node Type": "Hash", "Total Cost": 2500.73, "Plan Rows": 29, "Actual Total Time": 8.915, "Parallel Aware": false, "Actual Rows": 30, "Parent Relationship": "Inner", "Peak Memory Usage": 10, "Actual Startup Time": 8.914, "Original Hash Batches": 1, "Actual Loops": 1}], "Plan Rows": 285, "Total Cost": 31319.17, "Node Type": "Hash Join", "Join Type": "Inner", "Actual Total Time": 166.985, "Parallel Aware": false, "Actual Rows": 21209, "Parent Relationship": "Outer", "Hash Cond": "(web_sales.ws_sold_date_sk = date_dim.d_date_sk)", "Actual Startup Time": 9.022, "Actual Loops": 1}, {"Hash Buckets": 32768, "Startup Cost": 1416.0, "Plan Width": 16, "Plans": [{"Startup Cost": 0.0, "Plan Width": 16, "Actual Total Time": 4.442, "Node Type": "Seq Scan", "Total Cost": 1416.0, "Plan Rows": 18000, "Relation Name": "item", "Alias": "item", "Parallel Aware": false, "Actual Rows": 18000, "Parent Relationship": "Outer", "Actual Startup Time": 0.005, "Actual Loops": 1}], "Original Hash Buckets": 32768, "Hash Batches": 1, "Node Type": "Hash", "Total Cost": 1416.0, "Plan Rows": 18000, "Actual Total Time": 6.91, "Parallel Aware": false, "Actual Rows": 18000, "Parent Relationship": "Inner", "Peak Memory Usage": 1100, "Actual Startup Time": 6.91, "Original Hash Batches": 1, "Actual Loops": 1}], "Plan Rows": 285, "Total Cost": 32964.09, "Node Type": "Hash Join", "Join Type": "Inner", "Actual Total Time": 183.708, "Parallel Aware": false, "Actual Rows": 23075414, "Parent Relationship": "Outer", "Hash Cond": "(web_sales.ws_item_sk = item.i_item_sk)", "Actual Startup Time": 15.945, "Actual Loops": 1}], "Node Type": "Aggregate", "Total Cost": 32969.08, "Strategy": "Hashed", "Actual Total Time": 192.323, "Plan Rows": 285, "Parallel Aware": false, "Actual Rows": 27951, "Group Key": ["item.i_brand_id", "item.i_class_id", "item.i_category_id"], "Actual Startup Time": 191.888, "Actual Loops": 1}, "Execution Time": 192.468}]