[{"Execution Time": 819.913, "Planning Time": 0.179, "Plan": {"Startup Cost": 10000080649.51, "Plans": [{"Startup Cost": 10000080649.51, "Plans": [{"Startup Cost": 4532.54, "Plans": [{"Startup Cost": 1483.94, "Plans": [{"Startup Cost": 0.0, "Actual Rows": 1343425, "Plan Rows": 1427370, "Node Type": "Seq Scan", "Relation Name": "catalog_sales", "Alias": "catalog_sales", "Parallel Aware": false, "Actual Total Time": 201.515, "Parent Relationship": "Outer", "Actual Startup Time": 0.024, "Plan Width": 8, "Actual Loops": 1, "Total Cost": 51844.7}, {"Hash Buckets": 2048, "Startup Cost": 1461.0, "Plans": [{"Filter": "(i_category = 'Shoes'::bpchar)", "Startup Cost": 0.0, "Actual Rows": 1835, "Node Type": "Seq Scan", "Plan Rows": 1835, "Relation Name": "item", "Alias": "item", "Parallel Aware": false, "Actual Total Time": 5.411, "Parent Relationship": "Outer", "Actual Startup Time": 0.017, "Plan Width": 20, "Actual Loops": 1, "Rows Removed by Filter": 16165, "Total Cost": 1461.0}], "Original Hash Buckets": 2048, "Hash Batches": 1, "Actual Rows": 1835, "Node Type": "Hash", "Plan Rows": 1835, "Actual Startup Time": 5.736, "Parallel Aware": false, "Actual Total Time": 5.736, "Parent Relationship": "Inner", "Peak Memory Usage": 110, "Plan Width": 20, "Actual Loops": 1, "Original Hash Batches": 1, "Total Cost": 1461.0}], "Actual Rows": 137211, "Node Type": "Hash Join", "Plan Rows": 145512, "Join Type": "Inner", "Parallel Aware": false, "Actual Total Time": 483.768, "Hash Cond": "(catalog_sales.cs_item_sk = item.i_item_sk)", "Parent Relationship": "Outer", "Actual Startup Time": 5.771, "Plan Width": 20, "Actual Loops": 1, "Total Cost": 60136.4}, {"Hash Buckets": 131072, "Startup Cost": 2135.49, "Plans": [{"Startup Cost": 0.0, "Actual Rows": 73049, "Plan Rows": 73049, "Node Type": "Seq Scan", "Relation Name": "date_dim", "Alias": "date_dim", "Parallel Aware": false, "Actual Total Time": 11.192, "Parent Relationship": "Outer", "Actual Startup Time": 0.007, "Plan Width": 8, "Actual Loops": 1, "Total Cost": 2135.49}], "Original Hash Buckets": 131072, "Hash Batches": 1, "Actual Rows": 73049, "Node Type": "Hash", "Plan Rows": 73049, "Actual Startup Time": 22.753, "Parallel Aware": false, "Actual Total Time": 22.753, "Parent Relationship": "Inner", "Peak Memory Usage": 3878, "Plan Width": 8, "Actual Loops": 1, "Original Hash Batches": 1, "Total Cost": 2135.49}], "Actual Rows": 143480244, "Node Type": "Hash Join", "Plan Rows": 145512, "Join Type": "Inner", "Parallel Aware": false, "Actual Total Time": 540.477, "Hash Cond": "(catalog_sales.cs_sold_date_sk = date_dim.d_date_sk)", "Parent Relationship": "Outer", "Actual Startup Time": 28.578, "Plan Width": 20, "Actual Loops": 1, "Total Cost": 65185.79}], "Sort Space Type": "Disk", "Sort Key": ["date_dim.d_year", "item.i_brand_id", "item.i_class_id", "item.i_category_id", "item.i_manufact_id"], "Node Type": "Sort", "Plan Rows": 145512, "Sort Space Used": 4024, "Actual Rows": 137211, "Sort Method": "external sort", "Parallel Aware": false, "Actual Total Time": 803.338, "Parent Relationship": "Outer", "Actual Startup Time": 789.147, "Plan Width": 20, "Actual Loops": 1, "Total Cost": 10000081013.29}], "Actual Rows": 63006, "Node Type": "Unique", "Plan Rows": 145512, "Parallel Aware": false, "Actual Total Time": 819.164, "Actual Startup Time": 789.148, "Plan Width": 20, "Actual Loops": 1, "Total Cost": 10000082832.19}, "Triggers": []}]