[{"Execution Time": 553.77, "Planning Time": 0.37, "Plan": {"Partial Mode": "Simple", "Startup Cost": 90531.42, "Plans": [{"Startup Cost": 3991.95, "Plans": [{"Startup Cost": 3990.68, "Plans": [{"Startup Cost": 3975.26, "Plans": [{"Startup Cost": 2501.11, "Plans": [{"Startup Cost": 0.0, "Actual Rows": 2485280, "Plan Rows": 2622557, "Node Type": "Seq Scan", "Relation Name": "store_sales", "Alias": "store_sales", "Parallel Aware": false, "Actual Total Time": 298.687, "Parent Relationship": "Outer", "Actual Startup Time": 0.03, "Plan Width": 16, "Actual Loops": 1, "Total Cost": 76687.57}, {"Hash Buckets": 1024, "Startup Cost": 2500.73, "Plans": [{"Filter": "((d_date >= '1999-08-25'::date) AND (d_date <= '1999-09-25'::date))", "Startup Cost": 0.0, "Actual Rows": 32, "Node Type": "Seq Scan", "Plan Rows": 30, "Relation Name": "date_dim", "Alias": "date_dim", "Parallel Aware": false, "Actual Total Time": 12.811, "Parent Relationship": "Outer", "Actual Startup Time": 6.747, "Plan Width": 4, "Actual Loops": 1, "Rows Removed by Filter": 73017, "Total Cost": 2500.73}], "Original Hash Buckets": 1024, "Hash Batches": 1, "Actual Rows": 32, "Node Type": "Hash", "Plan Rows": 30, "Actual Startup Time": 12.829, "Parallel Aware": false, "Actual Total Time": 12.829, "Parent Relationship": "Inner", "Peak Memory Usage": 10, "Plan Width": 4, "Actual Loops": 1, "Original Hash Batches": 1, "Total Cost": 2500.73}], "Actual Rows": 56771, "Node Type": "Hash Join", "Plan Rows": 1077, "Join Type": "Inner", "Parallel Aware": false, "Actual Total Time": 535.632, "Hash Cond": "(store_sales.ss_sold_date_sk = date_dim.d_date_sk)", "Parent Relationship": "Outer", "Actual Startup Time": 13.019, "Plan Width": 12, "Actual Loops": 1, "Total Cost": 89034.04}, {"Hash Buckets": 2048, "Startup Cost": 1461.0, "Plans": [{"Filter": "(i_current_price > '50'::numeric)", "Startup Cost": 0.0, "Actual Rows": 1055, "Node Type": "Seq Scan", "Plan Rows": 1052, "Relation Name": "item", "Alias": "item", "Parallel Aware": false, "Actual Total Time": 4.867, "Parent Relationship": "Outer", "Actual Startup Time": 0.005, "Plan Width": 4, "Actual Loops": 1, "Rows Removed by Filter": 16945, "Total Cost": 1461.0}], "Original Hash Buckets": 2048, "Hash Batches": 1, "Actual Rows": 1055, "Node Type": "Hash", "Plan Rows": 1052, "Actual Startup Time": 5.037, "Parallel Aware": false, "Actual Total Time": 5.037, "Parent Relationship": "Inner", "Peak Memory Usage": 54, "Plan Width": 4, "Actual Loops": 1, "Original Hash Batches": 1, "Total Cost": 1461.0}], "Actual Rows": 3268, "Node Type": "Hash Join", "Plan Rows": 63, "Join Type": "Inner", "Parallel Aware": false, "Actual Total Time": 549.651, "Hash Cond": "(store_sales.ss_item_sk = item.i_item_sk)", "Parent Relationship": "Outer", "Actual Startup Time": 18.063, "Plan Width": 8, "Actual Loops": 1, "Total Cost": 90512.86}, {"Hash Buckets": 1024, "Startup Cost": 11.75, "Plans": [{"Filter": "(p_channel_tv = 'N'::bpchar)", "Startup Cost": 0.0, "Actual Rows": 294, "Node Type": "Seq Scan", "Plan Rows": 294, "Relation Name": "promotion", "Alias": "promotion", "Parallel Aware": false, "Actual Total Time": 0.065, "Parent Relationship": "Outer", "Actual Startup Time": 0.004, "Plan Width": 4, "Actual Loops": 1, "Rows Removed by Filter": 6, "Total Cost": 11.75}], "Original Hash Buckets": 1024, "Hash Batches": 1, "Actual Rows": 294, "Node Type": "Hash", "Plan Rows": 294, "Actual Startup Time": 0.102, "Parallel Aware": false, "Actual Total Time": 0.102, "Parent Relationship": "Inner", "Peak Memory Usage": 19, "Plan Width": 4, "Actual Loops": 1, "Original Hash Batches": 1, "Total Cost": 11.75}], "Actual Rows": 3199, "Node Type": "Hash Join", "Plan Rows": 62, "Join Type": "Inner", "Parallel Aware": false, "Actual Total Time": 551.262, "Hash Cond": "(store_sales.ss_promo_sk = promotion.p_promo_sk)", "Parent Relationship": "Outer", "Actual Startup Time": 18.167, "Plan Width": 4, "Actual Loops": 1, "Total Cost": 90529.14}, {"Hash Buckets": 1024, "Startup Cost": 1.12, "Plans": [{"Startup Cost": 0.0, "Actual Rows": 12, "Plan Rows": 12, "Node Type": "Seq Scan", "Relation Name": "store", "Alias": "store", "Parallel Aware": false, "Actual Total Time": 0.006, "Parent Relationship": "Outer", "Actual Startup Time": 0.004, "Plan Width": 21, "Actual Loops": 1, "Total Cost": 1.12}], "Original Hash Buckets": 1024, "Hash Batches": 1, "Actual Rows": 12, "Node Type": "Hash", "Plan Rows": 12, "Actual Startup Time": 0.009, "Parallel Aware": false, "Actual Total Time": 0.009, "Parent Relationship": "Inner", "Peak Memory Usage": 9, "Plan Width": 21, "Actual Loops": 1, "Original Hash Batches": 1, "Total Cost": 1.12}], "Actual Rows": 3543309, "Node Type": "Hash Join", "Plan Rows": 62, "Join Type": "Inner", "Parallel Aware": false, "Actual Total Time": 552.378, "Hash Cond": "(store_sales.ss_store_sk = store.s_store_sk)", "Parent Relationship": "Outer", "Actual Startup Time": 18.18, "Plan Width": 17, "Actual Loops": 1, "Total Cost": 90531.26}], "Actual Rows": 501, "Node Type": "Aggregate", "Strategy": "Hashed", "Plan Rows": 6, "Parallel Aware": false, "Actual Total Time": 553.72, "Group Key": ["store.s_store_id"], "Actual Startup Time": 553.719, "Plan Width": 17, "Actual Loops": 1, "Total Cost": 90531.48}, "Triggers": []}]