[{"Execution Time": 1023.968, "Planning Time": 0.304, "Plan": {"Partial Mode": "Simple", "Startup Cost": 91217.13, "Plans": [{"Startup Cost": 4328.32, "Plans": [{"Startup Cost": 2687.32, "Plans": [{"Startup Cost": 2686.05, "Plans": [{"Startup Cost": 0.0, "Actual Rows": 2485280, "Plan Rows": 2622557, "Node Type": "Seq Scan", "Relation Name": "store_sales", "Alias": "store_sales", "Parallel Aware": false, "Actual Total Time": 322.331, "Parent Relationship": "Outer", "Actual Startup Time": 0.022, "Plan Width": 12, "Actual Loops": 1, "Total Cost": 76687.57}, {"Hash Buckets": 1024, "Startup Cost": 2683.36, "Plans": [{"Filter": "((d_moy >= 4) AND (d_moy <= 10) AND (d_year = 2001))", "Startup Cost": 0.0, "Actual Rows": 214, "Node Type": "Seq Scan", "Plan Rows": 215, "Relation Name": "date_dim", "Alias": "date_dim", "Parallel Aware": false, "Actual Total Time": 12.802, "Parent Relationship": "Outer", "Actual Startup Time": 6.37, "Plan Width": 4, "Actual Loops": 1, "Rows Removed by Filter": 72835, "Total Cost": 2683.36}], "Original Hash Buckets": 1024, "Hash Batches": 1, "Actual Rows": 214, "Node Type": "Hash", "Plan Rows": 215, "Actual Startup Time": 12.829, "Parallel Aware": false, "Actual Total Time": 12.829, "Parent Relationship": "Inner", "Peak Memory Usage": 16, "Plan Width": 4, "Actual Loops": 1, "Original Hash Batches": 1, "Total Cost": 2683.36}], "Actual Rows": 258799, "Node Type": "Hash Join", "Plan Rows": 7719, "Join Type": "Inner", "Parallel Aware": false, "Actual Total Time": 613.372, "Hash Cond": "(store_sales.ss_sold_date_sk = date_dim.d_date_sk)", "Parent Relationship": "Outer", "Actual Startup Time": 12.928, "Plan Width": 8, "Actual Loops": 1, "Total Cost": 89285.39}, {"Hash Buckets": 1024, "Startup Cost": 1.12, "Plans": [{"Startup Cost": 0.0, "Actual Rows": 12, "Plan Rows": 12, "Node Type": "Seq Scan", "Relation Name": "store", "Alias": "store", "Parallel Aware": false, "Actual Total Time": 0.008, "Parent Relationship": "Outer", "Actual Startup Time": 0.006, "Plan Width": 26, "Actual Loops": 1, "Total Cost": 1.12}], "Original Hash Buckets": 1024, "Hash Batches": 1, "Actual Rows": 12, "Node Type": "Hash", "Plan Rows": 12, "Actual Startup Time": 0.01, "Parallel Aware": false, "Actual Total Time": 0.01, "Parent Relationship": "Inner", "Peak Memory Usage": 9, "Plan Width": 26, "Actual Loops": 1, "Original Hash Batches": 1, "Total Cost": 1.12}], "Actual Rows": 258799, "Node Type": "Hash Join", "Plan Rows": 7719, "Join Type": "Inner", "Parallel Aware": false, "Actual Total Time": 674.893, "Hash Cond": "(store_sales.ss_store_sk = store.s_store_sk)", "Parent Relationship": "Outer", "Actual Startup Time": 12.948, "Plan Width": 26, "Actual Loops": 1, "Total Cost": 89392.8}, {"Hash Buckets": 32768, "Startup Cost": 1416.0, "Plans": [{"Startup Cost": 0.0, "Actual Rows": 18000, "Plan Rows": 18000, "Node Type": "Seq Scan", "Relation Name": "item", "Alias": "item", "Parallel Aware": false, "Actual Total Time": 3.699, "Parent Relationship": "Outer", "Actual Startup Time": 0.005, "Plan Width": 123, "Actual Loops": 1, "Total Cost": 1416.0}], "Original Hash Buckets": 32768, "Hash Batches": 1, "Actual Rows": 18000, "Node Type": "Hash", "Plan Rows": 18000, "Actual Startup Time": 8.037, "Parallel Aware": false, "Actual Total Time": 8.037, "Parent Relationship": "Inner", "Peak Memory Usage": 3031, "Plan Width": 123, "Actual Loops": 1, "Original Hash Batches": 1, "Total Cost": 1416.0}], "Actual Rows": 286391792, "Node Type": "Hash Join", "Plan Rows": 7719, "Join Type": "Inner", "Parallel Aware": false, "Actual Total Time": 803.532, "Hash Cond": "(store_sales.ss_item_sk = item.i_item_sk)", "Parent Relationship": "Outer", "Actual Startup Time": 21.001, "Plan Width": 141, "Actual Loops": 1, "Total Cost": 91139.94}], "Actual Rows": 73371700, "Node Type": "Aggregate", "Strategy": "Hashed", "Plan Rows": 7719, "Parallel Aware": false, "Actual Total Time": 1022.003, "Group Key": ["item.i_item_id", "item.i_item_desc", "store.s_store_id", "store.s_store_name"], "Actual Startup Time": 1004.984, "Plan Width": 141, "Actual Loops": 1, "Total Cost": 91294.32}, "Triggers": []}]