[{"Execution Time": 490.353, "Planning Time": 0.249, "Plan": {"Partial Mode": "Simple", "Startup Cost": 61645.16, "Plans": [{"Startup Cost": 4327.05, "Plans": [{"Startup Cost": 2686.05, "Plans": [{"Startup Cost": 0.0, "Actual Rows": 1343425, "Plan Rows": 1427370, "Node Type": "Seq Scan", "Relation Name": "catalog_sales", "Alias": "catalog_sales", "Parallel Aware": false, "Actual Total Time": 188.299, "Parent Relationship": "Outer", "Actual Startup Time": 0.021, "Plan Width": 8, "Actual Loops": 1, "Total Cost": 51844.7}, {"Hash Buckets": 1024, "Startup Cost": 2683.36, "Plans": [{"Filter": "((d_moy >= 4) AND (d_moy <= 10) AND (d_year = 2001))", "Startup Cost": 0.0, "Actual Rows": 214, "Node Type": "Seq Scan", "Plan Rows": 215, "Relation Name": "date_dim", "Alias": "date_dim", "Parallel Aware": false, "Actual Total Time": 20.396, "Parent Relationship": "Outer", "Actual Startup Time": 10.755, "Plan Width": 4, "Actual Loops": 1, "Rows Removed by Filter": 72835, "Total Cost": 2683.36}], "Original Hash Buckets": 1024, "Hash Batches": 1, "Actual Rows": 214, "Node Type": "Hash", "Plan Rows": 215, "Actual Startup Time": 20.468, "Parallel Aware": false, "Actual Total Time": 20.468, "Parent Relationship": "Inner", "Peak Memory Usage": 16, "Plan Width": 4, "Actual Loops": 1, "Original Hash Batches": 1, "Total Cost": 2683.36}], "Actual Rows": 140773, "Node Type": "Hash Join", "Plan Rows": 4201, "Join Type": "Inner", "Parallel Aware": false, "Actual Total Time": 351.997, "Hash Cond": "(catalog_sales.cs_sold_date_sk = date_dim.d_date_sk)", "Parent Relationship": "Outer", "Actual Startup Time": 184.357, "Plan Width": 4, "Actual Loops": 1, "Total Cost": 59925.39}, {"Hash Buckets": 32768, "Startup Cost": 1416.0, "Plans": [{"Startup Cost": 0.0, "Actual Rows": 18000, "Plan Rows": 18000, "Node Type": "Seq Scan", "Relation Name": "item", "Alias": "item", "Parallel Aware": false, "Actual Total Time": 3.914, "Parent Relationship": "Outer", "Actual Startup Time": 0.008, "Plan Width": 123, "Actual Loops": 1, "Total Cost": 1416.0}], "Original Hash Buckets": 32768, "Hash Batches": 1, "Actual Rows": 18000, "Node Type": "Hash", "Plan Rows": 18000, "Actual Startup Time": 8.051, "Parallel Aware": false, "Actual Total Time": 8.051, "Parent Relationship": "Inner", "Peak Memory Usage": 3031, "Plan Width": 123, "Actual Loops": 1, "Original Hash Batches": 1, "Total Cost": 1416.0}], "Actual Rows": 149746751, "Node Type": "Hash Join", "Plan Rows": 4201, "Join Type": "Inner", "Parallel Aware": false, "Actual Total Time": 417.843, "Hash Cond": "(catalog_sales.cs_item_sk = item.i_item_sk)", "Parent Relationship": "Outer", "Actual Startup Time": 192.427, "Plan Width": 119, "Actual Loops": 1, "Total Cost": 61624.16}], "Actual Rows": 150000, "Node Type": "Aggregate", "Strategy": "Hashed", "Plan Rows": 4201, "Parallel Aware": false, "Actual Total Time": 489.936, "Group Key": ["item.i_item_id", "item.i_item_desc"], "Actual Startup Time": 487.926, "Plan Width": 119, "Actual Loops": 1, "Total Cost": 61687.17}, "Triggers": []}]