[{"Execution Time": 377.245, "Planning Time": 0.103, "Plan": {"Partial Mode": "Simple", "Startup Cost": 40852.22, "Plans": [{"Startup Cost": 3048.6, "Plans": [{"Startup Cost": 0.0, "Actual Rows": 648065, "Plan Rows": 719071, "Node Type": "Seq Scan", "Relation Name": "web_sales", "Alias": "web_sales", "Parallel Aware": false, "Actual Total Time": 99.55, "Parent Relationship": "Outer", "Actual Startup Time": 0.031, "Plan Width": 4, "Actual Loops": 1, "Total Cost": 26118.71}, {"Hash Buckets": 131072, "Startup Cost": 2135.49, "Plans": [{"Startup Cost": 0.0, "Actual Rows": 73049, "Plan Rows": 73049, "Node Type": "Seq Scan", "Relation Name": "date_dim", "Alias": "date_dim", "Parallel Aware": false, "Actual Total Time": 12.776, "Parent Relationship": "Outer", "Actual Startup Time": 0.004, "Plan Width": 8, "Actual Loops": 1, "Total Cost": 2135.49}], "Original Hash Buckets": 131072, "Hash Batches": 1, "Actual Rows": 73049, "Node Type": "Hash", "Plan Rows": 73049, "Actual Startup Time": 25.78, "Parallel Aware": false, "Actual Total Time": 25.78, "Parent Relationship": "Inner", "Peak Memory Usage": 3878, "Plan Width": 8, "Actual Loops": 1, "Original Hash Batches": 1, "Total Cost": 2135.49}], "Actual Rows": 720000376, "Node Type": "Hash Join", "Plan Rows": 719071, "Join Type": "Inner", "Parallel Aware": false, "Actual Total Time": 280.207, "Hash Cond": "(web_sales.ws_sold_date_sk = date_dim.d_date_sk)", "Parent Relationship": "Outer", "Actual Startup Time": 25.865, "Plan Width": 4, "Actual Loops": 1, "Total Cost": 39054.54}], "Actual Rows": 6, "Node Type": "Aggregate", "Strategy": "Hashed", "Plan Rows": 201, "Parallel Aware": false, "Actual Total Time": 377.208, "Group Key": ["date_dim.d_year"], "Actual Startup Time": 377.206, "Plan Width": 4, "Actual Loops": 1, "Total Cost": 40854.23}, "Triggers": []}]