[{"Execution Time": 713.036, "Planning Time": 0.088, "Plan": {"Partial Mode": "Simple", "Startup Cost": 78088.07, "Plans": [{"Startup Cost": 3048.6, "Plans": [{"Startup Cost": 0.0, "Actual Rows": 1343425, "Plan Rows": 1427370, "Node Type": "Seq Scan", "Relation Name": "catalog_sales", "Alias": "catalog_sales", "Parallel Aware": false, "Actual Total Time": 195.358, "Parent Relationship": "Outer", "Actual Startup Time": 0.033, "Plan Width": 4, "Actual Loops": 1, "Total Cost": 51844.7}, {"Hash Buckets": 131072, "Startup Cost": 2135.49, "Plans": [{"Startup Cost": 0.0, "Actual Rows": 73049, "Plan Rows": 73049, "Node Type": "Seq Scan", "Relation Name": "date_dim", "Alias": "date_dim", "Parallel Aware": false, "Actual Total Time": 15.186, "Parent Relationship": "Outer", "Actual Startup Time": 0.004, "Plan Width": 8, "Actual Loops": 1, "Total Cost": 2135.49}], "Original Hash Buckets": 131072, "Hash Batches": 1, "Actual Rows": 73049, "Node Type": "Hash", "Plan Rows": 73049, "Actual Startup Time": 29.761, "Parallel Aware": false, "Actual Total Time": 29.761, "Parent Relationship": "Inner", "Peak Memory Usage": 3878, "Plan Width": 8, "Actual Loops": 1, "Original Hash Batches": 1, "Total Cost": 2135.49}], "Actual Rows": 1439980416, "Node Type": "Hash Join", "Plan Rows": 1427370, "Join Type": "Inner", "Parallel Aware": false, "Actual Total Time": 517.91, "Hash Cond": "(catalog_sales.cs_sold_date_sk = date_dim.d_date_sk)", "Parent Relationship": "Outer", "Actual Startup Time": 29.851, "Plan Width": 4, "Actual Loops": 1, "Total Cost": 74519.64}], "Actual Rows": 6, "Node Type": "Aggregate", "Strategy": "Hashed", "Plan Rows": 201, "Parallel Aware": false, "Actual Total Time": 713.002, "Group Key": ["date_dim.d_year"], "Actual Startup Time": 713.001, "Plan Width": 4, "Actual Loops": 1, "Total Cost": 78090.07}, "Triggers": []}]