[{"Execution Time": 542.339, "Planning Time": 0.188, "Plan": {"Partial Mode": "Simple", "Startup Cost": 90669.61, "Plans": [{"Startup Cost": 4141.81, "Plans": [{"Startup Cost": 2500.81, "Plans": [{"Startup Cost": 0.0, "Actual Rows": 2485280, "Plan Rows": 2622557, "Node Type": "Seq Scan", "Relation Name": "store_sales", "Alias": "store_sales", "Parallel Aware": false, "Actual Total Time": 307.966, "Parent Relationship": "Outer", "Actual Startup Time": 0.029, "Plan Width": 8, "Actual Loops": 1, "Total Cost": 76687.57}, {"Hash Buckets": 1024, "Startup Cost": 2500.73, "Plans": [{"Filter": "((d_date >= '2002-03-05'::date) AND (d_date <= '2002-03-11'::date))", "Startup Cost": 0.0, "Actual Rows": 7, "Node Type": "Seq Scan", "Plan Rows": 6, "Relation Name": "date_dim", "Alias": "date_dim", "Parallel Aware": false, "Actual Total Time": 8.275, "Parent Relationship": "Outer", "Actual Startup Time": 3.949, "Plan Width": 4, "Actual Loops": 1, "Rows Removed by Filter": 73042, "Total Cost": 2500.73}], "Original Hash Buckets": 1024, "Hash Batches": 1, "Actual Rows": 7, "Node Type": "Hash", "Plan Rows": 6, "Actual Startup Time": 8.28, "Parallel Aware": false, "Actual Total Time": 8.28, "Parent Relationship": "Inner", "Peak Memory Usage": 9, "Plan Width": 4, "Actual Loops": 1, "Original Hash Batches": 1, "Total Cost": 2500.73}], "Actual Rows": 5370, "Node Type": "Hash Join", "Plan Rows": 215, "Join Type": "Inner", "Parallel Aware": false, "Actual Total Time": 530.135, "Hash Cond": "(store_sales.ss_sold_date_sk = date_dim.d_date_sk)", "Parent Relationship": "Outer", "Actual Startup Time": 8.935, "Plan Width": 4, "Actual Loops": 1, "Total Cost": 89025.12}, {"Hash Buckets": 32768, "Startup Cost": 1416.0, "Plans": [{"Startup Cost": 0.0, "Actual Rows": 18000, "Plan Rows": 18000, "Node Type": "Seq Scan", "Relation Name": "item", "Alias": "item", "Parallel Aware": false, "Actual Total Time": 2.879, "Parent Relationship": "Outer", "Actual Startup Time": 0.004, "Plan Width": 21, "Actual Loops": 1, "Total Cost": 1416.0}], "Original Hash Buckets": 32768, "Hash Batches": 1, "Actual Rows": 18000, "Node Type": "Hash", "Plan Rows": 18000, "Actual Startup Time": 5.84, "Parallel Aware": false, "Actual Total Time": 5.84, "Parent Relationship": "Inner", "Peak Memory Usage": 1241, "Plan Width": 21, "Actual Loops": 1, "Original Hash Batches": 1, "Total Cost": 1416.0}], "Actual Rows": 6087653, "Node Type": "Hash Join", "Plan Rows": 215, "Join Type": "Inner", "Parallel Aware": false, "Actual Total Time": 538.846, "Hash Cond": "(store_sales.ss_item_sk = item.i_item_sk)", "Parent Relationship": "Outer", "Actual Startup Time": 14.79, "Plan Width": 17, "Actual Loops": 1, "Total Cost": 90669.07}], "Actual Rows": 150000, "Node Type": "Aggregate", "Strategy": "Hashed", "Plan Rows": 215, "Parallel Aware": false, "Actual Total Time": 542.187, "Group Key": ["item.i_item_id"], "Actual Startup Time": 541.739, "Plan Width": 17, "Actual Loops": 1, "Total Cost": 90671.76}, "Triggers": []}]