[{"Execution Time": 619.647, "Planning Time": 0.574, "Plan": {"Partial Mode": "Simple", "Startup Cost": 94560.18, "Plans": [{"Startup Cost": 91668.29, "Plans": [{"Startup Cost": 91667.02, "Plans": [{"Startup Cost": 88618.42, "Plans": [{"Startup Cost": 0.0, "Actual Rows": 50000, "Plan Rows": 50000, "Node Type": "Seq Scan", "Relation Name": "customer_address", "Alias": "customer_address", "Parallel Aware": false, "Actual Total Time": 5.267, "Parent Relationship": "Outer", "Actual Startup Time": 0.006, "Plan Width": 44, "Actual Loops": 1, "Total Cost": 1587.0}, {"Hash Buckets": 16384, "Startup Cost": 88416.27, "Plans": [{"Startup Cost": 1732.39, "Plans": [{"Startup Cost": 0.0, "Actual Rows": 2485280, "Plan Rows": 2622557, "Node Type": "Seq Scan", "Relation Name": "store_sales", "Alias": "store_sales", "Parallel Aware": false, "Actual Total Time": 305.224, "Parent Relationship": "Outer", "Actual Startup Time": 0.023, "Plan Width": 16, "Actual Loops": 1, "Total Cost": 76687.57}, {"Hash Buckets": 1024, "Startup Cost": 1731.0, "Plans": [{"Filter": "((i_current_price >= '6'::numeric) AND (i_current_price <= '16'::numeric) AND (i_current_price >= '7'::numeric) AND (i_current_price <= '21'::numeric) AND (i_color = ANY ('{lavender,metallic,beige,gainsboro,chartreuse,lemon}'::bpchar[])))", "Startup Cost": 0.0, "Actual Rows": 92, "Node Type": "Seq Scan", "Plan Rows": 111, "Relation Name": "item", "Alias": "item", "Parallel Aware": false, "Actual Total Time": 6.493, "Parent Relationship": "Outer", "Actual Startup Time": 0.2, "Plan Width": 55, "Actual Loops": 1, "Rows Removed by Filter": 17908, "Total Cost": 1731.0}], "Original Hash Buckets": 1024, "Hash Batches": 1, "Actual Rows": 92, "Node Type": "Hash", "Plan Rows": 111, "Actual Startup Time": 6.523, "Parallel Aware": false, "Actual Total Time": 6.523, "Parent Relationship": "Inner", "Peak Memory Usage": 16, "Plan Width": 55, "Actual Loops": 1, "Original Hash Batches": 1, "Total Cost": 1731.0}], "Actual Rows": 12769, "Node Type": "Hash Join", "Plan Rows": 16172, "Join Type": "Inner", "Parallel Aware": false, "Actual Total Time": 551.895, "Hash Cond": "(store_sales.ss_item_sk = item.i_item_sk)", "Parent Relationship": "Outer", "Actual Startup Time": 6.556, "Plan Width": 63, "Actual Loops": 1, "Total Cost": 88416.27}], "Original Hash Buckets": 16384, "Hash Batches": 1, "Actual Rows": 12769, "Node Type": "Hash", "Plan Rows": 16172, "Actual Startup Time": 557.069, "Parallel Aware": false, "Actual Total Time": 557.069, "Parent Relationship": "Inner", "Peak Memory Usage": 1307, "Plan Width": 63, "Actual Loops": 1, "Original Hash Batches": 1, "Total Cost": 88416.27}], "Actual Rows": 12769, "Node Type": "Hash Join", "Plan Rows": 16172, "Join Type": "Inner", "Parallel Aware": false, "Actual Total Time": 574.962, "Hash Cond": "(customer_address.ca_address_sk = store_sales.ss_addr_sk)", "Parent Relationship": "Outer", "Actual Startup Time": 557.096, "Plan Width": 99, "Actual Loops": 1, "Total Cost": 90742.14}, {"Hash Buckets": 131072, "Startup Cost": 2135.49, "Plans": [{"Startup Cost": 0.0, "Actual Rows": 73049, "Plan Rows": 73049, "Node Type": "Seq Scan", "Relation Name": "date_dim", "Alias": "date_dim", "Parallel Aware": false, "Actual Total Time": 11.775, "Parent Relationship": "Outer", "Actual Startup Time": 0.005, "Plan Width": 8, "Actual Loops": 1, "Total Cost": 2135.49}], "Original Hash Buckets": 131072, "Hash Batches": 1, "Actual Rows": 73049, "Node Type": "Hash", "Plan Rows": 73049, "Actual Startup Time": 22.434, "Parallel Aware": false, "Actual Total Time": 22.434, "Parent Relationship": "Inner", "Peak Memory Usage": 3878, "Plan Width": 8, "Actual Loops": 1, "Original Hash Batches": 1, "Total Cost": 2135.49}], "Actual Rows": 12769, "Node Type": "Hash Join", "Plan Rows": 16172, "Join Type": "Inner", "Parallel Aware": false, "Actual Total Time": 601.834, "Hash Cond": "(store_sales.ss_sold_date_sk = date_dim.d_date_sk)", "Parent Relationship": "Outer", "Actual Startup Time": 579.582, "Plan Width": 99, "Actual Loops": 1, "Total Cost": 94013.1}, {"Hash Buckets": 1024, "Startup Cost": 1.12, "Plans": [{"Startup Cost": 0.0, "Actual Rows": 12, "Plan Rows": 12, "Node Type": "Seq Scan", "Relation Name": "store", "Alias": "store", "Parallel Aware": false, "Actual Total Time": 0.008, "Parent Relationship": "Outer", "Actual Startup Time": 0.005, "Plan Width": 20, "Actual Loops": 1, "Total Cost": 1.12}], "Original Hash Buckets": 1024, "Hash Batches": 1, "Actual Rows": 12, "Node Type": "Hash", "Plan Rows": 12, "Actual Startup Time": 0.013, "Parallel Aware": false, "Actual Total Time": 0.013, "Parent Relationship": "Inner", "Peak Memory Usage": 9, "Plan Width": 20, "Actual Loops": 1, "Original Hash Batches": 1, "Total Cost": 1.12}], "Actual Rows": 17727016, "Node Type": "Hash Join", "Plan Rows": 16172, "Join Type": "Inner", "Parallel Aware": false, "Actual Total Time": 604.852, "Hash Cond": "(store_sales.ss_store_sk = store.s_store_sk)", "Parent Relationship": "Outer", "Actual Startup Time": 579.6, "Plan Width": 111, "Actual Loops": 1, "Total Cost": 94236.74}], "Actual Rows": 17286029, "Node Type": "Aggregate", "Strategy": "Hashed", "Plan Rows": 16172, "Parallel Aware": false, "Actual Total Time": 619.165, "Group Key": ["item.i_product_name", "store.s_store_name", "store.s_zip", "customer_address.ca_street_number", "customer_address.ca_street_name", "customer_address.ca_city", "customer_address.ca_zip", "date_dim.d_year"], "Actual Startup Time": 616.581, "Plan Width": 111, "Actual Loops": 1, "Total Cost": 94721.9}, "Triggers": []}]