[{"Execution Time": 679.541, "Planning Time": 0.71, "Plan": {"Partial Mode": "Simple", "Startup Cost": 99461.27, "Plans": [{"Startup Cost": 96637.16, "Plans": [{"Startup Cost": 93588.56, "Plans": [{"Startup Cost": 93587.29, "Plans": [{"Startup Cost": 0.0, "Actual Rows": 50000, "Plan Rows": 50000, "Node Type": "Seq Scan", "Relation Name": "customer_address", "Alias": "customer_address", "Parallel Aware": false, "Actual Total Time": 4.525, "Parent Relationship": "Outer", "Actual Startup Time": 0.005, "Plan Width": 44, "Actual Loops": 1, "Total Cost": 1587.0}, {"Hash Buckets": 16384, "Startup Cost": 93385.14, "Plans": [{"Startup Cost": 88618.42, "Plans": [{"Startup Cost": 0.0, "Actual Rows": 94736, "Plan Rows": 100000, "Node Type": "Seq Scan", "Relation Name": "customer", "Alias": "customer", "Parallel Aware": false, "Actual Total Time": 9.97, "Parent Relationship": "Outer", "Actual Startup Time": 0.004, "Plan Width": 12, "Actual Loops": 1, "Total Cost": 3855.0}, {"Hash Buckets": 16384, "Startup Cost": 88416.27, "Plans": [{"Startup Cost": 1732.39, "Plans": [{"Startup Cost": 0.0, "Actual Rows": 2485280, "Plan Rows": 2622557, "Node Type": "Seq Scan", "Relation Name": "store_sales", "Alias": "store_sales", "Parallel Aware": false, "Actual Total Time": 321.043, "Parent Relationship": "Outer", "Actual Startup Time": 0.028, "Plan Width": 12, "Actual Loops": 1, "Total Cost": 76687.57}, {"Hash Buckets": 1024, "Startup Cost": 1731.0, "Plans": [{"Filter": "((i_current_price >= '6'::numeric) AND (i_current_price <= '16'::numeric) AND (i_current_price >= '7'::numeric) AND (i_current_price <= '21'::numeric) AND (i_color = ANY ('{lavender,metallic,beige,gainsboro,chartreuse,lemon}'::bpchar[])))", "Startup Cost": 0.0, "Actual Rows": 92, "Node Type": "Seq Scan", "Plan Rows": 111, "Relation Name": "item", "Alias": "item", "Parallel Aware": false, "Actual Total Time": 12.122, "Parent Relationship": "Outer", "Actual Startup Time": 0.216, "Plan Width": 55, "Actual Loops": 1, "Rows Removed by Filter": 17908, "Total Cost": 1731.0}], "Original Hash Buckets": 1024, "Hash Batches": 1, "Actual Rows": 92, "Node Type": "Hash", "Plan Rows": 111, "Actual Startup Time": 12.173, "Parallel Aware": false, "Actual Total Time": 12.173, "Parent Relationship": "Inner", "Peak Memory Usage": 16, "Plan Width": 55, "Actual Loops": 1, "Original Hash Batches": 1, "Total Cost": 1731.0}], "Actual Rows": 12769, "Node Type": "Hash Join", "Plan Rows": 16172, "Join Type": "Inner", "Parallel Aware": false, "Actual Total Time": 586.07, "Hash Cond": "(store_sales.ss_item_sk = item.i_item_sk)", "Parent Relationship": "Outer", "Actual Startup Time": 12.219, "Plan Width": 59, "Actual Loops": 1, "Total Cost": 88416.27}], "Original Hash Buckets": 16384, "Hash Batches": 1, "Actual Rows": 12769, "Node Type": "Hash", "Plan Rows": 16172, "Actual Startup Time": 590.752, "Parallel Aware": false, "Actual Total Time": 590.752, "Parent Relationship": "Inner", "Peak Memory Usage": 1258, "Plan Width": 59, "Actual Loops": 1, "Original Hash Batches": 1, "Total Cost": 88416.27}], "Actual Rows": 12769, "Node Type": "Hash Join", "Plan Rows": 16172, "Join Type": "Inner", "Parallel Aware": false, "Actual Total Time": 620.651, "Hash Cond": "(customer.c_customer_sk = store_sales.ss_customer_sk)", "Parent Relationship": "Outer", "Actual Startup Time": 590.768, "Plan Width": 63, "Actual Loops": 1, "Total Cost": 93385.14}], "Original Hash Buckets": 16384, "Hash Batches": 1, "Actual Rows": 12769, "Node Type": "Hash", "Plan Rows": 16172, "Actual Startup Time": 624.009, "Parallel Aware": false, "Actual Total Time": 624.009, "Parent Relationship": "Inner", "Peak Memory Usage": 1307, "Plan Width": 63, "Actual Loops": 1, "Original Hash Batches": 1, "Total Cost": 93385.14}], "Actual Rows": 12769, "Node Type": "Hash Join", "Plan Rows": 16172, "Join Type": "Inner", "Parallel Aware": false, "Actual Total Time": 638.981, "Hash Cond": "(customer_address.ca_address_sk = customer.c_current_addr_sk)", "Parent Relationship": "Outer", "Actual Startup Time": 624.028, "Plan Width": 99, "Actual Loops": 1, "Total Cost": 95648.51}, {"Hash Buckets": 1024, "Startup Cost": 1.12, "Plans": [{"Startup Cost": 0.0, "Actual Rows": 12, "Plan Rows": 12, "Node Type": "Seq Scan", "Relation Name": "store", "Alias": "store", "Parallel Aware": false, "Actual Total Time": 0.012, "Parent Relationship": "Outer", "Actual Startup Time": 0.009, "Plan Width": 20, "Actual Loops": 1, "Total Cost": 1.12}], "Original Hash Buckets": 1024, "Hash Batches": 1, "Actual Rows": 12, "Node Type": "Hash", "Plan Rows": 12, "Actual Startup Time": 0.017, "Parallel Aware": false, "Actual Total Time": 0.017, "Parent Relationship": "Inner", "Peak Memory Usage": 9, "Plan Width": 20, "Actual Loops": 1, "Original Hash Batches": 1, "Total Cost": 1.12}], "Actual Rows": 12769, "Node Type": "Hash Join", "Plan Rows": 16172, "Join Type": "Inner", "Parallel Aware": false, "Actual Total Time": 641.699, "Hash Cond": "(store_sales.ss_store_sk = store.s_store_sk)", "Parent Relationship": "Outer", "Actual Startup Time": 624.058, "Plan Width": 111, "Actual Loops": 1, "Total Cost": 95872.14}, {"Hash Buckets": 131072, "Startup Cost": 2135.49, "Plans": [{"Startup Cost": 0.0, "Actual Rows": 73049, "Plan Rows": 73049, "Node Type": "Seq Scan", "Relation Name": "date_dim", "Alias": "date_dim", "Parallel Aware": false, "Actual Total Time": 10.929, "Parent Relationship": "Outer", "Actual Startup Time": 0.006, "Plan Width": 8, "Actual Loops": 1, "Total Cost": 2135.49}], "Original Hash Buckets": 131072, "Hash Batches": 1, "Actual Rows": 73049, "Node Type": "Hash", "Plan Rows": 73049, "Actual Startup Time": 20.982, "Parallel Aware": false, "Actual Total Time": 20.983, "Parent Relationship": "Inner", "Peak Memory Usage": 3878, "Plan Width": 8, "Actual Loops": 1, "Original Hash Batches": 1, "Total Cost": 2135.49}], "Actual Rows": 17727016, "Node Type": "Hash Join", "Plan Rows": 16172, "Join Type": "Inner", "Parallel Aware": false, "Actual Total Time": 666.7, "Hash Cond": "(customer.c_first_sales_date_sk = date_dim.d_date_sk)", "Parent Relationship": "Outer", "Actual Startup Time": 645.087, "Plan Width": 111, "Actual Loops": 1, "Total Cost": 99137.83}], "Actual Rows": 17234123, "Node Type": "Aggregate", "Strategy": "Hashed", "Plan Rows": 16172, "Parallel Aware": false, "Actual Total Time": 679.071, "Group Key": ["item.i_product_name", "store.s_store_name", "store.s_zip", "customer_address.ca_street_number", "customer_address.ca_street_name", "customer_address.ca_city", "customer_address.ca_zip", "date_dim.d_year"], "Actual Startup Time": 676.343, "Plan Width": 111, "Actual Loops": 1, "Total Cost": 99622.99}, "Triggers": []}]