[{"Execution Time": 1331.317, "Planning Time": 0.097, "Plan": {"Partial Mode": "Simple", "Startup Cost": 122352.72, "Plans": [{"Startup Cost": 3048.6, "Plans": [{"Startup Cost": 0.0, "Actual Rows": 2485280, "Plan Rows": 2622557, "Node Type": "Seq Scan", "Relation Name": "store_sales", "Alias": "store_sales", "Parallel Aware": false, "Actual Total Time": 325.525, "Parent Relationship": "Outer", "Actual Startup Time": 0.024, "Plan Width": 4, "Actual Loops": 1, "Total Cost": 76687.57}, {"Hash Buckets": 131072, "Startup Cost": 2135.49, "Plans": [{"Startup Cost": 0.0, "Actual Rows": 73049, "Plan Rows": 73049, "Node Type": "Seq Scan", "Relation Name": "date_dim", "Alias": "date_dim", "Parallel Aware": false, "Actual Total Time": 10.09, "Parent Relationship": "Outer", "Actual Startup Time": 0.004, "Plan Width": 8, "Actual Loops": 1, "Total Cost": 2135.49}], "Original Hash Buckets": 131072, "Hash Batches": 1, "Actual Rows": 73049, "Node Type": "Hash", "Plan Rows": 73049, "Actual Startup Time": 19.76, "Parallel Aware": false, "Actual Total Time": 19.76, "Parent Relationship": "Inner", "Peak Memory Usage": 3878, "Plan Width": 8, "Actual Loops": 1, "Original Hash Batches": 1, "Total Cost": 2135.49}], "Actual Rows": 2879987999, "Node Type": "Hash Join", "Plan Rows": 2622557, "Join Type": "Inner", "Parallel Aware": false, "Actual Total Time": 943.093, "Hash Cond": "(store_sales.ss_sold_date_sk = date_dim.d_date_sk)", "Parent Relationship": "Outer", "Actual Startup Time": 19.833, "Plan Width": 4, "Actual Loops": 1, "Total Cost": 115796.33}], "Actual Rows": 262, "Node Type": "Aggregate", "Strategy": "Hashed", "Plan Rows": 10447, "Parallel Aware": false, "Actual Total Time": 1331.264, "Group Key": ["date_dim.d_week_seq"], "Actual Startup Time": 1331.214, "Plan Width": 4, "Actual Loops": 1, "Total Cost": 122457.19}, "Triggers": []}]