[{"Execution Time": 689.192, "Planning Time": 0.124, "Plan": {"Partial Mode": "Simple", "Startup Cost": 89182.49, "Plans": [{"Startup Cost": 2505.06, "Plans": [{"Startup Cost": 0.0, "Actual Rows": 2485280, "Plan Rows": 2622557, "Node Type": "Seq Scan", "Relation Name": "store_sales", "Alias": "store_sales", "Parallel Aware": false, "Actual Total Time": 308.108, "Parent Relationship": "Outer", "Actual Startup Time": 0.032, "Plan Width": 4, "Actual Loops": 1, "Total Cost": 76687.57}, {"Hash Buckets": 1024, "Startup Cost": 2500.73, "Plans": [{"Filter": "((d_month_seq >= 1196) AND (d_month_seq <= 1207))", "Startup Cost": 0.0, "Actual Rows": 366, "Node Type": "Seq Scan", "Plan Rows": 346, "Relation Name": "date_dim", "Alias": "date_dim", "Parallel Aware": false, "Actual Total Time": 8.605, "Parent Relationship": "Outer", "Actual Startup Time": 3.734, "Plan Width": 8, "Actual Loops": 1, "Rows Removed by Filter": 72683, "Total Cost": 2500.73}], "Original Hash Buckets": 1024, "Hash Batches": 1, "Actual Rows": 366, "Node Type": "Hash", "Plan Rows": 346, "Actual Startup Time": 8.66, "Parallel Aware": false, "Actual Total Time": 8.66, "Parent Relationship": "Inner", "Peak Memory Usage": 23, "Plan Width": 8, "Actual Loops": 1, "Original Hash Batches": 1, "Total Cost": 2500.73}], "Actual Rows": 552557759, "Node Type": "Hash Join", "Plan Rows": 12422, "Join Type": "Inner", "Parallel Aware": false, "Actual Total Time": 610.3, "Hash Cond": "(store_sales.ss_sold_date_sk = date_dim.d_date_sk)", "Parent Relationship": "Outer", "Actual Startup Time": 8.703, "Plan Width": 4, "Actual Loops": 1, "Total Cost": 89151.44}], "Actual Rows": 53, "Node Type": "Aggregate", "Strategy": "Hashed", "Plan Rows": 341, "Parallel Aware": false, "Actual Total Time": 689.166, "Group Key": ["date_dim.d_week_seq"], "Actual Startup Time": 689.16, "Plan Width": 4, "Actual Loops": 1, "Total Cost": 89185.9}, "Triggers": []}]