[{"Execution Time": 692.272, "Planning Time": 0.613, "Plan": {"Partial Mode": "Simple", "Startup Cost": 75854.32, "Plans": [{"Startup Cost": 5171.44, "Plans": [{"Startup Cost": 5169.65, "Plans": [{"Filter": "(((cd_marital_status = 'S'::bpchar) AND (cd_education_status = '4 yr Degree'::bpchar)) OR ((cd_marital_status = 'M'::bpchar) AND (cd_education_status = 'Primary'::bpchar)) OR ((cd_marital_status = 'U'::bpchar) AND (cd_education_status = '2 yr Degree'::bpchar)))", "Startup Cost": 0.0, "Actual Rows": 164640, "Node Type": "Seq Scan", "Plan Rows": 159251, "Relation Name": "customer_demographics", "Alias": "customer_demographics", "Parallel Aware": false, "Actual Total Time": 601.484, "Parent Relationship": "Outer", "Actual Startup Time": 0.01, "Plan Width": 4, "Actual Loops": 1, "Rows Removed by Filter": 1756160, "Total Cost": 69848.0}, {"Hash Buckets": 32768, "Startup Cost": 4939.91, "Plans": [{"Startup Cost": 2434.56, "Plans": [{"Startup Cost": 0.0, "Actual Rows": 67967, "Plan Rows": 71763, "Node Type": "Seq Scan", "Relation Name": "web_returns", "Alias": "web_returns", "Parallel Aware": false, "Actual Total Time": 6.615, "Parent Relationship": "Outer", "Actual Startup Time": 0.005, "Plan Width": 12, "Actual Loops": 1, "Total Cost": 2060.63}, {"Hash Buckets": 16384, "Startup Cost": 2274.5, "Plans": [{"Filter": "(((ca_country)::text = 'United States'::text) AND ((ca_state = ANY ('{IL,MT,AR}'::bpchar[])) OR (ca_state = ANY ('{WI,TX,GA}'::bpchar[])) OR (ca_state = ANY ('{RI,KY,IN}'::bpchar[]))))", "Startup Cost": 0.0, "Actual Rows": 14287, "Node Type": "Seq Scan", "Plan Rows": 12805, "Relation Name": "customer_address", "Alias": "customer_address", "Parallel Aware": false, "Actual Total Time": 25.137, "Parent Relationship": "Outer", "Actual Startup Time": 0.019, "Plan Width": 4, "Actual Loops": 1, "Rows Removed by Filter": 35713, "Total Cost": 2274.5}], "Original Hash Buckets": 16384, "Hash Batches": 1, "Actual Rows": 14287, "Node Type": "Hash", "Plan Rows": 12805, "Actual Startup Time": 27.981, "Parallel Aware": false, "Actual Total Time": 27.981, "Parent Relationship": "Inner", "Peak Memory Usage": 631, "Plan Width": 4, "Actual Loops": 1, "Original Hash Batches": 1, "Total Cost": 2274.5}], "Actual Rows": 18457, "Node Type": "Hash Join", "Plan Rows": 18379, "Join Type": "Inner", "Parallel Aware": false, "Actual Total Time": 51.201, "Hash Cond": "(web_returns.wr_refunded_addr_sk = customer_address.ca_address_sk)", "Parent Relationship": "Outer", "Actual Startup Time": 28.002, "Plan Width": 8, "Actual Loops": 1, "Total Cost": 4939.91}], "Original Hash Buckets": 32768, "Hash Batches": 1, "Actual Rows": 18018, "Node Type": "Hash", "Plan Rows": 18379, "Actual Startup Time": 54.935, "Parallel Aware": false, "Actual Total Time": 54.935, "Parent Relationship": "Inner", "Peak Memory Usage": 959, "Plan Width": 8, "Actual Loops": 1, "Original Hash Batches": 1, "Total Cost": 4939.91}], "Actual Rows": 1517, "Node Type": "Hash Join", "Plan Rows": 1524, "Join Type": "Inner", "Parallel Aware": false, "Actual Total Time": 689.618, "Hash Cond": "(customer_demographics.cd_demo_sk = web_returns.wr_refunded_cdemo_sk)", "Parent Relationship": "Outer", "Actual Startup Time": 55.444, "Plan Width": 4, "Actual Loops": 1, "Total Cost": 75828.45}, {"Hash Buckets": 1024, "Startup Cost": 1.35, "Plans": [{"Startup Cost": 0.0, "Actual Rows": 35, "Plan Rows": 35, "Node Type": "Seq Scan", "Relation Name": "reason", "Alias": "reason", "Parallel Aware": false, "Actual Total Time": 0.013, "Parent Relationship": "Outer", "Actual Startup Time": 0.006, "Plan Width": 105, "Actual Loops": 1, "Total Cost": 1.35}], "Original Hash Buckets": 1024, "Hash Batches": 1, "Actual Rows": 35, "Node Type": "Hash", "Plan Rows": 35, "Actual Startup Time": 0.026, "Parallel Aware": false, "Actual Total Time": 0.026, "Parent Relationship": "Inner", "Peak Memory Usage": 13, "Plan Width": 105, "Actual Loops": 1, "Original Hash Batches": 1, "Total Cost": 1.35}], "Actual Rows": 1672481, "Node Type": "Hash Join", "Plan Rows": 1524, "Join Type": "Inner", "Parallel Aware": false, "Actual Total Time": 690.773, "Hash Cond": "(web_returns.wr_reason_sk = reason.r_reason_sk)", "Parent Relationship": "Outer", "Actual Startup Time": 55.475, "Plan Width": 101, "Actual Loops": 1, "Total Cost": 75850.51}], "Actual Rows": 64, "Node Type": "Aggregate", "Strategy": "Hashed", "Plan Rows": 34, "Parallel Aware": false, "Actual Total Time": 692.205, "Group Key": ["reason.r_reason_desc"], "Actual Startup Time": 692.202, "Plan Width": 101, "Actual Loops": 1, "Total Cost": 75854.66}, "Triggers": []}]