[{"Execution Time": 581.903, "Planning Time": 0.26, "Plan": {"Partial Mode": "Simple", "Startup Cost": 90630.69, "Plans": [{"Startup Cost": 3961.52, "Plans": [{"Startup Cost": 2320.52, "Plans": [{"Startup Cost": 2319.25, "Plans": [{"Startup Cost": 0.0, "Actual Rows": 2485280, "Plan Rows": 2622557, "Node Type": "Seq Scan", "Relation Name": "store_sales", "Alias": "store_sales", "Parallel Aware": false, "Actual Total Time": 268.964, "Parent Relationship": "Outer", "Actual Startup Time": 0.015, "Plan Width": 12, "Actual Loops": 1, "Total Cost": 76687.57}, {"Hash Buckets": 1024, "Startup Cost": 2318.11, "Plans": [{"Filter": "(d_quarter_name = '2001Q1'::bpchar)", "Startup Cost": 0.0, "Actual Rows": 91, "Node Type": "Seq Scan", "Plan Rows": 91, "Relation Name": "date_dim", "Alias": "date_dim", "Parallel Aware": false, "Actual Total Time": 18.339, "Parent Relationship": "Outer", "Actual Startup Time": 8.421, "Plan Width": 4, "Actual Loops": 1, "Rows Removed by Filter": 72958, "Total Cost": 2318.11}], "Original Hash Buckets": 1024, "Hash Batches": 1, "Actual Rows": 91, "Node Type": "Hash", "Plan Rows": 91, "Actual Startup Time": 18.356, "Parallel Aware": false, "Actual Total Time": 18.356, "Parent Relationship": "Inner", "Peak Memory Usage": 12, "Plan Width": 4, "Actual Loops": 1, "Original Hash Batches": 1, "Total Cost": 2318.11}], "Actual Rows": 72556, "Node Type": "Hash Join", "Plan Rows": 3267, "Join Type": "Inner", "Parallel Aware": false, "Actual Total Time": 485.183, "Hash Cond": "(store_sales.ss_sold_date_sk = date_dim.d_date_sk)", "Parent Relationship": "Outer", "Actual Startup Time": 18.403, "Plan Width": 8, "Actual Loops": 1, "Total Cost": 88874.08}, {"Hash Buckets": 1024, "Startup Cost": 1.12, "Plans": [{"Startup Cost": 0.0, "Actual Rows": 12, "Plan Rows": 12, "Node Type": "Seq Scan", "Relation Name": "store", "Alias": "store", "Parallel Aware": false, "Actual Total Time": 0.016, "Parent Relationship": "Outer", "Actual Startup Time": 0.009, "Plan Width": 7, "Actual Loops": 1, "Total Cost": 1.12}], "Original Hash Buckets": 1024, "Hash Batches": 1, "Actual Rows": 12, "Node Type": "Hash", "Plan Rows": 12, "Actual Startup Time": 0.018, "Parallel Aware": false, "Actual Total Time": 0.018, "Parent Relationship": "Inner", "Peak Memory Usage": 9, "Plan Width": 7, "Actual Loops": 1, "Original Hash Batches": 1, "Total Cost": 1.12}], "Actual Rows": 72556, "Node Type": "Hash Join", "Plan Rows": 3267, "Join Type": "Inner", "Parallel Aware": false, "Actual Total Time": 499.367, "Hash Cond": "(store_sales.ss_store_sk = store.s_store_sk)", "Parent Relationship": "Outer", "Actual Startup Time": 18.433, "Plan Width": 7, "Actual Loops": 1, "Total Cost": 88920.27}, {"Hash Buckets": 32768, "Startup Cost": 1416.0, "Plans": [{"Startup Cost": 0.0, "Actual Rows": 18000, "Plan Rows": 18000, "Node Type": "Seq Scan", "Relation Name": "item", "Alias": "item", "Parallel Aware": false, "Actual Total Time": 3.858, "Parent Relationship": "Outer", "Actual Startup Time": 0.005, "Plan Width": 123, "Actual Loops": 1, "Total Cost": 1416.0}], "Original Hash Buckets": 32768, "Hash Batches": 1, "Actual Rows": 18000, "Node Type": "Hash", "Plan Rows": 18000, "Actual Startup Time": 8.297, "Parallel Aware": false, "Actual Total Time": 8.297, "Parent Relationship": "Inner", "Peak Memory Usage": 3031, "Plan Width": 123, "Actual Loops": 1, "Original Hash Batches": 1, "Total Cost": 1416.0}], "Actual Rows": 80506952, "Node Type": "Hash Join", "Plan Rows": 3267, "Join Type": "Inner", "Parallel Aware": false, "Actual Total Time": 539.071, "Hash Cond": "(store_sales.ss_item_sk = item.i_item_sk)", "Parent Relationship": "Outer", "Actual Startup Time": 26.743, "Plan Width": 122, "Actual Loops": 1, "Total Cost": 90606.19}], "Actual Rows": 3149999, "Node Type": "Aggregate", "Strategy": "Hashed", "Plan Rows": 3267, "Parallel Aware": false, "Actual Total Time": 581.579, "Group Key": ["item.i_item_id", "item.i_item_desc", "store.s_state"], "Actual Startup Time": 579.911, "Plan Width": 122, "Actual Loops": 1, "Total Cost": 90663.36}, "Triggers": []}]