[{"Execution Time": 529.59, "Planning Time": 0.201, "Plan": {"Partial Mode": "Simple", "Startup Cost": 91336.99, "Plans": [{"Startup Cost": 4713.86, "Plans": [{"Startup Cost": 2501.86, "Plans": [{"Startup Cost": 0.0, "Actual Rows": 2485280, "Plan Rows": 2622557, "Node Type": "Seq Scan", "Relation Name": "store_sales", "Alias": "store_sales", "Parallel Aware": false, "Actual Total Time": 266.467, "Parent Relationship": "Outer", "Actual Startup Time": 0.014, "Plan Width": 8, "Actual Loops": 1, "Total Cost": 76687.57}, {"Hash Buckets": 1024, "Startup Cost": 2500.73, "Plans": [{"Filter": "((d_qoy = 1) AND (d_year = 2000))", "Startup Cost": 0.0, "Actual Rows": 91, "Node Type": "Seq Scan", "Plan Rows": 90, "Relation Name": "date_dim", "Alias": "date_dim", "Parallel Aware": false, "Actual Total Time": 11.257, "Parent Relationship": "Outer", "Actual Startup Time": 5.471, "Plan Width": 12, "Actual Loops": 1, "Rows Removed by Filter": 72958, "Total Cost": 2500.73}], "Original Hash Buckets": 1024, "Hash Batches": 1, "Actual Rows": 91, "Node Type": "Hash", "Plan Rows": 90, "Actual Startup Time": 11.273, "Parallel Aware": false, "Actual Total Time": 11.273, "Parent Relationship": "Inner", "Peak Memory Usage": 12, "Plan Width": 12, "Actual Loops": 1, "Original Hash Batches": 1, "Total Cost": 2500.73}], "Actual Rows": 76359, "Node Type": "Hash Join", "Plan Rows": 3231, "Join Type": "Inner", "Parallel Aware": false, "Actual Total Time": 474.866, "Hash Cond": "(store_sales.ss_sold_date_sk = date_dim.d_date_sk)", "Parent Relationship": "Outer", "Actual Startup Time": 11.326, "Plan Width": 12, "Actual Loops": 1, "Total Cost": 89056.33}, {"Hash Buckets": 65536, "Startup Cost": 1587.0, "Plans": [{"Startup Cost": 0.0, "Actual Rows": 50000, "Plan Rows": 50000, "Node Type": "Seq Scan", "Relation Name": "customer_address", "Alias": "customer_address", "Parallel Aware": false, "Actual Total Time": 8.168, "Parent Relationship": "Outer", "Actual Startup Time": 0.006, "Plan Width": 18, "Actual Loops": 1, "Total Cost": 1587.0}], "Original Hash Buckets": 65536, "Hash Batches": 1, "Actual Rows": 50000, "Node Type": "Hash", "Plan Rows": 50000, "Actual Startup Time": 16.344, "Parallel Aware": false, "Actual Total Time": 16.345, "Parent Relationship": "Inner", "Peak Memory Usage": 3052, "Plan Width": 18, "Actual Loops": 1, "Original Hash Batches": 1, "Total Cost": 1587.0}], "Actual Rows": 84290408, "Node Type": "Hash Join", "Plan Rows": 3231, "Join Type": "Inner", "Parallel Aware": false, "Actual Total Time": 508.712, "Hash Cond": "(store_sales.ss_addr_sk = customer_address.ca_address_sk)", "Parent Relationship": "Outer", "Actual Startup Time": 27.692, "Plan Width": 22, "Actual Loops": 1, "Total Cost": 91312.76}], "Actual Rows": 1846, "Node Type": "Aggregate", "Strategy": "Hashed", "Plan Rows": 3231, "Parallel Aware": false, "Actual Total Time": 529.506, "Group Key": ["customer_address.ca_county", "date_dim.d_qoy", "date_dim.d_year"], "Actual Startup Time": 529.293, "Plan Width": 22, "Actual Loops": 1, "Total Cost": 91369.3}, "Triggers": []}]