[{"Execution Time": 571.551, "Planning Time": 0.228, "Plan": {"Partial Mode": "Simple", "Startup Cost": 91339.26, "Plans": [{"Startup Cost": 4713.89, "Plans": [{"Startup Cost": 2501.88, "Plans": [{"Startup Cost": 0.0, "Actual Rows": 2485280, "Plan Rows": 2622557, "Node Type": "Seq Scan", "Relation Name": "store_sales", "Alias": "store_sales", "Parallel Aware": false, "Actual Total Time": 269.332, "Parent Relationship": "Outer", "Actual Startup Time": 0.014, "Plan Width": 8, "Actual Loops": 1, "Total Cost": 76687.57}, {"Hash Buckets": 1024, "Startup Cost": 2500.73, "Plans": [{"Filter": "((d_qoy = 3) AND (d_year = 2000))", "Startup Cost": 0.0, "Actual Rows": 92, "Node Type": "Seq Scan", "Plan Rows": 92, "Relation Name": "date_dim", "Alias": "date_dim", "Parallel Aware": false, "Actual Total Time": 10.39, "Parent Relationship": "Outer", "Actual Startup Time": 5.355, "Plan Width": 12, "Actual Loops": 1, "Rows Removed by Filter": 72957, "Total Cost": 2500.73}], "Original Hash Buckets": 1024, "Hash Batches": 1, "Actual Rows": 92, "Node Type": "Hash", "Plan Rows": 92, "Actual Startup Time": 10.418, "Parallel Aware": false, "Actual Total Time": 10.418, "Parent Relationship": "Inner", "Peak Memory Usage": 12, "Plan Width": 12, "Actual Loops": 1, "Original Hash Batches": 1, "Total Cost": 2500.73}], "Actual Rows": 133544, "Node Type": "Hash Join", "Plan Rows": 3303, "Join Type": "Inner", "Parallel Aware": false, "Actual Total Time": 490.414, "Hash Cond": "(store_sales.ss_sold_date_sk = date_dim.d_date_sk)", "Parent Relationship": "Outer", "Actual Startup Time": 10.48, "Plan Width": 12, "Actual Loops": 1, "Total Cost": 89057.07}, {"Hash Buckets": 65536, "Startup Cost": 1587.0, "Plans": [{"Startup Cost": 0.0, "Actual Rows": 50000, "Plan Rows": 50000, "Node Type": "Seq Scan", "Relation Name": "customer_address", "Alias": "customer_address", "Parallel Aware": false, "Actual Total Time": 7.496, "Parent Relationship": "Outer", "Actual Startup Time": 0.005, "Plan Width": 18, "Actual Loops": 1, "Total Cost": 1587.0}], "Original Hash Buckets": 65536, "Hash Batches": 1, "Actual Rows": 50000, "Node Type": "Hash", "Plan Rows": 50000, "Actual Startup Time": 14.911, "Parallel Aware": false, "Actual Total Time": 14.912, "Parent Relationship": "Inner", "Peak Memory Usage": 3052, "Plan Width": 18, "Actual Loops": 1, "Original Hash Batches": 1, "Total Cost": 1587.0}], "Actual Rows": 276073758, "Node Type": "Hash Join", "Plan Rows": 3303, "Join Type": "Inner", "Parallel Aware": false, "Actual Total Time": 535.471, "Hash Cond": "(store_sales.ss_addr_sk = customer_address.ca_address_sk)", "Parent Relationship": "Outer", "Actual Startup Time": 25.415, "Plan Width": 22, "Actual Loops": 1, "Total Cost": 91314.49}], "Actual Rows": 1846, "Node Type": "Aggregate", "Strategy": "Hashed", "Plan Rows": 3303, "Parallel Aware": false, "Actual Total Time": 571.455, "Group Key": ["customer_address.ca_county", "date_dim.d_qoy", "date_dim.d_year"], "Actual Startup Time": 571.234, "Plan Width": 22, "Actual Loops": 1, "Total Cost": 91372.29}, "Triggers": []}]