[{"Execution Time": 172.458, "Planning Time": 0.156, "Plan": {"Partial Mode": "Simple", "Startup Cost": 33556.77, "Plans": [{"Startup Cost": 4713.86, "Plans": [{"Startup Cost": 2501.86, "Plans": [{"Startup Cost": 0.0, "Actual Rows": 648065, "Plan Rows": 719071, "Node Type": "Seq Scan", "Relation Name": "web_sales", "Alias": "web_sales", "Parallel Aware": false, "Actual Total Time": 81.539, "Parent Relationship": "Outer", "Actual Startup Time": 0.015, "Plan Width": 8, "Actual Loops": 1, "Total Cost": 26118.71}, {"Hash Buckets": 1024, "Startup Cost": 2500.73, "Plans": [{"Filter": "((d_qoy = 1) AND (d_year = 2000))", "Startup Cost": 0.0, "Actual Rows": 91, "Node Type": "Seq Scan", "Plan Rows": 90, "Relation Name": "date_dim", "Alias": "date_dim", "Parallel Aware": false, "Actual Total Time": 11.246, "Parent Relationship": "Outer", "Actual Startup Time": 5.73, "Plan Width": 12, "Actual Loops": 1, "Rows Removed by Filter": 72958, "Total Cost": 2500.73}], "Original Hash Buckets": 1024, "Hash Batches": 1, "Actual Rows": 91, "Node Type": "Hash", "Plan Rows": 90, "Actual Startup Time": 11.264, "Parallel Aware": false, "Actual Total Time": 11.264, "Parent Relationship": "Inner", "Peak Memory Usage": 12, "Plan Width": 12, "Actual Loops": 1, "Original Hash Batches": 1, "Total Cost": 2500.73}], "Actual Rows": 19598, "Node Type": "Hash Join", "Plan Rows": 886, "Join Type": "Inner", "Parallel Aware": false, "Actual Total Time": 143.638, "Hash Cond": "(web_sales.ws_sold_date_sk = date_dim.d_date_sk)", "Parent Relationship": "Outer", "Actual Startup Time": 11.341, "Plan Width": 12, "Actual Loops": 1, "Total Cost": 31325.95}, {"Hash Buckets": 65536, "Startup Cost": 1587.0, "Plans": [{"Startup Cost": 0.0, "Actual Rows": 50000, "Plan Rows": 50000, "Node Type": "Seq Scan", "Relation Name": "customer_address", "Alias": "customer_address", "Parallel Aware": false, "Actual Total Time": 9.583, "Parent Relationship": "Outer", "Actual Startup Time": 0.005, "Plan Width": 18, "Actual Loops": 1, "Total Cost": 1587.0}], "Original Hash Buckets": 65536, "Hash Batches": 1, "Actual Rows": 50000, "Node Type": "Hash", "Plan Rows": 50000, "Actual Startup Time": 19.014, "Parallel Aware": false, "Actual Total Time": 19.014, "Parent Relationship": "Inner", "Peak Memory Usage": 3052, "Plan Width": 18, "Actual Loops": 1, "Original Hash Batches": 1, "Total Cost": 1587.0}], "Actual Rows": 22040758, "Node Type": "Hash Join", "Plan Rows": 886, "Join Type": "Inner", "Parallel Aware": false, "Actual Total Time": 167.049, "Hash Cond": "(web_sales.ws_bill_addr_sk = customer_address.ca_address_sk)", "Parent Relationship": "Outer", "Actual Startup Time": 30.376, "Plan Width": 22, "Actual Loops": 1, "Total Cost": 33550.13}], "Actual Rows": 1846, "Node Type": "Aggregate", "Strategy": "Hashed", "Plan Rows": 886, "Parallel Aware": false, "Actual Total Time": 172.403, "Group Key": ["customer_address.ca_county", "date_dim.d_qoy", "date_dim.d_year"], "Actual Startup Time": 172.29, "Plan Width": 22, "Actual Loops": 1, "Total Cost": 33565.63}, "Triggers": []}]