[{"Execution Time": 189.058, "Planning Time": 0.339, "Plan": {"Partial Mode": "Simple", "Startup Cost": 33557.42, "Plans": [{"Startup Cost": 4713.89, "Plans": [{"Startup Cost": 2501.88, "Plans": [{"Startup Cost": 0.0, "Actual Rows": 648065, "Plan Rows": 719071, "Node Type": "Seq Scan", "Relation Name": "web_sales", "Alias": "web_sales", "Parallel Aware": false, "Actual Total Time": 83.86, "Parent Relationship": "Outer", "Actual Startup Time": 0.016, "Plan Width": 8, "Actual Loops": 1, "Total Cost": 26118.71}, {"Hash Buckets": 1024, "Startup Cost": 2500.73, "Plans": [{"Filter": "((d_qoy = 3) AND (d_year = 2000))", "Startup Cost": 0.0, "Actual Rows": 92, "Node Type": "Seq Scan", "Plan Rows": 92, "Relation Name": "date_dim", "Alias": "date_dim", "Parallel Aware": false, "Actual Total Time": 12.545, "Parent Relationship": "Outer", "Actual Startup Time": 6.115, "Plan Width": 12, "Actual Loops": 1, "Rows Removed by Filter": 72957, "Total Cost": 2500.73}], "Original Hash Buckets": 1024, "Hash Batches": 1, "Actual Rows": 92, "Node Type": "Hash", "Plan Rows": 92, "Actual Startup Time": 12.563, "Parallel Aware": false, "Actual Total Time": 12.563, "Parent Relationship": "Inner", "Peak Memory Usage": 12, "Plan Width": 12, "Actual Loops": 1, "Original Hash Batches": 1, "Total Cost": 2500.73}], "Actual Rows": 33579, "Node Type": "Hash Join", "Plan Rows": 906, "Join Type": "Inner", "Parallel Aware": false, "Actual Total Time": 151.405, "Hash Cond": "(web_sales.ws_sold_date_sk = date_dim.d_date_sk)", "Parent Relationship": "Outer", "Actual Startup Time": 12.596, "Plan Width": 12, "Actual Loops": 1, "Total Cost": 31326.17}, {"Hash Buckets": 65536, "Startup Cost": 1587.0, "Plans": [{"Startup Cost": 0.0, "Actual Rows": 50000, "Plan Rows": 50000, "Node Type": "Seq Scan", "Relation Name": "customer_address", "Alias": "customer_address", "Parallel Aware": false, "Actual Total Time": 10.074, "Parent Relationship": "Outer", "Actual Startup Time": 0.01, "Plan Width": 18, "Actual Loops": 1, "Total Cost": 1587.0}], "Original Hash Buckets": 65536, "Hash Batches": 1, "Actual Rows": 50000, "Node Type": "Hash", "Plan Rows": 50000, "Actual Startup Time": 20.896, "Parallel Aware": false, "Actual Total Time": 20.896, "Parent Relationship": "Inner", "Peak Memory Usage": 3052, "Plan Width": 18, "Actual Loops": 1, "Original Hash Batches": 1, "Total Cost": 1587.0}], "Actual Rows": 38339807, "Node Type": "Hash Join", "Plan Rows": 906, "Join Type": "Inner", "Parallel Aware": false, "Actual Total Time": 179.79, "Hash Cond": "(web_sales.ws_bill_addr_sk = customer_address.ca_address_sk)", "Parent Relationship": "Outer", "Actual Startup Time": 33.535, "Plan Width": 22, "Actual Loops": 1, "Total Cost": 33550.63}], "Actual Rows": 1846, "Node Type": "Aggregate", "Strategy": "Hashed", "Plan Rows": 906, "Parallel Aware": false, "Actual Total Time": 188.956, "Group Key": ["customer_address.ca_county", "date_dim.d_qoy", "date_dim.d_year"], "Actual Startup Time": 188.771, "Plan Width": 22, "Actual Loops": 1, "Total Cost": 33566.48}, "Triggers": []}]