[{"Triggers": [], "Planning Time": 0.349, "Plan": {"Startup Cost": 10000267609.18, "Plan Width": 191, "Plans": [{"Startup Cost": 10000267609.18, "Plan Width": 191, "Plans": [{"Startup Cost": 10790.6, "Plan Width": 191, "Plans": [{"Startup Cost": 7742.0, "Plan Width": 191, "Plans": [{"Startup Cost": 0.0, "Plan Width": 8, "Actual Total Time": 158.233, "Node Type": "Seq Scan", "Total Cost": 26118.71, "Plan Rows": 719071, "Relation Name": "web_sales", "Alias": "web_sales", "Parallel Aware": false, "Actual Rows": 648065, "Parent Relationship": "Outer", "Actual Startup Time": 0.022, "Actual Loops": 1}, {"Hash Buckets": 32768, "Startup Cost": 3855.0, "Plan Width": 191, "Plans": [{"Startup Cost": 0.0, "Plan Width": 191, "Actual Total Time": 27.839, "Node Type": "Seq Scan", "Total Cost": 3855.0, "Plan Rows": 100000, "Relation Name": "customer", "Alias": "customer", "Parallel Aware": false, "Actual Rows": 94736, "Parent Relationship": "Outer", "Actual Startup Time": 0.006, "Actual Loops": 1}], "Original Hash Buckets": 32768, "Hash Batches": 8, "Node Type": "Hash", "Total Cost": 3855.0, "Plan Rows": 100000, "Actual Total Time": 71.084, "Parallel Aware": false, "Actual Rows": 94736, "Parent Relationship": "Inner", "Peak Memory Usage": 2253, "Actual Startup Time": 71.084, "Original Hash Batches": 8, "Actual Loops": 1}], "Plan Rows": 719071, "Total Cost": 52002.94, "Node Type": "Hash Join", "Join Type": "Inner", "Actual Total Time": 563.485, "Parallel Aware": false, "Actual Rows": 648065, "Parent Relationship": "Outer", "Hash Cond": "(web_sales.ws_bill_customer_sk = customer.c_customer_sk)", "Actual Startup Time": 71.219, "Actual Loops": 1}, {"Hash Buckets": 131072, "Startup Cost": 2135.49, "Plan Width": 8, "Plans": [{"Startup Cost": 0.0, "Plan Width": 8, "Actual Total Time": 15.497, "Node Type": "Seq Scan", "Total Cost": 2135.49, "Plan Rows": 73049, "Relation Name": "date_dim", "Alias": "date_dim", "Parallel Aware": false, "Actual Rows": 73049, "Parent Relationship": "Outer", "Actual Startup Time": 0.007, "Actual Loops": 1}], "Original Hash Buckets": 131072, "Hash Batches": 1, "Node Type": "Hash", "Total Cost": 2135.49, "Plan Rows": 73049, "Actual Total Time": 30.509, "Parallel Aware": false, "Actual Rows": 73049, "Parent Relationship": "Inner", "Peak Memory Usage": 3878, "Actual Startup Time": 30.509, "Original Hash Batches": 1, "Actual Loops": 1}], "Plan Rows": 719071, "Total Cost": 64938.76, "Node Type": "Hash Join", "Join Type": "Inner", "Actual Total Time": 756.61, "Parallel Aware": false, "Actual Rows": 720000376, "Parent Relationship": "Outer", "Hash Cond": "(web_sales.ws_sold_date_sk = date_dim.d_date_sk)", "Actual Startup Time": 101.787, "Actual Loops": 1}], "Sort Key": ["customer.c_customer_id", "customer.c_first_name", "customer.c_last_name", "customer.c_preferred_cust_flag", "customer.c_birth_country", "customer.c_login", "customer.c_email_address", "date_dim.d_year"], "Node Type": "Sort", "Actual Total Time": 6183.542, "Plan Rows": 719071, "Sort Space Used": 92568, "Sort Method": "external merge", "Parallel Aware": false, "Actual Rows": 648065, "Total Cost": 10000269406.86, "Parent Relationship": "Outer", "Actual Startup Time": 4576.861, "Actual Loops": 1, "Sort Space Type": "Disk"}], "Plan Rows": 719071, "Node Type": "Unique", "Actual Total Time": 6458.232, "Parallel Aware": false, "Actual Rows": 38102947, "Total Cost": 10000283788.28, "Actual Startup Time": 4576.861, "Actual Loops": 1}, "Execution Time": 6475.836}]