[{"Triggers": [], "Planning Time": 0.814, "Plan": {"Partial Mode": "Simple", "Startup Cost": 96787.48, "Plan Width": 3, "Plans": [{"Startup Cost": 92554.51, "Plan Width": 3, "Plans": [{"Startup Cost": 90342.51, "Plan Width": 4, "Plans": [{"Startup Cost": 0.0, "Plan Width": 8, "Actual Total Time": 7.99, "Node Type": "Seq Scan", "Total Cost": 3855.0, "Plan Rows": 100000, "Relation Name": "customer", "Alias": "customer", "Parallel Aware": false, "Actual Rows": 94736, "Parent Relationship": "Outer", "Actual Startup Time": 0.006, "Actual Loops": 1}, {"Hash Buckets": 4096, "Startup Cost": 90341.1, "Plan Width": 4, "Plans": [{"Startup Cost": 3803.0, "Plan Width": 4, "Plans": [{"Startup Cost": 2318.49, "Plan Width": 8, "Plans": [{"Startup Cost": 0.0, "Plan Width": 12, "Actual Total Time": 343.546, "Node Type": "Seq Scan", "Total Cost": 76687.57, "Plan Rows": 2622557, "Relation Name": "store_sales", "Alias": "store_sales", "Parallel Aware": false, "Actual Rows": 2485280, "Parent Relationship": "Outer", "Actual Startup Time": 0.014, "Actual Loops": 1}, {"Hash Buckets": 1024, "Startup Cost": 2318.11, "Plan Width": 4, "Plans": [{"Relation Name": "date_dim", "Startup Cost": 0.0, "Plan Width": 4, "Actual Total Time": 7.849, "Node Type": "Seq Scan", "Total Cost": 2318.11, "Plan Rows": 30, "Filter": "(d_month_seq = 1180)", "Alias": "date_dim", "Parallel Aware": false, "Actual Rows": 31, "Parent Relationship": "Outer", "Actual Startup Time": 3.864, "Rows Removed by Filter": 73018, "Actual Loops": 1}], "Original Hash Buckets": 1024, "Hash Batches": 1, "Node Type": "Hash", "Total Cost": 2318.11, "Plan Rows": 30, "Actual Total Time": 7.855, "Parallel Aware": false, "Actual Rows": 31, "Parent Relationship": "Inner", "Peak Memory Usage": 10, "Actual Startup Time": 7.855, "Original Hash Batches": 1, "Actual Loops": 1}], "Plan Rows": 1077, "Total Cost": 88851.42, "Node Type": "Hash Join", "Join Type": "Inner", "Actual Total Time": 595.795, "Parallel Aware": false, "Actual Rows": 24574, "Parent Relationship": "Outer", "Hash Cond": "(store_sales.ss_sold_date_sk = date_dim.d_date_sk)", "Actual Startup Time": 7.943, "Actual Loops": 1}, {"Hash Buckets": 2048, "Startup Cost": 1461.0, "Plan Width": 4, "Plans": [{"Relation Name": "item", "Startup Cost": 0.0, "Plan Width": 4, "Actual Total Time": 5.596, "Node Type": "Seq Scan", "Total Cost": 1461.0, "Plan Rows": 1881, "Filter": "(i_current_price > 11.424)", "Alias": "item", "Parallel Aware": false, "Actual Rows": 1842, "Parent Relationship": "Outer", "Actual Startup Time": 0.009, "Rows Removed by Filter": 16158, "Actual Loops": 1}], "Original Hash Buckets": 2048, "Hash Batches": 1, "Node Type": "Hash", "Total Cost": 1461.0, "Plan Rows": 1881, "Actual Total Time": 5.95, "Parallel Aware": false, "Actual Rows": 1842, "Parent Relationship": "Inner", "Peak Memory Usage": 81, "Actual Startup Time": 5.95, "Original Hash Batches": 1, "Actual Loops": 1}], "Plan Rows": 113, "Total Cost": 90341.1, "Node Type": "Hash Join", "Join Type": "Inner", "Actual Total Time": 608.672, "Parallel Aware": false, "Actual Rows": 2510, "Parent Relationship": "Outer", "Hash Cond": "(store_sales.ss_item_sk = item.i_item_sk)", "Actual Startup Time": 13.9, "Actual Loops": 1}], "Original Hash Buckets": 1024, "Hash Batches": 1, "Node Type": "Hash", "Total Cost": 90341.1, "Plan Rows": 113, "Actual Total Time": 609.77, "Parallel Aware": false, "Actual Rows": 2510, "Parent Relationship": "Inner", "Peak Memory Usage": 121, "Actual Startup Time": 609.77, "Original Hash Batches": 1, "Actual Loops": 1}], "Plan Rows": 113, "Total Cost": 94573.64, "Node Type": "Hash Join", "Join Type": "Inner", "Actual Total Time": 626.564, "Parallel Aware": false, "Actual Rows": 2510, "Parent Relationship": "Outer", "Hash Cond": "(customer.c_customer_sk = store_sales.ss_customer_sk)", "Actual Startup Time": 609.814, "Actual Loops": 1}, {"Hash Buckets": 65536, "Startup Cost": 1587.0, "Plan Width": 7, "Plans": [{"Startup Cost": 0.0, "Plan Width": 7, "Actual Total Time": 15.798, "Node Type": "Seq Scan", "Total Cost": 1587.0, "Plan Rows": 50000, "Relation Name": "customer_address", "Alias": "customer_address", "Parallel Aware": false, "Actual Rows": 50000, "Parent Relationship": "Outer", "Actual Startup Time": 0.01, "Actual Loops": 1}], "Original Hash Buckets": 65536, "Hash Batches": 1, "Node Type": "Hash", "Total Cost": 1587.0, "Plan Rows": 50000, "Actual Total Time": 29.781, "Parallel Aware": false, "Actual Rows": 50000, "Parent Relationship": "Inner", "Peak Memory Usage": 2460, "Actual Startup Time": 29.781, "Original Hash Batches": 1, "Actual Loops": 1}], "Plan Rows": 113, "Total Cost": 96787.19, "Node Type": "Hash Join", "Join Type": "Inner", "Actual Total Time": 657.203, "Parallel Aware": false, "Actual Rows": 2685754, "Parent Relationship": "Outer", "Hash Cond": "(customer.c_current_addr_sk = customer_address.ca_address_sk)", "Actual Startup Time": 639.652, "Actual Loops": 1}], "Node Type": "Aggregate", "Total Cost": 96787.99, "Strategy": "Hashed", "Actual Total Time": 657.626, "Plan Rows": 51, "Parallel Aware": false, "Actual Rows": 51, "Group Key": ["customer_address.ca_state"], "Actual Startup Time": 657.622, "Actual Loops": 1}, "Execution Time": 657.709}]