[{"Triggers": [], "Planning Time": 0.228, "Plan": {"Partial Mode": "Simple", "Startup Cost": 89078.81, "Plan Width": 85, "Plans": [{"Startup Cost": 2502.39, "Plan Width": 85, "Plans": [{"Startup Cost": 2501.12, "Plan Width": 4, "Plans": [{"Startup Cost": 0.0, "Plan Width": 8, "Actual Total Time": 309.872, "Node Type": "Seq Scan", "Total Cost": 76687.57, "Plan Rows": 2622557, "Relation Name": "store_sales", "Alias": "store_sales", "Parallel Aware": false, "Actual Rows": 2485280, "Parent Relationship": "Outer", "Actual Startup Time": 0.031, "Actual Loops": 1}, {"Hash Buckets": 1024, "Startup Cost": 2500.73, "Plan Width": 4, "Plans": [{"Relation Name": "date_dim", "Startup Cost": 0.0, "Plan Width": 4, "Actual Total Time": 11.247, "Node Type": "Seq Scan", "Total Cost": 2500.73, "Plan Rows": 31, "Filter": "((d_year = 2000) AND (d_moy = 8))", "Alias": "date_dim", "Parallel Aware": false, "Actual Rows": 31, "Parent Relationship": "Outer", "Actual Startup Time": 6.118, "Rows Removed by Filter": 73018, "Actual Loops": 1}], "Original Hash Buckets": 1024, "Hash Batches": 1, "Node Type": "Hash", "Total Cost": 2500.73, "Plan Rows": 31, "Actual Total Time": 11.258, "Parallel Aware": false, "Actual Rows": 31, "Parent Relationship": "Inner", "Peak Memory Usage": 10, "Actual Startup Time": 11.257, "Original Hash Batches": 1, "Actual Loops": 1}], "Plan Rows": 1113, "Total Cost": 89034.41, "Node Type": "Hash Join", "Join Type": "Inner", "Actual Total Time": 551.363, "Parallel Aware": false, "Actual Rows": 54261, "Parent Relationship": "Outer", "Hash Cond": "(store_sales.ss_sold_date_sk = date_dim.d_date_sk)", "Actual Startup Time": 11.373, "Actual Loops": 1}, {"Hash Buckets": 1024, "Startup Cost": 1.12, "Plan Width": 89, "Plans": [{"Startup Cost": 0.0, "Plan Width": 89, "Actual Total Time": 0.011, "Node Type": "Seq Scan", "Total Cost": 1.12, "Plan Rows": 12, "Relation Name": "store", "Alias": "store", "Parallel Aware": false, "Actual Rows": 12, "Parent Relationship": "Outer", "Actual Startup Time": 0.006, "Actual Loops": 1}], "Original Hash Buckets": 1024, "Hash Batches": 1, "Node Type": "Hash", "Total Cost": 1.12, "Plan Rows": 12, "Actual Total Time": 0.016, "Parallel Aware": false, "Actual Rows": 12, "Parent Relationship": "Inner", "Peak Memory Usage": 10, "Actual Startup Time": 0.016, "Original Hash Batches": 1, "Actual Loops": 1}], "Plan Rows": 1113, "Total Cost": 89050.99, "Node Type": "Hash Join", "Join Type": "Inner", "Actual Total Time": 568.007, "Parallel Aware": false, "Actual Rows": 60231759, "Parent Relationship": "Outer", "Hash Cond": "(store_sales.ss_store_sk = store.s_store_sk)", "Actual Startup Time": 11.394, "Actual Loops": 1}], "Node Type": "Aggregate", "Total Cost": 89078.93, "Strategy": "Hashed", "Actual Total Time": 617.884, "Plan Rows": 12, "Parallel Aware": false, "Actual Rows": 501, "Group Key": ["store.s_store_name", "store.s_company_id", "store.s_street_number", "store.s_street_name", "store.s_street_type", "store.s_suite_number", "store.s_city", "store.s_county", "store.s_state", "store.s_zip"], "Actual Startup Time": 617.883, "Actual Loops": 1}, "Execution Time": 617.931}]