[{"Triggers": [], "Planning Time": 0.089, "Plan": {"Partial Mode": "Simple", "Startup Cost": 40852.22, "Plan Width": 4, "Plans": [{"Startup Cost": 3048.6, "Plan Width": 4, "Plans": [{"Startup Cost": 0.0, "Plan Width": 4, "Actual Total Time": 97.742, "Node Type": "Seq Scan", "Total Cost": 26118.71, "Plan Rows": 719071, "Relation Name": "web_sales", "Alias": "web_sales", "Parallel Aware": false, "Actual Rows": 648065, "Parent Relationship": "Outer", "Actual Startup Time": 0.012, "Actual Loops": 1}, {"Hash Buckets": 131072, "Startup Cost": 2135.49, "Plan Width": 8, "Plans": [{"Startup Cost": 0.0, "Plan Width": 8, "Actual Total Time": 11.632, "Node Type": "Seq Scan", "Total Cost": 2135.49, "Plan Rows": 73049, "Relation Name": "date_dim", "Alias": "date_dim", "Parallel Aware": false, "Actual Rows": 73049, "Parent Relationship": "Outer", "Actual Startup Time": 0.004, "Actual Loops": 1}], "Original Hash Buckets": 131072, "Hash Batches": 1, "Node Type": "Hash", "Total Cost": 2135.49, "Plan Rows": 73049, "Actual Total Time": 23.56, "Parallel Aware": false, "Actual Rows": 73049, "Parent Relationship": "Inner", "Peak Memory Usage": 3878, "Actual Startup Time": 23.56, "Original Hash Batches": 1, "Actual Loops": 1}], "Plan Rows": 719071, "Total Cost": 39054.54, "Node Type": "Hash Join", "Join Type": "Inner", "Actual Total Time": 273.653, "Parallel Aware": false, "Actual Rows": 720000376, "Parent Relationship": "Outer", "Hash Cond": "(web_sales.ws_sold_date_sk = date_dim.d_date_sk)", "Actual Startup Time": 23.619, "Actual Loops": 1}], "Node Type": "Aggregate", "Total Cost": 40956.69, "Strategy": "Hashed", "Actual Total Time": 373.397, "Plan Rows": 10447, "Parallel Aware": false, "Actual Rows": 262, "Group Key": ["date_dim.d_week_seq"], "Actual Startup Time": 373.35, "Actual Loops": 1}, "Execution Time": 373.449}]