[{"Triggers": [], "Planning Time": 0.103, "Plan": {"Partial Mode": "Simple", "Startup Cost": 78088.07, "Plan Width": 4, "Plans": [{"Startup Cost": 3048.6, "Plan Width": 4, "Plans": [{"Startup Cost": 0.0, "Plan Width": 4, "Actual Total Time": 200.566, "Node Type": "Seq Scan", "Total Cost": 51844.7, "Plan Rows": 1427370, "Relation Name": "catalog_sales", "Alias": "catalog_sales", "Parallel Aware": false, "Actual Rows": 1343425, "Parent Relationship": "Outer", "Actual Startup Time": 0.014, "Actual Loops": 1}, {"Hash Buckets": 131072, "Startup Cost": 2135.49, "Plan Width": 8, "Plans": [{"Startup Cost": 0.0, "Plan Width": 8, "Actual Total Time": 10.545, "Node Type": "Seq Scan", "Total Cost": 2135.49, "Plan Rows": 73049, "Relation Name": "date_dim", "Alias": "date_dim", "Parallel Aware": false, "Actual Rows": 73049, "Parent Relationship": "Outer", "Actual Startup Time": 0.005, "Actual Loops": 1}], "Original Hash Buckets": 131072, "Hash Batches": 1, "Node Type": "Hash", "Total Cost": 2135.49, "Plan Rows": 73049, "Actual Total Time": 20.97, "Parallel Aware": false, "Actual Rows": 73049, "Parent Relationship": "Inner", "Peak Memory Usage": 3878, "Actual Startup Time": 20.97, "Original Hash Batches": 1, "Actual Loops": 1}], "Plan Rows": 1427370, "Total Cost": 74519.64, "Node Type": "Hash Join", "Join Type": "Inner", "Actual Total Time": 522.653, "Parallel Aware": false, "Actual Rows": 1439980416, "Parent Relationship": "Outer", "Hash Cond": "(catalog_sales.cs_sold_date_sk = date_dim.d_date_sk)", "Actual Startup Time": 21.039, "Actual Loops": 1}], "Node Type": "Aggregate", "Total Cost": 78192.54, "Strategy": "Hashed", "Actual Total Time": 726.523, "Plan Rows": 10447, "Parallel Aware": false, "Actual Rows": 264, "Group Key": ["date_dim.d_week_seq"], "Actual Startup Time": 726.452, "Actual Loops": 1}, "Execution Time": 726.585}]