[{"Triggers": [], "Planning Time": 0.298, "Plan": {"Partial Mode": "Simple", "Startup Cost": 61236.74, "Plan Width": 20, "Plans": [{"Startup Cost": 4022.16, "Plan Width": 20, "Plans": [{"Startup Cost": 4021.05, "Plan Width": 21, "Plans": [{"Startup Cost": 2501.45, "Plan Width": 8, "Plans": [{"Startup Cost": 0.0, "Plan Width": 12, "Actual Total Time": 182.049, "Node Type": "Seq Scan", "Total Cost": 51844.7, "Plan Rows": 1427370, "Relation Name": "catalog_sales", "Alias": "catalog_sales", "Parallel Aware": false, "Actual Rows": 1343425, "Parent Relationship": "Outer", "Actual Startup Time": 0.018, "Actual Loops": 1}, {"Hash Buckets": 1024, "Startup Cost": 2500.73, "Plan Width": 4, "Plans": [{"Relation Name": "date_dim", "Startup Cost": 0.0, "Plan Width": 4, "Actual Total Time": 8.851, "Node Type": "Seq Scan", "Total Cost": 2500.73, "Plan Rows": 57, "Filter": "((d_date >= '1998-02-08'::date) AND (d_date <= '1998-04-08'::date))", "Alias": "date_dim", "Parallel Aware": false, "Actual Rows": 60, "Parent Relationship": "Outer", "Actual Startup Time": 4.044, "Rows Removed by Filter": 72989, "Actual Loops": 1}], "Original Hash Buckets": 1024, "Hash Batches": 1, "Node Type": "Hash", "Total Cost": 2500.73, "Plan Rows": 57, "Actual Total Time": 8.861, "Parallel Aware": false, "Actual Rows": 60, "Parent Relationship": "Inner", "Peak Memory Usage": 11, "Actual Startup Time": 8.861, "Original Hash Batches": 1, "Actual Loops": 1}], "Plan Rows": 1114, "Total Cost": 59709.93, "Node Type": "Hash Join", "Join Type": "Inner", "Actual Total Time": 304.877, "Parallel Aware": false, "Actual Rows": 25332, "Parent Relationship": "Outer", "Hash Cond": "(catalog_sales.cs_sold_date_sk = date_dim.d_date_sk)", "Actual Startup Time": 10.198, "Actual Loops": 1}, {"Hash Buckets": 2048, "Startup Cost": 1506.0, "Plan Width": 21, "Plans": [{"Relation Name": "item", "Startup Cost": 0.0, "Plan Width": 21, "Actual Total Time": 6.545, "Node Type": "Seq Scan", "Total Cost": 1506.0, "Plan Rows": 1088, "Filter": "((i_current_price >= 0.99) AND (i_current_price <= 1.49))", "Alias": "item", "Parallel Aware": false, "Actual Rows": 1104, "Parent Relationship": "Outer", "Actual Startup Time": 0.004, "Rows Removed by Filter": 16896, "Actual Loops": 1}], "Original Hash Buckets": 2048, "Hash Batches": 1, "Node Type": "Hash", "Total Cost": 1506.0, "Plan Rows": 1088, "Actual Total Time": 6.778, "Parallel Aware": false, "Actual Rows": 1104, "Parent Relationship": "Inner", "Peak Memory Usage": 77, "Actual Startup Time": 6.778, "Original Hash Batches": 1, "Actual Loops": 1}], "Plan Rows": 67, "Total Cost": 61234.37, "Node Type": "Hash Join", "Join Type": "Inner", "Actual Total Time": 313.873, "Parallel Aware": false, "Actual Rows": 1546, "Parent Relationship": "Outer", "Hash Cond": "(catalog_sales.cs_item_sk = item.i_item_sk)", "Actual Startup Time": 17.575, "Actual Loops": 1}, {"Hash Buckets": 1024, "Startup Cost": 1.05, "Plan Width": 7, "Plans": [{"Startup Cost": 0.0, "Plan Width": 7, "Actual Total Time": 0.005, "Node Type": "Seq Scan", "Total Cost": 1.05, "Plan Rows": 5, "Relation Name": "warehouse", "Alias": "warehouse", "Parallel Aware": false, "Actual Rows": 5, "Parent Relationship": "Outer", "Actual Startup Time": 0.004, "Actual Loops": 1}], "Original Hash Buckets": 1024, "Hash Batches": 1, "Node Type": "Hash", "Total Cost": 1.05, "Plan Rows": 5, "Actual Total Time": 0.008, "Parallel Aware": false, "Actual Rows": 5, "Parent Relationship": "Inner", "Peak Memory Usage": 9, "Actual Startup Time": 0.008, "Original Hash Batches": 1, "Actual Loops": 1}], "Plan Rows": 67, "Total Cost": 61236.41, "Node Type": "Hash Join", "Join Type": "Inner", "Actual Total Time": 314.222, "Parallel Aware": false, "Actual Rows": 1724291, "Parent Relationship": "Outer", "Hash Cond": "(catalog_sales.cs_warehouse_sk = warehouse.w_warehouse_sk)", "Actual Startup Time": 17.586, "Actual Loops": 1}], "Node Type": "Aggregate", "Total Cost": 61237.41, "Strategy": "Hashed", "Actual Total Time": 314.818, "Plan Rows": 67, "Parallel Aware": false, "Actual Rows": 125588, "Group Key": ["warehouse.w_state", "item.i_item_id"], "Actual Startup Time": 314.693, "Actual Loops": 1}, "Execution Time": 314.899}]