[{"Triggers": [], "Planning Time": 0.744, "Plan": {"Partial Mode": "Simple", "Startup Cost": 108715.47, "Plan Width": 106, "Plans": [{"Startup Cost": 61443.11, "Plan Width": 106, "Plans": [{"Startup Cost": 59802.11, "Plan Width": 8, "Plans": [{"Relation Name": "customer_demographics", "Startup Cost": 0.0, "Plan Width": 4, "Actual Total Time": 279.92, "Node Type": "Seq Scan", "Total Cost": 45838.0, "Plan Rows": 380703, "Filter": "(cd_marital_status = 'M'::bpchar)", "Alias": "customer_demographics", "Parallel Aware": false, "Actual Rows": 384160, "Parent Relationship": "Outer", "Actual Startup Time": 0.014, "Rows Removed by Filter": 1536640, "Actual Loops": 1}, {"Hash Buckets": 65536, "Startup Cost": 59787.34, "Plan Width": 12, "Plans": [{"Startup Cost": 2480.65, "Plan Width": 12, "Plans": [{"Startup Cost": 2322.65, "Plan Width": 16, "Plans": [{"Startup Cost": 0.0, "Plan Width": 16, "Actual Total Time": 193.758, "Node Type": "Seq Scan", "Total Cost": 51844.7, "Plan Rows": 1427370, "Relation Name": "catalog_sales", "Alias": "catalog_sales", "Parallel Aware": false, "Actual Rows": 1343425, "Parent Relationship": "Outer", "Actual Startup Time": 0.012, "Actual Loops": 1}, {"Hash Buckets": 1024, "Startup Cost": 2318.11, "Plan Width": 8, "Plans": [{"Relation Name": "date_dim", "Startup Cost": 0.0, "Plan Width": 8, "Actual Total Time": 10.853, "Node Type": "Seq Scan", "Total Cost": 2318.11, "Plan Rows": 363, "Filter": "(d_year = 1998)", "Alias": "date_dim", "Parallel Aware": false, "Actual Rows": 365, "Parent Relationship": "Outer", "Actual Startup Time": 5.001, "Rows Removed by Filter": 72684, "Actual Loops": 1}], "Original Hash Buckets": 1024, "Hash Batches": 1, "Node Type": "Hash", "Total Cost": 2318.11, "Plan Rows": 363, "Actual Total Time": 10.911, "Parallel Aware": false, "Actual Rows": 365, "Parent Relationship": "Inner", "Peak Memory Usage": 23, "Actual Startup Time": 10.911, "Original Hash Batches": 1, "Actual Loops": 1}], "Plan Rows": 7093, "Total Cost": 59590.92, "Node Type": "Hash Join", "Join Type": "Inner", "Actual Total Time": 381.124, "Parallel Aware": false, "Actual Rows": 267393, "Parent Relationship": "Outer", "Hash Cond": "(catalog_sales.cs_sold_date_sk = date_dim.d_date_sk)", "Actual Startup Time": 10.933, "Actual Loops": 1}, {"Hash Buckets": 2048, "Startup Cost": 143.0, "Plan Width": 4, "Plans": [{"Relation Name": "household_demographics", "Startup Cost": 0.0, "Plan Width": 4, "Actual Total Time": 0.85, "Node Type": "Seq Scan", "Total Cost": 143.0, "Plan Rows": 1200, "Filter": "(hd_buy_potential = 'from1001to5000'::bpchar)", "Alias": "household_demographics", "Parallel Aware": false, "Actual Rows": 1200, "Parent Relationship": "Outer", "Actual Startup Time": 0.009, "Rows Removed by Filter": 6000, "Actual Loops": 1}], "Original Hash Buckets": 2048, "Hash Batches": 1, "Node Type": "Hash", "Total Cost": 143.0, "Plan Rows": 1200, "Actual Total Time": 0.994, "Parallel Aware": false, "Actual Rows": 1200, "Parent Relationship": "Inner", "Peak Memory Usage": 59, "Actual Startup Time": 0.994, "Original Hash Batches": 1, "Actual Loops": 1}], "Plan Rows": 1182, "Total Cost": 59787.34, "Node Type": "Hash Join", "Join Type": "Inner", "Actual Total Time": 412.448, "Parallel Aware": false, "Actual Rows": 45399, "Parent Relationship": "Outer", "Hash Cond": "(catalog_sales.cs_bill_hdemo_sk = household_demographics.hd_demo_sk)", "Actual Startup Time": 11.961, "Actual Loops": 1}], "Original Hash Buckets": 2048, "Hash Batches": 1, "Node Type": "Hash", "Total Cost": 59787.34, "Plan Rows": 1182, "Actual Total Time": 420.717, "Parallel Aware": false, "Actual Rows": 45399, "Parent Relationship": "Inner", "Peak Memory Usage": 2463, "Actual Startup Time": 420.717, "Original Hash Batches": 1, "Actual Loops": 1}], "Plan Rows": 234, "Total Cost": 107070.09, "Node Type": "Hash Join", "Join Type": "Inner", "Actual Total Time": 757.925, "Parallel Aware": false, "Actual Rows": 9240, "Parent Relationship": "Outer", "Hash Cond": "(customer_demographics.cd_demo_sk = catalog_sales.cs_bill_cdemo_sk)", "Actual Startup Time": 420.806, "Actual Loops": 1}, {"Hash Buckets": 32768, "Startup Cost": 1416.0, "Plan Width": 106, "Plans": [{"Startup Cost": 0.0, "Plan Width": 106, "Actual Total Time": 4.798, "Node Type": "Seq Scan", "Total Cost": 1416.0, "Plan Rows": 18000, "Relation Name": "item", "Alias": "item", "Parallel Aware": false, "Actual Rows": 18000, "Parent Relationship": "Outer", "Actual Startup Time": 0.009, "Actual Loops": 1}], "Original Hash Buckets": 32768, "Hash Batches": 1, "Node Type": "Hash", "Total Cost": 1416.0, "Plan Rows": 18000, "Actual Total Time": 9.584, "Parallel Aware": false, "Actual Rows": 18000, "Parent Relationship": "Inner", "Peak Memory Usage": 2713, "Actual Startup Time": 9.584, "Original Hash Batches": 1, "Actual Loops": 1}], "Plan Rows": 234, "Total Cost": 108714.3, "Node Type": "Hash Join", "Join Type": "Inner", "Actual Total Time": 772.068, "Parallel Aware": false, "Actual Rows": 9522665, "Parent Relationship": "Outer", "Hash Cond": "(catalog_sales.cs_item_sk = item.i_item_sk)", "Actual Startup Time": 430.415, "Actual Loops": 1}], "Node Type": "Aggregate", "Total Cost": 108717.81, "Strategy": "Hashed", "Actual Total Time": 779.063, "Plan Rows": 234, "Parallel Aware": false, "Actual Rows": 5008316, "Group Key": ["item.i_item_desc", "date_dim.d_week_seq"], "Actual Startup Time": 777.518, "Actual Loops": 1}, "Execution Time": 779.443}]