[{"Triggers": [], "Planning Time": 0.281, "Plan": {"Partial Mode": "Simple", "Startup Cost": 92334.94, "Plan Width": 123, "Plans": [{"Startup Cost": 88069.42, "Plan Width": 123, "Plans": [{"Startup Cost": 0.0, "Plan Width": 56, "Actual Total Time": 10.662, "Node Type": "Seq Scan", "Total Cost": 3855.0, "Plan Rows": 100000, "Relation Name": "customer", "Alias": "customer", "Parallel Aware": false, "Actual Rows": 94736, "Parent Relationship": "Outer", "Actual Startup Time": 0.004, "Actual Loops": 1}, {"Hash Buckets": 2048, "Startup Cost": 88055.75, "Plan Width": 75, "Plans": [{"Startup Cost": 1462.56, "Plan Width": 75, "Plans": [{"Startup Cost": 1461.38, "Plan Width": 71, "Plans": [{"Startup Cost": 0.0, "Plan Width": 12, "Actual Total Time": 305.153, "Node Type": "Seq Scan", "Total Cost": 76687.57, "Plan Rows": 2622557, "Relation Name": "store_sales", "Alias": "store_sales", "Parallel Aware": false, "Actual Rows": 2485280, "Parent Relationship": "Outer", "Actual Startup Time": 0.021, "Actual Loops": 1}, {"Hash Buckets": 1024, "Startup Cost": 1461.0, "Plan Width": 67, "Plans": [{"Relation Name": "item", "Startup Cost": 0.0, "Plan Width": 67, "Actual Total Time": 7.407, "Node Type": "Seq Scan", "Total Cost": 1461.0, "Plan Rows": 30, "Filter": "(i_color = 'coral'::bpchar)", "Alias": "item", "Parallel Aware": false, "Actual Rows": 30, "Parent Relationship": "Outer", "Actual Startup Time": 0.016, "Rows Removed by Filter": 17970, "Actual Loops": 1}], "Original Hash Buckets": 1024, "Hash Batches": 1, "Node Type": "Hash", "Total Cost": 1461.0, "Plan Rows": 30, "Actual Total Time": 7.436, "Parallel Aware": false, "Actual Rows": 30, "Parent Relationship": "Inner", "Peak Memory Usage": 11, "Actual Startup Time": 7.436, "Original Hash Batches": 1, "Actual Loops": 1}], "Plan Rows": 4371, "Total Cost": 88027.24, "Node Type": "Hash Join", "Join Type": "Inner", "Actual Total Time": 548.953, "Parallel Aware": false, "Actual Rows": 4641, "Parent Relationship": "Outer", "Hash Cond": "(store_sales.ss_item_sk = item.i_item_sk)", "Actual Startup Time": 7.773, "Actual Loops": 1}, {"Hash Buckets": 1024, "Startup Cost": 1.15, "Plan Width": 12, "Plans": [{"Relation Name": "store", "Startup Cost": 0.0, "Plan Width": 12, "Actual Total Time": 0.006, "Node Type": "Seq Scan", "Total Cost": 1.15, "Plan Rows": 3, "Filter": "(s_market_id = 8)", "Alias": "store", "Parallel Aware": false, "Actual Rows": 3, "Parent Relationship": "Outer", "Actual Startup Time": 0.004, "Rows Removed by Filter": 9, "Actual Loops": 1}], "Original Hash Buckets": 1024, "Hash Batches": 1, "Node Type": "Hash", "Total Cost": 1.15, "Plan Rows": 3, "Actual Total Time": 0.008, "Parallel Aware": false, "Actual Rows": 3, "Parent Relationship": "Inner", "Peak Memory Usage": 9, "Actual Startup Time": 0.008, "Original Hash Batches": 1, "Actual Loops": 1}], "Plan Rows": 1093, "Total Cost": 88055.75, "Node Type": "Hash Join", "Join Type": "Inner", "Actual Total Time": 550.379, "Parallel Aware": false, "Actual Rows": 1536, "Parent Relationship": "Outer", "Hash Cond": "(store_sales.ss_store_sk = store.s_store_sk)", "Actual Startup Time": 7.785, "Actual Loops": 1}], "Original Hash Buckets": 2048, "Hash Batches": 1, "Node Type": "Hash", "Total Cost": 88055.75, "Plan Rows": 1093, "Actual Total Time": 551.423, "Parallel Aware": false, "Actual Rows": 1536, "Parent Relationship": "Inner", "Peak Memory Usage": 178, "Actual Startup Time": 551.423, "Original Hash Batches": 1, "Actual Loops": 1}], "Plan Rows": 1093, "Total Cost": 92310.35, "Node Type": "Hash Join", "Join Type": "Inner", "Actual Total Time": 574.236, "Parallel Aware": false, "Actual Rows": 530399, "Parent Relationship": "Outer", "Hash Cond": "(customer.c_customer_sk = store_sales.ss_customer_sk)", "Actual Startup Time": 551.446, "Actual Loops": 1}], "Node Type": "Aggregate", "Total Cost": 92345.87, "Strategy": "Hashed", "Actual Total Time": 576.126, "Plan Rows": 1093, "Parallel Aware": false, "Actual Rows": 525574, "Group Key": ["customer.c_last_name", "customer.c_first_name", "store.s_store_name", "store.s_state", "item.i_color", "item.i_current_price", "item.i_manager_id", "item.i_units", "item.i_size"], "Actual Startup Time": 575.838, "Actual Loops": 1}, "Execution Time": 576.225}]