[{"Execution Time": 14759.218, "Planning Time": 0.216, "Plan": {"Startup Cost": 10000525041.36, "Actual Rows": 56721961, "Plans": [{"Plans": [{"Startup Cost": 10790.6, "Actual Rows": 1439980416, "Plans": [{"Startup Cost": 7742.0, "Actual Rows": 1343425, "Plans": [{"Startup Cost": 0.0, "Actual Rows": 1343425, "Node Type": "Seq Scan", "Plan Rows": 1427370, "Relation Name": "catalog_sales", "Alias": "catalog_sales", "Parallel Aware": false, "Actual Total Time": 287.417, "Parent Relationship": "Outer", "Actual Startup Time": 0.014, "Plan Width": 8, "Actual Loops": 1, "Total Cost": 51844.7}, {"Hash Buckets": 32768, "Startup Cost": 3855.0, "Plans": [{"Startup Cost": 0.0, "Actual Rows": 94736, "Node Type": "Seq Scan", "Plan Rows": 100000, "Relation Name": "customer", "Alias": "customer", "Parallel Aware": false, "Actual Total Time": 24.114, "Parent Relationship": "Outer", "Actual Startup Time": 0.004, "Plan Width": 191, "Actual Loops": 1, "Total Cost": 3855.0}], "Actual Rows": 94736, "Original Hash Buckets": 32768, "Hash Batches": 8, "Peak Memory Usage": 2252, "Node Type": "Hash", "Plan Rows": 100000, "Parallel Aware": false, "Actual Total Time": 61.59, "Parent Relationship": "Inner", "Actual Startup Time": 61.59, "Plan Width": 191, "Actual Loops": 1, "Original Hash Batches": 8, "Total Cost": 3855.0}], "Node Type": "Hash Join", "Plan Rows": 1427370, "Join Type": "Inner", "Parallel Aware": false, "Actual Total Time": 1019.12, "Hash Cond": "(catalog_sales.cs_bill_customer_sk = customer.c_customer_sk)", "Parent Relationship": "Outer", "Actual Startup Time": 61.72, "Plan Width": 191, "Actual Loops": 1, "Total Cost": 93002.04}, {"Hash Buckets": 131072, "Startup Cost": 2135.49, "Plans": [{"Startup Cost": 0.0, "Actual Rows": 73049, "Node Type": "Seq Scan", "Plan Rows": 73049, "Relation Name": "date_dim", "Alias": "date_dim", "Parallel Aware": false, "Actual Total Time": 11.159, "Parent Relationship": "Outer", "Actual Startup Time": 0.006, "Plan Width": 8, "Actual Loops": 1, "Total Cost": 2135.49}], "Actual Rows": 73049, "Original Hash Buckets": 131072, "Hash Batches": 1, "Peak Memory Usage": 3878, "Node Type": "Hash", "Plan Rows": 73049, "Parallel Aware": false, "Actual Total Time": 21.067, "Parent Relationship": "Inner", "Actual Startup Time": 21.067, "Plan Width": 8, "Actual Loops": 1, "Original Hash Batches": 1, "Total Cost": 2135.49}], "Node Type": "Hash Join", "Plan Rows": 1427370, "Join Type": "Inner", "Parallel Aware": false, "Actual Total Time": 1354.522, "Hash Cond": "(catalog_sales.cs_sold_date_sk = date_dim.d_date_sk)", "Parent Relationship": "Outer", "Actual Startup Time": 82.834, "Plan Width": 191, "Actual Loops": 1, "Total Cost": 115676.98}], "Startup Cost": 10000525041.36, "Actual Rows": 1343425, "Sort Space Type": "Disk", "Sort Key": ["customer.c_customer_id", "customer.c_first_name", "customer.c_last_name", "customer.c_preferred_cust_flag", "customer.c_birth_country", "customer.c_login", "customer.c_email_address", "date_dim.d_year"], "Node Type": "Sort", "Plan Rows": 1427370, "Sort Space Used": 192008, "Sort Method": "external merge", "Parallel Aware": false, "Actual Total Time": 14199.7, "Parent Relationship": "Outer", "Actual Startup Time": 11044.304, "Plan Width": 191, "Actual Loops": 1, "Total Cost": 10000528609.79}], "Node Type": "Unique", "Plan Rows": 1427370, "Parallel Aware": false, "Actual Total Time": 14730.102, "Actual Startup Time": 11044.304, "Plan Width": 191, "Actual Loops": 1, "Total Cost": 10000557157.19}, "Triggers": []}]