[{"Execution Time": 5916.429, "Planning Time": 0.223, "Plan": {"Startup Cost": 10000267609.18, "Actual Rows": 38102947, "Plans": [{"Plans": [{"Startup Cost": 10790.6, "Actual Rows": 720000376, "Plans": [{"Startup Cost": 7742.0, "Actual Rows": 648065, "Plans": [{"Startup Cost": 0.0, "Actual Rows": 648065, "Node Type": "Seq Scan", "Plan Rows": 719071, "Relation Name": "web_sales", "Alias": "web_sales", "Parallel Aware": false, "Actual Total Time": 137.06, "Parent Relationship": "Outer", "Actual Startup Time": 0.021, "Plan Width": 8, "Actual Loops": 1, "Total Cost": 26118.71}, {"Hash Buckets": 32768, "Startup Cost": 3855.0, "Plans": [{"Startup Cost": 0.0, "Actual Rows": 94736, "Node Type": "Seq Scan", "Plan Rows": 100000, "Relation Name": "customer", "Alias": "customer", "Parallel Aware": false, "Actual Total Time": 22.421, "Parent Relationship": "Outer", "Actual Startup Time": 0.004, "Plan Width": 191, "Actual Loops": 1, "Total Cost": 3855.0}], "Actual Rows": 94736, "Original Hash Buckets": 32768, "Hash Batches": 8, "Peak Memory Usage": 2253, "Node Type": "Hash", "Plan Rows": 100000, "Parallel Aware": false, "Actual Total Time": 57.059, "Parent Relationship": "Inner", "Actual Startup Time": 57.059, "Plan Width": 191, "Actual Loops": 1, "Original Hash Batches": 8, "Total Cost": 3855.0}], "Node Type": "Hash Join", "Plan Rows": 719071, "Join Type": "Inner", "Parallel Aware": false, "Actual Total Time": 494.986, "Hash Cond": "(web_sales.ws_bill_customer_sk = customer.c_customer_sk)", "Parent Relationship": "Outer", "Actual Startup Time": 57.175, "Plan Width": 191, "Actual Loops": 1, "Total Cost": 52002.94}, {"Hash Buckets": 131072, "Startup Cost": 2135.49, "Plans": [{"Startup Cost": 0.0, "Actual Rows": 73049, "Node Type": "Seq Scan", "Plan Rows": 73049, "Relation Name": "date_dim", "Alias": "date_dim", "Parallel Aware": false, "Actual Total Time": 10.36, "Parent Relationship": "Outer", "Actual Startup Time": 0.005, "Plan Width": 8, "Actual Loops": 1, "Total Cost": 2135.49}], "Actual Rows": 73049, "Original Hash Buckets": 131072, "Hash Batches": 1, "Peak Memory Usage": 3878, "Node Type": "Hash", "Plan Rows": 73049, "Parallel Aware": false, "Actual Total Time": 19.911, "Parent Relationship": "Inner", "Actual Startup Time": 19.911, "Plan Width": 8, "Actual Loops": 1, "Original Hash Batches": 1, "Total Cost": 2135.49}], "Node Type": "Hash Join", "Plan Rows": 719071, "Join Type": "Inner", "Parallel Aware": false, "Actual Total Time": 662.536, "Hash Cond": "(web_sales.ws_sold_date_sk = date_dim.d_date_sk)", "Parent Relationship": "Outer", "Actual Startup Time": 77.127, "Plan Width": 191, "Actual Loops": 1, "Total Cost": 64938.76}], "Startup Cost": 10000267609.18, "Actual Rows": 648065, "Sort Space Type": "Disk", "Sort Key": ["customer.c_customer_id", "customer.c_first_name", "customer.c_last_name", "customer.c_preferred_cust_flag", "customer.c_birth_country", "customer.c_login", "customer.c_email_address", "date_dim.d_year"], "Node Type": "Sort", "Plan Rows": 719071, "Sort Space Used": 92568, "Sort Method": "external merge", "Parallel Aware": false, "Actual Total Time": 5628.965, "Parent Relationship": "Outer", "Actual Startup Time": 4071.193, "Plan Width": 191, "Actual Loops": 1, "Total Cost": 10000269406.86}], "Node Type": "Unique", "Plan Rows": 719071, "Parallel Aware": false, "Actual Total Time": 5895.562, "Actual Startup Time": 4071.194, "Plan Width": 191, "Actual Loops": 1, "Total Cost": 10000283788.28}, "Triggers": []}]