[{"Execution Time": 88.543, "Planning Time": 0.303, "Plan": {"Partial Mode": "Simple", "Startup Cost": 13999.78, "Actual Rows": 150000, "Plans": [{"Startup Cost": 12515.33, "Actual Rows": 3019859, "Plans": [{"Startup Cost": 0.0, "Actual Rows": 18000, "Node Type": "Seq Scan", "Plan Rows": 18000, "Relation Name": "item", "Alias": "item", "Parallel Aware": false, "Actual Total Time": 1.813, "Parent Relationship": "Outer", "Actual Startup Time": 0.007, "Plan Width": 21, "Actual Loops": 1, "Total Cost": 1416.0}, {"Hash Buckets": 4096, "Startup Cost": 12514.38, "Plans": [{"Startup Cost": 3961.97, "Actual Rows": 2816, "Plans": [{"Startup Cost": 0.0, "Actual Rows": 263253, "Node Type": "Seq Scan", "Plan Rows": 277502, "Relation Name": "store_returns", "Alias": "store_returns", "Parallel Aware": false, "Actual Total Time": 32.855, "Parent Relationship": "Outer", "Actual Startup Time": 0.027, "Plan Width": 8, "Actual Loops": 1, "Total Cost": 7511.02}, {"Hash Buckets": 1024, "Startup Cost": 3961.72, "Plans": [{"Filter": "(d_date = ANY ('{1999-11-11,1999-10-02,1999-04-17,1999-09-29,1999-11-14,1999-04-15,1999-11-10,1999-11-13,1999-09-28,1999-10-03,1999-04-13,1999-11-12,1999-11-15,1999-04-16,1999-10-01,1999-04-19,1999-04-18,1999-11-09,1999-04-14,1999-09-30}'::date[]))", "Startup Cost": 0.0, "Actual Rows": 20, "Node Type": "Seq Scan", "Plan Rows": 20, "Relation Name": "date_dim", "Alias": "date_dim", "Parallel Aware": false, "Actual Total Time": 24.208, "Parent Relationship": "Outer", "Actual Startup Time": 15.59, "Plan Width": 4, "Actual Loops": 1, "Rows Removed by Filter": 73029, "Total Cost": 3961.72}], "Actual Rows": 20, "Original Hash Buckets": 1024, "Hash Batches": 1, "Peak Memory Usage": 9, "Node Type": "Hash", "Plan Rows": 20, "Parallel Aware": false, "Actual Total Time": 24.217, "Parent Relationship": "Inner", "Actual Startup Time": 24.217, "Plan Width": 4, "Actual Loops": 1, "Original Hash Batches": 1, "Total Cost": 3961.72}], "Node Type": "Hash Join", "Plan Rows": 76, "Join Type": "Inner", "Parallel Aware": false, "Actual Total Time": 82.66, "Hash Cond": "(store_returns.sr_returned_date_sk = date_dim.d_date_sk)", "Parent Relationship": "Outer", "Actual Startup Time": 24.258, "Plan Width": 4, "Actual Loops": 1, "Total Cost": 12514.38}], "Actual Rows": 2816, "Original Hash Buckets": 1024, "Hash Batches": 1, "Peak Memory Usage": 131, "Node Type": "Hash", "Plan Rows": 76, "Parallel Aware": false, "Actual Total Time": 83.375, "Parent Relationship": "Inner", "Actual Startup Time": 83.375, "Plan Width": 4, "Actual Loops": 1, "Original Hash Batches": 1, "Total Cost": 12514.38}], "Node Type": "Hash Join", "Plan Rows": 76, "Join Type": "Inner", "Parallel Aware": false, "Actual Total Time": 87.476, "Hash Cond": "(item.i_item_sk = store_returns.sr_item_sk)", "Parent Relationship": "Outer", "Actual Startup Time": 83.39, "Plan Width": 17, "Actual Loops": 1, "Total Cost": 13999.59}], "Node Type": "Aggregate", "Strategy": "Hashed", "Plan Rows": 76, "Parallel Aware": false, "Actual Total Time": 88.43, "Group Key": ["item.i_item_id"], "Actual Startup Time": 88.16, "Plan Width": 17, "Actual Loops": 1, "Total Cost": 14000.54}, "Triggers": []}]