[{"Execution Time": 52.184, "Planning Time": 0.228, "Plan": {"Partial Mode": "Simple", "Startup Cost": 10339.19, "Actual Rows": 149993, "Plans": [{"Startup Cost": 8855.2, "Actual Rows": 1465886, "Plans": [{"Startup Cost": 0.0, "Actual Rows": 18000, "Node Type": "Seq Scan", "Plan Rows": 18000, "Relation Name": "item", "Alias": "item", "Parallel Aware": false, "Actual Total Time": 2.177, "Parent Relationship": "Outer", "Actual Startup Time": 0.004, "Plan Width": 21, "Actual Loops": 1, "Total Cost": 1416.0}, {"Hash Buckets": 2048, "Startup Cost": 8854.72, "Plans": [{"Startup Cost": 3961.97, "Actual Rows": 1270, "Plans": [{"Startup Cost": 0.0, "Actual Rows": 127393, "Node Type": "Seq Scan", "Plan Rows": 141190, "Relation Name": "catalog_returns", "Alias": "catalog_returns", "Parallel Aware": false, "Actual Total Time": 19.885, "Parent Relationship": "Outer", "Actual Startup Time": 0.007, "Plan Width": 8, "Actual Loops": 1, "Total Cost": 4362.9}, {"Hash Buckets": 1024, "Startup Cost": 3961.72, "Plans": [{"Filter": "(d_date = ANY ('{1999-11-11,1999-10-02,1999-04-17,1999-09-29,1999-11-14,1999-04-15,1999-11-10,1999-11-13,1999-09-28,1999-10-03,1999-04-13,1999-11-12,1999-11-15,1999-04-16,1999-10-01,1999-04-19,1999-04-18,1999-11-09,1999-04-14,1999-09-30}'::date[]))", "Startup Cost": 0.0, "Actual Rows": 20, "Node Type": "Seq Scan", "Plan Rows": 20, "Relation Name": "date_dim", "Alias": "date_dim", "Parallel Aware": false, "Actual Total Time": 15.846, "Parent Relationship": "Outer", "Actual Startup Time": 7.462, "Plan Width": 4, "Actual Loops": 1, "Rows Removed by Filter": 73029, "Total Cost": 3961.72}], "Actual Rows": 20, "Original Hash Buckets": 1024, "Hash Batches": 1, "Peak Memory Usage": 9, "Node Type": "Hash", "Plan Rows": 20, "Parallel Aware": false, "Actual Total Time": 15.856, "Parent Relationship": "Inner", "Actual Startup Time": 15.855, "Plan Width": 4, "Actual Loops": 1, "Original Hash Batches": 1, "Total Cost": 3961.72}], "Node Type": "Hash Join", "Plan Rows": 39, "Join Type": "Inner", "Parallel Aware": false, "Actual Total Time": 46.97, "Hash Cond": "(catalog_returns.cr_returned_date_sk = date_dim.d_date_sk)", "Parent Relationship": "Outer", "Actual Startup Time": 17.533, "Plan Width": 4, "Actual Loops": 1, "Total Cost": 8854.72}], "Actual Rows": 1270, "Original Hash Buckets": 1024, "Hash Batches": 1, "Peak Memory Usage": 61, "Node Type": "Hash", "Plan Rows": 39, "Parallel Aware": false, "Actual Total Time": 47.168, "Parent Relationship": "Inner", "Actual Startup Time": 47.168, "Plan Width": 4, "Actual Loops": 1, "Original Hash Batches": 1, "Total Cost": 8854.72}], "Node Type": "Hash Join", "Plan Rows": 39, "Join Type": "Inner", "Parallel Aware": false, "Actual Total Time": 51.503, "Hash Cond": "(item.i_item_sk = catalog_returns.cr_item_sk)", "Parent Relationship": "Outer", "Actual Startup Time": 47.181, "Plan Width": 17, "Actual Loops": 1, "Total Cost": 10339.09}], "Node Type": "Aggregate", "Strategy": "Hashed", "Plan Rows": 39, "Parallel Aware": false, "Actual Total Time": 52.11, "Group Key": ["item.i_item_id"], "Actual Startup Time": 51.977, "Plan Width": 17, "Actual Loops": 1, "Total Cost": 10339.58}, "Triggers": []}]