[{"Execution Time": 31.355, "Planning Time": 0.193, "Plan": {"Partial Mode": "Simple", "Startup Cost": 7775.9, "Actual Rows": 148646, "Plans": [{"Startup Cost": 6292.15, "Actual Rows": 703350, "Plans": [{"Startup Cost": 0.0, "Actual Rows": 18000, "Node Type": "Seq Scan", "Plan Rows": 18000, "Relation Name": "item", "Alias": "item", "Parallel Aware": false, "Actual Total Time": 1.857, "Parent Relationship": "Outer", "Actual Startup Time": 0.004, "Plan Width": 21, "Actual Loops": 1, "Total Cost": 1416.0}, {"Hash Buckets": 1024, "Startup Cost": 6291.9, "Plans": [{"Startup Cost": 3961.97, "Actual Rows": 713, "Plans": [{"Startup Cost": 0.0, "Actual Rows": 67967, "Node Type": "Seq Scan", "Plan Rows": 71763, "Relation Name": "web_returns", "Alias": "web_returns", "Parallel Aware": false, "Actual Total Time": 5.042, "Parent Relationship": "Outer", "Actual Startup Time": 0.003, "Plan Width": 8, "Actual Loops": 1, "Total Cost": 2060.63}, {"Hash Buckets": 1024, "Startup Cost": 3961.72, "Plans": [{"Filter": "(d_date = ANY ('{1999-11-11,1999-10-02,1999-04-17,1999-09-29,1999-11-14,1999-04-15,1999-11-10,1999-11-13,1999-09-28,1999-10-03,1999-04-13,1999-11-12,1999-11-15,1999-04-16,1999-10-01,1999-04-19,1999-04-18,1999-11-09,1999-04-14,1999-09-30}'::date[]))", "Startup Cost": 0.0, "Actual Rows": 20, "Node Type": "Seq Scan", "Plan Rows": 20, "Relation Name": "date_dim", "Alias": "date_dim", "Parallel Aware": false, "Actual Total Time": 17.162, "Parent Relationship": "Outer", "Actual Startup Time": 8.764, "Plan Width": 4, "Actual Loops": 1, "Rows Removed by Filter": 73029, "Total Cost": 3961.72}], "Actual Rows": 20, "Original Hash Buckets": 1024, "Hash Batches": 1, "Peak Memory Usage": 9, "Node Type": "Hash", "Plan Rows": 20, "Parallel Aware": false, "Actual Total Time": 17.172, "Parent Relationship": "Inner", "Actual Startup Time": 17.172, "Plan Width": 4, "Actual Loops": 1, "Original Hash Batches": 1, "Total Cost": 3961.72}], "Node Type": "Hash Join", "Plan Rows": 20, "Join Type": "Inner", "Parallel Aware": false, "Actual Total Time": 27.121, "Hash Cond": "(web_returns.wr_returned_date_sk = date_dim.d_date_sk)", "Parent Relationship": "Outer", "Actual Startup Time": 17.183, "Plan Width": 4, "Actual Loops": 1, "Total Cost": 6291.9}], "Actual Rows": 713, "Original Hash Buckets": 1024, "Hash Batches": 1, "Peak Memory Usage": 34, "Node Type": "Hash", "Plan Rows": 20, "Parallel Aware": false, "Actual Total Time": 27.248, "Parent Relationship": "Inner", "Actual Startup Time": 27.248, "Plan Width": 4, "Actual Loops": 1, "Original Hash Batches": 1, "Total Cost": 6291.9}], "Node Type": "Hash Join", "Plan Rows": 20, "Join Type": "Inner", "Parallel Aware": false, "Actual Total Time": 31.003, "Hash Cond": "(item.i_item_sk = web_returns.wr_item_sk)", "Parent Relationship": "Outer", "Actual Startup Time": 27.26, "Plan Width": 17, "Actual Loops": 1, "Total Cost": 7775.85}], "Node Type": "Aggregate", "Strategy": "Hashed", "Plan Rows": 20, "Parallel Aware": false, "Actual Total Time": 31.299, "Group Key": ["item.i_item_id"], "Actual Startup Time": 31.233, "Plan Width": 17, "Actual Loops": 1, "Total Cost": 7776.1}, "Triggers": []}]