[{"Execution Time": 11.694, "Planning Time": 0.08, "Plan": {"Partial Mode": "Simple", "Startup Cost": 2409.43, "Actual Rows": 3, "Plans": [{"Filter": "(d_date = ANY ('{1999-04-17,1999-10-04,1999-11-10}'::date[]))", "Startup Cost": 0.0, "Actual Rows": 3, "Node Type": "Seq Scan", "Plan Rows": 3, "Relation Name": "date_dim", "Alias": "date_dim", "Parallel Aware": false, "Actual Total Time": 11.646, "Parent Relationship": "Outer", "Actual Startup Time": 6.919, "Plan Width": 4, "Actual Loops": 1, "Rows Removed by Filter": 73046, "Total Cost": 2409.42}], "Node Type": "Aggregate", "Strategy": "Hashed", "Plan Rows": 3, "Parallel Aware": false, "Actual Total Time": 11.657, "Group Key": ["d_week_seq"], "Actual Startup Time": 11.656, "Plan Width": 4, "Actual Loops": 1, "Total Cost": 2409.46}, "Triggers": []}]