[{"Execution Time": 3317.195, "Planning Time": 0.181, "Plan": {"Partial Mode": "Simple", "Startup Cost": 194370.67, "Actual Rows": 210, "Plans": [{"Startup Cost": 5046.6, "Actual Rows": 2879987999, "Plans": [{"Startup Cost": 3405.6, "Actual Rows": 2485280, "Plans": [{"Startup Cost": 0.0, "Actual Rows": 2485280, "Node Type": "Seq Scan", "Plan Rows": 2622557, "Relation Name": "store_sales", "Alias": "store_sales", "Parallel Aware": false, "Actual Total Time": 453.538, "Parent Relationship": "Outer", "Actual Startup Time": 0.016, "Plan Width": 8, "Actual Loops": 1, "Total Cost": 76687.57}, {"Hash Buckets": 131072, "Startup Cost": 2135.49, "Plans": [{"Startup Cost": 0.0, "Actual Rows": 73049, "Node Type": "Seq Scan", "Plan Rows": 73049, "Relation Name": "date_dim", "Alias": "date_dim", "Parallel Aware": false, "Actual Total Time": 14.821, "Parent Relationship": "Outer", "Actual Startup Time": 0.004, "Plan Width": 12, "Actual Loops": 1, "Total Cost": 2135.49}], "Actual Rows": 73049, "Original Hash Buckets": 131072, "Hash Batches": 2, "Peak Memory Usage": 2593, "Node Type": "Hash", "Plan Rows": 73049, "Parallel Aware": false, "Actual Total Time": 29.588, "Parent Relationship": "Inner", "Actual Startup Time": 29.588, "Plan Width": 12, "Actual Loops": 1, "Original Hash Batches": 2, "Total Cost": 2135.49}], "Node Type": "Hash Join", "Plan Rows": 2622557, "Join Type": "Inner", "Parallel Aware": false, "Actual Total Time": 1350.66, "Hash Cond": "(store_sales.ss_sold_date_sk = date_dim.d_date_sk)", "Parent Relationship": "Outer", "Actual Startup Time": 29.683, "Plan Width": 12, "Actual Loops": 1, "Total Cost": 137000.33}, {"Hash Buckets": 32768, "Startup Cost": 1416.0, "Plans": [{"Startup Cost": 0.0, "Actual Rows": 18000, "Node Type": "Seq Scan", "Plan Rows": 18000, "Relation Name": "item", "Alias": "item", "Parallel Aware": false, "Actual Total Time": 5.021, "Parent Relationship": "Outer", "Actual Startup Time": 0.005, "Plan Width": 55, "Actual Loops": 1, "Total Cost": 1416.0}], "Actual Rows": 18000, "Original Hash Buckets": 32768, "Hash Batches": 1, "Peak Memory Usage": 1801, "Node Type": "Hash", "Plan Rows": 18000, "Parallel Aware": false, "Actual Total Time": 7.684, "Parent Relationship": "Inner", "Actual Startup Time": 7.684, "Plan Width": 55, "Actual Loops": 1, "Original Hash Batches": 1, "Total Cost": 1416.0}], "Node Type": "Hash Join", "Plan Rows": 2622557, "Join Type": "Inner", "Parallel Aware": false, "Actual Total Time": 2244.154, "Hash Cond": "(store_sales.ss_item_sk = item.i_item_sk)", "Parent Relationship": "Outer", "Actual Startup Time": 37.384, "Plan Width": 59, "Actual Loops": 1, "Total Cost": 174701.49}], "Node Type": "Aggregate", "Strategy": "Hashed", "Plan Rows": 8040, "Parallel Aware": false, "Actual Total Time": 3317.137, "Group Key": ["date_dim.d_year", "date_dim.d_qoy", "item.i_category"], "Actual Startup Time": 3317.083, "Plan Width": 59, "Actual Loops": 1, "Total Cost": 194451.07}, "Triggers": []}]