[{"Execution Time": 960.668, "Planning Time": 0.278, "Plan": {"Partial Mode": "Simple", "Startup Cost": 62307.8, "Actual Rows": 210, "Plans": [{"Startup Cost": 5046.6, "Actual Rows": 720000376, "Plans": [{"Startup Cost": 3405.6, "Actual Rows": 648065, "Plans": [{"Startup Cost": 0.0, "Actual Rows": 648065, "Node Type": "Seq Scan", "Plan Rows": 719071, "Relation Name": "web_sales", "Alias": "web_sales", "Parallel Aware": false, "Actual Total Time": 147.809, "Parent Relationship": "Outer", "Actual Startup Time": 0.029, "Plan Width": 8, "Actual Loops": 1, "Total Cost": 26118.71}, {"Hash Buckets": 131072, "Startup Cost": 2135.49, "Plans": [{"Startup Cost": 0.0, "Actual Rows": 73049, "Node Type": "Seq Scan", "Plan Rows": 73049, "Relation Name": "date_dim", "Alias": "date_dim", "Parallel Aware": false, "Actual Total Time": 13.55, "Parent Relationship": "Outer", "Actual Startup Time": 0.006, "Plan Width": 12, "Actual Loops": 1, "Total Cost": 2135.49}], "Actual Rows": 73049, "Original Hash Buckets": 131072, "Hash Batches": 2, "Peak Memory Usage": 2593, "Node Type": "Hash", "Plan Rows": 73049, "Parallel Aware": false, "Actual Total Time": 26.637, "Parent Relationship": "Inner", "Actual Startup Time": 26.637, "Plan Width": 12, "Actual Loops": 1, "Original Hash Batches": 2, "Total Cost": 2135.49}], "Node Type": "Hash Join", "Plan Rows": 719071, "Join Type": "Inner", "Parallel Aware": false, "Actual Total Time": 415.066, "Hash Cond": "(web_sales.ws_sold_date_sk = date_dim.d_date_sk)", "Parent Relationship": "Outer", "Actual Startup Time": 26.743, "Plan Width": 12, "Actual Loops": 1, "Total Cost": 45386.54}, {"Hash Buckets": 32768, "Startup Cost": 1416.0, "Plans": [{"Startup Cost": 0.0, "Actual Rows": 18000, "Node Type": "Seq Scan", "Plan Rows": 18000, "Relation Name": "item", "Alias": "item", "Parallel Aware": false, "Actual Total Time": 5.683, "Parent Relationship": "Outer", "Actual Startup Time": 0.019, "Plan Width": 55, "Actual Loops": 1, "Total Cost": 1416.0}], "Actual Rows": 18000, "Original Hash Buckets": 32768, "Hash Batches": 1, "Peak Memory Usage": 1801, "Node Type": "Hash", "Plan Rows": 18000, "Parallel Aware": false, "Actual Total Time": 9.069, "Parent Relationship": "Inner", "Actual Startup Time": 9.069, "Plan Width": 55, "Actual Loops": 1, "Original Hash Batches": 1, "Total Cost": 1416.0}], "Node Type": "Hash Join", "Plan Rows": 719071, "Join Type": "Inner", "Parallel Aware": false, "Actual Total Time": 672.726, "Hash Cond": "(web_sales.ws_item_sk = item.i_item_sk)", "Parent Relationship": "Outer", "Actual Startup Time": 35.829, "Plan Width": 59, "Actual Loops": 1, "Total Cost": 56914.76}], "Node Type": "Aggregate", "Strategy": "Hashed", "Plan Rows": 8040, "Parallel Aware": false, "Actual Total Time": 960.598, "Group Key": ["date_dim.d_year", "date_dim.d_qoy", "item.i_category"], "Actual Startup Time": 960.42, "Plan Width": 59, "Actual Loops": 1, "Total Cost": 62388.2}, "Triggers": []}]