[{"Execution Time": 1803.297, "Planning Time": 0.243, "Plan": {"Partial Mode": "Simple", "Startup Cost": 118358.25, "Actual Rows": 210, "Plans": [{"Startup Cost": 5046.6, "Actual Rows": 1439980416, "Plans": [{"Startup Cost": 3405.6, "Actual Rows": 1343425, "Plans": [{"Startup Cost": 0.0, "Actual Rows": 1343425, "Node Type": "Seq Scan", "Plan Rows": 1427370, "Relation Name": "catalog_sales", "Alias": "catalog_sales", "Parallel Aware": false, "Actual Total Time": 347.632, "Parent Relationship": "Outer", "Actual Startup Time": 0.022, "Plan Width": 8, "Actual Loops": 1, "Total Cost": 51844.7}, {"Hash Buckets": 131072, "Startup Cost": 2135.49, "Plans": [{"Startup Cost": 0.0, "Actual Rows": 73049, "Node Type": "Seq Scan", "Plan Rows": 73049, "Relation Name": "date_dim", "Alias": "date_dim", "Parallel Aware": false, "Actual Total Time": 20.112, "Parent Relationship": "Outer", "Actual Startup Time": 0.005, "Plan Width": 12, "Actual Loops": 1, "Total Cost": 2135.49}], "Actual Rows": 73049, "Original Hash Buckets": 131072, "Hash Batches": 2, "Peak Memory Usage": 2593, "Node Type": "Hash", "Plan Rows": 73049, "Parallel Aware": false, "Actual Total Time": 40.954, "Parent Relationship": "Inner", "Actual Startup Time": 40.954, "Plan Width": 12, "Actual Loops": 1, "Original Hash Batches": 2, "Total Cost": 2135.49}], "Node Type": "Hash Join", "Plan Rows": 1427370, "Join Type": "Inner", "Parallel Aware": false, "Actual Total Time": 813.514, "Hash Cond": "(catalog_sales.cs_sold_date_sk = date_dim.d_date_sk)", "Parent Relationship": "Outer", "Actual Startup Time": 41.258, "Plan Width": 12, "Actual Loops": 1, "Total Cost": 86385.64}, {"Hash Buckets": 32768, "Startup Cost": 1416.0, "Plans": [{"Startup Cost": 0.0, "Actual Rows": 18000, "Node Type": "Seq Scan", "Plan Rows": 18000, "Relation Name": "item", "Alias": "item", "Parallel Aware": false, "Actual Total Time": 6.416, "Parent Relationship": "Outer", "Actual Startup Time": 0.007, "Plan Width": 55, "Actual Loops": 1, "Total Cost": 1416.0}], "Actual Rows": 18000, "Original Hash Buckets": 32768, "Hash Batches": 1, "Peak Memory Usage": 1801, "Node Type": "Hash", "Plan Rows": 18000, "Parallel Aware": false, "Actual Total Time": 10.243, "Parent Relationship": "Inner", "Actual Startup Time": 10.243, "Plan Width": 55, "Actual Loops": 1, "Original Hash Batches": 1, "Total Cost": 1416.0}], "Node Type": "Hash Join", "Plan Rows": 1427370, "Join Type": "Inner", "Parallel Aware": false, "Actual Total Time": 1264.164, "Hash Cond": "(catalog_sales.cs_item_sk = item.i_item_sk)", "Parent Relationship": "Outer", "Actual Startup Time": 51.517, "Plan Width": 59, "Actual Loops": 1, "Total Cost": 107652.98}], "Node Type": "Aggregate", "Strategy": "Hashed", "Plan Rows": 8040, "Parallel Aware": false, "Actual Total Time": 1803.233, "Group Key": ["date_dim.d_year", "date_dim.d_qoy", "item.i_category"], "Actual Startup Time": 1803.19, "Plan Width": 59, "Actual Loops": 1, "Total Cost": 118438.65}, "Triggers": []}]