[
  {
    "Plan": {
      "Node Type": "Aggregate",
      "Strategy": "Hashed",
      "Partial Mode": "Simple",
      "Parallel Aware": false,
      "Startup Cost": 32873.97,
      "Total Cost": 32874.89,
      "Plan Rows": 92,
      "Plan Width": 227,
      "Actual Startup Time": 206.937,
      "Actual Total Time": 207.255,
      "Actual Rows": 1391,
      "Actual Loops": 1,
      "Group Key": ["item.i_item_id", "item.i_item_desc", "item.i_category", "item.i_class", "item.i_current_price"],
      "Plans": [
        {
          "Node Type": "Hash Join",
          "Parent Relationship": "Outer",
          "Parallel Aware": false,
          "Join Type": "Inner",
          "Startup Cost": 4052.48,
          "Total Cost": 32872.82,
          "Plan Rows": 92,
          "Plan Width": 227,
          "Actual Startup Time": 43.535,
          "Actual Total Time": 204.055,
          "Actual Rows": 1941,
          "Actual Loops": 1,
          "Hash Cond": "(web_sales.ws_item_sk = item.i_item_sk)",
          "Plans": [
            {
              "Node Type": "Hash Join",
              "Parent Relationship": "Outer",
              "Parallel Aware": false,
              "Join Type": "Inner",
              "Startup Cost": 2501.12,
              "Total Cost": 31319.40,
              "Plan Rows": 305,
              "Plan Width": 4,
              "Actual Startup Time": 18.563,
              "Actual Total Time": 176.565,
              "Actual Rows": 6495,
              "Actual Loops": 1,
              "Hash Cond": "(web_sales.ws_sold_date_sk = date_dim.d_date_sk)",
              "Plans": [
                {
                  "Node Type": "Seq Scan",
                  "Parent Relationship": "Outer",
                  "Parallel Aware": false,
                  "Relation Name": "web_sales",
                  "Alias": "web_sales",
                  "Startup Cost": 0.00,
                  "Total Cost": 26118.71,
                  "Plan Rows": 719071,
                  "Plan Width": 8,
                  "Actual Startup Time": 0.048,
                  "Actual Total Time": 98.125,
                  "Actual Rows": 648065,
                  "Actual Loops": 1
                },
                {
                  "Node Type": "Hash",
                  "Parent Relationship": "Inner",
                  "Parallel Aware": false,
                  "Startup Cost": 2500.73,
                  "Total Cost": 2500.73,
                  "Plan Rows": 31,
                  "Plan Width": 4,
                  "Actual Startup Time": 18.419,
                  "Actual Total Time": 18.419,
                  "Actual Rows": 31,
                  "Actual Loops": 1,
                  "Hash Buckets": 1024,
                  "Original Hash Buckets": 1024,
                  "Hash Batches": 1,
                  "Original Hash Batches": 1,
                  "Peak Memory Usage": 10,
                  "Plans": [
                    {
                      "Node Type": "Seq Scan",
                      "Parent Relationship": "Outer",
                      "Parallel Aware": false,
                      "Relation Name": "date_dim",
                      "Alias": "date_dim",
                      "Startup Cost": 0.00,
                      "Total Cost": 2500.73,
                      "Plan Rows": 31,
                      "Plan Width": 4,
                      "Actual Startup Time": 6.902,
                      "Actual Total Time": 18.407,
                      "Actual Rows": 31,
                      "Actual Loops": 1,
                      "Filter": "((d_date >= '2002-04-21'::date) AND (d_date <= '2002-05-21'::date))",
                      "Rows Removed by Filter": 73018
                    }
                  ]
                }
              ]
            },
            {
              "Node Type": "Hash",
              "Parent Relationship": "Inner",
              "Parallel Aware": false,
              "Startup Cost": 1483.50,
              "Total Cost": 1483.50,
              "Plan Rows": 5429,
              "Plan Width": 231,
              "Actual Startup Time": 24.963,
              "Actual Total Time": 24.963,
              "Actual Rows": 5429,
              "Actual Loops": 1,
              "Hash Buckets": 8192,
              "Original Hash Buckets": 8192,
              "Hash Batches": 1,
              "Original Hash Batches": 1,
              "Peak Memory Usage": 1482,
              "Plans": [
                {
                  "Node Type": "Seq Scan",
                  "Parent Relationship": "Outer",
                  "Parallel Aware": false,
                  "Relation Name": "item",
                  "Alias": "item",
                  "Startup Cost": 0.00,
                  "Total Cost": 1483.50,
                  "Plan Rows": 5429,
                  "Plan Width": 231,
                  "Actual Startup Time": 0.008,
                  "Actual Total Time": 20.131,
                  "Actual Rows": 5429,
                  "Actual Loops": 1,
                  "Filter": "(i_category = ANY ('{Sports,Music}'::bpchar[]))",
                  "Rows Removed by Filter": 12571
                }
              ]
            }
          ]
        }
      ]
    },
    "Planning Time": 0.209,
    "Triggers": [
    ],
    "Execution Time": 207.356
  }
]
