[
  {
    "Plan": {
      "Node Type": "Aggregate",
      "Strategy": "Hashed",
      "Partial Mode": "Simple",
      "Parallel Aware": false,
      "Startup Cost": 30248.82,
      "Total Cost": 30249.82,
      "Plan Rows": 100,
      "Plan Width": 4,
      "Actual Startup Time": 194.156,
      "Actual Total Time": 194.162,
      "Actual Rows": 49000,
      "Actual Loops": 1,
      "Group Key": ["ws_quantity"],
      "Plans": [
        {
          "Node Type": "Seq Scan",
          "Parent Relationship": "Outer",
          "Parallel Aware": false,
          "Relation Name": "web_sales",
          "Alias": "web_sales",
          "Startup Cost": 0.00,
          "Total Cost": 29714.07,
          "Plan Rows": 213901,
          "Plan Width": 4,
          "Actual Startup Time": 0.006,
          "Actual Total Time": 158.476,
          "Actual Rows": 193741,
          "Actual Loops": 1,
          "Filter": "((ws_quantity < 50) AND (ws_sales_price < '50'::numeric))",
          "Rows Removed by Filter": 454284000
        }
      ]
    },
    "Planning Time": 0.108,
    "Triggers": [
    ],
    "Execution Time": 194.186
  }
]
