[
  {
    "Plan": {
      "Node Type": "Aggregate",
      "Strategy": "Hashed",
      "Partial Mode": "Simple",
      "Parallel Aware": false,
      "Startup Cost": 29796.33,
      "Total Cost": 29797.33,
      "Plan Rows": 100,
      "Plan Width": 4,
      "Actual Startup Time": 142.564,
      "Actual Total Time": 142.568,
      "Actual Rows": 30000,
      "Actual Loops": 1,
      "Group Key": ["ws_quantity"],
      "Plans": [
        {
          "Node Type": "Seq Scan",
          "Parent Relationship": "Outer",
          "Parallel Aware": false,
          "Relation Name": "web_sales",
          "Alias": "web_sales",
          "Startup Cost": 0.00,
          "Total Cost": 29714.07,
          "Plan Rows": 32904,
          "Plan Width": 4,
          "Actual Startup Time": 0.011,
          "Actual Total Time": 136.740,
          "Actual Rows": 29499000,
          "Actual Loops": 1,
          "Filter": "((ws_quantity > 70) AND (ws_sales_price > '100'::numeric))",
          "Rows Removed by Filter": 618526
        }
      ]
    },
    "Planning Time": 0.073,
    "Triggers": [
    ],
    "Execution Time": 142.591
  }
]
