[{"Execution Time": 2066.686, "Planning Time": 0.286, "Plan": {"Partial Mode": "Simple", "Startup Cost": 240121.39, "Actual Rows": 187188, "Plans": [{"Startup Cost": 4022.48, "Actual Rows": 2561520, "Plans": [{"Startup Cost": 4021.37, "Actual Rows": 36270, "Plans": [{"Startup Cost": 2501.77, "Actual Rows": 585000, "Plans": [{"Startup Cost": 0.0, "Actual Rows": 11745000, "Node Type": "Seq Scan", "Plan Rows": 11744888, "Relation Name": "inventory", "Alias": "inventory", "Parallel Aware": false, "Actual Total Time": 966.234, "Parent Relationship": "Outer", "Actual Startup Time": 0.024, "Plan Width": 12, "Actual Loops": 1, "Total Cost": 191848.88}, {"Hash Buckets": 1024, "Startup Cost": 2500.73, "Plans": [{"Filter": "((d_date >= '2001-02-14'::date) AND (d_date <= '2001-05-14'::date))", "Startup Cost": 0.0, "Actual Rows": 90, "Node Type": "Seq Scan", "Plan Rows": 83, "Relation Name": "date_dim", "Alias": "date_dim", "Parallel Aware": false, "Actual Total Time": 8.756, "Parent Relationship": "Outer", "Actual Startup Time": 3.88, "Plan Width": 4, "Actual Loops": 1, "Rows Removed by Filter": 72959, "Total Cost": 2500.73}], "Actual Rows": 90, "Original Hash Buckets": 1024, "Hash Batches": 1, "Peak Memory Usage": 12, "Node Type": "Hash", "Plan Rows": 83, "Parallel Aware": false, "Actual Total Time": 8.77, "Parent Relationship": "Inner", "Actual Startup Time": 8.769, "Plan Width": 4, "Actual Loops": 1, "Original Hash Batches": 1, "Total Cost": 2500.73}], "Node Type": "Hash Join", "Plan Rows": 13345, "Join Type": "Inner", "Parallel Aware": false, "Actual Total Time": 1982.485, "Hash Cond": "(inventory.inv_date_sk = date_dim.d_date_sk)", "Parent Relationship": "Outer", "Actual Startup Time": 1186.008, "Plan Width": 8, "Actual Loops": 1, "Total Cost": 238527.43}, {"Hash Buckets": 2048, "Startup Cost": 1506.0, "Plans": [{"Filter": "((i_current_price >= 0.99) AND (i_current_price <= 1.49))", "Startup Cost": 0.0, "Actual Rows": 1104, "Node Type": "Seq Scan", "Plan Rows": 1088, "Relation Name": "item", "Alias": "item", "Parallel Aware": false, "Actual Total Time": 5.737, "Parent Relationship": "Outer", "Actual Startup Time": 0.004, "Plan Width": 21, "Actual Loops": 1, "Rows Removed by Filter": 16896, "Total Cost": 1506.0}], "Actual Rows": 1104, "Original Hash Buckets": 2048, "Hash Batches": 1, "Peak Memory Usage": 77, "Node Type": "Hash", "Plan Rows": 1088, "Parallel Aware": false, "Actual Total Time": 5.94, "Parent Relationship": "Inner", "Actual Startup Time": 5.94, "Plan Width": 21, "Actual Loops": 1, "Original Hash Batches": 1, "Total Cost": 1506.0}], "Node Type": "Hash Join", "Plan Rows": 807, "Join Type": "Inner", "Parallel Aware": false, "Actual Total Time": 2044.788, "Hash Cond": "(inventory.inv_item_sk = item.i_item_sk)", "Parent Relationship": "Outer", "Actual Startup Time": 1191.96, "Plan Width": 21, "Actual Loops": 1, "Total Cost": 240105.15}, {"Hash Buckets": 1024, "Startup Cost": 1.05, "Plans": [{"Startup Cost": 0.0, "Actual Rows": 5, "Node Type": "Seq Scan", "Plan Rows": 5, "Relation Name": "warehouse", "Alias": "warehouse", "Parallel Aware": false, "Actual Total Time": 0.005, "Parent Relationship": "Outer", "Actual Startup Time": 0.004, "Plan Width": 22, "Actual Loops": 1, "Total Cost": 1.05}], "Actual Rows": 5, "Original Hash Buckets": 1024, "Hash Batches": 1, "Peak Memory Usage": 9, "Node Type": "Hash", "Plan Rows": 5, "Parallel Aware": false, "Actual Total Time": 0.007, "Parent Relationship": "Inner", "Actual Startup Time": 0.007, "Plan Width": 22, "Actual Loops": 1, "Original Hash Batches": 1, "Total Cost": 1.05}], "Node Type": "Hash Join", "Plan Rows": 807, "Join Type": "Inner", "Parallel Aware": false, "Actual Total Time": 2052.757, "Hash Cond": "(inventory.inv_warehouse_sk = warehouse.w_warehouse_sk)", "Parent Relationship": "Outer", "Actual Startup Time": 1191.971, "Plan Width": 35, "Actual Loops": 1, "Total Cost": 240117.36}], "Node Type": "Aggregate", "Strategy": "Hashed", "Plan Rows": 807, "Parallel Aware": false, "Actual Total Time": 2066.471, "Group Key": ["warehouse.w_warehouse_name", "item.i_item_id"], "Actual Startup Time": 2066.048, "Plan Width": 35, "Actual Loops": 1, "Total Cost": 240129.46}, "Triggers": []}]