[
  {
    "Plan": {
      "Node Type": "Aggregate",
      "Strategy": "Hashed",
      "Partial Mode": "Simple",
      "Parallel Aware": false,
      "Startup Cost": 89220.78,
      "Total Cost": 89220.86,
      "Plan Rows": 8,
      "Plan Width": 22,
      "Actual Startup Time": 864.983,
      "Actual Total Time": 864.984,
      "Actual Rows": 6,
      "Actual Loops": 1,
      "Group Key": ["store.s_store_name", "store.s_store_id"],
      "Plans": [
        {
          "Node Type": "Hash Join",
          "Parent Relationship": "Outer",
          "Parallel Aware": false,
          "Join Type": "Inner",
          "Startup Cost": 2323.95,
          "Total Cost": 89155.62,
          "Plan Rows": 13032,
          "Plan Width": 22,
          "Actual Startup Time": 8.777,
          "Actual Total Time": 732.525,
          "Actual Rows": 501866,
          "Actual Loops": 1,
          "Hash Cond": "(store_sales.ss_store_sk = store.s_store_sk)",
          "Plans": [
            {
              "Node Type": "Hash Join",
              "Parent Relationship": "Outer",
              "Parallel Aware": false,
              "Join Type": "Inner",
              "Startup Cost": 2322.65,
              "Total Cost": 88975.13,
              "Plan Rows": 13032,
              "Plan Width": 4,
              "Actual Startup Time": 8.760,
              "Actual Total Time": 624.197,
              "Actual Rows": 501866,
              "Actual Loops": 1,
              "Hash Cond": "(store_sales.ss_sold_date_sk = date_dim.d_date_sk)",
              "Plans": [
                {
                  "Node Type": "Seq Scan",
                  "Parent Relationship": "Outer",
                  "Parallel Aware": false,
                  "Relation Name": "store_sales",
                  "Alias": "store_sales",
                  "Startup Cost": 0.00,
                  "Total Cost": 76687.57,
                  "Plan Rows": 2622557,
                  "Plan Width": 8,
                  "Actual Startup Time": 0.013,
                  "Actual Total Time": 306.115,
                  "Actual Rows": 2485280,
                  "Actual Loops": 1
                },
                {
                  "Node Type": "Hash",
                  "Parent Relationship": "Inner",
                  "Parallel Aware": false,
                  "Startup Cost": 2318.11,
                  "Total Cost": 2318.11,
                  "Plan Rows": 363,
                  "Plan Width": 4,
                  "Actual Startup Time": 8.738,
                  "Actual Total Time": 8.738,
                  "Actual Rows": 366,
                  "Actual Loops": 1,
                  "Hash Buckets": 1024,
                  "Original Hash Buckets": 1024,
                  "Hash Batches": 1,
                  "Original Hash Batches": 1,
                  "Peak Memory Usage": 21,
                  "Plans": [
                    {
                      "Node Type": "Seq Scan",
                      "Parent Relationship": "Outer",
                      "Parallel Aware": false,
                      "Relation Name": "date_dim",
                      "Alias": "date_dim",
                      "Startup Cost": 0.00,
                      "Total Cost": 2318.11,
                      "Plan Rows": 363,
                      "Plan Width": 4,
                      "Actual Startup Time": 4.343,
                      "Actual Total Time": 8.697,
                      "Actual Rows": 366,
                      "Actual Loops": 1,
                      "Filter": "(d_year = 2000)",
                      "Rows Removed by Filter": 72683
                    }
                  ]
                }
              ]
            },
            {
              "Node Type": "Hash",
              "Parent Relationship": "Inner",
              "Parallel Aware": false,
              "Startup Cost": 1.15,
              "Total Cost": 1.15,
              "Plan Rows": 12,
              "Plan Width": 26,
              "Actual Startup Time": 0.014,
              "Actual Total Time": 0.014,
              "Actual Rows": 12,
              "Actual Loops": 1,
              "Hash Buckets": 1024,
              "Original Hash Buckets": 1024,
              "Hash Batches": 1,
              "Original Hash Batches": 1,
              "Peak Memory Usage": 9,
              "Plans": [
                {
                  "Node Type": "Seq Scan",
                  "Parent Relationship": "Outer",
                  "Parallel Aware": false,
                  "Relation Name": "store",
                  "Alias": "store",
                  "Startup Cost": 0.00,
                  "Total Cost": 1.15,
                  "Plan Rows": 12,
                  "Plan Width": 26,
                  "Actual Startup Time": 0.005,
                  "Actual Total Time": 0.010,
                  "Actual Rows": 12,
                  "Actual Loops": 1,
                  "Filter": "(s_gmt_offset = '-5'::numeric)",
                  "Rows Removed by Filter": 0
                }
              ]
            }
          ]
        }
      ]
    },
    "Planning Time": 0.227,
    "Triggers": [
    ],
    "Execution Time": 865.016
  }
]
