[
  {
    "Plan": {
      "Node Type": "Aggregate",
      "Strategy": "Hashed",
      "Partial Mode": "Simple",
      "Parallel Aware": false,
      "Startup Cost": 39277.53,
      "Total Cost": 39277.54,
      "Plan Rows": 1,
      "Plan Width": 14,
      "Actual Startup Time": 293.246,
      "Actual Total Time": 293.248,
      "Actual Rows": 17,
      "Actual Loops": 1,
      "Group Key": ["customer_address.ca_zip", "customer_address.ca_state"],
      "Plans": [
        {
          "Node Type": "Hash Join",
          "Parent Relationship": "Outer",
          "Parallel Aware": false,
          "Join Type": "Inner",
          "Startup Cost": 37503.01,
          "Total Cost": 39277.52,
          "Plan Rows": 1,
          "Plan Width": 14,
          "Actual Startup Time": 286.667,
          "Actual Total Time": 293.231,
          "Actual Rows": 17,
          "Actual Loops": 1,
          "Hash Cond": "(customer_address.ca_address_sk = customer.c_current_addr_sk)",
          "Plans": [
            {
              "Node Type": "Seq Scan",
              "Parent Relationship": "Outer",
              "Parallel Aware": false,
              "Relation Name": "customer_address",
              "Alias": "customer_address",
              "Startup Cost": 0.00,
              "Total Cost": 1587.00,
              "Plan Rows": 50000,
              "Plan Width": 18,
              "Actual Startup Time": 0.020,
              "Actual Total Time": 3.996,
              "Actual Rows": 50000,
              "Actual Loops": 1
            },
            {
              "Node Type": "Hash",
              "Parent Relationship": "Inner",
              "Parallel Aware": false,
              "Startup Cost": 37503.00,
              "Total Cost": 37503.00,
              "Plan Rows": 1,
              "Plan Width": 4,
              "Actual Startup Time": 285.810,
              "Actual Total Time": 285.810,
              "Actual Rows": 17,
              "Actual Loops": 1,
              "Hash Buckets": 1024,
              "Original Hash Buckets": 1024,
              "Hash Batches": 1,
              "Original Hash Batches": 1,
              "Peak Memory Usage": 9,
              "Plans": [
                {
                  "Node Type": "Nested Loop",
                  "Parent Relationship": "Outer",
                  "Parallel Aware": false,
                  "Join Type": "Inner",
                  "Startup Cost": 31337.50,
                  "Total Cost": 37503.00,
                  "Plan Rows": 1,
                  "Plan Width": 4,
                  "Actual Startup Time": 208.454,
                  "Actual Total Time": 285.787,
                  "Actual Rows": 17,
                  "Actual Loops": 1,
                  "Join Filter": "(web_sales.ws_item_sk = item.i_item_sk)",
                  "Rows Removed by Join Filter": 374703,
                  "Plans": [
                    {
                      "Node Type": "Hash Join",
                      "Parent Relationship": "Outer",
                      "Parallel Aware": false,
                      "Join Type": "Inner",
                      "Startup Cost": 31337.50,
                      "Total Cost": 35576.56,
                      "Plan Rows": 906,
                      "Plan Width": 8,
                      "Actual Startup Time": 201.693,
                      "Actual Total Time": 226.899,
                      "Actual Rows": 18736,
                      "Actual Loops": 1,
                      "Hash Cond": "(customer.c_customer_sk = web_sales.ws_bill_customer_sk)",
                      "Plans": [
                        {
                          "Node Type": "Seq Scan",
                          "Parent Relationship": "Outer",
                          "Parallel Aware": false,
                          "Relation Name": "customer",
                          "Alias": "customer",
                          "Startup Cost": 0.00,
                          "Total Cost": 3855.00,
                          "Plan Rows": 100000,
                          "Plan Width": 8,
                          "Actual Startup Time": 0.010,
                          "Actual Total Time": 9.974,
                          "Actual Rows": 94736,
                          "Actual Loops": 1
                        },
                        {
                          "Node Type": "Hash",
                          "Parent Relationship": "Inner",
                          "Parallel Aware": false,
                          "Startup Cost": 31326.17,
                          "Total Cost": 31326.17,
                          "Plan Rows": 906,
                          "Plan Width": 8,
                          "Actual Startup Time": 201.667,
                          "Actual Total Time": 201.667,
                          "Actual Rows": 18736,
                          "Actual Loops": 1,
                          "Hash Buckets": 32768,
                          "Original Hash Buckets": 1024,
                          "Hash Batches": 1,
                          "Original Hash Batches": 1,
                          "Peak Memory Usage": 988,
                          "Plans": [
                            {
                              "Node Type": "Hash Join",
                              "Parent Relationship": "Outer",
                              "Parallel Aware": false,
                              "Join Type": "Inner",
                              "Startup Cost": 2501.88,
                              "Total Cost": 31326.17,
                              "Plan Rows": 906,
                              "Plan Width": 8,
                              "Actual Startup Time": 34.305,
                              "Actual Total Time": 198.489,
                              "Actual Rows": 18736,
                              "Actual Loops": 1,
                              "Hash Cond": "(web_sales.ws_sold_date_sk = date_dim.d_date_sk)",
                              "Plans": [
                                {
                                  "Node Type": "Seq Scan",
                                  "Parent Relationship": "Outer",
                                  "Parallel Aware": false,
                                  "Relation Name": "web_sales",
                                  "Alias": "web_sales",
                                  "Startup Cost": 0.00,
                                  "Total Cost": 26118.71,
                                  "Plan Rows": 719071,
                                  "Plan Width": 12,
                                  "Actual Startup Time": 0.057,
                                  "Actual Total Time": 101.562,
                                  "Actual Rows": 648065,
                                  "Actual Loops": 1
                                },
                                {
                                  "Node Type": "Hash",
                                  "Parent Relationship": "Inner",
                                  "Parallel Aware": false,
                                  "Startup Cost": 2500.73,
                                  "Total Cost": 2500.73,
                                  "Plan Rows": 92,
                                  "Plan Width": 4,
                                  "Actual Startup Time": 34.136,
                                  "Actual Total Time": 34.136,
                                  "Actual Rows": 91,
                                  "Actual Loops": 1,
                                  "Hash Buckets": 1024,
                                  "Original Hash Buckets": 1024,
                                  "Hash Batches": 1,
                                  "Original Hash Batches": 1,
                                  "Peak Memory Usage": 12,
                                  "Plans": [
                                    {
                                      "Node Type": "Seq Scan",
                                      "Parent Relationship": "Outer",
                                      "Parallel Aware": false,
                                      "Relation Name": "date_dim",
                                      "Alias": "date_dim",
                                      "Startup Cost": 0.00,
                                      "Total Cost": 2500.73,
                                      "Plan Rows": 92,
                                      "Plan Width": 4,
                                      "Actual Startup Time": 24.509,
                                      "Actual Total Time": 34.099,
                                      "Actual Rows": 91,
                                      "Actual Loops": 1,
                                      "Filter": "((d_qoy = 2) AND (d_year = 1999))",
                                      "Rows Removed by Filter": 72958
                                    }
                                  ]
                                }
                              ]
                            }
                          ]
                        }
                      ]
                    },
                    {
                      "Node Type": "Materialize",
                      "Parent Relationship": "Inner",
                      "Parallel Aware": false,
                      "Startup Cost": 0.00,
                      "Total Cost": 1641.11,
                      "Plan Rows": 21,
                      "Plan Width": 4,
                      "Actual Startup Time": 0.000,
                      "Actual Total Time": 0.001,
                      "Actual Rows": 20,
                      "Actual Loops": 18736,
                      "Plans": [
                        {
                          "Node Type": "Seq Scan",
                          "Parent Relationship": "Outer",
                          "Parallel Aware": false,
                          "Relation Name": "item",
                          "Alias": "item",
                          "Startup Cost": 0.00,
                          "Total Cost": 1641.00,
                          "Plan Rows": 21,
                          "Plan Width": 4,
                          "Actual Startup Time": 0.008,
                          "Actual Total Time": 5.983,
                          "Actual Rows": 20,
                          "Actual Loops": 1,
                          "Filter": "(i_item_id = ANY ('{AAAAAAAACAAAAAAA,AAAAAAAACAAAAAAA,AAAAAAAAEAAAAAAA,AAAAAAAAHAAAAAAA,AAAAAAAAKAAAAAAA,AAAAAAAANAAAAAAA,AAAAAAAAABAAAAAA,AAAAAAAADBAAAAAA,AAAAAAAAGBAAAAAA,AAAAAAAAMBAAAAAA}'::bpchar[]))",
                          "Rows Removed by Filter": 17980
                        }
                      ]
                    }
                  ]
                }
              ]
            }
          ]
        }
      ]
    },
    "Planning Time": 91.636,
    "Triggers": [
    ],
    "Execution Time": 293.480
  }
]
