[{"Execution Time": 1266.587, "Planning Time": 0.214, "Plan": {"Partial Mode": "Simple", "Startup Cost": 91041.06, "Actual Rows": 178, "Plans": [{"Startup Cost": 3965.04, "Actual Rows": 26679511, "Plans": [{"Startup Cost": 3963.65, "Actual Rows": 493018, "Plans": [{"Startup Cost": 2322.65, "Actual Rows": 493018, "Plans": [{"Startup Cost": 0.0, "Actual Rows": 2485280, "Node Type": "Seq Scan", "Plan Rows": 2622557, "Relation Name": "store_sales", "Alias": "store_sales", "Parallel Aware": false, "Actual Total Time": 329.02, "Parent Relationship": "Outer", "Actual Startup Time": 0.021, "Plan Width": 12, "Actual Loops": 1, "Total Cost": 76687.57}, {"Hash Buckets": 1024, "Startup Cost": 2318.11, "Plans": [{"Filter": "(d_year = 2001)", "Startup Cost": 0.0, "Actual Rows": 365, "Node Type": "Seq Scan", "Plan Rows": 363, "Relation Name": "date_dim", "Alias": "date_dim", "Parallel Aware": false, "Actual Total Time": 12.497, "Parent Relationship": "Outer", "Actual Startup Time": 6.75, "Plan Width": 4, "Actual Loops": 1, "Rows Removed by Filter": 72684, "Total Cost": 2318.11}], "Actual Rows": 365, "Original Hash Buckets": 1024, "Hash Batches": 1, "Peak Memory Usage": 21, "Node Type": "Hash", "Plan Rows": 363, "Parallel Aware": false, "Actual Total Time": 12.564, "Parent Relationship": "Inner", "Actual Startup Time": 12.564, "Plan Width": 4, "Actual Loops": 1, "Original Hash Batches": 1, "Total Cost": 2318.11}], "Node Type": "Hash Join", "Plan Rows": 13032, "Join Type": "Inner", "Parallel Aware": false, "Actual Total Time": 664.699, "Hash Cond": "(store_sales.ss_sold_date_sk = date_dim.d_date_sk)", "Parent Relationship": "Outer", "Actual Startup Time": 12.637, "Plan Width": 8, "Actual Loops": 1, "Total Cost": 88975.13}, {"Hash Buckets": 32768, "Startup Cost": 1416.0, "Plans": [{"Startup Cost": 0.0, "Actual Rows": 18000, "Node Type": "Seq Scan", "Plan Rows": 18000, "Relation Name": "item", "Alias": "item", "Parallel Aware": false, "Actual Total Time": 4.465, "Parent Relationship": "Outer", "Actual Startup Time": 0.002, "Plan Width": 106, "Actual Loops": 1, "Total Cost": 1416.0}], "Actual Rows": 18000, "Original Hash Buckets": 32768, "Hash Batches": 1, "Peak Memory Usage": 2713, "Node Type": "Hash", "Plan Rows": 18000, "Parallel Aware": false, "Actual Total Time": 7.446, "Parent Relationship": "Inner", "Actual Startup Time": 7.446, "Plan Width": 106, "Actual Loops": 1, "Original Hash Batches": 1, "Total Cost": 1416.0}], "Node Type": "Hash Join", "Plan Rows": 13032, "Join Type": "Inner", "Parallel Aware": false, "Actual Total Time": 874.376, "Hash Cond": "(store_sales.ss_item_sk = item.i_item_sk)", "Parent Relationship": "Outer", "Actual Startup Time": 20.097, "Plan Width": 106, "Actual Loops": 1, "Total Cost": 90795.32}, {"Hash Buckets": 1024, "Startup Cost": 1.24, "Plans": [{"Filter": "(s_state = ANY ('{TN,TN,TN,TN,TN,TN,TN,TN}'::bpchar[]))", "Startup Cost": 0.0, "Actual Rows": 12, "Node Type": "Seq Scan", "Plan Rows": 12, "Relation Name": "store", "Alias": "store", "Parallel Aware": false, "Actual Total Time": 0.008, "Parent Relationship": "Outer", "Actual Startup Time": 0.005, "Plan Width": 4, "Actual Loops": 1, "Rows Removed by Filter": 0, "Total Cost": 1.24}], "Actual Rows": 12, "Original Hash Buckets": 1024, "Hash Batches": 1, "Peak Memory Usage": 9, "Node Type": "Hash", "Plan Rows": 12, "Parallel Aware": false, "Actual Total Time": 0.011, "Parent Relationship": "Inner", "Actual Startup Time": 0.011, "Plan Width": 4, "Actual Loops": 1, "Original Hash Batches": 1, "Total Cost": 1.24}], "Node Type": "Hash Join", "Plan Rows": 13032, "Join Type": "Inner", "Parallel Aware": false, "Actual Total Time": 981.047, "Hash Cond": "(store_sales.ss_store_sk = store.s_store_sk)", "Parent Relationship": "Outer", "Actual Startup Time": 20.112, "Plan Width": 102, "Actual Loops": 1, "Total Cost": 90975.9}], "Node Type": "Aggregate", "Strategy": "Hashed", "Plan Rows": 990, "Parallel Aware": false, "Actual Total Time": 1266.543, "Group Key": ["item.i_category", "item.i_class"], "Actual Startup Time": 1266.532, "Plan Width": 102, "Actual Loops": 1, "Total Cost": 91050.96}, "Triggers": []}]