[{"Execution Time": 168.757, "Planning Time": 0.466, "Plan": {"Partial Mode": "Simple", "Startup Cost": 34743.93, "Actual Rows": 993, "Plans": [{"Startup Cost": 5924.4, "Actual Rows": 238036, "Plans": [{"Startup Cost": 3984.67, "Actual Rows": 576, "Plans": [{"Startup Cost": 2501.08, "Actual Rows": 6099, "Plans": [{"Startup Cost": 0.0, "Actual Rows": 648065, "Node Type": "Seq Scan", "Plan Rows": 719071, "Relation Name": "web_sales", "Alias": "web_sales", "Parallel Aware": false, "Actual Total Time": 86.924, "Parent Relationship": "Outer", "Actual Startup Time": 0.022, "Plan Width": 12, "Actual Loops": 1, "Total Cost": 26118.71}, {"Hash Buckets": 1024, "Startup Cost": 2500.73, "Plans": [{"Filter": "((d_year = 2000) AND (d_moy = 2))", "Startup Cost": 0.0, "Actual Rows": 29, "Node Type": "Seq Scan", "Plan Rows": 28, "Relation Name": "date_dim", "Alias": "date_dim", "Parallel Aware": false, "Actual Total Time": 8.651, "Parent Relationship": "Outer", "Actual Startup Time": 4.142, "Plan Width": 4, "Actual Loops": 1, "Rows Removed by Filter": 73020, "Total Cost": 2500.73}], "Actual Rows": 29, "Original Hash Buckets": 1024, "Hash Batches": 1, "Peak Memory Usage": 10, "Node Type": "Hash", "Plan Rows": 28, "Parallel Aware": false, "Actual Total Time": 8.658, "Parent Relationship": "Inner", "Actual Startup Time": 8.657, "Plan Width": 4, "Actual Loops": 1, "Original Hash Batches": 1, "Total Cost": 2500.73}], "Node Type": "Hash Join", "Plan Rows": 276, "Join Type": "Inner", "Parallel Aware": false, "Actual Total Time": 146.792, "Hash Cond": "(web_sales.ws_sold_date_sk = date_dim.d_date_sk)", "Parent Relationship": "Outer", "Actual Startup Time": 8.749, "Plan Width": 8, "Actual Loops": 1, "Total Cost": 31319.07}, {"Hash Buckets": 2048, "Startup Cost": 1461.0, "Plans": [{"Filter": "(i_category = 'Home'::bpchar)", "Startup Cost": 0.0, "Actual Rows": 1807, "Node Type": "Seq Scan", "Plan Rows": 1807, "Relation Name": "item", "Alias": "item", "Parallel Aware": false, "Actual Total Time": 4.973, "Parent Relationship": "Outer", "Actual Startup Time": 0.063, "Plan Width": 8, "Actual Loops": 1, "Rows Removed by Filter": 16193, "Total Cost": 1461.0}], "Actual Rows": 1807, "Original Hash Buckets": 2048, "Hash Batches": 1, "Peak Memory Usage": 87, "Node Type": "Hash", "Plan Rows": 1807, "Parallel Aware": false, "Actual Total Time": 5.198, "Parent Relationship": "Inner", "Actual Startup Time": 5.198, "Plan Width": 8, "Actual Loops": 1, "Original Hash Batches": 1, "Total Cost": 1461.0}], "Node Type": "Hash Join", "Plan Rows": 28, "Join Type": "Inner", "Parallel Aware": false, "Actual Total Time": 153.4, "Hash Cond": "(web_sales.ws_item_sk = item.i_item_sk)", "Parent Relationship": "Outer", "Actual Startup Time": 13.958, "Plan Width": 8, "Actual Loops": 1, "Total Cost": 32803.97}, {"Hash Buckets": 32768, "Startup Cost": 1712.0, "Plans": [{"Filter": "(ca_gmt_offset = '-5'::numeric)", "Startup Cost": 0.0, "Actual Rows": 18246, "Node Type": "Seq Scan", "Plan Rows": 18218, "Relation Name": "customer_address", "Alias": "customer_address", "Parallel Aware": false, "Actual Total Time": 12.374, "Parent Relationship": "Outer", "Actual Startup Time": 0.01, "Plan Width": 4, "Actual Loops": 1, "Rows Removed by Filter": 31754, "Total Cost": 1712.0}], "Actual Rows": 18246, "Original Hash Buckets": 32768, "Hash Batches": 1, "Peak Memory Usage": 898, "Node Type": "Hash", "Plan Rows": 18218, "Parallel Aware": false, "Actual Total Time": 14.872, "Parent Relationship": "Inner", "Actual Startup Time": 14.872, "Plan Width": 4, "Actual Loops": 1, "Original Hash Batches": 1, "Total Cost": 1712.0}], "Node Type": "Hash Join", "Plan Rows": 10, "Join Type": "Inner", "Parallel Aware": false, "Actual Total Time": 168.487, "Hash Cond": "(web_sales.ws_bill_addr_sk = customer_address.ca_address_sk)", "Parent Relationship": "Outer", "Actual Startup Time": 30.36, "Plan Width": 4, "Actual Loops": 1, "Total Cost": 34743.9}], "Node Type": "Aggregate", "Strategy": "Hashed", "Plan Rows": 10, "Parallel Aware": false, "Actual Total Time": 168.696, "Group Key": ["item.i_manufact_id"], "Actual Startup Time": 168.675, "Plan Width": 4, "Actual Loops": 1, "Total Cost": 34744.03}, "Triggers": []}]