[{"Execution Time": 414.952, "Planning Time": 26.841, "Plan": {"Partial Mode": "Simple", "Startup Cost": 109634.62, "Actual Rows": 85425, "Plans": [{"Startup Cost": 6150.6, "Actual Rows": 90477, "Plans": [{"Startup Cost": 0.0, "Actual Rows": 1920800, "Node Type": "Seq Scan", "Plan Rows": 1920800, "Relation Name": "customer_demographics", "Alias": "customer_demographics", "Parallel Aware": false, "Actual Total Time": 193.009, "Parent Relationship": "Outer", "Actual Startup Time": 0.006, "Plan Width": 56, "Actual Loops": 1, "Total Cost": 41036.0}, {"Hash Buckets": 1024, "Startup Cost": 6141.43, "Plans": [{"Startup Cost": 1904.09, "Actual Rows": 696, "Plans": [{"Startup Cost": 0.0, "Actual Rows": 94736, "Node Type": "Seq Scan", "Plan Rows": 100000, "Relation Name": "customer", "Alias": "customer", "Parallel Aware": false, "Actual Total Time": 8.507, "Parent Relationship": "Outer", "Actual Startup Time": 0.003, "Plan Width": 8, "Actual Loops": 1, "Total Cost": 3855.0}, {"Hash Buckets": 1024, "Startup Cost": 1899.5, "Plans": [{"Filter": "((ca_county)::text = ANY ('{\"Yellowstone County\",\"Montgomery County\",\"Divide County\",\"Cedar County\",\"Manassas Park city\"}'::text[]))", "Startup Cost": 0.0, "Actual Rows": 382, "Node Type": "Seq Scan", "Plan Rows": 367, "Relation Name": "customer_address", "Alias": "customer_address", "Parallel Aware": false, "Actual Total Time": 11.505, "Parent Relationship": "Outer", "Actual Startup Time": 0.08, "Plan Width": 4, "Actual Loops": 1, "Rows Removed by Filter": 49618, "Total Cost": 1899.5}], "Actual Rows": 382, "Original Hash Buckets": 1024, "Hash Batches": 1, "Peak Memory Usage": 22, "Node Type": "Hash", "Plan Rows": 367, "Parallel Aware": false, "Actual Total Time": 11.61, "Parent Relationship": "Inner", "Actual Startup Time": 11.61, "Plan Width": 4, "Actual Loops": 1, "Original Hash Batches": 1, "Total Cost": 1899.5}], "Node Type": "Hash Join", "Plan Rows": 734, "Join Type": "Inner", "Parallel Aware": false, "Actual Total Time": 30.933, "Hash Cond": "(customer.c_current_addr_sk = customer_address.ca_address_sk)", "Parent Relationship": "Outer", "Actual Startup Time": 11.622, "Plan Width": 4, "Actual Loops": 1, "Total Cost": 6141.43}], "Actual Rows": 696, "Original Hash Buckets": 1024, "Hash Batches": 1, "Peak Memory Usage": 33, "Node Type": "Hash", "Plan Rows": 734, "Parallel Aware": false, "Actual Total Time": 31.095, "Parent Relationship": "Inner", "Actual Startup Time": 31.095, "Plan Width": 4, "Actual Loops": 1, "Original Hash Batches": 1, "Total Cost": 6141.43}], "Node Type": "Hash Join", "Plan Rows": 734, "Join Type": "Inner", "Parallel Aware": false, "Actual Total Time": 413.666, "Hash Cond": "(customer_demographics.cd_demo_sk = customer.c_current_cdemo_sk)", "Parent Relationship": "Outer", "Actual Startup Time": 32.094, "Plan Width": 52, "Actual Loops": 1, "Total Cost": 109619.94}], "Node Type": "Aggregate", "Strategy": "Hashed", "Plan Rows": 734, "Parallel Aware": false, "Actual Total Time": 414.89, "Group Key": ["customer_demographics.cd_gender", "customer_demographics.cd_marital_status", "customer_demographics.cd_education_status", "customer_demographics.cd_purchase_estimate", "customer_demographics.cd_credit_rating", "customer_demographics.cd_dep_count", "customer_demographics.cd_dep_employed_count", "customer_demographics.cd_dep_college_count"], "Actual Startup Time": 414.787, "Plan Width": 52, "Actual Loops": 1, "Total Cost": 109641.96}, "Triggers": []}]