[
  {
    "Plan": {
      "Node Type": "Aggregate",
      "Strategy": "Hashed",
      "Partial Mode": "Simple",
      "Parallel Aware": false,
      "Startup Cost": 63130.94,
      "Total Cost": 63131.16,
      "Plan Rows": 22,
      "Plan Width": 17,
      "Actual Startup Time": 353.332,
      "Actual Total Time": 353.408,
      "Actual Rows": 14964,
      "Actual Loops": 1,
      "Group Key": ["item.i_item_id"],
      "Plans": [
        {
          "Node Type": "Hash Join",
          "Parent Relationship": "Outer",
          "Parallel Aware": false,
          "Join Type": "Inner",
          "Startup Cost": 5924.17,
          "Total Cost": 63130.89,
          "Plan Rows": 22,
          "Plan Width": 17,
          "Actual Startup Time": 66.225,
          "Actual Total Time": 352.839,
          "Actual Rows": 1150077,
          "Actual Loops": 1,
          "Hash Cond": "(catalog_sales.cs_bill_addr_sk = customer_address.ca_address_sk)",
          "Plans": [
            {
              "Node Type": "Hash Join",
              "Parent Relationship": "Outer",
              "Parallel Aware": false,
              "Join Type": "Inner",
              "Startup Cost": 3984.45,
              "Total Cost": 61190.72,
              "Plan Rows": 60,
              "Plan Width": 21,
              "Actual Startup Time": 34.526,
              "Actual Total Time": 320.381,
              "Actual Rows": 2813,
              "Actual Loops": 1,
              "Hash Cond": "(catalog_sales.cs_item_sk = item.i_item_sk)",
              "Plans": [
                {
                  "Node Type": "Hash Join",
                  "Parent Relationship": "Outer",
                  "Parallel Aware": false,
                  "Join Type": "Inner",
                  "Startup Cost": 2501.12,
                  "Total Cost": 59704.52,
                  "Plan Rows": 606,
                  "Plan Width": 8,
                  "Actual Startup Time": 16.078,
                  "Actual Total Time": 310.598,
                  "Actual Rows": 29195,
                  "Actual Loops": 1,
                  "Hash Cond": "(catalog_sales.cs_sold_date_sk = date_dim.d_date_sk)",
                  "Plans": [
                    {
                      "Node Type": "Seq Scan",
                      "Parent Relationship": "Outer",
                      "Parallel Aware": false,
                      "Relation Name": "catalog_sales",
                      "Alias": "catalog_sales",
                      "Startup Cost": 0.00,
                      "Total Cost": 51844.70,
                      "Plan Rows": 1427370,
                      "Plan Width": 12,
                      "Actual Startup Time": 0.024,
                      "Actual Total Time": 184.069,
                      "Actual Rows": 1343425,
                      "Actual Loops": 1
                    },
                    {
                      "Node Type": "Hash",
                      "Parent Relationship": "Inner",
                      "Parallel Aware": false,
                      "Startup Cost": 2500.73,
                      "Total Cost": 2500.73,
                      "Plan Rows": 31,
                      "Plan Width": 4,
                      "Actual Startup Time": 11.642,
                      "Actual Total Time": 11.642,
                      "Actual Rows": 31,
                      "Actual Loops": 1,
                      "Hash Buckets": 1024,
                      "Original Hash Buckets": 1024,
                      "Hash Batches": 1,
                      "Original Hash Batches": 1,
                      "Peak Memory Usage": 10,
                      "Plans": [
                        {
                          "Node Type": "Seq Scan",
                          "Parent Relationship": "Outer",
                          "Parallel Aware": false,
                          "Relation Name": "date_dim",
                          "Alias": "date_dim",
                          "Startup Cost": 0.00,
                          "Total Cost": 2500.73,
                          "Plan Rows": 31,
                          "Plan Width": 4,
                          "Actual Startup Time": 4.515,
                          "Actual Total Time": 11.633,
                          "Actual Rows": 31,
                          "Actual Loops": 1,
                          "Filter": "((d_year = 1998) AND (d_moy = 8))",
                          "Rows Removed by Filter": 73018
                        }
                      ]
                    }
                  ]
                },
                {
                  "Node Type": "Hash",
                  "Parent Relationship": "Inner",
                  "Parallel Aware": false,
                  "Startup Cost": 1461.00,
                  "Total Cost": 1461.00,
                  "Plan Rows": 1786,
                  "Plan Width": 21,
                  "Actual Startup Time": 5.850,
                  "Actual Total Time": 5.850,
                  "Actual Rows": 1786,
                  "Actual Loops": 1,
                  "Hash Buckets": 2048,
                  "Original Hash Buckets": 2048,
                  "Hash Batches": 1,
                  "Original Hash Batches": 1,
                  "Peak Memory Usage": 114,
                  "Plans": [
                    {
                      "Node Type": "Seq Scan",
                      "Parent Relationship": "Outer",
                      "Parallel Aware": false,
                      "Relation Name": "item",
                      "Alias": "item",
                      "Startup Cost": 0.00,
                      "Total Cost": 1461.00,
                      "Plan Rows": 1786,
                      "Plan Width": 21,
                      "Actual Startup Time": 0.011,
                      "Actual Total Time": 5.526,
                      "Actual Rows": 1786,
                      "Actual Loops": 1,
                      "Filter": "(i_category = 'Children'::bpchar)",
                      "Rows Removed by Filter": 16214
                    }
                  ]
                }
              ]
            },
            {
              "Node Type": "Hash",
              "Parent Relationship": "Inner",
              "Parallel Aware": false,
              "Startup Cost": 1712.00,
              "Total Cost": 1712.00,
              "Plan Rows": 18218,
              "Plan Width": 4,
              "Actual Startup Time": 31.678,
              "Actual Total Time": 31.678,
              "Actual Rows": 18246,
              "Actual Loops": 1,
              "Hash Buckets": 32768,
              "Original Hash Buckets": 32768,
              "Hash Batches": 1,
              "Original Hash Batches": 1,
              "Peak Memory Usage": 898,
              "Plans": [
                {
                  "Node Type": "Seq Scan",
                  "Parent Relationship": "Outer",
                  "Parallel Aware": false,
                  "Relation Name": "customer_address",
                  "Alias": "customer_address",
                  "Startup Cost": 0.00,
                  "Total Cost": 1712.00,
                  "Plan Rows": 18218,
                  "Plan Width": 4,
                  "Actual Startup Time": 0.006,
                  "Actual Total Time": 25.525,
                  "Actual Rows": 18246,
                  "Actual Loops": 1,
                  "Filter": "(ca_gmt_offset = '-5'::numeric)",
                  "Rows Removed by Filter": 31754
                }
              ]
            }
          ]
        }
      ]
    },
    "Planning Time": 0.226,
    "Triggers": [
    ],
    "Execution Time": 353.468
  }
]
