[{"Execution Time": 942.201, "Planning Time": 0.246, "Plan": {"Partial Mode": "Simple", "Startup Cost": 89373.08, "Actual Rows": 33, "Plans": [{"Startup Cost": 2506.18, "Actual Rows": 550086562, "Plans": [{"Startup Cost": 2504.91, "Actual Rows": 502535, "Plans": [{"Startup Cost": 0.0, "Actual Rows": 2485280, "Node Type": "Seq Scan", "Plan Rows": 2622557, "Relation Name": "store_sales", "Alias": "store_sales", "Parallel Aware": false, "Actual Total Time": 337.871, "Parent Relationship": "Outer", "Actual Startup Time": 0.022, "Plan Width": 8, "Actual Loops": 1, "Total Cost": 76687.57}, {"Hash Buckets": 1024, "Startup Cost": 2500.73, "Plans": [{"Filter": "((d_month_seq >= 1181) AND (d_month_seq <= 1192))", "Startup Cost": 0.0, "Actual Rows": 365, "Node Type": "Seq Scan", "Plan Rows": 334, "Relation Name": "date_dim", "Alias": "date_dim", "Parallel Aware": false, "Actual Total Time": 11.544, "Parent Relationship": "Outer", "Actual Startup Time": 4.778, "Plan Width": 4, "Actual Loops": 1, "Rows Removed by Filter": 72684, "Total Cost": 2500.73}], "Actual Rows": 365, "Original Hash Buckets": 1024, "Hash Batches": 1, "Peak Memory Usage": 21, "Node Type": "Hash", "Plan Rows": 334, "Parallel Aware": false, "Actual Total Time": 11.595, "Parent Relationship": "Inner", "Actual Startup Time": 11.595, "Plan Width": 4, "Actual Loops": 1, "Original Hash Batches": 1, "Total Cost": 2500.73}], "Node Type": "Hash Join", "Plan Rows": 11991, "Join Type": "Inner", "Parallel Aware": false, "Actual Total Time": 688.16, "Hash Cond": "(store_sales.ss_sold_date_sk = date_dim.d_date_sk)", "Parent Relationship": "Outer", "Actual Startup Time": 11.627, "Plan Width": 4, "Actual Loops": 1, "Total Cost": 89146.98}, {"Hash Buckets": 1024, "Startup Cost": 1.12, "Plans": [{"Startup Cost": 0.0, "Actual Rows": 12, "Node Type": "Seq Scan", "Plan Rows": 12, "Relation Name": "store", "Alias": "store", "Parallel Aware": false, "Actual Total Time": 0.011, "Parent Relationship": "Outer", "Actual Startup Time": 0.005, "Plan Width": 25, "Actual Loops": 1, "Total Cost": 1.12}], "Actual Rows": 12, "Original Hash Buckets": 1024, "Hash Batches": 1, "Peak Memory Usage": 9, "Node Type": "Hash", "Plan Rows": 12, "Parallel Aware": false, "Actual Total Time": 0.013, "Parent Relationship": "Inner", "Actual Startup Time": 0.013, "Plan Width": 25, "Actual Loops": 1, "Original Hash Batches": 1, "Total Cost": 1.12}], "Node Type": "Hash Join", "Plan Rows": 11991, "Join Type": "Inner", "Parallel Aware": false, "Actual Total Time": 804.27, "Hash Cond": "(store_sales.ss_store_sk = store.s_store_sk)", "Parent Relationship": "Outer", "Actual Startup Time": 11.643, "Plan Width": 21, "Actual Loops": 1, "Total Cost": 89313.12}], "Node Type": "Aggregate", "Strategy": "Hashed", "Plan Rows": 1, "Parallel Aware": false, "Actual Total Time": 942.164, "Group Key": ["store.s_state", "store.s_county"], "Actual Startup Time": 942.164, "Plan Width": 21, "Actual Loops": 1, "Total Cost": 89373.09}, "Triggers": []}]