[
  {
    "Plan": {
      "Node Type": "Aggregate",
      "Strategy": "Hashed",
      "Partial Mode": "Simple",
      "Parallel Aware": false,
      "Startup Cost": 185697.32,
      "Total Cost": 185795.69,
      "Plan Rows": 9837,
      "Plan Width": 19,
      "Actual Startup Time": 2029.066,
      "Actual Total Time": 2032.501,
      "Actual Rows": 20040,
      "Actual Loops": 1,
      "Group Key": ["customer_address.ca_state", "customer_demographics.cd_gender", "customer_demographics.cd_marital_status", "customer_demographics.cd_dep_count", "customer_demographics.cd_dep_employed_count", "customer_demographics.cd_dep_college_count"],
      "Plans": [
        {
          "Node Type": "Hash Join",
          "Parent Relationship": "Outer",
          "Parallel Aware": false,
          "Join Type": "Inner",
          "Startup Cost": 86611.16,
          "Total Cost": 185549.76,
          "Plan Rows": 9837,
          "Plan Width": 19,
          "Actual Startup Time": 895.061,
          "Actual Total Time": 1915.589,
          "Actual Rows": 276203,
          "Actual Loops": 1,
          "Hash Cond": "(customer.c_current_cdemo_sk = customer_demographics.cd_demo_sk)",
          "Plans": [
            {
              "Node Type": "Hash Join",
              "Parent Relationship": "Outer",
              "Parallel Aware": false,
              "Join Type": "Inner",
              "Startup Cost": 10310.16,
              "Total Cost": 97768.21,
              "Plan Rows": 9837,
              "Plan Width": 7,
              "Actual Startup Time": 66.047,
              "Actual Total Time": 802.509,
              "Actual Rows": 276203,
              "Actual Loops": 1,
              "Hash Cond": "(customer.c_current_addr_sk = customer_address.ca_address_sk)",
              "Plans": [
                {
                  "Node Type": "Hash Join",
                  "Parent Relationship": "Outer",
                  "Parallel Aware": false,
                  "Join Type": "Inner",
                  "Startup Cost": 8098.16,
                  "Total Cost": 95420.95,
                  "Plan Rows": 9837,
                  "Plan Width": 8,
                  "Actual Startup Time": 50.277,
                  "Actual Total Time": 719.698,
                  "Actual Rows": 276203,
                  "Actual Loops": 1,
                  "Hash Cond": "(store_sales.ss_customer_sk = customer.c_customer_sk)",
                  "Plans": [
                    {
                      "Node Type": "Hash Join",
                      "Parent Relationship": "Outer",
                      "Parallel Aware": false,
                      "Join Type": "Inner",
                      "Startup Cost": 2504.16,
                      "Total Cost": 89124.69,
                      "Plan Rows": 9837,
                      "Plan Width": 4,
                      "Actual Startup Time": 11.539,
                      "Actual Total Time": 581.972,
                      "Actual Rows": 276203,
                      "Actual Loops": 1,
                      "Hash Cond": "(store_sales.ss_sold_date_sk = date_dim.d_date_sk)",
                      "Plans": [
                        {
                          "Node Type": "Seq Scan",
                          "Parent Relationship": "Outer",
                          "Parallel Aware": false,
                          "Relation Name": "store_sales",
                          "Alias": "store_sales",
                          "Startup Cost": 0.00,
                          "Total Cost": 76687.57,
                          "Plan Rows": 2622557,
                          "Plan Width": 8,
                          "Actual Startup Time": 0.019,
                          "Actual Total Time": 306.489,
                          "Actual Rows": 2485280,
                          "Actual Loops": 1
                        },
                        {
                          "Node Type": "Hash",
                          "Parent Relationship": "Inner",
                          "Parallel Aware": false,
                          "Startup Cost": 2500.73,
                          "Total Cost": 2500.73,
                          "Plan Rows": 274,
                          "Plan Width": 4,
                          "Actual Startup Time": 11.480,
                          "Actual Total Time": 11.480,
                          "Actual Rows": 274,
                          "Actual Loops": 1,
                          "Hash Buckets": 1024,
                          "Original Hash Buckets": 1024,
                          "Hash Batches": 1,
                          "Original Hash Batches": 1,
                          "Peak Memory Usage": 18,
                          "Plans": [
                            {
                              "Node Type": "Seq Scan",
                              "Parent Relationship": "Outer",
                              "Parallel Aware": false,
                              "Relation Name": "date_dim",
                              "Alias": "date_dim",
                              "Startup Cost": 0.00,
                              "Total Cost": 2500.73,
                              "Plan Rows": 274,
                              "Plan Width": 4,
                              "Actual Startup Time": 5.773,
                              "Actual Total Time": 11.439,
                              "Actual Rows": 274,
                              "Actual Loops": 1,
                              "Filter": "((d_qoy < 4) AND (d_year = 2001))",
                              "Rows Removed by Filter": 72775
                            }
                          ]
                        }
                      ]
                    },
                    {
                      "Node Type": "Hash",
                      "Parent Relationship": "Inner",
                      "Parallel Aware": false,
                      "Startup Cost": 3855.00,
                      "Total Cost": 3855.00,
                      "Plan Rows": 100000,
                      "Plan Width": 12,
                      "Actual Startup Time": 38.152,
                      "Actual Total Time": 38.152,
                      "Actual Rows": 94736,
                      "Actual Loops": 1,
                      "Hash Buckets": 131072,
                      "Original Hash Buckets": 131072,
                      "Hash Batches": 2,
                      "Original Hash Batches": 2,
                      "Peak Memory Usage": 3068,
                      "Plans": [
                        {
                          "Node Type": "Seq Scan",
                          "Parent Relationship": "Outer",
                          "Parallel Aware": false,
                          "Relation Name": "customer",
                          "Alias": "customer",
                          "Startup Cost": 0.00,
                          "Total Cost": 3855.00,
                          "Plan Rows": 100000,
                          "Plan Width": 12,
                          "Actual Startup Time": 0.005,
                          "Actual Total Time": 17.664,
                          "Actual Rows": 94736,
                          "Actual Loops": 1
                        }
                      ]
                    }
                  ]
                },
                {
                  "Node Type": "Hash",
                  "Parent Relationship": "Inner",
                  "Parallel Aware": false,
                  "Startup Cost": 1587.00,
                  "Total Cost": 1587.00,
                  "Plan Rows": 50000,
                  "Plan Width": 7,
                  "Actual Startup Time": 15.743,
                  "Actual Total Time": 15.743,
                  "Actual Rows": 50000,
                  "Actual Loops": 1,
                  "Hash Buckets": 65536,
                  "Original Hash Buckets": 65536,
                  "Hash Batches": 1,
                  "Original Hash Batches": 1,
                  "Peak Memory Usage": 2460,
                  "Plans": [
                    {
                      "Node Type": "Seq Scan",
                      "Parent Relationship": "Outer",
                      "Parallel Aware": false,
                      "Relation Name": "customer_address",
                      "Alias": "customer_address",
                      "Startup Cost": 0.00,
                      "Total Cost": 1587.00,
                      "Plan Rows": 50000,
                      "Plan Width": 7,
                      "Actual Startup Time": 0.008,
                      "Actual Total Time": 8.452,
                      "Actual Rows": 50000,
                      "Actual Loops": 1
                    }
                  ]
                }
              ]
            },
            {
              "Node Type": "Hash",
              "Parent Relationship": "Inner",
              "Parallel Aware": false,
              "Startup Cost": 41036.00,
              "Total Cost": 41036.00,
              "Plan Rows": 1920800,
              "Plan Width": 20,
              "Actual Startup Time": 827.458,
              "Actual Total Time": 827.458,
              "Actual Rows": 1920800,
              "Actual Loops": 1,
              "Hash Buckets": 65536,
              "Original Hash Buckets": 65536,
              "Hash Batches": 32,
              "Original Hash Batches": 32,
              "Peak Memory Usage": 3581,
              "Plans": [
                {
                  "Node Type": "Seq Scan",
                  "Parent Relationship": "Outer",
                  "Parallel Aware": false,
                  "Relation Name": "customer_demographics",
                  "Alias": "customer_demographics",
                  "Startup Cost": 0.00,
                  "Total Cost": 41036.00,
                  "Plan Rows": 1920800,
                  "Plan Width": 20,
                  "Actual Startup Time": 0.007,
                  "Actual Total Time": 381.051,
                  "Actual Rows": 1920800,
                  "Actual Loops": 1
                }
              ]
            }
          ]
        }
      ]
    },
    "Planning Time": 0.856,
    "Triggers": [
    ],
    "Execution Time": 2033.380
  }
]
