[
  {
    "Plan": {
      "Node Type": "Aggregate",
      "Strategy": "Hashed",
      "Partial Mode": "Simple",
      "Parallel Aware": false,
      "Startup Cost": 155024.74,
      "Total Cost": 155078.28,
      "Plan Rows": 5354,
      "Plan Width": 19,
      "Actual Startup Time": 1575.651,
      "Actual Total Time": 1578.445,
      "Actual Rows": 14293,
      "Actual Loops": 1,
      "Group Key": ["customer_address.ca_state", "customer_demographics.cd_gender", "customer_demographics.cd_marital_status", "customer_demographics.cd_dep_count", "customer_demographics.cd_dep_employed_count", "customer_demographics.cd_dep_college_count"],
      "Plans": [
        {
          "Node Type": "Hash Join",
          "Parent Relationship": "Outer",
          "Parallel Aware": false,
          "Join Type": "Inner",
          "Startup Cost": 138334.96,
          "Total Cost": 154944.43,
          "Plan Rows": 5354,
          "Plan Width": 19,
          "Actual Startup Time": 1187.978,
          "Actual Total Time": 1514.059,
          "Actual Rows": 149721,
          "Actual Loops": 1,
          "Hash Cond": "(customer.c_current_cdemo_sk = customer_demographics.cd_demo_sk)",
          "Plans": [
            {
              "Node Type": "Hash Join",
              "Parent Relationship": "Outer",
              "Parallel Aware": false,
              "Join Type": "Inner",
              "Startup Cost": 62033.96,
              "Total Cost": 67266.12,
              "Plan Rows": 5354,
              "Plan Width": 7,
              "Actual Startup Time": 378.542,
              "Actual Total Time": 485.669,
              "Actual Rows": 149721,
              "Actual Loops": 1,
              "Hash Cond": "(customer.c_current_addr_sk = customer_address.ca_address_sk)",
              "Plans": [
                {
                  "Node Type": "Hash Join",
                  "Parent Relationship": "Outer",
                  "Parallel Aware": false,
                  "Join Type": "Inner",
                  "Startup Cost": 59821.96,
                  "Total Cost": 64980.50,
                  "Plan Rows": 5354,
                  "Plan Width": 8,
                  "Actual Startup Time": 360.260,
                  "Actual Total Time": 431.613,
                  "Actual Rows": 149721,
                  "Actual Loops": 1,
                  "Hash Cond": "(customer.c_customer_sk = catalog_sales.cs_ship_customer_sk)",
                  "Plans": [
                    {
                      "Node Type": "Seq Scan",
                      "Parent Relationship": "Outer",
                      "Parallel Aware": false,
                      "Relation Name": "customer",
                      "Alias": "customer",
                      "Startup Cost": 0.00,
                      "Total Cost": 3855.00,
                      "Plan Rows": 100000,
                      "Plan Width": 12,
                      "Actual Startup Time": 0.011,
                      "Actual Total Time": 10.160,
                      "Actual Rows": 94736,
                      "Actual Loops": 1
                    },
                    {
                      "Node Type": "Hash",
                      "Parent Relationship": "Inner",
                      "Parallel Aware": false,
                      "Startup Cost": 59755.04,
                      "Total Cost": 59755.04,
                      "Plan Rows": 5354,
                      "Plan Width": 4,
                      "Actual Startup Time": 360.180,
                      "Actual Total Time": 360.180,
                      "Actual Rows": 149721,
                      "Actual Loops": 1,
                      "Hash Buckets": 131072,
                      "Original Hash Buckets": 8192,
                      "Hash Batches": 2,
                      "Original Hash Batches": 1,
                      "Peak Memory Usage": 3658,
                      "Plans": [
                        {
                          "Node Type": "Hash Join",
                          "Parent Relationship": "Outer",
                          "Parallel Aware": false,
                          "Join Type": "Inner",
                          "Startup Cost": 2504.16,
                          "Total Cost": 59755.04,
                          "Plan Rows": 5354,
                          "Plan Width": 4,
                          "Actual Startup Time": 186.436,
                          "Actual Total Time": 337.937,
                          "Actual Rows": 149721,
                          "Actual Loops": 1,
                          "Hash Cond": "(catalog_sales.cs_sold_date_sk = date_dim.d_date_sk)",
                          "Plans": [
                            {
                              "Node Type": "Seq Scan",
                              "Parent Relationship": "Outer",
                              "Parallel Aware": false,
                              "Relation Name": "catalog_sales",
                              "Alias": "catalog_sales",
                              "Startup Cost": 0.00,
                              "Total Cost": 51844.70,
                              "Plan Rows": 1427370,
                              "Plan Width": 8,
                              "Actual Startup Time": 0.071,
                              "Actual Total Time": 184.525,
                              "Actual Rows": 1343425,
                              "Actual Loops": 1
                            },
                            {
                              "Node Type": "Hash",
                              "Parent Relationship": "Inner",
                              "Parallel Aware": false,
                              "Startup Cost": 2500.73,
                              "Total Cost": 2500.73,
                              "Plan Rows": 274,
                              "Plan Width": 4,
                              "Actual Startup Time": 17.842,
                              "Actual Total Time": 17.842,
                              "Actual Rows": 274,
                              "Actual Loops": 1,
                              "Hash Buckets": 1024,
                              "Original Hash Buckets": 1024,
                              "Hash Batches": 1,
                              "Original Hash Batches": 1,
                              "Peak Memory Usage": 18,
                              "Plans": [
                                {
                                  "Node Type": "Seq Scan",
                                  "Parent Relationship": "Outer",
                                  "Parallel Aware": false,
                                  "Relation Name": "date_dim",
                                  "Alias": "date_dim",
                                  "Startup Cost": 0.00,
                                  "Total Cost": 2500.73,
                                  "Plan Rows": 274,
                                  "Plan Width": 4,
                                  "Actual Startup Time": 10.413,
                                  "Actual Total Time": 17.793,
                                  "Actual Rows": 274,
                                  "Actual Loops": 1,
                                  "Filter": "((d_qoy < 4) AND (d_year = 2001))",
                                  "Rows Removed by Filter": 72775
                                }
                              ]
                            }
                          ]
                        }
                      ]
                    }
                  ]
                },
                {
                  "Node Type": "Hash",
                  "Parent Relationship": "Inner",
                  "Parallel Aware": false,
                  "Startup Cost": 1587.00,
                  "Total Cost": 1587.00,
                  "Plan Rows": 50000,
                  "Plan Width": 7,
                  "Actual Startup Time": 18.250,
                  "Actual Total Time": 18.250,
                  "Actual Rows": 50000,
                  "Actual Loops": 1,
                  "Hash Buckets": 65536,
                  "Original Hash Buckets": 65536,
                  "Hash Batches": 1,
                  "Original Hash Batches": 1,
                  "Peak Memory Usage": 2460,
                  "Plans": [
                    {
                      "Node Type": "Seq Scan",
                      "Parent Relationship": "Outer",
                      "Parallel Aware": false,
                      "Relation Name": "customer_address",
                      "Alias": "customer_address",
                      "Startup Cost": 0.00,
                      "Total Cost": 1587.00,
                      "Plan Rows": 50000,
                      "Plan Width": 7,
                      "Actual Startup Time": 0.009,
                      "Actual Total Time": 9.443,
                      "Actual Rows": 50000,
                      "Actual Loops": 1
                    }
                  ]
                }
              ]
            },
            {
              "Node Type": "Hash",
              "Parent Relationship": "Inner",
              "Parallel Aware": false,
              "Startup Cost": 41036.00,
              "Total Cost": 41036.00,
              "Plan Rows": 1920800,
              "Plan Width": 20,
              "Actual Startup Time": 808.896,
              "Actual Total Time": 808.896,
              "Actual Rows": 1920800,
              "Actual Loops": 1,
              "Hash Buckets": 65536,
              "Original Hash Buckets": 65536,
              "Hash Batches": 32,
              "Original Hash Batches": 32,
              "Peak Memory Usage": 3581,
              "Plans": [
                {
                  "Node Type": "Seq Scan",
                  "Parent Relationship": "Outer",
                  "Parallel Aware": false,
                  "Relation Name": "customer_demographics",
                  "Alias": "customer_demographics",
                  "Startup Cost": 0.00,
                  "Total Cost": 41036.00,
                  "Plan Rows": 1920800,
                  "Plan Width": 20,
                  "Actual Startup Time": 0.008,
                  "Actual Total Time": 375.651,
                  "Actual Rows": 1920800,
                  "Actual Loops": 1
                }
              ]
            }
          ]
        }
      ]
    },
    "Planning Time": 0.373,
    "Triggers": [
    ],
    "Execution Time": 1579.033
  }
]
