[
  {
    "Plan": {
      "Node Type": "Aggregate",
      "Strategy": "Hashed",
      "Partial Mode": "Simple",
      "Parallel Aware": false,
      "Startup Cost": 64198.08,
      "Total Cost": 64264.52,
      "Plan Rows": 6644,
      "Plan Width": 56,
      "Actual Startup Time": 644.613,
      "Actual Total Time": 650.625,
      "Actual Rows": 30102,
      "Actual Loops": 1,
      "Group Key": ["customer.c_last_name", "customer.c_first_name", "date_dim.d_date"],
      "Plans": [
        {
          "Node Type": "Hash Join",
          "Parent Relationship": "Outer",
          "Parallel Aware": false,
          "Join Type": "Inner",
          "Startup Cost": 59851.81,
          "Total Cost": 64148.25,
          "Plan Rows": 6644,
          "Plan Width": 56,
          "Actual Startup Time": 407.702,
          "Actual Total Time": 531.917,
          "Actual Rows": 269406,
          "Actual Loops": 1,
          "Hash Cond": "(customer.c_customer_sk = catalog_sales.cs_bill_customer_sk)",
          "Plans": [
            {
              "Node Type": "Seq Scan",
              "Parent Relationship": "Outer",
              "Parallel Aware": false,
              "Relation Name": "customer",
              "Alias": "customer",
              "Startup Cost": 0.00,
              "Total Cost": 3855.00,
              "Plan Rows": 100000,
              "Plan Width": 56,
              "Actual Startup Time": 0.004,
              "Actual Total Time": 9.891,
              "Actual Rows": 94736,
              "Actual Loops": 1
            },
            {
              "Node Type": "Hash",
              "Parent Relationship": "Inner",
              "Parallel Aware": false,
              "Startup Cost": 59768.76,
              "Total Cost": 59768.76,
              "Plan Rows": 6644,
              "Plan Width": 8,
              "Actual Startup Time": 407.636,
              "Actual Total Time": 407.636,
              "Actual Rows": 269406,
              "Actual Loops": 1,
              "Hash Buckets": 131072,
              "Original Hash Buckets": 8192,
              "Hash Batches": 4,
              "Original Hash Batches": 1,
              "Peak Memory Usage": 3646,
              "Plans": [
                {
                  "Node Type": "Hash Join",
                  "Parent Relationship": "Outer",
                  "Parallel Aware": false,
                  "Join Type": "Inner",
                  "Startup Cost": 2504.98,
                  "Total Cost": 59768.76,
                  "Plan Rows": 6644,
                  "Plan Width": 8,
                  "Actual Startup Time": 76.965,
                  "Actual Total Time": 358.886,
                  "Actual Rows": 269406,
                  "Actual Loops": 1,
                  "Hash Cond": "(catalog_sales.cs_sold_date_sk = date_dim.d_date_sk)",
                  "Plans": [
                    {
                      "Node Type": "Seq Scan",
                      "Parent Relationship": "Outer",
                      "Parallel Aware": false,
                      "Relation Name": "catalog_sales",
                      "Alias": "catalog_sales",
                      "Startup Cost": 0.00,
                      "Total Cost": 51844.70,
                      "Plan Rows": 1427370,
                      "Plan Width": 8,
                      "Actual Startup Time": 0.030,
                      "Actual Total Time": 190.033,
                      "Actual Rows": 1343425,
                      "Actual Loops": 1
                    },
                    {
                      "Node Type": "Hash",
                      "Parent Relationship": "Inner",
                      "Parallel Aware": false,
                      "Startup Cost": 2500.73,
                      "Total Cost": 2500.73,
                      "Plan Rows": 340,
                      "Plan Width": 8,
                      "Actual Startup Time": 8.737,
                      "Actual Total Time": 8.737,
                      "Actual Rows": 366,
                      "Actual Loops": 1,
                      "Hash Buckets": 1024,
                      "Original Hash Buckets": 1024,
                      "Hash Batches": 1,
                      "Original Hash Batches": 1,
                      "Peak Memory Usage": 23,
                      "Plans": [
                        {
                          "Node Type": "Seq Scan",
                          "Parent Relationship": "Outer",
                          "Parallel Aware": false,
                          "Relation Name": "date_dim",
                          "Alias": "date_dim",
                          "Startup Cost": 0.00,
                          "Total Cost": 2500.73,
                          "Plan Rows": 340,
                          "Plan Width": 8,
                          "Actual Startup Time": 3.693,
                          "Actual Total Time": 8.683,
                          "Actual Rows": 366,
                          "Actual Loops": 1,
                          "Filter": "((d_month_seq >= 1191) AND (d_month_seq <= 1202))",
                          "Rows Removed by Filter": 72683
                        }
                      ]
                    }
                  ]
                }
              ]
            }
          ]
        }
      ]
    },
    "Planning Time": 0.185,
    "Triggers": [
    ],
    "Execution Time": 651.622
  }
]
