[{"Execution Time": 347.279, "Planning Time": 0.207, "Plan": {"Partial Mode": "Simple", "Startup Cost": 35684.09, "Actual Rows": 10875515, "Plans": [{"Startup Cost": 31395.52, "Actual Rows": 144489348, "Plans": [{"Startup Cost": 0.0, "Actual Rows": 94736, "Node Type": "Seq Scan", "Plan Rows": 100000, "Relation Name": "customer", "Alias": "customer", "Parallel Aware": false, "Actual Total Time": 11.077, "Parent Relationship": "Outer", "Actual Startup Time": 0.004, "Plan Width": 56, "Actual Loops": 1, "Total Cost": 3855.0}, {"Hash Buckets": 131072, "Startup Cost": 31353.68, "Plans": [{"Startup Cost": 2504.98, "Actual Rows": 129588, "Plans": [{"Startup Cost": 0.0, "Actual Rows": 648065, "Node Type": "Seq Scan", "Plan Rows": 719071, "Relation Name": "web_sales", "Alias": "web_sales", "Parallel Aware": false, "Actual Total Time": 95.373, "Parent Relationship": "Outer", "Actual Startup Time": 0.021, "Plan Width": 8, "Actual Loops": 1, "Total Cost": 26118.71}, {"Hash Buckets": 1024, "Startup Cost": 2500.73, "Plans": [{"Filter": "((d_month_seq >= 1191) AND (d_month_seq <= 1202))", "Startup Cost": 0.0, "Actual Rows": 366, "Node Type": "Seq Scan", "Plan Rows": 340, "Relation Name": "date_dim", "Alias": "date_dim", "Parallel Aware": false, "Actual Total Time": 8.774, "Parent Relationship": "Outer", "Actual Startup Time": 3.73, "Plan Width": 8, "Actual Loops": 1, "Rows Removed by Filter": 72683, "Total Cost": 2500.73}], "Actual Rows": 366, "Original Hash Buckets": 1024, "Hash Batches": 1, "Peak Memory Usage": 23, "Node Type": "Hash", "Plan Rows": 340, "Parallel Aware": false, "Actual Total Time": 8.818, "Parent Relationship": "Inner", "Actual Startup Time": 8.818, "Plan Width": 8, "Actual Loops": 1, "Original Hash Batches": 1, "Total Cost": 2500.73}], "Node Type": "Hash Join", "Plan Rows": 3347, "Join Type": "Inner", "Parallel Aware": false, "Actual Total Time": 184.841, "Hash Cond": "(web_sales.ws_sold_date_sk = date_dim.d_date_sk)", "Parent Relationship": "Outer", "Actual Startup Time": 8.848, "Plan Width": 8, "Actual Loops": 1, "Total Cost": 31353.68}], "Actual Rows": 129588, "Original Hash Buckets": 4096, "Hash Batches": 2, "Peak Memory Usage": 3564, "Node Type": "Hash", "Plan Rows": 3347, "Parallel Aware": false, "Actual Total Time": 206.419, "Parent Relationship": "Inner", "Actual Startup Time": 206.419, "Plan Width": 8, "Actual Loops": 1, "Original Hash Batches": 1, "Total Cost": 31353.68}], "Node Type": "Hash Join", "Plan Rows": 3347, "Join Type": "Inner", "Parallel Aware": false, "Actual Total Time": 283.606, "Hash Cond": "(customer.c_customer_sk = web_sales.ws_bill_customer_sk)", "Parent Relationship": "Outer", "Actual Startup Time": 206.486, "Plan Width": 56, "Actual Loops": 1, "Total Cost": 35658.99}], "Node Type": "Aggregate", "Strategy": "Hashed", "Plan Rows": 3347, "Parallel Aware": false, "Actual Total Time": 346.844, "Group Key": ["customer.c_last_name", "customer.c_first_name", "date_dim.d_date"], "Actual Startup Time": 345.104, "Plan Width": 56, "Actual Loops": 1, "Total Cost": 35717.56}, "Triggers": []}]