[
  {
    "Plan": {
      "Node Type": "Aggregate",
      "Strategy": "Hashed",
      "Partial Mode": "Simple",
      "Parallel Aware": false,
      "Startup Cost": 117071.71,
      "Total Cost": 117072.75,
      "Plan Rows": 104,
      "Plan Width": 17,
      "Actual Startup Time": 718.408,
      "Actual Total Time": 718.772,
      "Actual Rows": 150000,
      "Actual Loops": 1,
      "Group Key": ["item.i_item_id"],
      "Plans": [
        {
          "Node Type": "Hash Join",
          "Parent Relationship": "Outer",
          "Parallel Aware": false,
          "Join Type": "Inner",
          "Startup Cost": 59772.69,
          "Total Cost": 117071.45,
          "Plan Rows": 104,
          "Plan Width": 17,
          "Actual Startup Time": 510.921,
          "Actual Total Time": 716.826,
          "Actual Rows": 4050239,
          "Actual Loops": 1,
          "Hash Cond": "(catalog_sales.cs_promo_sk = promotion.p_promo_sk)",
          "Plans": [
            {
              "Node Type": "Hash Join",
              "Parent Relationship": "Outer",
              "Parallel Aware": false,
              "Join Type": "Inner",
              "Startup Cost": 59756.44,
              "Total Cost": 117053.77,
              "Plan Rows": 104,
              "Plan Width": 21,
              "Actual Startup Time": 510.810,
              "Actual Total Time": 715.724,
              "Actual Rows": 3721,
              "Actual Loops": 1,
              "Hash Cond": "(catalog_sales.cs_item_sk = item.i_item_sk)",
              "Plans": [
                {
                  "Node Type": "Hash Join",
                  "Parent Relationship": "Outer",
                  "Parallel Aware": false,
                  "Join Type": "Inner",
                  "Startup Cost": 58115.44,
                  "Total Cost": 115411.34,
                  "Plan Rows": 104,
                  "Plan Width": 8,
                  "Actual Startup Time": 502.547,
                  "Actual Total Time": 705.843,
                  "Actual Rows": 3721,
                  "Actual Loops": 1,
                  "Hash Cond": "(catalog_sales.cs_bill_cdemo_sk = customer_demographics.cd_demo_sk)",
                  "Plans": [
                    {
                      "Node Type": "Hash Join",
                      "Parent Relationship": "Outer",
                      "Parallel Aware": false,
                      "Join Type": "Inner",
                      "Startup Cost": 2322.65,
                      "Total Cost": 59590.92,
                      "Plan Rows": 7093,
                      "Plan Width": 12,
                      "Actual Startup Time": 173.604,
                      "Actual Total Time": 355.226,
                      "Actual Rows": 268728,
                      "Actual Loops": 1,
                      "Hash Cond": "(catalog_sales.cs_sold_date_sk = date_dim.d_date_sk)",
                      "Plans": [
                        {
                          "Node Type": "Seq Scan",
                          "Parent Relationship": "Outer",
                          "Parallel Aware": false,
                          "Relation Name": "catalog_sales",
                          "Alias": "catalog_sales",
                          "Startup Cost": 0.00,
                          "Total Cost": 51844.70,
                          "Plan Rows": 1427370,
                          "Plan Width": 16,
                          "Actual Startup Time": 0.041,
                          "Actual Total Time": 183.379,
                          "Actual Rows": 1343425,
                          "Actual Loops": 1
                        },
                        {
                          "Node Type": "Hash",
                          "Parent Relationship": "Inner",
                          "Parallel Aware": false,
                          "Startup Cost": 2318.11,
                          "Total Cost": 2318.11,
                          "Plan Rows": 363,
                          "Plan Width": 4,
                          "Actual Startup Time": 12.106,
                          "Actual Total Time": 12.106,
                          "Actual Rows": 365,
                          "Actual Loops": 1,
                          "Hash Buckets": 1024,
                          "Original Hash Buckets": 1024,
                          "Hash Batches": 1,
                          "Original Hash Batches": 1,
                          "Peak Memory Usage": 21,
                          "Plans": [
                            {
                              "Node Type": "Seq Scan",
                              "Parent Relationship": "Outer",
                              "Parallel Aware": false,
                              "Relation Name": "date_dim",
                              "Alias": "date_dim",
                              "Startup Cost": 0.00,
                              "Total Cost": 2318.11,
                              "Plan Rows": 363,
                              "Plan Width": 4,
                              "Actual Startup Time": 6.862,
                              "Actual Total Time": 12.057,
                              "Actual Rows": 365,
                              "Actual Loops": 1,
                              "Filter": "(d_year = 2001)",
                              "Rows Removed by Filter": 72684
                            }
                          ]
                        }
                      ]
                    },
                    {
                      "Node Type": "Hash",
                      "Parent Relationship": "Inner",
                      "Parallel Aware": false,
                      "Startup Cost": 55442.00,
                      "Total Cost": 55442.00,
                      "Plan Rows": 28063,
                      "Plan Width": 4,
                      "Actual Startup Time": 327.265,
                      "Actual Total Time": 327.265,
                      "Actual Rows": 27440,
                      "Actual Loops": 1,
                      "Hash Buckets": 32768,
                      "Original Hash Buckets": 32768,
                      "Hash Batches": 1,
                      "Original Hash Batches": 1,
                      "Peak Memory Usage": 1221,
                      "Plans": [
                        {
                          "Node Type": "Seq Scan",
                          "Parent Relationship": "Outer",
                          "Parallel Aware": false,
                          "Relation Name": "customer_demographics",
                          "Alias": "customer_demographics",
                          "Startup Cost": 0.00,
                          "Total Cost": 55442.00,
                          "Plan Rows": 28063,
                          "Plan Width": 4,
                          "Actual Startup Time": 0.012,
                          "Actual Total Time": 319.861,
                          "Actual Rows": 27440,
                          "Actual Loops": 1,
                          "Filter": "((cd_gender = 'M'::bpchar) AND (cd_marital_status = 'D'::bpchar) AND (cd_education_status = 'College'::bpchar))",
                          "Rows Removed by Filter": 1893360
                        }
                      ]
                    }
                  ]
                },
                {
                  "Node Type": "Hash",
                  "Parent Relationship": "Inner",
                  "Parallel Aware": false,
                  "Startup Cost": 1416.00,
                  "Total Cost": 1416.00,
                  "Plan Rows": 18000,
                  "Plan Width": 21,
                  "Actual Startup Time": 8.235,
                  "Actual Total Time": 8.235,
                  "Actual Rows": 18000,
                  "Actual Loops": 1,
                  "Hash Buckets": 32768,
                  "Original Hash Buckets": 32768,
                  "Hash Batches": 1,
                  "Original Hash Batches": 1,
                  "Peak Memory Usage": 1241,
                  "Plans": [
                    {
                      "Node Type": "Seq Scan",
                      "Parent Relationship": "Outer",
                      "Parallel Aware": false,
                      "Relation Name": "item",
                      "Alias": "item",
                      "Startup Cost": 0.00,
                      "Total Cost": 1416.00,
                      "Plan Rows": 18000,
                      "Plan Width": 21,
                      "Actual Startup Time": 0.003,
                      "Actual Total Time": 4.062,
                      "Actual Rows": 18000,
                      "Actual Loops": 1
                    }
                  ]
                }
              ]
            },
            {
              "Node Type": "Hash",
              "Parent Relationship": "Inner",
              "Parallel Aware": false,
              "Startup Cost": 12.50,
              "Total Cost": 12.50,
              "Plan Rows": 300,
              "Plan Width": 4,
              "Actual Startup Time": 0.108,
              "Actual Total Time": 0.108,
              "Actual Rows": 299,
              "Actual Loops": 1,
              "Hash Buckets": 1024,
              "Original Hash Buckets": 1024,
              "Hash Batches": 1,
              "Original Hash Batches": 1,
              "Peak Memory Usage": 19,
              "Plans": [
                {
                  "Node Type": "Seq Scan",
                  "Parent Relationship": "Outer",
                  "Parallel Aware": false,
                  "Relation Name": "promotion",
                  "Alias": "promotion",
                  "Startup Cost": 0.00,
                  "Total Cost": 12.50,
                  "Plan Rows": 300,
                  "Plan Width": 4,
                  "Actual Startup Time": 0.006,
                  "Actual Total Time": 0.072,
                  "Actual Rows": 299,
                  "Actual Loops": 1,
                  "Filter": "((p_channel_email = 'N'::bpchar) OR (p_channel_event = 'N'::bpchar))",
                  "Rows Removed by Filter": 1
                }
              ]
            }
          ]
        }
      ]
    },
    "Planning Time": 0.402,
    "Triggers": [
    ],
    "Execution Time": 718.895
  }
]
