[
  {
    "Plan": {
      "Node Type": "Aggregate",
      "Strategy": "Hashed",
      "Partial Mode": "Simple",
      "Parallel Aware": false,
      "Startup Cost": 64157.35,
      "Total Cost": 64157.38,
      "Plan Rows": 3,
      "Plan Width": 63,
      "Actual Startup Time": 362.011,
      "Actual Total Time": 362.049,
      "Actual Rows": 303,
      "Actual Loops": 1,
      "Group Key": ["item.i_brand", "item.i_brand_id", "time_dim.t_hour", "time_dim.t_minute"],
      "Plans": [
        {
          "Node Type": "Hash Join",
          "Parent Relationship": "Outer",
          "Parallel Aware": false,
          "Join Type": "Inner",
          "Startup Cost": 6951.47,
          "Total Cost": 64157.32,
          "Plan Rows": 3,
          "Plan Width": 63,
          "Actual Startup Time": 341.520,
          "Actual Total Time": 361.842,
          "Actual Rows": 306,
          "Actual Loops": 1,
          "Hash Cond": "(catalog_sales.cs_sold_time_sk = time_dim.t_time_sk)",
          "Plans": [
            {
              "Node Type": "Hash Join",
              "Parent Relationship": "Outer",
              "Parallel Aware": false,
              "Join Type": "Inner",
              "Startup Cost": 3966.13,
              "Total Cost": 61171.92,
              "Plan Rows": 11,
              "Plan Width": 59,
              "Actual Startup Time": 324.722,
              "Actual Total Time": 344.868,
              "Actual Rows": 822,
              "Actual Loops": 1,
              "Hash Cond": "(catalog_sales.cs_item_sk = item.i_item_sk)",
              "Plans": [
                {
                  "Node Type": "Hash Join",
                  "Parent Relationship": "Outer",
                  "Parallel Aware": false,
                  "Join Type": "Inner",
                  "Startup Cost": 2501.12,
                  "Total Cost": 59704.52,
                  "Plan Rows": 606,
                  "Plan Width": 8,
                  "Actual Startup Time": 291.030,
                  "Actual Total Time": 336.930,
                  "Actual Rows": 45679,
                  "Actual Loops": 1,
                  "Hash Cond": "(catalog_sales.cs_sold_date_sk = date_dim.d_date_sk)",
                  "Plans": [
                    {
                      "Node Type": "Seq Scan",
                      "Parent Relationship": "Outer",
                      "Parallel Aware": false,
                      "Relation Name": "catalog_sales",
                      "Alias": "catalog_sales",
                      "Startup Cost": 0.00,
                      "Total Cost": 51844.70,
                      "Plan Rows": 1427370,
                      "Plan Width": 12,
                      "Actual Startup Time": 0.024,
                      "Actual Total Time": 198.648,
                      "Actual Rows": 1343425,
                      "Actual Loops": 1
                    },
                    {
                      "Node Type": "Hash",
                      "Parent Relationship": "Inner",
                      "Parallel Aware": false,
                      "Startup Cost": 2500.73,
                      "Total Cost": 2500.73,
                      "Plan Rows": 31,
                      "Plan Width": 4,
                      "Actual Startup Time": 10.990,
                      "Actual Total Time": 10.990,
                      "Actual Rows": 31,
                      "Actual Loops": 1,
                      "Hash Buckets": 1024,
                      "Original Hash Buckets": 1024,
                      "Hash Batches": 1,
                      "Original Hash Batches": 1,
                      "Peak Memory Usage": 10,
                      "Plans": [
                        {
                          "Node Type": "Seq Scan",
                          "Parent Relationship": "Outer",
                          "Parallel Aware": false,
                          "Relation Name": "date_dim",
                          "Alias": "date_dim",
                          "Startup Cost": 0.00,
                          "Total Cost": 2500.73,
                          "Plan Rows": 31,
                          "Plan Width": 4,
                          "Actual Startup Time": 5.501,
                          "Actual Total Time": 10.977,
                          "Actual Rows": 31,
                          "Actual Loops": 1,
                          "Filter": "((d_moy = 12) AND (d_year = 2002))",
                          "Rows Removed by Filter": 73018
                        }
                      ]
                    }
                  ]
                },
                {
                  "Node Type": "Hash",
                  "Parent Relationship": "Inner",
                  "Parallel Aware": false,
                  "Startup Cost": 1461.00,
                  "Total Cost": 1461.00,
                  "Plan Rows": 321,
                  "Plan Width": 59,
                  "Actual Startup Time": 4.732,
                  "Actual Total Time": 4.732,
                  "Actual Rows": 321,
                  "Actual Loops": 1,
                  "Hash Buckets": 1024,
                  "Original Hash Buckets": 1024,
                  "Hash Batches": 1,
                  "Original Hash Batches": 1,
                  "Peak Memory Usage": 37,
                  "Plans": [
                    {
                      "Node Type": "Seq Scan",
                      "Parent Relationship": "Outer",
                      "Parallel Aware": false,
                      "Relation Name": "item",
                      "Alias": "item",
                      "Startup Cost": 0.00,
                      "Total Cost": 1461.00,
                      "Plan Rows": 321,
                      "Plan Width": 59,
                      "Actual Startup Time": 0.021,
                      "Actual Total Time": 4.666,
                      "Actual Rows": 321,
                      "Actual Loops": 1,
                      "Filter": "(i_manager_id = 1)",
                      "Rows Removed by Filter": 17679
                    }
                  ]
                }
              ]
            },
            {
              "Node Type": "Hash",
              "Parent Relationship": "Inner",
              "Parallel Aware": false,
              "Startup Cost": 2693.00,
              "Total Cost": 2693.00,
              "Plan Rows": 23387,
              "Plan Width": 12,
              "Actual Startup Time": 16.715,
              "Actual Total Time": 16.715,
              "Actual Rows": 25200,
              "Actual Loops": 1,
              "Hash Buckets": 32768,
              "Original Hash Buckets": 32768,
              "Hash Batches": 1,
              "Original Hash Batches": 1,
              "Peak Memory Usage": 1339,
              "Plans": [
                {
                  "Node Type": "Seq Scan",
                  "Parent Relationship": "Outer",
                  "Parallel Aware": false,
                  "Relation Name": "time_dim",
                  "Alias": "time_dim",
                  "Startup Cost": 0.00,
                  "Total Cost": 2693.00,
                  "Plan Rows": 23387,
                  "Plan Width": 12,
                  "Actual Startup Time": 2.158,
                  "Actual Total Time": 13.055,
                  "Actual Rows": 25200,
                  "Actual Loops": 1,
                  "Filter": "((t_meal_time = 'breakfast'::bpchar) OR (t_meal_time = 'dinner'::bpchar))",
                  "Rows Removed by Filter": 61200
                }
              ]
            }
          ]
        }
      ]
    },
    "Planning Time": 0.284,
    "Triggers": [
    ],
    "Execution Time": 362.103
  }
]
