[
  {
    "Plan": {
      "Node Type": "Aggregate",
      "Strategy": "Hashed",
      "Partial Mode": "Simple",
      "Parallel Aware": false,
      "Startup Cost": 35557.79,
      "Total Cost": 35560.84,
      "Plan Rows": 305,
      "Plan Width": 52,
      "Actual Startup Time": 229.336,
      "Actual Total Time": 229.408,
      "Actual Rows": 527,
      "Actual Loops": 1,
      "Group Key": ["customer.c_last_name", "customer.c_first_name"],
      "Plans": [
        {
          "Node Type": "Hash Join",
          "Parent Relationship": "Outer",
          "Parallel Aware": false,
          "Join Type": "Inner",
          "Startup Cost": 31323.21,
          "Total Cost": 35556.26,
          "Plan Rows": 305,
          "Plan Width": 52,
          "Actual Startup Time": 205.854,
          "Actual Total Time": 226.872,
          "Actual Rows": 6322,
          "Actual Loops": 1,
          "Hash Cond": "(customer.c_customer_sk = web_sales.ws_bill_customer_sk)",
          "Plans": [
            {
              "Node Type": "Seq Scan",
              "Parent Relationship": "Outer",
              "Parallel Aware": false,
              "Relation Name": "customer",
              "Alias": "customer",
              "Startup Cost": 0.00,
              "Total Cost": 3855.00,
              "Plan Rows": 100000,
              "Plan Width": 56,
              "Actual Startup Time": 0.007,
              "Actual Total Time": 9.936,
              "Actual Rows": 94736,
              "Actual Loops": 1
            },
            {
              "Node Type": "Hash",
              "Parent Relationship": "Inner",
              "Parallel Aware": false,
              "Startup Cost": 31319.40,
              "Total Cost": 31319.40,
              "Plan Rows": 305,
              "Plan Width": 4,
              "Actual Startup Time": 205.815,
              "Actual Total Time": 205.815,
              "Actual Rows": 6322,
              "Actual Loops": 1,
              "Hash Buckets": 8192,
              "Original Hash Buckets": 1024,
              "Hash Batches": 1,
              "Original Hash Batches": 1,
              "Peak Memory Usage": 287,
              "Plans": [
                {
                  "Node Type": "Hash Join",
                  "Parent Relationship": "Outer",
                  "Parallel Aware": false,
                  "Join Type": "Inner",
                  "Startup Cost": 2501.12,
                  "Total Cost": 31319.40,
                  "Plan Rows": 305,
                  "Plan Width": 4,
                  "Actual Startup Time": 19.306,
                  "Actual Total Time": 204.465,
                  "Actual Rows": 6322,
                  "Actual Loops": 1,
                  "Hash Cond": "(web_sales.ws_sold_date_sk = date_dim.d_date_sk)",
                  "Plans": [
                    {
                      "Node Type": "Seq Scan",
                      "Parent Relationship": "Outer",
                      "Parallel Aware": false,
                      "Relation Name": "web_sales",
                      "Alias": "web_sales",
                      "Startup Cost": 0.00,
                      "Total Cost": 26118.71,
                      "Plan Rows": 719071,
                      "Plan Width": 8,
                      "Actual Startup Time": 0.029,
                      "Actual Total Time": 115.295,
                      "Actual Rows": 648065,
                      "Actual Loops": 1
                    },
                    {
                      "Node Type": "Hash",
                      "Parent Relationship": "Inner",
                      "Parallel Aware": false,
                      "Startup Cost": 2500.73,
                      "Total Cost": 2500.73,
                      "Plan Rows": 31,
                      "Plan Width": 4,
                      "Actual Startup Time": 19.010,
                      "Actual Total Time": 19.010,
                      "Actual Rows": 30,
                      "Actual Loops": 1,
                      "Hash Buckets": 1024,
                      "Original Hash Buckets": 1024,
                      "Hash Batches": 1,
                      "Original Hash Batches": 1,
                      "Peak Memory Usage": 10,
                      "Plans": [
                        {
                          "Node Type": "Seq Scan",
                          "Parent Relationship": "Outer",
                          "Parallel Aware": false,
                          "Relation Name": "date_dim",
                          "Alias": "date_dim",
                          "Startup Cost": 0.00,
                          "Total Cost": 2500.73,
                          "Plan Rows": 31,
                          "Plan Width": 4,
                          "Actual Startup Time": 9.785,
                          "Actual Total Time": 18.999,
                          "Actual Rows": 30,
                          "Actual Loops": 1,
                          "Filter": "((d_year = 1999) AND (d_moy = 6))",
                          "Rows Removed by Filter": 73019
                        }
                      ]
                    }
                  ]
                }
              ]
            }
          ]
        }
      ]
    },
    "Planning Time": 0.318,
    "Triggers": [
    ],
    "Execution Time": 229.490
  }
]
