[
  {
    "Plan": {
      "Node Type": "Aggregate",
      "Strategy": "Hashed",
      "Partial Mode": "Simple",
      "Parallel Aware": false,
      "Startup Cost": 92764.97,
      "Total Cost": 92814.87,
      "Plan Rows": 4990,
      "Plan Width": 123,
      "Actual Startup Time": 610.363,
      "Actual Total Time": 611.717,
      "Actual Rows": 6471,
      "Actual Loops": 1,
      "Group Key": ["customer.c_last_name", "customer.c_first_name", "store.s_store_name", "store.s_state", "item.i_color", "item.i_current_price", "item.i_manager_id", "item.i_units", "item.i_size"],
      "Plans": [
        {
          "Node Type": "Hash Join",
          "Parent Relationship": "Outer",
          "Parallel Aware": false,
          "Join Type": "Inner",
          "Startup Cost": 88372.80,
          "Total Cost": 92652.70,
          "Plan Rows": 4990,
          "Plan Width": 123,
          "Actual Startup Time": 583.352,
          "Actual Total Time": 605.310,
          "Actual Rows": 6473,
          "Actual Loops": 1,
          "Hash Cond": "(customer.c_customer_sk = store_sales.ss_customer_sk)",
          "Plans": [
            {
              "Node Type": "Seq Scan",
              "Parent Relationship": "Outer",
              "Parallel Aware": false,
              "Relation Name": "customer",
              "Alias": "customer",
              "Startup Cost": 0.00,
              "Total Cost": 3855.00,
              "Plan Rows": 100000,
              "Plan Width": 56,
              "Actual Startup Time": 0.004,
              "Actual Total Time": 8.594,
              "Actual Rows": 94736,
              "Actual Loops": 1
            },
            {
              "Node Type": "Hash",
              "Parent Relationship": "Inner",
              "Parallel Aware": false,
              "Startup Cost": 88310.42,
              "Total Cost": 88310.42,
              "Plan Rows": 4990,
              "Plan Width": 75,
              "Actual Startup Time": 583.333,
              "Actual Total Time": 583.333,
              "Actual Rows": 6473,
              "Actual Loops": 1,
              "Hash Buckets": 8192,
              "Original Hash Buckets": 8192,
              "Hash Batches": 1,
              "Original Hash Batches": 1,
              "Peak Memory Usage": 745,
              "Plans": [
                {
                  "Node Type": "Hash Join",
                  "Parent Relationship": "Outer",
                  "Parallel Aware": false,
                  "Join Type": "Inner",
                  "Startup Cost": 1463.90,
                  "Total Cost": 88310.42,
                  "Plan Rows": 4990,
                  "Plan Width": 75,
                  "Actual Startup Time": 5.323,
                  "Actual Total Time": 580.171,
                  "Actual Rows": 6473,
                  "Actual Loops": 1,
                  "Hash Cond": "(store_sales.ss_store_sk = store.s_store_sk)",
                  "Plans": [
                    {
                      "Node Type": "Hash Join",
                      "Parent Relationship": "Outer",
                      "Parallel Aware": false,
                      "Join Type": "Inner",
                      "Startup Cost": 1462.71,
                      "Total Cost": 88184.48,
                      "Plan Rows": 19961,
                      "Plan Width": 71,
                      "Actual Startup Time": 5.293,
                      "Actual Total Time": 576.022,
                      "Actual Rows": 19388,
                      "Actual Loops": 1,
                      "Hash Cond": "(store_sales.ss_item_sk = item.i_item_sk)",
                      "Plans": [
                        {
                          "Node Type": "Seq Scan",
                          "Parent Relationship": "Outer",
                          "Parallel Aware": false,
                          "Relation Name": "store_sales",
                          "Alias": "store_sales",
                          "Startup Cost": 0.00,
                          "Total Cost": 76687.57,
                          "Plan Rows": 2622557,
                          "Plan Width": 12,
                          "Actual Startup Time": 0.024,
                          "Actual Total Time": 314.742,
                          "Actual Rows": 2485280,
                          "Actual Loops": 1
                        },
                        {
                          "Node Type": "Hash",
                          "Parent Relationship": "Inner",
                          "Parallel Aware": false,
                          "Startup Cost": 1461.00,
                          "Total Cost": 1461.00,
                          "Plan Rows": 137,
                          "Plan Width": 67,
                          "Actual Startup Time": 5.222,
                          "Actual Total Time": 5.222,
                          "Actual Rows": 137,
                          "Actual Loops": 1,
                          "Hash Buckets": 1024,
                          "Original Hash Buckets": 1024,
                          "Hash Batches": 1,
                          "Original Hash Batches": 1,
                          "Peak Memory Usage": 22,
                          "Plans": [
                            {
                              "Node Type": "Seq Scan",
                              "Parent Relationship": "Outer",
                              "Parallel Aware": false,
                              "Relation Name": "item",
                              "Alias": "item",
                              "Startup Cost": 0.00,
                              "Total Cost": 1461.00,
                              "Plan Rows": 137,
                              "Plan Width": 67,
                              "Actual Startup Time": 0.047,
                              "Actual Total Time": 5.167,
                              "Actual Rows": 137,
                              "Actual Loops": 1,
                              "Filter": "(i_color = 'lawn'::bpchar)",
                              "Rows Removed by Filter": 17863
                            }
                          ]
                        }
                      ]
                    },
                    {
                      "Node Type": "Hash",
                      "Parent Relationship": "Inner",
                      "Parallel Aware": false,
                      "Startup Cost": 1.15,
                      "Total Cost": 1.15,
                      "Plan Rows": 3,
                      "Plan Width": 12,
                      "Actual Startup Time": 0.009,
                      "Actual Total Time": 0.009,
                      "Actual Rows": 3,
                      "Actual Loops": 1,
                      "Hash Buckets": 1024,
                      "Original Hash Buckets": 1024,
                      "Hash Batches": 1,
                      "Original Hash Batches": 1,
                      "Peak Memory Usage": 9,
                      "Plans": [
                        {
                          "Node Type": "Seq Scan",
                          "Parent Relationship": "Outer",
                          "Parallel Aware": false,
                          "Relation Name": "store",
                          "Alias": "store",
                          "Startup Cost": 0.00,
                          "Total Cost": 1.15,
                          "Plan Rows": 3,
                          "Plan Width": 12,
                          "Actual Startup Time": 0.004,
                          "Actual Total Time": 0.007,
                          "Actual Rows": 3,
                          "Actual Loops": 1,
                          "Filter": "(s_market_id = 8)",
                          "Rows Removed by Filter": 9
                        }
                      ]
                    }
                  ]
                }
              ]
            }
          ]
        }
      ]
    },
    "Planning Time": 0.382,
    "Triggers": [
    ],
    "Execution Time": 611.983
  }
]
