[
  {
    "Plan": {
      "Node Type": "Unique",
      "Parallel Aware": false,
      "Startup Cost": 10000267609.18,
      "Total Cost": 10000283788.28,
      "Plan Rows": 719071,
      "Plan Width": 191,
      "Actual Startup Time": 4071.194,
      "Actual Total Time": 5895.562,
      "Actual Rows": 51143,
      "Actual Loops": 1,
      "Plans": [
        {
          "Node Type": "Sort",
          "Parent Relationship": "Outer",
          "Parallel Aware": false,
          "Startup Cost": 10000267609.18,
          "Total Cost": 10000269406.86,
          "Plan Rows": 719071,
          "Plan Width": 191,
          "Actual Startup Time": 4071.193,
          "Actual Total Time": 5628.965,
          "Actual Rows": 648065,
          "Actual Loops": 1,
          "Sort Key": ["customer.c_customer_id", "customer.c_first_name", "customer.c_last_name", "customer.c_preferred_cust_flag", "customer.c_birth_country", "customer.c_login", "customer.c_email_address", "date_dim.d_year"],
          "Sort Method": "external merge",
          "Sort Space Used": 92568,
          "Sort Space Type": "Disk",
          "Plans": [
            {
              "Node Type": "Hash Join",
              "Parent Relationship": "Outer",
              "Parallel Aware": false,
              "Join Type": "Inner",
              "Startup Cost": 10790.60,
              "Total Cost": 64938.76,
              "Plan Rows": 719071,
              "Plan Width": 191,
              "Actual Startup Time": 77.127,
              "Actual Total Time": 662.536,
              "Actual Rows": 648065,
              "Actual Loops": 1,
              "Hash Cond": "(web_sales.ws_sold_date_sk = date_dim.d_date_sk)",
              "Plans": [
                {
                  "Node Type": "Hash Join",
                  "Parent Relationship": "Outer",
                  "Parallel Aware": false,
                  "Join Type": "Inner",
                  "Startup Cost": 7742.00,
                  "Total Cost": 52002.94,
                  "Plan Rows": 719071,
                  "Plan Width": 191,
                  "Actual Startup Time": 57.175,
                  "Actual Total Time": 494.986,
                  "Actual Rows": 648065,
                  "Actual Loops": 1,
                  "Hash Cond": "(web_sales.ws_bill_customer_sk = customer.c_customer_sk)",
                  "Plans": [
                    {
                      "Node Type": "Seq Scan",
                      "Parent Relationship": "Outer",
                      "Parallel Aware": false,
                      "Relation Name": "web_sales",
                      "Alias": "web_sales",
                      "Startup Cost": 0.00,
                      "Total Cost": 26118.71,
                      "Plan Rows": 719071,
                      "Plan Width": 8,
                      "Actual Startup Time": 0.021,
                      "Actual Total Time": 137.060,
                      "Actual Rows": 648065,
                      "Actual Loops": 1
                    },
                    {
                      "Node Type": "Hash",
                      "Parent Relationship": "Inner",
                      "Parallel Aware": false,
                      "Startup Cost": 3855.00,
                      "Total Cost": 3855.00,
                      "Plan Rows": 100000,
                      "Plan Width": 191,
                      "Actual Startup Time": 57.059,
                      "Actual Total Time": 57.059,
                      "Actual Rows": 94736,
                      "Actual Loops": 1,
                      "Hash Buckets": 32768,
                      "Original Hash Buckets": 32768,
                      "Hash Batches": 8,
                      "Original Hash Batches": 8,
                      "Peak Memory Usage": 2253,
                      "Plans": [
                        {
                          "Node Type": "Seq Scan",
                          "Parent Relationship": "Outer",
                          "Parallel Aware": false,
                          "Relation Name": "customer",
                          "Alias": "customer",
                          "Startup Cost": 0.00,
                          "Total Cost": 3855.00,
                          "Plan Rows": 100000,
                          "Plan Width": 191,
                          "Actual Startup Time": 0.004,
                          "Actual Total Time": 22.421,
                          "Actual Rows": 94736,
                          "Actual Loops": 1
                        }
                      ]
                    }
                  ]
                },
                {
                  "Node Type": "Hash",
                  "Parent Relationship": "Inner",
                  "Parallel Aware": false,
                  "Startup Cost": 2135.49,
                  "Total Cost": 2135.49,
                  "Plan Rows": 73049,
                  "Plan Width": 8,
                  "Actual Startup Time": 19.911,
                  "Actual Total Time": 19.911,
                  "Actual Rows": 73049,
                  "Actual Loops": 1,
                  "Hash Buckets": 131072,
                  "Original Hash Buckets": 131072,
                  "Hash Batches": 1,
                  "Original Hash Batches": 1,
                  "Peak Memory Usage": 3878,
                  "Plans": [
                    {
                      "Node Type": "Seq Scan",
                      "Parent Relationship": "Outer",
                      "Parallel Aware": false,
                      "Relation Name": "date_dim",
                      "Alias": "date_dim",
                      "Startup Cost": 0.00,
                      "Total Cost": 2135.49,
                      "Plan Rows": 73049,
                      "Plan Width": 8,
                      "Actual Startup Time": 0.005,
                      "Actual Total Time": 10.360,
                      "Actual Rows": 73049,
                      "Actual Loops": 1
                    }
                  ]
                }
              ]
            }
          ]
        }
      ]
    },
    "Planning Time": 0.223,
    "Triggers": [
    ],
    "Execution Time": 5916.429
  }
]
