[
  {
    "Plan": {
      "Node Type": "Aggregate",
      "Strategy": "Hashed",
      "Partial Mode": "Simple",
      "Parallel Aware": false,
      "Startup Cost": 10339.19,
      "Total Cost": 10339.58,
      "Plan Rows": 39,
      "Plan Width": 17,
      "Actual Startup Time": 51.977,
      "Actual Total Time": 52.110,
      "Actual Rows": 1195,
      "Actual Loops": 1,
      "Group Key": ["item.i_item_id"],
      "Plans": [
        {
          "Node Type": "Hash Join",
          "Parent Relationship": "Outer",
          "Parallel Aware": false,
          "Join Type": "Inner",
          "Startup Cost": 8855.20,
          "Total Cost": 10339.09,
          "Plan Rows": 39,
          "Plan Width": 17,
          "Actual Startup Time": 47.181,
          "Actual Total Time": 51.503,
          "Actual Rows": 1270,
          "Actual Loops": 1,
          "Hash Cond": "(item.i_item_sk = catalog_returns.cr_item_sk)",
          "Plans": [
            {
              "Node Type": "Seq Scan",
              "Parent Relationship": "Outer",
              "Parallel Aware": false,
              "Relation Name": "item",
              "Alias": "item",
              "Startup Cost": 0.00,
              "Total Cost": 1416.00,
              "Plan Rows": 18000,
              "Plan Width": 21,
              "Actual Startup Time": 0.004,
              "Actual Total Time": 2.177,
              "Actual Rows": 18000,
              "Actual Loops": 1
            },
            {
              "Node Type": "Hash",
              "Parent Relationship": "Inner",
              "Parallel Aware": false,
              "Startup Cost": 8854.72,
              "Total Cost": 8854.72,
              "Plan Rows": 39,
              "Plan Width": 4,
              "Actual Startup Time": 47.168,
              "Actual Total Time": 47.168,
              "Actual Rows": 1270,
              "Actual Loops": 1,
              "Hash Buckets": 2048,
              "Original Hash Buckets": 1024,
              "Hash Batches": 1,
              "Original Hash Batches": 1,
              "Peak Memory Usage": 61,
              "Plans": [
                {
                  "Node Type": "Hash Join",
                  "Parent Relationship": "Outer",
                  "Parallel Aware": false,
                  "Join Type": "Inner",
                  "Startup Cost": 3961.97,
                  "Total Cost": 8854.72,
                  "Plan Rows": 39,
                  "Plan Width": 4,
                  "Actual Startup Time": 17.533,
                  "Actual Total Time": 46.970,
                  "Actual Rows": 1270,
                  "Actual Loops": 1,
                  "Hash Cond": "(catalog_returns.cr_returned_date_sk = date_dim.d_date_sk)",
                  "Plans": [
                    {
                      "Node Type": "Seq Scan",
                      "Parent Relationship": "Outer",
                      "Parallel Aware": false,
                      "Relation Name": "catalog_returns",
                      "Alias": "catalog_returns",
                      "Startup Cost": 0.00,
                      "Total Cost": 4362.90,
                      "Plan Rows": 141190,
                      "Plan Width": 8,
                      "Actual Startup Time": 0.007,
                      "Actual Total Time": 19.885,
                      "Actual Rows": 127393,
                      "Actual Loops": 1
                    },
                    {
                      "Node Type": "Hash",
                      "Parent Relationship": "Inner",
                      "Parallel Aware": false,
                      "Startup Cost": 3961.72,
                      "Total Cost": 3961.72,
                      "Plan Rows": 20,
                      "Plan Width": 4,
                      "Actual Startup Time": 15.855,
                      "Actual Total Time": 15.856,
                      "Actual Rows": 20,
                      "Actual Loops": 1,
                      "Hash Buckets": 1024,
                      "Original Hash Buckets": 1024,
                      "Hash Batches": 1,
                      "Original Hash Batches": 1,
                      "Peak Memory Usage": 9,
                      "Plans": [
                        {
                          "Node Type": "Seq Scan",
                          "Parent Relationship": "Outer",
                          "Parallel Aware": false,
                          "Relation Name": "date_dim",
                          "Alias": "date_dim",
                          "Startup Cost": 0.00,
                          "Total Cost": 3961.72,
                          "Plan Rows": 20,
                          "Plan Width": 4,
                          "Actual Startup Time": 7.462,
                          "Actual Total Time": 15.846,
                          "Actual Rows": 20,
                          "Actual Loops": 1,
                          "Filter": "(d_date = ANY ('{1999-11-11,1999-10-02,1999-04-17,1999-09-29,1999-11-14,1999-04-15,1999-11-10,1999-11-13,1999-09-28,1999-10-03,1999-04-13,1999-11-12,1999-11-15,1999-04-16,1999-10-01,1999-04-19,1999-04-18,1999-11-09,1999-04-14,1999-09-30}'::date[]))",
                          "Rows Removed by Filter": 73029
                        }
                      ]
                    }
                  ]
                }
              ]
            }
          ]
        }
      ]
    },
    "Planning Time": 0.228,
    "Triggers": [
    ],
    "Execution Time": 52.184
  }
]
