[
  {
    "Plan": {
      "Node Type": "Aggregate",
      "Strategy": "Hashed",
      "Partial Mode": "Simple",
      "Parallel Aware": false,
      "Startup Cost": 7797.26,
      "Total Cost": 7797.51,
      "Plan Rows": 25,
      "Plan Width": 17,
      "Actual Startup Time": 37.082,
      "Actual Total Time": 37.111,
      "Actual Rows": 335,
      "Actual Loops": 1,
      "Group Key": ["catalog_page.cp_catalog_page_id"],
      "Plans": [
        {
          "Node Type": "Hash Join",
          "Parent Relationship": "Outer",
          "Parallel Aware": false,
          "Join Type": "Inner",
          "Startup Cost": 7393.82,
          "Total Cost": 7797.20,
          "Plan Rows": 25,
          "Plan Width": 17,
          "Actual Startup Time": 35.675,
          "Actual Total Time": 36.950,
          "Actual Rows": 633,
          "Actual Loops": 1,
          "Hash Cond": "(catalog_page.cp_catalog_page_sk = catalog_returns.cr_catalog_page_sk)",
          "Plans": [
            {
              "Node Type": "Seq Scan",
              "Parent Relationship": "Outer",
              "Parallel Aware": false,
              "Relation Name": "catalog_page",
              "Alias": "catalog_page",
              "Startup Cost": 0.00,
              "Total Cost": 359.18,
              "Plan Rows": 11718,
              "Plan Width": 21,
              "Actual Startup Time": 0.006,
              "Actual Total Time": 0.942,
              "Actual Rows": 11718,
              "Actual Loops": 1
            },
            {
              "Node Type": "Hash",
              "Parent Relationship": "Inner",
              "Parallel Aware": false,
              "Startup Cost": 7393.51,
              "Total Cost": 7393.51,
              "Plan Rows": 25,
              "Plan Width": 4,
              "Actual Startup Time": 35.026,
              "Actual Total Time": 35.026,
              "Actual Rows": 633,
              "Actual Loops": 1,
              "Hash Buckets": 1024,
              "Original Hash Buckets": 1024,
              "Hash Batches": 1,
              "Original Hash Batches": 1,
              "Peak Memory Usage": 31,
              "Plans": [
                {
                  "Node Type": "Hash Join",
                  "Parent Relationship": "Outer",
                  "Parallel Aware": false,
                  "Join Type": "Inner",
                  "Startup Cost": 2500.90,
                  "Total Cost": 7393.51,
                  "Plan Rows": 25,
                  "Plan Width": 4,
                  "Actual Startup Time": 23.201,
                  "Actual Total Time": 34.905,
                  "Actual Rows": 633,
                  "Actual Loops": 1,
                  "Hash Cond": "(catalog_returns.cr_returned_date_sk = date_dim.d_date_sk)",
                  "Plans": [
                    {
                      "Node Type": "Seq Scan",
                      "Parent Relationship": "Outer",
                      "Parallel Aware": false,
                      "Relation Name": "catalog_returns",
                      "Alias": "catalog_returns",
                      "Startup Cost": 0.00,
                      "Total Cost": 4362.90,
                      "Plan Rows": 141190,
                      "Plan Width": 8,
                      "Actual Startup Time": 0.004,
                      "Actual Total Time": 12.550,
                      "Actual Rows": 127393,
                      "Actual Loops": 1
                    },
                    {
                      "Node Type": "Hash",
                      "Parent Relationship": "Inner",
                      "Parallel Aware": false,
                      "Startup Cost": 2500.73,
                      "Total Cost": 2500.73,
                      "Plan Rows": 13,
                      "Plan Width": 4,
                      "Actual Startup Time": 11.435,
                      "Actual Total Time": 11.435,
                      "Actual Rows": 15,
                      "Actual Loops": 1,
                      "Hash Buckets": 1024,
                      "Original Hash Buckets": 1024,
                      "Hash Batches": 1,
                      "Original Hash Batches": 1,
                      "Peak Memory Usage": 9,
                      "Plans": [
                        {
                          "Node Type": "Seq Scan",
                          "Parent Relationship": "Outer",
                          "Parallel Aware": false,
                          "Relation Name": "date_dim",
                          "Alias": "date_dim",
                          "Startup Cost": 0.00,
                          "Total Cost": 2500.73,
                          "Plan Rows": 13,
                          "Plan Width": 4,
                          "Actual Startup Time": 5.946,
                          "Actual Total Time": 11.427,
                          "Actual Rows": 15,
                          "Actual Loops": 1,
                          "Filter": "((d_date >= '2001-08-21'::date) AND (d_date <= '2001-09-04'::date))",
                          "Rows Removed by Filter": 73034
                        }
                      ]
                    }
                  ]
                }
              ]
            }
          ]
        }
      ]
    },
    "Planning Time": 0.298,
    "Triggers": [
    ],
    "Execution Time": 37.171
  }
]
