[
  {
    "Plan": {
      "Node Type": "Aggregate",
      "Strategy": "Hashed",
      "Partial Mode": "Simple",
      "Parallel Aware": false,
      "Startup Cost": 65958.79,
      "Total Cost": 65960.22,
      "Plan Rows": 143,
      "Plan Width": 11,
      "Actual Startup Time": 503.847,
      "Actual Total Time": 503.884,
      "Actual Rows": 181,
      "Actual Loops": 1,
      "Group Key": ["customer_address.ca_zip"],
      "Plans": [
        {
          "Node Type": "Hash Join",
          "Parent Relationship": "Outer",
          "Parallel Aware": false,
          "Join Type": "Inner",
          "Startup Cost": 8734.95,
          "Total Cost": 65958.44,
          "Plan Rows": 143,
          "Plan Width": 11,
          "Actual Startup Time": 93.305,
          "Actual Total Time": 503.165,
          "Actual Rows": 2838,
          "Actual Loops": 1,
          "Hash Cond": "(catalog_sales.cs_bill_customer_sk = customer.c_customer_sk)",
          "Plans": [
            {
              "Node Type": "Hash Join",
              "Parent Relationship": "Outer",
              "Parallel Aware": false,
              "Join Type": "Inner",
              "Startup Cost": 2501.88,
              "Total Cost": 59717.20,
              "Plan Rows": 1798,
              "Plan Width": 4,
              "Actual Startup Time": 27.454,
              "Actual Total Time": 435.228,
              "Actual Rows": 38649,
              "Actual Loops": 1,
              "Hash Cond": "(catalog_sales.cs_sold_date_sk = date_dim.d_date_sk)",
              "Plans": [
                {
                  "Node Type": "Seq Scan",
                  "Parent Relationship": "Outer",
                  "Parallel Aware": false,
                  "Relation Name": "catalog_sales",
                  "Alias": "catalog_sales",
                  "Startup Cost": 0.00,
                  "Total Cost": 51844.70,
                  "Plan Rows": 1427370,
                  "Plan Width": 8,
                  "Actual Startup Time": 0.021,
                  "Actual Total Time": 257.547,
                  "Actual Rows": 1343425,
                  "Actual Loops": 1
                },
                {
                  "Node Type": "Hash",
                  "Parent Relationship": "Inner",
                  "Parallel Aware": false,
                  "Startup Cost": 2500.73,
                  "Total Cost": 2500.73,
                  "Plan Rows": 92,
                  "Plan Width": 4,
                  "Actual Startup Time": 22.193,
                  "Actual Total Time": 22.193,
                  "Actual Rows": 91,
                  "Actual Loops": 1,
                  "Hash Buckets": 1024,
                  "Original Hash Buckets": 1024,
                  "Hash Batches": 1,
                  "Original Hash Batches": 1,
                  "Peak Memory Usage": 12,
                  "Plans": [
                    {
                      "Node Type": "Seq Scan",
                      "Parent Relationship": "Outer",
                      "Parallel Aware": false,
                      "Relation Name": "date_dim",
                      "Alias": "date_dim",
                      "Startup Cost": 0.00,
                      "Total Cost": 2500.73,
                      "Plan Rows": 92,
                      "Plan Width": 4,
                      "Actual Startup Time": 10.814,
                      "Actual Total Time": 22.166,
                      "Actual Rows": 91,
                      "Actual Loops": 1,
                      "Filter": "((d_qoy = 2) AND (d_year = 1998))",
                      "Rows Removed by Filter": 72958
                    }
                  ]
                }
              ]
            },
            {
              "Node Type": "Hash",
              "Parent Relationship": "Inner",
              "Parallel Aware": false,
              "Startup Cost": 6133.69,
              "Total Cost": 6133.69,
              "Plan Rows": 7950,
              "Plan Width": 15,
              "Actual Startup Time": 63.806,
              "Actual Total Time": 63.806,
              "Actual Rows": 7675,
              "Actual Loops": 1,
              "Hash Buckets": 8192,
              "Original Hash Buckets": 8192,
              "Hash Batches": 1,
              "Original Hash Batches": 1,
              "Peak Memory Usage": 415,
              "Plans": [
                {
                  "Node Type": "Hash Join",
                  "Parent Relationship": "Outer",
                  "Parallel Aware": false,
                  "Join Type": "Inner",
                  "Startup Cost": 1824.19,
                  "Total Cost": 6133.69,
                  "Plan Rows": 7950,
                  "Plan Width": 15,
                  "Actual Startup Time": 21.068,
                  "Actual Total Time": 61.034,
                  "Actual Rows": 7675,
                  "Actual Loops": 1,
                  "Hash Cond": "(customer.c_current_addr_sk = customer_address.ca_address_sk)",
                  "Plans": [
                    {
                      "Node Type": "Seq Scan",
                      "Parent Relationship": "Outer",
                      "Parallel Aware": false,
                      "Relation Name": "customer",
                      "Alias": "customer",
                      "Startup Cost": 0.00,
                      "Total Cost": 3855.00,
                      "Plan Rows": 100000,
                      "Plan Width": 8,
                      "Actual Startup Time": 0.007,
                      "Actual Total Time": 13.854,
                      "Actual Rows": 94736,
                      "Actual Loops": 1
                    },
                    {
                      "Node Type": "Hash",
                      "Parent Relationship": "Inner",
                      "Parallel Aware": false,
                      "Startup Cost": 1774.50,
                      "Total Cost": 1774.50,
                      "Plan Rows": 3975,
                      "Plan Width": 15,
                      "Actual Startup Time": 21.043,
                      "Actual Total Time": 21.043,
                      "Actual Rows": 4018,
                      "Actual Loops": 1,
                      "Hash Buckets": 4096,
                      "Original Hash Buckets": 4096,
                      "Hash Batches": 1,
                      "Original Hash Batches": 1,
                      "Peak Memory Usage": 220,
                      "Plans": [
                        {
                          "Node Type": "Seq Scan",
                          "Parent Relationship": "Outer",
                          "Parallel Aware": false,
                          "Relation Name": "customer_address",
                          "Alias": "customer_address",
                          "Startup Cost": 0.00,
                          "Total Cost": 1774.50,
                          "Plan Rows": 3975,
                          "Plan Width": 15,
                          "Actual Startup Time": 0.011,
                          "Actual Total Time": 19.786,
                          "Actual Rows": 4018,
                          "Actual Loops": 1,
                          "Filter": "(ca_state = ANY ('{CA,WA,GA}'::bpchar[]))",
                          "Rows Removed by Filter": 45982
                        }
                      ]
                    }
                  ]
                }
              ]
            }
          ]
        }
      ]
    },
    "Planning Time": 0.575,
    "Triggers": [
    ],
    "Execution Time": 503.989
  }
]
