[{"Plan": {"Node Type": "Aggregate", "Strategy": "Hashed", "Partial Mode": "Simple", "Parallel Aware": false, "Startup Cost": 92463.65, "Total Cost": 92464.05, "Plan Rows": 40, "Plan Width": 17, "Actual Startup Time": 565.899, "Actual Total Time": 565.978, "Actual Rows": 14964, "Actual Loops": 1, "Group Key": ["item.i_item_id"], "Plans": [{"Node Type": "Hash Join", "Parent Relationship": "Outer", "Parallel Aware": false, "Join Type": "Inner", "Startup Cost": 5924.17, "Total Cost": 92463.55, "Plan Rows": 40, "Plan Width": 17, "Actual Startup Time": 28.754, "Actual Total Time": 564.315, "Actual Rows": 2103332, "Actual Loops": 1, "Hash Cond": "(store_sales.ss_addr_sk = customer_address.ca_address_sk)", "Plans": [{"Node Type": "Hash Join", "Parent Relationship": "Outer", "Parallel Aware": false, "Join Type": "Inner", "Startup Cost": 3984.45, "Total Cost": 90523.01, "Plan Rows": 110, "Plan Width": 21, "Actual Startup Time": 14.658, "Actual Total Time": 548.4, "Actual Rows": 5309, "Actual Loops": 1, "Hash Cond": "(store_sales.ss_item_sk = item.i_item_sk)", "Plans": [{"Node Type": "Hash Join", "Parent Relationship": "Outer", "Parallel Aware": false, "Join Type": "Inner", "Startup Cost": 2501.12, "Total Cost": 89034.41, "Plan Rows": 1113, "Plan Width": 8, "Actual Startup Time": 9.061, "Actual Total Time": 531.915, "Actual Rows": 53570, "Actual Loops": 1, "Hash Cond": "(store_sales.ss_sold_date_sk = date_dim.d_date_sk)", "Plans": [{"Node Type": "Seq Scan", "Parent Relationship": "Outer", "Parallel Aware": false, "Relation Name": "store_sales", "Alias": "store_sales", "Startup Cost": 0.0, "Total Cost": 76687.57, "Plan Rows": 2622557, "Plan Width": 12, "Actual Startup Time": 0.024, "Actual Total Time": 301.56, "Actual Rows": 2485280, "Actual Loops": 1}, {"Node Type": "Hash", "Parent Relationship": "Inner", "Parallel Aware": false, "Startup Cost": 2500.73, "Total Cost": 2500.73, "Plan Rows": 31, "Plan Width": 4, "Actual Startup Time": 9.025, "Actual Total Time": 9.025, "Actual Rows": 31, "Actual Loops": 1, "Hash Buckets": 1024, "Original Hash Buckets": 1024, "Hash Batches": 1, "Original Hash Batches": 1, "Peak Memory Usage": 10, "Plans": [{"Node Type": "Seq Scan", "Parent Relationship": "Outer", "Parallel Aware": false, "Relation Name": "date_dim", "Alias": "date_dim", "Startup Cost": 0.0, "Total Cost": 2500.73, "Plan Rows": 31, "Plan Width": 4, "Actual Startup Time": 4.4, "Actual Total Time": 9.02, "Actual Rows": 31, "Actual Loops": 1, "Filter": "((d_year = 1998) AND (d_moy = 8))", "Rows Removed by Filter": 73018}]}]}, {"Node Type": "Hash", "Parent Relationship": "Inner", "Parallel Aware": false, "Startup Cost": 1461.0, "Total Cost": 1461.0, "Plan Rows": 1786, "Plan Width": 21, "Actual Startup Time": 5.586, "Actual Total Time": 5.586, "Actual Rows": 1786, "Actual Loops": 1, "Hash Buckets": 2048, "Original Hash Buckets": 2048, "Hash Batches": 1, "Original Hash Batches": 1, "Peak Memory Usage": 114, "Plans": [{"Node Type": "Seq Scan", "Parent Relationship": "Outer", "Parallel Aware": false, "Relation Name": "item", "Alias": "item", "Startup Cost": 0.0, "Total Cost": 1461.0, "Plan Rows": 1786, "Plan Width": 21, "Actual Startup Time": 0.008, "Actual Total Time": 5.332, "Actual Rows": 1786, "Actual Loops": 1, "Filter": "(i_category = 'Children'::bpchar)", "Rows Removed by Filter": 16214}]}]}, {"Node Type": "Hash", "Parent Relationship": "Inner", "Parallel Aware": false, "Startup Cost": 1712.0, "Total Cost": 1712.0, "Plan Rows": 18218, "Plan Width": 4, "Actual Startup Time": 14.077, "Actual Total Time": 14.077, "Actual Rows": 18246, "Actual Loops": 1, "Hash Buckets": 32768, "Original Hash Buckets": 32768, "Hash Batches": 1, "Original Hash Batches": 1, "Peak Memory Usage": 898, "Plans": [{"Node Type": "Seq Scan", "Parent Relationship": "Outer", "Parallel Aware": false, "Relation Name": "customer_address", "Alias": "customer_address", "Startup Cost": 0.0, "Total Cost": 1712.0, "Plan Rows": 18218, "Plan Width": 4, "Actual Startup Time": 0.012, "Actual Total Time": 11.615, "Actual Rows": 18246, "Actual Loops": 1, "Filter": "(ca_gmt_offset = '-5'::numeric)", "Rows Removed by Filter": 31754}]}]}]}, "Planning Time": 0.332, "Triggers": [], "Execution Time": 566.054}]