[
  {
    "Plan": {
      "Node Type": "Group",
      "Startup Cost": 43121068.05,
      "Total Cost": 43807437.16,
      "Plan Rows": 1890140,
      "Plan Width": 51,
      "Actual Startup Time": 1968284.419,
      "Actual Total Time": 2194006.916,
      "Actual Rows": 1894259,
      "Actual Loops": 1,
      "Group Key": ["customer.c_email_address"],
      "Plans": [
        {
          "Node Type": "Sort",
          "Parent Relationship": "Outer",
          "Startup Cost": 43121068.05,
          "Total Cost": 43464252.61,
          "Plan Rows": 137273821,
          "Plan Width": 51,
          "Actual Startup Time": 1968284.416,
          "Actual Total Time": 2180864.829,
          "Actual Rows": 137579937,
          "Actual Loops": 1,
          "Sort Key": ["customer.c_email_address"],
          "Sort Method": "external merge",
          "Sort Space Used": 8079000,
          "Sort Space Type": "Disk",
          "Plans": [
            {
              "Node Type": "Hash Join",
              "Parent Relationship": "Outer",
              "Join Type": "Inner",
              "Startup Cost": 130282.94,
              "Total Cost": 10490875.57,
              "Plan Rows": 137273821,
              "Plan Width": 51,
              "Actual Startup Time": 1243.910,
              "Actual Total Time": 462131.281,
              "Actual Rows": 137579937,
              "Actual Loops": 1,
              "Hash Cond": "(catalog_sales.cs_sold_date_sk = date_dim.d_date_sk)",
              "Plans": [
                {
                  "Node Type": "Hash Join",
                  "Parent Relationship": "Outer",
                  "Join Type": "Inner",
                  "Startup Cost": 127234.34,
                  "Total Cost": 8597811.76,
                  "Plan Rows": 137940534,
                  "Plan Width": 55,
                  "Actual Startup Time": 1216.992,
                  "Actual Total Time": 436656.903,
                  "Actual Rows": 137579937,
                  "Actual Loops": 1,
                  "Hash Cond": "(catalog_sales.cs_bill_customer_sk = customer.c_customer_sk)",
                  "Plans": [
                    {
                      "Node Type": "Seq Scan",
                      "Parent Relationship": "Outer",
                      "Relation Name": "catalog_sales",
                      "Alias": "catalog_sales",
                      "Startup Cost": 0.00,
                      "Total Cost": 5227045.72,
                      "Plan Rows": 143997072,
                      "Plan Width": 8,
                      "Actual Startup Time": 0.030,
                      "Actual Total Time": 301148.966,
                      "Actual Rows": 142569081,
                      "Actual Loops": 1
                    },
                    {
                      "Node Type": "Hash",
                      "Parent Relationship": "Inner",
                      "Startup Cost": 83542.76,
                      "Total Cost": 83542.76,
                      "Plan Rows": 1962286,
                      "Plan Width": 55,
                      "Actual Startup Time": 1170.551,
                      "Actual Total Time": 1170.551,
                      "Actual Rows": 1930014,
                      "Actual Loops": 1,
                      "Hash Buckets": 65536,
                      "Original Hash Buckets": 65536,
                      "Hash Batches": 64,
                      "Original Hash Batches": 64,
                      "Peak Memory Usage": 3090,
                      "Plans": [
                        {
                          "Node Type": "Seq Scan",
                          "Parent Relationship": "Outer",
                          "Relation Name": "customer",
                          "Alias": "customer",
                          "Startup Cost": 0.00,
                          "Total Cost": 83542.76,
                          "Plan Rows": 1962286,
                          "Plan Width": 55,
                          "Actual Startup Time": 0.020,
                          "Actual Total Time": 685.534,
                          "Actual Rows": 1930014,
                          "Actual Loops": 1,
                          "Filter": "(c_birth_year >= 1924)",
                          "Rows Removed by Filter": 69986
                        }
                      ]
                    }
                  ]
                },
                {
                  "Node Type": "Hash",
                  "Parent Relationship": "Inner",
                  "Startup Cost": 2135.49,
                  "Total Cost": 2135.49,
                  "Plan Rows": 73049,
                  "Plan Width": 4,
                  "Actual Startup Time": 26.266,
                  "Actual Total Time": 26.266,
                  "Actual Rows": 73049,
                  "Actual Loops": 1,
                  "Hash Buckets": 131072,
                  "Original Hash Buckets": 131072,
                  "Hash Batches": 1,
                  "Original Hash Batches": 1,
                  "Peak Memory Usage": 3593,
                  "Plans": [
                    {
                      "Node Type": "Seq Scan",
                      "Parent Relationship": "Outer",
                      "Relation Name": "date_dim",
                      "Alias": "date_dim",
                      "Startup Cost": 0.00,
                      "Total Cost": 2135.49,
                      "Plan Rows": 73049,
                      "Plan Width": 4,
                      "Actual Startup Time": 0.005,
                      "Actual Total Time": 12.431,
                      "Actual Rows": 73049,
                      "Actual Loops": 1
                    }
                  ]
                }
              ]
            }
          ]
        }
      ]
    },
    "Planning Time": 0.994,
    "Triggers": [
    ],
    "Execution Time": 2195017.524
  }
]
