[
  {
    "Plan": {
      "Node Type": "Aggregate",
      "Strategy": "Hashed",
      "Startup Cost": 2905647.19,
      "Total Cost": 2905726.22,
      "Plan Rows": 7903,
      "Plan Width": 17,
      "Actual Startup Time": 161971.264,
      "Actual Total Time": 161978.617,
      "Actual Rows": 30545,
      "Actual Loops": 1,
      "Group Key": ["item.i_item_id"],
      "Plans": [
        {
          "Node Type": "Hash Join",
          "Parent Relationship": "Outer",
          "Join Type": "Inner",
          "Startup Cost": 19991.51,
          "Total Cost": 2905627.44,
          "Plan Rows": 7903,
          "Plan Width": 17,
          "Actual Startup Time": 116.490,
          "Actual Total Time": 161780.234,
          "Actual Rows": 210862,
          "Actual Loops": 1,
          "Hash Cond": "(web_sales.ws_item_sk = item.i_item_sk)",
          "Plans": [
            {
              "Node Type": "Hash Join",
              "Parent Relationship": "Outer",
              "Join Type": "Inner",
              "Startup Cost": 2501.07,
              "Total Cost": 2887958.19,
              "Plan Rows": 26607,
              "Plan Width": 4,
              "Actual Startup Time": 9.037,
              "Actual Total Time": 161380.571,
              "Actual Rows": 705707,
              "Actual Loops": 1,
              "Hash Cond": "(web_sales.ws_sold_date_sk = date_dim.d_date_sk)",
              "Plans": [
                {
                  "Node Type": "Seq Scan",
                  "Parent Relationship": "Outer",
                  "Relation Name": "web_sales",
                  "Alias": "web_sales",
                  "Startup Cost": 0.00,
                  "Total Cost": 2615186.40,
                  "Plan Rows": 72001240,
                  "Plan Width": 8,
                  "Actual Startup Time": 0.010,
                  "Actual Total Time": 154850.084,
                  "Actual Rows": 71969891,
                  "Actual Loops": 1
                },
                {
                  "Node Type": "Hash",
                  "Parent Relationship": "Inner",
                  "Startup Cost": 2500.73,
                  "Total Cost": 2500.73,
                  "Plan Rows": 27,
                  "Plan Width": 4,
                  "Actual Startup Time": 8.955,
                  "Actual Total Time": 8.955,
                  "Actual Rows": 31,
                  "Actual Loops": 1,
                  "Hash Buckets": 1024,
                  "Original Hash Buckets": 1024,
                  "Hash Batches": 1,
                  "Original Hash Batches": 1,
                  "Peak Memory Usage": 10,
                  "Plans": [
                    {
                      "Node Type": "Seq Scan",
                      "Parent Relationship": "Outer",
                      "Relation Name": "date_dim",
                      "Alias": "date_dim",
                      "Startup Cost": 0.00,
                      "Total Cost": 2500.73,
                      "Plan Rows": 27,
                      "Plan Width": 4,
                      "Actual Startup Time": 3.710,
                      "Actual Total Time": 8.944,
                      "Actual Rows": 31,
                      "Actual Loops": 1,
                      "Filter": "((d_date >= '2001-01-12'::date) AND (d_date <= '2001-02-11'::date))",
                      "Rows Removed by Filter": 73018
                    }
                  ]
                }
              ]
            },
            {
              "Node Type": "Hash",
              "Parent Relationship": "Inner",
              "Startup Cost": 16733.00,
              "Total Cost": 16733.00,
              "Plan Rows": 60595,
              "Plan Width": 21,
              "Actual Startup Time": 107.234,
              "Actual Total Time": 107.234,
              "Actual Rows": 61071,
              "Actual Loops": 1,
              "Hash Buckets": 65536,
              "Original Hash Buckets": 65536,
              "Hash Batches": 1,
              "Original Hash Batches": 1,
              "Peak Memory Usage": 3852,
              "Plans": [
                {
                  "Node Type": "Seq Scan",
                  "Parent Relationship": "Outer",
                  "Relation Name": "item",
                  "Alias": "item",
                  "Startup Cost": 0.00,
                  "Total Cost": 16733.00,
                  "Plan Rows": 60595,
                  "Plan Width": 21,
                  "Actual Startup Time": 0.008,
                  "Actual Total Time": 96.432,
                  "Actual Rows": 61071,
                  "Actual Loops": 1,
                  "Filter": "(i_category = ANY ('{Jewelry,Sports,Books}'::bpchar[]))",
                  "Rows Removed by Filter": 142929
                }
              ]
            }
          ]
        }
      ]
    },
    "Planning Time": 0.426,
    "Triggers": [
    ],
    "Execution Time": 161979.984
  }
]
