[
  {
    "Plan": {
      "Node Type": "Aggregate",
      "Strategy": "Hashed",
      "Startup Cost": 9851453.94,
      "Total Cost": 9851749.77,
      "Plan Rows": 29583,
      "Plan Width": 6,
      "Actual Startup Time": 255801.746,
      "Actual Total Time": 255956.553,
      "Actual Rows": 623911,
      "Actual Loops": 1,
      "Group Key": ["ss_net_paid_inc_tax"],
      "Plans": [
        {
          "Node Type": "Seq Scan",
          "Parent Relationship": "Outer",
          "Relation Name": "store_sales",
          "Alias": "store_sales",
          "Startup Cost": 0.00,
          "Total Cost": 9713863.36,
          "Plan Rows": 55036231,
          "Plan Width": 6,
          "Actual Startup Time": 0.005,
          "Actual Total Time": 219682.224,
          "Actual Rows": 52432763,
          "Actual Loops": 1,
          "Filter": "((ss_quantity >= 21) AND (ss_quantity <= 40))",
          "Rows Removed by Filter": 209853378
        }
      ]
    },
    "Planning Time": 0.863,
    "Triggers": [
    ],
    "Execution Time": 255975.604
  }
]
