[
  {
    "Plan": {
      "Node Type": "Aggregate",
      "Strategy": "Hashed",
      "Startup Cost": 5792148.06,
      "Total Cost": 5792157.55,
      "Plan Rows": 949,
      "Plan Width": 4,
      "Actual Startup Time": 296173.555,
      "Actual Total Time": 296173.629,
      "Actual Rows": 889,
      "Actual Loops": 1,
      "Group Key": ["item.i_brand_id"],
      "Plans": [
        {
          "Node Type": "Hash Join",
          "Parent Relationship": "Outer",
          "Join Type": "Inner",
          "Startup Cost": 22315.86,
          "Total Cost": 5792001.41,
          "Plan Rows": 58661,
          "Plan Width": 4,
          "Actual Startup Time": 35700.880,
          "Actual Total Time": 295383.949,
          "Actual Rows": 4655396,
          "Actual Loops": 1,
          "Hash Cond": "(catalog_sales.cs_item_sk = item.i_item_sk)",
          "Plans": [
            {
              "Node Type": "Hash Join",
              "Parent Relationship": "Outer",
              "Join Type": "Inner",
              "Startup Cost": 2501.11,
              "Total Cost": 5770124.36,
              "Plan Rows": 58851,
              "Plan Width": 4,
              "Actual Startup Time": 35595.496,
              "Actual Total Time": 292688.701,
              "Actual Rows": 4666864,
              "Actual Loops": 1,
              "Hash Cond": "(catalog_sales.cs_sold_date_sk = date_dim.d_date_sk)",
              "Plans": [
                {
                  "Node Type": "Seq Scan",
                  "Parent Relationship": "Outer",
                  "Relation Name": "catalog_sales",
                  "Alias": "catalog_sales",
                  "Startup Cost": 0.00,
                  "Total Cost": 5227045.72,
                  "Plan Rows": 143997072,
                  "Plan Width": 8,
                  "Actual Startup Time": 0.011,
                  "Actual Total Time": 272946.143,
                  "Actual Rows": 142569081,
                  "Actual Loops": 1
                },
                {
                  "Node Type": "Hash",
                  "Parent Relationship": "Inner",
                  "Startup Cost": 2500.73,
                  "Total Cost": 2500.73,
                  "Plan Rows": 30,
                  "Plan Width": 4,
                  "Actual Startup Time": 10.606,
                  "Actual Total Time": 10.606,
                  "Actual Rows": 30,
                  "Actual Loops": 1,
                  "Hash Buckets": 1024,
                  "Original Hash Buckets": 1024,
                  "Hash Batches": 1,
                  "Original Hash Batches": 1,
                  "Peak Memory Usage": 10,
                  "Plans": [
                    {
                      "Node Type": "Seq Scan",
                      "Parent Relationship": "Outer",
                      "Relation Name": "date_dim",
                      "Alias": "date_dim",
                      "Startup Cost": 0.00,
                      "Total Cost": 2500.73,
                      "Plan Rows": 30,
                      "Plan Width": 4,
                      "Actual Startup Time": 5.817,
                      "Actual Total Time": 10.601,
                      "Actual Rows": 30,
                      "Actual Loops": 1,
                      "Filter": "((d_year = 2000) AND (d_moy = 11))",
                      "Rows Removed by Filter": 73019
                    }
                  ]
                }
              ]
            },
            {
              "Node Type": "Hash",
              "Parent Relationship": "Inner",
              "Startup Cost": 16478.00,
              "Total Cost": 16478.00,
              "Plan Rows": 203340,
              "Plan Width": 8,
              "Actual Startup Time": 104.573,
              "Actual Total Time": 104.573,
              "Actual Rows": 203478,
              "Actual Loops": 1,
              "Hash Buckets": 131072,
              "Original Hash Buckets": 131072,
              "Hash Batches": 4,
              "Original Hash Batches": 4,
              "Peak Memory Usage": 3026,
              "Plans": [
                {
                  "Node Type": "Seq Scan",
                  "Parent Relationship": "Outer",
                  "Relation Name": "item",
                  "Alias": "item",
                  "Startup Cost": 0.00,
                  "Total Cost": 16478.00,
                  "Plan Rows": 203340,
                  "Plan Width": 8,
                  "Actual Startup Time": 0.005,
                  "Actual Total Time": 71.862,
                  "Actual Rows": 203478,
                  "Actual Loops": 1,
                  "Filter": "(i_rec_start_date >= '1997-10-27'::date)",
                  "Rows Removed by Filter": 522
                }
              ]
            }
          ]
        }
      ]
    },
    "Planning Time": 0.468,
    "Triggers": [
    ],
    "Execution Time": 296173.837
  }
]
