[
  {
    "Plan": {
      "Node Type": "Aggregate",
      "Strategy": "Hashed",
      "Startup Cost": 2887959.21,
      "Total Cost": 2887959.29,
      "Plan Rows": 8,
      "Plan Width": 68,
      "Actual Startup Time": 188692.953,
      "Actual Total Time": 188692.955,
      "Actual Rows": 12,
      "Actual Loops": 1,
      "Group Key": ["web_site.web_site_id"],
      "Plans": [
        {
          "Node Type": "Hash Join",
          "Parent Relationship": "Outer",
          "Join Type": "Inner",
          "Startup Cost": 2503.32,
          "Total Cost": 2887946.89,
          "Plan Rows": 4927,
          "Plan Width": 68,
          "Actual Startup Time": 17.983,
          "Actual Total Time": 188489.211,
          "Actual Rows": 775248,
          "Actual Loops": 1,
          "Hash Cond": "(web_sales.ws_web_site_sk = web_site.web_site_sk)",
          "Plans": [
            {
              "Node Type": "Hash Join",
              "Parent Relationship": "Outer",
              "Join Type": "Inner",
              "Startup Cost": 2500.92,
              "Total Cost": 2887839.79,
              "Plan Rows": 14782,
              "Plan Width": 4,
              "Actual Startup Time": 12.774,
              "Actual Total Time": 188278.718,
              "Actual Rows": 775248,
              "Actual Loops": 1,
              "Hash Cond": "(web_sales.ws_sold_date_sk = date_dim.d_date_sk)",
              "Plans": [
                {
                  "Node Type": "Seq Scan",
                  "Parent Relationship": "Outer",
                  "Relation Name": "web_sales",
                  "Alias": "web_sales",
                  "Startup Cost": 0.00,
                  "Total Cost": 2615186.40,
                  "Plan Rows": 72001240,
                  "Plan Width": 8,
                  "Actual Startup Time": 0.016,
                  "Actual Total Time": 181574.368,
                  "Actual Rows": 71969891,
                  "Actual Loops": 1
                },
                {
                  "Node Type": "Hash",
                  "Parent Relationship": "Inner",
                  "Startup Cost": 2500.73,
                  "Total Cost": 2500.73,
                  "Plan Rows": 15,
                  "Plan Width": 4,
                  "Actual Startup Time": 12.559,
                  "Actual Total Time": 12.559,
                  "Actual Rows": 15,
                  "Actual Loops": 1,
                  "Hash Buckets": 1024,
                  "Original Hash Buckets": 1024,
                  "Hash Batches": 1,
                  "Original Hash Batches": 1,
                  "Peak Memory Usage": 9,
                  "Plans": [
                    {
                      "Node Type": "Seq Scan",
                      "Parent Relationship": "Outer",
                      "Relation Name": "date_dim",
                      "Alias": "date_dim",
                      "Startup Cost": 0.00,
                      "Total Cost": 2500.73,
                      "Plan Rows": 15,
                      "Plan Width": 4,
                      "Actual Startup Time": 5.329,
                      "Actual Total Time": 12.547,
                      "Actual Rows": 15,
                      "Actual Loops": 1,
                      "Filter": "((d_date >= '1998-08-04'::date) AND (d_date <= '1998-08-18'::date))",
                      "Rows Removed by Filter": 73034
                    }
                  ]
                }
              ]
            },
            {
              "Node Type": "Hash",
              "Parent Relationship": "Inner",
              "Startup Cost": 2.30,
              "Total Cost": 2.30,
              "Plan Rows": 8,
              "Plan Width": 72,
              "Actual Startup Time": 5.168,
              "Actual Total Time": 5.168,
              "Actual Rows": 24,
              "Actual Loops": 1,
              "Hash Buckets": 1024,
              "Original Hash Buckets": 1024,
              "Hash Batches": 1,
              "Original Hash Batches": 1,
              "Peak Memory Usage": 10,
              "Plans": [
                {
                  "Node Type": "Seq Scan",
                  "Parent Relationship": "Outer",
                  "Relation Name": "web_site",
                  "Alias": "web_site",
                  "Startup Cost": 0.00,
                  "Total Cost": 2.30,
                  "Plan Rows": 8,
                  "Plan Width": 72,
                  "Actual Startup Time": 5.135,
                  "Actual Total Time": 5.155,
                  "Actual Rows": 24,
                  "Actual Loops": 1,
                  "Filter": "(web_rec_start_date >= '1997-08-16'::date)",
                  "Rows Removed by Filter": 0
                }
              ]
            }
          ]
        }
      ]
    },
    "Planning Time": 13.068,
    "Triggers": [
    ],
    "Execution Time": 188693.061
  }
]
