[
  {
    "Plan": {
      "Node Type": "Aggregate",
      "Strategy": "Hashed",
      "Startup Cost": 3788171.46,
      "Total Cost": 3788275.70,
      "Plan Rows": 10424,
      "Plan Width": 4,
      "Actual Startup Time": 183385.672,
      "Actual Total Time": 183385.787,
      "Actual Rows": 262,
      "Actual Loops": 1,
      "Group Key": ["date_dim.d_week_seq"],
      "Plans": [
        {
          "Node Type": "Hash Join",
          "Parent Relationship": "Outer",
          "Join Type": "Inner",
          "Startup Cost": 3231.14,
          "Total Cost": 3608221.61,
          "Plan Rows": 71979942,
          "Plan Width": 4,
          "Actual Startup Time": 31.272,
          "Actual Total Time": 172044.567,
          "Actual Rows": 71969891,
          "Actual Loops": 1,
          "Hash Cond": "(web_sales.ws_sold_date_sk = date_dim.d_date_sk)",
          "Plans": [
            {
              "Node Type": "Seq Scan",
              "Parent Relationship": "Outer",
              "Relation Name": "web_sales",
              "Alias": "web_sales",
              "Startup Cost": 0.00,
              "Total Cost": 2615186.40,
              "Plan Rows": 72001240,
              "Plan Width": 4,
              "Actual Startup Time": 5.257,
              "Actual Total Time": 154817.190,
              "Actual Rows": 71969891,
              "Actual Loops": 1
            },
            {
              "Node Type": "Hash",
              "Parent Relationship": "Inner",
              "Startup Cost": 2318.11,
              "Total Cost": 2318.11,
              "Plan Rows": 73042,
              "Plan Width": 8,
              "Actual Startup Time": 25.583,
              "Actual Total Time": 25.583,
              "Actual Rows": 73049,
              "Actual Loops": 1,
              "Hash Buckets": 131072,
              "Original Hash Buckets": 131072,
              "Hash Batches": 1,
              "Original Hash Batches": 1,
              "Peak Memory Usage": 3878,
              "Plans": [
                {
                  "Node Type": "Seq Scan",
                  "Parent Relationship": "Outer",
                  "Relation Name": "date_dim",
                  "Alias": "date_dim",
                  "Startup Cost": 0.00,
                  "Total Cost": 2318.11,
                  "Plan Rows": 73042,
                  "Plan Width": 8,
                  "Actual Startup Time": 0.005,
                  "Actual Total Time": 14.589,
                  "Actual Rows": 73049,
                  "Actual Loops": 1,
                  "Filter": "(d_year >= 1900)",
                  "Rows Removed by Filter": 0
                }
              ]
            }
          ]
        }
      ]
    },
    "Planning Time": 0.317,
    "Triggers": [
    ],
    "Execution Time": 183386.063
  }
]
