[
  {
    "Plan": {
      "Node Type": "Aggregate",
      "Strategy": "Hashed",
      "Startup Cost": 18919039.77,
      "Total Cost": 18919041.70,
      "Plan Rows": 193,
      "Plan Width": 56,
      "Actual Startup Time": 257255.517,
      "Actual Total Time": 257255.518,
      "Actual Rows": 1,
      "Actual Loops": 1,
      "Group Key": ["customer.c_login"],
      "Plans": [
        {
          "Node Type": "Hash Join",
          "Parent Relationship": "Outer",
          "Join Type": "Inner",
          "Startup Cost": 132199.94,
          "Total Cost": 18286747.51,
          "Plan Rows": 252916902,
          "Plan Width": 56,
          "Actual Startup Time": 1091.566,
          "Actual Total Time": 235215.291,
          "Actual Rows": 253121898,
          "Actual Loops": 1,
          "Hash Cond": "(store_sales.ss_sold_date_sk = date_dim.d_date_sk)",
          "Plans": [
            {
              "Node Type": "Hash Join",
              "Parent Relationship": "Outer",
              "Join Type": "Inner",
              "Startup Cost": 129151.34,
              "Total Cost": 14761677.93,
              "Plan Rows": 264760523,
              "Plan Width": 60,
              "Actual Startup Time": 1071.471,
              "Actual Total Time": 196355.855,
              "Actual Rows": 253121898,
              "Actual Loops": 1,
              "Hash Cond": "(store_sales.ss_customer_sk = customer.c_customer_sk)",
              "Plans": [
                {
                  "Node Type": "Seq Scan",
                  "Parent Relationship": "Outer",
                  "Relation Name": "store_sales",
                  "Alias": "store_sales",
                  "Startup Cost": 0.00,
                  "Total Cost": 8273878.24,
                  "Plan Rows": 287997024,
                  "Plan Width": 8,
                  "Actual Startup Time": 0.432,
                  "Actual Total Time": 110952.956,
                  "Actual Rows": 262286141,
                  "Actual Loops": 1
                },
                {
                  "Node Type": "Hash",
                  "Parent Relationship": "Inner",
                  "Startup Cost": 83542.76,
                  "Total Cost": 83542.76,
                  "Plan Rows": 1962286,
                  "Plan Width": 60,
                  "Actual Startup Time": 1063.487,
                  "Actual Total Time": 1063.487,
                  "Actual Rows": 1930014,
                  "Actual Loops": 1,
                  "Hash Buckets": 65536,
                  "Original Hash Buckets": 65536,
                  "Hash Batches": 64,
                  "Original Hash Batches": 64,
                  "Peak Memory Usage": 1582,
                  "Plans": [
                    {
                      "Node Type": "Seq Scan",
                      "Parent Relationship": "Outer",
                      "Relation Name": "customer",
                      "Alias": "customer",
                      "Startup Cost": 0.00,
                      "Total Cost": 83542.76,
                      "Plan Rows": 1962286,
                      "Plan Width": 60,
                      "Actual Startup Time": 0.350,
                      "Actual Total Time": 795.982,
                      "Actual Rows": 1930014,
                      "Actual Loops": 1,
                      "Filter": "(c_birth_year >= 1924)",
                      "Rows Removed by Filter": 69986
                    }
                  ]
                }
              ]
            },
            {
              "Node Type": "Hash",
              "Parent Relationship": "Inner",
              "Startup Cost": 2135.49,
              "Total Cost": 2135.49,
              "Plan Rows": 73049,
              "Plan Width": 4,
              "Actual Startup Time": 19.441,
              "Actual Total Time": 19.441,
              "Actual Rows": 73049,
              "Actual Loops": 1,
              "Hash Buckets": 131072,
              "Original Hash Buckets": 131072,
              "Hash Batches": 1,
              "Original Hash Batches": 1,
              "Peak Memory Usage": 3593,
              "Plans": [
                {
                  "Node Type": "Seq Scan",
                  "Parent Relationship": "Outer",
                  "Relation Name": "date_dim",
                  "Alias": "date_dim",
                  "Startup Cost": 0.00,
                  "Total Cost": 2135.49,
                  "Plan Rows": 73049,
                  "Plan Width": 4,
                  "Actual Startup Time": 0.004,
                  "Actual Total Time": 9.757,
                  "Actual Rows": 73049,
                  "Actual Loops": 1
                }
              ]
            }
          ]
        }
      ]
    },
    "Planning Time": 2.503,
    "Triggers": [
    ],
    "Execution Time": 257255.691
  }
]
