[
  {
    "Plan": {
      "Node Type": "Aggregate",
      "Strategy": "Hashed",
      "Startup Cost": 9852101.93,
      "Total Cost": 9852296.80,
      "Plan Rows": 19487,
      "Plan Width": 6,
      "Actual Startup Time": 451604.860,
      "Actual Total Time": 451653.993,
      "Actual Rows": 170195,
      "Actual Loops": 1,
      "Group Key": ["ss_ext_sales_price"],
      "Plans": [
        {
          "Node Type": "Seq Scan",
          "Parent Relationship": "Outer",
          "Relation Name": "store_sales",
          "Alias": "store_sales",
          "Startup Cost": 0.00,
          "Total Cost": 9713863.36,
          "Plan Rows": 55295429,
          "Plan Width": 6,
          "Actual Startup Time": 0.013,
          "Actual Total Time": 414407.498,
          "Actual Rows": 52433111,
          "Actual Loops": 1,
          "Filter": "((ss_quantity >= 1) AND (ss_quantity <= 20))",
          "Rows Removed by Filter": 209853030
        }
      ]
    },
    "Planning Time": 5.803,
    "Triggers": [
    ],
    "Execution Time": 451662.759
  }
]
