[
  {
    "Plan": {
      "Node Type": "Aggregate",
      "Strategy": "Hashed",
      "Startup Cost": 6057209.25,
      "Total Cost": 6057209.26,
      "Plan Rows": 1,
      "Plan Width": 14,
      "Actual Startup Time": 246813.070,
      "Actual Total Time": 246813.070,
      "Actual Rows": 2,
      "Actual Loops": 1,
      "Group Key": ["customer_address.ca_country"],
      "Plans": [
        {
          "Node Type": "Hash Join",
          "Parent Relationship": "Outer",
          "Join Type": "Inner",
          "Startup Cost": 248738.01,
          "Total Cost": 6057067.34,
          "Plan Rows": 56762,
          "Plan Width": 14,
          "Actual Startup Time": 126530.773,
          "Actual Total Time": 246442.843,
          "Actual Rows": 2362068,
          "Actual Loops": 1,
          "Hash Cond": "(catalog_sales.cs_item_sk = item.i_item_sk)",
          "Plans": [
            {
              "Node Type": "Hash Join",
              "Parent Relationship": "Outer",
              "Join Type": "Inner",
              "Startup Cost": 229423.01,
              "Total Cost": 6035508.87,
              "Plan Rows": 56762,
              "Plan Width": 18,
              "Actual Startup Time": 126438.189,
              "Actual Total Time": 244440.440,
              "Actual Rows": 2362068,
              "Actual Loops": 1,
              "Hash Cond": "(customer.c_current_cdemo_sk = cd2.cd_demo_sk)",
              "Plans": [
                {
                  "Node Type": "Hash Join",
                  "Parent Relationship": "Outer",
                  "Join Type": "Inner",
                  "Startup Cost": 156873.01,
                  "Total Cost": 5953900.31,
                  "Plan Rows": 58988,
                  "Plan Width": 22,
                  "Actual Startup Time": 123508.583,
                  "Actual Total Time": 230011.057,
                  "Actual Rows": 2362068,
                  "Actual Loops": 1,
                  "Hash Cond": "(customer.c_current_addr_sk = customer_address.ca_address_sk)",
                  "Plans": [
                    {
                      "Node Type": "Hash Join",
                      "Parent Relationship": "Outer",
                      "Join Type": "Inner",
                      "Startup Cost": 113256.51,
                      "Total Cost": 5904019.29,
                      "Plan Rows": 345770,
                      "Plan Width": 12,
                      "Actual Startup Time": 122598.189,
                      "Actual Total Time": 225599.752,
                      "Actual Rows": 13795643,
                      "Actual Loops": 1,
                      "Hash Cond": "(catalog_sales.cs_bill_customer_sk = customer.c_customer_sk)",
                      "Plans": [
                        {
                          "Node Type": "Hash Join",
                          "Parent Relationship": "Outer",
                          "Join Type": "Inner",
                          "Startup Cost": 2322.68,
                          "Total Cost": 5776517.66,
                          "Plan Rows": 716025,
                          "Plan Width": 8,
                          "Actual Startup Time": 121747.632,
                          "Actual Total Time": 205801.790,
                          "Actual Rows": 28356963,
                          "Actual Loops": 1,
                          "Hash Cond": "(catalog_sales.cs_sold_date_sk = date_dim.d_date_sk)",
                          "Plans": [
                            {
                              "Node Type": "Seq Scan",
                              "Parent Relationship": "Outer",
                              "Relation Name": "catalog_sales",
                              "Alias": "catalog_sales",
                              "Startup Cost": 0.00,
                              "Total Cost": 5227045.72,
                              "Plan Rows": 143997072,
                              "Plan Width": 12,
                              "Actual Startup Time": 0.011,
                              "Actual Total Time": 179833.942,
                              "Actual Rows": 142569081,
                              "Actual Loops": 1
                            },
                            {
                              "Node Type": "Hash",
                              "Parent Relationship": "Inner",
                              "Startup Cost": 2318.11,
                              "Total Cost": 2318.11,
                              "Plan Rows": 365,
                              "Plan Width": 4,
                              "Actual Startup Time": 8.632,
                              "Actual Total Time": 8.632,
                              "Actual Rows": 365,
                              "Actual Loops": 1,
                              "Hash Buckets": 1024,
                              "Original Hash Buckets": 1024,
                              "Hash Batches": 1,
                              "Original Hash Batches": 1,
                              "Peak Memory Usage": 21,
                              "Plans": [
                                {
                                  "Node Type": "Seq Scan",
                                  "Parent Relationship": "Outer",
                                  "Relation Name": "date_dim",
                                  "Alias": "date_dim",
                                  "Startup Cost": 0.00,
                                  "Total Cost": 2318.11,
                                  "Plan Rows": 365,
                                  "Plan Width": 4,
                                  "Actual Startup Time": 4.329,
                                  "Actual Total Time": 8.574,
                                  "Actual Rows": 365,
                                  "Actual Loops": 1,
                                  "Filter": "(d_year = 2001)",
                                  "Rows Removed by Filter": 72684
                                }
                              ]
                            }
                          ]
                        },
                        {
                          "Node Type": "Hash",
                          "Parent Relationship": "Inner",
                          "Startup Cost": 93737.87,
                          "Total Cost": 93737.87,
                          "Plan Rows": 989197,
                          "Plan Width": 12,
                          "Actual Startup Time": 810.874,
                          "Actual Total Time": 810.874,
                          "Actual Rows": 972738,
                          "Actual Loops": 1,
                          "Hash Buckets": 131072,
                          "Original Hash Buckets": 131072,
                          "Hash Batches": 16,
                          "Original Hash Batches": 16,
                          "Peak Memory Usage": 3650,
                          "Plans": [
                            {
                              "Node Type": "Seq Scan",
                              "Parent Relationship": "Outer",
                              "Relation Name": "customer",
                              "Alias": "customer",
                              "Startup Cost": 0.00,
                              "Total Cost": 93737.87,
                              "Plan Rows": 989197,
                              "Plan Width": 12,
                              "Actual Startup Time": 0.009,
                              "Actual Total Time": 558.567,
                              "Actual Rows": 972738,
                              "Actual Loops": 1,
                              "Filter": "(c_birth_month = ANY ('{9,5,12,4,1,10}'::integer[]))",
                              "Rows Removed by Filter": 1027262
                            }
                          ]
                        }
                      ]
                    },
                    {
                      "Node Type": "Hash",
                      "Parent Relationship": "Inner",
                      "Startup Cost": 40484.00,
                      "Total Cost": 40484.00,
                      "Plan Rows": 170600,
                      "Plan Width": 18,
                      "Actual Startup Time": 903.258,
                      "Actual Total Time": 903.258,
                      "Actual Rows": 170323,
                      "Actual Loops": 1,
                      "Hash Buckets": 65536,
                      "Original Hash Buckets": 65536,
                      "Hash Batches": 4,
                      "Original Hash Batches": 4,
                      "Peak Memory Usage": 2666,
                      "Plans": [
                        {
                          "Node Type": "Seq Scan",
                          "Parent Relationship": "Outer",
                          "Relation Name": "customer_address",
                          "Alias": "customer_address",
                          "Startup Cost": 0.00,
                          "Total Cost": 40484.00,
                          "Plan Rows": 170600,
                          "Plan Width": 18,
                          "Actual Startup Time": 0.016,
                          "Actual Total Time": 864.365,
                          "Actual Rows": 170323,
                          "Actual Loops": 1,
                          "Filter": "(ca_state = ANY ('{ND,WI,AL,NC,OK,MS,TN}'::bpchar[]))",
                          "Rows Removed by Filter": 829677
                        }
                      ]
                    }
                  ]
                },
                {
                  "Node Type": "Hash",
                  "Parent Relationship": "Inner",
                  "Startup Cost": 41036.00,
                  "Total Cost": 41036.00,
                  "Plan Rows": 1920800,
                  "Plan Width": 4,
                  "Actual Startup Time": 2324.926,
                  "Actual Total Time": 2324.926,
                  "Actual Rows": 1920800,
                  "Actual Loops": 1,
                  "Hash Buckets": 131072,
                  "Original Hash Buckets": 131072,
                  "Hash Batches": 32,
                  "Original Hash Batches": 32,
                  "Peak Memory Usage": 3143,
                  "Plans": [
                    {
                      "Node Type": "Seq Scan",
                      "Parent Relationship": "Outer",
                      "Relation Name": "customer_demographics",
                      "Alias": "cd2",
                      "Startup Cost": 0.00,
                      "Total Cost": 41036.00,
                      "Plan Rows": 1920800,
                      "Plan Width": 4,
                      "Actual Startup Time": 0.004,
                      "Actual Total Time": 1832.370,
                      "Actual Rows": 1920800,
                      "Actual Loops": 1
                    }
                  ]
                }
              ]
            },
            {
              "Node Type": "Hash",
              "Parent Relationship": "Inner",
              "Startup Cost": 15968.00,
              "Total Cost": 15968.00,
              "Plan Rows": 204000,
              "Plan Width": 4,
              "Actual Startup Time": 92.157,
              "Actual Total Time": 92.157,
              "Actual Rows": 204000,
              "Actual Loops": 1,
              "Hash Buckets": 131072,
              "Original Hash Buckets": 131072,
              "Hash Batches": 4,
              "Original Hash Batches": 4,
              "Peak Memory Usage": 2831,
              "Plans": [
                {
                  "Node Type": "Seq Scan",
                  "Parent Relationship": "Outer",
                  "Relation Name": "item",
                  "Alias": "item",
                  "Startup Cost": 0.00,
                  "Total Cost": 15968.00,
                  "Plan Rows": 204000,
                  "Plan Width": 4,
                  "Actual Startup Time": 0.002,
                  "Actual Total Time": 54.993,
                  "Actual Rows": 204000,
                  "Actual Loops": 1
                }
              ]
            }
          ]
        }
      ]
    },
    "Planning Time": 1.080,
    "Triggers": [
    ],
    "Execution Time": 246813.348
  }
]
