[
  {
    "Plan": {
      "Node Type": "Aggregate",
      "Strategy": "Hashed",
      "Startup Cost": 9546518.69,
      "Total Cost": 9546518.86,
      "Plan Rows": 17,
      "Plan Width": 4,
      "Actual Startup Time": 392039.301,
      "Actual Total Time": 392039.352,
      "Actual Rows": 558,
      "Actual Loops": 1,
      "Group Key": ["item.i_brand_id"],
      "Plans": [
        {
          "Node Type": "Hash Join",
          "Parent Relationship": "Outer",
          "Join Type": "Inner",
          "Startup Cost": 179089.52,
          "Total Cost": 9546514.11,
          "Plan Rows": 1833,
          "Plan Width": 4,
          "Actual Startup Time": 1087.272,
          "Actual Total Time": 392012.032,
          "Actual Rows": 153992,
          "Actual Loops": 1,
          "Hash Cond": "(customer.c_current_addr_sk = customer_address.ca_address_sk)",
          "Plans": [
            {
              "Node Type": "Hash Join",
              "Parent Relationship": "Outer",
              "Join Type": "Inner",
              "Startup Cost": 130948.51,
              "Total Cost": 9494424.90,
              "Plan Rows": 1833,
              "Plan Width": 8,
              "Actual Startup Time": 731.766,
              "Actual Total Time": 390758.306,
              "Actual Rows": 153992,
              "Actual Loops": 1,
              "Hash Cond": "(store_sales.ss_customer_sk = customer.c_customer_sk)",
              "Plans": [
                {
                  "Node Type": "Hash Join",
                  "Parent Relationship": "Outer",
                  "Join Type": "Inner",
                  "Startup Cost": 19050.54,
                  "Total Cost": 9374518.01,
                  "Plan Rows": 1919,
                  "Plan Width": 8,
                  "Actual Startup Time": 81.913,
                  "Actual Total Time": 386151.070,
                  "Actual Rows": 153992,
                  "Actual Loops": 1,
                  "Hash Cond": "(store_sales.ss_store_sk = store.s_store_sk)",
                  "Plans": [
                    {
                      "Node Type": "Hash Join",
                      "Parent Relationship": "Outer",
                      "Join Type": "Inner",
                      "Startup Cost": 19024.50,
                      "Total Cost": 9374465.23,
                      "Plan Rows": 2011,
                      "Plan Width": 12,
                      "Actual Startup Time": 77.794,
                      "Actual Total Time": 386013.855,
                      "Actual Rows": 153992,
                      "Actual Loops": 1,
                      "Hash Cond": "(store_sales.ss_item_sk = item.i_item_sk)",
                      "Plans": [
                        {
                          "Node Type": "Hash Join",
                          "Parent Relationship": "Outer",
                          "Join Type": "Inner",
                          "Startup Cost": 2501.11,
                          "Total Cost": 9357498.04,
                          "Plan Rows": 112985,
                          "Plan Width": 12,
                          "Actual Startup Time": 9.517,
                          "Actual Total Time": 383938.766,
                          "Actual Rows": 8397571,
                          "Actual Loops": 1,
                          "Hash Cond": "(store_sales.ss_sold_date_sk = date_dim.d_date_sk)",
                          "Plans": [
                            {
                              "Node Type": "Seq Scan",
                              "Parent Relationship": "Outer",
                              "Relation Name": "store_sales",
                              "Alias": "store_sales",
                              "Startup Cost": 0.00,
                              "Total Cost": 8273878.24,
                              "Plan Rows": 287997024,
                              "Plan Width": 16,
                              "Actual Startup Time": 0.010,
                              "Actual Total Time": 350599.018,
                              "Actual Rows": 262286141,
                              "Actual Loops": 1
                            },
                            {
                              "Node Type": "Hash",
                              "Parent Relationship": "Inner",
                              "Startup Cost": 2500.73,
                              "Total Cost": 2500.73,
                              "Plan Rows": 30,
                              "Plan Width": 4,
                              "Actual Startup Time": 9.271,
                              "Actual Total Time": 9.271,
                              "Actual Rows": 30,
                              "Actual Loops": 1,
                              "Hash Buckets": 1024,
                              "Original Hash Buckets": 1024,
                              "Hash Batches": 1,
                              "Original Hash Batches": 1,
                              "Peak Memory Usage": 10,
                              "Plans": [
                                {
                                  "Node Type": "Seq Scan",
                                  "Parent Relationship": "Outer",
                                  "Relation Name": "date_dim",
                                  "Alias": "date_dim",
                                  "Startup Cost": 0.00,
                                  "Total Cost": 2500.73,
                                  "Plan Rows": 30,
                                  "Plan Width": 4,
                                  "Actual Startup Time": 4.818,
                                  "Actual Total Time": 9.257,
                                  "Actual Rows": 30,
                                  "Actual Loops": 1,
                                  "Filter": "((d_moy = 11) AND (d_year = 1999))",
                                  "Rows Removed by Filter": 73019
                                }
                              ]
                            }
                          ]
                        },
                        {
                          "Node Type": "Hash",
                          "Parent Relationship": "Inner",
                          "Startup Cost": 16478.00,
                          "Total Cost": 16478.00,
                          "Plan Rows": 3631,
                          "Plan Width": 8,
                          "Actual Startup Time": 68.109,
                          "Actual Total Time": 68.109,
                          "Actual Rows": 3679,
                          "Actual Loops": 1,
                          "Hash Buckets": 4096,
                          "Original Hash Buckets": 4096,
                          "Hash Batches": 1,
                          "Original Hash Batches": 1,
                          "Peak Memory Usage": 176,
                          "Plans": [
                            {
                              "Node Type": "Seq Scan",
                              "Parent Relationship": "Outer",
                              "Relation Name": "item",
                              "Alias": "item",
                              "Startup Cost": 0.00,
                              "Total Cost": 16478.00,
                              "Plan Rows": 3631,
                              "Plan Width": 8,
                              "Actual Startup Time": 0.020,
                              "Actual Total Time": 67.430,
                              "Actual Rows": 3679,
                              "Actual Loops": 1,
                              "Filter": "(i_manager_id = 7)",
                              "Rows Removed by Filter": 200321
                            }
                          ]
                        }
                      ]
                    },
                    {
                      "Node Type": "Hash",
                      "Parent Relationship": "Inner",
                      "Startup Cost": 21.02,
                      "Total Cost": 21.02,
                      "Plan Rows": 402,
                      "Plan Width": 4,
                      "Actual Startup Time": 4.105,
                      "Actual Total Time": 4.105,
                      "Actual Rows": 402,
                      "Actual Loops": 1,
                      "Hash Buckets": 1024,
                      "Original Hash Buckets": 1024,
                      "Hash Batches": 1,
                      "Original Hash Batches": 1,
                      "Peak Memory Usage": 23,
                      "Plans": [
                        {
                          "Node Type": "Seq Scan",
                          "Parent Relationship": "Outer",
                          "Relation Name": "store",
                          "Alias": "store",
                          "Startup Cost": 0.00,
                          "Total Cost": 21.02,
                          "Plan Rows": 402,
                          "Plan Width": 4,
                          "Actual Startup Time": 0.002,
                          "Actual Total Time": 4.028,
                          "Actual Rows": 402,
                          "Actual Loops": 1
                        }
                      ]
                    }
                  ]
                },
                {
                  "Node Type": "Hash",
                  "Parent Relationship": "Inner",
                  "Startup Cost": 78445.21,
                  "Total Cost": 78445.21,
                  "Plan Rows": 2039021,
                  "Plan Width": 8,
                  "Actual Startup Time": 647.733,
                  "Actual Total Time": 647.733,
                  "Actual Rows": 2000000,
                  "Actual Loops": 1,
                  "Hash Buckets": 131072,
                  "Original Hash Buckets": 131072,
                  "Hash Batches": 32,
                  "Original Hash Batches": 32,
                  "Peak Memory Usage": 3487,
                  "Plans": [
                    {
                      "Node Type": "Seq Scan",
                      "Parent Relationship": "Outer",
                      "Relation Name": "customer",
                      "Alias": "customer",
                      "Startup Cost": 0.00,
                      "Total Cost": 78445.21,
                      "Plan Rows": 2039021,
                      "Plan Width": 8,
                      "Actual Startup Time": 0.008,
                      "Actual Total Time": 365.867,
                      "Actual Rows": 2000000,
                      "Actual Loops": 1
                    }
                  ]
                }
              ]
            },
            {
              "Node Type": "Hash",
              "Parent Relationship": "Inner",
              "Startup Cost": 31734.00,
              "Total Cost": 31734.00,
              "Plan Rows": 1000000,
              "Plan Width": 4,
              "Actual Startup Time": 313.277,
              "Actual Total Time": 313.277,
              "Actual Rows": 1000000,
              "Actual Loops": 1,
              "Hash Buckets": 131072,
              "Original Hash Buckets": 131072,
              "Hash Batches": 16,
              "Original Hash Batches": 16,
              "Peak Memory Usage": 3227,
              "Plans": [
                {
                  "Node Type": "Seq Scan",
                  "Parent Relationship": "Outer",
                  "Relation Name": "customer_address",
                  "Alias": "customer_address",
                  "Startup Cost": 0.00,
                  "Total Cost": 31734.00,
                  "Plan Rows": 1000000,
                  "Plan Width": 4,
                  "Actual Startup Time": 0.021,
                  "Actual Total Time": 151.646,
                  "Actual Rows": 1000000,
                  "Actual Loops": 1
                }
              ]
            }
          ]
        }
      ]
    },
    "Planning Time": 252.466,
    "Triggers": [
    ],
    "Execution Time": 392039.543
  }
]
