[
  {
    "Plan": {
      "Node Type": "Aggregate",
      "Strategy": "Hashed",
      "Startup Cost": 10811066.12,
      "Total Cost": 10811066.14,
      "Plan Rows": 2,
      "Plan Width": 2,
      "Actual Startup Time": 483571.479,
      "Actual Total Time": 483571.480,
      "Actual Rows": 3,
      "Actual Loops": 1,
      "Group Key": ["customer.c_preferred_cust_flag"],
      "Plans": [
        {
          "Node Type": "Hash Join",
          "Parent Relationship": "Outer",
          "Join Type": "Inner",
          "Startup Cost": 118785.94,
          "Total Cost": 10467881.57,
          "Plan Rows": 137273821,
          "Plan Width": 2,
          "Actual Startup Time": 967.529,
          "Actual Total Time": 459807.073,
          "Actual Rows": 137579937,
          "Actual Loops": 1,
          "Hash Cond": "(catalog_sales.cs_sold_date_sk = date_dim.d_date_sk)",
          "Plans": [
            {
              "Node Type": "Hash Join",
              "Parent Relationship": "Outer",
              "Join Type": "Inner",
              "Startup Cost": 115737.34,
              "Total Cost": 8574817.76,
              "Plan Rows": 137940534,
              "Plan Width": 6,
              "Actual Startup Time": 944.485,
              "Actual Total Time": 432418.731,
              "Actual Rows": 137579937,
              "Actual Loops": 1,
              "Hash Cond": "(catalog_sales.cs_bill_customer_sk = customer.c_customer_sk)",
              "Plans": [
                {
                  "Node Type": "Seq Scan",
                  "Parent Relationship": "Outer",
                  "Relation Name": "catalog_sales",
                  "Alias": "catalog_sales",
                  "Startup Cost": 0.00,
                  "Total Cost": 5227045.72,
                  "Plan Rows": 143997072,
                  "Plan Width": 8,
                  "Actual Startup Time": 0.021,
                  "Actual Total Time": 308417.251,
                  "Actual Rows": 142569081,
                  "Actual Loops": 1
                },
                {
                  "Node Type": "Hash",
                  "Parent Relationship": "Inner",
                  "Startup Cost": 83542.76,
                  "Total Cost": 83542.76,
                  "Plan Rows": 1962286,
                  "Plan Width": 6,
                  "Actual Startup Time": 931.179,
                  "Actual Total Time": 931.179,
                  "Actual Rows": 1930014,
                  "Actual Loops": 1,
                  "Hash Buckets": 131072,
                  "Original Hash Buckets": 131072,
                  "Hash Batches": 32,
                  "Original Hash Batches": 32,
                  "Peak Memory Usage": 3394,
                  "Plans": [
                    {
                      "Node Type": "Seq Scan",
                      "Parent Relationship": "Outer",
                      "Relation Name": "customer",
                      "Alias": "customer",
                      "Startup Cost": 0.00,
                      "Total Cost": 83542.76,
                      "Plan Rows": 1962286,
                      "Plan Width": 6,
                      "Actual Startup Time": 0.018,
                      "Actual Total Time": 585.166,
                      "Actual Rows": 1930014,
                      "Actual Loops": 1,
                      "Filter": "(c_birth_year >= 1924)",
                      "Rows Removed by Filter": 69986
                    }
                  ]
                }
              ]
            },
            {
              "Node Type": "Hash",
              "Parent Relationship": "Inner",
              "Startup Cost": 2135.49,
              "Total Cost": 2135.49,
              "Plan Rows": 73049,
              "Plan Width": 4,
              "Actual Startup Time": 22.643,
              "Actual Total Time": 22.643,
              "Actual Rows": 73049,
              "Actual Loops": 1,
              "Hash Buckets": 131072,
              "Original Hash Buckets": 131072,
              "Hash Batches": 1,
              "Original Hash Batches": 1,
              "Peak Memory Usage": 3593,
              "Plans": [
                {
                  "Node Type": "Seq Scan",
                  "Parent Relationship": "Outer",
                  "Relation Name": "date_dim",
                  "Alias": "date_dim",
                  "Startup Cost": 0.00,
                  "Total Cost": 2135.49,
                  "Plan Rows": 73049,
                  "Plan Width": 4,
                  "Actual Startup Time": 0.003,
                  "Actual Total Time": 10.739,
                  "Actual Rows": 73049,
                  "Actual Loops": 1
                }
              ]
            }
          ]
        }
      ]
    },
    "Planning Time": 0.659,
    "Triggers": [
    ],
    "Execution Time": 483571.628
  }
]
