[
  {
    "Plan": {
      "Node Type": "Hash Join",
      "Join Type": "Inner",
      "Startup Cost": 2509.86,
      "Total Cost": 9383869.88,
      "Plan Rows": 2749294,
      "Plan Width": 10,
      "Actual Startup Time": 10.022,
      "Actual Total Time": 424673.320,
      "Actual Rows": 157106416,
      "Actual Loops": 1,
      "Hash Cond": "(store_sales.ss_sold_date_sk = date_dim.d_date_sk)",
      "Plans": [
        {
          "Node Type": "Seq Scan",
          "Parent Relationship": "Outer",
          "Relation Name": "store_sales",
          "Alias": "store_sales",
          "Startup Cost": 0.00,
          "Total Cost": 8273878.24,
          "Plan Rows": 287997024,
          "Plan Width": 14,
          "Actual Startup Time": 0.007,
          "Actual Total Time": 350143.640,
          "Actual Rows": 262286141,
          "Actual Loops": 1
        },
        {
          "Node Type": "Hash",
          "Parent Relationship": "Inner",
          "Startup Cost": 2500.73,
          "Total Cost": 2500.73,
          "Plan Rows": 730,
          "Plan Width": 4,
          "Actual Startup Time": 9.996,
          "Actual Total Time": 9.996,
          "Actual Rows": 1096,
          "Actual Loops": 1,
          "Hash Buckets": 2048,
          "Original Hash Buckets": 1024,
          "Hash Batches": 1,
          "Original Hash Batches": 1,
          "Peak Memory Usage": 55,
          "Plans": [
            {
              "Node Type": "Seq Scan",
              "Parent Relationship": "Outer",
              "Relation Name": "date_dim",
              "Alias": "date_dim",
              "Startup Cost": 0.00,
              "Total Cost": 2500.73,
              "Plan Rows": 730,
              "Plan Width": 4,
              "Actual Startup Time": 4.250,
              "Actual Total Time": 9.846,
              "Actual Rows": 1096,
              "Actual Loops": 1,
              "Filter": "((d_year >= 1998) AND (d_year <= 2000))",
              "Rows Removed by Filter": 71953
            }
          ]
        }
      ]
    },
    "Planning Time": 0.401,
    "Triggers": [
    ],
    "Execution Time": 431725.921
  }
]
