[
  {
    "Plan": {
      "Node Type": "Aggregate",
      "Strategy": "Hashed",
      "Startup Cost": 5509410.65,
      "Total Cost": 5509412.58,
      "Plan Rows": 193,
      "Plan Width": 56,
      "Actual Startup Time": 272881.800,
      "Actual Total Time": 272881.801,
      "Actual Rows": 1,
      "Actual Loops": 1,
      "Group Key": ["customer.c_login"],
      "Plans": [
        {
          "Node Type": "Hash Join",
          "Parent Relationship": "Outer",
          "Join Type": "Inner",
          "Startup Cost": 132199.94,
          "Total Cost": 5336245.17,
          "Plan Rows": 69266194,
          "Plan Width": 56,
          "Actual Startup Time": 1385.954,
          "Actual Total Time": 265550.875,
          "Actual Rows": 69449263,
          "Actual Loops": 1,
          "Hash Cond": "(web_sales.ws_sold_date_sk = date_dim.d_date_sk)",
          "Plans": [
            {
              "Node Type": "Hash Join",
              "Parent Relationship": "Outer",
              "Join Type": "Inner",
              "Startup Cost": 129151.34,
              "Total Cost": 4380734.44,
              "Plan Rows": 69280050,
              "Plan Width": 60,
              "Actual Startup Time": 1366.588,
              "Actual Total Time": 252381.825,
              "Actual Rows": 69449263,
              "Actual Loops": 1,
              "Hash Cond": "(web_sales.ws_bill_customer_sk = customer.c_customer_sk)",
              "Plans": [
                {
                  "Node Type": "Seq Scan",
                  "Parent Relationship": "Outer",
                  "Relation Name": "web_sales",
                  "Alias": "web_sales",
                  "Startup Cost": 0.00,
                  "Total Cost": 2615186.40,
                  "Plan Rows": 72001240,
                  "Plan Width": 8,
                  "Actual Startup Time": 0.021,
                  "Actual Total Time": 201508.218,
                  "Actual Rows": 71969891,
                  "Actual Loops": 1
                },
                {
                  "Node Type": "Hash",
                  "Parent Relationship": "Inner",
                  "Startup Cost": 83542.76,
                  "Total Cost": 83542.76,
                  "Plan Rows": 1962286,
                  "Plan Width": 60,
                  "Actual Startup Time": 979.885,
                  "Actual Total Time": 979.885,
                  "Actual Rows": 1930014,
                  "Actual Loops": 1,
                  "Hash Buckets": 65536,
                  "Original Hash Buckets": 65536,
                  "Hash Batches": 64,
                  "Original Hash Batches": 64,
                  "Peak Memory Usage": 1583,
                  "Plans": [
                    {
                      "Node Type": "Seq Scan",
                      "Parent Relationship": "Outer",
                      "Relation Name": "customer",
                      "Alias": "customer",
                      "Startup Cost": 0.00,
                      "Total Cost": 83542.76,
                      "Plan Rows": 1962286,
                      "Plan Width": 60,
                      "Actual Startup Time": 0.030,
                      "Actual Total Time": 565.483,
                      "Actual Rows": 1930014,
                      "Actual Loops": 1,
                      "Filter": "(c_birth_year >= 1924)",
                      "Rows Removed by Filter": 69986
                    }
                  ]
                }
              ]
            },
            {
              "Node Type": "Hash",
              "Parent Relationship": "Inner",
              "Startup Cost": 2135.49,
              "Total Cost": 2135.49,
              "Plan Rows": 73049,
              "Plan Width": 4,
              "Actual Startup Time": 19.012,
              "Actual Total Time": 19.012,
              "Actual Rows": 73049,
              "Actual Loops": 1,
              "Hash Buckets": 131072,
              "Original Hash Buckets": 131072,
              "Hash Batches": 1,
              "Original Hash Batches": 1,
              "Peak Memory Usage": 3593,
              "Plans": [
                {
                  "Node Type": "Seq Scan",
                  "Parent Relationship": "Outer",
                  "Relation Name": "date_dim",
                  "Alias": "date_dim",
                  "Startup Cost": 0.00,
                  "Total Cost": 2135.49,
                  "Plan Rows": 73049,
                  "Plan Width": 4,
                  "Actual Startup Time": 0.003,
                  "Actual Total Time": 9.408,
                  "Actual Rows": 73049,
                  "Actual Loops": 1
                }
              ]
            }
          ]
        }
      ]
    },
    "Planning Time": 0.427,
    "Triggers": [
    ],
    "Execution Time": 272881.937
  }
]
