[
  {
    "Plan": {
      "Node Type": "Aggregate",
      "Strategy": "Hashed",
      "Startup Cost": 162166.24,
      "Total Cost": 162197.73,
      "Plan Rows": 3149,
      "Plan Width": 11,
      "Actual Startup Time": 2836.980,
      "Actual Total Time": 2837.736,
      "Actual Rows": 6862,
      "Actual Loops": 1,
      "Group Key": ["customer_address.ca_zip"],
      "Plans": [
        {
          "Node Type": "Hash Join",
          "Parent Relationship": "Outer",
          "Join Type": "Inner",
          "Startup Cost": 51106.91,
          "Total Cost": 159833.82,
          "Plan Rows": 932967,
          "Plan Width": 11,
          "Actual Startup Time": 1777.272,
          "Actual Total Time": 2680.093,
          "Actual Rows": 917045,
          "Actual Loops": 1,
          "Hash Cond": "(customer.c_current_addr_sk = customer_address.ca_address_sk)",
          "Plans": [
            {
              "Node Type": "Seq Scan",
              "Parent Relationship": "Outer",
              "Relation Name": "customer",
              "Alias": "customer",
              "Startup Cost": 0.00,
              "Total Cost": 83542.76,
              "Plan Rows": 961194,
              "Plan Width": 4,
              "Actual Startup Time": 0.018,
              "Actual Total Time": 478.220,
              "Actual Rows": 945414,
              "Actual Loops": 1,
              "Filter": "(c_preferred_cust_flag = 'Y'::bpchar)",
              "Rows Removed by Filter": 1054586
            },
            {
              "Node Type": "Hash",
              "Parent Relationship": "Inner",
              "Startup Cost": 34234.00,
              "Total Cost": 34234.00,
              "Plan Rows": 970633,
              "Plan Width": 15,
              "Actual Startup Time": 1766.972,
              "Actual Total Time": 1766.972,
              "Actual Rows": 969869,
              "Actual Loops": 1,
              "Hash Buckets": 131072,
              "Original Hash Buckets": 131072,
              "Hash Batches": 16,
              "Original Hash Batches": 16,
              "Peak Memory Usage": 3861,
              "Plans": [
                {
                  "Node Type": "Seq Scan",
                  "Parent Relationship": "Outer",
                  "Relation Name": "customer_address",
                  "Alias": "customer_address",
                  "Startup Cost": 0.00,
                  "Total Cost": 34234.00,
                  "Plan Rows": 970633,
                  "Plan Width": 15,
                  "Actual Startup Time": 1.473,
                  "Actual Total Time": 1575.014,
                  "Actual Rows": 969869,
                  "Actual Loops": 1,
                  "Filter": "(ca_gmt_offset >= '-10.00'::numeric)",
                  "Rows Removed by Filter": 30131
                }
              ]
            }
          ]
        }
      ]
    },
    "Planning Time": 0.371,
    "Triggers": [
    ],
    "Execution Time": 2838.198
  }
]
