[
  {
    "Plan": {
      "Node Type": "Hash Join",
      "Join Type": "Inner",
      "Startup Cost": 2322.68,
      "Total Cost": 10888.20,
      "Plan Rows": 1387,
      "Plan Width": 220,
      "Actual Startup Time": 8.295,
      "Actual Total Time": 68.726,
      "Actual Rows": 31814,
      "Actual Loops": 1,
      "Hash Cond": "(store_returns.sr_returned_date_sk = date_dim.d_date_sk)",
      "Plans": [
        {
          "Node Type": "Seq Scan",
          "Parent Relationship": "Outer",
          "Relation Name": "store_returns",
          "Alias": "store_returns",
          "Startup Cost": 0.00,
          "Total Cost": 7511.02,
          "Plan Rows": 277502,
          "Plan Width": 102,
          "Actual Startup Time": 0.021,
          "Actual Total Time": 24.979,
          "Actual Rows": 277502,
          "Actual Loops": 1
        },
        {
          "Node Type": "Hash",
          "Parent Relationship": "Inner",
          "Startup Cost": 2318.11,
          "Total Cost": 2318.11,
          "Plan Rows": 365,
          "Plan Width": 118,
          "Actual Startup Time": 8.253,
          "Actual Total Time": 8.253,
          "Actual Rows": 365,
          "Actual Loops": 1,
          "Hash Buckets": 1024,
          "Hash Batches": 1,
          "Original Hash Batches": 1,
          "Peak Memory Usage": 55,
          "Plans": [
            {
              "Node Type": "Seq Scan",
              "Parent Relationship": "Outer",
              "Relation Name": "date_dim",
              "Alias": "date_dim",
              "Startup Cost": 0.00,
              "Total Cost": 2318.11,
              "Plan Rows": 365,
              "Plan Width": 118,
              "Actual Startup Time": 4.463,
              "Actual Total Time": 8.221,
              "Actual Rows": 365,
              "Actual Loops": 1,
              "Filter": "(d_year = 1998)",
              "Rows Removed by Filter": 72684
            }
          ]
        }
      ]
    },
    "Triggers": [
    ],
    "Total Runtime": 69.746
  }
]
