[
  {
    "Plan": {
      "Node Type": "Aggregate",
      "Strategy": "Hashed",
      "Startup Cost": 240134.88,
      "Total Cost": 240143.43,
      "Plan Rows": 855,
      "Plan Width": 35,
      "Actual Startup Time": 1830.523,
      "Actual Total Time": 1830.924,
      "Actual Rows": 2790,
      "Actual Loops": 1,
"Group Key":["w_warehouse_name" , "i_item_id"],
      "Plans": [
        {
          "Node Type": "Hash Join",
          "Parent Relationship": "Outer",
          "Join Type": "Inner",
          "Startup Cost": 4022.55,
          "Total Cost": 240130.60,
          "Plan Rows": 855,
          "Plan Width": 35,
          "Actual Startup Time": 1483.117,
          "Actual Total Time": 1820.519,
          "Actual Rows": 36270,
          "Actual Loops": 1,
          "Hash Cond": "(inventory.inv_warehouse_sk = warehouse.w_warehouse_sk)",
          "Plans": [
            {
              "Node Type": "Hash Join",
              "Parent Relationship": "Outer",
              "Join Type": "Inner",
              "Startup Cost": 4021.43,
              "Total Cost": 240117.73,
              "Plan Rows": 855,
              "Plan Width": 21,
              "Actual Startup Time": 1483.095,
              "Actual Total Time": 1814.071,
              "Actual Rows": 36270,
              "Actual Loops": 1,
              "Hash Cond": "(inventory.inv_item_sk = item.i_item_sk)",
              "Plans": [
                {
                  "Node Type": "Hash Join",
                  "Parent Relationship": "Outer",
                  "Join Type": "Inner",
                  "Startup Cost": 2501.83,
                  "Total Cost": 238536.52,
                  "Plan Rows": 14149,
                  "Plan Width": 8,
                  "Actual Startup Time": 1473.185,
                  "Actual Total Time": 1752.510,
                  "Actual Rows": 585000,
                  "Actual Loops": 1,
                  "Hash Cond": "(inventory.inv_date_sk = date_dim.d_date_sk)",
                  "Plans": [
                    {
                      "Node Type": "Seq Scan",
                      "Parent Relationship": "Outer",
                      "Relation Name": "inventory",
                      "Alias": "inventory",
                      "Startup Cost": 0.00,
                      "Total Cost": 191849.60,
                      "Plan Rows": 11744960,
                      "Plan Width": 12,
                      "Actual Startup Time": 0.016,
                      "Actual Total Time": 851.160,
                      "Actual Rows": 11745000,
                      "Actual Loops": 1
                    },
                    {
                      "Node Type": "Hash",
                      "Parent Relationship": "Inner",
                      "Startup Cost": 2500.73,
                      "Total Cost": 2500.73,
                      "Plan Rows": 88,
                      "Plan Width": 4,
                      "Actual Startup Time": 10.012,
                      "Actual Total Time": 10.012,
                      "Actual Rows": 90,
                      "Actual Loops": 1,
                      "Hash Buckets": 1024,
                      "Hash Batches": 1,
                      "Original Hash Batches": 1,
                      "Peak Memory Usage": 4,
                      "Plans": [
                        {
                          "Node Type": "Seq Scan",
                          "Parent Relationship": "Outer",
                          "Relation Name": "date_dim",
                          "Alias": "date_dim",
                          "Startup Cost": 0.00,
                          "Total Cost": 2500.73,
                          "Plan Rows": 88,
                          "Plan Width": 4,
                          "Actual Startup Time": 3.931,
                          "Actual Total Time": 9.983,
                          "Actual Rows": 90,
                          "Actual Loops": 1,
                          "Filter": "((d_date >= '2001-02-14'::date) AND (d_date <= '2001-05-14'::date))",
                          "Rows Removed by Filter": 72959
                        }
                      ]
                    }
                  ]
                },
                {
                  "Node Type": "Hash",
                  "Parent Relationship": "Inner",
                  "Startup Cost": 1506.00,
                  "Total Cost": 1506.00,
                  "Plan Rows": 1088,
                  "Plan Width": 21,
                  "Actual Startup Time": 9.897,
                  "Actual Total Time": 9.897,
                  "Actual Rows": 1104,
                  "Actual Loops": 1,
                  "Hash Buckets": 1024,
                  "Hash Batches": 1,
                  "Original Hash Batches": 1,
                  "Peak Memory Usage": 61,
                  "Plans": [
                    {
                      "Node Type": "Seq Scan",
                      "Parent Relationship": "Outer",
                      "Relation Name": "item",
                      "Alias": "item",
                      "Startup Cost": 0.00,
                      "Total Cost": 1506.00,
                      "Plan Rows": 1088,
                      "Plan Width": 21,
                      "Actual Startup Time": 0.006,
                      "Actual Total Time": 9.543,
                      "Actual Rows": 1104,
                      "Actual Loops": 1,
                      "Filter": "((i_current_price >= 0.99) AND (i_current_price <= 1.49))",
                      "Rows Removed by Filter": 16896
                    }
                  ]
                }
              ]
            },
            {
              "Node Type": "Hash",
              "Parent Relationship": "Inner",
              "Startup Cost": 1.05,
              "Total Cost": 1.05,
              "Plan Rows": 5,
              "Plan Width": 22,
              "Actual Startup Time": 0.007,
              "Actual Total Time": 0.007,
              "Actual Rows": 5,
              "Actual Loops": 1,
              "Hash Buckets": 1024,
              "Hash Batches": 1,
              "Original Hash Batches": 1,
              "Peak Memory Usage": 1,
              "Plans": [
                {
                  "Node Type": "Seq Scan",
                  "Parent Relationship": "Outer",
                  "Relation Name": "warehouse",
                  "Alias": "warehouse",
                  "Startup Cost": 0.00,
                  "Total Cost": 1.05,
                  "Plan Rows": 5,
                  "Plan Width": 22,
                  "Actual Startup Time": 0.003,
                  "Actual Total Time": 0.004,
                  "Actual Rows": 5,
                  "Actual Loops": 1
                }
              ]
            }
          ]
        }
      ]
    },
    "Triggers": [
    ],
    "Total Runtime": 1831.090
  }
]
