[
  {
    "Plan": {
      "Node Type": "Aggregate",
      "Strategy": "Hashed",
      "Partial Mode": "Simple",
      "Parallel Aware": false,
      "Startup Cost": 172496.20,
      "Total Cost": 172496.21,
      "Plan Rows": 1,
      "Plan Width": 19,
      "Actual Startup Time": 360.169,
      "Actual Total Time": 360.169,
      "Actual Rows": 0,
      "Actual Loops": 1,
      "Group Key": ["cn.cn1_name"],
      "Plans": [
        {
          "Node Type": "Hash Join",
          "Parent Relationship": "Outer",
          "Parallel Aware": false,
          "Join Type": "Inner",
          "Startup Cost": 81228.06,
          "Total Cost": 172496.19,
          "Plan Rows": 1,
          "Plan Width": 19,
          "Actual Startup Time": 360.168,
          "Actual Total Time": 360.169,
          "Actual Rows": 0,
          "Actual Loops": 1,
          "Hash Cond": "(t.t_id = mc.mc_movie_id)",
          "Plans": [
            {
              "Node Type": "Seq Scan",
              "Parent Relationship": "Outer",
              "Parallel Aware": false,
              "Relation Name": "title",
              "Alias": "t",
              "Startup Cost": 0.00,
              "Total Cost": 91057.10,
              "Plan Rows": 56273,
              "Plan Width": 4,
              "Actual Startup Time": 0.009,
              "Actual Total Time": 0.009,
              "Actual Rows": 1,
              "Actual Loops": 1,
              "Filter": "(t_production_year = 1998)",
              "Rows Removed by Filter": 15
            },
            {
              "Node Type": "Hash",
              "Parent Relationship": "Inner",
              "Parallel Aware": false,
              "Startup Cost": 81228.05,
              "Total Cost": 81228.05,
              "Plan Rows": 1,
              "Plan Width": 23,
              "Actual Startup Time": 360.156,
              "Actual Total Time": 360.156,
              "Actual Rows": 0,
              "Actual Loops": 1,
              "Hash Buckets": 1024,
              "Original Hash Buckets": 1024,
              "Hash Batches": 1,
              "Original Hash Batches": 1,
              "Peak Memory Usage": 8,
              "Plans": [
                {
                  "Node Type": "Hash Join",
                  "Parent Relationship": "Outer",
                  "Parallel Aware": false,
                  "Join Type": "Inner",
                  "Startup Cost": 72344.35,
                  "Total Cost": 81228.05,
                  "Plan Rows": 1,
                  "Plan Width": 23,
                  "Actual Startup Time": 360.156,
                  "Actual Total Time": 360.156,
                  "Actual Rows": 0,
                  "Actual Loops": 1,
                  "Hash Cond": "(cn.cn1_id = mc.mc_company_id)",
                  "Plans": [
                    {
                      "Node Type": "Seq Scan",
                      "Parent Relationship": "Outer",
                      "Parallel Aware": false,
                      "Relation Name": "company_name",
                      "Alias": "cn",
                      "Startup Cost": 0.00,
                      "Total Cost": 8107.93,
                      "Plan Rows": 206867,
                      "Plan Width": 23,
                      "Actual Startup Time": 0.005,
                      "Actual Total Time": 0.005,
                      "Actual Rows": 1,
                      "Actual Loops": 1,
                      "Filter": "(((cn1_country_code)::text < '[pl]'::text) OR ((cn1_country_code)::text > '[pl]'::text))",
                      "Rows Removed by Filter": 0
                    },
                    {
                      "Node Type": "Hash",
                      "Parent Relationship": "Inner",
                      "Parallel Aware": false,
                      "Startup Cost": 72344.34,
                      "Total Cost": 72344.34,
                      "Plan Rows": 1,
                      "Plan Width": 8,
                      "Actual Startup Time": 360.149,
                      "Actual Total Time": 360.149,
                      "Actual Rows": 0,
                      "Actual Loops": 1,
                      "Hash Buckets": 1024,
                      "Original Hash Buckets": 1024,
                      "Hash Batches": 1,
                      "Original Hash Batches": 1,
                      "Peak Memory Usage": 8,
                      "Plans": [
                        {
                          "Node Type": "Hash Join",
                          "Parent Relationship": "Outer",
                          "Parallel Aware": false,
                          "Join Type": "Inner",
                          "Startup Cost": 18.93,
                          "Total Cost": 72344.34,
                          "Plan Rows": 1,
                          "Plan Width": 8,
                          "Actual Startup Time": 360.149,
                          "Actual Total Time": 360.149,
                          "Actual Rows": 0,
                          "Actual Loops": 1,
                          "Hash Cond": "(mc.mc_company_type_id = ct.ct_id)",
                          "Plans": [
                            {
                              "Node Type": "Seq Scan",
                              "Parent Relationship": "Outer",
                              "Parallel Aware": false,
                              "Relation Name": "movie_companies",
                              "Alias": "mc",
                              "Startup Cost": 0.00,
                              "Total Cost": 72324.61,
                              "Plan Rows": 211,
                              "Plan Width": 12,
                              "Actual Startup Time": 360.148,
                              "Actual Total Time": 360.148,
                              "Actual Rows": 0,
                              "Actual Loops": 1,
                              "Filter": "(mc_note = 'EMPTYSTRING'::text)",
                              "Rows Removed by Filter": 3691809
                            },
                            {
                              "Node Type": "Hash",
                              "Parent Relationship": "Inner",
                              "Parallel Aware": false,
                              "Startup Cost": 18.88,
                              "Total Cost": 18.88,
                              "Plan Rows": 4,
                              "Plan Width": 4,
                              "Actual Startup Time": 0.000,
                              "Actual Total Time": 0.000,
                              "Actual Rows": 0,
                              "Actual Loops": 0,
                              "Plans": [
                                {
                                  "Node Type": "Seq Scan",
                                  "Parent Relationship": "Outer",
                                  "Parallel Aware": false,
                                  "Relation Name": "company_type",
                                  "Alias": "ct",
                                  "Startup Cost": 0.00,
                                  "Total Cost": 18.88,
                                  "Plan Rows": 4,
                                  "Plan Width": 4,
                                  "Actual Startup Time": 0.000,
                                  "Actual Total Time": 0.000,
                                  "Actual Rows": 0,
                                  "Actual Loops": 0,
                                  "Filter": "((ct_kind)::text = 'production companies'::text)",
                                  "Rows Removed by Filter": 0
                                }
                              ]
                            }
                          ]
                        }
                      ]
                    }
                  ]
                }
              ]
            }
          ]
        }
      ]
    },
    "Planning Time": 0.316,
    "Triggers": [
    ],
    "Execution Time": 360.204
  }
]
