[
  {
    "Plan": {
      "Node Type": "Aggregate",
      "Strategy": "Hashed",
      "Partial Mode": "Simple",
      "Parallel Aware": false,
      "Startup Cost": 181558.89,
      "Total Cost": 181766.88,
      "Plan Rows": 20799,
      "Plan Width": 13,
      "Actual Startup Time": 3654.630,
      "Actual Total Time": 3654.926,
      "Actual Rows": 1528,
      "Actual Loops": 1,
      "Group Key": ["t.t_production_year", "t.t_series_years"],
      "Plans": [
        {
          "Node Type": "Hash Join",
          "Parent Relationship": "Outer",
          "Parallel Aware": false,
          "Join Type": "Inner",
          "Startup Cost": 77426.28,
          "Total Cost": 181454.90,
          "Plan Rows": 20799,
          "Plan Width": 13,
          "Actual Startup Time": 1135.729,
          "Actual Total Time": 3318.392,
          "Actual Rows": 2057101,
          "Actual Loops": 1,
          "Hash Cond": "(t.t_id = mc.mc_movie_id)",
          "Plans": [
            {
              "Node Type": "Seq Scan",
              "Parent Relationship": "Outer",
              "Parallel Aware": false,
              "Relation Name": "title",
              "Alias": "t",
              "Startup Cost": 0.00,
              "Total Cost": 82548.08,
              "Plan Rows": 3403608,
              "Plan Width": 17,
              "Actual Startup Time": 0.006,
              "Actual Total Time": 371.019,
              "Actual Rows": 3403210,
              "Actual Loops": 1
            },
            {
              "Node Type": "Hash",
              "Parent Relationship": "Inner",
              "Parallel Aware": false,
              "Startup Cost": 77166.29,
              "Total Cost": 77166.29,
              "Plan Rows": 20799,
              "Plan Width": 4,
              "Actual Startup Time": 1135.382,
              "Actual Total Time": 1135.382,
              "Actual Rows": 2057101,
              "Actual Loops": 1,
              "Hash Buckets": 131072,
              "Original Hash Buckets": 32768,
              "Hash Batches": 32,
              "Original Hash Batches": 1,
              "Peak Memory Usage": 3299,
              "Plans": [
                {
                  "Node Type": "Hash Join",
                  "Parent Relationship": "Outer",
                  "Parallel Aware": false,
                  "Join Type": "Inner",
                  "Startup Cost": 18.93,
                  "Total Cost": 77166.29,
                  "Plan Rows": 20799,
                  "Plan Width": 4,
                  "Actual Startup Time": 268.621,
                  "Actual Total Time": 847.280,
                  "Actual Rows": 2057101,
                  "Actual Loops": 1,
                  "Hash Cond": "(mc.mc_company_type_id = ct.ct_id)",
                  "Plans": [
                    {
                      "Node Type": "Seq Scan",
                      "Parent Relationship": "Outer",
                      "Parallel Aware": false,
                      "Relation Name": "movie_companies",
                      "Alias": "mc",
                      "Startup Cost": 0.00,
                      "Total Cost": 63095.09,
                      "Plan Rows": 3691809,
                      "Plan Width": 8,
                      "Actual Startup Time": 0.019,
                      "Actual Total Time": 295.496,
                      "Actual Rows": 3691809,
                      "Actual Loops": 1
                    },
                    {
                      "Node Type": "Hash",
                      "Parent Relationship": "Inner",
                      "Parallel Aware": false,
                      "Startup Cost": 18.88,
                      "Total Cost": 18.88,
                      "Plan Rows": 4,
                      "Plan Width": 4,
                      "Actual Startup Time": 0.006,
                      "Actual Total Time": 0.006,
                      "Actual Rows": 1,
                      "Actual Loops": 1,
                      "Hash Buckets": 1024,
                      "Original Hash Buckets": 1024,
                      "Hash Batches": 1,
                      "Original Hash Batches": 1,
                      "Peak Memory Usage": 9,
                      "Plans": [
                        {
                          "Node Type": "Seq Scan",
                          "Parent Relationship": "Outer",
                          "Parallel Aware": false,
                          "Relation Name": "company_type",
                          "Alias": "ct",
                          "Startup Cost": 0.00,
                          "Total Cost": 18.88,
                          "Plan Rows": 4,
                          "Plan Width": 4,
                          "Actual Startup Time": 0.004,
                          "Actual Total Time": 0.005,
                          "Actual Rows": 1,
                          "Actual Loops": 1,
                          "Filter": "((ct_kind)::text = 'production companies'::text)",
                          "Rows Removed by Filter": 3
                        }
                      ]
                    }
                  ]
                }
              ]
            }
          ]
        }
      ]
    },
    "Planning Time": 0.170,
    "Triggers": [
    ],
    "Execution Time": 3655.044
  }
]
