[
  {
    "Plan": {
      "Node Type": "Aggregate",
      "Strategy": "Hashed",
      "Partial Mode": "Simple",
      "Parallel Aware": false,
      "Startup Cost": 234730.82,
      "Total Cost": 235029.19,
      "Plan Rows": 29837,
      "Plan Width": 13,
      "Actual Startup Time": 4550.734,
      "Actual Total Time": 4550.786,
      "Actual Rows": 96,
      "Actual Loops": 1,
      "Group Key": ["t.t_production_year", "t.t_series_years"],
      "Plans": [
        {
          "Node Type": "Hash Join",
          "Parent Relationship": "Outer",
          "Parallel Aware": false,
          "Join Type": "Inner",
          "Startup Cost": 140535.28,
          "Total Cost": 234581.64,
          "Plan Rows": 29837,
          "Plan Width": 13,
          "Actual Startup Time": 1226.285,
          "Actual Total Time": 4328.163,
          "Actual Rows": 1479085,
          "Actual Loops": 1,
          "Hash Cond": "(mc.mc_movie_id = t.t_id)",
          "Join Filter": "((((ct.ct_kind)::text = ANY ('{\"production companies\",distributors}'::text[])) AND (t.t_production_year > 2005)) OR (((ct.ct_kind)::text = ANY ('{\"special effects companies\",\"miscellaneous companies\"}'::text[])) AND (t.t_production_year < 2000)))",
          "Rows Removed by Join Filter": 1662299,
          "Plans": [
            {
              "Node Type": "Hash Join",
              "Parent Relationship": "Outer",
              "Parallel Aware": false,
              "Join Type": "Inner",
              "Startup Cost": 20.82,
              "Total Cost": 77688.16,
              "Plan Rows": 72796,
              "Plan Width": 86,
              "Actual Startup Time": 0.051,
              "Actual Total Time": 1059.984,
              "Actual Rows": 3691809,
              "Actual Loops": 1,
              "Hash Cond": "(mc.mc_company_type_id = ct.ct_id)",
              "Plans": [
                {
                  "Node Type": "Seq Scan",
                  "Parent Relationship": "Outer",
                  "Parallel Aware": false,
                  "Relation Name": "movie_companies",
                  "Alias": "mc",
                  "Startup Cost": 0.00,
                  "Total Cost": 63095.09,
                  "Plan Rows": 3691809,
                  "Plan Width": 8,
                  "Actual Startup Time": 0.035,
                  "Actual Total Time": 302.514,
                  "Actual Rows": 3691809,
                  "Actual Loops": 1
                },
                {
                  "Node Type": "Hash",
                  "Parent Relationship": "Inner",
                  "Parallel Aware": false,
                  "Startup Cost": 20.65,
                  "Total Cost": 20.65,
                  "Plan Rows": 14,
                  "Plan Width": 86,
                  "Actual Startup Time": 0.010,
                  "Actual Total Time": 0.010,
                  "Actual Rows": 4,
                  "Actual Loops": 1,
                  "Hash Buckets": 1024,
                  "Original Hash Buckets": 1024,
                  "Hash Batches": 1,
                  "Original Hash Batches": 1,
                  "Peak Memory Usage": 9,
                  "Plans": [
                    {
                      "Node Type": "Seq Scan",
                      "Parent Relationship": "Outer",
                      "Parallel Aware": false,
                      "Relation Name": "company_type",
                      "Alias": "ct",
                      "Startup Cost": 0.00,
                      "Total Cost": 20.65,
                      "Plan Rows": 14,
                      "Plan Width": 86,
                      "Actual Startup Time": 0.005,
                      "Actual Total Time": 0.006,
                      "Actual Rows": 4,
                      "Actual Loops": 1,
                      "Filter": "(((ct_kind)::text = ANY ('{\"production companies\",distributors}'::text[])) OR ((ct_kind)::text = ANY ('{\"special effects companies\",\"miscellaneous companies\"}'::text[])))",
                      "Rows Removed by Filter": 0
                    }
                  ]
                }
              ]
            },
            {
              "Node Type": "Hash",
              "Parent Relationship": "Inner",
              "Parallel Aware": false,
              "Startup Cost": 99566.12,
              "Total Cost": 99566.12,
              "Plan Rows": 2230347,
              "Plan Width": 17,
              "Actual Startup Time": 1225.887,
              "Actual Total Time": 1225.887,
              "Actual Rows": 2766475,
              "Actual Loops": 1,
              "Hash Buckets": 65536,
              "Original Hash Buckets": 65536,
              "Hash Batches": 64,
              "Original Hash Batches": 64,
              "Peak Memory Usage": 2218,
              "Plans": [
                {
                  "Node Type": "Seq Scan",
                  "Parent Relationship": "Outer",
                  "Parallel Aware": false,
                  "Relation Name": "title",
                  "Alias": "t",
                  "Startup Cost": 0.00,
                  "Total Cost": 99566.12,
                  "Plan Rows": 2230347,
                  "Plan Width": 17,
                  "Actual Startup Time": 0.017,
                  "Actual Total Time": 786.288,
                  "Actual Rows": 2766475,
                  "Actual Loops": 1,
                  "Filter": "((t_production_year > 2005) OR (t_production_year < 2000))",
                  "Rows Removed by Filter": 636735
                }
              ]
            }
          ]
        }
      ]
    },
    "Planning Time": 0.346,
    "Triggers": [
    ],
    "Execution Time": 4550.847
  }
]
