[
  {
    "Plan": {
      "Node Type": "Aggregate",
      "Strategy": "Hashed",
      "Partial Mode": "Simple",
      "Parallel Aware": false,
      "Startup Cost": 198172.04,
      "Total Cost": 198485.79,
      "Plan Rows": 31375,
      "Plan Width": 13,
      "Actual Startup Time": 1669.595,
      "Actual Total Time": 1669.695,
      "Actual Rows": 646,
      "Actual Loops": 1,
      "Group Key": ["t.t_production_year", "t.t_series_years"],
      "Plans": [
        {
          "Node Type": "Hash Join",
          "Parent Relationship": "Outer",
          "Parallel Aware": false,
          "Join Type": "Inner",
          "Startup Cost": 85247.91,
          "Total Cost": 197973.88,
          "Plan Rows": 39632,
          "Plan Width": 13,
          "Actual Startup Time": 704.672,
          "Actual Total Time": 1651.376,
          "Actual Rows": 82842,
          "Actual Loops": 1,
          "Hash Cond": "(t.t_id = mc.mc_movie_id)",
          "Plans": [
            {
              "Node Type": "Seq Scan",
              "Parent Relationship": "Outer",
              "Parallel Aware": false,
              "Relation Name": "title",
              "Alias": "t",
              "Startup Cost": 0.00,
              "Total Cost": 82548.08,
              "Plan Rows": 3403608,
              "Plan Width": 17,
              "Actual Startup Time": 0.006,
              "Actual Total Time": 354.654,
              "Actual Rows": 3403210,
              "Actual Loops": 1
            },
            {
              "Node Type": "Hash",
              "Parent Relationship": "Inner",
              "Parallel Aware": false,
              "Startup Cost": 84752.51,
              "Total Cost": 84752.51,
              "Plan Rows": 39632,
              "Plan Width": 4,
              "Actual Startup Time": 704.588,
              "Actual Total Time": 704.588,
              "Actual Rows": 82842,
              "Actual Loops": 1,
              "Hash Buckets": 131072,
              "Original Hash Buckets": 65536,
              "Hash Batches": 1,
              "Original Hash Batches": 1,
              "Peak Memory Usage": 3937,
              "Plans": [
                {
                  "Node Type": "Hash Join",
                  "Parent Relationship": "Outer",
                  "Parallel Aware": false,
                  "Join Type": "Inner",
                  "Startup Cost": 7416.81,
                  "Total Cost": 84752.51,
                  "Plan Rows": 39632,
                  "Plan Width": 4,
                  "Actual Startup Time": 38.001,
                  "Actual Total Time": 688.415,
                  "Actual Rows": 82842,
                  "Actual Loops": 1,
                  "Hash Cond": "(mc.mc_company_id = cn.cn1_id)",
                  "Plans": [
                    {
                      "Node Type": "Seq Scan",
                      "Parent Relationship": "Outer",
                      "Parallel Aware": false,
                      "Relation Name": "movie_companies",
                      "Alias": "mc",
                      "Startup Cost": 0.00,
                      "Total Cost": 63095.09,
                      "Plan Rows": 3691809,
                      "Plan Width": 8,
                      "Actual Startup Time": 0.017,
                      "Actual Total Time": 289.273,
                      "Actual Rows": 3691809,
                      "Actual Loops": 1
                    },
                    {
                      "Node Type": "Hash",
                      "Parent Relationship": "Inner",
                      "Parallel Aware": false,
                      "Startup Cost": 7377.61,
                      "Total Cost": 7377.61,
                      "Plan Rows": 3136,
                      "Plan Width": 4,
                      "Actual Startup Time": 37.971,
                      "Actual Total Time": 37.971,
                      "Actual Rows": 3017,
                      "Actual Loops": 1,
                      "Hash Buckets": 4096,
                      "Original Hash Buckets": 4096,
                      "Hash Batches": 1,
                      "Original Hash Batches": 1,
                      "Peak Memory Usage": 139,
                      "Plans": [
                        {
                          "Node Type": "Seq Scan",
                          "Parent Relationship": "Outer",
                          "Parallel Aware": false,
                          "Relation Name": "company_name",
                          "Alias": "cn",
                          "Startup Cost": 0.00,
                          "Total Cost": 7377.61,
                          "Plan Rows": 3136,
                          "Plan Width": 4,
                          "Actual Startup Time": 0.018,
                          "Actual Total Time": 37.364,
                          "Actual Rows": 3017,
                          "Actual Loops": 1,
                          "Filter": "((cn1_country_code)::text = '[nl]'::text)",
                          "Rows Removed by Filter": 289112
                        }
                      ]
                    }
                  ]
                }
              ]
            }
          ]
        }
      ]
    },
    "Planning Time": 0.208,
    "Triggers": [
    ],
    "Execution Time": 1669.777
  }
]
