[
  {
    "Plan": {
      "Node Type": "Aggregate",
      "Strategy": "Hashed",
      "Partial Mode": "Simple",
      "Parallel Aware": false,
      "Startup Cost": 180897.58,
      "Total Cost": 180899.52,
      "Plan Rows": 194,
      "Plan Width": 5,
      "Actual Startup Time": 1256.188,
      "Actual Total Time": 1256.414,
      "Actual Rows": 2471,
      "Actual Loops": 1,
      "Group Key": ["t1.t_phonetic_code"],
      "Plans": [
        {
          "Node Type": "Hash Join",
          "Parent Relationship": "Outer",
          "Parallel Aware": false,
          "Join Type": "Inner",
          "Startup Cost": 85270.72,
          "Total Cost": 180897.09,
          "Plan Rows": 194,
          "Plan Width": 5,
          "Actual Startup Time": 645.442,
          "Actual Total Time": 1254.249,
          "Actual Rows": 6052,
          "Actual Loops": 1,
          "Hash Cond": "(t1.t_id = mc1.mc_movie_id)",
          "Plans": [
            {
              "Node Type": "Hash Join",
              "Parent Relationship": "Outer",
              "Parallel Aware": false,
              "Join Type": "Inner",
              "Startup Cost": 22.81,
              "Total Cost": 95501.26,
              "Plan Rows": 16684,
              "Plan Width": 9,
              "Actual Startup Time": 0.040,
              "Actual Total Time": 586.907,
              "Actual Rows": 120193,
              "Actual Loops": 1,
              "Hash Cond": "(t1.t_kind_id = kt1.kt_id)",
              "Plans": [
                {
                  "Node Type": "Seq Scan",
                  "Parent Relationship": "Outer",
                  "Parallel Aware": false,
                  "Relation Name": "title",
                  "Alias": "t1",
                  "Startup Cost": 0.00,
                  "Total Cost": 82548.08,
                  "Plan Rows": 3403608,
                  "Plan Width": 13,
                  "Actual Startup Time": 0.028,
                  "Actual Total Time": 298.906,
                  "Actual Rows": 3403210,
                  "Actual Loops": 1
                },
                {
                  "Node Type": "Hash",
                  "Parent Relationship": "Inner",
                  "Parallel Aware": false,
                  "Startup Cost": 22.75,
                  "Total Cost": 22.75,
                  "Plan Rows": 5,
                  "Plan Width": 4,
                  "Actual Startup Time": 0.006,
                  "Actual Total Time": 0.006,
                  "Actual Rows": 1,
                  "Actual Loops": 1,
                  "Hash Buckets": 1024,
                  "Original Hash Buckets": 1024,
                  "Hash Batches": 1,
                  "Original Hash Batches": 1,
                  "Peak Memory Usage": 9,
                  "Plans": [
                    {
                      "Node Type": "Seq Scan",
                      "Parent Relationship": "Outer",
                      "Parallel Aware": false,
                      "Relation Name": "kind_type",
                      "Alias": "kt1",
                      "Startup Cost": 0.00,
                      "Total Cost": 22.75,
                      "Plan Rows": 5,
                      "Plan Width": 4,
                      "Actual Startup Time": 0.004,
                      "Actual Total Time": 0.005,
                      "Actual Rows": 1,
                      "Actual Loops": 1,
                      "Filter": "((kt_kind)::text = 'tv series'::text)",
                      "Rows Removed by Filter": 6
                    }
                  ]
                }
              ]
            },
            {
              "Node Type": "Hash",
              "Parent Relationship": "Inner",
              "Parallel Aware": false,
              "Startup Cost": 84752.51,
              "Total Cost": 84752.51,
              "Plan Rows": 39632,
              "Plan Width": 4,
              "Actual Startup Time": 645.221,
              "Actual Total Time": 645.221,
              "Actual Rows": 82842,
              "Actual Loops": 1,
              "Hash Buckets": 131072,
              "Original Hash Buckets": 65536,
              "Hash Batches": 1,
              "Original Hash Batches": 1,
              "Peak Memory Usage": 3937,
              "Plans": [
                {
                  "Node Type": "Hash Join",
                  "Parent Relationship": "Outer",
                  "Parallel Aware": false,
                  "Join Type": "Inner",
                  "Startup Cost": 7416.81,
                  "Total Cost": 84752.51,
                  "Plan Rows": 39632,
                  "Plan Width": 4,
                  "Actual Startup Time": 30.177,
                  "Actual Total Time": 630.349,
                  "Actual Rows": 82842,
                  "Actual Loops": 1,
                  "Hash Cond": "(mc1.mc_company_id = cn1.cn1_id)",
                  "Plans": [
                    {
                      "Node Type": "Seq Scan",
                      "Parent Relationship": "Outer",
                      "Parallel Aware": false,
                      "Relation Name": "movie_companies",
                      "Alias": "mc1",
                      "Startup Cost": 0.00,
                      "Total Cost": 63095.09,
                      "Plan Rows": 3691809,
                      "Plan Width": 8,
                      "Actual Startup Time": 0.010,
                      "Actual Total Time": 268.321,
                      "Actual Rows": 3691809,
                      "Actual Loops": 1
                    },
                    {
                      "Node Type": "Hash",
                      "Parent Relationship": "Inner",
                      "Parallel Aware": false,
                      "Startup Cost": 7377.61,
                      "Total Cost": 7377.61,
                      "Plan Rows": 3136,
                      "Plan Width": 4,
                      "Actual Startup Time": 30.157,
                      "Actual Total Time": 30.157,
                      "Actual Rows": 3017,
                      "Actual Loops": 1,
                      "Hash Buckets": 4096,
                      "Original Hash Buckets": 4096,
                      "Hash Batches": 1,
                      "Original Hash Batches": 1,
                      "Peak Memory Usage": 139,
                      "Plans": [
                        {
                          "Node Type": "Seq Scan",
                          "Parent Relationship": "Outer",
                          "Parallel Aware": false,
                          "Relation Name": "company_name",
                          "Alias": "cn1",
                          "Startup Cost": 0.00,
                          "Total Cost": 7377.61,
                          "Plan Rows": 3136,
                          "Plan Width": 4,
                          "Actual Startup Time": 0.016,
                          "Actual Total Time": 29.701,
                          "Actual Rows": 3017,
                          "Actual Loops": 1,
                          "Filter": "((cn1_country_code)::text = '[nl]'::text)",
                          "Rows Removed by Filter": 289112
                        }
                      ]
                    }
                  ]
                }
              ]
            }
          ]
        }
      ]
    },
    "Planning Time": 0.261,
    "Triggers": [
    ],
    "Execution Time": 1256.530
  }
]
