[
  {
    "Plan": {
      "Node Type": "Aggregate",
      "Strategy": "Hashed",
      "Partial Mode": "Simple",
      "Parallel Aware": false,
      "Startup Cost": 197667.33,
      "Total Cost": 197680.22,
      "Plan Rows": 1289,
      "Plan Width": 28,
      "Actual Startup Time": 1198.928,
      "Actual Total Time": 1198.933,
      "Actual Rows": 8,
      "Actual Loops": 1,
      "Group Key": ["mc.mc_note", "t.t_season_nr"],
      "Plans": [
        {
          "Node Type": "Hash Join",
          "Parent Relationship": "Outer",
          "Parallel Aware": false,
          "Join Type": "Inner",
          "Startup Cost": 119530.89,
          "Total Cost": 197660.88,
          "Plan Rows": 1289,
          "Plan Width": 28,
          "Actual Startup Time": 872.533,
          "Actual Total Time": 1198.878,
          "Actual Rows": 225,
          "Actual Loops": 1,
          "Hash Cond": "(mc.mc_company_id = cn.cn1_id)",
          "Plans": [
            {
              "Node Type": "Hash Join",
              "Parent Relationship": "Outer",
              "Parallel Aware": false,
              "Join Type": "Inner",
              "Startup Cost": 108089.99,
              "Total Cost": 185042.25,
              "Plan Rows": 1289,
              "Plan Width": 32,
              "Actual Startup Time": 757.827,
              "Actual Total Time": 1110.882,
              "Actual Rows": 225,
              "Actual Loops": 1,
              "Hash Cond": "(mc.mc_movie_id = t.t_id)",
              "Plans": [
                {
                  "Node Type": "Seq Scan",
                  "Parent Relationship": "Outer",
                  "Parallel Aware": false,
                  "Relation Name": "movie_companies",
                  "Alias": "mc",
                  "Startup Cost": 0.00,
                  "Total Cost": 63095.09,
                  "Plan Rows": 3691809,
                  "Plan Width": 32,
                  "Actual Startup Time": 0.009,
                  "Actual Total Time": 310.167,
                  "Actual Rows": 3691809,
                  "Actual Loops": 1
                },
                {
                  "Node Type": "Hash",
                  "Parent Relationship": "Inner",
                  "Parallel Aware": false,
                  "Startup Cost": 108075.14,
                  "Total Cost": 108075.14,
                  "Plan Rows": 1188,
                  "Plan Width": 8,
                  "Actual Startup Time": 461.471,
                  "Actual Total Time": 461.471,
                  "Actual Rows": 1230,
                  "Actual Loops": 1,
                  "Hash Buckets": 2048,
                  "Original Hash Buckets": 2048,
                  "Hash Batches": 1,
                  "Original Hash Batches": 1,
                  "Peak Memory Usage": 65,
                  "Plans": [
                    {
                      "Node Type": "Seq Scan",
                      "Parent Relationship": "Outer",
                      "Parallel Aware": false,
                      "Relation Name": "title",
                      "Alias": "t",
                      "Startup Cost": 0.00,
                      "Total Cost": 108075.14,
                      "Plan Rows": 1188,
                      "Plan Width": 8,
                      "Actual Startup Time": 9.555,
                      "Actual Total Time": 461.037,
                      "Actual Rows": 1230,
                      "Actual Loops": 1,
                      "Filter": "((t_season_nr >= 18) AND (t_season_nr <= 25) AND (t_episode_nr >= 200))",
                      "Rows Removed by Filter": 3401980
                    }
                  ]
                }
              ]
            },
            {
              "Node Type": "Hash",
              "Parent Relationship": "Inner",
              "Parallel Aware": false,
              "Startup Cost": 6647.29,
              "Total Cost": 6647.29,
              "Plan Rows": 292129,
              "Plan Width": 4,
              "Actual Startup Time": 75.607,
              "Actual Total Time": 75.607,
              "Actual Rows": 292129,
              "Actual Loops": 1,
              "Hash Buckets": 131072,
              "Original Hash Buckets": 131072,
              "Hash Batches": 4,
              "Original Hash Batches": 4,
              "Peak Memory Usage": 3604,
              "Plans": [
                {
                  "Node Type": "Seq Scan",
                  "Parent Relationship": "Outer",
                  "Parallel Aware": false,
                  "Relation Name": "company_name",
                  "Alias": "cn",
                  "Startup Cost": 0.00,
                  "Total Cost": 6647.29,
                  "Plan Rows": 292129,
                  "Plan Width": 4,
                  "Actual Startup Time": 0.006,
                  "Actual Total Time": 32.442,
                  "Actual Rows": 292129,
                  "Actual Loops": 1
                }
              ]
            }
          ]
        }
      ]
    },
    "Planning Time": 0.210,
    "Triggers": [
    ],
    "Execution Time": 1198.970
  }
]
