[
  {
    "Plan": {
      "Node Type": "Aggregate",
      "Strategy": "Hashed",
      "Partial Mode": "Simple",
      "Parallel Aware": false,
      "Startup Cost": 67003.56,
      "Total Cost": 67003.57,
      "Plan Rows": 1,
      "Plan Width": 23,
      "Actual Startup Time": 1.560,
      "Actual Total Time": 1.560,
      "Actual Rows": 0,
      "Actual Loops": 1,
      "Group Key": ["customer_demographics.cd_marital_status", "customer_demographics.cd_education_status"],
      "Plans": [
        {
          "Node Type": "Nested Loop",
          "Parent Relationship": "Outer",
          "Parallel Aware": false,
          "Join Type": "Inner",
          "Startup Cost": 4373.32,
          "Total Cost": 67003.56,
          "Plan Rows": 1,
          "Plan Width": 23,
          "Actual Startup Time": 1.559,
          "Actual Total Time": 1.559,
          "Actual Rows": 0,
          "Actual Loops": 1,
          "Join Filter": "(customer.c_current_addr_sk = customer_address.ca_address_sk)",
          "Rows Removed by Join Filter": 0,
          "Plans": [
            {
              "Node Type": "Hash Join",
              "Parent Relationship": "Outer",
              "Parallel Aware": false,
              "Join Type": "Inner",
              "Startup Cost": 4373.32,
              "Total Cost": 65018.22,
              "Plan Rows": 1,
              "Plan Width": 27,
              "Actual Startup Time": 1.559,
              "Actual Total Time": 1.559,
              "Actual Rows": 0,
              "Actual Loops": 1,
              "Hash Cond": "(customer_demographics.cd_demo_sk = customer.c_current_cdemo_sk)",
              "Plans": [
                {
                  "Node Type": "Seq Scan",
                  "Parent Relationship": "Outer",
                  "Parallel Aware": false,
                  "Relation Name": "customer_demographics",
                  "Alias": "customer_demographics",
                  "Startup Cost": 0.00,
                  "Total Cost": 60244.00,
                  "Plan Rows": 106904,
                  "Plan Width": 27,
                  "Actual Startup Time": 0.030,
                  "Actual Total Time": 0.030,
                  "Actual Rows": 1,
                  "Actual Loops": 1,
                  "Filter": "(((cd_marital_status = 'M'::bpchar) AND (cd_education_status = 'Unknown'::bpchar)) OR ((cd_marital_status = 'W'::bpchar) AND (cd_education_status = 'Advanced Degree'::bpchar)))",
                  "Rows Removed by Filter": 56
                },
                {
                  "Node Type": "Hash",
                  "Parent Relationship": "Inner",
                  "Parallel Aware": false,
                  "Startup Cost": 4373.14,
                  "Total Cost": 4373.14,
                  "Plan Rows": 14,
                  "Plan Width": 8,
                  "Actual Startup Time": 1.515,
                  "Actual Total Time": 1.515,
                  "Actual Rows": 0,
                  "Actual Loops": 1,
                  "Hash Buckets": 1024,
                  "Original Hash Buckets": 1024,
                  "Hash Batches": 1,
                  "Original Hash Batches": 1,
                  "Peak Memory Usage": 8,
                  "Plans": [
                    {
                      "Node Type": "Hash Join",
                      "Parent Relationship": "Outer",
                      "Parallel Aware": false,
                      "Join Type": "Inner",
                      "Startup Cost": 143.01,
                      "Total Cost": 4373.14,
                      "Plan Rows": 14,
                      "Plan Width": 8,
                      "Actual Startup Time": 1.515,
                      "Actual Total Time": 1.515,
                      "Actual Rows": 0,
                      "Actual Loops": 1,
                      "Hash Cond": "(customer.c_current_hdemo_sk = household_demographics.hd_demo_sk)",
                      "Plans": [
                        {
                          "Node Type": "Seq Scan",
                          "Parent Relationship": "Outer",
                          "Parallel Aware": false,
                          "Relation Name": "customer",
                          "Alias": "customer",
                          "Startup Cost": 0.00,
                          "Total Cost": 3855.00,
                          "Plan Rows": 100000,
                          "Plan Width": 12,
                          "Actual Startup Time": 0.004,
                          "Actual Total Time": 0.004,
                          "Actual Rows": 1,
                          "Actual Loops": 1
                        },
                        {
                          "Node Type": "Hash",
                          "Parent Relationship": "Inner",
                          "Parallel Aware": false,
                          "Startup Cost": 143.00,
                          "Total Cost": 143.00,
                          "Plan Rows": 1,
                          "Plan Width": 4,
                          "Actual Startup Time": 1.508,
                          "Actual Total Time": 1.508,
                          "Actual Rows": 0,
                          "Actual Loops": 1,
                          "Hash Buckets": 1024,
                          "Original Hash Buckets": 1024,
                          "Hash Batches": 1,
                          "Original Hash Batches": 1,
                          "Peak Memory Usage": 8,
                          "Plans": [
                            {
                              "Node Type": "Seq Scan",
                              "Parent Relationship": "Outer",
                              "Parallel Aware": false,
                              "Relation Name": "household_demographics",
                              "Alias": "household_demographics",
                              "Startup Cost": 0.00,
                              "Total Cost": 143.00,
                              "Plan Rows": 1,
                              "Plan Width": 4,
                              "Actual Startup Time": 1.508,
                              "Actual Total Time": 1.508,
                              "Actual Rows": 0,
                              "Actual Loops": 1,
                              "Filter": "(hd_buy_potential = 'gt1000'::bpchar)",
                              "Rows Removed by Filter": 7200
                            }
                          ]
                        }
                      ]
                    }
                  ]
                }
              ]
            },
            {
              "Node Type": "Seq Scan",
              "Parent Relationship": "Inner",
              "Parallel Aware": false,
              "Relation Name": "customer_address",
              "Alias": "customer_address",
              "Startup Cost": 0.00,
              "Total Cost": 1712.00,
              "Plan Rows": 21867,
              "Plan Width": 4,
              "Actual Startup Time": 0.000,
              "Actual Total Time": 0.000,
              "Actual Rows": 0,
              "Actual Loops": 0,
              "Filter": "(ca_gmt_offset = '-6'::numeric)",
              "Rows Removed by Filter": 0
            }
          ]
        }
      ]
    },
    "Planning Time": 0.617,
    "Triggers": [
    ],
    "Execution Time": 1.613
  }
]
