[
  {
    "Plan": {
      "Node Type": "Aggregate",
      "Strategy": "Hashed",
      "Partial Mode": "Simple",
      "Parallel Aware": false,
      "Startup Cost": 91041.06,
      "Total Cost": 91050.96,
      "Plan Rows": 990,
      "Plan Width": 102,
      "Actual Startup Time": 1266.532,
      "Actual Total Time": 1266.543,
      "Actual Rows": 121,
      "Actual Loops": 1,
      "Group Key": ["item.i_category", "item.i_class"],
      "Plans": [
        {
          "Node Type": "Hash Join",
          "Parent Relationship": "Outer",
          "Parallel Aware": false,
          "Join Type": "Inner",
          "Startup Cost": 3965.04,
          "Total Cost": 90975.90,
          "Plan Rows": 13032,
          "Plan Width": 102,
          "Actual Startup Time": 20.112,
          "Actual Total Time": 981.047,
          "Actual Rows": 493018,
          "Actual Loops": 1,
          "Hash Cond": "(store_sales.ss_store_sk = store.s_store_sk)",
          "Plans": [
            {
              "Node Type": "Hash Join",
              "Parent Relationship": "Outer",
              "Parallel Aware": false,
              "Join Type": "Inner",
              "Startup Cost": 3963.65,
              "Total Cost": 90795.32,
              "Plan Rows": 13032,
              "Plan Width": 106,
              "Actual Startup Time": 20.097,
              "Actual Total Time": 874.376,
              "Actual Rows": 493018,
              "Actual Loops": 1,
              "Hash Cond": "(store_sales.ss_item_sk = item.i_item_sk)",
              "Plans": [
                {
                  "Node Type": "Hash Join",
                  "Parent Relationship": "Outer",
                  "Parallel Aware": false,
                  "Join Type": "Inner",
                  "Startup Cost": 2322.65,
                  "Total Cost": 88975.13,
                  "Plan Rows": 13032,
                  "Plan Width": 8,
                  "Actual Startup Time": 12.637,
                  "Actual Total Time": 664.699,
                  "Actual Rows": 493018,
                  "Actual Loops": 1,
                  "Hash Cond": "(store_sales.ss_sold_date_sk = date_dim.d_date_sk)",
                  "Plans": [
                    {
                      "Node Type": "Seq Scan",
                      "Parent Relationship": "Outer",
                      "Parallel Aware": false,
                      "Relation Name": "store_sales",
                      "Alias": "store_sales",
                      "Startup Cost": 0.00,
                      "Total Cost": 76687.57,
                      "Plan Rows": 2622557,
                      "Plan Width": 12,
                      "Actual Startup Time": 0.021,
                      "Actual Total Time": 329.020,
                      "Actual Rows": 2485280,
                      "Actual Loops": 1
                    },
                    {
                      "Node Type": "Hash",
                      "Parent Relationship": "Inner",
                      "Parallel Aware": false,
                      "Startup Cost": 2318.11,
                      "Total Cost": 2318.11,
                      "Plan Rows": 363,
                      "Plan Width": 4,
                      "Actual Startup Time": 12.564,
                      "Actual Total Time": 12.564,
                      "Actual Rows": 365,
                      "Actual Loops": 1,
                      "Hash Buckets": 1024,
                      "Original Hash Buckets": 1024,
                      "Hash Batches": 1,
                      "Original Hash Batches": 1,
                      "Peak Memory Usage": 21,
                      "Plans": [
                        {
                          "Node Type": "Seq Scan",
                          "Parent Relationship": "Outer",
                          "Parallel Aware": false,
                          "Relation Name": "date_dim",
                          "Alias": "date_dim",
                          "Startup Cost": 0.00,
                          "Total Cost": 2318.11,
                          "Plan Rows": 363,
                          "Plan Width": 4,
                          "Actual Startup Time": 6.750,
                          "Actual Total Time": 12.497,
                          "Actual Rows": 365,
                          "Actual Loops": 1,
                          "Filter": "(d_year = 2001)",
                          "Rows Removed by Filter": 72684
                        }
                      ]
                    }
                  ]
                },
                {
                  "Node Type": "Hash",
                  "Parent Relationship": "Inner",
                  "Parallel Aware": false,
                  "Startup Cost": 1416.00,
                  "Total Cost": 1416.00,
                  "Plan Rows": 18000,
                  "Plan Width": 106,
                  "Actual Startup Time": 7.446,
                  "Actual Total Time": 7.446,
                  "Actual Rows": 18000,
                  "Actual Loops": 1,
                  "Hash Buckets": 32768,
                  "Original Hash Buckets": 32768,
                  "Hash Batches": 1,
                  "Original Hash Batches": 1,
                  "Peak Memory Usage": 2713,
                  "Plans": [
                    {
                      "Node Type": "Seq Scan",
                      "Parent Relationship": "Outer",
                      "Parallel Aware": false,
                      "Relation Name": "item",
                      "Alias": "item",
                      "Startup Cost": 0.00,
                      "Total Cost": 1416.00,
                      "Plan Rows": 18000,
                      "Plan Width": 106,
                      "Actual Startup Time": 0.002,
                      "Actual Total Time": 4.465,
                      "Actual Rows": 18000,
                      "Actual Loops": 1
                    }
                  ]
                }
              ]
            },
            {
              "Node Type": "Hash",
              "Parent Relationship": "Inner",
              "Parallel Aware": false,
              "Startup Cost": 1.24,
              "Total Cost": 1.24,
              "Plan Rows": 12,
              "Plan Width": 4,
              "Actual Startup Time": 0.011,
              "Actual Total Time": 0.011,
              "Actual Rows": 12,
              "Actual Loops": 1,
              "Hash Buckets": 1024,
              "Original Hash Buckets": 1024,
              "Hash Batches": 1,
              "Original Hash Batches": 1,
              "Peak Memory Usage": 9,
              "Plans": [
                {
                  "Node Type": "Seq Scan",
                  "Parent Relationship": "Outer",
                  "Parallel Aware": false,
                  "Relation Name": "store",
                  "Alias": "store",
                  "Startup Cost": 0.00,
                  "Total Cost": 1.24,
                  "Plan Rows": 12,
                  "Plan Width": 4,
                  "Actual Startup Time": 0.005,
                  "Actual Total Time": 0.008,
                  "Actual Rows": 12,
                  "Actual Loops": 1,
                  "Filter": "(s_state = ANY ('{TN,TN,TN,TN,TN,TN,TN,TN}'::bpchar[]))",
                  "Rows Removed by Filter": 0
                }
              ]
            }
          ]
        }
      ]
    },
    "Planning Time": 0.214,
    "Triggers": [
    ],
    "Execution Time": 1266.587
  }
]
