[
  {
    "Plan": {
      "Node Type": "Aggregate",
      "Strategy": "Hashed",
      "Partial Mode": "Simple",
      "Parallel Aware": false,
      "Startup Cost": 91782.11,
      "Total Cost": 91807.86,
      "Plan Rows": 2575,
      "Plan Width": 13,
      "Actual Startup Time": 737.993,
      "Actual Total Time": 739.249,
      "Actual Rows": 9778,
      "Actual Loops": 1,
      "Group Key": ["store_sales.ss_ticket_number", "customer_address.ca_city"],
      "Plans": [
        {
          "Node Type": "Hash Join",
          "Parent Relationship": "Outer",
          "Parallel Aware": false,
          "Join Type": "Inner",
          "Startup Cost": 4992.79,
          "Total Cost": 91769.24,
          "Plan Rows": 2575,
          "Plan Width": 13,
          "Actual Startup Time": 27.742,
          "Actual Total Time": 708.296,
          "Actual Rows": 106629,
          "Actual Loops": 1,
          "Hash Cond": "(store_sales.ss_addr_sk = customer_address.ca_address_sk)",
          "Plans": [
            {
              "Node Type": "Hash Join",
              "Parent Relationship": "Outer",
              "Parallel Aware": false,
              "Join Type": "Inner",
              "Startup Cost": 2780.79,
              "Total Cost": 89521.83,
              "Plan Rows": 2575,
              "Plan Width": 8,
              "Actual Startup Time": 12.330,
              "Actual Total Time": 667.074,
              "Actual Rows": 106629,
              "Actual Loops": 1,
              "Hash Cond": "(store_sales.ss_store_sk = store.s_store_sk)",
              "Plans": [
                {
                  "Node Type": "Hash Join",
                  "Parent Relationship": "Outer",
                  "Parallel Aware": false,
                  "Join Type": "Inner",
                  "Startup Cost": 2779.46,
                  "Total Cost": 89484.22,
                  "Plan Rows": 2809,
                  "Plan Width": 12,
                  "Actual Startup Time": 12.305,
                  "Actual Total Time": 645.548,
                  "Actual Rows": 106629,
                  "Actual Loops": 1,
                  "Hash Cond": "(store_sales.ss_hdemo_sk = household_demographics.hd_demo_sk)",
                  "Plans": [
                    {
                      "Node Type": "Hash Join",
                      "Parent Relationship": "Outer",
                      "Parallel Aware": false,
                      "Join Type": "Inner",
                      "Startup Cost": 2595.96,
                      "Total Cost": 89230.49,
                      "Plan Rows": 11237,
                      "Plan Width": 16,
                      "Actual Startup Time": 11.020,
                      "Actual Total Time": 591.593,
                      "Actual Rows": 431300,
                      "Actual Loops": 1,
                      "Hash Cond": "(store_sales.ss_sold_date_sk = date_dim.d_date_sk)",
                      "Plans": [
                        {
                          "Node Type": "Seq Scan",
                          "Parent Relationship": "Outer",
                          "Parallel Aware": false,
                          "Relation Name": "store_sales",
                          "Alias": "store_sales",
                          "Startup Cost": 0.00,
                          "Total Cost": 76687.57,
                          "Plan Rows": 2622557,
                          "Plan Width": 20,
                          "Actual Startup Time": 0.026,
                          "Actual Total Time": 294.557,
                          "Actual Rows": 2485280,
                          "Actual Loops": 1
                        },
                        {
                          "Node Type": "Hash",
                          "Parent Relationship": "Inner",
                          "Parallel Aware": false,
                          "Startup Cost": 2592.05,
                          "Total Cost": 2592.05,
                          "Plan Rows": 313,
                          "Plan Width": 4,
                          "Actual Startup Time": 10.978,
                          "Actual Total Time": 10.978,
                          "Actual Rows": 314,
                          "Actual Loops": 1,
                          "Hash Buckets": 1024,
                          "Original Hash Buckets": 1024,
                          "Hash Batches": 1,
                          "Original Hash Batches": 1,
                          "Peak Memory Usage": 20,
                          "Plans": [
                            {
                              "Node Type": "Seq Scan",
                              "Parent Relationship": "Outer",
                              "Parallel Aware": false,
                              "Relation Name": "date_dim",
                              "Alias": "date_dim",
                              "Startup Cost": 0.00,
                              "Total Cost": 2592.05,
                              "Plan Rows": 313,
                              "Plan Width": 4,
                              "Actual Startup Time": 5.500,
                              "Actual Total Time": 10.932,
                              "Actual Rows": 314,
                              "Actual Loops": 1,
                              "Filter": "((d_dow = ANY ('{6,0}'::integer[])) AND (d_year = ANY ('{2000,2001,2002}'::integer[])))",
                              "Rows Removed by Filter": 72735
                            }
                          ]
                        }
                      ]
                    },
                    {
                      "Node Type": "Hash",
                      "Parent Relationship": "Inner",
                      "Parallel Aware": false,
                      "Startup Cost": 161.00,
                      "Total Cost": 161.00,
                      "Plan Rows": 1800,
                      "Plan Width": 4,
                      "Actual Startup Time": 1.281,
                      "Actual Total Time": 1.281,
                      "Actual Rows": 1800,
                      "Actual Loops": 1,
                      "Hash Buckets": 2048,
                      "Original Hash Buckets": 2048,
                      "Hash Batches": 1,
                      "Original Hash Batches": 1,
                      "Peak Memory Usage": 80,
                      "Plans": [
                        {
                          "Node Type": "Seq Scan",
                          "Parent Relationship": "Outer",
                          "Parallel Aware": false,
                          "Relation Name": "household_demographics",
                          "Alias": "household_demographics",
                          "Startup Cost": 0.00,
                          "Total Cost": 161.00,
                          "Plan Rows": 1800,
                          "Plan Width": 4,
                          "Actual Startup Time": 0.094,
                          "Actual Total Time": 1.061,
                          "Actual Rows": 1800,
                          "Actual Loops": 1,
                          "Filter": "((hd_dep_count = 8) OR (hd_vehicle_count = '-1'::integer))",
                          "Rows Removed by Filter": 5400
                        }
                      ]
                    }
                  ]
                },
                {
                  "Node Type": "Hash",
                  "Parent Relationship": "Inner",
                  "Parallel Aware": false,
                  "Startup Cost": 1.20,
                  "Total Cost": 1.20,
                  "Plan Rows": 11,
                  "Plan Width": 4,
                  "Actual Startup Time": 0.017,
                  "Actual Total Time": 0.017,
                  "Actual Rows": 12,
                  "Actual Loops": 1,
                  "Hash Buckets": 1024,
                  "Original Hash Buckets": 1024,
                  "Hash Batches": 1,
                  "Original Hash Batches": 1,
                  "Peak Memory Usage": 9,
                  "Plans": [
                    {
                      "Node Type": "Seq Scan",
                      "Parent Relationship": "Outer",
                      "Parallel Aware": false,
                      "Relation Name": "store",
                      "Alias": "store",
                      "Startup Cost": 0.00,
                      "Total Cost": 1.20,
                      "Plan Rows": 11,
                      "Plan Width": 4,
                      "Actual Startup Time": 0.010,
                      "Actual Total Time": 0.015,
                      "Actual Rows": 12,
                      "Actual Loops": 1,
                      "Filter": "((s_city)::text = ANY ('{Midway,Fairview,Fairview,Fairview,Fairview}'::text[]))",
                      "Rows Removed by Filter": 0
                    }
                  ]
                }
              ]
            },
            {
              "Node Type": "Hash",
              "Parent Relationship": "Inner",
              "Parallel Aware": false,
              "Startup Cost": 1587.00,
              "Total Cost": 1587.00,
              "Plan Rows": 50000,
              "Plan Width": 13,
              "Actual Startup Time": 15.386,
              "Actual Total Time": 15.386,
              "Actual Rows": 50000,
              "Actual Loops": 1,
              "Hash Buckets": 65536,
              "Original Hash Buckets": 65536,
              "Hash Batches": 1,
              "Original Hash Batches": 1,
              "Peak Memory Usage": 2807,
              "Plans": [
                {
                  "Node Type": "Seq Scan",
                  "Parent Relationship": "Outer",
                  "Parallel Aware": false,
                  "Relation Name": "customer_address",
                  "Alias": "customer_address",
                  "Startup Cost": 0.00,
                  "Total Cost": 1587.00,
                  "Plan Rows": 50000,
                  "Plan Width": 13,
                  "Actual Startup Time": 0.007,
                  "Actual Total Time": 7.687,
                  "Actual Rows": 50000,
                  "Actual Loops": 1
                }
              ]
            }
          ]
        }
      ]
    },
    "Planning Time": 28.396,
    "Triggers": [
    ],
    "Execution Time": 739.643
  }
]
