[
  {
    "Plan": {
      "Node Type": "Aggregate",
      "Strategy": "Hashed",
      "Partial Mode": "Simple",
      "Parallel Aware": false,
      "Startup Cost": 34248.96,
      "Total Cost": 34250.14,
      "Plan Rows": 118,
      "Plan Width": 70,
      "Actual Startup Time": 227.736,
      "Actual Total Time": 227.737,
      "Actual Rows": 5,
      "Actual Loops": 1,
      "Group Key": ["warehouse.w_warehouse_name", "warehouse.w_warehouse_sq_ft", "warehouse.w_city", "warehouse.w_county", "warehouse.w_state", "warehouse.w_country", "date_dim.d_year"],
      "Plans": [
        {
          "Node Type": "Hash Join",
          "Parent Relationship": "Outer",
          "Parallel Aware": false,
          "Join Type": "Inner",
          "Startup Cost": 5374.83,
          "Total Cost": 34246.89,
          "Plan Rows": 118,
          "Plan Width": 70,
          "Actual Startup Time": 24.801,
          "Actual Total Time": 223.388,
          "Actual Rows": 5941,
          "Actual Loops": 1,
          "Hash Cond": "(web_sales.ws_warehouse_sk = warehouse.w_warehouse_sk)",
          "Plans": [
            {
              "Node Type": "Hash Join",
              "Parent Relationship": "Outer",
              "Parallel Aware": false,
              "Join Type": "Inner",
              "Startup Cost": 5373.71,
              "Total Cost": 34244.16,
              "Plan Rows": 118,
              "Plan Width": 8,
              "Actual Startup Time": 24.785,
              "Actual Total Time": 221.515,
              "Actual Rows": 5941,
              "Actual Loops": 1,
              "Hash Cond": "(web_sales.ws_sold_time_sk = time_dim.t_time_sk)",
              "Plans": [
                {
                  "Node Type": "Hash Join",
                  "Parent Relationship": "Outer",
                  "Parallel Aware": false,
                  "Join Type": "Inner",
                  "Startup Cost": 2323.93,
                  "Total Cost": 31191.85,
                  "Plan Rows": 357,
                  "Plan Width": 12,
                  "Actual Startup Time": 10.347,
                  "Actual Total Time": 203.017,
                  "Actual Rows": 12858,
                  "Actual Loops": 1,
                  "Hash Cond": "(web_sales.ws_ship_mode_sk = ship_mode.sm_ship_mode_sk)",
                  "Plans": [
                    {
                      "Node Type": "Hash Join",
                      "Parent Relationship": "Outer",
                      "Parallel Aware": false,
                      "Join Type": "Inner",
                      "Startup Cost": 2322.65,
                      "Total Cost": 31173.61,
                      "Plan Rows": 3573,
                      "Plan Width": 16,
                      "Actual Startup Time": 10.305,
                      "Actual Total Time": 191.228,
                      "Actual Rows": 129314,
                      "Actual Loops": 1,
                      "Hash Cond": "(web_sales.ws_sold_date_sk = date_dim.d_date_sk)",
                      "Plans": [
                        {
                          "Node Type": "Seq Scan",
                          "Parent Relationship": "Outer",
                          "Parallel Aware": false,
                          "Relation Name": "web_sales",
                          "Alias": "web_sales",
                          "Startup Cost": 0.00,
                          "Total Cost": 26118.71,
                          "Plan Rows": 719071,
                          "Plan Width": 16,
                          "Actual Startup Time": 0.015,
                          "Actual Total Time": 94.298,
                          "Actual Rows": 648065,
                          "Actual Loops": 1
                        },
                        {
                          "Node Type": "Hash",
                          "Parent Relationship": "Inner",
                          "Parallel Aware": false,
                          "Startup Cost": 2318.11,
                          "Total Cost": 2318.11,
                          "Plan Rows": 363,
                          "Plan Width": 8,
                          "Actual Startup Time": 10.279,
                          "Actual Total Time": 10.279,
                          "Actual Rows": 365,
                          "Actual Loops": 1,
                          "Hash Buckets": 1024,
                          "Original Hash Buckets": 1024,
                          "Hash Batches": 1,
                          "Original Hash Batches": 1,
                          "Peak Memory Usage": 23,
                          "Plans": [
                            {
                              "Node Type": "Seq Scan",
                              "Parent Relationship": "Outer",
                              "Parallel Aware": false,
                              "Relation Name": "date_dim",
                              "Alias": "date_dim",
                              "Startup Cost": 0.00,
                              "Total Cost": 2318.11,
                              "Plan Rows": 363,
                              "Plan Width": 8,
                              "Actual Startup Time": 5.418,
                              "Actual Total Time": 10.227,
                              "Actual Rows": 365,
                              "Actual Loops": 1,
                              "Filter": "(d_year = 1999)",
                              "Rows Removed by Filter": 72684
                            }
                          ]
                        }
                      ]
                    },
                    {
                      "Node Type": "Hash",
                      "Parent Relationship": "Inner",
                      "Parallel Aware": false,
                      "Startup Cost": 1.25,
                      "Total Cost": 1.25,
                      "Plan Rows": 2,
                      "Plan Width": 4,
                      "Actual Startup Time": 0.010,
                      "Actual Total Time": 0.010,
                      "Actual Rows": 2,
                      "Actual Loops": 1,
                      "Hash Buckets": 1024,
                      "Original Hash Buckets": 1024,
                      "Hash Batches": 1,
                      "Original Hash Batches": 1,
                      "Peak Memory Usage": 9,
                      "Plans": [
                        {
                          "Node Type": "Seq Scan",
                          "Parent Relationship": "Outer",
                          "Parallel Aware": false,
                          "Relation Name": "ship_mode",
                          "Alias": "ship_mode",
                          "Startup Cost": 0.00,
                          "Total Cost": 1.25,
                          "Plan Rows": 2,
                          "Plan Width": 4,
                          "Actual Startup Time": 0.006,
                          "Actual Total Time": 0.009,
                          "Actual Rows": 2,
                          "Actual Loops": 1,
                          "Filter": "(sm_carrier = ANY ('{DIAMOND,ZOUROS}'::bpchar[]))",
                          "Rows Removed by Filter": 18
                        }
                      ]
                    }
                  ]
                },
                {
                  "Node Type": "Hash",
                  "Parent Relationship": "Inner",
                  "Parallel Aware": false,
                  "Startup Cost": 2693.00,
                  "Total Cost": 2693.00,
                  "Plan Rows": 28543,
                  "Plan Width": 4,
                  "Actual Startup Time": 14.416,
                  "Actual Total Time": 14.416,
                  "Actual Rows": 28801,
                  "Actual Loops": 1,
                  "Hash Buckets": 32768,
                  "Original Hash Buckets": 32768,
                  "Hash Batches": 1,
                  "Original Hash Batches": 1,
                  "Peak Memory Usage": 1269,
                  "Plans": [
                    {
                      "Node Type": "Seq Scan",
                      "Parent Relationship": "Outer",
                      "Parallel Aware": false,
                      "Relation Name": "time_dim",
                      "Alias": "time_dim",
                      "Startup Cost": 0.00,
                      "Total Cost": 2693.00,
                      "Plan Rows": 28543,
                      "Plan Width": 4,
                      "Actual Startup Time": 4.160,
                      "Actual Total Time": 11.038,
                      "Actual Rows": 28801,
                      "Actual Loops": 1,
                      "Filter": "((t_time >= 46185) AND (t_time <= 74985))",
                      "Rows Removed by Filter": 57599
                    }
                  ]
                }
              ]
            },
            {
              "Node Type": "Hash",
              "Parent Relationship": "Inner",
              "Parallel Aware": false,
              "Startup Cost": 1.05,
              "Total Cost": 1.05,
              "Plan Rows": 5,
              "Plan Width": 70,
              "Actual Startup Time": 0.011,
              "Actual Total Time": 0.011,
              "Actual Rows": 5,
              "Actual Loops": 1,
              "Hash Buckets": 1024,
              "Original Hash Buckets": 1024,
              "Hash Batches": 1,
              "Original Hash Batches": 1,
              "Peak Memory Usage": 9,
              "Plans": [
                {
                  "Node Type": "Seq Scan",
                  "Parent Relationship": "Outer",
                  "Parallel Aware": false,
                  "Relation Name": "warehouse",
                  "Alias": "warehouse",
                  "Startup Cost": 0.00,
                  "Total Cost": 1.05,
                  "Plan Rows": 5,
                  "Plan Width": 70,
                  "Actual Startup Time": 0.005,
                  "Actual Total Time": 0.007,
                  "Actual Rows": 5,
                  "Actual Loops": 1
                }
              ]
            }
          ]
        }
      ]
    },
    "Planning Time": 33.401,
    "Triggers": [
    ],
    "Execution Time": 227.810
  }
]
