[
  {
    "Plan": {
      "Node Type": "Aggregate",
      "Strategy": "Hashed",
      "Partial Mode": "Simple",
      "Parallel Aware": false,
      "Startup Cost": 114736.55,
      "Total Cost": 116306.74,
      "Plan Rows": 157019,
      "Plan Width": 19,
      "Actual Startup Time": 1057.803,
      "Actual Total Time": 1060.502,
      "Actual Rows": 10305,
      "Actual Loops": 1,
      "Group Key": ["customer_address.ca_state", "customer_demographics.cd_gender", "customer_demographics.cd_marital_status", "customer_demographics.cd_dep_count", "customer_demographics.cd_dep_employed_count", "customer_demographics.cd_dep_college_count"],
      "Plans": [
        {
          "Node Type": "Hash Join",
          "Parent Relationship": "Outer",
          "Parallel Aware": false,
          "Join Type": "Inner",
          "Startup Cost": 77720.61,
          "Total Cost": 112381.26,
          "Plan Rows": 157019,
          "Plan Width": 19,
          "Actual Startup Time": 738.843,
          "Actual Total Time": 987.200,
          "Actual Rows": 163511,
          "Actual Loops": 1,
          "Hash Cond": "(web_sales.ws_sold_date_sk = date_dim.d_date_sk)",
          "Plans": [
            {
              "Node Type": "Hash Join",
              "Parent Relationship": "Outer",
              "Parallel Aware": false,
              "Join Type": "Inner",
              "Startup Cost": 74941.38,
              "Total Cost": 106865.86,
              "Plan Rows": 310926,
              "Plan Width": 23,
              "Actual Startup Time": 713.488,
              "Actual Total Time": 915.047,
              "Actual Rows": 273950,
              "Actual Loops": 1,
              "Hash Cond": "(web_sales.ws_bill_customer_sk = customer.c_customer_sk)",
              "Plans": [
                {
                  "Node Type": "Seq Scan",
                  "Parent Relationship": "Outer",
                  "Parallel Aware": false,
                  "Relation Name": "web_sales",
                  "Alias": "web_sales",
                  "Startup Cost": 0.00,
                  "Total Cost": 26118.71,
                  "Plan Rows": 719071,
                  "Plan Width": 8,
                  "Actual Startup Time": 0.008,
                  "Actual Total Time": 68.817,
                  "Actual Rows": 648025,
                  "Actual Loops": 1
                },
                {
                  "Node Type": "Hash",
                  "Parent Relationship": "Inner",
                  "Parallel Aware": false,
                  "Startup Cost": 74400.88,
                  "Total Cost": 74400.88,
                  "Plan Rows": 43240,
                  "Plan Width": 23,
                  "Actual Startup Time": 713.185,
                  "Actual Total Time": 713.185,
                  "Actual Rows": 40158,
                  "Actual Loops": 1,
                  "Hash Buckets": 65536,
                  "Original Hash Buckets": 65536,
                  "Hash Batches": 1,
                  "Original Hash Batches": 1,
                  "Peak Memory Usage": 2704,
                  "Plans": [
                    {
                      "Node Type": "Hash Join",
                      "Parent Relationship": "Outer",
                      "Parallel Aware": false,
                      "Join Type": "Inner",
                      "Startup Cost": 63298.93,
                      "Total Cost": 74400.88,
                      "Plan Rows": 43240,
                      "Plan Width": 23,
                      "Actual Startup Time": 565.055,
                      "Actual Total Time": 701.303,
                      "Actual Rows": 40158,
                      "Actual Loops": 1,
                      "Hash Cond": "(customer.c_current_addr_sk = customer_address.ca_address_sk)",
                      "Plans": [
                        {
                          "Node Type": "Hash Join",
                          "Parent Relationship": "Outer",
                          "Parallel Aware": false,
                          "Join Type": "Inner",
                          "Startup Cost": 61086.93,
                          "Total Cost": 71594.32,
                          "Plan Rows": 43240,
                          "Plan Width": 24,
                          "Actual Startup Time": 543.038,
                          "Actual Total Time": 661.260,
                          "Actual Rows": 40158,
                          "Actual Loops": 1,
                          "Hash Cond": "(customer.c_current_cdemo_sk = customer_demographics.cd_demo_sk)",
                          "Plans": [
                            {
                              "Node Type": "Seq Scan",
                              "Parent Relationship": "Outer",
                              "Parallel Aware": false,
                              "Relation Name": "customer",
                              "Alias": "customer",
                              "Startup Cost": 0.00,
                              "Total Cost": 3855.00,
                              "Plan Rows": 100000,
                              "Plan Width": 12,
                              "Actual Startup Time": 0.006,
                              "Actual Total Time": 17.319,
                              "Actual Rows": 94736,
                              "Actual Loops": 1
                            },
                            {
                              "Node Type": "Hash",
                              "Parent Relationship": "Inner",
                              "Parallel Aware": false,
                              "Startup Cost": 45838.00,
                              "Total Cost": 45838.00,
                              "Plan Rows": 830554,
                              "Plan Width": 20,
                              "Actual Startup Time": 538.706,
                              "Actual Total Time": 538.706,
                              "Actual Rows": 823200,
                              "Actual Loops": 1,
                              "Hash Buckets": 1048576,
                              "Original Hash Buckets": 1048576,
                              "Hash Batches": 2,
                              "Original Hash Batches": 2,
                              "Peak Memory Usage": 29107,
                              "Plans": [
                                {
                                  "Node Type": "Seq Scan",
                                  "Parent Relationship": "Outer",
                                  "Parallel Aware": false,
                                  "Relation Name": "customer_demographics",
                                  "Alias": "customer_demographics",
                                  "Startup Cost": 0.00,
                                  "Total Cost": 45838.00,
                                  "Plan Rows": 830554,
                                  "Plan Width": 20,
                                  "Actual Startup Time": 0.015,
                                  "Actual Total Time": 323.804,
                                  "Actual Rows": 823200,
                                  "Actual Loops": 1,
                                  "Filter": "(cd_dep_count <= 2)",
                                  "Rows Removed by Filter": 1097600
                                }
                              ]
                            }
                          ]
                        },
                        {
                          "Node Type": "Hash",
                          "Parent Relationship": "Inner",
                          "Parallel Aware": false,
                          "Startup Cost": 1587.00,
                          "Total Cost": 1587.00,
                          "Plan Rows": 50000,
                          "Plan Width": 7,
                          "Actual Startup Time": 21.738,
                          "Actual Total Time": 21.738,
                          "Actual Rows": 50000,
                          "Actual Loops": 1,
                          "Hash Buckets": 65536,
                          "Original Hash Buckets": 65536,
                          "Hash Batches": 1,
                          "Original Hash Batches": 1,
                          "Peak Memory Usage": 2460,
                          "Plans": [
                            {
                              "Node Type": "Seq Scan",
                              "Parent Relationship": "Outer",
                              "Parallel Aware": false,
                              "Relation Name": "customer_address",
                              "Alias": "customer_address",
                              "Startup Cost": 0.00,
                              "Total Cost": 1587.00,
                              "Plan Rows": 50000,
                              "Plan Width": 7,
                              "Actual Startup Time": 0.007,
                              "Actual Total Time": 11.198,
                              "Actual Rows": 50000,
                              "Actual Loops": 1
                            }
                          ]
                        }
                      ]
                    }
                  ]
                }
              ]
            },
            {
              "Node Type": "Hash",
              "Parent Relationship": "Inner",
              "Parallel Aware": false,
              "Startup Cost": 2318.11,
              "Total Cost": 2318.11,
              "Plan Rows": 36890,
              "Plan Width": 4,
              "Actual Startup Time": 25.211,
              "Actual Total Time": 25.211,
              "Actual Rows": 36889,
              "Actual Loops": 1,
              "Hash Buckets": 65536,
              "Original Hash Buckets": 65536,
              "Hash Batches": 1,
              "Original Hash Batches": 1,
              "Peak Memory Usage": 1809,
              "Plans": [
                {
                  "Node Type": "Seq Scan",
                  "Parent Relationship": "Outer",
                  "Parallel Aware": false,
                  "Relation Name": "date_dim",
                  "Alias": "date_dim",
                  "Startup Cost": 0.00,
                  "Total Cost": 2318.11,
                  "Plan Rows": 36890,
                  "Plan Width": 4,
                  "Actual Startup Time": 0.016,
                  "Actual Total Time": 16.489,
                  "Actual Rows": 36889,
                  "Actual Loops": 1,
                  "Filter": "(d_year < 2001)",
                  "Rows Removed by Filter": 36160
                }
              ]
            }
          ]
        }
      ]
    },
    "Planning Time": 0.896,
    "Triggers": [
    ],
    "Execution Time": 1061.502
  }
]
