[
  {
    "Plan": {
      "Node Type": "Aggregate",
      "Strategy": "Hashed",
      "Partial Mode": "Simple",
      "Parallel Aware": false,
      "Startup Cost": 93995.38,
      "Total Cost": 94117.44,
      "Plan Rows": 12206,
      "Plan Width": 56,
      "Actual Startup Time": 1149.421,
      "Actual Total Time": 1162.252,
      "Actual Rows": 44954,
      "Actual Loops": 1,
      "Group Key": ["customer.c_last_name", "customer.c_first_name", "date_dim.d_date"],
      "Plans": [
        {
          "Node Type": "Hash Join",
          "Parent Relationship": "Outer",
          "Parallel Aware": false,
          "Join Type": "Inner",
          "Startup Cost": 89301.78,
          "Total Cost": 93903.84,
          "Plan Rows": 12206,
          "Plan Width": 56,
          "Actual Startup Time": 716.994,
          "Actual Total Time": 929.491,
          "Actual Rows": 492322,
          "Actual Loops": 1,
          "Hash Cond": "(customer.c_customer_sk = store_sales.ss_customer_sk)",
          "Plans": [
            {
              "Node Type": "Seq Scan",
              "Parent Relationship": "Outer",
              "Parallel Aware": false,
              "Relation Name": "customer",
              "Alias": "customer",
              "Startup Cost": 0.00,
              "Total Cost": 3855.00,
              "Plan Rows": 100000,
              "Plan Width": 56,
              "Actual Startup Time": 0.006,
              "Actual Total Time": 10.348,
              "Actual Rows": 94736,
              "Actual Loops": 1
            },
            {
              "Node Type": "Hash",
              "Parent Relationship": "Inner",
              "Parallel Aware": false,
              "Startup Cost": 89149.20,
              "Total Cost": 89149.20,
              "Plan Rows": 12206,
              "Plan Width": 8,
              "Actual Startup Time": 716.879,
              "Actual Total Time": 716.879,
              "Actual Rows": 492322,
              "Actual Loops": 1,
              "Hash Buckets": 131072,
              "Original Hash Buckets": 16384,
              "Hash Batches": 8,
              "Original Hash Batches": 1,
              "Peak Memory Usage": 3392,
              "Plans": [
                {
                  "Node Type": "Hash Join",
                  "Parent Relationship": "Outer",
                  "Parallel Aware": false,
                  "Join Type": "Inner",
                  "Startup Cost": 2504.98,
                  "Total Cost": 89149.20,
                  "Plan Rows": 12206,
                  "Plan Width": 8,
                  "Actual Startup Time": 9.646,
                  "Actual Total Time": 624.118,
                  "Actual Rows": 492322,
                  "Actual Loops": 1,
                  "Hash Cond": "(store_sales.ss_sold_date_sk = date_dim.d_date_sk)",
                  "Plans": [
                    {
                      "Node Type": "Seq Scan",
                      "Parent Relationship": "Outer",
                      "Parallel Aware": false,
                      "Relation Name": "store_sales",
                      "Alias": "store_sales",
                      "Startup Cost": 0.00,
                      "Total Cost": 76687.57,
                      "Plan Rows": 2622557,
                      "Plan Width": 8,
                      "Actual Startup Time": 0.027,
                      "Actual Total Time": 307.764,
                      "Actual Rows": 2485280,
                      "Actual Loops": 1
                    },
                    {
                      "Node Type": "Hash",
                      "Parent Relationship": "Inner",
                      "Parallel Aware": false,
                      "Startup Cost": 2500.73,
                      "Total Cost": 2500.73,
                      "Plan Rows": 340,
                      "Plan Width": 8,
                      "Actual Startup Time": 9.605,
                      "Actual Total Time": 9.605,
                      "Actual Rows": 366,
                      "Actual Loops": 1,
                      "Hash Buckets": 1024,
                      "Original Hash Buckets": 1024,
                      "Hash Batches": 1,
                      "Original Hash Batches": 1,
                      "Peak Memory Usage": 23,
                      "Plans": [
                        {
                          "Node Type": "Seq Scan",
                          "Parent Relationship": "Outer",
                          "Parallel Aware": false,
                          "Relation Name": "date_dim",
                          "Alias": "date_dim",
                          "Startup Cost": 0.00,
                          "Total Cost": 2500.73,
                          "Plan Rows": 340,
                          "Plan Width": 8,
                          "Actual Startup Time": 4.285,
                          "Actual Total Time": 9.552,
                          "Actual Rows": 366,
                          "Actual Loops": 1,
                          "Filter": "((d_month_seq >= 1191) AND (d_month_seq <= 1202))",
                          "Rows Removed by Filter": 72683
                        }
                      ]
                    }
                  ]
                }
              ]
            }
          ]
        }
      ]
    },
    "Planning Time": 1.881,
    "Triggers": [
    ],
    "Execution Time": 1163.908
  }
]
