[
  {
    "Plan": {
      "Node Type": "Aggregate",
      "Strategy": "Hashed",
      "Partial Mode": "Simple",
      "Parallel Aware": false,
      "Startup Cost": 242345.24,
      "Total Cost": 242524.88,
      "Plan Rows": 17964,
      "Plan Width": 204,
      "Actual Startup Time": 4761.292,
      "Actual Total Time": 4763.473,
      "Actual Rows": 11998,
      "Actual Loops": 1,
      "Group Key": ["item.i_product_name", "item.i_brand", "item.i_class", "item.i_category"],
      "Plans": [
        {
          "Node Type": "Hash Join",
          "Parent Relationship": "Outer",
          "Parallel Aware": false,
          "Join Type": "Inner",
          "Startup Cost": 4146.62,
          "Total Cost": 241859.68,
          "Plan Rows": 48556,
          "Plan Width": 204,
          "Actual Startup Time": 605.275,
          "Actual Total Time": 2866.799,
          "Actual Rows": 2385000,
          "Actual Loops": 1,
          "Hash Cond": "(inventory.inv_warehouse_sk = warehouse.w_warehouse_sk)",
          "Plans": [
            {
              "Node Type": "Hash Join",
              "Parent Relationship": "Outer",
              "Parallel Aware": false,
              "Join Type": "Inner",
              "Startup Cost": 4145.51,
              "Total Cost": 241190.93,
              "Plan Rows": 48556,
              "Plan Width": 208,
              "Actual Startup Time": 605.264,
              "Actual Total Time": 2487.437,
              "Actual Rows": 2385000,
              "Actual Loops": 1,
              "Hash Cond": "(inventory.inv_item_sk = item.i_item_sk)",
              "Plans": [
                {
                  "Node Type": "Hash Join",
                  "Parent Relationship": "Outer",
                  "Parallel Aware": false,
                  "Join Type": "Inner",
                  "Startup Cost": 2504.51,
                  "Total Cost": 238882.28,
                  "Plan Rows": 48556,
                  "Plan Width": 8,
                  "Actual Startup Time": 595.363,
                  "Actual Total Time": 1848.603,
                  "Actual Rows": 2385000,
                  "Actual Loops": 1,
                  "Hash Cond": "(inventory.inv_date_sk = date_dim.d_date_sk)",
                  "Plans": [
                    {
                      "Node Type": "Seq Scan",
                      "Parent Relationship": "Outer",
                      "Parallel Aware": false,
                      "Relation Name": "inventory",
                      "Alias": "inventory",
                      "Startup Cost": 0.00,
                      "Total Cost": 191848.88,
                      "Plan Rows": 11744888,
                      "Plan Width": 12,
                      "Actual Startup Time": 0.006,
                      "Actual Total Time": 788.074,
                      "Actual Rows": 11745000,
                      "Actual Loops": 1
                    },
                    {
                      "Node Type": "Hash",
                      "Parent Relationship": "Inner",
                      "Parallel Aware": false,
                      "Startup Cost": 2500.73,
                      "Total Cost": 2500.73,
                      "Plan Rows": 302,
                      "Plan Width": 4,
                      "Actual Startup Time": 8.197,
                      "Actual Total Time": 8.197,
                      "Actual Rows": 366,
                      "Actual Loops": 1,
                      "Hash Buckets": 1024,
                      "Original Hash Buckets": 1024,
                      "Hash Batches": 1,
                      "Original Hash Batches": 1,
                      "Peak Memory Usage": 21,
                      "Plans": [
                        {
                          "Node Type": "Seq Scan",
                          "Parent Relationship": "Outer",
                          "Parallel Aware": false,
                          "Relation Name": "date_dim",
                          "Alias": "date_dim",
                          "Startup Cost": 0.00,
                          "Total Cost": 2500.73,
                          "Plan Rows": 302,
                          "Plan Width": 4,
                          "Actual Startup Time": 3.623,
                          "Actual Total Time": 8.150,
                          "Actual Rows": 366,
                          "Actual Loops": 1,
                          "Filter": "((d_month_seq >= 1199) AND (d_month_seq <= 1210))",
                          "Rows Removed by Filter": 72683
                        }
                      ]
                    }
                  ]
                },
                {
                  "Node Type": "Hash",
                  "Parent Relationship": "Inner",
                  "Parallel Aware": false,
                  "Startup Cost": 1416.00,
                  "Total Cost": 1416.00,
                  "Plan Rows": 18000,
                  "Plan Width": 208,
                  "Actual Startup Time": 9.881,
                  "Actual Total Time": 9.881,
                  "Actual Rows": 18000,
                  "Actual Loops": 1,
                  "Hash Buckets": 32768,
                  "Original Hash Buckets": 32768,
                  "Hash Batches": 1,
                  "Original Hash Batches": 1,
                  "Peak Memory Usage": 4467,
                  "Plans": [
                    {
                      "Node Type": "Seq Scan",
                      "Parent Relationship": "Outer",
                      "Parallel Aware": false,
                      "Relation Name": "item",
                      "Alias": "item",
                      "Startup Cost": 0.00,
                      "Total Cost": 1416.00,
                      "Plan Rows": 18000,
                      "Plan Width": 208,
                      "Actual Startup Time": 0.004,
                      "Actual Total Time": 5.347,
                      "Actual Rows": 18000,
                      "Actual Loops": 1
                    }
                  ]
                }
              ]
            },
            {
              "Node Type": "Hash",
              "Parent Relationship": "Inner",
              "Parallel Aware": false,
              "Startup Cost": 1.05,
              "Total Cost": 1.05,
              "Plan Rows": 5,
              "Plan Width": 4,
              "Actual Startup Time": 0.008,
              "Actual Total Time": 0.008,
              "Actual Rows": 5,
              "Actual Loops": 1,
              "Hash Buckets": 1024,
              "Original Hash Buckets": 1024,
              "Hash Batches": 1,
              "Original Hash Batches": 1,
              "Peak Memory Usage": 9,
              "Plans": [
                {
                  "Node Type": "Seq Scan",
                  "Parent Relationship": "Outer",
                  "Parallel Aware": false,
                  "Relation Name": "warehouse",
                  "Alias": "warehouse",
                  "Startup Cost": 0.00,
                  "Total Cost": 1.05,
                  "Plan Rows": 5,
                  "Plan Width": 4,
                  "Actual Startup Time": 0.004,
                  "Actual Total Time": 0.006,
                  "Actual Rows": 5,
                  "Actual Loops": 1
                }
              ]
            }
          ]
        }
      ]
    },
    "Planning Time": 0.237,
    "Triggers": [
    ],
    "Execution Time": 4763.939
  }
]
