[
  {
    "Plan": {
      "Node Type": "Aggregate",
      "Strategy": "Hashed",
      "Partial Mode": "Simple",
      "Parallel Aware": false,
      "Startup Cost": 90502.92,
      "Total Cost": 90503.11,
      "Plan Rows": 19,
      "Plan Width": 59,
      "Actual Startup Time": 546.914,
      "Actual Total Time": 546.916,
      "Actual Rows": 10,
      "Actual Loops": 1,
      "Group Key": ["date_dim.d_year", "item.i_category_id", "item.i_category"],
      "Plans": [
        {
          "Node Type": "Hash Join",
          "Parent Relationship": "Outer",
          "Parallel Aware": false,
          "Join Type": "Inner",
          "Startup Cost": 3966.11,
          "Total Cost": 90502.77,
          "Plan Rows": 19,
          "Plan Width": 59,
          "Actual Startup Time": 15.443,
          "Actual Total Time": 545.637,
          "Actual Rows": 1340,
          "Actual Loops": 1,
          "Hash Cond": "(store_sales.ss_item_sk = item.i_item_sk)",
          "Plans": [
            {
              "Node Type": "Hash Join",
              "Parent Relationship": "Outer",
              "Parallel Aware": false,
              "Join Type": "Inner",
              "Startup Cost": 2501.10,
              "Total Cost": 89033.67,
              "Plan Rows": 1041,
              "Plan Width": 8,
              "Actual Startup Time": 10.129,
              "Actual Total Time": 530.951,
              "Actual Rows": 78285,
              "Actual Loops": 1,
              "Hash Cond": "(store_sales.ss_sold_date_sk = date_dim.d_date_sk)",
              "Plans": [
                {
                  "Node Type": "Seq Scan",
                  "Parent Relationship": "Outer",
                  "Parallel Aware": false,
                  "Relation Name": "store_sales",
                  "Alias": "store_sales",
                  "Startup Cost": 0.00,
                  "Total Cost": 76687.57,
                  "Plan Rows": 2622557,
                  "Plan Width": 8,
                  "Actual Startup Time": 0.026,
                  "Actual Total Time": 297.887,
                  "Actual Rows": 2485280,
                  "Actual Loops": 1
                },
                {
                  "Node Type": "Hash",
                  "Parent Relationship": "Inner",
                  "Parallel Aware": false,
                  "Startup Cost": 2500.73,
                  "Total Cost": 2500.73,
                  "Plan Rows": 29,
                  "Plan Width": 8,
                  "Actual Startup Time": 9.899,
                  "Actual Total Time": 9.899,
                  "Actual Rows": 30,
                  "Actual Loops": 1,
                  "Hash Buckets": 1024,
                  "Original Hash Buckets": 1024,
                  "Hash Batches": 1,
                  "Original Hash Batches": 1,
                  "Peak Memory Usage": 10,
                  "Plans": [
                    {
                      "Node Type": "Seq Scan",
                      "Parent Relationship": "Outer",
                      "Parallel Aware": false,
                      "Relation Name": "date_dim",
                      "Alias": "date_dim",
                      "Startup Cost": 0.00,
                      "Total Cost": 2500.73,
                      "Plan Rows": 29,
                      "Plan Width": 8,
                      "Actual Startup Time": 5.212,
                      "Actual Total Time": 9.892,
                      "Actual Rows": 30,
                      "Actual Loops": 1,
                      "Filter": "((d_moy = 11) AND (d_year = 2001))",
                      "Rows Removed by Filter": 73019
                    }
                  ]
                }
              ]
            },
            {
              "Node Type": "Hash",
              "Parent Relationship": "Inner",
              "Parallel Aware": false,
              "Startup Cost": 1461.00,
              "Total Cost": 1461.00,
              "Plan Rows": 321,
              "Plan Width": 59,
              "Actual Startup Time": 5.307,
              "Actual Total Time": 5.307,
              "Actual Rows": 321,
              "Actual Loops": 1,
              "Hash Buckets": 1024,
              "Original Hash Buckets": 1024,
              "Hash Batches": 1,
              "Original Hash Batches": 1,
              "Peak Memory Usage": 37,
              "Plans": [
                {
                  "Node Type": "Seq Scan",
                  "Parent Relationship": "Outer",
                  "Parallel Aware": false,
                  "Relation Name": "item",
                  "Alias": "item",
                  "Startup Cost": 0.00,
                  "Total Cost": 1461.00,
                  "Plan Rows": 321,
                  "Plan Width": 59,
                  "Actual Startup Time": 0.020,
                  "Actual Total Time": 5.190,
                  "Actual Rows": 321,
                  "Actual Loops": 1,
                  "Filter": "(i_manager_id = 1)",
                  "Rows Removed by Filter": 17679
                }
              ]
            }
          ]
        }
      ]
    },
    "Planning Time": 0.211,
    "Triggers": [
    ],
    "Execution Time": 546.950
  }
]
