[
  {
    "Plan": {
      "Node Type": "Aggregate",
      "Strategy": "Hashed",
      "Partial Mode": "Simple",
      "Parallel Aware": false,
      "Startup Cost": 121043.36,
      "Total Cost": 121044.08,
      "Plan Rows": 72,
      "Plan Width": 48,
      "Actual Startup Time": 677.993,
      "Actual Total Time": 678.352,
      "Actual Rows": 2563,
      "Actual Loops": 1,
      "Group Key": ["item.i_item_id", "customer_address.ca_country", "customer_address.ca_state", "customer_address.ca_county"],
      "Plans": [
        {
          "Node Type": "Hash Join",
          "Parent Relationship": "Outer",
          "Parallel Aware": false,
          "Join Type": "Inner",
          "Startup Cost": 63739.19,
          "Total Cost": 121042.64,
          "Plan Rows": 72,
          "Plan Width": 48,
          "Actual Startup Time": 502.174,
          "Actual Total Time": 676.400,
          "Actual Rows": 2563,
          "Actual Loops": 1,
          "Hash Cond": "(catalog_sales.cs_item_sk = item.i_item_sk)",
          "Plans": [
            {
              "Node Type": "Hash Join",
              "Parent Relationship": "Outer",
              "Parallel Aware": false,
              "Join Type": "Inner",
              "Startup Cost": 62098.19,
              "Total Cost": 119400.65,
              "Plan Rows": 72,
              "Plan Width": 35,
              "Actual Startup Time": 494.647,
              "Actual Total Time": 667.747,
              "Actual Rows": 2563,
              "Actual Loops": 1,
              "Hash Cond": "(catalog_sales.cs_bill_customer_sk = customer.c_customer_sk)",
              "Plans": [
                {
                  "Node Type": "Hash Join",
                  "Parent Relationship": "Outer",
                  "Parallel Aware": false,
                  "Join Type": "Inner",
                  "Startup Cost": 54653.66,
                  "Total Cost": 111953.53,
                  "Plan Rows": 500,
                  "Plan Width": 8,
                  "Actual Startup Time": 439.116,
                  "Actual Total Time": 610.121,
                  "Actual Rows": 19369,
                  "Actual Loops": 1,
                  "Hash Cond": "(catalog_sales.cs_bill_cdemo_sk = customer_demographics.cd_demo_sk)",
                  "Plans": [
                    {
                      "Node Type": "Hash Join",
                      "Parent Relationship": "Outer",
                      "Parallel Aware": false,
                      "Join Type": "Inner",
                      "Startup Cost": 2322.65,
                      "Total Cost": 59590.92,
                      "Plan Rows": 7093,
                      "Plan Width": 12,
                      "Actual Startup Time": 136.672,
                      "Actual Total Time": 283.403,
                      "Actual Rows": 268715,
                      "Actual Loops": 1,
                      "Hash Cond": "(catalog_sales.cs_sold_date_sk = date_dim.d_date_sk)",
                      "Plans": [
                        {
                          "Node Type": "Seq Scan",
                          "Parent Relationship": "Outer",
                          "Parallel Aware": false,
                          "Relation Name": "catalog_sales",
                          "Alias": "catalog_sales",
                          "Startup Cost": 0.00,
                          "Total Cost": 51844.70,
                          "Plan Rows": 1427370,
                          "Plan Width": 16,
                          "Actual Startup Time": 0.006,
                          "Actual Total Time": 122.116,
                          "Actual Rows": 1343336,
                          "Actual Loops": 1
                        },
                        {
                          "Node Type": "Hash",
                          "Parent Relationship": "Inner",
                          "Parallel Aware": false,
                          "Startup Cost": 2318.11,
                          "Total Cost": 2318.11,
                          "Plan Rows": 363,
                          "Plan Width": 4,
                          "Actual Startup Time": 9.614,
                          "Actual Total Time": 9.614,
                          "Actual Rows": 365,
                          "Actual Loops": 1,
                          "Hash Buckets": 1024,
                          "Original Hash Buckets": 1024,
                          "Hash Batches": 1,
                          "Original Hash Batches": 1,
                          "Peak Memory Usage": 21,
                          "Plans": [
                            {
                              "Node Type": "Seq Scan",
                              "Parent Relationship": "Outer",
                              "Parallel Aware": false,
                              "Relation Name": "date_dim",
                              "Alias": "date_dim",
                              "Startup Cost": 0.00,
                              "Total Cost": 2318.11,
                              "Plan Rows": 363,
                              "Plan Width": 4,
                              "Actual Startup Time": 5.184,
                              "Actual Total Time": 9.548,
                              "Actual Rows": 365,
                              "Actual Loops": 1,
                              "Filter": "(d_year = 2001)",
                              "Rows Removed by Filter": 72684
                            }
                          ]
                        }
                      ]
                    },
                    {
                      "Node Type": "Hash",
                      "Parent Relationship": "Inner",
                      "Parallel Aware": false,
                      "Startup Cost": 50640.00,
                      "Total Cost": 50640.00,
                      "Plan Rows": 135281,
                      "Plan Width": 4,
                      "Actual Startup Time": 301.094,
                      "Actual Total Time": 301.094,
                      "Actual Rows": 137200,
                      "Actual Loops": 1,
                      "Hash Buckets": 262144,
                      "Original Hash Buckets": 262144,
                      "Hash Batches": 1,
                      "Original Hash Batches": 1,
                      "Peak Memory Usage": 6872,
                      "Plans": [
                        {
                          "Node Type": "Seq Scan",
                          "Parent Relationship": "Outer",
                          "Parallel Aware": false,
                          "Relation Name": "customer_demographics",
                          "Alias": "customer_demographics",
                          "Startup Cost": 0.00,
                          "Total Cost": 50640.00,
                          "Plan Rows": 135281,
                          "Plan Width": 4,
                          "Actual Startup Time": 0.016,
                          "Actual Total Time": 271.586,
                          "Actual Rows": 137200,
                          "Actual Loops": 1,
                          "Filter": "((cd_gender = 'F'::bpchar) AND (cd_education_status = '4 yr Degree'::bpchar))",
                          "Rows Removed by Filter": 1783600
                        }
                      ]
                    }
                  ]
                },
                {
                  "Node Type": "Hash",
                  "Parent Relationship": "Inner",
                  "Parallel Aware": false,
                  "Startup Cost": 7265.03,
                  "Total Cost": 7265.03,
                  "Plan Rows": 14360,
                  "Plan Width": 35,
                  "Actual Startup Time": 55.515,
                  "Actual Total Time": 55.515,
                  "Actual Rows": 14050,
                  "Actual Loops": 1,
                  "Hash Buckets": 16384,
                  "Original Hash Buckets": 16384,
                  "Hash Batches": 1,
                  "Original Hash Batches": 1,
                  "Peak Memory Usage": 1051,
                  "Plans": [
                    {
                      "Node Type": "Hash Join",
                      "Parent Relationship": "Outer",
                      "Parallel Aware": false,
                      "Join Type": "Inner",
                      "Startup Cost": 2334.71,
                      "Total Cost": 7265.03,
                      "Plan Rows": 14360,
                      "Plan Width": 35,
                      "Actual Startup Time": 19.750,
                      "Actual Total Time": 51.776,
                      "Actual Rows": 14050,
                      "Actual Loops": 1,
                      "Hash Cond": "(customer.c_current_addr_sk = customer_address.ca_address_sk)",
                      "Plans": [
                        {
                          "Node Type": "Seq Scan",
                          "Parent Relationship": "Outer",
                          "Parallel Aware": false,
                          "Relation Name": "customer",
                          "Alias": "customer",
                          "Startup Cost": 0.00,
                          "Total Cost": 4605.00,
                          "Plan Rows": 48457,
                          "Plan Width": 8,
                          "Actual Startup Time": 0.010,
                          "Actual Total Time": 22.443,
                          "Actual Rows": 47492,
                          "Actual Loops": 1,
                          "Filter": "(c_birth_month = ANY ('{1,3,4,5,6,8}'::integer[]))",
                          "Rows Removed by Filter": 47244
                        },
                        {
                          "Node Type": "Hash",
                          "Parent Relationship": "Inner",
                          "Parallel Aware": false,
                          "Startup Cost": 2149.50,
                          "Total Cost": 2149.50,
                          "Plan Rows": 14817,
                          "Plan Width": 35,
                          "Actual Startup Time": 19.725,
                          "Actual Total Time": 19.725,
                          "Actual Rows": 14811,
                          "Actual Loops": 1,
                          "Hash Buckets": 16384,
                          "Original Hash Buckets": 16384,
                          "Hash Batches": 1,
                          "Original Hash Batches": 1,
                          "Peak Memory Usage": 1124,
                          "Plans": [
                            {
                              "Node Type": "Seq Scan",
                              "Parent Relationship": "Outer",
                              "Parallel Aware": false,
                              "Relation Name": "customer_address",
                              "Alias": "customer_address",
                              "Startup Cost": 0.00,
                              "Total Cost": 2149.50,
                              "Plan Rows": 14817,
                              "Plan Width": 35,
                              "Actual Startup Time": 0.005,
                              "Actual Total Time": 16.329,
                              "Actual Rows": 14811,
                              "Actual Loops": 1,
                              "Filter": "(ca_state = ANY ('{TX,TN,IL,GA,MO,CO,OH,NM,NY}'::bpchar[]))",
                              "Rows Removed by Filter": 35189
                            }
                          ]
                        }
                      ]
                    }
                  ]
                }
              ]
            },
            {
              "Node Type": "Hash",
              "Parent Relationship": "Inner",
              "Parallel Aware": false,
              "Startup Cost": 1416.00,
              "Total Cost": 1416.00,
              "Plan Rows": 18000,
              "Plan Width": 21,
              "Actual Startup Time": 7.514,
              "Actual Total Time": 7.514,
              "Actual Rows": 18000,
              "Actual Loops": 1,
              "Hash Buckets": 32768,
              "Original Hash Buckets": 32768,
              "Hash Batches": 1,
              "Original Hash Batches": 1,
              "Peak Memory Usage": 1241,
              "Plans": [
                {
                  "Node Type": "Seq Scan",
                  "Parent Relationship": "Outer",
                  "Parallel Aware": false,
                  "Relation Name": "item",
                  "Alias": "item",
                  "Startup Cost": 0.00,
                  "Total Cost": 1416.00,
                  "Plan Rows": 18000,
                  "Plan Width": 21,
                  "Actual Startup Time": 0.005,
                  "Actual Total Time": 3.702,
                  "Actual Rows": 18000,
                  "Actual Loops": 1
                }
              ]
            }
          ]
        }
      ]
    },
    "Planning Time": 0.555,
    "Triggers": [
    ],
    "Execution Time": 678.498
  }
]
