[
  {
    "Plan": {
      "Node Type": "Aggregate",
      "Strategy": "Hashed",
      "Partial Mode": "Simple",
      "Parallel Aware": false,
      "Startup Cost": 93940.35,
      "Total Cost": 94048.77,
      "Plan Rows": 10842,
      "Plan Width": 56,
      "Actual Startup Time": 1097.516,
      "Actual Total Time": 1113.398,
      "Actual Rows": 45256,
      "Actual Loops": 1,
      "Group Key": ["customer.c_last_name", "customer.c_first_name", "date_dim.d_date"],
      "Plans": [
        {
          "Node Type": "Hash Join",
          "Parent Relationship": "Outer",
          "Parallel Aware": false,
          "Join Type": "Inner",
          "Startup Cost": 89270.61,
          "Total Cost": 93859.03,
          "Plan Rows": 10842,
          "Plan Width": 56,
          "Actual Startup Time": 709.469,
          "Actual Total Time": 898.770,
          "Actual Rows": 495555,
          "Actual Loops": 1,
          "Hash Cond": "(customer.c_customer_sk = store_sales.ss_customer_sk)",
          "Plans": [
            {
              "Node Type": "Seq Scan",
              "Parent Relationship": "Outer",
              "Parallel Aware": false,
              "Relation Name": "customer",
              "Alias": "customer",
              "Startup Cost": 0.00,
              "Total Cost": 3855.00,
              "Plan Rows": 100000,
              "Plan Width": 56,
              "Actual Startup Time": 0.004,
              "Actual Total Time": 10.550,
              "Actual Rows": 94736,
              "Actual Loops": 1
            },
            {
              "Node Type": "Hash",
              "Parent Relationship": "Inner",
              "Parallel Aware": false,
              "Startup Cost": 89135.09,
              "Total Cost": 89135.09,
              "Plan Rows": 10842,
              "Plan Width": 8,
              "Actual Startup Time": 709.359,
              "Actual Total Time": 709.359,
              "Actual Rows": 495555,
              "Actual Loops": 1,
              "Hash Buckets": 131072,
              "Original Hash Buckets": 16384,
              "Hash Batches": 8,
              "Original Hash Batches": 1,
              "Peak Memory Usage": 3431,
              "Plans": [
                {
                  "Node Type": "Hash Join",
                  "Parent Relationship": "Outer",
                  "Parallel Aware": false,
                  "Join Type": "Inner",
                  "Startup Cost": 2504.51,
                  "Total Cost": 89135.09,
                  "Plan Rows": 10842,
                  "Plan Width": 8,
                  "Actual Startup Time": 8.840,
                  "Actual Total Time": 616.976,
                  "Actual Rows": 495555,
                  "Actual Loops": 1,
                  "Hash Cond": "(store_sales.ss_sold_date_sk = date_dim.d_date_sk)",
                  "Plans": [
                    {
                      "Node Type": "Seq Scan",
                      "Parent Relationship": "Outer",
                      "Parallel Aware": false,
                      "Relation Name": "store_sales",
                      "Alias": "store_sales",
                      "Startup Cost": 0.00,
                      "Total Cost": 76687.57,
                      "Plan Rows": 2622557,
                      "Plan Width": 8,
                      "Actual Startup Time": 0.019,
                      "Actual Total Time": 304.025,
                      "Actual Rows": 2485280,
                      "Actual Loops": 1
                    },
                    {
                      "Node Type": "Hash",
                      "Parent Relationship": "Inner",
                      "Parallel Aware": false,
                      "Startup Cost": 2500.73,
                      "Total Cost": 2500.73,
                      "Plan Rows": 302,
                      "Plan Width": 8,
                      "Actual Startup Time": 8.807,
                      "Actual Total Time": 8.807,
                      "Actual Rows": 365,
                      "Actual Loops": 1,
                      "Hash Buckets": 1024,
                      "Original Hash Buckets": 1024,
                      "Hash Batches": 1,
                      "Original Hash Batches": 1,
                      "Peak Memory Usage": 23,
                      "Plans": [
                        {
                          "Node Type": "Seq Scan",
                          "Parent Relationship": "Outer",
                          "Parallel Aware": false,
                          "Relation Name": "date_dim",
                          "Alias": "date_dim",
                          "Startup Cost": 0.00,
                          "Total Cost": 2500.73,
                          "Plan Rows": 302,
                          "Plan Width": 8,
                          "Actual Startup Time": 3.858,
                          "Actual Total Time": 8.761,
                          "Actual Rows": 365,
                          "Actual Loops": 1,
                          "Filter": "((d_month_seq >= 1214) AND (d_month_seq <= 1225))",
                          "Rows Removed by Filter": 72684
                        }
                      ]
                    }
                  ]
                }
              ]
            }
          ]
        }
      ]
    },
    "Planning Time": 0.174,
    "Triggers": [
    ],
    "Execution Time": 1115.730
  }
]
