[
  {
    "Plan": {
      "Node Type": "Aggregate",
      "Strategy": "Hashed",
      "Partial Mode": "Simple",
      "Parallel Aware": false,
      "Startup Cost": 36551.56,
      "Total Cost": 36623.12,
      "Plan Rows": 7156,
      "Plan Width": 73,
      "Actual Startup Time": 505.277,
      "Actual Total Time": 510.267,
      "Actual Rows": 20388,
      "Actual Loops": 1,
      "Group Key": ["customer.c_customer_id", "customer.c_first_name", "customer.c_last_name", "date_dim.d_year"],
      "Plans": [
        {
          "Node Type": "Hash Join",
          "Parent Relationship": "Outer",
          "Parallel Aware": false,
          "Join Type": "Inner",
          "Startup Cost": 31303.44,
          "Total Cost": 36480.00,
          "Plan Rows": 7156,
          "Plan Width": 73,
          "Actual Startup Time": 270.906,
          "Actual Total Time": 383.736,
          "Actual Rows": 257810,
          "Actual Loops": 1,
          "Hash Cond": "(customer.c_customer_sk = web_sales.ws_bill_customer_sk)",
          "Plans": [
            {
              "Node Type": "Seq Scan",
              "Parent Relationship": "Outer",
              "Parallel Aware": false,
              "Relation Name": "customer",
              "Alias": "customer",
              "Startup Cost": 0.00,
              "Total Cost": 3855.00,
              "Plan Rows": 100000,
              "Plan Width": 73,
              "Actual Startup Time": 0.004,
              "Actual Total Time": 10.635,
              "Actual Rows": 94736,
              "Actual Loops": 1
            },
            {
              "Node Type": "Hash",
              "Parent Relationship": "Inner",
              "Parallel Aware": false,
              "Startup Cost": 31213.99,
              "Total Cost": 31213.99,
              "Plan Rows": 7156,
              "Plan Width": 8,
              "Actual Startup Time": 270.843,
              "Actual Total Time": 270.843,
              "Actual Rows": 257810,
              "Actual Loops": 1,
              "Hash Buckets": 131072,
              "Original Hash Buckets": 8192,
              "Hash Batches": 4,
              "Original Hash Batches": 1,
              "Peak Memory Usage": 3499,
              "Plans": [
                {
                  "Node Type": "Hash Join",
                  "Parent Relationship": "Outer",
                  "Parallel Aware": false,
                  "Join Type": "Inner",
                  "Startup Cost": 2327.20,
                  "Total Cost": 31213.99,
                  "Plan Rows": 7156,
                  "Plan Width": 8,
                  "Actual Startup Time": 10.039,
                  "Actual Total Time": 224.091,
                  "Actual Rows": 257810,
                  "Actual Loops": 1,
                  "Hash Cond": "(web_sales.ws_sold_date_sk = date_dim.d_date_sk)",
                  "Plans": [
                    {
                      "Node Type": "Seq Scan",
                      "Parent Relationship": "Outer",
                      "Parallel Aware": false,
                      "Relation Name": "web_sales",
                      "Alias": "web_sales",
                      "Startup Cost": 0.00,
                      "Total Cost": 26118.71,
                      "Plan Rows": 719071,
                      "Plan Width": 8,
                      "Actual Startup Time": 0.029,
                      "Actual Total Time": 100.270,
                      "Actual Rows": 648065,
                      "Actual Loops": 1
                    },
                    {
                      "Node Type": "Hash",
                      "Parent Relationship": "Inner",
                      "Parallel Aware": false,
                      "Startup Cost": 2318.11,
                      "Total Cost": 2318.11,
                      "Plan Rows": 727,
                      "Plan Width": 8,
                      "Actual Startup Time": 9.998,
                      "Actual Total Time": 9.998,
                      "Actual Rows": 730,
                      "Actual Loops": 1,
                      "Hash Buckets": 1024,
                      "Original Hash Buckets": 1024,
                      "Hash Batches": 1,
                      "Original Hash Batches": 1,
                      "Peak Memory Usage": 37,
                      "Plans": [
                        {
                          "Node Type": "Seq Scan",
                          "Parent Relationship": "Outer",
                          "Parallel Aware": false,
                          "Relation Name": "date_dim",
                          "Alias": "date_dim",
                          "Startup Cost": 0.00,
                          "Total Cost": 2318.11,
                          "Plan Rows": 727,
                          "Plan Width": 8,
                          "Actual Startup Time": 4.904,
                          "Actual Total Time": 9.912,
                          "Actual Rows": 730,
                          "Actual Loops": 1,
                          "Filter": "(d_year = ANY ('{1998,1999}'::integer[]))",
                          "Rows Removed by Filter": 72319
                        }
                      ]
                    }
                  ]
                }
              ]
            }
          ]
        }
      ]
    },
    "Planning Time": 0.208,
    "Triggers": [
    ],
    "Execution Time": 511.044
  }
]
