[
  {
    "Plan": {
      "Node Type": "Aggregate",
      "Strategy": "Hashed",
      "Partial Mode": "Simple",
      "Parallel Aware": false,
      "Startup Cost": 93489.31,
      "Total Cost": 93489.36,
      "Plan Rows": 5,
      "Plan Width": 63,
      "Actual Startup Time": 555.443,
      "Actual Total Time": 555.533,
      "Actual Rows": 599,
      "Actual Loops": 1,
      "Group Key": ["item.i_brand", "item.i_brand_id", "time_dim.t_hour", "time_dim.t_minute"],
      "Plans": [
        {
          "Node Type": "Hash Join",
          "Parent Relationship": "Outer",
          "Parallel Aware": false,
          "Join Type": "Inner",
          "Startup Cost": 6951.47,
          "Total Cost": 93489.26,
          "Plan Rows": 5,
          "Plan Width": 63,
          "Actual Startup Time": 40.059,
          "Actual Total Time": 554.550,
          "Actual Rows": 608,
          "Actual Loops": 1,
          "Hash Cond": "(store_sales.ss_sold_time_sk = time_dim.t_time_sk)",
          "Plans": [
            {
              "Node Type": "Hash Join",
              "Parent Relationship": "Outer",
              "Parallel Aware": false,
              "Join Type": "Inner",
              "Startup Cost": 3966.13,
              "Total Cost": 90503.80,
              "Plan Rows": 20,
              "Plan Width": 59,
              "Actual Startup Time": 18.186,
              "Actual Total Time": 531.988,
              "Actual Rows": 1546,
              "Actual Loops": 1,
              "Hash Cond": "(store_sales.ss_item_sk = item.i_item_sk)",
              "Plans": [
                {
                  "Node Type": "Hash Join",
                  "Parent Relationship": "Outer",
                  "Parallel Aware": false,
                  "Join Type": "Inner",
                  "Startup Cost": 2501.12,
                  "Total Cost": 89034.41,
                  "Plan Rows": 1113,
                  "Plan Width": 8,
                  "Actual Startup Time": 11.353,
                  "Actual Total Time": 516.920,
                  "Actual Rows": 85047,
                  "Actual Loops": 1,
                  "Hash Cond": "(store_sales.ss_sold_date_sk = date_dim.d_date_sk)",
                  "Plans": [
                    {
                      "Node Type": "Seq Scan",
                      "Parent Relationship": "Outer",
                      "Parallel Aware": false,
                      "Relation Name": "store_sales",
                      "Alias": "store_sales",
                      "Startup Cost": 0.00,
                      "Total Cost": 76687.57,
                      "Plan Rows": 2622557,
                      "Plan Width": 12,
                      "Actual Startup Time": 0.028,
                      "Actual Total Time": 289.909,
                      "Actual Rows": 2485280,
                      "Actual Loops": 1
                    },
                    {
                      "Node Type": "Hash",
                      "Parent Relationship": "Inner",
                      "Parallel Aware": false,
                      "Startup Cost": 2500.73,
                      "Total Cost": 2500.73,
                      "Plan Rows": 31,
                      "Plan Width": 4,
                      "Actual Startup Time": 11.276,
                      "Actual Total Time": 11.276,
                      "Actual Rows": 31,
                      "Actual Loops": 1,
                      "Hash Buckets": 1024,
                      "Original Hash Buckets": 1024,
                      "Hash Batches": 1,
                      "Original Hash Batches": 1,
                      "Peak Memory Usage": 10,
                      "Plans": [
                        {
                          "Node Type": "Seq Scan",
                          "Parent Relationship": "Outer",
                          "Parallel Aware": false,
                          "Relation Name": "date_dim",
                          "Alias": "date_dim",
                          "Startup Cost": 0.00,
                          "Total Cost": 2500.73,
                          "Plan Rows": 31,
                          "Plan Width": 4,
                          "Actual Startup Time": 5.816,
                          "Actual Total Time": 11.265,
                          "Actual Rows": 31,
                          "Actual Loops": 1,
                          "Filter": "((d_moy = 12) AND (d_year = 2002))",
                          "Rows Removed by Filter": 73018
                        }
                      ]
                    }
                  ]
                },
                {
                  "Node Type": "Hash",
                  "Parent Relationship": "Inner",
                  "Parallel Aware": false,
                  "Startup Cost": 1461.00,
                  "Total Cost": 1461.00,
                  "Plan Rows": 321,
                  "Plan Width": 59,
                  "Actual Startup Time": 5.696,
                  "Actual Total Time": 5.696,
                  "Actual Rows": 321,
                  "Actual Loops": 1,
                  "Hash Buckets": 1024,
                  "Original Hash Buckets": 1024,
                  "Hash Batches": 1,
                  "Original Hash Batches": 1,
                  "Peak Memory Usage": 37,
                  "Plans": [
                    {
                      "Node Type": "Seq Scan",
                      "Parent Relationship": "Outer",
                      "Parallel Aware": false,
                      "Relation Name": "item",
                      "Alias": "item",
                      "Startup Cost": 0.00,
                      "Total Cost": 1461.00,
                      "Plan Rows": 321,
                      "Plan Width": 59,
                      "Actual Startup Time": 0.027,
                      "Actual Total Time": 5.603,
                      "Actual Rows": 321,
                      "Actual Loops": 1,
                      "Filter": "(i_manager_id = 1)",
                      "Rows Removed by Filter": 17679
                    }
                  ]
                }
              ]
            },
            {
              "Node Type": "Hash",
              "Parent Relationship": "Inner",
              "Parallel Aware": false,
              "Startup Cost": 2693.00,
              "Total Cost": 2693.00,
              "Plan Rows": 23387,
              "Plan Width": 12,
              "Actual Startup Time": 21.703,
              "Actual Total Time": 21.703,
              "Actual Rows": 25200,
              "Actual Loops": 1,
              "Hash Buckets": 32768,
              "Original Hash Buckets": 32768,
              "Hash Batches": 1,
              "Original Hash Batches": 1,
              "Peak Memory Usage": 1339,
              "Plans": [
                {
                  "Node Type": "Seq Scan",
                  "Parent Relationship": "Outer",
                  "Parallel Aware": false,
                  "Relation Name": "time_dim",
                  "Alias": "time_dim",
                  "Startup Cost": 0.00,
                  "Total Cost": 2693.00,
                  "Plan Rows": 23387,
                  "Plan Width": 12,
                  "Actual Startup Time": 1.839,
                  "Actual Total Time": 16.553,
                  "Actual Rows": 25200,
                  "Actual Loops": 1,
                  "Filter": "((t_meal_time = 'breakfast'::bpchar) OR (t_meal_time = 'dinner'::bpchar))",
                  "Rows Removed by Filter": 61200
                }
              ]
            }
          ]
        }
      ]
    },
    "Planning Time": 0.236,
    "Triggers": [
    ],
    "Execution Time": 555.590
  }
]
