[
  {
    "Plan": {
      "Node Type": "Unique",
      "Parallel Aware": false,
      "Startup Cost": 10000099046.76,
      "Total Cost": 10000099438.27,
      "Plan Rows": 52201,
      "Plan Width": 106,
      "Actual Startup Time": 10183.072,
      "Actual Total Time": 11983.974,
      "Actual Rows": 1797488,
      "Actual Loops": 1,
      "Plans": [
        {
          "Node Type": "Sort",
          "Parent Relationship": "Outer",
          "Parallel Aware": false,
          "Startup Cost": 10000099046.76,
          "Total Cost": 10000099177.26,
          "Plan Rows": 52201,
          "Plan Width": 106,
          "Actual Startup Time": 10183.070,
          "Actual Total Time": 11669.529,
          "Actual Rows": 1982023,
          "Actual Loops": 1,
          "Sort Key": ["item.i_item_desc", "date_dim.d_date"],
          "Sort Method": "external merge",
          "Sort Space Used": 228408,
          "Sort Space Type": "Disk",
          "Plans": [
            {
              "Node Type": "Hash Join",
              "Parent Relationship": "Outer",
              "Parallel Aware": false,
              "Join Type": "Inner",
              "Startup Cost": 4159.91,
              "Total Cost": 91921.84,
              "Plan Rows": 52201,
              "Plan Width": 106,
              "Actual Startup Time": 19.384,
              "Actual Total Time": 1682.697,
              "Actual Rows": 1982023,
              "Actual Loops": 1,
              "Hash Cond": "(store_sales.ss_item_sk = item.i_item_sk)",
              "Plans": [
                {
                  "Node Type": "Hash Join",
                  "Parent Relationship": "Outer",
                  "Parallel Aware": false,
                  "Join Type": "Inner",
                  "Startup Cost": 2518.91,
                  "Total Cost": 89563.08,
                  "Plan Rows": 52201,
                  "Plan Width": 8,
                  "Actual Startup Time": 10.525,
                  "Actual Total Time": 933.723,
                  "Actual Rows": 1982023,
                  "Actual Loops": 1,
                  "Hash Cond": "(store_sales.ss_sold_date_sk = date_dim.d_date_sk)",
                  "Plans": [
                    {
                      "Node Type": "Seq Scan",
                      "Parent Relationship": "Outer",
                      "Parallel Aware": false,
                      "Relation Name": "store_sales",
                      "Alias": "store_sales",
                      "Startup Cost": 0.00,
                      "Total Cost": 76687.57,
                      "Plan Rows": 2622557,
                      "Plan Width": 8,
                      "Actual Startup Time": 0.036,
                      "Actual Total Time": 343.146,
                      "Actual Rows": 2485280,
                      "Actual Loops": 1
                    },
                    {
                      "Node Type": "Hash",
                      "Parent Relationship": "Inner",
                      "Parallel Aware": false,
                      "Startup Cost": 2500.73,
                      "Total Cost": 2500.73,
                      "Plan Rows": 1454,
                      "Plan Width": 8,
                      "Actual Startup Time": 10.473,
                      "Actual Total Time": 10.473,
                      "Actual Rows": 1461,
                      "Actual Loops": 1,
                      "Hash Buckets": 2048,
                      "Original Hash Buckets": 2048,
                      "Hash Batches": 1,
                      "Original Hash Batches": 1,
                      "Peak Memory Usage": 74,
                      "Plans": [
                        {
                          "Node Type": "Seq Scan",
                          "Parent Relationship": "Outer",
                          "Parallel Aware": false,
                          "Relation Name": "date_dim",
                          "Alias": "date_dim",
                          "Startup Cost": 0.00,
                          "Total Cost": 2500.73,
                          "Plan Rows": 1454,
                          "Plan Width": 8,
                          "Actual Startup Time": 4.999,
                          "Actual Total Time": 10.204,
                          "Actual Rows": 1461,
                          "Actual Loops": 1,
                          "Filter": "(d_year = ANY ('{1999,2000,2001,2002}'::integer[]))",
                          "Rows Removed by Filter": 71588
                        }
                      ]
                    }
                  ]
                },
                {
                  "Node Type": "Hash",
                  "Parent Relationship": "Inner",
                  "Parallel Aware": false,
                  "Startup Cost": 1416.00,
                  "Total Cost": 1416.00,
                  "Plan Rows": 18000,
                  "Plan Width": 106,
                  "Actual Startup Time": 8.840,
                  "Actual Total Time": 8.840,
                  "Actual Rows": 18000,
                  "Actual Loops": 1,
                  "Hash Buckets": 32768,
                  "Original Hash Buckets": 32768,
                  "Hash Batches": 1,
                  "Original Hash Batches": 1,
                  "Peak Memory Usage": 2713,
                  "Plans": [
                    {
                      "Node Type": "Seq Scan",
                      "Parent Relationship": "Outer",
                      "Parallel Aware": false,
                      "Relation Name": "item",
                      "Alias": "item",
                      "Startup Cost": 0.00,
                      "Total Cost": 1416.00,
                      "Plan Rows": 18000,
                      "Plan Width": 106,
                      "Actual Startup Time": 0.006,
                      "Actual Total Time": 4.157,
                      "Actual Rows": 18000,
                      "Actual Loops": 1
                    }
                  ]
                }
              ]
            }
          ]
        }
      ]
    },
    "Planning Time": 0.282,
    "Triggers": [
    ],
    "Execution Time": 12077.643
  }
]
