[
  {
    "Plan": {
      "Node Type": "Aggregate",
      "Strategy": "Hashed",
      "Partial Mode": "Simple",
      "Parallel Aware": false,
      "Startup Cost": 61793.95,
      "Total Cost": 61811.95,
      "Plan Rows": 1800,
      "Plan Width": 12,
      "Actual Startup Time": 1061.654,
      "Actual Total Time": 1062.141,
      "Actual Rows": 3837,
      "Actual Loops": 1,
      "Group Key": ["item.i_brand_id", "item.i_class_id", "item.i_category_id"],
      "Plans": [
        {
          "Node Type": "Hash Join",
          "Parent Relationship": "Outer",
          "Parallel Aware": false,
          "Join Type": "Inner",
          "Startup Cost": 4150.86,
          "Total Cost": 61686.97,
          "Plan Rows": 14264,
          "Plan Width": 12,
          "Actual Startup Time": 57.075,
          "Actual Total Time": 833.294,
          "Actual Rows": 805817,
          "Actual Loops": 1,
          "Hash Cond": "(catalog_sales.cs_item_sk = item.i_item_sk)",
          "Plans": [
            {
              "Node Type": "Hash Join",
              "Parent Relationship": "Outer",
              "Parallel Aware": false,
              "Join Type": "Inner",
              "Startup Cost": 2509.86,
              "Total Cost": 59849.84,
              "Plan Rows": 14264,
              "Plan Width": 4,
              "Actual Startup Time": 50.012,
              "Actual Total Time": 535.912,
              "Actual Rows": 805817,
              "Actual Loops": 1,
              "Hash Cond": "(catalog_sales.cs_sold_date_sk = date_dim.d_date_sk)",
              "Plans": [
                {
                  "Node Type": "Seq Scan",
                  "Parent Relationship": "Outer",
                  "Parallel Aware": false,
                  "Relation Name": "catalog_sales",
                  "Alias": "catalog_sales",
                  "Startup Cost": 0.00,
                  "Total Cost": 51844.70,
                  "Plan Rows": 1427370,
                  "Plan Width": 8,
                  "Actual Startup Time": 0.031,
                  "Actual Total Time": 214.274,
                  "Actual Rows": 1343425,
                  "Actual Loops": 1
                },
                {
                  "Node Type": "Hash",
                  "Parent Relationship": "Inner",
                  "Parallel Aware": false,
                  "Startup Cost": 2500.73,
                  "Total Cost": 2500.73,
                  "Plan Rows": 730,
                  "Plan Width": 4,
                  "Actual Startup Time": 10.107,
                  "Actual Total Time": 10.107,
                  "Actual Rows": 1096,
                  "Actual Loops": 1,
                  "Hash Buckets": 2048,
                  "Original Hash Buckets": 1024,
                  "Hash Batches": 1,
                  "Original Hash Batches": 1,
                  "Peak Memory Usage": 55,
                  "Plans": [
                    {
                      "Node Type": "Seq Scan",
                      "Parent Relationship": "Outer",
                      "Parallel Aware": false,
                      "Relation Name": "date_dim",
                      "Alias": "date_dim",
                      "Startup Cost": 0.00,
                      "Total Cost": 2500.73,
                      "Plan Rows": 730,
                      "Plan Width": 4,
                      "Actual Startup Time": 4.426,
                      "Actual Total Time": 9.990,
                      "Actual Rows": 1096,
                      "Actual Loops": 1,
                      "Filter": "((d_year >= 1999) AND (d_year <= 2001))",
                      "Rows Removed by Filter": 71953
                    }
                  ]
                }
              ]
            },
            {
              "Node Type": "Hash",
              "Parent Relationship": "Inner",
              "Parallel Aware": false,
              "Startup Cost": 1416.00,
              "Total Cost": 1416.00,
              "Plan Rows": 18000,
              "Plan Width": 16,
              "Actual Startup Time": 7.049,
              "Actual Total Time": 7.049,
              "Actual Rows": 18000,
              "Actual Loops": 1,
              "Hash Buckets": 32768,
              "Original Hash Buckets": 32768,
              "Hash Batches": 1,
              "Original Hash Batches": 1,
              "Peak Memory Usage": 1100,
              "Plans": [
                {
                  "Node Type": "Seq Scan",
                  "Parent Relationship": "Outer",
                  "Parallel Aware": false,
                  "Relation Name": "item",
                  "Alias": "item",
                  "Startup Cost": 0.00,
                  "Total Cost": 1416.00,
                  "Plan Rows": 18000,
                  "Plan Width": 16,
                  "Actual Startup Time": 0.005,
                  "Actual Total Time": 4.611,
                  "Actual Rows": 18000,
                  "Actual Loops": 1
                }
              ]
            }
          ]
        }
      ]
    },
    "Planning Time": 0.170,
    "Triggers": [
    ],
    "Execution Time": 1062.290
  }
]
