[
  {
    "Plan": {
      "Node Type": "Unique",
      "Parallel Aware": false,
      "Startup Cost": 10000120571.65,
      "Total Cost": 10000120581.30,
      "Plan Rows": 1930,
      "Plan Width": 32,
      "Actual Startup Time": 769.204,
      "Actual Total Time": 769.918,
      "Actual Rows": 179,
      "Actual Loops": 1,
      "Plans": [
        {
          "Node Type": "Sort",
          "Parent Relationship": "Outer",
          "Parallel Aware": false,
          "Startup Cost": 10000120571.65,
          "Total Cost": 10000120576.47,
          "Plan Rows": 1930,
          "Plan Width": 32,
          "Actual Startup Time": 769.203,
          "Actual Total Time": 769.319,
          "Actual Rows": 1882,
          "Actual Loops": 1,
          "Sort Key": ["(ROW(customer_address.ca_country, customer_address.ca_state, customer_address.ca_county))"],
          "Sort Method": "quicksort",
          "Sort Space Used": 308,
          "Sort Space Type": "Memory",
          "Plans": [
            {
              "Node Type": "Hash Join",
              "Parent Relationship": "Outer",
              "Parallel Aware": false,
              "Join Type": "Inner",
              "Startup Cost": 62947.57,
              "Total Cost": 120466.32,
              "Plan Rows": 1930,
              "Plan Width": 32,
              "Actual Startup Time": 420.400,
              "Actual Total Time": 764.775,
              "Actual Rows": 1882,
              "Actual Loops": 1,
              "Hash Cond": "(catalog_sales.cs_promo_sk = promotion.p_promo_sk)",
              "Plans": [
                {
                  "Node Type": "Hash Join",
                  "Parent Relationship": "Outer",
                  "Parallel Aware": false,
                  "Join Type": "Inner",
                  "Startup Cost": 62931.32,
                  "Total Cost": 120423.53,
                  "Plan Rows": 1930,
                  "Plan Width": 35,
                  "Actual Startup Time": 420.271,
                  "Actual Total Time": 763.442,
                  "Actual Rows": 1889,
                  "Actual Loops": 1,
                  "Hash Cond": "(catalog_sales.cs_bill_customer_sk = customer.c_customer_sk)",
                  "Plans": [
                    {
                      "Node Type": "Hash Join",
                      "Parent Relationship": "Outer",
                      "Parallel Aware": false,
                      "Join Type": "Inner",
                      "Startup Cost": 55779.14,
                      "Total Cost": 113176.89,
                      "Plan Rows": 20042,
                      "Plan Width": 8,
                      "Actual Startup Time": 353.890,
                      "Actual Total Time": 697.992,
                      "Actual Rows": 18835,
                      "Actual Loops": 1,
                      "Hash Cond": "(catalog_sales.cs_bill_cdemo_sk = customer_demographics.cd_demo_sk)",
                      "Plans": [
                        {
                          "Node Type": "Seq Scan",
                          "Parent Relationship": "Outer",
                          "Parallel Aware": false,
                          "Relation Name": "catalog_sales",
                          "Alias": "catalog_sales",
                          "Startup Cost": 0.00,
                          "Total Cost": 51844.70,
                          "Plan Rows": 1427370,
                          "Plan Width": 12,
                          "Actual Startup Time": 0.017,
                          "Actual Total Time": 184.061,
                          "Actual Rows": 1343425,
                          "Actual Loops": 1
                        },
                        {
                          "Node Type": "Hash",
                          "Parent Relationship": "Inner",
                          "Parallel Aware": false,
                          "Startup Cost": 55442.00,
                          "Total Cost": 55442.00,
                          "Plan Rows": 26971,
                          "Plan Width": 4,
                          "Actual Startup Time": 353.815,
                          "Actual Total Time": 353.815,
                          "Actual Rows": 27440,
                          "Actual Loops": 1,
                          "Hash Buckets": 32768,
                          "Original Hash Buckets": 32768,
                          "Hash Batches": 1,
                          "Original Hash Batches": 1,
                          "Peak Memory Usage": 1221,
                          "Plans": [
                            {
                              "Node Type": "Seq Scan",
                              "Parent Relationship": "Outer",
                              "Parallel Aware": false,
                              "Relation Name": "customer_demographics",
                              "Alias": "customer_demographics",
                              "Startup Cost": 0.00,
                              "Total Cost": 55442.00,
                              "Plan Rows": 26971,
                              "Plan Width": 4,
                              "Actual Startup Time": 0.015,
                              "Actual Total Time": 345.991,
                              "Actual Rows": 27440,
                              "Actual Loops": 1,
                              "Filter": "((cd_gender = 'F'::bpchar) AND (cd_marital_status = 'D'::bpchar) AND (cd_education_status = '4 yr Degree'::bpchar))",
                              "Rows Removed by Filter": 1893360
                            }
                          ]
                        }
                      ]
                    },
                    {
                      "Node Type": "Hash",
                      "Parent Relationship": "Inner",
                      "Parallel Aware": false,
                      "Startup Cost": 7031.78,
                      "Total Cost": 7031.78,
                      "Plan Rows": 9632,
                      "Plan Width": 35,
                      "Actual Startup Time": 63.070,
                      "Actual Total Time": 63.070,
                      "Actual Rows": 9358,
                      "Actual Loops": 1,
                      "Hash Buckets": 16384,
                      "Original Hash Buckets": 16384,
                      "Hash Batches": 1,
                      "Original Hash Batches": 1,
                      "Peak Memory Usage": 742,
                      "Plans": [
                        {
                          "Node Type": "Hash Join",
                          "Parent Relationship": "Outer",
                          "Parallel Aware": false,
                          "Join Type": "Inner",
                          "Startup Cost": 2148.69,
                          "Total Cost": 7031.78,
                          "Plan Rows": 9632,
                          "Plan Width": 35,
                          "Actual Startup Time": 18.200,
                          "Actual Total Time": 59.891,
                          "Actual Rows": 9358,
                          "Actual Loops": 1,
                          "Hash Cond": "(customer.c_current_addr_sk = customer_address.ca_address_sk)",
                          "Plans": [
                            {
                              "Node Type": "Seq Scan",
                              "Parent Relationship": "Outer",
                              "Parallel Aware": false,
                              "Relation Name": "customer",
                              "Alias": "customer",
                              "Startup Cost": 0.00,
                              "Total Cost": 4605.00,
                              "Plan Rows": 48473,
                              "Plan Width": 8,
                              "Actual Startup Time": 0.005,
                              "Actual Total Time": 29.816,
                              "Actual Rows": 47269,
                              "Actual Loops": 1,
                              "Filter": "(c_birth_month = ANY ('{6,5,12,4,3,7}'::integer[]))",
                              "Rows Removed by Filter": 47467
                            },
                            {
                              "Node Type": "Hash",
                              "Parent Relationship": "Inner",
                              "Parallel Aware": false,
                              "Startup Cost": 2024.50,
                              "Total Cost": 2024.50,
                              "Plan Rows": 9935,
                              "Plan Width": 35,
                              "Actual Startup Time": 18.177,
                              "Actual Total Time": 18.177,
                              "Actual Rows": 9924,
                              "Actual Loops": 1,
                              "Hash Buckets": 16384,
                              "Original Hash Buckets": 16384,
                              "Hash Batches": 1,
                              "Original Hash Batches": 1,
                              "Peak Memory Usage": 795,
                              "Plans": [
                                {
                                  "Node Type": "Seq Scan",
                                  "Parent Relationship": "Outer",
                                  "Parallel Aware": false,
                                  "Relation Name": "customer_address",
                                  "Alias": "customer_address",
                                  "Startup Cost": 0.00,
                                  "Total Cost": 2024.50,
                                  "Plan Rows": 9935,
                                  "Plan Width": 35,
                                  "Actual Startup Time": 0.006,
                                  "Actual Total Time": 15.730,
                                  "Actual Rows": 9924,
                                  "Actual Loops": 1,
                                  "Filter": "(ca_state = ANY ('{TN,IL,GA,MO,CO,OH,NM}'::bpchar[]))",
                                  "Rows Removed by Filter": 40076
                                }
                              ]
                            }
                          ]
                        }
                      ]
                    }
                  ]
                },
                {
                  "Node Type": "Hash",
                  "Parent Relationship": "Inner",
                  "Parallel Aware": false,
                  "Startup Cost": 12.50,
                  "Total Cost": 12.50,
                  "Plan Rows": 300,
                  "Plan Width": 4,
                  "Actual Startup Time": 0.122,
                  "Actual Total Time": 0.122,
                  "Actual Rows": 299,
                  "Actual Loops": 1,
                  "Hash Buckets": 1024,
                  "Original Hash Buckets": 1024,
                  "Hash Batches": 1,
                  "Original Hash Batches": 1,
                  "Peak Memory Usage": 19,
                  "Plans": [
                    {
                      "Node Type": "Seq Scan",
                      "Parent Relationship": "Outer",
                      "Parallel Aware": false,
                      "Relation Name": "promotion",
                      "Alias": "promotion",
                      "Startup Cost": 0.00,
                      "Total Cost": 12.50,
                      "Plan Rows": 300,
                      "Plan Width": 4,
                      "Actual Startup Time": 0.006,
                      "Actual Total Time": 0.081,
                      "Actual Rows": 299,
                      "Actual Loops": 1,
                      "Filter": "((p_channel_email = 'N'::bpchar) OR (p_channel_event = 'N'::bpchar))",
                      "Rows Removed by Filter": 1
                    }
                  ]
                }
              ]
            }
          ]
        }
      ]
    },
    "Planning Time": 0.453,
    "Triggers": [
    ],
    "Execution Time": 769.976
  }
]
