[
  {
    "Plan": {
      "Node Type": "Aggregate",
      "Strategy": "Hashed",
      "Partial Mode": "Simple",
      "Parallel Aware": false,
      "Startup Cost": 38274.56,
      "Total Cost": 38276.57,
      "Plan Rows": 201,
      "Plan Width": 4,
      "Actual Startup Time": 299.840,
      "Actual Total Time": 299.841,
      "Actual Rows": 5,
      "Actual Loops": 1,
      "Group Key": ["date_dim.d_year"],
      "Plans": [
        {
          "Node Type": "Hash Join",
          "Parent Relationship": "Outer",
          "Parallel Aware": false,
          "Join Type": "Inner",
          "Startup Cost": 8010.48,
          "Total Cost": 38266.29,
          "Plan Rows": 3308,
          "Plan Width": 4,
          "Actual Startup Time": 63.808,
          "Actual Total Time": 298.508,
          "Actual Rows": 5896,
          "Actual Loops": 1,
          "Hash Cond": "(web_sales.ws_ship_addr_sk = customer_address.ca_address_sk)",
          "Plans": [
            {
              "Node Type": "Hash Join",
              "Parent Relationship": "Outer",
              "Parallel Aware": false,
              "Join Type": "Inner",
              "Startup Cost": 6025.15,
              "Total Cost": 36219.52,
              "Plan Rows": 7563,
              "Plan Width": 8,
              "Actual Startup Time": 43.507,
              "Actual Total Time": 274.242,
              "Actual Rows": 13424,
              "Actual Loops": 1,
              "Hash Cond": "(web_sales.ws_sold_time_sk = time_dim.t_time_sk)",
              "Plans": [
                {
                  "Node Type": "Hash Join",
                  "Parent Relationship": "Outer",
                  "Parallel Aware": false,
                  "Join Type": "Inner",
                  "Startup Cost": 2975.36,
                  "Total Cost": 33008.25,
                  "Plan Rows": 22894,
                  "Plan Width": 12,
                  "Actual Startup Time": 26.037,
                  "Actual Total Time": 247.870,
                  "Actual Rows": 29376,
                  "Actual Loops": 1,
                  "Hash Cond": "(web_sales.ws_sold_date_sk = date_dim.d_date_sk)",
                  "Plans": [
                    {
                      "Node Type": "Hash Join",
                      "Parent Relationship": "Outer",
                      "Parallel Aware": false,
                      "Join Type": "Inner",
                      "Startup Cost": 1.27,
                      "Total Cost": 29535.57,
                      "Plan Rows": 71907,
                      "Plan Width": 12,
                      "Actual Startup Time": 0.048,
                      "Actual Total Time": 205.528,
                      "Actual Rows": 64617,
                      "Actual Loops": 1,
                      "Hash Cond": "(web_sales.ws_ship_mode_sk = ship_mode.sm_ship_mode_sk)",
                      "Plans": [
                        {
                          "Node Type": "Seq Scan",
                          "Parent Relationship": "Outer",
                          "Parallel Aware": false,
                          "Relation Name": "web_sales",
                          "Alias": "web_sales",
                          "Startup Cost": 0.00,
                          "Total Cost": 26118.71,
                          "Plan Rows": 719071,
                          "Plan Width": 16,
                          "Actual Startup Time": 0.019,
                          "Actual Total Time": 95.466,
                          "Actual Rows": 648065,
                          "Actual Loops": 1
                        },
                        {
                          "Node Type": "Hash",
                          "Parent Relationship": "Inner",
                          "Parallel Aware": false,
                          "Startup Cost": 1.25,
                          "Total Cost": 1.25,
                          "Plan Rows": 2,
                          "Plan Width": 4,
                          "Actual Startup Time": 0.015,
                          "Actual Total Time": 0.015,
                          "Actual Rows": 2,
                          "Actual Loops": 1,
                          "Hash Buckets": 1024,
                          "Original Hash Buckets": 1024,
                          "Hash Batches": 1,
                          "Original Hash Batches": 1,
                          "Peak Memory Usage": 9,
                          "Plans": [
                            {
                              "Node Type": "Seq Scan",
                              "Parent Relationship": "Outer",
                              "Parallel Aware": false,
                              "Relation Name": "ship_mode",
                              "Alias": "ship_mode",
                              "Startup Cost": 0.00,
                              "Total Cost": 1.25,
                              "Plan Rows": 2,
                              "Plan Width": 4,
                              "Actual Startup Time": 0.010,
                              "Actual Total Time": 0.012,
                              "Actual Rows": 2,
                              "Actual Loops": 1,
                              "Filter": "(sm_carrier = ANY ('{DIAMOND,ZOUROS}'::bpchar[]))",
                              "Rows Removed by Filter": 18
                            }
                          ]
                        }
                      ]
                    },
                    {
                      "Node Type": "Hash",
                      "Parent Relationship": "Inner",
                      "Parallel Aware": false,
                      "Startup Cost": 2683.36,
                      "Total Cost": 2683.36,
                      "Plan Rows": 23258,
                      "Plan Width": 8,
                      "Actual Startup Time": 25.968,
                      "Actual Total Time": 25.968,
                      "Actual Rows": 24643,
                      "Actual Loops": 1,
                      "Hash Buckets": 32768,
                      "Original Hash Buckets": 32768,
                      "Hash Batches": 1,
                      "Original Hash Batches": 1,
                      "Peak Memory Usage": 1219,
                      "Plans": [
                        {
                          "Node Type": "Seq Scan",
                          "Parent Relationship": "Outer",
                          "Parallel Aware": false,
                          "Relation Name": "date_dim",
                          "Alias": "date_dim",
                          "Startup Cost": 0.00,
                          "Total Cost": 2683.36,
                          "Plan Rows": 23258,
                          "Plan Width": 8,
                          "Actual Startup Time": 0.026,
                          "Actual Total Time": 21.521,
                          "Actual Rows": 24643,
                          "Actual Loops": 1,
                          "Filter": "((d_year = 1999) OR (d_qoy = 2) OR (d_moy = 12))",
                          "Rows Removed by Filter": 48406
                        }
                      ]
                    }
                  ]
                },
                {
                  "Node Type": "Hash",
                  "Parent Relationship": "Inner",
                  "Parallel Aware": false,
                  "Startup Cost": 2693.00,
                  "Total Cost": 2693.00,
                  "Plan Rows": 28543,
                  "Plan Width": 4,
                  "Actual Startup Time": 17.424,
                  "Actual Total Time": 17.424,
                  "Actual Rows": 28801,
                  "Actual Loops": 1,
                  "Hash Buckets": 32768,
                  "Original Hash Buckets": 32768,
                  "Hash Batches": 1,
                  "Original Hash Batches": 1,
                  "Peak Memory Usage": 1269,
                  "Plans": [
                    {
                      "Node Type": "Seq Scan",
                      "Parent Relationship": "Outer",
                      "Parallel Aware": false,
                      "Relation Name": "time_dim",
                      "Alias": "time_dim",
                      "Startup Cost": 0.00,
                      "Total Cost": 2693.00,
                      "Plan Rows": 28543,
                      "Plan Width": 4,
                      "Actual Startup Time": 5.474,
                      "Actual Total Time": 13.960,
                      "Actual Rows": 28801,
                      "Actual Loops": 1,
                      "Filter": "((t_time >= 46185) AND (t_time <= 74985))",
                      "Rows Removed by Filter": 57599
                    }
                  ]
                }
              ]
            },
            {
              "Node Type": "Hash",
              "Parent Relationship": "Inner",
              "Parallel Aware": false,
              "Startup Cost": 1712.00,
              "Total Cost": 1712.00,
              "Plan Rows": 21867,
              "Plan Width": 4,
              "Actual Startup Time": 20.284,
              "Actual Total Time": 20.285,
              "Actual Rows": 21901,
              "Actual Loops": 1,
              "Hash Buckets": 32768,
              "Original Hash Buckets": 32768,
              "Hash Batches": 1,
              "Original Hash Batches": 1,
              "Peak Memory Usage": 1026,
              "Plans": [
                {
                  "Node Type": "Seq Scan",
                  "Parent Relationship": "Outer",
                  "Parallel Aware": false,
                  "Relation Name": "customer_address",
                  "Alias": "customer_address",
                  "Startup Cost": 0.00,
                  "Total Cost": 1712.00,
                  "Plan Rows": 21867,
                  "Plan Width": 4,
                  "Actual Startup Time": 0.009,
                  "Actual Total Time": 16.358,
                  "Actual Rows": 21901,
                  "Actual Loops": 1,
                  "Filter": "(ca_gmt_offset = '-6'::numeric)",
                  "Rows Removed by Filter": 28099
                }
              ]
            }
          ]
        }
      ]
    },
    "Planning Time": 0.522,
    "Triggers": [
    ],
    "Execution Time": 299.897
  }
]
