[
  {
    "Plan": {
      "Node Type": "Aggregate",
      "Strategy": "Hashed",
      "Partial Mode": "Simple",
      "Parallel Aware": false,
      "Startup Cost": 33055.30,
      "Total Cost": 33091.03,
      "Plan Rows": 3573,
      "Plan Width": 22,
      "Actual Startup Time": 259.419,
      "Actual Total Time": 260.547,
      "Actual Rows": 4468,
      "Actual Loops": 1,
      "Group Key": ["customer_address.ca_county", "date_dim.d_qoy", "date_dim.d_year"],
      "Plans": [
        {
          "Node Type": "Hash Join",
          "Parent Relationship": "Outer",
          "Parallel Aware": false,
          "Join Type": "Inner",
          "Startup Cost": 31218.27,
          "Total Cost": 33028.50,
          "Plan Rows": 3573,
          "Plan Width": 22,
          "Actual Startup Time": 194.955,
          "Actual Total Time": 228.057,
          "Actual Rows": 127903,
          "Actual Loops": 1,
          "Hash Cond": "(customer_address.ca_address_sk = web_sales.ws_bill_addr_sk)",
          "Plans": [
            {
              "Node Type": "Seq Scan",
              "Parent Relationship": "Outer",
              "Parallel Aware": false,
              "Relation Name": "customer_address",
              "Alias": "customer_address",
              "Startup Cost": 0.00,
              "Total Cost": 1587.00,
              "Plan Rows": 50000,
              "Plan Width": 18,
              "Actual Startup Time": 0.006,
              "Actual Total Time": 4.836,
              "Actual Rows": 50000,
              "Actual Loops": 1
            },
            {
              "Node Type": "Hash",
              "Parent Relationship": "Inner",
              "Parallel Aware": false,
              "Startup Cost": 31173.61,
              "Total Cost": 31173.61,
              "Plan Rows": 3573,
              "Plan Width": 12,
              "Actual Startup Time": 194.938,
              "Actual Total Time": 194.938,
              "Actual Rows": 127903,
              "Actual Loops": 1,
              "Hash Buckets": 131072,
              "Original Hash Buckets": 4096,
              "Hash Batches": 1,
              "Original Hash Batches": 1,
              "Peak Memory Usage": 6520,
              "Plans": [
                {
                  "Node Type": "Hash Join",
                  "Parent Relationship": "Outer",
                  "Parallel Aware": false,
                  "Join Type": "Inner",
                  "Startup Cost": 2322.65,
                  "Total Cost": 31173.61,
                  "Plan Rows": 3573,
                  "Plan Width": 12,
                  "Actual Startup Time": 11.552,
                  "Actual Total Time": 170.617,
                  "Actual Rows": 127903,
                  "Actual Loops": 1,
                  "Hash Cond": "(web_sales.ws_sold_date_sk = date_dim.d_date_sk)",
                  "Plans": [
                    {
                      "Node Type": "Seq Scan",
                      "Parent Relationship": "Outer",
                      "Parallel Aware": false,
                      "Relation Name": "web_sales",
                      "Alias": "web_sales",
                      "Startup Cost": 0.00,
                      "Total Cost": 26118.71,
                      "Plan Rows": 719071,
                      "Plan Width": 8,
                      "Actual Startup Time": 0.003,
                      "Actual Total Time": 70.259,
                      "Actual Rows": 648025,
                      "Actual Loops": 1
                    },
                    {
                      "Node Type": "Hash",
                      "Parent Relationship": "Inner",
                      "Parallel Aware": false,
                      "Startup Cost": 2318.11,
                      "Total Cost": 2318.11,
                      "Plan Rows": 363,
                      "Plan Width": 12,
                      "Actual Startup Time": 11.540,
                      "Actual Total Time": 11.540,
                      "Actual Rows": 366,
                      "Actual Loops": 1,
                      "Hash Buckets": 1024,
                      "Original Hash Buckets": 1024,
                      "Hash Batches": 1,
                      "Original Hash Batches": 1,
                      "Peak Memory Usage": 24,
                      "Plans": [
                        {
                          "Node Type": "Seq Scan",
                          "Parent Relationship": "Outer",
                          "Parallel Aware": false,
                          "Relation Name": "date_dim",
                          "Alias": "date_dim",
                          "Startup Cost": 0.00,
                          "Total Cost": 2318.11,
                          "Plan Rows": 363,
                          "Plan Width": 12,
                          "Actual Startup Time": 5.735,
                          "Actual Total Time": 11.487,
                          "Actual Rows": 366,
                          "Actual Loops": 1,
                          "Filter": "(d_year = 2000)",
                          "Rows Removed by Filter": 72683
                        }
                      ]
                    }
                  ]
                }
              ]
            }
          ]
        }
      ]
    },
    "Planning Time": 0.257,
    "Triggers": [
    ],
    "Execution Time": 260.815
  }
]
