[
  {
    "Plan": {
      "Node Type": "Aggregate",
      "Strategy": "Hashed",
      "Partial Mode": "Simple",
      "Parallel Aware": false,
      "Startup Cost": 96787.48,
      "Total Cost": 96787.99,
      "Plan Rows": 51,
      "Plan Width": 3,
      "Actual Startup Time": 657.622,
      "Actual Total Time": 657.626,
      "Actual Rows": 51,
      "Actual Loops": 1,
      "Group Key": ["customer_address.ca_state"],
      "Plans": [
        {
          "Node Type": "Hash Join",
          "Parent Relationship": "Outer",
          "Parallel Aware": false,
          "Join Type": "Inner",
          "Startup Cost": 92554.51,
          "Total Cost": 96787.19,
          "Plan Rows": 113,
          "Plan Width": 3,
          "Actual Startup Time": 639.652,
          "Actual Total Time": 657.203,
          "Actual Rows": 2510,
          "Actual Loops": 1,
          "Hash Cond": "(customer.c_current_addr_sk = customer_address.ca_address_sk)",
          "Plans": [
            {
              "Node Type": "Hash Join",
              "Parent Relationship": "Outer",
              "Parallel Aware": false,
              "Join Type": "Inner",
              "Startup Cost": 90342.51,
              "Total Cost": 94573.64,
              "Plan Rows": 113,
              "Plan Width": 4,
              "Actual Startup Time": 609.814,
              "Actual Total Time": 626.564,
              "Actual Rows": 2510,
              "Actual Loops": 1,
              "Hash Cond": "(customer.c_customer_sk = store_sales.ss_customer_sk)",
              "Plans": [
                {
                  "Node Type": "Seq Scan",
                  "Parent Relationship": "Outer",
                  "Parallel Aware": false,
                  "Relation Name": "customer",
                  "Alias": "customer",
                  "Startup Cost": 0.00,
                  "Total Cost": 3855.00,
                  "Plan Rows": 100000,
                  "Plan Width": 8,
                  "Actual Startup Time": 0.006,
                  "Actual Total Time": 7.990,
                  "Actual Rows": 94736,
                  "Actual Loops": 1
                },
                {
                  "Node Type": "Hash",
                  "Parent Relationship": "Inner",
                  "Parallel Aware": false,
                  "Startup Cost": 90341.10,
                  "Total Cost": 90341.10,
                  "Plan Rows": 113,
                  "Plan Width": 4,
                  "Actual Startup Time": 609.770,
                  "Actual Total Time": 609.770,
                  "Actual Rows": 2510,
                  "Actual Loops": 1,
                  "Hash Buckets": 4096,
                  "Original Hash Buckets": 1024,
                  "Hash Batches": 1,
                  "Original Hash Batches": 1,
                  "Peak Memory Usage": 121,
                  "Plans": [
                    {
                      "Node Type": "Hash Join",
                      "Parent Relationship": "Outer",
                      "Parallel Aware": false,
                      "Join Type": "Inner",
                      "Startup Cost": 3803.00,
                      "Total Cost": 90341.10,
                      "Plan Rows": 113,
                      "Plan Width": 4,
                      "Actual Startup Time": 13.900,
                      "Actual Total Time": 608.672,
                      "Actual Rows": 2510,
                      "Actual Loops": 1,
                      "Hash Cond": "(store_sales.ss_item_sk = item.i_item_sk)",
                      "Plans": [
                        {
                          "Node Type": "Hash Join",
                          "Parent Relationship": "Outer",
                          "Parallel Aware": false,
                          "Join Type": "Inner",
                          "Startup Cost": 2318.49,
                          "Total Cost": 88851.42,
                          "Plan Rows": 1077,
                          "Plan Width": 8,
                          "Actual Startup Time": 7.943,
                          "Actual Total Time": 595.795,
                          "Actual Rows": 24574,
                          "Actual Loops": 1,
                          "Hash Cond": "(store_sales.ss_sold_date_sk = date_dim.d_date_sk)",
                          "Plans": [
                            {
                              "Node Type": "Seq Scan",
                              "Parent Relationship": "Outer",
                              "Parallel Aware": false,
                              "Relation Name": "store_sales",
                              "Alias": "store_sales",
                              "Startup Cost": 0.00,
                              "Total Cost": 76687.57,
                              "Plan Rows": 2622557,
                              "Plan Width": 12,
                              "Actual Startup Time": 0.014,
                              "Actual Total Time": 343.546,
                              "Actual Rows": 2485280,
                              "Actual Loops": 1
                            },
                            {
                              "Node Type": "Hash",
                              "Parent Relationship": "Inner",
                              "Parallel Aware": false,
                              "Startup Cost": 2318.11,
                              "Total Cost": 2318.11,
                              "Plan Rows": 30,
                              "Plan Width": 4,
                              "Actual Startup Time": 7.855,
                              "Actual Total Time": 7.855,
                              "Actual Rows": 31,
                              "Actual Loops": 1,
                              "Hash Buckets": 1024,
                              "Original Hash Buckets": 1024,
                              "Hash Batches": 1,
                              "Original Hash Batches": 1,
                              "Peak Memory Usage": 10,
                              "Plans": [
                                {
                                  "Node Type": "Seq Scan",
                                  "Parent Relationship": "Outer",
                                  "Parallel Aware": false,
                                  "Relation Name": "date_dim",
                                  "Alias": "date_dim",
                                  "Startup Cost": 0.00,
                                  "Total Cost": 2318.11,
                                  "Plan Rows": 30,
                                  "Plan Width": 4,
                                  "Actual Startup Time": 3.864,
                                  "Actual Total Time": 7.849,
                                  "Actual Rows": 31,
                                  "Actual Loops": 1,
                                  "Filter": "(d_month_seq = 1180)",
                                  "Rows Removed by Filter": 73018
                                }
                              ]
                            }
                          ]
                        },
                        {
                          "Node Type": "Hash",
                          "Parent Relationship": "Inner",
                          "Parallel Aware": false,
                          "Startup Cost": 1461.00,
                          "Total Cost": 1461.00,
                          "Plan Rows": 1881,
                          "Plan Width": 4,
                          "Actual Startup Time": 5.950,
                          "Actual Total Time": 5.950,
                          "Actual Rows": 1842,
                          "Actual Loops": 1,
                          "Hash Buckets": 2048,
                          "Original Hash Buckets": 2048,
                          "Hash Batches": 1,
                          "Original Hash Batches": 1,
                          "Peak Memory Usage": 81,
                          "Plans": [
                            {
                              "Node Type": "Seq Scan",
                              "Parent Relationship": "Outer",
                              "Parallel Aware": false,
                              "Relation Name": "item",
                              "Alias": "item",
                              "Startup Cost": 0.00,
                              "Total Cost": 1461.00,
                              "Plan Rows": 1881,
                              "Plan Width": 4,
                              "Actual Startup Time": 0.009,
                              "Actual Total Time": 5.596,
                              "Actual Rows": 1842,
                              "Actual Loops": 1,
                              "Filter": "(i_current_price > 11.424)",
                              "Rows Removed by Filter": 16158
                            }
                          ]
                        }
                      ]
                    }
                  ]
                }
              ]
            },
            {
              "Node Type": "Hash",
              "Parent Relationship": "Inner",
              "Parallel Aware": false,
              "Startup Cost": 1587.00,
              "Total Cost": 1587.00,
              "Plan Rows": 50000,
              "Plan Width": 7,
              "Actual Startup Time": 29.781,
              "Actual Total Time": 29.781,
              "Actual Rows": 50000,
              "Actual Loops": 1,
              "Hash Buckets": 65536,
              "Original Hash Buckets": 65536,
              "Hash Batches": 1,
              "Original Hash Batches": 1,
              "Peak Memory Usage": 2460,
              "Plans": [
                {
                  "Node Type": "Seq Scan",
                  "Parent Relationship": "Outer",
                  "Parallel Aware": false,
                  "Relation Name": "customer_address",
                  "Alias": "customer_address",
                  "Startup Cost": 0.00,
                  "Total Cost": 1587.00,
                  "Plan Rows": 50000,
                  "Plan Width": 7,
                  "Actual Startup Time": 0.010,
                  "Actual Total Time": 15.798,
                  "Actual Rows": 50000,
                  "Actual Loops": 1
                }
              ]
            }
          ]
        }
      ]
    },
    "Planning Time": 0.814,
    "Triggers": [
    ],
    "Execution Time": 657.709
  }
]
