[
  {
    "Plan": {
      "Node Type": "Aggregate",
      "Strategy": "Hashed",
      "Partial Mode": "Simple",
      "Parallel Aware": false,
      "Startup Cost": 108715.47,
      "Total Cost": 108717.81,
      "Plan Rows": 234,
      "Plan Width": 106,
      "Actual Startup Time": 777.518,
      "Actual Total Time": 779.063,
      "Actual Rows": 9117,
      "Actual Loops": 1,
      "Group Key": ["item.i_item_desc", "date_dim.d_week_seq"],
      "Plans": [
        {
          "Node Type": "Hash Join",
          "Parent Relationship": "Outer",
          "Parallel Aware": false,
          "Join Type": "Inner",
          "Startup Cost": 61443.11,
          "Total Cost": 108714.30,
          "Plan Rows": 234,
          "Plan Width": 106,
          "Actual Startup Time": 430.415,
          "Actual Total Time": 772.068,
          "Actual Rows": 9240,
          "Actual Loops": 1,
          "Hash Cond": "(catalog_sales.cs_item_sk = item.i_item_sk)",
          "Plans": [
            {
              "Node Type": "Hash Join",
              "Parent Relationship": "Outer",
              "Parallel Aware": false,
              "Join Type": "Inner",
              "Startup Cost": 59802.11,
              "Total Cost": 107070.09,
              "Plan Rows": 234,
              "Plan Width": 8,
              "Actual Startup Time": 420.806,
              "Actual Total Time": 757.925,
              "Actual Rows": 9240,
              "Actual Loops": 1,
              "Hash Cond": "(customer_demographics.cd_demo_sk = catalog_sales.cs_bill_cdemo_sk)",
              "Plans": [
                {
                  "Node Type": "Seq Scan",
                  "Parent Relationship": "Outer",
                  "Parallel Aware": false,
                  "Relation Name": "customer_demographics",
                  "Alias": "customer_demographics",
                  "Startup Cost": 0.00,
                  "Total Cost": 45838.00,
                  "Plan Rows": 380703,
                  "Plan Width": 4,
                  "Actual Startup Time": 0.014,
                  "Actual Total Time": 279.920,
                  "Actual Rows": 384160,
                  "Actual Loops": 1,
                  "Filter": "(cd_marital_status = 'M'::bpchar)",
                  "Rows Removed by Filter": 1536640
                },
                {
                  "Node Type": "Hash",
                  "Parent Relationship": "Inner",
                  "Parallel Aware": false,
                  "Startup Cost": 59787.34,
                  "Total Cost": 59787.34,
                  "Plan Rows": 1182,
                  "Plan Width": 12,
                  "Actual Startup Time": 420.717,
                  "Actual Total Time": 420.717,
                  "Actual Rows": 45399,
                  "Actual Loops": 1,
                  "Hash Buckets": 65536,
                  "Original Hash Buckets": 2048,
                  "Hash Batches": 1,
                  "Original Hash Batches": 1,
                  "Peak Memory Usage": 2463,
                  "Plans": [
                    {
                      "Node Type": "Hash Join",
                      "Parent Relationship": "Outer",
                      "Parallel Aware": false,
                      "Join Type": "Inner",
                      "Startup Cost": 2480.65,
                      "Total Cost": 59787.34,
                      "Plan Rows": 1182,
                      "Plan Width": 12,
                      "Actual Startup Time": 11.961,
                      "Actual Total Time": 412.448,
                      "Actual Rows": 45399,
                      "Actual Loops": 1,
                      "Hash Cond": "(catalog_sales.cs_bill_hdemo_sk = household_demographics.hd_demo_sk)",
                      "Plans": [
                        {
                          "Node Type": "Hash Join",
                          "Parent Relationship": "Outer",
                          "Parallel Aware": false,
                          "Join Type": "Inner",
                          "Startup Cost": 2322.65,
                          "Total Cost": 59590.92,
                          "Plan Rows": 7093,
                          "Plan Width": 16,
                          "Actual Startup Time": 10.933,
                          "Actual Total Time": 381.124,
                          "Actual Rows": 267393,
                          "Actual Loops": 1,
                          "Hash Cond": "(catalog_sales.cs_sold_date_sk = date_dim.d_date_sk)",
                          "Plans": [
                            {
                              "Node Type": "Seq Scan",
                              "Parent Relationship": "Outer",
                              "Parallel Aware": false,
                              "Relation Name": "catalog_sales",
                              "Alias": "catalog_sales",
                              "Startup Cost": 0.00,
                              "Total Cost": 51844.70,
                              "Plan Rows": 1427370,
                              "Plan Width": 16,
                              "Actual Startup Time": 0.012,
                              "Actual Total Time": 193.758,
                              "Actual Rows": 1343425,
                              "Actual Loops": 1
                            },
                            {
                              "Node Type": "Hash",
                              "Parent Relationship": "Inner",
                              "Parallel Aware": false,
                              "Startup Cost": 2318.11,
                              "Total Cost": 2318.11,
                              "Plan Rows": 363,
                              "Plan Width": 8,
                              "Actual Startup Time": 10.911,
                              "Actual Total Time": 10.911,
                              "Actual Rows": 365,
                              "Actual Loops": 1,
                              "Hash Buckets": 1024,
                              "Original Hash Buckets": 1024,
                              "Hash Batches": 1,
                              "Original Hash Batches": 1,
                              "Peak Memory Usage": 23,
                              "Plans": [
                                {
                                  "Node Type": "Seq Scan",
                                  "Parent Relationship": "Outer",
                                  "Parallel Aware": false,
                                  "Relation Name": "date_dim",
                                  "Alias": "date_dim",
                                  "Startup Cost": 0.00,
                                  "Total Cost": 2318.11,
                                  "Plan Rows": 363,
                                  "Plan Width": 8,
                                  "Actual Startup Time": 5.001,
                                  "Actual Total Time": 10.853,
                                  "Actual Rows": 365,
                                  "Actual Loops": 1,
                                  "Filter": "(d_year = 1998)",
                                  "Rows Removed by Filter": 72684
                                }
                              ]
                            }
                          ]
                        },
                        {
                          "Node Type": "Hash",
                          "Parent Relationship": "Inner",
                          "Parallel Aware": false,
                          "Startup Cost": 143.00,
                          "Total Cost": 143.00,
                          "Plan Rows": 1200,
                          "Plan Width": 4,
                          "Actual Startup Time": 0.994,
                          "Actual Total Time": 0.994,
                          "Actual Rows": 1200,
                          "Actual Loops": 1,
                          "Hash Buckets": 2048,
                          "Original Hash Buckets": 2048,
                          "Hash Batches": 1,
                          "Original Hash Batches": 1,
                          "Peak Memory Usage": 59,
                          "Plans": [
                            {
                              "Node Type": "Seq Scan",
                              "Parent Relationship": "Outer",
                              "Parallel Aware": false,
                              "Relation Name": "household_demographics",
                              "Alias": "household_demographics",
                              "Startup Cost": 0.00,
                              "Total Cost": 143.00,
                              "Plan Rows": 1200,
                              "Plan Width": 4,
                              "Actual Startup Time": 0.009,
                              "Actual Total Time": 0.850,
                              "Actual Rows": 1200,
                              "Actual Loops": 1,
                              "Filter": "(hd_buy_potential = 'from1001to5000'::bpchar)",
                              "Rows Removed by Filter": 6000
                            }
                          ]
                        }
                      ]
                    }
                  ]
                }
              ]
            },
            {
              "Node Type": "Hash",
              "Parent Relationship": "Inner",
              "Parallel Aware": false,
              "Startup Cost": 1416.00,
              "Total Cost": 1416.00,
              "Plan Rows": 18000,
              "Plan Width": 106,
              "Actual Startup Time": 9.584,
              "Actual Total Time": 9.584,
              "Actual Rows": 18000,
              "Actual Loops": 1,
              "Hash Buckets": 32768,
              "Original Hash Buckets": 32768,
              "Hash Batches": 1,
              "Original Hash Batches": 1,
              "Peak Memory Usage": 2713,
              "Plans": [
                {
                  "Node Type": "Seq Scan",
                  "Parent Relationship": "Outer",
                  "Parallel Aware": false,
                  "Relation Name": "item",
                  "Alias": "item",
                  "Startup Cost": 0.00,
                  "Total Cost": 1416.00,
                  "Plan Rows": 18000,
                  "Plan Width": 106,
                  "Actual Startup Time": 0.009,
                  "Actual Total Time": 4.798,
                  "Actual Rows": 18000,
                  "Actual Loops": 1
                }
              ]
            }
          ]
        }
      ]
    },
    "Planning Time": 0.744,
    "Triggers": [
    ],
    "Execution Time": 779.443
  }
]
