[
  {
    "Plan": {
      "Node Type": "Aggregate",
      "Strategy": "Hashed",
      "Partial Mode": "Simple",
      "Parallel Aware": false,
      "Startup Cost": 11055.10,
      "Total Cost": 11055.16,
      "Plan Rows": 6,
      "Plan Width": 17,
      "Actual Startup Time": 66.019,
      "Actual Total Time": 66.020,
      "Actual Rows": 6,
      "Actual Loops": 1,
      "Group Key": ["store.s_store_id"],
      "Plans": [
        {
          "Node Type": "Hash Join",
          "Parent Relationship": "Outer",
          "Parallel Aware": false,
          "Join Type": "Inner",
          "Startup Cost": 2502.17,
          "Total Cost": 11054.97,
          "Plan Rows": 49,
          "Plan Width": 17,
          "Actual Startup Time": 9.244,
          "Actual Total Time": 65.540,
          "Actual Rows": 1435,
          "Actual Loops": 1,
          "Hash Cond": "(store_returns.sr_store_sk = store.s_store_sk)",
          "Plans": [
            {
              "Node Type": "Hash Join",
              "Parent Relationship": "Outer",
              "Parallel Aware": false,
              "Join Type": "Inner",
              "Startup Cost": 2500.90,
              "Total Cost": 11053.04,
              "Plan Rows": 49,
              "Plan Width": 4,
              "Actual Startup Time": 9.228,
              "Actual Total Time": 65.040,
              "Actual Rows": 1463,
              "Actual Loops": 1,
              "Hash Cond": "(store_returns.sr_returned_date_sk = date_dim.d_date_sk)",
              "Plans": [
                {
                  "Node Type": "Seq Scan",
                  "Parent Relationship": "Outer",
                  "Parallel Aware": false,
                  "Relation Name": "store_returns",
                  "Alias": "store_returns",
                  "Startup Cost": 0.00,
                  "Total Cost": 7511.02,
                  "Plan Rows": 277502,
                  "Plan Width": 8,
                  "Actual Startup Time": 0.007,
                  "Actual Total Time": 32.398,
                  "Actual Rows": 263253,
                  "Actual Loops": 1
                },
                {
                  "Node Type": "Hash",
                  "Parent Relationship": "Inner",
                  "Parallel Aware": false,
                  "Startup Cost": 2500.73,
                  "Total Cost": 2500.73,
                  "Plan Rows": 13,
                  "Plan Width": 4,
                  "Actual Startup Time": 9.160,
                  "Actual Total Time": 9.160,
                  "Actual Rows": 15,
                  "Actual Loops": 1,
                  "Hash Buckets": 1024,
                  "Original Hash Buckets": 1024,
                  "Hash Batches": 1,
                  "Original Hash Batches": 1,
                  "Peak Memory Usage": 9,
                  "Plans": [
                    {
                      "Node Type": "Seq Scan",
                      "Parent Relationship": "Outer",
                      "Parallel Aware": false,
                      "Relation Name": "date_dim",
                      "Alias": "date_dim",
                      "Startup Cost": 0.00,
                      "Total Cost": 2500.73,
                      "Plan Rows": 13,
                      "Plan Width": 4,
                      "Actual Startup Time": 3.888,
                      "Actual Total Time": 9.154,
                      "Actual Rows": 15,
                      "Actual Loops": 1,
                      "Filter": "((d_date >= '2001-08-21'::date) AND (d_date <= '2001-09-04'::date))",
                      "Rows Removed by Filter": 73034
                    }
                  ]
                }
              ]
            },
            {
              "Node Type": "Hash",
              "Parent Relationship": "Inner",
              "Parallel Aware": false,
              "Startup Cost": 1.12,
              "Total Cost": 1.12,
              "Plan Rows": 12,
              "Plan Width": 21,
              "Actual Startup Time": 0.009,
              "Actual Total Time": 0.009,
              "Actual Rows": 12,
              "Actual Loops": 1,
              "Hash Buckets": 1024,
              "Original Hash Buckets": 1024,
              "Hash Batches": 1,
              "Original Hash Batches": 1,
              "Peak Memory Usage": 9,
              "Plans": [
                {
                  "Node Type": "Seq Scan",
                  "Parent Relationship": "Outer",
                  "Parallel Aware": false,
                  "Relation Name": "store",
                  "Alias": "store",
                  "Startup Cost": 0.00,
                  "Total Cost": 1.12,
                  "Plan Rows": 12,
                  "Plan Width": 21,
                  "Actual Startup Time": 0.004,
                  "Actual Total Time": 0.007,
                  "Actual Rows": 12,
                  "Actual Loops": 1
                }
              ]
            }
          ]
        }
      ]
    },
    "Planning Time": 0.173,
    "Triggers": [
    ],
    "Execution Time": 66.048
  }
]
