[
  {
    "Plan": {
      "Node Type": "Aggregate",
      "Strategy": "Hashed",
      "Partial Mode": "Simple",
      "Parallel Aware": false,
      "Startup Cost": 90595.46,
      "Total Cost": 90598.58,
      "Plan Rows": 312,
      "Plan Width": 227,
      "Actual Startup Time": 621.125,
      "Actual Total Time": 621.700,
      "Actual Rows": 2526,
      "Actual Loops": 1,
      "Group Key": ["item.i_item_id", "item.i_item_desc", "item.i_category", "item.i_class", "item.i_current_price"],
      "Plans": [
        {
          "Node Type": "Hash Join",
          "Parent Relationship": "Outer",
          "Parallel Aware": false,
          "Join Type": "Inner",
          "Startup Cost": 4051.97,
          "Total Cost": 90591.57,
          "Plan Rows": 312,
          "Plan Width": 227,
          "Actual Startup Time": 34.479,
          "Actual Total Time": 609.805,
          "Actual Rows": 7240,
          "Actual Loops": 1,
          "Hash Cond": "(store_sales.ss_item_sk = item.i_item_sk)",
          "Plans": [
            {
              "Node Type": "Hash Join",
              "Parent Relationship": "Outer",
              "Parallel Aware": false,
              "Join Type": "Inner",
              "Startup Cost": 2501.10,
              "Total Cost": 89033.67,
              "Plan Rows": 1041,
              "Plan Width": 4,
              "Actual Startup Time": 18.720,
              "Actual Total Time": 584.735,
              "Actual Rows": 24266,
              "Actual Loops": 1,
              "Hash Cond": "(store_sales.ss_sold_date_sk = date_dim.d_date_sk)",
              "Plans": [
                {
                  "Node Type": "Seq Scan",
                  "Parent Relationship": "Outer",
                  "Parallel Aware": false,
                  "Relation Name": "store_sales",
                  "Alias": "store_sales",
                  "Startup Cost": 0.00,
                  "Total Cost": 76687.57,
                  "Plan Rows": 2622557,
                  "Plan Width": 8,
                  "Actual Startup Time": 0.040,
                  "Actual Total Time": 333.696,
                  "Actual Rows": 2485280,
                  "Actual Loops": 1
                },
                {
                  "Node Type": "Hash",
                  "Parent Relationship": "Inner",
                  "Parallel Aware": false,
                  "Startup Cost": 2500.73,
                  "Total Cost": 2500.73,
                  "Plan Rows": 29,
                  "Plan Width": 4,
                  "Actual Startup Time": 17.620,
                  "Actual Total Time": 17.620,
                  "Actual Rows": 31,
                  "Actual Loops": 1,
                  "Hash Buckets": 1024,
                  "Original Hash Buckets": 1024,
                  "Hash Batches": 1,
                  "Original Hash Batches": 1,
                  "Peak Memory Usage": 10,
                  "Plans": [
                    {
                      "Node Type": "Seq Scan",
                      "Parent Relationship": "Outer",
                      "Parallel Aware": false,
                      "Relation Name": "date_dim",
                      "Alias": "date_dim",
                      "Startup Cost": 0.00,
                      "Total Cost": 2500.73,
                      "Plan Rows": 29,
                      "Plan Width": 4,
                      "Actual Startup Time": 8.571,
                      "Actual Total Time": 17.605,
                      "Actual Rows": 31,
                      "Actual Loops": 1,
                      "Filter": "((d_date >= '1999-04-26'::date) AND (d_date <= '1999-05-26'::date))",
                      "Rows Removed by Filter": 73018
                    }
                  ]
                }
              ]
            },
            {
              "Node Type": "Hash",
              "Parent Relationship": "Inner",
              "Parallel Aware": false,
              "Startup Cost": 1483.50,
              "Total Cost": 1483.50,
              "Plan Rows": 5390,
              "Plan Width": 231,
              "Actual Startup Time": 15.750,
              "Actual Total Time": 15.750,
              "Actual Rows": 5390,
              "Actual Loops": 1,
              "Hash Buckets": 8192,
              "Original Hash Buckets": 8192,
              "Hash Batches": 1,
              "Original Hash Batches": 1,
              "Peak Memory Usage": 1465,
              "Plans": [
                {
                  "Node Type": "Seq Scan",
                  "Parent Relationship": "Outer",
                  "Parallel Aware": false,
                  "Relation Name": "item",
                  "Alias": "item",
                  "Startup Cost": 0.00,
                  "Total Cost": 1483.50,
                  "Plan Rows": 5390,
                  "Plan Width": 231,
                  "Actual Startup Time": 0.006,
                  "Actual Total Time": 13.118,
                  "Actual Rows": 5390,
                  "Actual Loops": 1,
                  "Filter": "(i_category = ANY ('{Music,Jewelry,Women}'::bpchar[]))",
                  "Rows Removed by Filter": 12610
                }
              ]
            }
          ]
        }
      ]
    },
    "Planning Time": 0.204,
    "Triggers": [
    ],
    "Execution Time": 621.842
  }
]
