[
  {
    "Plan": {
      "Node Type": "Aggregate",
      "Strategy": "Hashed",
      "Partial Mode": "Simple",
      "Parallel Aware": false,
      "Startup Cost": 33849.84,
      "Total Cost": 33850.84,
      "Plan Rows": 100,
      "Plan Width": 4,
      "Actual Startup Time": 216.966,
      "Actual Total Time": 216.975,
      "Actual Rows": 61,
      "Actual Loops": 1,
      "Group Key": ["ws_quantity"],
      "Plans": [
        {
          "Node Type": "Seq Scan",
          "Parent Relationship": "Outer",
          "Parallel Aware": false,
          "Relation Name": "web_sales",
          "Alias": "web_sales",
          "Startup Cost": 0.00,
          "Total Cost": 33309.42,
          "Plan Rows": 216168,
          "Plan Width": 4,
          "Actual Startup Time": 0.007,
          "Actual Total Time": 182.673,
          "Actual Rows": 197817,
          "Actual Loops": 1,
          "Filter": "((ws_quantity >= 20) AND (ws_quantity <= 80) AND (ws_sales_price >= '30'::numeric) AND (ws_sales_price <= '150'::numeric))",
          "Rows Removed by Filter": 450208
        }
      ]
    },
    "Planning Time": 0.091,
    "Triggers": [
    ],
    "Execution Time": 216.997
  }
]
