[
  {
    "Plan": {
      "Node Type": "Aggregate",
      "Strategy": "Hashed",
      "Partial Mode": "Simple",
      "Parallel Aware": false,
      "Startup Cost": 33635.25,
      "Total Cost": 33636.25,
      "Plan Rows": 100,
      "Plan Width": 4,
      "Actual Startup Time": 199.923,
      "Actual Total Time": 199.931,
      "Actual Rows": 51,
      "Actual Loops": 1,
      "Group Key": ["ws_quantity"],
      "Plans": [
        {
          "Node Type": "Seq Scan",
          "Parent Relationship": "Outer",
          "Parallel Aware": false,
          "Relation Name": "web_sales",
          "Alias": "web_sales",
          "Startup Cost": 0.00,
          "Total Cost": 33309.42,
          "Plan Rows": 130334,
          "Plan Width": 4,
          "Actual Startup Time": 0.010,
          "Actual Total Time": 178.150,
          "Actual Rows": 120287,
          "Actual Loops": 1,
          "Filter": "((ws_quantity >= 25) AND (ws_quantity <= 75) AND (ws_sales_price >= '40'::numeric) AND (ws_sales_price <= '120'::numeric))",
          "Rows Removed by Filter": 527738
        }
      ]
    },
    "Planning Time": 0.093,
    "Triggers": [
    ],
    "Execution Time": 199.953
  }
]
