[
  {
    "Plan": {
      "Node Type": "Hash Join",
      "Parallel Aware": false,
      "Join Type": "Inner",
      "Startup Cost": 4143.53,
      "Total Cost": 240367.36,
      "Plan Rows": 8843,
      "Plan Width": 0,
      "Actual Startup Time": 813.086,
      "Actual Total Time": 1883.461,
      "Actual Rows": 585000,
      "Actual Loops": 1,
      "Hash Cond": "(inventory.inv_warehouse_sk = warehouse.w_warehouse_sk)",
      "Plans": [
        {
          "Node Type": "Hash Join",
          "Parent Relationship": "Outer",
          "Parallel Aware": false,
          "Join Type": "Inner",
          "Startup Cost": 4142.42,
          "Total Cost": 240244.65,
          "Plan Rows": 8843,
          "Plan Width": 4,
          "Actual Startup Time": 813.061,
          "Actual Total Time": 1789.028,
          "Actual Rows": 585000,
          "Actual Loops": 1,
          "Hash Cond": "(inventory.inv_item_sk = item.i_item_sk)",
          "Plans": [
            {
              "Node Type": "Hash Join",
              "Parent Relationship": "Outer",
              "Parallel Aware": false,
              "Join Type": "Inner",
              "Startup Cost": 2501.42,
              "Total Cost": 238482.06,
              "Plan Rows": 8843,
              "Plan Width": 8,
              "Actual Startup Time": 804.087,
              "Actual Total Time": 1661.809,
              "Actual Rows": 585000,
              "Actual Loops": 1,
              "Hash Cond": "(inventory.inv_date_sk = date_dim.d_date_sk)",
              "Plans": [
                {
                  "Node Type": "Seq Scan",
                  "Parent Relationship": "Outer",
                  "Parallel Aware": false,
                  "Relation Name": "inventory",
                  "Alias": "inventory",
                  "Startup Cost": 0.00,
                  "Total Cost": 191848.88,
                  "Plan Rows": 11744888,
                  "Plan Width": 12,
                  "Actual Startup Time": 0.011,
                  "Actual Total Time": 760.719,
                  "Actual Rows": 11745000,
                  "Actual Loops": 1
                },
                {
                  "Node Type": "Hash",
                  "Parent Relationship": "Inner",
                  "Parallel Aware": false,
                  "Startup Cost": 2500.73,
                  "Total Cost": 2500.73,
                  "Plan Rows": 55,
                  "Plan Width": 4,
                  "Actual Startup Time": 11.228,
                  "Actual Total Time": 11.228,
                  "Actual Rows": 92,
                  "Actual Loops": 1,
                  "Hash Buckets": 1024,
                  "Original Hash Buckets": 1024,
                  "Hash Batches": 1,
                  "Original Hash Batches": 1,
                  "Peak Memory Usage": 12,
                  "Plans": [
                    {
                      "Node Type": "Seq Scan",
                      "Parent Relationship": "Outer",
                      "Parallel Aware": false,
                      "Relation Name": "date_dim",
                      "Alias": "date_dim",
                      "Startup Cost": 0.00,
                      "Total Cost": 2500.73,
                      "Plan Rows": 55,
                      "Plan Width": 4,
                      "Actual Startup Time": 5.676,
                      "Actual Total Time": 11.208,
                      "Actual Rows": 92,
                      "Actual Loops": 1,
                      "Filter": "((d_month_seq >= 1206) AND (d_month_seq <= 1208))",
                      "Rows Removed by Filter": 72957
                    }
                  ]
                }
              ]
            },
            {
              "Node Type": "Hash",
              "Parent Relationship": "Inner",
              "Parallel Aware": false,
              "Startup Cost": 1416.00,
              "Total Cost": 1416.00,
              "Plan Rows": 18000,
              "Plan Width": 4,
              "Actual Startup Time": 8.957,
              "Actual Total Time": 8.957,
              "Actual Rows": 18000,
              "Actual Loops": 1,
              "Hash Buckets": 32768,
              "Original Hash Buckets": 32768,
              "Hash Batches": 1,
              "Original Hash Batches": 1,
              "Peak Memory Usage": 889,
              "Plans": [
                {
                  "Node Type": "Seq Scan",
                  "Parent Relationship": "Outer",
                  "Parallel Aware": false,
                  "Relation Name": "item",
                  "Alias": "item",
                  "Startup Cost": 0.00,
                  "Total Cost": 1416.00,
                  "Plan Rows": 18000,
                  "Plan Width": 4,
                  "Actual Startup Time": 0.003,
                  "Actual Total Time": 5.077,
                  "Actual Rows": 18000,
                  "Actual Loops": 1
                }
              ]
            }
          ]
        },
        {
          "Node Type": "Hash",
          "Parent Relationship": "Inner",
          "Parallel Aware": false,
          "Startup Cost": 1.05,
          "Total Cost": 1.05,
          "Plan Rows": 5,
          "Plan Width": 4,
          "Actual Startup Time": 0.009,
          "Actual Total Time": 0.009,
          "Actual Rows": 5,
          "Actual Loops": 1,
          "Hash Buckets": 1024,
          "Original Hash Buckets": 1024,
          "Hash Batches": 1,
          "Original Hash Batches": 1,
          "Peak Memory Usage": 9,
          "Plans": [
            {
              "Node Type": "Seq Scan",
              "Parent Relationship": "Outer",
              "Parallel Aware": false,
              "Relation Name": "warehouse",
              "Alias": "warehouse",
              "Startup Cost": 0.00,
              "Total Cost": 1.05,
              "Plan Rows": 5,
              "Plan Width": 4,
              "Actual Startup Time": 0.004,
              "Actual Total Time": 0.006,
              "Actual Rows": 5,
              "Actual Loops": 1
            }
          ]
        }
      ]
    },
    "Planning Time": 0.440,
    "Triggers": [
    ],
    "Execution Time": 1901.226
  }
]
