[{"Execution Time": 1090.166, "Planning Time": 41.617, "Plan": {"Partial Mode": "Simple", "Startup Cost": 146470.76, "Actual Rows": 150000, "Plans": [{"Startup Cost": 59762.01, "Actual Rows": 7618335, "Plans": [{"Startup Cost": 59745.76, "Actual Rows": 7620, "Plans": [{"Startup Cost": 58104.76, "Actual Rows": 7620, "Plans": [{"Startup Cost": 2322.65, "Actual Rows": 493018, "Plans": [{"Startup Cost": 0.0, "Actual Rows": 2485280, "Node Type": "Seq Scan", "Plan Rows": 2622557, "Relation Name": "store_sales", "Alias": "store_sales", "Parallel Aware": false, "Actual Total Time": 321.693, "Parent Relationship": "Outer", "Actual Startup Time": 0.029, "Plan Width": 16, "Actual Loops": 1, "Total Cost": 76687.57}, {"Hash Buckets": 1024, "Startup Cost": 2318.11, "Plans": [{"Filter": "(d_year = 2001)", "Startup Cost": 0.0, "Actual Rows": 365, "Node Type": "Seq Scan", "Plan Rows": 363, "Relation Name": "date_dim", "Alias": "date_dim", "Parallel Aware": false, "Actual Total Time": 11.806, "Parent Relationship": "Outer", "Actual Startup Time": 5.478, "Plan Width": 4, "Actual Loops": 1, "Rows Removed by Filter": 72684, "Total Cost": 2318.11}], "Actual Rows": 365, "Original Hash Buckets": 1024, "Hash Batches": 1, "Peak Memory Usage": 21, "Node Type": "Hash", "Plan Rows": 363, "Parallel Aware": false, "Actual Total Time": 11.854, "Parent Relationship": "Inner", "Actual Startup Time": 11.854, "Plan Width": 4, "Actual Loops": 1, "Original Hash Batches": 1, "Total Cost": 2318.11}], "Node Type": "Hash Join", "Plan Rows": 13032, "Join Type": "Inner", "Parallel Aware": false, "Actual Total Time": 640.897, "Hash Cond": "(store_sales.ss_sold_date_sk = date_dim.d_date_sk)", "Parent Relationship": "Outer", "Actual Startup Time": 11.932, "Plan Width": 12, "Actual Loops": 1, "Total Cost": 88975.13}, {"Hash Buckets": 32768, "Startup Cost": 55442.0, "Plans": [{"Filter": "((cd_gender = 'M'::bpchar) AND (cd_marital_status = 'M'::bpchar) AND (cd_education_status = '4 yr Degree'::bpchar))", "Startup Cost": 0.0, "Actual Rows": 27440, "Node Type": "Seq Scan", "Plan Rows": 27209, "Relation Name": "customer_demographics", "Alias": "customer_demographics", "Parallel Aware": false, "Actual Total Time": 373.918, "Parent Relationship": "Outer", "Actual Startup Time": 0.015, "Plan Width": 4, "Actual Loops": 1, "Rows Removed by Filter": 1893360, "Total Cost": 55442.0}], "Actual Rows": 27440, "Original Hash Buckets": 32768, "Hash Batches": 1, "Peak Memory Usage": 1221, "Node Type": "Hash", "Plan Rows": 27209, "Parallel Aware": false, "Actual Total Time": 382.779, "Parent Relationship": "Inner", "Actual Startup Time": 382.779, "Plan Width": 4, "Actual Loops": 1, "Original Hash Batches": 1, "Total Cost": 55442.0}], "Node Type": "Hash Join", "Plan Rows": 185, "Join Type": "Inner", "Parallel Aware": false, "Actual Total Time": 1069.979, "Hash Cond": "(store_sales.ss_cdemo_sk = customer_demographics.cd_demo_sk)", "Parent Relationship": "Outer", "Actual Startup Time": 394.805, "Plan Width": 8, "Actual Loops": 1, "Total Cost": 144807.96}, {"Hash Buckets": 32768, "Startup Cost": 1416.0, "Plans": [{"Startup Cost": 0.0, "Actual Rows": 18000, "Node Type": "Seq Scan", "Plan Rows": 18000, "Relation Name": "item", "Alias": "item", "Parallel Aware": false, "Actual Total Time": 3.871, "Parent Relationship": "Outer", "Actual Startup Time": 0.003, "Plan Width": 21, "Actual Loops": 1, "Total Cost": 1416.0}], "Actual Rows": 18000, "Original Hash Buckets": 32768, "Hash Batches": 1, "Peak Memory Usage": 1241, "Node Type": "Hash", "Plan Rows": 18000, "Parallel Aware": false, "Actual Total Time": 7.959, "Parent Relationship": "Inner", "Actual Startup Time": 7.959, "Plan Width": 21, "Actual Loops": 1, "Original Hash Batches": 1, "Total Cost": 1416.0}], "Node Type": "Hash Join", "Plan Rows": 185, "Join Type": "Inner", "Parallel Aware": false, "Actual Total Time": 1081.795, "Hash Cond": "(store_sales.ss_item_sk = item.i_item_sk)", "Parent Relationship": "Outer", "Actual Startup Time": 402.781, "Plan Width": 21, "Actual Loops": 1, "Total Cost": 146451.51}, {"Hash Buckets": 1024, "Startup Cost": 12.5, "Plans": [{"Filter": "((p_channel_email = 'N'::bpchar) OR (p_channel_event = 'N'::bpchar))", "Startup Cost": 0.0, "Actual Rows": 299, "Node Type": "Seq Scan", "Plan Rows": 300, "Relation Name": "promotion", "Alias": "promotion", "Parallel Aware": false, "Actual Total Time": 0.081, "Parent Relationship": "Outer", "Actual Startup Time": 0.009, "Plan Width": 4, "Actual Loops": 1, "Rows Removed by Filter": 1, "Total Cost": 12.5}], "Actual Rows": 299, "Original Hash Buckets": 1024, "Hash Batches": 1, "Peak Memory Usage": 19, "Node Type": "Hash", "Plan Rows": 300, "Parallel Aware": false, "Actual Total Time": 0.118, "Parent Relationship": "Inner", "Actual Startup Time": 0.118, "Plan Width": 4, "Actual Loops": 1, "Original Hash Batches": 1, "Total Cost": 12.5}], "Node Type": "Hash Join", "Plan Rows": 185, "Join Type": "Inner", "Parallel Aware": false, "Actual Total Time": 1084.576, "Hash Cond": "(store_sales.ss_promo_sk = promotion.p_promo_sk)", "Parent Relationship": "Outer", "Actual Startup Time": 402.915, "Plan Width": 17, "Actual Loops": 1, "Total Cost": 146470.3}], "Node Type": "Aggregate", "Strategy": "Hashed", "Plan Rows": 185, "Parallel Aware": false, "Actual Total Time": 1089.961, "Group Key": ["item.i_item_id"], "Actual Startup Time": 1089.331, "Plan Width": 17, "Actual Loops": 1, "Total Cost": 146472.61}, "Triggers": []}]