[{"Execution Time": 559.244, "Planning Time": 0.375, "Plan": {"Partial Mode": "Simple", "Startup Cost": 90500.35, "Actual Rows": 453, "Plans": [{"Startup Cost": 3962.82, "Actual Rows": 281162, "Plans": [{"Startup Cost": 2501.12, "Actual Rows": 85047, "Plans": [{"Startup Cost": 0.0, "Actual Rows": 2485280, "Node Type": "Seq Scan", "Plan Rows": 2622557, "Relation Name": "store_sales", "Alias": "store_sales", "Parallel Aware": false, "Actual Total Time": 309.16, "Parent Relationship": "Outer", "Actual Startup Time": 0.024, "Plan Width": 8, "Actual Loops": 1, "Total Cost": 76687.57}, {"Hash Buckets": 1024, "Startup Cost": 2500.73, "Plans": [{"Filter": "((d_moy = 12) AND (d_year = 2002))", "Startup Cost": 0.0, "Actual Rows": 31, "Node Type": "Seq Scan", "Plan Rows": 31, "Relation Name": "date_dim", "Alias": "date_dim", "Parallel Aware": false, "Actual Total Time": 10.354, "Parent Relationship": "Outer", "Actual Startup Time": 5.798, "Plan Width": 4, "Actual Loops": 1, "Rows Removed by Filter": 73018, "Total Cost": 2500.73}], "Actual Rows": 31, "Original Hash Buckets": 1024, "Hash Batches": 1, "Peak Memory Usage": 10, "Node Type": "Hash", "Plan Rows": 31, "Parallel Aware": false, "Actual Total Time": 10.369, "Parent Relationship": "Inner", "Actual Startup Time": 10.369, "Plan Width": 4, "Actual Loops": 1, "Original Hash Batches": 1, "Total Cost": 2500.73}], "Node Type": "Hash Join", "Plan Rows": 1113, "Join Type": "Inner", "Parallel Aware": false, "Actual Total Time": 545.546, "Hash Cond": "(store_sales.ss_sold_date_sk = date_dim.d_date_sk)", "Parent Relationship": "Outer", "Actual Startup Time": 10.435, "Plan Width": 4, "Actual Loops": 1, "Total Cost": 89034.41}, {"Hash Buckets": 1024, "Startup Cost": 1461.0, "Plans": [{"Filter": "(i_manager_id = 91)", "Startup Cost": 0.0, "Actual Rows": 56, "Node Type": "Seq Scan", "Plan Rows": 56, "Relation Name": "item", "Alias": "item", "Parallel Aware": false, "Actual Total Time": 4.885, "Parent Relationship": "Outer", "Actual Startup Time": 0.158, "Plan Width": 114, "Actual Loops": 1, "Rows Removed by Filter": 17944, "Total Cost": 1461.0}], "Actual Rows": 56, "Original Hash Buckets": 1024, "Hash Batches": 1, "Peak Memory Usage": 17, "Node Type": "Hash", "Plan Rows": 56, "Parallel Aware": false, "Actual Total Time": 4.902, "Parent Relationship": "Inner", "Actual Startup Time": 4.902, "Plan Width": 114, "Actual Loops": 1, "Original Hash Batches": 1, "Total Cost": 1461.0}], "Node Type": "Hash Join", "Plan Rows": 3, "Join Type": "Inner", "Parallel Aware": false, "Actual Total Time": 558.649, "Hash Cond": "(store_sales.ss_item_sk = item.i_item_sk)", "Parent Relationship": "Outer", "Actual Startup Time": 19.962, "Plan Width": 110, "Actual Loops": 1, "Total Cost": 90500.32}], "Node Type": "Aggregate", "Strategy": "Hashed", "Plan Rows": 3, "Parallel Aware": false, "Actual Total Time": 559.208, "Group Key": ["item.i_brand", "item.i_brand_id", "item.i_manufact_id", "item.i_manufact"], "Actual Startup Time": 559.204, "Plan Width": 110, "Actual Loops": 1, "Total Cost": 90500.38}, "Triggers": []}]