[{"Execution Time": 865.016, "Planning Time": 0.227, "Plan": {"Partial Mode": "Simple", "Startup Cost": 89220.78, "Actual Rows": 249, "Plans": [{"Startup Cost": 2323.95, "Actual Rows": 378430227, "Plans": [{"Startup Cost": 2322.65, "Actual Rows": 501866, "Plans": [{"Startup Cost": 0.0, "Actual Rows": 2485280, "Node Type": "Seq Scan", "Plan Rows": 2622557, "Relation Name": "store_sales", "Alias": "store_sales", "Parallel Aware": false, "Actual Total Time": 306.115, "Parent Relationship": "Outer", "Actual Startup Time": 0.013, "Plan Width": 8, "Actual Loops": 1, "Total Cost": 76687.57}, {"Hash Buckets": 1024, "Startup Cost": 2318.11, "Plans": [{"Filter": "(d_year = 2000)", "Startup Cost": 0.0, "Actual Rows": 366, "Node Type": "Seq Scan", "Plan Rows": 363, "Relation Name": "date_dim", "Alias": "date_dim", "Parallel Aware": false, "Actual Total Time": 8.697, "Parent Relationship": "Outer", "Actual Startup Time": 4.343, "Plan Width": 4, "Actual Loops": 1, "Rows Removed by Filter": 72683, "Total Cost": 2318.11}], "Actual Rows": 366, "Original Hash Buckets": 1024, "Hash Batches": 1, "Peak Memory Usage": 21, "Node Type": "Hash", "Plan Rows": 363, "Parallel Aware": false, "Actual Total Time": 8.738, "Parent Relationship": "Inner", "Actual Startup Time": 8.738, "Plan Width": 4, "Actual Loops": 1, "Original Hash Batches": 1, "Total Cost": 2318.11}], "Node Type": "Hash Join", "Plan Rows": 13032, "Join Type": "Inner", "Parallel Aware": false, "Actual Total Time": 624.197, "Hash Cond": "(store_sales.ss_sold_date_sk = date_dim.d_date_sk)", "Parent Relationship": "Outer", "Actual Startup Time": 8.76, "Plan Width": 4, "Actual Loops": 1, "Total Cost": 88975.13}, {"Hash Buckets": 1024, "Startup Cost": 1.15, "Plans": [{"Filter": "(s_gmt_offset = '-5'::numeric)", "Startup Cost": 0.0, "Actual Rows": 12, "Node Type": "Seq Scan", "Plan Rows": 12, "Relation Name": "store", "Alias": "store", "Parallel Aware": false, "Actual Total Time": 0.01, "Parent Relationship": "Outer", "Actual Startup Time": 0.005, "Plan Width": 26, "Actual Loops": 1, "Rows Removed by Filter": 0, "Total Cost": 1.15}], "Actual Rows": 12, "Original Hash Buckets": 1024, "Hash Batches": 1, "Peak Memory Usage": 9, "Node Type": "Hash", "Plan Rows": 12, "Parallel Aware": false, "Actual Total Time": 0.014, "Parent Relationship": "Inner", "Actual Startup Time": 0.014, "Plan Width": 26, "Actual Loops": 1, "Original Hash Batches": 1, "Total Cost": 1.15}], "Node Type": "Hash Join", "Plan Rows": 13032, "Join Type": "Inner", "Parallel Aware": false, "Actual Total Time": 732.525, "Hash Cond": "(store_sales.ss_store_sk = store.s_store_sk)", "Parent Relationship": "Outer", "Actual Startup Time": 8.777, "Plan Width": 22, "Actual Loops": 1, "Total Cost": 89155.62}], "Node Type": "Aggregate", "Strategy": "Hashed", "Plan Rows": 8, "Parallel Aware": false, "Actual Total Time": 864.984, "Group Key": ["store.s_store_name", "store.s_store_id"], "Actual Startup Time": 864.983, "Plan Width": 22, "Actual Loops": 1, "Total Cost": 89220.86}, "Triggers": []}]