[{"Execution Time": 390.604, "Planning Time": 29.682, "Plan": {"Partial Mode": "Simple", "Startup Cost": 31499.64, "Actual Rows": 1026, "Plans": [{"Startup Cost": 2509.75, "Actual Rows": 143310279, "Plans": [{"Startup Cost": 2507.07, "Actual Rows": 130932, "Plans": [{"Startup Cost": 2505.62, "Actual Rows": 130933, "Plans": [{"Startup Cost": 2504.51, "Actual Rows": 130934, "Plans": [{"Startup Cost": 0.0, "Actual Rows": 648065, "Node Type": "Seq Scan", "Plan Rows": 719071, "Relation Name": "web_sales", "Alias": "web_sales", "Parallel Aware": false, "Actual Total Time": 98.904, "Parent Relationship": "Outer", "Actual Startup Time": 0.05, "Plan Width": 16, "Actual Loops": 1, "Total Cost": 26118.71}, {"Hash Buckets": 1024, "Startup Cost": 2500.73, "Plans": [{"Filter": "((d_month_seq >= 1212) AND (d_month_seq <= 1223))", "Startup Cost": 0.0, "Actual Rows": 365, "Node Type": "Seq Scan", "Plan Rows": 302, "Relation Name": "date_dim", "Alias": "date_dim", "Parallel Aware": false, "Actual Total Time": 45.666, "Parent Relationship": "Outer", "Actual Startup Time": 19.076, "Plan Width": 4, "Actual Loops": 1, "Rows Removed by Filter": 72684, "Total Cost": 2500.73}], "Actual Rows": 365, "Original Hash Buckets": 1024, "Hash Batches": 1, "Peak Memory Usage": 21, "Node Type": "Hash", "Plan Rows": 302, "Parallel Aware": false, "Actual Total Time": 45.871, "Parent Relationship": "Inner", "Actual Startup Time": 45.871, "Plan Width": 4, "Actual Loops": 1, "Original Hash Batches": 1, "Total Cost": 2500.73}], "Node Type": "Hash Join", "Plan Rows": 2973, "Join Type": "Inner", "Parallel Aware": false, "Actual Total Time": 245.986, "Hash Cond": "(web_sales.ws_ship_date_sk = date_dim.d_date_sk)", "Parent Relationship": "Outer", "Actual Startup Time": 46.011, "Plan Width": 12, "Actual Loops": 1, "Total Cost": 31349.47}, {"Hash Buckets": 1024, "Startup Cost": 1.05, "Plans": [{"Startup Cost": 0.0, "Actual Rows": 5, "Node Type": "Seq Scan", "Plan Rows": 5, "Relation Name": "warehouse", "Alias": "warehouse", "Parallel Aware": false, "Actual Total Time": 0.012, "Parent Relationship": "Outer", "Actual Startup Time": 0.008, "Plan Width": 22, "Actual Loops": 1, "Total Cost": 1.05}], "Actual Rows": 5, "Original Hash Buckets": 1024, "Hash Batches": 1, "Peak Memory Usage": 9, "Node Type": "Hash", "Plan Rows": 5, "Parallel Aware": false, "Actual Total Time": 0.016, "Parent Relationship": "Inner", "Actual Startup Time": 0.016, "Plan Width": 22, "Actual Loops": 1, "Original Hash Batches": 1, "Total Cost": 1.05}], "Node Type": "Hash Join", "Plan Rows": 2973, "Join Type": "Inner", "Parallel Aware": false, "Actual Total Time": 274.634, "Hash Cond": "(web_sales.ws_warehouse_sk = warehouse.w_warehouse_sk)", "Parent Relationship": "Outer", "Actual Startup Time": 46.04, "Plan Width": 26, "Actual Loops": 1, "Total Cost": 31391.46}, {"Hash Buckets": 1024, "Startup Cost": 1.2, "Plans": [{"Startup Cost": 0.0, "Actual Rows": 20, "Node Type": "Seq Scan", "Plan Rows": 20, "Relation Name": "ship_mode", "Alias": "ship_mode", "Parallel Aware": false, "Actual Total Time": 0.02, "Parent Relationship": "Outer", "Actual Startup Time": 0.01, "Plan Width": 35, "Actual Loops": 1, "Total Cost": 1.2}], "Actual Rows": 20, "Original Hash Buckets": 1024, "Hash Batches": 1, "Peak Memory Usage": 10, "Node Type": "Hash", "Plan Rows": 20, "Parallel Aware": false, "Actual Total Time": 0.032, "Parent Relationship": "Inner", "Actual Startup Time": 0.032, "Plan Width": 35, "Actual Loops": 1, "Original Hash Batches": 1, "Total Cost": 1.2}], "Node Type": "Hash Join", "Plan Rows": 2973, "Join Type": "Inner", "Parallel Aware": false, "Actual Total Time": 303.16, "Hash Cond": "(web_sales.ws_ship_mode_sk = ship_mode.sm_ship_mode_sk)", "Parent Relationship": "Outer", "Actual Startup Time": 46.085, "Plan Width": 53, "Actual Loops": 1, "Total Cost": 31433.79}, {"Hash Buckets": 1024, "Startup Cost": 2.3, "Plans": [{"Startup Cost": 0.0, "Actual Rows": 30, "Node Type": "Seq Scan", "Plan Rows": 30, "Relation Name": "web_site", "Alias": "web_site", "Parallel Aware": false, "Actual Total Time": 0.042, "Parent Relationship": "Outer", "Actual Startup Time": 0.017, "Plan Width": 11, "Actual Loops": 1, "Total Cost": 2.3}], "Actual Rows": 30, "Original Hash Buckets": 1024, "Hash Batches": 1, "Peak Memory Usage": 10, "Node Type": "Hash", "Plan Rows": 30, "Parallel Aware": false, "Actual Total Time": 0.063, "Parent Relationship": "Inner", "Actual Startup Time": 0.063, "Plan Width": 11, "Actual Loops": 1, "Original Hash Batches": 1, "Total Cost": 2.3}], "Node Type": "Hash Join", "Plan Rows": 2973, "Join Type": "Inner", "Parallel Aware": false, "Actual Total Time": 332.472, "Hash Cond": "(web_sales.ws_web_site_sk = web_site.web_site_sk)", "Parent Relationship": "Outer", "Actual Startup Time": 46.161, "Plan Width": 56, "Actual Loops": 1, "Total Cost": 31477.34}], "Node Type": "Aggregate", "Strategy": "Hashed", "Plan Rows": 120, "Parallel Aware": false, "Actual Total Time": 390.435, "Group Key": ["warehouse.w_warehouse_name", "ship_mode.sm_type", "web_site.web_name"], "Actual Startup Time": 390.419, "Plan Width": 56, "Actual Loops": 1, "Total Cost": 31500.84}, "Triggers": []}]