[{"Triggers": [], "Planning Time": 0.332, "Plan": {"Partial Mode": "Simple", "Startup Cost": 92463.65, "Plan Width": 17, "Plans": [{"Startup Cost": 5924.17, "Plan Width": 17, "Plans": [{"Startup Cost": 3984.45, "Plan Width": 21, "Plans": [{"Startup Cost": 2501.12, "Plan Width": 8, "Plans": [{"Startup Cost": 0.0, "Plan Width": 12, "Actual Total Time": 301.56, "Node Type": "Seq Scan", "Total Cost": 76687.57, "Plan Rows": 2622557, "Relation Name": "store_sales", "Alias": "store_sales", "Parallel Aware": false, "Actual Rows": 2485280, "Parent Relationship": "Outer", "Actual Startup Time": 0.024, "Actual Loops": 1}, {"Hash Buckets": 1024, "Startup Cost": 2500.73, "Plan Width": 4, "Plans": [{"Relation Name": "date_dim", "Startup Cost": 0.0, "Plan Width": 4, "Actual Total Time": 9.02, "Node Type": "Seq Scan", "Total Cost": 2500.73, "Plan Rows": 31, "Filter": "((d_year = 1998) AND (d_moy = 8))", "Alias": "date_dim", "Parallel Aware": false, "Actual Rows": 31, "Parent Relationship": "Outer", "Actual Startup Time": 4.4, "Rows Removed by Filter": 73018, "Actual Loops": 1}], "Original Hash Buckets": 1024, "Hash Batches": 1, "Node Type": "Hash", "Total Cost": 2500.73, "Plan Rows": 31, "Actual Total Time": 9.025, "Parallel Aware": false, "Actual Rows": 31, "Parent Relationship": "Inner", "Peak Memory Usage": 10, "Actual Startup Time": 9.025, "Original Hash Batches": 1, "Actual Loops": 1}], "Plan Rows": 1113, "Total Cost": 89034.41, "Node Type": "Hash Join", "Join Type": "Inner", "Actual Total Time": 531.915, "Parallel Aware": false, "Actual Rows": 53570, "Parent Relationship": "Outer", "Hash Cond": "(store_sales.ss_sold_date_sk = date_dim.d_date_sk)", "Actual Startup Time": 9.061, "Actual Loops": 1}, {"Hash Buckets": 2048, "Startup Cost": 1461.0, "Plan Width": 21, "Plans": [{"Relation Name": "item", "Startup Cost": 0.0, "Plan Width": 21, "Actual Total Time": 5.332, "Node Type": "Seq Scan", "Total Cost": 1461.0, "Plan Rows": 1786, "Filter": "(i_category = 'Children'::bpchar)", "Alias": "item", "Parallel Aware": false, "Actual Rows": 1786, "Parent Relationship": "Outer", "Actual Startup Time": 0.008, "Rows Removed by Filter": 16214, "Actual Loops": 1}], "Original Hash Buckets": 2048, "Hash Batches": 1, "Node Type": "Hash", "Total Cost": 1461.0, "Plan Rows": 1786, "Actual Total Time": 5.586, "Parallel Aware": false, "Actual Rows": 1786, "Parent Relationship": "Inner", "Peak Memory Usage": 114, "Actual Startup Time": 5.586, "Original Hash Batches": 1, "Actual Loops": 1}], "Plan Rows": 110, "Total Cost": 90523.01, "Node Type": "Hash Join", "Join Type": "Inner", "Actual Total Time": 548.4, "Parallel Aware": false, "Actual Rows": 5309, "Parent Relationship": "Outer", "Hash Cond": "(store_sales.ss_item_sk = item.i_item_sk)", "Actual Startup Time": 14.658, "Actual Loops": 1}, {"Hash Buckets": 32768, "Startup Cost": 1712.0, "Plan Width": 4, "Plans": [{"Relation Name": "customer_address", "Startup Cost": 0.0, "Plan Width": 4, "Actual Total Time": 11.615, "Node Type": "Seq Scan", "Total Cost": 1712.0, "Plan Rows": 18218, "Filter": "(ca_gmt_offset = '-5'::numeric)", "Alias": "customer_address", "Parallel Aware": false, "Actual Rows": 18246, "Parent Relationship": "Outer", "Actual Startup Time": 0.012, "Rows Removed by Filter": 31754, "Actual Loops": 1}], "Original Hash Buckets": 32768, "Hash Batches": 1, "Node Type": "Hash", "Total Cost": 1712.0, "Plan Rows": 18218, "Actual Total Time": 14.077, "Parallel Aware": false, "Actual Rows": 18246, "Parent Relationship": "Inner", "Peak Memory Usage": 898, "Actual Startup Time": 14.077, "Original Hash Batches": 1, "Actual Loops": 1}], "Plan Rows": 40, "Total Cost": 92463.55, "Node Type": "Hash Join", "Join Type": "Inner", "Actual Total Time": 564.315, "Parallel Aware": false, "Actual Rows": 2103332, "Parent Relationship": "Outer", "Hash Cond": "(store_sales.ss_addr_sk = customer_address.ca_address_sk)", "Actual Startup Time": 28.754, "Actual Loops": 1}], "Node Type": "Aggregate", "Total Cost": 92464.05, "Strategy": "Hashed", "Actual Total Time": 565.978, "Plan Rows": 40, "Parallel Aware": false, "Actual Rows": 14964, "Group Key": ["item.i_item_id"], "Actual Startup Time": 565.899, "Actual Loops": 1}, "Execution Time": 566.054}]