[{"Execution Time": 186.0, "Planning Time": 0.378, "Plan": {"Partial Mode": "Simple", "Startup Cost": 34744.14, "Actual Rows": 14964, "Plans": [{"Startup Cost": 5924.17, "Actual Rows": 562580, "Plans": [{"Startup Cost": 3984.45, "Actual Rows": 1340, "Plans": [{"Startup Cost": 2501.12, "Actual Rows": 14112, "Plans": [{"Startup Cost": 0.0, "Actual Rows": 648065, "Node Type": "Seq Scan", "Plan Rows": 719071, "Relation Name": "web_sales", "Alias": "web_sales", "Parallel Aware": false, "Actual Total Time": 93.57, "Parent Relationship": "Outer", "Actual Startup Time": 0.025, "Plan Width": 12, "Actual Loops": 1, "Total Cost": 26118.71}, {"Hash Buckets": 1024, "Startup Cost": 2500.73, "Plans": [{"Filter": "((d_year = 1998) AND (d_moy = 8))", "Startup Cost": 0.0, "Actual Rows": 31, "Node Type": "Seq Scan", "Plan Rows": 31, "Relation Name": "date_dim", "Alias": "date_dim", "Parallel Aware": false, "Actual Total Time": 8.659, "Parent Relationship": "Outer", "Actual Startup Time": 4.29, "Plan Width": 4, "Actual Loops": 1, "Rows Removed by Filter": 73018, "Total Cost": 2500.73}], "Actual Rows": 31, "Original Hash Buckets": 1024, "Hash Batches": 1, "Peak Memory Usage": 10, "Node Type": "Hash", "Plan Rows": 31, "Parallel Aware": false, "Actual Total Time": 8.664, "Parent Relationship": "Inner", "Actual Startup Time": 8.664, "Plan Width": 4, "Actual Loops": 1, "Original Hash Batches": 1, "Total Cost": 2500.73}], "Node Type": "Hash Join", "Plan Rows": 305, "Join Type": "Inner", "Parallel Aware": false, "Actual Total Time": 161.115, "Hash Cond": "(web_sales.ws_sold_date_sk = date_dim.d_date_sk)", "Parent Relationship": "Outer", "Actual Startup Time": 8.796, "Plan Width": 8, "Actual Loops": 1, "Total Cost": 31319.4}, {"Hash Buckets": 2048, "Startup Cost": 1461.0, "Plans": [{"Filter": "(i_category = 'Children'::bpchar)", "Startup Cost": 0.0, "Actual Rows": 1786, "Node Type": "Seq Scan", "Plan Rows": 1786, "Relation Name": "item", "Alias": "item", "Parallel Aware": false, "Actual Total Time": 5.154, "Parent Relationship": "Outer", "Actual Startup Time": 0.009, "Plan Width": 21, "Actual Loops": 1, "Rows Removed by Filter": 16214, "Total Cost": 1461.0}], "Actual Rows": 1786, "Original Hash Buckets": 2048, "Hash Batches": 1, "Peak Memory Usage": 114, "Node Type": "Hash", "Plan Rows": 1786, "Parallel Aware": false, "Actual Total Time": 5.446, "Parent Relationship": "Inner", "Actual Startup Time": 5.446, "Plan Width": 21, "Actual Loops": 1, "Original Hash Batches": 1, "Total Cost": 1461.0}], "Node Type": "Hash Join", "Plan Rows": 30, "Join Type": "Inner", "Parallel Aware": false, "Actual Total Time": 169.468, "Hash Cond": "(web_sales.ws_item_sk = item.i_item_sk)", "Parent Relationship": "Outer", "Actual Startup Time": 14.52, "Plan Width": 21, "Actual Loops": 1, "Total Cost": 32804.17}, {"Hash Buckets": 32768, "Startup Cost": 1712.0, "Plans": [{"Filter": "(ca_gmt_offset = '-5'::numeric)", "Startup Cost": 0.0, "Actual Rows": 18246, "Node Type": "Seq Scan", "Plan Rows": 18218, "Relation Name": "customer_address", "Alias": "customer_address", "Parallel Aware": false, "Actual Total Time": 12.542, "Parent Relationship": "Outer", "Actual Startup Time": 0.008, "Plan Width": 4, "Actual Loops": 1, "Rows Removed by Filter": 31754, "Total Cost": 1712.0}], "Actual Rows": 18246, "Original Hash Buckets": 32768, "Hash Batches": 1, "Peak Memory Usage": 898, "Node Type": "Hash", "Plan Rows": 18218, "Parallel Aware": false, "Actual Total Time": 15.488, "Parent Relationship": "Inner", "Actual Startup Time": 15.488, "Plan Width": 4, "Actual Loops": 1, "Original Hash Batches": 1, "Total Cost": 1712.0}], "Node Type": "Hash Join", "Plan Rows": 11, "Join Type": "Inner", "Parallel Aware": false, "Actual Total Time": 185.471, "Hash Cond": "(web_sales.ws_bill_addr_sk = customer_address.ca_address_sk)", "Parent Relationship": "Outer", "Actual Startup Time": 30.025, "Plan Width": 17, "Actual Loops": 1, "Total Cost": 34744.12}], "Node Type": "Aggregate", "Strategy": "Hashed", "Plan Rows": 11, "Parallel Aware": false, "Actual Total Time": 185.942, "Group Key": ["item.i_item_id"], "Actual Startup Time": 185.896, "Plan Width": 17, "Actual Loops": 1, "Total Cost": 34744.25}, "Triggers": []}]