[{"Execution Time": 1756.485, "Planning Time": 0.288, "Plan": {"Partial Mode": "Simple", "Startup Cost": 91297.22, "Actual Rows": 384051426, "Plans": [{"Startup Cost": 89271.88, "Actual Rows": 550200951, "Plans": [{"Startup Cost": 89270.61, "Actual Rows": 495555, "Plans": [{"Startup Cost": 0.0, "Actual Rows": 18000, "Node Type": "Seq Scan", "Plan Rows": 18000, "Relation Name": "item", "Alias": "item", "Parallel Aware": false, "Actual Total Time": 2.816, "Parent Relationship": "Outer", "Actual Startup Time": 0.003, "Plan Width": 208, "Actual Loops": 1, "Total Cost": 1416.0}, {"Hash Buckets": 131072, "Startup Cost": 89135.09, "Plans": [{"Startup Cost": 2504.51, "Actual Rows": 495555, "Plans": [{"Startup Cost": 0.0, "Actual Rows": 2485280, "Node Type": "Seq Scan", "Plan Rows": 2622557, "Relation Name": "store_sales", "Alias": "store_sales", "Parallel Aware": false, "Actual Total Time": 295.561, "Parent Relationship": "Outer", "Actual Startup Time": 0.056, "Plan Width": 12, "Actual Loops": 1, "Total Cost": 76687.57}, {"Hash Buckets": 1024, "Startup Cost": 2500.73, "Plans": [{"Filter": "((d_month_seq >= 1214) AND (d_month_seq <= 1225))", "Startup Cost": 0.0, "Actual Rows": 365, "Node Type": "Seq Scan", "Plan Rows": 302, "Relation Name": "date_dim", "Alias": "date_dim", "Parallel Aware": false, "Actual Total Time": 8.707, "Parent Relationship": "Outer", "Actual Startup Time": 4.055, "Plan Width": 16, "Actual Loops": 1, "Rows Removed by Filter": 72684, "Total Cost": 2500.73}], "Actual Rows": 365, "Original Hash Buckets": 1024, "Hash Batches": 1, "Peak Memory Usage": 26, "Node Type": "Hash", "Plan Rows": 302, "Parallel Aware": false, "Actual Total Time": 8.778, "Parent Relationship": "Inner", "Actual Startup Time": 8.777, "Plan Width": 16, "Actual Loops": 1, "Original Hash Batches": 1, "Total Cost": 2500.73}], "Node Type": "Hash Join", "Plan Rows": 10842, "Join Type": "Inner", "Parallel Aware": false, "Actual Total Time": 616.286, "Hash Cond": "(store_sales.ss_sold_date_sk = date_dim.d_date_sk)", "Parent Relationship": "Outer", "Actual Startup Time": 8.848, "Plan Width": 20, "Actual Loops": 1, "Total Cost": 89135.09}], "Actual Rows": 495555, "Original Hash Buckets": 16384, "Hash Batches": 16, "Peak Memory Usage": 4075, "Node Type": "Hash", "Plan Rows": 10842, "Parallel Aware": false, "Actual Total Time": 731.377, "Parent Relationship": "Inner", "Actual Startup Time": 731.377, "Plan Width": 20, "Actual Loops": 1, "Original Hash Batches": 1, "Total Cost": 89135.09}], "Node Type": "Hash Join", "Plan Rows": 10842, "Join Type": "Inner", "Parallel Aware": false, "Actual Total Time": 957.469, "Hash Cond": "(item.i_item_sk = store_sales.ss_item_sk)", "Parent Relationship": "Outer", "Actual Startup Time": 731.463, "Plan Width": 220, "Actual Loops": 1, "Total Cost": 90930.03}, {"Hash Buckets": 1024, "Startup Cost": 1.12, "Plans": [{"Startup Cost": 0.0, "Actual Rows": 12, "Node Type": "Seq Scan", "Plan Rows": 12, "Relation Name": "store", "Alias": "store", "Parallel Aware": false, "Actual Total Time": 0.005, "Parent Relationship": "Outer", "Actual Startup Time": 0.004, "Plan Width": 21, "Actual Loops": 1, "Total Cost": 1.12}], "Actual Rows": 12, "Original Hash Buckets": 1024, "Hash Batches": 1, "Peak Memory Usage": 9, "Node Type": "Hash", "Plan Rows": 12, "Parallel Aware": false, "Actual Total Time": 0.009, "Parent Relationship": "Inner", "Actual Startup Time": 0.009, "Plan Width": 21, "Actual Loops": 1, "Original Hash Batches": 1, "Total Cost": 1.12}], "Node Type": "Hash Join", "Plan Rows": 10842, "Join Type": "Inner", "Parallel Aware": false, "Actual Total Time": 1070.359, "Hash Cond": "(store_sales.ss_store_sk = store.s_store_sk)", "Parent Relationship": "Outer", "Actual Startup Time": 731.476, "Plan Width": 233, "Actual Loops": 1, "Total Cost": 91080.38}], "Node Type": "Aggregate", "Strategy": "Hashed", "Plan Rows": 10842, "Parallel Aware": false, "Actual Total Time": 1740.588, "Group Key": ["item.i_category", "item.i_class", "item.i_brand", "item.i_product_name", "date_dim.d_year", "date_dim.d_qoy", "date_dim.d_moy", "store.s_store_id"], "Actual Startup Time": 1610.08, "Plan Width": 233, "Actual Loops": 1, "Total Cost": 91405.64}, "Triggers": []}]