[{"Execution Time": 1774.758, "Planning Time": 0.263, "Plan": {"Partial Mode": "Simple", "Startup Cost": 92017.49, "Actual Rows": 135897, "Plans": [{"Startup Cost": 4696.17, "Actual Rows": 804788232, "Plans": [{"Startup Cost": 4694.9, "Actual Rows": 613131, "Plans": [{"Startup Cost": 3053.9, "Actual Rows": 613131, "Plans": [{"Startup Cost": 0.0, "Actual Rows": 2485280, "Node Type": "Seq Scan", "Plan Rows": 2622557, "Relation Name": "store_sales", "Alias": "store_sales", "Parallel Aware": false, "Actual Total Time": 337.381, "Parent Relationship": "Outer", "Actual Startup Time": 0.045, "Plan Width": 12, "Actual Loops": 1, "Total Cost": 76687.57}, {"Hash Buckets": 1024, "Startup Cost": 3048.6, "Plans": [{"Filter": "((d_year = 2000) OR ((d_year = 1999) AND (d_moy = 12)) OR ((d_year = 2001) AND (d_moy = 1)))", "Startup Cost": 0.0, "Actual Rows": 428, "Node Type": "Seq Scan", "Plan Rows": 424, "Relation Name": "date_dim", "Alias": "date_dim", "Parallel Aware": false, "Actual Total Time": 18.816, "Parent Relationship": "Outer", "Actual Startup Time": 10.728, "Plan Width": 12, "Actual Loops": 1, "Rows Removed by Filter": 72621, "Total Cost": 3048.6}], "Actual Rows": 428, "Original Hash Buckets": 1024, "Hash Batches": 1, "Peak Memory Usage": 27, "Node Type": "Hash", "Plan Rows": 424, "Parallel Aware": false, "Actual Total Time": 18.881, "Parent Relationship": "Inner", "Actual Startup Time": 18.881, "Plan Width": 12, "Actual Loops": 1, "Original Hash Batches": 1, "Total Cost": 3048.6}], "Node Type": "Hash Join", "Plan Rows": 15222, "Join Type": "Inner", "Parallel Aware": false, "Actual Total Time": 711.862, "Hash Cond": "(store_sales.ss_sold_date_sk = date_dim.d_date_sk)", "Parent Relationship": "Outer", "Actual Startup Time": 18.955, "Plan Width": 16, "Actual Loops": 1, "Total Cost": 89728.28}, {"Hash Buckets": 32768, "Startup Cost": 1416.0, "Plans": [{"Startup Cost": 0.0, "Actual Rows": 18000, "Node Type": "Seq Scan", "Plan Rows": 18000, "Relation Name": "item", "Alias": "item", "Parallel Aware": false, "Actual Total Time": 5.29, "Parent Relationship": "Outer", "Actual Startup Time": 0.002, "Plan Width": 106, "Actual Loops": 1, "Total Cost": 1416.0}], "Actual Rows": 18000, "Original Hash Buckets": 32768, "Hash Batches": 1, "Peak Memory Usage": 2713, "Node Type": "Hash", "Plan Rows": 18000, "Parallel Aware": false, "Actual Total Time": 8.674, "Parent Relationship": "Inner", "Actual Startup Time": 8.674, "Plan Width": 106, "Actual Loops": 1, "Original Hash Batches": 1, "Total Cost": 1416.0}], "Node Type": "Hash Join", "Plan Rows": 15222, "Join Type": "Inner", "Parallel Aware": false, "Actual Total Time": 987.268, "Hash Cond": "(store_sales.ss_item_sk = item.i_item_sk)", "Parent Relationship": "Outer", "Actual Startup Time": 27.643, "Plan Width": 114, "Actual Loops": 1, "Total Cost": 91578.58}, {"Hash Buckets": 1024, "Startup Cost": 1.12, "Plans": [{"Startup Cost": 0.0, "Actual Rows": 12, "Node Type": "Seq Scan", "Plan Rows": 12, "Relation Name": "store", "Alias": "store", "Parallel Aware": false, "Actual Total Time": 0.005, "Parent Relationship": "Outer", "Actual Startup Time": 0.004, "Plan Width": 17, "Actual Loops": 1, "Total Cost": 1.12}], "Actual Rows": 12, "Original Hash Buckets": 1024, "Hash Batches": 1, "Peak Memory Usage": 9, "Node Type": "Hash", "Plan Rows": 12, "Parallel Aware": false, "Actual Total Time": 0.011, "Parent Relationship": "Inner", "Actual Startup Time": 0.011, "Plan Width": 17, "Actual Loops": 1, "Original Hash Batches": 1, "Total Cost": 1.12}], "Node Type": "Hash Join", "Plan Rows": 15222, "Join Type": "Inner", "Parallel Aware": false, "Actual Total Time": 1130.574, "Hash Cond": "(store_sales.ss_store_sk = store.s_store_sk)", "Parent Relationship": "Outer", "Actual Startup Time": 27.657, "Plan Width": 123, "Actual Loops": 1, "Total Cost": 91789.16}], "Node Type": "Aggregate", "Strategy": "Hashed", "Plan Rows": 15222, "Parallel Aware": false, "Actual Total Time": 1772.598, "Group Key": ["item.i_category", "item.i_brand", "store.s_store_name", "store.s_company_name", "date_dim.d_year", "date_dim.d_moy"], "Actual Startup Time": 1754.223, "Plan Width": 123, "Actual Loops": 1, "Total Cost": 92169.71}, "Triggers": []}]