[{"Execution Time": 524.287, "Planning Time": 0.215, "Plan": {"Partial Mode": "Simple", "Startup Cost": 90409.62, "Actual Rows": 184, "Plans": [{"Startup Cost": 3852.15, "Actual Rows": 119271, "Plans": [{"Startup Cost": 1461.2, "Actual Rows": 399, "Plans": [{"Startup Cost": 0.0, "Actual Rows": 2485280, "Node Type": "Seq Scan", "Plan Rows": 2622557, "Relation Name": "store_sales", "Alias": "store_sales", "Parallel Aware": false, "Actual Total Time": 289.663, "Parent Relationship": "Outer", "Actual Startup Time": 0.032, "Plan Width": 8, "Actual Loops": 1, "Total Cost": 76687.57}, {"Hash Buckets": 1024, "Startup Cost": 1461.0, "Plans": [{"Filter": "(i_manufact_id = 783)", "Startup Cost": 0.0, "Actual Rows": 3, "Node Type": "Seq Scan", "Plan Rows": 16, "Relation Name": "item", "Alias": "item", "Parallel Aware": false, "Actual Total Time": 4.399, "Parent Relationship": "Outer", "Actual Startup Time": 2.583, "Plan Width": 59, "Actual Loops": 1, "Rows Removed by Filter": 17997, "Total Cost": 1461.0}], "Actual Rows": 3, "Original Hash Buckets": 1024, "Hash Batches": 1, "Peak Memory Usage": 9, "Node Type": "Hash", "Plan Rows": 16, "Parallel Aware": false, "Actual Total Time": 4.403, "Parent Relationship": "Inner", "Actual Startup Time": 4.403, "Plan Width": 59, "Actual Loops": 1, "Original Hash Batches": 1, "Total Cost": 1461.0}], "Node Type": "Hash Join", "Plan Rows": 2331, "Join Type": "Inner", "Parallel Aware": false, "Actual Total Time": 512.977, "Hash Cond": "(store_sales.ss_item_sk = item.i_item_sk)", "Parent Relationship": "Outer", "Actual Startup Time": 5.153, "Plan Width": 59, "Actual Loops": 1, "Total Cost": 88006.67}, {"Hash Buckets": 8192, "Startup Cost": 2318.11, "Plans": [{"Filter": "(d_moy = 11)", "Startup Cost": 0.0, "Actual Rows": 6000, "Node Type": "Seq Scan", "Plan Rows": 5827, "Relation Name": "date_dim", "Alias": "date_dim", "Parallel Aware": false, "Actual Total Time": 10.071, "Parent Relationship": "Outer", "Actual Startup Time": 0.045, "Plan Width": 8, "Actual Loops": 1, "Rows Removed by Filter": 67049, "Total Cost": 2318.11}], "Actual Rows": 6000, "Original Hash Buckets": 8192, "Hash Batches": 1, "Peak Memory Usage": 299, "Node Type": "Hash", "Plan Rows": 5827, "Parallel Aware": false, "Actual Total Time": 10.808, "Parent Relationship": "Inner", "Actual Startup Time": 10.808, "Plan Width": 8, "Actual Loops": 1, "Original Hash Batches": 1, "Total Cost": 2318.11}], "Node Type": "Hash Join", "Plan Rows": 186, "Join Type": "Inner", "Parallel Aware": false, "Actual Total Time": 524.059, "Hash Cond": "(store_sales.ss_sold_date_sk = date_dim.d_date_sk)", "Parent Relationship": "Outer", "Actual Startup Time": 65.403, "Plan Width": 59, "Actual Loops": 1, "Total Cost": 90408.22}], "Node Type": "Aggregate", "Strategy": "Hashed", "Plan Rows": 186, "Parallel Aware": false, "Actual Total Time": 524.249, "Group Key": ["date_dim.d_year", "item.i_brand", "item.i_brand_id"], "Actual Startup Time": 524.248, "Plan Width": 59, "Actual Loops": 1, "Total Cost": 90411.48}, "Triggers": []}]