[{"Execution Time": 1314.493, "Planning Time": 0.687, "Plan": {"Partial Mode": "Simple", "Startup Cost": 126170.03, "Actual Rows": 170697, "Plans": [{"Startup Cost": 109893.07, "Actual Rows": 80251129, "Plans": [{"Startup Cost": 107681.07, "Actual Rows": 74602, "Plans": [{"Startup Cost": 31380.07, "Actual Rows": 74602, "Plans": [{"Startup Cost": 0.0, "Actual Rows": 94736, "Node Type": "Seq Scan", "Plan Rows": 100000, "Relation Name": "customer", "Alias": "customer", "Parallel Aware": false, "Actual Total Time": 9.137, "Parent Relationship": "Outer", "Actual Startup Time": 0.008, "Plan Width": 12, "Actual Loops": 1, "Total Cost": 3855.0}, {"Hash Buckets": 131072, "Startup Cost": 31346.36, "Plans": [{"Startup Cost": 2504.16, "Actual Rows": 74602, "Plans": [{"Startup Cost": 0.0, "Actual Rows": 648065, "Node Type": "Seq Scan", "Plan Rows": 719071, "Relation Name": "web_sales", "Alias": "web_sales", "Parallel Aware": false, "Actual Total Time": 91.945, "Parent Relationship": "Outer", "Actual Startup Time": 0.039, "Plan Width": 8, "Actual Loops": 1, "Total Cost": 26118.71}, {"Hash Buckets": 1024, "Startup Cost": 2500.73, "Plans": [{"Filter": "((d_qoy < 4) AND (d_year = 2001))", "Startup Cost": 0.0, "Actual Rows": 274, "Node Type": "Seq Scan", "Plan Rows": 274, "Relation Name": "date_dim", "Alias": "date_dim", "Parallel Aware": false, "Actual Total Time": 17.028, "Parent Relationship": "Outer", "Actual Startup Time": 11.09, "Plan Width": 4, "Actual Loops": 1, "Rows Removed by Filter": 72775, "Total Cost": 2500.73}], "Actual Rows": 274, "Original Hash Buckets": 1024, "Hash Batches": 1, "Peak Memory Usage": 18, "Node Type": "Hash", "Plan Rows": 274, "Parallel Aware": false, "Actual Total Time": 17.063, "Parent Relationship": "Inner", "Actual Startup Time": 17.063, "Plan Width": 4, "Actual Loops": 1, "Original Hash Batches": 1, "Total Cost": 2500.73}], "Node Type": "Hash Join", "Plan Rows": 2697, "Join Type": "Inner", "Parallel Aware": false, "Actual Total Time": 178.223, "Hash Cond": "(web_sales.ws_sold_date_sk = date_dim.d_date_sk)", "Parent Relationship": "Outer", "Actual Startup Time": 17.136, "Plan Width": 4, "Actual Loops": 1, "Total Cost": 31346.36}], "Actual Rows": 74602, "Original Hash Buckets": 4096, "Hash Batches": 1, "Peak Memory Usage": 3647, "Node Type": "Hash", "Plan Rows": 2697, "Parallel Aware": false, "Actual Total Time": 189.33, "Parent Relationship": "Inner", "Actual Startup Time": 189.33, "Plan Width": 4, "Actual Loops": 1, "Original Hash Batches": 1, "Total Cost": 31346.36}], "Node Type": "Hash Join", "Plan Rows": 2697, "Join Type": "Inner", "Parallel Aware": false, "Actual Total Time": 223.649, "Hash Cond": "(customer.c_customer_sk = web_sales.ws_bill_customer_sk)", "Parent Relationship": "Outer", "Actual Startup Time": 189.363, "Plan Width": 8, "Actual Loops": 1, "Total Cost": 36262.04}, {"Hash Buckets": 65536, "Startup Cost": 41036.0, "Plans": [{"Startup Cost": 0.0, "Actual Rows": 1920800, "Node Type": "Seq Scan", "Plan Rows": 1920800, "Relation Name": "customer_demographics", "Alias": "customer_demographics", "Parallel Aware": false, "Actual Total Time": 381.289, "Parent Relationship": "Outer", "Actual Startup Time": 0.013, "Plan Width": 20, "Actual Loops": 1, "Total Cost": 41036.0}], "Actual Rows": 1920800, "Original Hash Buckets": 65536, "Hash Batches": 32, "Peak Memory Usage": 3581, "Node Type": "Hash", "Plan Rows": 1920800, "Parallel Aware": false, "Actual Total Time": 817.261, "Parent Relationship": "Inner", "Actual Startup Time": 817.261, "Plan Width": 20, "Actual Loops": 1, "Original Hash Batches": 32, "Total Cost": 41036.0}], "Node Type": "Hash Join", "Plan Rows": 2697, "Join Type": "Inner", "Parallel Aware": false, "Actual Total Time": 1240.361, "Hash Cond": "(customer.c_current_cdemo_sk = customer_demographics.cd_demo_sk)", "Parent Relationship": "Outer", "Actual Startup Time": 1007.457, "Plan Width": 20, "Actual Loops": 1, "Total Cost": 123880.49}, {"Hash Buckets": 65536, "Startup Cost": 1587.0, "Plans": [{"Startup Cost": 0.0, "Actual Rows": 50000, "Node Type": "Seq Scan", "Plan Rows": 50000, "Relation Name": "customer_address", "Alias": "customer_address", "Parallel Aware": false, "Actual Total Time": 12.36, "Parent Relationship": "Outer", "Actual Startup Time": 0.006, "Plan Width": 7, "Actual Loops": 1, "Total Cost": 1587.0}], "Actual Rows": 50000, "Original Hash Buckets": 65536, "Hash Batches": 1, "Peak Memory Usage": 2460, "Node Type": "Hash", "Plan Rows": 50000, "Parallel Aware": false, "Actual Total Time": 23.173, "Parent Relationship": "Inner", "Actual Startup Time": 23.173, "Plan Width": 7, "Actual Loops": 1, "Original Hash Batches": 1, "Total Cost": 1587.0}], "Node Type": "Hash Join", "Plan Rows": 2697, "Join Type": "Inner", "Parallel Aware": false, "Actual Total Time": 1282.166, "Hash Cond": "(customer.c_current_addr_sk = customer_address.ca_address_sk)", "Parent Relationship": "Outer", "Actual Startup Time": 1030.654, "Plan Width": 19, "Actual Loops": 1, "Total Cost": 126129.58}], "Node Type": "Aggregate", "Strategy": "Hashed", "Plan Rows": 2697, "Parallel Aware": false, "Actual Total Time": 1314.23, "Group Key": ["customer_address.ca_state", "customer_demographics.cd_gender", "customer_demographics.cd_marital_status", "customer_demographics.cd_dep_count", "customer_demographics.cd_dep_employed_count", "customer_demographics.cd_dep_college_count"], "Actual Startup Time": 1313.359, "Plan Width": 19, "Actual Loops": 1, "Total Cost": 126197.0}, "Triggers": []}]