[{"Execution Time": 1163.908, "Planning Time": 1.881, "Plan": {"Partial Mode": "Simple", "Startup Cost": 93995.38, "Actual Rows": 38410566, "Plans": [{"Startup Cost": 89301.78, "Actual Rows": 551740739, "Plans": [{"Startup Cost": 0.0, "Actual Rows": 94736, "Node Type": "Seq Scan", "Plan Rows": 100000, "Relation Name": "customer", "Alias": "customer", "Parallel Aware": false, "Actual Total Time": 10.348, "Parent Relationship": "Outer", "Actual Startup Time": 0.006, "Plan Width": 56, "Actual Loops": 1, "Total Cost": 3855.0}, {"Hash Buckets": 131072, "Startup Cost": 89149.2, "Plans": [{"Startup Cost": 2504.98, "Actual Rows": 492322, "Plans": [{"Startup Cost": 0.0, "Actual Rows": 2485280, "Node Type": "Seq Scan", "Plan Rows": 2622557, "Relation Name": "store_sales", "Alias": "store_sales", "Parallel Aware": false, "Actual Total Time": 307.764, "Parent Relationship": "Outer", "Actual Startup Time": 0.027, "Plan Width": 8, "Actual Loops": 1, "Total Cost": 76687.57}, {"Hash Buckets": 1024, "Startup Cost": 2500.73, "Plans": [{"Filter": "((d_month_seq >= 1191) AND (d_month_seq <= 1202))", "Startup Cost": 0.0, "Actual Rows": 366, "Node Type": "Seq Scan", "Plan Rows": 340, "Relation Name": "date_dim", "Alias": "date_dim", "Parallel Aware": false, "Actual Total Time": 9.552, "Parent Relationship": "Outer", "Actual Startup Time": 4.285, "Plan Width": 8, "Actual Loops": 1, "Rows Removed by Filter": 72683, "Total Cost": 2500.73}], "Actual Rows": 366, "Original Hash Buckets": 1024, "Hash Batches": 1, "Peak Memory Usage": 23, "Node Type": "Hash", "Plan Rows": 340, "Parallel Aware": false, "Actual Total Time": 9.605, "Parent Relationship": "Inner", "Actual Startup Time": 9.605, "Plan Width": 8, "Actual Loops": 1, "Original Hash Batches": 1, "Total Cost": 2500.73}], "Node Type": "Hash Join", "Plan Rows": 12206, "Join Type": "Inner", "Parallel Aware": false, "Actual Total Time": 624.118, "Hash Cond": "(store_sales.ss_sold_date_sk = date_dim.d_date_sk)", "Parent Relationship": "Outer", "Actual Startup Time": 9.646, "Plan Width": 8, "Actual Loops": 1, "Total Cost": 89149.2}], "Actual Rows": 492322, "Original Hash Buckets": 16384, "Hash Batches": 8, "Peak Memory Usage": 3392, "Node Type": "Hash", "Plan Rows": 12206, "Parallel Aware": false, "Actual Total Time": 716.879, "Parent Relationship": "Inner", "Actual Startup Time": 716.879, "Plan Width": 8, "Actual Loops": 1, "Original Hash Batches": 1, "Total Cost": 89149.2}], "Node Type": "Hash Join", "Plan Rows": 12206, "Join Type": "Inner", "Parallel Aware": false, "Actual Total Time": 929.491, "Hash Cond": "(customer.c_customer_sk = store_sales.ss_customer_sk)", "Parent Relationship": "Outer", "Actual Startup Time": 716.994, "Plan Width": 56, "Actual Loops": 1, "Total Cost": 93903.84}], "Node Type": "Aggregate", "Strategy": "Hashed", "Plan Rows": 12206, "Parallel Aware": false, "Actual Total Time": 1162.252, "Group Key": ["customer.c_last_name", "customer.c_first_name", "date_dim.d_date"], "Actual Startup Time": 1149.421, "Plan Width": 56, "Actual Loops": 1, "Total Cost": 94117.44}, "Triggers": []}]