[{"Execution Time": 24571.864, "Planning Time": 0.229, "Plan": {"Startup Cost": 10000251855.13, "Actual Rows": 199808, "Plans": [{"Plans": [{"Startup Cost": 4656.62, "Actual Rows": 2385000, "Plans": [{"Startup Cost": 4655.51, "Actual Rows": 2385000, "Plans": [{"Startup Cost": 2504.51, "Actual Rows": 2385000, "Plans": [{"Startup Cost": 0.0, "Actual Rows": 11745000, "Node Type": "Seq Scan", "Plan Rows": 11744888, "Relation Name": "inventory", "Alias": "inventory", "Parallel Aware": false, "Actual Total Time": 1028.992, "Parent Relationship": "Outer", "Actual Startup Time": 0.039, "Plan Width": 12, "Actual Loops": 1, "Total Cost": 191848.88}, {"Hash Buckets": 1024, "Startup Cost": 2500.73, "Plans": [{"Filter": "((d_month_seq >= 1199) AND (d_month_seq <= 1210))", "Startup Cost": 0.0, "Actual Rows": 366, "Node Type": "Seq Scan", "Plan Rows": 302, "Relation Name": "date_dim", "Alias": "date_dim", "Parallel Aware": false, "Actual Total Time": 11.281, "Parent Relationship": "Outer", "Actual Startup Time": 4.434, "Plan Width": 4, "Actual Loops": 1, "Rows Removed by Filter": 72683, "Total Cost": 2500.73}], "Actual Rows": 366, "Original Hash Buckets": 1024, "Hash Batches": 1, "Peak Memory Usage": 21, "Node Type": "Hash", "Plan Rows": 302, "Parallel Aware": false, "Actual Total Time": 11.344, "Parent Relationship": "Inner", "Actual Startup Time": 11.344, "Plan Width": 4, "Actual Loops": 1, "Original Hash Batches": 1, "Total Cost": 2500.73}], "Node Type": "Hash Join", "Plan Rows": 48556, "Join Type": "Inner", "Parallel Aware": false, "Actual Total Time": 2373.674, "Hash Cond": "(inventory.inv_date_sk = date_dim.d_date_sk)", "Parent Relationship": "Outer", "Actual Startup Time": 755.187, "Plan Width": 8, "Actual Loops": 1, "Total Cost": 238882.28}, {"Hash Buckets": 32768, "Startup Cost": 1416.0, "Plans": [{"Startup Cost": 0.0, "Actual Rows": 18000, "Node Type": "Seq Scan", "Plan Rows": 18000, "Relation Name": "item", "Alias": "item", "Parallel Aware": false, "Actual Total Time": 5.347, "Parent Relationship": "Outer", "Actual Startup Time": 0.003, "Plan Width": 208, "Actual Loops": 1, "Total Cost": 1416.0}], "Actual Rows": 18000, "Original Hash Buckets": 32768, "Hash Batches": 2, "Peak Memory Usage": 2385, "Node Type": "Hash", "Plan Rows": 18000, "Parallel Aware": false, "Actual Total Time": 11.189, "Parent Relationship": "Inner", "Actual Startup Time": 11.189, "Plan Width": 208, "Actual Loops": 1, "Original Hash Batches": 2, "Total Cost": 1416.0}], "Node Type": "Hash Join", "Plan Rows": 48556, "Join Type": "Inner", "Parallel Aware": false, "Actual Total Time": 3411.428, "Hash Cond": "(inventory.inv_item_sk = item.i_item_sk)", "Parent Relationship": "Outer", "Actual Startup Time": 766.398, "Plan Width": 208, "Actual Loops": 1, "Total Cost": 242590.93}, {"Hash Buckets": 1024, "Startup Cost": 1.05, "Plans": [{"Startup Cost": 0.0, "Actual Rows": 5, "Node Type": "Seq Scan", "Plan Rows": 5, "Relation Name": "warehouse", "Alias": "warehouse", "Parallel Aware": false, "Actual Total Time": 0.004, "Parent Relationship": "Outer", "Actual Startup Time": 0.004, "Plan Width": 4, "Actual Loops": 1, "Total Cost": 1.05}], "Actual Rows": 5, "Original Hash Buckets": 1024, "Hash Batches": 1, "Peak Memory Usage": 9, "Node Type": "Hash", "Plan Rows": 5, "Parallel Aware": false, "Actual Total Time": 0.006, "Parent Relationship": "Inner", "Actual Startup Time": 0.006, "Plan Width": 4, "Actual Loops": 1, "Original Hash Batches": 1, "Total Cost": 1.05}], "Node Type": "Hash Join", "Plan Rows": 48556, "Join Type": "Inner", "Parallel Aware": false, "Actual Total Time": 3897.911, "Hash Cond": "(inventory.inv_warehouse_sk = warehouse.w_warehouse_sk)", "Parent Relationship": "Outer", "Actual Startup Time": 766.408, "Plan Width": 204, "Actual Loops": 1, "Total Cost": 243259.68}], "Startup Cost": 10000251855.13, "Actual Rows": 159000000, "Sort Space Type": "Disk", "Sort Key": ["item.i_product_name", "item.i_brand", "item.i_class", "item.i_category"], "Node Type": "Sort", "Plan Rows": 48556, "Sort Space Used": 497688, "Sort Method": "external merge", "Parallel Aware": false, "Actual Total Time": 23391.563, "Parent Relationship": "Outer", "Actual Startup Time": 20197.479, "Plan Width": 204, "Actual Loops": 1, "Total Cost": 10000251976.52}], "Node Type": "Unique", "Plan Rows": 17964, "Parallel Aware": false, "Actual Total Time": 24504.369, "Actual Startup Time": 20197.48, "Plan Width": 204, "Actual Loops": 1, "Total Cost": 10000252462.08}, "Triggers": []}]