[{"Execution Time": 892.859, "Planning Time": 0.333, "Plan": {"Partial Mode": "Simple", "Startup Cost": 90736.19, "Actual Rows": 15000, "Plans": [{"Startup Cost": 4017.6, "Actual Rows": 61921358, "Plans": [{"Startup Cost": 4016.33, "Actual Rows": 56334, "Plans": [{"Startup Cost": 2322.65, "Actual Rows": 496217, "Plans": [{"Startup Cost": 0.0, "Actual Rows": 2485280, "Node Type": "Seq Scan", "Plan Rows": 2622557, "Relation Name": "store_sales", "Alias": "store_sales", "Parallel Aware": false, "Actual Total Time": 336.915, "Parent Relationship": "Outer", "Actual Startup Time": 0.046, "Plan Width": 12, "Actual Loops": 1, "Total Cost": 76687.57}, {"Hash Buckets": 1024, "Startup Cost": 2318.11, "Plans": [{"Filter": "(d_year = 2002)", "Startup Cost": 0.0, "Actual Rows": 365, "Node Type": "Seq Scan", "Plan Rows": 363, "Relation Name": "date_dim", "Alias": "date_dim", "Parallel Aware": false, "Actual Total Time": 16.125, "Parent Relationship": "Outer", "Actual Startup Time": 9.536, "Plan Width": 8, "Actual Loops": 1, "Rows Removed by Filter": 72684, "Total Cost": 2318.11}], "Actual Rows": 365, "Original Hash Buckets": 1024, "Hash Batches": 1, "Peak Memory Usage": 23, "Node Type": "Hash", "Plan Rows": 363, "Parallel Aware": false, "Actual Total Time": 16.218, "Parent Relationship": "Inner", "Actual Startup Time": 16.218, "Plan Width": 8, "Actual Loops": 1, "Original Hash Batches": 1, "Total Cost": 2318.11}], "Node Type": "Hash Join", "Plan Rows": 13032, "Join Type": "Inner", "Parallel Aware": false, "Actual Total Time": 697.241, "Hash Cond": "(store_sales.ss_sold_date_sk = date_dim.d_date_sk)", "Parent Relationship": "Outer", "Actual Startup Time": 16.287, "Plan Width": 12, "Actual Loops": 1, "Total Cost": 88975.13}, {"Hash Buckets": 4096, "Startup Cost": 1686.0, "Plans": [{"Filter": "(((i_category = ANY ('{Jewelry,Women,Shoes}'::bpchar[])) AND (i_class = ANY ('{\"mens watch\",dresses,mens}'::bpchar[]))) OR ((i_category = ANY ('{Men,Sports,Music}'::bpchar[])) AND (i_class = ANY ('{sports-apparel,sailing,pop}'::bpchar[]))))", "Startup Cost": 0.0, "Actual Rows": 2060, "Node Type": "Seq Scan", "Plan Rows": 614, "Relation Name": "item", "Alias": "item", "Parallel Aware": false, "Actual Total Time": 18.422, "Parent Relationship": "Outer", "Actual Startup Time": 0.004, "Plan Width": 157, "Actual Loops": 1, "Rows Removed by Filter": 15940, "Total Cost": 1686.0}], "Actual Rows": 2060, "Original Hash Buckets": 1024, "Hash Batches": 1, "Peak Memory Usage": 419, "Node Type": "Hash", "Plan Rows": 614, "Parallel Aware": false, "Actual Total Time": 19.103, "Parent Relationship": "Inner", "Actual Startup Time": 19.103, "Plan Width": 157, "Actual Loops": 1, "Original Hash Batches": 1, "Total Cost": 1686.0}], "Node Type": "Hash Join", "Plan Rows": 445, "Join Type": "Inner", "Parallel Aware": false, "Actual Total Time": 803.87, "Hash Cond": "(store_sales.ss_item_sk = item.i_item_sk)", "Parent Relationship": "Outer", "Actual Startup Time": 35.394, "Plan Width": 161, "Actual Loops": 1, "Total Cost": 90722.12}, {"Hash Buckets": 1024, "Startup Cost": 1.12, "Plans": [{"Startup Cost": 0.0, "Actual Rows": 12, "Node Type": "Seq Scan", "Plan Rows": 12, "Relation Name": "store", "Alias": "store", "Parallel Aware": false, "Actual Total Time": 0.008, "Parent Relationship": "Outer", "Actual Startup Time": 0.004, "Plan Width": 17, "Actual Loops": 1, "Total Cost": 1.12}], "Actual Rows": 12, "Original Hash Buckets": 1024, "Hash Batches": 1, "Peak Memory Usage": 9, "Node Type": "Hash", "Plan Rows": 12, "Parallel Aware": false, "Actual Total Time": 0.01, "Parent Relationship": "Inner", "Actual Startup Time": 0.01, "Plan Width": 17, "Actual Loops": 1, "Original Hash Batches": 1, "Total Cost": 1.12}], "Node Type": "Hash Join", "Plan Rows": 445, "Join Type": "Inner", "Parallel Aware": false, "Actual Total Time": 820.286, "Hash Cond": "(store_sales.ss_store_sk = store.s_store_sk)", "Parent Relationship": "Outer", "Actual Startup Time": 35.407, "Plan Width": 170, "Actual Loops": 1, "Total Cost": 90729.51}], "Node Type": "Aggregate", "Strategy": "Hashed", "Plan Rows": 445, "Parallel Aware": false, "Actual Total Time": 892.754, "Group Key": ["item.i_category", "item.i_class", "item.i_brand", "store.s_store_name", "store.s_company_name", "date_dim.d_moy"], "Actual Startup Time": 892.382, "Plan Width": 170, "Actual Loops": 1, "Total Cost": 90740.64}, "Triggers": []}]