[{"Execution Time": 547.895, "Planning Time": 0.303, "Plan": {"Partial Mode": "Simple", "Startup Cost": 90503.95, "Actual Rows": 1050, "Plans": [{"Startup Cost": 3966.13, "Actual Rows": 1716395, "Plans": [{"Startup Cost": 2501.12, "Actual Rows": 84160, "Plans": [{"Startup Cost": 0.0, "Actual Rows": 2485280, "Node Type": "Seq Scan", "Plan Rows": 2622557, "Relation Name": "store_sales", "Alias": "store_sales", "Parallel Aware": false, "Actual Total Time": 299.484, "Parent Relationship": "Outer", "Actual Startup Time": 0.029, "Plan Width": 8, "Actual Loops": 1, "Total Cost": 76687.57}, {"Hash Buckets": 1024, "Startup Cost": 2500.73, "Plans": [{"Filter": "((d_moy = 12) AND (d_year = 2000))", "Startup Cost": 0.0, "Actual Rows": 31, "Node Type": "Seq Scan", "Plan Rows": 31, "Relation Name": "date_dim", "Alias": "date_dim", "Parallel Aware": false, "Actual Total Time": 11.312, "Parent Relationship": "Outer", "Actual Startup Time": 5.629, "Plan Width": 8, "Actual Loops": 1, "Rows Removed by Filter": 73018, "Total Cost": 2500.73}], "Actual Rows": 31, "Original Hash Buckets": 1024, "Hash Batches": 1, "Peak Memory Usage": 10, "Node Type": "Hash", "Plan Rows": 31, "Parallel Aware": false, "Actual Total Time": 11.323, "Parent Relationship": "Inner", "Actual Startup Time": 11.323, "Plan Width": 8, "Actual Loops": 1, "Original Hash Batches": 1, "Total Cost": 2500.73}], "Node Type": "Hash Join", "Plan Rows": 1113, "Join Type": "Inner", "Parallel Aware": false, "Actual Total Time": 531.624, "Hash Cond": "(store_sales.ss_sold_date_sk = date_dim.d_date_sk)", "Parent Relationship": "Outer", "Actual Startup Time": 11.593, "Plan Width": 8, "Actual Loops": 1, "Total Cost": 89034.41}, {"Hash Buckets": 1024, "Startup Cost": 1461.0, "Plans": [{"Filter": "(i_manager_id = 1)", "Startup Cost": 0.0, "Actual Rows": 321, "Node Type": "Seq Scan", "Plan Rows": 321, "Relation Name": "item", "Alias": "item", "Parallel Aware": false, "Actual Total Time": 5.09, "Parent Relationship": "Outer", "Actual Startup Time": 0.022, "Plan Width": 59, "Actual Loops": 1, "Rows Removed by Filter": 17679, "Total Cost": 1461.0}], "Actual Rows": 321, "Original Hash Buckets": 1024, "Hash Batches": 1, "Peak Memory Usage": 37, "Node Type": "Hash", "Plan Rows": 321, "Parallel Aware": false, "Actual Total Time": 5.153, "Parent Relationship": "Inner", "Actual Startup Time": 5.153, "Plan Width": 59, "Actual Loops": 1, "Original Hash Batches": 1, "Total Cost": 1461.0}], "Node Type": "Hash Join", "Plan Rows": 20, "Join Type": "Inner", "Parallel Aware": false, "Actual Total Time": 546.373, "Hash Cond": "(store_sales.ss_item_sk = item.i_item_sk)", "Parent Relationship": "Outer", "Actual Startup Time": 16.751, "Plan Width": 59, "Actual Loops": 1, "Total Cost": 90503.8}], "Node Type": "Aggregate", "Strategy": "Hashed", "Plan Rows": 20, "Parallel Aware": false, "Actual Total Time": 547.854, "Group Key": ["date_dim.d_year", "item.i_brand", "item.i_brand_id"], "Actual Startup Time": 547.837, "Plan Width": 59, "Actual Loops": 1, "Total Cost": 90504.15}, "Triggers": []}]