[{"Execution Time": 335.15, "Planning Time": 0.215, "Plan": {"Partial Mode": "Simple", "Startup Cost": 61262.19, "Actual Rows": 45386, "Plans": [{"Startup Cost": 4053.16, "Actual Rows": 4257840, "Plans": [{"Startup Cost": 2501.1, "Actual Rows": 13401, "Plans": [{"Startup Cost": 0.0, "Actual Rows": 1343425, "Node Type": "Seq Scan", "Plan Rows": 1427370, "Relation Name": "catalog_sales", "Alias": "catalog_sales", "Parallel Aware": false, "Actual Total Time": 191.291, "Parent Relationship": "Outer", "Actual Startup Time": 0.023, "Plan Width": 8, "Actual Loops": 1, "Total Cost": 51844.7}, {"Hash Buckets": 1024, "Startup Cost": 2500.73, "Plans": [{"Filter": "((d_date >= '1999-06-03'::date) AND (d_date <= '1999-07-03'::date))", "Startup Cost": 0.0, "Actual Rows": 31, "Node Type": "Seq Scan", "Plan Rows": 29, "Relation Name": "date_dim", "Alias": "date_dim", "Parallel Aware": false, "Actual Total Time": 8.171, "Parent Relationship": "Outer", "Actual Startup Time": 3.63, "Plan Width": 4, "Actual Loops": 1, "Rows Removed by Filter": 73018, "Total Cost": 2500.73}], "Actual Rows": 31, "Original Hash Buckets": 1024, "Hash Batches": 1, "Peak Memory Usage": 10, "Node Type": "Hash", "Plan Rows": 29, "Parallel Aware": false, "Actual Total Time": 8.175, "Parent Relationship": "Inner", "Actual Startup Time": 8.175, "Plan Width": 4, "Actual Loops": 1, "Original Hash Batches": 1, "Total Cost": 2500.73}], "Node Type": "Hash Join", "Plan Rows": 567, "Join Type": "Inner", "Parallel Aware": false, "Actual Total Time": 319.961, "Hash Cond": "(catalog_sales.cs_sold_date_sk = date_dim.d_date_sk)", "Parent Relationship": "Outer", "Actual Startup Time": 70.377, "Plan Width": 4, "Actual Loops": 1, "Total Cost": 59704.1}, {"Hash Buckets": 8192, "Startup Cost": 1483.5, "Plans": [{"Filter": "(i_category = ANY ('{Shoes,Women,Music}'::bpchar[]))", "Startup Cost": 0.0, "Actual Rows": 5485, "Node Type": "Seq Scan", "Plan Rows": 5485, "Relation Name": "item", "Alias": "item", "Parallel Aware": false, "Actual Total Time": 7.519, "Parent Relationship": "Outer", "Actual Startup Time": 0.008, "Plan Width": 231, "Actual Loops": 1, "Rows Removed by Filter": 12515, "Total Cost": 1483.5}], "Actual Rows": 5485, "Original Hash Buckets": 8192, "Hash Batches": 1, "Peak Memory Usage": 1496, "Node Type": "Hash", "Plan Rows": 5485, "Parallel Aware": false, "Actual Total Time": 8.907, "Parent Relationship": "Inner", "Actual Startup Time": 8.906, "Plan Width": 231, "Actual Loops": 1, "Original Hash Batches": 1, "Total Cost": 1483.5}], "Node Type": "Hash Join", "Plan Rows": 173, "Join Type": "Inner", "Parallel Aware": false, "Actual Total Time": 331.477, "Hash Cond": "(catalog_sales.cs_item_sk = item.i_item_sk)", "Parent Relationship": "Outer", "Actual Startup Time": 79.545, "Plan Width": 227, "Actual Loops": 1, "Total Cost": 61260.02}], "Node Type": "Aggregate", "Strategy": "Hashed", "Plan Rows": 173, "Parallel Aware": false, "Actual Total Time": 335.043, "Group Key": ["item.i_item_id", "item.i_item_desc", "item.i_category", "item.i_class", "item.i_current_price"], "Actual Startup Time": 334.587, "Plan Width": 227, "Actual Loops": 1, "Total Cost": 61263.92}, "Triggers": []}]