[{"Execution Time": 718.895, "Planning Time": 0.402, "Plan": {"Partial Mode": "Simple", "Startup Cost": 117071.71, "Actual Rows": 150000, "Plans": [{"Startup Cost": 59772.69, "Actual Rows": 4050239, "Plans": [{"Startup Cost": 59756.44, "Actual Rows": 3721, "Plans": [{"Startup Cost": 58115.44, "Actual Rows": 3721, "Plans": [{"Startup Cost": 2322.65, "Actual Rows": 268728, "Plans": [{"Startup Cost": 0.0, "Actual Rows": 1343425, "Node Type": "Seq Scan", "Plan Rows": 1427370, "Relation Name": "catalog_sales", "Alias": "catalog_sales", "Parallel Aware": false, "Actual Total Time": 183.379, "Parent Relationship": "Outer", "Actual Startup Time": 0.041, "Plan Width": 16, "Actual Loops": 1, "Total Cost": 51844.7}, {"Hash Buckets": 1024, "Startup Cost": 2318.11, "Plans": [{"Filter": "(d_year = 2001)", "Startup Cost": 0.0, "Actual Rows": 365, "Node Type": "Seq Scan", "Plan Rows": 363, "Relation Name": "date_dim", "Alias": "date_dim", "Parallel Aware": false, "Actual Total Time": 12.057, "Parent Relationship": "Outer", "Actual Startup Time": 6.862, "Plan Width": 4, "Actual Loops": 1, "Rows Removed by Filter": 72684, "Total Cost": 2318.11}], "Actual Rows": 365, "Original Hash Buckets": 1024, "Hash Batches": 1, "Peak Memory Usage": 21, "Node Type": "Hash", "Plan Rows": 363, "Parallel Aware": false, "Actual Total Time": 12.106, "Parent Relationship": "Inner", "Actual Startup Time": 12.106, "Plan Width": 4, "Actual Loops": 1, "Original Hash Batches": 1, "Total Cost": 2318.11}], "Node Type": "Hash Join", "Plan Rows": 7093, "Join Type": "Inner", "Parallel Aware": false, "Actual Total Time": 355.226, "Hash Cond": "(catalog_sales.cs_sold_date_sk = date_dim.d_date_sk)", "Parent Relationship": "Outer", "Actual Startup Time": 173.604, "Plan Width": 12, "Actual Loops": 1, "Total Cost": 59590.92}, {"Hash Buckets": 32768, "Startup Cost": 55442.0, "Plans": [{"Filter": "((cd_gender = 'M'::bpchar) AND (cd_marital_status = 'D'::bpchar) AND (cd_education_status = 'College'::bpchar))", "Startup Cost": 0.0, "Actual Rows": 27440, "Node Type": "Seq Scan", "Plan Rows": 28063, "Relation Name": "customer_demographics", "Alias": "customer_demographics", "Parallel Aware": false, "Actual Total Time": 319.861, "Parent Relationship": "Outer", "Actual Startup Time": 0.012, "Plan Width": 4, "Actual Loops": 1, "Rows Removed by Filter": 1893360, "Total Cost": 55442.0}], "Actual Rows": 27440, "Original Hash Buckets": 32768, "Hash Batches": 1, "Peak Memory Usage": 1221, "Node Type": "Hash", "Plan Rows": 28063, "Parallel Aware": false, "Actual Total Time": 327.265, "Parent Relationship": "Inner", "Actual Startup Time": 327.265, "Plan Width": 4, "Actual Loops": 1, "Original Hash Batches": 1, "Total Cost": 55442.0}], "Node Type": "Hash Join", "Plan Rows": 104, "Join Type": "Inner", "Parallel Aware": false, "Actual Total Time": 705.843, "Hash Cond": "(catalog_sales.cs_bill_cdemo_sk = customer_demographics.cd_demo_sk)", "Parent Relationship": "Outer", "Actual Startup Time": 502.547, "Plan Width": 8, "Actual Loops": 1, "Total Cost": 115411.34}, {"Hash Buckets": 32768, "Startup Cost": 1416.0, "Plans": [{"Startup Cost": 0.0, "Actual Rows": 18000, "Node Type": "Seq Scan", "Plan Rows": 18000, "Relation Name": "item", "Alias": "item", "Parallel Aware": false, "Actual Total Time": 4.062, "Parent Relationship": "Outer", "Actual Startup Time": 0.003, "Plan Width": 21, "Actual Loops": 1, "Total Cost": 1416.0}], "Actual Rows": 18000, "Original Hash Buckets": 32768, "Hash Batches": 1, "Peak Memory Usage": 1241, "Node Type": "Hash", "Plan Rows": 18000, "Parallel Aware": false, "Actual Total Time": 8.235, "Parent Relationship": "Inner", "Actual Startup Time": 8.235, "Plan Width": 21, "Actual Loops": 1, "Original Hash Batches": 1, "Total Cost": 1416.0}], "Node Type": "Hash Join", "Plan Rows": 104, "Join Type": "Inner", "Parallel Aware": false, "Actual Total Time": 715.724, "Hash Cond": "(catalog_sales.cs_item_sk = item.i_item_sk)", "Parent Relationship": "Outer", "Actual Startup Time": 510.81, "Plan Width": 21, "Actual Loops": 1, "Total Cost": 117053.77}, {"Hash Buckets": 1024, "Startup Cost": 12.5, "Plans": [{"Filter": "((p_channel_email = 'N'::bpchar) OR (p_channel_event = 'N'::bpchar))", "Startup Cost": 0.0, "Actual Rows": 299, "Node Type": "Seq Scan", "Plan Rows": 300, "Relation Name": "promotion", "Alias": "promotion", "Parallel Aware": false, "Actual Total Time": 0.072, "Parent Relationship": "Outer", "Actual Startup Time": 0.006, "Plan Width": 4, "Actual Loops": 1, "Rows Removed by Filter": 1, "Total Cost": 12.5}], "Actual Rows": 299, "Original Hash Buckets": 1024, "Hash Batches": 1, "Peak Memory Usage": 19, "Node Type": "Hash", "Plan Rows": 300, "Parallel Aware": false, "Actual Total Time": 0.108, "Parent Relationship": "Inner", "Actual Startup Time": 0.108, "Plan Width": 4, "Actual Loops": 1, "Original Hash Batches": 1, "Total Cost": 12.5}], "Node Type": "Hash Join", "Plan Rows": 104, "Join Type": "Inner", "Parallel Aware": false, "Actual Total Time": 716.826, "Hash Cond": "(catalog_sales.cs_promo_sk = promotion.p_promo_sk)", "Parent Relationship": "Outer", "Actual Startup Time": 510.921, "Plan Width": 17, "Actual Loops": 1, "Total Cost": 117071.45}], "Node Type": "Aggregate", "Strategy": "Hashed", "Plan Rows": 104, "Parallel Aware": false, "Actual Total Time": 718.772, "Group Key": ["item.i_item_id"], "Actual Startup Time": 718.408, "Plan Width": 17, "Actual Loops": 1, "Total Cost": 117072.75}, "Triggers": []}]