[{"Execution Time": 186.966, "Planning Time": 0.581, "Plan": {"Partial Mode": "Simple", "Startup Cost": 34864.55, "Actual Rows": 1152, "Plans": [{"Startup Cost": 5926.4, "Actual Rows": 19391, "Plans": [{"Startup Cost": 3425.28, "Actual Rows": 2168, "Plans": [{"Startup Cost": 1485.55, "Actual Rows": 6076, "Plans": [{"Startup Cost": 0.0, "Actual Rows": 648065, "Node Type": "Seq Scan", "Plan Rows": 719071, "Relation Name": "web_sales", "Alias": "web_sales", "Parallel Aware": false, "Actual Total Time": 88.18, "Parent Relationship": "Outer", "Actual Startup Time": 0.042, "Plan Width": 12, "Actual Loops": 1, "Total Cost": 26118.71}, {"Hash Buckets": 1024, "Startup Cost": 1483.5, "Plans": [{"Filter": "(i_color = ANY ('{almond,dodger,dim}'::bpchar[]))", "Startup Cost": 0.0, "Actual Rows": 164, "Node Type": "Seq Scan", "Plan Rows": 164, "Relation Name": "item", "Alias": "item", "Parallel Aware": false, "Actual Total Time": 7.081, "Parent Relationship": "Outer", "Actual Startup Time": 0.077, "Plan Width": 21, "Actual Loops": 1, "Rows Removed by Filter": 17836, "Total Cost": 1483.5}], "Actual Rows": 164, "Original Hash Buckets": 1024, "Hash Batches": 1, "Peak Memory Usage": 17, "Node Type": "Hash", "Plan Rows": 164, "Parallel Aware": false, "Actual Total Time": 7.13, "Parent Relationship": "Inner", "Actual Startup Time": 7.13, "Plan Width": 21, "Actual Loops": 1, "Original Hash Batches": 1, "Total Cost": 1483.5}], "Node Type": "Hash Join", "Plan Rows": 6552, "Join Type": "Inner", "Parallel Aware": false, "Actual Total Time": 158.071, "Hash Cond": "(web_sales.ws_item_sk = item.i_item_sk)", "Parent Relationship": "Outer", "Actual Startup Time": 7.216, "Plan Width": 25, "Actual Loops": 1, "Total Cost": 30366.3}, {"Hash Buckets": 32768, "Startup Cost": 1712.0, "Plans": [{"Filter": "(ca_gmt_offset = '-5'::numeric)", "Startup Cost": 0.0, "Actual Rows": 18246, "Node Type": "Seq Scan", "Plan Rows": 18218, "Relation Name": "customer_address", "Alias": "customer_address", "Parallel Aware": false, "Actual Total Time": 11.777, "Parent Relationship": "Outer", "Actual Startup Time": 0.008, "Plan Width": 4, "Actual Loops": 1, "Rows Removed by Filter": 31754, "Total Cost": 1712.0}], "Actual Rows": 18246, "Original Hash Buckets": 32768, "Hash Batches": 1, "Peak Memory Usage": 898, "Node Type": "Hash", "Plan Rows": 18218, "Parallel Aware": false, "Actual Total Time": 14.242, "Parent Relationship": "Inner", "Actual Startup Time": 14.242, "Plan Width": 4, "Actual Loops": 1, "Original Hash Batches": 1, "Total Cost": 1712.0}], "Node Type": "Hash Join", "Plan Rows": 2387, "Join Type": "Inner", "Parallel Aware": false, "Actual Total Time": 174.374, "Hash Cond": "(web_sales.ws_bill_addr_sk = customer_address.ca_address_sk)", "Parent Relationship": "Outer", "Actual Startup Time": 21.482, "Plan Width": 21, "Actual Loops": 1, "Total Cost": 32354.46}, {"Hash Buckets": 1024, "Startup Cost": 2500.73, "Plans": [{"Filter": "((d_year = 1998) AND (d_moy = 1))", "Startup Cost": 0.0, "Actual Rows": 31, "Node Type": "Seq Scan", "Plan Rows": 31, "Relation Name": "date_dim", "Alias": "date_dim", "Parallel Aware": false, "Actual Total Time": 12.091, "Parent Relationship": "Outer", "Actual Startup Time": 7.043, "Plan Width": 4, "Actual Loops": 1, "Rows Removed by Filter": 73018, "Total Cost": 2500.73}], "Actual Rows": 31, "Original Hash Buckets": 1024, "Hash Batches": 1, "Peak Memory Usage": 10, "Node Type": "Hash", "Plan Rows": 31, "Parallel Aware": false, "Actual Total Time": 12.098, "Parent Relationship": "Inner", "Actual Startup Time": 12.098, "Plan Width": 4, "Actual Loops": 1, "Original Hash Batches": 1, "Total Cost": 2500.73}], "Node Type": "Hash Join", "Plan Rows": 1, "Join Type": "Inner", "Parallel Aware": false, "Actual Total Time": 186.846, "Hash Cond": "(web_sales.ws_sold_date_sk = date_dim.d_date_sk)", "Parent Relationship": "Outer", "Actual Startup Time": 35.139, "Plan Width": 17, "Actual Loops": 1, "Total Cost": 34864.54}], "Node Type": "Aggregate", "Strategy": "Hashed", "Plan Rows": 1, "Parallel Aware": false, "Actual Total Time": 186.9, "Group Key": ["item.i_item_id"], "Actual Startup Time": 186.897, "Plan Width": 17, "Actual Loops": 1, "Total Cost": 34864.56}, "Triggers": []}]