[{"Execution Time": 1715.112, "Planning Time": 0.307, "Plan": {"Partial Mode": "Simple", "Startup Cost": 95688.61, "Actual Rows": 23569665, "Plans": [{"Startup Cost": 89436.61, "Actual Rows": 1094146320, "Plans": [{"Startup Cost": 0.0, "Actual Rows": 94736, "Node Type": "Seq Scan", "Plan Rows": 100000, "Relation Name": "customer", "Alias": "customer", "Parallel Aware": false, "Actual Total Time": 10.217, "Parent Relationship": "Outer", "Actual Startup Time": 0.007, "Plan Width": 73, "Actual Loops": 1, "Total Cost": 3855.0}, {"Hash Buckets": 131072, "Startup Cost": 89110.36, "Plans": [{"Startup Cost": 2327.2, "Actual Rows": 988660, "Plans": [{"Startup Cost": 0.0, "Actual Rows": 2485280, "Node Type": "Seq Scan", "Plan Rows": 2622557, "Relation Name": "store_sales", "Alias": "store_sales", "Parallel Aware": false, "Actual Total Time": 314.398, "Parent Relationship": "Outer", "Actual Startup Time": 0.04, "Plan Width": 8, "Actual Loops": 1, "Total Cost": 76687.57}, {"Hash Buckets": 1024, "Startup Cost": 2318.11, "Plans": [{"Filter": "(d_year = ANY ('{1998,1999}'::integer[]))", "Startup Cost": 0.0, "Actual Rows": 730, "Node Type": "Seq Scan", "Plan Rows": 727, "Relation Name": "date_dim", "Alias": "date_dim", "Parallel Aware": false, "Actual Total Time": 9.776, "Parent Relationship": "Outer", "Actual Startup Time": 5.014, "Plan Width": 8, "Actual Loops": 1, "Rows Removed by Filter": 72319, "Total Cost": 2318.11}], "Actual Rows": 730, "Original Hash Buckets": 1024, "Hash Batches": 1, "Peak Memory Usage": 37, "Node Type": "Hash", "Plan Rows": 727, "Parallel Aware": false, "Actual Total Time": 9.86, "Parent Relationship": "Inner", "Actual Startup Time": 9.86, "Plan Width": 8, "Actual Loops": 1, "Original Hash Batches": 1, "Total Cost": 2318.11}], "Node Type": "Hash Join", "Plan Rows": 26100, "Join Type": "Inner", "Parallel Aware": false, "Actual Total Time": 735.378, "Hash Cond": "(store_sales.ss_sold_date_sk = date_dim.d_date_sk)", "Parent Relationship": "Outer", "Actual Startup Time": 9.91, "Plan Width": 8, "Actual Loops": 1, "Total Cost": 89110.36}], "Actual Rows": 988660, "Original Hash Buckets": 32768, "Hash Batches": 16, "Peak Memory Usage": 3461, "Node Type": "Hash", "Plan Rows": 26100, "Parallel Aware": false, "Actual Total Time": 913.339, "Parent Relationship": "Inner", "Actual Startup Time": 913.339, "Plan Width": 8, "Actual Loops": 1, "Original Hash Batches": 1, "Total Cost": 89110.36}], "Node Type": "Hash Join", "Plan Rows": 26100, "Join Type": "Inner", "Parallel Aware": false, "Actual Total Time": 1239.406, "Hash Cond": "(customer.c_customer_sk = store_sales.ss_customer_sk)", "Parent Relationship": "Outer", "Actual Startup Time": 913.495, "Plan Width": 73, "Actual Loops": 1, "Total Cost": 95427.61}], "Node Type": "Aggregate", "Strategy": "Hashed", "Plan Rows": 26100, "Parallel Aware": false, "Actual Total Time": 1712.043, "Group Key": ["customer.c_customer_id", "customer.c_first_name", "customer.c_last_name", "date_dim.d_year"], "Actual Startup Time": 1692.928, "Plan Width": 73, "Actual Loops": 1, "Total Cost": 95949.61}, "Triggers": []}]