[{"Execution Time": 632.108, "Planning Time": 0.302, "Plan": {"Partial Mode": "Simple", "Startup Cost": 89995.39, "Actual Rows": 340458, "Plans": [{"Startup Cost": 3333.23, "Actual Rows": 2280343, "Plans": [{"Startup Cost": 3331.84, "Actual Rows": 38089, "Plans": [{"Startup Cost": 3142.84, "Actual Rows": 339307, "Plans": [{"Startup Cost": 0.0, "Actual Rows": 2485280, "Node Type": "Seq Scan", "Plan Rows": 2622557, "Relation Name": "store_sales", "Alias": "store_sales", "Parallel Aware": false, "Actual Total Time": 297.778, "Parent Relationship": "Outer", "Actual Startup Time": 0.021, "Plan Width": 16, "Actual Loops": 1, "Total Cost": 76687.57}, {"Hash Buckets": 1024, "Startup Cost": 3139.91, "Plans": [{"Filter": "((d_year = ANY ('{1998,1999,2000}'::integer[])) AND (((d_dom >= 1) AND (d_dom <= 3)) OR ((d_dom >= 25) AND (d_dom <= 28))))", "Startup Cost": 0.0, "Actual Rows": 252, "Node Type": "Seq Scan", "Plan Rows": 234, "Relation Name": "date_dim", "Alias": "date_dim", "Parallel Aware": false, "Actual Total Time": 9.842, "Parent Relationship": "Outer", "Actual Startup Time": 4.701, "Plan Width": 4, "Actual Loops": 1, "Rows Removed by Filter": 72797, "Total Cost": 3139.91}], "Actual Rows": 252, "Original Hash Buckets": 1024, "Hash Batches": 1, "Peak Memory Usage": 17, "Node Type": "Hash", "Plan Rows": 234, "Parallel Aware": false, "Actual Total Time": 9.875, "Parent Relationship": "Inner", "Actual Startup Time": 9.875, "Plan Width": 4, "Actual Loops": 1, "Original Hash Batches": 1, "Total Cost": 3139.91}], "Node Type": "Hash Join", "Plan Rows": 8401, "Join Type": "Inner", "Parallel Aware": false, "Actual Total Time": 581.037, "Hash Cond": "(store_sales.ss_sold_date_sk = date_dim.d_date_sk)", "Parent Relationship": "Outer", "Actual Startup Time": 9.957, "Plan Width": 12, "Actual Loops": 1, "Total Cost": 89749.01}, {"Hash Buckets": 1024, "Startup Cost": 179.0, "Plans": [{"Filter": "((hd_vehicle_count > 0) AND ((hd_buy_potential = 'from500to1000'::bpchar) OR (hd_buy_potential = 'from0to500'::bpchar)))", "Startup Cost": 0.0, "Actual Rows": 800, "Node Type": "Seq Scan", "Plan Rows": 800, "Relation Name": "household_demographics", "Alias": "household_demographics", "Parallel Aware": false, "Actual Total Time": 1.079, "Parent Relationship": "Outer", "Actual Startup Time": 0.782, "Plan Width": 4, "Actual Loops": 1, "Rows Removed by Filter": 6400, "Total Cost": 179.0}], "Actual Rows": 800, "Original Hash Buckets": 1024, "Hash Batches": 1, "Peak Memory Usage": 37, "Node Type": "Hash", "Plan Rows": 800, "Parallel Aware": false, "Actual Total Time": 1.168, "Parent Relationship": "Inner", "Actual Startup Time": 1.168, "Plan Width": 4, "Actual Loops": 1, "Original Hash Batches": 1, "Total Cost": 179.0}], "Node Type": "Hash Join", "Plan Rows": 933, "Join Type": "Inner", "Parallel Aware": false, "Actual Total Time": 615.442, "Hash Cond": "(store_sales.ss_hdemo_sk = household_demographics.hd_demo_sk)", "Parent Relationship": "Outer", "Actual Startup Time": 11.18, "Plan Width": 8, "Actual Loops": 1, "Total Cost": 89978.84}, {"Hash Buckets": 1024, "Startup Cost": 1.24, "Plans": [{"Filter": "((s_county)::text = ANY ('{\"Williamson County\",\"Williamson County\",\"Williamson County\",\"Williamson County\",\"Williamson County\",\"Williamson County\",\"Williamson County\",\"Williamson County\"}'::text[]))", "Startup Cost": 0.0, "Actual Rows": 12, "Node Type": "Seq Scan", "Plan Rows": 12, "Relation Name": "store", "Alias": "store", "Parallel Aware": false, "Actual Total Time": 0.01, "Parent Relationship": "Outer", "Actual Startup Time": 0.006, "Plan Width": 4, "Actual Loops": 1, "Rows Removed by Filter": 0, "Total Cost": 1.24}], "Actual Rows": 12, "Original Hash Buckets": 1024, "Hash Batches": 1, "Peak Memory Usage": 9, "Node Type": "Hash", "Plan Rows": 12, "Parallel Aware": false, "Actual Total Time": 0.012, "Parent Relationship": "Inner", "Actual Startup Time": 0.012, "Plan Width": 4, "Actual Loops": 1, "Original Hash Batches": 1, "Total Cost": 1.24}], "Node Type": "Hash Join", "Plan Rows": 933, "Join Type": "Inner", "Parallel Aware": false, "Actual Total Time": 623.364, "Hash Cond": "(store_sales.ss_store_sk = store.s_store_sk)", "Parent Relationship": "Outer", "Actual Startup Time": 11.196, "Plan Width": 4, "Actual Loops": 1, "Total Cost": 89993.06}], "Node Type": "Aggregate", "Strategy": "Hashed", "Plan Rows": 933, "Parallel Aware": false, "Actual Total Time": 631.941, "Group Key": ["store_sales.ss_ticket_number"], "Actual Startup Time": 631.543, "Plan Width": 4, "Actual Loops": 1, "Total Cost": 90004.72}, "Triggers": []}]