[{"Execution Time": 204.886, "Planning Time": 0.301, "Plan": {"Partial Mode": "Simple", "Startup Cost": 35770.98, "Actual Rows": 261971, "Plans": [{"Startup Cost": 6951.47, "Actual Rows": 377073, "Plans": [{"Startup Cost": 3966.13, "Actual Rows": 415, "Plans": [{"Startup Cost": 2501.12, "Actual Rows": 22124, "Plans": [{"Startup Cost": 0.0, "Actual Rows": 648065, "Node Type": "Seq Scan", "Plan Rows": 719071, "Relation Name": "web_sales", "Alias": "web_sales", "Parallel Aware": false, "Actual Total Time": 102.638, "Parent Relationship": "Outer", "Actual Startup Time": 0.036, "Plan Width": 12, "Actual Loops": 1, "Total Cost": 26118.71}, {"Hash Buckets": 1024, "Startup Cost": 2500.73, "Plans": [{"Filter": "((d_moy = 12) AND (d_year = 2002))", "Startup Cost": 0.0, "Actual Rows": 31, "Node Type": "Seq Scan", "Plan Rows": 31, "Relation Name": "date_dim", "Alias": "date_dim", "Parallel Aware": false, "Actual Total Time": 9.587, "Parent Relationship": "Outer", "Actual Startup Time": 5.055, "Plan Width": 4, "Actual Loops": 1, "Rows Removed by Filter": 73018, "Total Cost": 2500.73}], "Actual Rows": 31, "Original Hash Buckets": 1024, "Hash Batches": 1, "Peak Memory Usage": 10, "Node Type": "Hash", "Plan Rows": 31, "Parallel Aware": false, "Actual Total Time": 9.594, "Parent Relationship": "Inner", "Actual Startup Time": 9.594, "Plan Width": 4, "Actual Loops": 1, "Original Hash Batches": 1, "Total Cost": 2500.73}], "Node Type": "Hash Join", "Plan Rows": 305, "Join Type": "Inner", "Parallel Aware": false, "Actual Total Time": 179.423, "Hash Cond": "(web_sales.ws_sold_date_sk = date_dim.d_date_sk)", "Parent Relationship": "Outer", "Actual Startup Time": 9.641, "Plan Width": 8, "Actual Loops": 1, "Total Cost": 31319.4}, {"Hash Buckets": 1024, "Startup Cost": 1461.0, "Plans": [{"Filter": "(i_manager_id = 1)", "Startup Cost": 0.0, "Actual Rows": 321, "Node Type": "Seq Scan", "Plan Rows": 321, "Relation Name": "item", "Alias": "item", "Parallel Aware": false, "Actual Total Time": 4.431, "Parent Relationship": "Outer", "Actual Startup Time": 0.021, "Plan Width": 59, "Actual Loops": 1, "Rows Removed by Filter": 17679, "Total Cost": 1461.0}], "Actual Rows": 321, "Original Hash Buckets": 1024, "Hash Batches": 1, "Peak Memory Usage": 37, "Node Type": "Hash", "Plan Rows": 321, "Parallel Aware": false, "Actual Total Time": 4.487, "Parent Relationship": "Inner", "Actual Startup Time": 4.487, "Plan Width": 59, "Actual Loops": 1, "Original Hash Batches": 1, "Total Cost": 1461.0}], "Node Type": "Hash Join", "Plan Rows": 5, "Join Type": "Inner", "Parallel Aware": false, "Actual Total Time": 186.88, "Hash Cond": "(web_sales.ws_item_sk = item.i_item_sk)", "Parent Relationship": "Outer", "Actual Startup Time": 14.594, "Plan Width": 59, "Actual Loops": 1, "Total Cost": 32785.61}, {"Hash Buckets": 32768, "Startup Cost": 2693.0, "Plans": [{"Filter": "((t_meal_time = 'breakfast'::bpchar) OR (t_meal_time = 'dinner'::bpchar))", "Startup Cost": 0.0, "Actual Rows": 25200, "Node Type": "Seq Scan", "Plan Rows": 23387, "Relation Name": "time_dim", "Alias": "time_dim", "Parallel Aware": false, "Actual Total Time": 13.668, "Parent Relationship": "Outer", "Actual Startup Time": 2.163, "Plan Width": 12, "Actual Loops": 1, "Rows Removed by Filter": 61200, "Total Cost": 2693.0}], "Actual Rows": 25200, "Original Hash Buckets": 32768, "Hash Batches": 1, "Peak Memory Usage": 1339, "Node Type": "Hash", "Plan Rows": 23387, "Parallel Aware": false, "Actual Total Time": 17.344, "Parent Relationship": "Inner", "Actual Startup Time": 17.344, "Plan Width": 12, "Actual Loops": 1, "Original Hash Batches": 1, "Total Cost": 2693.0}], "Node Type": "Hash Join", "Plan Rows": 1, "Join Type": "Inner", "Parallel Aware": false, "Actual Total Time": 204.504, "Hash Cond": "(web_sales.ws_sold_time_sk = time_dim.t_time_sk)", "Parent Relationship": "Outer", "Actual Startup Time": 31.957, "Plan Width": 63, "Actual Loops": 1, "Total Cost": 35770.97}], "Node Type": "Aggregate", "Strategy": "Hashed", "Plan Rows": 1, "Parallel Aware": false, "Actual Total Time": 204.804, "Group Key": ["item.i_brand", "item.i_brand_id", "time_dim.t_hour", "time_dim.t_minute"], "Actual Startup Time": 204.773, "Plan Width": 63, "Actual Loops": 1, "Total Cost": 35770.99}, "Triggers": []}]