[{"Execution Time": 362.103, "Planning Time": 0.284, "Plan": {"Partial Mode": "Simple", "Startup Cost": 64157.35, "Actual Rows": 444249, "Plans": [{"Startup Cost": 6951.47, "Actual Rows": 748393, "Plans": [{"Startup Cost": 3966.13, "Actual Rows": 822, "Plans": [{"Startup Cost": 2501.12, "Actual Rows": 45679, "Plans": [{"Startup Cost": 0.0, "Actual Rows": 1343425, "Node Type": "Seq Scan", "Plan Rows": 1427370, "Relation Name": "catalog_sales", "Alias": "catalog_sales", "Parallel Aware": false, "Actual Total Time": 198.648, "Parent Relationship": "Outer", "Actual Startup Time": 0.024, "Plan Width": 12, "Actual Loops": 1, "Total Cost": 51844.7}, {"Hash Buckets": 1024, "Startup Cost": 2500.73, "Plans": [{"Filter": "((d_moy = 12) AND (d_year = 2002))", "Startup Cost": 0.0, "Actual Rows": 31, "Node Type": "Seq Scan", "Plan Rows": 31, "Relation Name": "date_dim", "Alias": "date_dim", "Parallel Aware": false, "Actual Total Time": 10.977, "Parent Relationship": "Outer", "Actual Startup Time": 5.501, "Plan Width": 4, "Actual Loops": 1, "Rows Removed by Filter": 73018, "Total Cost": 2500.73}], "Actual Rows": 31, "Original Hash Buckets": 1024, "Hash Batches": 1, "Peak Memory Usage": 10, "Node Type": "Hash", "Plan Rows": 31, "Parallel Aware": false, "Actual Total Time": 10.99, "Parent Relationship": "Inner", "Actual Startup Time": 10.99, "Plan Width": 4, "Actual Loops": 1, "Original Hash Batches": 1, "Total Cost": 2500.73}], "Node Type": "Hash Join", "Plan Rows": 606, "Join Type": "Inner", "Parallel Aware": false, "Actual Total Time": 336.93, "Hash Cond": "(catalog_sales.cs_sold_date_sk = date_dim.d_date_sk)", "Parent Relationship": "Outer", "Actual Startup Time": 291.03, "Plan Width": 8, "Actual Loops": 1, "Total Cost": 59704.52}, {"Hash Buckets": 1024, "Startup Cost": 1461.0, "Plans": [{"Filter": "(i_manager_id = 1)", "Startup Cost": 0.0, "Actual Rows": 321, "Node Type": "Seq Scan", "Plan Rows": 321, "Relation Name": "item", "Alias": "item", "Parallel Aware": false, "Actual Total Time": 4.666, "Parent Relationship": "Outer", "Actual Startup Time": 0.021, "Plan Width": 59, "Actual Loops": 1, "Rows Removed by Filter": 17679, "Total Cost": 1461.0}], "Actual Rows": 321, "Original Hash Buckets": 1024, "Hash Batches": 1, "Peak Memory Usage": 37, "Node Type": "Hash", "Plan Rows": 321, "Parallel Aware": false, "Actual Total Time": 4.732, "Parent Relationship": "Inner", "Actual Startup Time": 4.732, "Plan Width": 59, "Actual Loops": 1, "Original Hash Batches": 1, "Total Cost": 1461.0}], "Node Type": "Hash Join", "Plan Rows": 11, "Join Type": "Inner", "Parallel Aware": false, "Actual Total Time": 344.868, "Hash Cond": "(catalog_sales.cs_item_sk = item.i_item_sk)", "Parent Relationship": "Outer", "Actual Startup Time": 324.722, "Plan Width": 59, "Actual Loops": 1, "Total Cost": 61171.92}, {"Hash Buckets": 32768, "Startup Cost": 2693.0, "Plans": [{"Filter": "((t_meal_time = 'breakfast'::bpchar) OR (t_meal_time = 'dinner'::bpchar))", "Startup Cost": 0.0, "Actual Rows": 25200, "Node Type": "Seq Scan", "Plan Rows": 23387, "Relation Name": "time_dim", "Alias": "time_dim", "Parallel Aware": false, "Actual Total Time": 13.055, "Parent Relationship": "Outer", "Actual Startup Time": 2.158, "Plan Width": 12, "Actual Loops": 1, "Rows Removed by Filter": 61200, "Total Cost": 2693.0}], "Actual Rows": 25200, "Original Hash Buckets": 32768, "Hash Batches": 1, "Peak Memory Usage": 1339, "Node Type": "Hash", "Plan Rows": 23387, "Parallel Aware": false, "Actual Total Time": 16.715, "Parent Relationship": "Inner", "Actual Startup Time": 16.715, "Plan Width": 12, "Actual Loops": 1, "Original Hash Batches": 1, "Total Cost": 2693.0}], "Node Type": "Hash Join", "Plan Rows": 3, "Join Type": "Inner", "Parallel Aware": false, "Actual Total Time": 361.842, "Hash Cond": "(catalog_sales.cs_sold_time_sk = time_dim.t_time_sk)", "Parent Relationship": "Outer", "Actual Startup Time": 341.52, "Plan Width": 63, "Actual Loops": 1, "Total Cost": 64157.32}], "Node Type": "Aggregate", "Strategy": "Hashed", "Plan Rows": 3, "Parallel Aware": false, "Actual Total Time": 362.049, "Group Key": ["item.i_brand", "item.i_brand_id", "time_dim.t_hour", "time_dim.t_minute"], "Actual Startup Time": 362.011, "Plan Width": 63, "Actual Loops": 1, "Total Cost": 64157.38}, "Triggers": []}]