[
  {
    "Execution Time": 12077.643,
    "Planning Time": 0.282,
    "Plan": {
      "Startup Cost": 10000099046.76,
      "Actual Rows": 213745810,
      "Plans": [
        {
          "Startup Cost": 10000099046.76,
          "Actual Rows": 2329937206,
          "Plans": [
            {
              "Startup Cost": 4159.91,
              "Actual Rows": 2329937206,
              "Plans": [
                {
                  "Startup Cost": 2518.91,
                  "Actual Rows": 2329937206,
                  "Plans": [
                    {
                      "Startup Cost": 0,
                      "Actual Rows": 2485280,
                      "Node Type": "Seq Scan",
                      "Plan Rows": 2622557,
                      "Relation Name": "store_sales",
                      "Alias": "store_sales",
                      "Parallel Aware": false,
                      "Actual Total Time": 343.146,
                      "Parent Relationship": "Outer",
                      "Actual Startup Time": 0.036,
                      "Plan Width": 8,
                      "Actual Loops": 1,
                      "Total Cost": 76687.57
                    },
                    {
                      "Hash Buckets": 2048,
                      "Startup Cost": 2500.73,
                      "Plans": [
                        {
                          "Startup Cost": 0,
                          "Actual Rows": 1461,
                          "Node Type": "Seq Scan",
                          "Plan Rows": 1454,
                          "Parallel Aware": false,
                          "Actual Total Time": 10.204,
                          "Parent Relationship": "Outer",
                          "Actual Startup Time": 4.999,
                          "Plan Width": 8,
                          "Actual Loops": 1,
                          "Total Cost": 2500.73,
                          "Filter": "(d_year = ANY ('{1999,2000,2001,2002}'::integer[]))",
                          "Relation Name": "date_dim",
                          "Alias": "date_dim",
                          "Rows Removed by Filter": 71588
                        }
                      ],
                      "Actual Rows": 1461,
                      "Original Hash Buckets": 2048,
                      "Hash Batches": 1,
                      "Peak Memory Usage": 74,
                      "Node Type": "Hash",
                      "Plan Rows": 1454,
                      "Parallel Aware": false,
                      "Actual Total Time": 10.473,
                      "Parent Relationship": "Inner",
                      "Actual Startup Time": 10.473,
                      "Plan Width": 8,
                      "Actual Loops": 1,
                      "Original Hash Batches": 1,
                      "Total Cost": 2500.73
                    }
                  ],
                  "Node Type": "Hash Join",
                  "Plan Rows": 52201,
                  "Join Type": "Inner",
                  "Parallel Aware": false,
                  "Actual Total Time": 933.723,
                  "Hash Cond": "(store_sales.ss_sold_date_sk = date_dim.d_date_sk)",
                  "Parent Relationship": "Outer",
                  "Actual Startup Time": 10.525,
                  "Plan Width": 8,
                  "Actual Loops": 1,
                  "Total Cost": 89563.08
                },
                {
                  "Hash Buckets": 32768,
                  "Startup Cost": 1416,
                  "Plans": [
                    {
                      "Startup Cost": 0,
                      "Actual Rows": 18000,
                      "Node Type": "Seq Scan",
                      "Plan Rows": 18000,
                      "Relation Name": "item",
                      "Alias": "item",
                      "Parallel Aware": false,
                      "Actual Total Time": 4.157,
                      "Parent Relationship": "Outer",
                      "Actual Startup Time": 0.006,
                      "Plan Width": 106,
                      "Actual Loops": 1,
                      "Total Cost": 1416
                    }
                  ],
                  "Actual Rows": 18000,
                  "Original Hash Buckets": 32768,
                  "Hash Batches": 1,
                  "Peak Memory Usage": 2713,
                  "Node Type": "Hash",
                  "Plan Rows": 18000,
                  "Parallel Aware": false,
                  "Actual Total Time": 8.84,
                  "Parent Relationship": "Inner",
                  "Actual Startup Time": 8.84,
                  "Plan Width": 106,
                  "Actual Loops": 1,
                  "Original Hash Batches": 1,
                  "Total Cost": 1416
                }
              ],
              "Node Type": "Hash Join",
              "Plan Rows": 52201,
              "Join Type": "Inner",
              "Parallel Aware": false,
              "Actual Total Time": 1682.697,
              "Hash Cond": "(store_sales.ss_item_sk = item.i_item_sk)",
              "Parent Relationship": "Outer",
              "Actual Startup Time": 19.384,
              "Plan Width": 106,
              "Actual Loops": 1,
              "Total Cost": 91921.84
            }
          ],
          "Node Type": "Sort",
          "Plan Rows": 52201,
          "Parallel Aware": false,
          "Actual Total Time": 11669.529,
          "Parent Relationship": "Outer",
          "Actual Startup Time": 10183.07,
          "Plan Width": 106,
          "Actual Loops": 1,
          "Total Cost": 10000099177.26,
          "Sort Space Type": "Disk",
          "Sort Key": [
            "item.i_item_desc",
            "date_dim.d_date"
          ],
          "Sort Space Used": 228408,
          "Sort Method": "external merge"
        }
      ],
      "Node Type": "Unique",
      "Plan Rows": 52201,
      "Parallel Aware": false,
      "Actual Total Time": 11983.974,
      "Actual Startup Time": 10183.072,
      "Plan Width": 106,
      "Actual Loops": 1,
      "Total Cost": 10000099438.27
    },
    "Triggers": []
  }
]