[{"Execution Time": 362.706, "Planning Time": 0.191, "Plan": {"Startup Cost": 10000041012.4, "Actual Rows": 56027, "Plans": [{"Plans": [{"Startup Cost": 4532.54, "Actual Rows": 66379, "Plans": [{"Startup Cost": 1483.94, "Actual Rows": 66379, "Plans": [{"Startup Cost": 0.0, "Actual Rows": 648065, "Node Type": "Seq Scan", "Plan Rows": 719071, "Relation Name": "web_sales", "Alias": "web_sales", "Parallel Aware": false, "Actual Total Time": 98.926, "Parent Relationship": "Outer", "Actual Startup Time": 0.031, "Plan Width": 8, "Actual Loops": 1, "Total Cost": 26118.71}, {"Hash Buckets": 2048, "Startup Cost": 1461.0, "Plans": [{"Filter": "(i_category = 'Shoes'::bpchar)", "Startup Cost": 0.0, "Actual Rows": 1835, "Node Type": "Seq Scan", "Plan Rows": 1835, "Relation Name": "item", "Alias": "item", "Parallel Aware": false, "Actual Total Time": 5.348, "Parent Relationship": "Outer", "Actual Startup Time": 0.013, "Plan Width": 20, "Actual Loops": 1, "Rows Removed by Filter": 16165, "Total Cost": 1461.0}], "Actual Rows": 1835, "Original Hash Buckets": 2048, "Hash Batches": 1, "Peak Memory Usage": 110, "Node Type": "Hash", "Plan Rows": 1835, "Parallel Aware": false, "Actual Total Time": 5.675, "Parent Relationship": "Inner", "Actual Startup Time": 5.675, "Plan Width": 20, "Actual Loops": 1, "Original Hash Batches": 1, "Total Cost": 1461.0}], "Node Type": "Hash Join", "Plan Rows": 73305, "Join Type": "Inner", "Parallel Aware": false, "Actual Total Time": 204.071, "Hash Cond": "(web_sales.ws_item_sk = item.i_item_sk)", "Parent Relationship": "Outer", "Actual Startup Time": 5.738, "Plan Width": 20, "Actual Loops": 1, "Total Cost": 31032.21}, {"Hash Buckets": 131072, "Startup Cost": 2135.49, "Plans": [{"Startup Cost": 0.0, "Actual Rows": 73049, "Node Type": "Seq Scan", "Plan Rows": 73049, "Relation Name": "date_dim", "Alias": "date_dim", "Parallel Aware": false, "Actual Total Time": 10.723, "Parent Relationship": "Outer", "Actual Startup Time": 0.005, "Plan Width": 8, "Actual Loops": 1, "Total Cost": 2135.49}], "Actual Rows": 73049, "Original Hash Buckets": 131072, "Hash Batches": 1, "Peak Memory Usage": 3878, "Node Type": "Hash", "Plan Rows": 73049, "Parallel Aware": false, "Actual Total Time": 20.532, "Parent Relationship": "Inner", "Actual Startup Time": 20.532, "Plan Width": 8, "Actual Loops": 1, "Original Hash Batches": 1, "Total Cost": 2135.49}], "Node Type": "Hash Join", "Plan Rows": 73305, "Join Type": "Inner", "Parallel Aware": false, "Actual Total Time": 248.272, "Hash Cond": "(web_sales.ws_sold_date_sk = date_dim.d_date_sk)", "Parent Relationship": "Outer", "Actual Startup Time": 26.321, "Plan Width": 20, "Actual Loops": 1, "Total Cost": 35088.76}], "Startup Cost": 10000041012.4, "Actual Rows": 71730374, "Sort Space Type": "Disk", "Sort Key": ["date_dim.d_year", "item.i_brand_id", "item.i_class_id", "item.i_category_id", "item.i_manufact_id"], "Node Type": "Sort", "Plan Rows": 73305, "Sort Space Used": 1936, "Sort Method": "external merge", "Parallel Aware": false, "Actual Total Time": 354.368, "Parent Relationship": "Outer", "Actual Startup Time": 346.353, "Plan Width": 20, "Actual Loops": 1, "Total Cost": 10000041195.66}], "Node Type": "Unique", "Plan Rows": 73305, "Parallel Aware": false, "Actual Total Time": 362.196, "Actual Startup Time": 346.355, "Plan Width": 20, "Actual Loops": 1, "Total Cost": 10000042111.97}, "Triggers": []}]