[{"Execution Time": 165.562, "Planning Time": 0.596, "Plan": {"Partial Mode": "Simple", "Startup Cost": 32813.32, "Actual Rows": 27, "Plans": [{"Startup Cost": 3993.36, "Actual Rows": 925338, "Plans": [{"Startup Cost": 3977.93, "Actual Rows": 814, "Plans": [{"Startup Cost": 3975.26, "Actual Rows": 814, "Plans": [{"Startup Cost": 2501.11, "Actual Rows": 14313, "Plans": [{"Startup Cost": 0.0, "Actual Rows": 648065, "Node Type": "Seq Scan", "Plan Rows": 719071, "Relation Name": "web_sales", "Alias": "web_sales", "Parallel Aware": false, "Actual Total Time": 89.138, "Parent Relationship": "Outer", "Actual Startup Time": 0.036, "Plan Width": 16, "Actual Loops": 1, "Total Cost": 26118.71}, {"Hash Buckets": 1024, "Startup Cost": 2500.73, "Plans": [{"Filter": "((d_date >= '1999-08-25'::date) AND (d_date <= '1999-09-25'::date))", "Startup Cost": 0.0, "Actual Rows": 32, "Node Type": "Seq Scan", "Plan Rows": 30, "Relation Name": "date_dim", "Alias": "date_dim", "Parallel Aware": false, "Actual Total Time": 9.718, "Parent Relationship": "Outer", "Actual Startup Time": 4.182, "Plan Width": 4, "Actual Loops": 1, "Rows Removed by Filter": 73017, "Total Cost": 2500.73}], "Actual Rows": 32, "Original Hash Buckets": 1024, "Hash Batches": 1, "Peak Memory Usage": 10, "Node Type": "Hash", "Plan Rows": 30, "Parallel Aware": false, "Actual Total Time": 9.728, "Parent Relationship": "Inner", "Actual Startup Time": 9.728, "Plan Width": 4, "Actual Loops": 1, "Original Hash Batches": 1, "Total Cost": 2500.73}], "Node Type": "Hash Join", "Plan Rows": 295, "Join Type": "Inner", "Parallel Aware": false, "Actual Total Time": 155.602, "Hash Cond": "(web_sales.ws_sold_date_sk = date_dim.d_date_sk)", "Parent Relationship": "Outer", "Actual Startup Time": 9.841, "Plan Width": 12, "Actual Loops": 1, "Total Cost": 31319.29}, {"Hash Buckets": 2048, "Startup Cost": 1461.0, "Plans": [{"Filter": "(i_current_price > '50'::numeric)", "Startup Cost": 0.0, "Actual Rows": 1055, "Node Type": "Seq Scan", "Plan Rows": 1052, "Relation Name": "item", "Alias": "item", "Parallel Aware": false, "Actual Total Time": 6.018, "Parent Relationship": "Outer", "Actual Startup Time": 0.008, "Plan Width": 4, "Actual Loops": 1, "Rows Removed by Filter": 16945, "Total Cost": 1461.0}], "Actual Rows": 1055, "Original Hash Buckets": 2048, "Hash Batches": 1, "Peak Memory Usage": 54, "Node Type": "Hash", "Plan Rows": 1052, "Parallel Aware": false, "Actual Total Time": 6.255, "Parent Relationship": "Inner", "Actual Startup Time": 6.255, "Plan Width": 4, "Actual Loops": 1, "Original Hash Batches": 1, "Total Cost": 1461.0}], "Node Type": "Hash Join", "Plan Rows": 17, "Join Type": "Inner", "Parallel Aware": false, "Actual Total Time": 164.267, "Hash Cond": "(web_sales.ws_item_sk = item.i_item_sk)", "Parent Relationship": "Outer", "Actual Startup Time": 16.471, "Plan Width": 8, "Actual Loops": 1, "Total Cost": 32794.71}, {"Hash Buckets": 1024, "Startup Cost": 2.3, "Plans": [{"Startup Cost": 0.0, "Actual Rows": 30, "Node Type": "Seq Scan", "Plan Rows": 30, "Relation Name": "web_site", "Alias": "web_site", "Parallel Aware": false, "Actual Total Time": 0.009, "Parent Relationship": "Outer", "Actual Startup Time": 0.002, "Plan Width": 21, "Actual Loops": 1, "Total Cost": 2.3}], "Actual Rows": 30, "Original Hash Buckets": 1024, "Hash Batches": 1, "Peak Memory Usage": 10, "Node Type": "Hash", "Plan Rows": 30, "Parallel Aware": false, "Actual Total Time": 0.013, "Parent Relationship": "Inner", "Actual Startup Time": 0.013, "Plan Width": 21, "Actual Loops": 1, "Original Hash Batches": 1, "Total Cost": 2.3}], "Node Type": "Hash Join", "Plan Rows": 17, "Join Type": "Inner", "Parallel Aware": false, "Actual Total Time": 164.64, "Hash Cond": "(web_sales.ws_web_site_sk = web_site.web_site_sk)", "Parent Relationship": "Outer", "Actual Startup Time": 16.489, "Plan Width": 21, "Actual Loops": 1, "Total Cost": 32797.62}, {"Hash Buckets": 1024, "Startup Cost": 11.75, "Plans": [{"Filter": "(p_channel_tv = 'N'::bpchar)", "Startup Cost": 0.0, "Actual Rows": 294, "Node Type": "Seq Scan", "Plan Rows": 294, "Relation Name": "promotion", "Alias": "promotion", "Parallel Aware": false, "Actual Total Time": 0.081, "Parent Relationship": "Outer", "Actual Startup Time": 0.008, "Plan Width": 4, "Actual Loops": 1, "Rows Removed by Filter": 6, "Total Cost": 11.75}], "Actual Rows": 294, "Original Hash Buckets": 1024, "Hash Batches": 1, "Peak Memory Usage": 19, "Node Type": "Hash", "Plan Rows": 294, "Parallel Aware": false, "Actual Total Time": 0.117, "Parent Relationship": "Inner", "Actual Startup Time": 0.117, "Plan Width": 4, "Actual Loops": 1, "Original Hash Batches": 1, "Total Cost": 11.75}], "Node Type": "Hash Join", "Plan Rows": 17, "Join Type": "Inner", "Parallel Aware": false, "Actual Total Time": 165.139, "Hash Cond": "(web_sales.ws_promo_sk = promotion.p_promo_sk)", "Parent Relationship": "Outer", "Actual Startup Time": 16.61, "Plan Width": 17, "Actual Loops": 1, "Total Cost": 32813.28}], "Node Type": "Aggregate", "Strategy": "Hashed", "Plan Rows": 15, "Parallel Aware": false, "Actual Total Time": 165.511, "Group Key": ["web_site.web_site_id"], "Actual Startup Time": 165.509, "Plan Width": 17, "Actual Loops": 1, "Total Cost": 32813.47}, "Triggers": []}]