[{"Execution Time": 125.423, "Planning Time": 0.293, "Plan": {"Partial Mode": "Simple", "Startup Cost": 12902.19, "Actual Rows": 175194, "Plans": [{"Startup Cost": 4327.05, "Actual Rows": 25940160, "Plans": [{"Startup Cost": 2686.05, "Actual Rows": 24624, "Plans": [{"Startup Cost": 0.0, "Actual Rows": 263253, "Node Type": "Seq Scan", "Plan Rows": 277502, "Relation Name": "store_returns", "Alias": "store_returns", "Parallel Aware": false, "Actual Total Time": 33.065, "Parent Relationship": "Outer", "Actual Startup Time": 0.042, "Plan Width": 8, "Actual Loops": 1, "Total Cost": 7511.02}, {"Hash Buckets": 1024, "Startup Cost": 2683.36, "Plans": [{"Filter": "((d_moy >= 4) AND (d_moy <= 10) AND (d_year = 2001))", "Startup Cost": 0.0, "Actual Rows": 214, "Node Type": "Seq Scan", "Plan Rows": 215, "Relation Name": "date_dim", "Alias": "date_dim", "Parallel Aware": false, "Actual Total Time": 22.815, "Parent Relationship": "Outer", "Actual Startup Time": 14.245, "Plan Width": 4, "Actual Loops": 1, "Rows Removed by Filter": 72835, "Total Cost": 2683.36}], "Actual Rows": 214, "Original Hash Buckets": 1024, "Hash Batches": 1, "Peak Memory Usage": 16, "Node Type": "Hash", "Plan Rows": 215, "Parallel Aware": false, "Actual Total Time": 22.888, "Parent Relationship": "Inner", "Actual Startup Time": 22.888, "Plan Width": 4, "Actual Loops": 1, "Original Hash Batches": 1, "Total Cost": 2683.36}], "Node Type": "Hash Join", "Plan Rows": 817, "Join Type": "Inner", "Parallel Aware": false, "Actual Total Time": 83.342, "Hash Cond": "(store_returns.sr_returned_date_sk = date_dim.d_date_sk)", "Parent Relationship": "Outer", "Actual Startup Time": 22.973, "Plan Width": 4, "Actual Loops": 1, "Total Cost": 11245.87}, {"Hash Buckets": 32768, "Startup Cost": 1416.0, "Plans": [{"Startup Cost": 0.0, "Actual Rows": 18000, "Node Type": "Seq Scan", "Plan Rows": 18000, "Relation Name": "item", "Alias": "item", "Parallel Aware": false, "Actual Total Time": 6.141, "Parent Relationship": "Outer", "Actual Startup Time": 0.006, "Plan Width": 123, "Actual Loops": 1, "Total Cost": 1416.0}], "Actual Rows": 18000, "Original Hash Buckets": 32768, "Hash Batches": 1, "Peak Memory Usage": 3031, "Node Type": "Hash", "Plan Rows": 18000, "Parallel Aware": false, "Actual Total Time": 13.582, "Parent Relationship": "Inner", "Actual Startup Time": 13.582, "Plan Width": 123, "Actual Loops": 1, "Original Hash Batches": 1, "Total Cost": 1416.0}], "Node Type": "Hash Join", "Plan Rows": 817, "Join Type": "Inner", "Parallel Aware": false, "Actual Total Time": 107.971, "Hash Cond": "(store_returns.sr_item_sk = item.i_item_sk)", "Parent Relationship": "Outer", "Actual Startup Time": 36.572, "Plan Width": 119, "Actual Loops": 1, "Total Cost": 12898.1}], "Node Type": "Aggregate", "Strategy": "Hashed", "Plan Rows": 817, "Parallel Aware": false, "Actual Total Time": 125.076, "Group Key": ["item.i_item_id", "item.i_item_desc"], "Actual Startup Time": 123.553, "Plan Width": 119, "Actual Loops": 1, "Total Cost": 12910.36}, "Triggers": []}]