[{"Execution Time": 324.455, "Planning Time": 0.166, "Plan": {"Partial Mode": "Simple", "Startup Cost": 61342.22, "Actual Rows": 150000, "Plans": [{"Startup Cost": 4141.81, "Actual Rows": 3172468, "Plans": [{"Startup Cost": 2500.81, "Actual Rows": 3061, "Plans": [{"Startup Cost": 0.0, "Actual Rows": 1343425, "Node Type": "Seq Scan", "Plan Rows": 1427370, "Relation Name": "catalog_sales", "Alias": "catalog_sales", "Parallel Aware": false, "Actual Total Time": 192.667, "Parent Relationship": "Outer", "Actual Startup Time": 0.025, "Plan Width": 8, "Actual Loops": 1, "Total Cost": 51844.7}, {"Hash Buckets": 1024, "Startup Cost": 2500.73, "Plans": [{"Filter": "((d_date >= '2002-03-05'::date) AND (d_date <= '2002-03-11'::date))", "Startup Cost": 0.0, "Actual Rows": 7, "Node Type": "Seq Scan", "Plan Rows": 6, "Relation Name": "date_dim", "Alias": "date_dim", "Parallel Aware": false, "Actual Total Time": 9.041, "Parent Relationship": "Outer", "Actual Startup Time": 4.271, "Plan Width": 4, "Actual Loops": 1, "Rows Removed by Filter": 73042, "Total Cost": 2500.73}], "Actual Rows": 7, "Original Hash Buckets": 1024, "Hash Batches": 1, "Peak Memory Usage": 9, "Node Type": "Hash", "Plan Rows": 6, "Parallel Aware": false, "Actual Total Time": 9.045, "Parent Relationship": "Inner", "Actual Startup Time": 9.045, "Plan Width": 4, "Actual Loops": 1, "Original Hash Batches": 1, "Total Cost": 2500.73}], "Node Type": "Hash Join", "Plan Rows": 117, "Join Type": "Inner", "Parallel Aware": false, "Actual Total Time": 315.699, "Hash Cond": "(catalog_sales.cs_sold_date_sk = date_dim.d_date_sk)", "Parent Relationship": "Outer", "Actual Startup Time": 251.315, "Plan Width": 4, "Actual Loops": 1, "Total Cost": 59699.32}, {"Hash Buckets": 32768, "Startup Cost": 1416.0, "Plans": [{"Startup Cost": 0.0, "Actual Rows": 18000, "Node Type": "Seq Scan", "Plan Rows": 18000, "Relation Name": "item", "Alias": "item", "Parallel Aware": false, "Actual Total Time": 3.127, "Parent Relationship": "Outer", "Actual Startup Time": 0.004, "Plan Width": 21, "Actual Loops": 1, "Total Cost": 1416.0}], "Actual Rows": 18000, "Original Hash Buckets": 32768, "Hash Batches": 1, "Peak Memory Usage": 1241, "Node Type": "Hash", "Plan Rows": 18000, "Parallel Aware": false, "Actual Total Time": 6.505, "Parent Relationship": "Inner", "Actual Startup Time": 6.505, "Plan Width": 21, "Actual Loops": 1, "Original Hash Batches": 1, "Total Cost": 1416.0}], "Node Type": "Hash Join", "Plan Rows": 117, "Join Type": "Inner", "Parallel Aware": false, "Actual Total Time": 323.259, "Hash Cond": "(catalog_sales.cs_item_sk = item.i_item_sk)", "Parent Relationship": "Outer", "Actual Startup Time": 257.835, "Plan Width": 17, "Actual Loops": 1, "Total Cost": 61341.93}], "Node Type": "Aggregate", "Strategy": "Hashed", "Plan Rows": 117, "Parallel Aware": false, "Actual Total Time": 324.321, "Group Key": ["item.i_item_id"], "Actual Startup Time": 323.976, "Plan Width": 17, "Actual Loops": 1, "Total Cost": 61343.39}, "Triggers": []}]