[{"Execution Time": 411.635, "Planning Time": 0.2, "Plan": {"Partial Mode": "Simple", "Startup Cost": 58829.75, "Actual Rows": 149, "Plans": [{"Startup Cost": 1596.33, "Actual Rows": 705335, "Plans": [{"Startup Cost": 0.0, "Actual Rows": 1343425, "Node Type": "Seq Scan", "Plan Rows": 1427370, "Relation Name": "catalog_sales", "Alias": "catalog_sales", "Parallel Aware": false, "Actual Total Time": 194.012, "Parent Relationship": "Outer", "Actual Startup Time": 0.013, "Plan Width": 4, "Actual Loops": 1, "Total Cost": 51844.7}, {"Hash Buckets": 1024, "Startup Cost": 1596.0, "Plans": [{"Filter": "((i_current_price >= '4'::numeric) AND (i_current_price <= '10'::numeric) AND (i_manufact_id = ANY ('{744,691,853,946}'::integer[])))", "Startup Cost": 0.0, "Actual Rows": 8, "Node Type": "Seq Scan", "Plan Rows": 26, "Relation Name": "item", "Alias": "item", "Parallel Aware": false, "Actual Total Time": 6.648, "Parent Relationship": "Outer", "Actual Startup Time": 0.043, "Plan Width": 129, "Actual Loops": 1, "Rows Removed by Filter": 17992, "Total Cost": 1596.0}], "Actual Rows": 8, "Original Hash Buckets": 1024, "Hash Batches": 1, "Peak Memory Usage": 10, "Node Type": "Hash", "Plan Rows": 26, "Parallel Aware": false, "Actual Total Time": 6.658, "Parent Relationship": "Inner", "Actual Startup Time": 6.657, "Plan Width": 129, "Actual Loops": 1, "Original Hash Batches": 1, "Total Cost": 1596.0}], "Node Type": "Hash Join", "Plan Rows": 2062, "Join Type": "Inner", "Parallel Aware": false, "Actual Total Time": 410.5, "Hash Cond": "(catalog_sales.cs_item_sk = item.i_item_sk)", "Parent Relationship": "Outer", "Actual Startup Time": 9.521, "Plan Width": 125, "Actual Loops": 1, "Total Cost": 58814.28}], "Node Type": "Aggregate", "Strategy": "Hashed", "Plan Rows": 26, "Parallel Aware": false, "Actual Total Time": 411.6, "Group Key": ["item.i_item_id", "item.i_item_desc", "item.i_current_price"], "Actual Startup Time": 411.598, "Plan Width": 125, "Actual Loops": 1, "Total Cost": 58830.01}, "Triggers": []}]