[
  {
    "Plan": {
      "Node Type": "Hash Join",
      "Parallel Aware": false,
      "Join Type": "Inner",
      "Startup Cost": 5171.44,
      "Total Cost": 75850.51,
      "Plan Rows": 1524,
      "Plan Width": 0,
      "Actual Startup Time": 136.073,
      "Actual Total Time": 682.058,
      "Actual Rows": 1480,
      "Actual Loops": 1,
      "Hash Cond": "(web_returns.wr_reason_sk = reason.r_reason_sk)",
      "Plans": [
        {
          "Node Type": "Hash Join",
          "Parent Relationship": "Outer",
          "Parallel Aware": false,
          "Join Type": "Inner",
          "Startup Cost": 5169.65,
          "Total Cost": 75828.45,
          "Plan Rows": 1524,
          "Plan Width": 4,
          "Actual Startup Time": 135.956,
          "Actual Total Time": 681.309,
          "Actual Rows": 1480,
          "Actual Loops": 1,
          "Hash Cond": "(customer_demographics.cd_demo_sk = web_returns.wr_returning_cdemo_sk)",
          "Plans": [
            {
              "Node Type": "Seq Scan",
              "Parent Relationship": "Outer",
              "Parallel Aware": false,
              "Relation Name": "customer_demographics",
              "Alias": "customer_demographics",
              "Startup Cost": 0.00,
              "Total Cost": 69848.00,
              "Plan Rows": 159251,
              "Plan Width": 4,
              "Actual Startup Time": 0.025,
              "Actual Total Time": 514.447,
              "Actual Rows": 164640,
              "Actual Loops": 1,
              "Filter": "(((cd_marital_status = 'S'::bpchar) AND (cd_education_status = '4 yr Degree'::bpchar)) OR ((cd_marital_status = 'M'::bpchar) AND (cd_education_status = 'Primary'::bpchar)) OR ((cd_marital_status = 'U'::bpchar) AND (cd_education_status = '2 yr Degree'::bpchar)))",
              "Rows Removed by Filter": 1756160
            },
            {
              "Node Type": "Hash",
              "Parent Relationship": "Inner",
              "Parallel Aware": false,
              "Startup Cost": 4939.91,
              "Total Cost": 4939.91,
              "Plan Rows": 18379,
              "Plan Width": 8,
              "Actual Startup Time": 135.608,
              "Actual Total Time": 135.608,
              "Actual Rows": 17603,
              "Actual Loops": 1,
              "Hash Buckets": 32768,
              "Original Hash Buckets": 32768,
              "Hash Batches": 1,
              "Original Hash Batches": 1,
              "Peak Memory Usage": 944,
              "Plans": [
                {
                  "Node Type": "Hash Join",
                  "Parent Relationship": "Outer",
                  "Parallel Aware": false,
                  "Join Type": "Inner",
                  "Startup Cost": 2434.56,
                  "Total Cost": 4939.91,
                  "Plan Rows": 18379,
                  "Plan Width": 8,
                  "Actual Startup Time": 106.227,
                  "Actual Total Time": 131.585,
                  "Actual Rows": 17603,
                  "Actual Loops": 1,
                  "Hash Cond": "(web_returns.wr_refunded_addr_sk = customer_address.ca_address_sk)",
                  "Plans": [
                    {
                      "Node Type": "Seq Scan",
                      "Parent Relationship": "Outer",
                      "Parallel Aware": false,
                      "Relation Name": "web_returns",
                      "Alias": "web_returns",
                      "Startup Cost": 0.00,
                      "Total Cost": 2060.63,
                      "Plan Rows": 71763,
                      "Plan Width": 12,
                      "Actual Startup Time": 0.012,
                      "Actual Total Time": 7.172,
                      "Actual Rows": 61925,
                      "Actual Loops": 1
                    },
                    {
                      "Node Type": "Hash",
                      "Parent Relationship": "Inner",
                      "Parallel Aware": false,
                      "Startup Cost": 2274.50,
                      "Total Cost": 2274.50,
                      "Plan Rows": 12805,
                      "Plan Width": 4,
                      "Actual Startup Time": 106.181,
                      "Actual Total Time": 106.181,
                      "Actual Rows": 14287,
                      "Actual Loops": 1,
                      "Hash Buckets": 16384,
                      "Original Hash Buckets": 16384,
                      "Hash Batches": 1,
                      "Original Hash Batches": 1,
                      "Peak Memory Usage": 631,
                      "Plans": [
                        {
                          "Node Type": "Seq Scan",
                          "Parent Relationship": "Outer",
                          "Parallel Aware": false,
                          "Relation Name": "customer_address",
                          "Alias": "customer_address",
                          "Startup Cost": 0.00,
                          "Total Cost": 2274.50,
                          "Plan Rows": 12805,
                          "Plan Width": 4,
                          "Actual Startup Time": 0.042,
                          "Actual Total Time": 97.792,
                          "Actual Rows": 14287,
                          "Actual Loops": 1,
                          "Filter": "(((ca_country)::text = 'United States'::text) AND ((ca_state = ANY ('{IL,MT,AR}'::bpchar[])) OR (ca_state = ANY ('{WI,TX,GA}'::bpchar[])) OR (ca_state = ANY ('{RI,KY,IN}'::bpchar[]))))",
                          "Rows Removed by Filter": 35713
                        }
                      ]
                    }
                  ]
                }
              ]
            }
          ]
        },
        {
          "Node Type": "Hash",
          "Parent Relationship": "Inner",
          "Parallel Aware": false,
          "Startup Cost": 1.35,
          "Total Cost": 1.35,
          "Plan Rows": 35,
          "Plan Width": 4,
          "Actual Startup Time": 0.065,
          "Actual Total Time": 0.065,
          "Actual Rows": 35,
          "Actual Loops": 1,
          "Hash Buckets": 1024,
          "Original Hash Buckets": 1024,
          "Hash Batches": 1,
          "Original Hash Batches": 1,
          "Peak Memory Usage": 10,
          "Plans": [
            {
              "Node Type": "Seq Scan",
              "Parent Relationship": "Outer",
              "Parallel Aware": false,
              "Relation Name": "reason",
              "Alias": "reason",
              "Startup Cost": 0.00,
              "Total Cost": 1.35,
              "Plan Rows": 35,
              "Plan Width": 4,
              "Actual Startup Time": 0.016,
              "Actual Total Time": 0.036,
              "Actual Rows": 35,
              "Actual Loops": 1
            }
          ]
        }
      ]
    },
    "Planning Time": 2.473,
    "Triggers": [
    ],
    "Execution Time": 682.370
  }
]
