[{"Execution Time": 174.929, "Planning Time": 0.174, "Plan": {"Partial Mode": "Simple", "Startup Cost": 33557.42, "Actual Rows": 1846, "Plans": [{"Startup Cost": 4713.89, "Actual Rows": 20700185, "Plans": [{"Startup Cost": 2501.88, "Actual Rows": 18673, "Plans": [{"Startup Cost": 0.0, "Actual Rows": 648065, "Node Type": "Seq Scan", "Plan Rows": 719071, "Relation Name": "web_sales", "Alias": "web_sales", "Parallel Aware": false, "Actual Total Time": 83.736, "Parent Relationship": "Outer", "Actual Startup Time": 0.013, "Plan Width": 8, "Actual Loops": 1, "Total Cost": 26118.71}, {"Hash Buckets": 1024, "Startup Cost": 2500.73, "Plans": [{"Filter": "((d_qoy = 2) AND (d_year = 2000))", "Startup Cost": 0.0, "Actual Rows": 91, "Node Type": "Seq Scan", "Plan Rows": 92, "Relation Name": "date_dim", "Alias": "date_dim", "Parallel Aware": false, "Actual Total Time": 11.407, "Parent Relationship": "Outer", "Actual Startup Time": 5.619, "Plan Width": 12, "Actual Loops": 1, "Rows Removed by Filter": 72958, "Total Cost": 2500.73}], "Actual Rows": 91, "Original Hash Buckets": 1024, "Hash Batches": 1, "Peak Memory Usage": 12, "Node Type": "Hash", "Plan Rows": 92, "Parallel Aware": false, "Actual Total Time": 11.434, "Parent Relationship": "Inner", "Actual Startup Time": 11.434, "Plan Width": 12, "Actual Loops": 1, "Original Hash Batches": 1, "Total Cost": 2500.73}], "Node Type": "Hash Join", "Plan Rows": 906, "Join Type": "Inner", "Parallel Aware": false, "Actual Total Time": 148.19, "Hash Cond": "(web_sales.ws_sold_date_sk = date_dim.d_date_sk)", "Parent Relationship": "Outer", "Actual Startup Time": 11.544, "Plan Width": 12, "Actual Loops": 1, "Total Cost": 31326.17}, {"Hash Buckets": 65536, "Startup Cost": 1587.0, "Plans": [{"Startup Cost": 0.0, "Actual Rows": 50000, "Node Type": "Seq Scan", "Plan Rows": 50000, "Relation Name": "customer_address", "Alias": "customer_address", "Parallel Aware": false, "Actual Total Time": 8.266, "Parent Relationship": "Outer", "Actual Startup Time": 0.005, "Plan Width": 18, "Actual Loops": 1, "Total Cost": 1587.0}], "Actual Rows": 50000, "Original Hash Buckets": 65536, "Hash Batches": 1, "Peak Memory Usage": 3052, "Node Type": "Hash", "Plan Rows": 50000, "Parallel Aware": false, "Actual Total Time": 16.951, "Parent Relationship": "Inner", "Actual Startup Time": 16.951, "Plan Width": 18, "Actual Loops": 1, "Original Hash Batches": 1, "Total Cost": 1587.0}], "Node Type": "Hash Join", "Plan Rows": 906, "Join Type": "Inner", "Parallel Aware": false, "Actual Total Time": 169.517, "Hash Cond": "(web_sales.ws_bill_addr_sk = customer_address.ca_address_sk)", "Parent Relationship": "Outer", "Actual Startup Time": 28.519, "Plan Width": 22, "Actual Loops": 1, "Total Cost": 33550.63}], "Node Type": "Aggregate", "Strategy": "Hashed", "Plan Rows": 906, "Parallel Aware": false, "Actual Total Time": 174.858, "Group Key": ["customer_address.ca_county", "date_dim.d_qoy", "date_dim.d_year"], "Actual Startup Time": 174.739, "Plan Width": 22, "Actual Loops": 1, "Total Cost": 33566.48}, "Triggers": []}]