[{"Execution Time": 617.931, "Planning Time": 0.228, "Plan": {"Partial Mode": "Simple", "Startup Cost": 89078.81, "Actual Rows": 501, "Plans": [{"Startup Cost": 2502.39, "Actual Rows": 60231759, "Plans": [{"Startup Cost": 2501.12, "Actual Rows": 54261, "Plans": [{"Startup Cost": 0.0, "Actual Rows": 2485280, "Node Type": "Seq Scan", "Plan Rows": 2622557, "Relation Name": "store_sales", "Alias": "store_sales", "Parallel Aware": false, "Actual Total Time": 309.872, "Parent Relationship": "Outer", "Actual Startup Time": 0.031, "Plan Width": 8, "Actual Loops": 1, "Total Cost": 76687.57}, {"Hash Buckets": 1024, "Startup Cost": 2500.73, "Plans": [{"Filter": "((d_year = 2000) AND (d_moy = 8))", "Startup Cost": 0.0, "Actual Rows": 31, "Node Type": "Seq Scan", "Plan Rows": 31, "Relation Name": "date_dim", "Alias": "date_dim", "Parallel Aware": false, "Actual Total Time": 11.247, "Parent Relationship": "Outer", "Actual Startup Time": 6.118, "Plan Width": 4, "Actual Loops": 1, "Rows Removed by Filter": 73018, "Total Cost": 2500.73}], "Actual Rows": 31, "Original Hash Buckets": 1024, "Hash Batches": 1, "Peak Memory Usage": 10, "Node Type": "Hash", "Plan Rows": 31, "Parallel Aware": false, "Actual Total Time": 11.258, "Parent Relationship": "Inner", "Actual Startup Time": 11.257, "Plan Width": 4, "Actual Loops": 1, "Original Hash Batches": 1, "Total Cost": 2500.73}], "Node Type": "Hash Join", "Plan Rows": 1113, "Join Type": "Inner", "Parallel Aware": false, "Actual Total Time": 551.363, "Hash Cond": "(store_sales.ss_sold_date_sk = date_dim.d_date_sk)", "Parent Relationship": "Outer", "Actual Startup Time": 11.373, "Plan Width": 4, "Actual Loops": 1, "Total Cost": 89034.41}, {"Hash Buckets": 1024, "Startup Cost": 1.12, "Plans": [{"Startup Cost": 0.0, "Actual Rows": 12, "Node Type": "Seq Scan", "Plan Rows": 12, "Relation Name": "store", "Alias": "store", "Parallel Aware": false, "Actual Total Time": 0.011, "Parent Relationship": "Outer", "Actual Startup Time": 0.006, "Plan Width": 89, "Actual Loops": 1, "Total Cost": 1.12}], "Actual Rows": 12, "Original Hash Buckets": 1024, "Hash Batches": 1, "Peak Memory Usage": 10, "Node Type": "Hash", "Plan Rows": 12, "Parallel Aware": false, "Actual Total Time": 0.016, "Parent Relationship": "Inner", "Actual Startup Time": 0.016, "Plan Width": 89, "Actual Loops": 1, "Original Hash Batches": 1, "Total Cost": 1.12}], "Node Type": "Hash Join", "Plan Rows": 1113, "Join Type": "Inner", "Parallel Aware": false, "Actual Total Time": 568.007, "Hash Cond": "(store_sales.ss_store_sk = store.s_store_sk)", "Parent Relationship": "Outer", "Actual Startup Time": 11.394, "Plan Width": 85, "Actual Loops": 1, "Total Cost": 89050.99}], "Node Type": "Aggregate", "Strategy": "Hashed", "Plan Rows": 12, "Parallel Aware": false, "Actual Total Time": 617.884, "Group Key": ["store.s_store_name", "store.s_company_id", "store.s_street_number", "store.s_street_name", "store.s_street_type", "store.s_suite_number", "store.s_city", "store.s_county", "store.s_state", "store.s_zip"], "Actual Startup Time": 617.883, "Plan Width": 85, "Actual Loops": 1, "Total Cost": 89078.93}, "Triggers": []}]