[{"Execution Time": 598.611, "Planning Time": 0.171, "Plan": {"Partial Mode": "Simple", "Startup Cost": 88187.01, "Actual Rows": 1644, "Plans": [{"Startup Cost": 1506.78, "Actual Rows": 16009565, "Plans": [{"Startup Cost": 0.0, "Actual Rows": 2485280, "Node Type": "Seq Scan", "Plan Rows": 2622557, "Relation Name": "store_sales", "Alias": "store_sales", "Parallel Aware": false, "Actual Total Time": 322.68, "Parent Relationship": "Outer", "Actual Startup Time": 0.026, "Plan Width": 4, "Actual Loops": 1, "Total Cost": 76687.57}, {"Hash Buckets": 1024, "Startup Cost": 1506.0, "Plans": [{"Filter": "(i_manufact_id = ANY ('{198,999,168,196}'::integer[]))", "Startup Cost": 0.0, "Actual Rows": 100, "Node Type": "Seq Scan", "Plan Rows": 62, "Relation Name": "item", "Alias": "item", "Parallel Aware": false, "Actual Total Time": 6.999, "Parent Relationship": "Outer", "Actual Startup Time": 0.037, "Plan Width": 129, "Actual Loops": 1, "Rows Removed by Filter": 17900, "Total Cost": 1506.0}], "Actual Rows": 100, "Original Hash Buckets": 1024, "Hash Batches": 1, "Peak Memory Usage": 25, "Node Type": "Hash", "Plan Rows": 62, "Parallel Aware": false, "Actual Total Time": 7.057, "Parent Relationship": "Inner", "Actual Startup Time": 7.057, "Plan Width": 129, "Actual Loops": 1, "Original Hash Batches": 1, "Total Cost": 1506.0}], "Node Type": "Hash Join", "Plan Rows": 9033, "Join Type": "Inner", "Parallel Aware": false, "Actual Total Time": 585.68, "Hash Cond": "(store_sales.ss_item_sk = item.i_item_sk)", "Parent Relationship": "Outer", "Actual Startup Time": 7.126, "Plan Width": 125, "Actual Loops": 1, "Total Cost": 88119.26}], "Node Type": "Aggregate", "Strategy": "Hashed", "Plan Rows": 62, "Parallel Aware": false, "Actual Total Time": 598.576, "Group Key": ["item.i_item_id", "item.i_item_desc", "item.i_current_price"], "Actual Startup Time": 598.558, "Plan Width": 125, "Actual Loops": 1, "Total Cost": 88187.63}, "Triggers": []}]