[{"Execution Time": 693.202, "Planning Time": 0.197, "Plan": {"Partial Mode": "Simple", "Startup Cost": 90489.2, "Actual Rows": 21422, "Plans": [{"Startup Cost": 3959.2, "Actual Rows": 21040715, "Plans": [{"Startup Cost": 2318.2, "Actual Rows": 18919, "Plans": [{"Startup Cost": 0.0, "Actual Rows": 2485280, "Node Type": "Seq Scan", "Plan Rows": 2622557, "Relation Name": "store_sales", "Alias": "store_sales", "Parallel Aware": false, "Actual Total Time": 379.797, "Parent Relationship": "Outer", "Actual Startup Time": 0.016, "Plan Width": 8, "Actual Loops": 1, "Total Cost": 76687.57}, {"Hash Buckets": 1024, "Startup Cost": 2318.11, "Plans": [{"Filter": "(d_week_seq = 5320)", "Startup Cost": 0.0, "Actual Rows": 7, "Node Type": "Seq Scan", "Plan Rows": 7, "Relation Name": "date_dim", "Alias": "date_dim", "Parallel Aware": false, "Actual Total Time": 9.731, "Parent Relationship": "Outer", "Actual Startup Time": 4.88, "Plan Width": 4, "Actual Loops": 1, "Rows Removed by Filter": 73042, "Total Cost": 2318.11}], "Actual Rows": 7, "Original Hash Buckets": 1024, "Hash Batches": 1, "Peak Memory Usage": 9, "Node Type": "Hash", "Plan Rows": 7, "Parallel Aware": false, "Actual Total Time": 9.738, "Parent Relationship": "Inner", "Actual Startup Time": 9.738, "Plan Width": 4, "Actual Loops": 1, "Original Hash Batches": 1, "Total Cost": 2318.11}], "Node Type": "Hash Join", "Plan Rows": 251, "Join Type": "Inner", "Parallel Aware": false, "Actual Total Time": 661.129, "Hash Cond": "(store_sales.ss_sold_date_sk = date_dim.d_date_sk)", "Parent Relationship": "Outer", "Actual Startup Time": 9.842, "Plan Width": 4, "Actual Loops": 1, "Total Cost": 88842.87}, {"Hash Buckets": 32768, "Startup Cost": 1416.0, "Plans": [{"Startup Cost": 0.0, "Actual Rows": 18000, "Node Type": "Seq Scan", "Plan Rows": 18000, "Relation Name": "item", "Alias": "item", "Parallel Aware": false, "Actual Total Time": 5.64, "Parent Relationship": "Outer", "Actual Startup Time": 0.006, "Plan Width": 16, "Actual Loops": 1, "Total Cost": 1416.0}], "Actual Rows": 18000, "Original Hash Buckets": 32768, "Hash Batches": 1, "Peak Memory Usage": 1100, "Node Type": "Hash", "Plan Rows": 18000, "Parallel Aware": false, "Actual Total Time": 9.415, "Parent Relationship": "Inner", "Actual Startup Time": 9.415, "Plan Width": 16, "Actual Loops": 1, "Original Hash Batches": 1, "Total Cost": 1416.0}], "Node Type": "Hash Join", "Plan Rows": 251, "Join Type": "Inner", "Parallel Aware": false, "Actual Total Time": 681.934, "Hash Cond": "(store_sales.ss_item_sk = item.i_item_sk)", "Parent Relationship": "Outer", "Actual Startup Time": 19.273, "Plan Width": 12, "Actual Loops": 1, "Total Cost": 90487.32}], "Node Type": "Aggregate", "Strategy": "Hashed", "Plan Rows": 251, "Parallel Aware": false, "Actual Total Time": 693.051, "Group Key": ["item.i_brand_id", "item.i_class_id", "item.i_category_id"], "Actual Startup Time": 692.637, "Plan Width": 12, "Actual Loops": 1, "Total Cost": 90491.71}, "Triggers": []}]