[{"Execution Time": 314.899, "Planning Time": 0.298, "Plan": {"Partial Mode": "Simple", "Startup Cost": 61236.74, "Actual Rows": 125588, "Plans": [{"Startup Cost": 4022.16, "Actual Rows": 1724291, "Plans": [{"Startup Cost": 4021.05, "Actual Rows": 1546, "Plans": [{"Startup Cost": 2501.45, "Actual Rows": 25332, "Plans": [{"Startup Cost": 0.0, "Actual Rows": 1343425, "Node Type": "Seq Scan", "Plan Rows": 1427370, "Relation Name": "catalog_sales", "Alias": "catalog_sales", "Parallel Aware": false, "Actual Total Time": 182.049, "Parent Relationship": "Outer", "Actual Startup Time": 0.018, "Plan Width": 12, "Actual Loops": 1, "Total Cost": 51844.7}, {"Hash Buckets": 1024, "Startup Cost": 2500.73, "Plans": [{"Filter": "((d_date >= '1998-02-08'::date) AND (d_date <= '1998-04-08'::date))", "Startup Cost": 0.0, "Actual Rows": 60, "Node Type": "Seq Scan", "Plan Rows": 57, "Relation Name": "date_dim", "Alias": "date_dim", "Parallel Aware": false, "Actual Total Time": 8.851, "Parent Relationship": "Outer", "Actual Startup Time": 4.044, "Plan Width": 4, "Actual Loops": 1, "Rows Removed by Filter": 72989, "Total Cost": 2500.73}], "Actual Rows": 60, "Original Hash Buckets": 1024, "Hash Batches": 1, "Peak Memory Usage": 11, "Node Type": "Hash", "Plan Rows": 57, "Parallel Aware": false, "Actual Total Time": 8.861, "Parent Relationship": "Inner", "Actual Startup Time": 8.861, "Plan Width": 4, "Actual Loops": 1, "Original Hash Batches": 1, "Total Cost": 2500.73}], "Node Type": "Hash Join", "Plan Rows": 1114, "Join Type": "Inner", "Parallel Aware": false, "Actual Total Time": 304.877, "Hash Cond": "(catalog_sales.cs_sold_date_sk = date_dim.d_date_sk)", "Parent Relationship": "Outer", "Actual Startup Time": 10.198, "Plan Width": 8, "Actual Loops": 1, "Total Cost": 59709.93}, {"Hash Buckets": 2048, "Startup Cost": 1506.0, "Plans": [{"Filter": "((i_current_price >= 0.99) AND (i_current_price <= 1.49))", "Startup Cost": 0.0, "Actual Rows": 1104, "Node Type": "Seq Scan", "Plan Rows": 1088, "Relation Name": "item", "Alias": "item", "Parallel Aware": false, "Actual Total Time": 6.545, "Parent Relationship": "Outer", "Actual Startup Time": 0.004, "Plan Width": 21, "Actual Loops": 1, "Rows Removed by Filter": 16896, "Total Cost": 1506.0}], "Actual Rows": 1104, "Original Hash Buckets": 2048, "Hash Batches": 1, "Peak Memory Usage": 77, "Node Type": "Hash", "Plan Rows": 1088, "Parallel Aware": false, "Actual Total Time": 6.778, "Parent Relationship": "Inner", "Actual Startup Time": 6.778, "Plan Width": 21, "Actual Loops": 1, "Original Hash Batches": 1, "Total Cost": 1506.0}], "Node Type": "Hash Join", "Plan Rows": 67, "Join Type": "Inner", "Parallel Aware": false, "Actual Total Time": 313.873, "Hash Cond": "(catalog_sales.cs_item_sk = item.i_item_sk)", "Parent Relationship": "Outer", "Actual Startup Time": 17.575, "Plan Width": 21, "Actual Loops": 1, "Total Cost": 61234.37}, {"Hash Buckets": 1024, "Startup Cost": 1.05, "Plans": [{"Startup Cost": 0.0, "Actual Rows": 5, "Node Type": "Seq Scan", "Plan Rows": 5, "Relation Name": "warehouse", "Alias": "warehouse", "Parallel Aware": false, "Actual Total Time": 0.005, "Parent Relationship": "Outer", "Actual Startup Time": 0.004, "Plan Width": 7, "Actual Loops": 1, "Total Cost": 1.05}], "Actual Rows": 5, "Original Hash Buckets": 1024, "Hash Batches": 1, "Peak Memory Usage": 9, "Node Type": "Hash", "Plan Rows": 5, "Parallel Aware": false, "Actual Total Time": 0.008, "Parent Relationship": "Inner", "Actual Startup Time": 0.008, "Plan Width": 7, "Actual Loops": 1, "Original Hash Batches": 1, "Total Cost": 1.05}], "Node Type": "Hash Join", "Plan Rows": 67, "Join Type": "Inner", "Parallel Aware": false, "Actual Total Time": 314.222, "Hash Cond": "(catalog_sales.cs_warehouse_sk = warehouse.w_warehouse_sk)", "Parent Relationship": "Outer", "Actual Startup Time": 17.586, "Plan Width": 20, "Actual Loops": 1, "Total Cost": 61236.41}], "Node Type": "Aggregate", "Strategy": "Hashed", "Plan Rows": 67, "Parallel Aware": false, "Actual Total Time": 314.818, "Group Key": ["warehouse.w_state", "item.i_item_id"], "Actual Startup Time": 314.693, "Plan Width": 20, "Actual Loops": 1, "Total Cost": 61237.41}, "Triggers": []}]