[{"Execution Time": 611.983, "Planning Time": 0.382, "Plan": {"Partial Mode": "Simple", "Startup Cost": 92764.97, "Actual Rows": 1592625, "Plans": [{"Startup Cost": 88372.8, "Actual Rows": 1606572, "Plans": [{"Startup Cost": 0.0, "Actual Rows": 94736, "Node Type": "Seq Scan", "Plan Rows": 100000, "Relation Name": "customer", "Alias": "customer", "Parallel Aware": false, "Actual Total Time": 8.594, "Parent Relationship": "Outer", "Actual Startup Time": 0.004, "Plan Width": 56, "Actual Loops": 1, "Total Cost": 3855.0}, {"Hash Buckets": 8192, "Startup Cost": 88310.42, "Plans": [{"Startup Cost": 1463.9, "Actual Rows": 6473, "Plans": [{"Startup Cost": 1462.71, "Actual Rows": 19388, "Plans": [{"Startup Cost": 0.0, "Actual Rows": 2485280, "Node Type": "Seq Scan", "Plan Rows": 2622557, "Relation Name": "store_sales", "Alias": "store_sales", "Parallel Aware": false, "Actual Total Time": 314.742, "Parent Relationship": "Outer", "Actual Startup Time": 0.024, "Plan Width": 12, "Actual Loops": 1, "Total Cost": 76687.57}, {"Hash Buckets": 1024, "Startup Cost": 1461.0, "Plans": [{"Filter": "(i_color = 'lawn'::bpchar)", "Startup Cost": 0.0, "Actual Rows": 137, "Node Type": "Seq Scan", "Plan Rows": 137, "Relation Name": "item", "Alias": "item", "Parallel Aware": false, "Actual Total Time": 5.167, "Parent Relationship": "Outer", "Actual Startup Time": 0.047, "Plan Width": 67, "Actual Loops": 1, "Rows Removed by Filter": 17863, "Total Cost": 1461.0}], "Actual Rows": 137, "Original Hash Buckets": 1024, "Hash Batches": 1, "Peak Memory Usage": 22, "Node Type": "Hash", "Plan Rows": 137, "Parallel Aware": false, "Actual Total Time": 5.222, "Parent Relationship": "Inner", "Actual Startup Time": 5.222, "Plan Width": 67, "Actual Loops": 1, "Original Hash Batches": 1, "Total Cost": 1461.0}], "Node Type": "Hash Join", "Plan Rows": 19961, "Join Type": "Inner", "Parallel Aware": false, "Actual Total Time": 576.022, "Hash Cond": "(store_sales.ss_item_sk = item.i_item_sk)", "Parent Relationship": "Outer", "Actual Startup Time": 5.293, "Plan Width": 71, "Actual Loops": 1, "Total Cost": 88184.48}, {"Hash Buckets": 1024, "Startup Cost": 1.15, "Plans": [{"Filter": "(s_market_id = 8)", "Startup Cost": 0.0, "Actual Rows": 3, "Node Type": "Seq Scan", "Plan Rows": 3, "Relation Name": "store", "Alias": "store", "Parallel Aware": false, "Actual Total Time": 0.007, "Parent Relationship": "Outer", "Actual Startup Time": 0.004, "Plan Width": 12, "Actual Loops": 1, "Rows Removed by Filter": 9, "Total Cost": 1.15}], "Actual Rows": 3, "Original Hash Buckets": 1024, "Hash Batches": 1, "Peak Memory Usage": 9, "Node Type": "Hash", "Plan Rows": 3, "Parallel Aware": false, "Actual Total Time": 0.009, "Parent Relationship": "Inner", "Actual Startup Time": 0.009, "Plan Width": 12, "Actual Loops": 1, "Original Hash Batches": 1, "Total Cost": 1.15}], "Node Type": "Hash Join", "Plan Rows": 4990, "Join Type": "Inner", "Parallel Aware": false, "Actual Total Time": 580.171, "Hash Cond": "(store_sales.ss_store_sk = store.s_store_sk)", "Parent Relationship": "Outer", "Actual Startup Time": 5.323, "Plan Width": 75, "Actual Loops": 1, "Total Cost": 88310.42}], "Actual Rows": 6473, "Original Hash Buckets": 8192, "Hash Batches": 1, "Peak Memory Usage": 745, "Node Type": "Hash", "Plan Rows": 4990, "Parallel Aware": false, "Actual Total Time": 583.333, "Parent Relationship": "Inner", "Actual Startup Time": 583.333, "Plan Width": 75, "Actual Loops": 1, "Original Hash Batches": 1, "Total Cost": 88310.42}], "Node Type": "Hash Join", "Plan Rows": 4990, "Join Type": "Inner", "Parallel Aware": false, "Actual Total Time": 605.31, "Hash Cond": "(customer.c_customer_sk = store_sales.ss_customer_sk)", "Parent Relationship": "Outer", "Actual Startup Time": 583.352, "Plan Width": 123, "Actual Loops": 1, "Total Cost": 92652.7}], "Node Type": "Aggregate", "Strategy": "Hashed", "Plan Rows": 4990, "Parallel Aware": false, "Actual Total Time": 611.717, "Group Key": ["customer.c_last_name", "customer.c_first_name", "store.s_store_name", "store.s_state", "item.i_color", "item.i_current_price", "item.i_manager_id", "item.i_units", "item.i_size"], "Actual Startup Time": 610.363, "Plan Width": 123, "Actual Loops": 1, "Total Cost": 92814.87}, "Triggers": []}]