[{"Execution Time": 10.062, "Planning Time": 0.049, "Plan": {"Partial Mode": "Simple", "Startup Cost": 2409.48, "Actual Rows": 21, "Plans": [{"Filter": "(d_week_seq = ANY ('{5181,5205,5211}'::integer[]))", "Startup Cost": 0.0, "Actual Rows": 21, "Node Type": "Seq Scan", "Plan Rows": 21, "Relation Name": "date_dim", "Alias": "date_dim", "Parallel Aware": false, "Actual Total Time": 10.021, "Parent Relationship": "Outer", "Actual Startup Time": 4.461, "Plan Width": 4, "Actual Loops": 1, "Rows Removed by Filter": 73028, "Total Cost": 2409.42}], "Node Type": "Aggregate", "Strategy": "Hashed", "Plan Rows": 21, "Parallel Aware": false, "Actual Total Time": 10.037, "Group Key": ["d_date"], "Actual Startup Time": 10.033, "Plan Width": 4, "Actual Loops": 1, "Total Cost": 2409.69}, "Triggers": []}]