[{"Execution Time": 575.251, "Planning Time": 0.293, "Plan": {"Partial Mode": "Simple", "Startup Cost": 89036.58, "Actual Rows": 501, "Plans": [{"Startup Cost": 2502.17, "Actual Rows": 29744100, "Plans": [{"Startup Cost": 2500.9, "Actual Rows": 27729, "Plans": [{"Startup Cost": 0.0, "Actual Rows": 2485280, "Node Type": "Seq Scan", "Plan Rows": 2622557, "Relation Name": "store_sales", "Alias": "store_sales", "Parallel Aware": false, "Actual Total Time": 324.793, "Parent Relationship": "Outer", "Actual Startup Time": 0.014, "Plan Width": 8, "Actual Loops": 1, "Total Cost": 76687.57}, {"Hash Buckets": 1024, "Startup Cost": 2500.73, "Plans": [{"Filter": "((d_date >= '2001-08-21'::date) AND (d_date <= '2001-09-04'::date))", "Startup Cost": 0.0, "Actual Rows": 15, "Node Type": "Seq Scan", "Plan Rows": 13, "Relation Name": "date_dim", "Alias": "date_dim", "Parallel Aware": false, "Actual Total Time": 11.238, "Parent Relationship": "Outer", "Actual Startup Time": 5.73, "Plan Width": 4, "Actual Loops": 1, "Rows Removed by Filter": 73034, "Total Cost": 2500.73}], "Actual Rows": 15, "Original Hash Buckets": 1024, "Hash Batches": 1, "Peak Memory Usage": 9, "Node Type": "Hash", "Plan Rows": 13, "Parallel Aware": false, "Actual Total Time": 11.248, "Parent Relationship": "Inner", "Actual Startup Time": 11.248, "Plan Width": 4, "Actual Loops": 1, "Original Hash Batches": 1, "Total Cost": 2500.73}], "Node Type": "Hash Join", "Plan Rows": 467, "Join Type": "Inner", "Parallel Aware": false, "Actual Total Time": 561.498, "Hash Cond": "(store_sales.ss_sold_date_sk = date_dim.d_date_sk)", "Parent Relationship": "Outer", "Actual Startup Time": 11.699, "Plan Width": 4, "Actual Loops": 1, "Total Cost": 89027.73}, {"Hash Buckets": 1024, "Startup Cost": 1.12, "Plans": [{"Startup Cost": 0.0, "Actual Rows": 12, "Node Type": "Seq Scan", "Plan Rows": 12, "Relation Name": "store", "Alias": "store", "Parallel Aware": false, "Actual Total Time": 0.01, "Parent Relationship": "Outer", "Actual Startup Time": 0.007, "Plan Width": 21, "Actual Loops": 1, "Total Cost": 1.12}], "Actual Rows": 12, "Original Hash Buckets": 1024, "Hash Batches": 1, "Peak Memory Usage": 9, "Node Type": "Hash", "Plan Rows": 12, "Parallel Aware": false, "Actual Total Time": 0.016, "Parent Relationship": "Inner", "Actual Startup Time": 0.016, "Plan Width": 21, "Actual Loops": 1, "Original Hash Batches": 1, "Total Cost": 1.12}], "Node Type": "Hash Join", "Plan Rows": 467, "Join Type": "Inner", "Parallel Aware": false, "Actual Total Time": 568.429, "Hash Cond": "(store_sales.ss_store_sk = store.s_store_sk)", "Parent Relationship": "Outer", "Actual Startup Time": 11.719, "Plan Width": 17, "Actual Loops": 1, "Total Cost": 89035.42}], "Node Type": "Aggregate", "Strategy": "Hashed", "Plan Rows": 6, "Parallel Aware": false, "Actual Total Time": 575.205, "Group Key": ["store.s_store_id"], "Actual Startup Time": 575.204, "Plan Width": 17, "Actual Loops": 1, "Total Cost": 89036.64}, "Triggers": []}]