[{"Execution Time": 37.171, "Planning Time": 0.298, "Plan": {"Partial Mode": "Simple", "Startup Cost": 7797.26, "Actual Rows": 3593, "Plans": [{"Startup Cost": 7393.82, "Actual Rows": 746086, "Plans": [{"Startup Cost": 0.0, "Actual Rows": 11718, "Node Type": "Seq Scan", "Plan Rows": 11718, "Relation Name": "catalog_page", "Alias": "catalog_page", "Parallel Aware": false, "Actual Total Time": 0.942, "Parent Relationship": "Outer", "Actual Startup Time": 0.006, "Plan Width": 21, "Actual Loops": 1, "Total Cost": 359.18}, {"Hash Buckets": 1024, "Startup Cost": 7393.51, "Plans": [{"Startup Cost": 2500.9, "Actual Rows": 633, "Plans": [{"Startup Cost": 0.0, "Actual Rows": 127393, "Node Type": "Seq Scan", "Plan Rows": 141190, "Relation Name": "catalog_returns", "Alias": "catalog_returns", "Parallel Aware": false, "Actual Total Time": 12.55, "Parent Relationship": "Outer", "Actual Startup Time": 0.004, "Plan Width": 8, "Actual Loops": 1, "Total Cost": 4362.9}, {"Hash Buckets": 1024, "Startup Cost": 2500.73, "Plans": [{"Filter": "((d_date >= '2001-08-21'::date) AND (d_date <= '2001-09-04'::date))", "Startup Cost": 0.0, "Actual Rows": 15, "Node Type": "Seq Scan", "Plan Rows": 13, "Relation Name": "date_dim", "Alias": "date_dim", "Parallel Aware": false, "Actual Total Time": 11.427, "Parent Relationship": "Outer", "Actual Startup Time": 5.946, "Plan Width": 4, "Actual Loops": 1, "Rows Removed by Filter": 73034, "Total Cost": 2500.73}], "Actual Rows": 15, "Original Hash Buckets": 1024, "Hash Batches": 1, "Peak Memory Usage": 9, "Node Type": "Hash", "Plan Rows": 13, "Parallel Aware": false, "Actual Total Time": 11.435, "Parent Relationship": "Inner", "Actual Startup Time": 11.435, "Plan Width": 4, "Actual Loops": 1, "Original Hash Batches": 1, "Total Cost": 2500.73}], "Node Type": "Hash Join", "Plan Rows": 25, "Join Type": "Inner", "Parallel Aware": false, "Actual Total Time": 34.905, "Hash Cond": "(catalog_returns.cr_returned_date_sk = date_dim.d_date_sk)", "Parent Relationship": "Outer", "Actual Startup Time": 23.201, "Plan Width": 4, "Actual Loops": 1, "Total Cost": 7393.51}], "Actual Rows": 633, "Original Hash Buckets": 1024, "Hash Batches": 1, "Peak Memory Usage": 31, "Node Type": "Hash", "Plan Rows": 25, "Parallel Aware": false, "Actual Total Time": 35.026, "Parent Relationship": "Inner", "Actual Startup Time": 35.026, "Plan Width": 4, "Actual Loops": 1, "Original Hash Batches": 1, "Total Cost": 7393.51}], "Node Type": "Hash Join", "Plan Rows": 25, "Join Type": "Inner", "Parallel Aware": false, "Actual Total Time": 36.95, "Hash Cond": "(catalog_page.cp_catalog_page_sk = catalog_returns.cr_catalog_page_sk)", "Parent Relationship": "Outer", "Actual Startup Time": 35.675, "Plan Width": 17, "Actual Loops": 1, "Total Cost": 7797.2}], "Node Type": "Aggregate", "Strategy": "Hashed", "Plan Rows": 25, "Parallel Aware": false, "Actual Total Time": 37.111, "Group Key": ["catalog_page.cp_catalog_page_id"], "Actual Startup Time": 37.082, "Plan Width": 17, "Actual Loops": 1, "Total Cost": 7797.51}, "Triggers": []}]