[{"Execution Time": 171.178, "Planning Time": 0.19, "Plan": {"Partial Mode": "Simple", "Startup Cost": 31322.16, "Actual Rows": 27, "Plans": [{"Startup Cost": 2503.57, "Actual Rows": 7788085, "Plans": [{"Startup Cost": 2500.9, "Actual Rows": 7087, "Plans": [{"Startup Cost": 0.0, "Actual Rows": 648065, "Node Type": "Seq Scan", "Plan Rows": 719071, "Relation Name": "web_sales", "Alias": "web_sales", "Parallel Aware": false, "Actual Total Time": 99.125, "Parent Relationship": "Outer", "Actual Startup Time": 0.008, "Plan Width": 8, "Actual Loops": 1, "Total Cost": 26118.71}, {"Hash Buckets": 1024, "Startup Cost": 2500.73, "Plans": [{"Filter": "((d_date >= '2001-08-21'::date) AND (d_date <= '2001-09-04'::date))", "Startup Cost": 0.0, "Actual Rows": 15, "Node Type": "Seq Scan", "Plan Rows": 13, "Relation Name": "date_dim", "Alias": "date_dim", "Parallel Aware": false, "Actual Total Time": 12.835, "Parent Relationship": "Outer", "Actual Startup Time": 5.57, "Plan Width": 4, "Actual Loops": 1, "Rows Removed by Filter": 73034, "Total Cost": 2500.73}], "Actual Rows": 15, "Original Hash Buckets": 1024, "Hash Batches": 1, "Peak Memory Usage": 9, "Node Type": "Hash", "Plan Rows": 13, "Parallel Aware": false, "Actual Total Time": 12.85, "Parent Relationship": "Inner", "Actual Startup Time": 12.85, "Plan Width": 4, "Actual Loops": 1, "Original Hash Batches": 1, "Total Cost": 2500.73}], "Node Type": "Hash Join", "Plan Rows": 128, "Join Type": "Inner", "Parallel Aware": false, "Actual Total Time": 167.647, "Hash Cond": "(web_sales.ws_sold_date_sk = date_dim.d_date_sk)", "Parent Relationship": "Outer", "Actual Startup Time": 13.334, "Plan Width": 4, "Actual Loops": 1, "Total Cost": 31317.4}, {"Hash Buckets": 1024, "Startup Cost": 2.3, "Plans": [{"Startup Cost": 0.0, "Actual Rows": 30, "Node Type": "Seq Scan", "Plan Rows": 30, "Relation Name": "web_site", "Alias": "web_site", "Parallel Aware": false, "Actual Total Time": 0.012, "Parent Relationship": "Outer", "Actual Startup Time": 0.005, "Plan Width": 21, "Actual Loops": 1, "Total Cost": 2.3}], "Actual Rows": 30, "Original Hash Buckets": 1024, "Hash Batches": 1, "Peak Memory Usage": 10, "Node Type": "Hash", "Plan Rows": 30, "Parallel Aware": false, "Actual Total Time": 0.019, "Parent Relationship": "Inner", "Actual Startup Time": 0.019, "Plan Width": 21, "Actual Loops": 1, "Original Hash Batches": 1, "Total Cost": 2.3}], "Node Type": "Hash Join", "Plan Rows": 128, "Join Type": "Inner", "Parallel Aware": false, "Actual Total Time": 169.329, "Hash Cond": "(web_sales.ws_web_site_sk = web_site.web_site_sk)", "Parent Relationship": "Outer", "Actual Startup Time": 13.358, "Plan Width": 17, "Actual Loops": 1, "Total Cost": 31321.84}], "Node Type": "Aggregate", "Strategy": "Hashed", "Plan Rows": 15, "Parallel Aware": false, "Actual Total Time": 171.131, "Group Key": ["web_site.web_site_id"], "Actual Startup Time": 171.128, "Plan Width": 17, "Actual Loops": 1, "Total Cost": 31322.31}, "Triggers": []}]