[{"Execution Time": 503.989, "Planning Time": 0.575, "Plan": {"Partial Mode": "Simple", "Startup Cost": 65958.79, "Actual Rows": 1666, "Plans": [{"Startup Cost": 8734.95, "Actual Rows": 3296740, "Plans": [{"Startup Cost": 2501.88, "Actual Rows": 38649, "Plans": [{"Startup Cost": 0.0, "Actual Rows": 1343425, "Node Type": "Seq Scan", "Plan Rows": 1427370, "Relation Name": "catalog_sales", "Alias": "catalog_sales", "Parallel Aware": false, "Actual Total Time": 257.547, "Parent Relationship": "Outer", "Actual Startup Time": 0.021, "Plan Width": 8, "Actual Loops": 1, "Total Cost": 51844.7}, {"Hash Buckets": 1024, "Startup Cost": 2500.73, "Plans": [{"Filter": "((d_qoy = 2) AND (d_year = 1998))", "Startup Cost": 0.0, "Actual Rows": 91, "Node Type": "Seq Scan", "Plan Rows": 92, "Relation Name": "date_dim", "Alias": "date_dim", "Parallel Aware": false, "Actual Total Time": 22.166, "Parent Relationship": "Outer", "Actual Startup Time": 10.814, "Plan Width": 4, "Actual Loops": 1, "Rows Removed by Filter": 72958, "Total Cost": 2500.73}], "Actual Rows": 91, "Original Hash Buckets": 1024, "Hash Batches": 1, "Peak Memory Usage": 12, "Node Type": "Hash", "Plan Rows": 92, "Parallel Aware": false, "Actual Total Time": 22.193, "Parent Relationship": "Inner", "Actual Startup Time": 22.193, "Plan Width": 4, "Actual Loops": 1, "Original Hash Batches": 1, "Total Cost": 2500.73}], "Node Type": "Hash Join", "Plan Rows": 1798, "Join Type": "Inner", "Parallel Aware": false, "Actual Total Time": 435.228, "Hash Cond": "(catalog_sales.cs_sold_date_sk = date_dim.d_date_sk)", "Parent Relationship": "Outer", "Actual Startup Time": 27.454, "Plan Width": 4, "Actual Loops": 1, "Total Cost": 59717.2}, {"Hash Buckets": 8192, "Startup Cost": 6133.69, "Plans": [{"Startup Cost": 1824.19, "Actual Rows": 7675, "Plans": [{"Startup Cost": 0.0, "Actual Rows": 94736, "Node Type": "Seq Scan", "Plan Rows": 100000, "Relation Name": "customer", "Alias": "customer", "Parallel Aware": false, "Actual Total Time": 13.854, "Parent Relationship": "Outer", "Actual Startup Time": 0.007, "Plan Width": 8, "Actual Loops": 1, "Total Cost": 3855.0}, {"Hash Buckets": 4096, "Startup Cost": 1774.5, "Plans": [{"Filter": "(ca_state = ANY ('{CA,WA,GA}'::bpchar[]))", "Startup Cost": 0.0, "Actual Rows": 4018, "Node Type": "Seq Scan", "Plan Rows": 3975, "Relation Name": "customer_address", "Alias": "customer_address", "Parallel Aware": false, "Actual Total Time": 19.786, "Parent Relationship": "Outer", "Actual Startup Time": 0.011, "Plan Width": 15, "Actual Loops": 1, "Rows Removed by Filter": 45982, "Total Cost": 1774.5}], "Actual Rows": 4018, "Original Hash Buckets": 4096, "Hash Batches": 1, "Peak Memory Usage": 220, "Node Type": "Hash", "Plan Rows": 3975, "Parallel Aware": false, "Actual Total Time": 21.043, "Parent Relationship": "Inner", "Actual Startup Time": 21.043, "Plan Width": 15, "Actual Loops": 1, "Original Hash Batches": 1, "Total Cost": 1774.5}], "Node Type": "Hash Join", "Plan Rows": 7950, "Join Type": "Inner", "Parallel Aware": false, "Actual Total Time": 61.034, "Hash Cond": "(customer.c_current_addr_sk = customer_address.ca_address_sk)", "Parent Relationship": "Outer", "Actual Startup Time": 21.068, "Plan Width": 15, "Actual Loops": 1, "Total Cost": 6133.69}], "Actual Rows": 7675, "Original Hash Buckets": 8192, "Hash Batches": 1, "Peak Memory Usage": 415, "Node Type": "Hash", "Plan Rows": 7950, "Parallel Aware": false, "Actual Total Time": 63.806, "Parent Relationship": "Inner", "Actual Startup Time": 63.806, "Plan Width": 15, "Actual Loops": 1, "Original Hash Batches": 1, "Total Cost": 6133.69}], "Node Type": "Hash Join", "Plan Rows": 143, "Join Type": "Inner", "Parallel Aware": false, "Actual Total Time": 503.165, "Hash Cond": "(catalog_sales.cs_bill_customer_sk = customer.c_customer_sk)", "Parent Relationship": "Outer", "Actual Startup Time": 93.305, "Plan Width": 11, "Actual Loops": 1, "Total Cost": 65958.44}], "Node Type": "Aggregate", "Strategy": "Hashed", "Plan Rows": 143, "Parallel Aware": false, "Actual Total Time": 503.884, "Group Key": ["customer_address.ca_zip"], "Actual Startup Time": 503.847, "Plan Width": 11, "Actual Loops": 1, "Total Cost": 65960.22}, "Triggers": []}]