[
  {
    "Plan": {
      "Node Type": "Aggregate",
      "Strategy": "Hashed",
      "Partial Mode": "Simple",
      "Parallel Aware": false,
      "Startup Cost": 1524.58,
      "Total Cost": 1524.74,
      "Plan Rows": 16,
      "Plan Width": 4,
      "Actual Startup Time": 11.329,
      "Actual Total Time": 11.333,
      "Actual Rows": 9,
      "Actual Loops": 1,
      "Group Key": ["i_class_id"],
      "Plans": [
        {
          "Node Type": "Seq Scan",
          "Parent Relationship": "Outer",
          "Parallel Aware": false,
          "Relation Name": "item",
          "Alias": "item",
          "Startup Cost": 0.00,
          "Total Cost": 1506.00,
          "Plan Rows": 7433,
          "Plan Width": 4,
          "Actual Startup Time": 0.012,
          "Actual Total Time": 8.839,
          "Actual Rows": 7433,
          "Actual Loops": 1,
          "Filter": "((i_class_id >= 4) AND (i_class_id <= 12))",
          "Rows Removed by Filter": 10567
        }
      ]
    },
    "Planning Time": 0.109,
    "Triggers": [
    ],
    "Execution Time": 11.364
  }
]
