[
  {
    "Plan": {
      "Node Type": "Aggregate",
      "Strategy": "Hashed",
      "Partial Mode": "Simple",
      "Parallel Aware": false,
      "Startup Cost": 27805.26,
      "Total Cost": 27815.08,
      "Plan Rows": 982,
      "Plan Width": 4,
      "Actual Startup Time": 163.088,
      "Actual Total Time": 163.114,
      "Actual Rows": 253,
      "Actual Loops": 1,
      "Group Key": ["puma10"],
      "Plans": [
        {
          "Node Type": "Seq Scan",
          "Parent Relationship": "Outer",
          "Parallel Aware": false,
          "Relation Name": "jointable",
          "Alias": "jointable",
          "Startup Cost": 0.00,
          "Total Cost": 27782.72,
          "Plan Rows": 9015,
          "Plan Width": 4,
          "Actual Startup Time": 0.307,
          "Actual Total Time": 161.259,
          "Actual Rows": 10362,
          "Actual Loops": 1,
          "Filter": "((agep >= 18) AND (agep <= 114) AND (relp = 13) AND (sex = 2))",
          "Rows Removed by Filter": 1005324
        }
      ]
    },
    "Planning Time": 0.049,
    "Triggers": [
    ],
    "Execution Time": 163.140
  }
]
