[
  {
    "Plan": {
      "Node Type": "Aggregate",
      "Strategy": "Hashed",
      "Partial Mode": "Simple",
      "Parallel Aware": false,
      "Startup Cost": 27958.24,
      "Total Cost": 27968.06,
      "Plan Rows": 982,
      "Plan Width": 4,
      "Actual Startup Time": 187.271,
      "Actual Total Time": 187.349,
      "Actual Rows": 934,
      "Actual Loops": 1,
      "Group Key": ["puma10"],
      "Plans": [
        {
          "Node Type": "Seq Scan",
          "Parent Relationship": "Outer",
          "Parallel Aware": false,
          "Relation Name": "jointable",
          "Alias": "jointable",
          "Startup Cost": 0.00,
          "Total Cost": 27782.72,
          "Plan Rows": 70206,
          "Plan Width": 4,
          "Actual Startup Time": 0.021,
          "Actual Total Time": 168.399,
          "Actual Rows": 129373,
          "Actual Loops": 1,
          "Filter": "((agep >= 21) AND (agep <= 114) AND (relp = 1) AND (sex = 2))",
          "Rows Removed by Filter": 886313
        }
      ]
    },
    "Planning Time": 0.079,
    "Triggers": [
    ],
    "Execution Time": 187.396
  }
]
