[
  {
    "Plan": {
      "Node Type": "Aggregate",
      "Strategy": "Hashed",
      "Partial Mode": "Simple",
      "Parallel Aware": false,
      "Startup Cost": 25290.10,
      "Total Cost": 25299.92,
      "Plan Rows": 982,
      "Plan Width": 4,
      "Actual Startup Time": 121.621,
      "Actual Total Time": 121.726,
      "Actual Rows": 705,
      "Actual Loops": 1,
      "Group Key": ["puma10"],
      "Plans": [
        {
          "Node Type": "Seq Scan",
          "Parent Relationship": "Outer",
          "Parallel Aware": false,
          "Relation Name": "jointable",
          "Alias": "jointable",
          "Startup Cost": 0.00,
          "Total Cost": 25243.51,
          "Plan Rows": 18636,
          "Plan Width": 4,
          "Actual Startup Time": 0.048,
          "Actual Total Time": 113.929,
          "Actual Rows": 56936,
          "Actual Loops": 1,
          "Filter": "((agep >= 14) AND (agep <= 18) AND (relp = 2))",
          "Rows Removed by Filter": 958750
        }
      ]
    },
    "Planning Time": 0.066,
    "Triggers": [
    ],
    "Execution Time": 121.777
  }
]
