[
  {
    "Plan": {
      "Node Type": "Aggregate",
      "Strategy": "Hashed",
      "Partial Mode": "Simple",
      "Parallel Aware": false,
      "Startup Cost": 30376.02,
      "Total Cost": 30385.84,
      "Plan Rows": 982,
      "Plan Width": 4,
      "Actual Startup Time": 155.925,
      "Actual Total Time": 155.981,
      "Actual Rows": 657,
      "Actual Loops": 1,
      "Group Key": ["puma10"],
      "Plans": [
        {
          "Node Type": "Seq Scan",
          "Parent Relationship": "Outer",
          "Parallel Aware": false,
          "Relation Name": "jointable",
          "Alias": "jointable",
          "Startup Cost": 0.00,
          "Total Cost": 30321.93,
          "Plan Rows": 21634,
          "Plan Width": 4,
          "Actual Startup Time": 0.022,
          "Actual Total Time": 150.698,
          "Actual Rows": 40512,
          "Actual Loops": 1,
          "Filter": "((agep >= 18) AND (agep <= 114) AND (relp = 0) AND (sex = 1) AND (ten = 2))",
          "Rows Removed by Filter": 975174
        }
      ]
    },
    "Planning Time": 0.072,
    "Triggers": [
    ],
    "Execution Time": 156.023
  }
]
