[
  {
    "Plan": {
      "Node Type": "Unique",
      "Parallel Aware": false,
      "Startup Cost": 30418.10,
      "Total Cost": 30427.00,
      "Plan Rows": 822,
      "Plan Width": 4,
      "Actual Startup Time": 144.283,
      "Actual Total Time": 144.788,
      "Actual Rows": 115,
      "Actual Loops": 1,
      "Plans": [
        {
          "Node Type": "Sort",
          "Parent Relationship": "Outer",
          "Parallel Aware": false,
          "Startup Cost": 30418.10,
          "Total Cost": 30422.55,
          "Plan Rows": 1781,
          "Plan Width": 4,
          "Actual Startup Time": 144.282,
          "Actual Total Time": 144.539,
          "Actual Rows": 4660,
          "Actual Loops": 1,
          "Sort Key": ["puma10"],
          "Sort Method": "quicksort",
          "Sort Space Used": 411,
          "Sort Space Type": "Memory",
          "Plans": [
            {
              "Node Type": "Seq Scan",
              "Parent Relationship": "Outer",
              "Parallel Aware": false,
              "Relation Name": "jointable",
              "Alias": "jointable",
              "Startup Cost": 0.00,
              "Total Cost": 30321.93,
              "Plan Rows": 1781,
              "Plan Width": 4,
              "Actual Startup Time": 0.194,
              "Actual Total Time": 143.629,
              "Actual Rows": 4660,
              "Actual Loops": 1,
              "Filter": "((agep >= 15) AND (agep <= 85) AND (relp = 12) AND (sex = 1) AND (ten = 3))",
              "Rows Removed by Filter": 1011026
            }
          ]
        }
      ]
    },
    "Planning Time": 0.081,
    "Triggers": [
    ],
    "Execution Time": 144.807
  }
]
