[
  {
    "Plan": {
      "Node Type": "Unique",
      "Parallel Aware": false,
      "Startup Cost": 25346.55,
      "Total Cost": 25356.01,
      "Plan Rows": 839,
      "Plan Width": 4,
      "Actual Startup Time": 99.168,
      "Actual Total Time": 100.374,
      "Actual Rows": 173,
      "Actual Loops": 1,
      "Plans": [
        {
          "Node Type": "Sort",
          "Parent Relationship": "Outer",
          "Parallel Aware": false,
          "Startup Cost": 25346.55,
          "Total Cost": 25351.28,
          "Plan Rows": 1893,
          "Plan Width": 4,
          "Actual Startup Time": 99.168,
          "Actual Total Time": 99.833,
          "Actual Rows": 8441,
          "Actual Loops": 1,
          "Sort Key": ["puma10"],
          "Sort Method": "quicksort",
          "Sort Space Used": 780,
          "Sort Space Type": "Memory",
          "Plans": [
            {
              "Node Type": "Seq Scan",
              "Parent Relationship": "Outer",
              "Parallel Aware": false,
              "Relation Name": "jointable",
              "Alias": "jointable",
              "Startup Cost": 0.00,
              "Total Cost": 25243.51,
              "Plan Rows": 1893,
              "Plan Width": 4,
              "Actual Startup Time": 0.373,
              "Actual Total Time": 98.025,
              "Actual Rows": 8441,
              "Actual Loops": 1,
              "Filter": "((agep >= 65) AND (agep <= 114) AND (relp = 6))",
              "Rows Removed by Filter": 1007245
            }
          ]
        }
      ]
    },
    "Planning Time": 0.059,
    "Triggers": [
    ],
    "Execution Time": 100.393
  }
]
