[
  {
    "Plan": {
      "Node Type": "Unique",
      "Parallel Aware": false,
      "Startup Cost": 27796.08,
      "Total Cost": 27797.69,
      "Plan Rows": 274,
      "Plan Width": 4,
      "Actual Startup Time": 94.308,
      "Actual Total Time": 94.310,
      "Actual Rows": 1,
      "Actual Loops": 1,
      "Plans": [
        {
          "Node Type": "Sort",
          "Parent Relationship": "Outer",
          "Parallel Aware": false,
          "Startup Cost": 27796.08,
          "Total Cost": 27796.89,
          "Plan Rows": 321,
          "Plan Width": 4,
          "Actual Startup Time": 94.307,
          "Actual Total Time": 94.308,
          "Actual Rows": 10,
          "Actual Loops": 1,
          "Sort Key": ["puma10"],
          "Sort Method": "quicksort",
          "Sort Space Used": 25,
          "Sort Space Type": "Memory",
          "Plans": [
            {
              "Node Type": "Seq Scan",
              "Parent Relationship": "Outer",
              "Parallel Aware": false,
              "Relation Name": "jointable",
              "Alias": "jointable",
              "Startup Cost": 0.00,
              "Total Cost": 27782.72,
              "Plan Rows": 321,
              "Plan Width": 4,
              "Actual Startup Time": 5.184,
              "Actual Total Time": 94.278,
              "Actual Rows": 10,
              "Actual Loops": 1,
              "Filter": "((agep >= 31) AND (agep <= 39) AND (relp = 3) AND (sex = 2))",
              "Rows Removed by Filter": 1015676
            }
          ]
        }
      ]
    },
    "Planning Time": 0.087,
    "Triggers": [
    ],
    "Execution Time": 94.322
  }
]
