[
  {
    "Plan": {
      "Node Type": "Unique",
      "Parallel Aware": false,
      "Startup Cost": 27782.82,
      "Total Cost": 27782.87,
      "Plan Rows": 7,
      "Plan Width": 8,
      "Actual Startup Time": 102.262,
      "Actual Total Time": 102.292,
      "Actual Rows": 3,
      "Actual Loops": 1,
      "Plans": [
        {
          "Node Type": "Sort",
          "Parent Relationship": "Outer",
          "Parallel Aware": false,
          "Startup Cost": 27782.82,
          "Total Cost": 27782.84,
          "Plan Rows": 7,
          "Plan Width": 8,
          "Actual Startup Time": 102.262,
          "Actual Total Time": 102.277,
          "Actual Rows": 256,
          "Actual Loops": 1,
          "Sort Key": ["agep", "sex"],
          "Sort Method": "quicksort",
          "Sort Space Used": 37,
          "Sort Space Type": "Memory",
          "Plans": [
            {
              "Node Type": "Seq Scan",
              "Parent Relationship": "Outer",
              "Parallel Aware": false,
              "Relation Name": "jointable",
              "Alias": "jointable",
              "Startup Cost": 0.00,
              "Total Cost": 27782.72,
              "Plan Rows": 7,
              "Plan Width": 8,
              "Actual Startup Time": 1.648,
              "Actual Total Time": 102.215,
              "Actual Rows": 256,
              "Actual Loops": 1,
              "Filter": "((agep >= 18) AND (agep <= 30) AND (relp = 7) AND (puma10 = 1109))",
              "Rows Removed by Filter": 1015430
            }
          ]
        }
      ]
    },
    "Planning Time": 0.079,
    "Triggers": [
    ],
    "Execution Time": 102.308
  }
]
