[
  {
    "Plan": {
      "Node Type": "Unique",
      "Parallel Aware": false,
      "Startup Cost": 27782.80,
      "Total Cost": 27782.84,
      "Plan Rows": 6,
      "Plan Width": 8,
      "Actual Startup Time": 113.493,
      "Actual Total Time": 113.495,
      "Actual Rows": 1,
      "Actual Loops": 1,
      "Plans": [
        {
          "Node Type": "Sort",
          "Parent Relationship": "Outer",
          "Parallel Aware": false,
          "Startup Cost": 27782.80,
          "Total Cost": 27782.81,
          "Plan Rows": 6,
          "Plan Width": 8,
          "Actual Startup Time": 113.493,
          "Actual Total Time": 113.494,
          "Actual Rows": 10,
          "Actual Loops": 1,
          "Sort Key": ["agep", "sex"],
          "Sort Method": "quicksort",
          "Sort Space Used": 25,
          "Sort Space Type": "Memory",
          "Plans": [
            {
              "Node Type": "Seq Scan",
              "Parent Relationship": "Outer",
              "Parallel Aware": false,
              "Relation Name": "jointable",
              "Alias": "jointable",
              "Startup Cost": 0.00,
              "Total Cost": 27782.72,
              "Plan Rows": 6,
              "Plan Width": 8,
              "Actual Startup Time": 44.709,
              "Actual Total Time": 113.474,
              "Actual Rows": 10,
              "Actual Loops": 1,
              "Filter": "((agep >= 40) AND (agep <= 85) AND (relp = 6) AND (puma10 = 1400))",
              "Rows Removed by Filter": 1015676
            }
          ]
        }
      ]
    },
    "Planning Time": 0.054,
    "Triggers": [
    ],
    "Execution Time": 113.517
  }
]
