[
  {
    "Plan": {
      "Node Type": "Unique",
      "Parallel Aware": false,
      "Startup Cost": 27793.53,
      "Total Cost": 27795.54,
      "Plan Rows": 144,
      "Plan Width": 8,
      "Actual Startup Time": 129.372,
      "Actual Total Time": 129.411,
      "Actual Rows": 8,
      "Actual Loops": 1,
      "Plans": [
        {
          "Node Type": "Sort",
          "Parent Relationship": "Outer",
          "Parallel Aware": false,
          "Startup Cost": 27793.53,
          "Total Cost": 27794.20,
          "Plan Rows": 268,
          "Plan Width": 8,
          "Actual Startup Time": 129.372,
          "Actual Total Time": 129.391,
          "Actual Rows": 340,
          "Actual Loops": 1,
          "Sort Key": ["agep", "sex"],
          "Sort Method": "quicksort",
          "Sort Space Used": 40,
          "Sort Space Type": "Memory",
          "Plans": [
            {
              "Node Type": "Seq Scan",
              "Parent Relationship": "Outer",
              "Parallel Aware": false,
              "Relation Name": "jointable",
              "Alias": "jointable",
              "Startup Cost": 0.00,
              "Total Cost": 27782.72,
              "Plan Rows": 268,
              "Plan Width": 8,
              "Actual Startup Time": 3.435,
              "Actual Total Time": 129.308,
              "Actual Rows": 340,
              "Actual Loops": 1,
              "Filter": "((agep >= 18) AND (agep <= 114) AND (relp = 1) AND (puma10 = 1404))",
              "Rows Removed by Filter": 1015346
            }
          ]
        }
      ]
    },
    "Planning Time": 0.053,
    "Triggers": [
    ],
    "Execution Time": 129.424
  }
]
