[
  {
    "Plan": {
      "Node Type": "Unique",
      "Parallel Aware": false,
      "Startup Cost": 27782.73,
      "Total Cost": 27782.74,
      "Plan Rows": 2,
      "Plan Width": 8,
      "Actual Startup Time": 101.348,
      "Actual Total Time": 101.364,
      "Actual Rows": 1,
      "Actual Loops": 1,
      "Plans": [
        {
          "Node Type": "Sort",
          "Parent Relationship": "Outer",
          "Parallel Aware": false,
          "Startup Cost": 27782.73,
          "Total Cost": 27782.74,
          "Plan Rows": 2,
          "Plan Width": 8,
          "Actual Startup Time": 101.347,
          "Actual Total Time": 101.355,
          "Actual Rows": 76,
          "Actual Loops": 1,
          "Sort Key": ["agep", "sex"],
          "Sort Method": "quicksort",
          "Sort Space Used": 28,
          "Sort Space Type": "Memory",
          "Plans": [
            {
              "Node Type": "Seq Scan",
              "Parent Relationship": "Outer",
              "Parallel Aware": false,
              "Relation Name": "jointable",
              "Alias": "jointable",
              "Startup Cost": 0.00,
              "Total Cost": 27782.72,
              "Plan Rows": 2,
              "Plan Width": 8,
              "Actual Startup Time": 3.306,
              "Actual Total Time": 101.315,
              "Actual Rows": 76,
              "Actual Loops": 1,
              "Filter": "((agep >= 65) AND (agep <= 114) AND (relp = 6) AND (puma10 = 114))",
              "Rows Removed by Filter": 1015610
            }
          ]
        }
      ]
    },
    "Planning Time": 0.080,
    "Triggers": [
    ],
    "Execution Time": 101.388
  }
]
