[
  {
    "Plan": {
      "Node Type": "Unique",
      "Parallel Aware": false,
      "Startup Cost": 30323.07,
      "Total Cost": 30323.38,
      "Plan Rows": 38,
      "Plan Width": 8,
      "Actual Startup Time": 162.869,
      "Actual Total Time": 162.881,
      "Actual Rows": 1,
      "Actual Loops": 1,
      "Plans": [
        {
          "Node Type": "Sort",
          "Parent Relationship": "Outer",
          "Parallel Aware": false,
          "Startup Cost": 30323.07,
          "Total Cost": 30323.17,
          "Plan Rows": 42,
          "Plan Width": 8,
          "Actual Startup Time": 162.868,
          "Actual Total Time": 162.870,
          "Actual Rows": 95,
          "Actual Loops": 1,
          "Sort Key": ["agep", "sex"],
          "Sort Method": "quicksort",
          "Sort Space Used": 29,
          "Sort Space Type": "Memory",
          "Plans": [
            {
              "Node Type": "Seq Scan",
              "Parent Relationship": "Outer",
              "Parallel Aware": false,
              "Relation Name": "jointable",
              "Alias": "jointable",
              "Startup Cost": 0.00,
              "Total Cost": 30321.93,
              "Plan Rows": 42,
              "Plan Width": 8,
              "Actual Startup Time": 8.940,
              "Actual Total Time": 162.838,
              "Actual Rows": 95,
              "Actual Loops": 1,
              "Filter": "((agep >= 18) AND (agep <= 114) AND (relp = 0) AND (ten = 2) AND (puma10 = 1706))",
              "Rows Removed by Filter": 1015591
            }
          ]
        }
      ]
    },
    "Planning Time": 0.058,
    "Triggers": [
    ],
    "Execution Time": 162.895
  }
]
