[
  {
    "Plan": {
      "Node Type": "Unique",
      "Parallel Aware": false,
      "Startup Cost": 27787.16,
      "Total Cost": 27788.11,
      "Plan Rows": 93,
      "Plan Width": 8,
      "Actual Startup Time": 130.798,
      "Actual Total Time": 130.835,
      "Actual Rows": 7,
      "Actual Loops": 1,
      "Plans": [
        {
          "Node Type": "Sort",
          "Parent Relationship": "Outer",
          "Parallel Aware": false,
          "Startup Cost": 27787.16,
          "Total Cost": 27787.48,
          "Plan Rows": 127,
          "Plan Width": 8,
          "Actual Startup Time": 130.797,
          "Actual Total Time": 130.810,
          "Actual Rows": 317,
          "Actual Loops": 1,
          "Sort Key": ["agep", "sex"],
          "Sort Method": "quicksort",
          "Sort Space Used": 39,
          "Sort Space Type": "Memory",
          "Plans": [
            {
              "Node Type": "Seq Scan",
              "Parent Relationship": "Outer",
              "Parallel Aware": false,
              "Relation Name": "jointable",
              "Alias": "jointable",
              "Startup Cost": 0.00,
              "Total Cost": 27782.72,
              "Plan Rows": 127,
              "Plan Width": 8,
              "Actual Startup Time": 6.735,
              "Actual Total Time": 130.732,
              "Actual Rows": 317,
              "Actual Loops": 1,
              "Filter": "((agep >= 21) AND (agep <= 114) AND (relp = 1) AND (puma10 = 2516))",
              "Rows Removed by Filter": 1015369
            }
          ]
        }
      ]
    },
    "Planning Time": 0.055,
    "Triggers": [
    ],
    "Execution Time": 130.850
  }
]
