[
  {
    "Plan": {
      "Node Type": "Unique",
      "Parallel Aware": false,
      "Startup Cost": 30330.40,
      "Total Cost": 30332.04,
      "Plan Rows": 130,
      "Plan Width": 8,
      "Actual Startup Time": 145.926,
      "Actual Total Time": 145.969,
      "Actual Rows": 1,
      "Actual Loops": 1,
      "Plans": [
        {
          "Node Type": "Sort",
          "Parent Relationship": "Outer",
          "Parallel Aware": false,
          "Startup Cost": 30330.40,
          "Total Cost": 30330.95,
          "Plan Rows": 218,
          "Plan Width": 8,
          "Actual Startup Time": 145.925,
          "Actual Total Time": 145.938,
          "Actual Rows": 374,
          "Actual Loops": 1,
          "Sort Key": ["agep", "sex"],
          "Sort Method": "quicksort",
          "Sort Space Used": 42,
          "Sort Space Type": "Memory",
          "Plans": [
            {
              "Node Type": "Seq Scan",
              "Parent Relationship": "Outer",
              "Parallel Aware": false,
              "Relation Name": "jointable",
              "Alias": "jointable",
              "Startup Cost": 0.00,
              "Total Cost": 30321.93,
              "Plan Rows": 218,
              "Plan Width": 8,
              "Actual Startup Time": 6.654,
              "Actual Total Time": 145.861,
              "Actual Rows": 374,
              "Actual Loops": 1,
              "Filter": "((agep >= 18) AND (agep <= 114) AND (relp = 0) AND (ten = 1) AND (puma10 = 2514))",
              "Rows Removed by Filter": 1015312
            }
          ]
        }
      ]
    },
    "Planning Time": 0.058,
    "Triggers": [
    ],
    "Execution Time": 145.987
  }
]
