[
  {
    "Plan": {
      "Node Type": "Unique",
      "Parallel Aware": false,
      "Startup Cost": 30332.36,
      "Total Cost": 30334.31,
      "Plan Rows": 142,
      "Plan Width": 8,
      "Actual Startup Time": 165.578,
      "Actual Total Time": 165.590,
      "Actual Rows": 6,
      "Actual Loops": 1,
      "Plans": [
        {
          "Node Type": "Sort",
          "Parent Relationship": "Outer",
          "Parallel Aware": false,
          "Startup Cost": 30332.36,
          "Total Cost": 30333.01,
          "Plan Rows": 260,
          "Plan Width": 8,
          "Actual Startup Time": 165.576,
          "Actual Total Time": 165.579,
          "Actual Rows": 82,
          "Actual Loops": 1,
          "Sort Key": ["agep", "sex"],
          "Sort Method": "quicksort",
          "Sort Space Used": 28,
          "Sort Space Type": "Memory",
          "Plans": [
            {
              "Node Type": "Seq Scan",
              "Parent Relationship": "Outer",
              "Parallel Aware": false,
              "Relation Name": "jointable",
              "Alias": "jointable",
              "Startup Cost": 0.00,
              "Total Cost": 30321.93,
              "Plan Rows": 260,
              "Plan Width": 8,
              "Actual Startup Time": 9.233,
              "Actual Total Time": 165.534,
              "Actual Rows": 82,
              "Actual Loops": 1,
              "Filter": "((agep >= 18) AND (agep <= 114) AND (relp = 0) AND (ten = 1) AND (puma10 = 119))",
              "Rows Removed by Filter": 1015604
            }
          ]
        }
      ]
    },
    "Planning Time": 0.062,
    "Triggers": [
    ],
    "Execution Time": 165.606
  }
]
