[
  {
    "Plan": {
      "Node Type": "Unique",
      "Parallel Aware": false,
      "Startup Cost": 30321.96,
      "Total Cost": 30321.98,
      "Plan Rows": 3,
      "Plan Width": 8,
      "Actual Startup Time": 129.540,
      "Actual Total Time": 129.544,
      "Actual Rows": 1,
      "Actual Loops": 1,
      "Plans": [
        {
          "Node Type": "Sort",
          "Parent Relationship": "Outer",
          "Parallel Aware": false,
          "Startup Cost": 30321.96,
          "Total Cost": 30321.97,
          "Plan Rows": 3,
          "Plan Width": 8,
          "Actual Startup Time": 129.539,
          "Actual Total Time": 129.542,
          "Actual Rows": 24,
          "Actual Loops": 1,
          "Sort Key": ["agep", "sex"],
          "Sort Method": "quicksort",
          "Sort Space Used": 26,
          "Sort Space Type": "Memory",
          "Plans": [
            {
              "Node Type": "Seq Scan",
              "Parent Relationship": "Outer",
              "Parallel Aware": false,
              "Relation Name": "jointable",
              "Alias": "jointable",
              "Startup Cost": 0.00,
              "Total Cost": 30321.93,
              "Plan Rows": 3,
              "Plan Width": 8,
              "Actual Startup Time": 5.441,
              "Actual Total Time": 129.514,
              "Actual Rows": 24,
              "Actual Loops": 1,
              "Filter": "((agep >= 15) AND (agep <= 85) AND (relp = 12) AND (ten = 3) AND (puma10 = 2507))",
              "Rows Removed by Filter": 1015662
            }
          ]
        }
      ]
    },
    "Planning Time": 0.059,
    "Triggers": [
    ],
    "Execution Time": 129.557
  }
]
