[
  {
    "Plan": {
      "Node Type": "Unique",
      "Parallel Aware": false,
      "Startup Cost": 27784.31,
      "Total Cost": 27784.72,
      "Plan Rows": 48,
      "Plan Width": 8,
      "Actual Startup Time": 108.806,
      "Actual Total Time": 108.850,
      "Actual Rows": 4,
      "Actual Loops": 1,
      "Plans": [
        {
          "Node Type": "Sort",
          "Parent Relationship": "Outer",
          "Parallel Aware": false,
          "Startup Cost": 27784.31,
          "Total Cost": 27784.45,
          "Plan Rows": 55,
          "Plan Width": 8,
          "Actual Startup Time": 108.806,
          "Actual Total Time": 108.817,
          "Actual Rows": 374,
          "Actual Loops": 1,
          "Sort Key": ["agep", "sex"],
          "Sort Method": "quicksort",
          "Sort Space Used": 42,
          "Sort Space Type": "Memory",
          "Plans": [
            {
              "Node Type": "Seq Scan",
              "Parent Relationship": "Outer",
              "Parallel Aware": false,
              "Relation Name": "jointable",
              "Alias": "jointable",
              "Startup Cost": 0.00,
              "Total Cost": 27782.72,
              "Plan Rows": 55,
              "Plan Width": 8,
              "Actual Startup Time": 4.842,
              "Actual Total Time": 108.733,
              "Actual Rows": 374,
              "Actual Loops": 1,
              "Filter": "((agep >= 11) AND (agep <= 18) AND (relp = 2) AND (puma10 = 2512))",
              "Rows Removed by Filter": 1015312
            }
          ]
        }
      ]
    },
    "Planning Time": 0.054,
    "Triggers": [
    ],
    "Execution Time": 108.864
  }
]
