[
  {
    "Plan": {
      "Node Type": "Unique",
      "Parallel Aware": false,
      "Startup Cost": 30323.07,
      "Total Cost": 30323.38,
      "Plan Rows": 38,
      "Plan Width": 8,
      "Actual Startup Time": 143.190,
      "Actual Total Time": 143.228,
      "Actual Rows": 3,
      "Actual Loops": 1,
      "Plans": [
        {
          "Node Type": "Sort",
          "Parent Relationship": "Outer",
          "Parallel Aware": false,
          "Startup Cost": 30323.07,
          "Total Cost": 30323.17,
          "Plan Rows": 42,
          "Plan Width": 8,
          "Actual Startup Time": 143.189,
          "Actual Total Time": 143.206,
          "Actual Rows": 310,
          "Actual Loops": 1,
          "Sort Key": ["agep", "sex"],
          "Sort Method": "quicksort",
          "Sort Space Used": 39,
          "Sort Space Type": "Memory",
          "Plans": [
            {
              "Node Type": "Seq Scan",
              "Parent Relationship": "Outer",
              "Parallel Aware": false,
              "Relation Name": "jointable",
              "Alias": "jointable",
              "Startup Cost": 0.00,
              "Total Cost": 30321.93,
              "Plan Rows": 42,
              "Plan Width": 8,
              "Actual Startup Time": 6.513,
              "Actual Total Time": 143.137,
              "Actual Rows": 310,
              "Actual Loops": 1,
              "Filter": "((agep >= 18) AND (agep <= 114) AND (relp = 0) AND (ten = 2) AND (puma10 = 2308))",
              "Rows Removed by Filter": 1015376
            }
          ]
        }
      ]
    },
    "Planning Time": 0.056,
    "Triggers": [
    ],
    "Execution Time": 143.242
  }
]
