[
  {
    "Plan": {
      "Node Type": "Unique",
      "Parallel Aware": false,
      "Startup Cost": 30322.01,
      "Total Cost": 30322.06,
      "Plan Rows": 6,
      "Plan Width": 8,
      "Actual Startup Time": 123.979,
      "Actual Total Time": 123.980,
      "Actual Rows": 3,
      "Actual Loops": 1,
      "Plans": [
        {
          "Node Type": "Sort",
          "Parent Relationship": "Outer",
          "Parallel Aware": false,
          "Startup Cost": 30322.01,
          "Total Cost": 30322.03,
          "Plan Rows": 6,
          "Plan Width": 8,
          "Actual Startup Time": 123.979,
          "Actual Total Time": 123.979,
          "Actual Rows": 3,
          "Actual Loops": 1,
          "Sort Key": ["agep", "sex"],
          "Sort Method": "quicksort",
          "Sort Space Used": 25,
          "Sort Space Type": "Memory",
          "Plans": [
            {
              "Node Type": "Seq Scan",
              "Parent Relationship": "Outer",
              "Parallel Aware": false,
              "Relation Name": "jointable",
              "Alias": "jointable",
              "Startup Cost": 0.00,
              "Total Cost": 30321.93,
              "Plan Rows": 6,
              "Plan Width": 8,
              "Actual Startup Time": 91.207,
              "Actual Total Time": 123.969,
              "Actual Rows": 3,
              "Actual Loops": 1,
              "Filter": "((agep >= 15) AND (agep <= 85) AND (relp = 12) AND (ten = 3) AND (puma10 = 3003))",
              "Rows Removed by Filter": 1015683
            }
          ]
        }
      ]
    },
    "Planning Time": 0.055,
    "Triggers": [
    ],
    "Execution Time": 123.995
  }
]
