[
  {
    "Plan": {
      "Node Type": "Unique",
      "Parallel Aware": false,
      "Startup Cost": 30321.96,
      "Total Cost": 30321.98,
      "Plan Rows": 3,
      "Plan Width": 8,
      "Actual Startup Time": 125.361,
      "Actual Total Time": 125.362,
      "Actual Rows": 1,
      "Actual Loops": 1,
      "Plans": [
        {
          "Node Type": "Sort",
          "Parent Relationship": "Outer",
          "Parallel Aware": false,
          "Startup Cost": 30321.96,
          "Total Cost": 30321.97,
          "Plan Rows": 3,
          "Plan Width": 8,
          "Actual Startup Time": 125.361,
          "Actual Total Time": 125.361,
          "Actual Rows": 3,
          "Actual Loops": 1,
          "Sort Key": ["agep", "sex"],
          "Sort Method": "quicksort",
          "Sort Space Used": 25,
          "Sort Space Type": "Memory",
          "Plans": [
            {
              "Node Type": "Seq Scan",
              "Parent Relationship": "Outer",
              "Parallel Aware": false,
              "Relation Name": "jointable",
              "Alias": "jointable",
              "Startup Cost": 0.00,
              "Total Cost": 30321.93,
              "Plan Rows": 3,
              "Plan Width": 8,
              "Actual Startup Time": 7.903,
              "Actual Total Time": 125.348,
              "Actual Rows": 3,
              "Actual Loops": 1,
              "Filter": "((agep >= 15) AND (agep <= 85) AND (relp = 12) AND (ten = 3) AND (puma10 = 3523))",
              "Rows Removed by Filter": 1015683
            }
          ]
        }
      ]
    },
    "Planning Time": 0.074,
    "Triggers": [
    ],
    "Execution Time": 125.375
  }
]
