[
  {
    "Plan": {
      "Node Type": "Unique",
      "Parallel Aware": false,
      "Startup Cost": 27793.05,
      "Total Cost": 27794.99,
      "Plan Rows": 142,
      "Plan Width": 8,
      "Actual Startup Time": 135.347,
      "Actual Total Time": 135.388,
      "Actual Rows": 5,
      "Actual Loops": 1,
      "Plans": [
        {
          "Node Type": "Sort",
          "Parent Relationship": "Outer",
          "Parallel Aware": false,
          "Startup Cost": 27793.05,
          "Total Cost": 27793.70,
          "Plan Rows": 258,
          "Plan Width": 8,
          "Actual Startup Time": 135.347,
          "Actual Total Time": 135.372,
          "Actual Rows": 364,
          "Actual Loops": 1,
          "Sort Key": ["agep", "sex"],
          "Sort Method": "quicksort",
          "Sort Space Used": 42,
          "Sort Space Type": "Memory",
          "Plans": [
            {
              "Node Type": "Seq Scan",
              "Parent Relationship": "Outer",
              "Parallel Aware": false,
              "Relation Name": "jointable",
              "Alias": "jointable",
              "Startup Cost": 0.00,
              "Total Cost": 27782.72,
              "Plan Rows": 258,
              "Plan Width": 8,
              "Actual Startup Time": 9.690,
              "Actual Total Time": 135.287,
              "Actual Rows": 364,
              "Actual Loops": 1,
              "Filter": "((agep >= 18) AND (agep <= 114) AND (relp = 1) AND (puma10 = 3307))",
              "Rows Removed by Filter": 1015322
            }
          ]
        }
      ]
    },
    "Planning Time": 0.074,
    "Triggers": [
    ],
    "Execution Time": 135.408
  }
]
