[
  {
    "Plan": {
      "Node Type": "Unique",
      "Parallel Aware": false,
      "Startup Cost": 27782.76,
      "Total Cost": 27782.79,
      "Plan Rows": 4,
      "Plan Width": 8,
      "Actual Startup Time": 107.982,
      "Actual Total Time": 107.989,
      "Actual Rows": 1,
      "Actual Loops": 1,
      "Plans": [
        {
          "Node Type": "Sort",
          "Parent Relationship": "Outer",
          "Parallel Aware": false,
          "Startup Cost": 27782.76,
          "Total Cost": 27782.77,
          "Plan Rows": 4,
          "Plan Width": 8,
          "Actual Startup Time": 107.982,
          "Actual Total Time": 107.987,
          "Actual Rows": 53,
          "Actual Loops": 1,
          "Sort Key": ["agep", "sex"],
          "Sort Method": "quicksort",
          "Sort Space Used": 27,
          "Sort Space Type": "Memory",
          "Plans": [
            {
              "Node Type": "Seq Scan",
              "Parent Relationship": "Outer",
              "Parallel Aware": false,
              "Relation Name": "jointable",
              "Alias": "jointable",
              "Startup Cost": 0.00,
              "Total Cost": 27782.72,
              "Plan Rows": 4,
              "Plan Width": 8,
              "Actual Startup Time": 1.013,
              "Actual Total Time": 107.957,
              "Actual Rows": 53,
              "Actual Loops": 1,
              "Filter": "((agep >= 18) AND (agep <= 30) AND (relp = 7) AND (puma10 = 2904))",
              "Rows Removed by Filter": 1015633
            }
          ]
        }
      ]
    },
    "Planning Time": 0.054,
    "Triggers": [
    ],
    "Execution Time": 108.003
  }
]
