[
  {
    "Plan": {
      "Node Type": "Unique",
      "Parallel Aware": false,
      "Startup Cost": 27791.28,
      "Total Cost": 27792.93,
      "Plan Rows": 131,
      "Plan Width": 8,
      "Actual Startup Time": 133.198,
      "Actual Total Time": 133.218,
      "Actual Rows": 2,
      "Actual Loops": 1,
      "Plans": [
        {
          "Node Type": "Sort",
          "Parent Relationship": "Outer",
          "Parallel Aware": false,
          "Startup Cost": 27791.28,
          "Total Cost": 27791.83,
          "Plan Rows": 220,
          "Plan Width": 8,
          "Actual Startup Time": 133.198,
          "Actual Total Time": 133.212,
          "Actual Rows": 167,
          "Actual Loops": 1,
          "Sort Key": ["agep", "sex"],
          "Sort Method": "quicksort",
          "Sort Space Used": 32,
          "Sort Space Type": "Memory",
          "Plans": [
            {
              "Node Type": "Seq Scan",
              "Parent Relationship": "Outer",
              "Parallel Aware": false,
              "Relation Name": "jointable",
              "Alias": "jointable",
              "Startup Cost": 0.00,
              "Total Cost": 27782.72,
              "Plan Rows": 220,
              "Plan Width": 8,
              "Actual Startup Time": 11.559,
              "Actual Total Time": 133.159,
              "Actual Rows": 167,
              "Actual Loops": 1,
              "Filter": "((agep >= 18) AND (agep <= 114) AND (relp = 1) AND (puma10 = 3724))",
              "Rows Removed by Filter": 1015519
            }
          ]
        }
      ]
    },
    "Planning Time": 0.062,
    "Triggers": [
    ],
    "Execution Time": 133.231
  }
]
