[
  {
    "Plan": {
      "Node Type": "Unique",
      "Parallel Aware": false,
      "Startup Cost": 27791.28,
      "Total Cost": 27792.93,
      "Plan Rows": 131,
      "Plan Width": 8,
      "Actual Startup Time": 130.003,
      "Actual Total Time": 130.030,
      "Actual Rows": 9,
      "Actual Loops": 1,
      "Plans": [
        {
          "Node Type": "Sort",
          "Parent Relationship": "Outer",
          "Parallel Aware": false,
          "Startup Cost": 27791.28,
          "Total Cost": 27791.83,
          "Plan Rows": 220,
          "Plan Width": 8,
          "Actual Startup Time": 130.003,
          "Actual Total Time": 130.017,
          "Actual Rows": 228,
          "Actual Loops": 1,
          "Sort Key": ["agep", "sex"],
          "Sort Method": "quicksort",
          "Sort Space Used": 35,
          "Sort Space Type": "Memory",
          "Plans": [
            {
              "Node Type": "Seq Scan",
              "Parent Relationship": "Outer",
              "Parallel Aware": false,
              "Relation Name": "jointable",
              "Alias": "jointable",
              "Startup Cost": 0.00,
              "Total Cost": 27782.72,
              "Plan Rows": 220,
              "Plan Width": 8,
              "Actual Startup Time": 9.696,
              "Actual Total Time": 129.932,
              "Actual Rows": 228,
              "Actual Loops": 1,
              "Filter": "((agep >= 18) AND (agep <= 114) AND (relp = 1) AND (puma10 = 3755))",
              "Rows Removed by Filter": 1015458
            }
          ]
        }
      ]
    },
    "Planning Time": 0.054,
    "Triggers": [
    ],
    "Execution Time": 130.044
  }
]
