[
  {
    "Plan": {
      "Node Type": "Unique",
      "Parallel Aware": false,
      "Startup Cost": 27791.51,
      "Total Cost": 27793.20,
      "Plan Rows": 133,
      "Plan Width": 8,
      "Actual Startup Time": 132.293,
      "Actual Total Time": 132.307,
      "Actual Rows": 8,
      "Actual Loops": 1,
      "Plans": [
        {
          "Node Type": "Sort",
          "Parent Relationship": "Outer",
          "Parallel Aware": false,
          "Startup Cost": 27791.51,
          "Total Cost": 27792.07,
          "Plan Rows": 225,
          "Plan Width": 8,
          "Actual Startup Time": 132.292,
          "Actual Total Time": 132.301,
          "Actual Rows": 114,
          "Actual Loops": 1,
          "Sort Key": ["agep", "sex"],
          "Sort Method": "quicksort",
          "Sort Space Used": 30,
          "Sort Space Type": "Memory",
          "Plans": [
            {
              "Node Type": "Seq Scan",
              "Parent Relationship": "Outer",
              "Parallel Aware": false,
              "Relation Name": "jointable",
              "Alias": "jointable",
              "Startup Cost": 0.00,
              "Total Cost": 27782.72,
              "Plan Rows": 225,
              "Plan Width": 8,
              "Actual Startup Time": 10.175,
              "Actual Total Time": 132.244,
              "Actual Rows": 114,
              "Actual Loops": 1,
              "Filter": "((agep >= 18) AND (agep <= 114) AND (relp = 1) AND (puma10 = 3744))",
              "Rows Removed by Filter": 1015572
            }
          ]
        }
      ]
    },
    "Planning Time": 0.055,
    "Triggers": [
    ],
    "Execution Time": 132.321
  }
]
