[
  {
    "Plan": {
      "Node Type": "Unique",
      "Parallel Aware": false,
      "Startup Cost": 27785.29,
      "Total Cost": 27785.90,
      "Plan Rows": 66,
      "Plan Width": 8,
      "Actual Startup Time": 129.496,
      "Actual Total Time": 129.499,
      "Actual Rows": 1,
      "Actual Loops": 1,
      "Plans": [
        {
          "Node Type": "Sort",
          "Parent Relationship": "Outer",
          "Parallel Aware": false,
          "Startup Cost": 27785.29,
          "Total Cost": 27785.49,
          "Plan Rows": 81,
          "Plan Width": 8,
          "Actual Startup Time": 129.495,
          "Actual Total Time": 129.498,
          "Actual Rows": 10,
          "Actual Loops": 1,
          "Sort Key": ["agep", "sex"],
          "Sort Method": "quicksort",
          "Sort Space Used": 25,
          "Sort Space Type": "Memory",
          "Plans": [
            {
              "Node Type": "Seq Scan",
              "Parent Relationship": "Outer",
              "Parallel Aware": false,
              "Relation Name": "jointable",
              "Alias": "jointable",
              "Startup Cost": 0.00,
              "Total Cost": 27782.72,
              "Plan Rows": 81,
              "Plan Width": 8,
              "Actual Startup Time": 1.113,
              "Actual Total Time": 129.456,
              "Actual Rows": 10,
              "Actual Loops": 1,
              "Filter": "((agep >= 40) AND (agep <= 85) AND (relp = 1) AND (puma10 = 201))",
              "Rows Removed by Filter": 1015676
            }
          ]
        }
      ]
    },
    "Planning Time": 0.087,
    "Triggers": [
    ],
    "Execution Time": 129.516
  }
]
