[
  {
    "Plan": {
      "Node Type": "Unique",
      "Parallel Aware": false,
      "Startup Cost": 27782.80,
      "Total Cost": 27782.84,
      "Plan Rows": 6,
      "Plan Width": 8,
      "Actual Startup Time": 109.439,
      "Actual Total Time": 109.443,
      "Actual Rows": 2,
      "Actual Loops": 1,
      "Plans": [
        {
          "Node Type": "Sort",
          "Parent Relationship": "Outer",
          "Parallel Aware": false,
          "Startup Cost": 27782.80,
          "Total Cost": 27782.81,
          "Plan Rows": 6,
          "Plan Width": 8,
          "Actual Startup Time": 109.438,
          "Actual Total Time": 109.438,
          "Actual Rows": 20,
          "Actual Loops": 1,
          "Sort Key": ["agep", "sex"],
          "Sort Method": "quicksort",
          "Sort Space Used": 25,
          "Sort Space Type": "Memory",
          "Plans": [
            {
              "Node Type": "Seq Scan",
              "Parent Relationship": "Outer",
              "Parallel Aware": false,
              "Relation Name": "jointable",
              "Alias": "jointable",
              "Startup Cost": 0.00,
              "Total Cost": 27782.72,
              "Plan Rows": 6,
              "Plan Width": 8,
              "Actual Startup Time": 16.634,
              "Actual Total Time": 109.420,
              "Actual Rows": 20,
              "Actual Loops": 1,
              "Filter": "((agep >= 40) AND (agep <= 85) AND (relp = 6) AND (puma10 = 3903))",
              "Rows Removed by Filter": 1015666
            }
          ]
        }
      ]
    },
    "Planning Time": 0.086,
    "Triggers": [
    ],
    "Execution Time": 109.462
  }
]
