[
  {
    "Plan": {
      "Node Type": "Unique",
      "Parallel Aware": false,
      "Startup Cost": 30331.47,
      "Total Cost": 30333.28,
      "Plan Rows": 137,
      "Plan Width": 8,
      "Actual Startup Time": 145.756,
      "Actual Total Time": 145.780,
      "Actual Rows": 13,
      "Actual Loops": 1,
      "Plans": [
        {
          "Node Type": "Sort",
          "Parent Relationship": "Outer",
          "Parallel Aware": false,
          "Startup Cost": 30331.47,
          "Total Cost": 30332.07,
          "Plan Rows": 241,
          "Plan Width": 8,
          "Actual Startup Time": 145.756,
          "Actual Total Time": 145.769,
          "Actual Rows": 197,
          "Actual Loops": 1,
          "Sort Key": ["agep", "sex"],
          "Sort Method": "quicksort",
          "Sort Space Used": 34,
          "Sort Space Type": "Memory",
          "Plans": [
            {
              "Node Type": "Seq Scan",
              "Parent Relationship": "Outer",
              "Parallel Aware": false,
              "Relation Name": "jointable",
              "Alias": "jointable",
              "Startup Cost": 0.00,
              "Total Cost": 30321.93,
              "Plan Rows": 241,
              "Plan Width": 8,
              "Actual Startup Time": 8.294,
              "Actual Total Time": 145.705,
              "Actual Rows": 197,
              "Actual Loops": 1,
              "Filter": "((agep >= 18) AND (agep <= 114) AND (relp = 0) AND (ten = 1) AND (puma10 = 4630))",
              "Rows Removed by Filter": 1015489
            }
          ]
        }
      ]
    },
    "Planning Time": 0.072,
    "Triggers": [
    ],
    "Execution Time": 145.795
  }
]
