[
  {
    "Plan": {
      "Node Type": "Unique",
      "Parallel Aware": false,
      "Startup Cost": 27791.93,
      "Total Cost": 27793.68,
      "Plan Rows": 135,
      "Plan Width": 8,
      "Actual Startup Time": 133.599,
      "Actual Total Time": 133.633,
      "Actual Rows": 1,
      "Actual Loops": 1,
      "Plans": [
        {
          "Node Type": "Sort",
          "Parent Relationship": "Outer",
          "Parallel Aware": false,
          "Startup Cost": 27791.93,
          "Total Cost": 27792.51,
          "Plan Rows": 234,
          "Plan Width": 8,
          "Actual Startup Time": 133.599,
          "Actual Total Time": 133.620,
          "Actual Rows": 301,
          "Actual Loops": 1,
          "Sort Key": ["agep", "sex"],
          "Sort Method": "quicksort",
          "Sort Space Used": 39,
          "Sort Space Type": "Memory",
          "Plans": [
            {
              "Node Type": "Seq Scan",
              "Parent Relationship": "Outer",
              "Parallel Aware": false,
              "Relation Name": "jointable",
              "Alias": "jointable",
              "Startup Cost": 0.00,
              "Total Cost": 27782.72,
              "Plan Rows": 234,
              "Plan Width": 8,
              "Actual Startup Time": 1.172,
              "Actual Total Time": 133.544,
              "Actual Rows": 301,
              "Actual Loops": 1,
              "Filter": "((agep >= 18) AND (agep <= 114) AND (relp = 1) AND (puma10 = 5503))",
              "Rows Removed by Filter": 1015385
            }
          ]
        }
      ]
    },
    "Planning Time": 0.065,
    "Triggers": [
    ],
    "Execution Time": 133.648
  }
]
