[
  {
    "Plan": {
      "Node Type": "Unique",
      "Parallel Aware": false,
      "Startup Cost": 30330.59,
      "Total Cost": 30332.25,
      "Plan Rows": 132,
      "Plan Width": 8,
      "Actual Startup Time": 144.473,
      "Actual Total Time": 144.492,
      "Actual Rows": 2,
      "Actual Loops": 1,
      "Plans": [
        {
          "Node Type": "Sort",
          "Parent Relationship": "Outer",
          "Parallel Aware": false,
          "Startup Cost": 30330.59,
          "Total Cost": 30331.14,
          "Plan Rows": 222,
          "Plan Width": 8,
          "Actual Startup Time": 144.472,
          "Actual Total Time": 144.480,
          "Actual Rows": 160,
          "Actual Loops": 1,
          "Sort Key": ["agep", "sex"],
          "Sort Method": "quicksort",
          "Sort Space Used": 32,
          "Sort Space Type": "Memory",
          "Plans": [
            {
              "Node Type": "Seq Scan",
              "Parent Relationship": "Outer",
              "Parallel Aware": false,
              "Relation Name": "jointable",
              "Alias": "jointable",
              "Startup Cost": 0.00,
              "Total Cost": 30321.93,
              "Plan Rows": 222,
              "Plan Width": 8,
              "Actual Startup Time": 8.523,
              "Actual Total Time": 144.433,
              "Actual Rows": 160,
              "Actual Loops": 1,
              "Filter": "((agep >= 18) AND (agep <= 114) AND (relp = 0) AND (ten = 1) AND (puma10 = 4904))",
              "Rows Removed by Filter": 1015526
            }
          ]
        }
      ]
    },
    "Planning Time": 0.059,
    "Triggers": [
    ],
    "Execution Time": 144.505
  }
]
