[
  {
    "Plan": {
      "Node Type": "Unique",
      "Parallel Aware": false,
      "Startup Cost": 30326.58,
      "Total Cost": 30327.57,
      "Plan Rows": 95,
      "Plan Width": 8,
      "Actual Startup Time": 145.863,
      "Actual Total Time": 145.880,
      "Actual Rows": 7,
      "Actual Loops": 1,
      "Plans": [
        {
          "Node Type": "Sort",
          "Parent Relationship": "Outer",
          "Parallel Aware": false,
          "Startup Cost": 30326.58,
          "Total Cost": 30326.91,
          "Plan Rows": 132,
          "Plan Width": 8,
          "Actual Startup Time": 145.863,
          "Actual Total Time": 145.871,
          "Actual Rows": 139,
          "Actual Loops": 1,
          "Sort Key": ["agep", "sex"],
          "Sort Method": "quicksort",
          "Sort Space Used": 31,
          "Sort Space Type": "Memory",
          "Plans": [
            {
              "Node Type": "Seq Scan",
              "Parent Relationship": "Outer",
              "Parallel Aware": false,
              "Relation Name": "jointable",
              "Alias": "jointable",
              "Startup Cost": 0.00,
              "Total Cost": 30321.93,
              "Plan Rows": 132,
              "Plan Width": 8,
              "Actual Startup Time": 6.501,
              "Actual Total Time": 145.808,
              "Actual Rows": 139,
              "Actual Loops": 1,
              "Filter": "((agep >= 18) AND (agep <= 114) AND (relp = 0) AND (ten = 1) AND (puma10 = 4621))",
              "Rows Removed by Filter": 1015547
            }
          ]
        }
      ]
    },
    "Planning Time": 0.057,
    "Triggers": [
    ],
    "Execution Time": 145.894
  }
]
