[
  {
    "Plan": {
      "Node Type": "Unique",
      "Parallel Aware": false,
      "Startup Cost": 30330.17,
      "Total Cost": 30331.77,
      "Plan Rows": 129,
      "Plan Width": 8,
      "Actual Startup Time": 149.460,
      "Actual Total Time": 149.476,
      "Actual Rows": 13,
      "Actual Loops": 1,
      "Plans": [
        {
          "Node Type": "Sort",
          "Parent Relationship": "Outer",
          "Parallel Aware": false,
          "Startup Cost": 30330.17,
          "Total Cost": 30330.70,
          "Plan Rows": 213,
          "Plan Width": 8,
          "Actual Startup Time": 149.460,
          "Actual Total Time": 149.470,
          "Actual Rows": 128,
          "Actual Loops": 1,
          "Sort Key": ["agep", "sex"],
          "Sort Method": "quicksort",
          "Sort Space Used": 31,
          "Sort Space Type": "Memory",
          "Plans": [
            {
              "Node Type": "Seq Scan",
              "Parent Relationship": "Outer",
              "Parallel Aware": false,
              "Relation Name": "jointable",
              "Alias": "jointable",
              "Startup Cost": 0.00,
              "Total Cost": 30321.93,
              "Plan Rows": 213,
              "Plan Width": 8,
              "Actual Startup Time": 0.023,
              "Actual Total Time": 149.410,
              "Actual Rows": 128,
              "Actual Loops": 1,
              "Filter": "((agep >= 18) AND (agep <= 114) AND (relp = 0) AND (ten = 1) AND (puma10 = 4610))",
              "Rows Removed by Filter": 1015558
            }
          ]
        }
      ]
    },
    "Planning Time": 0.074,
    "Triggers": [
    ],
    "Execution Time": 149.493
  }
]
