[
  {
    "Plan": {
      "Node Type": "Unique",
      "Parallel Aware": false,
      "Startup Cost": 27783.55,
      "Total Cost": 27783.80,
      "Plan Rows": 30,
      "Plan Width": 8,
      "Actual Startup Time": 122.897,
      "Actual Total Time": 122.900,
      "Actual Rows": 2,
      "Actual Loops": 1,
      "Plans": [
        {
          "Node Type": "Sort",
          "Parent Relationship": "Outer",
          "Parallel Aware": false,
          "Startup Cost": 27783.55,
          "Total Cost": 27783.63,
          "Plan Rows": 33,
          "Plan Width": 8,
          "Actual Startup Time": 122.896,
          "Actual Total Time": 122.897,
          "Actual Rows": 8,
          "Actual Loops": 1,
          "Sort Key": ["agep", "sex"],
          "Sort Method": "quicksort",
          "Sort Space Used": 25,
          "Sort Space Type": "Memory",
          "Plans": [
            {
              "Node Type": "Seq Scan",
              "Parent Relationship": "Outer",
              "Parallel Aware": false,
              "Relation Name": "jointable",
              "Alias": "jointable",
              "Startup Cost": 0.00,
              "Total Cost": 27782.72,
              "Plan Rows": 33,
              "Plan Width": 8,
              "Actual Startup Time": 25.141,
              "Actual Total Time": 122.882,
              "Actual Rows": 8,
              "Actual Loops": 1,
              "Filter": "((agep >= 18) AND (agep <= 114) AND (relp = 13) AND (puma10 = 7108))",
              "Rows Removed by Filter": 1015678
            }
          ]
        }
      ]
    },
    "Planning Time": 0.057,
    "Triggers": [
    ],
    "Execution Time": 122.922
  }
]
