[
  {
    "Plan": {
      "Node Type": "Unique",
      "Parallel Aware": false,
      "Startup Cost": 27782.86,
      "Total Cost": 27782.93,
      "Plan Rows": 9,
      "Plan Width": 8,
      "Actual Startup Time": 126.743,
      "Actual Total Time": 126.745,
      "Actual Rows": 1,
      "Actual Loops": 1,
      "Plans": [
        {
          "Node Type": "Sort",
          "Parent Relationship": "Outer",
          "Parallel Aware": false,
          "Startup Cost": 27782.86,
          "Total Cost": 27782.89,
          "Plan Rows": 9,
          "Plan Width": 8,
          "Actual Startup Time": 126.742,
          "Actual Total Time": 126.742,
          "Actual Rows": 11,
          "Actual Loops": 1,
          "Sort Key": ["agep", "sex"],
          "Sort Method": "quicksort",
          "Sort Space Used": 25,
          "Sort Space Type": "Memory",
          "Plans": [
            {
              "Node Type": "Seq Scan",
              "Parent Relationship": "Outer",
              "Parallel Aware": false,
              "Relation Name": "jointable",
              "Alias": "jointable",
              "Startup Cost": 0.00,
              "Total Cost": 27782.72,
              "Plan Rows": 9,
              "Plan Width": 8,
              "Actual Startup Time": 10.989,
              "Actual Total Time": 126.720,
              "Actual Rows": 11,
              "Actual Loops": 1,
              "Filter": "((agep >= 15) AND (agep <= 85) AND (relp = 12) AND (puma10 = 6502))",
              "Rows Removed by Filter": 1015675
            }
          ]
        }
      ]
    },
    "Planning Time": 0.056,
    "Triggers": [
    ],
    "Execution Time": 126.759
  }
]
