[
  {
    "Plan": {
      "Node Type": "Unique",
      "Parallel Aware": false,
      "Startup Cost": 27784.13,
      "Total Cost": 27784.51,
      "Plan Rows": 44,
      "Plan Width": 8,
      "Actual Startup Time": 123.266,
      "Actual Total Time": 123.269,
      "Actual Rows": 1,
      "Actual Loops": 1,
      "Plans": [
        {
          "Node Type": "Sort",
          "Parent Relationship": "Outer",
          "Parallel Aware": false,
          "Startup Cost": 27784.13,
          "Total Cost": 27784.26,
          "Plan Rows": 50,
          "Plan Width": 8,
          "Actual Startup Time": 123.266,
          "Actual Total Time": 123.266,
          "Actual Rows": 14,
          "Actual Loops": 1,
          "Sort Key": ["agep", "sex"],
          "Sort Method": "quicksort",
          "Sort Space Used": 25,
          "Sort Space Type": "Memory",
          "Plans": [
            {
              "Node Type": "Seq Scan",
              "Parent Relationship": "Outer",
              "Parallel Aware": false,
              "Relation Name": "jointable",
              "Alias": "jointable",
              "Startup Cost": 0.00,
              "Total Cost": 27782.72,
              "Plan Rows": 50,
              "Plan Width": 8,
              "Actual Startup Time": 15.792,
              "Actual Total Time": 123.245,
              "Actual Rows": 14,
              "Actual Loops": 1,
              "Filter": "((agep >= 18) AND (agep <= 39) AND (relp = 1) AND (puma10 = 405))",
              "Rows Removed by Filter": 1015672
            }
          ]
        }
      ]
    },
    "Planning Time": 0.059,
    "Triggers": [
    ],
    "Execution Time": 123.282
  }
]
