[
  {
    "Plan": {
      "Node Type": "Unique",
      "Parallel Aware": false,
      "Startup Cost": 27787.33,
      "Total Cost": 27788.31,
      "Plan Rows": 95,
      "Plan Width": 8,
      "Actual Startup Time": 133.429,
      "Actual Total Time": 133.449,
      "Actual Rows": 6,
      "Actual Loops": 1,
      "Plans": [
        {
          "Node Type": "Sort",
          "Parent Relationship": "Outer",
          "Parallel Aware": false,
          "Startup Cost": 27787.33,
          "Total Cost": 27787.65,
          "Plan Rows": 131,
          "Plan Width": 8,
          "Actual Startup Time": 133.429,
          "Actual Total Time": 133.433,
          "Actual Rows": 121,
          "Actual Loops": 1,
          "Sort Key": ["agep", "sex"],
          "Sort Method": "quicksort",
          "Sort Space Used": 30,
          "Sort Space Type": "Memory",
          "Plans": [
            {
              "Node Type": "Seq Scan",
              "Parent Relationship": "Outer",
              "Parallel Aware": false,
              "Relation Name": "jointable",
              "Alias": "jointable",
              "Startup Cost": 0.00,
              "Total Cost": 27782.72,
              "Plan Rows": 131,
              "Plan Width": 8,
              "Actual Startup Time": 11.630,
              "Actual Total Time": 133.391,
              "Actual Rows": 121,
              "Actual Loops": 1,
              "Filter": "((agep >= 18) AND (agep <= 85) AND (relp = 1) AND (puma10 = 5901))",
              "Rows Removed by Filter": 1015565
            }
          ]
        }
      ]
    },
    "Planning Time": 0.066,
    "Triggers": [
    ],
    "Execution Time": 133.462
  }
]
