[
  {
    "Plan": {
      "Node Type": "Unique",
      "Parallel Aware": false,
      "Startup Cost": 30326.58,
      "Total Cost": 30327.57,
      "Plan Rows": 95,
      "Plan Width": 8,
      "Actual Startup Time": 162.278,
      "Actual Total Time": 162.300,
      "Actual Rows": 8,
      "Actual Loops": 1,
      "Plans": [
        {
          "Node Type": "Sort",
          "Parent Relationship": "Outer",
          "Parallel Aware": false,
          "Startup Cost": 30326.58,
          "Total Cost": 30326.91,
          "Plan Rows": 132,
          "Plan Width": 8,
          "Actual Startup Time": 162.277,
          "Actual Total Time": 162.287,
          "Actual Rows": 152,
          "Actual Loops": 1,
          "Sort Key": ["agep", "sex"],
          "Sort Method": "quicksort",
          "Sort Space Used": 32,
          "Sort Space Type": "Memory",
          "Plans": [
            {
              "Node Type": "Seq Scan",
              "Parent Relationship": "Outer",
              "Parallel Aware": false,
              "Relation Name": "jointable",
              "Alias": "jointable",
              "Startup Cost": 0.00,
              "Total Cost": 30321.93,
              "Plan Rows": 132,
              "Plan Width": 8,
              "Actual Startup Time": 22.381,
              "Actual Total Time": 162.219,
              "Actual Rows": 152,
              "Actual Loops": 1,
              "Filter": "((agep >= 18) AND (agep <= 114) AND (relp = 0) AND (ten = 1) AND (puma10 = 6103))",
              "Rows Removed by Filter": 1015534
            }
          ]
        }
      ]
    },
    "Planning Time": 0.119,
    "Triggers": [
    ],
    "Execution Time": 162.333
  }
]
