[
  {
    "Plan": {
      "Node Type": "Unique",
      "Parallel Aware": false,
      "Startup Cost": 27785.29,
      "Total Cost": 27785.90,
      "Plan Rows": 66,
      "Plan Width": 8,
      "Actual Startup Time": 126.352,
      "Actual Total Time": 126.377,
      "Actual Rows": 6,
      "Actual Loops": 1,
      "Plans": [
        {
          "Node Type": "Sort",
          "Parent Relationship": "Outer",
          "Parallel Aware": false,
          "Startup Cost": 27785.29,
          "Total Cost": 27785.49,
          "Plan Rows": 81,
          "Plan Width": 8,
          "Actual Startup Time": 126.352,
          "Actual Total Time": 126.366,
          "Actual Rows": 218,
          "Actual Loops": 1,
          "Sort Key": ["agep", "sex"],
          "Sort Method": "quicksort",
          "Sort Space Used": 35,
          "Sort Space Type": "Memory",
          "Plans": [
            {
              "Node Type": "Seq Scan",
              "Parent Relationship": "Outer",
              "Parallel Aware": false,
              "Relation Name": "jointable",
              "Alias": "jointable",
              "Startup Cost": 0.00,
              "Total Cost": 27782.72,
              "Plan Rows": 81,
              "Plan Width": 8,
              "Actual Startup Time": 10.050,
              "Actual Total Time": 126.300,
              "Actual Rows": 218,
              "Actual Loops": 1,
              "Filter": "((agep >= 40) AND (agep <= 85) AND (relp = 1) AND (puma10 = 6504))",
              "Rows Removed by Filter": 1015468
            }
          ]
        }
      ]
    },
    "Planning Time": 0.054,
    "Triggers": [
    ],
    "Execution Time": 126.390
  }
]
