[
  {
    "Plan": {
      "Node Type": "Unique",
      "Parallel Aware": false,
      "Startup Cost": 27787.16,
      "Total Cost": 27788.11,
      "Plan Rows": 93,
      "Plan Width": 8,
      "Actual Startup Time": 129.157,
      "Actual Total Time": 129.198,
      "Actual Rows": 10,
      "Actual Loops": 1,
      "Plans": [
        {
          "Node Type": "Sort",
          "Parent Relationship": "Outer",
          "Parallel Aware": false,
          "Startup Cost": 27787.16,
          "Total Cost": 27787.48,
          "Plan Rows": 127,
          "Plan Width": 8,
          "Actual Startup Time": 129.156,
          "Actual Total Time": 129.180,
          "Actual Rows": 359,
          "Actual Loops": 1,
          "Sort Key": ["agep", "sex"],
          "Sort Method": "quicksort",
          "Sort Space Used": 41,
          "Sort Space Type": "Memory",
          "Plans": [
            {
              "Node Type": "Seq Scan",
              "Parent Relationship": "Outer",
              "Parallel Aware": false,
              "Relation Name": "jointable",
              "Alias": "jointable",
              "Startup Cost": 0.00,
              "Total Cost": 27782.72,
              "Plan Rows": 127,
              "Plan Width": 8,
              "Actual Startup Time": 2.077,
              "Actual Total Time": 129.085,
              "Actual Rows": 359,
              "Actual Loops": 1,
              "Filter": "((agep >= 21) AND (agep <= 114) AND (relp = 1) AND (puma10 = 5706))",
              "Rows Removed by Filter": 1015327
            }
          ]
        }
      ]
    },
    "Planning Time": 0.056,
    "Triggers": [
    ],
    "Execution Time": 129.212
  }
]
