[
  {
    "Plan": {
      "Node Type": "Unique",
      "Parallel Aware": false,
      "Startup Cost": 30331.05,
      "Total Cost": 30332.79,
      "Plan Rows": 135,
      "Plan Width": 8,
      "Actual Startup Time": 147.078,
      "Actual Total Time": 147.084,
      "Actual Rows": 4,
      "Actual Loops": 1,
      "Plans": [
        {
          "Node Type": "Sort",
          "Parent Relationship": "Outer",
          "Parallel Aware": false,
          "Startup Cost": 30331.05,
          "Total Cost": 30331.63,
          "Plan Rows": 232,
          "Plan Width": 8,
          "Actual Startup Time": 147.078,
          "Actual Total Time": 147.082,
          "Actual Rows": 41,
          "Actual Loops": 1,
          "Sort Key": ["agep", "sex"],
          "Sort Method": "quicksort",
          "Sort Space Used": 26,
          "Sort Space Type": "Memory",
          "Plans": [
            {
              "Node Type": "Seq Scan",
              "Parent Relationship": "Outer",
              "Parallel Aware": false,
              "Relation Name": "jointable",
              "Alias": "jointable",
              "Startup Cost": 0.00,
              "Total Cost": 30321.93,
              "Plan Rows": 232,
              "Plan Width": 8,
              "Actual Startup Time": 6.831,
              "Actual Total Time": 147.053,
              "Actual Rows": 41,
              "Actual Loops": 1,
              "Filter": "((agep >= 18) AND (agep <= 114) AND (relp = 0) AND (ten = 1) AND (puma10 = 6802))",
              "Rows Removed by Filter": 1015645
            }
          ]
        }
      ]
    },
    "Planning Time": 0.073,
    "Triggers": [
    ],
    "Execution Time": 147.101
  }
]
