[
  {
    "Plan": {
      "Node Type": "Unique",
      "Parallel Aware": false,
      "Startup Cost": 27782.86,
      "Total Cost": 27782.93,
      "Plan Rows": 9,
      "Plan Width": 8,
      "Actual Startup Time": 123.821,
      "Actual Total Time": 123.824,
      "Actual Rows": 3,
      "Actual Loops": 1,
      "Plans": [
        {
          "Node Type": "Sort",
          "Parent Relationship": "Outer",
          "Parallel Aware": false,
          "Startup Cost": 27782.86,
          "Total Cost": 27782.89,
          "Plan Rows": 9,
          "Plan Width": 8,
          "Actual Startup Time": 123.820,
          "Actual Total Time": 123.821,
          "Actual Rows": 6,
          "Actual Loops": 1,
          "Sort Key": ["agep", "sex"],
          "Sort Method": "quicksort",
          "Sort Space Used": 25,
          "Sort Space Type": "Memory",
          "Plans": [
            {
              "Node Type": "Seq Scan",
              "Parent Relationship": "Outer",
              "Parallel Aware": false,
              "Relation Name": "jointable",
              "Alias": "jointable",
              "Startup Cost": 0.00,
              "Total Cost": 27782.72,
              "Plan Rows": 9,
              "Plan Width": 8,
              "Actual Startup Time": 93.724,
              "Actual Total Time": 123.811,
              "Actual Rows": 6,
              "Actual Loops": 1,
              "Filter": "((agep >= 15) AND (agep <= 85) AND (relp = 12) AND (puma10 = 9501))",
              "Rows Removed by Filter": 1015680
            }
          ]
        }
      ]
    },
    "Planning Time": 0.056,
    "Triggers": [
    ],
    "Execution Time": 123.838
  }
]
