[
  {
    "Plan": {
      "Node Type": "Unique",
      "Parallel Aware": false,
      "Startup Cost": 27782.76,
      "Total Cost": 27782.79,
      "Plan Rows": 4,
      "Plan Width": 8,
      "Actual Startup Time": 89.152,
      "Actual Total Time": 89.155,
      "Actual Rows": 2,
      "Actual Loops": 1,
      "Plans": [
        {
          "Node Type": "Sort",
          "Parent Relationship": "Outer",
          "Parallel Aware": false,
          "Startup Cost": 27782.76,
          "Total Cost": 27782.77,
          "Plan Rows": 4,
          "Plan Width": 8,
          "Actual Startup Time": 89.151,
          "Actual Total Time": 89.153,
          "Actual Rows": 13,
          "Actual Loops": 1,
          "Sort Key": ["agep", "sex"],
          "Sort Method": "quicksort",
          "Sort Space Used": 25,
          "Sort Space Type": "Memory",
          "Plans": [
            {
              "Node Type": "Seq Scan",
              "Parent Relationship": "Outer",
              "Parallel Aware": false,
              "Relation Name": "jointable",
              "Alias": "jointable",
              "Startup Cost": 0.00,
              "Total Cost": 27782.72,
              "Plan Rows": 4,
              "Plan Width": 8,
              "Actual Startup Time": 1.138,
              "Actual Total Time": 89.134,
              "Actual Rows": 13,
              "Actual Loops": 1,
              "Filter": "((agep >= 65) AND (agep <= 114) AND (relp = 6) AND (puma10 = 8621))",
              "Rows Removed by Filter": 1015673
            }
          ]
        }
      ]
    },
    "Planning Time": 0.055,
    "Triggers": [
    ],
    "Execution Time": 89.168
  }
]
