[
  {
    "Plan": {
      "Node Type": "Unique",
      "Parallel Aware": false,
      "Startup Cost": 27791.51,
      "Total Cost": 27793.20,
      "Plan Rows": 133,
      "Plan Width": 8,
      "Actual Startup Time": 130.635,
      "Actual Total Time": 130.680,
      "Actual Rows": 11,
      "Actual Loops": 1,
      "Plans": [
        {
          "Node Type": "Sort",
          "Parent Relationship": "Outer",
          "Parallel Aware": false,
          "Startup Cost": 27791.51,
          "Total Cost": 27792.07,
          "Plan Rows": 225,
          "Plan Width": 8,
          "Actual Startup Time": 130.634,
          "Actual Total Time": 130.663,
          "Actual Rows": 397,
          "Actual Loops": 1,
          "Sort Key": ["agep", "sex"],
          "Sort Method": "quicksort",
          "Sort Space Used": 43,
          "Sort Space Type": "Memory",
          "Plans": [
            {
              "Node Type": "Seq Scan",
              "Parent Relationship": "Outer",
              "Parallel Aware": false,
              "Relation Name": "jointable",
              "Alias": "jointable",
              "Startup Cost": 0.00,
              "Total Cost": 27782.72,
              "Plan Rows": 225,
              "Plan Width": 8,
              "Actual Startup Time": 11.383,
              "Actual Total Time": 130.558,
              "Actual Rows": 397,
              "Actual Loops": 1,
              "Filter": "((agep >= 18) AND (agep <= 114) AND (relp = 1) AND (puma10 = 7307))",
              "Rows Removed by Filter": 1015289
            }
          ]
        }
      ]
    },
    "Planning Time": 0.054,
    "Triggers": [
    ],
    "Execution Time": 130.706
  }
]
