[
  {
    "Plan": {
      "Node Type": "Unique",
      "Parallel Aware": false,
      "Startup Cost": 27791.33,
      "Total Cost": 27792.98,
      "Plan Rows": 131,
      "Plan Width": 8,
      "Actual Startup Time": 146.945,
      "Actual Total Time": 146.976,
      "Actual Rows": 6,
      "Actual Loops": 1,
      "Plans": [
        {
          "Node Type": "Sort",
          "Parent Relationship": "Outer",
          "Parallel Aware": false,
          "Startup Cost": 27791.33,
          "Total Cost": 27791.88,
          "Plan Rows": 221,
          "Plan Width": 8,
          "Actual Startup Time": 146.945,
          "Actual Total Time": 146.962,
          "Actual Rows": 266,
          "Actual Loops": 1,
          "Sort Key": ["agep", "sex"],
          "Sort Method": "quicksort",
          "Sort Space Used": 37,
          "Sort Space Type": "Memory",
          "Plans": [
            {
              "Node Type": "Seq Scan",
              "Parent Relationship": "Outer",
              "Parallel Aware": false,
              "Relation Name": "jointable",
              "Alias": "jointable",
              "Startup Cost": 0.00,
              "Total Cost": 27782.72,
              "Plan Rows": 221,
              "Plan Width": 8,
              "Actual Startup Time": 4.369,
              "Actual Total Time": 146.886,
              "Actual Rows": 266,
              "Actual Loops": 1,
              "Filter": "((agep >= 18) AND (agep <= 85) AND (relp = 1) AND (puma10 = 806))",
              "Rows Removed by Filter": 1015420
            }
          ]
        }
      ]
    },
    "Planning Time": 0.077,
    "Triggers": [
    ],
    "Execution Time": 146.998
  }
]
