[
  {
    "Plan": {
      "Node Type": "Unique",
      "Parallel Aware": false,
      "Startup Cost": 30326.58,
      "Total Cost": 30327.57,
      "Plan Rows": 95,
      "Plan Width": 8,
      "Actual Startup Time": 296.336,
      "Actual Total Time": 296.365,
      "Actual Rows": 11,
      "Actual Loops": 1,
      "Plans": [
        {
          "Node Type": "Sort",
          "Parent Relationship": "Outer",
          "Parallel Aware": false,
          "Startup Cost": 30326.58,
          "Total Cost": 30326.91,
          "Plan Rows": 132,
          "Plan Width": 8,
          "Actual Startup Time": 296.336,
          "Actual Total Time": 296.345,
          "Actual Rows": 235,
          "Actual Loops": 1,
          "Sort Key": ["agep", "sex"],
          "Sort Method": "quicksort",
          "Sort Space Used": 36,
          "Sort Space Type": "Memory",
          "Plans": [
            {
              "Node Type": "Seq Scan",
              "Parent Relationship": "Outer",
              "Parallel Aware": false,
              "Relation Name": "jointable",
              "Alias": "jointable",
              "Startup Cost": 0.00,
              "Total Cost": 30321.93,
              "Plan Rows": 132,
              "Plan Width": 8,
              "Actual Startup Time": 26.771,
              "Actual Total Time": 296.252,
              "Actual Rows": 235,
              "Actual Loops": 1,
              "Filter": "((agep >= 18) AND (agep <= 114) AND (relp = 0) AND (ten = 1) AND (puma10 = 11506))",
              "Rows Removed by Filter": 1015451
            }
          ]
        }
      ]
    },
    "Planning Time": 0.058,
    "Triggers": [
    ],
    "Execution Time": 296.380
  }
]
