[
  {
    "Plan": {
      "Node Type": "Unique",
      "Parallel Aware": false,
      "Startup Cost": 27792.82,
      "Total Cost": 27794.72,
      "Plan Rows": 141,
      "Plan Width": 8,
      "Actual Startup Time": 132.109,
      "Actual Total Time": 132.112,
      "Actual Rows": 1,
      "Actual Loops": 1,
      "Plans": [
        {
          "Node Type": "Sort",
          "Parent Relationship": "Outer",
          "Parallel Aware": false,
          "Startup Cost": 27792.82,
          "Total Cost": 27793.45,
          "Plan Rows": 253,
          "Plan Width": 8,
          "Actual Startup Time": 132.109,
          "Actual Total Time": 132.110,
          "Actual Rows": 13,
          "Actual Loops": 1,
          "Sort Key": ["agep", "sex"],
          "Sort Method": "quicksort",
          "Sort Space Used": 25,
          "Sort Space Type": "Memory",
          "Plans": [
            {
              "Node Type": "Seq Scan",
              "Parent Relationship": "Outer",
              "Parallel Aware": false,
              "Relation Name": "jointable",
              "Alias": "jointable",
              "Startup Cost": 0.00,
              "Total Cost": 27782.72,
              "Plan Rows": 253,
              "Plan Width": 8,
              "Actual Startup Time": 31.222,
              "Actual Total Time": 132.093,
              "Actual Rows": 13,
              "Actual Loops": 1,
              "Filter": "((agep >= 18) AND (agep <= 114) AND (relp = 1) AND (puma10 = 11611))",
              "Rows Removed by Filter": 1015673
            }
          ]
        }
      ]
    },
    "Planning Time": 0.089,
    "Triggers": [
    ],
    "Execution Time": 132.146
  }
]
