[
  {
    "Plan": {
      "Node Type": "Unique",
      "Parallel Aware": false,
      "Startup Cost": 27782.74,
      "Total Cost": 27782.77,
      "Plan Rows": 3,
      "Plan Width": 8,
      "Actual Startup Time": 85.991,
      "Actual Total Time": 85.993,
      "Actual Rows": 1,
      "Actual Loops": 1,
      "Plans": [
        {
          "Node Type": "Sort",
          "Parent Relationship": "Outer",
          "Parallel Aware": false,
          "Startup Cost": 27782.74,
          "Total Cost": 27782.75,
          "Plan Rows": 3,
          "Plan Width": 8,
          "Actual Startup Time": 85.990,
          "Actual Total Time": 85.991,
          "Actual Rows": 3,
          "Actual Loops": 1,
          "Sort Key": ["agep", "sex"],
          "Sort Method": "quicksort",
          "Sort Space Used": 25,
          "Sort Space Type": "Memory",
          "Plans": [
            {
              "Node Type": "Seq Scan",
              "Parent Relationship": "Outer",
              "Parallel Aware": false,
              "Relation Name": "jointable",
              "Alias": "jointable",
              "Startup Cost": 0.00,
              "Total Cost": 27782.72,
              "Plan Rows": 3,
              "Plan Width": 8,
              "Actual Startup Time": 22.053,
              "Actual Total Time": 85.980,
              "Actual Rows": 3,
              "Actual Loops": 1,
              "Filter": "((agep >= 65) AND (agep <= 114) AND (relp = 6) AND (puma10 = 9904))",
              "Rows Removed by Filter": 1015683
            }
          ]
        }
      ]
    },
    "Planning Time": 0.053,
    "Triggers": [
    ],
    "Execution Time": 86.006
  }
]
