[
  {
    "Plan": {
      "Node Type": "Unique",
      "Parallel Aware": false,
      "Startup Cost": 27792.40,
      "Total Cost": 27794.23,
      "Plan Rows": 138,
      "Plan Width": 8,
      "Actual Startup Time": 141.272,
      "Actual Total Time": 141.314,
      "Actual Rows": 8,
      "Actual Loops": 1,
      "Plans": [
        {
          "Node Type": "Sort",
          "Parent Relationship": "Outer",
          "Parallel Aware": false,
          "Startup Cost": 27792.40,
          "Total Cost": 27793.01,
          "Plan Rows": 244,
          "Plan Width": 8,
          "Actual Startup Time": 141.271,
          "Actual Total Time": 141.289,
          "Actual Rows": 349,
          "Actual Loops": 1,
          "Sort Key": ["agep", "sex"],
          "Sort Method": "quicksort",
          "Sort Space Used": 41,
          "Sort Space Type": "Memory",
          "Plans": [
            {
              "Node Type": "Seq Scan",
              "Parent Relationship": "Outer",
              "Parallel Aware": false,
              "Relation Name": "jointable",
              "Alias": "jointable",
              "Startup Cost": 0.00,
              "Total Cost": 27782.72,
              "Plan Rows": 244,
              "Plan Width": 8,
              "Actual Startup Time": 12.863,
              "Actual Total Time": 141.028,
              "Actual Rows": 349,
              "Actual Loops": 1,
              "Filter": "((agep >= 18) AND (agep <= 114) AND (relp = 1) AND (puma10 = 11001))",
              "Rows Removed by Filter": 1015337
            }
          ]
        }
      ]
    },
    "Planning Time": 0.054,
    "Triggers": [
    ],
    "Execution Time": 141.329
  }
]
