[
  {
    "Plan": {
      "Node Type": "Unique",
      "Parallel Aware": false,
      "Startup Cost": 27787.41,
      "Total Cost": 27788.41,
      "Plan Rows": 96,
      "Plan Width": 8,
      "Actual Startup Time": 146.027,
      "Actual Total Time": 146.051,
      "Actual Rows": 5,
      "Actual Loops": 1,
      "Plans": [
        {
          "Node Type": "Sort",
          "Parent Relationship": "Outer",
          "Parallel Aware": false,
          "Startup Cost": 27787.41,
          "Total Cost": 27787.74,
          "Plan Rows": 133,
          "Plan Width": 8,
          "Actual Startup Time": 146.026,
          "Actual Total Time": 146.036,
          "Actual Rows": 199,
          "Actual Loops": 1,
          "Sort Key": ["agep", "sex"],
          "Sort Method": "quicksort",
          "Sort Space Used": 34,
          "Sort Space Type": "Memory",
          "Plans": [
            {
              "Node Type": "Seq Scan",
              "Parent Relationship": "Outer",
              "Parallel Aware": false,
              "Relation Name": "jointable",
              "Alias": "jointable",
              "Startup Cost": 0.00,
              "Total Cost": 27782.72,
              "Plan Rows": 133,
              "Plan Width": 8,
              "Actual Startup Time": 5.174,
              "Actual Total Time": 145.986,
              "Actual Rows": 199,
              "Actual Loops": 1,
              "Filter": "((agep >= 18) AND (agep <= 114) AND (relp = 1) AND (puma10 = 802))",
              "Rows Removed by Filter": 1015487
            }
          ]
        }
      ]
    },
    "Planning Time": 0.057,
    "Triggers": [
    ],
    "Execution Time": 146.065
  }
]
