[
  {
    "Plan": {
      "Node Type": "Unique",
      "Parallel Aware": false,
      "Startup Cost": 27782.76,
      "Total Cost": 27782.79,
      "Plan Rows": 4,
      "Plan Width": 8,
      "Actual Startup Time": 102.314,
      "Actual Total Time": 102.315,
      "Actual Rows": 1,
      "Actual Loops": 1,
      "Plans": [
        {
          "Node Type": "Sort",
          "Parent Relationship": "Outer",
          "Parallel Aware": false,
          "Startup Cost": 27782.76,
          "Total Cost": 27782.77,
          "Plan Rows": 4,
          "Plan Width": 8,
          "Actual Startup Time": 102.313,
          "Actual Total Time": 102.313,
          "Actual Rows": 2,
          "Actual Loops": 1,
          "Sort Key": ["agep", "sex"],
          "Sort Method": "quicksort",
          "Sort Space Used": 25,
          "Sort Space Type": "Memory",
          "Plans": [
            {
              "Node Type": "Seq Scan",
              "Parent Relationship": "Outer",
              "Parallel Aware": false,
              "Relation Name": "jointable",
              "Alias": "jointable",
              "Startup Cost": 0.00,
              "Total Cost": 27782.72,
              "Plan Rows": 4,
              "Plan Width": 8,
              "Actual Startup Time": 22.965,
              "Actual Total Time": 102.305,
              "Actual Rows": 2,
              "Actual Loops": 1,
              "Filter": "((agep >= 18) AND (agep <= 30) AND (relp = 7) AND (puma10 = 51087))",
              "Rows Removed by Filter": 1015684
            }
          ]
        }
      ]
    },
    "Planning Time": 0.069,
    "Triggers": [
    ],
    "Execution Time": 102.329
  }
]
