[
  {
    "Plan": {
      "Node Type": "Unique",
      "Parallel Aware": false,
      "Startup Cost": 27787.16,
      "Total Cost": 27788.11,
      "Plan Rows": 93,
      "Plan Width": 8,
      "Actual Startup Time": 127.685,
      "Actual Total Time": 127.696,
      "Actual Rows": 3,
      "Actual Loops": 1,
      "Plans": [
        {
          "Node Type": "Sort",
          "Parent Relationship": "Outer",
          "Parallel Aware": false,
          "Startup Cost": 27787.16,
          "Total Cost": 27787.48,
          "Plan Rows": 127,
          "Plan Width": 8,
          "Actual Startup Time": 127.684,
          "Actual Total Time": 127.692,
          "Actual Rows": 88,
          "Actual Loops": 1,
          "Sort Key": ["agep", "sex"],
          "Sort Method": "quicksort",
          "Sort Space Used": 29,
          "Sort Space Type": "Memory",
          "Plans": [
            {
              "Node Type": "Seq Scan",
              "Parent Relationship": "Outer",
              "Parallel Aware": false,
              "Relation Name": "jointable",
              "Alias": "jointable",
              "Startup Cost": 0.00,
              "Total Cost": 27782.72,
              "Plan Rows": 127,
              "Plan Width": 8,
              "Actual Startup Time": 12.831,
              "Actual Total Time": 127.653,
              "Actual Rows": 88,
              "Actual Loops": 1,
              "Filter": "((agep >= 21) AND (agep <= 114) AND (relp = 1) AND (puma10 = 51044))",
              "Rows Removed by Filter": 1015598
            }
          ]
        }
      ]
    },
    "Planning Time": 0.054,
    "Triggers": [
    ],
    "Execution Time": 127.708
  }
]
