[
  {
    "Plan": {
      "Node Type": "Unique",
      "Parallel Aware": false,
      "Startup Cost": 27782.73,
      "Total Cost": 27782.74,
      "Plan Rows": 1,
      "Plan Width": 8,
      "Actual Startup Time": 107.137,
      "Actual Total Time": 107.140,
      "Actual Rows": 1,
      "Actual Loops": 1,
      "Plans": [
        {
          "Node Type": "Sort",
          "Parent Relationship": "Outer",
          "Parallel Aware": false,
          "Startup Cost": 27782.73,
          "Total Cost": 27782.74,
          "Plan Rows": 1,
          "Plan Width": 8,
          "Actual Startup Time": 107.136,
          "Actual Total Time": 107.138,
          "Actual Rows": 15,
          "Actual Loops": 1,
          "Sort Key": ["agep", "sex"],
          "Sort Method": "quicksort",
          "Sort Space Used": 25,
          "Sort Space Type": "Memory",
          "Plans": [
            {
              "Node Type": "Seq Scan",
              "Parent Relationship": "Outer",
              "Parallel Aware": false,
              "Relation Name": "jointable",
              "Alias": "jointable",
              "Startup Cost": 0.00,
              "Total Cost": 27782.72,
              "Plan Rows": 1,
              "Plan Width": 8,
              "Actual Startup Time": 10.795,
              "Actual Total Time": 107.119,
              "Actual Rows": 15,
              "Actual Loops": 1,
              "Filter": "((agep >= 19) AND (agep <= 39) AND (relp = 3) AND (puma10 = 51089))",
              "Rows Removed by Filter": 1015671
            }
          ]
        }
      ]
    },
    "Planning Time": 0.073,
    "Triggers": [
    ],
    "Execution Time": 107.155
  }
]
