[
  {
    "Plan": {
      "Node Type": "Unique",
      "Parallel Aware": false,
      "Startup Cost": 27782.73,
      "Total Cost": 27782.74,
      "Plan Rows": 2,
      "Plan Width": 8,
      "Actual Startup Time": 83.733,
      "Actual Total Time": 83.735,
      "Actual Rows": 1,
      "Actual Loops": 1,
      "Plans": [
        {
          "Node Type": "Sort",
          "Parent Relationship": "Outer",
          "Parallel Aware": false,
          "Startup Cost": 27782.73,
          "Total Cost": 27782.74,
          "Plan Rows": 2,
          "Plan Width": 8,
          "Actual Startup Time": 83.732,
          "Actual Total Time": 83.733,
          "Actual Rows": 5,
          "Actual Loops": 1,
          "Sort Key": ["agep", "sex"],
          "Sort Method": "quicksort",
          "Sort Space Used": 25,
          "Sort Space Type": "Memory",
          "Plans": [
            {
              "Node Type": "Seq Scan",
              "Parent Relationship": "Outer",
              "Parallel Aware": false,
              "Relation Name": "jointable",
              "Alias": "jointable",
              "Startup Cost": 0.00,
              "Total Cost": 27782.72,
              "Plan Rows": 2,
              "Plan Width": 8,
              "Actual Startup Time": 6.078,
              "Actual Total Time": 83.721,
              "Actual Rows": 5,
              "Actual Loops": 1,
              "Filter": "((agep >= 65) AND (agep <= 114) AND (relp = 6) AND (puma10 = 57001))",
              "Rows Removed by Filter": 1015681
            }
          ]
        }
      ]
    },
    "Planning Time": 0.069,
    "Triggers": [
    ],
    "Execution Time": 83.748
  }
]
