[
  {
    "Plan": {
      "Node Type": "Unique",
      "Parallel Aware": false,
      "Startup Cost": 27812.98,
      "Total Cost": 27817.84,
      "Plan Rows": 64,
      "Plan Width": 8,
      "Actual Startup Time": 145.626,
      "Actual Total Time": 145.674,
      "Actual Rows": 7,
      "Actual Loops": 1,
      "Plans": [
        {
          "Node Type": "Sort",
          "Parent Relationship": "Outer",
          "Parallel Aware": false,
          "Startup Cost": 27812.98,
          "Total Cost": 27814.60,
          "Plan Rows": 648,
          "Plan Width": 8,
          "Actual Startup Time": 145.626,
          "Actual Total Time": 145.645,
          "Actual Rows": 410,
          "Actual Loops": 1,
          "Sort Key": ["relp", "ten"],
          "Sort Method": "quicksort",
          "Sort Space Used": 44,
          "Sort Space Type": "Memory",
          "Plans": [
            {
              "Node Type": "Seq Scan",
              "Parent Relationship": "Outer",
              "Parallel Aware": false,
              "Relation Name": "jointable",
              "Alias": "jointable",
              "Startup Cost": 0.00,
              "Total Cost": 27782.72,
              "Plan Rows": 648,
              "Plan Width": 8,
              "Actual Startup Time": 2.311,
              "Actual Total Time": 145.546,
              "Actual Rows": 410,
              "Actual Loops": 1,
              "Filter": "((agep >= 18) AND (agep <= 114) AND (sex = 1) AND (puma10 = 1111))",
              "Rows Removed by Filter": 1015276
            }
          ]
        }
      ]
    },
    "Planning Time": 0.074,
    "Triggers": [
    ],
    "Execution Time": 145.696
  }
]
