[
  {
    "Plan": {
      "Node Type": "Unique",
      "Parallel Aware": false,
      "Startup Cost": 27811.69,
      "Total Cost": 27816.37,
      "Plan Rows": 64,
      "Plan Width": 8,
      "Actual Startup Time": 143.765,
      "Actual Total Time": 143.806,
      "Actual Rows": 5,
      "Actual Loops": 1,
      "Plans": [
        {
          "Node Type": "Sort",
          "Parent Relationship": "Outer",
          "Parallel Aware": false,
          "Startup Cost": 27811.69,
          "Total Cost": 27813.25,
          "Plan Rows": 624,
          "Plan Width": 8,
          "Actual Startup Time": 143.765,
          "Actual Total Time": 143.775,
          "Actual Rows": 352,
          "Actual Loops": 1,
          "Sort Key": ["relp", "ten"],
          "Sort Method": "quicksort",
          "Sort Space Used": 41,
          "Sort Space Type": "Memory",
          "Plans": [
            {
              "Node Type": "Seq Scan",
              "Parent Relationship": "Outer",
              "Parallel Aware": false,
              "Relation Name": "jointable",
              "Alias": "jointable",
              "Startup Cost": 0.00,
              "Total Cost": 27782.72,
              "Plan Rows": 624,
              "Plan Width": 8,
              "Actual Startup Time": 0.744,
              "Actual Total Time": 143.682,
              "Actual Rows": 352,
              "Actual Loops": 1,
              "Filter": "((agep >= 18) AND (agep <= 114) AND (sex = 1) AND (puma10 = 902))",
              "Rows Removed by Filter": 1015334
            }
          ]
        }
      ]
    },
    "Planning Time": 0.052,
    "Triggers": [
    ],
    "Execution Time": 143.819
  }
]
