[
  {
    "Plan": {
      "Node Type": "Unique",
      "Parallel Aware": false,
      "Startup Cost": 27788.14,
      "Total Cost": 27789.27,
      "Plan Rows": 58,
      "Plan Width": 8,
      "Actual Startup Time": 106.970,
      "Actual Total Time": 106.996,
      "Actual Rows": 2,
      "Actual Loops": 1,
      "Plans": [
        {
          "Node Type": "Sort",
          "Parent Relationship": "Outer",
          "Parallel Aware": false,
          "Startup Cost": 27788.14,
          "Total Cost": 27788.52,
          "Plan Rows": 150,
          "Plan Width": 8,
          "Actual Startup Time": 106.969,
          "Actual Total Time": 106.980,
          "Actual Rows": 206,
          "Actual Loops": 1,
          "Sort Key": ["relp", "ten"],
          "Sort Method": "quicksort",
          "Sort Space Used": 34,
          "Sort Space Type": "Memory",
          "Plans": [
            {
              "Node Type": "Seq Scan",
              "Parent Relationship": "Outer",
              "Parallel Aware": false,
              "Relation Name": "jointable",
              "Alias": "jointable",
              "Startup Cost": 0.00,
              "Total Cost": 27782.72,
              "Plan Rows": 150,
              "Plan Width": 8,
              "Actual Startup Time": 1.701,
              "Actual Total Time": 106.933,
              "Actual Rows": 206,
              "Actual Loops": 1,
              "Filter": "((agep >= 18) AND (agep <= 30) AND (sex = 2) AND (puma10 = 1109))",
              "Rows Removed by Filter": 1015480
            }
          ]
        }
      ]
    },
    "Planning Time": 0.056,
    "Triggers": [
    ],
    "Execution Time": 107.011
  }
]
