[
  {
    "Plan": {
      "Node Type": "Unique",
      "Parallel Aware": false,
      "Startup Cost": 27799.10,
      "Total Cost": 27801.97,
      "Plan Rows": 64,
      "Plan Width": 8,
      "Actual Startup Time": 159.936,
      "Actual Total Time": 159.973,
      "Actual Rows": 6,
      "Actual Loops": 1,
      "Plans": [
        {
          "Node Type": "Sort",
          "Parent Relationship": "Outer",
          "Parallel Aware": false,
          "Startup Cost": 27799.10,
          "Total Cost": 27800.06,
          "Plan Rows": 382,
          "Plan Width": 8,
          "Actual Startup Time": 159.935,
          "Actual Total Time": 159.963,
          "Actual Rows": 310,
          "Actual Loops": 1,
          "Sort Key": ["relp", "ten"],
          "Sort Method": "quicksort",
          "Sort Space Used": 39,
          "Sort Space Type": "Memory",
          "Plans": [
            {
              "Node Type": "Seq Scan",
              "Parent Relationship": "Outer",
              "Parallel Aware": false,
              "Relation Name": "jointable",
              "Alias": "jointable",
              "Startup Cost": 0.00,
              "Total Cost": 27782.72,
              "Plan Rows": 382,
              "Plan Width": 8,
              "Actual Startup Time": 0.143,
              "Actual Total Time": 159.878,
              "Actual Rows": 310,
              "Actual Loops": 1,
              "Filter": "((agep >= 15) AND (agep <= 85) AND (sex = 2) AND (puma10 = 103))",
              "Rows Removed by Filter": 1015376
            }
          ]
        }
      ]
    },
    "Planning Time": 0.083,
    "Triggers": [
    ],
    "Execution Time": 159.990
  }
]
