[
  {
    "Plan": {
      "Node Type": "Unique",
      "Parallel Aware": false,
      "Startup Cost": 27809.66,
      "Total Cost": 27814.06,
      "Plan Rows": 64,
      "Plan Width": 8,
      "Actual Startup Time": 162.586,
      "Actual Total Time": 162.631,
      "Actual Rows": 4,
      "Actual Loops": 1,
      "Plans": [
        {
          "Node Type": "Sort",
          "Parent Relationship": "Outer",
          "Parallel Aware": false,
          "Startup Cost": 27809.66,
          "Total Cost": 27811.13,
          "Plan Rows": 586,
          "Plan Width": 8,
          "Actual Startup Time": 162.586,
          "Actual Total Time": 162.602,
          "Actual Rows": 400,
          "Actual Loops": 1,
          "Sort Key": ["relp", "ten"],
          "Sort Method": "quicksort",
          "Sort Space Used": 43,
          "Sort Space Type": "Memory",
          "Plans": [
            {
              "Node Type": "Seq Scan",
              "Parent Relationship": "Outer",
              "Parallel Aware": false,
              "Relation Name": "jointable",
              "Alias": "jointable",
              "Startup Cost": 0.00,
              "Total Cost": 27782.72,
              "Plan Rows": 586,
              "Plan Width": 8,
              "Actual Startup Time": 6.548,
              "Actual Total Time": 162.516,
              "Actual Rows": 400,
              "Actual Loops": 1,
              "Filter": "((agep >= 18) AND (agep <= 114) AND (sex = 1) AND (puma10 = 2511))",
              "Rows Removed by Filter": 1015286
            }
          ]
        }
      ]
    },
    "Planning Time": 0.062,
    "Triggers": [
    ],
    "Execution Time": 162.646
  }
]
