[
  {
    "Plan": {
      "Node Type": "Unique",
      "Parallel Aware": false,
      "Startup Cost": 27814.33,
      "Total Cost": 27819.38,
      "Plan Rows": 64,
      "Plan Width": 8,
      "Actual Startup Time": 140.308,
      "Actual Total Time": 140.355,
      "Actual Rows": 9,
      "Actual Loops": 1,
      "Plans": [
        {
          "Node Type": "Sort",
          "Parent Relationship": "Outer",
          "Parallel Aware": false,
          "Startup Cost": 27814.33,
          "Total Cost": 27816.01,
          "Plan Rows": 673,
          "Plan Width": 8,
          "Actual Startup Time": 140.308,
          "Actual Total Time": 140.329,
          "Actual Rows": 394,
          "Actual Loops": 1,
          "Sort Key": ["relp", "ten"],
          "Sort Method": "quicksort",
          "Sort Space Used": 43,
          "Sort Space Type": "Memory",
          "Plans": [
            {
              "Node Type": "Seq Scan",
              "Parent Relationship": "Outer",
              "Parallel Aware": false,
              "Relation Name": "jointable",
              "Alias": "jointable",
              "Startup Cost": 0.00,
              "Total Cost": 27782.72,
              "Plan Rows": 673,
              "Plan Width": 8,
              "Actual Startup Time": 6.038,
              "Actual Total Time": 140.231,
              "Actual Rows": 394,
              "Actual Loops": 1,
              "Filter": "((agep >= 18) AND (agep <= 114) AND (sex = 1) AND (puma10 = 2320))",
              "Rows Removed by Filter": 1015292
            }
          ]
        }
      ]
    },
    "Planning Time": 0.053,
    "Triggers": [
    ],
    "Execution Time": 140.369
  }
]
