[
  {
    "Plan": {
      "Node Type": "Unique",
      "Parallel Aware": false,
      "Startup Cost": 27798.50,
      "Total Cost": 27801.28,
      "Plan Rows": 64,
      "Plan Width": 8,
      "Actual Startup Time": 141.825,
      "Actual Total Time": 141.869,
      "Actual Rows": 8,
      "Actual Loops": 1,
      "Plans": [
        {
          "Node Type": "Sort",
          "Parent Relationship": "Outer",
          "Parallel Aware": false,
          "Startup Cost": 27798.50,
          "Total Cost": 27799.43,
          "Plan Rows": 370,
          "Plan Width": 8,
          "Actual Startup Time": 141.825,
          "Actual Total Time": 141.852,
          "Actual Rows": 377,
          "Actual Loops": 1,
          "Sort Key": ["relp", "ten"],
          "Sort Method": "quicksort",
          "Sort Space Used": 42,
          "Sort Space Type": "Memory",
          "Plans": [
            {
              "Node Type": "Seq Scan",
              "Parent Relationship": "Outer",
              "Parallel Aware": false,
              "Relation Name": "jointable",
              "Alias": "jointable",
              "Startup Cost": 0.00,
              "Total Cost": 27782.72,
              "Plan Rows": 370,
              "Plan Width": 8,
              "Actual Startup Time": 5.178,
              "Actual Total Time": 141.752,
              "Actual Rows": 377,
              "Actual Loops": 1,
              "Filter": "((agep >= 18) AND (agep <= 114) AND (sex = 2) AND (puma10 = 1501))",
              "Rows Removed by Filter": 1015309
            }
          ]
        }
      ]
    },
    "Planning Time": 0.055,
    "Triggers": [
    ],
    "Execution Time": 141.882
  }
]
