[
  {
    "Plan": {
      "Node Type": "Unique",
      "Parallel Aware": false,
      "Startup Cost": 27810.35,
      "Total Cost": 27814.85,
      "Plan Rows": 64,
      "Plan Width": 8,
      "Actual Startup Time": 143.538,
      "Actual Total Time": 143.600,
      "Actual Rows": 2,
      "Actual Loops": 1,
      "Plans": [
        {
          "Node Type": "Sort",
          "Parent Relationship": "Outer",
          "Parallel Aware": false,
          "Startup Cost": 27810.35,
          "Total Cost": 27811.85,
          "Plan Rows": 599,
          "Plan Width": 8,
          "Actual Startup Time": 143.537,
          "Actual Total Time": 143.570,
          "Actual Rows": 400,
          "Actual Loops": 1,
          "Sort Key": ["relp", "ten"],
          "Sort Method": "quicksort",
          "Sort Space Used": 43,
          "Sort Space Type": "Memory",
          "Plans": [
            {
              "Node Type": "Seq Scan",
              "Parent Relationship": "Outer",
              "Parallel Aware": false,
              "Relation Name": "jointable",
              "Alias": "jointable",
              "Startup Cost": 0.00,
              "Total Cost": 27782.72,
              "Plan Rows": 599,
              "Plan Width": 8,
              "Actual Startup Time": 7.355,
              "Actual Total Time": 143.466,
              "Actual Rows": 400,
              "Actual Loops": 1,
              "Filter": "((agep >= 18) AND (agep <= 85) AND (sex = 2) AND (puma10 = 2514))",
              "Rows Removed by Filter": 1015286
            }
          ]
        }
      ]
    },
    "Planning Time": 0.080,
    "Triggers": [
    ],
    "Execution Time": 143.616
  }
]
