[
  {
    "Plan": {
      "Node Type": "Unique",
      "Parallel Aware": false,
      "Startup Cost": 25245.69,
      "Total Cost": 25246.22,
      "Plan Rows": 43,
      "Plan Width": 8,
      "Actual Startup Time": 99.544,
      "Actual Total Time": 99.572,
      "Actual Rows": 2,
      "Actual Loops": 1,
      "Plans": [
        {
          "Node Type": "Sort",
          "Parent Relationship": "Outer",
          "Parallel Aware": false,
          "Startup Cost": 25245.69,
          "Total Cost": 25245.87,
          "Plan Rows": 71,
          "Plan Width": 8,
          "Actual Startup Time": 99.544,
          "Actual Total Time": 99.561,
          "Actual Rows": 236,
          "Actual Loops": 1,
          "Sort Key": ["relp", "ten"],
          "Sort Method": "quicksort",
          "Sort Space Used": 36,
          "Sort Space Type": "Memory",
          "Plans": [
            {
              "Node Type": "Seq Scan",
              "Parent Relationship": "Outer",
              "Parallel Aware": false,
              "Relation Name": "jointable",
              "Alias": "jointable",
              "Startup Cost": 0.00,
              "Total Cost": 25243.51,
              "Plan Rows": 71,
              "Plan Width": 8,
              "Actual Startup Time": 4.526,
              "Actual Total Time": 99.507,
              "Actual Rows": 236,
              "Actual Loops": 1,
              "Filter": "((agep >= 11) AND (agep <= 13) AND (puma10 = 2512))",
              "Rows Removed by Filter": 1015450
            }
          ]
        }
      ]
    },
    "Planning Time": 0.074,
    "Triggers": [
    ],
    "Execution Time": 99.586
  }
]
