[
  {
    "Plan": {
      "Node Type": "Unique",
      "Parallel Aware": false,
      "Startup Cost": 27798.50,
      "Total Cost": 27801.28,
      "Plan Rows": 64,
      "Plan Width": 8,
      "Actual Startup Time": 142.942,
      "Actual Total Time": 143.017,
      "Actual Rows": 7,
      "Actual Loops": 1,
      "Plans": [
        {
          "Node Type": "Sort",
          "Parent Relationship": "Outer",
          "Parallel Aware": false,
          "Startup Cost": 27798.50,
          "Total Cost": 27799.43,
          "Plan Rows": 370,
          "Plan Width": 8,
          "Actual Startup Time": 142.941,
          "Actual Total Time": 142.979,
          "Actual Rows": 663,
          "Actual Loops": 1,
          "Sort Key": ["relp", "ten"],
          "Sort Method": "quicksort",
          "Sort Space Used": 56,
          "Sort Space Type": "Memory",
          "Plans": [
            {
              "Node Type": "Seq Scan",
              "Parent Relationship": "Outer",
              "Parallel Aware": false,
              "Relation Name": "jointable",
              "Alias": "jointable",
              "Startup Cost": 0.00,
              "Total Cost": 27782.72,
              "Plan Rows": 370,
              "Plan Width": 8,
              "Actual Startup Time": 6.175,
              "Actual Total Time": 142.820,
              "Actual Rows": 663,
              "Actual Loops": 1,
              "Filter": "((agep >= 18) AND (agep <= 114) AND (sex = 2) AND (puma10 = 2004))",
              "Rows Removed by Filter": 1015023
            }
          ]
        }
      ]
    },
    "Planning Time": 0.067,
    "Triggers": [
    ],
    "Execution Time": 143.037
  }
]
