[
  {
    "Plan": {
      "Node Type": "Unique",
      "Parallel Aware": false,
      "Startup Cost": 27791.46,
      "Total Cost": 27793.14,
      "Plan Rows": 62,
      "Plan Width": 8,
      "Actual Startup Time": 131.292,
      "Actual Total Time": 131.319,
      "Actual Rows": 5,
      "Actual Loops": 1,
      "Plans": [
        {
          "Node Type": "Sort",
          "Parent Relationship": "Outer",
          "Parallel Aware": false,
          "Startup Cost": 27791.46,
          "Total Cost": 27792.02,
          "Plan Rows": 224,
          "Plan Width": 8,
          "Actual Startup Time": 131.291,
          "Actual Total Time": 131.307,
          "Actual Rows": 203,
          "Actual Loops": 1,
          "Sort Key": ["relp", "ten"],
          "Sort Method": "quicksort",
          "Sort Space Used": 34,
          "Sort Space Type": "Memory",
          "Plans": [
            {
              "Node Type": "Seq Scan",
              "Parent Relationship": "Outer",
              "Parallel Aware": false,
              "Relation Name": "jointable",
              "Alias": "jointable",
              "Startup Cost": 0.00,
              "Total Cost": 27782.72,
              "Plan Rows": 224,
              "Plan Width": 8,
              "Actual Startup Time": 4.167,
              "Actual Total Time": 131.241,
              "Actual Rows": 203,
              "Actual Loops": 1,
              "Filter": "((agep >= 40) AND (agep <= 85) AND (sex = 2) AND (puma10 = 114))",
              "Rows Removed by Filter": 1015483
            }
          ]
        }
      ]
    },
    "Planning Time": 0.056,
    "Triggers": [
    ],
    "Execution Time": 131.333
  }
]
