[
  {
    "Plan": {
      "Node Type": "Unique",
      "Parallel Aware": false,
      "Startup Cost": 27797.61,
      "Total Cost": 27800.25,
      "Plan Rows": 64,
      "Plan Width": 8,
      "Actual Startup Time": 155.129,
      "Actual Total Time": 155.178,
      "Actual Rows": 6,
      "Actual Loops": 1,
      "Plans": [
        {
          "Node Type": "Sort",
          "Parent Relationship": "Outer",
          "Parallel Aware": false,
          "Startup Cost": 27797.61,
          "Total Cost": 27798.49,
          "Plan Rows": 352,
          "Plan Width": 8,
          "Actual Startup Time": 155.129,
          "Actual Total Time": 155.151,
          "Actual Rows": 400,
          "Actual Loops": 1,
          "Sort Key": ["relp", "ten"],
          "Sort Method": "quicksort",
          "Sort Space Used": 43,
          "Sort Space Type": "Memory",
          "Plans": [
            {
              "Node Type": "Seq Scan",
              "Parent Relationship": "Outer",
              "Parallel Aware": false,
              "Relation Name": "jointable",
              "Alias": "jointable",
              "Startup Cost": 0.00,
              "Total Cost": 27782.72,
              "Plan Rows": 352,
              "Plan Width": 8,
              "Actual Startup Time": 19.044,
              "Actual Total Time": 155.054,
              "Actual Rows": 400,
              "Actual Loops": 1,
              "Filter": "((agep >= 21) AND (agep <= 114) AND (sex = 2) AND (puma10 = 100))",
              "Rows Removed by Filter": 1015286
            }
          ]
        }
      ]
    },
    "Planning Time": 0.057,
    "Triggers": [
    ],
    "Execution Time": 155.191
  }
]
