[
  {
    "Plan": {
      "Node Type": "Unique",
      "Parallel Aware": false,
      "Startup Cost": 27815.69,
      "Total Cost": 27820.93,
      "Plan Rows": 64,
      "Plan Width": 8,
      "Actual Startup Time": 141.435,
      "Actual Total Time": 141.506,
      "Actual Rows": 8,
      "Actual Loops": 1,
      "Plans": [
        {
          "Node Type": "Sort",
          "Parent Relationship": "Outer",
          "Parallel Aware": false,
          "Startup Cost": 27815.69,
          "Total Cost": 27817.44,
          "Plan Rows": 698,
          "Plan Width": 8,
          "Actual Startup Time": 141.435,
          "Actual Total Time": 141.459,
          "Actual Rows": 622,
          "Actual Loops": 1,
          "Sort Key": ["relp", "ten"],
          "Sort Method": "quicksort",
          "Sort Space Used": 54,
          "Sort Space Type": "Memory",
          "Plans": [
            {
              "Node Type": "Seq Scan",
              "Parent Relationship": "Outer",
              "Parallel Aware": false,
              "Relation Name": "jointable",
              "Alias": "jointable",
              "Startup Cost": 0.00,
              "Total Cost": 27782.72,
              "Plan Rows": 698,
              "Plan Width": 8,
              "Actual Startup Time": 17.637,
              "Actual Total Time": 141.322,
              "Actual Rows": 622,
              "Actual Loops": 1,
              "Filter": "((agep >= 18) AND (agep <= 114) AND (sex = 1) AND (puma10 = 3312))",
              "Rows Removed by Filter": 1015064
            }
          ]
        }
      ]
    },
    "Planning Time": 0.084,
    "Triggers": [
    ],
    "Execution Time": 141.525
  }
]
