[
  {
    "Plan": {
      "Node Type": "Unique",
      "Parallel Aware": false,
      "Startup Cost": 27797.41,
      "Total Cost": 27800.02,
      "Plan Rows": 64,
      "Plan Width": 8,
      "Actual Startup Time": 139.779,
      "Actual Total Time": 139.830,
      "Actual Rows": 5,
      "Actual Loops": 1,
      "Plans": [
        {
          "Node Type": "Sort",
          "Parent Relationship": "Outer",
          "Parallel Aware": false,
          "Startup Cost": 27797.41,
          "Total Cost": 27798.28,
          "Plan Rows": 348,
          "Plan Width": 8,
          "Actual Startup Time": 139.779,
          "Actual Total Time": 139.799,
          "Actual Rows": 430,
          "Actual Loops": 1,
          "Sort Key": ["relp", "ten"],
          "Sort Method": "quicksort",
          "Sort Space Used": 45,
          "Sort Space Type": "Memory",
          "Plans": [
            {
              "Node Type": "Seq Scan",
              "Parent Relationship": "Outer",
              "Parallel Aware": false,
              "Relation Name": "jointable",
              "Alias": "jointable",
              "Startup Cost": 0.00,
              "Total Cost": 27782.72,
              "Plan Rows": 348,
              "Plan Width": 8,
              "Actual Startup Time": 1.151,
              "Actual Total Time": 139.726,
              "Actual Rows": 430,
              "Actual Loops": 1,
              "Filter": "((agep >= 18) AND (agep <= 114) AND (sex = 1) AND (puma10 = 3202))",
              "Rows Removed by Filter": 1015256
            }
          ]
        }
      ]
    },
    "Planning Time": 0.053,
    "Triggers": [
    ],
    "Execution Time": 139.844
  }
]
