[
  {
    "Plan": {
      "Node Type": "Unique",
      "Parallel Aware": false,
      "Startup Cost": 25278.88,
      "Total Cost": 25284.45,
      "Plan Rows": 64,
      "Plan Width": 8,
      "Actual Startup Time": 140.031,
      "Actual Total Time": 140.158,
      "Actual Rows": 11,
      "Actual Loops": 1,
      "Plans": [
        {
          "Node Type": "Sort",
          "Parent Relationship": "Outer",
          "Parallel Aware": false,
          "Startup Cost": 25278.88,
          "Total Cost": 25280.74,
          "Plan Rows": 742,
          "Plan Width": 8,
          "Actual Startup Time": 140.031,
          "Actual Total Time": 140.087,
          "Actual Rows": 799,
          "Actual Loops": 1,
          "Sort Key": ["relp", "ten"],
          "Sort Method": "quicksort",
          "Sort Space Used": 62,
          "Sort Space Type": "Memory",
          "Plans": [
            {
              "Node Type": "Seq Scan",
              "Parent Relationship": "Outer",
              "Parallel Aware": false,
              "Relation Name": "jointable",
              "Alias": "jointable",
              "Startup Cost": 0.00,
              "Total Cost": 25243.51,
              "Plan Rows": 742,
              "Plan Width": 8,
              "Actual Startup Time": 5.865,
              "Actual Total Time": 139.910,
              "Actual Rows": 799,
              "Actual Loops": 1,
              "Filter": "((agep >= 15) AND (agep <= 85) AND (puma10 = 2802))",
              "Rows Removed by Filter": 1014887
            }
          ]
        }
      ]
    },
    "Planning Time": 0.078,
    "Triggers": [
    ],
    "Execution Time": 140.175
  }
]
