[
  {
    "Plan": {
      "Node Type": "Unique",
      "Parallel Aware": false,
      "Startup Cost": 27814.17,
      "Total Cost": 27819.19,
      "Plan Rows": 64,
      "Plan Width": 8,
      "Actual Startup Time": 144.264,
      "Actual Total Time": 144.334,
      "Actual Rows": 9,
      "Actual Loops": 1,
      "Plans": [
        {
          "Node Type": "Sort",
          "Parent Relationship": "Outer",
          "Parallel Aware": false,
          "Startup Cost": 27814.17,
          "Total Cost": 27815.84,
          "Plan Rows": 670,
          "Plan Width": 8,
          "Actual Startup Time": 144.264,
          "Actual Total Time": 144.294,
          "Actual Rows": 602,
          "Actual Loops": 1,
          "Sort Key": ["relp", "ten"],
          "Sort Method": "quicksort",
          "Sort Space Used": 53,
          "Sort Space Type": "Memory",
          "Plans": [
            {
              "Node Type": "Seq Scan",
              "Parent Relationship": "Outer",
              "Parallel Aware": false,
              "Relation Name": "jointable",
              "Alias": "jointable",
              "Startup Cost": 0.00,
              "Total Cost": 27782.72,
              "Plan Rows": 670,
              "Plan Width": 8,
              "Actual Startup Time": 16.097,
              "Actual Total Time": 144.149,
              "Actual Rows": 602,
              "Actual Loops": 1,
              "Filter": "((agep >= 15) AND (agep <= 85) AND (sex = 1) AND (puma10 = 3003))",
              "Rows Removed by Filter": 1015084
            }
          ]
        }
      ]
    },
    "Planning Time": 0.072,
    "Triggers": [
    ],
    "Execution Time": 144.351
  }
]
