[
  {
    "Plan": {
      "Node Type": "Unique",
      "Parallel Aware": false,
      "Startup Cost": 27797.41,
      "Total Cost": 27800.02,
      "Plan Rows": 64,
      "Plan Width": 8,
      "Actual Startup Time": 138.908,
      "Actual Total Time": 138.954,
      "Actual Rows": 4,
      "Actual Loops": 1,
      "Plans": [
        {
          "Node Type": "Sort",
          "Parent Relationship": "Outer",
          "Parallel Aware": false,
          "Startup Cost": 27797.41,
          "Total Cost": 27798.28,
          "Plan Rows": 348,
          "Plan Width": 8,
          "Actual Startup Time": 138.906,
          "Actual Total Time": 138.929,
          "Actual Rows": 394,
          "Actual Loops": 1,
          "Sort Key": ["relp", "ten"],
          "Sort Method": "quicksort",
          "Sort Space Used": 43,
          "Sort Space Type": "Memory",
          "Plans": [
            {
              "Node Type": "Seq Scan",
              "Parent Relationship": "Outer",
              "Parallel Aware": false,
              "Relation Name": "jointable",
              "Alias": "jointable",
              "Startup Cost": 0.00,
              "Total Cost": 27782.72,
              "Plan Rows": 348,
              "Plan Width": 8,
              "Actual Startup Time": 9.019,
              "Actual Total Time": 138.840,
              "Actual Rows": 394,
              "Actual Loops": 1,
              "Filter": "((agep >= 18) AND (agep <= 114) AND (sex = 1) AND (puma10 = 3407))",
              "Rows Removed by Filter": 1015292
            }
          ]
        }
      ]
    },
    "Planning Time": 0.054,
    "Triggers": [
    ],
    "Execution Time": 138.967
  }
]
