[
  {
    "Plan": {
      "Node Type": "Unique",
      "Parallel Aware": false,
      "Startup Cost": 25306.16,
      "Total Cost": 25315.33,
      "Plan Rows": 64,
      "Plan Width": 8,
      "Actual Startup Time": 153.748,
      "Actual Total Time": 153.937,
      "Actual Rows": 14,
      "Actual Loops": 1,
      "Plans": [
        {
          "Node Type": "Sort",
          "Parent Relationship": "Outer",
          "Parallel Aware": false,
          "Startup Cost": 25306.16,
          "Total Cost": 25309.22,
          "Plan Rows": 1222,
          "Plan Width": 8,
          "Actual Startup Time": 153.747,
          "Actual Total Time": 153.827,
          "Actual Rows": 1653,
          "Actual Loops": 1,
          "Sort Key": ["relp", "ten"],
          "Sort Method": "quicksort",
          "Sort Space Used": 126,
          "Sort Space Type": "Memory",
          "Plans": [
            {
              "Node Type": "Seq Scan",
              "Parent Relationship": "Outer",
              "Parallel Aware": false,
              "Relation Name": "jointable",
              "Alias": "jointable",
              "Startup Cost": 0.00,
              "Total Cost": 25243.51,
              "Plan Rows": 1222,
              "Plan Width": 8,
              "Actual Startup Time": 12.453,
              "Actual Total Time": 153.491,
              "Actual Rows": 1653,
              "Actual Loops": 1,
              "Filter": "((agep >= 15) AND (agep <= 85) AND (puma10 = 3745))",
              "Rows Removed by Filter": 1014033
            }
          ]
        }
      ]
    },
    "Planning Time": 0.056,
    "Triggers": [
    ],
    "Execution Time": 153.956
  }
]
