[
  {
    "Plan": {
      "Node Type": "Unique",
      "Parallel Aware": false,
      "Startup Cost": 27815.42,
      "Total Cost": 27820.62,
      "Plan Rows": 64,
      "Plan Width": 8,
      "Actual Startup Time": 155.080,
      "Actual Total Time": 155.158,
      "Actual Rows": 11,
      "Actual Loops": 1,
      "Plans": [
        {
          "Node Type": "Sort",
          "Parent Relationship": "Outer",
          "Parallel Aware": false,
          "Startup Cost": 27815.42,
          "Total Cost": 27817.15,
          "Plan Rows": 693,
          "Plan Width": 8,
          "Actual Startup Time": 155.079,
          "Actual Total Time": 155.117,
          "Actual Rows": 673,
          "Actual Loops": 1,
          "Sort Key": ["relp", "ten"],
          "Sort Method": "quicksort",
          "Sort Space Used": 56,
          "Sort Space Type": "Memory",
          "Plans": [
            {
              "Node Type": "Seq Scan",
              "Parent Relationship": "Outer",
              "Parallel Aware": false,
              "Relation Name": "jointable",
              "Alias": "jointable",
              "Startup Cost": 0.00,
              "Total Cost": 27782.72,
              "Plan Rows": 693,
              "Plan Width": 8,
              "Actual Startup Time": 5.045,
              "Actual Total Time": 154.939,
              "Actual Rows": 673,
              "Actual Loops": 1,
              "Filter": "((agep >= 21) AND (agep <= 114) AND (sex = 2) AND (puma10 = 133))",
              "Rows Removed by Filter": 1015013
            }
          ]
        }
      ]
    },
    "Planning Time": 0.082,
    "Triggers": [
    ],
    "Execution Time": 155.178
  }
]
