[
  {
    "Plan": {
      "Node Type": "Unique",
      "Parallel Aware": false,
      "Startup Cost": 25278.88,
      "Total Cost": 25284.45,
      "Plan Rows": 64,
      "Plan Width": 8,
      "Actual Startup Time": 132.886,
      "Actual Total Time": 132.957,
      "Actual Rows": 5,
      "Actual Loops": 1,
      "Plans": [
        {
          "Node Type": "Sort",
          "Parent Relationship": "Outer",
          "Parallel Aware": false,
          "Startup Cost": 25278.88,
          "Total Cost": 25280.74,
          "Plan Rows": 742,
          "Plan Width": 8,
          "Actual Startup Time": 132.885,
          "Actual Total Time": 132.926,
          "Actual Rows": 614,
          "Actual Loops": 1,
          "Sort Key": ["relp", "ten"],
          "Sort Method": "quicksort",
          "Sort Space Used": 53,
          "Sort Space Type": "Memory",
          "Plans": [
            {
              "Node Type": "Seq Scan",
              "Parent Relationship": "Outer",
              "Parallel Aware": false,
              "Relation Name": "jointable",
              "Alias": "jointable",
              "Startup Cost": 0.00,
              "Total Cost": 25243.51,
              "Plan Rows": 742,
              "Plan Width": 8,
              "Actual Startup Time": 15.015,
              "Actual Total Time": 132.795,
              "Actual Rows": 614,
              "Actual Loops": 1,
              "Filter": "((agep >= 15) AND (agep <= 85) AND (puma10 = 3807))",
              "Rows Removed by Filter": 1015072
            }
          ]
        }
      ]
    },
    "Planning Time": 0.062,
    "Triggers": [
    ],
    "Execution Time": 132.970
  }
]
