[
  {
    "Plan": {
      "Node Type": "Unique",
      "Parallel Aware": false,
      "Startup Cost": 27790.82,
      "Total Cost": 27792.39,
      "Plan Rows": 62,
      "Plan Width": 8,
      "Actual Startup Time": 117.409,
      "Actual Total Time": 117.454,
      "Actual Rows": 4,
      "Actual Loops": 1,
      "Plans": [
        {
          "Node Type": "Sort",
          "Parent Relationship": "Outer",
          "Parallel Aware": false,
          "Startup Cost": 27790.82,
          "Total Cost": 27791.34,
          "Plan Rows": 210,
          "Plan Width": 8,
          "Actual Startup Time": 117.407,
          "Actual Total Time": 117.421,
          "Actual Rows": 385,
          "Actual Loops": 1,
          "Sort Key": ["relp", "ten"],
          "Sort Method": "quicksort",
          "Sort Space Used": 43,
          "Sort Space Type": "Memory",
          "Plans": [
            {
              "Node Type": "Seq Scan",
              "Parent Relationship": "Outer",
              "Parallel Aware": false,
              "Relation Name": "jointable",
              "Alias": "jointable",
              "Startup Cost": 0.00,
              "Total Cost": 27782.72,
              "Plan Rows": 210,
              "Plan Width": 8,
              "Actual Startup Time": 9.084,
              "Actual Total Time": 117.344,
              "Actual Rows": 385,
              "Actual Loops": 1,
              "Filter": "((agep >= 40) AND (agep <= 85) AND (sex = 1) AND (puma10 = 3734))",
              "Rows Removed by Filter": 1015301
            }
          ]
        }
      ]
    },
    "Planning Time": 0.054,
    "Triggers": [
    ],
    "Execution Time": 117.467
  }
]
