[
  {
    "Plan": {
      "Node Type": "Unique",
      "Parallel Aware": false,
      "Startup Cost": 27797.41,
      "Total Cost": 27800.02,
      "Plan Rows": 64,
      "Plan Width": 8,
      "Actual Startup Time": 140.306,
      "Actual Total Time": 140.336,
      "Actual Rows": 5,
      "Actual Loops": 1,
      "Plans": [
        {
          "Node Type": "Sort",
          "Parent Relationship": "Outer",
          "Parallel Aware": false,
          "Startup Cost": 27797.41,
          "Total Cost": 27798.28,
          "Plan Rows": 348,
          "Plan Width": 8,
          "Actual Startup Time": 140.305,
          "Actual Total Time": 140.318,
          "Actual Rows": 249,
          "Actual Loops": 1,
          "Sort Key": ["relp", "ten"],
          "Sort Method": "quicksort",
          "Sort Space Used": 36,
          "Sort Space Type": "Memory",
          "Plans": [
            {
              "Node Type": "Seq Scan",
              "Parent Relationship": "Outer",
              "Parallel Aware": false,
              "Relation Name": "jointable",
              "Alias": "jointable",
              "Startup Cost": 0.00,
              "Total Cost": 27782.72,
              "Plan Rows": 348,
              "Plan Width": 8,
              "Actual Startup Time": 10.553,
              "Actual Total Time": 140.244,
              "Actual Rows": 249,
              "Actual Loops": 1,
              "Filter": "((agep >= 18) AND (agep <= 114) AND (sex = 1) AND (puma10 = 3761))",
              "Rows Removed by Filter": 1015437
            }
          ]
        }
      ]
    },
    "Planning Time": 0.085,
    "Triggers": [
    ],
    "Execution Time": 140.349
  }
]
