[
  {
    "Plan": {
      "Node Type": "Unique",
      "Parallel Aware": false,
      "Startup Cost": 27834.49,
      "Total Cost": 27842.25,
      "Plan Rows": 64,
      "Plan Width": 8,
      "Actual Startup Time": 141.649,
      "Actual Total Time": 141.725,
      "Actual Rows": 9,
      "Actual Loops": 1,
      "Plans": [
        {
          "Node Type": "Sort",
          "Parent Relationship": "Outer",
          "Parallel Aware": false,
          "Startup Cost": 27834.49,
          "Total Cost": 27837.08,
          "Plan Rows": 1034,
          "Plan Width": 8,
          "Actual Startup Time": 141.649,
          "Actual Total Time": 141.683,
          "Actual Rows": 654,
          "Actual Loops": 1,
          "Sort Key": ["relp", "ten"],
          "Sort Method": "quicksort",
          "Sort Space Used": 55,
          "Sort Space Type": "Memory",
          "Plans": [
            {
              "Node Type": "Seq Scan",
              "Parent Relationship": "Outer",
              "Parallel Aware": false,
              "Relation Name": "jointable",
              "Alias": "jointable",
              "Startup Cost": 0.00,
              "Total Cost": 27782.72,
              "Plan Rows": 1034,
              "Plan Width": 8,
              "Actual Startup Time": 12.573,
              "Actual Total Time": 141.555,
              "Actual Rows": 654,
              "Actual Loops": 1,
              "Filter": "((agep >= 18) AND (agep <= 114) AND (sex = 2) AND (puma10 = 3738))",
              "Rows Removed by Filter": 1015032
            }
          ]
        }
      ]
    },
    "Planning Time": 0.072,
    "Triggers": [
    ],
    "Execution Time": 141.740
  }
]
