[
  {
    "Plan": {
      "Node Type": "Unique",
      "Parallel Aware": false,
      "Startup Cost": 27811.64,
      "Total Cost": 27816.31,
      "Plan Rows": 64,
      "Plan Width": 8,
      "Actual Startup Time": 142.663,
      "Actual Total Time": 142.733,
      "Actual Rows": 10,
      "Actual Loops": 1,
      "Plans": [
        {
          "Node Type": "Sort",
          "Parent Relationship": "Outer",
          "Parallel Aware": false,
          "Startup Cost": 27811.64,
          "Total Cost": 27813.19,
          "Plan Rows": 623,
          "Plan Width": 8,
          "Actual Startup Time": 142.662,
          "Actual Total Time": 142.698,
          "Actual Rows": 491,
          "Actual Loops": 1,
          "Sort Key": ["relp", "ten"],
          "Sort Method": "quicksort",
          "Sort Space Used": 48,
          "Sort Space Type": "Memory",
          "Plans": [
            {
              "Node Type": "Seq Scan",
              "Parent Relationship": "Outer",
              "Parallel Aware": false,
              "Relation Name": "jointable",
              "Alias": "jointable",
              "Startup Cost": 0.00,
              "Total Cost": 27782.72,
              "Plan Rows": 623,
              "Plan Width": 8,
              "Actual Startup Time": 10.778,
              "Actual Total Time": 142.543,
              "Actual Rows": 491,
              "Actual Loops": 1,
              "Filter": "((agep >= 18) AND (agep <= 114) AND (sex = 2) AND (puma10 = 3707))",
              "Rows Removed by Filter": 1015195
            }
          ]
        }
      ]
    },
    "Planning Time": 0.056,
    "Triggers": [
    ],
    "Execution Time": 142.746
  }
]
