[
  {
    "Plan": {
      "Node Type": "Unique",
      "Parallel Aware": false,
      "Startup Cost": 27816.40,
      "Total Cost": 27821.73,
      "Plan Rows": 64,
      "Plan Width": 8,
      "Actual Startup Time": 139.407,
      "Actual Total Time": 139.474,
      "Actual Rows": 8,
      "Actual Loops": 1,
      "Plans": [
        {
          "Node Type": "Sort",
          "Parent Relationship": "Outer",
          "Parallel Aware": false,
          "Startup Cost": 27816.40,
          "Total Cost": 27818.18,
          "Plan Rows": 711,
          "Plan Width": 8,
          "Actual Startup Time": 139.407,
          "Actual Total Time": 139.440,
          "Actual Rows": 569,
          "Actual Loops": 1,
          "Sort Key": ["relp", "ten"],
          "Sort Method": "quicksort",
          "Sort Space Used": 51,
          "Sort Space Type": "Memory",
          "Plans": [
            {
              "Node Type": "Seq Scan",
              "Parent Relationship": "Outer",
              "Parallel Aware": false,
              "Relation Name": "jointable",
              "Alias": "jointable",
              "Startup Cost": 0.00,
              "Total Cost": 27782.72,
              "Plan Rows": 711,
              "Plan Width": 8,
              "Actual Startup Time": 1.714,
              "Actual Total Time": 139.309,
              "Actual Rows": 569,
              "Actual Loops": 1,
              "Filter": "((agep >= 18) AND (agep <= 114) AND (sex = 1) AND (puma10 = 4109))",
              "Rows Removed by Filter": 1015117
            }
          ]
        }
      ]
    },
    "Planning Time": 0.073,
    "Triggers": [
    ],
    "Execution Time": 139.490
  }
]
