[
  {
    "Plan": {
      "Node Type": "Unique",
      "Parallel Aware": false,
      "Startup Cost": 27810.25,
      "Total Cost": 27814.72,
      "Plan Rows": 64,
      "Plan Width": 8,
      "Actual Startup Time": 142.228,
      "Actual Total Time": 142.280,
      "Actual Rows": 11,
      "Actual Loops": 1,
      "Plans": [
        {
          "Node Type": "Sort",
          "Parent Relationship": "Outer",
          "Parallel Aware": false,
          "Startup Cost": 27810.25,
          "Total Cost": 27811.74,
          "Plan Rows": 597,
          "Plan Width": 8,
          "Actual Startup Time": 142.227,
          "Actual Total Time": 142.251,
          "Actual Rows": 448,
          "Actual Loops": 1,
          "Sort Key": ["relp", "ten"],
          "Sort Method": "quicksort",
          "Sort Space Used": 46,
          "Sort Space Type": "Memory",
          "Plans": [
            {
              "Node Type": "Seq Scan",
              "Parent Relationship": "Outer",
              "Parallel Aware": false,
              "Relation Name": "jointable",
              "Alias": "jointable",
              "Startup Cost": 0.00,
              "Total Cost": 27782.72,
              "Plan Rows": 597,
              "Plan Width": 8,
              "Actual Startup Time": 0.016,
              "Actual Total Time": 142.112,
              "Actual Rows": 448,
              "Actual Loops": 1,
              "Filter": "((agep >= 18) AND (agep <= 114) AND (sex = 2) AND (puma10 = 4610))",
              "Rows Removed by Filter": 1015238
            }
          ]
        }
      ]
    },
    "Planning Time": 0.056,
    "Triggers": [
    ],
    "Execution Time": 142.295
  }
]
