[
  {
    "Plan": {
      "Node Type": "Unique",
      "Parallel Aware": false,
      "Startup Cost": 25245.09,
      "Total Cost": 25245.51,
      "Plan Rows": 37,
      "Plan Width": 8,
      "Actual Startup Time": 123.951,
      "Actual Total Time": 123.951,
      "Actual Rows": 0,
      "Actual Loops": 1,
      "Plans": [
        {
          "Node Type": "Sort",
          "Parent Relationship": "Outer",
          "Parallel Aware": false,
          "Startup Cost": 25245.09,
          "Total Cost": 25245.23,
          "Plan Rows": 55,
          "Plan Width": 8,
          "Actual Startup Time": 123.949,
          "Actual Total Time": 123.949,
          "Actual Rows": 0,
          "Actual Loops": 1,
          "Sort Key": ["relp", "ten"],
          "Sort Method": "quicksort",
          "Sort Space Used": 25,
          "Sort Space Type": "Memory",
          "Plans": [
            {
              "Node Type": "Seq Scan",
              "Parent Relationship": "Outer",
              "Parallel Aware": false,
              "Relation Name": "jointable",
              "Alias": "jointable",
              "Startup Cost": 0.00,
              "Total Cost": 25243.51,
              "Plan Rows": 55,
              "Plan Width": 8,
              "Actual Startup Time": 123.945,
              "Actual Total Time": 123.945,
              "Actual Rows": 0,
              "Actual Loops": 1,
              "Filter": "((agep >= 2) AND (agep <= 5) AND (puma10 = 101))",
              "Rows Removed by Filter": 1015686
            }
          ]
        }
      ]
    },
    "Planning Time": 0.083,
    "Triggers": [
    ],
    "Execution Time": 123.973
  }
]
