[
  {
    "Plan": {
      "Node Type": "Unique",
      "Parallel Aware": false,
      "Startup Cost": 27811.64,
      "Total Cost": 27816.31,
      "Plan Rows": 64,
      "Plan Width": 8,
      "Actual Startup Time": 141.015,
      "Actual Total Time": 141.060,
      "Actual Rows": 7,
      "Actual Loops": 1,
      "Plans": [
        {
          "Node Type": "Sort",
          "Parent Relationship": "Outer",
          "Parallel Aware": false,
          "Startup Cost": 27811.64,
          "Total Cost": 27813.19,
          "Plan Rows": 623,
          "Plan Width": 8,
          "Actual Startup Time": 141.014,
          "Actual Total Time": 141.039,
          "Actual Rows": 389,
          "Actual Loops": 1,
          "Sort Key": ["relp", "ten"],
          "Sort Method": "quicksort",
          "Sort Space Used": 43,
          "Sort Space Type": "Memory",
          "Plans": [
            {
              "Node Type": "Seq Scan",
              "Parent Relationship": "Outer",
              "Parallel Aware": false,
              "Relation Name": "jointable",
              "Alias": "jointable",
              "Startup Cost": 0.00,
              "Total Cost": 27782.72,
              "Plan Rows": 623,
              "Plan Width": 8,
              "Actual Startup Time": 6.429,
              "Actual Total Time": 140.938,
              "Actual Rows": 389,
              "Actual Loops": 1,
              "Filter": "((agep >= 18) AND (agep <= 114) AND (sex = 2) AND (puma10 = 4904))",
              "Rows Removed by Filter": 1015297
            }
          ]
        }
      ]
    },
    "Planning Time": 0.056,
    "Triggers": [
    ],
    "Execution Time": 141.073
  }
]
