[
  {
    "Plan": {
      "Node Type": "Unique",
      "Parallel Aware": false,
      "Startup Cost": 27797.36,
      "Total Cost": 27799.96,
      "Plan Rows": 64,
      "Plan Width": 8,
      "Actual Startup Time": 125.931,
      "Actual Total Time": 125.968,
      "Actual Rows": 3,
      "Actual Loops": 1,
      "Plans": [
        {
          "Node Type": "Sort",
          "Parent Relationship": "Outer",
          "Parallel Aware": false,
          "Startup Cost": 27797.36,
          "Total Cost": 27798.23,
          "Plan Rows": 347,
          "Plan Width": 8,
          "Actual Startup Time": 125.930,
          "Actual Total Time": 125.934,
          "Actual Rows": 318,
          "Actual Loops": 1,
          "Sort Key": ["relp", "ten"],
          "Sort Method": "quicksort",
          "Sort Space Used": 39,
          "Sort Space Type": "Memory",
          "Plans": [
            {
              "Node Type": "Seq Scan",
              "Parent Relationship": "Outer",
              "Parallel Aware": false,
              "Relation Name": "jointable",
              "Alias": "jointable",
              "Startup Cost": 0.00,
              "Total Cost": 27782.72,
              "Plan Rows": 347,
              "Plan Width": 8,
              "Actual Startup Time": 9.407,
              "Actual Total Time": 125.869,
              "Actual Rows": 318,
              "Actual Loops": 1,
              "Filter": "((agep >= 40) AND (agep <= 85) AND (sex = 1) AND (puma10 = 308))",
              "Rows Removed by Filter": 1015368
            }
          ]
        }
      ]
    },
    "Planning Time": 0.075,
    "Triggers": [
    ],
    "Execution Time": 125.985
  }
]
