[
  {
    "Plan": {
      "Node Type": "Unique",
      "Parallel Aware": false,
      "Startup Cost": 27803.32,
      "Total Cost": 27806.81,
      "Plan Rows": 64,
      "Plan Width": 8,
      "Actual Startup Time": 117.955,
      "Actual Total Time": 118.050,
      "Actual Rows": 3,
      "Actual Loops": 1,
      "Plans": [
        {
          "Node Type": "Sort",
          "Parent Relationship": "Outer",
          "Parallel Aware": false,
          "Startup Cost": 27803.32,
          "Total Cost": 27804.48,
          "Plan Rows": 465,
          "Plan Width": 8,
          "Actual Startup Time": 117.954,
          "Actual Total Time": 117.994,
          "Actual Rows": 390,
          "Actual Loops": 1,
          "Sort Key": ["relp", "ten"],
          "Sort Method": "quicksort",
          "Sort Space Used": 43,
          "Sort Space Type": "Memory",
          "Plans": [
            {
              "Node Type": "Seq Scan",
              "Parent Relationship": "Outer",
              "Parallel Aware": false,
              "Relation Name": "jointable",
              "Alias": "jointable",
              "Startup Cost": 0.00,
              "Total Cost": 27782.72,
              "Plan Rows": 465,
              "Plan Width": 8,
              "Actual Startup Time": 14.268,
              "Actual Total Time": 117.875,
              "Actual Rows": 390,
              "Actual Loops": 1,
              "Filter": "((agep >= 40) AND (agep <= 85) AND (sex = 2) AND (puma10 = 5400))",
              "Rows Removed by Filter": 1015296
            }
          ]
        }
      ]
    },
    "Planning Time": 0.057,
    "Triggers": [
    ],
    "Execution Time": 118.065
  }
]
