[
  {
    "Plan": {
      "Node Type": "Unique",
      "Parallel Aware": false,
      "Startup Cost": 27791.46,
      "Total Cost": 27793.14,
      "Plan Rows": 62,
      "Plan Width": 8,
      "Actual Startup Time": 116.473,
      "Actual Total Time": 116.496,
      "Actual Rows": 6,
      "Actual Loops": 1,
      "Plans": [
        {
          "Node Type": "Sort",
          "Parent Relationship": "Outer",
          "Parallel Aware": false,
          "Startup Cost": 27791.46,
          "Total Cost": 27792.02,
          "Plan Rows": 224,
          "Plan Width": 8,
          "Actual Startup Time": 116.472,
          "Actual Total Time": 116.478,
          "Actual Rows": 187,
          "Actual Loops": 1,
          "Sort Key": ["relp", "ten"],
          "Sort Method": "quicksort",
          "Sort Space Used": 33,
          "Sort Space Type": "Memory",
          "Plans": [
            {
              "Node Type": "Seq Scan",
              "Parent Relationship": "Outer",
              "Parallel Aware": false,
              "Relation Name": "jointable",
              "Alias": "jointable",
              "Startup Cost": 0.00,
              "Total Cost": 27782.72,
              "Plan Rows": 224,
              "Plan Width": 8,
              "Actual Startup Time": 0.732,
              "Actual Total Time": 116.420,
              "Actual Rows": 187,
              "Actual Loops": 1,
              "Filter": "((agep >= 40) AND (agep <= 85) AND (sex = 2) AND (puma10 = 4800))",
              "Rows Removed by Filter": 1015499
            }
          ]
        }
      ]
    },
    "Planning Time": 0.054,
    "Triggers": [
    ],
    "Execution Time": 116.509
  }
]
