[
  {
    "Plan": {
      "Node Type": "Unique",
      "Parallel Aware": false,
      "Startup Cost": 27797.96,
      "Total Cost": 27800.65,
      "Plan Rows": 64,
      "Plan Width": 8,
      "Actual Startup Time": 164.016,
      "Actual Total Time": 164.062,
      "Actual Rows": 8,
      "Actual Loops": 1,
      "Plans": [
        {
          "Node Type": "Sort",
          "Parent Relationship": "Outer",
          "Parallel Aware": false,
          "Startup Cost": 27797.96,
          "Total Cost": 27798.85,
          "Plan Rows": 359,
          "Plan Width": 8,
          "Actual Startup Time": 164.015,
          "Actual Total Time": 164.034,
          "Actual Rows": 400,
          "Actual Loops": 1,
          "Sort Key": ["relp", "ten"],
          "Sort Method": "quicksort",
          "Sort Space Used": 43,
          "Sort Space Type": "Memory",
          "Plans": [
            {
              "Node Type": "Seq Scan",
              "Parent Relationship": "Outer",
              "Parallel Aware": false,
              "Relation Name": "jointable",
              "Alias": "jointable",
              "Startup Cost": 0.00,
              "Total Cost": 27782.72,
              "Plan Rows": 359,
              "Plan Width": 8,
              "Actual Startup Time": 20.774,
              "Actual Total Time": 163.918,
              "Actual Rows": 400,
              "Actual Loops": 1,
              "Filter": "((agep >= 15) AND (agep <= 85) AND (sex = 1) AND (puma10 = 408))",
              "Rows Removed by Filter": 1015286
            }
          ]
        }
      ]
    },
    "Planning Time": 0.078,
    "Triggers": [
    ],
    "Execution Time": 164.079
  }
]
