[
  {
    "Plan": {
      "Node Type": "Unique",
      "Parallel Aware": false,
      "Startup Cost": 27784.64,
      "Total Cost": 27785.12,
      "Plan Rows": 40,
      "Plan Width": 8,
      "Actual Startup Time": 86.462,
      "Actual Total Time": 86.475,
      "Actual Rows": 2,
      "Actual Loops": 1,
      "Plans": [
        {
          "Node Type": "Sort",
          "Parent Relationship": "Outer",
          "Parallel Aware": false,
          "Startup Cost": 27784.64,
          "Total Cost": 27784.80,
          "Plan Rows": 64,
          "Plan Width": 8,
          "Actual Startup Time": 86.461,
          "Actual Total Time": 86.465,
          "Actual Rows": 105,
          "Actual Loops": 1,
          "Sort Key": ["relp", "ten"],
          "Sort Method": "quicksort",
          "Sort Space Used": 29,
          "Sort Space Type": "Memory",
          "Plans": [
            {
              "Node Type": "Seq Scan",
              "Parent Relationship": "Outer",
              "Parallel Aware": false,
              "Relation Name": "jointable",
              "Alias": "jointable",
              "Startup Cost": 0.00,
              "Total Cost": 27782.72,
              "Plan Rows": 64,
              "Plan Width": 8,
              "Actual Startup Time": 7.303,
              "Actual Total Time": 86.439,
              "Actual Rows": 105,
              "Actual Loops": 1,
              "Filter": "((agep >= 65) AND (agep <= 114) AND (sex = 2) AND (puma10 = 6712))",
              "Rows Removed by Filter": 1015581
            }
          ]
        }
      ]
    },
    "Planning Time": 0.054,
    "Triggers": [
    ],
    "Execution Time": 86.488
  }
]
