[
  {
    "Plan": {
      "Node Type": "Unique",
      "Parallel Aware": false,
      "Startup Cost": 27798.15,
      "Total Cost": 27800.88,
      "Plan Rows": 64,
      "Plan Width": 8,
      "Actual Startup Time": 141.876,
      "Actual Total Time": 141.930,
      "Actual Rows": 7,
      "Actual Loops": 1,
      "Plans": [
        {
          "Node Type": "Sort",
          "Parent Relationship": "Outer",
          "Parallel Aware": false,
          "Startup Cost": 27798.15,
          "Total Cost": 27799.06,
          "Plan Rows": 363,
          "Plan Width": 8,
          "Actual Startup Time": 141.876,
          "Actual Total Time": 141.909,
          "Actual Rows": 355,
          "Actual Loops": 1,
          "Sort Key": ["relp", "ten"],
          "Sort Method": "quicksort",
          "Sort Space Used": 41,
          "Sort Space Type": "Memory",
          "Plans": [
            {
              "Node Type": "Seq Scan",
              "Parent Relationship": "Outer",
              "Parallel Aware": false,
              "Relation Name": "jointable",
              "Alias": "jointable",
              "Startup Cost": 0.00,
              "Total Cost": 27782.72,
              "Plan Rows": 363,
              "Plan Width": 8,
              "Actual Startup Time": 11.896,
              "Actual Total Time": 141.808,
              "Actual Rows": 355,
              "Actual Loops": 1,
              "Filter": "((agep >= 18) AND (agep <= 85) AND (sex = 2) AND (puma10 = 6707))",
              "Rows Removed by Filter": 1015331
            }
          ]
        }
      ]
    },
    "Planning Time": 0.070,
    "Triggers": [
    ],
    "Execution Time": 141.946
  }
]
