[
  {
    "Plan": {
      "Node Type": "Unique",
      "Parallel Aware": false,
      "Startup Cost": 27813.09,
      "Total Cost": 27817.96,
      "Plan Rows": 64,
      "Plan Width": 8,
      "Actual Startup Time": 147.467,
      "Actual Total Time": 147.543,
      "Actual Rows": 10,
      "Actual Loops": 1,
      "Plans": [
        {
          "Node Type": "Sort",
          "Parent Relationship": "Outer",
          "Parallel Aware": false,
          "Startup Cost": 27813.09,
          "Total Cost": 27814.71,
          "Plan Rows": 650,
          "Plan Width": 8,
          "Actual Startup Time": 147.467,
          "Actual Total Time": 147.517,
          "Actual Rows": 659,
          "Actual Loops": 1,
          "Sort Key": ["relp", "ten"],
          "Sort Method": "quicksort",
          "Sort Space Used": 55,
          "Sort Space Type": "Memory",
          "Plans": [
            {
              "Node Type": "Seq Scan",
              "Parent Relationship": "Outer",
              "Parallel Aware": false,
              "Relation Name": "jointable",
              "Alias": "jointable",
              "Startup Cost": 0.00,
              "Total Cost": 27782.72,
              "Plan Rows": 650,
              "Plan Width": 8,
              "Actual Startup Time": 6.701,
              "Actual Total Time": 147.364,
              "Actual Rows": 659,
              "Actual Loops": 1,
              "Filter": "((agep >= 18) AND (agep <= 114) AND (sex = 2) AND (puma10 = 6802))",
              "Rows Removed by Filter": 1015027
            }
          ]
        }
      ]
    },
    "Planning Time": 0.081,
    "Triggers": [
    ],
    "Execution Time": 147.559
  }
]
