[
  {
    "Plan": {
      "Node Type": "Unique",
      "Parallel Aware": false,
      "Startup Cost": 25247.57,
      "Total Cost": 25248.45,
      "Plan Rows": 54,
      "Plan Width": 8,
      "Actual Startup Time": 108.133,
      "Actual Total Time": 108.152,
      "Actual Rows": 2,
      "Actual Loops": 1,
      "Plans": [
        {
          "Node Type": "Sort",
          "Parent Relationship": "Outer",
          "Parallel Aware": false,
          "Startup Cost": 25247.57,
          "Total Cost": 25247.86,
          "Plan Rows": 118,
          "Plan Width": 8,
          "Actual Startup Time": 108.132,
          "Actual Total Time": 108.136,
          "Actual Rows": 159,
          "Actual Loops": 1,
          "Sort Key": ["relp", "ten"],
          "Sort Method": "quicksort",
          "Sort Space Used": 32,
          "Sort Space Type": "Memory",
          "Plans": [
            {
              "Node Type": "Seq Scan",
              "Parent Relationship": "Outer",
              "Parallel Aware": false,
              "Relation Name": "jointable",
              "Alias": "jointable",
              "Startup Cost": 0.00,
              "Total Cost": 25243.51,
              "Plan Rows": 118,
              "Plan Width": 8,
              "Actual Startup Time": 9.152,
              "Actual Total Time": 108.092,
              "Actual Rows": 159,
              "Actual Loops": 1,
              "Filter": "((agep >= 22) AND (agep <= 30) AND (puma10 = 5909))",
              "Rows Removed by Filter": 1015527
            }
          ]
        }
      ]
    },
    "Planning Time": 0.056,
    "Triggers": [
    ],
    "Execution Time": 108.165
  }
]
