[
  {
    "Plan": {
      "Node Type": "Unique",
      "Parallel Aware": false,
      "Startup Cost": 27818.10,
      "Total Cost": 27823.66,
      "Plan Rows": 64,
      "Plan Width": 8,
      "Actual Startup Time": 153.370,
      "Actual Total Time": 153.424,
      "Actual Rows": 9,
      "Actual Loops": 1,
      "Plans": [
        {
          "Node Type": "Sort",
          "Parent Relationship": "Outer",
          "Parallel Aware": false,
          "Startup Cost": 27818.10,
          "Total Cost": 27819.95,
          "Plan Rows": 742,
          "Plan Width": 8,
          "Actual Startup Time": 153.370,
          "Actual Total Time": 153.392,
          "Actual Rows": 445,
          "Actual Loops": 1,
          "Sort Key": ["relp", "ten"],
          "Sort Method": "quicksort",
          "Sort Space Used": 45,
          "Sort Space Type": "Memory",
          "Plans": [
            {
              "Node Type": "Seq Scan",
              "Parent Relationship": "Outer",
              "Parallel Aware": false,
              "Relation Name": "jointable",
              "Alias": "jointable",
              "Startup Cost": 0.00,
              "Total Cost": 27782.72,
              "Plan Rows": 742,
              "Plan Width": 8,
              "Actual Startup Time": 0.802,
              "Actual Total Time": 153.290,
              "Actual Rows": 445,
              "Actual Loops": 1,
              "Filter": "((agep >= 18) AND (agep <= 114) AND (sex = 2) AND (puma10 = 603))",
              "Rows Removed by Filter": 1015241
            }
          ]
        }
      ]
    },
    "Planning Time": 0.055,
    "Triggers": [
    ],
    "Execution Time": 153.439
  }
]
