[
  {
    "Plan": {
      "Node Type": "Unique",
      "Parallel Aware": false,
      "Startup Cost": 27791.46,
      "Total Cost": 27793.14,
      "Plan Rows": 62,
      "Plan Width": 8,
      "Actual Startup Time": 132.879,
      "Actual Total Time": 132.910,
      "Actual Rows": 5,
      "Actual Loops": 1,
      "Plans": [
        {
          "Node Type": "Sort",
          "Parent Relationship": "Outer",
          "Parallel Aware": false,
          "Startup Cost": 27791.46,
          "Total Cost": 27792.02,
          "Plan Rows": 224,
          "Plan Width": 8,
          "Actual Startup Time": 132.879,
          "Actual Total Time": 132.887,
          "Actual Rows": 191,
          "Actual Loops": 1,
          "Sort Key": ["relp", "ten"],
          "Sort Method": "quicksort",
          "Sort Space Used": 33,
          "Sort Space Type": "Memory",
          "Plans": [
            {
              "Node Type": "Seq Scan",
              "Parent Relationship": "Outer",
              "Parallel Aware": false,
              "Relation Name": "jointable",
              "Alias": "jointable",
              "Startup Cost": 0.00,
              "Total Cost": 27782.72,
              "Plan Rows": 224,
              "Plan Width": 8,
              "Actual Startup Time": 5.482,
              "Actual Total Time": 132.819,
              "Actual Rows": 191,
              "Actual Loops": 1,
              "Filter": "((agep >= 40) AND (agep <= 85) AND (sex = 2) AND (puma10 = 800))",
              "Rows Removed by Filter": 1015495
            }
          ]
        }
      ]
    },
    "Planning Time": 0.076,
    "Triggers": [
    ],
    "Execution Time": 132.927
  }
]
