[
  {
    "Plan": {
      "Node Type": "Unique",
      "Parallel Aware": false,
      "Startup Cost": 27798.50,
      "Total Cost": 27801.28,
      "Plan Rows": 64,
      "Plan Width": 8,
      "Actual Startup Time": 139.001,
      "Actual Total Time": 139.021,
      "Actual Rows": 4,
      "Actual Loops": 1,
      "Plans": [
        {
          "Node Type": "Sort",
          "Parent Relationship": "Outer",
          "Parallel Aware": false,
          "Startup Cost": 27798.50,
          "Total Cost": 27799.43,
          "Plan Rows": 370,
          "Plan Width": 8,
          "Actual Startup Time": 139.000,
          "Actual Total Time": 139.009,
          "Actual Rows": 165,
          "Actual Loops": 1,
          "Sort Key": ["relp", "ten"],
          "Sort Method": "quicksort",
          "Sort Space Used": 32,
          "Sort Space Type": "Memory",
          "Plans": [
            {
              "Node Type": "Seq Scan",
              "Parent Relationship": "Outer",
              "Parallel Aware": false,
              "Relation Name": "jointable",
              "Alias": "jointable",
              "Startup Cost": 0.00,
              "Total Cost": 27782.72,
              "Plan Rows": 370,
              "Plan Width": 8,
              "Actual Startup Time": 1.926,
              "Actual Total Time": 138.970,
              "Actual Rows": 165,
              "Actual Loops": 1,
              "Filter": "((agep >= 18) AND (agep <= 114) AND (sex = 2) AND (puma10 = 10301))",
              "Rows Removed by Filter": 1015521
            }
          ]
        }
      ]
    },
    "Planning Time": 0.066,
    "Triggers": [
    ],
    "Execution Time": 139.034
  }
]
