[
  {
    "Plan": {
      "Node Type": "Unique",
      "Parallel Aware": false,
      "Startup Cost": 27801.68,
      "Total Cost": 27804.93,
      "Plan Rows": 64,
      "Plan Width": 8,
      "Actual Startup Time": 115.581,
      "Actual Total Time": 115.585,
      "Actual Rows": 3,
      "Actual Loops": 1,
      "Plans": [
        {
          "Node Type": "Sort",
          "Parent Relationship": "Outer",
          "Parallel Aware": false,
          "Startup Cost": 27801.68,
          "Total Cost": 27802.76,
          "Plan Rows": 433,
          "Plan Width": 8,
          "Actual Startup Time": 115.579,
          "Actual Total Time": 115.581,
          "Actual Rows": 16,
          "Actual Loops": 1,
          "Sort Key": ["relp", "ten"],
          "Sort Method": "quicksort",
          "Sort Space Used": 25,
          "Sort Space Type": "Memory",
          "Plans": [
            {
              "Node Type": "Seq Scan",
              "Parent Relationship": "Outer",
              "Parallel Aware": false,
              "Relation Name": "jointable",
              "Alias": "jointable",
              "Startup Cost": 0.00,
              "Total Cost": 27782.72,
              "Plan Rows": 433,
              "Plan Width": 8,
              "Actual Startup Time": 16.178,
              "Actual Total Time": 115.564,
              "Actual Rows": 16,
              "Actual Loops": 1,
              "Filter": "((agep >= 40) AND (agep <= 85) AND (sex = 2) AND (puma10 = 9904))",
              "Rows Removed by Filter": 1015670
            }
          ]
        }
      ]
    },
    "Planning Time": 0.055,
    "Triggers": [
    ],
    "Execution Time": 115.596
  }
]
