[
  {
    "Plan": {
      "Node Type": "Unique",
      "Parallel Aware": false,
      "Startup Cost": 27797.96,
      "Total Cost": 27800.65,
      "Plan Rows": 64,
      "Plan Width": 8,
      "Actual Startup Time": 141.854,
      "Actual Total Time": 141.909,
      "Actual Rows": 5,
      "Actual Loops": 1,
      "Plans": [
        {
          "Node Type": "Sort",
          "Parent Relationship": "Outer",
          "Parallel Aware": false,
          "Startup Cost": 27797.96,
          "Total Cost": 27798.85,
          "Plan Rows": 359,
          "Plan Width": 8,
          "Actual Startup Time": 141.854,
          "Actual Total Time": 141.883,
          "Actual Rows": 481,
          "Actual Loops": 1,
          "Sort Key": ["relp", "ten"],
          "Sort Method": "quicksort",
          "Sort Space Used": 47,
          "Sort Space Type": "Memory",
          "Plans": [
            {
              "Node Type": "Seq Scan",
              "Parent Relationship": "Outer",
              "Parallel Aware": false,
              "Relation Name": "jointable",
              "Alias": "jointable",
              "Startup Cost": 0.00,
              "Total Cost": 27782.72,
              "Plan Rows": 359,
              "Plan Width": 8,
              "Actual Startup Time": 15.267,
              "Actual Total Time": 141.756,
              "Actual Rows": 481,
              "Actual Loops": 1,
              "Filter": "((agep >= 15) AND (agep <= 85) AND (sex = 1) AND (puma10 = 10400))",
              "Rows Removed by Filter": 1015205
            }
          ]
        }
      ]
    },
    "Planning Time": 0.055,
    "Triggers": [
    ],
    "Execution Time": 141.923
  }
]
