[
  {
    "Plan": {
      "Node Type": "Unique",
      "Parallel Aware": false,
      "Startup Cost": 27787.71,
      "Total Cost": 27788.76,
      "Plan Rows": 57,
      "Plan Width": 8,
      "Actual Startup Time": 125.336,
      "Actual Total Time": 125.346,
      "Actual Rows": 4,
      "Actual Loops": 1,
      "Plans": [
        {
          "Node Type": "Sort",
          "Parent Relationship": "Outer",
          "Parallel Aware": false,
          "Startup Cost": 27787.71,
          "Total Cost": 27788.06,
          "Plan Rows": 140,
          "Plan Width": 8,
          "Actual Startup Time": 125.336,
          "Actual Total Time": 125.340,
          "Actual Rows": 70,
          "Actual Loops": 1,
          "Sort Key": ["relp", "ten"],
          "Sort Method": "quicksort",
          "Sort Space Used": 28,
          "Sort Space Type": "Memory",
          "Plans": [
            {
              "Node Type": "Seq Scan",
              "Parent Relationship": "Outer",
              "Parallel Aware": false,
              "Relation Name": "jointable",
              "Alias": "jointable",
              "Startup Cost": 0.00,
              "Total Cost": 27782.72,
              "Plan Rows": 140,
              "Plan Width": 8,
              "Actual Startup Time": 0.167,
              "Actual Total Time": 125.304,
              "Actual Rows": 70,
              "Actual Loops": 1,
              "Filter": "((agep >= 18) AND (agep <= 39) AND (sex = 2) AND (puma10 = 805))",
              "Rows Removed by Filter": 1015616
            }
          ]
        }
      ]
    },
    "Planning Time": 0.055,
    "Triggers": [
    ],
    "Execution Time": 125.360
  }
]
