[
  {
    "Plan": {
      "Node Type": "Unique",
      "Parallel Aware": false,
      "Startup Cost": 27822.41,
      "Total Cost": 27828.56,
      "Plan Rows": 64,
      "Plan Width": 8,
      "Actual Startup Time": 146.811,
      "Actual Total Time": 146.868,
      "Actual Rows": 6,
      "Actual Loops": 1,
      "Plans": [
        {
          "Node Type": "Sort",
          "Parent Relationship": "Outer",
          "Parallel Aware": false,
          "Startup Cost": 27822.41,
          "Total Cost": 27824.46,
          "Plan Rows": 820,
          "Plan Width": 8,
          "Actual Startup Time": 146.811,
          "Actual Total Time": 146.830,
          "Actual Rows": 496,
          "Actual Loops": 1,
          "Sort Key": ["relp", "ten"],
          "Sort Method": "quicksort",
          "Sort Space Used": 48,
          "Sort Space Type": "Memory",
          "Plans": [
            {
              "Node Type": "Seq Scan",
              "Parent Relationship": "Outer",
              "Parallel Aware": false,
              "Relation Name": "jointable",
              "Alias": "jointable",
              "Startup Cost": 0.00,
              "Total Cost": 27782.72,
              "Plan Rows": 820,
              "Plan Width": 8,
              "Actual Startup Time": 4.374,
              "Actual Total Time": 146.718,
              "Actual Rows": 496,
              "Actual Loops": 1,
              "Filter": "((agep >= 18) AND (agep <= 85) AND (sex = 2) AND (puma10 = 10502))",
              "Rows Removed by Filter": 1015190
            }
          ]
        }
      ]
    },
    "Planning Time": 0.085,
    "Triggers": [
    ],
    "Execution Time": 146.886
  }
]
