[
  {
    "Plan": {
      "Node Type": "Unique",
      "Parallel Aware": false,
      "Startup Cost": 27823.97,
      "Total Cost": 27830.33,
      "Plan Rows": 64,
      "Plan Width": 8,
      "Actual Startup Time": 156.777,
      "Actual Total Time": 156.824,
      "Actual Rows": 1,
      "Actual Loops": 1,
      "Plans": [
        {
          "Node Type": "Sort",
          "Parent Relationship": "Outer",
          "Parallel Aware": false,
          "Startup Cost": 27823.97,
          "Total Cost": 27826.09,
          "Plan Rows": 848,
          "Plan Width": 8,
          "Actual Startup Time": 156.777,
          "Actual Total Time": 156.797,
          "Actual Rows": 400,
          "Actual Loops": 1,
          "Sort Key": ["relp", "ten"],
          "Sort Method": "quicksort",
          "Sort Space Used": 43,
          "Sort Space Type": "Memory",
          "Plans": [
            {
              "Node Type": "Seq Scan",
              "Parent Relationship": "Outer",
              "Parallel Aware": false,
              "Relation Name": "jointable",
              "Alias": "jointable",
              "Startup Cost": 0.00,
              "Total Cost": 27782.72,
              "Plan Rows": 848,
              "Plan Width": 8,
              "Actual Startup Time": 0.056,
              "Actual Total Time": 156.710,
              "Actual Rows": 400,
              "Actual Loops": 1,
              "Filter": "((agep >= 18) AND (agep <= 114) AND (sex = 1) AND (puma10 = 807))",
              "Rows Removed by Filter": 1015286
            }
          ]
        }
      ]
    },
    "Planning Time": 0.084,
    "Triggers": [
    ],
    "Execution Time": 156.842
  }
]
