[
  {
    "Plan": {
      "Node Type": "Unique",
      "Parallel Aware": false,
      "Startup Cost": 25278.88,
      "Total Cost": 25284.45,
      "Plan Rows": 64,
      "Plan Width": 8,
      "Actual Startup Time": 131.476,
      "Actual Total Time": 131.593,
      "Actual Rows": 12,
      "Actual Loops": 1,
      "Plans": [
        {
          "Node Type": "Sort",
          "Parent Relationship": "Outer",
          "Parallel Aware": false,
          "Startup Cost": 25278.88,
          "Total Cost": 25280.74,
          "Plan Rows": 742,
          "Plan Width": 8,
          "Actual Startup Time": 131.475,
          "Actual Total Time": 131.545,
          "Actual Rows": 812,
          "Actual Loops": 1,
          "Sort Key": ["relp", "ten"],
          "Sort Method": "quicksort",
          "Sort Space Used": 63,
          "Sort Space Type": "Memory",
          "Plans": [
            {
              "Node Type": "Seq Scan",
              "Parent Relationship": "Outer",
              "Parallel Aware": false,
              "Relation Name": "jointable",
              "Alias": "jointable",
              "Startup Cost": 0.00,
              "Total Cost": 25243.51,
              "Plan Rows": 742,
              "Plan Width": 8,
              "Actual Startup Time": 11.003,
              "Actual Total Time": 131.341,
              "Actual Rows": 812,
              "Actual Loops": 1,
              "Filter": "((agep >= 15) AND (agep <= 85) AND (puma10 = 9701))",
              "Rows Removed by Filter": 1014874
            }
          ]
        }
      ]
    },
    "Planning Time": 0.086,
    "Triggers": [
    ],
    "Execution Time": 131.607
  }
]
