[
  {
    "Plan": {
      "Node Type": "Unique",
      "Parallel Aware": false,
      "Startup Cost": 27797.61,
      "Total Cost": 27800.25,
      "Plan Rows": 64,
      "Plan Width": 8,
      "Actual Startup Time": 152.011,
      "Actual Total Time": 152.070,
      "Actual Rows": 9,
      "Actual Loops": 1,
      "Plans": [
        {
          "Node Type": "Sort",
          "Parent Relationship": "Outer",
          "Parallel Aware": false,
          "Startup Cost": 27797.61,
          "Total Cost": 27798.49,
          "Plan Rows": 352,
          "Plan Width": 8,
          "Actual Startup Time": 152.010,
          "Actual Total Time": 152.036,
          "Actual Rows": 502,
          "Actual Loops": 1,
          "Sort Key": ["relp", "ten"],
          "Sort Method": "quicksort",
          "Sort Space Used": 48,
          "Sort Space Type": "Memory",
          "Plans": [
            {
              "Node Type": "Seq Scan",
              "Parent Relationship": "Outer",
              "Parallel Aware": false,
              "Relation Name": "jointable",
              "Alias": "jointable",
              "Startup Cost": 0.00,
              "Total Cost": 27782.72,
              "Plan Rows": 352,
              "Plan Width": 8,
              "Actual Startup Time": 15.804,
              "Actual Total Time": 151.910,
              "Actual Rows": 502,
              "Actual Loops": 1,
              "Filter": "((agep >= 21) AND (agep <= 114) AND (sex = 2) AND (puma10 = 59304))",
              "Rows Removed by Filter": 1015184
            }
          ]
        }
      ]
    },
    "Planning Time": 0.054,
    "Triggers": [
    ],
    "Execution Time": 152.083
  }
]
