[
  {
    "Plan": {
      "Node Type": "Unique",
      "Parallel Aware": false,
      "Startup Cost": 27785.25,
      "Total Cost": 27785.85,
      "Plan Rows": 46,
      "Plan Width": 8,
      "Actual Startup Time": 108.865,
      "Actual Total Time": 108.875,
      "Actual Rows": 3,
      "Actual Loops": 1,
      "Plans": [
        {
          "Node Type": "Sort",
          "Parent Relationship": "Outer",
          "Parallel Aware": false,
          "Startup Cost": 27785.25,
          "Total Cost": 27785.45,
          "Plan Rows": 80,
          "Plan Width": 8,
          "Actual Startup Time": 108.864,
          "Actual Total Time": 108.870,
          "Actual Rows": 83,
          "Actual Loops": 1,
          "Sort Key": ["relp", "ten"],
          "Sort Method": "quicksort",
          "Sort Space Used": 28,
          "Sort Space Type": "Memory",
          "Plans": [
            {
              "Node Type": "Seq Scan",
              "Parent Relationship": "Outer",
              "Parallel Aware": false,
              "Relation Name": "jointable",
              "Alias": "jointable",
              "Startup Cost": 0.00,
              "Total Cost": 27782.72,
              "Plan Rows": 80,
              "Plan Width": 8,
              "Actual Startup Time": 7.939,
              "Actual Total Time": 108.833,
              "Actual Rows": 83,
              "Actual Loops": 1,
              "Filter": "((agep >= 18) AND (agep <= 30) AND (sex = 1) AND (puma10 = 35004))",
              "Rows Removed by Filter": 1015603
            }
          ]
        }
      ]
    },
    "Planning Time": 0.088,
    "Triggers": [
    ],
    "Execution Time": 108.890
  }
]
