[
  {
    "Plan": {
      "Node Type": "Unique",
      "Parallel Aware": false,
      "Startup Cost": 27810.94,
      "Total Cost": 27815.52,
      "Plan Rows": 64,
      "Plan Width": 8,
      "Actual Startup Time": 141.283,
      "Actual Total Time": 141.337,
      "Actual Rows": 9,
      "Actual Loops": 1,
      "Plans": [
        {
          "Node Type": "Sort",
          "Parent Relationship": "Outer",
          "Parallel Aware": false,
          "Startup Cost": 27810.94,
          "Total Cost": 27812.47,
          "Plan Rows": 610,
          "Plan Width": 8,
          "Actual Startup Time": 141.283,
          "Actual Total Time": 141.290,
          "Actual Rows": 459,
          "Actual Loops": 1,
          "Sort Key": ["relp", "ten"],
          "Sort Method": "quicksort",
          "Sort Space Used": 46,
          "Sort Space Type": "Memory",
          "Plans": [
            {
              "Node Type": "Seq Scan",
              "Parent Relationship": "Outer",
              "Parallel Aware": false,
              "Relation Name": "jointable",
              "Alias": "jointable",
              "Startup Cost": 0.00,
              "Total Cost": 27782.72,
              "Plan Rows": 610,
              "Plan Width": 8,
              "Actual Startup Time": 9.760,
              "Actual Total Time": 141.212,
              "Actual Rows": 459,
              "Actual Loops": 1,
              "Filter": "((agep >= 18) AND (agep <= 114) AND (sex = 2) AND (puma10 = 49002))",
              "Rows Removed by Filter": 1015227
            }
          ]
        }
      ]
    },
    "Planning Time": 0.061,
    "Triggers": [
    ],
    "Execution Time": 141.350
  }
]
