[
  {
    "Plan": {
      "Node Type": "Unique",
      "Parallel Aware": false,
      "Startup Cost": 25491.08,
      "Total Cost": 25511.70,
      "Plan Rows": 967,
      "Plan Width": 4,
      "Actual Startup Time": 120.854,
      "Actual Total Time": 120.893,
      "Actual Rows": 2,
      "Actual Loops": 1,
      "Plans": [
        {
          "Node Type": "Sort",
          "Parent Relationship": "Outer",
          "Parallel Aware": false,
          "Startup Cost": 25491.08,
          "Total Cost": 25501.39,
          "Plan Rows": 4123,
          "Plan Width": 4,
          "Actual Startup Time": 120.854,
          "Actual Total Time": 120.875,
          "Actual Rows": 352,
          "Actual Loops": 1,
          "Sort Key": ["puma10"],
          "Sort Method": "quicksort",
          "Sort Space Used": 41,
          "Sort Space Type": "Memory",
          "Plans": [
            {
              "Node Type": "Seq Scan",
              "Parent Relationship": "Outer",
              "Parallel Aware": false,
              "Relation Name": "jointable",
              "Alias": "jointable",
              "Startup Cost": 0.00,
              "Total Cost": 25243.51,
              "Plan Rows": 4123,
              "Plan Width": 4,
              "Actual Startup Time": 6.097,
              "Actual Total Time": 120.778,
              "Actual Rows": 352,
              "Actual Loops": 1,
              "Filter": "((agep >= 18) AND (agep <= 39) AND (relp = 6))",
              "Rows Removed by Filter": 1015334
            }
          ]
        }
      ]
    },
    "Planning Time": 0.102,
    "Triggers": [
    ],
    "Execution Time": 120.914
  }
]
