[
  {
    "Plan": {
      "Node Type": "Aggregate",
      "Strategy": "Hashed",
      "Partial Mode": "Simple",
      "Parallel Aware": false,
      "Startup Cost": 30403.81,
      "Total Cost": 30413.63,
      "Plan Rows": 982,
      "Plan Width": 4,
      "Actual Startup Time": 147.590,
      "Actual Total Time": 147.651,
      "Actual Rows": 602,
      "Actual Loops": 1,
      "Group Key": ["puma10"],
      "Plans": [
        {
          "Node Type": "Seq Scan",
          "Parent Relationship": "Outer",
          "Parallel Aware": false,
          "Relation Name": "jointable",
          "Alias": "jointable",
          "Startup Cost": 0.00,
          "Total Cost": 30321.93,
          "Plan Rows": 32749,
          "Plan Width": 4,
          "Actual Startup Time": 0.176,
          "Actual Total Time": 143.260,
          "Actual Rows": 31333,
          "Actual Loops": 1,
          "Filter": "((agep >= 18) AND (agep <= 114) AND (relp = 1) AND (sex = 1) AND (ten = 1))",
          "Rows Removed by Filter": 984353
        }
      ]
    },
    "Planning Time": 0.066,
    "Triggers": [
    ],
    "Execution Time": 147.685
  }
]
