[{"Triggers": [], "Planning Time": 41.617, "Plan": {"Partial Mode": "Simple", "Startup Cost": 146470.76, "Plan Width": 17, "Plans": [{"Startup Cost": 59762.01, "Plan Width": 17, "Plans": [{"Startup Cost": 59745.76, "Plan Width": 21, "Plans": [{"Startup Cost": 58104.76, "Plan Width": 8, "Plans": [{"Startup Cost": 2322.65, "Plan Width": 12, "Plans": [{"Startup Cost": 0.0, "Plan Width": 16, "Actual Total Time": 321.693, "Plan Rows": 2622557, "Total Cost": 76687.57, "Node Type": "Seq Scan", "Relation Name": "store_sales", "Alias": "store_sales", "Parallel Aware": false, "Actual Rows": 2485280, "Parent Relationship": "Outer", "Actual Startup Time": 0.029, "Actual Loops": 1}, {"Hash Buckets": 1024, "Startup Cost": 2318.11, "Plan Width": 4, "Plans": [{"Relation Name": "date_dim", "Startup Cost": 0.0, "Plan Width": 4, "Actual Total Time": 11.806, "Node Type": "Seq Scan", "Total Cost": 2318.11, "Plan Rows": 363, "Filter": "(d_year = 2001)", "Alias": "date_dim", "Parallel Aware": false, "Actual Rows": 365, "Parent Relationship": "Outer", "Actual Startup Time": 5.478, "Rows Removed by Filter": 72684, "Actual Loops": 1}], "Original Hash Buckets": 1024, "Hash Batches": 1, "Node Type": "Hash", "Total Cost": 2318.11, "Plan Rows": 363, "Actual Total Time": 11.854, "Parallel Aware": false, "Actual Rows": 365, "Parent Relationship": "Inner", "Peak Memory Usage": 21, "Actual Startup Time": 11.854, "Original Hash Batches": 1, "Actual Loops": 1}], "Plan Rows": 13032, "Total Cost": 88975.13, "Node Type": "Hash Join", "Join Type": "Inner", "Actual Total Time": 640.897, "Parallel Aware": false, "Actual Rows": 493018, "Parent Relationship": "Outer", "Hash Cond": "(store_sales.ss_sold_date_sk = date_dim.d_date_sk)", "Actual Startup Time": 11.932, "Actual Loops": 1}, {"Hash Buckets": 32768, "Startup Cost": 55442.0, "Plan Width": 4, "Plans": [{"Relation Name": "customer_demographics", "Startup Cost": 0.0, "Plan Width": 4, "Actual Total Time": 373.918, "Node Type": "Seq Scan", "Total Cost": 55442.0, "Plan Rows": 27209, "Filter": "((cd_gender = 'M'::bpchar) AND (cd_marital_status = 'M'::bpchar) AND (cd_education_status = '4 yr Degree'::bpchar))", "Alias": "customer_demographics", "Parallel Aware": false, "Actual Rows": 27440, "Parent Relationship": "Outer", "Actual Startup Time": 0.015, "Rows Removed by Filter": 1893360, "Actual Loops": 1}], "Original Hash Buckets": 32768, "Hash Batches": 1, "Node Type": "Hash", "Total Cost": 55442.0, "Plan Rows": 27209, "Actual Total Time": 382.779, "Parallel Aware": false, "Actual Rows": 27440, "Parent Relationship": "Inner", "Peak Memory Usage": 1221, "Actual Startup Time": 382.779, "Original Hash Batches": 1, "Actual Loops": 1}], "Plan Rows": 185, "Total Cost": 144807.96, "Node Type": "Hash Join", "Join Type": "Inner", "Actual Total Time": 1069.979, "Parallel Aware": false, "Actual Rows": 7620, "Parent Relationship": "Outer", "Hash Cond": "(store_sales.ss_cdemo_sk = customer_demographics.cd_demo_sk)", "Actual Startup Time": 394.805, "Actual Loops": 1}, {"Hash Buckets": 32768, "Startup Cost": 1416.0, "Plan Width": 21, "Plans": [{"Startup Cost": 0.0, "Plan Width": 21, "Actual Total Time": 3.871, "Plan Rows": 18000, "Total Cost": 1416.0, "Node Type": "Seq Scan", "Relation Name": "item", "Alias": "item", "Parallel Aware": false, "Actual Rows": 18000, "Parent Relationship": "Outer", "Actual Startup Time": 0.003, "Actual Loops": 1}], "Original Hash Buckets": 32768, "Hash Batches": 1, "Node Type": "Hash", "Total Cost": 1416.0, "Plan Rows": 18000, "Actual Total Time": 7.959, "Parallel Aware": false, "Actual Rows": 18000, "Parent Relationship": "Inner", "Peak Memory Usage": 1241, "Actual Startup Time": 7.959, "Original Hash Batches": 1, "Actual Loops": 1}], "Plan Rows": 185, "Total Cost": 146451.51, "Node Type": "Hash Join", "Join Type": "Inner", "Actual Total Time": 1081.795, "Parallel Aware": false, "Actual Rows": 7620, "Parent Relationship": "Outer", "Hash Cond": "(store_sales.ss_item_sk = item.i_item_sk)", "Actual Startup Time": 402.781, "Actual Loops": 1}, {"Hash Buckets": 1024, "Startup Cost": 12.5, "Plan Width": 4, "Plans": [{"Relation Name": "promotion", "Startup Cost": 0.0, "Plan Width": 4, "Actual Total Time": 0.081, "Node Type": "Seq Scan", "Total Cost": 12.5, "Plan Rows": 300, "Filter": "((p_channel_email = 'N'::bpchar) OR (p_channel_event = 'N'::bpchar))", "Alias": "promotion", "Parallel Aware": false, "Actual Rows": 299, "Parent Relationship": "Outer", "Actual Startup Time": 0.009, "Rows Removed by Filter": 1, "Actual Loops": 1}], "Original Hash Buckets": 1024, "Hash Batches": 1, "Node Type": "Hash", "Total Cost": 12.5, "Plan Rows": 300, "Actual Total Time": 0.118, "Parallel Aware": false, "Actual Rows": 299, "Parent Relationship": "Inner", "Peak Memory Usage": 19, "Actual Startup Time": 0.118, "Original Hash Batches": 1, "Actual Loops": 1}], "Plan Rows": 185, "Total Cost": 146470.3, "Node Type": "Hash Join", "Join Type": "Inner", "Actual Total Time": 1084.576, "Parallel Aware": false, "Actual Rows": 748908, "Parent Relationship": "Outer", "Hash Cond": "(store_sales.ss_promo_sk = promotion.p_promo_sk)", "Actual Startup Time": 402.915, "Actual Loops": 1}], "Node Type": "Aggregate", "Total Cost": 146472.61, "Strategy": "Hashed", "Actual Total Time": 1089.961, "Plan Rows": 185, "Parallel Aware": false, "Actual Rows": 101927, "Group Key": ["item.i_item_id"], "Actual Startup Time": 1089.331, "Actual Loops": 1}, "Execution Time": 1090.166}]