[{"Triggers": [], "Planning Time": 16.155, "Plan": {"Partial Mode": "Simple", "Startup Cost": 239893.91, "Plan Width": 22, "Plans": [{"Startup Cost": 2323.76, "Plan Width": 22, "Plans": [{"Startup Cost": 2322.65, "Plan Width": 8, "Plans": [{"Startup Cost": 0.0, "Plan Width": 8, "Actual Total Time": 1055.221, "Plan Rows": 11744888, "Total Cost": 191848.88, "Node Type": "Seq Scan", "Relation Name": "inventory", "Alias": "inventory", "Parallel Aware": false, "Actual Rows": 11745000, "Parent Relationship": "Outer", "Actual Startup Time": 0.043, "Actual Loops": 1}, {"Hash Buckets": 1024, "Startup Cost": 2318.11, "Plan Width": 8, "Plans": [{"Relation Name": "date_dim", "Startup Cost": 0.0, "Plan Width": 8, "Actual Total Time": 19.863, "Node Type": "Seq Scan", "Total Cost": 2318.11, "Plan Rows": 363, "Filter": "(d_year = 1999)", "Alias": "date_dim", "Parallel Aware": false, "Actual Rows": 365, "Parent Relationship": "Outer", "Actual Startup Time": 12.751, "Rows Removed by Filter": 72684, "Actual Loops": 1}], "Original Hash Buckets": 1024, "Hash Batches": 1, "Node Type": "Hash", "Total Cost": 2318.11, "Plan Rows": 363, "Actual Total Time": 19.998, "Parallel Aware": false, "Actual Rows": 365, "Parent Relationship": "Inner", "Peak Memory Usage": 23, "Actual Startup Time": 19.998, "Original Hash Batches": 1, "Actual Loops": 1}], "Plan Rows": 58363, "Total Cost": 238798.49, "Node Type": "Hash Join", "Join Type": "Inner", "Actual Total Time": 2392.124, "Parallel Aware": false, "Actual Rows": 2340000, "Parent Relationship": "Outer", "Hash Cond": "(inventory.inv_date_sk = date_dim.d_date_sk)", "Actual Startup Time": 415.089, "Actual Loops": 1}, {"Hash Buckets": 1024, "Startup Cost": 1.05, "Plan Width": 22, "Plans": [{"Startup Cost": 0.0, "Plan Width": 22, "Actual Total Time": 0.013, "Plan Rows": 5, "Total Cost": 1.05, "Node Type": "Seq Scan", "Relation Name": "warehouse", "Alias": "warehouse", "Parallel Aware": false, "Actual Rows": 5, "Parent Relationship": "Outer", "Actual Startup Time": 0.01, "Actual Loops": 1}], "Original Hash Buckets": 1024, "Hash Batches": 1, "Node Type": "Hash", "Total Cost": 1.05, "Plan Rows": 5, "Actual Total Time": 0.02, "Parallel Aware": false, "Actual Rows": 5, "Parent Relationship": "Inner", "Peak Memory Usage": 9, "Actual Startup Time": 0.02, "Original Hash Batches": 1, "Actual Loops": 1}], "Plan Rows": 58363, "Total Cost": 239602.09, "Node Type": "Hash Join", "Join Type": "Inner", "Actual Total Time": 2849.689, "Parallel Aware": false, "Actual Rows": 79560000, "Parent Relationship": "Outer", "Hash Cond": "(inventory.inv_warehouse_sk = warehouse.w_warehouse_sk)", "Actual Startup Time": 415.117, "Actual Loops": 1}], "Node Type": "Aggregate", "Total Cost": 239894.39, "Strategy": "Hashed", "Actual Total Time": 3314.34, "Plan Rows": 48, "Parallel Aware": false, "Actual Rows": 180, "Group Key": ["warehouse.w_warehouse_name", "date_dim.d_moy"], "Actual Startup Time": 3314.333, "Actual Loops": 1}, "Execution Time": 3314.407}]