[{"Triggers": [], "Planning Time": 37.747, "Plan": {"Partial Mode": "Simple", "Startup Cost": 33046.21, "Plan Width": 102, "Plans": [{"Startup Cost": 4145.51, "Plan Width": 102, "Plans": [{"Startup Cost": 2504.51, "Plan Width": 4, "Plans": [{"Startup Cost": 0.0, "Plan Width": 8, "Actual Total Time": 108.338, "Plan Rows": 719071, "Total Cost": 26118.71, "Node Type": "Seq Scan", "Relation Name": "web_sales", "Alias": "web_sales", "Parallel Aware": false, "Actual Rows": 648065, "Parent Relationship": "Outer", "Actual Startup Time": 0.036, "Actual Loops": 1}, {"Hash Buckets": 1024, "Startup Cost": 2500.73, "Plan Width": 4, "Plans": [{"Relation Name": "date_dim", "Startup Cost": 0.0, "Plan Width": 4, "Actual Total Time": 26.791, "Node Type": "Seq Scan", "Total Cost": 2500.73, "Plan Rows": 302, "Filter": "((d_month_seq >= 1211) AND (d_month_seq <= 1222))", "Alias": "date_dim", "Parallel Aware": false, "Actual Rows": 365, "Parent Relationship": "Outer", "Actual Startup Time": 13.717, "Rows Removed by Filter": 72684, "Actual Loops": 1}], "Original Hash Buckets": 1024, "Hash Batches": 1, "Node Type": "Hash", "Total Cost": 2500.73, "Plan Rows": 302, "Actual Total Time": 26.939, "Parallel Aware": false, "Actual Rows": 365, "Parent Relationship": "Inner", "Peak Memory Usage": 21, "Actual Startup Time": 26.939, "Original Hash Batches": 1, "Actual Loops": 1}], "Plan Rows": 2973, "Total Cost": 31349.47, "Node Type": "Hash Join", "Join Type": "Inner", "Actual Total Time": 219.364, "Parallel Aware": false, "Actual Rows": 131403, "Parent Relationship": "Outer", "Hash Cond": "(web_sales.ws_sold_date_sk = date_dim.d_date_sk)", "Actual Startup Time": 27.02, "Actual Loops": 1}, {"Hash Buckets": 32768, "Startup Cost": 1416.0, "Plan Width": 106, "Plans": [{"Startup Cost": 0.0, "Plan Width": 106, "Actual Total Time": 12.507, "Plan Rows": 18000, "Total Cost": 1416.0, "Node Type": "Seq Scan", "Relation Name": "item", "Alias": "item", "Parallel Aware": false, "Actual Rows": 18000, "Parent Relationship": "Outer", "Actual Startup Time": 0.013, "Actual Loops": 1}], "Original Hash Buckets": 32768, "Hash Batches": 1, "Node Type": "Hash", "Total Cost": 1416.0, "Plan Rows": 18000, "Actual Total Time": 22.332, "Parallel Aware": false, "Actual Rows": 18000, "Parent Relationship": "Inner", "Peak Memory Usage": 2713, "Actual Startup Time": 22.332, "Original Hash Batches": 1, "Actual Loops": 1}], "Plan Rows": 2973, "Total Cost": 33031.35, "Node Type": "Hash Join", "Join Type": "Inner", "Actual Total Time": 299.625, "Parallel Aware": false, "Actual Rows": 14330742, "Parent Relationship": "Outer", "Hash Cond": "(web_sales.ws_item_sk = item.i_item_sk)", "Actual Startup Time": 49.387, "Actual Loops": 1}], "Node Type": "Aggregate", "Total Cost": 33056.11, "Strategy": "Hashed", "Actual Total Time": 376.063, "Plan Rows": 990, "Parallel Aware": false, "Actual Rows": 186, "Group Key": ["item.i_category", "item.i_class"], "Actual Startup Time": 376.046, "Actual Loops": 1}, "Execution Time": 376.166}]