[{"Execution Time": 564.604, "Planning Time": 0.251, "Plan": {"Partial Mode": "Simple", "Startup Cost": 92462.23, "Plans": [{"Startup Cost": 5924.4, "Plans": [{"Startup Cost": 3984.67, "Plans": [{"Startup Cost": 2501.08, "Plans": [{"Startup Cost": 0.0, "Actual Rows": 2485280, "Node Type": "Seq Scan", "Plan Rows": 2622557, "Relation Name": "store_sales", "Alias": "store_sales", "Parallel Aware": false, "Actual Total Time": 304.863, "Parent Relationship": "Outer", "Actual Startup Time": 0.028, "Plan Width": 12, "Actual Loops": 1, "Total Cost": 76687.57}, {"Hash Buckets": 1024, "Startup Cost": 2500.73, "Plans": [{"Filter": "((d_year = 2000) AND (d_moy = 2))", "Startup Cost": 0.0, "Actual Rows": 29, "Node Type": "Seq Scan", "Plan Rows": 28, "Relation Name": "date_dim", "Alias": "date_dim", "Parallel Aware": false, "Actual Total Time": 10.286, "Parent Relationship": "Outer", "Actual Startup Time": 5.427, "Plan Width": 4, "Actual Loops": 1, "Rows Removed by Filter": 73020, "Total Cost": 2500.73}], "Original Hash Buckets": 1024, "Hash Batches": 1, "Actual Rows": 29, "Node Type": "Hash", "Plan Rows": 28, "Actual Startup Time": 10.296, "Parallel Aware": false, "Actual Total Time": 10.296, "Parent Relationship": "Inner", "Peak Memory Usage": 10, "Plan Width": 4, "Actual Loops": 1, "Original Hash Batches": 1, "Total Cost": 2500.73}], "Actual Rows": 23042, "Node Type": "Hash Join", "Plan Rows": 1005, "Join Type": "Inner", "Parallel Aware": false, "Actual Total Time": 531.529, "Hash Cond": "(store_sales.ss_sold_date_sk = date_dim.d_date_sk)", "Parent Relationship": "Outer", "Actual Startup Time": 10.453, "Plan Width": 8, "Actual Loops": 1, "Total Cost": 89033.29}, {"Hash Buckets": 2048, "Startup Cost": 1461.0, "Plans": [{"Filter": "(i_category = 'Home'::bpchar)", "Startup Cost": 0.0, "Actual Rows": 1807, "Node Type": "Seq Scan", "Plan Rows": 1807, "Relation Name": "item", "Alias": "item", "Parallel Aware": false, "Actual Total Time": 6.736, "Parent Relationship": "Outer", "Actual Startup Time": 0.098, "Plan Width": 8, "Actual Loops": 1, "Rows Removed by Filter": 16193, "Total Cost": 1461.0}], "Original Hash Buckets": 2048, "Hash Batches": 1, "Actual Rows": 1807, "Node Type": "Hash", "Plan Rows": 1807, "Actual Startup Time": 7.05, "Parallel Aware": false, "Actual Total Time": 7.05, "Parent Relationship": "Inner", "Peak Memory Usage": 87, "Plan Width": 8, "Actual Loops": 1, "Original Hash Batches": 1, "Total Cost": 1461.0}], "Actual Rows": 2242, "Node Type": "Hash Join", "Plan Rows": 101, "Join Type": "Inner", "Parallel Aware": false, "Actual Total Time": 543.821, "Hash Cond": "(store_sales.ss_item_sk = item.i_item_sk)", "Parent Relationship": "Outer", "Actual Startup Time": 17.766, "Plan Width": 8, "Actual Loops": 1, "Total Cost": 90521.66}, {"Hash Buckets": 32768, "Startup Cost": 1712.0, "Plans": [{"Filter": "(ca_gmt_offset = '-5'::numeric)", "Startup Cost": 0.0, "Actual Rows": 18246, "Node Type": "Seq Scan", "Plan Rows": 18218, "Relation Name": "customer_address", "Alias": "customer_address", "Parallel Aware": false, "Actual Total Time": 15.289, "Parent Relationship": "Outer", "Actual Startup Time": 0.006, "Plan Width": 4, "Actual Loops": 1, "Rows Removed by Filter": 31754, "Total Cost": 1712.0}], "Original Hash Buckets": 32768, "Hash Batches": 1, "Actual Rows": 18246, "Node Type": "Hash", "Plan Rows": 18218, "Actual Startup Time": 18.988, "Parallel Aware": false, "Actual Total Time": 18.988, "Parent Relationship": "Inner", "Peak Memory Usage": 898, "Plan Width": 4, "Actual Loops": 1, "Original Hash Batches": 1, "Total Cost": 1712.0}], "Actual Rows": 89596, "Node Type": "Hash Join", "Plan Rows": 37, "Join Type": "Inner", "Parallel Aware": false, "Actual Total Time": 563.689, "Hash Cond": "(store_sales.ss_addr_sk = customer_address.ca_address_sk)", "Parent Relationship": "Outer", "Actual Startup Time": 37.072, "Plan Width": 4, "Actual Loops": 1, "Total Cost": 92462.13}], "Actual Rows": 982, "Node Type": "Aggregate", "Strategy": "Hashed", "Plan Rows": 37, "Parallel Aware": false, "Actual Total Time": 564.545, "Group Key": ["item.i_manufact_id"], "Actual Startup Time": 564.472, "Plan Width": 4, "Actual Loops": 1, "Total Cost": 92462.6}, "Triggers": []}]