[{"Execution Time": 739.643, "Planning Time": 28.396, "Plan": {"Partial Mode": "Simple", "Startup Cost": 91782.11, "Plans": [{"Startup Cost": 4992.79, "Plans": [{"Startup Cost": 2780.79, "Plans": [{"Startup Cost": 2779.46, "Plans": [{"Startup Cost": 2595.96, "Plans": [{"Startup Cost": 0.0, "Actual Rows": 2485280, "Node Type": "Seq Scan", "Plan Rows": 2622557, "Relation Name": "store_sales", "Alias": "store_sales", "Parallel Aware": false, "Actual Total Time": 294.557, "Parent Relationship": "Outer", "Actual Startup Time": 0.026, "Plan Width": 20, "Actual Loops": 1, "Total Cost": 76687.57}, {"Hash Buckets": 1024, "Startup Cost": 2592.05, "Plans": [{"Filter": "((d_dow = ANY ('{6,0}'::integer[])) AND (d_year = ANY ('{2000,2001,2002}'::integer[])))", "Startup Cost": 0.0, "Actual Rows": 314, "Node Type": "Seq Scan", "Plan Rows": 313, "Relation Name": "date_dim", "Alias": "date_dim", "Parallel Aware": false, "Actual Total Time": 10.932, "Parent Relationship": "Outer", "Actual Startup Time": 5.5, "Plan Width": 4, "Actual Loops": 1, "Rows Removed by Filter": 72735, "Total Cost": 2592.05}], "Original Hash Buckets": 1024, "Hash Batches": 1, "Actual Rows": 314, "Node Type": "Hash", "Plan Rows": 313, "Actual Startup Time": 10.978, "Parallel Aware": false, "Actual Total Time": 10.978, "Parent Relationship": "Inner", "Peak Memory Usage": 20, "Plan Width": 4, "Actual Loops": 1, "Original Hash Batches": 1, "Total Cost": 2592.05}], "Actual Rows": 431300, "Node Type": "Hash Join", "Plan Rows": 11237, "Join Type": "Inner", "Parallel Aware": false, "Actual Total Time": 591.593, "Hash Cond": "(store_sales.ss_sold_date_sk = date_dim.d_date_sk)", "Parent Relationship": "Outer", "Actual Startup Time": 11.02, "Plan Width": 16, "Actual Loops": 1, "Total Cost": 89230.49}, {"Hash Buckets": 2048, "Startup Cost": 161.0, "Plans": [{"Filter": "((hd_dep_count = 8) OR (hd_vehicle_count = '-1'::integer))", "Startup Cost": 0.0, "Actual Rows": 1800, "Node Type": "Seq Scan", "Plan Rows": 1800, "Relation Name": "household_demographics", "Alias": "household_demographics", "Parallel Aware": false, "Actual Total Time": 1.061, "Parent Relationship": "Outer", "Actual Startup Time": 0.094, "Plan Width": 4, "Actual Loops": 1, "Rows Removed by Filter": 5400, "Total Cost": 161.0}], "Original Hash Buckets": 2048, "Hash Batches": 1, "Actual Rows": 1800, "Node Type": "Hash", "Plan Rows": 1800, "Actual Startup Time": 1.281, "Parallel Aware": false, "Actual Total Time": 1.281, "Parent Relationship": "Inner", "Peak Memory Usage": 80, "Plan Width": 4, "Actual Loops": 1, "Original Hash Batches": 1, "Total Cost": 161.0}], "Actual Rows": 106629, "Node Type": "Hash Join", "Plan Rows": 2809, "Join Type": "Inner", "Parallel Aware": false, "Actual Total Time": 645.548, "Hash Cond": "(store_sales.ss_hdemo_sk = household_demographics.hd_demo_sk)", "Parent Relationship": "Outer", "Actual Startup Time": 12.305, "Plan Width": 12, "Actual Loops": 1, "Total Cost": 89484.22}, {"Hash Buckets": 1024, "Startup Cost": 1.2, "Plans": [{"Filter": "((s_city)::text = ANY ('{Midway,Fairview,Fairview,Fairview,Fairview}'::text[]))", "Startup Cost": 0.0, "Actual Rows": 12, "Node Type": "Seq Scan", "Plan Rows": 11, "Relation Name": "store", "Alias": "store", "Parallel Aware": false, "Actual Total Time": 0.015, "Parent Relationship": "Outer", "Actual Startup Time": 0.01, "Plan Width": 4, "Actual Loops": 1, "Rows Removed by Filter": 0, "Total Cost": 1.2}], "Original Hash Buckets": 1024, "Hash Batches": 1, "Actual Rows": 12, "Node Type": "Hash", "Plan Rows": 11, "Actual Startup Time": 0.017, "Parallel Aware": false, "Actual Total Time": 0.017, "Parent Relationship": "Inner", "Peak Memory Usage": 9, "Plan Width": 4, "Actual Loops": 1, "Original Hash Batches": 1, "Total Cost": 1.2}], "Actual Rows": 106629, "Node Type": "Hash Join", "Plan Rows": 2575, "Join Type": "Inner", "Parallel Aware": false, "Actual Total Time": 667.074, "Hash Cond": "(store_sales.ss_store_sk = store.s_store_sk)", "Parent Relationship": "Outer", "Actual Startup Time": 12.33, "Plan Width": 8, "Actual Loops": 1, "Total Cost": 89521.83}, {"Hash Buckets": 65536, "Startup Cost": 1587.0, "Plans": [{"Startup Cost": 0.0, "Actual Rows": 50000, "Node Type": "Seq Scan", "Plan Rows": 50000, "Relation Name": "customer_address", "Alias": "customer_address", "Parallel Aware": false, "Actual Total Time": 7.687, "Parent Relationship": "Outer", "Actual Startup Time": 0.007, "Plan Width": 13, "Actual Loops": 1, "Total Cost": 1587.0}], "Original Hash Buckets": 65536, "Hash Batches": 1, "Actual Rows": 50000, "Node Type": "Hash", "Plan Rows": 50000, "Actual Startup Time": 15.386, "Parallel Aware": false, "Actual Total Time": 15.386, "Parent Relationship": "Inner", "Peak Memory Usage": 2807, "Plan Width": 13, "Actual Loops": 1, "Original Hash Batches": 1, "Total Cost": 1587.0}], "Actual Rows": 1879964, "Node Type": "Hash Join", "Plan Rows": 2575, "Join Type": "Inner", "Parallel Aware": false, "Actual Total Time": 708.296, "Hash Cond": "(store_sales.ss_addr_sk = customer_address.ca_address_sk)", "Parent Relationship": "Outer", "Actual Startup Time": 27.742, "Plan Width": 13, "Actual Loops": 1, "Total Cost": 91769.24}], "Actual Rows": 171158, "Node Type": "Aggregate", "Strategy": "Hashed", "Plan Rows": 2575, "Parallel Aware": false, "Actual Total Time": 739.249, "Group Key": ["store_sales.ss_ticket_number", "customer_address.ca_city"], "Actual Startup Time": 737.993, "Plan Width": 13, "Actual Loops": 1, "Total Cost": 91807.86}, "Triggers": []}]