[{"Triggers": [], "Planning Time": 0.204, "Plan": {"Partial Mode": "Simple", "Startup Cost": 90595.46, "Plan Width": 227, "Plans": [{"Startup Cost": 4051.97, "Plan Width": 227, "Plans": [{"Startup Cost": 2501.1, "Plan Width": 4, "Plans": [{"Startup Cost": 0.0, "Plan Width": 8, "Actual Total Time": 333.696, "Plan Rows": 2622557, "Total Cost": 76687.57, "Node Type": "Seq Scan", "Relation Name": "store_sales", "Alias": "store_sales", "Parallel Aware": false, "Actual Rows": 2485280, "Parent Relationship": "Outer", "Actual Startup Time": 0.04, "Actual Loops": 1}, {"Hash Buckets": 1024, "Startup Cost": 2500.73, "Plan Width": 4, "Plans": [{"Relation Name": "date_dim", "Startup Cost": 0.0, "Plan Width": 4, "Actual Total Time": 17.605, "Node Type": "Seq Scan", "Total Cost": 2500.73, "Plan Rows": 29, "Filter": "((d_date >= '1999-04-26'::date) AND (d_date <= '1999-05-26'::date))", "Alias": "date_dim", "Parallel Aware": false, "Actual Rows": 31, "Parent Relationship": "Outer", "Actual Startup Time": 8.571, "Rows Removed by Filter": 73018, "Actual Loops": 1}], "Original Hash Buckets": 1024, "Hash Batches": 1, "Node Type": "Hash", "Total Cost": 2500.73, "Plan Rows": 29, "Actual Total Time": 17.62, "Parallel Aware": false, "Actual Rows": 31, "Parent Relationship": "Inner", "Peak Memory Usage": 10, "Actual Startup Time": 17.62, "Original Hash Batches": 1, "Actual Loops": 1}], "Plan Rows": 1041, "Total Cost": 89033.67, "Node Type": "Hash Join", "Join Type": "Inner", "Actual Total Time": 584.735, "Parallel Aware": false, "Actual Rows": 24266, "Parent Relationship": "Outer", "Hash Cond": "(store_sales.ss_sold_date_sk = date_dim.d_date_sk)", "Actual Startup Time": 18.72, "Actual Loops": 1}, {"Hash Buckets": 8192, "Startup Cost": 1483.5, "Plan Width": 231, "Plans": [{"Relation Name": "item", "Startup Cost": 0.0, "Plan Width": 231, "Actual Total Time": 13.118, "Node Type": "Seq Scan", "Total Cost": 1483.5, "Plan Rows": 5390, "Filter": "(i_category = ANY ('{Music,Jewelry,Women}'::bpchar[]))", "Alias": "item", "Parallel Aware": false, "Actual Rows": 5390, "Parent Relationship": "Outer", "Actual Startup Time": 0.006, "Rows Removed by Filter": 12610, "Actual Loops": 1}], "Original Hash Buckets": 8192, "Hash Batches": 1, "Node Type": "Hash", "Total Cost": 1483.5, "Plan Rows": 5390, "Actual Total Time": 15.75, "Parallel Aware": false, "Actual Rows": 5390, "Parent Relationship": "Inner", "Peak Memory Usage": 1465, "Actual Startup Time": 15.75, "Original Hash Batches": 1, "Actual Loops": 1}], "Plan Rows": 312, "Total Cost": 90591.57, "Node Type": "Hash Join", "Join Type": "Inner", "Actual Total Time": 609.805, "Parallel Aware": false, "Actual Rows": 809486, "Parent Relationship": "Outer", "Hash Cond": "(store_sales.ss_item_sk = item.i_item_sk)", "Actual Startup Time": 34.479, "Actual Loops": 1}], "Node Type": "Aggregate", "Total Cost": 90598.58, "Strategy": "Hashed", "Actual Total Time": 621.7, "Plan Rows": 312, "Parallel Aware": false, "Actual Rows": 30542, "Group Key": ["item.i_item_id", "item.i_item_desc", "item.i_category", "item.i_class", "item.i_current_price"], "Actual Startup Time": 621.125, "Actual Loops": 1}, "Execution Time": 621.842}]