[{"Triggers": [], "Planning Time": 0.593, "Plan": {"Partial Mode": "Simple", "Startup Cost": 62689.09, "Plan Width": 70, "Plans": [{"Startup Cost": 5374.83, "Plan Width": 70, "Plans": [{"Startup Cost": 5373.71, "Plan Width": 8, "Plans": [{"Startup Cost": 2323.93, "Plan Width": 12, "Plans": [{"Startup Cost": 2322.65, "Plan Width": 16, "Plans": [{"Startup Cost": 0.0, "Plan Width": 16, "Actual Total Time": 181.397, "Plan Rows": 1427370, "Total Cost": 51844.7, "Node Type": "Seq Scan", "Relation Name": "catalog_sales", "Alias": "catalog_sales", "Parallel Aware": false, "Actual Rows": 1343425, "Parent Relationship": "Outer", "Actual Startup Time": 0.025, "Actual Loops": 1}, {"Hash Buckets": 1024, "Startup Cost": 2318.11, "Plan Width": 8, "Plans": [{"Relation Name": "date_dim", "Startup Cost": 0.0, "Plan Width": 8, "Actual Total Time": 9.561, "Node Type": "Seq Scan", "Total Cost": 2318.11, "Plan Rows": 363, "Filter": "(d_year = 1999)", "Alias": "date_dim", "Parallel Aware": false, "Actual Rows": 365, "Parent Relationship": "Outer", "Actual Startup Time": 5.197, "Rows Removed by Filter": 72684, "Actual Loops": 1}], "Original Hash Buckets": 1024, "Hash Batches": 1, "Node Type": "Hash", "Total Cost": 2318.11, "Plan Rows": 363, "Actual Total Time": 9.607, "Parallel Aware": false, "Actual Rows": 365, "Parent Relationship": "Inner", "Peak Memory Usage": 23, "Actual Startup Time": 9.607, "Original Hash Batches": 1, "Actual Loops": 1}], "Plan Rows": 7093, "Total Cost": 59590.92, "Node Type": "Hash Join", "Join Type": "Inner", "Actual Total Time": 351.729, "Parallel Aware": false, "Actual Rows": 268173, "Parent Relationship": "Outer", "Hash Cond": "(catalog_sales.cs_sold_date_sk = date_dim.d_date_sk)", "Actual Startup Time": 50.346, "Actual Loops": 1}, {"Hash Buckets": 1024, "Startup Cost": 1.25, "Plan Width": 4, "Plans": [{"Relation Name": "ship_mode", "Startup Cost": 0.0, "Plan Width": 4, "Actual Total Time": 0.011, "Node Type": "Seq Scan", "Total Cost": 1.25, "Plan Rows": 2, "Filter": "(sm_carrier = ANY ('{DIAMOND,ZOUROS}'::bpchar[]))", "Alias": "ship_mode", "Parallel Aware": false, "Actual Rows": 2, "Parent Relationship": "Outer", "Actual Startup Time": 0.008, "Rows Removed by Filter": 18, "Actual Loops": 1}], "Original Hash Buckets": 1024, "Hash Batches": 1, "Node Type": "Hash", "Total Cost": 1.25, "Plan Rows": 2, "Actual Total Time": 0.013, "Parallel Aware": false, "Actual Rows": 2, "Parent Relationship": "Inner", "Peak Memory Usage": 9, "Actual Startup Time": 0.013, "Original Hash Batches": 1, "Actual Loops": 1}], "Plan Rows": 709, "Total Cost": 59625.88, "Node Type": "Hash Join", "Join Type": "Inner", "Actual Total Time": 374.669, "Parallel Aware": false, "Actual Rows": 26759, "Parent Relationship": "Outer", "Hash Cond": "(catalog_sales.cs_ship_mode_sk = ship_mode.sm_ship_mode_sk)", "Actual Startup Time": 50.661, "Actual Loops": 1}, {"Hash Buckets": 32768, "Startup Cost": 2693.0, "Plan Width": 4, "Plans": [{"Relation Name": "time_dim", "Startup Cost": 0.0, "Plan Width": 4, "Actual Total Time": 12.594, "Node Type": "Seq Scan", "Total Cost": 2693.0, "Plan Rows": 28543, "Filter": "((t_time >= 46185) AND (t_time <= 74985))", "Alias": "time_dim", "Parallel Aware": false, "Actual Rows": 28801, "Parent Relationship": "Outer", "Actual Startup Time": 5.053, "Rows Removed by Filter": 57599, "Actual Loops": 1}], "Original Hash Buckets": 32768, "Hash Batches": 1, "Node Type": "Hash", "Total Cost": 2693.0, "Plan Rows": 28543, "Actual Total Time": 16.539, "Parallel Aware": false, "Actual Rows": 28801, "Parent Relationship": "Inner", "Peak Memory Usage": 1269, "Actual Startup Time": 16.539, "Original Hash Batches": 1, "Actual Loops": 1}], "Plan Rows": 234, "Total Cost": 62680.67, "Node Type": "Hash Join", "Join Type": "Inner", "Actual Total Time": 399.105, "Parallel Aware": false, "Actual Rows": 12047, "Parent Relationship": "Outer", "Hash Cond": "(catalog_sales.cs_sold_time_sk = time_dim.t_time_sk)", "Actual Startup Time": 83.955, "Actual Loops": 1}, {"Hash Buckets": 1024, "Startup Cost": 1.05, "Plan Width": 70, "Plans": [{"Startup Cost": 0.0, "Plan Width": 70, "Actual Total Time": 0.007, "Plan Rows": 5, "Total Cost": 1.05, "Node Type": "Seq Scan", "Relation Name": "warehouse", "Alias": "warehouse", "Parallel Aware": false, "Actual Rows": 5, "Parent Relationship": "Outer", "Actual Startup Time": 0.005, "Actual Loops": 1}], "Original Hash Buckets": 1024, "Hash Batches": 1, "Node Type": "Hash", "Total Cost": 1.05, "Plan Rows": 5, "Actual Total Time": 0.013, "Parallel Aware": false, "Actual Rows": 5, "Parent Relationship": "Inner", "Peak Memory Usage": 9, "Actual Startup Time": 0.012, "Original Hash Batches": 1, "Actual Loops": 1}], "Plan Rows": 234, "Total Cost": 62685.0, "Node Type": "Hash Join", "Join Type": "Inner", "Actual Total Time": 402.483, "Parallel Aware": false, "Actual Rows": 2550734, "Parent Relationship": "Outer", "Hash Cond": "(catalog_sales.cs_warehouse_sk = warehouse.w_warehouse_sk)", "Actual Startup Time": 83.973, "Actual Loops": 1}], "Node Type": "Aggregate", "Total Cost": 62691.43, "Strategy": "Hashed", "Actual Total Time": 410.015, "Plan Rows": 234, "Parallel Aware": false, "Actual Rows": 15, "Group Key": ["warehouse.w_warehouse_name", "warehouse.w_warehouse_sq_ft", "warehouse.w_city", "warehouse.w_county", "warehouse.w_state", "warehouse.w_country", "date_dim.d_year"], "Actual Startup Time": 410.013, "Actual Loops": 1}, "Execution Time": 410.085}]