[{"Triggers": [], "Planning Time": 0.263, "Plan": {"Partial Mode": "Simple", "Startup Cost": 92017.49, "Plan Width": 123, "Plans": [{"Startup Cost": 4696.17, "Plan Width": 123, "Plans": [{"Startup Cost": 4694.9, "Plan Width": 114, "Plans": [{"Startup Cost": 3053.9, "Plan Width": 16, "Plans": [{"Startup Cost": 0.0, "Plan Width": 12, "Actual Total Time": 337.381, "Plan Rows": 2622557, "Total Cost": 76687.57, "Node Type": "Seq Scan", "Relation Name": "store_sales", "Alias": "store_sales", "Parallel Aware": false, "Actual Rows": 2485280, "Parent Relationship": "Outer", "Actual Startup Time": 0.045, "Actual Loops": 1}, {"Hash Buckets": 1024, "Startup Cost": 3048.6, "Plan Width": 12, "Plans": [{"Relation Name": "date_dim", "Startup Cost": 0.0, "Plan Width": 12, "Actual Total Time": 18.816, "Node Type": "Seq Scan", "Total Cost": 3048.6, "Plan Rows": 424, "Filter": "((d_year = 2000) OR ((d_year = 1999) AND (d_moy = 12)) OR ((d_year = 2001) AND (d_moy = 1)))", "Alias": "date_dim", "Parallel Aware": false, "Actual Rows": 428, "Parent Relationship": "Outer", "Actual Startup Time": 10.728, "Rows Removed by Filter": 72621, "Actual Loops": 1}], "Original Hash Buckets": 1024, "Hash Batches": 1, "Node Type": "Hash", "Total Cost": 3048.6, "Plan Rows": 424, "Actual Total Time": 18.881, "Parallel Aware": false, "Actual Rows": 428, "Parent Relationship": "Inner", "Peak Memory Usage": 27, "Actual Startup Time": 18.881, "Original Hash Batches": 1, "Actual Loops": 1}], "Plan Rows": 15222, "Total Cost": 89728.28, "Node Type": "Hash Join", "Join Type": "Inner", "Actual Total Time": 711.862, "Parallel Aware": false, "Actual Rows": 613131, "Parent Relationship": "Outer", "Hash Cond": "(store_sales.ss_sold_date_sk = date_dim.d_date_sk)", "Actual Startup Time": 18.955, "Actual Loops": 1}, {"Hash Buckets": 32768, "Startup Cost": 1416.0, "Plan Width": 106, "Plans": [{"Startup Cost": 0.0, "Plan Width": 106, "Actual Total Time": 5.29, "Plan Rows": 18000, "Total Cost": 1416.0, "Node Type": "Seq Scan", "Relation Name": "item", "Alias": "item", "Parallel Aware": false, "Actual Rows": 18000, "Parent Relationship": "Outer", "Actual Startup Time": 0.002, "Actual Loops": 1}], "Original Hash Buckets": 32768, "Hash Batches": 1, "Node Type": "Hash", "Total Cost": 1416.0, "Plan Rows": 18000, "Actual Total Time": 8.674, "Parallel Aware": false, "Actual Rows": 18000, "Parent Relationship": "Inner", "Peak Memory Usage": 2713, "Actual Startup Time": 8.674, "Original Hash Batches": 1, "Actual Loops": 1}], "Plan Rows": 15222, "Total Cost": 91578.58, "Node Type": "Hash Join", "Join Type": "Inner", "Actual Total Time": 987.268, "Parallel Aware": false, "Actual Rows": 613131, "Parent Relationship": "Outer", "Hash Cond": "(store_sales.ss_item_sk = item.i_item_sk)", "Actual Startup Time": 27.643, "Actual Loops": 1}, {"Hash Buckets": 1024, "Startup Cost": 1.12, "Plan Width": 17, "Plans": [{"Startup Cost": 0.0, "Plan Width": 17, "Actual Total Time": 0.005, "Plan Rows": 12, "Total Cost": 1.12, "Node Type": "Seq Scan", "Relation Name": "store", "Alias": "store", "Parallel Aware": false, "Actual Rows": 12, "Parent Relationship": "Outer", "Actual Startup Time": 0.004, "Actual Loops": 1}], "Original Hash Buckets": 1024, "Hash Batches": 1, "Node Type": "Hash", "Total Cost": 1.12, "Plan Rows": 12, "Actual Total Time": 0.011, "Parallel Aware": false, "Actual Rows": 12, "Parent Relationship": "Inner", "Peak Memory Usage": 9, "Actual Startup Time": 0.011, "Original Hash Batches": 1, "Actual Loops": 1}], "Plan Rows": 15222, "Total Cost": 91789.16, "Node Type": "Hash Join", "Join Type": "Inner", "Actual Total Time": 1130.574, "Parallel Aware": false, "Actual Rows": 65916233, "Parent Relationship": "Outer", "Hash Cond": "(store_sales.ss_store_sk = store.s_store_sk)", "Actual Startup Time": 27.657, "Actual Loops": 1}], "Node Type": "Aggregate", "Total Cost": 92169.71, "Strategy": "Hashed", "Actual Total Time": 1772.598, "Plan Rows": 15222, "Parallel Aware": false, "Actual Rows": 155807, "Group Key": ["item.i_category", "item.i_brand", "store.s_store_name", "store.s_company_name", "date_dim.d_year", "date_dim.d_moy"], "Actual Startup Time": 1754.223, "Actual Loops": 1}, "Execution Time": 1774.758}]