[{"Execution Time": 70.908, "Planning Time": 27.092, "Plan": {"Partial Mode": "Simple", "Startup Cost": 7090.39, "Plans": [{"Startup Cost": 2212.0, "Plans": [{"Filter": "(c_preferred_cust_flag = 'Y'::bpchar)", "Startup Cost": 0.0, "Actual Rows": 46069, "Node Type": "Seq Scan", "Plan Rows": 47593, "Relation Name": "customer", "Alias": "customer", "Parallel Aware": false, "Actual Total Time": 20.972, "Parent Relationship": "Outer", "Actual Startup Time": 0.01, "Plan Width": 4, "Actual Loops": 1, "Rows Removed by Filter": 48667, "Total Cost": 4105.0}, {"Hash Buckets": 65536, "Startup Cost": 1587.0, "Plans": [{"Startup Cost": 0.0, "Actual Rows": 50000, "Node Type": "Seq Scan", "Plan Rows": 50000, "Relation Name": "customer_address", "Alias": "customer_address", "Parallel Aware": false, "Actual Total Time": 10.569, "Parent Relationship": "Outer", "Actual Startup Time": 0.005, "Plan Width": 15, "Actual Loops": 1, "Total Cost": 1587.0}], "Original Hash Buckets": 65536, "Hash Batches": 1, "Actual Rows": 50000, "Node Type": "Hash", "Plan Rows": 50000, "Actual Startup Time": 20.415, "Parallel Aware": false, "Actual Total Time": 20.415, "Parent Relationship": "Inner", "Peak Memory Usage": 2838, "Plan Width": 15, "Actual Loops": 1, "Original Hash Batches": 1, "Total Cost": 1587.0}], "Actual Rows": 945414, "Node Type": "Hash Join", "Plan Rows": 47593, "Join Type": "Inner", "Parallel Aware": false, "Actual Total Time": 58.054, "Hash Cond": "(customer.c_current_addr_sk = customer_address.ca_address_sk)", "Parent Relationship": "Outer", "Actual Startup Time": 20.458, "Plan Width": 11, "Actual Loops": 1, "Total Cost": 6971.4}], "Actual Rows": 6890, "Node Type": "Aggregate", "Strategy": "Hashed", "Plan Rows": 3196, "Parallel Aware": false, "Actual Total Time": 69.809, "Group Key": ["customer_address.ca_zip"], "Actual Startup Time": 68.429, "Plan Width": 11, "Actual Loops": 1, "Total Cost": 7122.35}, "Triggers": []}]