[{"Execution Time": 207.356, "Planning Time": 0.209, "Plan": {"Partial Mode": "Simple", "Startup Cost": 32873.97, "Plans": [{"Startup Cost": 4052.48, "Plans": [{"Startup Cost": 2501.12, "Plans": [{"Startup Cost": 0.0, "Actual Rows": 648065, "Node Type": "Seq Scan", "Plan Rows": 719071, "Relation Name": "web_sales", "Alias": "web_sales", "Parallel Aware": false, "Actual Total Time": 98.125, "Parent Relationship": "Outer", "Actual Startup Time": 0.048, "Plan Width": 8, "Actual Loops": 1, "Total Cost": 26118.71}, {"Hash Buckets": 1024, "Startup Cost": 2500.73, "Plans": [{"Filter": "((d_date >= '2002-04-01'::date) AND (d_date <= '2002-05-01'::date))", "Startup Cost": 0.0, "Actual Rows": 31, "Node Type": "Seq Scan", "Plan Rows": 31, "Relation Name": "date_dim", "Alias": "date_dim", "Parallel Aware": false, "Actual Total Time": 18.407, "Parent Relationship": "Outer", "Actual Startup Time": 6.902, "Plan Width": 4, "Actual Loops": 1, "Rows Removed by Filter": 73018, "Total Cost": 2500.73}], "Original Hash Buckets": 1024, "Hash Batches": 1, "Actual Rows": 31, "Node Type": "Hash", "Plan Rows": 31, "Actual Startup Time": 18.419, "Parallel Aware": false, "Actual Total Time": 18.419, "Parent Relationship": "Inner", "Peak Memory Usage": 10, "Plan Width": 4, "Actual Loops": 1, "Original Hash Batches": 1, "Total Cost": 2500.73}], "Actual Rows": 6495, "Node Type": "Hash Join", "Plan Rows": 305, "Join Type": "Inner", "Parallel Aware": false, "Actual Total Time": 176.565, "Hash Cond": "(web_sales.ws_sold_date_sk = date_dim.d_date_sk)", "Parent Relationship": "Outer", "Actual Startup Time": 18.563, "Plan Width": 4, "Actual Loops": 1, "Total Cost": 31319.4}, {"Hash Buckets": 8192, "Startup Cost": 1483.5, "Plans": [{"Filter": "(i_category = ANY ('{Children,Sports,Music}'::bpchar[]))", "Startup Cost": 0.0, "Actual Rows": 5429, "Node Type": "Seq Scan", "Plan Rows": 5429, "Relation Name": "item", "Alias": "item", "Parallel Aware": false, "Actual Total Time": 20.131, "Parent Relationship": "Outer", "Actual Startup Time": 0.008, "Plan Width": 231, "Actual Loops": 1, "Rows Removed by Filter": 12571, "Total Cost": 1483.5}], "Original Hash Buckets": 8192, "Hash Batches": 1, "Actual Rows": 5429, "Node Type": "Hash", "Plan Rows": 5429, "Actual Startup Time": 24.963, "Parallel Aware": false, "Actual Total Time": 24.963, "Parent Relationship": "Inner", "Peak Memory Usage": 1482, "Plan Width": 231, "Actual Loops": 1, "Original Hash Batches": 1, "Total Cost": 1483.5}], "Actual Rows": 211352, "Node Type": "Hash Join", "Plan Rows": 92, "Join Type": "Inner", "Parallel Aware": false, "Actual Total Time": 204.055, "Hash Cond": "(web_sales.ws_item_sk = item.i_item_sk)", "Parent Relationship": "Outer", "Actual Startup Time": 43.535, "Plan Width": 227, "Actual Loops": 1, "Total Cost": 32872.82}], "Actual Rows": 30457, "Node Type": "Aggregate", "Strategy": "Hashed", "Plan Rows": 92, "Parallel Aware": false, "Actual Total Time": 207.255, "Group Key": ["item.i_item_id", "item.i_item_desc", "item.i_category", "item.i_class", "item.i_current_price"], "Actual Startup Time": 206.937, "Plan Width": 227, "Actual Loops": 1, "Total Cost": 32874.89}, "Triggers": []}]