[{"Triggers": [], "Planning Time": 0.215, "Plan": {"Partial Mode": "Simple", "Startup Cost": 61262.19, "Plan Width": 227, "Plans": [{"Startup Cost": 4053.16, "Plan Width": 227, "Plans": [{"Startup Cost": 2501.1, "Plan Width": 4, "Plans": [{"Startup Cost": 0.0, "Plan Width": 8, "Actual Total Time": 191.291, "Plan Rows": 1427370, "Total Cost": 51844.7, "Node Type": "Seq Scan", "Relation Name": "catalog_sales", "Alias": "catalog_sales", "Parallel Aware": false, "Actual Rows": 1343425, "Parent Relationship": "Outer", "Actual Startup Time": 0.023, "Actual Loops": 1}, {"Hash Buckets": 1024, "Startup Cost": 2500.73, "Plan Width": 4, "Plans": [{"Relation Name": "date_dim", "Startup Cost": 0.0, "Plan Width": 4, "Actual Total Time": 8.171, "Node Type": "Seq Scan", "Total Cost": 2500.73, "Plan Rows": 29, "Filter": "((d_date >= '1999-06-03'::date) AND (d_date <= '1999-07-03'::date))", "Alias": "date_dim", "Parallel Aware": false, "Actual Rows": 31, "Parent Relationship": "Outer", "Actual Startup Time": 3.63, "Rows Removed by Filter": 73018, "Actual Loops": 1}], "Original Hash Buckets": 1024, "Hash Batches": 1, "Node Type": "Hash", "Total Cost": 2500.73, "Plan Rows": 29, "Actual Total Time": 8.175, "Parallel Aware": false, "Actual Rows": 31, "Parent Relationship": "Inner", "Peak Memory Usage": 10, "Actual Startup Time": 8.175, "Original Hash Batches": 1, "Actual Loops": 1}], "Plan Rows": 567, "Total Cost": 59704.1, "Node Type": "Hash Join", "Join Type": "Inner", "Actual Total Time": 319.961, "Parallel Aware": false, "Actual Rows": 13401, "Parent Relationship": "Outer", "Hash Cond": "(catalog_sales.cs_sold_date_sk = date_dim.d_date_sk)", "Actual Startup Time": 70.377, "Actual Loops": 1}, {"Hash Buckets": 8192, "Startup Cost": 1483.5, "Plan Width": 231, "Plans": [{"Relation Name": "item", "Startup Cost": 0.0, "Plan Width": 231, "Actual Total Time": 7.519, "Node Type": "Seq Scan", "Total Cost": 1483.5, "Plan Rows": 5485, "Filter": "(i_category = ANY ('{Shoes,Women,Music}'::bpchar[]))", "Alias": "item", "Parallel Aware": false, "Actual Rows": 5485, "Parent Relationship": "Outer", "Actual Startup Time": 0.008, "Rows Removed by Filter": 12515, "Actual Loops": 1}], "Original Hash Buckets": 8192, "Hash Batches": 1, "Node Type": "Hash", "Total Cost": 1483.5, "Plan Rows": 5485, "Actual Total Time": 8.907, "Parallel Aware": false, "Actual Rows": 5485, "Parent Relationship": "Inner", "Peak Memory Usage": 1496, "Actual Startup Time": 8.906, "Original Hash Batches": 1, "Actual Loops": 1}], "Plan Rows": 173, "Total Cost": 61260.02, "Node Type": "Hash Join", "Join Type": "Inner", "Actual Total Time": 331.477, "Parallel Aware": false, "Actual Rows": 846392, "Parent Relationship": "Outer", "Hash Cond": "(catalog_sales.cs_item_sk = item.i_item_sk)", "Actual Startup Time": 79.545, "Actual Loops": 1}], "Node Type": "Aggregate", "Total Cost": 61263.92, "Strategy": "Hashed", "Actual Total Time": 335.043, "Plan Rows": 173, "Parallel Aware": false, "Actual Rows": 30673, "Group Key": ["item.i_item_id", "item.i_item_desc", "item.i_category", "item.i_class", "item.i_current_price"], "Actual Startup Time": 334.587, "Actual Loops": 1}, "Execution Time": 335.15}]