[{"Triggers": [], "Planning Time": 0.268, "Plan": {"Partial Mode": "Simple", "Startup Cost": 92464.05, "Plan Width": 17, "Plans": [{"Startup Cost": 5926.4, "Plan Width": 17, "Plans": [{"Startup Cost": 3986.67, "Plan Width": 21, "Plans": [{"Startup Cost": 2501.12, "Plan Width": 8, "Plans": [{"Startup Cost": 0.0, "Plan Width": 12, "Actual Total Time": 289.499, "Plan Rows": 2622557, "Total Cost": 76687.57, "Node Type": "Seq Scan", "Relation Name": "store_sales", "Alias": "store_sales", "Parallel Aware": false, "Actual Rows": 2485280, "Parent Relationship": "Outer", "Actual Startup Time": 0.042, "Actual Loops": 1}, {"Hash Buckets": 1024, "Startup Cost": 2500.73, "Plan Width": 4, "Plans": [{"Relation Name": "date_dim", "Startup Cost": 0.0, "Plan Width": 4, "Actual Total Time": 19.052, "Node Type": "Seq Scan", "Total Cost": 2500.73, "Plan Rows": 31, "Filter": "((d_year = 1998) AND (d_moy = 1))", "Alias": "date_dim", "Parallel Aware": false, "Actual Rows": 31, "Parent Relationship": "Outer", "Actual Startup Time": 9.689, "Rows Removed by Filter": 73018, "Actual Loops": 1}], "Original Hash Buckets": 1024, "Hash Batches": 1, "Node Type": "Hash", "Total Cost": 2500.73, "Plan Rows": 31, "Actual Total Time": 19.065, "Parallel Aware": false, "Actual Rows": 31, "Parent Relationship": "Inner", "Peak Memory Usage": 10, "Actual Startup Time": 19.065, "Original Hash Batches": 1, "Actual Loops": 1}], "Plan Rows": 1113, "Total Cost": 89034.41, "Node Type": "Hash Join", "Join Type": "Inner", "Actual Total Time": 511.646, "Parallel Aware": false, "Actual Rows": 23705, "Parent Relationship": "Outer", "Hash Cond": "(store_sales.ss_sold_date_sk = date_dim.d_date_sk)", "Actual Startup Time": 19.317, "Actual Loops": 1}, {"Hash Buckets": 1024, "Startup Cost": 1483.5, "Plan Width": 21, "Plans": [{"Relation Name": "item", "Startup Cost": 0.0, "Plan Width": 21, "Actual Total Time": 6.486, "Node Type": "Seq Scan", "Total Cost": 1483.5, "Plan Rows": 164, "Filter": "(i_color = ANY ('{almond,dodger,dim}'::bpchar[]))", "Alias": "item", "Parallel Aware": false, "Actual Rows": 164, "Parent Relationship": "Outer", "Actual Startup Time": 0.057, "Rows Removed by Filter": 17836, "Actual Loops": 1}], "Original Hash Buckets": 1024, "Hash Batches": 1, "Node Type": "Hash", "Total Cost": 1483.5, "Plan Rows": 164, "Actual Total Time": 6.537, "Parallel Aware": false, "Actual Rows": 164, "Parent Relationship": "Inner", "Peak Memory Usage": 17, "Actual Startup Time": 6.537, "Original Hash Batches": 1, "Actual Loops": 1}], "Plan Rows": 10, "Total Cost": 90524.24, "Node Type": "Hash Join", "Join Type": "Inner", "Actual Total Time": 520.938, "Parallel Aware": false, "Actual Rows": 193, "Parent Relationship": "Outer", "Hash Cond": "(store_sales.ss_item_sk = item.i_item_sk)", "Actual Startup Time": 26.286, "Actual Loops": 1}, {"Hash Buckets": 32768, "Startup Cost": 1712.0, "Plan Width": 4, "Plans": [{"Relation Name": "customer_address", "Startup Cost": 0.0, "Plan Width": 4, "Actual Total Time": 10.776, "Node Type": "Seq Scan", "Total Cost": 1712.0, "Plan Rows": 18218, "Filter": "(ca_gmt_offset = '-5'::numeric)", "Alias": "customer_address", "Parallel Aware": false, "Actual Rows": 18246, "Parent Relationship": "Outer", "Actual Startup Time": 0.006, "Rows Removed by Filter": 31754, "Actual Loops": 1}], "Original Hash Buckets": 32768, "Hash Batches": 1, "Node Type": "Hash", "Total Cost": 1712.0, "Plan Rows": 18218, "Actual Total Time": 12.95, "Parallel Aware": false, "Actual Rows": 18246, "Parent Relationship": "Inner", "Peak Memory Usage": 898, "Actual Startup Time": 12.95, "Original Hash Batches": 1, "Actual Loops": 1}], "Plan Rows": 4, "Total Cost": 92464.04, "Node Type": "Hash Join", "Join Type": "Inner", "Actual Total Time": 534.044, "Parallel Aware": false, "Actual Rows": 7123, "Parent Relationship": "Outer", "Hash Cond": "(store_sales.ss_addr_sk = customer_address.ca_address_sk)", "Actual Startup Time": 39.249, "Actual Loops": 1}], "Node Type": "Aggregate", "Total Cost": 92464.09, "Strategy": "Hashed", "Actual Total Time": 534.241, "Plan Rows": 4, "Parallel Aware": false, "Actual Rows": 774, "Group Key": ["item.i_item_id"], "Actual Startup Time": 534.228, "Actual Loops": 1}, "Execution Time": 534.281}]