[{"Triggers": [], "Planning Time": 0.487, "Plan": {"Partial Mode": "Simple", "Startup Cost": 89545.06, "Plan Width": 4, "Plans": [{"Startup Cost": 2974.22, "Plan Width": 4, "Plans": [{"Startup Cost": 2972.89, "Plan Width": 8, "Plans": [{"Startup Cost": 2775.56, "Plan Width": 12, "Plans": [{"Startup Cost": 0.0, "Plan Width": 16, "Actual Total Time": 295.684, "Plan Rows": 2622557, "Total Cost": 76687.57, "Node Type": "Seq Scan", "Relation Name": "store_sales", "Alias": "store_sales", "Parallel Aware": false, "Actual Rows": 2485280, "Parent Relationship": "Outer", "Actual Startup Time": 0.041, "Actual Loops": 1}, {"Hash Buckets": 1024, "Startup Cost": 2774.67, "Plan Width": 4, "Plans": [{"Relation Name": "date_dim", "Startup Cost": 0.0, "Plan Width": 4, "Actual Total Time": 14.856, "Node Type": "Seq Scan", "Total Cost": 2774.67, "Plan Rows": 71, "Filter": "((d_dom >= 1) AND (d_dom <= 2) AND (d_year = ANY ('{1998,1999,2000}'::integer[])))", "Alias": "date_dim", "Parallel Aware": false, "Actual Rows": 72, "Parent Relationship": "Outer", "Actual Startup Time": 7.581, "Rows Removed by Filter": 72977, "Actual Loops": 1}], "Original Hash Buckets": 1024, "Hash Batches": 1, "Node Type": "Hash", "Total Cost": 2774.67, "Plan Rows": 71, "Actual Total Time": 14.882, "Parallel Aware": false, "Actual Rows": 72, "Parent Relationship": "Inner", "Peak Memory Usage": 11, "Actual Startup Time": 14.882, "Original Hash Batches": 1, "Actual Loops": 1}], "Plan Rows": 2549, "Total Cost": 89323.21, "Node Type": "Hash Join", "Join Type": "Inner", "Actual Total Time": 537.07, "Parallel Aware": false, "Actual Rows": 95483, "Parent Relationship": "Outer", "Hash Cond": "(store_sales.ss_sold_date_sk = date_dim.d_date_sk)", "Actual Startup Time": 14.989, "Actual Loops": 1}, {"Hash Buckets": 2048, "Startup Cost": 179.0, "Plan Width": 4, "Plans": [{"Relation Name": "household_demographics", "Startup Cost": 0.0, "Plan Width": 4, "Actual Total Time": 3.049, "Node Type": "Seq Scan", "Total Cost": 179.0, "Plan Rows": 1467, "Filter": "((hd_vehicle_count > 0) AND ((hd_buy_potential = 'gt10000'::bpchar) OR (hd_buy_potential = 'from5001to10000'::bpchar)))", "Alias": "household_demographics", "Parallel Aware": false, "Actual Rows": 1600, "Parent Relationship": "Outer", "Actual Startup Time": 0.281, "Rows Removed by Filter": 5600, "Actual Loops": 1}], "Original Hash Buckets": 2048, "Hash Batches": 1, "Node Type": "Hash", "Total Cost": 179.0, "Plan Rows": 1467, "Actual Total Time": 3.457, "Parallel Aware": false, "Actual Rows": 1600, "Parent Relationship": "Inner", "Peak Memory Usage": 73, "Actual Startup Time": 3.457, "Original Hash Batches": 1, "Actual Loops": 1}], "Plan Rows": 519, "Total Cost": 89535.29, "Node Type": "Hash Join", "Join Type": "Inner", "Actual Total Time": 552.834, "Parallel Aware": false, "Actual Rows": 21189, "Parent Relationship": "Outer", "Hash Cond": "(store_sales.ss_hdemo_sk = household_demographics.hd_demo_sk)", "Actual Startup Time": 19.134, "Actual Loops": 1}, {"Hash Buckets": 1024, "Startup Cost": 1.18, "Plan Width": 4, "Plans": [{"Relation Name": "store", "Startup Cost": 0.0, "Plan Width": 4, "Actual Total Time": 0.018, "Node Type": "Seq Scan", "Total Cost": 1.18, "Plan Rows": 12, "Filter": "((s_county)::text = ANY ('{\"Williamson County\",\"Williamson County\",\"Williamson County\",\"Williamson County\"}'::text[]))", "Alias": "store", "Parallel Aware": false, "Actual Rows": 12, "Parent Relationship": "Outer", "Actual Startup Time": 0.012, "Rows Removed by Filter": 0, "Actual Loops": 1}], "Original Hash Buckets": 1024, "Hash Batches": 1, "Node Type": "Hash", "Total Cost": 1.18, "Plan Rows": 12, "Actual Total Time": 0.026, "Parallel Aware": false, "Actual Rows": 12, "Parent Relationship": "Inner", "Peak Memory Usage": 9, "Actual Startup Time": 0.026, "Original Hash Batches": 1, "Actual Loops": 1}], "Plan Rows": 519, "Total Cost": 89543.76, "Node Type": "Hash Join", "Join Type": "Inner", "Actual Total Time": 557.61, "Parallel Aware": false, "Actual Rows": 0, "Parent Relationship": "Outer", "Hash Cond": "(store_sales.ss_store_sk = store.s_store_sk)", "Actual Startup Time": 19.166, "Actual Loops": 1}], "Node Type": "Aggregate", "Total Cost": 89550.25, "Strategy": "Hashed", "Actual Total Time": 562.521, "Plan Rows": 519, "Parallel Aware": false, "Actual Rows": 0, "Group Key": ["store_sales.ss_ticket_number"], "Actual Startup Time": 562.297, "Actual Loops": 1}, "Execution Time": 562.636}]