[{"Triggers": [], "Planning Time": 0.281, "Plan": {"Partial Mode": "Simple", "Startup Cost": 64167.89, "Plan Width": 56, "Plans": [{"Startup Cost": 59834.62, "Plan Width": 56, "Plans": [{"Startup Cost": 0.0, "Plan Width": 56, "Actual Total Time": 10.225, "Plan Rows": 100000, "Total Cost": 3855.0, "Node Type": "Seq Scan", "Relation Name": "customer", "Alias": "customer", "Parallel Aware": false, "Actual Rows": 94736, "Parent Relationship": "Outer", "Actual Startup Time": 0.006, "Actual Loops": 1}, {"Hash Buckets": 131072, "Startup Cost": 59760.86, "Plan Width": 8, "Plans": [{"Startup Cost": 2504.51, "Plan Width": 8, "Plans": [{"Startup Cost": 0.0, "Plan Width": 8, "Actual Total Time": 183.103, "Plan Rows": 1427370, "Total Cost": 51844.7, "Node Type": "Seq Scan", "Relation Name": "catalog_sales", "Alias": "catalog_sales", "Parallel Aware": false, "Actual Rows": 1343425, "Parent Relationship": "Outer", "Actual Startup Time": 0.039, "Actual Loops": 1}, {"Hash Buckets": 1024, "Startup Cost": 2500.73, "Plan Width": 8, "Plans": [{"Relation Name": "date_dim", "Startup Cost": 0.0, "Plan Width": 8, "Actual Total Time": 14.126, "Node Type": "Seq Scan", "Total Cost": 2500.73, "Plan Rows": 302, "Filter": "((d_month_seq >= 1214) AND (d_month_seq <= 1225))", "Alias": "date_dim", "Parallel Aware": false, "Actual Rows": 365, "Parent Relationship": "Outer", "Actual Startup Time": 8.183, "Rows Removed by Filter": 72684, "Actual Loops": 1}], "Original Hash Buckets": 1024, "Hash Batches": 1, "Node Type": "Hash", "Total Cost": 2500.73, "Plan Rows": 302, "Actual Total Time": 14.223, "Parallel Aware": false, "Actual Rows": 365, "Parent Relationship": "Inner", "Peak Memory Usage": 23, "Actual Startup Time": 14.223, "Original Hash Batches": 1, "Actual Loops": 1}], "Plan Rows": 5901, "Total Cost": 59760.86, "Node Type": "Hash Join", "Join Type": "Inner", "Actual Total Time": 348.824, "Parallel Aware": false, "Actual Rows": 268846, "Parent Relationship": "Outer", "Hash Cond": "(catalog_sales.cs_sold_date_sk = date_dim.d_date_sk)", "Actual Startup Time": 169.604, "Actual Loops": 1}], "Original Hash Buckets": 8192, "Hash Batches": 4, "Node Type": "Hash", "Total Cost": 59760.86, "Plan Rows": 5901, "Actual Total Time": 394.835, "Parallel Aware": false, "Actual Rows": 268846, "Parent Relationship": "Inner", "Peak Memory Usage": 3646, "Actual Startup Time": 394.835, "Original Hash Batches": 1, "Actual Loops": 1}], "Plan Rows": 5901, "Total Cost": 64123.63, "Node Type": "Hash Join", "Join Type": "Inner", "Actual Total Time": 515.738, "Parallel Aware": false, "Actual Rows": 56850374, "Parent Relationship": "Outer", "Hash Cond": "(customer.c_customer_sk = catalog_sales.cs_bill_customer_sk)", "Actual Startup Time": 394.922, "Actual Loops": 1}], "Node Type": "Aggregate", "Total Cost": 64226.9, "Strategy": "Hashed", "Actual Total Time": 634.399, "Plan Rows": 5901, "Parallel Aware": false, "Actual Rows": 3022566, "Group Key": ["customer.c_last_name", "customer.c_first_name", "date_dim.d_date"], "Actual Startup Time": 628.413, "Actual Loops": 1}, "Execution Time": 635.414}]