[{"Triggers": [], "Planning Time": 0.208, "Plan": {"Partial Mode": "Simple", "Startup Cost": 36551.56, "Plan Width": 73, "Plans": [{"Startup Cost": 31303.44, "Plan Width": 73, "Plans": [{"Startup Cost": 0.0, "Plan Width": 73, "Actual Total Time": 10.635, "Plan Rows": 100000, "Total Cost": 3855.0, "Node Type": "Seq Scan", "Relation Name": "customer", "Alias": "customer", "Parallel Aware": false, "Actual Rows": 94736, "Parent Relationship": "Outer", "Actual Startup Time": 0.004, "Actual Loops": 1}, {"Hash Buckets": 131072, "Startup Cost": 31213.99, "Plan Width": 8, "Plans": [{"Startup Cost": 2327.2, "Plan Width": 8, "Plans": [{"Startup Cost": 0.0, "Plan Width": 8, "Actual Total Time": 100.27, "Plan Rows": 719071, "Total Cost": 26118.71, "Node Type": "Seq Scan", "Relation Name": "web_sales", "Alias": "web_sales", "Parallel Aware": false, "Actual Rows": 648065, "Parent Relationship": "Outer", "Actual Startup Time": 0.029, "Actual Loops": 1}, {"Hash Buckets": 1024, "Startup Cost": 2318.11, "Plan Width": 8, "Plans": [{"Relation Name": "date_dim", "Startup Cost": 0.0, "Plan Width": 8, "Actual Total Time": 9.912, "Node Type": "Seq Scan", "Total Cost": 2318.11, "Plan Rows": 727, "Filter": "(d_year = ANY ('{1998,1999}'::integer[]))", "Alias": "date_dim", "Parallel Aware": false, "Actual Rows": 730, "Parent Relationship": "Outer", "Actual Startup Time": 4.904, "Rows Removed by Filter": 72319, "Actual Loops": 1}], "Original Hash Buckets": 1024, "Hash Batches": 1, "Node Type": "Hash", "Total Cost": 2318.11, "Plan Rows": 727, "Actual Total Time": 9.998, "Parallel Aware": false, "Actual Rows": 730, "Parent Relationship": "Inner", "Peak Memory Usage": 37, "Actual Startup Time": 9.998, "Original Hash Batches": 1, "Actual Loops": 1}], "Plan Rows": 7156, "Total Cost": 31213.99, "Node Type": "Hash Join", "Join Type": "Inner", "Actual Total Time": 224.091, "Parallel Aware": false, "Actual Rows": 257810, "Parent Relationship": "Outer", "Hash Cond": "(web_sales.ws_sold_date_sk = date_dim.d_date_sk)", "Actual Startup Time": 10.039, "Actual Loops": 1}], "Original Hash Buckets": 8192, "Hash Batches": 4, "Node Type": "Hash", "Total Cost": 31213.99, "Plan Rows": 7156, "Actual Total Time": 270.843, "Parallel Aware": false, "Actual Rows": 257810, "Parent Relationship": "Inner", "Peak Memory Usage": 3499, "Actual Startup Time": 270.843, "Original Hash Batches": 1, "Actual Loops": 1}], "Plan Rows": 7156, "Total Cost": 36480.0, "Node Type": "Hash Join", "Join Type": "Inner", "Actual Total Time": 383.736, "Parallel Aware": false, "Actual Rows": 28617499, "Parent Relationship": "Outer", "Hash Cond": "(customer.c_customer_sk = web_sales.ws_bill_customer_sk)", "Actual Startup Time": 270.906, "Actual Loops": 1}], "Node Type": "Aggregate", "Total Cost": 36623.12, "Strategy": "Hashed", "Actual Total Time": 510.267, "Plan Rows": 7156, "Parallel Aware": false, "Actual Rows": 1796182, "Group Key": ["customer.c_customer_id", "customer.c_first_name", "customer.c_last_name", "date_dim.d_year"], "Actual Startup Time": 505.277, "Actual Loops": 1}, "Execution Time": 511.044}]