[{"Triggers": [], "Planning Time": 0.35, "Plan": {"Partial Mode": "Simple", "Startup Cost": 6439.07, "Plan Width": 3, "Plans": [{"Startup Cost": 4660.26, "Plan Width": 3, "Plans": [{"Startup Cost": 0.0, "Plan Width": 7, "Actual Total Time": 3.965, "Plan Rows": 50000, "Total Cost": 1587.0, "Node Type": "Seq Scan", "Relation Name": "customer_address", "Alias": "customer_address", "Parallel Aware": false, "Actual Rows": 50000, "Parent Relationship": "Outer", "Actual Startup Time": 0.007, "Actual Loops": 1}, {"Hash Buckets": 16384, "Startup Cost": 4655.8, "Plan Width": 4, "Plans": [{"Startup Cost": 2322.65, "Plan Width": 4, "Plans": [{"Startup Cost": 0.0, "Plan Width": 8, "Actual Total Time": 5.806, "Plan Rows": 71763, "Total Cost": 2060.63, "Node Type": "Seq Scan", "Relation Name": "web_returns", "Alias": "web_returns", "Parallel Aware": false, "Actual Rows": 67967, "Parent Relationship": "Outer", "Actual Startup Time": 0.004, "Actual Loops": 1}, {"Hash Buckets": 1024, "Startup Cost": 2318.11, "Plan Width": 4, "Plans": [{"Relation Name": "date_dim", "Startup Cost": 0.0, "Plan Width": 4, "Actual Total Time": 10.193, "Node Type": "Seq Scan", "Total Cost": 2318.11, "Plan Rows": 363, "Filter": "(d_year = 2000)", "Alias": "date_dim", "Parallel Aware": false, "Actual Rows": 366, "Parent Relationship": "Outer", "Actual Startup Time": 5.067, "Rows Removed by Filter": 72683, "Actual Loops": 1}], "Original Hash Buckets": 1024, "Hash Batches": 1, "Node Type": "Hash", "Total Cost": 2318.11, "Plan Rows": 363, "Actual Total Time": 10.249, "Parallel Aware": false, "Actual Rows": 366, "Parent Relationship": "Inner", "Peak Memory Usage": 21, "Actual Startup Time": 10.249, "Original Hash Batches": 1, "Actual Loops": 1}], "Plan Rows": 357, "Total Cost": 4655.8, "Node Type": "Hash Join", "Join Type": "Inner", "Actual Total Time": 24.475, "Parallel Aware": false, "Actual Rows": 12892, "Parent Relationship": "Outer", "Hash Cond": "(web_returns.wr_returned_date_sk = date_dim.d_date_sk)", "Actual Startup Time": 10.259, "Actual Loops": 1}], "Original Hash Buckets": 1024, "Hash Batches": 1, "Node Type": "Hash", "Total Cost": 4655.8, "Plan Rows": 357, "Actual Total Time": 26.115, "Parallel Aware": false, "Actual Rows": 12569, "Parent Relationship": "Inner", "Peak Memory Usage": 570, "Actual Startup Time": 26.115, "Original Hash Batches": 1, "Actual Loops": 1}], "Plan Rows": 357, "Total Cost": 6438.17, "Node Type": "Hash Join", "Join Type": "Inner", "Actual Total Time": 37.606, "Parallel Aware": false, "Actual Rows": 1347282, "Parent Relationship": "Outer", "Hash Cond": "(customer_address.ca_address_sk = web_returns.wr_returning_addr_sk)", "Actual Startup Time": 26.13, "Actual Loops": 1}], "Node Type": "Aggregate", "Total Cost": 6439.58, "Strategy": "Hashed", "Actual Total Time": 39.632, "Plan Rows": 51, "Parallel Aware": false, "Actual Rows": 52, "Group Key": ["customer_address.ca_state"], "Actual Startup Time": 39.628, "Actual Loops": 1}, "Execution Time": 39.685}]