[{"Triggers": [], "Planning Time": 0.282, "Plan": {"Startup Cost": 10000099046.76, "Plan Width": 106, "Plans": [{"Startup Cost": 10000099046.76, "Plan Width": 106, "Plans": [{"Startup Cost": 4159.91, "Plan Width": 106, "Plans": [{"Startup Cost": 2518.91, "Plan Width": 8, "Plans": [{"Startup Cost": 0.0, "Plan Width": 8, "Actual Total Time": 343.146, "Plan Rows": 2622557, "Total Cost": 76687.57, "Node Type": "Seq Scan", "Relation Name": "store_sales", "Alias": "store_sales", "Parallel Aware": false, "Actual Rows": 2485280, "Parent Relationship": "Outer", "Actual Startup Time": 0.036, "Actual Loops": 1}, {"Hash Buckets": 2048, "Startup Cost": 2500.73, "Plan Width": 8, "Plans": [{"Relation Name": "date_dim", "Startup Cost": 0.0, "Plan Width": 8, "Actual Total Time": 10.204, "Node Type": "Seq Scan", "Total Cost": 2500.73, "Plan Rows": 1454, "Filter": "(d_year = ANY ('{1999,2000,2001,2002}'::integer[]))", "Alias": "date_dim", "Parallel Aware": false, "Actual Rows": 1461, "Parent Relationship": "Outer", "Actual Startup Time": 4.999, "Rows Removed by Filter": 71588, "Actual Loops": 1}], "Original Hash Buckets": 2048, "Hash Batches": 1, "Node Type": "Hash", "Total Cost": 2500.73, "Plan Rows": 1454, "Actual Total Time": 10.473, "Parallel Aware": false, "Actual Rows": 1461, "Parent Relationship": "Inner", "Peak Memory Usage": 74, "Actual Startup Time": 10.473, "Original Hash Batches": 1, "Actual Loops": 1}], "Plan Rows": 52201, "Total Cost": 89563.08, "Node Type": "Hash Join", "Join Type": "Inner", "Actual Total Time": 933.723, "Parallel Aware": false, "Actual Rows": 1982023, "Parent Relationship": "Outer", "Hash Cond": "(store_sales.ss_sold_date_sk = date_dim.d_date_sk)", "Actual Startup Time": 10.525, "Actual Loops": 1}, {"Hash Buckets": 32768, "Startup Cost": 1416.0, "Plan Width": 106, "Plans": [{"Startup Cost": 0.0, "Plan Width": 106, "Actual Total Time": 4.157, "Plan Rows": 18000, "Total Cost": 1416.0, "Node Type": "Seq Scan", "Relation Name": "item", "Alias": "item", "Parallel Aware": false, "Actual Rows": 18000, "Parent Relationship": "Outer", "Actual Startup Time": 0.006, "Actual Loops": 1}], "Original Hash Buckets": 32768, "Hash Batches": 1, "Node Type": "Hash", "Total Cost": 1416.0, "Plan Rows": 18000, "Actual Total Time": 8.84, "Parallel Aware": false, "Actual Rows": 18000, "Parent Relationship": "Inner", "Peak Memory Usage": 2713, "Actual Startup Time": 8.84, "Original Hash Batches": 1, "Actual Loops": 1}], "Plan Rows": 52201, "Total Cost": 91921.84, "Node Type": "Hash Join", "Join Type": "Inner", "Actual Total Time": 1682.697, "Parallel Aware": false, "Actual Rows": 220009742, "Parent Relationship": "Outer", "Hash Cond": "(store_sales.ss_item_sk = item.i_item_sk)", "Actual Startup Time": 19.384, "Actual Loops": 1}], "Sort Key": ["item.i_item_desc", "date_dim.d_date"], "Node Type": "Sort", "Actual Total Time": 11669.529, "Plan Rows": 52201, "Sort Space Used": 228408, "Sort Method": "external merge", "Parallel Aware": false, "Actual Rows": 220009742, "Total Cost": 10000099177.26, "Parent Relationship": "Outer", "Actual Startup Time": 10183.07, "Actual Loops": 1, "Sort Space Type": "Disk"}], "Plan Rows": 52201, "Node Type": "Unique", "Actual Total Time": 11983.974, "Parallel Aware": false, "Actual Rows": 103485415, "Total Cost": 10000099438.27, "Actual Startup Time": 10183.072, "Actual Loops": 1}, "Execution Time": 12077.643}]