[{"Execution Time": 462.149, "Planning Time": 0.193, "Plan": {"Partial Mode": "Simple", "Startup Cost": 63951.18, "Plans": [{"Startup Cost": 59712.09, "Plans": [{"Startup Cost": 0.0, "Actual Rows": 94736, "Node Type": "Seq Scan", "Plan Rows": 100000, "Relation Name": "customer", "Alias": "customer", "Parallel Aware": false, "Actual Total Time": 16.78, "Parent Relationship": "Outer", "Actual Startup Time": 0.005, "Plan Width": 56, "Actual Loops": 1, "Total Cost": 3855.0}, {"Hash Buckets": 16384, "Startup Cost": 59704.52, "Plans": [{"Startup Cost": 2501.12, "Plans": [{"Startup Cost": 0.0, "Actual Rows": 1343425, "Node Type": "Seq Scan", "Plan Rows": 1427370, "Relation Name": "catalog_sales", "Alias": "catalog_sales", "Parallel Aware": false, "Actual Total Time": 244.448, "Parent Relationship": "Outer", "Actual Startup Time": 0.032, "Plan Width": 8, "Actual Loops": 1, "Total Cost": 51844.7}, {"Hash Buckets": 1024, "Startup Cost": 2500.73, "Plans": [{"Filter": "((d_year = 1999) AND (d_moy = 6))", "Startup Cost": 0.0, "Actual Rows": 30, "Node Type": "Seq Scan", "Plan Rows": 31, "Relation Name": "date_dim", "Alias": "date_dim", "Parallel Aware": false, "Actual Total Time": 9.852, "Parent Relationship": "Outer", "Actual Startup Time": 4.998, "Plan Width": 4, "Actual Loops": 1, "Rows Removed by Filter": 73019, "Total Cost": 2500.73}], "Original Hash Buckets": 1024, "Hash Batches": 1, "Actual Rows": 30, "Node Type": "Hash", "Plan Rows": 31, "Actual Startup Time": 9.859, "Parallel Aware": false, "Actual Total Time": 9.859, "Parent Relationship": "Inner", "Peak Memory Usage": 10, "Plan Width": 4, "Actual Loops": 1, "Original Hash Batches": 1, "Total Cost": 2500.73}], "Actual Rows": 12948, "Node Type": "Hash Join", "Plan Rows": 606, "Join Type": "Inner", "Parallel Aware": false, "Actual Total Time": 410.18, "Hash Cond": "(catalog_sales.cs_sold_date_sk = date_dim.d_date_sk)", "Parent Relationship": "Outer", "Actual Startup Time": 71.671, "Plan Width": 4, "Actual Loops": 1, "Total Cost": 59704.52}], "Original Hash Buckets": 1024, "Hash Batches": 1, "Actual Rows": 12948, "Node Type": "Hash", "Plan Rows": 606, "Actual Startup Time": 412.06, "Parallel Aware": false, "Actual Total Time": 412.06, "Parent Relationship": "Inner", "Peak Memory Usage": 584, "Plan Width": 4, "Actual Loops": 1, "Original Hash Batches": 1, "Total Cost": 59704.52}], "Actual Rows": 2714726, "Node Type": "Hash Join", "Plan Rows": 606, "Join Type": "Inner", "Parallel Aware": false, "Actual Total Time": 452.32, "Hash Cond": "(customer.c_customer_sk = catalog_sales.cs_bill_customer_sk)", "Parent Relationship": "Outer", "Actual Startup Time": 412.094, "Plan Width": 52, "Actual Loops": 1, "Total Cost": 63948.15}], "Actual Rows": 118806, "Node Type": "Aggregate", "Strategy": "Hashed", "Plan Rows": 606, "Parallel Aware": false, "Actual Total Time": 462.036, "Group Key": ["customer.c_last_name", "customer.c_first_name"], "Actual Startup Time": 461.711, "Plan Width": 52, "Actual Loops": 1, "Total Cost": 63957.24}, "Triggers": []}]