[{"Triggers": [], "Planning Time": 0.197, "Plan": {"Partial Mode": "Simple", "Startup Cost": 91492.02, "Plan Width": 12, "Plans": [{"Startup Cost": 4150.86, "Plan Width": 12, "Plans": [{"Startup Cost": 2509.86, "Plan Width": 4, "Plans": [{"Startup Cost": 0.0, "Plan Width": 8, "Actual Total Time": 333.709, "Plan Rows": 2622557, "Total Cost": 76687.57, "Node Type": "Seq Scan", "Relation Name": "store_sales", "Alias": "store_sales", "Parallel Aware": false, "Actual Rows": 2485280, "Parent Relationship": "Outer", "Actual Startup Time": 0.027, "Actual Loops": 1}, {"Hash Buckets": 2048, "Startup Cost": 2500.73, "Plan Width": 4, "Plans": [{"Relation Name": "date_dim", "Startup Cost": 0.0, "Plan Width": 4, "Actual Total Time": 10.804, "Node Type": "Seq Scan", "Total Cost": 2500.73, "Plan Rows": 730, "Filter": "((d_year >= 1999) AND (d_year <= 2001))", "Alias": "date_dim", "Parallel Aware": false, "Actual Rows": 1096, "Parent Relationship": "Outer", "Actual Startup Time": 4.469, "Rows Removed by Filter": 71953, "Actual Loops": 1}], "Original Hash Buckets": 1024, "Hash Batches": 1, "Node Type": "Hash", "Total Cost": 2500.73, "Plan Rows": 730, "Actual Total Time": 10.96, "Parallel Aware": false, "Actual Rows": 1096, "Parent Relationship": "Inner", "Peak Memory Usage": 55, "Actual Startup Time": 10.96, "Original Hash Batches": 1, "Actual Loops": 1}], "Plan Rows": 26208, "Total Cost": 89294.1, "Node Type": "Hash Join", "Join Type": "Inner", "Actual Total Time": 821.115, "Parallel Aware": false, "Actual Rows": 1485806, "Parent Relationship": "Outer", "Hash Cond": "(store_sales.ss_sold_date_sk = date_dim.d_date_sk)", "Actual Startup Time": 11.007, "Actual Loops": 1}, {"Hash Buckets": 32768, "Startup Cost": 1416.0, "Plan Width": 16, "Plans": [{"Startup Cost": 0.0, "Plan Width": 16, "Actual Total Time": 5.267, "Plan Rows": 18000, "Total Cost": 1416.0, "Node Type": "Seq Scan", "Relation Name": "item", "Alias": "item", "Parallel Aware": false, "Actual Rows": 18000, "Parent Relationship": "Outer", "Actual Startup Time": 0.004, "Actual Loops": 1}], "Original Hash Buckets": 32768, "Hash Batches": 1, "Node Type": "Hash", "Total Cost": 1416.0, "Plan Rows": 18000, "Actual Total Time": 8.402, "Parallel Aware": false, "Actual Rows": 18000, "Parent Relationship": "Inner", "Peak Memory Usage": 1100, "Actual Startup Time": 8.402, "Original Hash Batches": 1, "Actual Loops": 1}], "Plan Rows": 26208, "Total Cost": 91295.46, "Node Type": "Hash Join", "Join Type": "Inner", "Actual Total Time": 1331.175, "Parallel Aware": false, "Actual Rows": 165040742, "Parent Relationship": "Outer", "Hash Cond": "(store_sales.ss_item_sk = item.i_item_sk)", "Actual Startup Time": 19.426, "Actual Loops": 1}], "Node Type": "Aggregate", "Total Cost": 91510.02, "Strategy": "Hashed", "Actual Total Time": 1725.955, "Plan Rows": 1800, "Parallel Aware": false, "Actual Rows": 17550, "Group Key": ["item.i_brand_id", "item.i_class_id", "item.i_category_id"], "Actual Startup Time": 1725.572, "Actual Loops": 1}, "Execution Time": 1726.109}]