[{"Triggers": [], "Planning Time": 0.17, "Plan": {"Partial Mode": "Simple", "Startup Cost": 61793.95, "Plan Width": 12, "Plans": [{"Startup Cost": 4150.86, "Plan Width": 12, "Plans": [{"Startup Cost": 2509.86, "Plan Width": 4, "Plans": [{"Startup Cost": 0.0, "Plan Width": 8, "Actual Total Time": 214.274, "Plan Rows": 1427370, "Total Cost": 51844.7, "Node Type": "Seq Scan", "Relation Name": "catalog_sales", "Alias": "catalog_sales", "Parallel Aware": false, "Actual Rows": 1343425, "Parent Relationship": "Outer", "Actual Startup Time": 0.031, "Actual Loops": 1}, {"Hash Buckets": 2048, "Startup Cost": 2500.73, "Plan Width": 4, "Plans": [{"Relation Name": "date_dim", "Startup Cost": 0.0, "Plan Width": 4, "Actual Total Time": 9.99, "Node Type": "Seq Scan", "Total Cost": 2500.73, "Plan Rows": 730, "Filter": "((d_year >= 1999) AND (d_year <= 2001))", "Alias": "date_dim", "Parallel Aware": false, "Actual Rows": 1096, "Parent Relationship": "Outer", "Actual Startup Time": 4.426, "Rows Removed by Filter": 71953, "Actual Loops": 1}], "Original Hash Buckets": 1024, "Hash Batches": 1, "Node Type": "Hash", "Total Cost": 2500.73, "Plan Rows": 730, "Actual Total Time": 10.107, "Parallel Aware": false, "Actual Rows": 1096, "Parent Relationship": "Inner", "Peak Memory Usage": 55, "Actual Startup Time": 10.107, "Original Hash Batches": 1, "Actual Loops": 1}], "Plan Rows": 14264, "Total Cost": 59849.84, "Node Type": "Hash Join", "Join Type": "Inner", "Actual Total Time": 535.912, "Parallel Aware": false, "Actual Rows": 805817, "Parent Relationship": "Outer", "Hash Cond": "(catalog_sales.cs_sold_date_sk = date_dim.d_date_sk)", "Actual Startup Time": 50.012, "Actual Loops": 1}, {"Hash Buckets": 32768, "Startup Cost": 1416.0, "Plan Width": 16, "Plans": [{"Startup Cost": 0.0, "Plan Width": 16, "Actual Total Time": 4.611, "Plan Rows": 18000, "Total Cost": 1416.0, "Node Type": "Seq Scan", "Relation Name": "item", "Alias": "item", "Parallel Aware": false, "Actual Rows": 18000, "Parent Relationship": "Outer", "Actual Startup Time": 0.005, "Actual Loops": 1}], "Original Hash Buckets": 32768, "Hash Batches": 1, "Node Type": "Hash", "Total Cost": 1416.0, "Plan Rows": 18000, "Actual Total Time": 7.049, "Parallel Aware": false, "Actual Rows": 18000, "Parent Relationship": "Inner", "Peak Memory Usage": 1100, "Actual Startup Time": 7.049, "Original Hash Batches": 1, "Actual Loops": 1}], "Plan Rows": 14264, "Total Cost": 61686.97, "Node Type": "Hash Join", "Join Type": "Inner", "Actual Total Time": 833.294, "Parallel Aware": false, "Actual Rows": 171304064, "Parent Relationship": "Outer", "Hash Cond": "(catalog_sales.cs_item_sk = item.i_item_sk)", "Actual Startup Time": 57.075, "Actual Loops": 1}], "Node Type": "Aggregate", "Total Cost": 61811.95, "Strategy": "Hashed", "Actual Total Time": 1062.141, "Plan Rows": 1800, "Parallel Aware": false, "Actual Rows": 17550, "Group Key": ["item.i_brand_id", "item.i_class_id", "item.i_category_id"], "Actual Startup Time": 1061.654, "Actual Loops": 1}, "Execution Time": 1062.29}]