[{"Triggers": [], "Planning Time": 0.186, "Plan": {"Partial Mode": "Simple", "Startup Cost": 90696.79, "Plan Width": 12, "Plans": [{"Startup Cost": 4142.1, "Plan Width": 12, "Plans": [{"Startup Cost": 2501.1, "Plan Width": 4, "Plans": [{"Startup Cost": 0.0, "Plan Width": 8, "Actual Total Time": 285.403, "Plan Rows": 2622557, "Total Cost": 76687.57, "Node Type": "Seq Scan", "Relation Name": "store_sales", "Alias": "store_sales", "Parallel Aware": false, "Actual Rows": 2485280, "Parent Relationship": "Outer", "Actual Startup Time": 0.024, "Actual Loops": 1}, {"Hash Buckets": 1024, "Startup Cost": 2500.73, "Plan Width": 4, "Plans": [{"Relation Name": "date_dim", "Startup Cost": 0.0, "Plan Width": 4, "Actual Total Time": 8.642, "Node Type": "Seq Scan", "Total Cost": 2500.73, "Plan Rows": 29, "Filter": "((d_year = 2002) AND (d_moy = 11))", "Alias": "date_dim", "Parallel Aware": false, "Actual Rows": 30, "Parent Relationship": "Outer", "Actual Startup Time": 4.587, "Rows Removed by Filter": 73019, "Actual Loops": 1}], "Original Hash Buckets": 1024, "Hash Batches": 1, "Node Type": "Hash", "Total Cost": 2500.73, "Plan Rows": 29, "Actual Total Time": 8.648, "Parallel Aware": false, "Actual Rows": 30, "Parent Relationship": "Inner", "Peak Memory Usage": 10, "Actual Startup Time": 8.648, "Original Hash Batches": 1, "Actual Loops": 1}], "Plan Rows": 1041, "Total Cost": 89033.67, "Node Type": "Hash Join", "Join Type": "Inner", "Actual Total Time": 502.025, "Parallel Aware": false, "Actual Rows": 79519, "Parent Relationship": "Outer", "Hash Cond": "(store_sales.ss_sold_date_sk = date_dim.d_date_sk)", "Actual Startup Time": 9.005, "Actual Loops": 1}, {"Hash Buckets": 32768, "Startup Cost": 1416.0, "Plan Width": 16, "Plans": [{"Startup Cost": 0.0, "Plan Width": 16, "Actual Total Time": 4.577, "Plan Rows": 18000, "Total Cost": 1416.0, "Node Type": "Seq Scan", "Relation Name": "item", "Alias": "item", "Parallel Aware": false, "Actual Rows": 18000, "Parent Relationship": "Outer", "Actual Startup Time": 0.006, "Actual Loops": 1}], "Original Hash Buckets": 32768, "Hash Batches": 1, "Node Type": "Hash", "Total Cost": 1416.0, "Plan Rows": 18000, "Actual Total Time": 7.158, "Parallel Aware": false, "Actual Rows": 18000, "Parent Relationship": "Inner", "Peak Memory Usage": 1100, "Actual Startup Time": 7.158, "Original Hash Batches": 1, "Actual Loops": 1}], "Plan Rows": 1041, "Total Cost": 90688.98, "Node Type": "Hash Join", "Join Type": "Inner", "Actual Total Time": 542.334, "Parallel Aware": false, "Actual Rows": 8786707, "Parent Relationship": "Outer", "Hash Cond": "(store_sales.ss_item_sk = item.i_item_sk)", "Actual Startup Time": 16.181, "Actual Loops": 1}], "Node Type": "Aggregate", "Total Cost": 90707.2, "Strategy": "Hashed", "Actual Total Time": 570.225, "Plan Rows": 1041, "Parallel Aware": false, "Actual Rows": 22193, "Group Key": ["item.i_brand_id", "item.i_class_id", "item.i_category_id"], "Actual Startup Time": 569.665, "Actual Loops": 1}, "Execution Time": 570.415}]