[{"Triggers": [], "Planning Time": 0.196, "Plan": {"Partial Mode": "Simple", "Startup Cost": 61357.15, "Plan Width": 12, "Plans": [{"Startup Cost": 4142.1, "Plan Width": 12, "Plans": [{"Startup Cost": 2501.1, "Plan Width": 4, "Plans": [{"Startup Cost": 0.0, "Plan Width": 8, "Actual Total Time": 193.653, "Plan Rows": 1427370, "Total Cost": 51844.7, "Node Type": "Seq Scan", "Relation Name": "catalog_sales", "Alias": "catalog_sales", "Parallel Aware": false, "Actual Rows": 1343425, "Parent Relationship": "Outer", "Actual Startup Time": 0.029, "Actual Loops": 1}, {"Hash Buckets": 1024, "Startup Cost": 2500.73, "Plan Width": 4, "Plans": [{"Relation Name": "date_dim", "Startup Cost": 0.0, "Plan Width": 4, "Actual Total Time": 9.733, "Node Type": "Seq Scan", "Total Cost": 2500.73, "Plan Rows": 29, "Filter": "((d_year = 2002) AND (d_moy = 11))", "Alias": "date_dim", "Parallel Aware": false, "Actual Rows": 30, "Parent Relationship": "Outer", "Actual Startup Time": 5.318, "Rows Removed by Filter": 73019, "Actual Loops": 1}], "Original Hash Buckets": 1024, "Hash Batches": 1, "Node Type": "Hash", "Total Cost": 2500.73, "Plan Rows": 29, "Actual Total Time": 9.743, "Parallel Aware": false, "Actual Rows": 30, "Parent Relationship": "Inner", "Peak Memory Usage": 10, "Actual Startup Time": 9.743, "Original Hash Batches": 1, "Actual Loops": 1}], "Plan Rows": 567, "Total Cost": 59704.1, "Node Type": "Hash Join", "Join Type": "Inner", "Actual Total Time": 327.746, "Parallel Aware": false, "Actual Rows": 43665, "Parent Relationship": "Outer", "Hash Cond": "(catalog_sales.cs_sold_date_sk = date_dim.d_date_sk)", "Actual Startup Time": 288.196, "Actual Loops": 1}, {"Hash Buckets": 32768, "Startup Cost": 1416.0, "Plan Width": 16, "Plans": [{"Startup Cost": 0.0, "Plan Width": 16, "Actual Total Time": 5.219, "Plan Rows": 18000, "Total Cost": 1416.0, "Node Type": "Seq Scan", "Relation Name": "item", "Alias": "item", "Parallel Aware": false, "Actual Rows": 18000, "Parent Relationship": "Outer", "Actual Startup Time": 0.006, "Actual Loops": 1}], "Original Hash Buckets": 32768, "Hash Batches": 1, "Node Type": "Hash", "Total Cost": 1416.0, "Plan Rows": 18000, "Actual Total Time": 8.308, "Parallel Aware": false, "Actual Rows": 18000, "Parent Relationship": "Inner", "Peak Memory Usage": 1100, "Actual Startup Time": 8.308, "Original Hash Batches": 1, "Actual Loops": 1}], "Plan Rows": 567, "Total Cost": 61352.9, "Node Type": "Hash Join", "Join Type": "Inner", "Actual Total Time": 350.518, "Parallel Aware": false, "Actual Rows": 9276686, "Parent Relationship": "Outer", "Hash Cond": "(catalog_sales.cs_item_sk = item.i_item_sk)", "Actual Startup Time": 296.519, "Actual Loops": 1}], "Node Type": "Aggregate", "Total Cost": 61362.82, "Strategy": "Hashed", "Actual Total Time": 362.72, "Plan Rows": 567, "Parallel Aware": false, "Actual Rows": 22193, "Group Key": ["item.i_brand_id", "item.i_class_id", "item.i_category_id"], "Actual Startup Time": 362.206, "Actual Loops": 1}, "Execution Time": 362.912}]