[{"Triggers": [], "Planning Time": 30.652, "Plan": {"Partial Mode": "Simple", "Startup Cost": 61703.07, "Plan Width": 17, "Plans": [{"Startup Cost": 4496.34, "Plan Width": 17, "Plans": [{"Startup Cost": 3990.68, "Plan Width": 4, "Plans": [{"Startup Cost": 3975.26, "Plan Width": 8, "Plans": [{"Startup Cost": 2501.11, "Plan Width": 12, "Plans": [{"Startup Cost": 0.0, "Plan Width": 16, "Actual Total Time": 188.6, "Plan Rows": 1427370, "Total Cost": 51844.7, "Node Type": "Seq Scan", "Relation Name": "catalog_sales", "Alias": "catalog_sales", "Parallel Aware": false, "Actual Rows": 1343425, "Parent Relationship": "Outer", "Actual Startup Time": 0.048, "Actual Loops": 1}, {"Hash Buckets": 1024, "Startup Cost": 2500.73, "Plan Width": 4, "Plans": [{"Relation Name": "date_dim", "Startup Cost": 0.0, "Plan Width": 4, "Actual Total Time": 21.137, "Node Type": "Seq Scan", "Total Cost": 2500.73, "Plan Rows": 30, "Filter": "((d_date >= '1999-08-25'::date) AND (d_date <= '1999-09-25'::date))", "Alias": "date_dim", "Parallel Aware": false, "Actual Rows": 32, "Parent Relationship": "Outer", "Actual Startup Time": 9.95, "Rows Removed by Filter": 73017, "Actual Loops": 1}], "Original Hash Buckets": 1024, "Hash Batches": 1, "Node Type": "Hash", "Total Cost": 2500.73, "Plan Rows": 30, "Actual Total Time": 21.153, "Parallel Aware": false, "Actual Rows": 32, "Parent Relationship": "Inner", "Peak Memory Usage": 10, "Actual Startup Time": 21.153, "Original Hash Batches": 1, "Actual Loops": 1}], "Plan Rows": 586, "Total Cost": 59704.31, "Node Type": "Hash Join", "Join Type": "Inner", "Actual Total Time": 325.792, "Parallel Aware": false, "Actual Rows": 30983, "Parent Relationship": "Outer", "Hash Cond": "(catalog_sales.cs_sold_date_sk = date_dim.d_date_sk)", "Actual Startup Time": 92.588, "Actual Loops": 1}, {"Hash Buckets": 2048, "Startup Cost": 1461.0, "Plan Width": 4, "Plans": [{"Relation Name": "item", "Startup Cost": 0.0, "Plan Width": 4, "Actual Total Time": 9.557, "Node Type": "Seq Scan", "Total Cost": 1461.0, "Plan Rows": 1052, "Filter": "(i_current_price > '50'::numeric)", "Alias": "item", "Parallel Aware": false, "Actual Rows": 1055, "Parent Relationship": "Outer", "Actual Startup Time": 0.024, "Rows Removed by Filter": 16945, "Actual Loops": 1}], "Original Hash Buckets": 2048, "Hash Batches": 1, "Node Type": "Hash", "Total Cost": 1461.0, "Plan Rows": 1052, "Actual Total Time": 9.934, "Parallel Aware": false, "Actual Rows": 1055, "Parent Relationship": "Inner", "Peak Memory Usage": 54, "Actual Startup Time": 9.934, "Original Hash Batches": 1, "Actual Loops": 1}], "Plan Rows": 34, "Total Cost": 61180.99, "Node Type": "Hash Join", "Join Type": "Inner", "Actual Total Time": 338.363, "Parallel Aware": false, "Actual Rows": 1775, "Parent Relationship": "Outer", "Hash Cond": "(catalog_sales.cs_item_sk = item.i_item_sk)", "Actual Startup Time": 116.958, "Actual Loops": 1}, {"Hash Buckets": 1024, "Startup Cost": 11.75, "Plan Width": 4, "Plans": [{"Relation Name": "promotion", "Startup Cost": 0.0, "Plan Width": 4, "Actual Total Time": 0.486, "Node Type": "Seq Scan", "Total Cost": 11.75, "Plan Rows": 294, "Filter": "(p_channel_tv = 'N'::bpchar)", "Alias": "promotion", "Parallel Aware": false, "Actual Rows": 294, "Parent Relationship": "Outer", "Actual Startup Time": 0.022, "Rows Removed by Filter": 6, "Actual Loops": 1}], "Original Hash Buckets": 1024, "Hash Batches": 1, "Node Type": "Hash", "Total Cost": 11.75, "Plan Rows": 294, "Actual Total Time": 0.609, "Parallel Aware": false, "Actual Rows": 294, "Parent Relationship": "Inner", "Peak Memory Usage": 19, "Actual Startup Time": 0.609, "Original Hash Batches": 1, "Actual Loops": 1}], "Plan Rows": 33, "Total Cost": 61196.88, "Node Type": "Hash Join", "Join Type": "Inner", "Actual Total Time": 339.392, "Parallel Aware": false, "Actual Rows": 1739, "Parent Relationship": "Outer", "Hash Cond": "(catalog_sales.cs_promo_sk = promotion.p_promo_sk)", "Actual Startup Time": 117.584, "Actual Loops": 1}, {"Hash Buckets": 16384, "Startup Cost": 359.18, "Plan Width": 21, "Plans": [{"Startup Cost": 0.0, "Plan Width": 21, "Actual Total Time": 5.169, "Plan Rows": 11718, "Total Cost": 359.18, "Node Type": "Seq Scan", "Relation Name": "catalog_page", "Alias": "catalog_page", "Parallel Aware": false, "Actual Rows": 11718, "Parent Relationship": "Outer", "Actual Startup Time": 0.014, "Actual Loops": 1}], "Original Hash Buckets": 16384, "Hash Batches": 1, "Node Type": "Hash", "Total Cost": 359.18, "Plan Rows": 11718, "Actual Total Time": 10.912, "Parallel Aware": false, "Actual Rows": 11718, "Parent Relationship": "Inner", "Peak Memory Usage": 769, "Actual Startup Time": 10.912, "Original Hash Batches": 1, "Actual Loops": 1}], "Plan Rows": 33, "Total Cost": 61702.99, "Node Type": "Hash Join", "Join Type": "Inner", "Actual Total Time": 350.806, "Parallel Aware": false, "Actual Rows": 368030, "Parent Relationship": "Outer", "Hash Cond": "(catalog_sales.cs_catalog_page_sk = catalog_page.cp_catalog_page_sk)", "Actual Startup Time": 128.524, "Actual Loops": 1}], "Node Type": "Aggregate", "Total Cost": 61703.4, "Strategy": "Hashed", "Actual Total Time": 351.307, "Plan Rows": 33, "Parallel Aware": false, "Actual Rows": 752, "Group Key": ["catalog_page.cp_catalog_page_id"], "Actual Startup Time": 351.268, "Actual Loops": 1}, "Execution Time": 351.43}]