[{"Triggers": [], "Planning Time": 0.293, "Plan": {"Partial Mode": "Simple", "Startup Cost": 12902.19, "Plan Width": 119, "Plans": [{"Startup Cost": 4327.05, "Plan Width": 119, "Plans": [{"Startup Cost": 2686.05, "Plan Width": 4, "Plans": [{"Startup Cost": 0.0, "Plan Width": 8, "Actual Total Time": 33.065, "Plan Rows": 277502, "Total Cost": 7511.02, "Node Type": "Seq Scan", "Relation Name": "store_returns", "Alias": "store_returns", "Parallel Aware": false, "Actual Rows": 263253, "Parent Relationship": "Outer", "Actual Startup Time": 0.042, "Actual Loops": 1}, {"Hash Buckets": 1024, "Startup Cost": 2683.36, "Plan Width": 4, "Plans": [{"Relation Name": "date_dim", "Startup Cost": 0.0, "Plan Width": 4, "Actual Total Time": 22.815, "Node Type": "Seq Scan", "Total Cost": 2683.36, "Plan Rows": 215, "Filter": "((d_moy >= 4) AND (d_moy <= 10) AND (d_year = 2001))", "Alias": "date_dim", "Parallel Aware": false, "Actual Rows": 214, "Parent Relationship": "Outer", "Actual Startup Time": 14.245, "Rows Removed by Filter": 72835, "Actual Loops": 1}], "Original Hash Buckets": 1024, "Hash Batches": 1, "Node Type": "Hash", "Total Cost": 2683.36, "Plan Rows": 215, "Actual Total Time": 22.888, "Parallel Aware": false, "Actual Rows": 214, "Parent Relationship": "Inner", "Peak Memory Usage": 16, "Actual Startup Time": 22.888, "Original Hash Batches": 1, "Actual Loops": 1}], "Plan Rows": 817, "Total Cost": 11245.87, "Node Type": "Hash Join", "Join Type": "Inner", "Actual Total Time": 83.342, "Parallel Aware": false, "Actual Rows": 24624, "Parent Relationship": "Outer", "Hash Cond": "(store_returns.sr_returned_date_sk = date_dim.d_date_sk)", "Actual Startup Time": 22.973, "Actual Loops": 1}, {"Hash Buckets": 32768, "Startup Cost": 1416.0, "Plan Width": 123, "Plans": [{"Startup Cost": 0.0, "Plan Width": 123, "Actual Total Time": 6.141, "Plan Rows": 18000, "Total Cost": 1416.0, "Node Type": "Seq Scan", "Relation Name": "item", "Alias": "item", "Parallel Aware": false, "Actual Rows": 18000, "Parent Relationship": "Outer", "Actual Startup Time": 0.006, "Actual Loops": 1}], "Original Hash Buckets": 32768, "Hash Batches": 1, "Node Type": "Hash", "Total Cost": 1416.0, "Plan Rows": 18000, "Actual Total Time": 13.582, "Parallel Aware": false, "Actual Rows": 18000, "Parent Relationship": "Inner", "Peak Memory Usage": 3031, "Actual Startup Time": 13.582, "Original Hash Batches": 1, "Actual Loops": 1}], "Plan Rows": 817, "Total Cost": 12898.1, "Node Type": "Hash Join", "Join Type": "Inner", "Actual Total Time": 107.971, "Parallel Aware": false, "Actual Rows": 2594595, "Parent Relationship": "Outer", "Hash Cond": "(store_returns.sr_item_sk = item.i_item_sk)", "Actual Startup Time": 36.572, "Actual Loops": 1}], "Node Type": "Aggregate", "Total Cost": 12910.36, "Strategy": "Hashed", "Actual Total Time": 125.076, "Plan Rows": 817, "Parallel Aware": false, "Actual Rows": 119163, "Group Key": ["item.i_item_id", "item.i_item_desc"], "Actual Startup Time": 123.553, "Actual Loops": 1}, "Execution Time": 125.423}]