[{"Triggers": [], "Planning Time": 0.188, "Plan": {"Partial Mode": "Simple", "Startup Cost": 90669.61, "Plan Width": 17, "Plans": [{"Startup Cost": 4141.81, "Plan Width": 17, "Plans": [{"Startup Cost": 2500.81, "Plan Width": 4, "Plans": [{"Startup Cost": 0.0, "Plan Width": 8, "Actual Total Time": 307.966, "Plan Rows": 2622557, "Total Cost": 76687.57, "Node Type": "Seq Scan", "Relation Name": "store_sales", "Alias": "store_sales", "Parallel Aware": false, "Actual Rows": 2485280, "Parent Relationship": "Outer", "Actual Startup Time": 0.029, "Actual Loops": 1}, {"Hash Buckets": 1024, "Startup Cost": 2500.73, "Plan Width": 4, "Plans": [{"Relation Name": "date_dim", "Startup Cost": 0.0, "Plan Width": 4, "Actual Total Time": 8.275, "Node Type": "Seq Scan", "Total Cost": 2500.73, "Plan Rows": 6, "Filter": "((d_date >= '2002-03-05'::date) AND (d_date <= '2002-03-11'::date))", "Alias": "date_dim", "Parallel Aware": false, "Actual Rows": 7, "Parent Relationship": "Outer", "Actual Startup Time": 3.949, "Rows Removed by Filter": 73042, "Actual Loops": 1}], "Original Hash Buckets": 1024, "Hash Batches": 1, "Node Type": "Hash", "Total Cost": 2500.73, "Plan Rows": 6, "Actual Total Time": 8.28, "Parallel Aware": false, "Actual Rows": 7, "Parent Relationship": "Inner", "Peak Memory Usage": 9, "Actual Startup Time": 8.28, "Original Hash Batches": 1, "Actual Loops": 1}], "Plan Rows": 215, "Total Cost": 89025.12, "Node Type": "Hash Join", "Join Type": "Inner", "Actual Total Time": 530.135, "Parallel Aware": false, "Actual Rows": 5370, "Parent Relationship": "Outer", "Hash Cond": "(store_sales.ss_sold_date_sk = date_dim.d_date_sk)", "Actual Startup Time": 8.935, "Actual Loops": 1}, {"Hash Buckets": 32768, "Startup Cost": 1416.0, "Plan Width": 21, "Plans": [{"Startup Cost": 0.0, "Plan Width": 21, "Actual Total Time": 2.879, "Plan Rows": 18000, "Total Cost": 1416.0, "Node Type": "Seq Scan", "Relation Name": "item", "Alias": "item", "Parallel Aware": false, "Actual Rows": 18000, "Parent Relationship": "Outer", "Actual Startup Time": 0.004, "Actual Loops": 1}], "Original Hash Buckets": 32768, "Hash Batches": 1, "Node Type": "Hash", "Total Cost": 1416.0, "Plan Rows": 18000, "Actual Total Time": 5.84, "Parallel Aware": false, "Actual Rows": 18000, "Parent Relationship": "Inner", "Peak Memory Usage": 1241, "Actual Startup Time": 5.84, "Original Hash Batches": 1, "Actual Loops": 1}], "Plan Rows": 215, "Total Cost": 90669.07, "Node Type": "Hash Join", "Join Type": "Inner", "Actual Total Time": 538.846, "Parallel Aware": false, "Actual Rows": 606193, "Parent Relationship": "Outer", "Hash Cond": "(store_sales.ss_item_sk = item.i_item_sk)", "Actual Startup Time": 14.79, "Actual Loops": 1}], "Node Type": "Aggregate", "Total Cost": 90671.76, "Strategy": "Hashed", "Actual Total Time": 542.187, "Plan Rows": 215, "Parallel Aware": false, "Actual Rows": 101760, "Group Key": ["item.i_item_id"], "Actual Startup Time": 541.739, "Actual Loops": 1}, "Execution Time": 542.339}]