[{"Execution Time": 172.299, "Planning Time": 0.229, "Plan": {"Partial Mode": "Simple", "Startup Cost": 32958.58, "Plans": [{"Startup Cost": 4141.81, "Plans": [{"Startup Cost": 2500.81, "Plans": [{"Startup Cost": 0.0, "Actual Rows": 648065, "Node Type": "Seq Scan", "Plan Rows": 719071, "Relation Name": "web_sales", "Alias": "web_sales", "Parallel Aware": false, "Actual Total Time": 97.051, "Parent Relationship": "Outer", "Actual Startup Time": 0.024, "Plan Width": 8, "Actual Loops": 1, "Total Cost": 26118.71}, {"Hash Buckets": 1024, "Startup Cost": 2500.73, "Plans": [{"Filter": "((d_date >= '2002-03-05'::date) AND (d_date <= '2002-03-11'::date))", "Startup Cost": 0.0, "Actual Rows": 7, "Node Type": "Seq Scan", "Plan Rows": 6, "Relation Name": "date_dim", "Alias": "date_dim", "Parallel Aware": false, "Actual Total Time": 11.092, "Parent Relationship": "Outer", "Actual Startup Time": 4.422, "Plan Width": 4, "Actual Loops": 1, "Rows Removed by Filter": 73042, "Total Cost": 2500.73}], "Original Hash Buckets": 1024, "Hash Batches": 1, "Actual Rows": 7, "Node Type": "Hash", "Plan Rows": 6, "Actual Startup Time": 11.1, "Parallel Aware": false, "Actual Total Time": 11.1, "Parent Relationship": "Inner", "Peak Memory Usage": 9, "Plan Width": 4, "Actual Loops": 1, "Original Hash Batches": 1, "Total Cost": 2500.73}], "Actual Rows": 1309, "Node Type": "Hash Join", "Plan Rows": 59, "Join Type": "Inner", "Parallel Aware": false, "Actual Total Time": 164.556, "Hash Cond": "(web_sales.ws_sold_date_sk = date_dim.d_date_sk)", "Parent Relationship": "Outer", "Actual Startup Time": 11.202, "Plan Width": 4, "Actual Loops": 1, "Total Cost": 31316.63}, {"Hash Buckets": 32768, "Startup Cost": 1416.0, "Plans": [{"Startup Cost": 0.0, "Actual Rows": 18000, "Node Type": "Seq Scan", "Plan Rows": 18000, "Relation Name": "item", "Alias": "item", "Parallel Aware": false, "Actual Total Time": 3.01, "Parent Relationship": "Outer", "Actual Startup Time": 0.007, "Plan Width": 21, "Actual Loops": 1, "Total Cost": 1416.0}], "Original Hash Buckets": 32768, "Hash Batches": 1, "Actual Rows": 18000, "Node Type": "Hash", "Plan Rows": 18000, "Actual Startup Time": 5.934, "Parallel Aware": false, "Actual Total Time": 5.934, "Parent Relationship": "Inner", "Peak Memory Usage": 1241, "Plan Width": 21, "Actual Loops": 1, "Original Hash Batches": 1, "Total Cost": 1416.0}], "Actual Rows": 158807, "Node Type": "Hash Join", "Plan Rows": 59, "Join Type": "Inner", "Parallel Aware": false, "Actual Total Time": 171.353, "Hash Cond": "(web_sales.ws_item_sk = item.i_item_sk)", "Parent Relationship": "Outer", "Actual Startup Time": 17.153, "Plan Width": 17, "Actual Loops": 1, "Total Cost": 32958.44}], "Actual Rows": 80365, "Node Type": "Aggregate", "Strategy": "Hashed", "Plan Rows": 59, "Parallel Aware": false, "Actual Total Time": 172.213, "Group Key": ["item.i_item_id"], "Actual Startup Time": 172.085, "Plan Width": 17, "Actual Loops": 1, "Total Cost": 32959.17}, "Triggers": []}]