[{"Triggers": [], "Planning Time": 0.124, "Plan": {"Partial Mode": "Simple", "Startup Cost": 89182.49, "Plan Width": 4, "Plans": [{"Startup Cost": 2505.06, "Plan Width": 4, "Plans": [{"Startup Cost": 0.0, "Plan Width": 4, "Actual Total Time": 308.108, "Plan Rows": 2622557, "Total Cost": 76687.57, "Node Type": "Seq Scan", "Relation Name": "store_sales", "Alias": "store_sales", "Parallel Aware": false, "Actual Rows": 2485280, "Parent Relationship": "Outer", "Actual Startup Time": 0.032, "Actual Loops": 1}, {"Hash Buckets": 1024, "Startup Cost": 2500.73, "Plan Width": 8, "Plans": [{"Relation Name": "date_dim", "Startup Cost": 0.0, "Plan Width": 8, "Actual Total Time": 8.605, "Node Type": "Seq Scan", "Total Cost": 2500.73, "Plan Rows": 346, "Filter": "((d_month_seq >= 1196) AND (d_month_seq <= 1207))", "Alias": "date_dim", "Parallel Aware": false, "Actual Rows": 366, "Parent Relationship": "Outer", "Actual Startup Time": 3.734, "Rows Removed by Filter": 72683, "Actual Loops": 1}], "Original Hash Buckets": 1024, "Hash Batches": 1, "Node Type": "Hash", "Total Cost": 2500.73, "Plan Rows": 346, "Actual Total Time": 8.66, "Parallel Aware": false, "Actual Rows": 366, "Parent Relationship": "Inner", "Peak Memory Usage": 23, "Actual Startup Time": 8.66, "Original Hash Batches": 1, "Actual Loops": 1}], "Plan Rows": 12422, "Total Cost": 89151.44, "Node Type": "Hash Join", "Join Type": "Inner", "Actual Total Time": 610.3, "Parallel Aware": false, "Actual Rows": 55230423, "Parent Relationship": "Outer", "Hash Cond": "(store_sales.ss_sold_date_sk = date_dim.d_date_sk)", "Actual Startup Time": 8.703, "Actual Loops": 1}], "Node Type": "Aggregate", "Total Cost": 89185.9, "Strategy": "Hashed", "Actual Total Time": 689.166, "Plan Rows": 341, "Parallel Aware": false, "Actual Rows": 53, "Group Key": ["date_dim.d_week_seq"], "Actual Startup Time": 689.16, "Actual Loops": 1}, "Execution Time": 689.192}]