[{"Triggers": [], "Planning Time": 0.103, "Plan": {"Partial Mode": "Simple", "Startup Cost": 89156.66, "Plan Width": 4, "Plans": [{"Startup Cost": 2504.36, "Plan Width": 4, "Plans": [{"Startup Cost": 0.0, "Plan Width": 4, "Actual Total Time": 298.198, "Plan Rows": 2622557, "Total Cost": 76687.57, "Node Type": "Seq Scan", "Relation Name": "store_sales", "Alias": "store_sales", "Parallel Aware": false, "Actual Rows": 2485280, "Parent Relationship": "Outer", "Actual Startup Time": 0.011, "Actual Loops": 1}, {"Hash Buckets": 1024, "Startup Cost": 2500.73, "Plan Width": 8, "Plans": [{"Relation Name": "date_dim", "Startup Cost": 0.0, "Plan Width": 8, "Actual Total Time": 17.976, "Node Type": "Seq Scan", "Total Cost": 2500.73, "Plan Rows": 290, "Filter": "((d_month_seq >= 1184) AND (d_month_seq <= 1195))", "Alias": "date_dim", "Parallel Aware": false, "Actual Rows": 365, "Parent Relationship": "Outer", "Actual Startup Time": 5.541, "Rows Removed by Filter": 72684, "Actual Loops": 1}], "Original Hash Buckets": 1024, "Hash Batches": 1, "Node Type": "Hash", "Total Cost": 2500.73, "Plan Rows": 290, "Actual Total Time": 18.061, "Parallel Aware": false, "Actual Rows": 365, "Parent Relationship": "Inner", "Peak Memory Usage": 23, "Actual Startup Time": 18.061, "Original Hash Batches": 1, "Actual Loops": 1}], "Plan Rows": 10411, "Total Cost": 89130.63, "Node Type": "Hash Join", "Join Type": "Inner", "Actual Total Time": 604.207, "Parallel Aware": false, "Actual Rows": 55064199, "Parent Relationship": "Outer", "Hash Cond": "(store_sales.ss_sold_date_sk = date_dim.d_date_sk)", "Actual Startup Time": 18.079, "Actual Loops": 1}], "Node Type": "Aggregate", "Total Cost": 89159.53, "Strategy": "Hashed", "Actual Total Time": 682.357, "Plan Rows": 287, "Parallel Aware": false, "Actual Rows": 53, "Group Key": ["date_dim.d_week_seq"], "Actual Startup Time": 682.351, "Actual Loops": 1}, "Execution Time": 682.384}]