[{"Execution Time": 45.969, "Planning Time": 0.193, "Plan": {"Partial Mode": "Simple", "Startup Cost": 9326.51, "Plans": [{"Startup Cost": 7230.81, "Plans": [{"Startup Cost": 0.0, "Actual Rows": 50000, "Node Type": "Seq Scan", "Plan Rows": 50000, "Relation Name": "customer_address", "Alias": "customer_address", "Parallel Aware": false, "Actual Total Time": 4.127, "Parent Relationship": "Outer", "Actual Startup Time": 0.004, "Plan Width": 7, "Actual Loops": 1, "Total Cost": 1587.0}, {"Hash Buckets": 16384, "Startup Cost": 7222.03, "Plans": [{"Startup Cost": 2322.65, "Plans": [{"Startup Cost": 0.0, "Actual Rows": 127393, "Node Type": "Seq Scan", "Plan Rows": 141190, "Relation Name": "catalog_returns", "Alias": "catalog_returns", "Parallel Aware": false, "Actual Total Time": 10.589, "Parent Relationship": "Outer", "Actual Startup Time": 0.002, "Plan Width": 8, "Actual Loops": 1, "Total Cost": 4362.9}, {"Hash Buckets": 1024, "Startup Cost": 2318.11, "Plans": [{"Filter": "(d_year = 1998)", "Startup Cost": 0.0, "Actual Rows": 365, "Node Type": "Seq Scan", "Plan Rows": 363, "Relation Name": "date_dim", "Alias": "date_dim", "Parallel Aware": false, "Actual Total Time": 8.743, "Parent Relationship": "Outer", "Actual Startup Time": 4.508, "Plan Width": 4, "Actual Loops": 1, "Rows Removed by Filter": 72684, "Total Cost": 2318.11}], "Original Hash Buckets": 1024, "Hash Batches": 1, "Actual Rows": 365, "Node Type": "Hash", "Plan Rows": 363, "Actual Startup Time": 8.781, "Parallel Aware": false, "Actual Total Time": 8.781, "Parent Relationship": "Inner", "Peak Memory Usage": 21, "Plan Width": 4, "Actual Loops": 1, "Original Hash Batches": 1, "Total Cost": 2318.11}], "Actual Rows": 10783, "Node Type": "Hash Join", "Plan Rows": 702, "Join Type": "Inner", "Parallel Aware": false, "Actual Total Time": 31.482, "Hash Cond": "(catalog_returns.cr_returned_date_sk = date_dim.d_date_sk)", "Parent Relationship": "Outer", "Actual Startup Time": 8.789, "Plan Width": 4, "Actual Loops": 1, "Total Cost": 7222.03}], "Original Hash Buckets": 1024, "Hash Batches": 1, "Actual Rows": 10682, "Node Type": "Hash", "Plan Rows": 702, "Actual Startup Time": 32.779, "Parallel Aware": false, "Actual Total Time": 32.779, "Parent Relationship": "Inner", "Peak Memory Usage": 504, "Plan Width": 4, "Actual Loops": 1, "Original Hash Batches": 1, "Total Cost": 7222.03}], "Actual Rows": 1199387, "Node Type": "Hash Join", "Plan Rows": 702, "Join Type": "Inner", "Parallel Aware": false, "Actual Total Time": 44.169, "Hash Cond": "(customer_address.ca_address_sk = catalog_returns.cr_returning_addr_sk)", "Parent Relationship": "Outer", "Actual Startup Time": 32.793, "Plan Width": 3, "Actual Loops": 1, "Total Cost": 9324.76}], "Actual Rows": 52, "Node Type": "Aggregate", "Strategy": "Hashed", "Plan Rows": 51, "Parallel Aware": false, "Actual Total Time": 45.933, "Group Key": ["customer_address.ca_state"], "Actual Startup Time": 45.928, "Plan Width": 3, "Actual Loops": 1, "Total Cost": 9327.02}, "Triggers": []}]