[{"Triggers": [], "Planning Time": 0.174, "Plan": {"Partial Mode": "Simple", "Startup Cost": 61403.97, "Plan Width": 119, "Plans": [{"Startup Cost": 4053.82, "Plan Width": 119, "Plans": [{"Startup Cost": 2412.82, "Plan Width": 4, "Plans": [{"Startup Cost": 0.0, "Plan Width": 8, "Actual Total Time": 174.708, "Plan Rows": 1427370, "Total Cost": 51844.7, "Node Type": "Seq Scan", "Relation Name": "catalog_sales", "Alias": "catalog_sales", "Parallel Aware": false, "Actual Rows": 1343425, "Parent Relationship": "Outer", "Actual Startup Time": 0.015, "Actual Loops": 1}, {"Hash Buckets": 1024, "Startup Cost": 2409.42, "Plan Width": 4, "Plans": [{"Relation Name": "date_dim", "Startup Cost": 0.0, "Plan Width": 4, "Actual Total Time": 18.616, "Node Type": "Seq Scan", "Total Cost": 2409.42, "Plan Rows": 272, "Filter": "(d_quarter_name = ANY ('{2001Q1,2001Q2,2001Q3}'::bpchar[]))", "Alias": "date_dim", "Parallel Aware": false, "Actual Rows": 274, "Parent Relationship": "Outer", "Actual Startup Time": 8.513, "Rows Removed by Filter": 72775, "Actual Loops": 1}], "Original Hash Buckets": 1024, "Hash Batches": 1, "Node Type": "Hash", "Total Cost": 2409.42, "Plan Rows": 272, "Actual Total Time": 18.661, "Parallel Aware": false, "Actual Rows": 274, "Parent Relationship": "Inner", "Peak Memory Usage": 18, "Actual Startup Time": 18.661, "Original Hash Batches": 1, "Actual Loops": 1}], "Plan Rows": 5315, "Total Cost": 59663.31, "Node Type": "Hash Join", "Join Type": "Inner", "Actual Total Time": 324.907, "Parallel Aware": false, "Actual Rows": 149721, "Parent Relationship": "Outer", "Hash Cond": "(catalog_sales.cs_sold_date_sk = date_dim.d_date_sk)", "Actual Startup Time": 173.097, "Actual Loops": 1}, {"Hash Buckets": 32768, "Startup Cost": 1416.0, "Plan Width": 123, "Plans": [{"Startup Cost": 0.0, "Plan Width": 123, "Actual Total Time": 3.547, "Plan Rows": 18000, "Total Cost": 1416.0, "Node Type": "Seq Scan", "Relation Name": "item", "Alias": "item", "Parallel Aware": false, "Actual Rows": 18000, "Parent Relationship": "Outer", "Actual Startup Time": 0.004, "Actual Loops": 1}], "Original Hash Buckets": 32768, "Hash Batches": 1, "Node Type": "Hash", "Total Cost": 1416.0, "Plan Rows": 18000, "Actual Total Time": 7.252, "Parallel Aware": false, "Actual Rows": 18000, "Parent Relationship": "Inner", "Peak Memory Usage": 3031, "Actual Startup Time": 7.252, "Original Hash Batches": 1, "Actual Loops": 1}], "Plan Rows": 5315, "Total Cost": 61377.39, "Node Type": "Hash Join", "Join Type": "Inner", "Actual Total Time": 384.027, "Parallel Aware": false, "Actual Rows": 31825906, "Parent Relationship": "Outer", "Hash Cond": "(catalog_sales.cs_item_sk = item.i_item_sk)", "Actual Startup Time": 180.365, "Actual Loops": 1}], "Node Type": "Aggregate", "Total Cost": 61457.12, "Strategy": "Hashed", "Actual Total Time": 446.763, "Plan Rows": 5315, "Parallel Aware": false, "Actual Rows": 102000, "Group Key": ["item.i_item_id", "item.i_item_desc"], "Actual Startup Time": 445.155, "Actual Loops": 1}, "Execution Time": 447.08}]