[{"Triggers": [], "Planning Time": 0.201, "Plan": {"Partial Mode": "Simple", "Startup Cost": 91336.99, "Plan Width": 22, "Plans": [{"Startup Cost": 4713.86, "Plan Width": 22, "Plans": [{"Startup Cost": 2501.86, "Plan Width": 12, "Plans": [{"Startup Cost": 0.0, "Plan Width": 8, "Actual Total Time": 266.467, "Plan Rows": 2622557, "Total Cost": 76687.57, "Node Type": "Seq Scan", "Relation Name": "store_sales", "Alias": "store_sales", "Parallel Aware": false, "Actual Rows": 2485280, "Parent Relationship": "Outer", "Actual Startup Time": 0.014, "Actual Loops": 1}, {"Hash Buckets": 1024, "Startup Cost": 2500.73, "Plan Width": 12, "Plans": [{"Relation Name": "date_dim", "Startup Cost": 0.0, "Plan Width": 12, "Actual Total Time": 11.257, "Node Type": "Seq Scan", "Total Cost": 2500.73, "Plan Rows": 90, "Filter": "((d_qoy = 1) AND (d_year = 2000))", "Alias": "date_dim", "Parallel Aware": false, "Actual Rows": 91, "Parent Relationship": "Outer", "Actual Startup Time": 5.471, "Rows Removed by Filter": 72958, "Actual Loops": 1}], "Original Hash Buckets": 1024, "Hash Batches": 1, "Node Type": "Hash", "Total Cost": 2500.73, "Plan Rows": 90, "Actual Total Time": 11.273, "Parallel Aware": false, "Actual Rows": 91, "Parent Relationship": "Inner", "Peak Memory Usage": 12, "Actual Startup Time": 11.273, "Original Hash Batches": 1, "Actual Loops": 1}], "Plan Rows": 3231, "Total Cost": 89056.33, "Node Type": "Hash Join", "Join Type": "Inner", "Actual Total Time": 474.866, "Parallel Aware": false, "Actual Rows": 76359, "Parent Relationship": "Outer", "Hash Cond": "(store_sales.ss_sold_date_sk = date_dim.d_date_sk)", "Actual Startup Time": 11.326, "Actual Loops": 1}, {"Hash Buckets": 65536, "Startup Cost": 1587.0, "Plan Width": 18, "Plans": [{"Startup Cost": 0.0, "Plan Width": 18, "Actual Total Time": 8.168, "Plan Rows": 50000, "Total Cost": 1587.0, "Node Type": "Seq Scan", "Relation Name": "customer_address", "Alias": "customer_address", "Parallel Aware": false, "Actual Rows": 50000, "Parent Relationship": "Outer", "Actual Startup Time": 0.006, "Actual Loops": 1}], "Original Hash Buckets": 65536, "Hash Batches": 1, "Node Type": "Hash", "Total Cost": 1587.0, "Plan Rows": 50000, "Actual Total Time": 16.345, "Parallel Aware": false, "Actual Rows": 50000, "Parent Relationship": "Inner", "Peak Memory Usage": 3052, "Actual Startup Time": 16.344, "Original Hash Batches": 1, "Actual Loops": 1}], "Plan Rows": 3231, "Total Cost": 91312.76, "Node Type": "Hash Join", "Join Type": "Inner", "Actual Total Time": 508.712, "Parallel Aware": false, "Actual Rows": 8224832, "Parent Relationship": "Outer", "Hash Cond": "(store_sales.ss_addr_sk = customer_address.ca_address_sk)", "Actual Startup Time": 27.692, "Actual Loops": 1}], "Node Type": "Aggregate", "Total Cost": 91369.3, "Strategy": "Hashed", "Actual Total Time": 529.506, "Plan Rows": 3231, "Parallel Aware": false, "Actual Rows": 1847, "Group Key": ["customer_address.ca_county", "date_dim.d_qoy", "date_dim.d_year"], "Actual Startup Time": 529.293, "Actual Loops": 1}, "Execution Time": 529.59}]