[{"Triggers": [], "Planning Time": 0.228, "Plan": {"Partial Mode": "Simple", "Startup Cost": 91339.26, "Plan Width": 22, "Plans": [{"Startup Cost": 4713.89, "Plan Width": 22, "Plans": [{"Startup Cost": 2501.88, "Plan Width": 12, "Plans": [{"Startup Cost": 0.0, "Plan Width": 8, "Actual Total Time": 269.332, "Plan Rows": 2622557, "Total Cost": 76687.57, "Node Type": "Seq Scan", "Relation Name": "store_sales", "Alias": "store_sales", "Parallel Aware": false, "Actual Rows": 2485280, "Parent Relationship": "Outer", "Actual Startup Time": 0.014, "Actual Loops": 1}, {"Hash Buckets": 1024, "Startup Cost": 2500.73, "Plan Width": 12, "Plans": [{"Relation Name": "date_dim", "Startup Cost": 0.0, "Plan Width": 12, "Actual Total Time": 10.39, "Node Type": "Seq Scan", "Total Cost": 2500.73, "Plan Rows": 92, "Filter": "((d_qoy = 3) AND (d_year = 2000))", "Alias": "date_dim", "Parallel Aware": false, "Actual Rows": 92, "Parent Relationship": "Outer", "Actual Startup Time": 5.355, "Rows Removed by Filter": 72957, "Actual Loops": 1}], "Original Hash Buckets": 1024, "Hash Batches": 1, "Node Type": "Hash", "Total Cost": 2500.73, "Plan Rows": 92, "Actual Total Time": 10.418, "Parallel Aware": false, "Actual Rows": 92, "Parent Relationship": "Inner", "Peak Memory Usage": 12, "Actual Startup Time": 10.418, "Original Hash Batches": 1, "Actual Loops": 1}], "Plan Rows": 3303, "Total Cost": 89057.07, "Node Type": "Hash Join", "Join Type": "Inner", "Actual Total Time": 490.414, "Parallel Aware": false, "Actual Rows": 133544, "Parent Relationship": "Outer", "Hash Cond": "(store_sales.ss_sold_date_sk = date_dim.d_date_sk)", "Actual Startup Time": 10.48, "Actual Loops": 1}, {"Hash Buckets": 65536, "Startup Cost": 1587.0, "Plan Width": 18, "Plans": [{"Startup Cost": 0.0, "Plan Width": 18, "Actual Total Time": 7.496, "Plan Rows": 50000, "Total Cost": 1587.0, "Node Type": "Seq Scan", "Relation Name": "customer_address", "Alias": "customer_address", "Parallel Aware": false, "Actual Rows": 50000, "Parent Relationship": "Outer", "Actual Startup Time": 0.005, "Actual Loops": 1}], "Original Hash Buckets": 65536, "Hash Batches": 1, "Node Type": "Hash", "Total Cost": 1587.0, "Plan Rows": 50000, "Actual Total Time": 14.912, "Parallel Aware": false, "Actual Rows": 50000, "Parent Relationship": "Inner", "Peak Memory Usage": 3052, "Actual Startup Time": 14.911, "Original Hash Batches": 1, "Actual Loops": 1}], "Plan Rows": 3303, "Total Cost": 91314.49, "Node Type": "Hash Join", "Join Type": "Inner", "Actual Total Time": 535.471, "Parallel Aware": false, "Actual Rows": 14294816, "Parent Relationship": "Outer", "Hash Cond": "(store_sales.ss_addr_sk = customer_address.ca_address_sk)", "Actual Startup Time": 25.415, "Actual Loops": 1}], "Node Type": "Aggregate", "Total Cost": 91372.29, "Strategy": "Hashed", "Actual Total Time": 571.455, "Plan Rows": 3303, "Parallel Aware": false, "Actual Rows": 1847, "Group Key": ["customer_address.ca_county", "date_dim.d_qoy", "date_dim.d_year"], "Actual Startup Time": 571.234, "Actual Loops": 1}, "Execution Time": 571.551}]