[{"Triggers": [], "Planning Time": 0.171, "Plan": {"Partial Mode": "Simple", "Startup Cost": 88187.01, "Plan Width": 125, "Plans": [{"Startup Cost": 1506.78, "Plan Width": 125, "Plans": [{"Startup Cost": 0.0, "Plan Width": 4, "Actual Total Time": 322.68, "Plan Rows": 2622557, "Total Cost": 76687.57, "Node Type": "Seq Scan", "Relation Name": "store_sales", "Alias": "store_sales", "Parallel Aware": false, "Actual Rows": 2485280, "Parent Relationship": "Outer", "Actual Startup Time": 0.026, "Actual Loops": 1}, {"Hash Buckets": 1024, "Startup Cost": 1506.0, "Plan Width": 129, "Plans": [{"Relation Name": "item", "Startup Cost": 0.0, "Plan Width": 129, "Actual Total Time": 6.999, "Node Type": "Seq Scan", "Total Cost": 1506.0, "Plan Rows": 62, "Filter": "(i_manufact_id = ANY ('{198,999,168,196}'::integer[]))", "Alias": "item", "Parallel Aware": false, "Actual Rows": 100, "Parent Relationship": "Outer", "Actual Startup Time": 0.037, "Rows Removed by Filter": 17900, "Actual Loops": 1}], "Original Hash Buckets": 1024, "Hash Batches": 1, "Node Type": "Hash", "Total Cost": 1506.0, "Plan Rows": 62, "Actual Total Time": 7.057, "Parallel Aware": false, "Actual Rows": 100, "Parent Relationship": "Inner", "Peak Memory Usage": 25, "Actual Startup Time": 7.057, "Original Hash Batches": 1, "Actual Loops": 1}], "Plan Rows": 9033, "Total Cost": 88119.26, "Node Type": "Hash Join", "Join Type": "Inner", "Actual Total Time": 585.68, "Parallel Aware": false, "Actual Rows": 1572621, "Parent Relationship": "Outer", "Hash Cond": "(store_sales.ss_item_sk = item.i_item_sk)", "Actual Startup Time": 7.126, "Actual Loops": 1}], "Node Type": "Aggregate", "Total Cost": 88187.63, "Strategy": "Hashed", "Actual Total Time": 598.576, "Plan Rows": 62, "Parallel Aware": false, "Actual Rows": 1114, "Group Key": ["item.i_item_id", "item.i_item_desc", "item.i_current_price"], "Actual Startup Time": 598.558, "Actual Loops": 1}, "Execution Time": 598.611}]