[{"Triggers": [], "Planning Time": 0.049, "Plan": {"Partial Mode": "Simple", "Startup Cost": 2500.81, "Plan Width": 4, "Plans": [{"Relation Name": "date_dim", "Startup Cost": 0.0, "Plan Width": 4, "Actual Total Time": 9.297, "Node Type": "Seq Scan", "Total Cost": 2500.73, "Plan Rows": 31, "Filter": "((d_year = 2001) AND (d_moy = 5))", "Alias": "date_dim", "Parallel Aware": false, "Actual Rows": 31, "Parent Relationship": "Outer", "Actual Startup Time": 4.448, "Rows Removed by Filter": 73018, "Actual Loops": 1}], "Node Type": "Aggregate", "Total Cost": 2501.12, "Strategy": "Hashed", "Actual Total Time": 9.315, "Plan Rows": 31, "Parallel Aware": false, "Actual Rows": 1, "Group Key": ["d_month_seq"], "Actual Startup Time": 9.315, "Actual Loops": 1}, "Execution Time": 9.337}]