[{"Triggers": [], "Planning Time": 0.049, "Plan": {"Partial Mode": "Simple", "Startup Cost": 2409.48, "Plan Width": 4, "Plans": [{"Relation Name": "date_dim", "Startup Cost": 0.0, "Plan Width": 4, "Actual Total Time": 10.021, "Node Type": "Seq Scan", "Total Cost": 2409.42, "Plan Rows": 21, "Filter": "(d_week_seq = ANY ('{5181,5205,5211}'::integer[]))", "Alias": "date_dim", "Parallel Aware": false, "Actual Rows": 21, "Parent Relationship": "Outer", "Actual Startup Time": 4.461, "Rows Removed by Filter": 73028, "Actual Loops": 1}], "Node Type": "Aggregate", "Total Cost": 2409.69, "Strategy": "Hashed", "Actual Total Time": 10.037, "Plan Rows": 21, "Parallel Aware": false, "Actual Rows": 21, "Group Key": ["d_date"], "Actual Startup Time": 10.033, "Actual Loops": 1}, "Execution Time": 10.062}]