[{"Triggers": [], "Planning Time": 0.293, "Plan": {"Partial Mode": "Simple", "Startup Cost": 89036.58, "Plan Width": 17, "Plans": [{"Startup Cost": 2502.17, "Plan Width": 17, "Plans": [{"Startup Cost": 2500.9, "Plan Width": 4, "Plans": [{"Startup Cost": 0.0, "Plan Width": 8, "Actual Total Time": 324.793, "Plan Rows": 2622557, "Total Cost": 76687.57, "Node Type": "Seq Scan", "Relation Name": "store_sales", "Alias": "store_sales", "Parallel Aware": false, "Actual Rows": 2485280, "Parent Relationship": "Outer", "Actual Startup Time": 0.014, "Actual Loops": 1}, {"Hash Buckets": 1024, "Startup Cost": 2500.73, "Plan Width": 4, "Plans": [{"Relation Name": "date_dim", "Startup Cost": 0.0, "Plan Width": 4, "Actual Total Time": 11.238, "Node Type": "Seq Scan", "Total Cost": 2500.73, "Plan Rows": 13, "Filter": "((d_date >= '2001-08-21'::date) AND (d_date <= '2001-09-04'::date))", "Alias": "date_dim", "Parallel Aware": false, "Actual Rows": 15, "Parent Relationship": "Outer", "Actual Startup Time": 5.73, "Rows Removed by Filter": 73034, "Actual Loops": 1}], "Original Hash Buckets": 1024, "Hash Batches": 1, "Node Type": "Hash", "Total Cost": 2500.73, "Plan Rows": 13, "Actual Total Time": 11.248, "Parallel Aware": false, "Actual Rows": 15, "Parent Relationship": "Inner", "Peak Memory Usage": 9, "Actual Startup Time": 11.248, "Original Hash Batches": 1, "Actual Loops": 1}], "Plan Rows": 467, "Total Cost": 89027.73, "Node Type": "Hash Join", "Join Type": "Inner", "Actual Total Time": 561.498, "Parallel Aware": false, "Actual Rows": 27729, "Parent Relationship": "Outer", "Hash Cond": "(store_sales.ss_sold_date_sk = date_dim.d_date_sk)", "Actual Startup Time": 11.699, "Actual Loops": 1}, {"Hash Buckets": 1024, "Startup Cost": 1.12, "Plan Width": 21, "Plans": [{"Startup Cost": 0.0, "Plan Width": 21, "Actual Total Time": 0.01, "Plan Rows": 12, "Total Cost": 1.12, "Node Type": "Seq Scan", "Relation Name": "store", "Alias": "store", "Parallel Aware": false, "Actual Rows": 12, "Parent Relationship": "Outer", "Actual Startup Time": 0.007, "Actual Loops": 1}], "Original Hash Buckets": 1024, "Hash Batches": 1, "Node Type": "Hash", "Total Cost": 1.12, "Plan Rows": 12, "Actual Total Time": 0.016, "Parallel Aware": false, "Actual Rows": 12, "Parent Relationship": "Inner", "Peak Memory Usage": 9, "Actual Startup Time": 0.016, "Original Hash Batches": 1, "Actual Loops": 1}], "Plan Rows": 467, "Total Cost": 89035.42, "Node Type": "Hash Join", "Join Type": "Inner", "Actual Total Time": 568.429, "Parallel Aware": false, "Actual Rows": 2900623, "Parent Relationship": "Outer", "Hash Cond": "(store_sales.ss_store_sk = store.s_store_sk)", "Actual Startup Time": 11.719, "Actual Loops": 1}], "Node Type": "Aggregate", "Total Cost": 89036.64, "Strategy": "Hashed", "Actual Total Time": 575.205, "Plan Rows": 6, "Parallel Aware": false, "Actual Rows": 201, "Group Key": ["store.s_store_id"], "Actual Startup Time": 575.204, "Actual Loops": 1}, "Execution Time": 575.251}]