[{"Triggers": [], "Planning Time": 0.173, "Plan": {"Partial Mode": "Simple", "Startup Cost": 11055.1, "Plan Width": 17, "Plans": [{"Startup Cost": 2502.17, "Plan Width": 17, "Plans": [{"Startup Cost": 2500.9, "Plan Width": 4, "Plans": [{"Startup Cost": 0.0, "Plan Width": 8, "Actual Total Time": 32.398, "Plan Rows": 277502, "Total Cost": 7511.02, "Node Type": "Seq Scan", "Relation Name": "store_returns", "Alias": "store_returns", "Parallel Aware": false, "Actual Rows": 263253, "Parent Relationship": "Outer", "Actual Startup Time": 0.007, "Actual Loops": 1}, {"Hash Buckets": 1024, "Startup Cost": 2500.73, "Plan Width": 4, "Plans": [{"Relation Name": "date_dim", "Startup Cost": 0.0, "Plan Width": 4, "Actual Total Time": 9.154, "Node Type": "Seq Scan", "Total Cost": 2500.73, "Plan Rows": 13, "Filter": "((d_date >= '2001-08-21'::date) AND (d_date <= '2001-09-04'::date))", "Alias": "date_dim", "Parallel Aware": false, "Actual Rows": 15, "Parent Relationship": "Outer", "Actual Startup Time": 3.888, "Rows Removed by Filter": 73034, "Actual Loops": 1}], "Original Hash Buckets": 1024, "Hash Batches": 1, "Node Type": "Hash", "Total Cost": 2500.73, "Plan Rows": 13, "Actual Total Time": 9.16, "Parallel Aware": false, "Actual Rows": 15, "Parent Relationship": "Inner", "Peak Memory Usage": 9, "Actual Startup Time": 9.16, "Original Hash Batches": 1, "Actual Loops": 1}], "Plan Rows": 49, "Total Cost": 11053.04, "Node Type": "Hash Join", "Join Type": "Inner", "Actual Total Time": 65.04, "Parallel Aware": false, "Actual Rows": 1463, "Parent Relationship": "Outer", "Hash Cond": "(store_returns.sr_returned_date_sk = date_dim.d_date_sk)", "Actual Startup Time": 9.228, "Actual Loops": 1}, {"Hash Buckets": 1024, "Startup Cost": 1.12, "Plan Width": 21, "Plans": [{"Startup Cost": 0.0, "Plan Width": 21, "Actual Total Time": 0.007, "Plan Rows": 12, "Total Cost": 1.12, "Node Type": "Seq Scan", "Relation Name": "store", "Alias": "store", "Parallel Aware": false, "Actual Rows": 12, "Parent Relationship": "Outer", "Actual Startup Time": 0.004, "Actual Loops": 1}], "Original Hash Buckets": 1024, "Hash Batches": 1, "Node Type": "Hash", "Total Cost": 1.12, "Plan Rows": 12, "Actual Total Time": 0.009, "Parallel Aware": false, "Actual Rows": 12, "Parent Relationship": "Inner", "Peak Memory Usage": 9, "Actual Startup Time": 0.009, "Original Hash Batches": 1, "Actual Loops": 1}], "Plan Rows": 49, "Total Cost": 11054.97, "Node Type": "Hash Join", "Join Type": "Inner", "Actual Total Time": 65.54, "Parallel Aware": false, "Actual Rows": 149596, "Parent Relationship": "Outer", "Hash Cond": "(store_returns.sr_store_sk = store.s_store_sk)", "Actual Startup Time": 9.244, "Actual Loops": 1}], "Node Type": "Aggregate", "Total Cost": 11055.16, "Strategy": "Hashed", "Actual Total Time": 66.02, "Plan Rows": 6, "Parallel Aware": false, "Actual Rows": 201, "Group Key": ["store.s_store_id"], "Actual Startup Time": 66.019, "Actual Loops": 1}, "Execution Time": 66.048}]