[{"Execution Time": 367.26, "Planning Time": 0.167, "Plan": {"Partial Mode": "Simple", "Startup Cost": 60210.56, "Plans": [{"Startup Cost": 3006.55, "Plans": [{"Startup Cost": 2500.9, "Plans": [{"Startup Cost": 0.0, "Actual Rows": 1343425, "Node Type": "Seq Scan", "Plan Rows": 1427370, "Relation Name": "catalog_sales", "Alias": "catalog_sales", "Parallel Aware": false, "Actual Total Time": 214.845, "Parent Relationship": "Outer", "Actual Startup Time": 0.008, "Plan Width": 8, "Actual Loops": 1, "Total Cost": 51844.7}, {"Hash Buckets": 1024, "Startup Cost": 2500.73, "Plans": [{"Filter": "((d_date >= '2001-08-21'::date) AND (d_date <= '2001-09-04'::date))", "Startup Cost": 0.0, "Actual Rows": 15, "Node Type": "Seq Scan", "Plan Rows": 13, "Relation Name": "date_dim", "Alias": "date_dim", "Parallel Aware": false, "Actual Total Time": 14.733, "Parent Relationship": "Outer", "Actual Startup Time": 4.274, "Plan Width": 4, "Actual Loops": 1, "Rows Removed by Filter": 73034, "Total Cost": 2500.73}], "Original Hash Buckets": 1024, "Hash Batches": 1, "Actual Rows": 15, "Node Type": "Hash", "Plan Rows": 13, "Actual Startup Time": 14.743, "Parallel Aware": false, "Actual Total Time": 14.743, "Parent Relationship": "Inner", "Peak Memory Usage": 9, "Plan Width": 4, "Actual Loops": 1, "Original Hash Batches": 1, "Total Cost": 2500.73}], "Actual Rows": 14790, "Node Type": "Hash Join", "Plan Rows": 254, "Join Type": "Inner", "Parallel Aware": false, "Actual Total Time": 357.429, "Hash Cond": "(catalog_sales.cs_sold_date_sk = date_dim.d_date_sk)", "Parent Relationship": "Outer", "Actual Startup Time": 246.449, "Plan Width": 4, "Actual Loops": 1, "Total Cost": 59700.78}, {"Hash Buckets": 16384, "Startup Cost": 359.18, "Plans": [{"Startup Cost": 0.0, "Actual Rows": 11718, "Node Type": "Seq Scan", "Plan Rows": 11718, "Relation Name": "catalog_page", "Alias": "catalog_page", "Parallel Aware": false, "Actual Total Time": 2.011, "Parent Relationship": "Outer", "Actual Startup Time": 0.007, "Plan Width": 21, "Actual Loops": 1, "Total Cost": 359.18}], "Original Hash Buckets": 16384, "Hash Batches": 1, "Actual Rows": 11718, "Node Type": "Hash", "Plan Rows": 11718, "Actual Startup Time": 3.411, "Parallel Aware": false, "Actual Total Time": 3.411, "Parent Relationship": "Inner", "Peak Memory Usage": 769, "Plan Width": 21, "Actual Loops": 1, "Original Hash Batches": 1, "Total Cost": 359.18}], "Actual Rows": 3089602, "Node Type": "Hash Join", "Plan Rows": 254, "Join Type": "Inner", "Parallel Aware": false, "Actual Total Time": 364.281, "Hash Cond": "(catalog_sales.cs_catalog_page_sk = catalog_page.cp_catalog_page_sk)", "Parent Relationship": "Outer", "Actual Startup Time": 249.871, "Plan Width": 17, "Actual Loops": 1, "Total Cost": 60209.92}], "Actual Rows": 564, "Node Type": "Aggregate", "Strategy": "Hashed", "Plan Rows": 254, "Parallel Aware": false, "Actual Total Time": 367.204, "Group Key": ["catalog_page.cp_catalog_page_id"], "Actual Startup Time": 367.168, "Plan Width": 17, "Actual Loops": 1, "Total Cost": 60213.1}, "Triggers": []}]