[{"Triggers": [], "Planning Time": 0.575, "Plan": {"Partial Mode": "Simple", "Startup Cost": 65958.79, "Plan Width": 11, "Plans": [{"Startup Cost": 8734.95, "Plan Width": 11, "Plans": [{"Startup Cost": 2501.88, "Plan Width": 4, "Plans": [{"Startup Cost": 0.0, "Plan Width": 8, "Actual Total Time": 257.547, "Plan Rows": 1427370, "Total Cost": 51844.7, "Node Type": "Seq Scan", "Relation Name": "catalog_sales", "Alias": "catalog_sales", "Parallel Aware": false, "Actual Rows": 1343425, "Parent Relationship": "Outer", "Actual Startup Time": 0.021, "Actual Loops": 1}, {"Hash Buckets": 1024, "Startup Cost": 2500.73, "Plan Width": 4, "Plans": [{"Relation Name": "date_dim", "Startup Cost": 0.0, "Plan Width": 4, "Actual Total Time": 22.166, "Node Type": "Seq Scan", "Total Cost": 2500.73, "Plan Rows": 92, "Filter": "((d_qoy = 2) AND (d_year = 1998))", "Alias": "date_dim", "Parallel Aware": false, "Actual Rows": 91, "Parent Relationship": "Outer", "Actual Startup Time": 10.814, "Rows Removed by Filter": 72958, "Actual Loops": 1}], "Original Hash Buckets": 1024, "Hash Batches": 1, "Node Type": "Hash", "Total Cost": 2500.73, "Plan Rows": 92, "Actual Total Time": 22.193, "Parallel Aware": false, "Actual Rows": 91, "Parent Relationship": "Inner", "Peak Memory Usage": 12, "Actual Startup Time": 22.193, "Original Hash Batches": 1, "Actual Loops": 1}], "Plan Rows": 1798, "Total Cost": 59717.2, "Node Type": "Hash Join", "Join Type": "Inner", "Actual Total Time": 435.228, "Parallel Aware": false, "Actual Rows": 38649, "Parent Relationship": "Outer", "Hash Cond": "(catalog_sales.cs_sold_date_sk = date_dim.d_date_sk)", "Actual Startup Time": 27.454, "Actual Loops": 1}, {"Hash Buckets": 8192, "Startup Cost": 6133.69, "Plan Width": 15, "Plans": [{"Startup Cost": 1824.19, "Plan Width": 15, "Plans": [{"Startup Cost": 0.0, "Plan Width": 8, "Actual Total Time": 13.854, "Plan Rows": 100000, "Total Cost": 3855.0, "Node Type": "Seq Scan", "Relation Name": "customer", "Alias": "customer", "Parallel Aware": false, "Actual Rows": 94736, "Parent Relationship": "Outer", "Actual Startup Time": 0.007, "Actual Loops": 1}, {"Hash Buckets": 4096, "Startup Cost": 1774.5, "Plan Width": 15, "Plans": [{"Relation Name": "customer_address", "Startup Cost": 0.0, "Plan Width": 15, "Actual Total Time": 19.786, "Node Type": "Seq Scan", "Total Cost": 1774.5, "Plan Rows": 3975, "Filter": "(ca_state = ANY ('{CA,WA,GA}'::bpchar[]))", "Alias": "customer_address", "Parallel Aware": false, "Actual Rows": 4018, "Parent Relationship": "Outer", "Actual Startup Time": 0.011, "Rows Removed by Filter": 45982, "Actual Loops": 1}], "Original Hash Buckets": 4096, "Hash Batches": 1, "Node Type": "Hash", "Total Cost": 1774.5, "Plan Rows": 3975, "Actual Total Time": 21.043, "Parallel Aware": false, "Actual Rows": 4018, "Parent Relationship": "Inner", "Peak Memory Usage": 220, "Actual Startup Time": 21.043, "Original Hash Batches": 1, "Actual Loops": 1}], "Plan Rows": 7950, "Total Cost": 6133.69, "Node Type": "Hash Join", "Join Type": "Inner", "Actual Total Time": 61.034, "Parallel Aware": false, "Actual Rows": 7675, "Parent Relationship": "Outer", "Hash Cond": "(customer.c_current_addr_sk = customer_address.ca_address_sk)", "Actual Startup Time": 21.068, "Actual Loops": 1}], "Original Hash Buckets": 8192, "Hash Batches": 1, "Node Type": "Hash", "Total Cost": 6133.69, "Plan Rows": 7950, "Actual Total Time": 63.806, "Parallel Aware": false, "Actual Rows": 7675, "Parent Relationship": "Inner", "Peak Memory Usage": 415, "Actual Startup Time": 63.806, "Original Hash Batches": 1, "Actual Loops": 1}], "Plan Rows": 143, "Total Cost": 65958.44, "Node Type": "Hash Join", "Join Type": "Inner", "Actual Total Time": 503.165, "Parallel Aware": false, "Actual Rows": 651808, "Parent Relationship": "Outer", "Hash Cond": "(catalog_sales.cs_bill_customer_sk = customer.c_customer_sk)", "Actual Startup Time": 93.305, "Actual Loops": 1}], "Node Type": "Aggregate", "Total Cost": 65960.22, "Strategy": "Hashed", "Actual Total Time": 503.884, "Plan Rows": 143, "Parallel Aware": false, "Actual Rows": 974, "Group Key": ["customer_address.ca_zip"], "Actual Startup Time": 503.847, "Actual Loops": 1}, "Execution Time": 503.989}]