[
  {
    "Plan": {
      "Node Type": "Aggregate",
      "Strategy": "Hashed",
      "Partial Mode": "Simple",
      "Parallel Aware": false,
      "Startup Cost": 1506.00,
      "Total Cost": 1506.01,
      "Plan Rows": 1,
      "Plan Width": 4,
      "Actual Startup Time": 3.940,
      "Actual Total Time": 3.940,
      "Actual Rows": 40,
      "Actual Loops": 1,
      "Group Key": ["i_brand_id"],
      "Plans": [
        {
          "Node Type": "Seq Scan",
          "Parent Relationship": "Outer",
          "Parallel Aware": false,
          "Relation Name": "item",
          "Alias": "item",
          "Startup Cost": 0.00,
          "Total Cost": 1506.00,
          "Plan Rows": 1,
          "Plan Width": 4,
          "Actual Startup Time": 3.937,
          "Actual Total Time": 3.937,
          "Actual Rows": 200,
          "Actual Loops": 1,
          "Filter": "((i_brand_id < 5) AND (i_manufact_id < 10))",
          "Rows Removed by Filter": 18000
        }
      ]
    },
    "Planning Time": 0.105,
    "Triggers": [
    ],
    "Execution Time": 3.965
  }
]
