[
  {
    "Plan": {
      "Node Type": "Aggregate",
      "Strategy": "Hashed",
      "Partial Mode": "Simple",
      "Parallel Aware": false,
      "Startup Cost": 1508.50,
      "Total Cost": 1509.50,
      "Plan Rows": 100,
      "Plan Width": 4,
      "Actual Startup Time": 5.586,
      "Actual Total Time": 5.588,
      "Actual Rows": 4,
      "Actual Loops": 1,
      "Group Key": ["i_manager_id"],
      "Plans": [
        {
          "Node Type": "Seq Scan",
          "Parent Relationship": "Outer",
          "Parallel Aware": false,
          "Relation Name": "item",
          "Alias": "item",
          "Startup Cost": 0.00,
          "Total Cost": 1506.00,
          "Plan Rows": 1001,
          "Plan Width": 4,
          "Actual Startup Time": 0.009,
          "Actual Total Time": 5.397,
          "Actual Rows": 996,
          "Actual Loops": 1,
          "Filter": "((i_manager_id < 5) AND (i_class_id < 10))",
          "Rows Removed by Filter": 17004
        }
      ]
    },
    "Planning Time": 0.080,
    "Triggers": [
    ],
    "Execution Time": 5.612
  }
]
