[
  {
    "Plan": {
      "Node Type": "Hash Join",
      "Parallel Aware": false,
      "Join Type": "Inner",
      "Startup Cost": 3922.62,
      "Total Cost": 90627.67,
      "Plan Rows": 156,
      "Plan Width": 0,
      "Actual Startup Time": 53.058,
      "Actual Total Time": 582.358,
      "Actual Rows": 29449,
      "Actual Loops": 1,
      "Hash Cond": "(store_sales.ss_store_sk = store.s_store_sk)",
      "Plans": [
        {
          "Node Type": "Hash Join",
          "Parent Relationship": "Outer",
          "Parallel Aware": false,
          "Join Type": "Inner",
          "Startup Cost": 3921.35,
          "Total Cost": 90624.26,
          "Plan Rows": 156,
          "Plan Width": 4,
          "Actual Startup Time": 52.977,
          "Actual Total Time": 576.623,
          "Actual Rows": 29449,
          "Actual Loops": 1,
          "Hash Cond": "(store_sales.ss_item_sk = item.i_item_sk)",
          "Plans": [
            {
              "Node Type": "Hash Join",
              "Parent Relationship": "Outer",
              "Parallel Aware": false,
              "Join Type": "Inner",
              "Startup Cost": 2322.65,
              "Total Cost": 88975.13,
              "Plan Rows": 13032,
              "Plan Width": 8,
              "Actual Startup Time": 14.061,
              "Actual Total Time": 492.096,
              "Actual Rows": 496217,
              "Actual Loops": 1,
              "Hash Cond": "(store_sales.ss_sold_date_sk = date_dim.d_date_sk)",
              "Plans": [
                {
                  "Node Type": "Seq Scan",
                  "Parent Relationship": "Outer",
                  "Parallel Aware": false,
                  "Relation Name": "store_sales",
                  "Alias": "store_sales",
                  "Startup Cost": 0.00,
                  "Total Cost": 76687.57,
                  "Plan Rows": 2622557,
                  "Plan Width": 12,
                  "Actual Startup Time": 0.009,
                  "Actual Total Time": 208.675,
                  "Actual Rows": 2485280,
                  "Actual Loops": 1
                },
                {
                  "Node Type": "Hash",
                  "Parent Relationship": "Inner",
                  "Parallel Aware": false,
                  "Startup Cost": 2318.11,
                  "Total Cost": 2318.11,
                  "Plan Rows": 363,
                  "Plan Width": 4,
                  "Actual Startup Time": 14.028,
                  "Actual Total Time": 14.028,
                  "Actual Rows": 365,
                  "Actual Loops": 1,
                  "Hash Buckets": 1024,
                  "Original Hash Buckets": 1024,
                  "Hash Batches": 1,
                  "Original Hash Batches": 1,
                  "Peak Memory Usage": 21,
                  "Plans": [
                    {
                      "Node Type": "Seq Scan",
                      "Parent Relationship": "Outer",
                      "Parallel Aware": false,
                      "Relation Name": "date_dim",
                      "Alias": "date_dim",
                      "Startup Cost": 0.00,
                      "Total Cost": 2318.11,
                      "Plan Rows": 363,
                      "Plan Width": 4,
                      "Actual Startup Time": 8.691,
                      "Actual Total Time": 13.969,
                      "Actual Rows": 365,
                      "Actual Loops": 1,
                      "Filter": "(d_year = 2002)",
                      "Rows Removed by Filter": 72684
                    }
                  ]
                }
              ]
            },
            {
              "Node Type": "Hash",
              "Parent Relationship": "Inner",
              "Parallel Aware": false,
              "Startup Cost": 1596.00,
              "Total Cost": 1596.00,
              "Plan Rows": 216,
              "Plan Width": 4,
              "Actual Startup Time": 38.893,
              "Actual Total Time": 38.893,
              "Actual Rows": 1094,
              "Actual Loops": 1,
              "Hash Buckets": 2048,
              "Original Hash Buckets": 1024,
              "Hash Batches": 1,
              "Original Hash Batches": 1,
              "Peak Memory Usage": 55,
              "Plans": [
                {
                  "Node Type": "Seq Scan",
                  "Parent Relationship": "Outer",
                  "Parallel Aware": false,
                  "Relation Name": "item",
                  "Alias": "item",
                  "Startup Cost": 0.00,
                  "Total Cost": 1596.00,
                  "Plan Rows": 216,
                  "Plan Width": 4,
                  "Actual Startup Time": 0.020,
                  "Actual Total Time": 38.106,
                  "Actual Rows": 1094,
                  "Actual Loops": 1,
                  "Filter": "(((i_category = ANY ('{Jewelry,Women}'::bpchar[])) AND (i_class = ANY ('{\"mens watch\",dresses}'::bpchar[]))) OR ((i_category = ANY ('{Men,Sports}'::bpchar[])) AND (i_class = ANY ('{sports-apparel,sailing}'::bpchar[]))))",
                  "Rows Removed by Filter": 16906
                }
              ]
            }
          ]
        },
        {
          "Node Type": "Hash",
          "Parent Relationship": "Inner",
          "Parallel Aware": false,
          "Startup Cost": 1.12,
          "Total Cost": 1.12,
          "Plan Rows": 12,
          "Plan Width": 4,
          "Actual Startup Time": 0.032,
          "Actual Total Time": 0.032,
          "Actual Rows": 12,
          "Actual Loops": 1,
          "Hash Buckets": 1024,
          "Original Hash Buckets": 1024,
          "Hash Batches": 1,
          "Original Hash Batches": 1,
          "Peak Memory Usage": 9,
          "Plans": [
            {
              "Node Type": "Seq Scan",
              "Parent Relationship": "Outer",
              "Parallel Aware": false,
              "Relation Name": "store",
              "Alias": "store",
              "Startup Cost": 0.00,
              "Total Cost": 1.12,
              "Plan Rows": 12,
              "Plan Width": 4,
              "Actual Startup Time": 0.015,
              "Actual Total Time": 0.023,
              "Actual Rows": 12,
              "Actual Loops": 1
            }
          ]
        }
      ]
    },
    "Planning Time": 2.353,
    "Triggers": [
    ],
    "Execution Time": 583.489
  }
]
