[
  {
    "Plan": {
      "Node Type": "Hash Join",
      "Parallel Aware": false,
      "Join Type": "Inner",
      "Startup Cost": 4145.51,
      "Total Cost": 33031.35,
      "Plan Rows": 2973,
      "Plan Width": 792,
      "Actual Startup Time": 16.127,
      "Actual Total Time": 315.111,
      "Actual Rows": 131395,
      "Actual Loops": 1,
      "Hash Cond": "(web_sales.ws_item_sk = item.i_item_sk)",
      "Plans": [
        {
          "Node Type": "Hash Join",
          "Parent Relationship": "Outer",
          "Parallel Aware": false,
          "Join Type": "Inner",
          "Startup Cost": 2504.51,
          "Total Cost": 31349.47,
          "Plan Rows": 2973,
          "Plan Width": 289,
          "Actual Startup Time": 9.718,
          "Actual Total Time": 211.767,
          "Actual Rows": 131395,
          "Actual Loops": 1,
          "Hash Cond": "(web_sales.ws_sold_date_sk = date_dim.d_date_sk)",
          "Plans": [
            {
              "Node Type": "Seq Scan",
              "Parent Relationship": "Outer",
              "Parallel Aware": false,
              "Relation Name": "web_sales",
              "Alias": "web_sales",
              "Startup Cost": 0.00,
              "Total Cost": 26118.71,
              "Plan Rows": 719071,
              "Plan Width": 171,
              "Actual Startup Time": 0.007,
              "Actual Total Time": 64.814,
              "Actual Rows": 648025,
              "Actual Loops": 1
            },
            {
              "Node Type": "Hash",
              "Parent Relationship": "Inner",
              "Parallel Aware": false,
              "Startup Cost": 2500.73,
              "Total Cost": 2500.73,
              "Plan Rows": 302,
              "Plan Width": 118,
              "Actual Startup Time": 9.685,
              "Actual Total Time": 9.685,
              "Actual Rows": 365,
              "Actual Loops": 1,
              "Hash Buckets": 1024,
              "Original Hash Buckets": 1024,
              "Hash Batches": 1,
              "Original Hash Batches": 1,
              "Peak Memory Usage": 63,
              "Plans": [
                {
                  "Node Type": "Seq Scan",
                  "Parent Relationship": "Outer",
                  "Parallel Aware": false,
                  "Relation Name": "date_dim",
                  "Alias": "date_dim",
                  "Startup Cost": 0.00,
                  "Total Cost": 2500.73,
                  "Plan Rows": 302,
                  "Plan Width": 118,
                  "Actual Startup Time": 4.465,
                  "Actual Total Time": 9.609,
                  "Actual Rows": 365,
                  "Actual Loops": 1,
                  "Filter": "((d_month_seq >= 1211) AND (d_month_seq <= 1222))",
                  "Rows Removed by Filter": 72684
                }
              ]
            }
          ]
        },
        {
          "Node Type": "Hash",
          "Parent Relationship": "Inner",
          "Parallel Aware": false,
          "Startup Cost": 1416.00,
          "Total Cost": 1416.00,
          "Plan Rows": 18000,
          "Plan Width": 503,
          "Actual Startup Time": 6.390,
          "Actual Total Time": 6.390,
          "Actual Rows": 18000,
          "Actual Loops": 1,
          "Hash Buckets": 32768,
          "Original Hash Buckets": 32768,
          "Hash Batches": 1,
          "Original Hash Batches": 1,
          "Peak Memory Usage": 9840,
          "Plans": [
            {
              "Node Type": "Seq Scan",
              "Parent Relationship": "Outer",
              "Parallel Aware": false,
              "Relation Name": "item",
              "Alias": "item",
              "Startup Cost": 0.00,
              "Total Cost": 1416.00,
              "Plan Rows": 18000,
              "Plan Width": 503,
              "Actual Startup Time": 0.006,
              "Actual Total Time": 2.400,
              "Actual Rows": 18000,
              "Actual Loops": 1
            }
          ]
        }
      ]
    },
    "Planning Time": 0.351,
    "Triggers": [
    ],
    "Execution Time": 319.710
  }
]
