[
  {
    "Plan": {
      "Node Type": "Hash Join",
      "Parallel Aware": false,
      "Join Type": "Inner",
      "Startup Cost": 2502.26,
      "Total Cost": 7396.03,
      "Plan Rows": 60,
      "Plan Width": 658,
      "Actual Startup Time": 22.783,
      "Actual Total Time": 36.681,
      "Actual Rows": 2110,
      "Actual Loops": 1,
      "Hash Cond": "(catalog_returns.cr_call_center_sk = call_center.cc_call_center_sk)",
      "Plans": [
        {
          "Node Type": "Hash Join",
          "Parent Relationship": "Outer",
          "Parallel Aware": false,
          "Join Type": "Inner",
          "Startup Cost": 2501.12,
          "Total Cost": 7394.09,
          "Plan Rows": 60,
          "Plan Width": 248,
          "Actual Startup Time": 22.771,
          "Actual Total Time": 35.571,
          "Actual Rows": 2110,
          "Actual Loops": 1,
          "Hash Cond": "(catalog_returns.cr_returned_date_sk = date_dim.d_date_sk)",
          "Plans": [
            {
              "Node Type": "Seq Scan",
              "Parent Relationship": "Outer",
              "Parallel Aware": false,
              "Relation Name": "catalog_returns",
              "Alias": "catalog_returns",
              "Startup Cost": 0.00,
              "Total Cost": 4362.90,
              "Plan Rows": 141190,
              "Plan Width": 130,
              "Actual Startup Time": 0.003,
              "Actual Total Time": 11.421,
              "Actual Rows": 125388,
              "Actual Loops": 1
            },
            {
              "Node Type": "Hash",
              "Parent Relationship": "Inner",
              "Parallel Aware": false,
              "Startup Cost": 2500.73,
              "Total Cost": 2500.73,
              "Plan Rows": 31,
              "Plan Width": 118,
              "Actual Startup Time": 13.354,
              "Actual Total Time": 13.354,
              "Actual Rows": 31,
              "Actual Loops": 1,
              "Hash Buckets": 1024,
              "Original Hash Buckets": 1024,
              "Hash Batches": 1,
              "Original Hash Batches": 1,
              "Peak Memory Usage": 13,
              "Plans": [
                {
                  "Node Type": "Seq Scan",
                  "Parent Relationship": "Outer",
                  "Parallel Aware": false,
                  "Relation Name": "date_dim",
                  "Alias": "date_dim",
                  "Startup Cost": 0.00,
                  "Total Cost": 2500.73,
                  "Plan Rows": 31,
                  "Plan Width": 118,
                  "Actual Startup Time": 6.457,
                  "Actual Total Time": 13.346,
                  "Actual Rows": 31,
                  "Actual Loops": 1,
                  "Filter": "((d_year = 2000) AND (d_moy = 12))",
                  "Rows Removed by Filter": 73018
                }
              ]
            }
          ]
        },
        {
          "Node Type": "Hash",
          "Parent Relationship": "Inner",
          "Parallel Aware": false,
          "Startup Cost": 1.06,
          "Total Cost": 1.06,
          "Plan Rows": 6,
          "Plan Width": 410,
          "Actual Startup Time": 0.006,
          "Actual Total Time": 0.006,
          "Actual Rows": 6,
          "Actual Loops": 1,
          "Hash Buckets": 1024,
          "Original Hash Buckets": 1024,
          "Hash Batches": 1,
          "Original Hash Batches": 1,
          "Peak Memory Usage": 11,
          "Plans": [
            {
              "Node Type": "Seq Scan",
              "Parent Relationship": "Outer",
              "Parallel Aware": false,
              "Relation Name": "call_center",
              "Alias": "call_center",
              "Startup Cost": 0.00,
              "Total Cost": 1.06,
              "Plan Rows": 6,
              "Plan Width": 410,
              "Actual Startup Time": 0.003,
              "Actual Total Time": 0.004,
              "Actual Rows": 6,
              "Actual Loops": 1
            }
          ]
        }
      ]
    },
    "Planning Time": 0.235,
    "Triggers": [
    ],
    "Execution Time": 36.811
  }
]
