[
  {
    "Plan": {
      "Node Type": "Hash Join",
      "Parallel Aware": false,
      "Join Type": "Inner",
      "Startup Cost": 5924.40,
      "Total Cost": 92462.13,
      "Plan Rows": 37,
      "Plan Width": 881,
      "Actual Startup Time": 27.861,
      "Actual Total Time": 466.950,
      "Actual Rows": 809,
      "Actual Loops": 1,
      "Hash Cond": "(store_sales.ss_addr_sk = customer_address.ca_address_sk)",
      "Plans": [
        {
          "Node Type": "Hash Join",
          "Parent Relationship": "Outer",
          "Parallel Aware": false,
          "Join Type": "Inner",
          "Startup Cost": 3984.67,
          "Total Cost": 90521.66,
          "Plan Rows": 101,
          "Plan Width": 736,
          "Actual Startup Time": 14.139,
          "Actual Total Time": 452.405,
          "Actual Rows": 2242,
          "Actual Loops": 1,
          "Hash Cond": "(store_sales.ss_item_sk = item.i_item_sk)",
          "Plans": [
            {
              "Node Type": "Hash Join",
              "Parent Relationship": "Outer",
              "Parallel Aware": false,
              "Join Type": "Inner",
              "Startup Cost": 2501.08,
              "Total Cost": 89033.29,
              "Plan Rows": 1005,
              "Plan Width": 233,
              "Actual Startup Time": 8.584,
              "Actual Total Time": 441.109,
              "Actual Rows": 23042,
              "Actual Loops": 1,
              "Hash Cond": "(store_sales.ss_sold_date_sk = date_dim.d_date_sk)",
              "Plans": [
                {
                  "Node Type": "Seq Scan",
                  "Parent Relationship": "Outer",
                  "Parallel Aware": false,
                  "Relation Name": "store_sales",
                  "Alias": "store_sales",
                  "Startup Cost": 0.00,
                  "Total Cost": 76687.57,
                  "Plan Rows": 2622557,
                  "Plan Width": 115,
                  "Actual Startup Time": 0.005,
                  "Actual Total Time": 223.369,
                  "Actual Rows": 2485280,
                  "Actual Loops": 1
                },
                {
                  "Node Type": "Hash",
                  "Parent Relationship": "Inner",
                  "Parallel Aware": false,
                  "Startup Cost": 2500.73,
                  "Total Cost": 2500.73,
                  "Plan Rows": 28,
                  "Plan Width": 118,
                  "Actual Startup Time": 8.506,
                  "Actual Total Time": 8.506,
                  "Actual Rows": 29,
                  "Actual Loops": 1,
                  "Hash Buckets": 1024,
                  "Original Hash Buckets": 1024,
                  "Hash Batches": 1,
                  "Original Hash Batches": 1,
                  "Peak Memory Usage": 13,
                  "Plans": [
                    {
                      "Node Type": "Seq Scan",
                      "Parent Relationship": "Outer",
                      "Parallel Aware": false,
                      "Relation Name": "date_dim",
                      "Alias": "date_dim",
                      "Startup Cost": 0.00,
                      "Total Cost": 2500.73,
                      "Plan Rows": 28,
                      "Plan Width": 118,
                      "Actual Startup Time": 4.194,
                      "Actual Total Time": 8.497,
                      "Actual Rows": 29,
                      "Actual Loops": 1,
                      "Filter": "((d_year = 2000) AND (d_moy = 2))",
                      "Rows Removed by Filter": 73020
                    }
                  ]
                }
              ]
            },
            {
              "Node Type": "Hash",
              "Parent Relationship": "Inner",
              "Parallel Aware": false,
              "Startup Cost": 1461.00,
              "Total Cost": 1461.00,
              "Plan Rows": 1807,
              "Plan Width": 503,
              "Actual Startup Time": 5.409,
              "Actual Total Time": 5.409,
              "Actual Rows": 1807,
              "Actual Loops": 1,
              "Hash Buckets": 2048,
              "Original Hash Buckets": 2048,
              "Hash Batches": 1,
              "Original Hash Batches": 1,
              "Peak Memory Usage": 980,
              "Plans": [
                {
                  "Node Type": "Seq Scan",
                  "Parent Relationship": "Outer",
                  "Parallel Aware": false,
                  "Relation Name": "item",
                  "Alias": "item",
                  "Startup Cost": 0.00,
                  "Total Cost": 1461.00,
                  "Plan Rows": 1807,
                  "Plan Width": 503,
                  "Actual Startup Time": 0.052,
                  "Actual Total Time": 5.159,
                  "Actual Rows": 1807,
                  "Actual Loops": 1,
                  "Filter": "(i_category = 'Home'::bpchar)",
                  "Rows Removed by Filter": 16193
                }
              ]
            }
          ]
        },
        {
          "Node Type": "Hash",
          "Parent Relationship": "Inner",
          "Parallel Aware": false,
          "Startup Cost": 1712.00,
          "Total Cost": 1712.00,
          "Plan Rows": 18218,
          "Plan Width": 145,
          "Actual Startup Time": 13.476,
          "Actual Total Time": 13.476,
          "Actual Rows": 18246,
          "Actual Loops": 1,
          "Hash Buckets": 32768,
          "Original Hash Buckets": 32768,
          "Hash Batches": 1,
          "Original Hash Batches": 1,
          "Peak Memory Usage": 3430,
          "Plans": [
            {
              "Node Type": "Seq Scan",
              "Parent Relationship": "Outer",
              "Parallel Aware": false,
              "Relation Name": "customer_address",
              "Alias": "customer_address",
              "Startup Cost": 0.00,
              "Total Cost": 1712.00,
              "Plan Rows": 18218,
              "Plan Width": 145,
              "Actual Startup Time": 0.008,
              "Actual Total Time": 11.018,
              "Actual Rows": 18246,
              "Actual Loops": 1,
              "Filter": "(ca_gmt_offset = '-5'::numeric)",
              "Rows Removed by Filter": 31754
            }
          ]
        }
      ]
    },
    "Planning Time": 0.489,
    "Triggers": [
    ],
    "Execution Time": 467.107
  }
]
