[
  {
    "Plan": {
      "Node Type": "Hash Join",
      "Parallel Aware": false,
      "Join Type": "Inner",
      "Startup Cost": 5924.17,
      "Total Cost": 92463.55,
      "Plan Rows": 40,
      "Plan Width": 881,
      "Actual Startup Time": 31.508,
      "Actual Total Time": 493.137,
      "Actual Rows": 1947,
      "Actual Loops": 1,
      "Hash Cond": "(store_sales.ss_addr_sk = customer_address.ca_address_sk)",
      "Plans": [
        {
          "Node Type": "Hash Join",
          "Parent Relationship": "Outer",
          "Parallel Aware": false,
          "Join Type": "Inner",
          "Startup Cost": 3984.45,
          "Total Cost": 90523.01,
          "Plan Rows": 110,
          "Plan Width": 736,
          "Actual Startup Time": 14.670,
          "Actual Total Time": 474.037,
          "Actual Rows": 5309,
          "Actual Loops": 1,
          "Hash Cond": "(store_sales.ss_item_sk = item.i_item_sk)",
          "Plans": [
            {
              "Node Type": "Hash Join",
              "Parent Relationship": "Outer",
              "Parallel Aware": false,
              "Join Type": "Inner",
              "Startup Cost": 2501.12,
              "Total Cost": 89034.41,
              "Plan Rows": 1113,
              "Plan Width": 233,
              "Actual Startup Time": 9.316,
              "Actual Total Time": 455.986,
              "Actual Rows": 53570,
              "Actual Loops": 1,
              "Hash Cond": "(store_sales.ss_sold_date_sk = date_dim.d_date_sk)",
              "Plans": [
                {
                  "Node Type": "Seq Scan",
                  "Parent Relationship": "Outer",
                  "Parallel Aware": false,
                  "Relation Name": "store_sales",
                  "Alias": "store_sales",
                  "Startup Cost": 0.00,
                  "Total Cost": 76687.57,
                  "Plan Rows": 2622557,
                  "Plan Width": 115,
                  "Actual Startup Time": 0.006,
                  "Actual Total Time": 220.845,
                  "Actual Rows": 2485280,
                  "Actual Loops": 1
                },
                {
                  "Node Type": "Hash",
                  "Parent Relationship": "Inner",
                  "Parallel Aware": false,
                  "Startup Cost": 2500.73,
                  "Total Cost": 2500.73,
                  "Plan Rows": 31,
                  "Plan Width": 118,
                  "Actual Startup Time": 9.295,
                  "Actual Total Time": 9.295,
                  "Actual Rows": 31,
                  "Actual Loops": 1,
                  "Hash Buckets": 1024,
                  "Original Hash Buckets": 1024,
                  "Hash Batches": 1,
                  "Original Hash Batches": 1,
                  "Peak Memory Usage": 13,
                  "Plans": [
                    {
                      "Node Type": "Seq Scan",
                      "Parent Relationship": "Outer",
                      "Parallel Aware": false,
                      "Relation Name": "date_dim",
                      "Alias": "date_dim",
                      "Startup Cost": 0.00,
                      "Total Cost": 2500.73,
                      "Plan Rows": 31,
                      "Plan Width": 118,
                      "Actual Startup Time": 4.706,
                      "Actual Total Time": 9.286,
                      "Actual Rows": 31,
                      "Actual Loops": 1,
                      "Filter": "((d_year = 1998) AND (d_moy = 8))",
                      "Rows Removed by Filter": 73018
                    }
                  ]
                }
              ]
            },
            {
              "Node Type": "Hash",
              "Parent Relationship": "Inner",
              "Parallel Aware": false,
              "Startup Cost": 1461.00,
              "Total Cost": 1461.00,
              "Plan Rows": 1786,
              "Plan Width": 503,
              "Actual Startup Time": 5.340,
              "Actual Total Time": 5.340,
              "Actual Rows": 1786,
              "Actual Loops": 1,
              "Hash Buckets": 2048,
              "Original Hash Buckets": 2048,
              "Hash Batches": 1,
              "Original Hash Batches": 1,
              "Peak Memory Usage": 972,
              "Plans": [
                {
                  "Node Type": "Seq Scan",
                  "Parent Relationship": "Outer",
                  "Parallel Aware": false,
                  "Relation Name": "item",
                  "Alias": "item",
                  "Startup Cost": 0.00,
                  "Total Cost": 1461.00,
                  "Plan Rows": 1786,
                  "Plan Width": 503,
                  "Actual Startup Time": 0.010,
                  "Actual Total Time": 5.098,
                  "Actual Rows": 1786,
                  "Actual Loops": 1,
                  "Filter": "(i_category = 'Children'::bpchar)",
                  "Rows Removed by Filter": 16214
                }
              ]
            }
          ]
        },
        {
          "Node Type": "Hash",
          "Parent Relationship": "Inner",
          "Parallel Aware": false,
          "Startup Cost": 1712.00,
          "Total Cost": 1712.00,
          "Plan Rows": 18218,
          "Plan Width": 145,
          "Actual Startup Time": 16.820,
          "Actual Total Time": 16.820,
          "Actual Rows": 18246,
          "Actual Loops": 1,
          "Hash Buckets": 32768,
          "Original Hash Buckets": 32768,
          "Hash Batches": 1,
          "Original Hash Batches": 1,
          "Peak Memory Usage": 3430,
          "Plans": [
            {
              "Node Type": "Seq Scan",
              "Parent Relationship": "Outer",
              "Parallel Aware": false,
              "Relation Name": "customer_address",
              "Alias": "customer_address",
              "Startup Cost": 0.00,
              "Total Cost": 1712.00,
              "Plan Rows": 18218,
              "Plan Width": 145,
              "Actual Startup Time": 0.010,
              "Actual Total Time": 13.598,
              "Actual Rows": 18246,
              "Actual Loops": 1,
              "Filter": "(ca_gmt_offset = '-5'::numeric)",
              "Rows Removed by Filter": 31754
            }
          ]
        }
      ]
    },
    "Planning Time": 0.360,
    "Triggers": [
    ],
    "Execution Time": 493.349
  }
]
