[
  {
    "Plan": {
      "Node Type": "Hash Join",
      "Parallel Aware": false,
      "Join Type": "Inner",
      "Startup Cost": 4051.97,
      "Total Cost": 90591.57,
      "Plan Rows": 312,
      "Plan Width": 736,
      "Actual Startup Time": 24.449,
      "Actual Total Time": 483.748,
      "Actual Rows": 7240,
      "Actual Loops": 1,
      "Hash Cond": "(store_sales.ss_item_sk = item.i_item_sk)",
      "Plans": [
        {
          "Node Type": "Hash Join",
          "Parent Relationship": "Outer",
          "Parallel Aware": false,
          "Join Type": "Inner",
          "Startup Cost": 2501.10,
          "Total Cost": 89033.67,
          "Plan Rows": 1041,
          "Plan Width": 233,
          "Actual Startup Time": 9.805,
          "Actual Total Time": 458.775,
          "Actual Rows": 24266,
          "Actual Loops": 1,
          "Hash Cond": "(store_sales.ss_sold_date_sk = date_dim.d_date_sk)",
          "Plans": [
            {
              "Node Type": "Seq Scan",
              "Parent Relationship": "Outer",
              "Parallel Aware": false,
              "Relation Name": "store_sales",
              "Alias": "store_sales",
              "Startup Cost": 0.00,
              "Total Cost": 76687.57,
              "Plan Rows": 2622557,
              "Plan Width": 115,
              "Actual Startup Time": 0.009,
              "Actual Total Time": 234.407,
              "Actual Rows": 2485280,
              "Actual Loops": 1
            },
            {
              "Node Type": "Hash",
              "Parent Relationship": "Inner",
              "Parallel Aware": false,
              "Startup Cost": 2500.73,
              "Total Cost": 2500.73,
              "Plan Rows": 29,
              "Plan Width": 118,
              "Actual Startup Time": 9.128,
              "Actual Total Time": 9.128,
              "Actual Rows": 31,
              "Actual Loops": 1,
              "Hash Buckets": 1024,
              "Original Hash Buckets": 1024,
              "Hash Batches": 1,
              "Original Hash Batches": 1,
              "Peak Memory Usage": 13,
              "Plans": [
                {
                  "Node Type": "Seq Scan",
                  "Parent Relationship": "Outer",
                  "Parallel Aware": false,
                  "Relation Name": "date_dim",
                  "Alias": "date_dim",
                  "Startup Cost": 0.00,
                  "Total Cost": 2500.73,
                  "Plan Rows": 29,
                  "Plan Width": 118,
                  "Actual Startup Time": 4.401,
                  "Actual Total Time": 9.117,
                  "Actual Rows": 31,
                  "Actual Loops": 1,
                  "Filter": "((d_date >= '1999-04-26'::date) AND (d_date <= '1999-05-26'::date))",
                  "Rows Removed by Filter": 73018
                }
              ]
            }
          ]
        },
        {
          "Node Type": "Hash",
          "Parent Relationship": "Inner",
          "Parallel Aware": false,
          "Startup Cost": 1483.50,
          "Total Cost": 1483.50,
          "Plan Rows": 5390,
          "Plan Width": 503,
          "Actual Startup Time": 14.627,
          "Actual Total Time": 14.627,
          "Actual Rows": 5390,
          "Actual Loops": 1,
          "Hash Buckets": 8192,
          "Original Hash Buckets": 8192,
          "Hash Batches": 1,
          "Original Hash Batches": 1,
          "Peak Memory Usage": 2935,
          "Plans": [
            {
              "Node Type": "Seq Scan",
              "Parent Relationship": "Outer",
              "Parallel Aware": false,
              "Relation Name": "item",
              "Alias": "item",
              "Startup Cost": 0.00,
              "Total Cost": 1483.50,
              "Plan Rows": 5390,
              "Plan Width": 503,
              "Actual Startup Time": 0.014,
              "Actual Total Time": 12.870,
              "Actual Rows": 5390,
              "Actual Loops": 1,
              "Filter": "(i_category = ANY ('{Music,Jewelry,Women}'::bpchar[]))",
              "Rows Removed by Filter": 12610
            }
          ]
        }
      ]
    },
    "Planning Time": 0.331,
    "Triggers": [
    ],
    "Execution Time": 484.142
  }
]
