[
  {
    "Plan": {
      "Node Type": "Hash Join",
      "Parallel Aware": false,
      "Join Type": "Inner",
      "Startup Cost": 2506.18,
      "Total Cost": 89313.12,
      "Plan Rows": 11991,
      "Plan Width": 520,
      "Actual Startup Time": 9.615,
      "Actual Total Time": 909.229,
      "Actual Rows": 502535,
      "Actual Loops": 1,
      "Hash Cond": "(store_sales.ss_store_sk = store.s_store_sk)",
      "Plans": [
        {
          "Node Type": "Hash Join",
          "Parent Relationship": "Outer",
          "Parallel Aware": false,
          "Join Type": "Inner",
          "Startup Cost": 2504.91,
          "Total Cost": 89146.98,
          "Plan Rows": 11991,
          "Plan Width": 233,
          "Actual Startup Time": 9.602,
          "Actual Total Time": 665.658,
          "Actual Rows": 502535,
          "Actual Loops": 1,
          "Hash Cond": "(store_sales.ss_sold_date_sk = date_dim.d_date_sk)",
          "Plans": [
            {
              "Node Type": "Seq Scan",
              "Parent Relationship": "Outer",
              "Parallel Aware": false,
              "Relation Name": "store_sales",
              "Alias": "store_sales",
              "Startup Cost": 0.00,
              "Total Cost": 76687.57,
              "Plan Rows": 2622557,
              "Plan Width": 115,
              "Actual Startup Time": 0.003,
              "Actual Total Time": 219.724,
              "Actual Rows": 2485280,
              "Actual Loops": 1
            },
            {
              "Node Type": "Hash",
              "Parent Relationship": "Inner",
              "Parallel Aware": false,
              "Startup Cost": 2500.73,
              "Total Cost": 2500.73,
              "Plan Rows": 334,
              "Plan Width": 118,
              "Actual Startup Time": 9.587,
              "Actual Total Time": 9.587,
              "Actual Rows": 365,
              "Actual Loops": 1,
              "Hash Buckets": 1024,
              "Original Hash Buckets": 1024,
              "Hash Batches": 1,
              "Original Hash Batches": 1,
              "Peak Memory Usage": 63,
              "Plans": [
                {
                  "Node Type": "Seq Scan",
                  "Parent Relationship": "Outer",
                  "Parallel Aware": false,
                  "Relation Name": "date_dim",
                  "Alias": "date_dim",
                  "Startup Cost": 0.00,
                  "Total Cost": 2500.73,
                  "Plan Rows": 334,
                  "Plan Width": 118,
                  "Actual Startup Time": 3.738,
                  "Actual Total Time": 9.556,
                  "Actual Rows": 365,
                  "Actual Loops": 1,
                  "Filter": "((d_month_seq >= 1181) AND (d_month_seq <= 1192))",
                  "Rows Removed by Filter": 72684
                }
              ]
            }
          ]
        },
        {
          "Node Type": "Hash",
          "Parent Relationship": "Inner",
          "Parallel Aware": false,
          "Startup Cost": 1.12,
          "Total Cost": 1.12,
          "Plan Rows": 12,
          "Plan Width": 287,
          "Actual Startup Time": 0.007,
          "Actual Total Time": 0.008,
          "Actual Rows": 12,
          "Actual Loops": 1,
          "Hash Buckets": 1024,
          "Original Hash Buckets": 1024,
          "Hash Batches": 1,
          "Original Hash Batches": 1,
          "Peak Memory Usage": 12,
          "Plans": [
            {
              "Node Type": "Seq Scan",
              "Parent Relationship": "Outer",
              "Parallel Aware": false,
              "Relation Name": "store",
              "Alias": "store",
              "Startup Cost": 0.00,
              "Total Cost": 1.12,
              "Plan Rows": 12,
              "Plan Width": 287,
              "Actual Startup Time": 0.003,
              "Actual Total Time": 0.003,
              "Actual Rows": 12,
              "Actual Loops": 1
            }
          ]
        }
      ]
    },
    "Planning Time": 0.206,
    "Triggers": [
    ],
    "Execution Time": 924.814
  }
]
