[
  {
    "Plan": {
      "Node Type": "Hash Join",
      "Parallel Aware": false,
      "Join Type": "Inner",
      "Startup Cost": 3852.15,
      "Total Cost": 90408.22,
      "Plan Rows": 186,
      "Plan Width": 736,
      "Actual Startup Time": 56.293,
      "Actual Total Time": 440.556,
      "Actual Rows": 64,
      "Actual Loops": 1,
      "Hash Cond": "(store_sales.ss_sold_date_sk = date_dim.d_date_sk)",
      "Plans": [
        {
          "Node Type": "Hash Join",
          "Parent Relationship": "Outer",
          "Parallel Aware": false,
          "Join Type": "Inner",
          "Startup Cost": 1461.20,
          "Total Cost": 88006.67,
          "Plan Rows": 2331,
          "Plan Width": 618,
          "Actual Startup Time": 4.515,
          "Actual Total Time": 430.058,
          "Actual Rows": 399,
          "Actual Loops": 1,
          "Hash Cond": "(store_sales.ss_item_sk = item.i_item_sk)",
          "Plans": [
            {
              "Node Type": "Seq Scan",
              "Parent Relationship": "Outer",
              "Parallel Aware": false,
              "Relation Name": "store_sales",
              "Alias": "store_sales",
              "Startup Cost": 0.00,
              "Total Cost": 76687.57,
              "Plan Rows": 2622557,
              "Plan Width": 115,
              "Actual Startup Time": 0.006,
              "Actual Total Time": 216.397,
              "Actual Rows": 2485280,
              "Actual Loops": 1
            },
            {
              "Node Type": "Hash",
              "Parent Relationship": "Inner",
              "Parallel Aware": false,
              "Startup Cost": 1461.00,
              "Total Cost": 1461.00,
              "Plan Rows": 16,
              "Plan Width": 503,
              "Actual Startup Time": 4.030,
              "Actual Total Time": 4.030,
              "Actual Rows": 3,
              "Actual Loops": 1,
              "Hash Buckets": 1024,
              "Original Hash Buckets": 1024,
              "Hash Batches": 1,
              "Original Hash Batches": 1,
              "Peak Memory Usage": 10,
              "Plans": [
                {
                  "Node Type": "Seq Scan",
                  "Parent Relationship": "Outer",
                  "Parallel Aware": false,
                  "Relation Name": "item",
                  "Alias": "item",
                  "Startup Cost": 0.00,
                  "Total Cost": 1461.00,
                  "Plan Rows": 16,
                  "Plan Width": 503,
                  "Actual Startup Time": 2.406,
                  "Actual Total Time": 4.027,
                  "Actual Rows": 3,
                  "Actual Loops": 1,
                  "Filter": "(i_manufact_id = 783)",
                  "Rows Removed by Filter": 17997
                }
              ]
            }
          ]
        },
        {
          "Node Type": "Hash",
          "Parent Relationship": "Inner",
          "Parallel Aware": false,
          "Startup Cost": 2318.11,
          "Total Cost": 2318.11,
          "Plan Rows": 5827,
          "Plan Width": 118,
          "Actual Startup Time": 10.203,
          "Actual Total Time": 10.203,
          "Actual Rows": 6000,
          "Actual Loops": 1,
          "Hash Buckets": 8192,
          "Original Hash Buckets": 8192,
          "Hash Batches": 1,
          "Original Hash Batches": 1,
          "Peak Memory Usage": 967,
          "Plans": [
            {
              "Node Type": "Seq Scan",
              "Parent Relationship": "Outer",
              "Parallel Aware": false,
              "Relation Name": "date_dim",
              "Alias": "date_dim",
              "Startup Cost": 0.00,
              "Total Cost": 2318.11,
              "Plan Rows": 5827,
              "Plan Width": 118,
              "Actual Startup Time": 0.043,
              "Actual Total Time": 9.608,
              "Actual Rows": 6000,
              "Actual Loops": 1,
              "Filter": "(d_moy = 11)",
              "Rows Removed by Filter": 67049
            }
          ]
        }
      ]
    },
    "Planning Time": 0.326,
    "Triggers": [
    ],
    "Execution Time": 440.642
  }
]
