[
  {
    "Plan": {
      "Node Type": "Hash Join",
      "Parallel Aware": false,
      "Join Type": "Inner",
      "Startup Cost": 93625.16,
      "Total Cost": 200633.76,
      "Plan Rows": 9837,
      "Plan Width": 679,
      "Actual Startup Time": 660.176,
      "Actual Total Time": 2227.558,
      "Actual Rows": 276203,
      "Actual Loops": 1,
      "Hash Cond": "(customer.c_current_addr_sk = customer_address.ca_address_sk)",
      "Plans": [
        {
          "Node Type": "Hash Join",
          "Parent Relationship": "Outer",
          "Parallel Aware": false,
          "Join Type": "Inner",
          "Startup Cost": 91413.16,
          "Total Cost": 198286.50,
          "Plan Rows": 9837,
          "Plan Width": 534,
          "Actual Startup Time": 638.610,
          "Actual Total Time": 2075.353,
          "Actual Rows": 276203,
          "Actual Loops": 1,
          "Hash Cond": "(customer.c_current_cdemo_sk = customer_demographics.cd_demo_sk)",
          "Plans": [
            {
              "Node Type": "Hash Join",
              "Parent Relationship": "Outer",
              "Parallel Aware": false,
              "Join Type": "Inner",
              "Startup Cost": 7609.16,
              "Total Cost": 94364.95,
              "Plan Rows": 9837,
              "Plan Width": 478,
              "Actual Startup Time": 67.187,
              "Actual Total Time": 769.743,
              "Actual Rows": 276203,
              "Actual Loops": 1,
              "Hash Cond": "(store_sales.ss_customer_sk = customer.c_customer_sk)",
              "Plans": [
                {
                  "Node Type": "Hash Join",
                  "Parent Relationship": "Outer",
                  "Parallel Aware": false,
                  "Join Type": "Inner",
                  "Startup Cost": 2504.16,
                  "Total Cost": 89124.69,
                  "Plan Rows": 9837,
                  "Plan Width": 233,
                  "Actual Startup Time": 18.899,
                  "Actual Total Time": 586.822,
                  "Actual Rows": 276203,
                  "Actual Loops": 1,
                  "Hash Cond": "(store_sales.ss_sold_date_sk = date_dim.d_date_sk)",
                  "Plans": [
                    {
                      "Node Type": "Seq Scan",
                      "Parent Relationship": "Outer",
                      "Parallel Aware": false,
                      "Relation Name": "store_sales",
                      "Alias": "store_sales",
                      "Startup Cost": 0.00,
                      "Total Cost": 76687.57,
                      "Plan Rows": 2622557,
                      "Plan Width": 115,
                      "Actual Startup Time": 0.008,
                      "Actual Total Time": 231.613,
                      "Actual Rows": 2485280,
                      "Actual Loops": 1
                    },
                    {
                      "Node Type": "Hash",
                      "Parent Relationship": "Inner",
                      "Parallel Aware": false,
                      "Startup Cost": 2500.73,
                      "Total Cost": 2500.73,
                      "Plan Rows": 274,
                      "Plan Width": 118,
                      "Actual Startup Time": 18.852,
                      "Actual Total Time": 18.852,
                      "Actual Rows": 274,
                      "Actual Loops": 1,
                      "Hash Buckets": 1024,
                      "Original Hash Buckets": 1024,
                      "Hash Batches": 1,
                      "Original Hash Batches": 1,
                      "Peak Memory Usage": 50,
                      "Plans": [
                        {
                          "Node Type": "Seq Scan",
                          "Parent Relationship": "Outer",
                          "Parallel Aware": false,
                          "Relation Name": "date_dim",
                          "Alias": "date_dim",
                          "Startup Cost": 0.00,
                          "Total Cost": 2500.73,
                          "Plan Rows": 274,
                          "Plan Width": 118,
                          "Actual Startup Time": 8.622,
                          "Actual Total Time": 18.771,
                          "Actual Rows": 274,
                          "Actual Loops": 1,
                          "Filter": "((d_qoy < 4) AND (d_year = 2001))",
                          "Rows Removed by Filter": 72775
                        }
                      ]
                    }
                  ]
                },
                {
                  "Node Type": "Hash",
                  "Parent Relationship": "Inner",
                  "Parallel Aware": false,
                  "Startup Cost": 3855.00,
                  "Total Cost": 3855.00,
                  "Plan Rows": 100000,
                  "Plan Width": 245,
                  "Actual Startup Time": 47.696,
                  "Actual Total Time": 47.696,
                  "Actual Rows": 94736,
                  "Actual Loops": 1,
                  "Hash Buckets": 131072,
                  "Original Hash Buckets": 131072,
                  "Hash Batches": 1,
                  "Original Hash Batches": 1,
                  "Peak Memory Usage": 22700,
                  "Plans": [
                    {
                      "Node Type": "Seq Scan",
                      "Parent Relationship": "Outer",
                      "Parallel Aware": false,
                      "Relation Name": "customer",
                      "Alias": "customer",
                      "Startup Cost": 0.00,
                      "Total Cost": 3855.00,
                      "Plan Rows": 100000,
                      "Plan Width": 245,
                      "Actual Startup Time": 0.010,
                      "Actual Total Time": 14.736,
                      "Actual Rows": 94736,
                      "Actual Loops": 1
                    }
                  ]
                }
              ]
            },
            {
              "Node Type": "Hash",
              "Parent Relationship": "Inner",
              "Parallel Aware": false,
              "Startup Cost": 41036.00,
              "Total Cost": 41036.00,
              "Plan Rows": 1920800,
              "Plan Width": 56,
              "Actual Startup Time": 567.073,
              "Actual Total Time": 567.073,
              "Actual Rows": 1920800,
              "Actual Loops": 1,
              "Hash Buckets": 1048576,
              "Original Hash Buckets": 1048576,
              "Hash Batches": 4,
              "Original Hash Batches": 4,
              "Peak Memory Usage": 51355,
              "Plans": [
                {
                  "Node Type": "Seq Scan",
                  "Parent Relationship": "Outer",
                  "Parallel Aware": false,
                  "Relation Name": "customer_demographics",
                  "Alias": "customer_demographics",
                  "Startup Cost": 0.00,
                  "Total Cost": 41036.00,
                  "Plan Rows": 1920800,
                  "Plan Width": 56,
                  "Actual Startup Time": 0.011,
                  "Actual Total Time": 170.445,
                  "Actual Rows": 1920800,
                  "Actual Loops": 1
                }
              ]
            }
          ]
        },
        {
          "Node Type": "Hash",
          "Parent Relationship": "Inner",
          "Parallel Aware": false,
          "Startup Cost": 1587.00,
          "Total Cost": 1587.00,
          "Plan Rows": 50000,
          "Plan Width": 145,
          "Actual Startup Time": 21.529,
          "Actual Total Time": 21.529,
          "Actual Rows": 50000,
          "Actual Loops": 1,
          "Hash Buckets": 65536,
          "Original Hash Buckets": 65536,
          "Hash Batches": 1,
          "Original Hash Batches": 1,
          "Peak Memory Usage": 9120,
          "Plans": [
            {
              "Node Type": "Seq Scan",
              "Parent Relationship": "Outer",
              "Parallel Aware": false,
              "Relation Name": "customer_address",
              "Alias": "customer_address",
              "Startup Cost": 0.00,
              "Total Cost": 1587.00,
              "Plan Rows": 50000,
              "Plan Width": 145,
              "Actual Startup Time": 0.007,
              "Actual Total Time": 7.952,
              "Actual Rows": 50000,
              "Actual Loops": 1
            }
          ]
        }
      ]
    },
    "Planning Time": 1.201,
    "Triggers": [
    ],
    "Execution Time": 2237.515
  }
]
