[
  {
    "Plan": {
      "Node Type": "Hash Join",
      "Parallel Aware": false,
      "Join Type": "Inner",
      "Startup Cost": 3966.11,
      "Total Cost": 90502.77,
      "Plan Rows": 19,
      "Plan Width": 736,
      "Actual Startup Time": 17.091,
      "Actual Total Time": 468.519,
      "Actual Rows": 1340,
      "Actual Loops": 1,
      "Hash Cond": "(store_sales.ss_item_sk = item.i_item_sk)",
      "Plans": [
        {
          "Node Type": "Hash Join",
          "Parent Relationship": "Outer",
          "Parallel Aware": false,
          "Join Type": "Inner",
          "Startup Cost": 2501.10,
          "Total Cost": 89033.67,
          "Plan Rows": 1041,
          "Plan Width": 233,
          "Actual Startup Time": 11.654,
          "Actual Total Time": 454.362,
          "Actual Rows": 78285,
          "Actual Loops": 1,
          "Hash Cond": "(store_sales.ss_sold_date_sk = date_dim.d_date_sk)",
          "Plans": [
            {
              "Node Type": "Seq Scan",
              "Parent Relationship": "Outer",
              "Parallel Aware": false,
              "Relation Name": "store_sales",
              "Alias": "store_sales",
              "Startup Cost": 0.00,
              "Total Cost": 76687.57,
              "Plan Rows": 2622557,
              "Plan Width": 115,
              "Actual Startup Time": 0.010,
              "Actual Total Time": 218.297,
              "Actual Rows": 2485280,
              "Actual Loops": 1
            },
            {
              "Node Type": "Hash",
              "Parent Relationship": "Inner",
              "Parallel Aware": false,
              "Startup Cost": 2500.73,
              "Total Cost": 2500.73,
              "Plan Rows": 29,
              "Plan Width": 118,
              "Actual Startup Time": 11.497,
              "Actual Total Time": 11.497,
              "Actual Rows": 30,
              "Actual Loops": 1,
              "Hash Buckets": 1024,
              "Original Hash Buckets": 1024,
              "Hash Batches": 1,
              "Original Hash Batches": 1,
              "Peak Memory Usage": 13,
              "Plans": [
                {
                  "Node Type": "Seq Scan",
                  "Parent Relationship": "Outer",
                  "Parallel Aware": false,
                  "Relation Name": "date_dim",
                  "Alias": "date_dim",
                  "Startup Cost": 0.00,
                  "Total Cost": 2500.73,
                  "Plan Rows": 29,
                  "Plan Width": 118,
                  "Actual Startup Time": 6.332,
                  "Actual Total Time": 11.487,
                  "Actual Rows": 30,
                  "Actual Loops": 1,
                  "Filter": "((d_moy = 11) AND (d_year = 2001))",
                  "Rows Removed by Filter": 73019
                }
              ]
            }
          ]
        },
        {
          "Node Type": "Hash",
          "Parent Relationship": "Inner",
          "Parallel Aware": false,
          "Startup Cost": 1461.00,
          "Total Cost": 1461.00,
          "Plan Rows": 321,
          "Plan Width": 503,
          "Actual Startup Time": 5.426,
          "Actual Total Time": 5.426,
          "Actual Rows": 321,
          "Actual Loops": 1,
          "Hash Buckets": 1024,
          "Original Hash Buckets": 1024,
          "Hash Batches": 1,
          "Original Hash Batches": 1,
          "Peak Memory Usage": 180,
          "Plans": [
            {
              "Node Type": "Seq Scan",
              "Parent Relationship": "Outer",
              "Parallel Aware": false,
              "Relation Name": "item",
              "Alias": "item",
              "Startup Cost": 0.00,
              "Total Cost": 1461.00,
              "Plan Rows": 321,
              "Plan Width": 503,
              "Actual Startup Time": 0.018,
              "Actual Total Time": 5.343,
              "Actual Rows": 321,
              "Actual Loops": 1,
              "Filter": "(i_manager_id = 1)",
              "Rows Removed by Filter": 17679
            }
          ]
        }
      ]
    },
    "Planning Time": 0.206,
    "Triggers": [
    ],
    "Execution Time": 468.663
  }
]
