[
  {
    "Plan": {
      "Node Type": "Hash Join",
      "Parallel Aware": false,
      "Join Type": "Inner",
      "Startup Cost": 2212.00,
      "Total Cost": 6971.40,
      "Plan Rows": 47593,
      "Plan Width": 390,
      "Actual Startup Time": 10.174,
      "Actual Total Time": 60.696,
      "Actual Rows": 46069,
      "Actual Loops": 1,
      "Hash Cond": "(customer.c_current_addr_sk = customer_address.ca_address_sk)",
      "Plans": [
        {
          "Node Type": "Seq Scan",
          "Parent Relationship": "Outer",
          "Parallel Aware": false,
          "Relation Name": "customer",
          "Alias": "customer",
          "Startup Cost": 0.00,
          "Total Cost": 4105.00,
          "Plan Rows": 47593,
          "Plan Width": 245,
          "Actual Startup Time": 0.006,
          "Actual Total Time": 21.878,
          "Actual Rows": 46069,
          "Actual Loops": 1,
          "Filter": "(c_preferred_cust_flag = 'Y'::bpchar)",
          "Rows Removed by Filter": 48667
        },
        {
          "Node Type": "Hash",
          "Parent Relationship": "Inner",
          "Parallel Aware": false,
          "Startup Cost": 1587.00,
          "Total Cost": 1587.00,
          "Plan Rows": 50000,
          "Plan Width": 145,
          "Actual Startup Time": 10.130,
          "Actual Total Time": 10.130,
          "Actual Rows": 50000,
          "Actual Loops": 1,
          "Hash Buckets": 65536,
          "Original Hash Buckets": 65536,
          "Hash Batches": 1,
          "Original Hash Batches": 1,
          "Peak Memory Usage": 9120,
          "Plans": [
            {
              "Node Type": "Seq Scan",
              "Parent Relationship": "Outer",
              "Parallel Aware": false,
              "Relation Name": "customer_address",
              "Alias": "customer_address",
              "Startup Cost": 0.00,
              "Total Cost": 1587.00,
              "Plan Rows": 50000,
              "Plan Width": 145,
              "Actual Startup Time": 0.003,
              "Actual Total Time": 4.351,
              "Actual Rows": 50000,
              "Actual Loops": 1
            }
          ]
        }
      ]
    },
    "Planning Time": 0.128,
    "Triggers": [
    ],
    "Execution Time": 62.307
  }
]
