[
  {
    "Plan": {
      "Node Type": "Hash Join",
      "Parallel Aware": false,
      "Join Type": "Inner",
      "Startup Cost": 2832.80,
      "Total Cost": 89542.61,
      "Plan Rows": 4700,
      "Plan Width": 552,
      "Actual Startup Time": 12.099,
      "Actual Total Time": 660.717,
      "Actual Rows": 150511,
      "Actual Loops": 1,
      "Hash Cond": "(store_sales.ss_store_sk = store.s_store_sk)",
      "Plans": [
        {
          "Node Type": "Hash Join",
          "Parent Relationship": "Outer",
          "Parallel Aware": false,
          "Join Type": "Inner",
          "Startup Cost": 2831.47,
          "Total Cost": 89476.65,
          "Plan Rows": 4700,
          "Plan Width": 265,
          "Actual Startup Time": 12.081,
          "Actual Total Time": 581.270,
          "Actual Rows": 181625,
          "Actual Loops": 1,
          "Hash Cond": "(store_sales.ss_hdemo_sk = household_demographics.hd_demo_sk)",
          "Plans": [
            {
              "Node Type": "Hash Join",
              "Parent Relationship": "Outer",
              "Parallel Aware": false,
              "Join Type": "Inner",
              "Startup Cost": 2593.97,
              "Total Cost": 89171.42,
              "Plan Rows": 5529,
              "Plan Width": 233,
              "Actual Startup Time": 10.396,
              "Actual Total Time": 513.506,
              "Actual Rows": 213065,
              "Actual Loops": 1,
              "Hash Cond": "(store_sales.ss_sold_date_sk = date_dim.d_date_sk)",
              "Plans": [
                {
                  "Node Type": "Seq Scan",
                  "Parent Relationship": "Outer",
                  "Parallel Aware": false,
                  "Relation Name": "store_sales",
                  "Alias": "store_sales",
                  "Startup Cost": 0.00,
                  "Total Cost": 76687.57,
                  "Plan Rows": 2622557,
                  "Plan Width": 115,
                  "Actual Startup Time": 0.006,
                  "Actual Total Time": 216.425,
                  "Actual Rows": 2485280,
                  "Actual Loops": 1
                },
                {
                  "Node Type": "Hash",
                  "Parent Relationship": "Inner",
                  "Parallel Aware": false,
                  "Startup Cost": 2592.05,
                  "Total Cost": 2592.05,
                  "Plan Rows": 154,
                  "Plan Width": 118,
                  "Actual Startup Time": 10.346,
                  "Actual Total Time": 10.346,
                  "Actual Rows": 157,
                  "Actual Loops": 1,
                  "Hash Buckets": 1024,
                  "Original Hash Buckets": 1024,
                  "Hash Batches": 1,
                  "Original Hash Batches": 1,
                  "Peak Memory Usage": 32,
                  "Plans": [
                    {
                      "Node Type": "Seq Scan",
                      "Parent Relationship": "Outer",
                      "Parallel Aware": false,
                      "Relation Name": "date_dim",
                      "Alias": "date_dim",
                      "Startup Cost": 0.00,
                      "Total Cost": 2592.05,
                      "Plan Rows": 154,
                      "Plan Width": 118,
                      "Actual Startup Time": 5.225,
                      "Actual Total Time": 10.323,
                      "Actual Rows": 157,
                      "Actual Loops": 1,
                      "Filter": "((d_dow = 1) AND (d_year = ANY ('{1999,2000,2001}'::integer[])))",
                      "Rows Removed by Filter": 72892
                    }
                  ]
                }
              ]
            },
            {
              "Node Type": "Hash",
              "Parent Relationship": "Inner",
              "Parallel Aware": false,
              "Startup Cost": 161.00,
              "Total Cost": 161.00,
              "Plan Rows": 6120,
              "Plan Width": 32,
              "Actual Startup Time": 1.679,
              "Actual Total Time": 1.679,
              "Actual Rows": 6120,
              "Actual Loops": 1,
              "Hash Buckets": 8192,
              "Original Hash Buckets": 8192,
              "Hash Batches": 1,
              "Original Hash Batches": 1,
              "Peak Memory Usage": 447,
              "Plans": [
                {
                  "Node Type": "Seq Scan",
                  "Parent Relationship": "Outer",
                  "Parallel Aware": false,
                  "Relation Name": "household_demographics",
                  "Alias": "household_demographics",
                  "Startup Cost": 0.00,
                  "Total Cost": 161.00,
                  "Plan Rows": 6120,
                  "Plan Width": 32,
                  "Actual Startup Time": 0.005,
                  "Actual Total Time": 1.184,
                  "Actual Rows": 6120,
                  "Actual Loops": 1,
                  "Filter": "((hd_dep_count = 1) OR (hd_vehicle_count > '-1'::integer))",
                  "Rows Removed by Filter": 1080
                }
              ]
            }
          ]
        },
        {
          "Node Type": "Hash",
          "Parent Relationship": "Inner",
          "Parallel Aware": false,
          "Startup Cost": 1.18,
          "Total Cost": 1.18,
          "Plan Rows": 12,
          "Plan Width": 287,
          "Actual Startup Time": 0.011,
          "Actual Total Time": 0.011,
          "Actual Rows": 11,
          "Actual Loops": 1,
          "Hash Buckets": 1024,
          "Original Hash Buckets": 1024,
          "Hash Batches": 1,
          "Original Hash Batches": 1,
          "Peak Memory Usage": 12,
          "Plans": [
            {
              "Node Type": "Seq Scan",
              "Parent Relationship": "Outer",
              "Parallel Aware": false,
              "Relation Name": "store",
              "Alias": "store",
              "Startup Cost": 0.00,
              "Total Cost": 1.18,
              "Plan Rows": 12,
              "Plan Width": 287,
              "Actual Startup Time": 0.006,
              "Actual Total Time": 0.007,
              "Actual Rows": 11,
              "Actual Loops": 1,
              "Filter": "((s_number_employees >= 200) AND (s_number_employees <= 295))",
              "Rows Removed by Filter": 1
            }
          ]
        }
      ]
    },
    "Planning Time": 0.387,
    "Triggers": [
    ],
    "Execution Time": 665.572
  }
]
