[
  {
    "Plan": {
      "Node Type": "Hash Join",
      "Parallel Aware": false,
      "Join Type": "Inner",
      "Startup Cost": 5926.40,
      "Total Cost": 34864.54,
      "Plan Rows": 1,
      "Plan Width": 937,
      "Actual Startup Time": 31.524,
      "Actual Total Time": 156.883,
      "Actual Rows": 21,
      "Actual Loops": 1,
      "Hash Cond": "(web_sales.ws_sold_date_sk = date_dim.d_date_sk)",
      "Plans": [
        {
          "Node Type": "Hash Join",
          "Parent Relationship": "Outer",
          "Parallel Aware": false,
          "Join Type": "Inner",
          "Startup Cost": 3425.28,
          "Total Cost": 32354.46,
          "Plan Rows": 2387,
          "Plan Width": 819,
          "Actual Startup Time": 18.512,
          "Actual Total Time": 144.692,
          "Actual Rows": 2168,
          "Actual Loops": 1,
          "Hash Cond": "(web_sales.ws_bill_addr_sk = customer_address.ca_address_sk)",
          "Plans": [
            {
              "Node Type": "Hash Join",
              "Parent Relationship": "Outer",
              "Parallel Aware": false,
              "Join Type": "Inner",
              "Startup Cost": 1485.55,
              "Total Cost": 30366.30,
              "Plan Rows": 6552,
              "Plan Width": 674,
              "Actual Startup Time": 6.321,
              "Actual Total Time": 129.993,
              "Actual Rows": 6075,
              "Actual Loops": 1,
              "Hash Cond": "(web_sales.ws_item_sk = item.i_item_sk)",
              "Plans": [
                {
                  "Node Type": "Seq Scan",
                  "Parent Relationship": "Outer",
                  "Parallel Aware": false,
                  "Relation Name": "web_sales",
                  "Alias": "web_sales",
                  "Startup Cost": 0.00,
                  "Total Cost": 26118.71,
                  "Plan Rows": 719071,
                  "Plan Width": 171,
                  "Actual Startup Time": 0.007,
                  "Actual Total Time": 60.440,
                  "Actual Rows": 648025,
                  "Actual Loops": 1
                },
                {
                  "Node Type": "Hash",
                  "Parent Relationship": "Inner",
                  "Parallel Aware": false,
                  "Startup Cost": 1483.50,
                  "Total Cost": 1483.50,
                  "Plan Rows": 164,
                  "Plan Width": 503,
                  "Actual Startup Time": 6.293,
                  "Actual Total Time": 6.293,
                  "Actual Rows": 164,
                  "Actual Loops": 1,
                  "Hash Buckets": 1024,
                  "Original Hash Buckets": 1024,
                  "Hash Batches": 1,
                  "Original Hash Batches": 1,
                  "Peak Memory Usage": 96,
                  "Plans": [
                    {
                      "Node Type": "Seq Scan",
                      "Parent Relationship": "Outer",
                      "Parallel Aware": false,
                      "Relation Name": "item",
                      "Alias": "item",
                      "Startup Cost": 0.00,
                      "Total Cost": 1483.50,
                      "Plan Rows": 164,
                      "Plan Width": 503,
                      "Actual Startup Time": 0.058,
                      "Actual Total Time": 6.242,
                      "Actual Rows": 164,
                      "Actual Loops": 1,
                      "Filter": "(i_color = ANY ('{almond,dodger,dim}'::bpchar[]))",
                      "Rows Removed by Filter": 17836
                    }
                  ]
                }
              ]
            },
            {
              "Node Type": "Hash",
              "Parent Relationship": "Inner",
              "Parallel Aware": false,
              "Startup Cost": 1712.00,
              "Total Cost": 1712.00,
              "Plan Rows": 18218,
              "Plan Width": 145,
              "Actual Startup Time": 12.169,
              "Actual Total Time": 12.169,
              "Actual Rows": 18246,
              "Actual Loops": 1,
              "Hash Buckets": 32768,
              "Original Hash Buckets": 32768,
              "Hash Batches": 1,
              "Original Hash Batches": 1,
              "Peak Memory Usage": 3430,
              "Plans": [
                {
                  "Node Type": "Seq Scan",
                  "Parent Relationship": "Outer",
                  "Parallel Aware": false,
                  "Relation Name": "customer_address",
                  "Alias": "customer_address",
                  "Startup Cost": 0.00,
                  "Total Cost": 1712.00,
                  "Plan Rows": 18218,
                  "Plan Width": 145,
                  "Actual Startup Time": 0.009,
                  "Actual Total Time": 10.356,
                  "Actual Rows": 18246,
                  "Actual Loops": 1,
                  "Filter": "(ca_gmt_offset = '-5'::numeric)",
                  "Rows Removed by Filter": 31754
                }
              ]
            }
          ]
        },
        {
          "Node Type": "Hash",
          "Parent Relationship": "Inner",
          "Parallel Aware": false,
          "Startup Cost": 2500.73,
          "Total Cost": 2500.73,
          "Plan Rows": 31,
          "Plan Width": 118,
          "Actual Startup Time": 11.813,
          "Actual Total Time": 11.813,
          "Actual Rows": 31,
          "Actual Loops": 1,
          "Hash Buckets": 1024,
          "Original Hash Buckets": 1024,
          "Hash Batches": 1,
          "Original Hash Batches": 1,
          "Peak Memory Usage": 13,
          "Plans": [
            {
              "Node Type": "Seq Scan",
              "Parent Relationship": "Outer",
              "Parallel Aware": false,
              "Relation Name": "date_dim",
              "Alias": "date_dim",
              "Startup Cost": 0.00,
              "Total Cost": 2500.73,
              "Plan Rows": 31,
              "Plan Width": 118,
              "Actual Startup Time": 5.573,
              "Actual Total Time": 11.802,
              "Actual Rows": 31,
              "Actual Loops": 1,
              "Filter": "((d_year = 1998) AND (d_moy = 1))",
              "Rows Removed by Filter": 73018
            }
          ]
        }
      ]
    },
    "Planning Time": 0.564,
    "Triggers": [
    ],
    "Execution Time": 157.094
  }
]
