[
  {
    "Plan": {
      "Node Type": "Hash Join",
      "Parallel Aware": false,
      "Join Type": "Inner",
      "Startup Cost": 3964.22,
      "Total Cost": 90501.79,
      "Plan Rows": 10,
      "Plan Width": 736,
      "Actual Startup Time": 19.258,
      "Actual Total Time": 478.618,
      "Actual Rows": 872,
      "Actual Loops": 1,
      "Hash Cond": "(store_sales.ss_item_sk = item.i_item_sk)",
      "Plans": [
        {
          "Node Type": "Hash Join",
          "Parent Relationship": "Outer",
          "Parallel Aware": false,
          "Join Type": "Inner",
          "Startup Cost": 2501.12,
          "Total Cost": 89034.41,
          "Plan Rows": 1113,
          "Plan Width": 233,
          "Actual Startup Time": 12.638,
          "Actual Total Time": 464.145,
          "Actual Rows": 84165,
          "Actual Loops": 1,
          "Hash Cond": "(store_sales.ss_sold_date_sk = date_dim.d_date_sk)",
          "Plans": [
            {
              "Node Type": "Seq Scan",
              "Parent Relationship": "Outer",
              "Parallel Aware": false,
              "Relation Name": "store_sales",
              "Alias": "store_sales",
              "Startup Cost": 0.00,
              "Total Cost": 76687.57,
              "Plan Rows": 2622557,
              "Plan Width": 115,
              "Actual Startup Time": 0.007,
              "Actual Total Time": 219.159,
              "Actual Rows": 2485280,
              "Actual Loops": 1
            },
            {
              "Node Type": "Hash",
              "Parent Relationship": "Inner",
              "Parallel Aware": false,
              "Startup Cost": 2500.73,
              "Total Cost": 2500.73,
              "Plan Rows": 31,
              "Plan Width": 118,
              "Actual Startup Time": 12.581,
              "Actual Total Time": 12.581,
              "Actual Rows": 31,
              "Actual Loops": 1,
              "Hash Buckets": 1024,
              "Original Hash Buckets": 1024,
              "Hash Batches": 1,
              "Original Hash Batches": 1,
              "Peak Memory Usage": 13,
              "Plans": [
                {
                  "Node Type": "Seq Scan",
                  "Parent Relationship": "Outer",
                  "Parallel Aware": false,
                  "Relation Name": "date_dim",
                  "Alias": "date_dim",
                  "Startup Cost": 0.00,
                  "Total Cost": 2500.73,
                  "Plan Rows": 31,
                  "Plan Width": 118,
                  "Actual Startup Time": 7.675,
                  "Actual Total Time": 12.570,
                  "Actual Rows": 31,
                  "Actual Loops": 1,
                  "Filter": "((d_moy = 12) AND (d_year = 2001))",
                  "Rows Removed by Filter": 73018
                }
              ]
            }
          ]
        },
        {
          "Node Type": "Hash",
          "Parent Relationship": "Inner",
          "Parallel Aware": false,
          "Startup Cost": 1461.00,
          "Total Cost": 1461.00,
          "Plan Rows": 168,
          "Plan Width": 503,
          "Actual Startup Time": 6.267,
          "Actual Total Time": 6.267,
          "Actual Rows": 168,
          "Actual Loops": 1,
          "Hash Buckets": 1024,
          "Original Hash Buckets": 1024,
          "Hash Batches": 1,
          "Original Hash Batches": 1,
          "Peak Memory Usage": 98,
          "Plans": [
            {
              "Node Type": "Seq Scan",
              "Parent Relationship": "Outer",
              "Parallel Aware": false,
              "Relation Name": "item",
              "Alias": "item",
              "Startup Cost": 0.00,
              "Total Cost": 1461.00,
              "Plan Rows": 168,
              "Plan Width": 503,
              "Actual Startup Time": 0.016,
              "Actual Total Time": 6.197,
              "Actual Rows": 168,
              "Actual Loops": 1,
              "Filter": "(i_manager_id = 40)",
              "Rows Removed by Filter": 17832
            }
          ]
        }
      ]
    },
    "Planning Time": 0.257,
    "Triggers": [
    ],
    "Execution Time": 478.767
  }
]
