[
  {
    "Plan": {
      "Node Type": "Hash Join",
      "Parallel Aware": false,
      "Join Type": "Inner",
      "Startup Cost": 7606.12,
      "Total Cost": 64817.85,
      "Plan Rows": 606,
      "Plan Width": 533,
      "Actual Startup Time": 87.257,
      "Actual Total Time": 282.356,
      "Actual Rows": 12947,
      "Actual Loops": 1,
      "Hash Cond": "(catalog_sales.cs_bill_customer_sk = customer.c_customer_sk)",
      "Plans": [
        {
          "Node Type": "Hash Join",
          "Parent Relationship": "Outer",
          "Parallel Aware": false,
          "Join Type": "Inner",
          "Startup Cost": 2501.12,
          "Total Cost": 59704.52,
          "Plan Rows": 606,
          "Plan Width": 288,
          "Actual Startup Time": 56.625,
          "Actual Total Time": 245.861,
          "Actual Rows": 12947,
          "Actual Loops": 1,
          "Hash Cond": "(catalog_sales.cs_sold_date_sk = date_dim.d_date_sk)",
          "Plans": [
            {
              "Node Type": "Seq Scan",
              "Parent Relationship": "Outer",
              "Parallel Aware": false,
              "Relation Name": "catalog_sales",
              "Alias": "catalog_sales",
              "Startup Cost": 0.00,
              "Total Cost": 51844.70,
              "Plan Rows": 1427370,
              "Plan Width": 170,
              "Actual Startup Time": 0.005,
              "Actual Total Time": 125.465,
              "Actual Rows": 1343336,
              "Actual Loops": 1
            },
            {
              "Node Type": "Hash",
              "Parent Relationship": "Inner",
              "Parallel Aware": false,
              "Startup Cost": 2500.73,
              "Total Cost": 2500.73,
              "Plan Rows": 31,
              "Plan Width": 118,
              "Actual Startup Time": 9.272,
              "Actual Total Time": 9.272,
              "Actual Rows": 30,
              "Actual Loops": 1,
              "Hash Buckets": 1024,
              "Original Hash Buckets": 1024,
              "Hash Batches": 1,
              "Original Hash Batches": 1,
              "Peak Memory Usage": 13,
              "Plans": [
                {
                  "Node Type": "Seq Scan",
                  "Parent Relationship": "Outer",
                  "Parallel Aware": false,
                  "Relation Name": "date_dim",
                  "Alias": "date_dim",
                  "Startup Cost": 0.00,
                  "Total Cost": 2500.73,
                  "Plan Rows": 31,
                  "Plan Width": 118,
                  "Actual Startup Time": 4.814,
                  "Actual Total Time": 9.265,
                  "Actual Rows": 30,
                  "Actual Loops": 1,
                  "Filter": "((d_year = 1999) AND (d_moy = 6))",
                  "Rows Removed by Filter": 73019
                }
              ]
            }
          ]
        },
        {
          "Node Type": "Hash",
          "Parent Relationship": "Inner",
          "Parallel Aware": false,
          "Startup Cost": 3855.00,
          "Total Cost": 3855.00,
          "Plan Rows": 100000,
          "Plan Width": 245,
          "Actual Startup Time": 30.578,
          "Actual Total Time": 30.578,
          "Actual Rows": 94736,
          "Actual Loops": 1,
          "Hash Buckets": 131072,
          "Original Hash Buckets": 131072,
          "Hash Batches": 1,
          "Original Hash Batches": 1,
          "Peak Memory Usage": 22700,
          "Plans": [
            {
              "Node Type": "Seq Scan",
              "Parent Relationship": "Outer",
              "Parallel Aware": false,
              "Relation Name": "customer",
              "Alias": "customer",
              "Startup Cost": 0.00,
              "Total Cost": 3855.00,
              "Plan Rows": 100000,
              "Plan Width": 245,
              "Actual Startup Time": 0.009,
              "Actual Total Time": 9.798,
              "Actual Rows": 94736,
              "Actual Loops": 1
            }
          ]
        }
      ]
    },
    "Planning Time": 0.243,
    "Triggers": [
    ],
    "Execution Time": 283.589
  }
]
