[
  {
    "Plan": {
      "Node Type": "Hash Join",
      "Parallel Aware": false,
      "Join Type": "Inner",
      "Startup Cost": 4142.10,
      "Total Cost": 90688.98,
      "Plan Rows": 1041,
      "Plan Width": 736,
      "Actual Startup Time": 21.127,
      "Actual Total Time": 532.511,
      "Actual Rows": 79519,
      "Actual Loops": 1,
      "Hash Cond": "(store_sales.ss_item_sk = item.i_item_sk)",
      "Plans": [
        {
          "Node Type": "Hash Join",
          "Parent Relationship": "Outer",
          "Parallel Aware": false,
          "Join Type": "Inner",
          "Startup Cost": 2501.10,
          "Total Cost": 89033.67,
          "Plan Rows": 1041,
          "Plan Width": 233,
          "Actual Startup Time": 11.586,
          "Actual Total Time": 465.728,
          "Actual Rows": 79519,
          "Actual Loops": 1,
          "Hash Cond": "(store_sales.ss_sold_date_sk = date_dim.d_date_sk)",
          "Plans": [
            {
              "Node Type": "Seq Scan",
              "Parent Relationship": "Outer",
              "Parallel Aware": false,
              "Relation Name": "store_sales",
              "Alias": "store_sales",
              "Startup Cost": 0.00,
              "Total Cost": 76687.57,
              "Plan Rows": 2622557,
              "Plan Width": 115,
              "Actual Startup Time": 0.009,
              "Actual Total Time": 221.337,
              "Actual Rows": 2485280,
              "Actual Loops": 1
            },
            {
              "Node Type": "Hash",
              "Parent Relationship": "Inner",
              "Parallel Aware": false,
              "Startup Cost": 2500.73,
              "Total Cost": 2500.73,
              "Plan Rows": 29,
              "Plan Width": 118,
              "Actual Startup Time": 11.398,
              "Actual Total Time": 11.398,
              "Actual Rows": 30,
              "Actual Loops": 1,
              "Hash Buckets": 1024,
              "Original Hash Buckets": 1024,
              "Hash Batches": 1,
              "Original Hash Batches": 1,
              "Peak Memory Usage": 13,
              "Plans": [
                {
                  "Node Type": "Seq Scan",
                  "Parent Relationship": "Outer",
                  "Parallel Aware": false,
                  "Relation Name": "date_dim",
                  "Alias": "date_dim",
                  "Startup Cost": 0.00,
                  "Total Cost": 2500.73,
                  "Plan Rows": 29,
                  "Plan Width": 118,
                  "Actual Startup Time": 6.879,
                  "Actual Total Time": 11.374,
                  "Actual Rows": 30,
                  "Actual Loops": 1,
                  "Filter": "((d_year = 2002) AND (d_moy = 11))",
                  "Rows Removed by Filter": 73019
                }
              ]
            }
          ]
        },
        {
          "Node Type": "Hash",
          "Parent Relationship": "Inner",
          "Parallel Aware": false,
          "Startup Cost": 1416.00,
          "Total Cost": 1416.00,
          "Plan Rows": 18000,
          "Plan Width": 503,
          "Actual Startup Time": 9.523,
          "Actual Total Time": 9.523,
          "Actual Rows": 18000,
          "Actual Loops": 1,
          "Hash Buckets": 32768,
          "Original Hash Buckets": 32768,
          "Hash Batches": 1,
          "Original Hash Batches": 1,
          "Peak Memory Usage": 9840,
          "Plans": [
            {
              "Node Type": "Seq Scan",
              "Parent Relationship": "Outer",
              "Parallel Aware": false,
              "Relation Name": "item",
              "Alias": "item",
              "Startup Cost": 0.00,
              "Total Cost": 1416.00,
              "Plan Rows": 18000,
              "Plan Width": 503,
              "Actual Startup Time": 0.006,
              "Actual Total Time": 3.729,
              "Actual Rows": 18000,
              "Actual Loops": 1
            }
          ]
        }
      ]
    },
    "Planning Time": 0.309,
    "Triggers": [
    ],
    "Execution Time": 535.132
  }
]
