[
  {
    "Plan": {
      "Node Type": "Hash Join",
      "Parallel Aware": false,
      "Join Type": "Inner",
      "Startup Cost": 3991.95,
      "Total Cost": 90531.26,
      "Plan Rows": 62,
      "Plan Width": 1191,
      "Actual Startup Time": 12.766,
      "Actual Total Time": 456.047,
      "Actual Rows": 3199,
      "Actual Loops": 1,
      "Hash Cond": "(store_sales.ss_store_sk = store.s_store_sk)",
      "Plans": [
        {
          "Node Type": "Hash Join",
          "Parent Relationship": "Outer",
          "Parallel Aware": false,
          "Join Type": "Inner",
          "Startup Cost": 3990.68,
          "Total Cost": 90529.14,
          "Plan Rows": 62,
          "Plan Width": 904,
          "Actual Startup Time": 12.748,
          "Actual Total Time": 453.501,
          "Actual Rows": 3199,
          "Actual Loops": 1,
          "Hash Cond": "(store_sales.ss_promo_sk = promotion.p_promo_sk)",
          "Plans": [
            {
              "Node Type": "Hash Join",
              "Parent Relationship": "Outer",
              "Parallel Aware": false,
              "Join Type": "Inner",
              "Startup Cost": 3975.26,
              "Total Cost": 90512.86,
              "Plan Rows": 63,
              "Plan Width": 736,
              "Actual Startup Time": 12.659,
              "Actual Total Time": 450.700,
              "Actual Rows": 3268,
              "Actual Loops": 1,
              "Hash Cond": "(store_sales.ss_item_sk = item.i_item_sk)",
              "Plans": [
                {
                  "Node Type": "Hash Join",
                  "Parent Relationship": "Outer",
                  "Parallel Aware": false,
                  "Join Type": "Inner",
                  "Startup Cost": 2501.11,
                  "Total Cost": 89034.04,
                  "Plan Rows": 1077,
                  "Plan Width": 233,
                  "Actual Startup Time": 8.170,
                  "Actual Total Time": 435.955,
                  "Actual Rows": 56771,
                  "Actual Loops": 1,
                  "Hash Cond": "(store_sales.ss_sold_date_sk = date_dim.d_date_sk)",
                  "Plans": [
                    {
                      "Node Type": "Seq Scan",
                      "Parent Relationship": "Outer",
                      "Parallel Aware": false,
                      "Relation Name": "store_sales",
                      "Alias": "store_sales",
                      "Startup Cost": 0.00,
                      "Total Cost": 76687.57,
                      "Plan Rows": 2622557,
                      "Plan Width": 115,
                      "Actual Startup Time": 0.006,
                      "Actual Total Time": 214.809,
                      "Actual Rows": 2485280,
                      "Actual Loops": 1
                    },
                    {
                      "Node Type": "Hash",
                      "Parent Relationship": "Inner",
                      "Parallel Aware": false,
                      "Startup Cost": 2500.73,
                      "Total Cost": 2500.73,
                      "Plan Rows": 30,
                      "Plan Width": 118,
                      "Actual Startup Time": 8.100,
                      "Actual Total Time": 8.100,
                      "Actual Rows": 32,
                      "Actual Loops": 1,
                      "Hash Buckets": 1024,
                      "Original Hash Buckets": 1024,
                      "Hash Batches": 1,
                      "Original Hash Batches": 1,
                      "Peak Memory Usage": 13,
                      "Plans": [
                        {
                          "Node Type": "Seq Scan",
                          "Parent Relationship": "Outer",
                          "Parallel Aware": false,
                          "Relation Name": "date_dim",
                          "Alias": "date_dim",
                          "Startup Cost": 0.00,
                          "Total Cost": 2500.73,
                          "Plan Rows": 30,
                          "Plan Width": 118,
                          "Actual Startup Time": 3.725,
                          "Actual Total Time": 8.093,
                          "Actual Rows": 32,
                          "Actual Loops": 1,
                          "Filter": "((d_date >= '1999-08-25'::date) AND (d_date <= '1999-09-25'::date))",
                          "Rows Removed by Filter": 73017
                        }
                      ]
                    }
                  ]
                },
                {
                  "Node Type": "Hash",
                  "Parent Relationship": "Inner",
                  "Parallel Aware": false,
                  "Startup Cost": 1461.00,
                  "Total Cost": 1461.00,
                  "Plan Rows": 1052,
                  "Plan Width": 503,
                  "Actual Startup Time": 4.481,
                  "Actual Total Time": 4.481,
                  "Actual Rows": 1055,
                  "Actual Loops": 1,
                  "Hash Buckets": 2048,
                  "Original Hash Buckets": 2048,
                  "Hash Batches": 1,
                  "Original Hash Batches": 1,
                  "Peak Memory Usage": 576,
                  "Plans": [
                    {
                      "Node Type": "Seq Scan",
                      "Parent Relationship": "Outer",
                      "Parallel Aware": false,
                      "Relation Name": "item",
                      "Alias": "item",
                      "Startup Cost": 0.00,
                      "Total Cost": 1461.00,
                      "Plan Rows": 1052,
                      "Plan Width": 503,
                      "Actual Startup Time": 0.011,
                      "Actual Total Time": 4.286,
                      "Actual Rows": 1055,
                      "Actual Loops": 1,
                      "Filter": "(i_current_price > '50'::numeric)",
                      "Rows Removed by Filter": 16945
                    }
                  ]
                }
              ]
            },
            {
              "Node Type": "Hash",
              "Parent Relationship": "Inner",
              "Parallel Aware": false,
              "Startup Cost": 11.75,
              "Total Cost": 11.75,
              "Plan Rows": 294,
              "Plan Width": 168,
              "Actual Startup Time": 0.085,
              "Actual Total Time": 0.085,
              "Actual Rows": 294,
              "Actual Loops": 1,
              "Hash Buckets": 1024,
              "Original Hash Buckets": 1024,
              "Hash Batches": 1,
              "Original Hash Batches": 1,
              "Peak Memory Usage": 67,
              "Plans": [
                {
                  "Node Type": "Seq Scan",
                  "Parent Relationship": "Outer",
                  "Parallel Aware": false,
                  "Relation Name": "promotion",
                  "Alias": "promotion",
                  "Startup Cost": 0.00,
                  "Total Cost": 11.75,
                  "Plan Rows": 294,
                  "Plan Width": 168,
                  "Actual Startup Time": 0.004,
                  "Actual Total Time": 0.061,
                  "Actual Rows": 294,
                  "Actual Loops": 1,
                  "Filter": "(p_channel_tv = 'N'::bpchar)",
                  "Rows Removed by Filter": 6
                }
              ]
            }
          ]
        },
        {
          "Node Type": "Hash",
          "Parent Relationship": "Inner",
          "Parallel Aware": false,
          "Startup Cost": 1.12,
          "Total Cost": 1.12,
          "Plan Rows": 12,
          "Plan Width": 287,
          "Actual Startup Time": 0.011,
          "Actual Total Time": 0.011,
          "Actual Rows": 12,
          "Actual Loops": 1,
          "Hash Buckets": 1024,
          "Original Hash Buckets": 1024,
          "Hash Batches": 1,
          "Original Hash Batches": 1,
          "Peak Memory Usage": 12,
          "Plans": [
            {
              "Node Type": "Seq Scan",
              "Parent Relationship": "Outer",
              "Parallel Aware": false,
              "Relation Name": "store",
              "Alias": "store",
              "Startup Cost": 0.00,
              "Total Cost": 1.12,
              "Plan Rows": 12,
              "Plan Width": 287,
              "Actual Startup Time": 0.005,
              "Actual Total Time": 0.005,
              "Actual Rows": 12,
              "Actual Loops": 1
            }
          ]
        }
      ]
    },
    "Planning Time": 0.501,
    "Triggers": [
    ],
    "Execution Time": 456.378
  }
]
