[
  {
    "Plan": {
      "Node Type": "Hash Join",
      "Parallel Aware": false,
      "Join Type": "Inner",
      "Startup Cost": 4496.34,
      "Total Cost": 61702.99,
      "Plan Rows": 33,
      "Plan Width": 1090,
      "Actual Startup Time": 80.140,
      "Actual Total Time": 270.529,
      "Actual Rows": 1739,
      "Actual Loops": 1,
      "Hash Cond": "(catalog_sales.cs_catalog_page_sk = catalog_page.cp_catalog_page_sk)",
      "Plans": [
        {
          "Node Type": "Hash Join",
          "Parent Relationship": "Outer",
          "Parallel Aware": false,
          "Join Type": "Inner",
          "Startup Cost": 3990.68,
          "Total Cost": 61196.88,
          "Plan Rows": 33,
          "Plan Width": 959,
          "Actual Startup Time": 77.591,
          "Actual Total Time": 266.821,
          "Actual Rows": 1739,
          "Actual Loops": 1,
          "Hash Cond": "(catalog_sales.cs_promo_sk = promotion.p_promo_sk)",
          "Plans": [
            {
              "Node Type": "Hash Join",
              "Parent Relationship": "Outer",
              "Parallel Aware": false,
              "Join Type": "Inner",
              "Startup Cost": 3975.26,
              "Total Cost": 61180.99,
              "Plan Rows": 34,
              "Plan Width": 791,
              "Actual Startup Time": 77.470,
              "Actual Total Time": 265.600,
              "Actual Rows": 1775,
              "Actual Loops": 1,
              "Hash Cond": "(catalog_sales.cs_item_sk = item.i_item_sk)",
              "Plans": [
                {
                  "Node Type": "Hash Join",
                  "Parent Relationship": "Outer",
                  "Parallel Aware": false,
                  "Join Type": "Inner",
                  "Startup Cost": 2501.11,
                  "Total Cost": 59704.31,
                  "Plan Rows": 586,
                  "Plan Width": 288,
                  "Actual Startup Time": 61.210,
                  "Actual Total Time": 256.611,
                  "Actual Rows": 30982,
                  "Actual Loops": 1,
                  "Hash Cond": "(catalog_sales.cs_sold_date_sk = date_dim.d_date_sk)",
                  "Plans": [
                    {
                      "Node Type": "Seq Scan",
                      "Parent Relationship": "Outer",
                      "Parallel Aware": false,
                      "Relation Name": "catalog_sales",
                      "Alias": "catalog_sales",
                      "Startup Cost": 0.00,
                      "Total Cost": 51844.70,
                      "Plan Rows": 1427370,
                      "Plan Width": 170,
                      "Actual Startup Time": 0.005,
                      "Actual Total Time": 128.804,
                      "Actual Rows": 1343336,
                      "Actual Loops": 1
                    },
                    {
                      "Node Type": "Hash",
                      "Parent Relationship": "Inner",
                      "Parallel Aware": false,
                      "Startup Cost": 2500.73,
                      "Total Cost": 2500.73,
                      "Plan Rows": 30,
                      "Plan Width": 118,
                      "Actual Startup Time": 8.435,
                      "Actual Total Time": 8.435,
                      "Actual Rows": 32,
                      "Actual Loops": 1,
                      "Hash Buckets": 1024,
                      "Original Hash Buckets": 1024,
                      "Hash Batches": 1,
                      "Original Hash Batches": 1,
                      "Peak Memory Usage": 13,
                      "Plans": [
                        {
                          "Node Type": "Seq Scan",
                          "Parent Relationship": "Outer",
                          "Parallel Aware": false,
                          "Relation Name": "date_dim",
                          "Alias": "date_dim",
                          "Startup Cost": 0.00,
                          "Total Cost": 2500.73,
                          "Plan Rows": 30,
                          "Plan Width": 118,
                          "Actual Startup Time": 3.828,
                          "Actual Total Time": 8.424,
                          "Actual Rows": 32,
                          "Actual Loops": 1,
                          "Filter": "((d_date >= '1999-08-25'::date) AND (d_date <= '1999-09-25'::date))",
                          "Rows Removed by Filter": 73017
                        }
                      ]
                    }
                  ]
                },
                {
                  "Node Type": "Hash",
                  "Parent Relationship": "Inner",
                  "Parallel Aware": false,
                  "Startup Cost": 1461.00,
                  "Total Cost": 1461.00,
                  "Plan Rows": 1052,
                  "Plan Width": 503,
                  "Actual Startup Time": 5.127,
                  "Actual Total Time": 5.127,
                  "Actual Rows": 1055,
                  "Actual Loops": 1,
                  "Hash Buckets": 2048,
                  "Original Hash Buckets": 2048,
                  "Hash Batches": 1,
                  "Original Hash Batches": 1,
                  "Peak Memory Usage": 576,
                  "Plans": [
                    {
                      "Node Type": "Seq Scan",
                      "Parent Relationship": "Outer",
                      "Parallel Aware": false,
                      "Relation Name": "item",
                      "Alias": "item",
                      "Startup Cost": 0.00,
                      "Total Cost": 1461.00,
                      "Plan Rows": 1052,
                      "Plan Width": 503,
                      "Actual Startup Time": 0.007,
                      "Actual Total Time": 4.657,
                      "Actual Rows": 1055,
                      "Actual Loops": 1,
                      "Filter": "(i_current_price > '50'::numeric)",
                      "Rows Removed by Filter": 16945
                    }
                  ]
                }
              ]
            },
            {
              "Node Type": "Hash",
              "Parent Relationship": "Inner",
              "Parallel Aware": false,
              "Startup Cost": 11.75,
              "Total Cost": 11.75,
              "Plan Rows": 294,
              "Plan Width": 168,
              "Actual Startup Time": 0.116,
              "Actual Total Time": 0.116,
              "Actual Rows": 294,
              "Actual Loops": 1,
              "Hash Buckets": 1024,
              "Original Hash Buckets": 1024,
              "Hash Batches": 1,
              "Original Hash Batches": 1,
              "Peak Memory Usage": 67,
              "Plans": [
                {
                  "Node Type": "Seq Scan",
                  "Parent Relationship": "Outer",
                  "Parallel Aware": false,
                  "Relation Name": "promotion",
                  "Alias": "promotion",
                  "Startup Cost": 0.00,
                  "Total Cost": 11.75,
                  "Plan Rows": 294,
                  "Plan Width": 168,
                  "Actual Startup Time": 0.005,
                  "Actual Total Time": 0.062,
                  "Actual Rows": 294,
                  "Actual Loops": 1,
                  "Filter": "(p_channel_tv = 'N'::bpchar)",
                  "Rows Removed by Filter": 6
                }
              ]
            }
          ]
        },
        {
          "Node Type": "Hash",
          "Parent Relationship": "Inner",
          "Parallel Aware": false,
          "Startup Cost": 359.18,
          "Total Cost": 359.18,
          "Plan Rows": 11718,
          "Plan Width": 131,
          "Actual Startup Time": 2.539,
          "Actual Total Time": 2.539,
          "Actual Rows": 11718,
          "Actual Loops": 1,
          "Hash Buckets": 16384,
          "Original Hash Buckets": 16384,
          "Hash Batches": 1,
          "Original Hash Batches": 1,
          "Peak Memory Usage": 2043,
          "Plans": [
            {
              "Node Type": "Seq Scan",
              "Parent Relationship": "Outer",
              "Parallel Aware": false,
              "Relation Name": "catalog_page",
              "Alias": "catalog_page",
              "Startup Cost": 0.00,
              "Total Cost": 359.18,
              "Plan Rows": 11718,
              "Plan Width": 131,
              "Actual Startup Time": 0.005,
              "Actual Total Time": 1.045,
              "Actual Rows": 11718,
              "Actual Loops": 1
            }
          ]
        }
      ]
    },
    "Planning Time": 0.486,
    "Triggers": [
    ],
    "Execution Time": 270.693
  }
]
