[
  {
    "Plan": {
      "Node Type": "Hash Join",
      "Parallel Aware": false,
      "Join Type": "Inner",
      "Startup Cost": 4327.05,
      "Total Cost": 61624.16,
      "Plan Rows": 4201,
      "Plan Width": 791,
      "Actual Startup Time": 155.675,
      "Actual Total Time": 428.399,
      "Actual Rows": 140765,
      "Actual Loops": 1,
      "Hash Cond": "(catalog_sales.cs_item_sk = item.i_item_sk)",
      "Plans": [
        {
          "Node Type": "Hash Join",
          "Parent Relationship": "Outer",
          "Parallel Aware": false,
          "Join Type": "Inner",
          "Startup Cost": 2686.05,
          "Total Cost": 59925.39,
          "Plan Rows": 4201,
          "Plan Width": 288,
          "Actual Startup Time": 147.648,
          "Actual Total Time": 327.263,
          "Actual Rows": 140765,
          "Actual Loops": 1,
          "Hash Cond": "(catalog_sales.cs_sold_date_sk = date_dim.d_date_sk)",
          "Plans": [
            {
              "Node Type": "Seq Scan",
              "Parent Relationship": "Outer",
              "Parallel Aware": false,
              "Relation Name": "catalog_sales",
              "Alias": "catalog_sales",
              "Startup Cost": 0.00,
              "Total Cost": 51844.70,
              "Plan Rows": 1427370,
              "Plan Width": 170,
              "Actual Startup Time": 0.009,
              "Actual Total Time": 126.182,
              "Actual Rows": 1343336,
              "Actual Loops": 1
            },
            {
              "Node Type": "Hash",
              "Parent Relationship": "Inner",
              "Parallel Aware": false,
              "Startup Cost": 2683.36,
              "Total Cost": 2683.36,
              "Plan Rows": 215,
              "Plan Width": 118,
              "Actual Startup Time": 13.517,
              "Actual Total Time": 13.517,
              "Actual Rows": 214,
              "Actual Loops": 1,
              "Hash Buckets": 1024,
              "Original Hash Buckets": 1024,
              "Hash Batches": 1,
              "Original Hash Batches": 1,
              "Peak Memory Usage": 41,
              "Plans": [
                {
                  "Node Type": "Seq Scan",
                  "Parent Relationship": "Outer",
                  "Parallel Aware": false,
                  "Relation Name": "date_dim",
                  "Alias": "date_dim",
                  "Startup Cost": 0.00,
                  "Total Cost": 2683.36,
                  "Plan Rows": 215,
                  "Plan Width": 118,
                  "Actual Startup Time": 6.793,
                  "Actual Total Time": 13.491,
                  "Actual Rows": 214,
                  "Actual Loops": 1,
                  "Filter": "((d_moy >= 4) AND (d_moy <= 10) AND (d_year = 2001))",
                  "Rows Removed by Filter": 72835
                }
              ]
            }
          ]
        },
        {
          "Node Type": "Hash",
          "Parent Relationship": "Inner",
          "Parallel Aware": false,
          "Startup Cost": 1416.00,
          "Total Cost": 1416.00,
          "Plan Rows": 18000,
          "Plan Width": 503,
          "Actual Startup Time": 8.004,
          "Actual Total Time": 8.004,
          "Actual Rows": 18000,
          "Actual Loops": 1,
          "Hash Buckets": 32768,
          "Original Hash Buckets": 32768,
          "Hash Batches": 1,
          "Original Hash Batches": 1,
          "Peak Memory Usage": 9840,
          "Plans": [
            {
              "Node Type": "Seq Scan",
              "Parent Relationship": "Outer",
              "Parallel Aware": false,
              "Relation Name": "item",
              "Alias": "item",
              "Startup Cost": 0.00,
              "Total Cost": 1416.00,
              "Plan Rows": 18000,
              "Plan Width": 503,
              "Actual Startup Time": 0.008,
              "Actual Total Time": 3.093,
              "Actual Rows": 18000,
              "Actual Loops": 1
            }
          ]
        }
      ]
    },
    "Planning Time": 0.387,
    "Triggers": [
    ],
    "Execution Time": 433.044
  }
]
