[
  {
    "Plan": {
      "Node Type": "Hash Join",
      "Parallel Aware": false,
      "Join Type": "Inner",
      "Startup Cost": 12099.26,
      "Total Cost": 99667.32,
      "Plan Rows": 16172,
      "Plan Width": 1413,
      "Actual Startup Time": 75.061,
      "Actual Total Time": 553.812,
      "Actual Rows": 12769,
      "Actual Loops": 1,
      "Hash Cond": "(customer.c_current_addr_sk = customer_address.ca_address_sk)",
      "Plans": [
        {
          "Node Type": "Hash Join",
          "Parent Relationship": "Outer",
          "Parallel Aware": false,
          "Join Type": "Inner",
          "Startup Cost": 9887.26,
          "Total Cost": 97232.95,
          "Plan Rows": 16172,
          "Plan Width": 1268,
          "Actual Startup Time": 65.404,
          "Actual Total Time": 532.312,
          "Actual Rows": 12769,
          "Actual Loops": 1,
          "Hash Cond": "(customer.c_first_sales_date_sk = date_dim.d_date_sk)",
          "Plans": [
            {
              "Node Type": "Hash Join",
              "Parent Relationship": "Outer",
              "Parallel Aware": false,
              "Join Type": "Inner",
              "Startup Cost": 6838.66,
              "Total Cost": 93967.27,
              "Plan Rows": 16172,
              "Plan Width": 1150,
              "Actual Startup Time": 46.046,
              "Actual Total Time": 501.231,
              "Actual Rows": 12769,
              "Actual Loops": 1,
              "Hash Cond": "(store_sales.ss_customer_sk = customer.c_customer_sk)",
              "Plans": [
                {
                  "Node Type": "Hash Join",
                  "Parent Relationship": "Outer",
                  "Parallel Aware": false,
                  "Join Type": "Inner",
                  "Startup Cost": 1733.66,
                  "Total Cost": 88639.90,
                  "Plan Rows": 16172,
                  "Plan Width": 905,
                  "Actual Startup Time": 6.716,
                  "Actual Total Time": 450.290,
                  "Actual Rows": 12769,
                  "Actual Loops": 1,
                  "Hash Cond": "(store_sales.ss_store_sk = store.s_store_sk)",
                  "Plans": [
                    {
                      "Node Type": "Hash Join",
                      "Parent Relationship": "Outer",
                      "Parallel Aware": false,
                      "Join Type": "Inner",
                      "Startup Cost": 1732.39,
                      "Total Cost": 88416.27,
                      "Plan Rows": 16172,
                      "Plan Width": 618,
                      "Actual Startup Time": 6.694,
                      "Actual Total Time": 442.451,
                      "Actual Rows": 12769,
                      "Actual Loops": 1,
                      "Hash Cond": "(store_sales.ss_item_sk = item.i_item_sk)",
                      "Plans": [
                        {
                          "Node Type": "Seq Scan",
                          "Parent Relationship": "Outer",
                          "Parallel Aware": false,
                          "Relation Name": "store_sales",
                          "Alias": "store_sales",
                          "Startup Cost": 0.00,
                          "Total Cost": 76687.57,
                          "Plan Rows": 2622557,
                          "Plan Width": 115,
                          "Actual Startup Time": 0.004,
                          "Actual Total Time": 215.860,
                          "Actual Rows": 2485280,
                          "Actual Loops": 1
                        },
                        {
                          "Node Type": "Hash",
                          "Parent Relationship": "Inner",
                          "Parallel Aware": false,
                          "Startup Cost": 1731.00,
                          "Total Cost": 1731.00,
                          "Plan Rows": 111,
                          "Plan Width": 503,
                          "Actual Startup Time": 6.673,
                          "Actual Total Time": 6.673,
                          "Actual Rows": 92,
                          "Actual Loops": 1,
                          "Hash Buckets": 1024,
                          "Original Hash Buckets": 1024,
                          "Hash Batches": 1,
                          "Original Hash Batches": 1,
                          "Peak Memory Usage": 57,
                          "Plans": [
                            {
                              "Node Type": "Seq Scan",
                              "Parent Relationship": "Outer",
                              "Parallel Aware": false,
                              "Relation Name": "item",
                              "Alias": "item",
                              "Startup Cost": 0.00,
                              "Total Cost": 1731.00,
                              "Plan Rows": 111,
                              "Plan Width": 503,
                              "Actual Startup Time": 0.324,
                              "Actual Total Time": 6.617,
                              "Actual Rows": 92,
                              "Actual Loops": 1,
                              "Filter": "((i_current_price >= '6'::numeric) AND (i_current_price <= '16'::numeric) AND (i_current_price >= '7'::numeric) AND (i_current_price <= '21'::numeric) AND (i_color = ANY ('{lavender,metallic,beige,gainsboro,chartreuse,lemon}'::bpchar[])))",
                              "Rows Removed by Filter": 17908
                            }
                          ]
                        }
                      ]
                    },
                    {
                      "Node Type": "Hash",
                      "Parent Relationship": "Inner",
                      "Parallel Aware": false,
                      "Startup Cost": 1.12,
                      "Total Cost": 1.12,
                      "Plan Rows": 12,
                      "Plan Width": 287,
                      "Actual Startup Time": 0.013,
                      "Actual Total Time": 0.013,
                      "Actual Rows": 12,
                      "Actual Loops": 1,
                      "Hash Buckets": 1024,
                      "Original Hash Buckets": 1024,
                      "Hash Batches": 1,
                      "Original Hash Batches": 1,
                      "Peak Memory Usage": 12,
                      "Plans": [
                        {
                          "Node Type": "Seq Scan",
                          "Parent Relationship": "Outer",
                          "Parallel Aware": false,
                          "Relation Name": "store",
                          "Alias": "store",
                          "Startup Cost": 0.00,
                          "Total Cost": 1.12,
                          "Plan Rows": 12,
                          "Plan Width": 287,
                          "Actual Startup Time": 0.005,
                          "Actual Total Time": 0.005,
                          "Actual Rows": 12,
                          "Actual Loops": 1
                        }
                      ]
                    }
                  ]
                },
                {
                  "Node Type": "Hash",
                  "Parent Relationship": "Inner",
                  "Parallel Aware": false,
                  "Startup Cost": 3855.00,
                  "Total Cost": 3855.00,
                  "Plan Rows": 100000,
                  "Plan Width": 245,
                  "Actual Startup Time": 38.846,
                  "Actual Total Time": 38.846,
                  "Actual Rows": 94736,
                  "Actual Loops": 1,
                  "Hash Buckets": 131072,
                  "Original Hash Buckets": 131072,
                  "Hash Batches": 1,
                  "Original Hash Batches": 1,
                  "Peak Memory Usage": 22700,
                  "Plans": [
                    {
                      "Node Type": "Seq Scan",
                      "Parent Relationship": "Outer",
                      "Parallel Aware": false,
                      "Relation Name": "customer",
                      "Alias": "customer",
                      "Startup Cost": 0.00,
                      "Total Cost": 3855.00,
                      "Plan Rows": 100000,
                      "Plan Width": 245,
                      "Actual Startup Time": 0.005,
                      "Actual Total Time": 11.150,
                      "Actual Rows": 94736,
                      "Actual Loops": 1
                    }
                  ]
                }
              ]
            },
            {
              "Node Type": "Hash",
              "Parent Relationship": "Inner",
              "Parallel Aware": false,
              "Startup Cost": 2135.49,
              "Total Cost": 2135.49,
              "Plan Rows": 73049,
              "Plan Width": 118,
              "Actual Startup Time": 19.311,
              "Actual Total Time": 19.311,
              "Actual Rows": 73049,
              "Actual Loops": 1,
              "Hash Buckets": 131072,
              "Original Hash Buckets": 131072,
              "Hash Batches": 1,
              "Original Hash Batches": 1,
              "Peak Memory Usage": 12010,
              "Plans": [
                {
                  "Node Type": "Seq Scan",
                  "Parent Relationship": "Outer",
                  "Parallel Aware": false,
                  "Relation Name": "date_dim",
                  "Alias": "date_dim",
                  "Startup Cost": 0.00,
                  "Total Cost": 2135.49,
                  "Plan Rows": 73049,
                  "Plan Width": 118,
                  "Actual Startup Time": 0.006,
                  "Actual Total Time": 6.272,
                  "Actual Rows": 73049,
                  "Actual Loops": 1
                }
              ]
            }
          ]
        },
        {
          "Node Type": "Hash",
          "Parent Relationship": "Inner",
          "Parallel Aware": false,
          "Startup Cost": 1587.00,
          "Total Cost": 1587.00,
          "Plan Rows": 50000,
          "Plan Width": 145,
          "Actual Startup Time": 9.630,
          "Actual Total Time": 9.630,
          "Actual Rows": 50000,
          "Actual Loops": 1,
          "Hash Buckets": 65536,
          "Original Hash Buckets": 65536,
          "Hash Batches": 1,
          "Original Hash Batches": 1,
          "Peak Memory Usage": 9120,
          "Plans": [
            {
              "Node Type": "Seq Scan",
              "Parent Relationship": "Outer",
              "Parallel Aware": false,
              "Relation Name": "customer_address",
              "Alias": "customer_address",
              "Startup Cost": 0.00,
              "Total Cost": 1587.00,
              "Plan Rows": 50000,
              "Plan Width": 145,
              "Actual Startup Time": 0.005,
              "Actual Total Time": 4.213,
              "Actual Rows": 50000,
              "Actual Loops": 1
            }
          ]
        }
      ]
    },
    "Planning Time": 0.722,
    "Triggers": [
    ],
    "Execution Time": 554.722
  }
]
