[
  {
    "Plan": {
      "Node Type": "Hash Join",
      "Parallel Aware": false,
      "Join Type": "Inner",
      "Startup Cost": 2504.36,
      "Total Cost": 89130.63,
      "Plan Rows": 10411,
      "Plan Width": 233,
      "Actual Startup Time": 9.461,
      "Actual Total Time": 643.995,
      "Actual Rows": 498528,
      "Actual Loops": 1,
      "Hash Cond": "(store_sales.ss_sold_date_sk = date_dim.d_date_sk)",
      "Plans": [
        {
          "Node Type": "Seq Scan",
          "Parent Relationship": "Outer",
          "Parallel Aware": false,
          "Relation Name": "store_sales",
          "Alias": "store_sales",
          "Startup Cost": 0.00,
          "Total Cost": 76687.57,
          "Plan Rows": 2622557,
          "Plan Width": 115,
          "Actual Startup Time": 0.006,
          "Actual Total Time": 211.990,
          "Actual Rows": 2485280,
          "Actual Loops": 1
        },
        {
          "Node Type": "Hash",
          "Parent Relationship": "Inner",
          "Parallel Aware": false,
          "Startup Cost": 2500.73,
          "Total Cost": 2500.73,
          "Plan Rows": 290,
          "Plan Width": 118,
          "Actual Startup Time": 9.448,
          "Actual Total Time": 9.448,
          "Actual Rows": 365,
          "Actual Loops": 1,
          "Hash Buckets": 1024,
          "Original Hash Buckets": 1024,
          "Hash Batches": 1,
          "Original Hash Batches": 1,
          "Peak Memory Usage": 63,
          "Plans": [
            {
              "Node Type": "Seq Scan",
              "Parent Relationship": "Outer",
              "Parallel Aware": false,
              "Relation Name": "date_dim",
              "Alias": "date_dim",
              "Startup Cost": 0.00,
              "Total Cost": 2500.73,
              "Plan Rows": 290,
              "Plan Width": 118,
              "Actual Startup Time": 4.509,
              "Actual Total Time": 9.411,
              "Actual Rows": 365,
              "Actual Loops": 1,
              "Filter": "((d_month_seq >= 1184) AND (d_month_seq <= 1195))",
              "Rows Removed by Filter": 72684
            }
          ]
        }
      ]
    },
    "Planning Time": 0.139,
    "Triggers": [
    ],
    "Execution Time": 659.586
  }
]
