[
  {
    "Plan": {
      "Node Type": "Hash Join",
      "Parallel Aware": false,
      "Join Type": "Inner",
      "Startup Cost": 10987.72,
      "Total Cost": 12481.55,
      "Plan Rows": 1033,
      "Plan Width": 723,
      "Actual Startup Time": 105.931,
      "Actual Total Time": 142.159,
      "Actual Rows": 37967,
      "Actual Loops": 1,
      "Hash Cond": "(item.i_item_sk = store_returns.sr_item_sk)",
      "Plans": [
        {
          "Node Type": "Seq Scan",
          "Parent Relationship": "Outer",
          "Parallel Aware": false,
          "Relation Name": "item",
          "Alias": "item",
          "Startup Cost": 0.00,
          "Total Cost": 1416.00,
          "Plan Rows": 18000,
          "Plan Width": 503,
          "Actual Startup Time": 0.003,
          "Actual Total Time": 2.862,
          "Actual Rows": 18000,
          "Actual Loops": 1
        },
        {
          "Node Type": "Hash",
          "Parent Relationship": "Inner",
          "Parallel Aware": false,
          "Startup Cost": 10974.81,
          "Total Cost": 10974.81,
          "Plan Rows": 1033,
          "Plan Width": 220,
          "Actual Startup Time": 105.918,
          "Actual Total Time": 105.918,
          "Actual Rows": 37967,
          "Actual Loops": 1,
          "Hash Buckets": 65536,
          "Original Hash Buckets": 2048,
          "Hash Batches": 1,
          "Original Hash Batches": 1,
          "Peak Memory Usage": 10304,
          "Plans": [
            {
              "Node Type": "Hash Join",
              "Parent Relationship": "Outer",
              "Parallel Aware": false,
              "Join Type": "Inner",
              "Startup Cost": 2412.82,
              "Total Cost": 10974.81,
              "Plan Rows": 1033,
              "Plan Width": 220,
              "Actual Startup Time": 16.895,
              "Actual Total Time": 80.623,
              "Actual Rows": 37967,
              "Actual Loops": 1,
              "Hash Cond": "(store_returns.sr_returned_date_sk = date_dim.d_date_sk)",
              "Plans": [
                {
                  "Node Type": "Seq Scan",
                  "Parent Relationship": "Outer",
                  "Parallel Aware": false,
                  "Relation Name": "store_returns",
                  "Alias": "store_returns",
                  "Startup Cost": 0.00,
                  "Total Cost": 7511.02,
                  "Plan Rows": 277502,
                  "Plan Width": 102,
                  "Actual Startup Time": 0.003,
                  "Actual Total Time": 23.114,
                  "Actual Rows": 258304,
                  "Actual Loops": 1
                },
                {
                  "Node Type": "Hash",
                  "Parent Relationship": "Inner",
                  "Parallel Aware": false,
                  "Startup Cost": 2409.42,
                  "Total Cost": 2409.42,
                  "Plan Rows": 272,
                  "Plan Width": 118,
                  "Actual Startup Time": 16.882,
                  "Actual Total Time": 16.882,
                  "Actual Rows": 274,
                  "Actual Loops": 1,
                  "Hash Buckets": 1024,
                  "Original Hash Buckets": 1024,
                  "Hash Batches": 1,
                  "Original Hash Batches": 1,
                  "Peak Memory Usage": 50,
                  "Plans": [
                    {
                      "Node Type": "Seq Scan",
                      "Parent Relationship": "Outer",
                      "Parallel Aware": false,
                      "Relation Name": "date_dim",
                      "Alias": "date_dim",
                      "Startup Cost": 0.00,
                      "Total Cost": 2409.42,
                      "Plan Rows": 272,
                      "Plan Width": 118,
                      "Actual Startup Time": 8.875,
                      "Actual Total Time": 16.843,
                      "Actual Rows": 274,
                      "Actual Loops": 1,
                      "Filter": "(d_quarter_name = ANY ('{2001Q1,2001Q2,2001Q3}'::bpchar[]))",
                      "Rows Removed by Filter": 72775
                    }
                  ]
                }
              ]
            }
          ]
        }
      ]
    },
    "Planning Time": 0.282,
    "Triggers": [
    ],
    "Execution Time": 143.592
  }
]
