[
  {
    "Plan": {
      "Node Type": "Hash Join",
      "Parallel Aware": false,
      "Join Type": "Inner",
      "Startup Cost": 4713.89,
      "Total Cost": 91314.49,
      "Plan Rows": 3303,
      "Plan Width": 378,
      "Actual Startup Time": 24.675,
      "Actual Total Time": 494.539,
      "Actual Rows": 71964,
      "Actual Loops": 1,
      "Hash Cond": "(store_sales.ss_addr_sk = customer_address.ca_address_sk)",
      "Plans": [
        {
          "Node Type": "Hash Join",
          "Parent Relationship": "Outer",
          "Parallel Aware": false,
          "Join Type": "Inner",
          "Startup Cost": 2501.88,
          "Total Cost": 89057.07,
          "Plan Rows": 3303,
          "Plan Width": 233,
          "Actual Startup Time": 11.183,
          "Actual Total Time": 451.054,
          "Actual Rows": 71964,
          "Actual Loops": 1,
          "Hash Cond": "(store_sales.ss_sold_date_sk = date_dim.d_date_sk)",
          "Plans": [
            {
              "Node Type": "Seq Scan",
              "Parent Relationship": "Outer",
              "Parallel Aware": false,
              "Relation Name": "store_sales",
              "Alias": "store_sales",
              "Startup Cost": 0.00,
              "Total Cost": 76687.57,
              "Plan Rows": 2622557,
              "Plan Width": 115,
              "Actual Startup Time": 0.007,
              "Actual Total Time": 214.330,
              "Actual Rows": 2485280,
              "Actual Loops": 1
            },
            {
              "Node Type": "Hash",
              "Parent Relationship": "Inner",
              "Parallel Aware": false,
              "Startup Cost": 2500.73,
              "Total Cost": 2500.73,
              "Plan Rows": 92,
              "Plan Width": 118,
              "Actual Startup Time": 10.877,
              "Actual Total Time": 10.877,
              "Actual Rows": 91,
              "Actual Loops": 1,
              "Hash Buckets": 1024,
              "Original Hash Buckets": 1024,
              "Hash Batches": 1,
              "Original Hash Batches": 1,
              "Peak Memory Usage": 22,
              "Plans": [
                {
                  "Node Type": "Seq Scan",
                  "Parent Relationship": "Outer",
                  "Parallel Aware": false,
                  "Relation Name": "date_dim",
                  "Alias": "date_dim",
                  "Startup Cost": 0.00,
                  "Total Cost": 2500.73,
                  "Plan Rows": 92,
                  "Plan Width": 118,
                  "Actual Startup Time": 5.531,
                  "Actual Total Time": 10.862,
                  "Actual Rows": 91,
                  "Actual Loops": 1,
                  "Filter": "((d_qoy = 2) AND (d_year = 2000))",
                  "Rows Removed by Filter": 72958
                }
              ]
            }
          ]
        },
        {
          "Node Type": "Hash",
          "Parent Relationship": "Inner",
          "Parallel Aware": false,
          "Startup Cost": 1587.00,
          "Total Cost": 1587.00,
          "Plan Rows": 50000,
          "Plan Width": 145,
          "Actual Startup Time": 13.453,
          "Actual Total Time": 13.453,
          "Actual Rows": 50000,
          "Actual Loops": 1,
          "Hash Buckets": 65536,
          "Original Hash Buckets": 65536,
          "Hash Batches": 1,
          "Original Hash Batches": 1,
          "Peak Memory Usage": 9120,
          "Plans": [
            {
              "Node Type": "Seq Scan",
              "Parent Relationship": "Outer",
              "Parallel Aware": false,
              "Relation Name": "customer_address",
              "Alias": "customer_address",
              "Startup Cost": 0.00,
              "Total Cost": 1587.00,
              "Plan Rows": 50000,
              "Plan Width": 145,
              "Actual Startup Time": 0.008,
              "Actual Total Time": 5.365,
              "Actual Rows": 50000,
              "Actual Loops": 1
            }
          ]
        }
      ]
    },
    "Planning Time": 0.357,
    "Triggers": [
    ],
    "Execution Time": 496.994
  }
]
