[
  {
    "Plan": {
      "Node Type": "Hash Join",
      "Parallel Aware": false,
      "Join Type": "Inner",
      "Startup Cost": 1506.78,
      "Total Cost": 88119.26,
      "Plan Rows": 9033,
      "Plan Width": 618,
      "Actual Startup Time": 4.718,
      "Actual Total Time": 430.888,
      "Actual Rows": 13580,
      "Actual Loops": 1,
      "Hash Cond": "(store_sales.ss_item_sk = item.i_item_sk)",
      "Plans": [
        {
          "Node Type": "Seq Scan",
          "Parent Relationship": "Outer",
          "Parallel Aware": false,
          "Relation Name": "store_sales",
          "Alias": "store_sales",
          "Startup Cost": 0.00,
          "Total Cost": 76687.57,
          "Plan Rows": 2622557,
          "Plan Width": 115,
          "Actual Startup Time": 0.005,
          "Actual Total Time": 210.674,
          "Actual Rows": 2485280,
          "Actual Loops": 1
        },
        {
          "Node Type": "Hash",
          "Parent Relationship": "Inner",
          "Parallel Aware": false,
          "Startup Cost": 1506.00,
          "Total Cost": 1506.00,
          "Plan Rows": 62,
          "Plan Width": 503,
          "Actual Startup Time": 4.683,
          "Actual Total Time": 4.683,
          "Actual Rows": 100,
          "Actual Loops": 1,
          "Hash Buckets": 1024,
          "Original Hash Buckets": 1024,
          "Hash Batches": 1,
          "Original Hash Batches": 1,
          "Peak Memory Usage": 62,
          "Plans": [
            {
              "Node Type": "Seq Scan",
              "Parent Relationship": "Outer",
              "Parallel Aware": false,
              "Relation Name": "item",
              "Alias": "item",
              "Startup Cost": 0.00,
              "Total Cost": 1506.00,
              "Plan Rows": 62,
              "Plan Width": 503,
              "Actual Startup Time": 0.020,
              "Actual Total Time": 4.652,
              "Actual Rows": 100,
              "Actual Loops": 1,
              "Filter": "(i_manufact_id = ANY ('{198,999,168,196}'::integer[]))",
              "Rows Removed by Filter": 17900
            }
          ]
        }
      ]
    },
    "Planning Time": 0.154,
    "Triggers": [
    ],
    "Execution Time": 431.403
  }
]
