[
  {
    "Plan": {
      "Node Type": "Hash Join",
      "Parallel Aware": false,
      "Join Type": "Inner",
      "Startup Cost": 4022.16,
      "Total Cost": 61236.41,
      "Plan Rows": 67,
      "Plan Width": 941,
      "Actual Startup Time": 21.087,
      "Actual Total Time": 264.656,
      "Actual Rows": 1546,
      "Actual Loops": 1,
      "Hash Cond": "(catalog_sales.cs_warehouse_sk = warehouse.w_warehouse_sk)",
      "Plans": [
        {
          "Node Type": "Hash Join",
          "Parent Relationship": "Outer",
          "Parallel Aware": false,
          "Join Type": "Inner",
          "Startup Cost": 4021.05,
          "Total Cost": 61234.37,
          "Plan Rows": 67,
          "Plan Width": 791,
          "Actual Startup Time": 21.072,
          "Actual Total Time": 263.915,
          "Actual Rows": 1546,
          "Actual Loops": 1,
          "Hash Cond": "(catalog_sales.cs_item_sk = item.i_item_sk)",
          "Plans": [
            {
              "Node Type": "Hash Join",
              "Parent Relationship": "Outer",
              "Parallel Aware": false,
              "Join Type": "Inner",
              "Startup Cost": 2501.45,
              "Total Cost": 59709.93,
              "Plan Rows": 1114,
              "Plan Width": 288,
              "Actual Startup Time": 10.762,
              "Actual Total Time": 251.162,
              "Actual Rows": 25331,
              "Actual Loops": 1,
              "Hash Cond": "(catalog_sales.cs_sold_date_sk = date_dim.d_date_sk)",
              "Plans": [
                {
                  "Node Type": "Seq Scan",
                  "Parent Relationship": "Outer",
                  "Parallel Aware": false,
                  "Relation Name": "catalog_sales",
                  "Alias": "catalog_sales",
                  "Startup Cost": 0.00,
                  "Total Cost": 51844.70,
                  "Plan Rows": 1427370,
                  "Plan Width": 170,
                  "Actual Startup Time": 0.009,
                  "Actual Total Time": 125.032,
                  "Actual Rows": 1343336,
                  "Actual Loops": 1
                },
                {
                  "Node Type": "Hash",
                  "Parent Relationship": "Inner",
                  "Parallel Aware": false,
                  "Startup Cost": 2500.73,
                  "Total Cost": 2500.73,
                  "Plan Rows": 57,
                  "Plan Width": 118,
                  "Actual Startup Time": 9.669,
                  "Actual Total Time": 9.669,
                  "Actual Rows": 60,
                  "Actual Loops": 1,
                  "Hash Buckets": 1024,
                  "Original Hash Buckets": 1024,
                  "Hash Batches": 1,
                  "Original Hash Batches": 1,
                  "Peak Memory Usage": 18,
                  "Plans": [
                    {
                      "Node Type": "Seq Scan",
                      "Parent Relationship": "Outer",
                      "Parallel Aware": false,
                      "Relation Name": "date_dim",
                      "Alias": "date_dim",
                      "Startup Cost": 0.00,
                      "Total Cost": 2500.73,
                      "Plan Rows": 57,
                      "Plan Width": 118,
                      "Actual Startup Time": 4.825,
                      "Actual Total Time": 9.658,
                      "Actual Rows": 60,
                      "Actual Loops": 1,
                      "Filter": "((d_date >= '1998-02-08'::date) AND (d_date <= '1998-04-08'::date))",
                      "Rows Removed by Filter": 72989
                    }
                  ]
                }
              ]
            },
            {
              "Node Type": "Hash",
              "Parent Relationship": "Inner",
              "Parallel Aware": false,
              "Startup Cost": 1506.00,
              "Total Cost": 1506.00,
              "Plan Rows": 1088,
              "Plan Width": 503,
              "Actual Startup Time": 9.793,
              "Actual Total Time": 9.793,
              "Actual Rows": 1104,
              "Actual Loops": 1,
              "Hash Buckets": 2048,
              "Original Hash Buckets": 2048,
              "Hash Batches": 1,
              "Original Hash Batches": 1,
              "Peak Memory Usage": 603,
              "Plans": [
                {
                  "Node Type": "Seq Scan",
                  "Parent Relationship": "Outer",
                  "Parallel Aware": false,
                  "Relation Name": "item",
                  "Alias": "item",
                  "Startup Cost": 0.00,
                  "Total Cost": 1506.00,
                  "Plan Rows": 1088,
                  "Plan Width": 503,
                  "Actual Startup Time": 0.006,
                  "Actual Total Time": 9.415,
                  "Actual Rows": 1104,
                  "Actual Loops": 1,
                  "Filter": "((i_current_price >= 0.99) AND (i_current_price <= 1.49))",
                  "Rows Removed by Filter": 16896
                }
              ]
            }
          ]
        },
        {
          "Node Type": "Hash",
          "Parent Relationship": "Inner",
          "Parallel Aware": false,
          "Startup Cost": 1.05,
          "Total Cost": 1.05,
          "Plan Rows": 5,
          "Plan Width": 150,
          "Actual Startup Time": 0.009,
          "Actual Total Time": 0.009,
          "Actual Rows": 5,
          "Actual Loops": 1,
          "Hash Buckets": 1024,
          "Original Hash Buckets": 1024,
          "Hash Batches": 1,
          "Original Hash Batches": 1,
          "Peak Memory Usage": 9,
          "Plans": [
            {
              "Node Type": "Seq Scan",
              "Parent Relationship": "Outer",
              "Parallel Aware": false,
              "Relation Name": "warehouse",
              "Alias": "warehouse",
              "Startup Cost": 0.00,
              "Total Cost": 1.05,
              "Plan Rows": 5,
              "Plan Width": 150,
              "Actual Startup Time": 0.006,
              "Actual Total Time": 0.006,
              "Actual Rows": 5,
              "Actual Loops": 1
            }
          ]
        }
      ]
    },
    "Planning Time": 0.464,
    "Triggers": [
    ],
    "Execution Time": 264.795
  }
]
