[
  {
    "Plan": {
      "Node Type": "Hash Join",
      "Parallel Aware": false,
      "Join Type": "Inner",
      "Startup Cost": 61443.11,
      "Total Cost": 109190.18,
      "Plan Rows": 234,
      "Plan Width": 879,
      "Actual Startup Time": 463.737,
      "Actual Total Time": 769.136,
      "Actual Rows": 9240,
      "Actual Loops": 1,
      "Hash Cond": "(catalog_sales.cs_item_sk = item.i_item_sk)",
      "Plans": [
        {
          "Node Type": "Hash Join",
          "Parent Relationship": "Outer",
          "Parallel Aware": false,
          "Join Type": "Inner",
          "Startup Cost": 59802.11,
          "Total Cost": 107545.97,
          "Plan Rows": 234,
          "Plan Width": 376,
          "Actual Startup Time": 458.400,
          "Actual Total Time": 755.840,
          "Actual Rows": 9240,
          "Actual Loops": 1,
          "Hash Cond": "(customer_demographics.cd_demo_sk = catalog_sales.cs_bill_cdemo_sk)",
          "Plans": [
            {
              "Node Type": "Seq Scan",
              "Parent Relationship": "Outer",
              "Parallel Aware": false,
              "Relation Name": "customer_demographics",
              "Alias": "customer_demographics",
              "Startup Cost": 0.00,
              "Total Cost": 45838.00,
              "Plan Rows": 380703,
              "Plan Width": 56,
              "Actual Startup Time": 0.008,
              "Actual Total Time": 232.808,
              "Actual Rows": 384160,
              "Actual Loops": 1,
              "Filter": "(cd_marital_status = 'M'::bpchar)",
              "Rows Removed by Filter": 1536640
            },
            {
              "Node Type": "Hash",
              "Parent Relationship": "Inner",
              "Parallel Aware": false,
              "Startup Cost": 59787.34,
              "Total Cost": 59787.34,
              "Plan Rows": 1182,
              "Plan Width": 320,
              "Actual Startup Time": 458.325,
              "Actual Total Time": 458.325,
              "Actual Rows": 45398,
              "Actual Loops": 1,
              "Hash Buckets": 65536,
              "Original Hash Buckets": 2048,
              "Hash Batches": 1,
              "Original Hash Batches": 1,
              "Peak Memory Usage": 16893,
              "Plans": [
                {
                  "Node Type": "Hash Join",
                  "Parent Relationship": "Outer",
                  "Parallel Aware": false,
                  "Join Type": "Inner",
                  "Startup Cost": 2480.65,
                  "Total Cost": 59787.34,
                  "Plan Rows": 1182,
                  "Plan Width": 320,
                  "Actual Startup Time": 14.261,
                  "Actual Total Time": 412.581,
                  "Actual Rows": 45398,
                  "Actual Loops": 1,
                  "Hash Cond": "(catalog_sales.cs_bill_hdemo_sk = household_demographics.hd_demo_sk)",
                  "Plans": [
                    {
                      "Node Type": "Hash Join",
                      "Parent Relationship": "Outer",
                      "Parallel Aware": false,
                      "Join Type": "Inner",
                      "Startup Cost": 2322.65,
                      "Total Cost": 59590.92,
                      "Plan Rows": 7093,
                      "Plan Width": 288,
                      "Actual Startup Time": 13.107,
                      "Actual Total Time": 378.812,
                      "Actual Rows": 267377,
                      "Actual Loops": 1,
                      "Hash Cond": "(catalog_sales.cs_sold_date_sk = date_dim.d_date_sk)",
                      "Plans": [
                        {
                          "Node Type": "Seq Scan",
                          "Parent Relationship": "Outer",
                          "Parallel Aware": false,
                          "Relation Name": "catalog_sales",
                          "Alias": "catalog_sales",
                          "Startup Cost": 0.00,
                          "Total Cost": 51844.70,
                          "Plan Rows": 1427370,
                          "Plan Width": 170,
                          "Actual Startup Time": 0.008,
                          "Actual Total Time": 124.167,
                          "Actual Rows": 1343336,
                          "Actual Loops": 1
                        },
                        {
                          "Node Type": "Hash",
                          "Parent Relationship": "Inner",
                          "Parallel Aware": false,
                          "Startup Cost": 2318.11,
                          "Total Cost": 2318.11,
                          "Plan Rows": 363,
                          "Plan Width": 118,
                          "Actual Startup Time": 13.075,
                          "Actual Total Time": 13.075,
                          "Actual Rows": 365,
                          "Actual Loops": 1,
                          "Hash Buckets": 1024,
                          "Original Hash Buckets": 1024,
                          "Hash Batches": 1,
                          "Original Hash Batches": 1,
                          "Peak Memory Usage": 63,
                          "Plans": [
                            {
                              "Node Type": "Seq Scan",
                              "Parent Relationship": "Outer",
                              "Parallel Aware": false,
                              "Relation Name": "date_dim",
                              "Alias": "date_dim",
                              "Startup Cost": 0.00,
                              "Total Cost": 2318.11,
                              "Plan Rows": 363,
                              "Plan Width": 118,
                              "Actual Startup Time": 7.774,
                              "Actual Total Time": 12.956,
                              "Actual Rows": 365,
                              "Actual Loops": 1,
                              "Filter": "(d_year = 1998)",
                              "Rows Removed by Filter": 72684
                            }
                          ]
                        }
                      ]
                    },
                    {
                      "Node Type": "Hash",
                      "Parent Relationship": "Inner",
                      "Parallel Aware": false,
                      "Startup Cost": 143.00,
                      "Total Cost": 143.00,
                      "Plan Rows": 1200,
                      "Plan Width": 32,
                      "Actual Startup Time": 1.115,
                      "Actual Total Time": 1.115,
                      "Actual Rows": 1200,
                      "Actual Loops": 1,
                      "Hash Buckets": 2048,
                      "Original Hash Buckets": 2048,
                      "Hash Batches": 1,
                      "Original Hash Batches": 1,
                      "Peak Memory Usage": 91,
                      "Plans": [
                        {
                          "Node Type": "Seq Scan",
                          "Parent Relationship": "Outer",
                          "Parallel Aware": false,
                          "Relation Name": "household_demographics",
                          "Alias": "household_demographics",
                          "Startup Cost": 0.00,
                          "Total Cost": 143.00,
                          "Plan Rows": 1200,
                          "Plan Width": 32,
                          "Actual Startup Time": 0.008,
                          "Actual Total Time": 0.942,
                          "Actual Rows": 1200,
                          "Actual Loops": 1,
                          "Filter": "(hd_buy_potential = 'from1001to5000'::bpchar)",
                          "Rows Removed by Filter": 6000
                        }
                      ]
                    }
                  ]
                }
              ]
            }
          ]
        },
        {
          "Node Type": "Hash",
          "Parent Relationship": "Inner",
          "Parallel Aware": false,
          "Startup Cost": 1416.00,
          "Total Cost": 1416.00,
          "Plan Rows": 18000,
          "Plan Width": 503,
          "Actual Startup Time": 5.322,
          "Actual Total Time": 5.322,
          "Actual Rows": 18000,
          "Actual Loops": 1,
          "Hash Buckets": 32768,
          "Original Hash Buckets": 32768,
          "Hash Batches": 1,
          "Original Hash Batches": 1,
          "Peak Memory Usage": 9840,
          "Plans": [
            {
              "Node Type": "Seq Scan",
              "Parent Relationship": "Outer",
              "Parallel Aware": false,
              "Relation Name": "item",
              "Alias": "item",
              "Startup Cost": 0.00,
              "Total Cost": 1416.00,
              "Plan Rows": 18000,
              "Plan Width": 503,
              "Actual Startup Time": 0.005,
              "Actual Total Time": 2.074,
              "Actual Rows": 18000,
              "Actual Loops": 1
            }
          ]
        }
      ]
    },
    "Planning Time": 0.473,
    "Triggers": [
    ],
    "Execution Time": 769.669
  }
]
