[
  {
    "Plan": {
      "Node Type": "Hash Join",
      "Parallel Aware": false,
      "Join Type": "Inner",
      "Startup Cost": 6568.90,
      "Total Cost": 93484.03,
      "Plan Rows": 4990,
      "Plan Width": 1150,
      "Actual Startup Time": 38.918,
      "Actual Total Time": 485.412,
      "Actual Rows": 6473,
      "Actual Loops": 1,
      "Hash Cond": "(store_sales.ss_customer_sk = customer.c_customer_sk)",
      "Plans": [
        {
          "Node Type": "Hash Join",
          "Parent Relationship": "Outer",
          "Parallel Aware": false,
          "Join Type": "Inner",
          "Startup Cost": 1463.90,
          "Total Cost": 88310.42,
          "Plan Rows": 4990,
          "Plan Width": 905,
          "Actual Startup Time": 6.989,
          "Actual Total Time": 447.451,
          "Actual Rows": 6473,
          "Actual Loops": 1,
          "Hash Cond": "(store_sales.ss_store_sk = store.s_store_sk)",
          "Plans": [
            {
              "Node Type": "Hash Join",
              "Parent Relationship": "Outer",
              "Parallel Aware": false,
              "Join Type": "Inner",
              "Startup Cost": 1462.71,
              "Total Cost": 88184.48,
              "Plan Rows": 19961,
              "Plan Width": 618,
              "Actual Startup Time": 6.938,
              "Actual Total Time": 442.239,
              "Actual Rows": 19388,
              "Actual Loops": 1,
              "Hash Cond": "(store_sales.ss_item_sk = item.i_item_sk)",
              "Plans": [
                {
                  "Node Type": "Seq Scan",
                  "Parent Relationship": "Outer",
                  "Parallel Aware": false,
                  "Relation Name": "store_sales",
                  "Alias": "store_sales",
                  "Startup Cost": 0.00,
                  "Total Cost": 76687.57,
                  "Plan Rows": 2622557,
                  "Plan Width": 115,
                  "Actual Startup Time": 0.007,
                  "Actual Total Time": 214.221,
                  "Actual Rows": 2485280,
                  "Actual Loops": 1
                },
                {
                  "Node Type": "Hash",
                  "Parent Relationship": "Inner",
                  "Parallel Aware": false,
                  "Startup Cost": 1461.00,
                  "Total Cost": 1461.00,
                  "Plan Rows": 137,
                  "Plan Width": 503,
                  "Actual Startup Time": 6.878,
                  "Actual Total Time": 6.878,
                  "Actual Rows": 137,
                  "Actual Loops": 1,
                  "Hash Buckets": 1024,
                  "Original Hash Buckets": 1024,
                  "Hash Batches": 1,
                  "Original Hash Batches": 1,
                  "Peak Memory Usage": 81,
                  "Plans": [
                    {
                      "Node Type": "Seq Scan",
                      "Parent Relationship": "Outer",
                      "Parallel Aware": false,
                      "Relation Name": "item",
                      "Alias": "item",
                      "Startup Cost": 0.00,
                      "Total Cost": 1461.00,
                      "Plan Rows": 137,
                      "Plan Width": 503,
                      "Actual Startup Time": 0.092,
                      "Actual Total Time": 6.805,
                      "Actual Rows": 137,
                      "Actual Loops": 1,
                      "Filter": "(i_color = 'lawn'::bpchar)",
                      "Rows Removed by Filter": 17863
                    }
                  ]
                }
              ]
            },
            {
              "Node Type": "Hash",
              "Parent Relationship": "Inner",
              "Parallel Aware": false,
              "Startup Cost": 1.15,
              "Total Cost": 1.15,
              "Plan Rows": 3,
              "Plan Width": 287,
              "Actual Startup Time": 0.020,
              "Actual Total Time": 0.020,
              "Actual Rows": 3,
              "Actual Loops": 1,
              "Hash Buckets": 1024,
              "Original Hash Buckets": 1024,
              "Hash Batches": 1,
              "Original Hash Batches": 1,
              "Peak Memory Usage": 9,
              "Plans": [
                {
                  "Node Type": "Seq Scan",
                  "Parent Relationship": "Outer",
                  "Parallel Aware": false,
                  "Relation Name": "store",
                  "Alias": "store",
                  "Startup Cost": 0.00,
                  "Total Cost": 1.15,
                  "Plan Rows": 3,
                  "Plan Width": 287,
                  "Actual Startup Time": 0.011,
                  "Actual Total Time": 0.015,
                  "Actual Rows": 3,
                  "Actual Loops": 1,
                  "Filter": "(s_market_id = 8)",
                  "Rows Removed by Filter": 9
                }
              ]
            }
          ]
        },
        {
          "Node Type": "Hash",
          "Parent Relationship": "Inner",
          "Parallel Aware": false,
          "Startup Cost": 3855.00,
          "Total Cost": 3855.00,
          "Plan Rows": 100000,
          "Plan Width": 245,
          "Actual Startup Time": 31.864,
          "Actual Total Time": 31.864,
          "Actual Rows": 94736,
          "Actual Loops": 1,
          "Hash Buckets": 131072,
          "Original Hash Buckets": 131072,
          "Hash Batches": 1,
          "Original Hash Batches": 1,
          "Peak Memory Usage": 22700,
          "Plans": [
            {
              "Node Type": "Seq Scan",
              "Parent Relationship": "Outer",
              "Parallel Aware": false,
              "Relation Name": "customer",
              "Alias": "customer",
              "Startup Cost": 0.00,
              "Total Cost": 3855.00,
              "Plan Rows": 100000,
              "Plan Width": 245,
              "Actual Startup Time": 0.010,
              "Actual Total Time": 9.651,
              "Actual Rows": 94736,
              "Actual Loops": 1
            }
          ]
        }
      ]
    },
    "Planning Time": 0.609,
    "Triggers": [
    ],
    "Execution Time": 486.628
  }
]
