[
  {
    "Plan": {
      "Node Type": "Hash Join",
      "Parallel Aware": false,
      "Join Type": "Inner",
      "Startup Cost": 2502.17,
      "Total Cost": 11054.97,
      "Plan Rows": 49,
      "Plan Width": 507,
      "Actual Startup Time": 11.201,
      "Actual Total Time": 57.050,
      "Actual Rows": 1435,
      "Actual Loops": 1,
      "Hash Cond": "(store_returns.sr_store_sk = store.s_store_sk)",
      "Plans": [
        {
          "Node Type": "Hash Join",
          "Parent Relationship": "Outer",
          "Parallel Aware": false,
          "Join Type": "Inner",
          "Startup Cost": 2500.90,
          "Total Cost": 11053.04,
          "Plan Rows": 49,
          "Plan Width": 220,
          "Actual Startup Time": 11.187,
          "Actual Total Time": 56.133,
          "Actual Rows": 1435,
          "Actual Loops": 1,
          "Hash Cond": "(store_returns.sr_returned_date_sk = date_dim.d_date_sk)",
          "Plans": [
            {
              "Node Type": "Seq Scan",
              "Parent Relationship": "Outer",
              "Parallel Aware": false,
              "Relation Name": "store_returns",
              "Alias": "store_returns",
              "Startup Cost": 0.00,
              "Total Cost": 7511.02,
              "Plan Rows": 277502,
              "Plan Width": 102,
              "Actual Startup Time": 0.003,
              "Actual Total Time": 23.114,
              "Actual Rows": 258304,
              "Actual Loops": 1
            },
            {
              "Node Type": "Hash",
              "Parent Relationship": "Inner",
              "Parallel Aware": false,
              "Startup Cost": 2500.73,
              "Total Cost": 2500.73,
              "Plan Rows": 13,
              "Plan Width": 118,
              "Actual Startup Time": 11.131,
              "Actual Total Time": 11.131,
              "Actual Rows": 15,
              "Actual Loops": 1,
              "Hash Buckets": 1024,
              "Original Hash Buckets": 1024,
              "Hash Batches": 1,
              "Original Hash Batches": 1,
              "Peak Memory Usage": 11,
              "Plans": [
                {
                  "Node Type": "Seq Scan",
                  "Parent Relationship": "Outer",
                  "Parallel Aware": false,
                  "Relation Name": "date_dim",
                  "Alias": "date_dim",
                  "Startup Cost": 0.00,
                  "Total Cost": 2500.73,
                  "Plan Rows": 13,
                  "Plan Width": 118,
                  "Actual Startup Time": 4.102,
                  "Actual Total Time": 11.126,
                  "Actual Rows": 15,
                  "Actual Loops": 1,
                  "Filter": "((d_date >= '2001-08-21'::date) AND (d_date <= '2001-09-04'::date))",
                  "Rows Removed by Filter": 73034
                }
              ]
            }
          ]
        },
        {
          "Node Type": "Hash",
          "Parent Relationship": "Inner",
          "Parallel Aware": false,
          "Startup Cost": 1.12,
          "Total Cost": 1.12,
          "Plan Rows": 12,
          "Plan Width": 287,
          "Actual Startup Time": 0.008,
          "Actual Total Time": 0.008,
          "Actual Rows": 12,
          "Actual Loops": 1,
          "Hash Buckets": 1024,
          "Original Hash Buckets": 1024,
          "Hash Batches": 1,
          "Original Hash Batches": 1,
          "Peak Memory Usage": 12,
          "Plans": [
            {
              "Node Type": "Seq Scan",
              "Parent Relationship": "Outer",
              "Parallel Aware": false,
              "Relation Name": "store",
              "Alias": "store",
              "Startup Cost": 0.00,
              "Total Cost": 1.12,
              "Plan Rows": 12,
              "Plan Width": 287,
              "Actual Startup Time": 0.004,
              "Actual Total Time": 0.005,
              "Actual Rows": 12,
              "Actual Loops": 1
            }
          ]
        }
      ]
    },
    "Planning Time": 0.207,
    "Triggers": [
    ],
    "Execution Time": 57.170
  }
]
