[
  {
    "Plan": {
      "Node Type": "Hash Join",
      "Parallel Aware": false,
      "Join Type": "Inner",
      "Startup Cost": 4232.66,
      "Total Cost": 32899.55,
      "Plan Rows": 1,
      "Plan Width": 2142,
      "Actual Startup Time": 34.355,
      "Actual Total Time": 296.362,
      "Actual Rows": 54,
      "Actual Loops": 1,
      "Hash Cond": "(ws1.ws_web_site_sk = web_site.web_site_sk)",
      "Plans": [
        {
          "Node Type": "Hash Join",
          "Parent Relationship": "Outer",
          "Parallel Aware": false,
          "Join Type": "Inner",
          "Startup Cost": 4230.27,
          "Total Cost": 32897.09,
          "Plan Rows": 16,
          "Plan Width": 430,
          "Actual Startup Time": 34.292,
          "Actual Total Time": 296.117,
          "Actual Rows": 404,
          "Actual Loops": 1,
          "Hash Cond": "(ws1.ws_ship_addr_sk = customer_address.ca_address_sk)",
          "Plans": [
            {
              "Node Type": "Hash Join",
              "Parent Relationship": "Outer",
              "Parallel Aware": false,
              "Join Type": "Inner",
              "Startup Cost": 2501.48,
              "Total Cost": 31165.92,
              "Plan Rows": 591,
              "Plan Width": 285,
              "Actual Startup Time": 16.454,
              "Actual Total Time": 278.714,
              "Actual Rows": 16199,
              "Actual Loops": 1,
              "Hash Cond": "(ws1.ws_ship_date_sk = date_dim.d_date_sk)",
              "Plans": [
                {
                  "Node Type": "Seq Scan",
                  "Parent Relationship": "Outer",
                  "Parallel Aware": false,
                  "Relation Name": "web_sales",
                  "Alias": "ws1",
                  "Startup Cost": 0.00,
                  "Total Cost": 25960.84,
                  "Plan Rows": 719384,
                  "Plan Width": 167,
                  "Actual Startup Time": 0.039,
                  "Actual Total Time": 133.398,
                  "Actual Rows": 719384,
                  "Actual Loops": 1
                },
                {
                  "Node Type": "Hash",
                  "Parent Relationship": "Inner",
                  "Parallel Aware": false,
                  "Startup Cost": 2500.73,
                  "Total Cost": 2500.73,
                  "Plan Rows": 60,
                  "Plan Width": 118,
                  "Actual Startup Time": 16.322,
                  "Actual Total Time": 16.322,
                  "Actual Rows": 62,
                  "Actual Loops": 1,
                  "Hash Buckets": 1024,
                  "Original Hash Buckets": 1024,
                  "Hash Batches": 1,
                  "Original Hash Batches": 1,
                  "Peak Memory Usage": 18,
                  "Plans": [
                    {
                      "Node Type": "Seq Scan",
                      "Parent Relationship": "Outer",
                      "Parallel Aware": false,
                      "Relation Name": "date_dim",
                      "Alias": "date_dim",
                      "Startup Cost": 0.00,
                      "Total Cost": 2500.73,
                      "Plan Rows": 60,
                      "Plan Width": 118,
                      "Actual Startup Time": 7.347,
                      "Actual Total Time": 16.307,
                      "Actual Rows": 62,
                      "Actual Loops": 1,
                      "Filter": "((d_date >= '2002-04-01'::date) AND (d_date <= '2002-06-01'::date))",
                      "Rows Removed by Filter": 72987
                    }
                  ]
                }
              ]
            },
            {
              "Node Type": "Hash",
              "Parent Relationship": "Inner",
              "Parallel Aware": false,
              "Startup Cost": 1712.00,
              "Total Cost": 1712.00,
              "Plan Rows": 1343,
              "Plan Width": 145,
              "Actual Startup Time": 14.448,
              "Actual Total Time": 14.448,
              "Actual Rows": 1326,
              "Actual Loops": 1,
              "Hash Buckets": 2048,
              "Original Hash Buckets": 2048,
              "Hash Batches": 1,
              "Original Hash Batches": 1,
              "Peak Memory Usage": 247,
              "Plans": [
                {
                  "Node Type": "Seq Scan",
                  "Parent Relationship": "Outer",
                  "Parallel Aware": false,
                  "Relation Name": "customer_address",
                  "Alias": "customer_address",
                  "Startup Cost": 0.00,
                  "Total Cost": 1712.00,
                  "Plan Rows": 1343,
                  "Plan Width": 145,
                  "Actual Startup Time": 0.035,
                  "Actual Total Time": 14.112,
                  "Actual Rows": 1326,
                  "Actual Loops": 1,
                  "Filter": "(ca_state = 'MN'::bpchar)",
                  "Rows Removed by Filter": 48674
                }
              ]
            }
          ]
        },
        {
          "Node Type": "Hash",
          "Parent Relationship": "Inner",
          "Parallel Aware": false,
          "Startup Cost": 2.38,
          "Total Cost": 2.38,
          "Plan Rows": 1,
          "Plan Width": 1712,
          "Actual Startup Time": 0.043,
          "Actual Total Time": 0.043,
          "Actual Rows": 5,
          "Actual Loops": 1,
          "Hash Buckets": 1024,
          "Original Hash Buckets": 1024,
          "Hash Batches": 1,
          "Original Hash Batches": 1,
          "Peak Memory Usage": 10,
          "Plans": [
            {
              "Node Type": "Seq Scan",
              "Parent Relationship": "Outer",
              "Parallel Aware": false,
              "Relation Name": "web_site",
              "Alias": "web_site",
              "Startup Cost": 0.00,
              "Total Cost": 2.38,
              "Plan Rows": 1,
              "Plan Width": 1712,
              "Actual Startup Time": 0.028,
              "Actual Total Time": 0.039,
              "Actual Rows": 5,
              "Actual Loops": 1,
              "Filter": "(web_company_name = 'pri'::bpchar)",
              "Rows Removed by Filter": 25
            }
          ]
        }
      ]
    },
    "Planning Time": 1.019,
    "Triggers": [
    ],
    "Execution Time": 296.584
  }
]
