[
  {
    "Plan": {
      "Node Type": "Hash Join",
      "Parallel Aware": false,
      "Join Type": "Inner",
      "Startup Cost": 2501.87,
      "Total Cost": 31169.36,
      "Plan Rows": 896,
      "Plan Width": 285,
      "Actual Startup Time": 19.826,
      "Actual Total Time": 272.170,
      "Actual Rows": 20731,
      "Actual Loops": 1,
      "Hash Cond": "(web_sales.ws_sold_date_sk = date_dim.d_date_sk)",
      "Plans": [
        {
          "Node Type": "Seq Scan",
          "Parent Relationship": "Outer",
          "Parallel Aware": false,
          "Relation Name": "web_sales",
          "Alias": "web_sales",
          "Startup Cost": 0.00,
          "Total Cost": 25960.84,
          "Plan Rows": 719384,
          "Plan Width": 167,
          "Actual Startup Time": 0.023,
          "Actual Total Time": 132.343,
          "Actual Rows": 719384,
          "Actual Loops": 1
        },
        {
          "Node Type": "Hash",
          "Parent Relationship": "Inner",
          "Parallel Aware": false,
          "Startup Cost": 2500.73,
          "Total Cost": 2500.73,
          "Plan Rows": 91,
          "Plan Width": 118,
          "Actual Startup Time": 19.730,
          "Actual Total Time": 19.730,
          "Actual Rows": 91,
          "Actual Loops": 1,
          "Hash Buckets": 1024,
          "Original Hash Buckets": 1024,
          "Hash Batches": 1,
          "Original Hash Batches": 1,
          "Peak Memory Usage": 22,
          "Plans": [
            {
              "Node Type": "Seq Scan",
              "Parent Relationship": "Outer",
              "Parallel Aware": false,
              "Relation Name": "date_dim",
              "Alias": "date_dim",
              "Startup Cost": 0.00,
              "Total Cost": 2500.73,
              "Plan Rows": 91,
              "Plan Width": 118,
              "Actual Startup Time": 9.766,
              "Actual Total Time": 19.712,
              "Actual Rows": 91,
              "Actual Loops": 1,
              "Filter": "((d_qoy = 2) AND (d_year = 1999))",
              "Rows Removed by Filter": 72958
            }
          ]
        }
      ]
    },
    "Planning Time": 0.241,
    "Triggers": [
    ],
    "Execution Time": 273.010
  }
]
