[
  {
    "Plan": {
      "Node Type": "Hash Join",
      "Parallel Aware": false,
      "Join Type": "Inner",
      "Startup Cost": 6668.32,
      "Total Cost": 97982.41,
      "Plan Rows": 40,
      "Plan Width": 877,
      "Actual Startup Time": 54.575,
      "Actual Total Time": 959.981,
      "Actual Rows": 855,
      "Actual Loops": 1,
      "Hash Cond": "(store_sales.ss_addr_sk = customer_address.ca_address_sk)",
      "Plans": [
        {
          "Node Type": "Hash Join",
          "Parent Relationship": "Outer",
          "Parallel Aware": false,
          "Join Type": "Inner",
          "Startup Cost": 4728.67,
          "Total Cost": 96041.96,
          "Plan Rows": 111,
          "Plan Width": 732,
          "Actual Startup Time": 28.485,
          "Actual Total Time": 932.017,
          "Actual Rows": 2459,
          "Actual Loops": 1,
          "Hash Cond": "(store_sales.ss_item_sk = item.i_item_sk)",
          "Plans": [
            {
              "Node Type": "Hash Join",
              "Parent Relationship": "Outer",
              "Parallel Aware": false,
              "Join Type": "Inner",
              "Startup Cost": 2501.08,
              "Total Cost": 93809.12,
              "Plan Rows": 1104,
              "Plan Width": 229,
              "Actual Startup Time": 16.798,
              "Actual Total Time": 910.147,
              "Actual Rows": 25439,
              "Actual Loops": 1,
              "Hash Cond": "(store_sales.ss_sold_date_sk = date_dim.d_date_sk)",
              "Plans": [
                {
                  "Node Type": "Seq Scan",
                  "Parent Relationship": "Outer",
                  "Parallel Aware": false,
                  "Relation Name": "store_sales",
                  "Alias": "store_sales",
                  "Startup Cost": 0.00,
                  "Total Cost": 80497.08,
                  "Plan Rows": 2880108,
                  "Plan Width": 111,
                  "Actual Startup Time": 0.048,
                  "Actual Total Time": 477.808,
                  "Actual Rows": 2880404,
                  "Actual Loops": 1
                },
                {
                  "Node Type": "Hash",
                  "Parent Relationship": "Inner",
                  "Parallel Aware": false,
                  "Startup Cost": 2500.73,
                  "Total Cost": 2500.73,
                  "Plan Rows": 28,
                  "Plan Width": 118,
                  "Actual Startup Time": 16.484,
                  "Actual Total Time": 16.484,
                  "Actual Rows": 29,
                  "Actual Loops": 1,
                  "Hash Buckets": 1024,
                  "Original Hash Buckets": 1024,
                  "Hash Batches": 1,
                  "Original Hash Batches": 1,
                  "Peak Memory Usage": 13,
                  "Plans": [
                    {
                      "Node Type": "Seq Scan",
                      "Parent Relationship": "Outer",
                      "Parallel Aware": false,
                      "Relation Name": "date_dim",
                      "Alias": "date_dim",
                      "Startup Cost": 0.00,
                      "Total Cost": 2500.73,
                      "Plan Rows": 28,
                      "Plan Width": 118,
                      "Actual Startup Time": 8.282,
                      "Actual Total Time": 16.472,
                      "Actual Rows": 29,
                      "Actual Loops": 1,
                      "Filter": "((d_year = 2000) AND (d_moy = 2))",
                      "Rows Removed by Filter": 73020
                    }
                  ]
                }
              ]
            },
            {
              "Node Type": "Hash",
              "Parent Relationship": "Inner",
              "Parallel Aware": false,
              "Startup Cost": 2205.00,
              "Total Cost": 2205.00,
              "Plan Rows": 1807,
              "Plan Width": 503,
              "Actual Startup Time": 11.084,
              "Actual Total Time": 11.084,
              "Actual Rows": 1807,
              "Actual Loops": 1,
              "Hash Buckets": 2048,
              "Original Hash Buckets": 2048,
              "Hash Batches": 1,
              "Original Hash Batches": 1,
              "Peak Memory Usage": 980,
              "Plans": [
                {
                  "Node Type": "Seq Scan",
                  "Parent Relationship": "Outer",
                  "Parallel Aware": false,
                  "Relation Name": "item",
                  "Alias": "item",
                  "Startup Cost": 0.00,
                  "Total Cost": 2205.00,
                  "Plan Rows": 1807,
                  "Plan Width": 503,
                  "Actual Startup Time": 0.107,
                  "Actual Total Time": 10.549,
                  "Actual Rows": 1807,
                  "Actual Loops": 1,
                  "Filter": "(i_category = 'Home'::bpchar)",
                  "Rows Removed by Filter": 16193
                }
              ]
            }
          ]
        },
        {
          "Node Type": "Hash",
          "Parent Relationship": "Inner",
          "Parallel Aware": false,
          "Startup Cost": 1712.00,
          "Total Cost": 1712.00,
          "Plan Rows": 18212,
          "Plan Width": 145,
          "Actual Startup Time": 26.071,
          "Actual Total Time": 26.072,
          "Actual Rows": 18246,
          "Actual Loops": 1,
          "Hash Buckets": 32768,
          "Original Hash Buckets": 32768,
          "Hash Batches": 1,
          "Original Hash Batches": 1,
          "Peak Memory Usage": 3430,
          "Plans": [
            {
              "Node Type": "Seq Scan",
              "Parent Relationship": "Outer",
              "Parallel Aware": false,
              "Relation Name": "customer_address",
              "Alias": "customer_address",
              "Startup Cost": 0.00,
              "Total Cost": 1712.00,
              "Plan Rows": 18212,
              "Plan Width": 145,
              "Actual Startup Time": 0.015,
              "Actual Total Time": 22.236,
              "Actual Rows": 18246,
              "Actual Loops": 1,
              "Filter": "(ca_gmt_offset = '-5'::numeric)",
              "Rows Removed by Filter": 31754
            }
          ]
        }
      ]
    },
    "Planning Time": 0.832,
    "Triggers": [
    ],
    "Execution Time": 960.237
  }
]
