[
  {
    "Plan": {
      "Node Type": "Hash Join",
      "Parallel Aware": false,
      "Join Type": "Inner",
      "Startup Cost": 1831.03,
      "Total Cost": 6144.47,
      "Plan Rows": 9044,
      "Plan Width": 390,
      "Actual Startup Time": 19.764,
      "Actual Total Time": 60.957,
      "Actual Rows": 9097,
      "Actual Loops": 1,
      "Hash Cond": "(c.c_current_addr_sk = ca.ca_address_sk)",
      "Plans": [
        {
          "Node Type": "Seq Scan",
          "Parent Relationship": "Outer",
          "Parallel Aware": false,
          "Relation Name": "customer",
          "Alias": "c",
          "Startup Cost": 0.00,
          "Total Cost": 3848.00,
          "Plan Rows": 100000,
          "Plan Width": 245,
          "Actual Startup Time": 0.006,
          "Actual Total Time": 14.455,
          "Actual Rows": 100000,
          "Actual Loops": 1
        },
        {
          "Node Type": "Hash",
          "Parent Relationship": "Inner",
          "Parallel Aware": false,
          "Startup Cost": 1774.50,
          "Total Cost": 1774.50,
          "Plan Rows": 4522,
          "Plan Width": 145,
          "Actual Startup Time": 19.745,
          "Actual Total Time": 19.745,
          "Actual Rows": 4611,
          "Actual Loops": 1,
          "Hash Buckets": 8192,
          "Original Hash Buckets": 8192,
          "Hash Batches": 1,
          "Original Hash Batches": 1,
          "Peak Memory Usage": 863,
          "Plans": [
            {
              "Node Type": "Seq Scan",
              "Parent Relationship": "Outer",
              "Parallel Aware": false,
              "Relation Name": "customer_address",
              "Alias": "ca",
              "Startup Cost": 0.00,
              "Total Cost": 1774.50,
              "Plan Rows": 4522,
              "Plan Width": 145,
              "Actual Startup Time": 0.008,
              "Actual Total Time": 18.759,
              "Actual Rows": 4611,
              "Actual Loops": 1,
              "Filter": "(ca_state = ANY ('{SD,KY,MO}'::bpchar[]))",
              "Rows Removed by Filter": 45389
            }
          ]
        }
      ]
    },
    "Planning Time": 0.237,
    "Triggers": [
    ],
    "Execution Time": 61.340
  }
]
