[
  {
    "Plan": {
      "Node Type": "Hash Join",
      "Parallel Aware": false,
      "Join Type": "Inner",
      "Startup Cost": 2684.51,
      "Total Cost": 31352.10,
      "Plan Rows": 906,
      "Plan Width": 285,
      "Actual Startup Time": 291.474,
      "Actual Total Time": 291.474,
      "Actual Rows": 0,
      "Actual Loops": 1,
      "Hash Cond": "(web_sales.ws_sold_date_sk = date_dim.d_date_sk)",
      "Plans": [
        {
          "Node Type": "Seq Scan",
          "Parent Relationship": "Outer",
          "Parallel Aware": false,
          "Relation Name": "web_sales",
          "Alias": "web_sales",
          "Startup Cost": 0.00,
          "Total Cost": 25960.84,
          "Plan Rows": 719384,
          "Plan Width": 167,
          "Actual Startup Time": 0.037,
          "Actual Total Time": 159.823,
          "Actual Rows": 719384,
          "Actual Loops": 1
        },
        {
          "Node Type": "Hash",
          "Parent Relationship": "Inner",
          "Parallel Aware": false,
          "Startup Cost": 2683.36,
          "Total Cost": 2683.36,
          "Plan Rows": 92,
          "Plan Width": 118,
          "Actual Startup Time": 26.026,
          "Actual Total Time": 26.026,
          "Actual Rows": 92,
          "Actual Loops": 1,
          "Hash Buckets": 1024,
          "Original Hash Buckets": 1024,
          "Hash Batches": 1,
          "Original Hash Batches": 1,
          "Peak Memory Usage": 22,
          "Plans": [
            {
              "Node Type": "Seq Scan",
              "Parent Relationship": "Outer",
              "Parallel Aware": false,
              "Relation Name": "date_dim",
              "Alias": "date_dim",
              "Startup Cost": 0.00,
              "Total Cost": 2683.36,
              "Plan Rows": 92,
              "Plan Width": 118,
              "Actual Startup Time": 13.468,
              "Actual Total Time": 26.005,
              "Actual Rows": 92,
              "Actual Loops": 1,
              "Filter": "((d_moy >= 3) AND (d_moy <= 5) AND (d_year = 2004))",
              "Rows Removed by Filter": 72957
            }
          ]
        }
      ]
    },
    "Planning Time": 0.242,
    "Triggers": [
    ],
    "Execution Time": 291.544
  }
]
