[
  {
    "Plan": {
      "Node Type": "Hash Join",
      "Parallel Aware": false,
      "Join Type": "Inner",
      "Startup Cost": 4795.98,
      "Total Cost": 96112.75,
      "Plan Rows": 354,
      "Plan Width": 732,
      "Actual Startup Time": 32.874,
      "Actual Total Time": 936.707,
      "Actual Rows": 8048,
      "Actual Loops": 1,
      "Hash Cond": "(store_sales.ss_item_sk = item.i_item_sk)",
      "Plans": [
        {
          "Node Type": "Hash Join",
          "Parent Relationship": "Outer",
          "Parallel Aware": false,
          "Join Type": "Inner",
          "Startup Cost": 2501.11,
          "Total Cost": 93809.90,
          "Plan Rows": 1183,
          "Plan Width": 229,
          "Actual Startup Time": 15.841,
          "Actual Total Time": 902.801,
          "Actual Rows": 26914,
          "Actual Loops": 1,
          "Hash Cond": "(store_sales.ss_sold_date_sk = date_dim.d_date_sk)",
          "Plans": [
            {
              "Node Type": "Seq Scan",
              "Parent Relationship": "Outer",
              "Parallel Aware": false,
              "Relation Name": "store_sales",
              "Alias": "store_sales",
              "Startup Cost": 0.00,
              "Total Cost": 80497.08,
              "Plan Rows": 2880108,
              "Plan Width": 111,
              "Actual Startup Time": 0.038,
              "Actual Total Time": 472.755,
              "Actual Rows": 2880404,
              "Actual Loops": 1
            },
            {
              "Node Type": "Hash",
              "Parent Relationship": "Inner",
              "Parallel Aware": false,
              "Startup Cost": 2500.73,
              "Total Cost": 2500.73,
              "Plan Rows": 30,
              "Plan Width": 118,
              "Actual Startup Time": 15.579,
              "Actual Total Time": 15.579,
              "Actual Rows": 31,
              "Actual Loops": 1,
              "Hash Buckets": 1024,
              "Original Hash Buckets": 1024,
              "Hash Batches": 1,
              "Original Hash Batches": 1,
              "Peak Memory Usage": 13,
              "Plans": [
                {
                  "Node Type": "Seq Scan",
                  "Parent Relationship": "Outer",
                  "Parallel Aware": false,
                  "Relation Name": "date_dim",
                  "Alias": "date_dim",
                  "Startup Cost": 0.00,
                  "Total Cost": 2500.73,
                  "Plan Rows": 30,
                  "Plan Width": 118,
                  "Actual Startup Time": 6.887,
                  "Actual Total Time": 15.574,
                  "Actual Rows": 31,
                  "Actual Loops": 1,
                  "Filter": "((d_date >= '1999-04-26'::date) AND (d_date <= '1999-05-26'::date))",
                  "Rows Removed by Filter": 73018
                }
              ]
            }
          ]
        },
        {
          "Node Type": "Hash",
          "Parent Relationship": "Inner",
          "Parallel Aware": false,
          "Startup Cost": 2227.50,
          "Total Cost": 2227.50,
          "Plan Rows": 5390,
          "Plan Width": 503,
          "Actual Startup Time": 17.016,
          "Actual Total Time": 17.016,
          "Actual Rows": 5390,
          "Actual Loops": 1,
          "Hash Buckets": 8192,
          "Original Hash Buckets": 8192,
          "Hash Batches": 1,
          "Original Hash Batches": 1,
          "Peak Memory Usage": 2935,
          "Plans": [
            {
              "Node Type": "Seq Scan",
              "Parent Relationship": "Outer",
              "Parallel Aware": false,
              "Relation Name": "item",
              "Alias": "item",
              "Startup Cost": 0.00,
              "Total Cost": 2227.50,
              "Plan Rows": 5390,
              "Plan Width": 503,
              "Actual Startup Time": 0.015,
              "Actual Total Time": 15.662,
              "Actual Rows": 5390,
              "Actual Loops": 1,
              "Filter": "(i_category = ANY ('{Music,Jewelry,Women}'::bpchar[]))",
              "Rows Removed by Filter": 12610
            }
          ]
        }
      ]
    },
    "Planning Time": 0.662,
    "Triggers": [
    ],
    "Execution Time": 937.313
  }
]
