[
  {
    "Plan": {
      "Node Type": "Nested Loop",
      "Parallel Aware": false,
      "Join Type": "Inner",
      "Startup Cost": 2501.85,
      "Total Cost": 33584.42,
      "Plan Rows": 1,
      "Plan Width": 788,
      "Actual Startup Time": 31.546,
      "Actual Total Time": 448.665,
      "Actual Rows": 46,
      "Actual Loops": 1,
      "Join Filter": "(web_sales.ws_item_sk = item.i_item_sk)",
      "Rows Removed by Join Filter": 716159,
      "Plans": [
        {
          "Node Type": "Hash Join",
          "Parent Relationship": "Outer",
          "Parallel Aware": false,
          "Join Type": "Inner",
          "Startup Cost": 2501.85,
          "Total Cost": 31169.14,
          "Plan Rows": 876,
          "Plan Width": 285,
          "Actual Startup Time": 16.705,
          "Actual Total Time": 288.088,
          "Actual Rows": 20463,
          "Actual Loops": 1,
          "Hash Cond": "(web_sales.ws_sold_date_sk = date_dim.d_date_sk)",
          "Plans": [
            {
              "Node Type": "Seq Scan",
              "Parent Relationship": "Outer",
              "Parallel Aware": false,
              "Relation Name": "web_sales",
              "Alias": "web_sales",
              "Startup Cost": 0.00,
              "Total Cost": 25960.84,
              "Plan Rows": 719384,
              "Plan Width": 167,
              "Actual Startup Time": 0.029,
              "Actual Total Time": 144.025,
              "Actual Rows": 719384,
              "Actual Loops": 1
            },
            {
              "Node Type": "Hash",
              "Parent Relationship": "Inner",
              "Parallel Aware": false,
              "Startup Cost": 2500.73,
              "Total Cost": 2500.73,
              "Plan Rows": 89,
              "Plan Width": 118,
              "Actual Startup Time": 16.083,
              "Actual Total Time": 16.083,
              "Actual Rows": 91,
              "Actual Loops": 1,
              "Hash Buckets": 1024,
              "Original Hash Buckets": 1024,
              "Hash Batches": 1,
              "Original Hash Batches": 1,
              "Peak Memory Usage": 22,
              "Plans": [
                {
                  "Node Type": "Seq Scan",
                  "Parent Relationship": "Outer",
                  "Parallel Aware": false,
                  "Relation Name": "date_dim",
                  "Alias": "date_dim",
                  "Startup Cost": 0.00,
                  "Total Cost": 2500.73,
                  "Plan Rows": 89,
                  "Plan Width": 118,
                  "Actual Startup Time": 7.343,
                  "Actual Total Time": 16.061,
                  "Actual Rows": 91,
                  "Actual Loops": 1,
                  "Filter": "((d_date >= '2000-02-02'::date) AND (d_date <= '2000-05-02'::date))",
                  "Rows Removed by Filter": 72958
                }
              ]
            }
          ]
        },
        {
          "Node Type": "Materialize",
          "Parent Relationship": "Inner",
          "Parallel Aware": false,
          "Startup Cost": 0.00,
          "Total Cost": 2205.08,
          "Plan Rows": 16,
          "Plan Width": 503,
          "Actual Startup Time": 0.000,
          "Actual Total Time": 0.003,
          "Actual Rows": 35,
          "Actual Loops": 20463,
          "Plans": [
            {
              "Node Type": "Seq Scan",
              "Parent Relationship": "Outer",
              "Parallel Aware": false,
              "Relation Name": "item",
              "Alias": "item",
              "Startup Cost": 0.00,
              "Total Cost": 2205.00,
              "Plan Rows": 16,
              "Plan Width": 503,
              "Actual Startup Time": 0.470,
              "Actual Total Time": 8.341,
              "Actual Rows": 35,
              "Actual Loops": 1,
              "Filter": "(i_manufact_id = 248)",
              "Rows Removed by Filter": 17965
            }
          ]
        }
      ]
    },
    "Planning Time": 0.472,
    "Triggers": [
    ],
    "Execution Time": 448.797
  }
]
