[
  {
    "Plan": {
      "Node Type": "Hash Join",
      "Parallel Aware": false,
      "Join Type": "Inner",
      "Startup Cost": 4710.15,
      "Total Cost": 96024.65,
      "Plan Rows": 23,
      "Plan Width": 732,
      "Actual Startup Time": 27.145,
      "Actual Total Time": 959.499,
      "Actual Rows": 1579,
      "Actual Loops": 1,
      "Hash Cond": "(store_sales.ss_item_sk = item.i_item_sk)",
      "Plans": [
        {
          "Node Type": "Hash Join",
          "Parent Relationship": "Outer",
          "Parallel Aware": false,
          "Join Type": "Inner",
          "Startup Cost": 2501.13,
          "Total Cost": 93810.67,
          "Plan Rows": 1262,
          "Plan Width": 229,
          "Actual Startup Time": 17.981,
          "Actual Total Time": 935.080,
          "Actual Rows": 92752,
          "Actual Loops": 1,
          "Hash Cond": "(store_sales.ss_sold_date_sk = dt.d_date_sk)",
          "Plans": [
            {
              "Node Type": "Seq Scan",
              "Parent Relationship": "Outer",
              "Parallel Aware": false,
              "Relation Name": "store_sales",
              "Alias": "store_sales",
              "Startup Cost": 0.00,
              "Total Cost": 80497.08,
              "Plan Rows": 2880108,
              "Plan Width": 111,
              "Actual Startup Time": 0.025,
              "Actual Total Time": 449.912,
              "Actual Rows": 2880404,
              "Actual Loops": 1
            },
            {
              "Node Type": "Hash",
              "Parent Relationship": "Inner",
              "Parallel Aware": false,
              "Startup Cost": 2500.73,
              "Total Cost": 2500.73,
              "Plan Rows": 32,
              "Plan Width": 118,
              "Actual Startup Time": 17.733,
              "Actual Total Time": 17.733,
              "Actual Rows": 31,
              "Actual Loops": 1,
              "Hash Buckets": 1024,
              "Original Hash Buckets": 1024,
              "Hash Batches": 1,
              "Original Hash Batches": 1,
              "Peak Memory Usage": 13,
              "Plans": [
                {
                  "Node Type": "Seq Scan",
                  "Parent Relationship": "Outer",
                  "Parallel Aware": false,
                  "Relation Name": "date_dim",
                  "Alias": "dt",
                  "Startup Cost": 0.00,
                  "Total Cost": 2500.73,
                  "Plan Rows": 32,
                  "Plan Width": 118,
                  "Actual Startup Time": 8.951,
                  "Actual Total Time": 17.723,
                  "Actual Rows": 31,
                  "Actual Loops": 1,
                  "Filter": "((d_moy = 12) AND (d_year = 2000))",
                  "Rows Removed by Filter": 73018
                }
              ]
            }
          ]
        },
        {
          "Node Type": "Hash",
          "Parent Relationship": "Inner",
          "Parallel Aware": false,
          "Startup Cost": 2205.00,
          "Total Cost": 2205.00,
          "Plan Rows": 321,
          "Plan Width": 503,
          "Actual Startup Time": 9.063,
          "Actual Total Time": 9.063,
          "Actual Rows": 321,
          "Actual Loops": 1,
          "Hash Buckets": 1024,
          "Original Hash Buckets": 1024,
          "Hash Batches": 1,
          "Original Hash Batches": 1,
          "Peak Memory Usage": 180,
          "Plans": [
            {
              "Node Type": "Seq Scan",
              "Parent Relationship": "Outer",
              "Parallel Aware": false,
              "Relation Name": "item",
              "Alias": "item",
              "Startup Cost": 0.00,
              "Total Cost": 2205.00,
              "Plan Rows": 321,
              "Plan Width": 503,
              "Actual Startup Time": 0.032,
              "Actual Total Time": 8.956,
              "Actual Rows": 321,
              "Actual Loops": 1,
              "Filter": "(i_manager_id = 1)",
              "Rows Removed by Filter": 17679
            }
          ]
        }
      ]
    },
    "Planning Time": 0.462,
    "Triggers": [
    ],
    "Execution Time": 959.724
  }
]
