[
  {
    "Plan": {
      "Node Type": "Hash Join",
      "Parallel Aware": false,
      "Join Type": "Inner",
      "Startup Cost": 2978.84,
      "Total Cost": 95180.01,
      "Plan Rows": 828,
      "Plan Width": 2058,
      "Actual Startup Time": 22.914,
      "Actual Total Time": 987.819,
      "Actual Rows": 2471,
      "Actual Loops": 1,
      "Hash Cond": "(store_sales.ss_hdemo_sk = household_demographics.hd_demo_sk)",
      "Plans": [
        {
          "Node Type": "Hash Join",
          "Parent Relationship": "Outer",
          "Parallel Aware": false,
          "Join Type": "Inner",
          "Startup Cost": 2717.44,
          "Total Cost": 94891.31,
          "Plan Rows": 5172,
          "Plan Width": 2026,
          "Actual Startup Time": 20.247,
          "Actual Total Time": 981.362,
          "Actual Rows": 15413,
          "Actual Loops": 1,
          "Hash Cond": "(store_sales.ss_store_sk = store.s_store_sk)",
          "Plans": [
            {
              "Node Type": "Hash Join",
              "Parent Relationship": "Outer",
              "Parallel Aware": false,
              "Join Type": "Inner",
              "Startup Cost": 2716.28,
              "Total Cost": 94608.07,
              "Plan Rows": 62069,
              "Plan Width": 214,
              "Actual Startup Time": 20.229,
              "Actual Total Time": 957.345,
              "Actual Rows": 96639,
              "Actual Loops": 1,
              "Hash Cond": "(store_sales.ss_sold_time_sk = time_dim.t_time_sk)",
              "Plans": [
                {
                  "Node Type": "Seq Scan",
                  "Parent Relationship": "Outer",
                  "Parallel Aware": false,
                  "Relation Name": "store_sales",
                  "Alias": "store_sales",
                  "Startup Cost": 0.00,
                  "Total Cost": 80497.08,
                  "Plan Rows": 2880108,
                  "Plan Width": 111,
                  "Actual Startup Time": 0.013,
                  "Actual Total Time": 441.980,
                  "Actual Rows": 2880404,
                  "Actual Loops": 1
                },
                {
                  "Node Type": "Hash",
                  "Parent Relationship": "Inner",
                  "Parallel Aware": false,
                  "Startup Cost": 2693.00,
                  "Total Cost": 2693.00,
                  "Plan Rows": 1862,
                  "Plan Width": 103,
                  "Actual Startup Time": 20.073,
                  "Actual Total Time": 20.073,
                  "Actual Rows": 1800,
                  "Actual Loops": 1,
                  "Hash Buckets": 2048,
                  "Original Hash Buckets": 2048,
                  "Hash Batches": 1,
                  "Original Hash Batches": 1,
                  "Peak Memory Usage": 236,
                  "Plans": [
                    {
                      "Node Type": "Seq Scan",
                      "Parent Relationship": "Outer",
                      "Parallel Aware": false,
                      "Relation Name": "time_dim",
                      "Alias": "time_dim",
                      "Startup Cost": 0.00,
                      "Total Cost": 2693.00,
                      "Plan Rows": 1862,
                      "Plan Width": 103,
                      "Actual Startup Time": 9.363,
                      "Actual Total Time": 19.784,
                      "Actual Rows": 1800,
                      "Actual Loops": 1,
                      "Filter": "((t_minute >= 30) AND (t_hour = 11))",
                      "Rows Removed by Filter": 84600
                    }
                  ]
                }
              ]
            },
            {
              "Node Type": "Hash",
              "Parent Relationship": "Inner",
              "Parallel Aware": false,
              "Startup Cost": 1.15,
              "Total Cost": 1.15,
              "Plan Rows": 1,
              "Plan Width": 1812,
              "Actual Startup Time": 0.010,
              "Actual Total Time": 0.010,
              "Actual Rows": 1,
              "Actual Loops": 1,
              "Hash Buckets": 1024,
              "Original Hash Buckets": 1024,
              "Hash Batches": 1,
              "Original Hash Batches": 1,
              "Peak Memory Usage": 9,
              "Plans": [
                {
                  "Node Type": "Seq Scan",
                  "Parent Relationship": "Outer",
                  "Parallel Aware": false,
                  "Relation Name": "store",
                  "Alias": "store",
                  "Startup Cost": 0.00,
                  "Total Cost": 1.15,
                  "Plan Rows": 1,
                  "Plan Width": 1812,
                  "Actual Startup Time": 0.007,
                  "Actual Total Time": 0.009,
                  "Actual Rows": 1,
                  "Actual Loops": 1,
                  "Filter": "((s_store_name)::text = 'ese'::text)",
                  "Rows Removed by Filter": 11
                }
              ]
            }
          ]
        },
        {
          "Node Type": "Hash",
          "Parent Relationship": "Inner",
          "Parallel Aware": false,
          "Startup Cost": 247.00,
          "Total Cost": 247.00,
          "Plan Rows": 1152,
          "Plan Width": 32,
          "Actual Startup Time": 2.660,
          "Actual Total Time": 2.661,
          "Actual Rows": 1200,
          "Actual Loops": 1,
          "Hash Buckets": 2048,
          "Original Hash Buckets": 2048,
          "Hash Batches": 1,
          "Original Hash Batches": 1,
          "Peak Memory Usage": 91,
          "Plans": [
            {
              "Node Type": "Seq Scan",
              "Parent Relationship": "Outer",
              "Parallel Aware": false,
              "Relation Name": "household_demographics",
              "Alias": "household_demographics",
              "Startup Cost": 0.00,
              "Total Cost": 247.00,
              "Plan Rows": 1152,
              "Plan Width": 32,
              "Actual Startup Time": 0.009,
              "Actual Total Time": 2.428,
              "Actual Rows": 1200,
              "Actual Loops": 1,
              "Filter": "(((hd_dep_count = 4) AND (hd_vehicle_count <= 6)) OR ((hd_dep_count = '-1'::integer) AND (hd_vehicle_count <= 1)) OR ((hd_dep_count = 0) AND (hd_vehicle_count <= 2)))",
              "Rows Removed by Filter": 6000
            }
          ]
        }
      ]
    },
    "Planning Time": 0.532,
    "Triggers": [
    ],
    "Execution Time": 988.049
  }
]
