[
  {
    "Plan": {
      "Node Type": "Hash Join",
      "Parallel Aware": false,
      "Join Type": "Inner",
      "Startup Cost": 5891.26,
      "Total Cost": 97252.78,
      "Plan Rows": 24,
      "Plan Width": 732,
      "Actual Startup Time": 56.843,
      "Actual Total Time": 1179.686,
      "Actual Rows": 31462,
      "Actual Loops": 1,
      "Hash Cond": "(store_sales.ss_sold_date_sk = date_dim.d_date_sk)",
      "Plans": [
        {
          "Node Type": "Hash Join",
          "Parent Relationship": "Outer",
          "Parallel Aware": false,
          "Join Type": "Inner",
          "Startup Cost": 2655.36,
          "Total Cost": 93999.25,
          "Plan Rows": 4640,
          "Plan Width": 614,
          "Actual Startup Time": 32.928,
          "Actual Total Time": 1108.177,
          "Actual Rows": 120146,
          "Actual Loops": 1,
          "Hash Cond": "(store_sales.ss_item_sk = item.i_item_sk)",
          "Plans": [
            {
              "Node Type": "Seq Scan",
              "Parent Relationship": "Outer",
              "Parallel Aware": false,
              "Relation Name": "store_sales",
              "Alias": "store_sales",
              "Startup Cost": 0.00,
              "Total Cost": 80497.08,
              "Plan Rows": 2880108,
              "Plan Width": 111,
              "Actual Startup Time": 0.017,
              "Actual Total Time": 448.454,
              "Actual Rows": 2880404,
              "Actual Loops": 1
            },
            {
              "Node Type": "Hash",
              "Parent Relationship": "Inner",
              "Parallel Aware": false,
              "Startup Cost": 2655.00,
              "Total Cost": 2655.00,
              "Plan Rows": 29,
              "Plan Width": 503,
              "Actual Startup Time": 32.895,
              "Actual Total Time": 32.895,
              "Actual Rows": 934,
              "Actual Loops": 1,
              "Hash Buckets": 1024,
              "Original Hash Buckets": 1024,
              "Hash Batches": 1,
              "Original Hash Batches": 1,
              "Peak Memory Usage": 506,
              "Plans": [
                {
                  "Node Type": "Seq Scan",
                  "Parent Relationship": "Outer",
                  "Parallel Aware": false,
                  "Relation Name": "item",
                  "Alias": "item",
                  "Startup Cost": 0.00,
                  "Total Cost": 2655.00,
                  "Plan Rows": 29,
                  "Plan Width": 503,
                  "Actual Startup Time": 0.014,
                  "Actual Total Time": 32.583,
                  "Actual Rows": 934,
                  "Actual Loops": 1,
                  "Filter": "(((i_category = ANY ('{Books,Children,Electronics}'::bpchar[])) AND (i_class = ANY ('{personal,portable,reference,self-help}'::bpchar[])) AND (i_brand = ANY ('{\"scholaramalgamalg #14\",\"scholaramalgamalg #7\",\"exportiunivamalg #9\",\"scholaramalgamalg #9\"}'::bpchar[]))) OR ((i_category = ANY ('{Women,Music,Men}'::bpchar[])) AND (i_class = ANY ('{accessories,classical,fragrances,pants}'::bpchar[])) AND (i_brand = ANY ('{\"amalgimporto #1\",\"edu packscholar #1\",\"exportiimporto #1\",\"importoamalg #1\"}'::bpchar[]))))",
                  "Rows Removed by Filter": 17066
                }
              ]
            }
          ]
        },
        {
          "Node Type": "Hash",
          "Parent Relationship": "Inner",
          "Parallel Aware": false,
          "Startup Cost": 3231.23,
          "Total Cost": 3231.23,
          "Plan Rows": 374,
          "Plan Width": 118,
          "Actual Startup Time": 23.882,
          "Actual Total Time": 23.882,
          "Actual Rows": 366,
          "Actual Loops": 1,
          "Hash Buckets": 1024,
          "Original Hash Buckets": 1024,
          "Hash Batches": 1,
          "Original Hash Batches": 1,
          "Peak Memory Usage": 64,
          "Plans": [
            {
              "Node Type": "Seq Scan",
              "Parent Relationship": "Outer",
              "Parallel Aware": false,
              "Relation Name": "date_dim",
              "Alias": "date_dim",
              "Startup Cost": 0.00,
              "Total Cost": 3231.23,
              "Plan Rows": 374,
              "Plan Width": 118,
              "Actual Startup Time": 11.691,
              "Actual Total Time": 23.819,
              "Actual Rows": 366,
              "Actual Loops": 1,
              "Filter": "(d_month_seq = ANY ('{1195,1196,1197,1198,1199,1200,1201,1202,1203,1204,1205,1206}'::integer[]))",
              "Rows Removed by Filter": 72683
            }
          ]
        }
      ]
    },
    "Planning Time": 1.341,
    "Triggers": [
    ],
    "Execution Time": 1181.474
  }
]
