[
  {
    "Plan": {
      "Node Type": "Hash Join",
      "Parallel Aware": false,
      "Join Type": "Inner",
      "Startup Cost": 1900.50,
      "Total Cost": 6135.21,
      "Plan Rows": 80,
      "Plan Width": 434,
      "Actual Startup Time": 15.890,
      "Actual Total Time": 48.893,
      "Actual Rows": 132,
      "Actual Loops": 1,
      "Hash Cond": "(customer.c_current_hdemo_sk = household_demographics.hd_demo_sk)",
      "Plans": [
        {
          "Node Type": "Hash Join",
          "Parent Relationship": "Outer",
          "Parallel Aware": false,
          "Join Type": "Inner",
          "Startup Cost": 1716.97,
          "Total Cost": 5947.93,
          "Plan Rows": 796,
          "Plan Width": 390,
          "Actual Startup Time": 13.082,
          "Actual Total Time": 45.829,
          "Actual Rows": 756,
          "Actual Loops": 1,
          "Hash Cond": "(customer.c_current_addr_sk = customer_address.ca_address_sk)",
          "Plans": [
            {
              "Node Type": "Seq Scan",
              "Parent Relationship": "Outer",
              "Parallel Aware": false,
              "Relation Name": "customer",
              "Alias": "customer",
              "Startup Cost": 0.00,
              "Total Cost": 3848.00,
              "Plan Rows": 100000,
              "Plan Width": 245,
              "Actual Startup Time": 0.005,
              "Actual Total Time": 14.092,
              "Actual Rows": 100000,
              "Actual Loops": 1
            },
            {
              "Node Type": "Hash",
              "Parent Relationship": "Inner",
              "Parallel Aware": false,
              "Startup Cost": 1712.00,
              "Total Cost": 1712.00,
              "Plan Rows": 398,
              "Plan Width": 145,
              "Actual Startup Time": 13.067,
              "Actual Total Time": 13.067,
              "Actual Rows": 420,
              "Actual Loops": 1,
              "Hash Buckets": 1024,
              "Original Hash Buckets": 1024,
              "Hash Batches": 1,
              "Original Hash Batches": 1,
              "Peak Memory Usage": 81,
              "Plans": [
                {
                  "Node Type": "Seq Scan",
                  "Parent Relationship": "Outer",
                  "Parallel Aware": false,
                  "Relation Name": "customer_address",
                  "Alias": "customer_address",
                  "Startup Cost": 0.00,
                  "Total Cost": 1712.00,
                  "Plan Rows": 398,
                  "Plan Width": 145,
                  "Actual Startup Time": 0.049,
                  "Actual Total Time": 12.949,
                  "Actual Rows": 420,
                  "Actual Loops": 1,
                  "Filter": "((ca_city)::text = 'Antioch'::text)",
                  "Rows Removed by Filter": 49580
                }
              ]
            }
          ]
        },
        {
          "Node Type": "Hash",
          "Parent Relationship": "Inner",
          "Parallel Aware": false,
          "Startup Cost": 174.52,
          "Total Cost": 174.52,
          "Plan Rows": 720,
          "Plan Width": 44,
          "Actual Startup Time": 2.801,
          "Actual Total Time": 2.801,
          "Actual Rows": 1440,
          "Actual Loops": 1,
          "Hash Buckets": 2048,
          "Original Hash Buckets": 1024,
          "Hash Batches": 1,
          "Original Hash Batches": 1,
          "Peak Memory Usage": 123,
          "Plans": [
            {
              "Node Type": "Hash Join",
              "Parent Relationship": "Outer",
              "Parallel Aware": false,
              "Join Type": "Inner",
              "Startup Cost": 1.32,
              "Total Cost": 174.52,
              "Plan Rows": 720,
              "Plan Width": 44,
              "Actual Startup Time": 0.023,
              "Actual Total Time": 2.335,
              "Actual Rows": 1440,
              "Actual Loops": 1,
              "Hash Cond": "(household_demographics.hd_income_band_sk = income_band.ib_income_band_sk)",
              "Plans": [
                {
                  "Node Type": "Seq Scan",
                  "Parent Relationship": "Outer",
                  "Parallel Aware": false,
                  "Relation Name": "household_demographics",
                  "Alias": "household_demographics",
                  "Startup Cost": 0.00,
                  "Total Cost": 139.00,
                  "Plan Rows": 7200,
                  "Plan Width": 32,
                  "Actual Startup Time": 0.006,
                  "Actual Total Time": 0.738,
                  "Actual Rows": 7200,
                  "Actual Loops": 1
                },
                {
                  "Node Type": "Hash",
                  "Parent Relationship": "Inner",
                  "Parallel Aware": false,
                  "Startup Cost": 1.30,
                  "Total Cost": 1.30,
                  "Plan Rows": 2,
                  "Plan Width": 12,
                  "Actual Startup Time": 0.013,
                  "Actual Total Time": 0.013,
                  "Actual Rows": 4,
                  "Actual Loops": 1,
                  "Hash Buckets": 1024,
                  "Original Hash Buckets": 1024,
                  "Hash Batches": 1,
                  "Original Hash Batches": 1,
                  "Peak Memory Usage": 9,
                  "Plans": [
                    {
                      "Node Type": "Seq Scan",
                      "Parent Relationship": "Outer",
                      "Parallel Aware": false,
                      "Relation Name": "income_band",
                      "Alias": "income_band",
                      "Startup Cost": 0.00,
                      "Total Cost": 1.30,
                      "Plan Rows": 2,
                      "Plan Width": 12,
                      "Actual Startup Time": 0.006,
                      "Actual Total Time": 0.011,
                      "Actual Rows": 4,
                      "Actual Loops": 1,
                      "Filter": "((ib_lower_bound >= 9901) AND (ib_upper_bound <= 59901))",
                      "Rows Removed by Filter": 16
                    }
                  ]
                }
              ]
            }
          ]
        }
      ]
    },
    "Planning Time": 0.542,
    "Triggers": [
    ],
    "Execution Time": 48.978
  }
]
