[
  {
    "Plan": {
      "Node Type": "Hash Join",
      "Parallel Aware": false,
      "Join Type": "Inner",
      "Startup Cost": 2501.12,
      "Total Cost": 11246.62,
      "Plan Rows": 122,
      "Plan Width": 216,
      "Actual Startup Time": 15.705,
      "Actual Total Time": 99.428,
      "Actual Rows": 3246,
      "Actual Loops": 1,
      "Hash Cond": "(store_returns.sr_returned_date_sk = date_dim.d_date_sk)",
      "Plans": [
        {
          "Node Type": "Seq Scan",
          "Parent Relationship": "Outer",
          "Parallel Aware": false,
          "Relation Name": "store_returns",
          "Alias": "store_returns",
          "Startup Cost": 0.00,
          "Total Cost": 7666.14,
          "Plan Rows": 287514,
          "Plan Width": 98,
          "Actual Startup Time": 0.019,
          "Actual Total Time": 42.511,
          "Actual Rows": 287514,
          "Actual Loops": 1
        },
        {
          "Node Type": "Hash",
          "Parent Relationship": "Inner",
          "Parallel Aware": false,
          "Startup Cost": 2500.73,
          "Total Cost": 2500.73,
          "Plan Rows": 31,
          "Plan Width": 118,
          "Actual Startup Time": 15.667,
          "Actual Total Time": 15.667,
          "Actual Rows": 32,
          "Actual Loops": 1,
          "Hash Buckets": 1024,
          "Original Hash Buckets": 1024,
          "Hash Batches": 1,
          "Original Hash Batches": 1,
          "Peak Memory Usage": 13,
          "Plans": [
            {
              "Node Type": "Seq Scan",
              "Parent Relationship": "Outer",
              "Parallel Aware": false,
              "Relation Name": "date_dim",
              "Alias": "date_dim",
              "Startup Cost": 0.00,
              "Total Cost": 2500.73,
              "Plan Rows": 31,
              "Plan Width": 118,
              "Actual Startup Time": 6.908,
              "Actual Total Time": 15.656,
              "Actual Rows": 32,
              "Actual Loops": 1,
              "Filter": "((d_date >= '1998-08-14'::date) AND (d_date <= '1998-09-14'::date))",
              "Rows Removed by Filter": 73017
            }
          ]
        }
      ]
    },
    "Planning Time": 0.220,
    "Triggers": [
    ],
    "Execution Time": 99.614
  }
]
