[
  {
    "Plan": {
      "Node Type": "Hash Join",
      "Parallel Aware": false,
      "Join Type": "Inner",
      "Startup Cost": 2501.12,
      "Total Cost": 4815.15,
      "Plan Rows": 30,
      "Plan Width": 232,
      "Actual Startup Time": 15.724,
      "Actual Total Time": 37.554,
      "Actual Rows": 540,
      "Actual Loops": 1,
      "Hash Cond": "(web_returns.wr_returned_date_sk = date_dim.d_date_sk)",
      "Plans": [
        {
          "Node Type": "Seq Scan",
          "Parent Relationship": "Outer",
          "Parallel Aware": false,
          "Relation Name": "web_returns",
          "Alias": "web_returns",
          "Startup Cost": 0.00,
          "Total Cost": 2044.63,
          "Plan Rows": 71763,
          "Plan Width": 114,
          "Actual Startup Time": 0.011,
          "Actual Total Time": 12.197,
          "Actual Rows": 71763,
          "Actual Loops": 1
        },
        {
          "Node Type": "Hash",
          "Parent Relationship": "Inner",
          "Parallel Aware": false,
          "Startup Cost": 2500.73,
          "Total Cost": 2500.73,
          "Plan Rows": 31,
          "Plan Width": 118,
          "Actual Startup Time": 15.620,
          "Actual Total Time": 15.620,
          "Actual Rows": 32,
          "Actual Loops": 1,
          "Hash Buckets": 1024,
          "Original Hash Buckets": 1024,
          "Hash Batches": 1,
          "Original Hash Batches": 1,
          "Peak Memory Usage": 13,
          "Plans": [
            {
              "Node Type": "Seq Scan",
              "Parent Relationship": "Outer",
              "Parallel Aware": false,
              "Relation Name": "date_dim",
              "Alias": "date_dim",
              "Startup Cost": 0.00,
              "Total Cost": 2500.73,
              "Plan Rows": 31,
              "Plan Width": 118,
              "Actual Startup Time": 6.842,
              "Actual Total Time": 15.608,
              "Actual Rows": 32,
              "Actual Loops": 1,
              "Filter": "((d_date >= '1998-08-14'::date) AND (d_date <= '1998-09-14'::date))",
              "Rows Removed by Filter": 73017
            }
          ]
        }
      ]
    },
    "Planning Time": 0.470,
    "Triggers": [
    ],
    "Execution Time": 37.638
  }
]
