[
  {
    "Plan": {
      "Node Type": "Hash Join",
      "Parallel Aware": false,
      "Join Type": "Inner",
      "Startup Cost": 59740.68,
      "Total Cost": 61974.10,
      "Plan Rows": 592,
      "Plan Width": 788,
      "Actual Startup Time": 603.423,
      "Actual Total Time": 709.378,
      "Actual Rows": 46543,
      "Actual Loops": 1,
      "Hash Cond": "(item.i_item_sk = catalog_sales.cs_item_sk)",
      "Plans": [
        {
          "Node Type": "Seq Scan",
          "Parent Relationship": "Outer",
          "Parallel Aware": false,
          "Relation Name": "item",
          "Alias": "item",
          "Startup Cost": 0.00,
          "Total Cost": 2160.00,
          "Plan Rows": 18000,
          "Plan Width": 503,
          "Actual Startup Time": 0.009,
          "Actual Total Time": 3.827,
          "Actual Rows": 18000,
          "Actual Loops": 1
        },
        {
          "Node Type": "Hash",
          "Parent Relationship": "Inner",
          "Parallel Aware": false,
          "Startup Cost": 59733.28,
          "Total Cost": 59733.28,
          "Plan Rows": 592,
          "Plan Width": 285,
          "Actual Startup Time": 603.336,
          "Actual Total Time": 603.336,
          "Actual Rows": 46543,
          "Actual Loops": 1,
          "Hash Buckets": 16384,
          "Original Hash Buckets": 1024,
          "Hash Batches": 4,
          "Original Hash Batches": 1,
          "Peak Memory Usage": 3969,
          "Plans": [
            {
              "Node Type": "Hash Join",
              "Parent Relationship": "Outer",
              "Parallel Aware": false,
              "Join Type": "Inner",
              "Startup Cost": 2501.11,
              "Total Cost": 59733.28,
              "Plan Rows": 592,
              "Plan Width": 285,
              "Actual Startup Time": 407.205,
              "Actual Total Time": 517.721,
              "Actual Rows": 46543,
              "Actual Loops": 1,
              "Hash Cond": "(catalog_sales.cs_sold_date_sk = date_dim.d_date_sk)",
              "Plans": [
                {
                  "Node Type": "Seq Scan",
                  "Parent Relationship": "Outer",
                  "Parallel Aware": false,
                  "Relation Name": "catalog_sales",
                  "Alias": "catalog_sales",
                  "Startup Cost": 0.00,
                  "Total Cost": 51820.48,
                  "Plan Rows": 1441548,
                  "Plan Width": 167,
                  "Actual Startup Time": 0.018,
                  "Actual Total Time": 257.993,
                  "Actual Rows": 1441548,
                  "Actual Loops": 1
                },
                {
                  "Node Type": "Hash",
                  "Parent Relationship": "Inner",
                  "Parallel Aware": false,
                  "Startup Cost": 2500.73,
                  "Total Cost": 2500.73,
                  "Plan Rows": 30,
                  "Plan Width": 118,
                  "Actual Startup Time": 16.526,
                  "Actual Total Time": 16.526,
                  "Actual Rows": 30,
                  "Actual Loops": 1,
                  "Hash Buckets": 1024,
                  "Original Hash Buckets": 1024,
                  "Hash Batches": 1,
                  "Original Hash Batches": 1,
                  "Peak Memory Usage": 13,
                  "Plans": [
                    {
                      "Node Type": "Seq Scan",
                      "Parent Relationship": "Outer",
                      "Parallel Aware": false,
                      "Relation Name": "date_dim",
                      "Alias": "date_dim",
                      "Startup Cost": 0.00,
                      "Total Cost": 2500.73,
                      "Plan Rows": 30,
                      "Plan Width": 118,
                      "Actual Startup Time": 8.517,
                      "Actual Total Time": 16.513,
                      "Actual Rows": 30,
                      "Actual Loops": 1,
                      "Filter": "((d_year = 2002) AND (d_moy = 11))",
                      "Rows Removed by Filter": 73019
                    }
                  ]
                }
              ]
            }
          ]
        }
      ]
    },
    "Planning Time": 0.543,
    "Triggers": [
    ],
    "Execution Time": 711.317
  }
]
