[
  {
    "Plan": {
      "Node Type": "Hash Join",
      "Parallel Aware": false,
      "Join Type": "Inner",
      "Startup Cost": 2227.94,
      "Total Cost": 96461.53,
      "Plan Rows": 293611,
      "Plan Width": 614,
      "Actual Startup Time": 11.762,
      "Actual Total Time": 1261.850,
      "Actual Rows": 294887,
      "Actual Loops": 1,
      "Hash Cond": "(store_sales.ss_item_sk = item.i_item_sk)",
      "Plans": [
        {
          "Node Type": "Seq Scan",
          "Parent Relationship": "Outer",
          "Parallel Aware": false,
          "Relation Name": "store_sales",
          "Alias": "store_sales",
          "Startup Cost": 0.00,
          "Total Cost": 80497.08,
          "Plan Rows": 2880108,
          "Plan Width": 111,
          "Actual Startup Time": 0.072,
          "Actual Total Time": 450.387,
          "Actual Rows": 2880404,
          "Actual Loops": 1
        },
        {
          "Node Type": "Hash",
          "Parent Relationship": "Inner",
          "Parallel Aware": false,
          "Startup Cost": 2205.00,
          "Total Cost": 2205.00,
          "Plan Rows": 1835,
          "Plan Width": 503,
          "Actual Startup Time": 11.655,
          "Actual Total Time": 11.655,
          "Actual Rows": 1835,
          "Actual Loops": 1,
          "Hash Buckets": 2048,
          "Original Hash Buckets": 2048,
          "Hash Batches": 1,
          "Original Hash Batches": 1,
          "Peak Memory Usage": 999,
          "Plans": [
            {
              "Node Type": "Seq Scan",
              "Parent Relationship": "Outer",
              "Parallel Aware": false,
              "Relation Name": "item",
              "Alias": "item",
              "Startup Cost": 0.00,
              "Total Cost": 2205.00,
              "Plan Rows": 1835,
              "Plan Width": 503,
              "Actual Startup Time": 0.110,
              "Actual Total Time": 11.145,
              "Actual Rows": 1835,
              "Actual Loops": 1,
              "Filter": "(i_category = 'Shoes'::bpchar)",
              "Rows Removed by Filter": 16165
            }
          ]
        }
      ]
    },
    "Planning Time": 1.572,
    "Triggers": [
    ],
    "Execution Time": 1273.059
  }
]
