[
  {
    "Plan": {
      "Node Type": "Hash Join",
      "Parallel Aware": false,
      "Join Type": "Inner",
      "Startup Cost": 2227.94,
      "Total Cost": 31619.84,
      "Plan Rows": 73337,
      "Plan Width": 670,
      "Actual Startup Time": 10.941,
      "Actual Total Time": 364.162,
      "Actual Rows": 73685,
      "Actual Loops": 1,
      "Hash Cond": "(web_sales.ws_item_sk = item.i_item_sk)",
      "Plans": [
        {
          "Node Type": "Seq Scan",
          "Parent Relationship": "Outer",
          "Parallel Aware": false,
          "Relation Name": "web_sales",
          "Alias": "web_sales",
          "Startup Cost": 0.00,
          "Total Cost": 25960.84,
          "Plan Rows": 719384,
          "Plan Width": 167,
          "Actual Startup Time": 0.015,
          "Actual Total Time": 131.136,
          "Actual Rows": 719384,
          "Actual Loops": 1
        },
        {
          "Node Type": "Hash",
          "Parent Relationship": "Inner",
          "Parallel Aware": false,
          "Startup Cost": 2205.00,
          "Total Cost": 2205.00,
          "Plan Rows": 1835,
          "Plan Width": 503,
          "Actual Startup Time": 10.894,
          "Actual Total Time": 10.894,
          "Actual Rows": 1835,
          "Actual Loops": 1,
          "Hash Buckets": 2048,
          "Original Hash Buckets": 2048,
          "Hash Batches": 1,
          "Original Hash Batches": 1,
          "Peak Memory Usage": 999,
          "Plans": [
            {
              "Node Type": "Seq Scan",
              "Parent Relationship": "Outer",
              "Parallel Aware": false,
              "Relation Name": "item",
              "Alias": "item",
              "Startup Cost": 0.00,
              "Total Cost": 2205.00,
              "Plan Rows": 1835,
              "Plan Width": 503,
              "Actual Startup Time": 0.021,
              "Actual Total Time": 10.426,
              "Actual Rows": 1835,
              "Actual Loops": 1,
              "Filter": "(i_category = 'Shoes'::bpchar)",
              "Rows Removed by Filter": 16165
            }
          ]
        }
      ]
    },
    "Planning Time": 0.303,
    "Triggers": [
    ],
    "Execution Time": 366.971
  }
]
