[
  {
    "Plan": {
      "Node Type": "Nested Loop",
      "Parallel Aware": false,
      "Join Type": "Inner",
      "Startup Cost": 2501.56,
      "Total Cost": 59937.73,
      "Plan Rows": 35,
      "Plan Width": 956,
      "Actual Startup Time": 180.527,
      "Actual Total Time": 705.437,
      "Actual Rows": 1827,
      "Actual Loops": 1,
      "Plans": [
        {
          "Node Type": "Nested Loop",
          "Parent Relationship": "Outer",
          "Parallel Aware": false,
          "Join Type": "Inner",
          "Startup Cost": 2501.41,
          "Total Cost": 59931.34,
          "Plan Rows": 36,
          "Plan Width": 788,
          "Actual Startup Time": 180.516,
          "Actual Total Time": 697.571,
          "Actual Rows": 1868,
          "Actual Loops": 1,
          "Plans": [
            {
              "Node Type": "Hash Join",
              "Parent Relationship": "Outer",
              "Parallel Aware": false,
              "Join Type": "Inner",
              "Startup Cost": 2501.12,
              "Total Cost": 59733.50,
              "Plan Rows": 612,
              "Plan Width": 285,
              "Actual Startup Time": 144.564,
              "Actual Total Time": 563.883,
              "Actual Rows": 32825,
              "Actual Loops": 1,
              "Hash Cond": "(catalog_sales.cs_sold_date_sk = date_dim.d_date_sk)",
              "Plans": [
                {
                  "Node Type": "Seq Scan",
                  "Parent Relationship": "Outer",
                  "Parallel Aware": false,
                  "Relation Name": "catalog_sales",
                  "Alias": "catalog_sales",
                  "Startup Cost": 0.00,
                  "Total Cost": 51820.48,
                  "Plan Rows": 1441548,
                  "Plan Width": 167,
                  "Actual Startup Time": 0.027,
                  "Actual Total Time": 289.592,
                  "Actual Rows": 1441548,
                  "Actual Loops": 1
                },
                {
                  "Node Type": "Hash",
                  "Parent Relationship": "Inner",
                  "Parallel Aware": false,
                  "Startup Cost": 2500.73,
                  "Total Cost": 2500.73,
                  "Plan Rows": 31,
                  "Plan Width": 118,
                  "Actual Startup Time": 24.027,
                  "Actual Total Time": 24.027,
                  "Actual Rows": 32,
                  "Actual Loops": 1,
                  "Hash Buckets": 1024,
                  "Original Hash Buckets": 1024,
                  "Hash Batches": 1,
                  "Original Hash Batches": 1,
                  "Peak Memory Usage": 13,
                  "Plans": [
                    {
                      "Node Type": "Seq Scan",
                      "Parent Relationship": "Outer",
                      "Parallel Aware": false,
                      "Relation Name": "date_dim",
                      "Alias": "date_dim",
                      "Startup Cost": 0.00,
                      "Total Cost": 2500.73,
                      "Plan Rows": 31,
                      "Plan Width": 118,
                      "Actual Startup Time": 12.308,
                      "Actual Total Time": 24.011,
                      "Actual Rows": 32,
                      "Actual Loops": 1,
                      "Filter": "((d_date >= '1999-08-25'::date) AND (d_date <= '1999-09-25'::date))",
                      "Rows Removed by Filter": 73017
                    }
                  ]
                }
              ]
            },
            {
              "Node Type": "Index Scan",
              "Parent Relationship": "Inner",
              "Parallel Aware": false,
              "Scan Direction": "Forward",
              "Index Name": "item_pkey",
              "Relation Name": "item",
              "Alias": "item",
              "Startup Cost": 0.29,
              "Total Cost": 0.31,
              "Plan Rows": 1,
              "Plan Width": 503,
              "Actual Startup Time": 0.004,
              "Actual Total Time": 0.004,
              "Actual Rows": 0,
              "Actual Loops": 32825,
              "Index Cond": "(i_item_sk = catalog_sales.cs_item_sk)",
              "Rows Removed by Index Recheck": 0,
              "Filter": "(i_current_price > '50'::numeric)",
              "Rows Removed by Filter": 1
            }
          ]
        },
        {
          "Node Type": "Index Scan",
          "Parent Relationship": "Inner",
          "Parallel Aware": false,
          "Scan Direction": "Forward",
          "Index Name": "promotion_pkey",
          "Relation Name": "promotion",
          "Alias": "promotion",
          "Startup Cost": 0.15,
          "Total Cost": 0.17,
          "Plan Rows": 1,
          "Plan Width": 168,
          "Actual Startup Time": 0.003,
          "Actual Total Time": 0.003,
          "Actual Rows": 1,
          "Actual Loops": 1868,
          "Index Cond": "(p_promo_sk = catalog_sales.cs_promo_sk)",
          "Rows Removed by Index Recheck": 0,
          "Filter": "(p_channel_tv = 'N'::bpchar)",
          "Rows Removed by Filter": 0
        }
      ]
    },
    "Planning Time": 1.150,
    "Triggers": [
    ],
    "Execution Time": 705.827
  }
]
