[
  {
    "Plan": {
      "Node Type": "Hash Join",
      "Parallel Aware": false,
      "Join Type": "Inner",
      "Startup Cost": 2322.65,
      "Total Cost": 35563.57,
      "Plan Rows": 113,
      "Plan Width": 285,
      "Actual Startup Time": 21.070,
      "Actual Total Time": 566.713,
      "Actual Rows": 5102,
      "Actual Loops": 1,
      "Hash Cond": "(web_sales.ws_sold_date_sk = date_dim.d_date_sk)",
      "Plans": [
        {
          "Node Type": "Seq Scan",
          "Parent Relationship": "Outer",
          "Parallel Aware": false,
          "Relation Name": "web_sales",
          "Alias": "web_sales",
          "Startup Cost": 0.00,
          "Total Cost": 33154.68,
          "Plan Rows": 22697,
          "Plan Width": 167,
          "Actual Startup Time": 0.041,
          "Actual Total Time": 536.558,
          "Actual Rows": 25634,
          "Actual Loops": 1,
          "Filter": "((ws_sales_price >= 50.00) AND (ws_sales_price <= 200.00) AND (ws_net_profit >= '50'::numeric) AND (ws_net_profit <= '300'::numeric))",
          "Rows Removed by Filter": 693750
        },
        {
          "Node Type": "Hash",
          "Parent Relationship": "Inner",
          "Parallel Aware": false,
          "Startup Cost": 2318.11,
          "Total Cost": 2318.11,
          "Plan Rows": 363,
          "Plan Width": 118,
          "Actual Startup Time": 20.877,
          "Actual Total Time": 20.877,
          "Actual Rows": 365,
          "Actual Loops": 1,
          "Hash Buckets": 1024,
          "Original Hash Buckets": 1024,
          "Hash Batches": 1,
          "Original Hash Batches": 1,
          "Peak Memory Usage": 63,
          "Plans": [
            {
              "Node Type": "Seq Scan",
              "Parent Relationship": "Outer",
              "Parallel Aware": false,
              "Relation Name": "date_dim",
              "Alias": "date_dim",
              "Startup Cost": 0.00,
              "Total Cost": 2318.11,
              "Plan Rows": 363,
              "Plan Width": 118,
              "Actual Startup Time": 8.921,
              "Actual Total Time": 20.779,
              "Actual Rows": 365,
              "Actual Loops": 1,
              "Filter": "(d_year = 2002)",
              "Rows Removed by Filter": 72684
            }
          ]
        }
      ]
    },
    "Planning Time": 0.364,
    "Triggers": [
    ],
    "Execution Time": 567.010
  }
]
