[
  {
    "Plan": {
      "Node Type": "Hash Join",
      "Parallel Aware": false,
      "Join Type": "Inner",
      "Startup Cost": 2322.65,
      "Total Cost": 7187.73,
      "Plan Rows": 716,
      "Plan Width": 244,
      "Actual Startup Time": 17.230,
      "Actual Total Time": 76.910,
      "Actual Rows": 12252,
      "Actual Loops": 1,
      "Hash Cond": "(catalog_returns.cr_returned_date_sk = date_dim.d_date_sk)",
      "Plans": [
        {
          "Node Type": "Seq Scan",
          "Parent Relationship": "Outer",
          "Parallel Aware": false,
          "Relation Name": "catalog_returns",
          "Alias": "catalog_returns",
          "Startup Cost": 0.00,
          "Total Cost": 4317.67,
          "Plan Rows": 144067,
          "Plan Width": 126,
          "Actual Startup Time": 0.029,
          "Actual Total Time": 25.932,
          "Actual Rows": 144067,
          "Actual Loops": 1
        },
        {
          "Node Type": "Hash",
          "Parent Relationship": "Inner",
          "Parallel Aware": false,
          "Startup Cost": 2318.11,
          "Total Cost": 2318.11,
          "Plan Rows": 363,
          "Plan Width": 118,
          "Actual Startup Time": 17.186,
          "Actual Total Time": 17.186,
          "Actual Rows": 365,
          "Actual Loops": 1,
          "Hash Buckets": 1024,
          "Original Hash Buckets": 1024,
          "Hash Batches": 1,
          "Original Hash Batches": 1,
          "Peak Memory Usage": 63,
          "Plans": [
            {
              "Node Type": "Seq Scan",
              "Parent Relationship": "Outer",
              "Parallel Aware": false,
              "Relation Name": "date_dim",
              "Alias": "date_dim",
              "Startup Cost": 0.00,
              "Total Cost": 2318.11,
              "Plan Rows": 363,
              "Plan Width": 118,
              "Actual Startup Time": 8.637,
              "Actual Total Time": 17.114,
              "Actual Rows": 365,
              "Actual Loops": 1,
              "Filter": "(d_year = 1998)",
              "Rows Removed by Filter": 72684
            }
          ]
        }
      ]
    },
    "Planning Time": 0.292,
    "Triggers": [
    ],
    "Execution Time": 77.435
  }
]
