[
  {
    "Plan": {
      "Node Type": "Hash Join",
      "Parallel Aware": false,
      "Join Type": "Inner",
      "Startup Cost": 2319.24,
      "Total Cost": 93650.62,
      "Plan Rows": 3548,
      "Plan Width": 229,
      "Actual Startup Time": 25.036,
      "Actual Total Time": 920.385,
      "Actual Rows": 80124,
      "Actual Loops": 1,
      "Hash Cond": "(store_sales.ss_sold_date_sk = date_dim.d_date_sk)",
      "Plans": [
        {
          "Node Type": "Seq Scan",
          "Parent Relationship": "Outer",
          "Parallel Aware": false,
          "Relation Name": "store_sales",
          "Alias": "store_sales",
          "Startup Cost": 0.00,
          "Total Cost": 80497.08,
          "Plan Rows": 2880108,
          "Plan Width": 111,
          "Actual Startup Time": 0.013,
          "Actual Total Time": 438.620,
          "Actual Rows": 2880404,
          "Actual Loops": 1
        },
        {
          "Node Type": "Hash",
          "Parent Relationship": "Inner",
          "Parallel Aware": false,
          "Startup Cost": 2318.11,
          "Total Cost": 2318.11,
          "Plan Rows": 90,
          "Plan Width": 118,
          "Actual Startup Time": 24.970,
          "Actual Total Time": 24.970,
          "Actual Rows": 91,
          "Actual Loops": 1,
          "Hash Buckets": 1024,
          "Original Hash Buckets": 1024,
          "Hash Batches": 1,
          "Original Hash Batches": 1,
          "Peak Memory Usage": 22,
          "Plans": [
            {
              "Node Type": "Seq Scan",
              "Parent Relationship": "Outer",
              "Parallel Aware": false,
              "Relation Name": "date_dim",
              "Alias": "date_dim",
              "Startup Cost": 0.00,
              "Total Cost": 2318.11,
              "Plan Rows": 90,
              "Plan Width": 118,
              "Actual Startup Time": 12.617,
              "Actual Total Time": 24.950,
              "Actual Rows": 91,
              "Actual Loops": 1,
              "Filter": "(d_quarter_name = '2001Q1'::bpchar)",
              "Rows Removed by Filter": 72958
            }
          ]
        }
      ]
    },
    "Planning Time": 0.207,
    "Triggers": [
    ],
    "Execution Time": 923.431
  }
]
