[
  {
    "Plan": {
      "Node Type": "Nested Loop",
      "Parallel Aware": false,
      "Join Type": "Inner",
      "Startup Cost": 167.14,
      "Total Cost": 111561.85,
      "Plan Rows": 1,
      "Plan Width": 2274,
      "Actual Startup Time": 122.943,
      "Actual Total Time": 1604.906,
      "Actual Rows": 3,
      "Actual Loops": 1,
      "Plans": [
        {
          "Node Type": "Nested Loop",
          "Parent Relationship": "Outer",
          "Parallel Aware": false,
          "Join Type": "Inner",
          "Startup Cost": 167.01,
          "Total Cost": 111561.68,
          "Plan Rows": 1,
          "Plan Width": 462,
          "Actual Startup Time": 122.937,
          "Actual Total Time": 1604.885,
          "Actual Rows": 3,
          "Actual Loops": 1,
          "Plans": [
            {
              "Node Type": "Nested Loop",
              "Parent Relationship": "Outer",
              "Parallel Aware": false,
              "Join Type": "Inner",
              "Startup Cost": 166.58,
              "Total Cost": 111555.46,
              "Plan Rows": 2,
              "Plan Width": 406,
              "Actual Startup Time": 4.547,
              "Actual Total Time": 1604.099,
              "Actual Rows": 62,
              "Actual Loops": 1,
              "Plans": [
                {
                  "Node Type": "Nested Loop",
                  "Parent Relationship": "Outer",
                  "Parallel Aware": false,
                  "Join Type": "Inner",
                  "Startup Cost": 166.29,
                  "Total Cost": 111404.03,
                  "Plan Rows": 311,
                  "Plan Width": 288,
                  "Actual Startup Time": 2.755,
                  "Actual Total Time": 1601.639,
                  "Actual Rows": 472,
                  "Actual Loops": 1,
                  "Plans": [
                    {
                      "Node Type": "Hash Join",
                      "Parent Relationship": "Outer",
                      "Parallel Aware": false,
                      "Join Type": "Inner",
                      "Startup Cost": 166.00,
                      "Total Cost": 109648.09,
                      "Plan Rows": 3909,
                      "Plan Width": 143,
                      "Actual Startup Time": 2.710,
                      "Actual Total Time": 1570.168,
                      "Actual Rows": 6130,
                      "Actual Loops": 1,
                      "Hash Cond": "(store_sales.ss_hdemo_sk = household_demographics.hd_demo_sk)",
                      "Plans": [
                        {
                          "Node Type": "Seq Scan",
                          "Parent Relationship": "Outer",
                          "Parallel Aware": false,
                          "Relation Name": "store_sales",
                          "Alias": "store_sales",
                          "Startup Cost": 0.00,
                          "Total Cost": 109298.16,
                          "Plan Rows": 39090,
                          "Plan Width": 111,
                          "Actual Startup Time": 0.083,
                          "Actual Total Time": 1552.024,
                          "Actual Rows": 61466,
                          "Actual Loops": 1,
                          "Filter": "((ss_sales_price >= 50.00) AND (ss_sales_price <= 100.00) AND (ss_net_profit >= '50'::numeric) AND (ss_net_profit <= '250'::numeric))",
                          "Rows Removed by Filter": 2818938
                        },
                        {
                          "Node Type": "Hash",
                          "Parent Relationship": "Inner",
                          "Parallel Aware": false,
                          "Startup Cost": 157.00,
                          "Total Cost": 157.00,
                          "Plan Rows": 720,
                          "Plan Width": 32,
                          "Actual Startup Time": 2.369,
                          "Actual Total Time": 2.369,
                          "Actual Rows": 720,
                          "Actual Loops": 1,
                          "Hash Buckets": 1024,
                          "Original Hash Buckets": 1024,
                          "Hash Batches": 1,
                          "Original Hash Batches": 1,
                          "Peak Memory Usage": 53,
                          "Plans": [
                            {
                              "Node Type": "Seq Scan",
                              "Parent Relationship": "Outer",
                              "Parallel Aware": false,
                              "Relation Name": "household_demographics",
                              "Alias": "household_demographics",
                              "Startup Cost": 0.00,
                              "Total Cost": 157.00,
                              "Plan Rows": 720,
                              "Plan Width": 32,
                              "Actual Startup Time": 0.040,
                              "Actual Total Time": 2.141,
                              "Actual Rows": 720,
                              "Actual Loops": 1,
                              "Filter": "(hd_dep_count = 1)",
                              "Rows Removed by Filter": 6480
                            }
                          ]
                        }
                      ]
                    },
                    {
                      "Node Type": "Index Scan",
                      "Parent Relationship": "Inner",
                      "Parallel Aware": false,
                      "Scan Direction": "Forward",
                      "Index Name": "customer_address_pkey",
                      "Relation Name": "customer_address",
                      "Alias": "customer_address",
                      "Startup Cost": 0.29,
                      "Total Cost": 0.44,
                      "Plan Rows": 1,
                      "Plan Width": 145,
                      "Actual Startup Time": 0.005,
                      "Actual Total Time": 0.005,
                      "Actual Rows": 0,
                      "Actual Loops": 6130,
                      "Index Cond": "(ca_address_sk = store_sales.ss_addr_sk)",
                      "Rows Removed by Index Recheck": 0,
                      "Filter": "(((ca_country)::text = 'United States'::text) AND (ca_state = ANY ('{MN,IA,OK}'::bpchar[])))",
                      "Rows Removed by Filter": 1
                    }
                  ]
                },
                {
                  "Node Type": "Index Scan",
                  "Parent Relationship": "Inner",
                  "Parallel Aware": false,
                  "Scan Direction": "Forward",
                  "Index Name": "date_dim_pkey",
                  "Relation Name": "date_dim",
                  "Alias": "date_dim",
                  "Startup Cost": 0.29,
                  "Total Cost": 0.48,
                  "Plan Rows": 1,
                  "Plan Width": 118,
                  "Actual Startup Time": 0.004,
                  "Actual Total Time": 0.004,
                  "Actual Rows": 0,
                  "Actual Loops": 472,
                  "Index Cond": "(d_date_sk = store_sales.ss_sold_date_sk)",
                  "Rows Removed by Index Recheck": 0,
                  "Filter": "(d_year = 2001)",
                  "Rows Removed by Filter": 1
                }
              ]
            },
            {
              "Node Type": "Index Scan",
              "Parent Relationship": "Inner",
              "Parallel Aware": false,
              "Scan Direction": "Forward",
              "Index Name": "customer_demographics_pkey",
              "Relation Name": "customer_demographics",
              "Alias": "customer_demographics",
              "Startup Cost": 0.43,
              "Total Cost": 3.10,
              "Plan Rows": 1,
              "Plan Width": 56,
              "Actual Startup Time": 0.012,
              "Actual Total Time": 0.012,
              "Actual Rows": 0,
              "Actual Loops": 62,
              "Index Cond": "(cd_demo_sk = store_sales.ss_cdemo_sk)",
              "Rows Removed by Index Recheck": 0,
              "Filter": "((cd_marital_status = 'U'::bpchar) AND (cd_education_status = '4 yr Degree'::bpchar))",
              "Rows Removed by Filter": 1
            }
          ]
        },
        {
          "Node Type": "Index Scan",
          "Parent Relationship": "Inner",
          "Parallel Aware": false,
          "Scan Direction": "Forward",
          "Index Name": "store_pkey",
          "Relation Name": "store",
          "Alias": "store",
          "Startup Cost": 0.14,
          "Total Cost": 0.15,
          "Plan Rows": 1,
          "Plan Width": 1812,
          "Actual Startup Time": 0.004,
          "Actual Total Time": 0.004,
          "Actual Rows": 1,
          "Actual Loops": 3,
          "Index Cond": "(s_store_sk = store_sales.ss_store_sk)",
          "Rows Removed by Index Recheck": 0
        }
      ]
    },
    "Planning Time": 2.609,
    "Triggers": [
    ],
    "Execution Time": 1605.247
  }
]
