[
  {
    "Plan": {
      "Node Type": "Hash Join",
      "Parallel Aware": false,
      "Join Type": "Inner",
      "Startup Cost": 2684.87,
      "Total Cost": 11433.79,
      "Plan Rows": 476,
      "Plan Width": 216,
      "Actual Startup Time": 22.328,
      "Actual Total Time": 118.774,
      "Actual Rows": 15613,
      "Actual Loops": 1,
      "Hash Cond": "(store_returns.sr_returned_date_sk = date_dim.d_date_sk)",
      "Plans": [
        {
          "Node Type": "Seq Scan",
          "Parent Relationship": "Outer",
          "Parallel Aware": false,
          "Relation Name": "store_returns",
          "Alias": "store_returns",
          "Startup Cost": 0.00,
          "Total Cost": 7666.14,
          "Plan Rows": 287514,
          "Plan Width": 98,
          "Actual Startup Time": 0.023,
          "Actual Total Time": 43.183,
          "Actual Rows": 287514,
          "Actual Loops": 1
        },
        {
          "Node Type": "Hash",
          "Parent Relationship": "Inner",
          "Parallel Aware": false,
          "Startup Cost": 2683.36,
          "Total Cost": 2683.36,
          "Plan Rows": 121,
          "Plan Width": 118,
          "Actual Startup Time": 22.289,
          "Actual Total Time": 22.289,
          "Actual Rows": 122,
          "Actual Loops": 1,
          "Hash Buckets": 1024,
          "Original Hash Buckets": 1024,
          "Hash Batches": 1,
          "Original Hash Batches": 1,
          "Peak Memory Usage": 27,
          "Plans": [
            {
              "Node Type": "Seq Scan",
              "Parent Relationship": "Outer",
              "Parallel Aware": false,
              "Relation Name": "date_dim",
              "Alias": "date_dim",
              "Startup Cost": 0.00,
              "Total Cost": 2683.36,
              "Plan Rows": 121,
              "Plan Width": 118,
              "Actual Startup Time": 11.061,
              "Actual Total Time": 22.263,
              "Actual Rows": 122,
              "Actual Loops": 1,
              "Filter": "((d_moy >= 4) AND (d_moy <= 7) AND (d_year = 1999))",
              "Rows Removed by Filter": 72927
            }
          ]
        }
      ]
    },
    "Planning Time": 0.217,
    "Triggers": [
    ],
    "Execution Time": 119.452
  }
]
