[
  {
    "Plan": {
      "Node Type": "Hash Join",
      "Parallel Aware": false,
      "Join Type": "Inner",
      "Startup Cost": 2423.05,
      "Total Cost": 59863.41,
      "Plan Rows": 21510,
      "Plan Width": 285,
      "Actual Startup Time": 78.674,
      "Actual Total Time": 1454.404,
      "Actual Rows": 859935,
      "Actual Loops": 1,
      "Hash Cond": "(catalog_sales.cs_sold_date_sk = date_dim.d_date_sk)",
      "Plans": [
        {
          "Node Type": "Seq Scan",
          "Parent Relationship": "Outer",
          "Parallel Aware": false,
          "Relation Name": "catalog_sales",
          "Alias": "catalog_sales",
          "Startup Cost": 0.00,
          "Total Cost": 51820.48,
          "Plan Rows": 1441548,
          "Plan Width": 167,
          "Actual Startup Time": 0.016,
          "Actual Total Time": 262.377,
          "Actual Rows": 1441548,
          "Actual Loops": 1
        },
        {
          "Node Type": "Hash",
          "Parent Relationship": "Inner",
          "Parallel Aware": false,
          "Startup Cost": 2409.42,
          "Total Cost": 2409.42,
          "Plan Rows": 1090,
          "Plan Width": 118,
          "Actual Startup Time": 19.198,
          "Actual Total Time": 19.198,
          "Actual Rows": 1096,
          "Actual Loops": 1,
          "Hash Buckets": 2048,
          "Original Hash Buckets": 2048,
          "Hash Batches": 1,
          "Original Hash Batches": 1,
          "Peak Memory Usage": 181,
          "Plans": [
            {
              "Node Type": "Seq Scan",
              "Parent Relationship": "Outer",
              "Parallel Aware": false,
              "Relation Name": "date_dim",
              "Alias": "date_dim",
              "Startup Cost": 0.00,
              "Total Cost": 2409.42,
              "Plan Rows": 1090,
              "Plan Width": 118,
              "Actual Startup Time": 9.412,
              "Actual Total Time": 19.004,
              "Actual Rows": 1096,
              "Actual Loops": 1,
              "Filter": "(d_year = ANY ('{1999,2000,2001}'::integer[]))",
              "Rows Removed by Filter": 71953
            }
          ]
        }
      ]
    },
    "Planning Time": 0.231,
    "Triggers": [
    ],
    "Execution Time": 1485.854
  }
]
