[
  {
    "Plan": {
      "Node Type": "Nested Loop",
      "Parallel Aware": false,
      "Join Type": "Inner",
      "Startup Cost": 5.06,
      "Total Cost": 10582.36,
      "Plan Rows": 1,
      "Plan Width": 788,
      "Actual Startup Time": 1.509,
      "Actual Total Time": 185.390,
      "Actual Rows": 150,
      "Actual Loops": 1,
      "Plans": [
        {
          "Node Type": "Nested Loop",
          "Parent Relationship": "Outer",
          "Parallel Aware": false,
          "Join Type": "Inner",
          "Startup Cost": 4.77,
          "Total Cost": 9968.58,
          "Plan Rows": 1838,
          "Plan Width": 670,
          "Actual Startup Time": 0.046,
          "Actual Total Time": 120.753,
          "Actual Rows": 17981,
          "Actual Loops": 1,
          "Plans": [
            {
              "Node Type": "Seq Scan",
              "Parent Relationship": "Outer",
              "Parallel Aware": false,
              "Relation Name": "item",
              "Alias": "item",
              "Startup Cost": 0.00,
              "Total Cost": 2250.00,
              "Plan Rows": 46,
              "Plan Width": 503,
              "Actual Startup Time": 0.016,
              "Actual Total Time": 15.776,
              "Actual Rows": 459,
              "Actual Loops": 1,
              "Filter": "((i_category = 'Children'::bpchar) AND (i_class = 'toddlers'::bpchar))",
              "Rows Removed by Filter": 17541
            },
            {
              "Node Type": "Bitmap Heap Scan",
              "Parent Relationship": "Inner",
              "Parallel Aware": false,
              "Relation Name": "web_sales",
              "Alias": "web_sales",
              "Startup Cost": 4.77,
              "Total Cost": 167.36,
              "Plan Rows": 44,
              "Plan Width": 167,
              "Actual Startup Time": 0.025,
              "Actual Total Time": 0.188,
              "Actual Rows": 39,
              "Actual Loops": 459,
              "Recheck Cond": "(ws_item_sk = item.i_item_sk)",
              "Rows Removed by Index Recheck": 0,
              "Exact Heap Blocks": 17969,
              "Lossy Heap Blocks": 0,
              "Plans": [
                {
                  "Node Type": "Bitmap Index Scan",
                  "Parent Relationship": "Outer",
                  "Parallel Aware": false,
                  "Index Name": "web_sales_pkey",
                  "Startup Cost": 0.00,
                  "Total Cost": 4.75,
                  "Plan Rows": 44,
                  "Plan Width": 0,
                  "Actual Startup Time": 0.016,
                  "Actual Total Time": 0.016,
                  "Actual Rows": 39,
                  "Actual Loops": 459,
                  "Index Cond": "(ws_item_sk = item.i_item_sk)"
                }
              ]
            }
          ]
        },
        {
          "Node Type": "Index Scan",
          "Parent Relationship": "Inner",
          "Parallel Aware": false,
          "Scan Direction": "Forward",
          "Index Name": "date_dim_pkey",
          "Relation Name": "date_dim",
          "Alias": "date_dim",
          "Startup Cost": 0.29,
          "Total Cost": 0.32,
          "Plan Rows": 1,
          "Plan Width": 118,
          "Actual Startup Time": 0.003,
          "Actual Total Time": 0.003,
          "Actual Rows": 0,
          "Actual Loops": 17981,
          "Index Cond": "(d_date_sk = web_sales.ws_sold_date_sk)",
          "Rows Removed by Index Recheck": 0,
          "Filter": "((d_moy = 5) AND (d_year = 2001))",
          "Rows Removed by Filter": 1
        }
      ]
    },
    "Planning Time": 0.537,
    "Triggers": [
    ],
    "Execution Time": 185.504
  }
]
