[
  {
    "Plan": {
      "Node Type": "Hash Join",
      "Parallel Aware": false,
      "Join Type": "Inner",
      "Startup Cost": 2683.47,
      "Total Cost": 59911.52,
      "Plan Rows": 178,
      "Plan Width": 285,
      "Actual Startup Time": 369.613,
      "Actual Total Time": 804.024,
      "Actual Rows": 285286,
      "Actual Loops": 1,
      "Hash Cond": "(catalog_sales.cs_sold_date_sk = date_dim.d_date_sk)",
      "Plans": [
        {
          "Node Type": "Seq Scan",
          "Parent Relationship": "Outer",
          "Parallel Aware": false,
          "Relation Name": "catalog_sales",
          "Alias": "catalog_sales",
          "Startup Cost": 0.00,
          "Total Cost": 51820.48,
          "Plan Rows": 1441548,
          "Plan Width": 167,
          "Actual Startup Time": 0.015,
          "Actual Total Time": 265.141,
          "Actual Rows": 1441548,
          "Actual Loops": 1
        },
        {
          "Node Type": "Hash",
          "Parent Relationship": "Inner",
          "Parallel Aware": false,
          "Startup Cost": 2683.36,
          "Total Cost": 2683.36,
          "Plan Rows": 9,
          "Plan Width": 118,
          "Actual Startup Time": 17.470,
          "Actual Total Time": 17.470,
          "Actual Rows": 365,
          "Actual Loops": 1,
          "Hash Buckets": 1024,
          "Original Hash Buckets": 1024,
          "Hash Batches": 1,
          "Original Hash Batches": 1,
          "Peak Memory Usage": 63,
          "Plans": [
            {
              "Node Type": "Seq Scan",
              "Parent Relationship": "Outer",
              "Parallel Aware": false,
              "Relation Name": "date_dim",
              "Alias": "date_dim",
              "Startup Cost": 0.00,
              "Total Cost": 2683.36,
              "Plan Rows": 9,
              "Plan Width": 118,
              "Actual Startup Time": 8.080,
              "Actual Total Time": 17.409,
              "Actual Rows": 365,
              "Actual Loops": 1,
              "Filter": "((d_week_seq >= 5114) AND (d_week_seq <= 5376) AND (d_year = 2002))",
              "Rows Removed by Filter": 72684
            }
          ]
        }
      ]
    },
    "Planning Time": 0.239,
    "Triggers": [
    ],
    "Execution Time": 814.469
  }
]
