[
  {
    "Plan": {
      "Node Type": "Nested Loop",
      "Parallel Aware": false,
      "Join Type": "Inner",
      "Startup Cost": 2501.75,
      "Total Cost": 60112.15,
      "Plan Rows": 69,
      "Plan Width": 788,
      "Actual Startup Time": 19.391,
      "Actual Total Time": 594.012,
      "Actual Rows": 1653,
      "Actual Loops": 1,
      "Plans": [
        {
          "Node Type": "Hash Join",
          "Parent Relationship": "Outer",
          "Parallel Aware": false,
          "Join Type": "Inner",
          "Startup Cost": 2501.46,
          "Total Cost": 59739.13,
          "Plan Rows": 1145,
          "Plan Width": 285,
          "Actual Startup Time": 18.254,
          "Actual Total Time": 490.145,
          "Actual Rows": 27213,
          "Actual Loops": 1,
          "Hash Cond": "(catalog_sales.cs_sold_date_sk = date_dim.d_date_sk)",
          "Plans": [
            {
              "Node Type": "Seq Scan",
              "Parent Relationship": "Outer",
              "Parallel Aware": false,
              "Relation Name": "catalog_sales",
              "Alias": "catalog_sales",
              "Startup Cost": 0.00,
              "Total Cost": 51820.48,
              "Plan Rows": 1441548,
              "Plan Width": 167,
              "Actual Startup Time": 0.011,
              "Actual Total Time": 256.396,
              "Actual Rows": 1441548,
              "Actual Loops": 1
            },
            {
              "Node Type": "Hash",
              "Parent Relationship": "Inner",
              "Parallel Aware": false,
              "Startup Cost": 2500.73,
              "Total Cost": 2500.73,
              "Plan Rows": 58,
              "Plan Width": 118,
              "Actual Startup Time": 15.972,
              "Actual Total Time": 15.972,
              "Actual Rows": 60,
              "Actual Loops": 1,
              "Hash Buckets": 1024,
              "Original Hash Buckets": 1024,
              "Hash Batches": 1,
              "Original Hash Batches": 1,
              "Peak Memory Usage": 18,
              "Plans": [
                {
                  "Node Type": "Seq Scan",
                  "Parent Relationship": "Outer",
                  "Parallel Aware": false,
                  "Relation Name": "date_dim",
                  "Alias": "date_dim",
                  "Startup Cost": 0.00,
                  "Total Cost": 2500.73,
                  "Plan Rows": 58,
                  "Plan Width": 118,
                  "Actual Startup Time": 6.956,
                  "Actual Total Time": 15.958,
                  "Actual Rows": 60,
                  "Actual Loops": 1,
                  "Filter": "((d_date >= '1998-02-08'::date) AND (d_date <= '1998-04-08'::date))",
                  "Rows Removed by Filter": 72989
                }
              ]
            }
          ]
        },
        {
          "Node Type": "Index Scan",
          "Parent Relationship": "Inner",
          "Parallel Aware": false,
          "Scan Direction": "Forward",
          "Index Name": "item_pkey",
          "Relation Name": "item",
          "Alias": "item",
          "Startup Cost": 0.29,
          "Total Cost": 0.32,
          "Plan Rows": 1,
          "Plan Width": 503,
          "Actual Startup Time": 0.003,
          "Actual Total Time": 0.003,
          "Actual Rows": 0,
          "Actual Loops": 27213,
          "Index Cond": "(i_item_sk = catalog_sales.cs_item_sk)",
          "Rows Removed by Index Recheck": 0,
          "Filter": "((i_current_price >= 0.99) AND (i_current_price <= 1.49))",
          "Rows Removed by Filter": 1
        }
      ]
    },
    "Planning Time": 0.619,
    "Triggers": [
    ],
    "Execution Time": 594.207
  }
]
