[
  {
    "Plan": {
      "Node Type": "Nested Loop",
      "Parallel Aware": false,
      "Join Type": "Inner",
      "Startup Cost": 167.14,
      "Total Cost": 110230.45,
      "Plan Rows": 1,
      "Plan Width": 2274,
      "Actual Startup Time": 1018.556,
      "Actual Total Time": 1339.990,
      "Actual Rows": 1,
      "Actual Loops": 1,
      "Plans": [
        {
          "Node Type": "Nested Loop",
          "Parent Relationship": "Outer",
          "Parallel Aware": false,
          "Join Type": "Inner",
          "Startup Cost": 166.72,
          "Total Cost": 110223.92,
          "Plan Rows": 1,
          "Plan Width": 2218,
          "Actual Startup Time": 175.896,
          "Actual Total Time": 1339.896,
          "Actual Rows": 6,
          "Actual Loops": 1,
          "Plans": [
            {
              "Node Type": "Nested Loop",
              "Parent Relationship": "Outer",
              "Parallel Aware": false,
              "Join Type": "Inner",
              "Startup Cost": 166.58,
              "Total Cost": 110223.75,
              "Plan Rows": 1,
              "Plan Width": 406,
              "Actual Startup Time": 175.890,
              "Actual Total Time": 1339.855,
              "Actual Rows": 6,
              "Actual Loops": 1,
              "Plans": [
                {
                  "Node Type": "Nested Loop",
                  "Parent Relationship": "Outer",
                  "Parallel Aware": false,
                  "Join Type": "Inner",
                  "Startup Cost": 166.29,
                  "Total Cost": 110176.16,
                  "Plan Rows": 34,
                  "Plan Width": 288,
                  "Actual Startup Time": 33.653,
                  "Actual Total Time": 1339.496,
                  "Actual Rows": 49,
                  "Actual Loops": 1,
                  "Plans": [
                    {
                      "Node Type": "Hash Join",
                      "Parent Relationship": "Outer",
                      "Parallel Aware": false,
                      "Join Type": "Inner",
                      "Startup Cost": 166.00,
                      "Total Cost": 109492.24,
                      "Plan Rows": 597,
                      "Plan Width": 143,
                      "Actual Startup Time": 6.503,
                      "Actual Total Time": 1332.637,
                      "Actual Rows": 884,
                      "Actual Loops": 1,
                      "Hash Cond": "(store_sales.ss_hdemo_sk = household_demographics.hd_demo_sk)",
                      "Plans": [
                        {
                          "Node Type": "Seq Scan",
                          "Parent Relationship": "Outer",
                          "Parallel Aware": false,
                          "Relation Name": "store_sales",
                          "Alias": "store_sales",
                          "Startup Cost": 0.00,
                          "Total Cost": 109298.16,
                          "Plan Rows": 5967,
                          "Plan Width": 111,
                          "Actual Startup Time": 0.147,
                          "Actual Total Time": 1327.883,
                          "Actual Rows": 8961,
                          "Actual Loops": 1,
                          "Filter": "((ss_sales_price >= 100.00) AND (ss_sales_price <= 150.00) AND (ss_net_profit >= '150'::numeric) AND (ss_net_profit <= '300'::numeric))",
                          "Rows Removed by Filter": 2871443
                        },
                        {
                          "Node Type": "Hash",
                          "Parent Relationship": "Inner",
                          "Parallel Aware": false,
                          "Startup Cost": 157.00,
                          "Total Cost": 157.00,
                          "Plan Rows": 720,
                          "Plan Width": 32,
                          "Actual Startup Time": 1.488,
                          "Actual Total Time": 1.488,
                          "Actual Rows": 720,
                          "Actual Loops": 1,
                          "Hash Buckets": 1024,
                          "Original Hash Buckets": 1024,
                          "Hash Batches": 1,
                          "Original Hash Batches": 1,
                          "Peak Memory Usage": 53,
                          "Plans": [
                            {
                              "Node Type": "Seq Scan",
                              "Parent Relationship": "Outer",
                              "Parallel Aware": false,
                              "Relation Name": "household_demographics",
                              "Alias": "household_demographics",
                              "Startup Cost": 0.00,
                              "Total Cost": 157.00,
                              "Plan Rows": 720,
                              "Plan Width": 32,
                              "Actual Startup Time": 0.046,
                              "Actual Total Time": 1.367,
                              "Actual Rows": 720,
                              "Actual Loops": 1,
                              "Filter": "(hd_dep_count = 3)",
                              "Rows Removed by Filter": 6480
                            }
                          ]
                        }
                      ]
                    },
                    {
                      "Node Type": "Index Scan",
                      "Parent Relationship": "Inner",
                      "Parallel Aware": false,
                      "Scan Direction": "Forward",
                      "Index Name": "customer_address_pkey",
                      "Relation Name": "customer_address",
                      "Alias": "customer_address",
                      "Startup Cost": 0.29,
                      "Total Cost": 1.14,
                      "Plan Rows": 1,
                      "Plan Width": 145,
                      "Actual Startup Time": 0.007,
                      "Actual Total Time": 0.007,
                      "Actual Rows": 0,
                      "Actual Loops": 884,
                      "Index Cond": "(ca_address_sk = store_sales.ss_addr_sk)",
                      "Rows Removed by Index Recheck": 0,
                      "Filter": "(((ca_country)::text = 'United States'::text) AND (ca_state = ANY ('{MS,OH,NV}'::bpchar[])))",
                      "Rows Removed by Filter": 1
                    }
                  ]
                },
                {
                  "Node Type": "Index Scan",
                  "Parent Relationship": "Inner",
                  "Parallel Aware": false,
                  "Scan Direction": "Forward",
                  "Index Name": "date_dim_pkey",
                  "Relation Name": "date_dim",
                  "Alias": "date_dim",
                  "Startup Cost": 0.29,
                  "Total Cost": 1.39,
                  "Plan Rows": 1,
                  "Plan Width": 118,
                  "Actual Startup Time": 0.006,
                  "Actual Total Time": 0.006,
                  "Actual Rows": 0,
                  "Actual Loops": 49,
                  "Index Cond": "(d_date_sk = store_sales.ss_sold_date_sk)",
                  "Rows Removed by Index Recheck": 0,
                  "Filter": "(d_year = 2001)",
                  "Rows Removed by Filter": 1
                }
              ]
            },
            {
              "Node Type": "Index Scan",
              "Parent Relationship": "Inner",
              "Parallel Aware": false,
              "Scan Direction": "Forward",
              "Index Name": "store_pkey",
              "Relation Name": "store",
              "Alias": "store",
              "Startup Cost": 0.14,
              "Total Cost": 0.15,
              "Plan Rows": 1,
              "Plan Width": 1812,
              "Actual Startup Time": 0.003,
              "Actual Total Time": 0.004,
              "Actual Rows": 1,
              "Actual Loops": 6,
              "Index Cond": "(s_store_sk = store_sales.ss_store_sk)",
              "Rows Removed by Index Recheck": 0
            }
          ]
        },
        {
          "Node Type": "Index Scan",
          "Parent Relationship": "Inner",
          "Parallel Aware": false,
          "Scan Direction": "Forward",
          "Index Name": "customer_demographics_pkey",
          "Relation Name": "customer_demographics",
          "Alias": "customer_demographics",
          "Startup Cost": 0.43,
          "Total Cost": 6.52,
          "Plan Rows": 1,
          "Plan Width": 56,
          "Actual Startup Time": 0.014,
          "Actual Total Time": 0.014,
          "Actual Rows": 0,
          "Actual Loops": 6,
          "Index Cond": "(cd_demo_sk = store_sales.ss_cdemo_sk)",
          "Rows Removed by Index Recheck": 0,
          "Filter": "((cd_marital_status = 'M'::bpchar) AND (cd_education_status = '2 yr Degree'::bpchar))",
          "Rows Removed by Filter": 1
        }
      ]
    },
    "Planning Time": 1.928,
    "Triggers": [
    ],
    "Execution Time": 1340.181
  }
]
