[
  {
    "Plan": {
      "Node Type": "Nested Loop",
      "Parallel Aware": false,
      "Join Type": "Inner",
      "Startup Cost": 167.14,
      "Total Cost": 110719.66,
      "Plan Rows": 1,
      "Plan Width": 2274,
      "Actual Startup Time": 1385.172,
      "Actual Total Time": 1594.705,
      "Actual Rows": 1,
      "Actual Loops": 1,
      "Plans": [
        {
          "Node Type": "Nested Loop",
          "Parent Relationship": "Outer",
          "Parallel Aware": false,
          "Join Type": "Inner",
          "Startup Cost": 166.72,
          "Total Cost": 110715.24,
          "Plan Rows": 1,
          "Plan Width": 2218,
          "Actual Startup Time": 11.839,
          "Actual Total Time": 1593.994,
          "Actual Rows": 46,
          "Actual Loops": 1,
          "Plans": [
            {
              "Node Type": "Nested Loop",
              "Parent Relationship": "Outer",
              "Parallel Aware": false,
              "Join Type": "Inner",
              "Startup Cost": 166.58,
              "Total Cost": 110715.07,
              "Plan Rows": 1,
              "Plan Width": 406,
              "Actual Startup Time": 11.833,
              "Actual Total Time": 1593.705,
              "Actual Rows": 46,
              "Actual Loops": 1,
              "Plans": [
                {
                  "Node Type": "Nested Loop",
                  "Parent Relationship": "Outer",
                  "Parallel Aware": false,
                  "Join Type": "Inner",
                  "Startup Cost": 166.29,
                  "Total Cost": 110634.29,
                  "Plan Rows": 120,
                  "Plan Width": 288,
                  "Actual Startup Time": 9.989,
                  "Actual Total Time": 1592.468,
                  "Actual Rows": 198,
                  "Actual Loops": 1,
                  "Plans": [
                    {
                      "Node Type": "Hash Join",
                      "Parent Relationship": "Outer",
                      "Parallel Aware": false,
                      "Join Type": "Inner",
                      "Startup Cost": 166.00,
                      "Total Cost": 109550.40,
                      "Plan Rows": 1833,
                      "Plan Width": 143,
                      "Actual Startup Time": 2.786,
                      "Actual Total Time": 1574.162,
                      "Actual Rows": 3025,
                      "Actual Loops": 1,
                      "Hash Cond": "(store_sales.ss_hdemo_sk = household_demographics.hd_demo_sk)",
                      "Plans": [
                        {
                          "Node Type": "Seq Scan",
                          "Parent Relationship": "Outer",
                          "Parallel Aware": false,
                          "Relation Name": "store_sales",
                          "Alias": "store_sales",
                          "Startup Cost": 0.00,
                          "Total Cost": 109298.16,
                          "Plan Rows": 18328,
                          "Plan Width": 111,
                          "Actual Startup Time": 0.091,
                          "Actual Total Time": 1563.383,
                          "Actual Rows": 30150,
                          "Actual Loops": 1,
                          "Filter": "((ss_sales_price >= 50.00) AND (ss_sales_price <= 100.00) AND (ss_net_profit >= '100'::numeric) AND (ss_net_profit <= '200'::numeric))",
                          "Rows Removed by Filter": 2850254
                        },
                        {
                          "Node Type": "Hash",
                          "Parent Relationship": "Inner",
                          "Parallel Aware": false,
                          "Startup Cost": 157.00,
                          "Total Cost": 157.00,
                          "Plan Rows": 720,
                          "Plan Width": 32,
                          "Actual Startup Time": 1.875,
                          "Actual Total Time": 1.875,
                          "Actual Rows": 720,
                          "Actual Loops": 1,
                          "Hash Buckets": 1024,
                          "Original Hash Buckets": 1024,
                          "Hash Batches": 1,
                          "Original Hash Batches": 1,
                          "Peak Memory Usage": 53,
                          "Plans": [
                            {
                              "Node Type": "Seq Scan",
                              "Parent Relationship": "Outer",
                              "Parallel Aware": false,
                              "Relation Name": "household_demographics",
                              "Alias": "household_demographics",
                              "Startup Cost": 0.00,
                              "Total Cost": 157.00,
                              "Plan Rows": 720,
                              "Plan Width": 32,
                              "Actual Startup Time": 0.035,
                              "Actual Total Time": 1.722,
                              "Actual Rows": 720,
                              "Actual Loops": 1,
                              "Filter": "(hd_dep_count = 1)",
                              "Rows Removed by Filter": 6480
                            }
                          ]
                        }
                      ]
                    },
                    {
                      "Node Type": "Index Scan",
                      "Parent Relationship": "Inner",
                      "Parallel Aware": false,
                      "Scan Direction": "Forward",
                      "Index Name": "customer_address_pkey",
                      "Relation Name": "customer_address",
                      "Alias": "customer_address",
                      "Startup Cost": 0.29,
                      "Total Cost": 0.58,
                      "Plan Rows": 1,
                      "Plan Width": 145,
                      "Actual Startup Time": 0.005,
                      "Actual Total Time": 0.005,
                      "Actual Rows": 0,
                      "Actual Loops": 3025,
                      "Index Cond": "(ca_address_sk = store_sales.ss_addr_sk)",
                      "Rows Removed by Index Recheck": 0,
                      "Filter": "(((ca_country)::text = 'United States'::text) AND (ca_state = ANY ('{ND,IL,AL}'::bpchar[])))",
                      "Rows Removed by Filter": 1
                    }
                  ]
                },
                {
                  "Node Type": "Index Scan",
                  "Parent Relationship": "Inner",
                  "Parallel Aware": false,
                  "Scan Direction": "Forward",
                  "Index Name": "date_dim_pkey",
                  "Relation Name": "date_dim",
                  "Alias": "date_dim",
                  "Startup Cost": 0.29,
                  "Total Cost": 0.66,
                  "Plan Rows": 1,
                  "Plan Width": 118,
                  "Actual Startup Time": 0.005,
                  "Actual Total Time": 0.005,
                  "Actual Rows": 0,
                  "Actual Loops": 198,
                  "Index Cond": "(d_date_sk = store_sales.ss_sold_date_sk)",
                  "Rows Removed by Index Recheck": 0,
                  "Filter": "(d_year = 2001)",
                  "Rows Removed by Filter": 1
                }
              ]
            },
            {
              "Node Type": "Index Scan",
              "Parent Relationship": "Inner",
              "Parallel Aware": false,
              "Scan Direction": "Forward",
              "Index Name": "store_pkey",
              "Relation Name": "store",
              "Alias": "store",
              "Startup Cost": 0.14,
              "Total Cost": 0.15,
              "Plan Rows": 1,
              "Plan Width": 1812,
              "Actual Startup Time": 0.003,
              "Actual Total Time": 0.003,
              "Actual Rows": 1,
              "Actual Loops": 46,
              "Index Cond": "(s_store_sk = store_sales.ss_store_sk)",
              "Rows Removed by Index Recheck": 0
            }
          ]
        },
        {
          "Node Type": "Index Scan",
          "Parent Relationship": "Inner",
          "Parallel Aware": false,
          "Scan Direction": "Forward",
          "Index Name": "customer_demographics_pkey",
          "Relation Name": "customer_demographics",
          "Alias": "customer_demographics",
          "Startup Cost": 0.43,
          "Total Cost": 4.42,
          "Plan Rows": 1,
          "Plan Width": 56,
          "Actual Startup Time": 0.014,
          "Actual Total Time": 0.014,
          "Actual Rows": 0,
          "Actual Loops": 46,
          "Index Cond": "(cd_demo_sk = store_sales.ss_cdemo_sk)",
          "Rows Removed by Index Recheck": 0,
          "Filter": "((cd_marital_status = 'U'::bpchar) AND (cd_education_status = '4 yr Degree'::bpchar))",
          "Rows Removed by Filter": 1
        }
      ]
    },
    "Planning Time": 1.633,
    "Triggers": [
    ],
    "Execution Time": 1594.961
  }
]
