[
  {
    "Plan": {
      "Node Type": "Aggregate",
      "Strategy": "Hashed",
      "Partial Mode": "Simple",
      "Parallel Aware": false,
      "Startup Cost": 217386.45,
      "Total Cost": 217386.51,
      "Plan Rows": 6,
      "Plan Width": 4,
      "Actual Startup Time": 2353.604,
      "Actual Total Time": 2353.605,
      "Actual Rows": 4,
      "Actual Loops": 1,
      "Group Key": ["l_returnflag", "l_linestatus"],
      "Plans": [
        {
          "Node Type": "Seq Scan",
          "Parent Relationship": "Outer",
          "Parallel Aware": false,
          "Relation Name": "lineitem",
          "Alias": "lineitem",
          "Startup Cost": 0.00,
          "Total Cost": 187518.19,
          "Plan Rows": 5973652,
          "Plan Width": 4,
          "Actual Startup Time": 0.007,
          "Actual Total Time": 1146.480,
          "Actual Rows": 5987464,
          "Actual Loops": 1,
          "Filter": "(l_shipdate <= '1998-10-26'::date)",
          "Rows Removed by Filter": 13751
        }
      ]
    },
    "Planning Time": 0.057,
    "Triggers": [
    ],
    "Execution Time": 2353.624
  }
]
