[
  {
    "Plan": {
      "Node Type": "Aggregate",
      "Strategy": "Hashed",
      "Partial Mode": "Simple",
      "Parallel Aware": false,
      "Startup Cost": 242470.33,
      "Total Cost": 242470.34,
      "Plan Rows": 1,
      "Plan Width": 244,
      "Actual Startup Time": 1221.432,
      "Actual Total Time": 1221.432,
      "Actual Rows": 0,
      "Actual Loops": 1,
      "Group Key": ["customer.c_name", "customer.c_acctbal", "nation.n_name", "customer.c_address", "customer.c_phone", "customer.c_comment"],
      "Plans": [
        {
          "Node Type": "Hash Join",
          "Parent Relationship": "Outer",
          "Parallel Aware": false,
          "Join Type": "Inner",
          "Startup Cost": 236822.79,
          "Total Cost": 242470.31,
          "Plan Rows": 1,
          "Plan Width": 244,
          "Actual Startup Time": 1221.431,
          "Actual Total Time": 1221.431,
          "Actual Rows": 0,
          "Actual Loops": 1,
          "Hash Cond": "(customer.c_nationkey = nation.n_nationkey)",
          "Plans": [
            {
              "Node Type": "Hash Join",
              "Parent Relationship": "Outer",
              "Parallel Aware": false,
              "Join Type": "Inner",
              "Startup Cost": 236821.23,
              "Total Cost": 242468.74,
              "Plan Rows": 1,
              "Plan Width": 144,
              "Actual Startup Time": 1221.397,
              "Actual Total Time": 1221.397,
              "Actual Rows": 0,
              "Actual Loops": 1,
              "Hash Cond": "(customer.c_custkey = orders.o_custkey)",
              "Plans": [
                {
                  "Node Type": "Seq Scan",
                  "Parent Relationship": "Outer",
                  "Parallel Aware": false,
                  "Relation Name": "customer",
                  "Alias": "customer",
                  "Startup Cost": 0.00,
                  "Total Cost": 5085.00,
                  "Plan Rows": 150000,
                  "Plan Width": 148,
                  "Actual Startup Time": 0.008,
                  "Actual Total Time": 0.008,
                  "Actual Rows": 1,
                  "Actual Loops": 1
                },
                {
                  "Node Type": "Hash",
                  "Parent Relationship": "Inner",
                  "Parallel Aware": false,
                  "Startup Cost": 236821.21,
                  "Total Cost": 236821.21,
                  "Plan Rows": 1,
                  "Plan Width": 4,
                  "Actual Startup Time": 1221.385,
                  "Actual Total Time": 1221.385,
                  "Actual Rows": 0,
                  "Actual Loops": 1,
                  "Hash Buckets": 1024,
                  "Original Hash Buckets": 1024,
                  "Hash Batches": 1,
                  "Original Hash Batches": 1,
                  "Peak Memory Usage": 8,
                  "Plans": [
                    {
                      "Node Type": "Hash Join",
                      "Parent Relationship": "Outer",
                      "Parallel Aware": false,
                      "Join Type": "Inner",
                      "Startup Cost": 49303.01,
                      "Total Cost": 236821.21,
                      "Plan Rows": 1,
                      "Plan Width": 4,
                      "Actual Startup Time": 1221.385,
                      "Actual Total Time": 1221.385,
                      "Actual Rows": 0,
                      "Actual Loops": 1,
                      "Hash Cond": "(lineitem.l_orderkey = orders.o_orderkey)",
                      "Plans": [
                        {
                          "Node Type": "Seq Scan",
                          "Parent Relationship": "Outer",
                          "Parallel Aware": false,
                          "Relation Name": "lineitem",
                          "Alias": "lineitem",
                          "Startup Cost": 0.00,
                          "Total Cost": 187518.19,
                          "Plan Rows": 1,
                          "Plan Width": 4,
                          "Actual Startup Time": 1221.384,
                          "Actual Total Time": 1221.384,
                          "Actual Rows": 0,
                          "Actual Loops": 1,
                          "Filter": "(l_returnflag = 'y'::bpchar)",
                          "Rows Removed by Filter": 6001215
                        },
                        {
                          "Node Type": "Hash",
                          "Parent Relationship": "Inner",
                          "Parallel Aware": false,
                          "Startup Cost": 48595.00,
                          "Total Cost": 48595.00,
                          "Plan Rows": 56641,
                          "Plan Width": 8,
                          "Actual Startup Time": 0.000,
                          "Actual Total Time": 0.000,
                          "Actual Rows": 0,
                          "Actual Loops": 0,
                          "Plans": [
                            {
                              "Node Type": "Seq Scan",
                              "Parent Relationship": "Outer",
                              "Parallel Aware": false,
                              "Relation Name": "orders",
                              "Alias": "orders",
                              "Startup Cost": 0.00,
                              "Total Cost": 48595.00,
                              "Plan Rows": 56641,
                              "Plan Width": 8,
                              "Actual Startup Time": 0.000,
                              "Actual Total Time": 0.000,
                              "Actual Rows": 0,
                              "Actual Loops": 0,
                              "Filter": "((o_orderdate >= '1996-06-16'::date) AND (o_orderdate < '1996-09-15'::date))",
                              "Rows Removed by Filter": 0
                            }
                          ]
                        }
                      ]
                    }
                  ]
                }
              ]
            },
            {
              "Node Type": "Hash",
              "Parent Relationship": "Inner",
              "Parallel Aware": false,
              "Startup Cost": 1.25,
              "Total Cost": 1.25,
              "Plan Rows": 25,
              "Plan Width": 108,
              "Actual Startup Time": 0.020,
              "Actual Total Time": 0.020,
              "Actual Rows": 25,
              "Actual Loops": 1,
              "Hash Buckets": 1024,
              "Original Hash Buckets": 1024,
              "Hash Batches": 1,
              "Original Hash Batches": 1,
              "Peak Memory Usage": 10,
              "Plans": [
                {
                  "Node Type": "Seq Scan",
                  "Parent Relationship": "Outer",
                  "Parallel Aware": false,
                  "Relation Name": "nation",
                  "Alias": "nation",
                  "Startup Cost": 0.00,
                  "Total Cost": 1.25,
                  "Plan Rows": 25,
                  "Plan Width": 108,
                  "Actual Startup Time": 0.007,
                  "Actual Total Time": 0.011,
                  "Actual Rows": 25,
                  "Actual Loops": 1
                }
              ]
            }
          ]
        }
      ]
    },
    "Planning Time": 0.769,
    "Triggers": [
    ],
    "Execution Time": 1221.502
  }
]
