[
  {
    "Plan": {
      "Node Type": "Aggregate",
      "Strategy": "Hashed",
      "Partial Mode": "Simple",
      "Parallel Aware": false,
      "Startup Cost": 29220.83,
      "Total Cost": 29540.83,
      "Plan Rows": 32000,
      "Plan Width": 4,
      "Actual Startup Time": 0.050,
      "Actual Total Time": 0.050,
      "Actual Rows": 0,
      "Actual Loops": 1,
      "Group Key": ["partsupp.ps_partkey"],
      "Plans": [
        {
          "Node Type": "Hash Join",
          "Parent Relationship": "Outer",
          "Parallel Aware": false,
          "Join Type": "Inner",
          "Startup Cost": 369.82,
          "Total Cost": 29140.83,
          "Plan Rows": 32000,
          "Plan Width": 4,
          "Actual Startup Time": 0.018,
          "Actual Total Time": 0.018,
          "Actual Rows": 0,
          "Actual Loops": 1,
          "Hash Cond": "(partsupp.ps_suppkey = supplier.s_suppkey)",
          "Plans": [
            {
              "Node Type": "Seq Scan",
              "Parent Relationship": "Outer",
              "Parallel Aware": false,
              "Relation Name": "partsupp",
              "Alias": "partsupp",
              "Startup Cost": 0.00,
              "Total Cost": 25451.00,
              "Plan Rows": 800000,
              "Plan Width": 8,
              "Actual Startup Time": 0.005,
              "Actual Total Time": 0.005,
              "Actual Rows": 1,
              "Actual Loops": 1
            },
            {
              "Node Type": "Hash",
              "Parent Relationship": "Inner",
              "Parallel Aware": false,
              "Startup Cost": 364.82,
              "Total Cost": 364.82,
              "Plan Rows": 400,
              "Plan Width": 4,
              "Actual Startup Time": 0.011,
              "Actual Total Time": 0.011,
              "Actual Rows": 0,
              "Actual Loops": 1,
              "Hash Buckets": 1024,
              "Original Hash Buckets": 1024,
              "Hash Batches": 1,
              "Original Hash Batches": 1,
              "Peak Memory Usage": 8,
              "Plans": [
                {
                  "Node Type": "Hash Join",
                  "Parent Relationship": "Outer",
                  "Parallel Aware": false,
                  "Join Type": "Inner",
                  "Startup Cost": 1.32,
                  "Total Cost": 364.82,
                  "Plan Rows": 400,
                  "Plan Width": 4,
                  "Actual Startup Time": 0.011,
                  "Actual Total Time": 0.011,
                  "Actual Rows": 0,
                  "Actual Loops": 1,
                  "Hash Cond": "(supplier.s_nationkey = nation.n_nationkey)",
                  "Plans": [
                    {
                      "Node Type": "Seq Scan",
                      "Parent Relationship": "Outer",
                      "Parallel Aware": false,
                      "Relation Name": "supplier",
                      "Alias": "supplier",
                      "Startup Cost": 0.00,
                      "Total Cost": 322.00,
                      "Plan Rows": 10000,
                      "Plan Width": 8,
                      "Actual Startup Time": 0.003,
                      "Actual Total Time": 0.003,
                      "Actual Rows": 1,
                      "Actual Loops": 1
                    },
                    {
                      "Node Type": "Hash",
                      "Parent Relationship": "Inner",
                      "Parallel Aware": false,
                      "Startup Cost": 1.31,
                      "Total Cost": 1.31,
                      "Plan Rows": 1,
                      "Plan Width": 4,
                      "Actual Startup Time": 0.006,
                      "Actual Total Time": 0.006,
                      "Actual Rows": 0,
                      "Actual Loops": 1,
                      "Hash Buckets": 1024,
                      "Original Hash Buckets": 1024,
                      "Hash Batches": 1,
                      "Original Hash Batches": 1,
                      "Peak Memory Usage": 8,
                      "Plans": [
                        {
                          "Node Type": "Seq Scan",
                          "Parent Relationship": "Outer",
                          "Parallel Aware": false,
                          "Relation Name": "nation",
                          "Alias": "nation",
                          "Startup Cost": 0.00,
                          "Total Cost": 1.31,
                          "Plan Rows": 1,
                          "Plan Width": 4,
                          "Actual Startup Time": 0.006,
                          "Actual Total Time": 0.006,
                          "Actual Rows": 0,
                          "Actual Loops": 1,
                          "Filter": "(n_name = 'SsqGYrauHj'::bpchar)",
                          "Rows Removed by Filter": 25
                        }
                      ]
                    }
                  ]
                }
              ]
            }
          ]
        }
      ]
    },
    "Planning Time": 0.195,
    "Triggers": [
    ],
    "Execution Time": 0.094
  }
]
