[
  {
    "Plan": {
      "Node Type": "Aggregate",
      "Strategy": "Hashed",
      "Partial Mode": "Simple",
      "Parallel Aware": false,
      "Startup Cost": 294250.36,
      "Total Cost": 294250.37,
      "Plan Rows": 1,
      "Plan Width": 11,
      "Actual Startup Time": 1408.307,
      "Actual Total Time": 1408.307,
      "Actual Rows": 0,
      "Actual Loops": 1,
      "Group Key": ["lineitem.l_shipmode"],
      "Plans": [
        {
          "Node Type": "Hash Join",
          "Parent Relationship": "Outer",
          "Parallel Aware": false,
          "Join Type": "Inner",
          "Startup Cost": 247530.35,
          "Total Cost": 294250.36,
          "Plan Rows": 1,
          "Plan Width": 11,
          "Actual Startup Time": 1408.306,
          "Actual Total Time": 1408.306,
          "Actual Rows": 0,
          "Actual Loops": 1,
          "Hash Cond": "(orders.o_orderkey = lineitem.l_orderkey)",
          "Plans": [
            {
              "Node Type": "Seq Scan",
              "Parent Relationship": "Outer",
              "Parallel Aware": false,
              "Relation Name": "orders",
              "Alias": "orders",
              "Startup Cost": 0.00,
              "Total Cost": 41095.00,
              "Plan Rows": 1500000,
              "Plan Width": 4,
              "Actual Startup Time": 0.006,
              "Actual Total Time": 0.006,
              "Actual Rows": 1,
              "Actual Loops": 1
            },
            {
              "Node Type": "Hash",
              "Parent Relationship": "Inner",
              "Parallel Aware": false,
              "Startup Cost": 247530.34,
              "Total Cost": 247530.34,
              "Plan Rows": 1,
              "Plan Width": 15,
              "Actual Startup Time": 1408.298,
              "Actual Total Time": 1408.298,
              "Actual Rows": 0,
              "Actual Loops": 1,
              "Hash Buckets": 1024,
              "Original Hash Buckets": 1024,
              "Hash Batches": 1,
              "Original Hash Batches": 1,
              "Peak Memory Usage": 8,
              "Plans": [
                {
                  "Node Type": "Seq Scan",
                  "Parent Relationship": "Outer",
                  "Parallel Aware": false,
                  "Relation Name": "lineitem",
                  "Alias": "lineitem",
                  "Startup Cost": 0.00,
                  "Total Cost": 247530.34,
                  "Plan Rows": 1,
                  "Plan Width": 15,
                  "Actual Startup Time": 1408.297,
                  "Actual Total Time": 1408.297,
                  "Actual Rows": 0,
                  "Actual Loops": 1,
                  "Filter": "((l_shipmode = ANY ('{8Kx,0rBg}'::bpchar[])) AND (l_commitdate < '1993-11-21'::date) AND (l_shipdate < '1993-11-08'::date) AND (l_receiptdate >= '1996-10-05'::date) AND (l_receiptdate < '1998-08-20'::date))",
                  "Rows Removed by Filter": 6001215
                }
              ]
            }
          ]
        }
      ]
    },
    "Planning Time": 0.196,
    "Triggers": [
    ],
    "Execution Time": 1408.329
  }
]
