[
  {
    "Plan": {
      "Node Type": "Sort",
      "Parallel Aware": false,
      "Startup Cost": 264583.60,
      "Total Cost": 264584.10,
      "Plan Rows": 200,
      "Plan Width": 16,
      "Actual Startup Time": 1998.667,
      "Actual Total Time": 1998.668,
      "Actual Rows": 42,
      "Actual Loops": 1,
      "Sort Key": ["(count(*)) DESC", "(count(orders.o_orderkey)) DESC"],
      "Sort Method": "quicksort",
      "Sort Space Used": 26,
      "Sort Space Type": "Memory",
      "Plans": [
        {
          "Node Type": "Aggregate",
          "Strategy": "Hashed",
          "Partial Mode": "Simple",
          "Parent Relationship": "Outer",
          "Parallel Aware": false,
          "Startup Cost": 264573.96,
          "Total Cost": 264575.96,
          "Plan Rows": 200,
          "Plan Width": 16,
          "Actual Startup Time": 1998.646,
          "Actual Total Time": 1998.649,
          "Actual Rows": 42,
          "Actual Loops": 1,
          "Group Key": ["count(orders.o_orderkey)"],
          "Plans": [
            {
              "Node Type": "Aggregate",
              "Strategy": "Sorted",
              "Partial Mode": "Simple",
              "Parent Relationship": "Outer",
              "Parallel Aware": false,
              "Startup Cost": 219210.17,
              "Total Cost": 262323.96,
              "Plan Rows": 150000,
              "Plan Width": 12,
              "Actual Startup Time": 1156.752,
              "Actual Total Time": 1974.610,
              "Actual Rows": 150000,
              "Actual Loops": 1,
              "Group Key": ["customer.c_custkey"],
              "Plans": [
                {
                  "Node Type": "Merge Join",
                  "Parent Relationship": "Outer",
                  "Parallel Aware": false,
                  "Join Type": "Left",
                  "Startup Cost": 219210.17,
                  "Total Cost": 253324.71,
                  "Plan Rows": 1499850,
                  "Plan Width": 8,
                  "Actual Startup Time": 1156.739,
                  "Actual Total Time": 1819.448,
                  "Actual Rows": 1550004,
                  "Actual Loops": 1,
                  "Merge Cond": "(customer.c_custkey = orders.o_custkey)",
                  "Plans": [
                    {
                      "Node Type": "Index Only Scan",
                      "Parent Relationship": "Outer",
                      "Parallel Aware": false,
                      "Scan Direction": "Forward",
                      "Index Name": "customer_pkey",
                      "Relation Name": "customer",
                      "Alias": "customer",
                      "Startup Cost": 0.42,
                      "Total Cost": 7494.43,
                      "Plan Rows": 150000,
                      "Plan Width": 4,
                      "Actual Startup Time": 0.021,
                      "Actual Total Time": 37.741,
                      "Actual Rows": 150000,
                      "Actual Loops": 1,
                      "Heap Fetches": 150000
                    },
                    {
                      "Node Type": "Materialize",
                      "Parent Relationship": "Inner",
                      "Parallel Aware": false,
                      "Startup Cost": 219209.01,
                      "Total Cost": 226708.26,
                      "Plan Rows": 1499850,
                      "Plan Width": 8,
                      "Actual Startup Time": 1156.713,
                      "Actual Total Time": 1578.533,
                      "Actual Rows": 1500000,
                      "Actual Loops": 1,
                      "Plans": [
                        {
                          "Node Type": "Sort",
                          "Parent Relationship": "Outer",
                          "Parallel Aware": false,
                          "Startup Cost": 219209.01,
                          "Total Cost": 222958.64,
                          "Plan Rows": 1499850,
                          "Plan Width": 8,
                          "Actual Startup Time": 1156.711,
                          "Actual Total Time": 1463.328,
                          "Actual Rows": 1500000,
                          "Actual Loops": 1,
                          "Sort Key": ["orders.o_custkey"],
                          "Sort Method": "external merge",
                          "Sort Space Used": 26376,
                          "Sort Space Type": "Disk",
                          "Plans": [
                            {
                              "Node Type": "Seq Scan",
                              "Parent Relationship": "Outer",
                              "Parallel Aware": false,
                              "Relation Name": "orders",
                              "Alias": "orders",
                              "Startup Cost": 0.00,
                              "Total Cost": 44845.00,
                              "Plan Rows": 1499850,
                              "Plan Width": 8,
                              "Actual Startup Time": 0.006,
                              "Actual Total Time": 491.309,
                              "Actual Rows": 1500000,
                              "Actual Loops": 1,
                              "Filter": "((o_comment)::text !~~ '%xRa8SqbYX6pLJas6dT9NCk4kaOhPwR%'::text)",
                              "Rows Removed by Filter": 0
                            }
                          ]
                        }
                      ]
                    }
                  ]
                }
              ]
            }
          ]
        }
      ]
    },
    "Planning Time": 0.238,
    "Triggers": [
    ],
    "Execution Time": 2002.688
  }
]
