[
  {
    "Plan": {
      "Node Type": "Aggregate",
      "Strategy": "Plain",
      "Partial Mode": "Simple",
      "Parallel Aware": false,
      "Startup Cost": 217345.35,
      "Total Cost": 217345.37,
      "Plan Rows": 1,
      "Plan Width": 32,
      "Actual Startup Time": 1221.050,
      "Actual Total Time": 1221.051,
      "Actual Rows": 1,
      "Actual Loops": 1,
      "Plans": [
        {
          "Node Type": "Hash Join",
          "Parent Relationship": "Outer",
          "Parallel Aware": false,
          "Join Type": "Inner",
          "Startup Cost": 9965.00,
          "Total Cost": 215856.24,
          "Plan Rows": 85092,
          "Plan Width": 33,
          "Actual Startup Time": 67.343,
          "Actual Total Time": 1167.457,
          "Actual Rows": 80580,
          "Actual Loops": 1,
          "Hash Cond": "(lineitem.l_partkey = part.p_partkey)",
          "Plans": [
            {
              "Node Type": "Seq Scan",
              "Parent Relationship": "Outer",
              "Parallel Aware": false,
              "Relation Name": "lineitem",
              "Alias": "lineitem",
              "Startup Cost": 0.00,
              "Total Cost": 202521.22,
              "Plan Rows": 85092,
              "Plan Width": 16,
              "Actual Startup Time": 0.010,
              "Actual Total Time": 1042.103,
              "Actual Rows": 80580,
              "Actual Loops": 1,
              "Filter": "((l_shipdate >= '1995-08-21'::date) AND (l_shipdate < '1995-09-22'::date))",
              "Rows Removed by Filter": 5920635
            },
            {
              "Node Type": "Hash",
              "Parent Relationship": "Inner",
              "Parallel Aware": false,
              "Startup Cost": 6097.00,
              "Total Cost": 6097.00,
              "Plan Rows": 200000,
              "Plan Width": 25,
              "Actual Startup Time": 67.137,
              "Actual Total Time": 67.137,
              "Actual Rows": 200000,
              "Actual Loops": 1,
              "Hash Buckets": 65536,
              "Original Hash Buckets": 65536,
              "Hash Batches": 4,
              "Original Hash Batches": 4,
              "Peak Memory Usage": 3417,
              "Plans": [
                {
                  "Node Type": "Seq Scan",
                  "Parent Relationship": "Outer",
                  "Parallel Aware": false,
                  "Relation Name": "part",
                  "Alias": "part",
                  "Startup Cost": 0.00,
                  "Total Cost": 6097.00,
                  "Plan Rows": 200000,
                  "Plan Width": 25,
                  "Actual Startup Time": 0.003,
                  "Actual Total Time": 32.172,
                  "Actual Rows": 200000,
                  "Actual Loops": 1
                }
              ]
            }
          ]
        }
      ]
    },
    "Planning Time": 0.153,
    "Triggers": [
    ],
    "Execution Time": 1221.084
  }
]
