[
  {
    "Plan": {
      "Node Type": "Aggregate",
      "Strategy": "Hashed",
      "Partial Mode": "Simple",
      "Parallel Aware": false,
      "Startup Cost": 203114.26,
      "Total Cost": 203114.33,
      "Plan Rows": 7,
      "Plan Width": 11,
      "Actual Startup Time": 1083.557,
      "Actual Total Time": 1083.559,
      "Actual Rows": 7,
      "Actual Loops": 1,
      "Group Key": ["l_shipmode"],
      "Plans": [
        {
          "Node Type": "Seq Scan",
          "Parent Relationship": "Outer",
          "Parallel Aware": false,
          "Relation Name": "lineitem",
          "Alias": "lineitem",
          "Startup Cost": 0.00,
          "Total Cost": 202521.22,
          "Plan Rows": 237215,
          "Plan Width": 11,
          "Actual Startup Time": 0.014,
          "Actual Total Time": 1023.070,
          "Actual Rows": 237915,
          "Actual Loops": 1,
          "Filter": "((l_shipdate >= '1997-06-15'::date) AND (l_shipdate < '1997-09-18'::date))",
          "Rows Removed by Filter": 5763300
        }
      ]
    },
    "Planning Time": 0.123,
    "Triggers": [
    ],
    "Execution Time": 1083.594
  }
]
