[
  {
    "Plan": {
      "Node Type": "Sort",
      "Parallel Aware": false,
      "Startup Cost": 46796.58,
      "Total Cost": 46838.12,
      "Plan Rows": 16616,
      "Plan Width": 44,
      "Actual Startup Time": 947.906,
      "Actual Total Time": 949.087,
      "Actual Rows": 19787,
      "Actual Loops": 1,
      "Sort Key": ["(count(DISTINCT partsupp.ps_suppkey)) DESC", "part.p_brand", "part.p_type", "part.p_size"],
      "Sort Method": "quicksort",
      "Sort Space Used": 2331,
      "Sort Space Type": "Memory",
      "Plans": [
        {
          "Node Type": "Aggregate",
          "Strategy": "Sorted",
          "Partial Mode": "Simple",
          "Parent Relationship": "Outer",
          "Parallel Aware": false,
          "Startup Cost": 44651.69,
          "Total Cost": 45631.78,
          "Plan Rows": 16616,
          "Plan Width": 44,
          "Actual Startup Time": 803.073,
          "Actual Total Time": 897.482,
          "Actual Rows": 19787,
          "Actual Loops": 1,
          "Group Key": ["part.p_brand", "part.p_type", "part.p_size"],
          "Plans": [
            {
              "Node Type": "Sort",
              "Parent Relationship": "Outer",
              "Parallel Aware": false,
              "Startup Cost": 44651.69,
              "Total Cost": 44814.48,
              "Plan Rows": 65114,
              "Plan Width": 40,
              "Actual Startup Time": 803.056,
              "Actual Total Time": 849.975,
              "Actual Rows": 129532,
              "Actual Loops": 1,
              "Sort Key": ["part.p_brand", "part.p_type", "part.p_size"],
              "Sort Method": "external merge",
              "Sort Space Used": 6592,
              "Sort Space Type": "Disk",
              "Plans": [
                {
                  "Node Type": "Hash Join",
                  "Parent Relationship": "Outer",
                  "Parallel Aware": false,
                  "Join Type": "Inner",
                  "Startup Cost": 9850.97,
                  "Total Cost": 39445.61,
                  "Plan Rows": 65114,
                  "Plan Width": 40,
                  "Actual Startup Time": 96.045,
                  "Actual Total Time": 332.449,
                  "Actual Rows": 129532,
                  "Actual Loops": 1,
                  "Hash Cond": "(partsupp.ps_partkey = part.p_partkey)",
                  "Plans": [
                    {
                      "Node Type": "Seq Scan",
                      "Parent Relationship": "Outer",
                      "Parallel Aware": false,
                      "Relation Name": "partsupp",
                      "Alias": "partsupp",
                      "Startup Cost": 347.00,
                      "Total Cost": 27798.00,
                      "Plan Rows": 400000,
                      "Plan Width": 8,
                      "Actual Startup Time": 2.643,
                      "Actual Total Time": 121.156,
                      "Actual Rows": 800000,
                      "Actual Loops": 1,
                      "Filter": "(NOT (hashed SubPlan 1))",
                      "Rows Removed by Filter": 0,
                      "Plans": [
                        {
                          "Node Type": "Seq Scan",
                          "Parent Relationship": "SubPlan",
                          "Subplan Name": "SubPlan 1",
                          "Parallel Aware": false,
                          "Relation Name": "supplier",
                          "Alias": "supplier",
                          "Startup Cost": 0.00,
                          "Total Cost": 347.00,
                          "Plan Rows": 1,
                          "Plan Width": 4,
                          "Actual Startup Time": 2.634,
                          "Actual Total Time": 2.634,
                          "Actual Rows": 0,
                          "Actual Loops": 1,
                          "Filter": "((s_comment)::text ~~ '%jPIl3xc9QJIlxEUnjtFlVp8EPUiYSKOUENbEBqsaYo2sCEDY6L9iDI3xVDEEFpWVr8OOThSxepj%'::text)",
                          "Rows Removed by Filter": 10000
                        }
                      ]
                    },
                    {
                      "Node Type": "Hash",
                      "Parent Relationship": "Inner",
                      "Parallel Aware": false,
                      "Startup Cost": 9097.00,
                      "Total Cost": 9097.00,
                      "Plan Rows": 32557,
                      "Plan Width": 40,
                      "Actual Startup Time": 93.373,
                      "Actual Total Time": 93.373,
                      "Actual Rows": 32383,
                      "Actual Loops": 1,
                      "Hash Buckets": 32768,
                      "Original Hash Buckets": 32768,
                      "Hash Batches": 1,
                      "Original Hash Batches": 1,
                      "Peak Memory Usage": 2600,
                      "Plans": [
                        {
                          "Node Type": "Seq Scan",
                          "Parent Relationship": "Outer",
                          "Parallel Aware": false,
                          "Relation Name": "part",
                          "Alias": "part",
                          "Startup Cost": 0.00,
                          "Total Cost": 9097.00,
                          "Plan Rows": 32557,
                          "Plan Width": 40,
                          "Actual Startup Time": 0.009,
                          "Actual Total Time": 82.898,
                          "Actual Rows": 32383,
                          "Actual Loops": 1,
                          "Filter": "((p_brand <> '1FyGaKjdkd'::bpchar) AND ((p_type)::text !~~ '%gnuDaTrhbCZ3IN0T%'::text) AND (p_size = ANY ('{36,4,35,14,30,42,39,5}'::integer[])))",
                          "Rows Removed by Filter": 167617
                        }
                      ]
                    }
                  ]
                }
              ]
            }
          ]
        }
      ]
    },
    "Planning Time": 0.315,
    "Triggers": [
    ],
    "Execution Time": 950.821
  }
]
