[
  {
    "Plan": {
      "Node Type": "Limit",
      "Parallel Aware": false,
      "Startup Cost": 7308.87,
      "Total Cost": 7308.87,
      "Plan Rows": 1,
      "Plan Width": 270,
      "Actual Startup Time": 39.703,
      "Actual Total Time": 39.703,
      "Actual Rows": 0,
      "Actual Loops": 1,
      "Plans": [
        {
          "Node Type": "Sort",
          "Parent Relationship": "Outer",
          "Parallel Aware": false,
          "Startup Cost": 7308.87,
          "Total Cost": 7308.87,
          "Plan Rows": 1,
          "Plan Width": 270,
          "Actual Startup Time": 39.703,
          "Actual Total Time": 39.703,
          "Actual Rows": 0,
          "Actual Loops": 1,
          "Sort Key": ["supplier.s_acctbal DESC", "nation.n_name", "supplier.s_name", "part.p_partkey"],
          "Sort Method": "quicksort",
          "Sort Space Used": 25,
          "Sort Space Type": "Memory",
          "Plans": [
            {
              "Node Type": "Nested Loop",
              "Parent Relationship": "Outer",
              "Parallel Aware": false,
              "Join Type": "Inner",
              "Startup Cost": 0.71,
              "Total Cost": 7308.86,
              "Plan Rows": 1,
              "Plan Width": 270,
              "Actual Startup Time": 39.696,
              "Actual Total Time": 39.696,
              "Actual Rows": 0,
              "Actual Loops": 1,
              "Join Filter": "(nation.n_regionkey = region.r_regionkey)",
              "Rows Removed by Join Filter": 0,
              "Plans": [
                {
                  "Node Type": "Nested Loop",
                  "Parent Relationship": "Outer",
                  "Parallel Aware": false,
                  "Join Type": "Inner",
                  "Startup Cost": 0.71,
                  "Total Cost": 7307.78,
                  "Plan Rows": 1,
                  "Plan Width": 274,
                  "Actual Startup Time": 39.695,
                  "Actual Total Time": 39.695,
                  "Actual Rows": 0,
                  "Actual Loops": 1,
                  "Join Filter": "(supplier.s_nationkey = nation.n_nationkey)",
                  "Rows Removed by Join Filter": 0,
                  "Plans": [
                    {
                      "Node Type": "Nested Loop",
                      "Parent Relationship": "Outer",
                      "Parallel Aware": false,
                      "Join Type": "Inner",
                      "Startup Cost": 0.71,
                      "Total Cost": 7306.22,
                      "Plan Rows": 1,
                      "Plan Width": 170,
                      "Actual Startup Time": 39.694,
                      "Actual Total Time": 39.694,
                      "Actual Rows": 0,
                      "Actual Loops": 1,
                      "Plans": [
                        {
                          "Node Type": "Nested Loop",
                          "Parent Relationship": "Outer",
                          "Parallel Aware": false,
                          "Join Type": "Inner",
                          "Startup Cost": 0.42,
                          "Total Cost": 7305.90,
                          "Plan Rows": 1,
                          "Plan Width": 34,
                          "Actual Startup Time": 39.694,
                          "Actual Total Time": 39.694,
                          "Actual Rows": 0,
                          "Actual Loops": 1,
                          "Plans": [
                            {
                              "Node Type": "Seq Scan",
                              "Parent Relationship": "Outer",
                              "Parallel Aware": false,
                              "Relation Name": "part",
                              "Alias": "part",
                              "Startup Cost": 0.00,
                              "Total Cost": 7097.00,
                              "Plan Rows": 1,
                              "Plan Width": 30,
                              "Actual Startup Time": 39.693,
                              "Actual Total Time": 39.693,
                              "Actual Rows": 0,
                              "Actual Loops": 1,
                              "Filter": "(((p_type)::text ~~ '%iktGDDfMU8EpfWOsmVh%'::text) AND (p_size = 33))",
                              "Rows Removed by Filter": 200000
                            },
                            {
                              "Node Type": "Index Scan",
                              "Parent Relationship": "Inner",
                              "Parallel Aware": false,
                              "Scan Direction": "Forward",
                              "Index Name": "partsupp_pkey",
                              "Relation Name": "partsupp",
                              "Alias": "partsupp",
                              "Startup Cost": 0.42,
                              "Total Cost": 208.89,
                              "Plan Rows": 1,
                              "Plan Width": 14,
                              "Actual Startup Time": 0.000,
                              "Actual Total Time": 0.000,
                              "Actual Rows": 0,
                              "Actual Loops": 0,
                              "Index Cond": "(ps_partkey = part.p_partkey)",
                              "Rows Removed by Index Recheck": 0,
                              "Filter": "((SubPlan 1) = ps_supplycost)",
                              "Rows Removed by Filter": 0,
                              "Plans": [
                                {
                                  "Node Type": "Aggregate",
                                  "Strategy": "Plain",
                                  "Partial Mode": "Simple",
                                  "Parent Relationship": "SubPlan",
                                  "Subplan Name": "SubPlan 1",
                                  "Parallel Aware": false,
                                  "Startup Cost": 48.77,
                                  "Total Cost": 48.78,
                                  "Plan Rows": 1,
                                  "Plan Width": 32,
                                  "Actual Startup Time": 0.000,
                                  "Actual Total Time": 0.000,
                                  "Actual Rows": 0,
                                  "Actual Loops": 0,
                                  "Plans": [
                                    {
                                      "Node Type": "Nested Loop",
                                      "Parent Relationship": "Outer",
                                      "Parallel Aware": false,
                                      "Join Type": "Inner",
                                      "Startup Cost": 0.85,
                                      "Total Cost": 48.77,
                                      "Plan Rows": 1,
                                      "Plan Width": 6,
                                      "Actual Startup Time": 0.000,
                                      "Actual Total Time": 0.000,
                                      "Actual Rows": 0,
                                      "Actual Loops": 0,
                                      "Join Filter": "(nation_1.n_regionkey = region_1.r_regionkey)",
                                      "Rows Removed by Join Filter": 0,
                                      "Plans": [
                                        {
                                          "Node Type": "Seq Scan",
                                          "Parent Relationship": "Outer",
                                          "Parallel Aware": false,
                                          "Relation Name": "region",
                                          "Alias": "region_1",
                                          "Startup Cost": 0.00,
                                          "Total Cost": 1.06,
                                          "Plan Rows": 1,
                                          "Plan Width": 4,
                                          "Actual Startup Time": 0.000,
                                          "Actual Total Time": 0.000,
                                          "Actual Rows": 0,
                                          "Actual Loops": 0,
                                          "Filter": "(r_name = 'lV8SzqQ'::bpchar)",
                                          "Rows Removed by Filter": 0
                                        },
                                        {
                                          "Node Type": "Nested Loop",
                                          "Parent Relationship": "Inner",
                                          "Parallel Aware": false,
                                          "Join Type": "Inner",
                                          "Startup Cost": 0.85,
                                          "Total Cost": 47.66,
                                          "Plan Rows": 4,
                                          "Plan Width": 10,
                                          "Actual Startup Time": 0.000,
                                          "Actual Total Time": 0.000,
                                          "Actual Rows": 0,
                                          "Actual Loops": 0,
                                          "Plans": [
                                            {
                                              "Node Type": "Nested Loop",
                                              "Parent Relationship": "Outer",
                                              "Parallel Aware": false,
                                              "Join Type": "Inner",
                                              "Startup Cost": 0.71,
                                              "Total Cost": 47.00,
                                              "Plan Rows": 4,
                                              "Plan Width": 10,
                                              "Actual Startup Time": 0.000,
                                              "Actual Total Time": 0.000,
                                              "Actual Rows": 0,
                                              "Actual Loops": 0,
                                              "Plans": [
                                                {
                                                  "Node Type": "Index Scan",
                                                  "Parent Relationship": "Outer",
                                                  "Parallel Aware": false,
                                                  "Scan Direction": "Forward",
                                                  "Index Name": "partsupp_pkey",
                                                  "Relation Name": "partsupp",
                                                  "Alias": "partsupp_1",
                                                  "Startup Cost": 0.42,
                                                  "Total Cost": 13.75,
                                                  "Plan Rows": 4,
                                                  "Plan Width": 10,
                                                  "Actual Startup Time": 0.000,
                                                  "Actual Total Time": 0.000,
                                                  "Actual Rows": 0,
                                                  "Actual Loops": 0,
                                                  "Index Cond": "(part.p_partkey = ps_partkey)",
                                                  "Rows Removed by Index Recheck": 0
                                                },
                                                {
                                                  "Node Type": "Index Scan",
                                                  "Parent Relationship": "Inner",
                                                  "Parallel Aware": false,
                                                  "Scan Direction": "Forward",
                                                  "Index Name": "supplier_pkey",
                                                  "Relation Name": "supplier",
                                                  "Alias": "supplier_1",
                                                  "Startup Cost": 0.29,
                                                  "Total Cost": 8.30,
                                                  "Plan Rows": 1,
                                                  "Plan Width": 8,
                                                  "Actual Startup Time": 0.000,
                                                  "Actual Total Time": 0.000,
                                                  "Actual Rows": 0,
                                                  "Actual Loops": 0,
                                                  "Index Cond": "(s_suppkey = partsupp_1.ps_suppkey)",
                                                  "Rows Removed by Index Recheck": 0
                                                }
                                              ]
                                            },
                                            {
                                              "Node Type": "Index Scan",
                                              "Parent Relationship": "Inner",
                                              "Parallel Aware": false,
                                              "Scan Direction": "Forward",
                                              "Index Name": "nation_pkey",
                                              "Relation Name": "nation",
                                              "Alias": "nation_1",
                                              "Startup Cost": 0.14,
                                              "Total Cost": 0.16,
                                              "Plan Rows": 1,
                                              "Plan Width": 8,
                                              "Actual Startup Time": 0.000,
                                              "Actual Total Time": 0.000,
                                              "Actual Rows": 0,
                                              "Actual Loops": 0,
                                              "Index Cond": "(n_nationkey = supplier_1.s_nationkey)",
                                              "Rows Removed by Index Recheck": 0
                                            }
                                          ]
                                        }
                                      ]
                                    }
                                  ]
                                }
                              ]
                            }
                          ]
                        },
                        {
                          "Node Type": "Index Scan",
                          "Parent Relationship": "Inner",
                          "Parallel Aware": false,
                          "Scan Direction": "Forward",
                          "Index Name": "supplier_pkey",
                          "Relation Name": "supplier",
                          "Alias": "supplier",
                          "Startup Cost": 0.29,
                          "Total Cost": 0.30,
                          "Plan Rows": 1,
                          "Plan Width": 144,
                          "Actual Startup Time": 0.000,
                          "Actual Total Time": 0.000,
                          "Actual Rows": 0,
                          "Actual Loops": 0,
                          "Index Cond": "(s_suppkey = partsupp.ps_suppkey)",
                          "Rows Removed by Index Recheck": 0
                        }
                      ]
                    },
                    {
                      "Node Type": "Seq Scan",
                      "Parent Relationship": "Inner",
                      "Parallel Aware": false,
                      "Relation Name": "nation",
                      "Alias": "nation",
                      "Startup Cost": 0.00,
                      "Total Cost": 1.25,
                      "Plan Rows": 25,
                      "Plan Width": 112,
                      "Actual Startup Time": 0.000,
                      "Actual Total Time": 0.000,
                      "Actual Rows": 0,
                      "Actual Loops": 0
                    }
                  ]
                },
                {
                  "Node Type": "Seq Scan",
                  "Parent Relationship": "Inner",
                  "Parallel Aware": false,
                  "Relation Name": "region",
                  "Alias": "region",
                  "Startup Cost": 0.00,
                  "Total Cost": 1.06,
                  "Plan Rows": 1,
                  "Plan Width": 4,
                  "Actual Startup Time": 0.000,
                  "Actual Total Time": 0.000,
                  "Actual Rows": 0,
                  "Actual Loops": 0,
                  "Filter": "(r_name = 'pYOI'::bpchar)",
                  "Rows Removed by Filter": 0
                }
              ]
            }
          ]
        }
      ]
    },
    "Planning Time": 0.820,
    "Triggers": [
    ],
    "Execution Time": 39.762
  }
]
