[
  {
    "Plan": {
      "Node Type": "Aggregate",
      "Strategy": "Hashed",
      "Partial Mode": "Simple",
      "Parallel Aware": false,
      "Startup Cost": 241256.50,
      "Total Cost": 241256.51,
      "Plan Rows": 1,
      "Plan Width": 8,
      "Actual Startup Time": 37.570,
      "Actual Total Time": 37.570,
      "Actual Rows": 0,
      "Actual Loops": 1,
      "Group Key": ["orders.o_orderdate", "orders.o_shippriority"],
      "Plans": [
        {
          "Node Type": "Hash Join",
          "Parent Relationship": "Outer",
          "Parallel Aware": false,
          "Join Type": "Inner",
          "Startup Cost": 53039.08,
          "Total Cost": 241256.50,
          "Plan Rows": 1,
          "Plan Width": 8,
          "Actual Startup Time": 37.569,
          "Actual Total Time": 37.569,
          "Actual Rows": 0,
          "Actual Loops": 1,
          "Hash Cond": "(lineitem.l_orderkey = orders.o_orderkey)",
          "Plans": [
            {
              "Node Type": "Seq Scan",
              "Parent Relationship": "Outer",
              "Parallel Aware": false,
              "Relation Name": "lineitem",
              "Alias": "lineitem",
              "Startup Cost": 0.00,
              "Total Cost": 187518.19,
              "Plan Rows": 186458,
              "Plan Width": 4,
              "Actual Startup Time": 0.067,
              "Actual Total Time": 0.067,
              "Actual Rows": 1,
              "Actual Loops": 1,
              "Filter": "(l_shipdate > '1998-07-23'::date)",
              "Rows Removed by Filter": 193
            },
            {
              "Node Type": "Hash",
              "Parent Relationship": "Inner",
              "Parallel Aware": false,
              "Startup Cost": 53039.02,
              "Total Cost": 53039.02,
              "Plan Rows": 5,
              "Plan Width": 12,
              "Actual Startup Time": 37.496,
              "Actual Total Time": 37.496,
              "Actual Rows": 0,
              "Actual Loops": 1,
              "Hash Buckets": 1024,
              "Original Hash Buckets": 1024,
              "Hash Batches": 1,
              "Original Hash Batches": 1,
              "Peak Memory Usage": 8,
              "Plans": [
                {
                  "Node Type": "Hash Join",
                  "Parent Relationship": "Outer",
                  "Parallel Aware": false,
                  "Join Type": "Inner",
                  "Startup Cost": 5460.01,
                  "Total Cost": 53039.02,
                  "Plan Rows": 5,
                  "Plan Width": 12,
                  "Actual Startup Time": 37.496,
                  "Actual Total Time": 37.496,
                  "Actual Rows": 0,
                  "Actual Loops": 1,
                  "Hash Cond": "(orders.o_custkey = customer.c_custkey)",
                  "Plans": [
                    {
                      "Node Type": "Seq Scan",
                      "Parent Relationship": "Outer",
                      "Parallel Aware": false,
                      "Relation Name": "orders",
                      "Alias": "orders",
                      "Startup Cost": 0.00,
                      "Total Cost": 44845.00,
                      "Plan Rows": 729055,
                      "Plan Width": 16,
                      "Actual Startup Time": 0.008,
                      "Actual Total Time": 0.008,
                      "Actual Rows": 1,
                      "Actual Loops": 1,
                      "Filter": "(o_orderdate < '1995-03-10'::date)",
                      "Rows Removed by Filter": 3
                    },
                    {
                      "Node Type": "Hash",
                      "Parent Relationship": "Inner",
                      "Parallel Aware": false,
                      "Startup Cost": 5460.00,
                      "Total Cost": 5460.00,
                      "Plan Rows": 1,
                      "Plan Width": 4,
                      "Actual Startup Time": 37.486,
                      "Actual Total Time": 37.486,
                      "Actual Rows": 0,
                      "Actual Loops": 1,
                      "Hash Buckets": 1024,
                      "Original Hash Buckets": 1024,
                      "Hash Batches": 1,
                      "Original Hash Batches": 1,
                      "Peak Memory Usage": 8,
                      "Plans": [
                        {
                          "Node Type": "Seq Scan",
                          "Parent Relationship": "Outer",
                          "Parallel Aware": false,
                          "Relation Name": "customer",
                          "Alias": "customer",
                          "Startup Cost": 0.00,
                          "Total Cost": 5460.00,
                          "Plan Rows": 1,
                          "Plan Width": 4,
                          "Actual Startup Time": 37.485,
                          "Actual Total Time": 37.485,
                          "Actual Rows": 0,
                          "Actual Loops": 1,
                          "Filter": "(c_mktsegment = 'MLHNKKJ'::bpchar)",
                          "Rows Removed by Filter": 150000
                        }
                      ]
                    }
                  ]
                }
              ]
            }
          ]
        }
      ]
    },
    "Planning Time": 0.242,
    "Triggers": [
    ],
    "Execution Time": 37.607
  }
]
