[
  {
    "Plan": {
      "Node Type": "Aggregate",
      "Strategy": "Hashed",
      "Partial Mode": "Simple",
      "Parallel Aware": false,
      "Startup Cost": 306902.71,
      "Total Cost": 306902.96,
      "Plan Rows": 25,
      "Plan Width": 104,
      "Actual Startup Time": 4.610,
      "Actual Total Time": 4.611,
      "Actual Rows": 0,
      "Actual Loops": 1,
      "Group Key": ["nation.n_name"],
      "Plans": [
        {
          "Node Type": "Hash Join",
          "Parent Relationship": "Outer",
          "Parallel Aware": false,
          "Join Type": "Inner",
          "Startup Cost": 60912.33,
          "Total Cost": 306884.48,
          "Plan Rows": 7294,
          "Plan Width": 104,
          "Actual Startup Time": 4.608,
          "Actual Total Time": 4.608,
          "Actual Rows": 0,
          "Actual Loops": 1,
          "Hash Cond": "((lineitem.l_suppkey = supplier.s_suppkey) AND (customer.c_nationkey = supplier.s_nationkey))",
          "Plans": [
            {
              "Node Type": "Hash Join",
              "Parent Relationship": "Outer",
              "Parallel Aware": false,
              "Join Type": "Inner",
              "Startup Cost": 60440.33,
              "Total Cost": 304971.77,
              "Plan Rows": 182373,
              "Plan Width": 116,
              "Actual Startup Time": 0.084,
              "Actual Total Time": 0.084,
              "Actual Rows": 0,
              "Actual Loops": 1,
              "Hash Cond": "(lineitem.l_orderkey = orders.o_orderkey)",
              "Plans": [
                {
                  "Node Type": "Seq Scan",
                  "Parent Relationship": "Outer",
                  "Parallel Aware": false,
                  "Relation Name": "lineitem",
                  "Alias": "lineitem",
                  "Startup Cost": 0.00,
                  "Total Cost": 172515.15,
                  "Plan Rows": 6001215,
                  "Plan Width": 8,
                  "Actual Startup Time": 0.008,
                  "Actual Total Time": 0.008,
                  "Actual Rows": 1,
                  "Actual Loops": 1
                },
                {
                  "Node Type": "Hash",
                  "Parent Relationship": "Inner",
                  "Parallel Aware": false,
                  "Startup Cost": 59068.53,
                  "Total Cost": 59068.53,
                  "Plan Rows": 45584,
                  "Plan Width": 116,
                  "Actual Startup Time": 0.054,
                  "Actual Total Time": 0.054,
                  "Actual Rows": 0,
                  "Actual Loops": 1,
                  "Hash Buckets": 32768,
                  "Original Hash Buckets": 32768,
                  "Hash Batches": 2,
                  "Original Hash Batches": 2,
                  "Peak Memory Usage": 256,
                  "Plans": [
                    {
                      "Node Type": "Hash Join",
                      "Parent Relationship": "Outer",
                      "Parallel Aware": false,
                      "Join Type": "Inner",
                      "Startup Cost": 6852.99,
                      "Total Cost": 59068.53,
                      "Plan Rows": 45584,
                      "Plan Width": 116,
                      "Actual Startup Time": 0.054,
                      "Actual Total Time": 0.054,
                      "Actual Rows": 0,
                      "Actual Loops": 1,
                      "Hash Cond": "(orders.o_custkey = customer.c_custkey)",
                      "Plans": [
                        {
                          "Node Type": "Seq Scan",
                          "Parent Relationship": "Outer",
                          "Parallel Aware": false,
                          "Relation Name": "orders",
                          "Alias": "orders",
                          "Startup Cost": 0.00,
                          "Total Cost": 48595.00,
                          "Plan Rows": 227921,
                          "Plan Width": 8,
                          "Actual Startup Time": 0.011,
                          "Actual Total Time": 0.011,
                          "Actual Rows": 1,
                          "Actual Loops": 1,
                          "Filter": "((o_orderdate >= '1994-11-06'::date) AND (o_orderdate < '1995-11-08'::date))",
                          "Rows Removed by Filter": 2
                        },
                        {
                          "Node Type": "Hash",
                          "Parent Relationship": "Inner",
                          "Parallel Aware": false,
                          "Startup Cost": 5949.99,
                          "Total Cost": 5949.99,
                          "Plan Rows": 30000,
                          "Plan Width": 116,
                          "Actual Startup Time": 0.019,
                          "Actual Total Time": 0.019,
                          "Actual Rows": 0,
                          "Actual Loops": 1,
                          "Hash Buckets": 32768,
                          "Original Hash Buckets": 32768,
                          "Hash Batches": 2,
                          "Original Hash Batches": 2,
                          "Peak Memory Usage": 262,
                          "Plans": [
                            {
                              "Node Type": "Hash Join",
                              "Parent Relationship": "Outer",
                              "Parallel Aware": false,
                              "Join Type": "Inner",
                              "Startup Cost": 2.49,
                              "Total Cost": 5949.99,
                              "Plan Rows": 30000,
                              "Plan Width": 116,
                              "Actual Startup Time": 0.019,
                              "Actual Total Time": 0.019,
                              "Actual Rows": 0,
                              "Actual Loops": 1,
                              "Hash Cond": "(customer.c_nationkey = nation.n_nationkey)",
                              "Plans": [
                                {
                                  "Node Type": "Seq Scan",
                                  "Parent Relationship": "Outer",
                                  "Parallel Aware": false,
                                  "Relation Name": "customer",
                                  "Alias": "customer",
                                  "Startup Cost": 0.00,
                                  "Total Cost": 5085.00,
                                  "Plan Rows": 150000,
                                  "Plan Width": 8,
                                  "Actual Startup Time": 0.005,
                                  "Actual Total Time": 0.005,
                                  "Actual Rows": 1,
                                  "Actual Loops": 1
                                },
                                {
                                  "Node Type": "Hash",
                                  "Parent Relationship": "Inner",
                                  "Parallel Aware": false,
                                  "Startup Cost": 2.43,
                                  "Total Cost": 2.43,
                                  "Plan Rows": 5,
                                  "Plan Width": 108,
                                  "Actual Startup Time": 0.011,
                                  "Actual Total Time": 0.011,
                                  "Actual Rows": 0,
                                  "Actual Loops": 1,
                                  "Hash Buckets": 1024,
                                  "Original Hash Buckets": 1024,
                                  "Hash Batches": 1,
                                  "Original Hash Batches": 1,
                                  "Peak Memory Usage": 8,
                                  "Plans": [
                                    {
                                      "Node Type": "Hash Join",
                                      "Parent Relationship": "Outer",
                                      "Parallel Aware": false,
                                      "Join Type": "Inner",
                                      "Startup Cost": 1.07,
                                      "Total Cost": 2.43,
                                      "Plan Rows": 5,
                                      "Plan Width": 108,
                                      "Actual Startup Time": 0.011,
                                      "Actual Total Time": 0.011,
                                      "Actual Rows": 0,
                                      "Actual Loops": 1,
                                      "Hash Cond": "(nation.n_regionkey = region.r_regionkey)",
                                      "Plans": [
                                        {
                                          "Node Type": "Seq Scan",
                                          "Parent Relationship": "Outer",
                                          "Parallel Aware": false,
                                          "Relation Name": "nation",
                                          "Alias": "nation",
                                          "Startup Cost": 0.00,
                                          "Total Cost": 1.25,
                                          "Plan Rows": 25,
                                          "Plan Width": 112,
                                          "Actual Startup Time": 0.003,
                                          "Actual Total Time": 0.003,
                                          "Actual Rows": 1,
                                          "Actual Loops": 1
                                        },
                                        {
                                          "Node Type": "Hash",
                                          "Parent Relationship": "Inner",
                                          "Parallel Aware": false,
                                          "Startup Cost": 1.06,
                                          "Total Cost": 1.06,
                                          "Plan Rows": 1,
                                          "Plan Width": 4,
                                          "Actual Startup Time": 0.006,
                                          "Actual Total Time": 0.006,
                                          "Actual Rows": 0,
                                          "Actual Loops": 1,
                                          "Hash Buckets": 1024,
                                          "Original Hash Buckets": 1024,
                                          "Hash Batches": 1,
                                          "Original Hash Batches": 1,
                                          "Peak Memory Usage": 8,
                                          "Plans": [
                                            {
                                              "Node Type": "Seq Scan",
                                              "Parent Relationship": "Outer",
                                              "Parallel Aware": false,
                                              "Relation Name": "region",
                                              "Alias": "region",
                                              "Startup Cost": 0.00,
                                              "Total Cost": 1.06,
                                              "Plan Rows": 1,
                                              "Plan Width": 4,
                                              "Actual Startup Time": 0.005,
                                              "Actual Total Time": 0.005,
                                              "Actual Rows": 0,
                                              "Actual Loops": 1,
                                              "Filter": "(r_name = 'objt0EFK'::bpchar)",
                                              "Rows Removed by Filter": 5
                                            }
                                          ]
                                        }
                                      ]
                                    }
                                  ]
                                }
                              ]
                            }
                          ]
                        }
                      ]
                    }
                  ]
                }
              ]
            },
            {
              "Node Type": "Hash",
              "Parent Relationship": "Inner",
              "Parallel Aware": false,
              "Startup Cost": 322.00,
              "Total Cost": 322.00,
              "Plan Rows": 10000,
              "Plan Width": 8,
              "Actual Startup Time": 4.514,
              "Actual Total Time": 4.514,
              "Actual Rows": 10000,
              "Actual Loops": 1,
              "Hash Buckets": 16384,
              "Original Hash Buckets": 16384,
              "Hash Batches": 1,
              "Original Hash Batches": 1,
              "Peak Memory Usage": 519,
              "Plans": [
                {
                  "Node Type": "Seq Scan",
                  "Parent Relationship": "Outer",
                  "Parallel Aware": false,
                  "Relation Name": "supplier",
                  "Alias": "supplier",
                  "Startup Cost": 0.00,
                  "Total Cost": 322.00,
                  "Plan Rows": 10000,
                  "Plan Width": 8,
                  "Actual Startup Time": 0.007,
                  "Actual Total Time": 2.382,
                  "Actual Rows": 10000,
                  "Actual Loops": 1
                }
              ]
            }
          ]
        }
      ]
    },
    "Planning Time": 1.458,
    "Triggers": [
    ],
    "Execution Time": 4.679
  }
]
