[
  {
    "Plan": {
      "Node Type": "Aggregate",
      "Strategy": "Plain",
      "Partial Mode": "Simple",
      "Parallel Aware": false,
      "Startup Cost": 248158.23,
      "Total Cost": 248158.24,
      "Plan Rows": 1,
      "Plan Width": 32,
      "Actual Startup Time": 1448.737,
      "Actual Total Time": 1448.737,
      "Actual Rows": 1,
      "Actual Loops": 1,
      "Plans": [
        {
          "Node Type": "Seq Scan",
          "Parent Relationship": "Outer",
          "Parallel Aware": false,
          "Relation Name": "lineitem",
          "Alias": "lineitem",
          "Startup Cost": 0.00,
          "Total Cost": 247530.34,
          "Plan Rows": 125577,
          "Plan Width": 12,
          "Actual Startup Time": 0.014,
          "Actual Total Time": 1398.727,
          "Actual Rows": 127532,
          "Actual Loops": 1,
          "Filter": "((l_shipdate >= '1993-02-08'::date) AND (l_shipdate < '1994-12-14'::date) AND (l_discount >= 0.025603187084198) AND (l_discount <= 0.05229787826538086) AND (l_quantity < 14.080395758152008))",
          "Rows Removed by Filter": 5873683
        }
      ]
    },
    "Planning Time": 0.058,
    "Triggers": [
    ],
    "Execution Time": 1448.759
  }
]
