[
  {
    "Plan": {
      "Node Type": "Aggregate",
      "Strategy": "Hashed",
      "Partial Mode": "Simple",
      "Parallel Aware": false,
      "Startup Cost": 261937.41,
      "Total Cost": 261961.47,
      "Plan Rows": 2406,
      "Plan Width": 4,
      "Actual Startup Time": 29.042,
      "Actual Total Time": 29.042,
      "Actual Rows": 0,
      "Actual Loops": 1,
      "Group Key": ["orders.o_orderdate"],
      "Plans": [
        {
          "Node Type": "Hash Join",
          "Parent Relationship": "Outer",
          "Parallel Aware": false,
          "Join Type": "Inner",
          "Startup Cost": 65665.24,
          "Total Cost": 261931.31,
          "Plan Rows": 2439,
          "Plan Width": 4,
          "Actual Startup Time": 29.037,
          "Actual Total Time": 29.037,
          "Actual Rows": 0,
          "Actual Loops": 1,
          "Hash Cond": "(lineitem.l_orderkey = orders.o_orderkey)",
          "Plans": [
            {
              "Node Type": "Hash Join",
              "Parent Relationship": "Outer",
              "Parallel Aware": false,
              "Join Type": "Inner",
              "Startup Cost": 6613.66,
              "Total Cost": 202033.35,
              "Plan Rows": 39998,
              "Plan Width": 4,
              "Actual Startup Time": 29.037,
              "Actual Total Time": 29.037,
              "Actual Rows": 0,
              "Actual Loops": 1,
              "Hash Cond": "(lineitem.l_partkey = part.p_partkey)",
              "Plans": [
                {
                  "Node Type": "Seq Scan",
                  "Parent Relationship": "Outer",
                  "Parallel Aware": false,
                  "Relation Name": "lineitem",
                  "Alias": "lineitem",
                  "Startup Cost": 0.00,
                  "Total Cost": 172515.15,
                  "Plan Rows": 6001215,
                  "Plan Width": 8,
                  "Actual Startup Time": 0.006,
                  "Actual Total Time": 0.006,
                  "Actual Rows": 1,
                  "Actual Loops": 1
                },
                {
                  "Node Type": "Hash",
                  "Parent Relationship": "Inner",
                  "Parallel Aware": false,
                  "Startup Cost": 6597.00,
                  "Total Cost": 6597.00,
                  "Plan Rows": 1333,
                  "Plan Width": 4,
                  "Actual Startup Time": 29.027,
                  "Actual Total Time": 29.027,
                  "Actual Rows": 0,
                  "Actual Loops": 1,
                  "Hash Buckets": 2048,
                  "Original Hash Buckets": 2048,
                  "Hash Batches": 1,
                  "Original Hash Batches": 1,
                  "Peak Memory Usage": 16,
                  "Plans": [
                    {
                      "Node Type": "Seq Scan",
                      "Parent Relationship": "Outer",
                      "Parallel Aware": false,
                      "Relation Name": "part",
                      "Alias": "part",
                      "Startup Cost": 0.00,
                      "Total Cost": 6597.00,
                      "Plan Rows": 1333,
                      "Plan Width": 4,
                      "Actual Startup Time": 29.027,
                      "Actual Total Time": 29.027,
                      "Actual Rows": 0,
                      "Actual Loops": 1,
                      "Filter": "((p_type)::text = 'KoPL3WmnWsfQ7rt9ywZ'::text)",
                      "Rows Removed by Filter": 200000
                    }
                  ]
                }
              ]
            },
            {
              "Node Type": "Hash",
              "Parent Relationship": "Inner",
              "Parallel Aware": false,
              "Startup Cost": 57550.07,
              "Total Cost": 57550.07,
              "Plan Rows": 91481,
              "Plan Width": 8,
              "Actual Startup Time": 0.000,
              "Actual Total Time": 0.000,
              "Actual Rows": 0,
              "Actual Loops": 0,
              "Plans": [
                {
                  "Node Type": "Hash Join",
                  "Parent Relationship": "Outer",
                  "Parallel Aware": false,
                  "Join Type": "Inner",
                  "Startup Cost": 6324.99,
                  "Total Cost": 57550.07,
                  "Plan Rows": 91481,
                  "Plan Width": 8,
                  "Actual Startup Time": 0.000,
                  "Actual Total Time": 0.000,
                  "Actual Rows": 0,
                  "Actual Loops": 0,
                  "Hash Cond": "(orders.o_custkey = customer.c_custkey)",
                  "Plans": [
                    {
                      "Node Type": "Seq Scan",
                      "Parent Relationship": "Outer",
                      "Parallel Aware": false,
                      "Relation Name": "orders",
                      "Alias": "orders",
                      "Startup Cost": 0.00,
                      "Total Cost": 48595.00,
                      "Plan Rows": 457404,
                      "Plan Width": 12,
                      "Actual Startup Time": 0.000,
                      "Actual Total Time": 0.000,
                      "Actual Rows": 0,
                      "Actual Loops": 0,
                      "Filter": "((o_orderdate >= '1993-12-11'::date) AND (o_orderdate <= '1995-12-14'::date))",
                      "Rows Removed by Filter": 0
                    },
                    {
                      "Node Type": "Hash",
                      "Parent Relationship": "Inner",
                      "Parallel Aware": false,
                      "Startup Cost": 5949.99,
                      "Total Cost": 5949.99,
                      "Plan Rows": 30000,
                      "Plan Width": 4,
                      "Actual Startup Time": 0.000,
                      "Actual Total Time": 0.000,
                      "Actual Rows": 0,
                      "Actual Loops": 0,
                      "Plans": [
                        {
                          "Node Type": "Hash Join",
                          "Parent Relationship": "Outer",
                          "Parallel Aware": false,
                          "Join Type": "Inner",
                          "Startup Cost": 2.49,
                          "Total Cost": 5949.99,
                          "Plan Rows": 30000,
                          "Plan Width": 4,
                          "Actual Startup Time": 0.000,
                          "Actual Total Time": 0.000,
                          "Actual Rows": 0,
                          "Actual Loops": 0,
                          "Hash Cond": "(customer.c_nationkey = n1.n_nationkey)",
                          "Plans": [
                            {
                              "Node Type": "Seq Scan",
                              "Parent Relationship": "Outer",
                              "Parallel Aware": false,
                              "Relation Name": "customer",
                              "Alias": "customer",
                              "Startup Cost": 0.00,
                              "Total Cost": 5085.00,
                              "Plan Rows": 150000,
                              "Plan Width": 8,
                              "Actual Startup Time": 0.000,
                              "Actual Total Time": 0.000,
                              "Actual Rows": 0,
                              "Actual Loops": 0
                            },
                            {
                              "Node Type": "Hash",
                              "Parent Relationship": "Inner",
                              "Parallel Aware": false,
                              "Startup Cost": 2.43,
                              "Total Cost": 2.43,
                              "Plan Rows": 5,
                              "Plan Width": 4,
                              "Actual Startup Time": 0.000,
                              "Actual Total Time": 0.000,
                              "Actual Rows": 0,
                              "Actual Loops": 0,
                              "Plans": [
                                {
                                  "Node Type": "Hash Join",
                                  "Parent Relationship": "Outer",
                                  "Parallel Aware": false,
                                  "Join Type": "Inner",
                                  "Startup Cost": 1.07,
                                  "Total Cost": 2.43,
                                  "Plan Rows": 5,
                                  "Plan Width": 4,
                                  "Actual Startup Time": 0.000,
                                  "Actual Total Time": 0.000,
                                  "Actual Rows": 0,
                                  "Actual Loops": 0,
                                  "Hash Cond": "(n1.n_regionkey = region.r_regionkey)",
                                  "Plans": [
                                    {
                                      "Node Type": "Seq Scan",
                                      "Parent Relationship": "Outer",
                                      "Parallel Aware": false,
                                      "Relation Name": "nation",
                                      "Alias": "n1",
                                      "Startup Cost": 0.00,
                                      "Total Cost": 1.25,
                                      "Plan Rows": 25,
                                      "Plan Width": 8,
                                      "Actual Startup Time": 0.000,
                                      "Actual Total Time": 0.000,
                                      "Actual Rows": 0,
                                      "Actual Loops": 0
                                    },
                                    {
                                      "Node Type": "Hash",
                                      "Parent Relationship": "Inner",
                                      "Parallel Aware": false,
                                      "Startup Cost": 1.06,
                                      "Total Cost": 1.06,
                                      "Plan Rows": 1,
                                      "Plan Width": 4,
                                      "Actual Startup Time": 0.000,
                                      "Actual Total Time": 0.000,
                                      "Actual Rows": 0,
                                      "Actual Loops": 0,
                                      "Plans": [
                                        {
                                          "Node Type": "Seq Scan",
                                          "Parent Relationship": "Outer",
                                          "Parallel Aware": false,
                                          "Relation Name": "region",
                                          "Alias": "region",
                                          "Startup Cost": 0.00,
                                          "Total Cost": 1.06,
                                          "Plan Rows": 1,
                                          "Plan Width": 4,
                                          "Actual Startup Time": 0.000,
                                          "Actual Total Time": 0.000,
                                          "Actual Rows": 0,
                                          "Actual Loops": 0,
                                          "Filter": "(r_name = '5X84hoXk'::bpchar)",
                                          "Rows Removed by Filter": 0
                                        }
                                      ]
                                    }
                                  ]
                                }
                              ]
                            }
                          ]
                        }
                      ]
                    }
                  ]
                }
              ]
            }
          ]
        }
      ]
    },
    "Planning Time": 0.480,
    "Triggers": [
    ],
    "Execution Time": 29.088
  }
]
