[
  {
    "Plan": {
      "Node Type": "Aggregate",
      "Strategy": "Hashed",
      "Partial Mode": "Simple",
      "Parallel Aware": false,
      "Startup Cost": 280238.69,
      "Total Cost": 280238.99,
      "Plan Rows": 30,
      "Plan Width": 108,
      "Actual Startup Time": 50.674,
      "Actual Total Time": 50.674,
      "Actual Rows": 0,
      "Actual Loops": 1,
      "Group Key": ["nation.n_name", "orders.o_orderdate"],
      "Plans": [
        {
          "Node Type": "Hash Join",
          "Parent Relationship": "Outer",
          "Parallel Aware": false,
          "Join Type": "Inner",
          "Startup Cost": 233517.42,
          "Total Cost": 280238.54,
          "Plan Rows": 30,
          "Plan Width": 108,
          "Actual Startup Time": 50.673,
          "Actual Total Time": 50.673,
          "Actual Rows": 0,
          "Actual Loops": 1,
          "Hash Cond": "(supplier.s_nationkey = nation.n_nationkey)",
          "Plans": [
            {
              "Node Type": "Hash Join",
              "Parent Relationship": "Outer",
              "Parallel Aware": false,
              "Join Type": "Inner",
              "Startup Cost": 233515.85,
              "Total Cost": 280236.57,
              "Plan Rows": 30,
              "Plan Width": 8,
              "Actual Startup Time": 50.650,
              "Actual Total Time": 50.650,
              "Actual Rows": 0,
              "Actual Loops": 1,
              "Hash Cond": "(lineitem.l_suppkey = supplier.s_suppkey)",
              "Plans": [
                {
                  "Node Type": "Hash Join",
                  "Parent Relationship": "Outer",
                  "Parallel Aware": false,
                  "Join Type": "Inner",
                  "Startup Cost": 233068.85,
                  "Total Cost": 279789.15,
                  "Plan Rows": 30,
                  "Plan Width": 12,
                  "Actual Startup Time": 46.054,
                  "Actual Total Time": 46.054,
                  "Actual Rows": 0,
                  "Actual Loops": 1,
                  "Hash Cond": "(orders.o_orderkey = lineitem.l_orderkey)",
                  "Plans": [
                    {
                      "Node Type": "Seq Scan",
                      "Parent Relationship": "Outer",
                      "Parallel Aware": false,
                      "Relation Name": "orders",
                      "Alias": "orders",
                      "Startup Cost": 0.00,
                      "Total Cost": 41095.00,
                      "Plan Rows": 1500000,
                      "Plan Width": 8,
                      "Actual Startup Time": 0.008,
                      "Actual Total Time": 0.008,
                      "Actual Rows": 1,
                      "Actual Loops": 1
                    },
                    {
                      "Node Type": "Hash",
                      "Parent Relationship": "Inner",
                      "Parallel Aware": false,
                      "Startup Cost": 233068.48,
                      "Total Cost": 233068.48,
                      "Plan Rows": 30,
                      "Plan Width": 12,
                      "Actual Startup Time": 46.037,
                      "Actual Total Time": 46.037,
                      "Actual Rows": 0,
                      "Actual Loops": 1,
                      "Hash Buckets": 1024,
                      "Original Hash Buckets": 1024,
                      "Hash Batches": 1,
                      "Original Hash Batches": 1,
                      "Peak Memory Usage": 8,
                      "Plans": [
                        {
                          "Node Type": "Hash Join",
                          "Parent Relationship": "Outer",
                          "Parallel Aware": false,
                          "Join Type": "Inner",
                          "Startup Cost": 201617.47,
                          "Total Cost": 233068.48,
                          "Plan Rows": 30,
                          "Plan Width": 12,
                          "Actual Startup Time": 46.036,
                          "Actual Total Time": 46.036,
                          "Actual Rows": 0,
                          "Actual Loops": 1,
                          "Hash Cond": "((partsupp.ps_suppkey = lineitem.l_suppkey) AND (partsupp.ps_partkey = lineitem.l_partkey))",
                          "Plans": [
                            {
                              "Node Type": "Seq Scan",
                              "Parent Relationship": "Outer",
                              "Parallel Aware": false,
                              "Relation Name": "partsupp",
                              "Alias": "partsupp",
                              "Startup Cost": 0.00,
                              "Total Cost": 25451.00,
                              "Plan Rows": 800000,
                              "Plan Width": 8,
                              "Actual Startup Time": 0.006,
                              "Actual Total Time": 0.006,
                              "Actual Rows": 1,
                              "Actual Loops": 1
                            },
                            {
                              "Node Type": "Hash",
                              "Parent Relationship": "Inner",
                              "Parallel Aware": false,
                              "Startup Cost": 201617.02,
                              "Total Cost": 201617.02,
                              "Plan Rows": 30,
                              "Plan Width": 16,
                              "Actual Startup Time": 46.027,
                              "Actual Total Time": 46.027,
                              "Actual Rows": 0,
                              "Actual Loops": 1,
                              "Hash Buckets": 1024,
                              "Original Hash Buckets": 1024,
                              "Hash Batches": 1,
                              "Original Hash Batches": 1,
                              "Peak Memory Usage": 8,
                              "Plans": [
                                {
                                  "Node Type": "Hash Join",
                                  "Parent Relationship": "Outer",
                                  "Parallel Aware": false,
                                  "Join Type": "Inner",
                                  "Startup Cost": 6597.01,
                                  "Total Cost": 201617.02,
                                  "Plan Rows": 30,
                                  "Plan Width": 16,
                                  "Actual Startup Time": 46.027,
                                  "Actual Total Time": 46.027,
                                  "Actual Rows": 0,
                                  "Actual Loops": 1,
                                  "Hash Cond": "(lineitem.l_partkey = part.p_partkey)",
                                  "Plans": [
                                    {
                                      "Node Type": "Seq Scan",
                                      "Parent Relationship": "Outer",
                                      "Parallel Aware": false,
                                      "Relation Name": "lineitem",
                                      "Alias": "lineitem",
                                      "Startup Cost": 0.00,
                                      "Total Cost": 172515.15,
                                      "Plan Rows": 6001215,
                                      "Plan Width": 12,
                                      "Actual Startup Time": 0.006,
                                      "Actual Total Time": 0.006,
                                      "Actual Rows": 1,
                                      "Actual Loops": 1
                                    },
                                    {
                                      "Node Type": "Hash",
                                      "Parent Relationship": "Inner",
                                      "Parallel Aware": false,
                                      "Startup Cost": 6597.00,
                                      "Total Cost": 6597.00,
                                      "Plan Rows": 1,
                                      "Plan Width": 4,
                                      "Actual Startup Time": 46.019,
                                      "Actual Total Time": 46.019,
                                      "Actual Rows": 0,
                                      "Actual Loops": 1,
                                      "Hash Buckets": 1024,
                                      "Original Hash Buckets": 1024,
                                      "Hash Batches": 1,
                                      "Original Hash Batches": 1,
                                      "Peak Memory Usage": 8,
                                      "Plans": [
                                        {
                                          "Node Type": "Seq Scan",
                                          "Parent Relationship": "Outer",
                                          "Parallel Aware": false,
                                          "Relation Name": "part",
                                          "Alias": "part",
                                          "Startup Cost": 0.00,
                                          "Total Cost": 6597.00,
                                          "Plan Rows": 1,
                                          "Plan Width": 4,
                                          "Actual Startup Time": 46.018,
                                          "Actual Total Time": 46.018,
                                          "Actual Rows": 0,
                                          "Actual Loops": 1,
                                          "Filter": "((p_name)::text = 'EBB4nprx90JSfIc8NQYVimx6Ge5pDEt5KSOUqc'::text)",
                                          "Rows Removed by Filter": 200000
                                        }
                                      ]
                                    }
                                  ]
                                }
                              ]
                            }
                          ]
                        }
                      ]
                    }
                  ]
                },
                {
                  "Node Type": "Hash",
                  "Parent Relationship": "Inner",
                  "Parallel Aware": false,
                  "Startup Cost": 322.00,
                  "Total Cost": 322.00,
                  "Plan Rows": 10000,
                  "Plan Width": 8,
                  "Actual Startup Time": 4.586,
                  "Actual Total Time": 4.586,
                  "Actual Rows": 10000,
                  "Actual Loops": 1,
                  "Hash Buckets": 16384,
                  "Original Hash Buckets": 16384,
                  "Hash Batches": 1,
                  "Original Hash Batches": 1,
                  "Peak Memory Usage": 519,
                  "Plans": [
                    {
                      "Node Type": "Seq Scan",
                      "Parent Relationship": "Outer",
                      "Parallel Aware": false,
                      "Relation Name": "supplier",
                      "Alias": "supplier",
                      "Startup Cost": 0.00,
                      "Total Cost": 322.00,
                      "Plan Rows": 10000,
                      "Plan Width": 8,
                      "Actual Startup Time": 0.004,
                      "Actual Total Time": 2.477,
                      "Actual Rows": 10000,
                      "Actual Loops": 1
                    }
                  ]
                }
              ]
            },
            {
              "Node Type": "Hash",
              "Parent Relationship": "Inner",
              "Parallel Aware": false,
              "Startup Cost": 1.25,
              "Total Cost": 1.25,
              "Plan Rows": 25,
              "Plan Width": 108,
              "Actual Startup Time": 0.019,
              "Actual Total Time": 0.019,
              "Actual Rows": 25,
              "Actual Loops": 1,
              "Hash Buckets": 1024,
              "Original Hash Buckets": 1024,
              "Hash Batches": 1,
              "Original Hash Batches": 1,
              "Peak Memory Usage": 10,
              "Plans": [
                {
                  "Node Type": "Seq Scan",
                  "Parent Relationship": "Outer",
                  "Parallel Aware": false,
                  "Relation Name": "nation",
                  "Alias": "nation",
                  "Startup Cost": 0.00,
                  "Total Cost": 1.25,
                  "Plan Rows": 25,
                  "Plan Width": 108,
                  "Actual Startup Time": 0.006,
                  "Actual Total Time": 0.011,
                  "Actual Rows": 25,
                  "Actual Loops": 1
                }
              ]
            }
          ]
        }
      ]
    },
    "Planning Time": 2.266,
    "Triggers": [
    ],
    "Execution Time": 50.745
  }
]
